status file for recon-all
Sun Nov 24 12:18:07 UTC 2024
#@# Tessellate rh Sun Nov 24 12:18:07 UTC 2024
#@# Smooth1 rh Sun Nov 24 12:18:20 UTC 2024
#@# Inflation1 rh Sun Nov 24 12:18:25 UTC 2024
#@# QSphere rh Sun Nov 24 12:18:46 UTC 2024
#@# Fix Topology rh Sun Nov 24 12:20:38 UTC 2024
#@# Smooth2 rh Sun Nov 24 12:31:38 UTC 2024
#@# Inflation2 rh Sun Nov 24 12:31:45 UTC 2024
#@# Curv .H and .K rh Sun Nov 24 12:32:21 UTC 2024
#@# Sphere rh Sun Nov 24 12:33:46 UTC 2024
#@# Surf Reg rh Sun Nov 24 12:37:50 UTC 2024
#@# Jacobian white rh Sun Nov 24 12:44:23 UTC 2024
#@# AvgCurv rh Sun Nov 24 12:44:24 UTC 2024
#@# Cortical Parc rh Sun Nov 24 12:44:26 UTC 2024
#@# white curv rh Sun Nov 24 12:58:09 UTC 2024
#@# white area rh Sun Nov 24 12:58:13 UTC 2024
#@# pial curv rh Sun Nov 24 12:58:15 UTC 2024
#@# pial area rh Sun Nov 24 12:58:19 UTC 2024
#@# thickness rh Sun Nov 24 12:58:21 UTC 2024
#@# area and vertex vol rh Sun Nov 24 12:59:32 UTC 2024
#@# Curvature Stats rh Sun Nov 24 12:59:36 UTC 2024
#@# Cortical Parc 2 rh Sun Nov 24 12:59:42 UTC 2024
#@# Cortical Parc 3 rh Sun Nov 24 13:00:20 UTC 2024
#@# WM/GM Contrast rh Sun Nov 24 13:00:49 UTC 2024
recon-all -s sub-fsm23qf finished without error at Sun Nov 24 13:00:56 UTC 2024



#New# invocation of recon-all 



status file for recon-all
Sun Nov 24 19:27:30 UTC 2024
#@# white curv rh Sun Nov 24 19:27:31 UTC 2024
#@# white area rh Sun Nov 24 19:27:31 UTC 2024
#@# pial curv rh Sun Nov 24 19:27:31 UTC 2024
#@# pial area rh Sun Nov 24 19:27:31 UTC 2024
#@# thickness rh Sun Nov 24 19:27:31 UTC 2024
#@# area and vertex vol rh Sun Nov 24 19:27:31 UTC 2024
#@# Parcellation Stats rh Sun Nov 24 19:27:31 UTC 2024
#@# Parcellation Stats 2 rh Sun Nov 24 19:28:19 UTC 2024
#@# Parcellation Stats 3 rh Sun Nov 24 19:28:44 UTC 2024
#@# BA_exvivo Labels rh Sun Nov 24 19:29:07 UTC 2024
recon-all -s sub-fsm23qf finished without error at Sun Nov 24 19:34:35 UTC 2024
