status file for recon-all
Sat Nov 23 15:11:59 UTC 2024
#@# MotionCor Sat Nov 23 15:12:04 UTC 2024
#@# Talairach Sat Nov 23 15:12:18 UTC 2024
#@# Talairach Failure Detection Sat Nov 23 15:19:50 UTC 2024
#@# Nu Intensity Correction Sat Nov 23 15:19:50 UTC 2024
#@# Intensity Normalization Sat Nov 23 15:26:48 UTC 2024
recon-all -s sub-fsm23qf finished without error at Sat Nov 23 15:30:05 UTC 2024



#New# invocation of recon-all 



status file for recon-all
Sat Nov 23 17:52:42 UTC 2024
#@# EM Registration Sat Nov 23 17:52:42 UTC 2024
recon-all -s sub-fsm23qf finished without error at Sat Nov 23 17:57:14 UTC 2024



#New# invocation of recon-all 



status file for recon-all
Sat Nov 23 21:13:32 UTC 2024
#@# CA Normalize Sat Nov 23 21:13:32 UTC 2024
#@# CA Reg Sat Nov 23 21:15:49 UTC 2024
#@# SubCort Seg Sat Nov 23 23:17:37 UTC 2024
#@# CC Seg Sun Nov 24 00:07:08 UTC 2024
#@# Merge ASeg Sun Nov 24 00:08:06 UTC 2024
#@# Intensity Normalization2 Sun Nov 24 00:08:06 UTC 2024
#@# Mask BFS Sun Nov 24 00:12:49 UTC 2024
#@# WM Segmentation Sun Nov 24 00:12:51 UTC 2024
#@# Fill Sun Nov 24 00:16:49 UTC 2024
recon-all -s sub-fsm23qf finished without error at Sun Nov 24 00:18:56 UTC 2024



#New# invocation of recon-all 



status file for recon-all
Sun Nov 24 13:01:12 UTC 2024
#@# white curv lh Sun Nov 24 13:01:12 UTC 2024
#@# white area lh Sun Nov 24 13:01:12 UTC 2024
#@# pial curv lh Sun Nov 24 13:01:12 UTC 2024
#@# pial area lh Sun Nov 24 13:01:12 UTC 2024
#@# thickness lh Sun Nov 24 13:01:12 UTC 2024
#@# area and vertex vol lh Sun Nov 24 13:01:12 UTC 2024
#@# white curv rh Sun Nov 24 13:01:12 UTC 2024
#@# white area rh Sun Nov 24 13:01:13 UTC 2024
#@# pial curv rh Sun Nov 24 13:01:13 UTC 2024
#@# pial area rh Sun Nov 24 13:01:13 UTC 2024
#@# thickness rh Sun Nov 24 13:01:13 UTC 2024
#@# area and vertex vol rh Sun Nov 24 13:01:13 UTC 2024
#@# Cortical ribbon mask Sun Nov 24 13:01:13 UTC 2024
recon-all -s sub-fsm23qf finished without error at Sun Nov 24 13:10:17 UTC 2024



#New# invocation of recon-all 



status file for recon-all
Sun Nov 24 19:34:52 UTC 2024
#@# white curv lh Sun Nov 24 19:34:52 UTC 2024
#@# white area lh Sun Nov 24 19:34:53 UTC 2024
#@# pial curv lh Sun Nov 24 19:34:53 UTC 2024
#@# pial area lh Sun Nov 24 19:34:53 UTC 2024
#@# thickness lh Sun Nov 24 19:34:53 UTC 2024
#@# area and vertex vol lh Sun Nov 24 19:34:53 UTC 2024
#@# white curv rh Sun Nov 24 19:34:53 UTC 2024
#@# white area rh Sun Nov 24 19:34:53 UTC 2024
#@# pial curv rh Sun Nov 24 19:34:53 UTC 2024
#@# pial area rh Sun Nov 24 19:34:53 UTC 2024
#@# thickness rh Sun Nov 24 19:34:53 UTC 2024
#@# area and vertex vol rh Sun Nov 24 19:34:53 UTC 2024
#@# Curvature Stats lh Sun Nov 24 19:34:53 UTC 2024
#@# Curvature Stats rh Sun Nov 24 19:34:58 UTC 2024
#@# Relabel Hypointensities Sun Nov 24 19:35:03 UTC 2024
#@# APas-to-ASeg Sun Nov 24 19:35:33 UTC 2024
#@# AParc-to-ASeg aparc Sun Nov 24 19:35:55 UTC 2024
#@# AParc-to-ASeg aparc.a2009s Sun Nov 24 19:36:56 UTC 2024
#@# AParc-to-ASeg aparc.DKTatlas Sun Nov 24 19:38:08 UTC 2024
#@# WMParc Sun Nov 24 19:39:25 UTC 2024
#@# ASeg Stats Sun Nov 24 19:44:44 UTC 2024
recon-all -s sub-fsm23qf finished without error at Sun Nov 24 19:46:16 UTC 2024
