status file for recon-all
Sun Nov 24 06:15:14 UTC 2024
#@# MotionCor Sun Nov 24 06:15:19 UTC 2024
#@# Talairach Sun Nov 24 06:15:34 UTC 2024
#@# Talairach Failure Detection Sun Nov 24 06:22:45 UTC 2024
#@# Nu Intensity Correction Sun Nov 24 06:22:45 UTC 2024
#@# Intensity Normalization Sun Nov 24 06:29:48 UTC 2024
recon-all -s sub-fsm93cs finished without error at Sun Nov 24 06:33:25 UTC 2024



#New# invocation of recon-all 



status file for recon-all
Sun Nov 24 08:45:24 UTC 2024
#@# EM Registration Sun Nov 24 08:45:24 UTC 2024
recon-all -s sub-fsm93cs finished without error at Sun Nov 24 08:51:12 UTC 2024



#New# invocation of recon-all 



status file for recon-all
Sun Nov 24 23:10:09 UTC 2024
#@# CA Normalize Sun Nov 24 23:10:09 UTC 2024
#@# CA Reg Sun Nov 24 23:12:50 UTC 2024
#@# SubCort Seg Mon Nov 25 01:35:21 UTC 2024
#@# CC Seg Mon Nov 25 03:05:32 UTC 2024
#@# Merge ASeg Mon Nov 25 03:07:17 UTC 2024
#@# Intensity Normalization2 Mon Nov 25 03:07:18 UTC 2024
#@# Mask BFS Mon Nov 25 03:14:09 UTC 2024
#@# WM Segmentation Mon Nov 25 03:14:12 UTC 2024
#@# Fill Mon Nov 25 03:20:47 UTC 2024
recon-all -s sub-fsm93cs finished without error at Mon Nov 25 03:23:28 UTC 2024



#New# invocation of recon-all 



status file for recon-all
Mon Nov 25 16:08:59 UTC 2024
#@# white curv lh Mon Nov 25 16:08:59 UTC 2024
#@# white area lh Mon Nov 25 16:08:59 UTC 2024
#@# pial curv lh Mon Nov 25 16:08:59 UTC 2024
#@# pial area lh Mon Nov 25 16:08:59 UTC 2024
#@# thickness lh Mon Nov 25 16:08:59 UTC 2024
#@# area and vertex vol lh Mon Nov 25 16:08:59 UTC 2024
#@# white curv rh Mon Nov 25 16:08:59 UTC 2024
#@# white area rh Mon Nov 25 16:08:59 UTC 2024
#@# pial curv rh Mon Nov 25 16:08:59 UTC 2024
#@# pial area rh Mon Nov 25 16:08:59 UTC 2024
#@# thickness rh Mon Nov 25 16:08:59 UTC 2024
#@# area and vertex vol rh Mon Nov 25 16:08:59 UTC 2024
#@# Cortical ribbon mask Mon Nov 25 16:08:59 UTC 2024
recon-all -s sub-fsm93cs finished without error at Mon Nov 25 16:18:06 UTC 2024



#New# invocation of recon-all 



status file for recon-all
Mon Nov 25 18:55:29 UTC 2024
#@# white curv lh Mon Nov 25 18:55:29 UTC 2024
#@# white area lh Mon Nov 25 18:55:29 UTC 2024
#@# pial curv lh Mon Nov 25 18:55:29 UTC 2024
#@# pial area lh Mon Nov 25 18:55:29 UTC 2024
#@# thickness lh Mon Nov 25 18:55:29 UTC 2024
#@# area and vertex vol lh Mon Nov 25 18:55:29 UTC 2024
#@# white curv rh Mon Nov 25 18:55:29 UTC 2024
#@# white area rh Mon Nov 25 18:55:29 UTC 2024
#@# pial curv rh Mon Nov 25 18:55:29 UTC 2024
#@# pial area rh Mon Nov 25 18:55:29 UTC 2024
#@# thickness rh Mon Nov 25 18:55:29 UTC 2024
#@# area and vertex vol rh Mon Nov 25 18:55:29 UTC 2024
#@# Curvature Stats lh Mon Nov 25 18:55:29 UTC 2024
#@# Curvature Stats rh Mon Nov 25 18:55:35 UTC 2024
#@# Relabel Hypointensities Mon Nov 25 18:55:41 UTC 2024
#@# APas-to-ASeg Mon Nov 25 18:56:19 UTC 2024
#@# AParc-to-ASeg aparc Mon Nov 25 18:56:39 UTC 2024
#@# AParc-to-ASeg aparc.a2009s Mon Nov 25 18:58:00 UTC 2024
#@# AParc-to-ASeg aparc.DKTatlas Mon Nov 25 18:59:19 UTC 2024
#@# WMParc Mon Nov 25 19:00:37 UTC 2024
#@# ASeg Stats Mon Nov 25 19:06:38 UTC 2024
recon-all -s sub-fsm93cs finished without error at Mon Nov 25 19:08:04 UTC 2024
