/scratch/tmp/fs_mp2rage_tests2/sourcedata/freesurfer_memprage/sub-fsm87qb/mri
/opt/freesurfer/bin/talairach_avi
--i orig_nu.mgz --xfm transforms/talairach.auto.xfm
talairach_avi 7.3.2
Linux elm.criugm.qc.ca 5.15.0-113-generic #123-Ubuntu SMP Mon Jun 10 08:16:17 UTC 2024 x86_64 x86_64 x86_64 GNU/Linux
Sun Nov 24 06:20:18 UTC 2024
mri_convert orig_nu.mgz talsrcimg.img 
reading from orig_nu.mgz...
TR=0.00, TE=0.00, TI=0.00, flip angle=0.00
i_ras = (-1, 1.62981e-09, -1.49012e-08)
j_ras = (7.45058e-09, 3.72529e-09, -1)
k_ras = (-9.31323e-10, 1, 0)
writing to talsrcimg.img...
Analyze Output Matrix
-1.00000   0.00000  -0.00000   136.62968;
 0.00000   0.00000   1.00000  -93.92033;
-0.00000  -1.00000   0.00000   116.45647;
 0.00000   0.00000   0.00000   1.00000;
--------------------
INFO: set hdr.hist.orient to -1
mpr2mni305 talsrcimg
Sun Nov 24 06:20:20 UTC 2024
/opt/freesurfer/bin/mpr2mni305 talsrcimg
mpr2mni305 7.3.2
target=711-2C_as_mni_average_305

---------------------------------------------------------------------
analyzeto4dfp talsrcimg -O0 -y
---------------------------------------------------------------------

freesurfer ifh2hdr.c
Sun Nov 24 06:20:21 2024
Writing: talsrcimg.4dfp.hdr
freesurfer analyzeto4dfp.c
Reading: talsrcimg.hdr
header size 348 bytes
hdr.dime.datatype	offset=70	value=2
hdr.dime.bitpix		offset=72	value=8
hdr.hist.orient		offset=252	value=-1
dimensionality     4
dimensions       256       256       256         1
Reading: talsrcimg.img
Writing: talsrcimg.4dfp.img
Writing: talsrcimg.4dfp.ifh
ifh2hdr talsrcimg -r0to255
ori=2

---------------------------------------------------------------------
gauss_4dfp talsrcimg 1.1
---------------------------------------------------------------------

freesurfer gauss_4dfp.c
Reading: talsrcimg.4dfp.img
Writing: talsrcimg_g11.4dfp.img
image dimensions 256 256 256 padded to 288 288 288
processing volume 1freesurfer ifh2hdr.c
Sun Nov 24 06:20:29 2024
Writing: talsrcimg_g11.4dfp.hdr

Writing: talsrcimg_g11.4dfp.ifh
including: talsrcimg.4dfp.img.rec in talsrcimg_g11.4dfp.img.rec

---------------------------------------------------------------------
imgreg_4dfp /opt/freesurfer/average/711-2C_as_mni_average_305 none talsrcimg_g11 none talsrcimg_to_711-2C_as_mni_average_305_t4 4355
---------------------------------------------------------------------

freesurfer imgreg_4dfp.c
/opt/freesurfer/average/711-2C_as_mni_average_305.4dfp.img
       256       256       256         1
  1.000000  1.000000  1.000000
orientation T byte_order littleendian
Reading image: /opt/freesurfer/average/711-2C_as_mni_average_305.4dfp.img
dimensions:      256       256       256
mmppix:       1.0000   -1.0000   -1.0000
center:     128.0000 -129.0000 -129.0000
talsrcimg_g11.4dfp.img
       256       256       256         1
  1.000000  1.000000  1.000000
orientation T byte_order littleendian
Reading image: talsrcimg_g11.4dfp.img
dimensions:      256       256       256
mmppix:       1.0000   -1.0000   -1.0000
center:     128.0000 -129.0000 -129.0000
t4_read: open error in t4_sub.f l:  41 t4_file(1:l)talsrcimg_to_711-2C_as_mni_average_305_t4 
t4_read: transform initialized to I4
rotation matrix determinant  1.000000
image alignment mode   4355 decimal     1103 hex
   -7.5000  -45.0000  -45.0000 9379.8428    8.8215
    0.0000  -45.0000  -45.0000 9696.5459    8.8155
    7.5000  -45.0000  -45.0000 9254.7891    8.8141
   -7.5000  -37.5000  -45.0000 9497.9004    8.8463
    0.0000  -37.5000  -45.0000 9825.5293    8.8414
    7.5000  -37.5000  -45.0000 9408.5508    8.8398
   -7.5000  -30.0000  -45.0000 9940.0361    8.7035
    0.0000  -30.0000  -45.000010316.7930    8.7018
    7.5000  -30.0000  -45.0000 9891.5488    8.7038
   -7.5000  -22.5000  -45.000010511.4473    8.6112
    0.0000  -22.5000  -45.000010942.3545    8.6103
    7.5000  -22.5000  -45.000010478.1328    8.6145
   -7.5000  -15.0000  -45.000011121.8389    8.5615
    0.0000  -15.0000  -45.000011579.3174    8.5591
    7.5000  -15.0000  -45.000011081.2188    8.5620
   -7.5000   -7.5000  -45.000011698.6865    8.5414
    0.0000   -7.5000  -45.000012174.7471    8.5368
    7.5000   -7.5000  -45.000011646.8428    8.5367
   -7.5000    0.0000  -45.000012186.3291    8.5506
    0.0000    0.0000  -45.000012709.0996    8.5451
    7.5000    0.0000  -45.000012137.0586    8.5431
   -7.5000    7.5000  -45.000011720.8018    8.6890
    0.0000    7.5000  -45.000012236.0947    8.6843
    7.5000    7.5000  -45.000011674.2598    8.6824
   -7.5000   15.0000  -45.000011280.6650    8.9847
    0.0000   15.0000  -45.000011778.3848    8.9818
    7.5000   15.0000  -45.000011219.6318    8.9819
   -7.5000   22.5000  -45.000010792.9453    9.2794
    0.0000   22.5000  -45.000011273.2227    9.2747
    7.5000   22.5000  -45.000010720.9619    9.2760
   -7.5000   30.0000  -45.000010194.2588    9.4185
    0.0000   30.0000  -45.000010639.9863    9.4095
    7.5000   30.0000  -45.000010118.6387    9.4094
   -7.5000   37.5000  -45.0000 9904.8809    9.6901
    0.0000   37.5000  -45.000010329.6914    9.6774
    7.5000   37.5000  -45.0000 9820.0684    9.6745
   -7.5000   45.0000  -45.0000 9299.6045    9.7506
    0.0000   45.0000  -45.0000 9676.2744    9.7377
    7.5000   45.0000  -45.0000 9211.9414    9.7336
   -7.5000  -45.0000  -37.5000 9779.5859    8.8261
    0.0000  -45.0000  -37.500010116.9639    8.8198
    7.5000  -45.0000  -37.5000 9667.0586    8.8175
   -7.5000  -37.5000  -37.5000 9918.9707    8.8489
    0.0000  -37.5000  -37.500010291.1172    8.8443
    7.5000  -37.5000  -37.5000 9869.9990    8.8417
   -7.5000  -30.0000  -37.500010443.0537    8.7063
    0.0000  -30.0000  -37.500010859.2275    8.7046
    7.5000  -30.0000  -37.500010417.8613    8.7058
   -7.5000  -22.5000  -37.500011100.9697    8.6172
    0.0000  -22.5000  -37.500011548.6562    8.6156
    7.5000  -22.5000  -37.500011063.0010    8.6191
   -7.5000  -15.0000  -37.500011746.7295    8.5698
    0.0000  -15.0000  -37.500012230.1338    8.5662
    7.5000  -15.0000  -37.500011710.2490    8.5686
   -7.5000   -7.5000  -37.500012354.0625    8.5481
    0.0000   -7.5000  -37.500012877.4463    8.5425
    7.5000   -7.5000  -37.500012309.3867    8.5418
   -7.5000    0.0000  -37.500012850.8828    8.5539
    0.0000    0.0000  -37.500013415.9805    8.5481
    7.5000    0.0000  -37.500012791.8320    8.5452
   -7.5000    7.5000  -37.500012331.0830    8.6907
    0.0000    7.5000  -37.500012896.6250    8.6863
    7.5000    7.5000  -37.500012302.3525    8.6835
   -7.5000   15.0000  -37.500011850.2061    8.9876
    0.0000   15.0000  -37.500012412.1406    8.9853
    7.5000   15.0000  -37.500011829.7617    8.9848
   -7.5000   22.5000  -37.500011346.8066    9.2863
    0.0000   22.5000  -37.500011891.8857    9.2812
    7.5000   22.5000  -37.500011291.6670    9.2817
   -7.5000   30.0000  -37.500010702.4141    9.4281
    0.0000   30.0000  -37.500011209.6973    9.4176
    7.5000   30.0000  -37.500010612.1270    9.4167
   -7.5000   37.5000  -37.500010373.9707    9.6976
    0.0000   37.5000  -37.500010858.9941    9.6838
    7.5000   37.5000  -37.500010274.3516    9.6802
   -7.5000   45.0000  -37.5000 9707.1934    9.7530
    0.0000   45.0000  -37.500010151.7979    9.7400
    7.5000   45.0000  -37.5000 9620.3984    9.7345
   -7.5000  -45.0000  -30.000010409.5947    9.1699
    0.0000  -45.0000  -30.000010778.4453    9.1617
    7.5000  -45.0000  -30.000010296.1514    9.1605
   -7.5000  -37.5000  -30.000010593.8105    9.1935
    0.0000  -37.5000  -30.000010999.2207    9.1871
    7.5000  -37.5000  -30.000010543.5928    9.1849
   -7.5000  -30.0000  -30.000011189.6826    9.0467
    0.0000  -30.0000  -30.000011644.2188    9.0428
    7.5000  -30.0000  -30.000011160.9971    9.0433
   -7.5000  -22.5000  -30.000011880.8711    8.9572
    0.0000  -22.5000  -30.000012359.4648    8.9528
    7.5000  -22.5000  -30.000011864.5176    8.9551
   -7.5000  -15.0000  -30.000012551.5459    8.9091
    0.0000  -15.0000  -30.000013086.0762    8.9027
    7.5000  -15.0000  -30.000012552.3018    8.9046
   -7.5000   -7.5000  -30.000013175.9326    8.8837
    0.0000   -7.5000  -30.000013761.3965    8.8760
    7.5000   -7.5000  -30.000013166.2783    8.8759
   -7.5000    0.0000  -30.000013677.8145    8.8862
    0.0000    0.0000  -30.000014297.7695    8.8787
    7.5000    0.0000  -30.000013657.7070    8.8767
   -7.5000    7.5000  -30.000013125.0049    9.0286
    0.0000    7.5000  -30.000013751.8203    9.0225
    7.5000    7.5000  -30.000013129.1299    9.0200
   -7.5000   15.0000  -30.000012611.3623    9.3416
    0.0000   15.0000  -30.000013235.8115    9.3372
    7.5000   15.0000  -30.000012619.9121    9.3361
   -7.5000   22.5000  -30.000012053.6982    9.6575
    0.0000   22.5000  -30.000012651.3799    9.6494
    7.5000   22.5000  -30.000012014.1250    9.6481
   -7.5000   30.0000  -30.000011383.3965    9.8116
    0.0000   30.0000  -30.000011955.2305    9.7975
    7.5000   30.0000  -30.000011290.8691    9.7950
   -7.5000   37.5000  -30.000011038.8799   10.0908
    0.0000   37.5000  -30.000011586.9258   10.0745
    7.5000   37.5000  -30.000010926.2705   10.0713
   -7.5000   45.0000  -30.000010286.3613   10.1527
    0.0000   45.0000  -30.000010803.8682   10.1376
    7.5000   45.0000  -30.000010202.8584   10.1326
   -7.5000  -45.0000  -22.500011054.7861    9.4428
    0.0000  -45.0000  -22.500011452.5684    9.4326
    7.5000  -45.0000  -22.500010940.8535    9.4344
   -7.5000  -37.5000  -22.500011272.4473    9.4696
    0.0000  -37.5000  -22.500011707.2803    9.4604
    7.5000  -37.5000  -22.500011222.1436    9.4606
   -7.5000  -30.0000  -22.500011901.4121    9.3195
    0.0000  -30.0000  -22.500012391.7793    9.3126
    7.5000  -30.0000  -22.500011895.9219    9.3139
   -7.5000  -22.5000  -22.500012620.4453    9.2266
    0.0000  -22.5000  -22.500013167.6445    9.2197
    7.5000  -22.5000  -22.500012665.2539    9.2219
   -7.5000  -15.0000  -22.500013338.9365    9.1753
    0.0000  -15.0000  -22.500013926.5654    9.1672
    7.5000  -15.0000  -22.500013371.2178    9.1695
   -7.5000   -7.5000  -22.500013985.7666    9.1477
    0.0000   -7.5000  -22.500014640.0039    9.1387
    7.5000   -7.5000  -22.500014025.5791    9.1406
   -7.5000    0.0000  -22.500014491.5264    9.1505
    0.0000    0.0000  -22.500015163.8164    9.1410
    7.5000    0.0000  -22.500014544.7461    9.1418
   -7.5000    7.5000  -22.500013895.3125    9.2995
    0.0000    7.5000  -22.500014549.7471    9.2907
    7.5000    7.5000  -22.500013944.2695    9.2904
   -7.5000   15.0000  -22.500013329.3271    9.6251
    0.0000   15.0000  -22.500013957.4619    9.6171
    7.5000   15.0000  -22.500013354.2803    9.6165
   -7.5000   22.5000  -22.500012723.3955    9.9514
    0.0000   22.5000  -22.500013302.4902    9.9402
    7.5000   22.5000  -22.500012671.7627    9.9382
   -7.5000   30.0000  -22.500012019.0986   10.1130
    0.0000   30.0000  -22.500012600.7373   10.0968
    7.5000   30.0000  -22.500011943.0312   10.0940
   -7.5000   37.5000  -22.500011666.1699   10.4015
    0.0000   37.5000  -22.500012218.2236   10.3840
    7.5000   37.5000  -22.500011556.8037   10.3824
   -7.5000   45.0000  -22.500010857.7715   10.4748
    0.0000   45.0000  -22.500011366.4756   10.4573
    7.5000   45.0000  -22.500010750.9600   10.4554
   -7.5000  -45.0000  -15.000011689.3936    9.6188
    0.0000  -45.0000  -15.000012131.5234    9.6088
    7.5000  -45.0000  -15.000011575.7861    9.6127
   -7.5000  -37.5000  -15.000011925.5801    9.6500
    0.0000  -37.5000  -15.000012398.4727    9.6401
    7.5000  -37.5000  -15.000011881.8604    9.6424
   -7.5000  -30.0000  -15.000012551.3379    9.4968
    0.0000  -30.0000  -15.000013074.3691    9.4895
    7.5000  -30.0000  -15.000012579.2051    9.4922
   -7.5000  -22.5000  -15.000013289.4648    9.3987
    0.0000  -22.5000  -15.000013867.6289    9.3920
    7.5000  -22.5000  -15.000013379.8418    9.3955
   -7.5000  -15.0000  -15.000014044.6562    9.3431
    0.0000  -15.0000  -15.000014673.1719    9.3360
    7.5000  -15.0000  -15.000014132.2988    9.3397
   -7.5000   -7.5000  -15.000014730.8848    9.3156
    0.0000   -7.5000  -15.000015410.8750    9.3075
    7.5000   -7.5000  -15.000014835.1602    9.3110
   -7.5000    0.0000  -15.000015271.9189    9.3215
    0.0000    0.0000  -15.000015941.7393    9.3123
    7.5000    0.0000  -15.000015354.8242    9.3149
   -7.5000    7.5000  -15.000014663.1826    9.4766
    0.0000    7.5000  -15.000015322.5225    9.4671
    7.5000    7.5000  -15.000014735.7324    9.4687
   -7.5000   15.0000  -15.000014063.7451    9.8094
    0.0000   15.0000  -15.000014692.1592    9.8003
    7.5000   15.0000  -15.000014111.7119    9.8010
   -7.5000   22.5000  -15.000013413.0664   10.1397
    0.0000   22.5000  -15.000013971.4170   10.1285
    7.5000   22.5000  -15.000013391.7539   10.1279
   -7.5000   30.0000  -15.000012678.2773   10.3051
    0.0000   30.0000  -15.000013199.9697   10.2903
    7.5000   30.0000  -15.000012612.8330   10.2891
   -7.5000   37.5000  -15.000012291.4570   10.6030
    0.0000   37.5000  -15.000012776.6162   10.5867
    7.5000   37.5000  -15.000012180.6914   10.5869
   -7.5000   45.0000  -15.000011391.2461   10.6896
    0.0000   45.0000  -15.000011854.2197   10.6720
    7.5000   45.0000  -15.000011290.7500   10.6727
   -7.5000  -45.0000   -7.500012241.0195    9.6912
    0.0000  -45.0000   -7.500012705.0273    9.6833
    7.5000  -45.0000   -7.500012187.2734    9.6855
   -7.5000  -37.5000   -7.500012507.5361    9.7257
    0.0000  -37.5000   -7.500013018.3418    9.7181
    7.5000  -37.5000   -7.500012528.7598    9.7192
   -7.5000  -30.0000   -7.500013191.3623    9.5691
    0.0000  -30.0000   -7.500013745.1250    9.5645
    7.5000  -30.0000   -7.500013274.5762    9.5678
   -7.5000  -22.5000   -7.500013949.7861    9.4661
    0.0000  -22.5000   -7.500014559.9209    9.4626
    7.5000  -22.5000   -7.500014086.5371    9.4674
   -7.5000  -15.0000   -7.500014683.3271    9.4080
    0.0000  -15.0000   -7.500015340.5088    9.4038
    7.5000  -15.0000   -7.500014839.0371    9.4081
   -7.5000   -7.5000   -7.500015353.6807    9.3828
    0.0000   -7.5000   -7.500016026.6396    9.3768
    7.5000   -7.5000   -7.500015505.0596    9.3795
   -7.5000    0.0000   -7.500015943.7139    9.3922
    0.0000    0.0000   -7.500016610.6172    9.3849
    7.5000    0.0000   -7.500016079.2188    9.3861
   -7.5000    7.5000   -7.500015427.5703    9.5507
    0.0000    7.5000   -7.500016136.8203    9.5434
    7.5000    7.5000   -7.500015581.6660    9.5440
   -7.5000   15.0000   -7.500014924.1992    9.8857
    0.0000   15.0000   -7.500015563.2402    9.8794
    7.5000   15.0000   -7.500015012.8701    9.8804
   -7.5000   22.5000   -7.500014221.4893   10.2157
    0.0000   22.5000   -7.500014688.0020   10.2078
    7.5000   22.5000   -7.500014182.4385   10.2090
   -7.5000   30.0000   -7.500013397.1797   10.3841
    0.0000   30.0000   -7.500013804.5547   10.3726
    7.5000   30.0000   -7.500013309.9756   10.3729
   -7.5000   37.5000   -7.500012949.2227   10.6909
    0.0000   37.5000   -7.500013383.2148   10.6765
    7.5000   37.5000   -7.500012855.6055   10.6758
   -7.5000   45.0000   -7.500011983.9463   10.7873
    0.0000   45.0000   -7.500012398.0498   10.7715
    7.5000   45.0000   -7.500011916.7539   10.7706
   -7.5000  -45.0000    0.000012721.5088    9.7037
    0.0000  -45.0000    0.000013205.8965    9.6973
    7.5000  -45.0000    0.000012680.4121    9.6962
   -7.5000  -37.5000    0.000013009.3262    9.7374
    0.0000  -37.5000    0.000013525.9570    9.7321
    7.5000  -37.5000    0.000013002.4775    9.7308
   -7.5000  -30.0000    0.000013712.5771    9.5788
    0.0000  -30.0000    0.000014273.8223    9.5769
    7.5000  -30.0000    0.000013772.4512    9.5795
   -7.5000  -22.5000    0.000014501.1318    9.4750
    0.0000  -22.5000    0.000015111.0400    9.4741
    7.5000  -22.5000    0.000014611.7656    9.4791
   -7.5000  -15.0000    0.000015227.2188    9.4178
    0.0000  -15.0000    0.000015901.0371    9.4153
    7.5000  -15.0000    0.000015384.2559    9.4189
   -7.5000   -7.5000    0.000015866.3809    9.3940
    0.0000   -7.5000    0.000016526.7305    9.3890
    7.5000   -7.5000    0.000016030.4502    9.3895
   -7.5000    0.0000    0.000016415.3125    9.4038
    0.0000    0.0000    0.000017096.2520    9.3980
    7.5000    0.0000    0.000016628.3496    9.3962
   -7.5000    7.5000    0.000015910.8330    9.5615
    0.0000    7.5000    0.000016697.2012    9.5565
    7.5000    7.5000    0.000016165.3467    9.5549
   -7.5000   15.0000    0.000015529.7842    9.8956
    0.0000   15.0000    0.000016133.0176    9.8925
    7.5000   15.0000    0.000015663.4746    9.8929
   -7.5000   22.5000    0.000014828.3447   10.2264
    0.0000   22.5000    0.000015218.1309   10.2214
    7.5000   22.5000    0.000014841.3701   10.2230
   -7.5000   30.0000    0.000014008.5088   10.3977
    0.0000   30.0000    0.000014332.8711   10.3880
    7.5000   30.0000    0.000013945.5137   10.3880
   -7.5000   37.5000    0.000013578.2930   10.7081
    0.0000   37.5000    0.000013945.4912   10.6942
    7.5000   37.5000    0.000013454.0039   10.6911
   -7.5000   45.0000    0.000012532.8574   10.8059
    0.0000   45.0000    0.000012922.8154   10.7915
    7.5000   45.0000    0.000012412.2861   10.7871
   -7.5000  -45.0000    7.500012265.2207    9.7465
    0.0000  -45.0000    7.500012716.4258    9.7397
    7.5000  -45.0000    7.500012182.4883    9.7374
   -7.5000  -37.5000    7.500012532.4463    9.7769
    0.0000  -37.5000    7.500013036.3096    9.7720
    7.5000  -37.5000    7.500012493.3604    9.7695
   -7.5000  -30.0000    7.500013212.8145    9.6181
    0.0000  -30.0000    7.500013778.1475    9.6163
    7.5000  -30.0000    7.500013226.6602    9.6179
   -7.5000  -22.5000    7.500013956.4912    9.5178
    0.0000  -22.5000    7.500014578.0811    9.5162
    7.5000  -22.5000    7.500014027.5879    9.5203
   -7.5000  -15.0000    7.500014627.9521    9.4635
    0.0000  -15.0000    7.500015290.9453    9.4597
    7.5000  -15.0000    7.500014760.3320    9.4626
   -7.5000   -7.5000    7.500015200.9355    9.4382
    0.0000   -7.5000    7.500015811.2188    9.4322
    7.5000   -7.5000    7.500015372.5596    9.4317
   -7.5000    0.0000    7.500015696.8271    9.4443
    0.0000    0.0000    7.500016335.4541    9.4381
    7.5000    0.0000    7.500015961.1641    9.4352
   -7.5000    7.5000    7.500015207.0908    9.6000
    0.0000    7.5000    7.500015903.3945    9.5953
    7.5000    7.5000    7.500015498.6348    9.5925
   -7.5000   15.0000    7.500014821.2559    9.9352
    0.0000   15.0000    7.500015429.4111    9.9328
    7.5000   15.0000    7.500014983.0508    9.9325
   -7.5000   22.5000    7.500014261.1768   10.2701
    0.0000   22.5000    7.500014775.6104   10.2648
    7.5000   22.5000    7.500014273.0010   10.2654
   -7.5000   30.0000    7.500013500.8936   10.4434
    0.0000   30.0000    7.500013991.1855   10.4320
    7.5000   30.0000    7.500013424.3613   10.4310
   -7.5000   37.5000    7.500013036.3916   10.7505
    0.0000   37.5000    7.500013503.6201   10.7354
    7.5000   37.5000    7.500012898.5273   10.7314
   -7.5000   45.0000    7.500011980.5996   10.8409
    0.0000   45.0000    7.500012405.3076   10.8266
    7.5000   45.0000    7.500011882.8164   10.8204
   -7.5000  -45.0000   15.000011673.0693    9.7899
    0.0000  -45.0000   15.000012096.7988    9.7812
    7.5000  -45.0000   15.000011593.1787    9.7801
   -7.5000  -37.5000   15.000011934.6777    9.8186
    0.0000  -37.5000   15.000012389.6816    9.8119
    7.5000  -37.5000   15.000011886.7422    9.8099
   -7.5000  -30.0000   15.000012583.2012    9.6610
    0.0000  -30.0000   15.000013099.5645    9.6569
    7.5000  -30.0000   15.000012584.2549    9.6578
   -7.5000  -22.5000   15.000013276.6445    9.5643
    0.0000  -22.5000   15.000013841.9570    9.5597
    7.5000  -22.5000   15.000013314.3184    9.5626
   -7.5000  -15.0000   15.000013915.1230    9.5119
    0.0000  -15.0000   15.000014527.8408    9.5052
    7.5000  -15.0000   15.000013996.5215    9.5075
   -7.5000   -7.5000   15.000014469.3584    9.4843
    0.0000   -7.5000   15.000015107.0596    9.4761
    7.5000   -7.5000   15.000014599.5762    9.4764
   -7.5000    0.0000   15.000014987.8682    9.4871
    0.0000    0.0000   15.000015684.7617    9.4792
    7.5000    0.0000   15.000015212.7695    9.4773
   -7.5000    7.5000   15.000014511.8750    9.6422
    0.0000    7.5000   15.000015212.3604    9.6358
    7.5000    7.5000   15.000014715.3184    9.6335
   -7.5000   15.0000   15.000014053.6094    9.9799
    0.0000   15.0000   15.000014666.9688    9.9754
    7.5000   15.0000   15.000014155.4561    9.9745
   -7.5000   22.5000   15.000013403.0703   10.3183
    0.0000   22.5000   15.000013975.8330   10.3099
    7.5000   22.5000   15.000013466.3936   10.3087
   -7.5000   30.0000   15.000012605.1758   10.4920
    0.0000   30.0000   15.000013165.7812   10.4772
    7.5000   30.0000   15.000012666.8193   10.4746
   -7.5000   37.5000   15.000012162.4072   10.7945
    0.0000   37.5000   15.000012688.1670   10.7773
    7.5000   37.5000   15.000012200.3174   10.7739
   -7.5000   45.0000   15.000011239.0020   10.8786
    0.0000   45.0000   15.000011704.0645   10.8625
    7.5000   45.0000   15.000011252.3799   10.8570
   -7.5000  -45.0000   22.500011027.0771    9.8260
    0.0000  -45.0000   22.500011413.8457    9.8153
    7.5000  -45.0000   22.500010958.6260    9.8174
   -7.5000  -37.5000   22.500011270.1865    9.8553
    0.0000  -37.5000   22.500011699.9043    9.8457
    7.5000  -37.5000   22.500011230.1221    9.8461
   -7.5000  -30.0000   22.500011876.0518    9.6986
    0.0000  -30.0000   22.500012376.4219    9.6915
    7.5000  -30.0000   22.500011886.4238    9.6931
   -7.5000  -22.5000   22.500012531.4502    9.6017
    0.0000  -22.5000   22.500013076.3467    9.5945
    7.5000  -22.5000   22.500012559.1924    9.5970
   -7.5000  -15.0000   22.500013143.6855    9.5482
    0.0000  -15.0000   22.500013740.8154    9.5397
    7.5000  -15.0000   22.500013199.1143    9.5424
   -7.5000   -7.5000   22.500013722.1738    9.5199
    0.0000   -7.5000   22.500014362.5557    9.5105
    7.5000   -7.5000   22.500013811.6201    9.5127
   -7.5000    0.0000   22.500014212.9355    9.5235
    0.0000    0.0000   22.500014896.1494    9.5136
    7.5000    0.0000   22.500014378.4766    9.5146
   -7.5000    7.5000   22.500013666.1602    9.6797
    0.0000    7.5000   22.500014288.0781    9.6706
    7.5000    7.5000   22.500013816.5996    9.6705
   -7.5000   15.0000   22.500013148.4180   10.0176
    0.0000   15.0000   22.500013677.2754   10.0094
    7.5000   15.0000   22.500013216.2432   10.0090
   -7.5000   22.5000   22.500012499.1260   10.3535
    0.0000   22.5000   22.500012997.8252   10.3421
    7.5000   22.5000   22.500012565.6504   10.3401
   -7.5000   30.0000   22.500011730.2822   10.5229
    0.0000   30.0000   22.500012199.2891   10.5063
    7.5000   30.0000   22.500011792.8779   10.5034
   -7.5000   37.5000   22.500011304.6436   10.8224
    0.0000   37.5000   22.500011753.5059   10.8044
    7.5000   37.5000   22.500011365.0537   10.8026
   -7.5000   45.0000   22.500010502.9287   10.9056
    0.0000   45.0000   22.500010917.4590   10.8875
    7.5000   45.0000   22.500010530.7598   10.8853
   -7.5000  -45.0000   30.000010348.4580    9.9054
    0.0000  -45.0000   30.000010721.8096    9.8952
    7.5000  -45.0000   30.000010286.6621    9.8992
   -7.5000  -37.5000   30.000010585.9824    9.9358
    0.0000  -37.5000   30.000010993.0537    9.9256
    7.5000  -37.5000   30.000010555.0537    9.9279
   -7.5000  -30.0000   30.000011184.7891    9.7775
    0.0000  -30.0000   30.000011630.9609    9.7700
    7.5000  -30.0000   30.000011174.1660    9.7727
   -7.5000  -22.5000   30.000011788.0547    9.6765
    0.0000  -22.5000   30.000012272.8154    9.6697
    7.5000  -22.5000   30.000011801.0576    9.6732
   -7.5000  -15.0000   30.000012350.7354    9.6200
    0.0000  -15.0000   30.000012873.4873    9.6129
    7.5000  -15.0000   30.000012386.7559    9.6166
   -7.5000   -7.5000   30.000012862.8555    9.5933
    0.0000   -7.5000   30.000013428.8623    9.5851
    7.5000   -7.5000   30.000012940.5508    9.5888
   -7.5000    0.0000   30.000013260.4854    9.6008
    0.0000    0.0000   30.000013877.7422    9.5914
    7.5000    0.0000   30.000013401.5303    9.5942
   -7.5000    7.5000   30.000012714.9922    9.7595
    0.0000    7.5000   30.000013294.0127    9.7499
    7.5000    7.5000   30.000012817.6055    9.7515
   -7.5000   15.0000   30.000012170.8115   10.0977
    0.0000   15.0000   30.000012680.4219   10.0885
    7.5000   15.0000   30.000012225.2090   10.0891
   -7.5000   22.5000   30.000011547.4365   10.4303
    0.0000   22.5000   30.000012022.1641   10.4191
    7.5000   22.5000   30.000011603.8213   10.4183
   -7.5000   30.0000   30.000010820.6455   10.5953
    0.0000   30.0000   30.000011261.2617   10.5807
    7.5000   30.0000   30.000010863.6973   10.5791
   -7.5000   37.5000   30.000010452.6230   10.8976
    0.0000   37.5000   30.000010855.6836   10.8815
    7.5000   37.5000   30.000010484.7891   10.8813
   -7.5000   45.0000   30.0000 9709.5996   10.9863
    0.0000   45.0000   30.000010104.6143   10.9686
    7.5000   45.0000   30.0000 9736.0137   10.9687
   -7.5000  -45.0000   37.500010102.0039   10.0374
    0.0000  -45.0000   37.500010452.3730   10.0285
    7.5000  -45.0000   37.500010010.6738   10.0311
   -7.5000  -37.5000   37.500010321.2588   10.0621
    0.0000  -37.5000   37.500010694.9258   10.0534
    7.5000  -37.5000   37.500010267.1357   10.0550
   -7.5000  -30.0000   37.500010892.1982    9.9004
    0.0000  -30.0000   37.500011301.7666    9.8947
    7.5000  -30.0000   37.500010843.7441    9.8984
   -7.5000  -22.5000   37.500011457.8008    9.7952
    0.0000  -22.5000   37.500011901.2617    9.7907
    7.5000  -22.5000   37.500011425.9443    9.7959
   -7.5000  -15.0000   37.500011974.1992    9.7377
    0.0000  -15.0000   37.500012459.3252    9.7326
    7.5000  -15.0000   37.500011955.5664    9.7373
   -7.5000   -7.5000   37.500012428.6855    9.7148
    0.0000   -7.5000   37.500012954.4590    9.7080
    7.5000   -7.5000   37.500012450.0820    9.7110
   -7.5000    0.0000   37.500012778.0352    9.7264
    0.0000    0.0000   37.500013358.8525    9.7183
    7.5000    0.0000   37.500012854.7891    9.7199
   -7.5000    7.5000   37.500012211.9668    9.8825
    0.0000    7.5000   37.500012743.8389    9.8742
    7.5000    7.5000   37.500012282.9541    9.8753
   -7.5000   15.0000   37.500011676.3906   10.2190
    0.0000   15.0000   37.500012160.7773   10.2116
    7.5000   15.0000   37.500011730.7861   10.2130
   -7.5000   22.5000   37.500011058.1162   10.5494
    0.0000   22.5000   37.500011516.1514   10.5407
    7.5000   22.5000   37.500011107.0986   10.5422
   -7.5000   30.0000   37.500010328.5596   10.7133
    0.0000   30.0000   37.500010757.2080   10.7013
    7.5000   30.0000   37.500010377.4189   10.7016
   -7.5000   37.5000   37.5000 9966.0137   11.0234
    0.0000   37.5000   37.500010373.8672   11.0086
    7.5000   37.5000   37.5000 9998.0615   11.0079
   -7.5000   45.0000   37.5000 9259.4033   11.1197
    0.0000   45.0000   37.5000 9662.7773   11.1032
    7.5000   45.0000   37.5000 9297.0957   11.1022
   -7.5000  -45.0000   45.0000 9390.6934   10.2117
    0.0000  -45.0000   45.0000 9723.3164   10.2065
    7.5000  -45.0000   45.0000 9298.1074   10.2059
   -7.5000  -37.5000   45.0000 9589.1777   10.2232
    0.0000  -37.5000   45.0000 9946.2246   10.2190
    7.5000  -37.5000   45.0000 9522.3018   10.2188
   -7.5000  -30.0000   45.000010098.4561   10.0575
    0.0000  -30.0000   45.000010484.7764   10.0564
    7.5000  -30.0000   45.000010035.2744   10.0605
   -7.5000  -22.5000   45.000010604.2930    9.9533
    0.0000  -22.5000   45.000011014.0254    9.9533
    7.5000  -22.5000   45.000010547.8574    9.9597
   -7.5000  -15.0000   45.000011067.9775    9.9000
    0.0000  -15.0000   45.000011518.4961    9.8988
    7.5000  -15.0000   45.000011021.0830    9.9033
   -7.5000   -7.5000   45.000011457.1924    9.8803
    0.0000   -7.5000   45.000011957.8096    9.8768
    7.5000   -7.5000   45.000011467.8223    9.8776
   -7.5000    0.0000   45.000011755.3750    9.8915
    0.0000    0.0000   45.000012284.2422    9.8870
    7.5000    0.0000   45.000011807.9141    9.8857
   -7.5000    7.5000   45.000011194.4502   10.0392
    0.0000    7.5000   45.000011679.1104   10.0353
    7.5000    7.5000   45.000011260.5098   10.0348
   -7.5000   15.0000   45.000010669.9229   10.3618
    0.0000   15.0000   45.000011127.6328   10.3597
    7.5000   15.0000   45.000010733.0908   10.3617
   -7.5000   22.5000   45.000010104.2861   10.6945
    0.0000   22.5000   45.000010536.7012   10.6916
    7.5000   22.5000   45.000010153.1885   10.6948
   -7.5000   30.0000   45.0000 9442.8301   10.8655
    0.0000   30.0000   45.0000 9848.7090   10.8584
    7.5000   30.0000   45.0000 9489.5654   10.8594
   -7.5000   37.5000   45.0000 9100.0400   11.1861
    0.0000   37.5000   45.0000 9493.6934   11.1753
    7.5000   37.5000   45.0000 9140.8477   11.1725
   -7.5000   45.0000   45.0000 8471.1758   11.2928
    0.0000   45.0000   45.0000 8849.6328   11.2813
    7.5000   45.0000   45.0000 8509.4004   11.2772

---------------------------------------------------------------------
imgreg_4dfp /opt/freesurfer/average/711-2C_as_mni_average_305 /opt/freesurfer/average/711-2B_as_mni_average_305_mask talsrcimg_g11 none talsrcimg_to_711-2C_as_mni_average_305_t4 4355
---------------------------------------------------------------------

freesurfer imgreg_4dfp.c
/opt/freesurfer/average/711-2C_as_mni_average_305.4dfp.img
       256       256       256         1
  1.000000  1.000000  1.000000
orientation T byte_order littleendian
Reading image: /opt/freesurfer/average/711-2C_as_mni_average_305.4dfp.img
dimensions:      256       256       256
mmppix:       1.0000   -1.0000   -1.0000
center:     128.0000 -129.0000 -129.0000
/opt/freesurfer/average/711-2B_as_mni_average_305_mask.4dfp.img
       256       256       256         1
  1.000000  1.000000  1.000000
orientation T byte_order littleendian
Reading mask: /opt/freesurfer/average/711-2B_as_mni_average_305_mask.4dfp.img (2306576 pixels)
talsrcimg_g11.4dfp.img
       256       256       256         1
  1.000000  1.000000  1.000000
orientation T byte_order littleendian
Reading image: talsrcimg_g11.4dfp.img
dimensions:      256       256       256
mmppix:       1.0000   -1.0000   -1.0000
center:     128.0000 -129.0000 -129.0000
rotation matrix determinant  1.000000
image alignment mode   4355 decimal     1103 hex
   -7.5000  -45.0000  -45.0000 2225.4844   12.5722
    0.0000  -45.0000  -45.0000 2231.0647   12.5254
    7.5000  -45.0000  -45.0000 2202.1750   12.7322
   -7.5000  -37.5000  -45.0000 2240.4160   12.2270
    0.0000  -37.5000  -45.0000 2248.0022   12.1985
    7.5000  -37.5000  -45.0000 2221.3679   12.4199
   -7.5000  -30.0000  -45.0000 2262.9678   11.8784
    0.0000  -30.0000  -45.0000 2270.7751   11.8446
    7.5000  -30.0000  -45.0000 2247.6213   12.0503
   -7.5000  -22.5000  -45.0000 2298.3899   11.5516
    0.0000  -22.5000  -45.0000 2308.6692   11.5346
    7.5000  -22.5000  -45.0000 2281.7859   11.6917
   -7.5000  -15.0000  -45.0000 2338.0576   11.3039
    0.0000  -15.0000  -45.0000 2350.7500   11.2580
    7.5000  -15.0000  -45.0000 2323.9695   11.3934
   -7.5000   -7.5000  -45.0000 2371.5381   11.1150
    0.0000   -7.5000  -45.0000 2379.2351   11.0336
    7.5000   -7.5000  -45.0000 2359.3538   11.1347
   -7.5000    0.0000  -45.0000 2387.5740   10.9468
    0.0000    0.0000  -45.0000 2398.1184   10.9052
    7.5000    0.0000  -45.0000 2380.5557   10.9739
   -7.5000    7.5000  -45.0000 2388.1477   10.8405
    0.0000    7.5000  -45.0000 2404.8132   10.8141
    7.5000    7.5000  -45.0000 2389.3916   10.8839
   -7.5000   15.0000  -45.0000 2384.5254   10.8291
    0.0000   15.0000  -45.0000 2398.3684   10.7785
    7.5000   15.0000  -45.0000 2382.8386   10.8524
   -7.5000   22.5000  -45.0000 2369.1375   10.9664
    0.0000   22.5000  -45.0000 2386.5479   10.8617
    7.5000   22.5000  -45.0000 2372.9092   10.9243
   -7.5000   30.0000  -45.0000 2340.3862   11.1667
    0.0000   30.0000  -45.0000 2359.2283   11.0474
    7.5000   30.0000  -45.0000 2350.0198   11.1072
   -7.5000   37.5000  -45.0000 2297.1423   11.6586
    0.0000   37.5000  -45.0000 2324.9666   11.4937
    7.5000   37.5000  -45.0000 2316.0725   11.5516
   -7.5000   45.0000  -45.0000 2247.4895   12.3691
    0.0000   45.0000  -45.0000 2270.4321   12.1656
    7.5000   45.0000  -45.0000 2262.2341   12.2328
   -7.5000  -45.0000  -37.5000 2300.7249   11.6824
    0.0000  -45.0000  -37.5000 2307.6335   11.6514
    7.5000  -45.0000  -37.5000 2279.4692   11.8735
   -7.5000  -37.5000  -37.5000 2313.5181   11.3502
    0.0000  -37.5000  -37.5000 2326.4124   11.3128
    7.5000  -37.5000  -37.5000 2296.9797   11.5544
   -7.5000  -30.0000  -37.5000 2342.4536   11.0182
    0.0000  -30.0000  -37.5000 2358.2222   10.9884
    7.5000  -30.0000  -37.5000 2327.1128   11.1883
   -7.5000  -22.5000  -37.5000 2385.2610   10.7280
    0.0000  -22.5000  -37.5000 2394.3818   10.6862
    7.5000  -22.5000  -37.5000 2365.0652   10.8470
   -7.5000  -15.0000  -37.5000 2426.1687   10.4760
    0.0000  -15.0000  -37.5000 2435.6328   10.4402
    7.5000  -15.0000  -37.5000 2408.7278   10.5564
   -7.5000   -7.5000  -37.5000 2455.2339   10.2737
    0.0000   -7.5000  -37.5000 2468.3479   10.2286
    7.5000   -7.5000  -37.5000 2445.5315   10.3200
   -7.5000    0.0000  -37.5000 2475.2825   10.1040
    0.0000    0.0000  -37.5000 2491.2866   10.0446
    7.5000    0.0000  -37.5000 2470.5681   10.1064
   -7.5000    7.5000  -37.5000 2481.2891   10.0134
    0.0000    7.5000  -37.5000 2500.5596    9.9734
    7.5000    7.5000  -37.5000 2485.8984   10.0218
   -7.5000   15.0000  -37.5000 2481.7922   10.0178
    0.0000   15.0000  -37.5000 2500.5449    9.9849
    7.5000   15.0000  -37.5000 2487.8083   10.0063
   -7.5000   22.5000  -37.5000 2473.5063   10.1463
    0.0000   22.5000  -37.5000 2494.3948   10.1008
    7.5000   22.5000  -37.5000 2481.3811   10.1072
   -7.5000   30.0000  -37.5000 2441.9321   10.3970
    0.0000   30.0000  -37.5000 2465.5657   10.3128
    7.5000   30.0000  -37.5000 2453.1934   10.3472
   -7.5000   37.5000  -37.5000 2394.0037   10.8624
    0.0000   37.5000  -37.5000 2422.9331   10.7373
    7.5000   37.5000  -37.5000 2413.5525   10.7714
   -7.5000   45.0000  -37.5000 2333.8767   11.5115
    0.0000   45.0000  -37.5000 2361.4993   11.3766
    7.5000   45.0000  -37.5000 2352.8108   11.3989
   -7.5000  -45.0000  -30.0000 2418.7947   11.2376
    0.0000  -45.0000  -30.0000 2425.9299   11.2300
    7.5000  -45.0000  -30.0000 2399.8286   11.4422
   -7.5000  -37.5000  -30.0000 2433.6758   10.9228
    0.0000  -37.5000  -30.0000 2445.7163   10.9057
    7.5000  -37.5000  -30.0000 2421.4297   11.1132
   -7.5000  -30.0000  -30.0000 2466.4902   10.5896
    0.0000  -30.0000  -30.0000 2480.5732   10.5592
    7.5000  -30.0000  -30.0000 2450.0354   10.7491
   -7.5000  -22.5000  -30.0000 2512.1201   10.2796
    0.0000  -22.5000  -30.0000 2521.5808   10.2335
    7.5000  -22.5000  -30.0000 2490.8271   10.3981
   -7.5000  -15.0000  -30.0000 2549.4270   10.0188
    0.0000  -15.0000  -30.0000 2564.0562    9.9632
    7.5000  -15.0000  -30.0000 2536.8091   10.1020
   -7.5000   -7.5000  -30.0000 2579.3718    9.8112
    0.0000   -7.5000  -30.0000 2595.5688    9.7525
    7.5000   -7.5000  -30.0000 2571.9888    9.8527
   -7.5000    0.0000  -30.0000 2603.0742    9.6443
    0.0000    0.0000  -30.0000 2619.3408    9.6025
    7.5000    0.0000  -30.0000 2601.0867    9.6598
   -7.5000    7.5000  -30.0000 2619.2214    9.5545
    0.0000    7.5000  -30.0000 2641.6304    9.5179
    7.5000    7.5000  -30.0000 2626.6978    9.5554
   -7.5000   15.0000  -30.0000 2624.0183    9.5682
    0.0000   15.0000  -30.0000 2651.7412    9.5391
    7.5000   15.0000  -30.0000 2634.3872    9.5767
   -7.5000   22.5000  -30.0000 2616.0149    9.7249
    0.0000   22.5000  -30.0000 2645.5684    9.6720
    7.5000   22.5000  -30.0000 2632.2307    9.6946
   -7.5000   30.0000  -30.0000 2588.0361   10.0268
    0.0000   30.0000  -30.0000 2620.4880    9.9571
    7.5000   30.0000  -30.0000 2604.3838    9.9620
   -7.5000   37.5000  -30.0000 2544.6606   10.4890
    0.0000   37.5000  -30.0000 2576.6768   10.4038
    7.5000   37.5000  -30.0000 2562.6111   10.4030
   -7.5000   45.0000  -30.0000 2471.6909   11.1096
    0.0000   45.0000  -30.0000 2508.1235   10.9964
    7.5000   45.0000  -30.0000 2494.7300   11.0001
   -7.5000  -45.0000  -22.5000 2514.0969   10.7295
    0.0000  -45.0000  -22.5000 2519.7097   10.7099
    7.5000  -45.0000  -22.5000 2490.2236   10.9411
   -7.5000  -37.5000  -22.5000 2530.3267   10.4107
    0.0000  -37.5000  -22.5000 2542.7961   10.3959
    7.5000  -37.5000  -22.5000 2515.0928   10.6242
   -7.5000  -30.0000  -22.5000 2560.4624   10.0673
    0.0000  -30.0000  -22.5000 2572.8181   10.0292
    7.5000  -30.0000  -22.5000 2543.8567   10.2418
   -7.5000  -22.5000  -22.5000 2604.2249    9.7489
    0.0000  -22.5000  -22.5000 2616.3181    9.7085
    7.5000  -22.5000  -22.5000 2588.6282    9.9020
   -7.5000  -15.0000  -22.5000 2641.9585    9.4855
    0.0000  -15.0000  -22.5000 2657.0210    9.4211
    7.5000  -15.0000  -22.5000 2633.8481    9.5930
   -7.5000   -7.5000  -22.5000 2673.3652    9.3024
    0.0000   -7.5000  -22.5000 2693.6714    9.2265
    7.5000   -7.5000  -22.5000 2673.1167    9.3592
   -7.5000    0.0000  -22.5000 2703.9912    9.1551
    0.0000    0.0000  -22.5000 2725.2510    9.0732
    7.5000    0.0000  -22.5000 2708.7466    9.1853
   -7.5000    7.5000  -22.5000 2732.1646    9.0738
    0.0000    7.5000  -22.5000 2754.3521    9.0130
    7.5000    7.5000  -22.5000 2740.8474    9.0966
   -7.5000   15.0000  -22.5000 2738.3154    9.0976
    0.0000   15.0000  -22.5000 2770.1953    9.0335
    7.5000   15.0000  -22.5000 2750.2849    9.1104
   -7.5000   22.5000  -22.5000 2736.0403    9.2559
    0.0000   22.5000  -22.5000 2770.1853    9.1746
    7.5000   22.5000  -22.5000 2746.1780    9.2359
   -7.5000   30.0000  -22.5000 2708.9854    9.5841
    0.0000   30.0000  -22.5000 2753.3054    9.5084
    7.5000   30.0000  -22.5000 2725.2874    9.5237
   -7.5000   37.5000  -22.5000 2658.6638   10.0545
    0.0000   37.5000  -22.5000 2699.2849    9.9669
    7.5000   37.5000  -22.5000 2678.4075    9.9802
   -7.5000   45.0000  -22.5000 2579.3748   10.6611
    0.0000   45.0000  -22.5000 2618.0520   10.5284
    7.5000   45.0000  -22.5000 2601.9558   10.5433
   -7.5000  -45.0000  -15.0000 2589.1213   10.2227
    0.0000  -45.0000  -15.0000 2597.7117   10.2149
    7.5000  -45.0000  -15.0000 2562.1094   10.4684
   -7.5000  -37.5000  -15.0000 2602.2307    9.9042
    0.0000  -37.5000  -15.0000 2615.7642    9.8886
    7.5000  -37.5000  -15.0000 2586.2712   10.1561
   -7.5000  -30.0000  -15.0000 2625.4895    9.5716
    0.0000  -30.0000  -15.0000 2641.2883    9.5251
    7.5000  -30.0000  -15.0000 2611.2937    9.7736
   -7.5000  -22.5000  -15.0000 2664.0327    9.2557
    0.0000  -22.5000  -15.0000 2676.5249    9.1961
    7.5000  -22.5000  -15.0000 2653.2224    9.4269
   -7.5000  -15.0000  -15.0000 2704.2839    8.9987
    0.0000  -15.0000  -15.0000 2714.1040    8.9329
    7.5000  -15.0000  -15.0000 2694.6167    9.1330
   -7.5000   -7.5000  -15.0000 2739.0347    8.8276
    0.0000   -7.5000  -15.0000 2757.9294    8.7390
    7.5000   -7.5000  -15.0000 2740.5264    8.9152
   -7.5000    0.0000  -15.0000 2775.7368    8.7099
    0.0000    0.0000  -15.0000 2798.3997    8.5947
    7.5000    0.0000  -15.0000 2780.0454    8.7670
   -7.5000    7.5000  -15.0000 2811.3674    8.6739
    0.0000    7.5000  -15.0000 2842.4949    8.5572
    7.5000    7.5000  -15.0000 2821.8525    8.7003
   -7.5000   15.0000  -15.0000 2829.9680    8.7069
    0.0000   15.0000  -15.0000 2868.1353    8.5919
    7.5000   15.0000  -15.0000 2843.6995    8.7107
   -7.5000   22.5000  -15.0000 2832.8660    8.8630
    0.0000   22.5000  -15.0000 2873.2896    8.7388
    7.5000   22.5000  -15.0000 2844.3789    8.8458
   -7.5000   30.0000  -15.0000 2804.4895    9.1984
    0.0000   30.0000  -15.0000 2849.9905    9.0867
    7.5000   30.0000  -15.0000 2821.4146    9.1600
   -7.5000   37.5000  -15.0000 2743.0088    9.6450
    0.0000   37.5000  -15.0000 2786.6833    9.5270
    7.5000   37.5000  -15.0000 2760.6453    9.5806
   -7.5000   45.0000  -15.0000 2648.9080   10.2177
    0.0000   45.0000  -15.0000 2688.6040   10.0568
    7.5000   45.0000  -15.0000 2673.7930   10.1033
   -7.5000  -45.0000   -7.5000 2641.3682    9.7751
    0.0000  -45.0000   -7.5000 2648.7568    9.7599
    7.5000  -45.0000   -7.5000 2615.9819   10.0585
   -7.5000  -37.5000   -7.5000 2658.9727    9.4905
    0.0000  -37.5000   -7.5000 2667.8000    9.4687
    7.5000  -37.5000   -7.5000 2640.0764    9.7561
   -7.5000  -30.0000   -7.5000 2682.1670    9.1580
    0.0000  -30.0000   -7.5000 2691.0767    9.1274
    7.5000  -30.0000   -7.5000 2662.2515    9.3983
   -7.5000  -22.5000   -7.5000 2712.6829    8.8478
    0.0000  -22.5000   -7.5000 2723.8342    8.7896
    7.5000  -22.5000   -7.5000 2697.8560    9.0465
   -7.5000  -15.0000   -7.5000 2747.6555    8.5902
    0.0000  -15.0000   -7.5000 2761.8013    8.5104
    7.5000  -15.0000   -7.5000 2735.4678    8.7484
   -7.5000   -7.5000   -7.5000 2778.3000    8.4203
    0.0000   -7.5000   -7.5000 2801.3464    8.3121
    7.5000   -7.5000   -7.5000 2777.5637    8.5272
   -7.5000    0.0000   -7.5000 2822.0164    8.3283
    0.0000    0.0000   -7.5000 2845.7361    8.1928
    7.5000    0.0000   -7.5000 2824.0051    8.3965
   -7.5000    7.5000   -7.5000 2864.7544    8.3345
    0.0000    7.5000   -7.5000 2899.8809    8.1955
    7.5000    7.5000   -7.5000 2877.5884    8.3685
   -7.5000   15.0000   -7.5000 2895.9585    8.4270
    0.0000   15.0000   -7.5000 2948.6172    8.2803
    7.5000   15.0000   -7.5000 2914.8938    8.4465
   -7.5000   22.5000   -7.5000 2907.4868    8.5798
    0.0000   22.5000   -7.5000 2962.5840    8.3625
    7.5000   22.5000   -7.5000 2924.7615    8.5643
   -7.5000   30.0000   -7.5000 2871.3455    8.9129
    0.0000   30.0000   -7.5000 2918.0859    8.7026
    7.5000   30.0000   -7.5000 2892.8074    8.8503
   -7.5000   37.5000   -7.5000 2790.4617    9.3717
    0.0000   37.5000   -7.5000 2839.8267    9.1577
    7.5000   37.5000   -7.5000 2817.5330    9.2826
   -7.5000   45.0000   -7.5000 2689.4802    9.9183
    0.0000   45.0000   -7.5000 2728.4138    9.7263
    7.5000   45.0000   -7.5000 2716.0476    9.8284
   -7.5000  -45.0000    0.0000 2684.1919    9.5321
    0.0000  -45.0000    0.0000 2690.4685    9.5184
    7.5000  -45.0000    0.0000 2654.3638    9.7819
   -7.5000  -37.5000    0.0000 2707.5376    9.2346
    0.0000  -37.5000    0.0000 2716.3311    9.1957
    7.5000  -37.5000    0.0000 2678.4856    9.4689
   -7.5000  -30.0000    0.0000 2723.4255    8.9299
    0.0000  -30.0000    0.0000 2733.6511    8.8638
    7.5000  -30.0000    0.0000 2698.7129    9.1210
   -7.5000  -22.5000    0.0000 2746.4702    8.6232
    0.0000  -22.5000    0.0000 2757.8796    8.5490
    7.5000  -22.5000    0.0000 2728.2593    8.8018
   -7.5000  -15.0000    0.0000 2773.8999    8.3672
    0.0000  -15.0000    0.0000 2787.6826    8.2769
    7.5000  -15.0000    0.0000 2761.6694    8.5140
   -7.5000   -7.5000    0.0000 2804.6167    8.1896
    0.0000   -7.5000    0.0000 2826.6162    8.0720
    7.5000   -7.5000    0.0000 2799.1387    8.3107
   -7.5000    0.0000    0.0000 2847.6106    8.1045
    0.0000    0.0000    0.0000 2874.8757    7.9618
    7.5000    0.0000    0.0000 2843.1902    8.2020
   -7.5000    7.5000    0.0000 2888.0100    8.1350
    0.0000    7.5000    0.0000 2927.2446    7.9793
    7.5000    7.5000    0.0000 2898.0100    8.1952
   -7.5000   15.0000    0.0000 2923.1785    8.2842
    0.0000   15.0000    0.0000 2976.4504    8.1199
    7.5000   15.0000    0.0000 2945.4058    8.3257
   -7.5000   22.5000    0.0000 2937.7798    8.5012
    0.0000   22.5000    0.0000 2994.6941    8.2160
    7.5000   22.5000    0.0000 2960.3293    8.4948
   -7.5000   30.0000    0.0000 2905.1018    8.8022
    0.0000   30.0000    0.0000 2951.3323    8.5109
    7.5000   30.0000    0.0000 2926.0249    8.7393
   -7.5000   37.5000    0.0000 2816.7981    9.2273
    0.0000   37.5000    0.0000 2865.0530    8.9939
    7.5000   37.5000    0.0000 2841.2314    9.1317
   -7.5000   45.0000    0.0000 2697.5925    9.8069
    0.0000   45.0000    0.0000 2739.3962    9.5982
    7.5000   45.0000    0.0000 2723.8491    9.7042
   -7.5000  -45.0000    7.5000 2716.9258    9.4566
    0.0000  -45.0000    7.5000 2718.3806    9.4073
    7.5000  -45.0000    7.5000 2676.0903    9.6455
   -7.5000  -37.5000    7.5000 2739.6570    9.1616
    0.0000  -37.5000    7.5000 2745.8735    9.1042
    7.5000  -37.5000    7.5000 2706.1987    9.3241
   -7.5000  -30.0000    7.5000 2757.3796    8.8393
    0.0000  -30.0000    7.5000 2766.3086    8.7766
    7.5000  -30.0000    7.5000 2724.9956    8.9936
   -7.5000  -22.5000    7.5000 2775.5386    8.5370
    0.0000  -22.5000    7.5000 2788.4111    8.4690
    7.5000  -22.5000    7.5000 2750.9141    8.6987
   -7.5000  -15.0000    7.5000 2794.9624    8.2857
    0.0000  -15.0000    7.5000 2815.8535    8.1967
    7.5000  -15.0000    7.5000 2782.4238    8.4252
   -7.5000   -7.5000    7.5000 2814.8569    8.1432
    0.0000   -7.5000    7.5000 2840.7126    8.0200
    7.5000   -7.5000    7.5000 2811.5818    8.2493
   -7.5000    0.0000    7.5000 2845.0461    8.0780
    0.0000    0.0000    7.5000 2874.3457    7.9279
    7.5000    0.0000    7.5000 2851.8760    8.1736
   -7.5000    7.5000    7.5000 2884.8247    8.1620
    0.0000    7.5000    7.5000 2919.2444    8.0137
    7.5000    7.5000    7.5000 2899.0464    8.2247
   -7.5000   15.0000    7.5000 2917.2488    8.3340
    0.0000   15.0000    7.5000 2962.9136    8.1952
    7.5000   15.0000    7.5000 2934.3022    8.3868
   -7.5000   22.5000    7.5000 2922.8513    8.5843
    0.0000   22.5000    7.5000 2967.2463    8.3941
    7.5000   22.5000    7.5000 2938.5022    8.5664
   -7.5000   30.0000    7.5000 2883.0332    8.9000
    0.0000   30.0000    7.5000 2931.4375    8.7383
    7.5000   30.0000    7.5000 2904.0288    8.8377
   -7.5000   37.5000    7.5000 2800.6506    9.3026
    0.0000   37.5000    7.5000 2846.5420    9.1325
    7.5000   37.5000    7.5000 2820.1018    9.2123
   -7.5000   45.0000    7.5000 2681.1545    9.8847
    0.0000   45.0000    7.5000 2720.6553    9.7050
    7.5000   45.0000    7.5000 2705.5642    9.7751
   -7.5000  -45.0000   15.0000 2714.1907    9.4956
    0.0000  -45.0000   15.0000 2714.0217    9.4291
    7.5000  -45.0000   15.0000 2676.8640    9.6166
   -7.5000  -37.5000   15.0000 2741.2419    9.1840
    0.0000  -37.5000   15.0000 2746.7397    9.1168
    7.5000  -37.5000   15.0000 2706.0562    9.3118
   -7.5000  -30.0000   15.0000 2761.6685    8.8558
    0.0000  -30.0000   15.0000 2770.9094    8.7694
    7.5000  -30.0000   15.0000 2727.0867    8.9892
   -7.5000  -22.5000   15.0000 2778.7969    8.5592
    0.0000  -22.5000   15.0000 2793.1494    8.4760
    7.5000  -22.5000   15.0000 2753.5107    8.7012
   -7.5000  -15.0000   15.0000 2795.0281    8.3583
    0.0000  -15.0000   15.0000 2814.3450    8.2625
    7.5000  -15.0000   15.0000 2778.6482    8.4706
   -7.5000   -7.5000   15.0000 2807.6794    8.2593
    0.0000   -7.5000   15.0000 2831.8589    8.1527
    7.5000   -7.5000   15.0000 2800.2788    8.3632
   -7.5000    0.0000   15.0000 2825.0720    8.2686
    0.0000    0.0000   15.0000 2852.4709    8.1574
    7.5000    0.0000   15.0000 2829.7083    8.3437
   -7.5000    7.5000   15.0000 2854.6306    8.3899
    0.0000    7.5000   15.0000 2885.8975    8.2661
    7.5000    7.5000   15.0000 2867.1975    8.4220
   -7.5000   15.0000   15.0000 2875.1223    8.5380
    0.0000   15.0000   15.0000 2916.8242    8.3808
    7.5000   15.0000   15.0000 2891.1748    8.5364
   -7.5000   22.5000   15.0000 2864.6289    8.7480
    0.0000   22.5000   15.0000 2906.6917    8.6034
    7.5000   22.5000   15.0000 2889.6790    8.7351
   -7.5000   30.0000   15.0000 2821.9497    9.0916
    0.0000   30.0000   15.0000 2863.2188    8.9559
    7.5000   30.0000   15.0000 2849.1384    9.0502
   -7.5000   37.5000   15.0000 2744.3315    9.5572
    0.0000   37.5000   15.0000 2783.0996    9.4003
    7.5000   37.5000   15.0000 2769.8950    9.4757
   -7.5000   45.0000   15.0000 2635.8682   10.1608
    0.0000   45.0000   15.0000 2671.6519   10.0065
    7.5000   45.0000   15.0000 2656.8816   10.0615
   -7.5000  -45.0000   22.5000 2695.5256    9.6251
    0.0000  -45.0000   22.5000 2699.7520    9.5354
    7.5000  -45.0000   22.5000 2661.5530    9.7089
   -7.5000  -37.5000   22.5000 2720.8743    9.2977
    0.0000  -37.5000   22.5000 2725.6245    9.2041
    7.5000  -37.5000   22.5000 2689.2078    9.3842
   -7.5000  -30.0000   22.5000 2737.1572    8.9895
    0.0000  -30.0000   22.5000 2748.4019    8.9089
    7.5000  -30.0000   22.5000 2710.5332    9.0912
   -7.5000  -22.5000   22.5000 2756.8452    8.7324
    0.0000  -22.5000   22.5000 2766.8093    8.6584
    7.5000  -22.5000   22.5000 2731.1140    8.8504
   -7.5000  -15.0000   22.5000 2769.3340    8.5752
    0.0000  -15.0000   22.5000 2785.7593    8.5034
    7.5000  -15.0000   22.5000 2751.2908    8.6778
   -7.5000   -7.5000   22.5000 2783.0024    8.5006
    0.0000   -7.5000   22.5000 2806.9951    8.4297
    7.5000   -7.5000   22.5000 2773.7236    8.6112
   -7.5000    0.0000   22.5000 2793.1667    8.5561
    0.0000    0.0000   22.5000 2826.5693    8.4665
    7.5000    0.0000   22.5000 2798.0049    8.6334
   -7.5000    7.5000   22.5000 2808.5635    8.6716
    0.0000    7.5000   22.5000 2841.9873    8.5482
    7.5000    7.5000   22.5000 2823.6970    8.7049
   -7.5000   15.0000   22.5000 2813.8972    8.8318
    0.0000   15.0000   22.5000 2846.7957    8.6690
    7.5000   15.0000   22.5000 2824.9863    8.8168
   -7.5000   22.5000   22.5000 2793.3127    9.0876
    0.0000   22.5000   22.5000 2823.7449    8.9370
    7.5000   22.5000   22.5000 2814.5181    9.0627
   -7.5000   30.0000   22.5000 2743.4250    9.4682
    0.0000   30.0000   22.5000 2777.6953    9.2882
    7.5000   30.0000   22.5000 2769.2000    9.4068
   -7.5000   37.5000   22.5000 2670.4561    9.9508
    0.0000   37.5000   22.5000 2702.4666    9.7651
    7.5000   37.5000   22.5000 2692.6804    9.8684
   -7.5000   45.0000   22.5000 2573.0708   10.5780
    0.0000   45.0000   22.5000 2603.1465   10.4017
    7.5000   45.0000   22.5000 2588.0737   10.4844
   -7.5000  -45.0000   30.0000 2652.3428    9.8727
    0.0000  -45.0000   30.0000 2658.8787    9.7785
    7.5000  -45.0000   30.0000 2625.2791    9.9612
   -7.5000  -37.5000   30.0000 2672.6494    9.5717
    0.0000  -37.5000   30.0000 2679.7812    9.4867
    7.5000  -37.5000   30.0000 2644.9165    9.6565
   -7.5000  -30.0000   30.0000 2693.8008    9.2960
    0.0000  -30.0000   30.0000 2699.1846    9.2225
    7.5000  -30.0000   30.0000 2664.6165    9.3894
   -7.5000  -22.5000   30.0000 2705.6804    9.0820
    0.0000  -22.5000   30.0000 2716.4631    8.9970
    7.5000  -22.5000   30.0000 2684.1477    9.1607
   -7.5000  -15.0000   30.0000 2716.2295    8.9309
    0.0000  -15.0000   30.0000 2735.3108    8.8564
    7.5000  -15.0000   30.0000 2703.8770    9.0213
   -7.5000   -7.5000   30.0000 2731.8716    8.8678
    0.0000   -7.5000   30.0000 2759.0869    8.7872
    7.5000   -7.5000   30.0000 2727.2490    8.9622
   -7.5000    0.0000   30.0000 2737.9146    8.9231
    0.0000    0.0000   30.0000 2773.0327    8.8213
    7.5000    0.0000   30.0000 2749.1021    8.9869
   -7.5000    7.5000   30.0000 2743.6582    9.0659
    0.0000    7.5000   30.0000 2779.0938    8.9452
    7.5000    7.5000   30.0000 2759.7686    9.0758
   -7.5000   15.0000   30.0000 2736.8010    9.2648
    0.0000   15.0000   30.0000 2765.0112    9.1423
    7.5000   15.0000   30.0000 2748.6082    9.2560
   -7.5000   22.5000   30.0000 2707.5854    9.5735
    0.0000   22.5000   30.0000 2736.8875    9.4323
    7.5000   22.5000   30.0000 2726.6389    9.5308
   -7.5000   30.0000   30.0000 2656.7783    9.9528
    0.0000   30.0000   30.0000 2685.3611    9.7728
    7.5000   30.0000   30.0000 2676.2751    9.8809
   -7.5000   37.5000   30.0000 2589.4875   10.4670
    0.0000   37.5000   30.0000 2611.9414   10.2757
    7.5000   37.5000   30.0000 2608.3054   10.3768
   -7.5000   45.0000   30.0000 2493.0308   11.1196
    0.0000   45.0000   30.0000 2520.9172   10.9303
    7.5000   45.0000   30.0000 2512.1907   11.0188
   -7.5000  -45.0000   37.5000 2604.4849   10.3253
    0.0000  -45.0000   37.5000 2604.1028   10.2331
    7.5000  -45.0000   37.5000 2572.4500   10.4295
   -7.5000  -37.5000   37.5000 2617.8767   10.0207
    0.0000  -37.5000   37.5000 2622.1809    9.9551
    7.5000  -37.5000   37.5000 2588.6985   10.1213
   -7.5000  -30.0000   37.5000 2635.0918    9.7630
    0.0000  -30.0000   37.5000 2637.9109    9.6873
    7.5000  -30.0000   37.5000 2605.8555    9.8612
   -7.5000  -22.5000   37.5000 2646.0405    9.5651
    0.0000  -22.5000   37.5000 2654.3535    9.4843
    7.5000  -22.5000   37.5000 2626.3533    9.6471
   -7.5000  -15.0000   37.5000 2654.8918    9.4237
    0.0000  -15.0000   37.5000 2670.5188    9.3506
    7.5000  -15.0000   37.5000 2644.1069    9.4867
   -7.5000   -7.5000   37.5000 2669.2329    9.3720
    0.0000   -7.5000   37.5000 2687.8650    9.2993
    7.5000   -7.5000   37.5000 2664.0854    9.4322
   -7.5000    0.0000   37.5000 2666.9939    9.4502
    0.0000    0.0000   37.5000 2694.9846    9.3496
    7.5000    0.0000   37.5000 2678.0947    9.4749
   -7.5000    7.5000   37.5000 2667.9448    9.6027
    0.0000    7.5000   37.5000 2696.3774    9.4896
    7.5000    7.5000   37.5000 2683.9363    9.6004
   -7.5000   15.0000   37.5000 2653.1829    9.8360
    0.0000   15.0000   37.5000 2677.8223    9.7236
    7.5000   15.0000   37.5000 2669.1357    9.8332
   -7.5000   22.5000   37.5000 2616.7026   10.1902
    0.0000   22.5000   37.5000 2641.4712   10.0611
    7.5000   22.5000   37.5000 2633.9119   10.1645
   -7.5000   30.0000   37.5000 2561.9856   10.5968
    0.0000   30.0000   37.5000 2584.2554   10.4526
    7.5000   30.0000   37.5000 2580.1914   10.5442
   -7.5000   37.5000   37.5000 2501.7874   11.1369
    0.0000   37.5000   37.5000 2523.0159   10.9842
    7.5000   37.5000   37.5000 2517.3958   11.0631
   -7.5000   45.0000   37.5000 2414.7849   11.7920
    0.0000   45.0000   37.5000 2442.6311   11.6262
    7.5000   45.0000   37.5000 2431.4541   11.6859
   -7.5000  -45.0000   45.0000 2541.1858   10.9852
    0.0000  -45.0000   45.0000 2540.1746   10.9122
    7.5000  -45.0000   45.0000 2511.5500   11.1039
   -7.5000  -37.5000   45.0000 2553.6309   10.6674
    0.0000  -37.5000   45.0000 2557.0488   10.5836
    7.5000  -37.5000   45.0000 2526.1514   10.7716
   -7.5000  -30.0000   45.0000 2562.9922   10.4124
    0.0000  -30.0000   45.0000 2569.7991   10.3140
    7.5000  -30.0000   45.0000 2540.1074   10.4820
   -7.5000  -22.5000   45.0000 2570.8665   10.2048
    0.0000  -22.5000   45.0000 2580.2563   10.1117
    7.5000  -22.5000   45.0000 2553.8643   10.2694
   -7.5000  -15.0000   45.0000 2579.9111   10.0703
    0.0000  -15.0000   45.0000 2594.7263    9.9864
    7.5000  -15.0000   45.0000 2569.9138   10.1305
   -7.5000   -7.5000   45.0000 2588.4714   10.0302
    0.0000   -7.5000   45.0000 2609.5161    9.9535
    7.5000   -7.5000   45.0000 2587.7629   10.0937
   -7.5000    0.0000   45.0000 2586.3843   10.1223
    0.0000    0.0000   45.0000 2608.8088   10.0236
    7.5000    0.0000   45.0000 2594.2002   10.1407
   -7.5000    7.5000   45.0000 2581.2910   10.2737
    0.0000    7.5000   45.0000 2600.6313   10.1709
    7.5000    7.5000   45.0000 2591.9062   10.2790
   -7.5000   15.0000   45.0000 2558.2705   10.5348
    0.0000   15.0000   45.0000 2577.4443   10.4366
    7.5000   15.0000   45.0000 2574.2139   10.5413
   -7.5000   22.5000   45.0000 2519.5293   10.9442
    0.0000   22.5000   45.0000 2539.3386   10.8240
    7.5000   22.5000   45.0000 2536.9866   10.9325
   -7.5000   30.0000   45.0000 2464.5544   11.3901
    0.0000   30.0000   45.0000 2484.4197   11.2672
    7.5000   30.0000   45.0000 2483.7769   11.3605
   -7.5000   37.5000   45.0000 2407.2896   11.9578
    0.0000   37.5000   45.0000 2426.3782   11.8262
    7.5000   37.5000   45.0000 2425.1433   11.8909
   -7.5000   45.0000   45.0000 2330.2043   12.6316
    0.0000   45.0000   45.0000 2351.9756   12.4798
    7.5000   45.0000   45.0000 2346.2886   12.5436

---------------------------------------------------------------------
imgreg_4dfp /opt/freesurfer/average/711-2C_as_mni_average_305 /opt/freesurfer/average/711-2B_as_mni_average_305_mask talsrcimg_g11 none talsrcimg_to_711-2C_as_mni_average_305_t4 1283
---------------------------------------------------------------------

freesurfer imgreg_4dfp.c
/opt/freesurfer/average/711-2C_as_mni_average_305.4dfp.img
       256       256       256         1
  1.000000  1.000000  1.000000
orientation T byte_order littleendian
Reading image: /opt/freesurfer/average/711-2C_as_mni_average_305.4dfp.img
dimensions:      256       256       256
mmppix:       1.0000   -1.0000   -1.0000
center:     128.0000 -129.0000 -129.0000
/opt/freesurfer/average/711-2B_as_mni_average_305_mask.4dfp.img
       256       256       256         1
  1.000000  1.000000  1.000000
orientation T byte_order littleendian
Reading mask: /opt/freesurfer/average/711-2B_as_mni_average_305_mask.4dfp.img (2306576 pixels)
talsrcimg_g11.4dfp.img
       256       256       256         1
  1.000000  1.000000  1.000000
orientation T byte_order littleendian
Reading image: talsrcimg_g11.4dfp.img
dimensions:      256       256       256
mmppix:       1.0000   -1.0000   -1.0000
center:     128.0000 -129.0000 -129.0000
rotation matrix determinant  1.000000
fimgreg.f
image alignment mode   1283 decimal      503 hex
parameters
    0.0000   22.5000    0.0000    0.0000    0.0000    0.0000
eta,q 0.93985  8.23533
niter,ni,del,rscale     5    3   12.0000    1.2000
parameter  6  0.516004 ->  0.500000 qaram    1.1500
parameters
    2.1852   20.9266    0.2685    0.3285   -0.1172   -3.4500
eta,q 0.94056  8.22345
  0.0761  0.0644  0.0673  0.0637  0.0648  0.0603
  0.0719  0.0620  0.0644  0.0625  0.0619  0.0596
  0.0668  0.0603  0.0616  0.0612  0.0601  0.0593
  0.0625  0.0608  0.0605  0.0603  0.0601  0.0601
  0.0611  0.0630  0.0614  0.0596  0.0609  0.0620
  0.0622  0.0673  0.0631  0.0610  0.0625  0.0649
  0.0659  0.0720  0.0665  0.0640  0.0647  0.0675
niter,ni,del,rscale     5    3   12.0000    1.2000
parameters
    1.6132   20.1764    0.6994    1.9660    0.3769   -3.8707
eta,q 0.94171  8.22132
  0.0683  0.0630  0.0662  0.0613  0.0646  0.0624
  0.0634  0.0610  0.0627  0.0605  0.0612  0.0607
  0.0597  0.0597  0.0598  0.0599  0.0593  0.0589
  0.0594  0.0592  0.0593  0.0594  0.0584  0.0583
  0.0618  0.0598  0.0601  0.0582  0.0584  0.0589
  0.0659  0.0622  0.0613  0.0582  0.0601  0.0608
  0.0723  0.0664  0.0643  0.0604  0.0628  0.0642
niter,ni,del,rscale     4    3   12.0000    1.2000
parameters
    1.1270   19.1290    1.2469    2.9307    0.5568   -4.1241
eta,q 0.94300  8.16672
  0.0681  0.0627  0.0668  0.0619  0.0643  0.0624
  0.0635  0.0598  0.0626  0.0609  0.0606  0.0606
  0.0588  0.0581  0.0591  0.0596  0.0581  0.0582
  0.0583  0.0580  0.0578  0.0578  0.0570  0.0570
  0.0613  0.0600  0.0583  0.0568  0.0576  0.0581
  0.0655  0.0632  0.0605  0.0582  0.0601  0.0605
  0.0716  0.0673  0.0641  0.0610  0.0635  0.0638
niter,ni,del,rscale     3    3   12.0000    1.2000
parameters
    0.8095   18.6198    1.5830    3.4270    0.6598   -4.1282
eta,q 0.94350  8.13565
  0.0681  0.0642  0.0667  0.0623  0.0645  0.0625
  0.0638  0.0603  0.0621  0.0607  0.0606  0.0607
  0.0584  0.0576  0.0586  0.0587  0.0577  0.0582
  0.0570  0.0569  0.0568  0.0568  0.0565  0.0565
  0.0602  0.0590  0.0576  0.0568  0.0573  0.0576
  0.0650  0.0624  0.0610  0.0589  0.0603  0.0601
  0.0706  0.0667  0.0647  0.0616  0.0640  0.0632
niter,ni,del,rscale     2    3   12.0000    1.2000
parameters
    0.6450   18.3384    1.7862    3.6974    0.7563   -4.1064
eta,q 0.94367  8.12137
  0.0683  0.0651  0.0665  0.0625  0.0647  0.0625
  0.0642  0.0607  0.0619  0.0605  0.0607  0.0607
  0.0587  0.0575  0.0582  0.0582  0.0576  0.0581
  0.0565  0.0565  0.0564  0.0564  0.0563  0.0563
  0.0594  0.0584  0.0577  0.0570  0.0572  0.0575
  0.0645  0.0621  0.0615  0.0594  0.0603  0.0600
  0.0698  0.0665  0.0650  0.0621  0.0643  0.0631
niter,ni,del,rscale     1    3   12.0000    1.2000
parameters
    0.5470   18.1706    1.9047    3.8275    0.8231   -4.0971
eta,q 0.94371  8.11346
  0.0683  0.0655  0.0664  0.0625  0.0647  0.0626
  0.0643  0.0610  0.0617  0.0603  0.0607  0.0607
  0.0589  0.0575  0.0580  0.0580  0.0575  0.0580
  0.0563  0.0563  0.0563  0.0563  0.0563  0.0563
  0.0591  0.0582  0.0578  0.0572  0.0572  0.0576
  0.0643  0.0619  0.0618  0.0597  0.0604  0.0601
  0.0695  0.0663  0.0652  0.0624  0.0645  0.0631
registration optimization eta report
parameter search radius
    6.0000    6.0000    6.0000    6.0000    6.0000    6.9000
100000*second partial in parameter space
       33.       26.       25.       16.       23.       13.
  0.0683  0.0655  0.0664  0.0625  0.0647  0.0626
  0.0643  0.0610  0.0617  0.0603  0.0607  0.0607
  0.0589  0.0575  0.0580  0.0580  0.0575  0.0580
  0.0563  0.0563  0.0563  0.0563  0.0563  0.0563
  0.0591  0.0582  0.0578  0.0572  0.0572  0.0576
  0.0643  0.0619  0.0618  0.0597  0.0604  0.0601
  0.0695  0.0663  0.0652  0.0624  0.0645  0.0631
    0.5470   18.1706    1.9047    3.8275    0.8231   -4.0971
eta,q 0.94371  8.11346

---------------------------------------------------------------------
imgreg_4dfp /opt/freesurfer/average/711-2C_as_mni_average_305 /opt/freesurfer/average/711-2B_as_mni_average_305_mask talsrcimg_g11 none talsrcimg_to_711-2C_as_mni_average_305_t4 3335
---------------------------------------------------------------------

freesurfer imgreg_4dfp.c
/opt/freesurfer/average/711-2C_as_mni_average_305.4dfp.img
       256       256       256         1
  1.000000  1.000000  1.000000
orientation T byte_order littleendian
Reading image: /opt/freesurfer/average/711-2C_as_mni_average_305.4dfp.img
dimensions:      256       256       256
mmppix:       1.0000   -1.0000   -1.0000
center:     128.0000 -129.0000 -129.0000
/opt/freesurfer/average/711-2B_as_mni_average_305_mask.4dfp.img
       256       256       256         1
  1.000000  1.000000  1.000000
orientation T byte_order littleendian
Reading mask: /opt/freesurfer/average/711-2B_as_mni_average_305_mask.4dfp.img (2306576 pixels)
talsrcimg_g11.4dfp.img
       256       256       256         1
  1.000000  1.000000  1.000000
orientation T byte_order littleendian
Reading image: talsrcimg_g11.4dfp.img
dimensions:      256       256       256
mmppix:       1.0000   -1.0000   -1.0000
center:     128.0000 -129.0000 -129.0000
fimgreg.f
image alignment mode   3335 decimal      D07 hex
parameters
    0.5470   18.1706    1.9047   -0.2659   -0.4712   -0.2333
    7.0332   -1.9066   -7.1440   -6.5558    1.4365    6.6746
eta,q 0.94115  8.20930
niter,ni,del,rscale     5    3    5.0000    1.2000
parameter  4  2.025710 ->  0.500000 qaram    1.1500
parameter  5  1.423572 ->  0.500000 qaram    1.1500
parameter  6  1.670908 ->  0.500000 qaram    1.1500
parameter 12  1.294286 ->  0.500000 qaram    1.1500
parameters
    0.4132   19.0406    1.1138   -4.4059   -4.6112   -4.3733
    6.7115   -1.4784   -6.2544   -6.6989    1.6585    2.5346
eta,q 0.95353  7.89472
  0.0603  0.0609  0.0590  0.0517  0.0505  0.0459  0.0493  0.0513  0.0487  0.0494  0.0485  0.0461
  0.0594  0.0600  0.0586  0.0533  0.0512  0.0471  0.0483  0.0494  0.0481  0.0484  0.0480  0.0464
  0.0589  0.0593  0.0585  0.0557  0.0523  0.0488  0.0477  0.0481  0.0477  0.0477  0.0476  0.0468
  0.0589  0.0588  0.0587  0.0585  0.0539  0.0515  0.0475  0.0475  0.0475  0.0474  0.0475  0.0474
  0.0591  0.0587  0.0590  0.0617  0.0561  0.0548  0.0478  0.0477  0.0475  0.0477  0.0475  0.0483
  0.0596  0.0588  0.0594  0.0654  0.0584  0.0584  0.0485  0.0488  0.0477  0.0485  0.0479  0.0493
  0.0606  0.0592  0.0601  0.0697  0.0612  0.0620  0.0497  0.0506  0.0482  0.0497  0.0484  0.0505
niter,ni,del,rscale     7    3    5.0000    1.2000
parameter  2 -1.351960 -> -0.500000 qaram    1.1500
parameter  4  0.697183 ->  0.500000 qaram    1.3225
parameter  5  0.675194 ->  0.500000 qaram    1.3225
parameter  6  0.559020 ->  0.500000 qaram    1.3225
parameter 10 -0.587145 -> -0.500000 qaram    1.1500
parameters
    0.5493   20.4205    0.7261   -9.1669   -9.3722   -9.1343
    7.3893   -1.1960   -7.5079   -2.5589    2.2105    0.3118
eta,q 0.95959  7.52030
  0.0489  0.0502  0.0460  0.0436  0.0423  0.0414  0.0432  0.0445  0.0416  0.0449  0.0416  0.0411
  0.0477  0.0487  0.0454  0.0431  0.0423  0.0412  0.0422  0.0427  0.0413  0.0433  0.0410  0.0406
  0.0468  0.0475  0.0452  0.0435  0.0424  0.0415  0.0416  0.0416  0.0412  0.0421  0.0407  0.0404
  0.0465  0.0465  0.0452  0.0452  0.0431  0.0423  0.0412  0.0412  0.0412  0.0412  0.0405  0.0405
  0.0466  0.0456  0.0455  0.0479  0.0445  0.0438  0.0413  0.0414  0.0413  0.0406  0.0405  0.0408
  0.0473  0.0451  0.0460  0.0512  0.0466  0.0468  0.0417  0.0423  0.0416  0.0405  0.0408  0.0415
  0.0485  0.0447  0.0468  0.0552  0.0491  0.0512  0.0426  0.0440  0.0421  0.0409  0.0413  0.0424
niter,ni,del,rscale     7    3    5.0000    1.2000
parameter  2 -2.453899 -> -0.500000 qaram    1.3225
parameters
    0.6426   22.0075    0.3850   -9.9399  -13.6288  -10.9951
    7.1699   -0.8302   -7.6882    0.9838    2.2595   -2.3938
eta,q 0.96315  7.30759
  0.0426  0.0465  0.0386  0.0412  0.0379  0.0390  0.0390  0.0404  0.0382  0.0413  0.0378  0.0375
  0.0414  0.0443  0.0380  0.0396  0.0373  0.0380  0.0381  0.0387  0.0377  0.0394  0.0374  0.0370
  0.0407  0.0422  0.0378  0.0383  0.0375  0.0374  0.0375  0.0377  0.0374  0.0380  0.0371  0.0368
  0.0404  0.0404  0.0378  0.0377  0.0378  0.0374  0.0373  0.0373  0.0373  0.0373  0.0371  0.0370
  0.0406  0.0388  0.0380  0.0381  0.0386  0.0378  0.0376  0.0375  0.0374  0.0371  0.0371  0.0375
  0.0412  0.0374  0.0384  0.0401  0.0402  0.0391  0.0382  0.0383  0.0378  0.0371  0.0373  0.0381
  0.0423  0.0364  0.0391  0.0431  0.0428  0.0422  0.0392  0.0398  0.0383  0.0375  0.0378  0.0389
niter,ni,del,rscale     7    3    5.0000    1.2000
parameter  2 -2.380835 -> -0.500000 qaram    1.5209
parameters
    0.8225   23.8326   -0.0413  -10.1804  -16.1006  -11.3060
    7.0705   -0.5932   -7.2917    5.0399    2.4312   -5.7431
eta,q 0.96801  7.23663
  0.0393  0.0454  0.0338  0.0367  0.0344  0.0351  0.0347  0.0359  0.0343  0.0375  0.0332  0.0326
  0.0380  0.0424  0.0333  0.0350  0.0331  0.0339  0.0336  0.0342  0.0335  0.0354  0.0327  0.0321
  0.0372  0.0395  0.0330  0.0336  0.0326  0.0331  0.0329  0.0331  0.0329  0.0338  0.0324  0.0320
  0.0368  0.0368  0.0330  0.0330  0.0330  0.0327  0.0327  0.0327  0.0327  0.0327  0.0322  0.0322
  0.0369  0.0345  0.0333  0.0332  0.0339  0.0328  0.0330  0.0329  0.0328  0.0322  0.0323  0.0328
  0.0376  0.0326  0.0339  0.0348  0.0351  0.0337  0.0337  0.0339  0.0332  0.0323  0.0326  0.0337
  0.0387  0.0313  0.0347  0.0376  0.0370  0.0360  0.0348  0.0355  0.0340  0.0327  0.0331  0.0346
niter,ni,del,rscale     7    3    5.0000    1.2000
parameter  2 -1.308705 -> -0.500000 qaram    1.7490
parameters
    0.8480   25.9314   -0.7835  -10.3895  -17.9682  -11.2012
    7.1572   -0.6183   -7.3710    8.2441    2.6718   -8.8536
eta,q 0.97331  7.20971
  0.0347  0.0435  0.0284  0.0319  0.0299  0.0305  0.0300  0.0311  0.0297  0.0336  0.0283  0.0276
  0.0332  0.0394  0.0279  0.0300  0.0284  0.0290  0.0287  0.0291  0.0285  0.0310  0.0276  0.0269
  0.0323  0.0355  0.0277  0.0285  0.0275  0.0279  0.0278  0.0279  0.0277  0.0289  0.0272  0.0267
  0.0320  0.0320  0.0278  0.0277  0.0277  0.0275  0.0275  0.0275  0.0275  0.0275  0.0271  0.0271
  0.0322  0.0292  0.0283  0.0280  0.0288  0.0275  0.0278  0.0279  0.0277  0.0270  0.0271  0.0278
  0.0331  0.0275  0.0290  0.0297  0.0302  0.0283  0.0286  0.0291  0.0285  0.0274  0.0275  0.0288
  0.0346  0.0270  0.0301  0.0328  0.0324  0.0309  0.0299  0.0311  0.0298  0.0283  0.0281  0.0300
niter,ni,del,rscale     7    3    5.0000    1.2000
parameters
    0.8596   27.8504   -1.1937  -10.4643  -18.8244  -10.9487
    7.4516   -0.7243   -7.6415   10.1733    2.6073  -10.8836
eta,q 0.97546  7.23091
  0.0299  0.0396  0.0260  0.0293  0.0280  0.0285  0.0277  0.0287  0.0271  0.0310  0.0260  0.0258
  0.0282  0.0346  0.0253  0.0274  0.0262  0.0267  0.0262  0.0265  0.0259  0.0281  0.0252  0.0249
  0.0271  0.0300  0.0250  0.0258  0.0251  0.0255  0.0252  0.0252  0.0251  0.0260  0.0248  0.0246
  0.0267  0.0267  0.0250  0.0249  0.0249  0.0249  0.0248  0.0248  0.0248  0.0248  0.0247  0.0247
  0.0270  0.0250  0.0253  0.0251  0.0257  0.0248  0.0251  0.0253  0.0252  0.0248  0.0248  0.0253
  0.0281  0.0254  0.0261  0.0269  0.0271  0.0257  0.0260  0.0267  0.0261  0.0257  0.0253  0.0264
  0.0299  0.0277  0.0272  0.0302  0.0293  0.0287  0.0273  0.0289  0.0275  0.0270  0.0260  0.0277
niter,ni,del,rscale     6    3    5.0000    1.2000
parameters
    0.8813   28.0562   -1.4156  -10.4593  -18.7861  -10.7186
    7.6234   -0.6572   -7.6900   10.9657    2.5012  -11.5044
eta,q 0.97552  7.25512
  0.0281  0.0334  0.0258  0.0290  0.0284  0.0283  0.0273  0.0287  0.0269  0.0294  0.0257  0.0264
  0.0262  0.0290  0.0250  0.0271  0.0263  0.0264  0.0258  0.0263  0.0256  0.0268  0.0250  0.0253
  0.0250  0.0258  0.0246  0.0255  0.0249  0.0251  0.0249  0.0249  0.0248  0.0251  0.0246  0.0246
  0.0245  0.0245  0.0245  0.0245  0.0245  0.0245  0.0245  0.0245  0.0245  0.0245  0.0245  0.0245
  0.0249  0.0253  0.0248  0.0246  0.0251  0.0243  0.0247  0.0249  0.0248  0.0249  0.0247  0.0249
  0.0261  0.0279  0.0254  0.0264  0.0263  0.0253  0.0257  0.0263  0.0257  0.0261  0.0251  0.0258
  0.0280  0.0319  0.0264  0.0298  0.0283  0.0287  0.0271  0.0285  0.0270  0.0276  0.0258  0.0270
niter,ni,del,rscale     5    3    5.0000    1.2000
parameters
    0.8914   28.1380   -1.5196  -10.4464  -18.7489  -10.6897
    7.6782   -0.6128   -7.6833   11.2294    2.4757  -11.7514
eta,q 0.97550  7.26324
  0.0280  0.0329  0.0260  0.0291  0.0283  0.0282  0.0272  0.0287  0.0269  0.0288  0.0258  0.0265
  0.0261  0.0286  0.0251  0.0271  0.0263  0.0263  0.0258  0.0263  0.0256  0.0264  0.0250  0.0254
  0.0249  0.0256  0.0246  0.0255  0.0249  0.0251  0.0248  0.0249  0.0248  0.0249  0.0246  0.0247
  0.0245  0.0245  0.0245  0.0245  0.0245  0.0245  0.0245  0.0245  0.0245  0.0245  0.0245  0.0245
  0.0249  0.0255  0.0247  0.0245  0.0250  0.0243  0.0248  0.0250  0.0248  0.0251  0.0247  0.0248
  0.0260  0.0282  0.0253  0.0264  0.0262  0.0254  0.0258  0.0263  0.0256  0.0263  0.0251  0.0256
  0.0280  0.0322  0.0263  0.0298  0.0282  0.0290  0.0271  0.0285  0.0269  0.0279  0.0257  0.0268
niter,ni,del,rscale     4    3    5.0000    1.2000
parameters
    0.8962   28.1679   -1.5648  -10.4374  -18.7313  -10.6779
    7.7001   -0.5966   -7.6699   11.3230    2.4574  -11.8465
eta,q 0.97550  7.26659
  0.0280  0.0326  0.0261  0.0291  0.0283  0.0282  0.0272  0.0287  0.0269  0.0286  0.0258  0.0266
  0.0261  0.0284  0.0252  0.0271  0.0263  0.0263  0.0258  0.0263  0.0256  0.0262  0.0250  0.0255
  0.0249  0.0255  0.0247  0.0255  0.0249  0.0251  0.0248  0.0249  0.0248  0.0248  0.0246  0.0247
  0.0245  0.0245  0.0245  0.0245  0.0245  0.0245  0.0245  0.0245  0.0245  0.0245  0.0245  0.0245
  0.0249  0.0255  0.0247  0.0245  0.0251  0.0243  0.0248  0.0250  0.0248  0.0252  0.0247  0.0248
  0.0261  0.0283  0.0253  0.0264  0.0262  0.0254  0.0258  0.0263  0.0256  0.0264  0.0251  0.0255
  0.0280  0.0323  0.0262  0.0299  0.0282  0.0290  0.0272  0.0286  0.0269  0.0280  0.0258  0.0267
niter,ni,del,rscale     3    3    5.0000    1.2000
parameters
    0.8991   28.1783   -1.5844  -10.4322  -18.7238  -10.6767
    7.7021   -0.5892   -7.6648   11.3602    2.4524  -11.8854
eta,q 0.97549  7.26784
  0.0280  0.0326  0.0261  0.0291  0.0283  0.0282  0.0272  0.0287  0.0269  0.0285  0.0258  0.0266
  0.0261  0.0283  0.0252  0.0272  0.0262  0.0263  0.0258  0.0263  0.0256  0.0262  0.0250  0.0255
  0.0249  0.0255  0.0247  0.0255  0.0249  0.0252  0.0248  0.0249  0.0248  0.0248  0.0246  0.0248
  0.0245  0.0245  0.0245  0.0245  0.0245  0.0245  0.0245  0.0245  0.0245  0.0245  0.0245  0.0245
  0.0249  0.0256  0.0247  0.0245  0.0251  0.0243  0.0248  0.0250  0.0248  0.0252  0.0247  0.0248
  0.0261  0.0284  0.0253  0.0264  0.0262  0.0254  0.0258  0.0263  0.0256  0.0264  0.0251  0.0255
  0.0280  0.0324  0.0262  0.0299  0.0282  0.0291  0.0272  0.0286  0.0269  0.0281  0.0257  0.0267
registration optimization eta report
parameter search radius
    2.4000    4.1976    2.4000    9.5220    9.5220    9.5220
    7.2000    7.2000    7.2000    8.2800    7.2000    8.2800
100000*second partial in parameter space
       61.       45.       29.        6.        4.        5.
        5.        8.        5.        5.        2.        3.
  0.0280  0.0326  0.0261  0.0291  0.0283  0.0282  0.0272  0.0287  0.0269  0.0285  0.0258  0.0266
  0.0261  0.0283  0.0252  0.0272  0.0262  0.0263  0.0258  0.0263  0.0256  0.0262  0.0250  0.0255
  0.0249  0.0255  0.0247  0.0255  0.0249  0.0252  0.0248  0.0249  0.0248  0.0248  0.0246  0.0248
  0.0245  0.0245  0.0245  0.0245  0.0245  0.0245  0.0245  0.0245  0.0245  0.0245  0.0245  0.0245
  0.0249  0.0256  0.0247  0.0245  0.0251  0.0243  0.0248  0.0250  0.0248  0.0252  0.0247  0.0248
  0.0261  0.0284  0.0253  0.0264  0.0262  0.0254  0.0258  0.0263  0.0256  0.0264  0.0251  0.0255
  0.0280  0.0324  0.0262  0.0299  0.0282  0.0291  0.0272  0.0286  0.0269  0.0281  0.0257  0.0267
    0.8991   28.1783   -1.5844  -10.4322  -18.7238  -10.6767
    7.7021   -0.5892   -7.6648   11.3602    2.4524  -11.8854
eta,q 0.97549  7.26784

---------------------------------------------------------------------
imgreg_4dfp /opt/freesurfer/average/711-2C_as_mni_average_305 /opt/freesurfer/average/711-2B_as_mni_average_305_mask talsrcimg_g11 none talsrcimg_to_711-2C_as_mni_average_305_t4 2311
---------------------------------------------------------------------

freesurfer imgreg_4dfp.c
/opt/freesurfer/average/711-2C_as_mni_average_305.4dfp.img
       256       256       256         1
  1.000000  1.000000  1.000000
orientation T byte_order littleendian
Reading image: /opt/freesurfer/average/711-2C_as_mni_average_305.4dfp.img
dimensions:      256       256       256
mmppix:       1.0000   -1.0000   -1.0000
center:     128.0000 -129.0000 -129.0000
/opt/freesurfer/average/711-2B_as_mni_average_305_mask.4dfp.img
       256       256       256         1
  1.000000  1.000000  1.000000
orientation T byte_order littleendian
Reading mask: /opt/freesurfer/average/711-2B_as_mni_average_305_mask.4dfp.img (2306576 pixels)
talsrcimg_g11.4dfp.img
       256       256       256         1
  1.000000  1.000000  1.000000
orientation T byte_order littleendian
Reading image: talsrcimg_g11.4dfp.img
dimensions:      256       256       256
mmppix:       1.0000   -1.0000   -1.0000
center:     128.0000 -129.0000 -129.0000
fimgreg.f
image alignment mode   2311 decimal      907 hex
parameters
    0.8991   28.1783   -1.5844  -10.4322  -18.7238  -10.6767
    7.7021   -0.5892   -7.6648   11.3602    2.4524  -11.8854
eta,q 0.97549  7.26784
niter,ni,del,rscale     5    3    5.0000    0.8000
parameters
    0.9086   28.1397   -1.5843   -9.2988  -18.9494   -8.2800
    7.8793   -0.5006   -7.4904   11.4652    2.4990  -12.0112
eta,q 0.97594  7.39479
  0.0261  0.0258  0.0252  0.0263  0.0253  0.0256  0.0255  0.0265  0.0253  0.0256  0.0248  0.0248
  0.0252  0.0251  0.0248  0.0255  0.0247  0.0251  0.0247  0.0252  0.0246  0.0247  0.0244  0.0244
  0.0247  0.0246  0.0246  0.0249  0.0244  0.0247  0.0243  0.0243  0.0242  0.0242  0.0241  0.0241
  0.0245  0.0245  0.0245  0.0245  0.0243  0.0243  0.0241  0.0241  0.0241  0.0241  0.0241  0.0241
  0.0247  0.0247  0.0246  0.0243  0.0245  0.0241  0.0242  0.0243  0.0242  0.0243  0.0241  0.0242
  0.0252  0.0252  0.0248  0.0245  0.0249  0.0241  0.0246  0.0251  0.0245  0.0247  0.0244  0.0245
  0.0261  0.0259  0.0252  0.0253  0.0254  0.0244  0.0253  0.0263  0.0251  0.0253  0.0248  0.0249
niter,ni,del,rscale     4    3    5.0000    0.7000
parameters
    0.8175   28.0572   -1.7026   -9.2086  -18.9622   -8.7413
    7.8617   -0.5484   -7.4999   11.3315    2.5892  -11.9237
eta,q 0.97595  7.37706
  0.0253  0.0250  0.0246  0.0254  0.0248  0.0248  0.0251  0.0258  0.0249  0.0251  0.0246  0.0247
  0.0246  0.0244  0.0243  0.0248  0.0244  0.0244  0.0245  0.0248  0.0244  0.0245  0.0243  0.0244
  0.0242  0.0241  0.0241  0.0243  0.0241  0.0242  0.0242  0.0242  0.0242  0.0241  0.0241  0.0241
  0.0241  0.0241  0.0240  0.0240  0.0240  0.0240  0.0241  0.0241  0.0241  0.0241  0.0241  0.0241
  0.0243  0.0242  0.0242  0.0241  0.0242  0.0241  0.0242  0.0243  0.0242  0.0243  0.0241  0.0241
  0.0248  0.0246  0.0244  0.0245  0.0244  0.0245  0.0245  0.0249  0.0245  0.0247  0.0243  0.0243
  0.0256  0.0252  0.0248  0.0255  0.0248  0.0255  0.0251  0.0258  0.0249  0.0252  0.0246  0.0246
niter,ni,del,rscale     3    3    5.0000    0.6000
parameters
    0.8219   28.0736   -1.7064   -9.0772  -19.0343   -8.5659
    7.8890   -0.5514   -7.5095   11.2909    2.6016  -11.9455
eta,q 0.97597  7.38500
  0.0251  0.0248  0.0245  0.0251  0.0246  0.0247  0.0248  0.0254  0.0247  0.0249  0.0244  0.0245
  0.0245  0.0244  0.0243  0.0246  0.0243  0.0244  0.0244  0.0246  0.0243  0.0244  0.0242  0.0242
  0.0242  0.0241  0.0241  0.0243  0.0241  0.0242  0.0241  0.0242  0.0241  0.0241  0.0241  0.0241
  0.0241  0.0241  0.0241  0.0240  0.0240  0.0240  0.0240  0.0240  0.0240  0.0240  0.0240  0.0240
  0.0242  0.0241  0.0241  0.0241  0.0241  0.0240  0.0241  0.0242  0.0241  0.0242  0.0241  0.0241
  0.0245  0.0244  0.0243  0.0244  0.0243  0.0242  0.0244  0.0246  0.0243  0.0245  0.0242  0.0242
  0.0251  0.0248  0.0245  0.0251  0.0246  0.0247  0.0248  0.0254  0.0247  0.0248  0.0244  0.0245
niter,ni,del,rscale     2    3    5.0000    0.5000
parameters
    0.8128   28.0657   -1.7096   -8.9780  -19.1010   -8.3946
    7.9219   -0.5532   -7.5057   11.2640    2.6102  -11.9512
eta,q 0.97599  7.39163
  0.0247  0.0246  0.0244  0.0248  0.0244  0.0245  0.0245  0.0250  0.0245  0.0246  0.0243  0.0243
  0.0243  0.0243  0.0242  0.0244  0.0242  0.0243  0.0243  0.0244  0.0242  0.0243  0.0241  0.0242
  0.0241  0.0241  0.0241  0.0242  0.0241  0.0241  0.0241  0.0241  0.0241  0.0241  0.0240  0.0241
  0.0240  0.0240  0.0240  0.0240  0.0240  0.0240  0.0240  0.0240  0.0240  0.0240  0.0240  0.0240
  0.0241  0.0241  0.0241  0.0241  0.0241  0.0240  0.0241  0.0241  0.0241  0.0241  0.0240  0.0240
  0.0244  0.0243  0.0242  0.0243  0.0242  0.0241  0.0242  0.0244  0.0242  0.0243  0.0241  0.0242
  0.0248  0.0246  0.0244  0.0248  0.0245  0.0245  0.0245  0.0250  0.0245  0.0246  0.0243  0.0244
niter,ni,del,rscale     1    3    5.0000    0.4000
parameters
    0.8044   28.0577   -1.7058   -8.8873  -19.1505   -8.2579
    7.9460   -0.5527   -7.5007   11.2215    2.6263  -11.9465
eta,q 0.97600  7.39708
  0.0245  0.0244  0.0242  0.0245  0.0243  0.0243  0.0243  0.0246  0.0243  0.0244  0.0242  0.0242
  0.0242  0.0242  0.0241  0.0243  0.0241  0.0242  0.0242  0.0243  0.0241  0.0242  0.0241  0.0241
  0.0241  0.0240  0.0240  0.0241  0.0240  0.0241  0.0240  0.0241  0.0240  0.0240  0.0240  0.0240
  0.0240  0.0240  0.0240  0.0240  0.0240  0.0240  0.0240  0.0240  0.0240  0.0240  0.0240  0.0240
  0.0241  0.0241  0.0240  0.0240  0.0240  0.0240  0.0240  0.0241  0.0240  0.0241  0.0240  0.0240
  0.0242  0.0242  0.0241  0.0242  0.0241  0.0241  0.0242  0.0243  0.0241  0.0242  0.0241  0.0241
  0.0245  0.0244  0.0242  0.0245  0.0243  0.0243  0.0243  0.0246  0.0243  0.0244  0.0242  0.0242
registration optimization eta report
parameter search radius
    0.8000    0.8000    0.8000    2.4000    2.4000    2.4000
    2.4000    2.4000    2.4000    2.4000    2.4000    2.4000
100000*second partial in parameter space
       72.       54.       35.        9.        5.        6.
        6.       11.        5.        7.        3.        4.
  0.0245  0.0244  0.0242  0.0245  0.0243  0.0243  0.0243  0.0246  0.0243  0.0244  0.0242  0.0242
  0.0242  0.0242  0.0241  0.0243  0.0241  0.0242  0.0242  0.0243  0.0241  0.0242  0.0241  0.0241
  0.0241  0.0240  0.0240  0.0241  0.0240  0.0241  0.0240  0.0241  0.0240  0.0240  0.0240  0.0240
  0.0240  0.0240  0.0240  0.0240  0.0240  0.0240  0.0240  0.0240  0.0240  0.0240  0.0240  0.0240
  0.0241  0.0241  0.0240  0.0240  0.0240  0.0240  0.0240  0.0241  0.0240  0.0241  0.0240  0.0240
  0.0242  0.0242  0.0241  0.0242  0.0241  0.0241  0.0242  0.0243  0.0241  0.0242  0.0241  0.0241
  0.0245  0.0244  0.0242  0.0245  0.0243  0.0243  0.0243  0.0246  0.0243  0.0244  0.0242  0.0242
    0.8044   28.0577   -1.7058   -8.8873  -19.1505   -8.2579
    7.9460   -0.5527   -7.5007   11.2215    2.6263  -11.9465
eta,q 0.97600  7.39708

---------------------------------------------------------------------
imgreg_4dfp /opt/freesurfer/average/711-2C_as_mni_average_305 /opt/freesurfer/average/711-2B_as_mni_average_305_mask talsrcimg_g11 none talsrcimg_to_711-2C_as_mni_average_305_t4 2311
---------------------------------------------------------------------

freesurfer imgreg_4dfp.c
/opt/freesurfer/average/711-2C_as_mni_average_305.4dfp.img
       256       256       256         1
  1.000000  1.000000  1.000000
orientation T byte_order littleendian
Reading image: /opt/freesurfer/average/711-2C_as_mni_average_305.4dfp.img
dimensions:      256       256       256
mmppix:       1.0000   -1.0000   -1.0000
center:     128.0000 -129.0000 -129.0000
/opt/freesurfer/average/711-2B_as_mni_average_305_mask.4dfp.img
       256       256       256         1
  1.000000  1.000000  1.000000
orientation T byte_order littleendian
Reading mask: /opt/freesurfer/average/711-2B_as_mni_average_305_mask.4dfp.img (2306576 pixels)
talsrcimg_g11.4dfp.img
       256       256       256         1
  1.000000  1.000000  1.000000
orientation T byte_order littleendian
Reading image: talsrcimg_g11.4dfp.img
dimensions:      256       256       256
mmppix:       1.0000   -1.0000   -1.0000
center:     128.0000 -129.0000 -129.0000
fimgreg.f
image alignment mode   2311 decimal      907 hex
parameters
    0.8044   28.0577   -1.7058   -8.8873  -19.1505   -8.2579
    7.9460   -0.5527   -7.5007   11.2215    2.6263  -11.9465
eta,q 0.97600  7.39707
niter,ni,del,rscale     5    3    5.0000    0.8000
parameters
    0.7996   28.0567   -1.7021   -9.2932  -18.9392   -8.9793
    7.8340   -0.5892   -7.5295   11.3477    2.6288  -11.9022
eta,q 0.97592  7.36592
  0.0258  0.0254  0.0249  0.0255  0.0252  0.0249  0.0253  0.0263  0.0252  0.0256  0.0248  0.0249
  0.0248  0.0246  0.0244  0.0248  0.0245  0.0245  0.0246  0.0250  0.0246  0.0247  0.0244  0.0245
  0.0242  0.0242  0.0241  0.0243  0.0242  0.0242  0.0242  0.0243  0.0242  0.0242  0.0242  0.0242
  0.0240  0.0240  0.0240  0.0240  0.0240  0.0240  0.0241  0.0241  0.0241  0.0241  0.0241  0.0241
  0.0242  0.0242  0.0241  0.0242  0.0242  0.0241  0.0242  0.0244  0.0242  0.0243  0.0242  0.0242
  0.0248  0.0246  0.0244  0.0250  0.0245  0.0247  0.0247  0.0251  0.0246  0.0248  0.0244  0.0244
  0.0259  0.0253  0.0249  0.0264  0.0249  0.0261  0.0254  0.0263  0.0252  0.0254  0.0248  0.0249
niter,ni,del,rscale     4    3    5.0000    0.7000
parameters
    0.8265   28.0846   -1.7004   -9.1921  -18.9812   -8.7934
    7.8598   -0.5680   -7.5279   11.3175    2.5994  -11.9340
eta,q 0.97595  7.37499
  0.0255  0.0252  0.0247  0.0254  0.0249  0.0249  0.0251  0.0258  0.0249  0.0252  0.0246  0.0247
  0.0247  0.0246  0.0244  0.0248  0.0244  0.0246  0.0245  0.0248  0.0244  0.0245  0.0243  0.0243
  0.0242  0.0242  0.0242  0.0243  0.0241  0.0243  0.0242  0.0242  0.0241  0.0241  0.0241  0.0241
  0.0241  0.0241  0.0241  0.0241  0.0241  0.0241  0.0241  0.0240  0.0241  0.0241  0.0241  0.0240
  0.0242  0.0242  0.0242  0.0241  0.0242  0.0240  0.0242  0.0243  0.0242  0.0242  0.0241  0.0241
  0.0246  0.0245  0.0244  0.0246  0.0245  0.0243  0.0245  0.0248  0.0244  0.0246  0.0243  0.0244
  0.0254  0.0251  0.0247  0.0254  0.0249  0.0250  0.0251  0.0258  0.0249  0.0251  0.0246  0.0247
niter,ni,del,rscale     3    3    5.0000    0.6000
parameters
    0.8235   28.0766   -1.7067   -9.0799  -19.0473   -8.5663
    7.8933   -0.5528   -7.5155   11.2934    2.6012  -11.9495
eta,q 0.97597  7.38444
  0.0251  0.0248  0.0245  0.0251  0.0246  0.0247  0.0248  0.0254  0.0247  0.0249  0.0244  0.0245
  0.0245  0.0244  0.0243  0.0246  0.0243  0.0244  0.0244  0.0246  0.0243  0.0244  0.0242  0.0242
  0.0242  0.0241  0.0241  0.0243  0.0241  0.0242  0.0241  0.0242  0.0241  0.0241  0.0241  0.0241
  0.0241  0.0240  0.0240  0.0240  0.0240  0.0240  0.0240  0.0240  0.0240  0.0240  0.0240  0.0240
  0.0242  0.0241  0.0241  0.0241  0.0241  0.0240  0.0241  0.0242  0.0241  0.0242  0.0241  0.0241
  0.0245  0.0244  0.0243  0.0244  0.0244  0.0242  0.0243  0.0246  0.0243  0.0244  0.0242  0.0242
  0.0251  0.0248  0.0246  0.0251  0.0246  0.0247  0.0248  0.0253  0.0247  0.0248  0.0244  0.0245
niter,ni,del,rscale     2    3    5.0000    0.5000
parameters
    0.8125   28.0660   -1.7098   -8.9785  -19.0967   -8.3966
    7.9244   -0.5551   -7.5100   11.2640    2.6164  -11.9509
eta,q 0.97599  7.39178
  0.0247  0.0246  0.0244  0.0248  0.0244  0.0245  0.0246  0.0250  0.0245  0.0246  0.0243  0.0243
  0.0243  0.0243  0.0242  0.0244  0.0242  0.0243  0.0243  0.0244  0.0242  0.0243  0.0241  0.0242
  0.0241  0.0241  0.0241  0.0242  0.0241  0.0241  0.0241  0.0241  0.0241  0.0241  0.0240  0.0241
  0.0240  0.0240  0.0240  0.0240  0.0240  0.0240  0.0240  0.0240  0.0240  0.0240  0.0240  0.0240
  0.0241  0.0241  0.0241  0.0241  0.0241  0.0240  0.0241  0.0241  0.0241  0.0241  0.0240  0.0240
  0.0244  0.0243  0.0242  0.0243  0.0242  0.0241  0.0242  0.0244  0.0242  0.0243  0.0241  0.0242
  0.0248  0.0246  0.0244  0.0248  0.0245  0.0245  0.0245  0.0250  0.0245  0.0246  0.0243  0.0244
niter,ni,del,rscale     1    3    5.0000    0.4000
parameters
    0.8048   28.0588   -1.7101   -8.8885  -19.1515   -8.2565
    7.9427   -0.5529   -7.5074   11.2250    2.6272  -11.9496
eta,q 0.97600  7.39715
  0.0245  0.0244  0.0242  0.0245  0.0243  0.0243  0.0243  0.0246  0.0243  0.0244  0.0242  0.0242
  0.0242  0.0242  0.0241  0.0243  0.0241  0.0242  0.0242  0.0243  0.0241  0.0242  0.0241  0.0241
  0.0241  0.0240  0.0240  0.0241  0.0240  0.0241  0.0240  0.0241  0.0240  0.0240  0.0240  0.0240
  0.0240  0.0240  0.0240  0.0240  0.0240  0.0240  0.0240  0.0240  0.0240  0.0240  0.0240  0.0240
  0.0241  0.0241  0.0240  0.0240  0.0240  0.0240  0.0240  0.0241  0.0240  0.0241  0.0240  0.0240
  0.0242  0.0242  0.0241  0.0242  0.0241  0.0241  0.0242  0.0243  0.0241  0.0242  0.0241  0.0241
  0.0245  0.0244  0.0242  0.0245  0.0243  0.0243  0.0243  0.0246  0.0243  0.0244  0.0242  0.0242
registration optimization eta report
parameter search radius
    0.8000    0.8000    0.8000    2.4000    2.4000    2.4000
    2.4000    2.4000    2.4000    2.4000    2.4000    2.4000
100000*second partial in parameter space
       72.       54.       36.        9.        5.        5.
        6.       11.        5.        7.        3.        4.
  0.0245  0.0244  0.0242  0.0245  0.0243  0.0243  0.0243  0.0246  0.0243  0.0244  0.0242  0.0242
  0.0242  0.0242  0.0241  0.0243  0.0241  0.0242  0.0242  0.0243  0.0241  0.0242  0.0241  0.0241
  0.0241  0.0240  0.0240  0.0241  0.0240  0.0241  0.0240  0.0241  0.0240  0.0240  0.0240  0.0240
  0.0240  0.0240  0.0240  0.0240  0.0240  0.0240  0.0240  0.0240  0.0240  0.0240  0.0240  0.0240
  0.0241  0.0241  0.0240  0.0240  0.0240  0.0240  0.0240  0.0241  0.0240  0.0241  0.0240  0.0240
  0.0242  0.0242  0.0241  0.0242  0.0241  0.0241  0.0242  0.0243  0.0241  0.0242  0.0241  0.0241
  0.0245  0.0244  0.0242  0.0245  0.0243  0.0243  0.0243  0.0246  0.0243  0.0244  0.0242  0.0242
    0.8048   28.0588   -1.7101   -8.8885  -19.1515   -8.2565
    7.9427   -0.5529   -7.5074   11.2250    2.6272  -11.9496
eta,q 0.97600  7.39715

---------------------------------------------------------------------
compute_vox2vox talsrcimg talsrcimg_to_711-2C_as_mni_average_305_t4 /opt/freesurfer/average/711-2C_as_mni_average_305
---------------------------------------------------------------------

freesurfer compute_vox2vox.c
Reading: talsrcimg.4dfp.ifh
Reading: talsrcimg_to_711-2C_as_mni_average_305_t4
Reading: /opt/freesurfer/average/711-2C_as_mni_average_305.4dfp.ifh
Writing: talsrcimg_to_711-2C_as_mni_average_305_t4_vox2vox.txt

start time Sun Nov 24 06:20:20 UTC 2024
end		time Sun Nov 24 06:21:06 UTC 2024

mpr2mni305 success

avi2talxfm orig_nu.mgz /opt/freesurfer/average/mni305.cor.mgz talsrcimg_to_711-2C_as_mni_average_305_t4_vox2vox.txt transforms/talairach.auto.xfm
avi2talxfm done
mv -f /scratch/tmp/fs_mp2rage_tests2/sourcedata/freesurfer_memprage/sub-fsm87qb/mri/talsrcimg_to_711-2C_as_mni_average_305_t4_vox2vox.txt /scratch/tmp/fs_mp2rage_tests2/sourcedata/freesurfer_memprage/sub-fsm87qb/mri/transforms/talsrcimg_to_711-2C_as_mni_average_305_t4_vox2vox.txt
lta_convert --src orig_nu.mgz --trg /opt/freesurfer/average/mni305.cor.mgz --inxfm transforms/talairach.auto.xfm --outlta transforms/talairach.auto.xfm.lta --subject fsaverage
7.3.2

--src: orig_nu.mgz src image (geometry).
--trg: /opt/freesurfer/average/mni305.cor.mgz trg image (geometry).
--inmni: transforms/talairach.auto.xfm input MNI/XFM transform.
--outlta: transforms/talairach.auto.xfm.lta output LTA.
--s: fsaverage subject name
 LTA read, type : 1
 1.08842   0.01929  -0.10408  -8.19010;
-0.01768   1.07032   0.15993  -37.97810;
 0.10352  -0.14681   1.20501  -14.81709;
 0.00000   0.00000   0.00000   1.00000;
setting subject to fsaverage
Writing  LTA to file transforms/talairach.auto.xfm.lta...
lta_convert successful.
 
 
Started at Sun Nov 24 06:20:17 UTC 2024
Ended   at Sun Nov 24 06:21:06 UTC 2024
talairach_avi done
