status file for recon-all
Sat Nov 23 14:54:49 UTC 2024
#@# MotionCor Sat Nov 23 14:54:54 UTC 2024
#@# Talairach Sat Nov 23 14:55:08 UTC 2024
#@# Talairach Failure Detection Sat Nov 23 15:02:41 UTC 2024
#@# Nu Intensity Correction Sat Nov 23 15:02:41 UTC 2024
#@# Intensity Normalization Sat Nov 23 15:09:43 UTC 2024
recon-all -s sub-fsm21em finished without error at Sat Nov 23 15:13:14 UTC 2024



#New# invocation of recon-all 



status file for recon-all
Sat Nov 23 17:48:49 UTC 2024
#@# EM Registration Sat Nov 23 17:48:49 UTC 2024
recon-all -s sub-fsm21em finished without error at Sat Nov 23 17:52:38 UTC 2024



#New# invocation of recon-all 



status file for recon-all
Sat Nov 23 18:14:22 UTC 2024
#@# CA Normalize Sat Nov 23 18:14:22 UTC 2024
#@# CA Reg Sat Nov 23 18:16:44 UTC 2024
#@# SubCort Seg Sat Nov 23 20:05:51 UTC 2024
#@# CC Seg Sat Nov 23 21:00:39 UTC 2024
#@# Merge ASeg Sat Nov 23 21:02:14 UTC 2024
#@# Intensity Normalization2 Sat Nov 23 21:02:14 UTC 2024
#@# Mask BFS Sat Nov 23 21:07:01 UTC 2024
#@# WM Segmentation Sat Nov 23 21:07:03 UTC 2024
#@# Fill Sat Nov 23 21:11:23 UTC 2024
recon-all -s sub-fsm21em finished without error at Sat Nov 23 21:13:25 UTC 2024



#New# invocation of recon-all 



status file for recon-all
Sun Nov 24 09:46:51 UTC 2024
#@# white curv lh Sun Nov 24 09:46:51 UTC 2024
#@# white area lh Sun Nov 24 09:46:51 UTC 2024
#@# pial curv lh Sun Nov 24 09:46:51 UTC 2024
#@# pial area lh Sun Nov 24 09:46:51 UTC 2024
#@# thickness lh Sun Nov 24 09:46:51 UTC 2024
#@# area and vertex vol lh Sun Nov 24 09:46:51 UTC 2024
#@# white curv rh Sun Nov 24 09:46:51 UTC 2024
#@# white area rh Sun Nov 24 09:46:51 UTC 2024
#@# pial curv rh Sun Nov 24 09:46:51 UTC 2024
#@# pial area rh Sun Nov 24 09:46:52 UTC 2024
#@# thickness rh Sun Nov 24 09:46:52 UTC 2024
#@# area and vertex vol rh Sun Nov 24 09:46:52 UTC 2024
#@# Cortical ribbon mask Sun Nov 24 09:46:52 UTC 2024
recon-all -s sub-fsm21em finished without error at Sun Nov 24 09:59:58 UTC 2024



#New# invocation of recon-all 



status file for recon-all
Sun Nov 24 17:28:59 UTC 2024
#@# white curv lh Sun Nov 24 17:28:59 UTC 2024
#@# white area lh Sun Nov 24 17:28:59 UTC 2024
#@# pial curv lh Sun Nov 24 17:28:59 UTC 2024
#@# pial area lh Sun Nov 24 17:28:59 UTC 2024
#@# thickness lh Sun Nov 24 17:28:59 UTC 2024
#@# area and vertex vol lh Sun Nov 24 17:28:59 UTC 2024
#@# white curv rh Sun Nov 24 17:28:59 UTC 2024
#@# white area rh Sun Nov 24 17:28:59 UTC 2024
#@# pial curv rh Sun Nov 24 17:28:59 UTC 2024
#@# pial area rh Sun Nov 24 17:28:59 UTC 2024
#@# thickness rh Sun Nov 24 17:28:59 UTC 2024
#@# area and vertex vol rh Sun Nov 24 17:28:59 UTC 2024
#@# Curvature Stats lh Sun Nov 24 17:28:59 UTC 2024
#@# Curvature Stats rh Sun Nov 24 17:29:09 UTC 2024
#@# Relabel Hypointensities Sun Nov 24 17:29:16 UTC 2024
#@# APas-to-ASeg Sun Nov 24 17:30:04 UTC 2024
#@# AParc-to-ASeg aparc Sun Nov 24 17:30:34 UTC 2024
#@# AParc-to-ASeg aparc.a2009s Sun Nov 24 17:32:54 UTC 2024
#@# AParc-to-ASeg aparc.DKTatlas Sun Nov 24 17:35:29 UTC 2024
#@# WMParc Sun Nov 24 17:37:38 UTC 2024
#@# ASeg Stats Sun Nov 24 17:44:56 UTC 2024
recon-all -s sub-fsm21em finished without error at Sun Nov 24 17:46:42 UTC 2024
