status file for recon-all
Sun Nov 24 07:35:17 UTC 2024
#@# Tessellate lh Sun Nov 24 07:35:17 UTC 2024
#@# Smooth1 lh Sun Nov 24 07:35:33 UTC 2024
#@# Inflation1 lh Sun Nov 24 07:35:41 UTC 2024
#@# QSphere lh Sun Nov 24 07:36:10 UTC 2024
#@# Fix Topology lh Sun Nov 24 07:39:55 UTC 2024
#@# Smooth2 lh Sun Nov 24 07:57:26 UTC 2024
#@# Inflation2 lh Sun Nov 24 07:57:33 UTC 2024
#@# Curv .H and .K lh Sun Nov 24 07:58:04 UTC 2024
#@# Sphere lh Sun Nov 24 07:59:43 UTC 2024
#@# Surf Reg lh Sun Nov 24 08:05:55 UTC 2024
#@# Jacobian white lh Sun Nov 24 08:14:32 UTC 2024
#@# AvgCurv lh Sun Nov 24 08:14:35 UTC 2024
#@# Cortical Parc lh Sun Nov 24 08:14:37 UTC 2024
#@# white curv lh Sun Nov 24 08:41:40 UTC 2024
#@# white area lh Sun Nov 24 08:41:46 UTC 2024
#@# pial curv lh Sun Nov 24 08:41:48 UTC 2024
#@# pial area lh Sun Nov 24 08:41:53 UTC 2024
#@# thickness lh Sun Nov 24 08:41:55 UTC 2024
#@# area and vertex vol lh Sun Nov 24 08:43:04 UTC 2024
#@# Curvature Stats lh Sun Nov 24 08:43:08 UTC 2024
#@# Cortical Parc 2 lh Sun Nov 24 08:43:17 UTC 2024
#@# Cortical Parc 3 lh Sun Nov 24 08:44:01 UTC 2024
#@# WM/GM Contrast lh Sun Nov 24 08:44:34 UTC 2024
recon-all -s sub-fsm21em finished without error at Sun Nov 24 08:44:42 UTC 2024



#New# invocation of recon-all 



status file for recon-all
Sun Nov 24 17:03:57 UTC 2024
#@# white curv lh Sun Nov 24 17:03:58 UTC 2024
#@# white area lh Sun Nov 24 17:03:58 UTC 2024
#@# pial curv lh Sun Nov 24 17:03:58 UTC 2024
#@# pial area lh Sun Nov 24 17:03:58 UTC 2024
#@# thickness lh Sun Nov 24 17:03:58 UTC 2024
#@# area and vertex vol lh Sun Nov 24 17:03:58 UTC 2024
#@# Parcellation Stats lh Sun Nov 24 17:03:58 UTC 2024
#@# Parcellation Stats 2 lh Sun Nov 24 17:05:50 UTC 2024
#@# Parcellation Stats 3 lh Sun Nov 24 17:06:51 UTC 2024
#@# BA_exvivo Labels lh Sun Nov 24 17:07:55 UTC 2024
recon-all -s sub-fsm21em finished without error at Sun Nov 24 17:17:08 UTC 2024
