/scratch/tmp/fs_mp2rage_tests2/sourcedata/freesurfer_memprage/sub-fsm84zy/mri
/opt/freesurfer/bin/talairach_avi
--i orig_nu.mgz --xfm transforms/talairach.auto.xfm
talairach_avi 7.3.2
Linux elm.criugm.qc.ca 5.15.0-113-generic #123-Ubuntu SMP Mon Jun 10 08:16:17 UTC 2024 x86_64 x86_64 x86_64 GNU/Linux
Sun Nov 24 06:04:54 UTC 2024
mri_convert orig_nu.mgz talsrcimg.img 
reading from orig_nu.mgz...
TR=0.00, TE=0.00, TI=0.00, flip angle=0.00
i_ras = (-1, 4.65661e-10, 0)
j_ras = (7.45058e-09, 7.45058e-09, -1)
k_ras = (-1.39698e-09, 1, 7.45058e-09)
writing to talsrcimg.img...
Analyze Output Matrix
-1.00000   0.00000  -0.00000   131.97258;
 0.00000   0.00000   1.00000  -94.30226;
 0.00000  -1.00000   0.00000   108.79927;
 0.00000   0.00000   0.00000   1.00000;
--------------------
INFO: set hdr.hist.orient to -1
mpr2mni305 talsrcimg
Sun Nov 24 06:04:57 UTC 2024
/opt/freesurfer/bin/mpr2mni305 talsrcimg
mpr2mni305 7.3.2
target=711-2C_as_mni_average_305

---------------------------------------------------------------------
analyzeto4dfp talsrcimg -O0 -y
---------------------------------------------------------------------

freesurfer ifh2hdr.c
Sun Nov 24 06:04:57 2024
Writing: talsrcimg.4dfp.hdr
freesurfer analyzeto4dfp.c
Reading: talsrcimg.hdr
header size 348 bytes
hdr.dime.datatype	offset=70	value=2
hdr.dime.bitpix		offset=72	value=8
hdr.hist.orient		offset=252	value=-1
dimensionality     4
dimensions       256       256       256         1
Reading: talsrcimg.img
Writing: talsrcimg.4dfp.img
Writing: talsrcimg.4dfp.ifh
ifh2hdr talsrcimg -r0to255
ori=2

---------------------------------------------------------------------
gauss_4dfp talsrcimg 1.1
---------------------------------------------------------------------

freesurfer gauss_4dfp.c
Reading: talsrcimg.4dfp.img
Writing: talsrcimg_g11.4dfp.img
image dimensions 256 256 256 padded to 288 288 288
processing volume 1freesurfer ifh2hdr.c
Sun Nov 24 06:05:06 2024
Writing: talsrcimg_g11.4dfp.hdr

Writing: talsrcimg_g11.4dfp.ifh
including: talsrcimg.4dfp.img.rec in talsrcimg_g11.4dfp.img.rec

---------------------------------------------------------------------
imgreg_4dfp /opt/freesurfer/average/711-2C_as_mni_average_305 none talsrcimg_g11 none talsrcimg_to_711-2C_as_mni_average_305_t4 4355
---------------------------------------------------------------------

freesurfer imgreg_4dfp.c
/opt/freesurfer/average/711-2C_as_mni_average_305.4dfp.img
       256       256       256         1
  1.000000  1.000000  1.000000
orientation T byte_order littleendian
Reading image: /opt/freesurfer/average/711-2C_as_mni_average_305.4dfp.img
dimensions:      256       256       256
mmppix:       1.0000   -1.0000   -1.0000
center:     128.0000 -129.0000 -129.0000
talsrcimg_g11.4dfp.img
       256       256       256         1
  1.000000  1.000000  1.000000
orientation T byte_order littleendian
Reading image: talsrcimg_g11.4dfp.img
dimensions:      256       256       256
mmppix:       1.0000   -1.0000   -1.0000
center:     128.0000 -129.0000 -129.0000
t4_read: open error in t4_sub.f l:  41 t4_file(1:l)talsrcimg_to_711-2C_as_mni_average_305_t4 
t4_read: transform initialized to I4
rotation matrix determinant  1.000000
image alignment mode   4355 decimal     1103 hex
   -7.5000  -45.0000  -45.0000 9824.9004    8.5105
    0.0000  -45.0000  -45.000010222.2812    8.5021
    7.5000  -45.0000  -45.0000 9847.6543    8.4871
   -7.5000  -37.5000  -45.0000 9988.5674    8.4600
    0.0000  -37.5000  -45.000010391.3457    8.4520
    7.5000  -37.5000  -45.000010020.0469    8.4375
   -7.5000  -30.0000  -45.000010446.2070    8.3061
    0.0000  -30.0000  -45.000010855.3643    8.3003
    7.5000  -30.0000  -45.000010416.3057    8.2861
   -7.5000  -22.5000  -45.000010957.4082    8.1791
    0.0000  -22.5000  -45.000011358.5137    8.1753
    7.5000  -22.5000  -45.000010853.3926    8.1630
   -7.5000  -15.0000  -45.000011535.7129    8.1423
    0.0000  -15.0000  -45.000011949.4033    8.1378
    7.5000  -15.0000  -45.000011373.6729    8.1266
   -7.5000   -7.5000  -45.000012120.6455    8.1235
    0.0000   -7.5000  -45.000012553.7373    8.1164
    7.5000   -7.5000  -45.000011906.4287    8.1043
   -7.5000    0.0000  -45.000012604.5439    8.1220
    0.0000    0.0000  -45.000013076.1807    8.1132
    7.5000    0.0000  -45.000012368.6006    8.0991
   -7.5000    7.5000  -45.000012140.9854    8.2188
    0.0000    7.5000  -45.000012600.1523    8.2111
    7.5000    7.5000  -45.000011920.3379    8.1970
   -7.5000   15.0000  -45.000011702.6436    8.4743
    0.0000   15.0000  -45.000012146.7812    8.4678
    7.5000   15.0000  -45.000011482.4375    8.4557
   -7.5000   22.5000  -45.000011227.4229    8.7879
    0.0000   22.5000  -45.000011655.7725    8.7819
    7.5000   22.5000  -45.000011001.2725    8.7726
   -7.5000   30.0000  -45.000010691.1035    8.9726
    0.0000   30.0000  -45.000011082.4219    8.9640
    7.5000   30.0000  -45.000010452.8945    8.9544
   -7.5000   37.5000  -45.000010485.6094    9.2573
    0.0000   37.5000  -45.000010880.9160    9.2450
    7.5000   37.5000  -45.000010245.0889    9.2327
   -7.5000   45.0000  -45.0000 9909.6738    9.3191
    0.0000   45.0000  -45.000010302.1562    9.3045
    7.5000   45.0000  -45.0000 9683.6611    9.2878
   -7.5000  -45.0000  -37.500010254.0664    8.4777
    0.0000  -45.0000  -37.500010701.9062    8.4679
    7.5000  -45.0000  -37.500010278.7324    8.4526
   -7.5000  -37.5000  -37.500010447.0068    8.4295
    0.0000  -37.5000  -37.500010886.3486    8.4209
    7.5000  -37.5000  -37.500010465.7490    8.4064
   -7.5000  -30.0000  -37.500010975.3389    8.2768
    0.0000  -30.0000  -37.500011401.7549    8.2701
    7.5000  -30.0000  -37.500010919.6768    8.2559
   -7.5000  -22.5000  -37.500011540.1777    8.1506
    0.0000  -22.5000  -37.500011945.3945    8.1448
    7.5000  -22.5000  -37.500011411.3574    8.1322
   -7.5000  -15.0000  -37.500012166.4473    8.1130
    0.0000  -15.0000  -37.500012578.7471    8.1059
    7.5000  -15.0000  -37.500011972.0225    8.0941
   -7.5000   -7.5000  -37.500012769.1748    8.0930
    0.0000   -7.5000  -37.500013198.5049    8.0837
    7.5000   -7.5000  -37.500012534.9141    8.0711
   -7.5000    0.0000  -37.500013296.4453    8.0910
    0.0000    0.0000  -37.500013757.9590    8.0811
    7.5000    0.0000  -37.500013034.5430    8.0667
   -7.5000    7.5000  -37.500012798.8682    8.1891
    0.0000    7.5000  -37.500013258.4980    8.1810
    7.5000    7.5000  -37.500012547.1455    8.1669
   -7.5000   15.0000  -37.500012312.6396    8.4453
    0.0000   15.0000  -37.500012787.0049    8.4379
    7.5000   15.0000  -37.500012080.4629    8.4256
   -7.5000   22.5000  -37.500011769.2051    8.7577
    0.0000   22.5000  -37.500012250.8623    8.7494
    7.5000   22.5000  -37.500011546.6807    8.7391
   -7.5000   30.0000  -37.500011180.3428    8.9401
    0.0000   30.0000  -37.500011622.5068    8.9283
    7.5000   30.0000  -37.500010945.5869    8.9174
   -7.5000   37.5000  -37.500010953.2314    9.2222
    0.0000   37.5000  -37.500011400.5205    9.2070
    7.5000   37.5000  -37.500010714.2061    9.1936
   -7.5000   45.0000  -37.500010366.3496    9.2842
    0.0000   45.0000  -37.500010791.6553    9.2676
    7.5000   45.0000  -37.500010125.4473    9.2499
   -7.5000  -45.0000  -30.000010918.8604    8.7931
    0.0000  -45.0000  -30.000011417.3779    8.7822
    7.5000  -45.0000  -30.000010966.3545    8.7676
   -7.5000  -37.5000  -30.000011139.8525    8.7433
    0.0000  -37.5000  -30.000011629.4473    8.7335
    7.5000  -37.5000  -30.000011171.5010    8.7199
   -7.5000  -30.0000  -30.000011718.1924    8.5835
    0.0000  -30.0000  -30.000012183.7109    8.5756
    7.5000  -30.0000  -30.000011672.9912    8.5621
   -7.5000  -22.5000  -30.000012323.2861    8.4531
    0.0000  -22.5000  -30.000012784.0088    8.4459
    7.5000  -22.5000  -30.000012209.9658    8.4336
   -7.5000  -15.0000  -30.000012983.0400    8.4153
    0.0000  -15.0000  -30.000013471.2676    8.4068
    7.5000  -15.0000  -30.000012818.7432    8.3950
   -7.5000   -7.5000  -30.000013613.3584    8.3955
    0.0000   -7.5000  -30.000014104.8691    8.3850
    7.5000   -7.5000  -30.000013422.3760    8.3726
   -7.5000    0.0000  -30.000014200.8271    8.3932
    0.0000    0.0000  -30.000014706.1016    8.3823
    7.5000    0.0000  -30.000013967.8584    8.3686
   -7.5000    7.5000  -30.000013706.0225    8.4944
    0.0000    7.5000  -30.000014213.9180    8.4853
    7.5000    7.5000  -30.000013460.9160    8.4721
   -7.5000   15.0000  -30.000013167.2363    8.7611
    0.0000   15.0000  -30.000013702.6006    8.7528
    7.5000   15.0000  -30.000012919.3984    8.7410
   -7.5000   22.5000  -30.000012551.1729    9.0863
    0.0000   22.5000  -30.000013075.0752    9.0766
    7.5000   22.5000  -30.000012316.9053    9.0661
   -7.5000   30.0000  -30.000011892.1143    9.2800
    0.0000   30.0000  -30.000012385.4707    9.2666
    7.5000   30.0000  -30.000011656.9785    9.2555
   -7.5000   37.5000  -30.000011629.4102    9.5760
    0.0000   37.5000  -30.000012131.9531    9.5590
    7.5000   37.5000  -30.000011387.6416    9.5456
   -7.5000   45.0000  -30.000010973.9443    9.6491
    0.0000   45.0000  -30.000011440.3740    9.6305
    7.5000   45.0000  -30.000010739.7109    9.6128
   -7.5000  -45.0000  -22.500011589.2119    9.0572
    0.0000  -45.0000  -22.500012107.5381    9.0473
    7.5000  -45.0000  -22.500011655.6562    9.0339
   -7.5000  -37.5000  -22.500011828.1191    9.0055
    0.0000  -37.5000  -22.500012330.8398    8.9956
    7.5000  -37.5000  -22.500011855.5605    8.9829
   -7.5000  -30.0000  -22.500012445.3232    8.8390
    0.0000  -30.0000  -22.500012938.5879    8.8311
    7.5000  -30.0000  -22.500012394.7617    8.8183
   -7.5000  -22.5000  -22.500013078.8506    8.7046
    0.0000  -22.5000  -22.500013586.9219    8.6985
    7.5000  -22.5000  -22.500012972.3027    8.6869
   -7.5000  -15.0000  -22.500013741.6445    8.6672
    0.0000  -15.0000  -22.500014303.8965    8.6608
    7.5000  -15.0000  -22.500013616.5820    8.6500
   -7.5000   -7.5000  -22.500014423.1201    8.6488
    0.0000   -7.5000  -22.500014981.5586    8.6402
    7.5000   -7.5000  -22.500014265.0518    8.6289
   -7.5000    0.0000  -22.500015060.6279    8.6466
    0.0000    0.0000  -22.500015616.2041    8.6365
    7.5000    0.0000  -22.500014844.2080    8.6240
   -7.5000    7.5000  -22.500014612.3799    8.7498
    0.0000    7.5000  -22.500015175.0771    8.7405
    7.5000    7.5000  -22.500014377.5332    8.7282
   -7.5000   15.0000  -22.500014054.5908    9.0243
    0.0000   15.0000  -22.500014638.5791    9.0164
    7.5000   15.0000  -22.500013812.9443    9.0053
   -7.5000   22.5000  -22.500013327.7793    9.3599
    0.0000   22.5000  -22.500013885.4854    9.3518
    7.5000   22.5000  -22.500013116.5742    9.3422
   -7.5000   30.0000  -22.500012576.2119    9.5652
    0.0000   30.0000  -22.500013103.4072    9.5544
    7.5000   30.0000  -22.500012377.2432    9.5446
   -7.5000   37.5000  -22.500012270.3545    9.8745
    0.0000   37.5000  -22.500012794.4131    9.8597
    7.5000   37.5000  -22.500012059.6338    9.8473
   -7.5000   45.0000  -22.500011555.6504    9.9580
    0.0000   45.0000  -22.500012033.4961    9.9404
    7.5000   45.0000  -22.500011367.9316    9.9238
   -7.5000  -45.0000  -15.000012248.0918    9.2385
    0.0000  -45.0000  -15.000012774.7285    9.2303
    7.5000  -45.0000  -15.000012312.8008    9.2169
   -7.5000  -37.5000  -15.000012495.4014    9.1872
    0.0000  -37.5000  -15.000013019.9453    9.1779
    7.5000  -37.5000  -15.000012520.6533    9.1647
   -7.5000  -30.0000  -15.000013139.9980    9.0170
    0.0000  -30.0000  -15.000013681.7578    9.0099
    7.5000  -30.0000  -15.000013102.9277    8.9966
   -7.5000  -22.5000  -15.000013807.1631    8.8794
    0.0000  -22.5000  -15.000014371.4131    8.8754
    7.5000  -22.5000  -15.000013723.3496    8.8639
   -7.5000  -15.0000  -15.000014509.2939    8.8412
    0.0000  -15.0000  -15.000015110.4492    8.8376
    7.5000  -15.0000  -15.000014427.4170    8.8274
   -7.5000   -7.5000  -15.000015215.8057    8.8227
    0.0000   -7.5000  -15.000015813.0049    8.8166
    7.5000   -7.5000  -15.000015083.5332    8.8058
   -7.5000    0.0000  -15.000015855.3994    8.8207
    0.0000    0.0000  -15.000016468.3789    8.8119
    7.5000    0.0000  -15.000015675.9414    8.7994
   -7.5000    7.5000  -15.000015432.5820    8.9267
    0.0000    7.5000  -15.000016051.8037    8.9180
    7.5000    7.5000  -15.000015193.9717    8.9053
   -7.5000   15.0000  -15.000014977.2705    9.2076
    0.0000   15.0000  -15.000015610.9209    9.2005
    7.5000   15.0000  -15.000014688.0381    9.1890
   -7.5000   22.5000  -15.000014175.7695    9.5509
    0.0000   22.5000  -15.000014764.1934    9.5451
    7.5000   22.5000  -15.000013959.6562    9.5362
   -7.5000   30.0000  -15.000013271.1934    9.7652
    0.0000   30.0000  -15.000013805.0889    9.7577
    7.5000   30.0000  -15.000013138.9365    9.7489
   -7.5000   37.5000  -15.000012897.8545   10.0837
    0.0000   37.5000  -15.000013425.2822   10.0719
    7.5000   37.5000  -15.000012774.5488   10.0602
   -7.5000   45.0000  -15.000012151.8281   10.1751
    0.0000   45.0000  -15.000012656.4043   10.1595
    7.5000   45.0000  -15.000012022.2178   10.1433
   -7.5000  -45.0000   -7.500012893.5742    9.3166
    0.0000  -45.0000   -7.500013468.0732    9.3088
    7.5000  -45.0000   -7.500012966.8555    9.2945
   -7.5000  -37.5000   -7.500013135.3828    9.2677
    0.0000  -37.5000   -7.500013737.6064    9.2593
    7.5000  -37.5000   -7.500013192.8340    9.2449
   -7.5000  -30.0000   -7.500013816.9541    9.0974
    0.0000  -30.0000   -7.500014439.3213    9.0915
    7.5000  -30.0000   -7.500013806.6465    9.0772
   -7.5000  -22.5000   -7.500014532.6836    8.9583
    0.0000  -22.5000   -7.500015173.5449    8.9554
    7.5000  -22.5000   -7.500014472.0713    8.9433
   -7.5000  -15.0000   -7.500015292.1953    8.9178
    0.0000  -15.0000   -7.500015960.3369    8.9152
    7.5000  -15.0000   -7.500015226.3164    8.9046
   -7.5000   -7.5000   -7.500016015.3604    8.8974
    0.0000   -7.5000   -7.500016665.5332    8.8918
    7.5000   -7.5000   -7.500015897.2119    8.8805
   -7.5000    0.0000   -7.500016660.8691    8.8952
    0.0000    0.0000   -7.500017293.0312    8.8869
    7.5000    0.0000   -7.500016509.1230    8.8734
   -7.5000    7.5000   -7.500016283.5762    9.0049
    0.0000    7.5000   -7.500016932.8730    8.9969
    7.5000    7.5000   -7.500016002.3516    8.9830
   -7.5000   15.0000   -7.500016045.7275    9.2900
    0.0000   15.0000   -7.500016735.0234    9.2836
    7.5000   15.0000   -7.500015612.2275    9.2714
   -7.5000   22.5000   -7.500015353.2568    9.6370
    0.0000   22.5000   -7.500015947.7129    9.6321
    7.5000   22.5000   -7.500014987.7686    9.6230
   -7.5000   30.0000   -7.500014287.4268    9.8554
    0.0000   30.0000   -7.500014815.6299    9.8487
    7.5000   30.0000   -7.500014074.9785    9.8397
   -7.5000   37.5000   -7.500013752.1543   10.1779
    0.0000   37.5000   -7.500014294.9053   10.1668
    7.5000   37.5000   -7.500013574.8291   10.1547
   -7.5000   45.0000   -7.500012858.2871   10.2733
    0.0000   45.0000   -7.500013427.7002   10.2586
    7.5000   45.0000   -7.500012682.5186   10.2418
   -7.5000  -45.0000    0.000013431.6719    9.3308
    0.0000  -45.0000    0.000014039.5957    9.3221
    7.5000  -45.0000    0.000013503.1582    9.3062
   -7.5000  -37.5000    0.000013672.6709    9.2841
    0.0000  -37.5000    0.000014318.1855    9.2757
    7.5000  -37.5000    0.000013738.2500    9.2601
   -7.5000  -30.0000    0.000014359.3477    9.1149
    0.0000  -30.0000    0.000015011.8594    9.1090
    7.5000  -30.0000    0.000014357.3096    9.0937
   -7.5000  -22.5000    0.000015080.4072    8.9750
    0.0000  -22.5000    0.000015734.6416    8.9711
    7.5000  -22.5000    0.000015049.6748    8.9580
   -7.5000  -15.0000    0.000015876.0430    8.9321
    0.0000  -15.0000    0.000016535.0430    8.9275
    7.5000  -15.0000    0.000015832.2764    8.9157
   -7.5000   -7.5000    0.000016629.6250    8.9095
    0.0000   -7.5000    0.000017237.7930    8.9022
    7.5000   -7.5000    0.000016531.7812    8.8894
   -7.5000    0.0000    0.000017338.8047    8.9075
    0.0000    0.0000    0.000017942.7734    8.8984
    7.5000    0.0000    0.000017158.6289    8.8834
   -7.5000    7.5000    0.000017001.6191    9.0200
    0.0000    7.5000    0.000017714.0371    9.0121
    7.5000    7.5000    0.000016628.9941    8.9970
   -7.5000   15.0000    0.000016725.8203    9.3069
    0.0000   15.0000    0.000017508.0957    9.3000
    7.5000   15.0000    0.000016222.1631    9.2870
   -7.5000   22.5000    0.000015975.9795    9.6548
    0.0000   22.5000    0.000016696.5293    9.6483
    7.5000   22.5000    0.000015551.3330    9.6382
   -7.5000   30.0000    0.000014988.5664    9.8724
    0.0000   30.0000    0.000015647.4043    9.8628
    7.5000   30.0000    0.000014582.8428    9.8524
   -7.5000   37.5000    0.000014413.9541   10.1936
    0.0000   37.5000    0.000015058.4482   10.1801
    7.5000   37.5000    0.000013995.7676   10.1666
   -7.5000   45.0000    0.000013376.0605   10.2897
    0.0000   45.0000    0.000013986.4395   10.2738
    7.5000   45.0000    0.000013015.0029   10.2554
   -7.5000  -45.0000    7.500012926.3164    9.3491
    0.0000  -45.0000    7.500013462.9346    9.3386
    7.5000  -45.0000    7.500012977.5947    9.3221
   -7.5000  -37.5000    7.500013145.1367    9.3025
    0.0000  -37.5000    7.500013704.1836    9.2932
    7.5000  -37.5000    7.500013202.6045    9.2776
   -7.5000  -30.0000    7.500013795.0469    9.1334
    0.0000  -30.0000    7.500014347.6670    9.1262
    7.5000  -30.0000    7.500013787.8838    9.1108
   -7.5000  -22.5000    7.500014509.7471    8.9933
    0.0000  -22.5000    7.500015044.6299    8.9870
    7.5000  -22.5000    7.500014459.8857    8.9734
   -7.5000  -15.0000    7.500015293.4297    8.9497
    0.0000  -15.0000    7.500015844.0723    8.9420
    7.5000  -15.0000    7.500015214.2666    8.9294
   -7.5000   -7.5000    7.500016040.0439    8.9263
    0.0000   -7.5000    7.500016579.5996    8.9164
    7.5000   -7.5000    7.500015907.2598    8.9028
   -7.5000    0.0000    7.500016733.2070    8.9241
    0.0000    0.0000    7.500017320.6445    8.9135
    7.5000    0.0000    7.500016526.3008    8.8980
   -7.5000    7.5000    7.500016311.3037    9.0374
    0.0000    7.5000    7.500017027.8242    9.0287
    7.5000    7.5000    7.500015987.5703    9.0135
   -7.5000   15.0000    7.500015826.4902    9.3249
    0.0000   15.0000    7.500016551.5879    9.3167
    7.5000   15.0000    7.500015478.2051    9.3034
   -7.5000   22.5000    7.500015043.0342    9.6715
    0.0000   22.5000    7.500015712.8877    9.6623
    7.5000   22.5000    7.500014736.0312    9.6510
   -7.5000   30.0000    7.500014177.2236    9.8860
    0.0000   30.0000    7.500014812.6846    9.8728
    7.5000   30.0000    7.500013817.1133    9.8609
   -7.5000   37.5000    7.500013724.3291   10.2048
    0.0000   37.5000    7.500014343.8203   10.1880
    7.5000   37.5000    7.500013314.1748   10.1732
   -7.5000   45.0000    7.500012764.4580   10.3004
    0.0000   45.0000    7.500013322.3311   10.2820
    7.5000   45.0000    7.500012417.0088   10.2624
   -7.5000  -45.0000   15.000012310.9004    9.3869
    0.0000  -45.0000   15.000012782.7910    9.3755
    7.5000  -45.0000   15.000012320.2842    9.3602
   -7.5000  -37.5000   15.000012528.0713    9.3379
    0.0000  -37.5000   15.000012993.6445    9.3277
    7.5000  -37.5000   15.000012522.9404    9.3134
   -7.5000  -30.0000   15.000013169.6299    9.1667
    0.0000  -30.0000   15.000013654.9375    9.1584
    7.5000  -30.0000   15.000013129.0537    9.1441
   -7.5000  -22.5000   15.000013860.0967    9.0265
    0.0000  -22.5000   15.000014370.8730    9.0191
    7.5000  -22.5000   15.000013786.9902    9.0061
   -7.5000  -15.0000   15.000014577.6621    8.9848
    0.0000  -15.0000   15.000015122.9463    8.9760
    7.5000  -15.0000   15.000014482.0283    8.9637
   -7.5000   -7.5000   15.000015246.2197    8.9627
    0.0000   -7.5000   15.000015778.1299    8.9519
    7.5000   -7.5000   15.000015097.5000    8.9390
   -7.5000    0.0000   15.000015859.1094    8.9603
    0.0000    0.0000   15.000016419.1699    8.9489
    7.5000    0.0000   15.000015621.7402    8.9347
   -7.5000    7.5000   15.000015358.2432    9.0719
    0.0000    7.5000   15.000015988.0547    9.0624
    7.5000    7.5000   15.000015076.6484    9.0485
   -7.5000   15.0000   15.000014768.2822    9.3592
    0.0000   15.0000   15.000015349.6973    9.3504
    7.5000   15.0000   15.000014524.4600    9.3379
   -7.5000   22.5000   15.000013996.9023    9.7060
    0.0000   22.5000   15.000014533.8594    9.6956
    7.5000   22.5000   15.000013788.5957    9.6845
   -7.5000   30.0000   15.000013228.0264    9.9205
    0.0000   30.0000   15.000013748.0605    9.9063
    7.5000   30.0000   15.000012969.9189    9.8944
   -7.5000   37.5000   15.000012815.1875   10.2404
    0.0000   37.5000   15.000013325.0947   10.2224
    7.5000   37.5000   15.000012527.8223   10.2080
   -7.5000   45.0000   15.000011920.9629   10.3363
    0.0000   45.0000   15.000012391.2930   10.3166
    7.5000   45.0000   15.000011688.4844   10.2975
   -7.5000  -45.0000   22.500011709.7471    9.5053
    0.0000  -45.0000   22.500012147.9209    9.4948
    7.5000  -45.0000   22.500011692.2695    9.4808
   -7.5000  -37.5000   22.500011904.9414    9.4526
    0.0000  -37.5000   22.500012348.7812    9.4419
    7.5000  -37.5000   22.500011874.1445    9.4286
   -7.5000  -30.0000   22.500012508.0186    9.2756
    0.0000  -30.0000   22.500012985.0039    9.2671
    7.5000  -30.0000   22.500012461.6006    9.2537
   -7.5000  -22.5000   22.500013127.3184    9.1326
    0.0000  -22.5000   22.500013622.4570    9.1261
    7.5000  -22.5000   22.500013047.6670    9.1140
   -7.5000  -15.0000   22.500013759.6973    9.0924
    0.0000  -15.0000   22.500014264.5273    9.0857
    7.5000  -15.0000   22.500013658.6914    9.0745
   -7.5000   -7.5000   22.500014337.7891    9.0726
    0.0000   -7.5000   22.500014851.1221    9.0635
    7.5000   -7.5000   22.500014202.5420    9.0518
   -7.5000    0.0000   22.500014866.9111    9.0704
    0.0000    0.0000   22.500015406.2617    9.0597
    7.5000    0.0000   22.500014667.2490    9.0467
   -7.5000    7.5000   22.500014314.9766    9.1817
    0.0000    7.5000   22.500014851.9072    9.1717
    7.5000    7.5000   22.500014103.8965    9.1589
   -7.5000   15.0000   22.500013724.3740    9.4722
    0.0000   15.0000   22.500014180.8574    9.4636
    7.5000   15.0000   22.500013526.6719    9.4519
   -7.5000   22.5000   22.500013032.1875    9.8244
    0.0000   22.5000   22.500013467.6094    9.8156
    7.5000   22.5000   22.500012847.9170    9.8055
   -7.5000   30.0000   22.500012319.3545   10.0452
    0.0000   30.0000   22.500012735.6865   10.0336
    7.5000   30.0000   22.500012103.8193   10.0231
   -7.5000   37.5000   22.500011924.3350   10.3736
    0.0000   37.5000   22.500012325.8828   10.3577
    7.5000   37.5000   22.500011696.1445   10.3445
   -7.5000   45.0000   22.500011112.4268   10.4736
    0.0000   45.0000   22.500011477.6885   10.4548
    7.5000   45.0000   22.500010915.4268   10.4370
   -7.5000  -45.0000   30.000010964.2490    9.6382
    0.0000  -45.0000   30.000011406.4961    9.6292
    7.5000  -45.0000   30.000010969.4668    9.6152
   -7.5000  -37.5000   30.000011136.3574    9.5835
    0.0000  -37.5000   30.000011573.4707    9.5733
    7.5000  -37.5000   30.000011133.1436    9.5593
   -7.5000  -30.0000   30.000011683.3213    9.4021
    0.0000  -30.0000   30.000012139.4990    9.3943
    7.5000  -30.0000   30.000011648.7793    9.3802
   -7.5000  -22.5000   30.000012225.8115    9.2556
    0.0000  -22.5000   30.000012689.9004    9.2511
    7.5000  -22.5000   30.000012157.2451    9.2390
   -7.5000  -15.0000   30.000012793.2217    9.2154
    0.0000  -15.0000   30.000013251.6211    9.2114
    7.5000  -15.0000   30.000012697.1260    9.2008
   -7.5000   -7.5000   30.000013306.0234    9.1958
    0.0000   -7.5000   30.000013769.2051    9.1891
    7.5000   -7.5000   30.000013180.5342    9.1779
   -7.5000    0.0000   30.000013765.7012    9.1936
    0.0000    0.0000   30.000014250.6318    9.1842
    7.5000    0.0000   30.000013601.9258    9.1710
   -7.5000    7.5000   30.000013201.0713    9.3068
    0.0000    7.5000   30.000013673.4883    9.2974
    7.5000    7.5000   30.000013021.4277    9.2839
   -7.5000   15.0000   30.000012602.8223    9.6027
    0.0000   15.0000   30.000013019.4795    9.5947
    7.5000   15.0000   30.000012424.4453    9.5826
   -7.5000   22.5000   30.000011971.4434    9.9620
    0.0000   22.5000   30.000012349.1299    9.9554
    7.5000   22.5000   30.000011788.5557    9.9458
   -7.5000   30.0000   30.000011280.2773   10.1897
    0.0000   30.0000   30.000011642.8027   10.1813
    7.5000   30.0000   30.000011096.6641   10.1718
   -7.5000   37.5000   30.000010920.7324   10.5262
    0.0000   37.5000   30.000011278.6270   10.5134
    7.5000   37.5000   30.000010747.7158   10.5006
   -7.5000   45.0000   30.000010208.1504   10.6300
    0.0000   45.0000   30.000010528.4756   10.6131
    7.5000   45.0000   30.000010035.6973   10.5955
   -7.5000  -45.0000   37.500010615.4307    9.8288
    0.0000  -45.0000   37.500011048.7520    9.8186
    7.5000  -45.0000   37.500010638.4502    9.8007
   -7.5000  -37.5000   37.500010764.1748    9.7755
    0.0000  -37.5000   37.500011193.7471    9.7645
    7.5000  -37.5000   37.500010781.1211    9.7467
   -7.5000  -30.0000   37.500011273.0615    9.5882
    0.0000  -30.0000   37.500011707.0801    9.5801
    7.5000  -30.0000   37.500011256.2031    9.5628
   -7.5000  -22.5000   37.500011775.7617    9.4358
    0.0000  -22.5000   37.500012218.1777    9.4311
    7.5000  -22.5000   37.500011718.0488    9.4165
   -7.5000  -15.0000   37.500012304.0098    9.3928
    0.0000  -15.0000   37.500012736.5078    9.3884
    7.5000  -15.0000   37.500012217.3193    9.3754
   -7.5000   -7.5000   37.500012776.6875    9.3716
    0.0000   -7.5000   37.500013216.4053    9.3639
    7.5000   -7.5000   37.500012661.9043    9.3498
   -7.5000    0.0000   37.500013198.7119    9.3698
    0.0000    0.0000   37.500013640.2773    9.3592
    7.5000    0.0000   37.500013042.0586    9.3425
   -7.5000    7.5000   37.500012606.8252    9.4889
    0.0000    7.5000   37.500013027.4844    9.4786
    7.5000    7.5000   37.500012442.0000    9.4615
   -7.5000   15.0000   37.500011991.8330    9.7930
    0.0000   15.0000   37.500012373.4170    9.7842
    7.5000   15.0000   37.500011836.2080    9.7691
   -7.5000   22.5000   37.500011371.2871   10.1634
    0.0000   22.5000   37.500011733.4336   10.1560
    7.5000   22.5000   37.500011203.1338   10.1442
   -7.5000   30.0000   37.500010710.7998   10.4001
    0.0000   30.0000   37.500011064.8213   10.3906
    7.5000   30.0000   37.500010532.3721   10.3785
   -7.5000   37.5000   37.500010390.4980   10.7482
    0.0000   37.5000   37.500010735.2021   10.7339
    7.5000   37.5000   37.500010218.8740   10.7177
   -7.5000   45.0000   37.5000 9739.5312   10.8589
    0.0000   45.0000   37.500010061.3096   10.8407
    7.5000   45.0000   37.5000 9559.7773   10.8188
   -7.5000  -45.0000   45.0000 9833.6357   10.0684
    0.0000  -45.0000   45.000010251.3291   10.0570
    7.5000  -45.0000   45.0000 9866.6152   10.0356
   -7.5000  -37.5000   45.0000 9979.7490   10.0232
    0.0000  -37.5000   45.000010395.8701   10.0120
    7.5000  -37.5000   45.000010010.0762    9.9912
   -7.5000  -30.0000   45.000010438.9883    9.8309
    0.0000  -30.0000   45.000010848.3018    9.8221
    7.5000  -30.0000   45.000010440.3564    9.8020
   -7.5000  -22.5000   45.000010887.7363    9.6716
    0.0000  -22.5000   45.000011286.1885    9.6651
    7.5000  -22.5000   45.000010842.1670    9.6477
   -7.5000  -15.0000   45.000011354.0205    9.6249
    0.0000  -15.0000   45.000011752.8164    9.6179
    7.5000  -15.0000   45.000011281.6289    9.6019
   -7.5000   -7.5000   45.000011769.2471    9.5998
    0.0000   -7.5000   45.000012172.1992    9.5901
    7.5000   -7.5000   45.000011666.1504    9.5728
   -7.5000    0.0000   45.000012128.4297    9.5971
    0.0000    0.0000   45.000012521.9326    9.5856
    7.5000    0.0000   45.000011987.3252    9.5656
   -7.5000    7.5000   45.000011544.9902    9.7237
    0.0000    7.5000   45.000011917.2705    9.7131
    7.5000    7.5000   45.000011410.6035    9.6932
   -7.5000   15.0000   45.000010971.3613   10.0340
    0.0000   15.0000   45.000011325.5742   10.0241
    7.5000   15.0000   45.000010822.5732   10.0065
   -7.5000   22.5000   45.000010403.9648   10.4165
    0.0000   22.5000   45.000010740.0020   10.4066
    7.5000   22.5000   45.000010231.2988   10.3918
   -7.5000   30.0000   45.0000 9784.3555   10.6607
    0.0000   30.0000   45.000010109.3994   10.6475
    7.5000   30.0000   45.0000 9617.7432   10.6317
   -7.5000   37.5000   45.0000 9502.3447   11.0208
    0.0000   37.5000   45.0000 9822.6152   11.0034
    7.5000   37.5000   45.0000 9342.4121   10.9835
   -7.5000   45.0000   45.0000 8912.0293   11.1476
    0.0000   45.0000   45.0000 9223.8887   11.1278
    7.5000   45.0000   45.0000 8755.4199   11.1018

---------------------------------------------------------------------
imgreg_4dfp /opt/freesurfer/average/711-2C_as_mni_average_305 /opt/freesurfer/average/711-2B_as_mni_average_305_mask talsrcimg_g11 none talsrcimg_to_711-2C_as_mni_average_305_t4 4355
---------------------------------------------------------------------

freesurfer imgreg_4dfp.c
/opt/freesurfer/average/711-2C_as_mni_average_305.4dfp.img
       256       256       256         1
  1.000000  1.000000  1.000000
orientation T byte_order littleendian
Reading image: /opt/freesurfer/average/711-2C_as_mni_average_305.4dfp.img
dimensions:      256       256       256
mmppix:       1.0000   -1.0000   -1.0000
center:     128.0000 -129.0000 -129.0000
/opt/freesurfer/average/711-2B_as_mni_average_305_mask.4dfp.img
       256       256       256         1
  1.000000  1.000000  1.000000
orientation T byte_order littleendian
Reading mask: /opt/freesurfer/average/711-2B_as_mni_average_305_mask.4dfp.img (2306576 pixels)
talsrcimg_g11.4dfp.img
       256       256       256         1
  1.000000  1.000000  1.000000
orientation T byte_order littleendian
Reading image: talsrcimg_g11.4dfp.img
dimensions:      256       256       256
mmppix:       1.0000   -1.0000   -1.0000
center:     128.0000 -129.0000 -129.0000
rotation matrix determinant  1.000000
image alignment mode   4355 decimal     1103 hex
   -7.5000  -45.0000  -45.0000 2370.4583   12.7718
    0.0000  -45.0000  -45.0000 2385.9111   12.7161
    7.5000  -45.0000  -45.0000 2378.2998   12.8598
   -7.5000  -37.5000  -45.0000 2388.5581   12.4727
    0.0000  -37.5000  -45.0000 2399.8999   12.4427
    7.5000  -37.5000  -45.0000 2394.0015   12.5653
   -7.5000  -30.0000  -45.0000 2417.2395   12.1915
    0.0000  -30.0000  -45.0000 2427.7539   12.1720
    7.5000  -30.0000  -45.0000 2413.2607   12.2785
   -7.5000  -22.5000  -45.0000 2456.9775   11.8839
    0.0000  -22.5000  -45.0000 2465.1853   11.8718
    7.5000  -22.5000  -45.0000 2447.8440   11.9974
   -7.5000  -15.0000  -45.0000 2492.3899   11.6257
    0.0000  -15.0000  -45.0000 2501.1335   11.6193
    7.5000  -15.0000  -45.0000 2481.9741   11.7288
   -7.5000   -7.5000  -45.0000 2519.9717   11.3821
    0.0000   -7.5000  -45.0000 2530.1289   11.3996
    7.5000   -7.5000  -45.0000 2507.6475   11.5084
   -7.5000    0.0000  -45.0000 2538.3381   11.1757
    0.0000    0.0000  -45.0000 2546.7451   11.2047
    7.5000    0.0000  -45.0000 2519.6143   11.3022
   -7.5000    7.5000  -45.0000 2552.5486   11.0169
    0.0000    7.5000  -45.0000 2557.5281   11.0524
    7.5000    7.5000  -45.0000 2530.1204   11.1864
   -7.5000   15.0000  -45.0000 2558.5503   10.9419
    0.0000   15.0000  -45.0000 2560.2341   10.9730
    7.5000   15.0000  -45.0000 2532.4019   11.1315
   -7.5000   22.5000  -45.0000 2556.5581   10.9231
    0.0000   22.5000  -45.0000 2552.8994   10.9541
    7.5000   22.5000  -45.0000 2526.6829   11.1314
   -7.5000   30.0000  -45.0000 2546.6704   11.1035
    0.0000   30.0000  -45.0000 2543.9309   11.1412
    7.5000   30.0000  -45.0000 2514.0291   11.3441
   -7.5000   37.5000  -45.0000 2525.3672   11.5118
    0.0000   37.5000  -45.0000 2519.9988   11.5347
    7.5000   37.5000  -45.0000 2486.0730   11.7414
   -7.5000   45.0000  -45.0000 2477.2466   12.1042
    0.0000   45.0000  -45.0000 2475.5352   12.1107
    7.5000   45.0000  -45.0000 2439.7573   12.3510
   -7.5000  -45.0000  -37.5000 2445.3748   11.9256
    0.0000  -45.0000  -37.5000 2467.1040   11.8609
    7.5000  -45.0000  -37.5000 2456.1633   11.9901
   -7.5000  -37.5000  -37.5000 2470.6418   11.6385
    0.0000  -37.5000  -37.5000 2485.6753   11.6100
    7.5000  -37.5000  -37.5000 2474.2527   11.7335
   -7.5000  -30.0000  -37.5000 2504.4875   11.3773
    0.0000  -30.0000  -37.5000 2519.7522   11.3660
    7.5000  -30.0000  -37.5000 2502.4070   11.4668
   -7.5000  -22.5000  -37.5000 2545.6448   11.1116
    0.0000  -22.5000  -37.5000 2557.8914   11.0879
    7.5000  -22.5000  -37.5000 2536.5762   11.2019
   -7.5000  -15.0000  -37.5000 2578.2771   10.8394
    0.0000  -15.0000  -37.5000 2590.5322   10.8195
    7.5000  -15.0000  -37.5000 2566.7598   10.9513
   -7.5000   -7.5000  -37.5000 2604.7783   10.6158
    0.0000   -7.5000  -37.5000 2615.0107   10.6016
    7.5000   -7.5000  -37.5000 2588.1968   10.7253
   -7.5000    0.0000  -37.5000 2622.4761   10.4494
    0.0000    0.0000  -37.5000 2632.1321   10.4442
    7.5000    0.0000  -37.5000 2603.4656   10.5608
   -7.5000    7.5000  -37.5000 2637.8201   10.3183
    0.0000    7.5000  -37.5000 2642.8279   10.3265
    7.5000    7.5000  -37.5000 2613.8247   10.4331
   -7.5000   15.0000  -37.5000 2650.3540   10.2134
    0.0000   15.0000  -37.5000 2651.9026   10.2518
    7.5000   15.0000  -37.5000 2622.9578   10.3677
   -7.5000   22.5000  -37.5000 2645.6763   10.1804
    0.0000   22.5000  -37.5000 2646.8657   10.2418
    7.5000   22.5000  -37.5000 2619.3862   10.3823
   -7.5000   30.0000  -37.5000 2636.5886   10.3517
    0.0000   30.0000  -37.5000 2635.2136   10.4031
    7.5000   30.0000  -37.5000 2604.7810   10.5640
   -7.5000   37.5000  -37.5000 2615.6140   10.7331
    0.0000   37.5000  -37.5000 2614.9541   10.7611
    7.5000   37.5000  -37.5000 2578.7698   10.9438
   -7.5000   45.0000  -37.5000 2569.0906   11.3031
    0.0000   45.0000  -37.5000 2565.8071   11.3309
    7.5000   45.0000  -37.5000 2527.8933   11.5201
   -7.5000  -45.0000  -30.0000 2574.1638   11.5547
    0.0000  -45.0000  -30.0000 2595.9255   11.4681
    7.5000  -45.0000  -30.0000 2585.2041   11.6070
   -7.5000  -37.5000  -30.0000 2601.7141   11.2904
    0.0000  -37.5000  -30.0000 2621.1301   11.2324
    7.5000  -37.5000  -30.0000 2607.3494   11.3587
   -7.5000  -30.0000  -30.0000 2634.7378   11.0422
    0.0000  -30.0000  -30.0000 2652.0303   10.9979
    7.5000  -30.0000  -30.0000 2635.5061   11.1046
   -7.5000  -22.5000  -30.0000 2671.6531   10.7794
    0.0000  -22.5000  -30.0000 2686.5696   10.7451
    7.5000  -22.5000  -30.0000 2667.1619   10.8620
   -7.5000  -15.0000  -30.0000 2702.1997   10.5002
    0.0000  -15.0000  -30.0000 2715.5366   10.4720
    7.5000  -15.0000  -30.0000 2693.8826   10.6064
   -7.5000   -7.5000  -30.0000 2725.3074   10.2574
    0.0000   -7.5000  -30.0000 2736.1531   10.2438
    7.5000   -7.5000  -30.0000 2714.7771   10.3794
   -7.5000    0.0000  -30.0000 2746.8733   10.1010
    0.0000    0.0000  -30.0000 2755.5574   10.0817
    7.5000    0.0000  -30.0000 2731.9802   10.2183
   -7.5000    7.5000  -30.0000 2766.3921    9.9831
    0.0000    7.5000  -30.0000 2771.4348    9.9734
    7.5000    7.5000  -30.0000 2744.9521   10.1023
   -7.5000   15.0000  -30.0000 2783.3926    9.8666
    0.0000   15.0000  -30.0000 2789.3586    9.8922
    7.5000   15.0000  -30.0000 2750.6233   10.0086
   -7.5000   22.5000  -30.0000 2783.5938    9.8098
    0.0000   22.5000  -30.0000 2786.8098    9.8666
    7.5000   22.5000  -30.0000 2749.4333    9.9965
   -7.5000   30.0000  -30.0000 2772.9680    9.9889
    0.0000   30.0000  -30.0000 2778.2791   10.0284
    7.5000   30.0000  -30.0000 2742.4258   10.1877
   -7.5000   37.5000  -30.0000 2750.6257   10.3949
    0.0000   37.5000  -30.0000 2755.9475   10.4051
    7.5000   37.5000  -30.0000 2717.4131   10.5725
   -7.5000   45.0000  -30.0000 2698.7153   10.9617
    0.0000   45.0000  -30.0000 2699.7393   10.9788
    7.5000   45.0000  -30.0000 2663.8125   11.1385
   -7.5000  -45.0000  -22.5000 2668.4988   11.1421
    0.0000  -45.0000  -22.5000 2692.9446   11.0298
    7.5000  -45.0000  -22.5000 2684.0854   11.1877
   -7.5000  -37.5000  -22.5000 2695.4097   10.8935
    0.0000  -37.5000  -22.5000 2713.6965   10.8032
    7.5000  -37.5000  -22.5000 2701.8374   10.9528
   -7.5000  -30.0000  -22.5000 2724.9587   10.6481
    0.0000  -30.0000  -22.5000 2741.5710   10.5697
    7.5000  -30.0000  -22.5000 2725.1926   10.7189
   -7.5000  -22.5000  -22.5000 2757.3398   10.3752
    0.0000  -22.5000  -22.5000 2773.8542   10.3324
    7.5000  -22.5000  -22.5000 2755.0229   10.4743
   -7.5000  -15.0000  -22.5000 2780.4053   10.0993
    0.0000  -15.0000  -22.5000 2798.9424   10.0686
    7.5000  -15.0000  -22.5000 2777.4312   10.2163
   -7.5000   -7.5000  -22.5000 2807.0454    9.8568
    0.0000   -7.5000  -22.5000 2820.2786    9.8486
    7.5000   -7.5000  -22.5000 2798.5007    9.9896
   -7.5000    0.0000  -22.5000 2834.9387    9.6968
    0.0000    0.0000  -22.5000 2843.1658    9.6700
    7.5000    0.0000  -22.5000 2817.9546    9.8160
   -7.5000    7.5000  -22.5000 2860.9915    9.5913
    0.0000    7.5000  -22.5000 2869.3118    9.5701
    7.5000    7.5000  -22.5000 2840.6223    9.7274
   -7.5000   15.0000  -22.5000 2878.4504    9.4993
    0.0000   15.0000  -22.5000 2886.0366    9.5112
    7.5000   15.0000  -22.5000 2843.6072    9.6630
   -7.5000   22.5000  -22.5000 2883.1667    9.3943
    0.0000   22.5000  -22.5000 2890.2642    9.4243
    7.5000   22.5000  -22.5000 2845.2383    9.6277
   -7.5000   30.0000  -22.5000 2873.6304    9.5730
    0.0000   30.0000  -22.5000 2877.0962    9.5861
    7.5000   30.0000  -22.5000 2841.8921    9.8035
   -7.5000   37.5000  -22.5000 2845.2175    9.9925
    0.0000   37.5000  -22.5000 2849.9617    9.9912
    7.5000   37.5000  -22.5000 2813.1147   10.1907
   -7.5000   45.0000  -22.5000 2785.6497   10.5650
    0.0000   45.0000  -22.5000 2787.7686   10.5578
    7.5000   45.0000  -22.5000 2754.4741   10.7706
   -7.5000  -45.0000  -15.0000 2736.8948   10.7411
    0.0000  -45.0000  -15.0000 2755.1309   10.6426
    7.5000  -45.0000  -15.0000 2749.1189   10.8003
   -7.5000  -37.5000  -15.0000 2756.6599   10.5156
    0.0000  -37.5000  -15.0000 2776.1841   10.4221
    7.5000  -37.5000  -15.0000 2764.3259   10.5669
   -7.5000  -30.0000  -15.0000 2776.4575   10.2683
    0.0000  -30.0000  -15.0000 2797.4089   10.1922
    7.5000  -30.0000  -15.0000 2780.9092   10.3477
   -7.5000  -22.5000  -15.0000 2799.1890   10.0159
    0.0000  -22.5000  -15.0000 2820.6079    9.9619
    7.5000  -22.5000  -15.0000 2805.3145   10.1090
   -7.5000  -15.0000  -15.0000 2820.9895    9.7523
    0.0000  -15.0000  -15.0000 2840.6106    9.7155
    7.5000  -15.0000  -15.0000 2826.6677    9.8733
   -7.5000   -7.5000  -15.0000 2853.6194    9.5342
    0.0000   -7.5000  -15.0000 2869.2400    9.4842
    7.5000   -7.5000  -15.0000 2850.6067    9.6515
   -7.5000    0.0000  -15.0000 2884.0166    9.3675
    0.0000    0.0000  -15.0000 2894.9160    9.3175
    7.5000    0.0000  -15.0000 2870.8357    9.4960
   -7.5000    7.5000  -15.0000 2913.5098    9.2788
    0.0000    7.5000  -15.0000 2925.3230    9.2292
    7.5000    7.5000  -15.0000 2896.6206    9.4013
   -7.5000   15.0000  -15.0000 2937.6926    9.2636
    0.0000   15.0000  -15.0000 2948.2090    9.2241
    7.5000   15.0000  -15.0000 2909.5759    9.3947
   -7.5000   22.5000  -15.0000 2944.3525    9.1745
    0.0000   22.5000  -15.0000 2951.2683    9.1570
    7.5000   22.5000  -15.0000 2908.3884    9.4083
   -7.5000   30.0000  -15.0000 2931.3145    9.2889
    0.0000   30.0000  -15.0000 2930.8948    9.2631
    7.5000   30.0000  -15.0000 2898.8762    9.5941
   -7.5000   37.5000  -15.0000 2895.9832    9.6739
    0.0000   37.5000  -15.0000 2897.4756    9.6333
    7.5000   37.5000  -15.0000 2870.6855    9.9538
   -7.5000   45.0000  -15.0000 2833.1697   10.2216
    0.0000   45.0000  -15.0000 2837.9858   10.1884
    7.5000   45.0000  -15.0000 2809.9302   10.5052
   -7.5000  -45.0000   -7.5000 2781.4282   10.3632
    0.0000  -45.0000   -7.5000 2799.7393   10.2586
    7.5000  -45.0000   -7.5000 2793.6780   10.4092
   -7.5000  -37.5000   -7.5000 2793.5737   10.1790
    0.0000  -37.5000   -7.5000 2816.7109   10.0588
    7.5000  -37.5000   -7.5000 2808.7964   10.1930
   -7.5000  -30.0000   -7.5000 2809.1885    9.9468
    0.0000  -30.0000   -7.5000 2830.8291    9.8560
    7.5000  -30.0000   -7.5000 2819.2085    9.9911
   -7.5000  -22.5000   -7.5000 2827.0039    9.7205
    0.0000  -22.5000   -7.5000 2848.2800    9.6370
    7.5000  -22.5000   -7.5000 2833.6677    9.7785
   -7.5000  -15.0000   -7.5000 2844.6011    9.4921
    0.0000  -15.0000   -7.5000 2864.2156    9.4129
    7.5000  -15.0000   -7.5000 2849.8560    9.5756
   -7.5000   -7.5000   -7.5000 2876.5583    9.2875
    0.0000   -7.5000   -7.5000 2894.1497    9.1964
    7.5000   -7.5000   -7.5000 2873.0845    9.3769
   -7.5000    0.0000   -7.5000 2908.0847    9.1424
    0.0000    0.0000   -7.5000 2924.2861    9.0381
    7.5000    0.0000   -7.5000 2898.5295    9.2417
   -7.5000    7.5000   -7.5000 2947.2556    9.1122
    0.0000    7.5000   -7.5000 2954.7920    8.9984
    7.5000    7.5000   -7.5000 2929.2632    9.2060
   -7.5000   15.0000   -7.5000 2981.5173    9.2080
    0.0000   15.0000   -7.5000 2987.7854    9.1057
    7.5000   15.0000   -7.5000 2957.1240    9.2948
   -7.5000   22.5000   -7.5000 2998.9678    9.2384
    0.0000   22.5000   -7.5000 3004.6760    9.1751
    7.5000   22.5000   -7.5000 2963.8508    9.3987
   -7.5000   30.0000   -7.5000 2974.4814    9.2784
    0.0000   30.0000   -7.5000 2969.6045    9.2162
    7.5000   30.0000   -7.5000 2938.8330    9.5445
   -7.5000   37.5000   -7.5000 2929.5950    9.5092
    0.0000   37.5000   -7.5000 2927.6648    9.4639
    7.5000   37.5000   -7.5000 2898.7063    9.8156
   -7.5000   45.0000   -7.5000 2858.1470   10.0051
    0.0000   45.0000   -7.5000 2863.8765    9.9561
    7.5000   45.0000   -7.5000 2837.5464   10.2864
   -7.5000  -45.0000    0.0000 2808.2634   10.0946
    0.0000  -45.0000    0.0000 2831.3767    9.9708
    7.5000  -45.0000    0.0000 2826.3137   10.1215
   -7.5000  -37.5000    0.0000 2818.3169    9.9153
    0.0000  -37.5000    0.0000 2847.5657    9.7875
    7.5000  -37.5000    0.0000 2838.0537    9.9235
   -7.5000  -30.0000    0.0000 2824.8423    9.6996
    0.0000  -30.0000    0.0000 2852.2356    9.5928
    7.5000  -30.0000    0.0000 2837.7866    9.7272
   -7.5000  -22.5000    0.0000 2835.6750    9.5005
    0.0000  -22.5000    0.0000 2859.8513    9.3777
    7.5000  -22.5000    0.0000 2842.5803    9.5409
   -7.5000  -15.0000    0.0000 2851.4871    9.3127
    0.0000  -15.0000    0.0000 2871.8257    9.1899
    7.5000  -15.0000    0.0000 2857.1204    9.3786
   -7.5000   -7.5000    0.0000 2881.2324    9.1680
    0.0000   -7.5000    0.0000 2895.6946    9.0328
    7.5000   -7.5000    0.0000 2877.5688    9.2413
   -7.5000    0.0000    0.0000 2917.4346    9.0850
    0.0000    0.0000    0.0000 2924.9897    8.9538
    7.5000    0.0000    0.0000 2906.3245    9.1736
   -7.5000    7.5000    0.0000 2964.6396    9.1126
    0.0000    7.5000    0.0000 2966.1050    8.9967
    7.5000    7.5000    0.0000 2942.1270    9.1960
   -7.5000   15.0000    0.0000 3006.9336    9.2522
    0.0000   15.0000    0.0000 3017.4902    9.1905
    7.5000   15.0000    0.0000 2979.0354    9.2959
   -7.5000   22.5000    0.0000 3024.0547    9.2759
    0.0000   22.5000    0.0000 3034.7371    9.2571
    7.5000   22.5000    0.0000 2980.8474    9.4115
   -7.5000   30.0000    0.0000 2993.4529    9.3559
    0.0000   30.0000    0.0000 2996.7546    9.3254
    7.5000   30.0000    0.0000 2947.2478    9.5778
   -7.5000   37.5000    0.0000 2935.7859    9.6025
    0.0000   37.5000    0.0000 2938.4070    9.5663
    7.5000   37.5000    0.0000 2898.6853    9.8006
   -7.5000   45.0000    0.0000 2853.7473   10.0785
    0.0000   45.0000    0.0000 2859.4719   10.0413
    7.5000   45.0000    0.0000 2832.7444   10.2385
   -7.5000  -45.0000    7.5000 2823.8447    9.9357
    0.0000  -45.0000    7.5000 2849.8208    9.7862
    7.5000  -45.0000    7.5000 2844.8623    9.9436
   -7.5000  -37.5000    7.5000 2836.4104    9.7762
    0.0000  -37.5000    7.5000 2865.8252    9.6194
    7.5000  -37.5000    7.5000 2856.4050    9.7792
   -7.5000  -30.0000    7.5000 2833.3308    9.6007
    0.0000  -30.0000    7.5000 2863.9375    9.4432
    7.5000  -30.0000    7.5000 2853.5740    9.6059
   -7.5000  -22.5000    7.5000 2838.9893    9.4568
    0.0000  -22.5000    7.5000 2863.0640    9.2807
    7.5000  -22.5000    7.5000 2850.8723    9.4800
   -7.5000  -15.0000    7.5000 2857.7039    9.3351
    0.0000  -15.0000    7.5000 2871.1216    9.1672
    7.5000  -15.0000    7.5000 2857.4700    9.3806
   -7.5000   -7.5000    7.5000 2887.8425    9.2340
    0.0000   -7.5000    7.5000 2893.9478    9.0970
    7.5000   -7.5000    7.5000 2877.6980    9.3169
   -7.5000    0.0000    7.5000 2919.9648    9.1690
    0.0000    0.0000    7.5000 2926.7542    9.0753
    7.5000    0.0000    7.5000 2906.5378    9.2810
   -7.5000    7.5000    7.5000 2961.5750    9.2024
    0.0000    7.5000    7.5000 2969.1279    9.1373
    7.5000    7.5000    7.5000 2939.3733    9.3027
   -7.5000   15.0000    7.5000 3002.8071    9.2836
    0.0000   15.0000    7.5000 3018.9050    9.2577
    7.5000   15.0000    7.5000 2975.5396    9.3804
   -7.5000   22.5000    7.5000 3012.3738    9.2813
    0.0000   22.5000    7.5000 3025.2285    9.2541
    7.5000   22.5000    7.5000 2974.8516    9.4902
   -7.5000   30.0000    7.5000 2982.3423    9.4464
    0.0000   30.0000    7.5000 2994.6814    9.4120
    7.5000   30.0000    7.5000 2944.5459    9.6579
   -7.5000   37.5000    7.5000 2924.2585    9.8113
    0.0000   37.5000    7.5000 2933.7947    9.7760
    7.5000   37.5000    7.5000 2887.3130    9.9670
   -7.5000   45.0000    7.5000 2831.9270   10.3881
    0.0000   45.0000    7.5000 2842.5767   10.3320
    7.5000   45.0000    7.5000 2812.1633   10.4945
   -7.5000  -45.0000   15.0000 2819.7485    9.9617
    0.0000  -45.0000   15.0000 2843.3772    9.7555
    7.5000  -45.0000   15.0000 2839.7053    9.9307
   -7.5000  -37.5000   15.0000 2830.9265    9.8308
    0.0000  -37.5000   15.0000 2852.7964    9.6440
    7.5000  -37.5000   15.0000 2845.1650    9.8149
   -7.5000  -30.0000   15.0000 2835.1074    9.6903
    0.0000  -30.0000   15.0000 2860.1985    9.5170
    7.5000  -30.0000   15.0000 2848.4490    9.7044
   -7.5000  -22.5000   15.0000 2844.6118    9.5833
    0.0000  -22.5000   15.0000 2863.6826    9.4162
    7.5000  -22.5000   15.0000 2850.6633    9.6163
   -7.5000  -15.0000   15.0000 2858.8193    9.5034
    0.0000  -15.0000   15.0000 2870.8594    9.3617
    7.5000  -15.0000   15.0000 2854.1348    9.5547
   -7.5000   -7.5000   15.0000 2882.1526    9.4367
    0.0000   -7.5000   15.0000 2889.1465    9.3166
    7.5000   -7.5000   15.0000 2871.1086    9.5002
   -7.5000    0.0000   15.0000 2907.4956    9.3816
    0.0000    0.0000   15.0000 2914.7427    9.3010
    7.5000    0.0000   15.0000 2891.9114    9.4716
   -7.5000    7.5000   15.0000 2944.0271    9.4120
    0.0000    7.5000   15.0000 2948.9805    9.3495
    7.5000    7.5000   15.0000 2924.6853    9.4959
   -7.5000   15.0000   15.0000 2972.8201    9.4638
    0.0000   15.0000   15.0000 2984.2014    9.4006
    7.5000   15.0000   15.0000 2947.8594    9.5951
   -7.5000   22.5000   15.0000 2968.0996    9.4754
    0.0000   22.5000   15.0000 2977.4478    9.4039
    7.5000   22.5000   15.0000 2941.5757    9.6982
   -7.5000   30.0000   15.0000 2942.0312    9.7114
    0.0000   30.0000   15.0000 2955.2773    9.6486
    7.5000   30.0000   15.0000 2912.3694    9.9086
   -7.5000   37.5000   15.0000 2884.6750   10.1208
    0.0000   37.5000   15.0000 2897.6826   10.0628
    7.5000   37.5000   15.0000 2857.0037   10.2837
   -7.5000   45.0000   15.0000 2790.6650   10.7149
    0.0000   45.0000   15.0000 2805.6050   10.6444
    7.5000   45.0000   15.0000 2780.0627   10.8465
   -7.5000  -45.0000   22.5000 2805.4265   10.2094
    0.0000  -45.0000   22.5000 2824.0396    9.9509
    7.5000  -45.0000   22.5000 2819.0515   10.1083
   -7.5000  -37.5000   22.5000 2819.7205   10.0621
    0.0000  -37.5000   22.5000 2836.1177    9.8388
    7.5000  -37.5000   22.5000 2827.7874   10.0247
   -7.5000  -30.0000   22.5000 2823.3650    9.9323
    0.0000  -30.0000   22.5000 2846.1162    9.7550
    7.5000  -30.0000   22.5000 2834.0796    9.9385
   -7.5000  -22.5000   22.5000 2836.2891    9.8270
    0.0000  -22.5000   22.5000 2853.3308    9.6710
    7.5000  -22.5000   22.5000 2836.8018    9.8602
   -7.5000  -15.0000   22.5000 2849.2192    9.7487
    0.0000  -15.0000   22.5000 2861.5967    9.6229
    7.5000  -15.0000   22.5000 2840.2339    9.8017
   -7.5000   -7.5000   22.5000 2862.7048    9.7037
    0.0000   -7.5000   22.5000 2875.8271    9.5855
    7.5000   -7.5000   22.5000 2852.9878    9.7689
   -7.5000    0.0000   22.5000 2883.2495    9.6979
    0.0000    0.0000   22.5000 2890.2800    9.6037
    7.5000    0.0000   22.5000 2865.9878    9.7701
   -7.5000    7.5000   22.5000 2905.0139    9.7241
    0.0000    7.5000   22.5000 2910.8657    9.6343
    7.5000    7.5000   22.5000 2888.2937    9.7930
   -7.5000   15.0000   22.5000 2920.3933    9.7691
    0.0000   15.0000   22.5000 2922.7959    9.6562
    7.5000   15.0000   22.5000 2896.0779    9.9090
   -7.5000   22.5000   22.5000 2905.6077    9.8485
    0.0000   22.5000   22.5000 2910.8271    9.7728
    7.5000   22.5000   22.5000 2886.0200   10.0436
   -7.5000   30.0000   22.5000 2874.0627   10.1579
    0.0000   30.0000   22.5000 2886.4912   10.0821
    7.5000   30.0000   22.5000 2852.5735   10.3439
   -7.5000   37.5000   22.5000 2819.7888   10.5920
    0.0000   37.5000   22.5000 2830.5225   10.5226
    7.5000   37.5000   22.5000 2796.4570   10.7584
   -7.5000   45.0000   22.5000 2735.9111   11.1797
    0.0000   45.0000   22.5000 2744.3350   11.1072
    7.5000   45.0000   22.5000 2721.9956   11.3247
   -7.5000  -45.0000   30.0000 2776.6929   10.5388
    0.0000  -45.0000   30.0000 2792.6316   10.3181
    7.5000  -45.0000   30.0000 2783.7036   10.4620
   -7.5000  -37.5000   30.0000 2786.1011   10.3964
    0.0000  -37.5000   30.0000 2803.9041   10.1740
    7.5000  -37.5000   30.0000 2794.6904   10.3540
   -7.5000  -30.0000   30.0000 2793.0918   10.2792
    0.0000  -30.0000   30.0000 2813.7571   10.0821
    7.5000  -30.0000   30.0000 2799.2212   10.2615
   -7.5000  -22.5000   30.0000 2806.1111   10.1685
    0.0000  -22.5000   30.0000 2822.1111   10.0052
    7.5000  -22.5000   30.0000 2805.5364   10.1867
   -7.5000  -15.0000   30.0000 2817.7415   10.0990
    0.0000  -15.0000   30.0000 2831.4895    9.9555
    7.5000  -15.0000   30.0000 2814.3191   10.1463
   -7.5000   -7.5000   30.0000 2830.5798   10.0754
    0.0000   -7.5000   30.0000 2845.5640    9.9428
    7.5000   -7.5000   30.0000 2826.5862   10.1316
   -7.5000    0.0000   30.0000 2843.3943   10.0800
    0.0000    0.0000   30.0000 2854.3198    9.9754
    7.5000    0.0000   30.0000 2833.1091   10.1506
   -7.5000    7.5000   30.0000 2852.0632   10.1477
    0.0000    7.5000   30.0000 2865.5574   10.0387
    7.5000    7.5000   30.0000 2838.5349   10.2249
   -7.5000   15.0000   30.0000 2850.6182   10.2273
    0.0000   15.0000   30.0000 2858.1858   10.1157
    7.5000   15.0000   30.0000 2830.7708   10.3406
   -7.5000   22.5000   30.0000 2834.6106   10.3746
    0.0000   22.5000   30.0000 2837.9792   10.2990
    7.5000   22.5000   30.0000 2817.0129   10.5384
   -7.5000   30.0000   30.0000 2791.7412   10.7203
    0.0000   30.0000   30.0000 2803.5994   10.6410
    7.5000   30.0000   30.0000 2775.4700   10.8954
   -7.5000   37.5000   30.0000 2734.8601   11.1802
    0.0000   37.5000   30.0000 2746.2668   11.0899
    7.5000   37.5000   30.0000 2719.9182   11.3351
   -7.5000   45.0000   30.0000 2657.9270   11.7808
    0.0000   45.0000   30.0000 2664.4863   11.6858
    7.5000   45.0000   30.0000 2639.6831   11.9215
   -7.5000  -45.0000   37.5000 2733.4006   10.9869
    0.0000  -45.0000   37.5000 2746.9143   10.7882
    7.5000  -45.0000   37.5000 2739.4253   10.9105
   -7.5000  -37.5000   37.5000 2740.0620   10.8304
    0.0000  -37.5000   37.5000 2755.4294   10.6170
    7.5000  -37.5000   37.5000 2748.7317   10.7924
   -7.5000  -30.0000   37.5000 2745.1541   10.6967
    0.0000  -30.0000   37.5000 2763.1355   10.5131
    7.5000  -30.0000   37.5000 2753.8279   10.6900
   -7.5000  -22.5000   37.5000 2759.0325   10.5971
    0.0000  -22.5000   37.5000 2775.5994   10.4400
    7.5000  -22.5000   37.5000 2758.7007   10.6239
   -7.5000  -15.0000   37.5000 2770.7371   10.5433
    0.0000  -15.0000   37.5000 2787.0994   10.3966
    7.5000  -15.0000   37.5000 2771.6497   10.5947
   -7.5000   -7.5000   37.5000 2780.0098   10.5241
    0.0000   -7.5000   37.5000 2795.7817   10.4070
    7.5000   -7.5000   37.5000 2781.5637   10.5904
   -7.5000    0.0000   37.5000 2785.7803   10.5813
    0.0000    0.0000   37.5000 2795.5034   10.4757
    7.5000    0.0000   37.5000 2782.6067   10.6456
   -7.5000    7.5000   37.5000 2786.3176   10.6940
    0.0000    7.5000   37.5000 2796.5947   10.5796
    7.5000    7.5000   37.5000 2774.2490   10.7761
   -7.5000   15.0000   37.5000 2772.5862   10.8338
    0.0000   15.0000   37.5000 2779.3220   10.7374
    7.5000   15.0000   37.5000 2756.5110   10.9441
   -7.5000   22.5000   37.5000 2751.6704   11.0461
    0.0000   22.5000   37.5000 2759.1479   10.9605
    7.5000   22.5000   37.5000 2738.7815   11.1650
   -7.5000   30.0000   37.5000 2709.1445   11.4036
    0.0000   30.0000   37.5000 2723.4121   11.3351
    7.5000   30.0000   37.5000 2698.1357   11.5438
   -7.5000   37.5000   37.5000 2654.8887   11.8921
    0.0000   37.5000   37.5000 2667.4790   11.7981
    7.5000   37.5000   37.5000 2641.9746   12.0304
   -7.5000   45.0000   37.5000 2580.1831   12.5043
    0.0000   45.0000   37.5000 2589.2056   12.4032
    7.5000   45.0000   37.5000 2560.0691   12.6292
   -7.5000  -45.0000   45.0000 2673.8547   11.5512
    0.0000  -45.0000   45.0000 2688.2329   11.3584
    7.5000  -45.0000   45.0000 2678.9534   11.4851
   -7.5000  -37.5000   45.0000 2677.8369   11.3659
    0.0000  -37.5000   45.0000 2695.0376   11.1814
    7.5000  -37.5000   45.0000 2688.5127   11.3392
   -7.5000  -30.0000   45.0000 2681.1638   11.2435
    0.0000  -30.0000   45.0000 2699.1221   11.0633
    7.5000  -30.0000   45.0000 2695.2910   11.2318
   -7.5000  -22.5000   45.0000 2693.5186   11.1569
    0.0000  -22.5000   45.0000 2711.6631   10.9899
    7.5000  -22.5000   45.0000 2695.4124   11.1617
   -7.5000  -15.0000   45.0000 2707.3450   11.1165
    0.0000  -15.0000   45.0000 2724.0928   10.9601
    7.5000  -15.0000   45.0000 2707.6418   11.1301
   -7.5000   -7.5000   45.0000 2716.4724   11.1124
    0.0000   -7.5000   45.0000 2732.3813   10.9895
    7.5000   -7.5000   45.0000 2714.8879   11.1535
   -7.5000    0.0000   45.0000 2717.3181   11.1950
    0.0000    0.0000   45.0000 2728.1831   11.0812
    7.5000    0.0000   45.0000 2713.8354   11.2520
   -7.5000    7.5000   45.0000 2707.3494   11.3587
    0.0000    7.5000   45.0000 2719.1924   11.2402
    7.5000    7.5000   45.0000 2703.0833   11.4285
   -7.5000   15.0000   45.0000 2687.7053   11.5629
    0.0000   15.0000   45.0000 2693.6445   11.4805
    7.5000   15.0000   45.0000 2677.7825   11.6220
   -7.5000   22.5000   45.0000 2661.8833   11.8570
    0.0000   22.5000   45.0000 2668.7966   11.7732
    7.5000   22.5000   45.0000 2650.3376   11.9354
   -7.5000   30.0000   45.0000 2616.9526   12.2311
    0.0000   30.0000   45.0000 2628.5959   12.1523
    7.5000   30.0000   45.0000 2611.4138   12.3297
   -7.5000   37.5000   45.0000 2567.5889   12.7349
    0.0000   37.5000   45.0000 2579.0989   12.6462
    7.5000   37.5000   45.0000 2557.7832   12.8603
   -7.5000   45.0000   45.0000 2498.6626   13.3353
    0.0000   45.0000   45.0000 2507.2815   13.2370
    7.5000   45.0000   45.0000 2480.6174   13.4620

---------------------------------------------------------------------
imgreg_4dfp /opt/freesurfer/average/711-2C_as_mni_average_305 /opt/freesurfer/average/711-2B_as_mni_average_305_mask talsrcimg_g11 none talsrcimg_to_711-2C_as_mni_average_305_t4 1283
---------------------------------------------------------------------

freesurfer imgreg_4dfp.c
/opt/freesurfer/average/711-2C_as_mni_average_305.4dfp.img
       256       256       256         1
  1.000000  1.000000  1.000000
orientation T byte_order littleendian
Reading image: /opt/freesurfer/average/711-2C_as_mni_average_305.4dfp.img
dimensions:      256       256       256
mmppix:       1.0000   -1.0000   -1.0000
center:     128.0000 -129.0000 -129.0000
/opt/freesurfer/average/711-2B_as_mni_average_305_mask.4dfp.img
       256       256       256         1
  1.000000  1.000000  1.000000
orientation T byte_order littleendian
Reading mask: /opt/freesurfer/average/711-2B_as_mni_average_305_mask.4dfp.img (2306576 pixels)
talsrcimg_g11.4dfp.img
       256       256       256         1
  1.000000  1.000000  1.000000
orientation T byte_order littleendian
Reading image: talsrcimg_g11.4dfp.img
dimensions:      256       256       256
mmppix:       1.0000   -1.0000   -1.0000
center:     128.0000 -129.0000 -129.0000
rotation matrix determinant  1.000000
fimgreg.f
image alignment mode   1283 decimal      503 hex
parameters
    0.0000   22.5000    0.0000    0.0000    0.0000    0.0000
eta,q 0.95248  9.32037
niter,ni,del,rscale     5    3   12.0000    1.2000
parameter  1  0.691045 ->  0.500000 qaram    1.1500
parameter  4  0.839753 ->  0.500000 qaram    1.1500
parameter  6 -0.702543 -> -0.500000 qaram    1.1500
parameters
   -3.4500   20.6513    0.5148   -3.4500    2.6055    3.4500
eta,q 0.95678  9.17795
  0.0490  0.0503  0.0564  0.0455  0.0514  0.0503
  0.0481  0.0478  0.0503  0.0452  0.0487  0.0483
  0.0481  0.0469  0.0472  0.0459  0.0466  0.0464
  0.0499  0.0477  0.0469  0.0469  0.0452  0.0446
  0.0550  0.0500  0.0481  0.0480  0.0447  0.0434
  0.0594  0.0530  0.0501  0.0496  0.0446  0.0433
  0.0633  0.0577  0.0523  0.0519  0.0458  0.0439
niter,ni,del,rscale     7    3   12.0000    1.2000
parameter  4  0.696421 ->  0.500000 qaram    1.3225
parameters
   -3.0369   22.3918    0.8870   -7.4175    1.6381    3.6848
eta,q 0.95916  9.23999
  0.0590  0.0559  0.0523  0.0419  0.0451  0.0466
  0.0500  0.0517  0.0470  0.0410  0.0424  0.0439
  0.0454  0.0467  0.0434  0.0410  0.0411  0.0417
  0.0432  0.0430  0.0425  0.0427  0.0409  0.0409
  0.0438  0.0426  0.0443  0.0450  0.0425  0.0412
  0.0489  0.0444  0.0467  0.0472  0.0452  0.0432
  0.0551  0.0474  0.0491  0.0496  0.0486  0.0461
niter,ni,del,rscale     7    3   12.0000    1.2000
parameters
   -2.9750   23.9045   -0.1176   -9.9309    1.5314    4.2698
eta,q 0.96090  9.22926
  0.0585  0.0538  0.0471  0.0419  0.0459  0.0458
  0.0485  0.0494  0.0421  0.0404  0.0425  0.0429
  0.0427  0.0445  0.0395  0.0392  0.0400  0.0405
  0.0408  0.0408  0.0402  0.0395  0.0392  0.0392
  0.0427  0.0405  0.0434  0.0419  0.0405  0.0392
  0.0496  0.0425  0.0475  0.0452  0.0431  0.0411
  0.0568  0.0461  0.0516  0.0480  0.0461  0.0443
niter,ni,del,rscale     6    3   12.0000    1.2000
parameters
   -2.9962   24.4360   -0.7434  -10.5072    1.6166    4.4499
eta,q 0.96127  9.22795
  0.0571  0.0509  0.0480  0.0444  0.0461  0.0450
  0.0472  0.0460  0.0427  0.0414  0.0427  0.0421
  0.0408  0.0414  0.0390  0.0397  0.0400  0.0398
  0.0391  0.0391  0.0390  0.0386  0.0388  0.0388
  0.0422  0.0399  0.0420  0.0397  0.0400  0.0391
  0.0488  0.0433  0.0465  0.0429  0.0426  0.0415
  0.0559  0.0477  0.0511  0.0464  0.0456  0.0446
niter,ni,del,rscale     5    3   12.0000    1.2000
parameters
   -2.9697   24.6074   -0.9453  -10.7216    1.6345    4.4823
eta,q 0.96126  9.22926
  0.0573  0.0498  0.0493  0.0451  0.0460  0.0447
  0.0473  0.0445  0.0441  0.0419  0.0427  0.0419
  0.0406  0.0402  0.0398  0.0399  0.0399  0.0396
  0.0387  0.0387  0.0387  0.0387  0.0388  0.0387
  0.0423  0.0401  0.0411  0.0394  0.0401  0.0392
  0.0486  0.0439  0.0455  0.0424  0.0428  0.0417
  0.0554  0.0484  0.0502  0.0461  0.0457  0.0448
niter,ni,del,rscale     4    3   12.0000    1.2000
parameters
   -2.9549   24.6671   -1.0294  -10.8067    1.6356    4.4899
eta,q 0.96124  9.22983
  0.0572  0.0495  0.0498  0.0453  0.0460  0.0447
  0.0473  0.0440  0.0445  0.0421  0.0426  0.0419
  0.0406  0.0399  0.0401  0.0399  0.0399  0.0396
  0.0387  0.0387  0.0387  0.0387  0.0388  0.0388
  0.0425  0.0402  0.0409  0.0393  0.0402  0.0393
  0.0486  0.0442  0.0452  0.0422  0.0429  0.0418
  0.0555  0.0487  0.0500  0.0459  0.0457  0.0448
niter,ni,del,rscale     3    3   12.0000    1.2000
parameters
   -2.9476   24.6899   -1.0647  -10.8419    1.6346    4.4904
eta,q 0.96123  9.23018
  0.0572  0.0494  0.0500  0.0454  0.0460  0.0447
  0.0473  0.0439  0.0447  0.0422  0.0427  0.0419
  0.0406  0.0399  0.0402  0.0400  0.0399  0.0396
  0.0388  0.0388  0.0388  0.0388  0.0388  0.0388
  0.0426  0.0403  0.0408  0.0392  0.0402  0.0393
  0.0487  0.0443  0.0450  0.0422  0.0429  0.0418
  0.0555  0.0488  0.0499  0.0459  0.0457  0.0448
registration optimization eta report
parameter search radius
    6.9000    6.0000    6.0000    7.9350    6.0000    6.9000
100000*second partial in parameter space
       36.       28.       30.       11.       19.       13.
  0.0572  0.0494  0.0500  0.0454  0.0460  0.0447
  0.0473  0.0439  0.0447  0.0422  0.0427  0.0419
  0.0406  0.0399  0.0402  0.0400  0.0399  0.0396
  0.0388  0.0388  0.0388  0.0388  0.0388  0.0388
  0.0426  0.0403  0.0408  0.0392  0.0402  0.0393
  0.0487  0.0443  0.0450  0.0422  0.0429  0.0418
  0.0555  0.0488  0.0499  0.0459  0.0457  0.0448
   -2.9476   24.6899   -1.0647  -10.8419    1.6346    4.4904
eta,q 0.96123  9.23018

---------------------------------------------------------------------
imgreg_4dfp /opt/freesurfer/average/711-2C_as_mni_average_305 /opt/freesurfer/average/711-2B_as_mni_average_305_mask talsrcimg_g11 none talsrcimg_to_711-2C_as_mni_average_305_t4 3335
---------------------------------------------------------------------

freesurfer imgreg_4dfp.c
/opt/freesurfer/average/711-2C_as_mni_average_305.4dfp.img
       256       256       256         1
  1.000000  1.000000  1.000000
orientation T byte_order littleendian
Reading image: /opt/freesurfer/average/711-2C_as_mni_average_305.4dfp.img
dimensions:      256       256       256
mmppix:       1.0000   -1.0000   -1.0000
center:     128.0000 -129.0000 -129.0000
/opt/freesurfer/average/711-2B_as_mni_average_305_mask.4dfp.img
       256       256       256         1
  1.000000  1.000000  1.000000
orientation T byte_order littleendian
Reading mask: /opt/freesurfer/average/711-2B_as_mni_average_305_mask.4dfp.img (2306576 pixels)
talsrcimg_g11.4dfp.img
       256       256       256         1
  1.000000  1.000000  1.000000
orientation T byte_order littleendian
Reading image: talsrcimg_g11.4dfp.img
dimensions:      256       256       256
mmppix:       1.0000   -1.0000   -1.0000
center:     128.0000 -129.0000 -129.0000
fimgreg.f
image alignment mode   3335 decimal      D07 hex
parameters
   -2.9476   24.6899   -1.0647   -0.3475   -2.0445   -1.8250
   -7.1545   -4.2656    7.8260   18.5329    2.8525  -18.8023
eta,q 0.96261  9.27338
niter,ni,del,rscale     5    3    5.0000    1.2000
parameter  4  5.404563 ->  0.500000 qaram    1.1500
parameter  5  0.903954 ->  0.500000 qaram    1.1500
parameter  6  0.676268 ->  0.500000 qaram    1.1500
parameter 10  1.237056 ->  0.500000 qaram    1.1500
parameters
   -2.3642   24.6553   -1.3886   -4.4875   -6.1845   -5.9650
   -6.4308   -2.5966    6.9234   14.3929    2.6004  -18.2248
eta,q 0.97567  9.17634
  0.0404  0.0393  0.0386  0.0279  0.0285  0.0272  0.0304  0.0337  0.0277  0.0239  0.0257  0.0260
  0.0390  0.0382  0.0377  0.0300  0.0285  0.0269  0.0285  0.0311  0.0270  0.0242  0.0249  0.0252
  0.0380  0.0375  0.0373  0.0333  0.0292  0.0272  0.0274  0.0286  0.0265  0.0250  0.0245  0.0246
  0.0374  0.0372  0.0372  0.0372  0.0308  0.0286  0.0269  0.0269  0.0265  0.0264  0.0243  0.0243
  0.0373  0.0375  0.0376  0.0411  0.0333  0.0314  0.0271  0.0265  0.0268  0.0282  0.0245  0.0244
  0.0376  0.0383  0.0384  0.0449  0.0363  0.0352  0.0279  0.0276  0.0275  0.0302  0.0251  0.0248
  0.0385  0.0394  0.0395  0.0483  0.0395  0.0394  0.0291  0.0298  0.0286  0.0325  0.0259  0.0256
niter,ni,del,rscale     7    3    5.0000    1.2000
parameter  2 -0.630778 -> -0.500000 qaram    1.1500
parameter  4  0.591061 ->  0.500000 qaram    1.3225
parameters
   -2.7906   26.0353   -1.2512   -9.2485   -7.7081   -5.3975
   -5.7309   -2.1137    8.4370   12.6971    2.0288  -17.4150
eta,q 0.97893  9.08044
  0.0268  0.0294  0.0252  0.0226  0.0245  0.0253  0.0247  0.0264  0.0242  0.0235  0.0220  0.0229
  0.0251  0.0273  0.0242  0.0217  0.0227  0.0238  0.0231  0.0238  0.0229  0.0219  0.0215  0.0220
  0.0243  0.0255  0.0235  0.0216  0.0217  0.0225  0.0220  0.0222  0.0220  0.0212  0.0212  0.0214
  0.0243  0.0242  0.0232  0.0232  0.0216  0.0216  0.0215  0.0215  0.0214  0.0213  0.0211  0.0211
  0.0253  0.0234  0.0233  0.0267  0.0226  0.0214  0.0216  0.0217  0.0213  0.0224  0.0213  0.0211
  0.0270  0.0232  0.0239  0.0308  0.0249  0.0223  0.0224  0.0229  0.0217  0.0240  0.0216  0.0215
  0.0293  0.0236  0.0248  0.0352  0.0281  0.0251  0.0236  0.0253  0.0226  0.0261  0.0223  0.0223
niter,ni,del,rscale     7    3    5.0000    1.2000
parameters
   -2.7912   26.0154   -1.2279  -10.1997   -7.7133   -5.3048
   -6.0402   -2.0842    8.7832   12.5140    2.2224  -17.2685
eta,q 0.97875  9.05102
  0.0246  0.0244  0.0227  0.0254  0.0256  0.0246  0.0236  0.0254  0.0235  0.0247  0.0222  0.0227
  0.0227  0.0226  0.0218  0.0236  0.0235  0.0231  0.0223  0.0231  0.0224  0.0228  0.0217  0.0220
  0.0215  0.0215  0.0213  0.0221  0.0220  0.0220  0.0215  0.0217  0.0216  0.0216  0.0214  0.0215
  0.0211  0.0211  0.0211  0.0211  0.0213  0.0213  0.0213  0.0213  0.0213  0.0213  0.0213  0.0213
  0.0215  0.0215  0.0212  0.0215  0.0215  0.0213  0.0216  0.0216  0.0214  0.0218  0.0213  0.0214
  0.0227  0.0227  0.0218  0.0243  0.0231  0.0223  0.0226  0.0230  0.0221  0.0231  0.0216  0.0219
  0.0246  0.0246  0.0227  0.0288  0.0260  0.0251  0.0241  0.0254  0.0231  0.0249  0.0221  0.0227
niter,ni,del,rscale     6    3    5.0000    1.2000
parameters
   -2.7631   25.9777   -1.1408  -10.3323   -7.7272   -5.2864
   -6.1283   -2.1084    8.8057   12.4342    2.1996  -17.1272
eta,q 0.97872  9.04365
  0.0246  0.0245  0.0230  0.0260  0.0255  0.0245  0.0238  0.0253  0.0233  0.0248  0.0222  0.0228
  0.0228  0.0228  0.0221  0.0241  0.0235  0.0231  0.0225  0.0230  0.0222  0.0229  0.0217  0.0220
  0.0217  0.0216  0.0215  0.0225  0.0220  0.0219  0.0216  0.0217  0.0215  0.0217  0.0214  0.0215
  0.0213  0.0213  0.0212  0.0212  0.0213  0.0213  0.0213  0.0213  0.0213  0.0213  0.0213  0.0213
  0.0216  0.0217  0.0214  0.0211  0.0216  0.0213  0.0216  0.0217  0.0215  0.0218  0.0214  0.0214
  0.0227  0.0228  0.0219  0.0232  0.0231  0.0223  0.0225  0.0230  0.0222  0.0231  0.0217  0.0219
  0.0245  0.0248  0.0228  0.0275  0.0260  0.0252  0.0239  0.0254  0.0233  0.0249  0.0222  0.0227
niter,ni,del,rscale     5    3    5.0000    1.2000
parameters
   -2.7629   25.9610   -1.1040  -10.3394   -7.7305   -5.2720
   -6.1399   -2.1104    8.8033   12.3826    2.2067  -17.0543
eta,q 0.97872  9.04248
  0.0246  0.0246  0.0229  0.0260  0.0256  0.0245  0.0238  0.0253  0.0233  0.0248  0.0222  0.0227
  0.0228  0.0228  0.0220  0.0241  0.0235  0.0231  0.0225  0.0230  0.0222  0.0230  0.0217  0.0220
  0.0217  0.0217  0.0215  0.0225  0.0220  0.0219  0.0216  0.0217  0.0215  0.0217  0.0214  0.0215
  0.0213  0.0213  0.0213  0.0213  0.0213  0.0213  0.0213  0.0213  0.0213  0.0213  0.0213  0.0213
  0.0216  0.0217  0.0214  0.0211  0.0215  0.0213  0.0216  0.0217  0.0215  0.0218  0.0214  0.0214
  0.0228  0.0228  0.0220  0.0231  0.0231  0.0223  0.0225  0.0230  0.0222  0.0231  0.0217  0.0219
  0.0246  0.0247  0.0229  0.0273  0.0260  0.0252  0.0239  0.0254  0.0233  0.0249  0.0222  0.0227
niter,ni,del,rscale     4    3    5.0000    1.2000
parameters
   -2.7653   25.9524   -1.0939  -10.3395   -7.7286   -5.2734
   -6.1384   -2.1119    8.8047   12.3599    2.2079  -17.0270
eta,q 0.97871  9.04192
  0.0245  0.0246  0.0229  0.0260  0.0256  0.0245  0.0238  0.0253  0.0233  0.0249  0.0222  0.0227
  0.0228  0.0228  0.0220  0.0241  0.0235  0.0231  0.0225  0.0230  0.0222  0.0230  0.0217  0.0220
  0.0217  0.0217  0.0215  0.0225  0.0220  0.0219  0.0216  0.0217  0.0215  0.0217  0.0214  0.0215
  0.0213  0.0213  0.0213  0.0213  0.0213  0.0213  0.0213  0.0213  0.0213  0.0213  0.0213  0.0213
  0.0216  0.0217  0.0215  0.0211  0.0215  0.0213  0.0216  0.0217  0.0215  0.0218  0.0214  0.0214
  0.0228  0.0228  0.0220  0.0231  0.0231  0.0224  0.0225  0.0230  0.0222  0.0231  0.0217  0.0219
  0.0246  0.0247  0.0229  0.0272  0.0260  0.0252  0.0239  0.0254  0.0233  0.0249  0.0222  0.0227
registration optimization eta report
parameter search radius
    2.4000    2.7600    2.4000    9.5220    8.2800    8.2800
    7.2000    7.2000    7.2000    8.2800    7.2000    7.2000
100000*second partial in parameter space
       57.       44.       28.        6.        7.        5.
        5.        8.        4.        5.        2.        3.
  0.0245  0.0246  0.0229  0.0260  0.0256  0.0245  0.0238  0.0253  0.0233  0.0249  0.0222  0.0227
  0.0228  0.0228  0.0220  0.0241  0.0235  0.0231  0.0225  0.0230  0.0222  0.0230  0.0217  0.0220
  0.0217  0.0217  0.0215  0.0225  0.0220  0.0219  0.0216  0.0217  0.0215  0.0217  0.0214  0.0215
  0.0213  0.0213  0.0213  0.0213  0.0213  0.0213  0.0213  0.0213  0.0213  0.0213  0.0213  0.0213
  0.0216  0.0217  0.0215  0.0211  0.0215  0.0213  0.0216  0.0217  0.0215  0.0218  0.0214  0.0214
  0.0228  0.0228  0.0220  0.0231  0.0231  0.0224  0.0225  0.0230  0.0222  0.0231  0.0217  0.0219
  0.0246  0.0247  0.0229  0.0272  0.0260  0.0252  0.0239  0.0254  0.0233  0.0249  0.0222  0.0227
   -2.7653   25.9524   -1.0939  -10.3395   -7.7286   -5.2734
   -6.1384   -2.1119    8.8047   12.3599    2.2079  -17.0270
eta,q 0.97871  9.04192

---------------------------------------------------------------------
imgreg_4dfp /opt/freesurfer/average/711-2C_as_mni_average_305 /opt/freesurfer/average/711-2B_as_mni_average_305_mask talsrcimg_g11 none talsrcimg_to_711-2C_as_mni_average_305_t4 2311
---------------------------------------------------------------------

freesurfer imgreg_4dfp.c
/opt/freesurfer/average/711-2C_as_mni_average_305.4dfp.img
       256       256       256         1
  1.000000  1.000000  1.000000
orientation T byte_order littleendian
Reading image: /opt/freesurfer/average/711-2C_as_mni_average_305.4dfp.img
dimensions:      256       256       256
mmppix:       1.0000   -1.0000   -1.0000
center:     128.0000 -129.0000 -129.0000
/opt/freesurfer/average/711-2B_as_mni_average_305_mask.4dfp.img
       256       256       256         1
  1.000000  1.000000  1.000000
orientation T byte_order littleendian
Reading mask: /opt/freesurfer/average/711-2B_as_mni_average_305_mask.4dfp.img (2306576 pixels)
talsrcimg_g11.4dfp.img
       256       256       256         1
  1.000000  1.000000  1.000000
orientation T byte_order littleendian
Reading image: talsrcimg_g11.4dfp.img
dimensions:      256       256       256
mmppix:       1.0000   -1.0000   -1.0000
center:     128.0000 -129.0000 -129.0000
fimgreg.f
image alignment mode   2311 decimal      907 hex
parameters
   -2.7653   25.9524   -1.0939  -10.3395   -7.7286   -5.2734
   -6.1384   -2.1119    8.8047   12.3599    2.2079  -17.0270
eta,q 0.97871  9.04191
niter,ni,del,rscale     5    3    5.0000    0.8000
parameters
   -2.7508   25.9667   -1.0800   -8.5868   -7.5119   -4.4120
   -6.2608   -2.1386    8.5935   12.2008    1.6635  -17.1051
eta,q 0.97911  9.14396
  0.0228  0.0225  0.0220  0.0233  0.0227  0.0226  0.0222  0.0232  0.0218  0.0223  0.0213  0.0216
  0.0220  0.0218  0.0216  0.0226  0.0218  0.0219  0.0215  0.0219  0.0213  0.0215  0.0211  0.0212
  0.0215  0.0214  0.0214  0.0218  0.0212  0.0213  0.0210  0.0212  0.0210  0.0210  0.0209  0.0210
  0.0213  0.0213  0.0213  0.0213  0.0210  0.0210  0.0209  0.0209  0.0209  0.0209  0.0209  0.0209
  0.0214  0.0214  0.0214  0.0210  0.0210  0.0209  0.0211  0.0212  0.0210  0.0211  0.0210  0.0210
  0.0219  0.0218  0.0216  0.0211  0.0215  0.0211  0.0216  0.0220  0.0214  0.0216  0.0212  0.0212
  0.0228  0.0224  0.0220  0.0217  0.0225  0.0218  0.0223  0.0233  0.0220  0.0224  0.0216  0.0217
niter,ni,del,rscale     4    3    5.0000    0.7000
parameters
   -2.8565   25.9907   -1.1300   -8.7557   -7.4908   -4.2601
   -6.1778   -2.1291    8.6616   12.2684    1.6510  -17.2247
eta,q 0.97911  9.14867
  0.0220  0.0219  0.0214  0.0222  0.0221  0.0220  0.0220  0.0227  0.0217  0.0221  0.0213  0.0214
  0.0213  0.0213  0.0211  0.0216  0.0215  0.0214  0.0214  0.0217  0.0213  0.0214  0.0211  0.0211
  0.0210  0.0210  0.0209  0.0211  0.0211  0.0210  0.0210  0.0211  0.0210  0.0210  0.0209  0.0209
  0.0209  0.0209  0.0209  0.0209  0.0209  0.0209  0.0209  0.0209  0.0209  0.0209  0.0209  0.0209
  0.0211  0.0210  0.0210  0.0210  0.0210  0.0209  0.0210  0.0211  0.0210  0.0210  0.0209  0.0210
  0.0216  0.0213  0.0212  0.0216  0.0214  0.0212  0.0213  0.0217  0.0212  0.0214  0.0211  0.0212
  0.0224  0.0218  0.0215  0.0227  0.0222  0.0219  0.0219  0.0227  0.0217  0.0220  0.0213  0.0215
niter,ni,del,rscale     3    3    5.0000    0.6000
parameters
   -2.8514   25.9983   -1.1375   -8.6410   -7.4831   -4.1861
   -6.2063   -2.1384    8.6682   12.2800    1.5946  -17.2515
eta,q 0.97912  9.15551
  0.0219  0.0216  0.0213  0.0220  0.0218  0.0216  0.0217  0.0222  0.0215  0.0217  0.0212  0.0213
  0.0213  0.0212  0.0211  0.0215  0.0213  0.0212  0.0212  0.0215  0.0211  0.0213  0.0210  0.0211
  0.0210  0.0210  0.0209  0.0211  0.0210  0.0210  0.0210  0.0210  0.0209  0.0210  0.0209  0.0209
  0.0209  0.0209  0.0209  0.0209  0.0209  0.0209  0.0209  0.0209  0.0209  0.0209  0.0209  0.0209
  0.0210  0.0210  0.0209  0.0209  0.0210  0.0209  0.0210  0.0210  0.0209  0.0210  0.0209  0.0209
  0.0213  0.0212  0.0211  0.0213  0.0213  0.0211  0.0212  0.0215  0.0211  0.0213  0.0210  0.0211
  0.0219  0.0216  0.0213  0.0220  0.0218  0.0216  0.0217  0.0223  0.0215  0.0217  0.0212  0.0213
niter,ni,del,rscale     2    3    5.0000    0.5000
parameters
   -2.8622   26.0073   -1.1376   -8.5205   -7.4689   -4.1165
   -6.2268   -2.1531    8.6459   12.2790    1.5416  -17.2580
eta,q 0.97913  9.16204
  0.0216  0.0214  0.0212  0.0217  0.0215  0.0214  0.0214  0.0218  0.0213  0.0215  0.0211  0.0212
  0.0212  0.0211  0.0210  0.0213  0.0212  0.0211  0.0211  0.0213  0.0210  0.0211  0.0210  0.0210
  0.0209  0.0209  0.0209  0.0210  0.0210  0.0209  0.0209  0.0210  0.0209  0.0209  0.0209  0.0209
  0.0209  0.0209  0.0209  0.0209  0.0209  0.0209  0.0209  0.0209  0.0209  0.0209  0.0209  0.0209
  0.0210  0.0209  0.0209  0.0209  0.0209  0.0209  0.0209  0.0210  0.0209  0.0209  0.0209  0.0209
  0.0212  0.0211  0.0210  0.0211  0.0211  0.0210  0.0211  0.0213  0.0210  0.0211  0.0210  0.0210
  0.0216  0.0214  0.0212  0.0217  0.0215  0.0214  0.0214  0.0219  0.0213  0.0215  0.0211  0.0212
niter,ni,del,rscale     1    3    5.0000    0.4000
parameters
   -2.8746   26.0128   -1.1326   -8.4138   -7.4536   -4.0708
   -6.2473   -2.1632    8.6577   12.2794    1.4994  -17.2537
eta,q 0.97914  9.16698
  0.0213  0.0212  0.0211  0.0214  0.0213  0.0212  0.0212  0.0215  0.0211  0.0213  0.0210  0.0211
  0.0211  0.0210  0.0210  0.0212  0.0210  0.0210  0.0210  0.0211  0.0210  0.0210  0.0209  0.0209
  0.0209  0.0209  0.0209  0.0210  0.0209  0.0209  0.0209  0.0209  0.0209  0.0209  0.0209  0.0209
  0.0209  0.0209  0.0209  0.0209  0.0209  0.0209  0.0209  0.0209  0.0209  0.0209  0.0209  0.0209
  0.0209  0.0209  0.0209  0.0209  0.0209  0.0209  0.0209  0.0209  0.0209  0.0209  0.0209  0.0209
  0.0211  0.0210  0.0210  0.0211  0.0210  0.0210  0.0210  0.0212  0.0210  0.0210  0.0209  0.0209
  0.0213  0.0212  0.0211  0.0214  0.0213  0.0212  0.0212  0.0215  0.0211  0.0213  0.0210  0.0211
registration optimization eta report
parameter search radius
    0.8000    0.8000    0.8000    2.4000    2.4000    2.4000
    2.4000    2.4000    2.4000    2.4000    2.4000    2.4000
100000*second partial in parameter space
       70.       49.       31.       10.        7.        6.
        6.       11.        5.        7.        3.        4.
  0.0213  0.0212  0.0211  0.0214  0.0213  0.0212  0.0212  0.0215  0.0211  0.0213  0.0210  0.0211
  0.0211  0.0210  0.0210  0.0212  0.0210  0.0210  0.0210  0.0211  0.0210  0.0210  0.0209  0.0209
  0.0209  0.0209  0.0209  0.0210  0.0209  0.0209  0.0209  0.0209  0.0209  0.0209  0.0209  0.0209
  0.0209  0.0209  0.0209  0.0209  0.0209  0.0209  0.0209  0.0209  0.0209  0.0209  0.0209  0.0209
  0.0209  0.0209  0.0209  0.0209  0.0209  0.0209  0.0209  0.0209  0.0209  0.0209  0.0209  0.0209
  0.0211  0.0210  0.0210  0.0211  0.0210  0.0210  0.0210  0.0212  0.0210  0.0210  0.0209  0.0209
  0.0213  0.0212  0.0211  0.0214  0.0213  0.0212  0.0212  0.0215  0.0211  0.0213  0.0210  0.0211
   -2.8746   26.0128   -1.1326   -8.4138   -7.4536   -4.0708
   -6.2473   -2.1632    8.6577   12.2794    1.4994  -17.2537
eta,q 0.97914  9.16698

---------------------------------------------------------------------
imgreg_4dfp /opt/freesurfer/average/711-2C_as_mni_average_305 /opt/freesurfer/average/711-2B_as_mni_average_305_mask talsrcimg_g11 none talsrcimg_to_711-2C_as_mni_average_305_t4 2311
---------------------------------------------------------------------

freesurfer imgreg_4dfp.c
/opt/freesurfer/average/711-2C_as_mni_average_305.4dfp.img
       256       256       256         1
  1.000000  1.000000  1.000000
orientation T byte_order littleendian
Reading image: /opt/freesurfer/average/711-2C_as_mni_average_305.4dfp.img
dimensions:      256       256       256
mmppix:       1.0000   -1.0000   -1.0000
center:     128.0000 -129.0000 -129.0000
/opt/freesurfer/average/711-2B_as_mni_average_305_mask.4dfp.img
       256       256       256         1
  1.000000  1.000000  1.000000
orientation T byte_order littleendian
Reading mask: /opt/freesurfer/average/711-2B_as_mni_average_305_mask.4dfp.img (2306576 pixels)
talsrcimg_g11.4dfp.img
       256       256       256         1
  1.000000  1.000000  1.000000
orientation T byte_order littleendian
Reading image: talsrcimg_g11.4dfp.img
dimensions:      256       256       256
mmppix:       1.0000   -1.0000   -1.0000
center:     128.0000 -129.0000 -129.0000
fimgreg.f
image alignment mode   2311 decimal      907 hex
parameters
   -2.8746   26.0128   -1.1326   -8.4138   -7.4536   -4.0708
   -6.2473   -2.1632    8.6577   12.2794    1.4994  -17.2537
eta,q 0.97914  9.16699
niter,ni,del,rscale     5    3    5.0000    0.8000
parameters
   -2.8718   25.9976   -1.1402   -8.9107   -7.5640   -4.3444
   -6.1667   -2.1240    8.7200   12.3389    1.6858  -17.2559
eta,q 0.97909  9.13951
  0.0227  0.0221  0.0217  0.0225  0.0224  0.0221  0.0223  0.0233  0.0220  0.0224  0.0215  0.0216
  0.0217  0.0214  0.0212  0.0217  0.0216  0.0215  0.0216  0.0219  0.0214  0.0216  0.0212  0.0213
  0.0211  0.0210  0.0209  0.0211  0.0211  0.0210  0.0211  0.0212  0.0210  0.0211  0.0210  0.0210
  0.0209  0.0209  0.0209  0.0209  0.0209  0.0209  0.0209  0.0209  0.0209  0.0209  0.0209  0.0209
  0.0211  0.0210  0.0210  0.0211  0.0210  0.0210  0.0210  0.0212  0.0210  0.0211  0.0210  0.0210
  0.0217  0.0214  0.0212  0.0220  0.0216  0.0215  0.0215  0.0219  0.0213  0.0216  0.0211  0.0212
  0.0226  0.0221  0.0217  0.0237  0.0227  0.0226  0.0222  0.0232  0.0219  0.0223  0.0214  0.0216
niter,ni,del,rscale     4    3    5.0000    0.7000
parameters
   -2.8387   26.0024   -1.1409   -8.7715   -7.5152   -4.2718
   -6.2036   -2.1256    8.6783   12.3131    1.6317  -17.2512
eta,q 0.97911  9.14778
  0.0223  0.0219  0.0215  0.0224  0.0221  0.0219  0.0219  0.0227  0.0217  0.0220  0.0213  0.0215
  0.0215  0.0213  0.0212  0.0218  0.0215  0.0214  0.0214  0.0217  0.0212  0.0214  0.0211  0.0212
  0.0211  0.0210  0.0210  0.0212  0.0211  0.0210  0.0210  0.0211  0.0210  0.0210  0.0209  0.0210
  0.0209  0.0209  0.0209  0.0209  0.0209  0.0209  0.0209  0.0209  0.0209  0.0209  0.0209  0.0209
  0.0210  0.0210  0.0210  0.0209  0.0210  0.0209  0.0210  0.0211  0.0210  0.0210  0.0209  0.0209
  0.0215  0.0213  0.0212  0.0214  0.0214  0.0212  0.0214  0.0217  0.0212  0.0214  0.0211  0.0211
  0.0222  0.0219  0.0215  0.0224  0.0221  0.0220  0.0220  0.0227  0.0217  0.0220  0.0213  0.0215
niter,ni,del,rscale     3    3    5.0000    0.6000
parameters
   -2.8489   26.0016   -1.1396   -8.6350   -7.4900   -4.1776
   -6.2089   -2.1354    8.6667   12.2912    1.5868  -17.2647
eta,q 0.97913  9.15595
  0.0219  0.0216  0.0213  0.0220  0.0218  0.0217  0.0217  0.0223  0.0215  0.0217  0.0212  0.0213
  0.0213  0.0212  0.0211  0.0215  0.0213  0.0212  0.0212  0.0215  0.0211  0.0213  0.0210  0.0211
  0.0210  0.0210  0.0209  0.0211  0.0210  0.0210  0.0210  0.0210  0.0209  0.0210  0.0209  0.0209
  0.0209  0.0209  0.0209  0.0209  0.0209  0.0209  0.0209  0.0209  0.0209  0.0209  0.0209  0.0209
  0.0210  0.0210  0.0209  0.0209  0.0209  0.0209  0.0210  0.0210  0.0209  0.0210  0.0209  0.0209
  0.0213  0.0212  0.0211  0.0213  0.0212  0.0211  0.0212  0.0215  0.0211  0.0213  0.0210  0.0211
  0.0219  0.0216  0.0213  0.0220  0.0218  0.0216  0.0217  0.0223  0.0215  0.0217  0.0212  0.0213
niter,ni,del,rscale     2    3    5.0000    0.5000
parameters
   -2.8621   26.0084   -1.1380   -8.5181   -7.4781   -4.1148
   -6.2285   -2.1518    8.6510   12.2841    1.5489  -17.2606
eta,q 0.97913  9.16195
  0.0216  0.0214  0.0212  0.0217  0.0215  0.0214  0.0214  0.0218  0.0213  0.0215  0.0211  0.0212
  0.0212  0.0211  0.0210  0.0213  0.0212  0.0211  0.0211  0.0213  0.0210  0.0211  0.0210  0.0210
  0.0209  0.0209  0.0209  0.0210  0.0210  0.0209  0.0209  0.0210  0.0209  0.0209  0.0209  0.0209
  0.0209  0.0209  0.0209  0.0209  0.0209  0.0209  0.0209  0.0209  0.0209  0.0209  0.0209  0.0209
  0.0210  0.0209  0.0209  0.0209  0.0209  0.0209  0.0209  0.0210  0.0209  0.0209  0.0209  0.0209
  0.0212  0.0211  0.0210  0.0211  0.0211  0.0210  0.0211  0.0213  0.0210  0.0211  0.0210  0.0210
  0.0216  0.0214  0.0212  0.0217  0.0215  0.0214  0.0214  0.0219  0.0213  0.0215  0.0211  0.0212
niter,ni,del,rscale     1    3    5.0000    0.4000
parameters
   -2.8728   26.0148   -1.1281   -8.4119   -7.4623   -4.0790
   -6.2413   -2.1616    8.6627   12.2794    1.4964  -17.2578
eta,q 0.97914  9.16639
  0.0213  0.0212  0.0211  0.0214  0.0213  0.0212  0.0212  0.0215  0.0211  0.0213  0.0210  0.0211
  0.0211  0.0210  0.0210  0.0212  0.0210  0.0210  0.0210  0.0211  0.0210  0.0210  0.0209  0.0209
  0.0209  0.0209  0.0209  0.0210  0.0209  0.0209  0.0209  0.0209  0.0209  0.0209  0.0209  0.0209
  0.0209  0.0209  0.0209  0.0209  0.0209  0.0209  0.0209  0.0209  0.0209  0.0209  0.0209  0.0209
  0.0209  0.0209  0.0209  0.0209  0.0209  0.0209  0.0209  0.0209  0.0209  0.0209  0.0209  0.0209
  0.0211  0.0210  0.0209  0.0211  0.0210  0.0210  0.0210  0.0212  0.0210  0.0210  0.0209  0.0209
  0.0213  0.0212  0.0211  0.0214  0.0213  0.0212  0.0212  0.0215  0.0211  0.0213  0.0210  0.0211
registration optimization eta report
parameter search radius
    0.8000    0.8000    0.8000    2.4000    2.4000    2.4000
    2.4000    2.4000    2.4000    2.4000    2.4000    2.4000
100000*second partial in parameter space
       70.       49.       32.       10.        7.        6.
        6.       11.        5.        7.        3.        3.
  0.0213  0.0212  0.0211  0.0214  0.0213  0.0212  0.0212  0.0215  0.0211  0.0213  0.0210  0.0211
  0.0211  0.0210  0.0210  0.0212  0.0210  0.0210  0.0210  0.0211  0.0210  0.0210  0.0209  0.0209
  0.0209  0.0209  0.0209  0.0210  0.0209  0.0209  0.0209  0.0209  0.0209  0.0209  0.0209  0.0209
  0.0209  0.0209  0.0209  0.0209  0.0209  0.0209  0.0209  0.0209  0.0209  0.0209  0.0209  0.0209
  0.0209  0.0209  0.0209  0.0209  0.0209  0.0209  0.0209  0.0209  0.0209  0.0209  0.0209  0.0209
  0.0211  0.0210  0.0209  0.0211  0.0210  0.0210  0.0210  0.0212  0.0210  0.0210  0.0209  0.0209
  0.0213  0.0212  0.0211  0.0214  0.0213  0.0212  0.0212  0.0215  0.0211  0.0213  0.0210  0.0211
   -2.8728   26.0148   -1.1281   -8.4119   -7.4623   -4.0790
   -6.2413   -2.1616    8.6627   12.2794    1.4964  -17.2578
eta,q 0.97914  9.16639

---------------------------------------------------------------------
compute_vox2vox talsrcimg talsrcimg_to_711-2C_as_mni_average_305_t4 /opt/freesurfer/average/711-2C_as_mni_average_305
---------------------------------------------------------------------

freesurfer compute_vox2vox.c
Reading: talsrcimg.4dfp.ifh
Reading: talsrcimg_to_711-2C_as_mni_average_305_t4
Reading: /opt/freesurfer/average/711-2C_as_mni_average_305.4dfp.ifh
Writing: talsrcimg_to_711-2C_as_mni_average_305_t4_vox2vox.txt

start time Sun Nov 24 06:04:57 UTC 2024
end		time Sun Nov 24 06:05:53 UTC 2024

mpr2mni305 success

avi2talxfm orig_nu.mgz /opt/freesurfer/average/mni305.cor.mgz talsrcimg_to_711-2C_as_mni_average_305_t4_vox2vox.txt transforms/talairach.auto.xfm
avi2talxfm done
mv -f /scratch/tmp/fs_mp2rage_tests2/sourcedata/freesurfer_memprage/sub-fsm84zy/mri/talsrcimg_to_711-2C_as_mni_average_305_t4_vox2vox.txt /scratch/tmp/fs_mp2rage_tests2/sourcedata/freesurfer_memprage/sub-fsm84zy/mri/transforms/talsrcimg_to_711-2C_as_mni_average_305_t4_vox2vox.txt
lta_convert --src orig_nu.mgz --trg /opt/freesurfer/average/mni305.cor.mgz --inxfm transforms/talairach.auto.xfm --outlta transforms/talairach.auto.xfm.lta --subject fsaverage
7.3.2

--src: orig_nu.mgz src image (geometry).
--trg: /opt/freesurfer/average/mni305.cor.mgz trg image (geometry).
--inmni: transforms/talairach.auto.xfm input MNI/XFM transform.
--outlta: transforms/talairach.auto.xfm.lta output LTA.
--s: fsaverage subject name
 LTA read, type : 1
 1.08443   0.01472   0.07589  -1.02892;
-0.03436   1.01775   0.18749  -35.23432;
-0.09696  -0.13643   1.04866  -1.64387;
 0.00000   0.00000   0.00000   1.00000;
setting subject to fsaverage
Writing  LTA to file transforms/talairach.auto.xfm.lta...
lta_convert successful.
 
 
Started at Sun Nov 24 06:04:54 UTC 2024
Ended   at Sun Nov 24 06:05:54 UTC 2024
talairach_avi done
