Log file for defect2seg
Sun Nov 24 11:15:01 UTC 2024

setenv SUBJECTS_DIR /scratch/tmp/fs_mp2rage_tests/sourcedata/freesurfer_mp2rage
cd /scratch/tmp/fs_mp2rage_tests/sourcedata/freesurfer_mp2rage/sub-fsm10cv/scripts
/opt/freesurfer/bin/defect2seg --s sub-fsm10cv --rh-only --cortex

freesurfer-linux-ubuntu22_x86_64-7.3.2-20220804-6354275
defect2seg 7.3.2
Linux elm.criugm.qc.ca 5.15.0-113-generic #123-Ubuntu SMP Mon Jun 10 08:16:17 UTC 2024 x86_64 x86_64 x86_64 GNU/Linux
pid 1936283
mri_label2label --label-cortex /scratch/tmp/fs_mp2rage_tests/sourcedata/freesurfer_mp2rage/sub-fsm10cv/surf/rh.orig.nofix /scratch/tmp/fs_mp2rage_tests/sourcedata/freesurfer_mp2rage/sub-fsm10cv/mri/aseg.presurf.mgz 0 /scratch/tmp/fs_mp2rage_tests/sourcedata/freesurfer_mp2rage/sub-fsm10cv/label/rh.nofix.cortex.label

 Generating cortex label... RemoveHipAmgy=0
 NucAccIsMedialWall=0
 mris->useRealRAS=0
25 non-cortical segments detected
only using segment with 6696 vertices
erasing segment 0 (vno[0] = 36664)
erasing segment 2 (vno[0] = 57037)
erasing segment 3 (vno[0] = 57044)
erasing segment 4 (vno[0] = 57053)
erasing segment 5 (vno[0] = 58196)
erasing segment 6 (vno[0] = 59142)
erasing segment 7 (vno[0] = 77132)
erasing segment 8 (vno[0] = 81221)
erasing segment 9 (vno[0] = 86593)
erasing segment 10 (vno[0] = 87429)
erasing segment 11 (vno[0] = 87501)
erasing segment 12 (vno[0] = 87524)
erasing segment 13 (vno[0] = 87605)
erasing segment 14 (vno[0] = 88424)
erasing segment 15 (vno[0] = 88514)
erasing segment 16 (vno[0] = 89410)
erasing segment 17 (vno[0] = 91319)
erasing segment 18 (vno[0] = 102437)
erasing segment 19 (vno[0] = 103860)
erasing segment 20 (vno[0] = 106071)
erasing segment 21 (vno[0] = 108699)
erasing segment 22 (vno[0] = 110077)
erasing segment 23 (vno[0] = 110168)
erasing segment 24 (vno[0] = 111417)
mri_label2vol --defects /scratch/tmp/fs_mp2rage_tests/sourcedata/freesurfer_mp2rage/sub-fsm10cv/surf/rh.orig.nofix /scratch/tmp/fs_mp2rage_tests/sourcedata/freesurfer_mp2rage/sub-fsm10cv/surf/rh.defect_labels /scratch/tmp/fs_mp2rage_tests/sourcedata/freesurfer_mp2rage/sub-fsm10cv/mri/orig.mgz 2000 0 /scratch/tmp/fs_mp2rage_tests/sourcedata/freesurfer_mp2rage/sub-fsm10cv/mri/rh.surface.defects.mgz /scratch/tmp/fs_mp2rage_tests/sourcedata/freesurfer_mp2rage/sub-fsm10cv/label/rh.nofix.cortex.label
mri_label2vol supposed to be reproducible but seed not set
Contraining to label /scratch/tmp/fs_mp2rage_tests/sourcedata/freesurfer_mp2rage/sub-fsm10cv/label/rh.nofix.cortex.label
Changing input type 0 to MRI_INT
Converting defects to volume: offset=2000, merge=0
Writing to /scratch/tmp/fs_mp2rage_tests/sourcedata/freesurfer_mp2rage/sub-fsm10cv/mri/rh.surface.defects.mgz
mris_defects_pointset -s /scratch/tmp/fs_mp2rage_tests/sourcedata/freesurfer_mp2rage/sub-fsm10cv/surf/rh.orig.nofix -d /scratch/tmp/fs_mp2rage_tests/sourcedata/freesurfer_mp2rage/sub-fsm10cv/surf/rh.defect_labels -o /scratch/tmp/fs_mp2rage_tests/sourcedata/freesurfer_mp2rage/sub-fsm10cv/surf/rh.defects.pointset --label /scratch/tmp/fs_mp2rage_tests/sourcedata/freesurfer_mp2rage/sub-fsm10cv/label/rh.nofix.cortex.label
Reading in surface /scratch/tmp/fs_mp2rage_tests/sourcedata/freesurfer_mp2rage/sub-fsm10cv/surf/rh.orig.nofix
Reading in defect segmentation /scratch/tmp/fs_mp2rage_tests/sourcedata/freesurfer_mp2rage/sub-fsm10cv/surf/rh.defect_labels
Reading in label /scratch/tmp/fs_mp2rage_tests/sourcedata/freesurfer_mp2rage/sub-fsm10cv/label/rh.nofix.cortex.label
#VMPC# mris_defects_pointset 664140
mris_defects_pointset done
 
Started at Sun Nov 24 11:15:01 UTC 2024 
Ended   at Sun Nov 24 11:15:37 UTC 2024
Defect2seg-Run-Time-Sec 36
Defect2seg-Run-Time-Min 0.72
Defect2seg-Run-Time-Hours 0.01
 
defect2seg Done
