/scratch/tmp/fs_mp2rage_tests/sourcedata/freesurfer_mp2rage/sub-fsm30gy/mri
/opt/freesurfer/bin/talairach_avi
--i orig_nu.mgz --xfm transforms/talairach.auto.xfm
talairach_avi 7.3.2
Linux elm.criugm.qc.ca 5.15.0-113-generic #123-Ubuntu SMP Mon Jun 10 08:16:17 UTC 2024 x86_64 x86_64 x86_64 GNU/Linux
Sat Nov 23 15:20:02 UTC 2024
mri_convert orig_nu.mgz talsrcimg.img 
reading from orig_nu.mgz...
TR=0.00, TE=0.00, TI=0.00, flip angle=0.00
i_ras = (-1, 1.86265e-09, -3.72529e-09)
j_ras = (-1.86265e-09, -1.49012e-08, -1)
k_ras = (0, 1, 0)
writing to talsrcimg.img...
Analyze Output Matrix
-1.00000  -0.00000   0.00000   129.23404;
 0.00000  -0.00000   1.00000  -105.52327;
-0.00000  -1.00000   0.00000   112.49600;
 0.00000   0.00000   0.00000   1.00000;
--------------------
INFO: set hdr.hist.orient to -1
mpr2mni305 talsrcimg
Sat Nov 23 15:20:04 UTC 2024
/opt/freesurfer/bin/mpr2mni305 talsrcimg
mpr2mni305 7.3.2
target=711-2C_as_mni_average_305

---------------------------------------------------------------------
analyzeto4dfp talsrcimg -O0 -y
---------------------------------------------------------------------

freesurfer ifh2hdr.c
Sat Nov 23 15:20:04 2024
Writing: talsrcimg.4dfp.hdr
freesurfer analyzeto4dfp.c
Reading: talsrcimg.hdr
header size 348 bytes
hdr.dime.datatype	offset=70	value=2
hdr.dime.bitpix		offset=72	value=8
hdr.hist.orient		offset=252	value=-1
dimensionality     4
dimensions       256       256       256         1
Reading: talsrcimg.img
Writing: talsrcimg.4dfp.img
Writing: talsrcimg.4dfp.ifh
ifh2hdr talsrcimg -r0to228
ori=2

---------------------------------------------------------------------
gauss_4dfp talsrcimg 1.1
---------------------------------------------------------------------

freesurfer gauss_4dfp.c
Reading: talsrcimg.4dfp.img
Writing: talsrcimg_g11.4dfp.img
image dimensions 256 256 256 padded to 288 288 288
processing volume 1freesurfer ifh2hdr.c
Sat Nov 23 15:20:13 2024
Writing: talsrcimg_g11.4dfp.hdr

Writing: talsrcimg_g11.4dfp.ifh
including: talsrcimg.4dfp.img.rec in talsrcimg_g11.4dfp.img.rec

---------------------------------------------------------------------
imgreg_4dfp /opt/freesurfer/average/711-2C_as_mni_average_305 none talsrcimg_g11 none talsrcimg_to_711-2C_as_mni_average_305_t4 4355
---------------------------------------------------------------------

freesurfer imgreg_4dfp.c
/opt/freesurfer/average/711-2C_as_mni_average_305.4dfp.img
       256       256       256         1
  1.000000  1.000000  1.000000
orientation T byte_order littleendian
Reading image: /opt/freesurfer/average/711-2C_as_mni_average_305.4dfp.img
dimensions:      256       256       256
mmppix:       1.0000   -1.0000   -1.0000
center:     128.0000 -129.0000 -129.0000
talsrcimg_g11.4dfp.img
       256       256       256         1
  1.000000  1.000000  1.000000
orientation T byte_order littleendian
Reading image: talsrcimg_g11.4dfp.img
dimensions:      256       256       256
mmppix:       1.0000   -1.0000   -1.0000
center:     128.0000 -129.0000 -129.0000
t4_read: open error in t4_sub.f l:  41 t4_file(1:l)talsrcimg_to_711-2C_as_mni_average_305_t4 
t4_read: transform initialized to I4
rotation matrix determinant  1.000000
image alignment mode   4355 decimal     1103 hex
   -7.5000  -45.0000  -45.0000 8608.5088    9.8779
    0.0000  -45.0000  -45.0000 8953.2764    9.8773
    7.5000  -45.0000  -45.0000 8657.2959    9.8797
   -7.5000  -37.5000  -45.0000 8901.4600    9.7698
    0.0000  -37.5000  -45.0000 9242.0381    9.7687
    7.5000  -37.5000  -45.0000 8943.8252    9.7712
   -7.5000  -30.0000  -45.0000 9313.0156    9.6312
    0.0000  -30.0000  -45.0000 9658.7666    9.6287
    7.5000  -30.0000  -45.0000 9353.9912    9.6303
   -7.5000  -22.5000  -45.0000 9699.9863    9.5202
    0.0000  -22.5000  -45.000010046.6260    9.5181
    7.5000  -22.5000  -45.0000 9716.2441    9.5187
   -7.5000  -15.0000  -45.000010092.1992    9.4929
    0.0000  -15.0000  -45.000010476.9902    9.4926
    7.5000  -15.0000  -45.000010081.1445    9.4934
   -7.5000   -7.5000  -45.000010443.8271    9.4863
    0.0000   -7.5000  -45.000010852.9443    9.4880
    7.5000   -7.5000  -45.000010403.5537    9.4894
   -7.5000    0.0000  -45.000010781.0254    9.4875
    0.0000    0.0000  -45.000011205.4814    9.4890
    7.5000    0.0000  -45.000010692.0176    9.4909
   -7.5000    7.5000  -45.000010341.3271    9.5417
    0.0000    7.5000  -45.000010763.2344    9.5412
    7.5000    7.5000  -45.000010240.4033    9.5436
   -7.5000   15.0000  -45.0000 9827.2432    9.7025
    0.0000   15.0000  -45.000010240.2793    9.7011
    7.5000   15.0000  -45.0000 9710.8057    9.7031
   -7.5000   22.5000  -45.0000 9306.1846    9.9713
    0.0000   22.5000  -45.0000 9705.4043    9.9703
    7.5000   22.5000  -45.0000 9186.4131    9.9723
   -7.5000   30.0000  -45.0000 8774.6758   10.1306
    0.0000   30.0000  -45.0000 9135.3486   10.1328
    7.5000   30.0000  -45.0000 8649.0215   10.1345
   -7.5000   37.5000  -45.0000 8544.4121   10.4520
    0.0000   37.5000  -45.0000 8890.9766   10.4607
    7.5000   37.5000  -45.0000 8397.7725   10.4611
   -7.5000   45.0000  -45.0000 8007.5220   10.5292
    0.0000   45.0000  -45.0000 8329.9443   10.5379
    7.5000   45.0000  -45.0000 7861.5488   10.5371
   -7.5000  -45.0000  -37.5000 9086.4238    9.7850
    0.0000  -45.0000  -37.5000 9434.9160    9.7761
    7.5000  -45.0000  -37.5000 9114.1377    9.7697
   -7.5000  -37.5000  -37.5000 9357.9961    9.6772
    0.0000  -37.5000  -37.5000 9717.0352    9.6702
    7.5000  -37.5000  -37.5000 9406.2812    9.6646
   -7.5000  -30.0000  -37.5000 9787.4033    9.5388
    0.0000  -30.0000  -37.500010154.0332    9.5325
    7.5000  -30.0000  -37.5000 9845.1377    9.5275
   -7.5000  -22.5000  -37.500010239.1523    9.4316
    0.0000  -22.5000  -37.500010626.1426    9.4261
    7.5000  -22.5000  -37.500010276.3779    9.4199
   -7.5000  -15.0000  -37.500010694.5654    9.4082
    0.0000  -15.0000  -37.500011104.0684    9.4034
    7.5000  -15.0000  -37.500010702.8555    9.3961
   -7.5000   -7.5000  -37.500011114.5479    9.4028
    0.0000   -7.5000  -37.500011544.5986    9.3979
    7.5000   -7.5000  -37.500011078.7119    9.3907
   -7.5000    0.0000  -37.500011487.4307    9.4028
    0.0000    0.0000  -37.500011966.0215    9.3968
    7.5000    0.0000  -37.500011417.4688    9.3900
   -7.5000    7.5000  -37.500011004.7285    9.4535
    0.0000    7.5000  -37.500011470.0020    9.4471
    7.5000    7.5000  -37.500010907.2695    9.4417
   -7.5000   15.0000  -37.500010463.4141    9.6093
    0.0000   15.0000  -37.500010912.3115    9.6045
    7.5000   15.0000  -37.500010342.0752    9.5999
   -7.5000   22.5000  -37.5000 9918.6562    9.8738
    0.0000   22.5000  -37.500010377.8506    9.8692
    7.5000   22.5000  -37.5000 9794.1377    9.8645
   -7.5000   30.0000  -37.5000 9347.5186   10.0345
    0.0000   30.0000  -37.5000 9775.2119   10.0320
    7.5000   30.0000  -37.5000 9201.4609   10.0256
   -7.5000   37.5000  -37.5000 9080.5859   10.3546
    0.0000   37.5000  -37.5000 9480.8281   10.3558
    7.5000   37.5000  -37.5000 8916.3545   10.3474
   -7.5000   45.0000  -37.5000 8518.7598   10.4284
    0.0000   45.0000  -37.5000 8895.8779   10.4295
    7.5000   45.0000  -37.5000 8356.1250   10.4204
   -7.5000  -45.0000  -30.0000 9773.2227   10.1791
    0.0000  -45.0000  -30.000010129.4336   10.1643
    7.5000  -45.0000  -30.0000 9788.3760   10.1523
   -7.5000  -37.5000  -30.000010054.4355   10.0668
    0.0000  -37.5000  -30.000010423.9043   10.0553
    7.5000  -37.5000  -30.000010069.9111   10.0446
   -7.5000  -30.0000  -30.000010540.0254    9.9222
    0.0000  -30.0000  -30.000010921.0234    9.9117
    7.5000  -30.0000  -30.000010547.4443    9.9014
   -7.5000  -22.5000  -30.000011082.4219    9.8115
    0.0000  -22.5000  -30.000011485.9365    9.8016
    7.5000  -22.5000  -30.000011055.8838    9.7894
   -7.5000  -15.0000  -30.000011595.7119    9.7887
    0.0000  -15.0000  -30.000012023.0645    9.7789
    7.5000  -15.0000  -30.000011546.4824    9.7652
   -7.5000   -7.5000  -30.000012106.2783    9.7835
    0.0000   -7.5000  -30.000012569.3594    9.7732
    7.5000   -7.5000  -30.000012030.3193    9.7597
   -7.5000    0.0000  -30.000012486.8486    9.7828
    0.0000    0.0000  -30.000013023.6064    9.7717
    7.5000    0.0000  -30.000012430.1895    9.7593
   -7.5000    7.5000  -30.000011955.0098    9.8345
    0.0000    7.5000  -30.000012485.8457    9.8237
    7.5000    7.5000  -30.000011866.8613    9.8134
   -7.5000   15.0000  -30.000011379.4346    9.9953
    0.0000   15.0000  -30.000011875.2344    9.9866
    7.5000   15.0000  -30.000011237.5537    9.9766
   -7.5000   22.5000  -30.000010798.0498   10.2690
    0.0000   22.5000  -30.000011305.2881   10.2596
    7.5000   22.5000  -30.000010668.4502   10.2484
   -7.5000   30.0000  -30.000010181.0967   10.4403
    0.0000   30.0000  -30.000010662.9287   10.4322
    7.5000   30.0000  -30.000010022.6836   10.4185
   -7.5000   37.5000  -30.0000 9847.8955   10.7765
    0.0000   37.5000  -30.000010323.8232   10.7715
    7.5000   37.5000  -30.0000 9667.0986   10.7562
   -7.5000   45.0000  -30.0000 9218.9766   10.8594
    0.0000   45.0000  -30.0000 9674.2764   10.8550
    7.5000   45.0000  -30.0000 9030.9512   10.8401
   -7.5000  -45.0000  -22.500010478.7578   10.5234
    0.0000  -45.0000  -22.500010847.4629   10.5107
    7.5000  -45.0000  -22.500010465.9951   10.5008
   -7.5000  -37.5000  -22.500010779.1104   10.4089
    0.0000  -37.5000  -22.500011162.8164   10.3983
    7.5000  -37.5000  -22.500010763.8408   10.3896
   -7.5000  -30.0000  -22.500011299.1562   10.2615
    0.0000  -30.0000  -22.500011738.4160   10.2493
    7.5000  -30.0000  -22.500011310.7920   10.2397
   -7.5000  -22.5000  -22.500011899.1133   10.1472
    0.0000  -22.5000  -22.500012372.8301   10.1345
    7.5000  -22.5000  -22.500011899.8096   10.1224
   -7.5000  -15.0000  -22.500012493.1514   10.1220
    0.0000  -15.0000  -22.500013017.1670   10.1103
    7.5000  -15.0000  -22.500012482.5098   10.0973
   -7.5000   -7.5000  -22.500013100.5918   10.1148
    0.0000   -7.5000  -22.500013646.1416   10.1051
    7.5000   -7.5000  -22.500013027.0684   10.0931
   -7.5000    0.0000  -22.500013529.4248   10.1133
    0.0000    0.0000  -22.500014154.7822   10.1043
    7.5000    0.0000  -22.500013470.5020   10.0942
   -7.5000    7.5000  -22.500012967.1357   10.1688
    0.0000    7.5000  -22.500013581.8525   10.1588
    7.5000    7.5000  -22.500012880.2646   10.1504
   -7.5000   15.0000  -22.500012319.1211   10.3375
    0.0000   15.0000  -22.500012891.9199   10.3267
    7.5000   15.0000  -22.500012203.4336   10.3171
   -7.5000   22.5000  -22.500011713.2285   10.6212
    0.0000   22.5000  -22.500012281.8994   10.6085
    7.5000   22.5000  -22.500011598.0000   10.5966
   -7.5000   30.0000  -22.500011046.3828   10.7979
    0.0000   30.0000  -22.500011594.6348   10.7870
    7.5000   30.0000  -22.500010913.7246   10.7729
   -7.5000   37.5000  -22.500010673.8379   11.1418
    0.0000   37.5000  -22.500011212.6064   11.1368
    7.5000   37.5000  -22.500010490.1670   11.1225
   -7.5000   45.0000  -22.5000 9983.1738   11.2309
    0.0000   45.0000  -22.500010491.8906   11.2276
    7.5000   45.0000  -22.5000 9781.6113   11.2139
   -7.5000  -45.0000  -15.000011146.6934   10.7700
    0.0000  -45.0000  -15.000011551.2158   10.7644
    7.5000  -45.0000  -15.000011127.4990   10.7621
   -7.5000  -37.5000  -15.000011447.2500   10.6536
    0.0000  -37.5000  -15.000011889.0059   10.6479
    7.5000  -37.5000  -15.000011434.5498   10.6465
   -7.5000  -30.0000  -15.000012032.4863   10.5048
    0.0000  -30.0000  -15.000012526.2285   10.4949
    7.5000  -30.0000  -15.000012051.3320   10.4914
   -7.5000  -22.5000  -15.000012702.7666   10.3874
    0.0000  -22.5000  -15.000013274.8330   10.3763
    7.5000  -22.5000  -15.000012737.3174   10.3704
   -7.5000  -15.0000  -15.000013364.8955   10.3596
    0.0000  -15.0000  -15.000014011.5859   10.3510
    7.5000  -15.0000  -15.000013390.2764   10.3446
   -7.5000   -7.5000  -15.000014015.8652   10.3509
    0.0000   -7.5000  -15.000014720.1279   10.3466
    7.5000   -7.5000  -15.000014011.5898   10.3421
   -7.5000    0.0000  -15.000014491.5732   10.3494
    0.0000    0.0000  -15.000015289.4521   10.3468
    7.5000    0.0000  -15.000014509.4092   10.3443
   -7.5000    7.5000  -15.000013900.1221   10.4080
    0.0000    7.5000  -15.000014662.7529   10.4027
    7.5000    7.5000  -15.000013897.6924   10.4013
   -7.5000   15.0000  -15.000013216.9805   10.5834
    0.0000   15.0000  -15.000013906.9883   10.5743
    7.5000   15.0000  -15.000013173.7012   10.5707
   -7.5000   22.5000  -15.000012591.3818   10.8753
    0.0000   22.5000  -15.000013269.3750   10.8641
    7.5000   22.5000  -15.000012520.4570   10.8579
   -7.5000   30.0000  -15.000011867.4502   11.0550
    0.0000   30.0000  -15.000012554.4102   11.0469
    7.5000   30.0000  -15.000011783.6846   11.0390
   -7.5000   37.5000  -15.000011479.9600   11.4022
    0.0000   37.5000  -15.000012138.9697   11.4029
    7.5000   37.5000  -15.000011344.2383   11.3958
   -7.5000   45.0000  -15.000010732.1475   11.4966
    0.0000   45.0000  -15.000011340.7188   11.4994
    7.5000   45.0000  -15.000010556.3486   11.4927
   -7.5000  -45.0000   -7.500011837.0107   10.8891
    0.0000  -45.0000   -7.500012269.5459   10.8882
    7.5000  -45.0000   -7.500011790.7959   10.8915
   -7.5000  -37.5000   -7.500012179.6074   10.7713
    0.0000  -37.5000   -7.500012670.6934   10.7694
    7.5000  -37.5000   -7.500012180.8623   10.7734
   -7.5000  -30.0000   -7.500012877.9512   10.6209
    0.0000  -30.0000   -7.500013431.4668   10.6150
    7.5000  -30.0000   -7.500012898.4375   10.6169
   -7.5000  -22.5000   -7.500013614.5723   10.5012
    0.0000  -22.5000   -7.500014258.1846   10.4944
    7.5000  -22.5000   -7.500013647.2158   10.4944
   -7.5000  -15.0000   -7.500014311.9521   10.4721
    0.0000  -15.0000   -7.500015069.7734   10.4679
    7.5000  -15.0000   -7.500014387.0889   10.4679
   -7.5000   -7.5000   -7.500014968.8936   10.4638
    0.0000   -7.5000   -7.500015793.9609   10.4640
    7.5000   -7.5000   -7.500015051.1035   10.4655
   -7.5000    0.0000   -7.500015487.7705   10.4634
    0.0000    0.0000   -7.500016420.9941   10.4650
    7.5000    0.0000   -7.500015598.9326   10.4680
   -7.5000    7.5000   -7.500014891.2168   10.5230
    0.0000    7.5000   -7.500015811.6387   10.5216
    7.5000    7.5000   -7.500014979.7002   10.5254
   -7.5000   15.0000   -7.500014180.5127   10.7006
    0.0000   15.0000   -7.500015024.9863   10.6955
    7.5000   15.0000   -7.500014213.8330   10.6975
   -7.5000   22.5000   -7.500013475.0869   10.9942
    0.0000   22.5000   -7.500014308.4199   10.9879
    7.5000   22.5000   -7.500013475.5811   10.9882
   -7.5000   30.0000   -7.500012677.8135   11.1755
    0.0000   30.0000   -7.500013484.1641   11.1728
    7.5000   30.0000   -7.500012650.4521   11.1721
   -7.5000   37.5000   -7.500012246.7920   11.5253
    0.0000   37.5000   -7.500013057.7646   11.5316
    7.5000   37.5000   -7.500012222.5127   11.5310
   -7.5000   45.0000   -7.500011476.7412   11.6254
    0.0000   45.0000   -7.500012196.0293   11.6332
    7.5000   45.0000   -7.500011381.8877   11.6321
   -7.5000  -45.0000    0.000012429.5645   10.9078
    0.0000  -45.0000    0.000012895.0986   10.9056
    7.5000  -45.0000    0.000012362.7588   10.9069
   -7.5000  -37.5000    0.000012827.1367   10.7891
    0.0000  -37.5000    0.000013342.4824   10.7865
    7.5000  -37.5000    0.000012801.9785   10.7883
   -7.5000  -30.0000    0.000013601.2939   10.6367
    0.0000  -30.0000    0.000014199.7256   10.6325
    7.5000  -30.0000    0.000013597.8457   10.6334
   -7.5000  -22.5000    0.000014366.8477   10.5163
    0.0000  -22.5000    0.000015069.1113   10.5123
    7.5000  -22.5000    0.000014443.1377   10.5120
   -7.5000  -15.0000    0.000015109.7197   10.4879
    0.0000  -15.0000    0.000015890.3193   10.4858
    7.5000  -15.0000    0.000015201.2637   10.4854
   -7.5000   -7.5000    0.000015801.4004   10.4814
    0.0000   -7.5000    0.000016640.2578   10.4816
    7.5000   -7.5000    0.000015897.1621   10.4818
   -7.5000    0.0000    0.000016356.1973   10.4820
    0.0000    0.0000    0.000017314.0781   10.4823
    7.5000    0.0000    0.000016492.6934   10.4832
   -7.5000    7.5000    0.000015813.2314   10.5404
    0.0000    7.5000    0.000016728.7383   10.5385
    7.5000    7.5000    0.000015910.1230   10.5402
   -7.5000   15.0000    0.000015130.6230   10.7160
    0.0000   15.0000    0.000016087.8203   10.7128
    7.5000   15.0000    0.000015207.6211   10.7142
   -7.5000   22.5000    0.000014297.0439   11.0078
    0.0000   22.5000    0.000015277.0078   11.0047
    7.5000   22.5000    0.000014384.2383   11.0058
   -7.5000   30.0000    0.000013430.0723   11.1912
    0.0000   30.0000    0.000014345.4648   11.1914
    7.5000   30.0000    0.000013532.0801   11.1918
   -7.5000   37.5000    0.000012980.3389   11.5449
    0.0000   37.5000    0.000013829.7832   11.5522
    7.5000   37.5000    0.000013063.4707   11.5510
   -7.5000   45.0000    0.000012131.5869   11.6500
    0.0000   45.0000    0.000012893.8027   11.6575
    7.5000   45.0000    0.000012166.1260   11.6551
   -7.5000  -45.0000    7.500012113.3154   10.9149
    0.0000  -45.0000    7.500012535.1396   10.9051
    7.5000  -45.0000    7.500012041.9092   10.8981
   -7.5000  -37.5000    7.500012553.0801   10.7946
    0.0000  -37.5000    7.500013019.3516   10.7867
    7.5000  -37.5000    7.500012521.9277   10.7806
   -7.5000  -30.0000    7.500013331.2295   10.6399
    0.0000  -30.0000    7.500013864.9717   10.6329
    7.5000  -30.0000    7.500013341.3115   10.6273
   -7.5000  -22.5000    7.500014072.7090   10.5204
    0.0000  -22.5000    7.500014664.2266   10.5143
    7.5000  -22.5000    7.500014123.6992   10.5076
   -7.5000  -15.0000    7.500014760.3154   10.4947
    0.0000  -15.0000    7.500015400.3535   10.4895
    7.5000  -15.0000    7.500014822.8066   10.4816
   -7.5000   -7.5000    7.500015376.4629   10.4895
    0.0000   -7.5000    7.500016094.8506   10.4842
    7.5000   -7.5000    7.500015472.0801   10.4763
   -7.5000    0.0000    7.500015900.0518   10.4898
    0.0000    0.0000    7.500016668.4785   10.4832
    7.5000    0.0000    7.500015987.2080   10.4757
   -7.5000    7.5000    7.500015436.1279   10.5458
    0.0000    7.5000    7.500016300.8027   10.5386
    7.5000    7.5000    7.500015559.3516   10.5327
   -7.5000   15.0000    7.500014944.9893   10.7185
    0.0000   15.0000    7.500016035.4727   10.7131
    7.5000   15.0000    7.500015120.0586   10.7080
   -7.5000   22.5000    7.500014207.3359   11.0091
    0.0000   22.5000    7.500015252.1123   11.0041
    7.5000   22.5000    7.500014427.5439   10.9990
   -7.5000   30.0000    7.500013345.8252   11.1966
    0.0000   30.0000    7.500014288.9141   11.1939
    7.5000   30.0000    7.500013606.2510   11.1870
   -7.5000   37.5000    7.500012909.4639   11.5549
    0.0000   37.5000    7.500013723.1084   11.5563
    7.5000   37.5000    7.500013092.0947   11.5471
   -7.5000   45.0000    7.500011999.0361   11.6608
    0.0000   45.0000    7.500012723.4473   11.6620
    7.5000   45.0000    7.500012125.5117   11.6520
   -7.5000  -45.0000   15.000011689.6660   10.9240
    0.0000  -45.0000   15.000012067.4512   10.9081
    7.5000  -45.0000   15.000011653.4639   10.8952
   -7.5000  -37.5000   15.000012097.8291   10.8036
    0.0000  -37.5000   15.000012521.4258   10.7912
    7.5000  -37.5000   15.000012082.8398   10.7797
   -7.5000  -30.0000   15.000012889.7891   10.6485
    0.0000  -30.0000   15.000013370.0479   10.6372
    7.5000  -30.0000   15.000012873.9727   10.6262
   -7.5000  -22.5000   15.000013632.8477   10.5299
    0.0000  -22.5000   15.000014145.9131   10.5191
    7.5000  -22.5000   15.000013622.1328   10.5061
   -7.5000  -15.0000   15.000014288.2607   10.5054
    0.0000  -15.0000   15.000014823.3438   10.4948
    7.5000  -15.0000   15.000014298.5068   10.4801
   -7.5000   -7.5000   15.000014847.4521   10.4997
    0.0000   -7.5000   15.000015429.8926   10.4886
    7.5000   -7.5000   15.000014890.4492   10.4742
   -7.5000    0.0000   15.000015332.9297   10.4989
    0.0000    0.0000   15.000015919.4346   10.4869
    7.5000    0.0000   15.000015389.7061   10.4737
   -7.5000    7.5000   15.000014903.1855   10.5545
    0.0000    7.5000   15.000015673.9844   10.5428
    7.5000    7.5000   15.000015045.1797   10.5317
   -7.5000   15.0000   15.000014512.2900   10.7269
    0.0000   15.0000   15.000015504.2979   10.7175
    7.5000   15.0000   15.000014635.2168   10.7068
   -7.5000   22.5000   15.000013912.1562   11.0181
    0.0000   22.5000   15.000014837.3828   11.0079
    7.5000   22.5000   15.000014050.3799   10.9959
   -7.5000   30.0000   15.000013160.3574   11.2071
    0.0000   30.0000   15.000013968.8350   11.1983
    7.5000   30.0000   15.000013277.7646   11.1836
   -7.5000   37.5000   15.000012704.1797   11.5666
    0.0000   37.5000   15.000013426.9258   11.5611
    7.5000   37.5000   15.000012743.9902   11.5448
   -7.5000   45.0000   15.000011738.3711   11.6700
    0.0000   45.0000   15.000012399.1709   11.6652
    7.5000   45.0000   15.000011712.0371   11.6492
   -7.5000  -45.0000   22.500011236.4756   10.9312
    0.0000  -45.0000   22.500011610.3037   10.9179
    7.5000  -45.0000   22.500011200.7041   10.9077
   -7.5000  -37.5000   22.500011605.7744   10.8122
    0.0000  -37.5000   22.500011986.9492   10.8012
    7.5000  -37.5000   22.500011569.2402   10.7921
   -7.5000  -30.0000   22.500012386.3633   10.6592
    0.0000  -30.0000   22.500012794.0605   10.6464
    7.5000  -30.0000   22.500012330.3135   10.6365
   -7.5000  -22.5000   22.500013147.7656   10.5404
    0.0000  -22.5000   22.500013586.7109   10.5271
    7.5000  -22.5000   22.500013067.5693   10.5146
   -7.5000  -15.0000   22.500013795.7646   10.5142
    0.0000  -15.0000   22.500014299.6650   10.5020
    7.5000  -15.0000   22.500013727.3838   10.4885
   -7.5000   -7.5000   22.500014345.8271   10.5065
    0.0000   -7.5000   22.500014908.9834   10.4964
    7.5000   -7.5000   22.500014291.2979   10.4840
   -7.5000    0.0000   22.500014826.2090   10.5049
    0.0000    0.0000   22.500015469.7119   10.4955
    7.5000    0.0000   22.500014789.5254   10.4851
   -7.5000    7.5000   22.500014341.4678   10.5628
    0.0000    7.5000   22.500015140.8809   10.5523
    7.5000    7.5000   22.500014330.7695   10.5435
   -7.5000   15.0000   22.500013769.0879   10.7382
    0.0000   15.0000   22.500014590.8457   10.7269
    7.5000   15.0000   22.500013697.7373   10.7169
   -7.5000   22.5000   22.500013135.3076   11.0314
    0.0000   22.5000   22.500013879.0205   11.0182
    7.5000   22.5000   22.500013027.3838   11.0058
   -7.5000   30.0000   22.500012414.6318   11.2172
    0.0000   30.0000   22.500013159.1602   11.2059
    7.5000   30.0000   22.500012327.4062   11.1912
   -7.5000   37.5000   22.500011995.3057   11.5727
    0.0000   37.5000   22.500012711.2832   11.5674
    7.5000   37.5000   22.500011876.6660   11.5526
   -7.5000   45.0000   22.500011084.7695   11.6721
    0.0000   45.0000   22.500011736.8311   11.6686
    7.5000   45.0000   22.500010977.8389   11.6545
   -7.5000  -45.0000   30.000010680.4854   10.9353
    0.0000  -45.0000   30.000011060.2617   10.9295
    7.5000  -45.0000   30.000010581.8857   10.9272
   -7.5000  -37.5000   30.000011012.6445   10.8170
    0.0000  -37.5000   30.000011404.9482   10.8111
    7.5000  -37.5000   30.000010905.3975   10.8098
   -7.5000  -30.0000   30.000011707.4414   10.6658
    0.0000  -30.0000   30.000012159.5449   10.6556
    7.5000  -30.0000   30.000011576.3770   10.6521
   -7.5000  -22.5000   30.000012406.5371   10.5465
    0.0000  -22.5000   30.000012904.2256   10.5351
    7.5000  -22.5000   30.000012236.7578   10.5292
   -7.5000  -15.0000   30.000013019.5850   10.5182
    0.0000  -15.0000   30.000013577.2002   10.5093
    7.5000  -15.0000   30.000012841.7607   10.5029
   -7.5000   -7.5000   30.000013511.5791   10.5092
    0.0000   -7.5000   30.000014142.8789   10.5047
    7.5000   -7.5000   30.000013373.5420   10.5002
   -7.5000    0.0000   30.000013964.2393   10.5076
    0.0000    0.0000   30.000014648.9482   10.5048
    7.5000    0.0000   30.000013858.8672   10.5025
   -7.5000    7.5000   30.000013426.5137   10.5673
    0.0000    7.5000   30.000014123.6680   10.5618
    7.5000    7.5000   30.000013341.8096   10.5605
   -7.5000   15.0000   30.000012788.7422   10.7457
    0.0000   15.0000   30.000013408.4746   10.7363
    7.5000   15.0000   30.000012659.3936   10.7328
   -7.5000   22.5000   30.000012116.7158   11.0415
    0.0000   22.5000   30.000012652.1787   11.0300
    7.5000   22.5000   30.000011997.6387   11.0238
   -7.5000   30.0000   30.000011388.9609   11.2235
    0.0000   30.0000   30.000011924.1631   11.2151
    7.5000   30.0000   30.000011313.2598   11.2073
   -7.5000   37.5000   30.000011000.0762   11.5735
    0.0000   37.5000   30.000011503.4209   11.5741
    7.5000   37.5000   30.000010914.8613   11.5670
   -7.5000   45.0000   30.000010191.6719   11.6704
    0.0000   45.0000   30.000010695.0254   11.6732
    7.5000   45.0000   30.000010129.8447   11.6665
   -7.5000  -45.0000   37.500010384.5908   10.9715
    0.0000  -45.0000   37.500010779.4990   10.9706
    7.5000  -45.0000   37.500010245.4678   10.9742
   -7.5000  -37.5000   37.500010665.9238   10.8524
    0.0000  -37.5000   37.500011072.2422   10.8504
    7.5000  -37.5000   37.500010524.7520   10.8546
   -7.5000  -30.0000   37.500011295.1943   10.7001
    0.0000  -30.0000   37.500011713.5459   10.6941
    7.5000  -30.0000   37.500011131.3516   10.6962
   -7.5000  -22.5000   37.500011931.9062   10.5789
    0.0000  -22.5000   37.500012347.8662   10.5720
    7.5000  -22.5000   37.500011724.0195   10.5722
   -7.5000  -15.0000   37.500012509.3926   10.5494
    0.0000  -15.0000   37.500012971.0000   10.5451
    7.5000  -15.0000   37.500012299.9980   10.5453
   -7.5000   -7.5000   37.500013000.1846   10.5410
    0.0000   -7.5000   37.500013512.9121   10.5412
    7.5000   -7.5000   37.500012821.6299   10.5429
   -7.5000    0.0000   37.500013423.3975   10.5405
    0.0000    0.0000   37.500014012.8428   10.5421
    7.5000    0.0000   37.500013291.4307   10.5455
   -7.5000    7.5000   37.500012876.1719   10.6010
    0.0000    7.5000   37.500013417.8730   10.5995
    7.5000    7.5000   37.500012757.4473   10.6035
   -7.5000   15.0000   37.500012230.3291   10.7809
    0.0000   15.0000   37.500012722.2598   10.7756
    7.5000   15.0000   37.500012110.9824   10.7778
   -7.5000   22.5000   37.500011541.5518   11.0783
    0.0000   22.5000   37.500012016.4014   11.0718
    7.5000   22.5000   37.500011473.1533   11.0724
   -7.5000   30.0000   37.500010838.6875   11.2600
    0.0000   30.0000   37.500011277.9238   11.2571
    7.5000   30.0000   37.500010765.8086   11.2566
   -7.5000   37.5000   37.500010469.5850   11.6102
    0.0000   37.5000   37.500010882.0879   11.6166
    7.5000   37.5000   37.500010392.1221   11.6161
   -7.5000   45.0000   37.5000 9746.5459   11.7103
    0.0000   45.0000   37.500010144.0273   11.7182
    7.5000   45.0000   37.5000 9679.3379   11.7173
   -7.5000  -45.0000   45.0000 9521.8496   11.0335
    0.0000  -45.0000   45.0000 9853.2324   11.0313
    7.5000  -45.0000   45.0000 9414.1562   11.0333
   -7.5000  -37.5000   45.0000 9765.0723   10.9114
    0.0000  -37.5000   45.000010103.9512   10.9089
    7.5000  -37.5000   45.0000 9648.8398   10.9113
   -7.5000  -30.0000   45.000010341.2783   10.7550
    0.0000  -30.0000   45.000010692.2705   10.7507
    7.5000  -30.0000   45.000010188.2939   10.7521
   -7.5000  -22.5000   45.000010910.0381   10.6315
    0.0000  -22.5000   45.000011274.0488   10.6273
    7.5000  -22.5000   45.000010741.3076   10.6273
   -7.5000  -15.0000   45.000011430.7324   10.6024
    0.0000  -15.0000   45.000011825.6162   10.6002
    7.5000  -15.0000   45.000011269.3926   10.6002
   -7.5000   -7.5000   45.000011882.4375   10.5955
    0.0000   -7.5000   45.000012329.6836   10.5957
    7.5000   -7.5000   45.000011724.2236   10.5964
   -7.5000    0.0000   45.000012283.0596   10.5958
    0.0000    0.0000   45.000012780.9561   10.5962
    7.5000    0.0000   45.000012133.3115   10.5977
   -7.5000    7.5000   45.000011772.5801   10.6558
    0.0000    7.5000   45.000012246.1934   10.6539
    7.5000    7.5000   45.000011634.3301   10.6563
   -7.5000   15.0000   45.000011152.6416   10.8368
    0.0000   15.0000   45.000011598.8203   10.8336
    7.5000   15.0000   45.000011048.5908   10.8355
   -7.5000   22.5000   45.000010538.3896   11.1371
    0.0000   22.5000   45.000010978.4541   11.1340
    7.5000   22.5000   45.000010476.4492   11.1354
   -7.5000   30.0000   45.0000 9878.4902   11.3236
    0.0000   30.0000   45.000010272.4297   11.3238
    7.5000   30.0000   45.0000 9807.8682   11.3245
   -7.5000   37.5000   45.0000 9560.4170   11.6825
    0.0000   37.5000   45.0000 9932.1201   11.6901
    7.5000   37.5000   45.0000 9498.1865   11.6892
   -7.5000   45.0000   45.0000 8911.8516   11.7976
    0.0000   45.0000   45.0000 9254.0352   11.8055
    7.5000   45.0000   45.0000 8852.7227   11.8036

---------------------------------------------------------------------
imgreg_4dfp /opt/freesurfer/average/711-2C_as_mni_average_305 /opt/freesurfer/average/711-2B_as_mni_average_305_mask talsrcimg_g11 none talsrcimg_to_711-2C_as_mni_average_305_t4 4355
---------------------------------------------------------------------

freesurfer imgreg_4dfp.c
/opt/freesurfer/average/711-2C_as_mni_average_305.4dfp.img
       256       256       256         1
  1.000000  1.000000  1.000000
orientation T byte_order littleendian
Reading image: /opt/freesurfer/average/711-2C_as_mni_average_305.4dfp.img
dimensions:      256       256       256
mmppix:       1.0000   -1.0000   -1.0000
center:     128.0000 -129.0000 -129.0000
/opt/freesurfer/average/711-2B_as_mni_average_305_mask.4dfp.img
       256       256       256         1
  1.000000  1.000000  1.000000
orientation T byte_order littleendian
Reading mask: /opt/freesurfer/average/711-2B_as_mni_average_305_mask.4dfp.img (2306576 pixels)
talsrcimg_g11.4dfp.img
       256       256       256         1
  1.000000  1.000000  1.000000
orientation T byte_order littleendian
Reading image: talsrcimg_g11.4dfp.img
dimensions:      256       256       256
mmppix:       1.0000   -1.0000   -1.0000
center:     128.0000 -129.0000 -129.0000
rotation matrix determinant  1.000000
image alignment mode   4355 decimal     1103 hex
   -7.5000  -45.0000  -45.0000 2159.8347   15.2817
    0.0000  -45.0000  -45.0000 2164.8181   15.3018
    7.5000  -45.0000  -45.0000 2137.0981   15.5775
   -7.5000  -37.5000  -45.0000 2148.0859   15.2853
    0.0000  -37.5000  -45.0000 2151.3201   15.2846
    7.5000  -37.5000  -45.0000 2134.3523   15.5208
   -7.5000  -30.0000  -45.0000 2135.6194   15.2128
    0.0000  -30.0000  -45.0000 2138.9170   15.1909
    7.5000  -30.0000  -45.0000 2122.4668   15.4573
   -7.5000  -22.5000  -45.0000 2135.7754   15.1841
    0.0000  -22.5000  -45.0000 2135.2146   15.0764
    7.5000  -22.5000  -45.0000 2123.2773   15.3613
   -7.5000  -15.0000  -45.0000 2142.1807   15.1084
    0.0000  -15.0000  -45.0000 2142.2075   15.0096
    7.5000  -15.0000  -45.0000 2128.9846   15.2938
   -7.5000   -7.5000  -45.0000 2148.6897   15.0863
    0.0000   -7.5000  -45.0000 2155.0862   15.0582
    7.5000   -7.5000  -45.0000 2132.1597   15.2731
   -7.5000    0.0000  -45.0000 2162.4351   15.1290
    0.0000    0.0000  -45.0000 2170.2229   15.1414
    7.5000    0.0000  -45.0000 2146.2732   15.3115
   -7.5000    7.5000  -45.0000 2169.9790   15.2311
    0.0000    7.5000  -45.0000 2184.8938   15.2460
    7.5000    7.5000  -45.0000 2160.8088   15.3429
   -7.5000   15.0000  -45.0000 2158.2397   15.3270
    0.0000   15.0000  -45.0000 2168.8770   15.3358
    7.5000   15.0000  -45.0000 2150.6055   15.4146
   -7.5000   22.5000  -45.0000 2147.1506   15.5077
    0.0000   22.5000  -45.0000 2153.8958   15.4756
    7.5000   22.5000  -45.0000 2139.7734   15.5679
   -7.5000   30.0000  -45.0000 2124.1187   15.8667
    0.0000   30.0000  -45.0000 2134.1689   15.8396
    7.5000   30.0000  -45.0000 2120.4275   15.9153
   -7.5000   37.5000  -45.0000 2110.8169   16.4505
    0.0000   37.5000  -45.0000 2123.0845   16.4459
    7.5000   37.5000  -45.0000 2095.8857   16.5558
   -7.5000   45.0000  -45.0000 2079.7053   17.1745
    0.0000   45.0000  -45.0000 2091.6912   17.1689
    7.5000   45.0000  -45.0000 2061.7053   17.3281
   -7.5000  -45.0000  -37.5000 2251.7864   14.1158
    0.0000  -45.0000  -37.5000 2258.8975   14.0740
    7.5000  -45.0000  -37.5000 2234.2905   14.3064
   -7.5000  -37.5000  -37.5000 2236.1399   14.0564
    0.0000  -37.5000  -37.5000 2243.7161   14.0321
    7.5000  -37.5000  -37.5000 2226.8931   14.2278
   -7.5000  -30.0000  -37.5000 2218.9395   13.9420
    0.0000  -30.0000  -37.5000 2224.7168   13.9435
    7.5000  -30.0000  -37.5000 2216.2722   14.1624
   -7.5000  -22.5000  -37.5000 2220.7024   13.8350
    0.0000  -22.5000  -37.5000 2224.5381   13.7918
    7.5000  -22.5000  -37.5000 2222.1868   14.0117
   -7.5000  -15.0000  -37.5000 2230.2700   13.6971
    0.0000  -15.0000  -37.5000 2239.6230   13.6773
    7.5000  -15.0000  -37.5000 2225.6531   13.8386
   -7.5000   -7.5000  -37.5000 2252.2139   13.6623
    0.0000   -7.5000  -37.5000 2262.4722   13.6422
    7.5000   -7.5000  -37.5000 2241.3335   13.8075
   -7.5000    0.0000  -37.5000 2276.6077   13.7206
    0.0000    0.0000  -37.5000 2286.7368   13.7506
    7.5000    0.0000  -37.5000 2262.0747   13.8526
   -7.5000    7.5000  -37.5000 2280.6094   13.7646
    0.0000    7.5000  -37.5000 2294.8774   13.8256
    7.5000    7.5000  -37.5000 2272.8508   13.8835
   -7.5000   15.0000  -37.5000 2272.8486   13.8709
    0.0000   15.0000  -37.5000 2287.1746   13.9046
    7.5000   15.0000  -37.5000 2260.7183   13.9415
   -7.5000   22.5000  -37.5000 2259.6824   14.0600
    0.0000   22.5000  -37.5000 2280.2759   14.0772
    7.5000   22.5000  -37.5000 2252.2058   14.1204
   -7.5000   30.0000  -37.5000 2233.2583   14.4483
    0.0000   30.0000  -37.5000 2255.7861   14.4471
    7.5000   30.0000  -37.5000 2228.1292   14.4846
   -7.5000   37.5000  -37.5000 2205.6748   14.9268
    0.0000   37.5000  -37.5000 2227.3201   14.9985
    7.5000   37.5000  -37.5000 2201.0110   15.0097
   -7.5000   45.0000  -37.5000 2173.2908   15.6040
    0.0000   45.0000  -37.5000 2192.2747   15.6111
    7.5000   45.0000  -37.5000 2167.4978   15.7044
   -7.5000  -45.0000  -30.0000 2381.9895   13.5005
    0.0000  -45.0000  -30.0000 2392.5579   13.4635
    7.5000  -45.0000  -30.0000 2371.1494   13.6550
   -7.5000  -37.5000  -30.0000 2364.9255   13.3941
    0.0000  -37.5000  -30.0000 2374.3840   13.3532
    7.5000  -37.5000  -30.0000 2358.2307   13.5613
   -7.5000  -30.0000  -30.0000 2352.5884   13.2450
    0.0000  -30.0000  -30.0000 2360.3911   13.2235
    7.5000  -30.0000  -30.0000 2352.8293   13.4466
   -7.5000  -22.5000  -30.0000 2361.2046   13.1248
    0.0000  -22.5000  -30.0000 2367.9961   13.1073
    7.5000  -22.5000  -30.0000 2354.4670   13.2263
   -7.5000  -15.0000  -30.0000 2371.3123   13.0095
    0.0000  -15.0000  -30.0000 2379.0527   12.9937
    7.5000  -15.0000  -30.0000 2359.4919   13.1013
   -7.5000   -7.5000  -30.0000 2403.9077   12.9275
    0.0000   -7.5000  -30.0000 2415.8381   12.9265
    7.5000   -7.5000  -30.0000 2391.1252   13.0390
   -7.5000    0.0000  -30.0000 2421.8025   12.9192
    0.0000    0.0000  -30.0000 2443.3411   12.9220
    7.5000    0.0000  -30.0000 2414.9827   13.0020
   -7.5000    7.5000  -30.0000 2427.3254   12.9334
    0.0000    7.5000  -30.0000 2443.0288   12.9603
    7.5000    7.5000  -30.0000 2418.2410   13.0288
   -7.5000   15.0000  -30.0000 2427.3618   13.0463
    0.0000   15.0000  -30.0000 2439.4817   13.0754
    7.5000   15.0000  -30.0000 2407.6152   13.1073
   -7.5000   22.5000  -30.0000 2418.6724   13.2487
    0.0000   22.5000  -30.0000 2436.5315   13.2535
    7.5000   22.5000  -30.0000 2402.8484   13.2642
   -7.5000   30.0000  -30.0000 2395.1172   13.6248
    0.0000   30.0000  -30.0000 2414.3611   13.6234
    7.5000   30.0000  -30.0000 2382.0046   13.6425
   -7.5000   37.5000  -30.0000 2361.0112   14.0818
    0.0000   37.5000  -30.0000 2383.2056   14.1061
    7.5000   37.5000  -30.0000 2352.3000   14.1418
   -7.5000   45.0000  -30.0000 2322.5669   14.7153
    0.0000   45.0000  -30.0000 2347.3879   14.6945
    7.5000   45.0000  -30.0000 2311.3789   14.7675
   -7.5000  -45.0000  -22.5000 2491.5979   12.8064
    0.0000  -45.0000  -22.5000 2503.7000   12.7313
    7.5000  -45.0000  -22.5000 2487.2744   12.9554
   -7.5000  -37.5000  -22.5000 2474.3049   12.6967
    0.0000  -37.5000  -22.5000 2483.2834   12.6216
    7.5000  -37.5000  -22.5000 2470.7437   12.8732
   -7.5000  -30.0000  -22.5000 2459.6375   12.5142
    0.0000  -30.0000  -22.5000 2473.3169   12.4722
    7.5000  -30.0000  -22.5000 2459.9089   12.6813
   -7.5000  -22.5000  -22.5000 2465.9590   12.3827
    0.0000  -22.5000  -22.5000 2481.1982   12.3290
    7.5000  -22.5000  -22.5000 2460.1125   12.4659
   -7.5000  -15.0000  -22.5000 2480.4062   12.2494
    0.0000  -15.0000  -22.5000 2493.7461   12.2201
    7.5000  -15.0000  -22.5000 2472.1970   12.3243
   -7.5000   -7.5000  -22.5000 2516.9348   12.1430
    0.0000   -7.5000  -22.5000 2531.2993   12.1284
    7.5000   -7.5000  -22.5000 2507.6074   12.2213
   -7.5000    0.0000  -22.5000 2536.8630   12.1070
    0.0000    0.0000  -22.5000 2557.7412   12.1117
    7.5000    0.0000  -22.5000 2530.4661   12.1984
   -7.5000    7.5000  -22.5000 2549.5425   12.0931
    0.0000    7.5000  -22.5000 2565.8579   12.1011
    7.5000    7.5000  -22.5000 2538.6152   12.1723
   -7.5000   15.0000  -22.5000 2549.0732   12.1745
    0.0000   15.0000  -22.5000 2562.4265   12.1715
    7.5000   15.0000  -22.5000 2529.6709   12.2292
   -7.5000   22.5000  -22.5000 2549.0054   12.3444
    0.0000   22.5000  -22.5000 2566.4004   12.3515
    7.5000   22.5000  -22.5000 2530.6660   12.3912
   -7.5000   30.0000  -22.5000 2535.2903   12.7242
    0.0000   30.0000  -22.5000 2550.2837   12.7261
    7.5000   30.0000  -22.5000 2517.8396   12.7405
   -7.5000   37.5000  -22.5000 2501.1619   13.2000
    0.0000   37.5000  -22.5000 2519.1792   13.1973
    7.5000   37.5000  -22.5000 2486.5771   13.2269
   -7.5000   45.0000  -22.5000 2457.4487   13.8400
    0.0000   45.0000  -22.5000 2478.2698   13.8247
    7.5000   45.0000  -22.5000 2438.4138   13.8835
   -7.5000  -45.0000  -15.0000 2568.6589   12.1235
    0.0000  -45.0000  -15.0000 2580.1365   12.0557
    7.5000  -45.0000  -15.0000 2565.4355   12.2367
   -7.5000  -37.5000  -15.0000 2548.8391   11.9764
    0.0000  -37.5000  -15.0000 2560.4438   11.9315
    7.5000  -37.5000  -15.0000 2548.4268   12.1070
   -7.5000  -30.0000  -15.0000 2537.7527   11.7924
    0.0000  -30.0000  -15.0000 2549.9141   11.7641
    7.5000  -30.0000  -15.0000 2535.1221   11.9155
   -7.5000  -22.5000  -15.0000 2544.1104   11.6641
    0.0000  -22.5000  -15.0000 2560.1292   11.6179
    7.5000  -22.5000  -15.0000 2537.8562   11.7403
   -7.5000  -15.0000  -15.0000 2561.1069   11.4977
    0.0000  -15.0000  -15.0000 2575.5752   11.5201
    7.5000  -15.0000  -15.0000 2546.7178   11.5929
   -7.5000   -7.5000  -15.0000 2592.5715   11.3808
    0.0000   -7.5000  -15.0000 2609.2407   11.3991
    7.5000   -7.5000  -15.0000 2579.8743   11.4858
   -7.5000    0.0000  -15.0000 2616.9326   11.3135
    0.0000    0.0000  -15.0000 2638.5781   11.3318
    7.5000    0.0000  -15.0000 2606.5352   11.4409
   -7.5000    7.5000  -15.0000 2629.4324   11.2981
    0.0000    7.5000  -15.0000 2650.4319   11.3087
    7.5000    7.5000  -15.0000 2625.6831   11.4028
   -7.5000   15.0000  -15.0000 2635.4810   11.3651
    0.0000   15.0000  -15.0000 2653.4812   11.3507
    7.5000   15.0000  -15.0000 2626.5513   11.4483
   -7.5000   22.5000  -15.0000 2642.5298   11.5491
    0.0000   22.5000  -15.0000 2665.8965   11.5286
    7.5000   22.5000  -15.0000 2633.9924   11.6138
   -7.5000   30.0000  -15.0000 2635.5620   11.8878
    0.0000   30.0000  -15.0000 2659.6292   11.8923
    7.5000   30.0000  -15.0000 2623.9482   11.9308
   -7.5000   37.5000  -15.0000 2610.0632   12.3856
    0.0000   37.5000  -15.0000 2636.3953   12.3944
    7.5000   37.5000  -15.0000 2597.8489   12.4299
   -7.5000   45.0000  -15.0000 2564.7466   13.0310
    0.0000   45.0000  -15.0000 2585.4307   13.0290
    7.5000   45.0000  -15.0000 2543.6279   13.0797
   -7.5000  -45.0000   -7.5000 2631.3286   11.4311
    0.0000  -45.0000   -7.5000 2635.7520   11.3383
    7.5000  -45.0000   -7.5000 2619.9873   11.5261
   -7.5000  -37.5000   -7.5000 2614.2292   11.2663
    0.0000  -37.5000   -7.5000 2625.6174   11.2404
    7.5000  -37.5000   -7.5000 2610.6008   11.4055
   -7.5000  -30.0000   -7.5000 2603.3513   11.1304
    0.0000  -30.0000   -7.5000 2619.6665   11.1175
    7.5000  -30.0000   -7.5000 2599.7468   11.2883
   -7.5000  -22.5000   -7.5000 2611.4956   10.9991
    0.0000  -22.5000   -7.5000 2625.4685   10.9753
    7.5000  -22.5000   -7.5000 2609.5061   11.1205
   -7.5000  -15.0000   -7.5000 2619.9810   10.8526
    0.0000  -15.0000   -7.5000 2639.4919   10.8467
    7.5000  -15.0000   -7.5000 2615.2043   10.9504
   -7.5000   -7.5000   -7.5000 2653.2356   10.7386
    0.0000   -7.5000   -7.5000 2668.1851   10.7188
    7.5000   -7.5000   -7.5000 2646.0117   10.8447
   -7.5000    0.0000   -7.5000 2674.0500   10.6462
    0.0000    0.0000   -7.5000 2694.0979   10.6355
    7.5000    0.0000   -7.5000 2672.2991   10.7679
   -7.5000    7.5000   -7.5000 2695.9124   10.6278
    0.0000    7.5000   -7.5000 2717.5112   10.6074
    7.5000    7.5000   -7.5000 2696.9280   10.7397
   -7.5000   15.0000   -7.5000 2711.1367   10.7064
    0.0000   15.0000   -7.5000 2734.5242   10.6623
    7.5000   15.0000   -7.5000 2712.1011   10.8084
   -7.5000   22.5000   -7.5000 2727.4697   10.8783
    0.0000   22.5000   -7.5000 2754.4856   10.8379
    7.5000   22.5000   -7.5000 2722.7852   10.9474
   -7.5000   30.0000   -7.5000 2720.4292   11.1699
    0.0000   30.0000   -7.5000 2750.9778   11.1687
    7.5000   30.0000   -7.5000 2715.3689   11.2781
   -7.5000   37.5000   -7.5000 2693.3525   11.6548
    0.0000   37.5000   -7.5000 2727.0825   11.6773
    7.5000   37.5000   -7.5000 2693.0537   11.7417
   -7.5000   45.0000   -7.5000 2643.5366   12.3078
    0.0000   45.0000   -7.5000 2668.3684   12.2875
    7.5000   45.0000   -7.5000 2633.6143   12.3937
   -7.5000  -45.0000    0.0000 2673.5076   10.8954
    0.0000  -45.0000    0.0000 2681.3706   10.7754
    7.5000  -45.0000    0.0000 2656.1594   10.9626
   -7.5000  -37.5000    0.0000 2659.1169   10.7611
    0.0000  -37.5000    0.0000 2672.4062   10.6794
    7.5000  -37.5000    0.0000 2652.3838   10.8498
   -7.5000  -30.0000    0.0000 2650.6128   10.6465
    0.0000  -30.0000    0.0000 2666.9353   10.5929
    7.5000  -30.0000    0.0000 2641.6238   10.7761
   -7.5000  -22.5000    0.0000 2650.0974   10.4696
    0.0000  -22.5000    0.0000 2670.0112   10.4596
    7.5000  -22.5000    0.0000 2650.0386   10.6119
   -7.5000  -15.0000    0.0000 2660.1416   10.3212
    0.0000  -15.0000    0.0000 2676.0413   10.2997
    7.5000  -15.0000    0.0000 2659.5613   10.4536
   -7.5000   -7.5000    0.0000 2687.3530   10.2366
    0.0000   -7.5000    0.0000 2705.1313   10.1749
    7.5000   -7.5000    0.0000 2684.0435   10.3232
   -7.5000    0.0000    0.0000 2709.4006   10.1761
    0.0000    0.0000    0.0000 2729.4404   10.1123
    7.5000    0.0000    0.0000 2709.4836   10.2709
   -7.5000    7.5000    0.0000 2741.2686   10.1888
    0.0000    7.5000    0.0000 2762.6511   10.1407
    7.5000    7.5000    0.0000 2741.9453   10.2696
   -7.5000   15.0000    0.0000 2767.2397   10.2977
    0.0000   15.0000    0.0000 2793.2161   10.2252
    7.5000   15.0000    0.0000 2774.0540   10.3666
   -7.5000   22.5000    0.0000 2792.2791   10.4213
    0.0000   22.5000    0.0000 2825.2690   10.3279
    7.5000   22.5000    0.0000 2794.2766   10.5132
   -7.5000   30.0000    0.0000 2787.7700   10.6660
    0.0000   30.0000    0.0000 2824.0586   10.6404
    7.5000   30.0000    0.0000 2785.7446   10.8194
   -7.5000   37.5000    0.0000 2761.8757   11.1341
    0.0000   37.5000    0.0000 2794.0503   11.1039
    7.5000   37.5000    0.0000 2765.7734   11.2856
   -7.5000   45.0000    0.0000 2702.3735   11.7802
    0.0000   45.0000    0.0000 2725.2144   11.7069
    7.5000   45.0000    0.0000 2707.2244   11.9238
   -7.5000  -45.0000    7.5000 2708.2544   10.5694
    0.0000  -45.0000    7.5000 2711.8389   10.4208
    7.5000  -45.0000    7.5000 2689.9897   10.6151
   -7.5000  -37.5000    7.5000 2702.8701   10.4654
    0.0000  -37.5000    7.5000 2712.7656   10.3493
    7.5000  -37.5000    7.5000 2691.0090   10.5576
   -7.5000  -30.0000    7.5000 2695.6606   10.3435
    0.0000  -30.0000    7.5000 2706.9644   10.2420
    7.5000  -30.0000    7.5000 2689.4043   10.4538
   -7.5000  -22.5000    7.5000 2688.9954   10.1514
    0.0000  -22.5000    7.5000 2703.8281   10.0529
    7.5000  -22.5000    7.5000 2690.8079   10.2683
   -7.5000  -15.0000    7.5000 2688.4895   10.0036
    0.0000  -15.0000    7.5000 2698.3384    9.8958
    7.5000  -15.0000    7.5000 2686.7410   10.1010
   -7.5000   -7.5000    7.5000 2708.1509    9.9109
    0.0000   -7.5000    7.5000 2721.4050    9.7769
    7.5000   -7.5000    7.5000 2709.4290    9.9787
   -7.5000    0.0000    7.5000 2731.1265    9.8645
    0.0000    0.0000    7.5000 2748.3347    9.7428
    7.5000    0.0000    7.5000 2732.0972    9.9333
   -7.5000    7.5000    7.5000 2766.4617    9.9167
    0.0000    7.5000    7.5000 2791.0186    9.8153
    7.5000    7.5000    7.5000 2771.3818    9.9956
   -7.5000   15.0000    7.5000 2803.4814   10.1424
    0.0000   15.0000    7.5000 2832.3242   10.0289
    7.5000   15.0000    7.5000 2815.4395   10.1692
   -7.5000   22.5000    7.5000 2840.3760   10.2695
    0.0000   22.5000    7.5000 2886.6948   10.1820
    7.5000   22.5000    7.5000 2850.8752   10.3370
   -7.5000   30.0000    7.5000 2856.4321   10.4139
    0.0000   30.0000    7.5000 2901.1797   10.3006
    7.5000   30.0000    7.5000 2855.3425   10.6174
   -7.5000   37.5000    7.5000 2826.6414   10.9031
    0.0000   37.5000    7.5000 2852.0115   10.7263
    7.5000   37.5000    7.5000 2828.3191   11.0921
   -7.5000   45.0000    7.5000 2745.8245   11.5536
    0.0000   45.0000    7.5000 2770.1917   11.3691
    7.5000   45.0000    7.5000 2759.1829   11.6780
   -7.5000  -45.0000   15.0000 2710.5613   10.4967
    0.0000  -45.0000   15.0000 2715.7480   10.2688
    7.5000  -45.0000   15.0000 2705.6975   10.5518
   -7.5000  -37.5000   15.0000 2705.6069   10.4040
    0.0000  -37.5000   15.0000 2716.2129   10.1723
    7.5000  -37.5000   15.0000 2708.3877   10.4728
   -7.5000  -30.0000   15.0000 2705.2571   10.2764
    0.0000  -30.0000   15.0000 2722.9590   10.0678
    7.5000  -30.0000   15.0000 2709.5759   10.3293
   -7.5000  -22.5000   15.0000 2702.7437   10.1011
    0.0000  -22.5000   15.0000 2718.9844    9.9083
    7.5000  -22.5000   15.0000 2706.5164   10.1512
   -7.5000  -15.0000   15.0000 2696.0391    9.9601
    0.0000  -15.0000   15.0000 2707.2532    9.7613
    7.5000  -15.0000   15.0000 2700.7751    9.9913
   -7.5000   -7.5000   15.0000 2713.1482    9.8624
    0.0000   -7.5000   15.0000 2724.6060    9.6626
    7.5000   -7.5000   15.0000 2719.1909    9.9068
   -7.5000    0.0000   15.0000 2739.6992    9.8138
    0.0000    0.0000   15.0000 2749.9988    9.6227
    7.5000    0.0000   15.0000 2742.4836    9.8844
   -7.5000    7.5000   15.0000 2783.0024    9.8890
    0.0000    7.5000   15.0000 2803.1562    9.6868
    7.5000    7.5000   15.0000 2793.9583    9.9535
   -7.5000   15.0000   15.0000 2822.2478   10.1538
    0.0000   15.0000   15.0000 2848.7996    9.9929
    7.5000   15.0000   15.0000 2836.9900   10.1635
   -7.5000   22.5000   15.0000 2864.9617   10.3338
    0.0000   22.5000   15.0000 2912.2112   10.2254
    7.5000   22.5000   15.0000 2876.9951   10.3636
   -7.5000   30.0000   15.0000 2886.9858   10.5712
    0.0000   30.0000   15.0000 2942.0215   10.3469
    7.5000   30.0000   15.0000 2889.9724   10.6236
   -7.5000   37.5000   15.0000 2859.7175   11.0075
    0.0000   37.5000   15.0000 2904.6902   10.7643
    7.5000   37.5000   15.0000 2861.1638   11.0329
   -7.5000   45.0000   15.0000 2765.4153   11.5909
    0.0000   45.0000   15.0000 2800.3481   11.4097
    7.5000   45.0000   15.0000 2774.0012   11.5853
   -7.5000  -45.0000   22.5000 2695.0593   10.6848
    0.0000  -45.0000   22.5000 2708.2695   10.4208
    7.5000  -45.0000   22.5000 2701.6848   10.6816
   -7.5000  -37.5000   22.5000 2698.0439   10.5682
    0.0000  -37.5000   22.5000 2710.1243   10.2682
    7.5000  -37.5000   22.5000 2709.6250   10.5369
   -7.5000  -30.0000   22.5000 2704.5684   10.4211
    0.0000  -30.0000   22.5000 2720.8284   10.1503
    7.5000  -30.0000   22.5000 2716.3669   10.3998
   -7.5000  -22.5000   22.5000 2708.5967   10.2809
    0.0000  -22.5000   22.5000 2721.0500   10.0138
    7.5000  -22.5000   22.5000 2717.7209   10.2451
   -7.5000  -15.0000   22.5000 2703.3271   10.1406
    0.0000  -15.0000   22.5000 2723.1758    9.8903
    7.5000  -15.0000   22.5000 2718.1455   10.1256
   -7.5000   -7.5000   22.5000 2717.8962   10.0757
    0.0000   -7.5000   22.5000 2740.0337    9.8507
    7.5000   -7.5000   22.5000 2729.1101   10.0597
   -7.5000    0.0000   22.5000 2750.5925   10.0393
    0.0000    0.0000   22.5000 2765.8958    9.8597
    7.5000    0.0000   22.5000 2759.0103   10.0568
   -7.5000    7.5000   22.5000 2791.6858   10.1016
    0.0000    7.5000   22.5000 2814.7129    9.9434
    7.5000    7.5000   22.5000 2801.8792   10.1278
   -7.5000   15.0000   22.5000 2822.9561   10.2798
    0.0000   15.0000   22.5000 2851.5278   10.1837
    7.5000   15.0000   22.5000 2830.1858   10.2739
   -7.5000   22.5000   22.5000 2858.5718   10.4803
    0.0000   22.5000   22.5000 2893.6165   10.3027
    7.5000   22.5000   22.5000 2854.1187   10.4401
   -7.5000   30.0000   22.5000 2877.2573   10.8082
    0.0000   30.0000   22.5000 2916.2217   10.6133
    7.5000   30.0000   22.5000 2867.3975   10.7569
   -7.5000   37.5000   22.5000 2844.9873   11.2732
    0.0000   37.5000   22.5000 2881.0034   11.1659
    7.5000   37.5000   22.5000 2832.2126   11.2372
   -7.5000   45.0000   22.5000 2757.4065   11.8433
    0.0000   45.0000   22.5000 2789.3499   11.7903
    7.5000   45.0000   22.5000 2750.3271   11.7999
   -7.5000  -45.0000   30.0000 2663.1750   11.1357
    0.0000  -45.0000   30.0000 2669.7231   10.8247
    7.5000  -45.0000   30.0000 2673.4275   11.0273
   -7.5000  -37.5000   30.0000 2672.5962   10.9637
    0.0000  -37.5000   30.0000 2680.7834   10.6789
    7.5000  -37.5000   30.0000 2686.2437   10.8424
   -7.5000  -30.0000   30.0000 2685.7832   10.7849
    0.0000  -30.0000   30.0000 2695.4841   10.5270
    7.5000  -30.0000   30.0000 2692.4521   10.6704
   -7.5000  -22.5000   30.0000 2694.6104   10.5983
    0.0000  -22.5000   30.0000 2709.7190   10.3614
    7.5000  -22.5000   30.0000 2697.5962   10.5159
   -7.5000  -15.0000   30.0000 2703.0271   10.4570
    0.0000  -15.0000   30.0000 2725.6560   10.2519
    7.5000  -15.0000   30.0000 2707.4526   10.3983
   -7.5000   -7.5000   30.0000 2712.0432   10.3922
    0.0000   -7.5000   30.0000 2740.7822   10.2040
    7.5000   -7.5000   30.0000 2722.1836   10.3547
   -7.5000    0.0000   30.0000 2740.6763   10.3627
    0.0000    0.0000   30.0000 2767.2905   10.2036
    7.5000    0.0000   30.0000 2750.6531   10.3693
   -7.5000    7.5000   30.0000 2777.7300   10.4169
    0.0000    7.5000   30.0000 2801.6851   10.2892
    7.5000    7.5000   30.0000 2782.5410   10.4289
   -7.5000   15.0000   30.0000 2803.0305   10.5576
    0.0000   15.0000   30.0000 2823.3616   10.3877
    7.5000   15.0000   30.0000 2802.4795   10.5194
   -7.5000   22.5000   30.0000 2824.1375   10.7391
    0.0000   22.5000   30.0000 2846.7036   10.4637
    7.5000   22.5000   30.0000 2822.3252   10.6684
   -7.5000   30.0000   30.0000 2822.4209   11.0600
    0.0000   30.0000   30.0000 2850.2998   10.8342
    7.5000   30.0000   30.0000 2822.8936   11.0326
   -7.5000   37.5000   30.0000 2779.7676   11.5121
    0.0000   37.5000   30.0000 2812.3999   11.3461
    7.5000   37.5000   30.0000 2778.8066   11.4954
   -7.5000   45.0000   30.0000 2700.6819   12.1069
    0.0000   45.0000   30.0000 2734.2822   11.9489
    7.5000   45.0000   30.0000 2704.3899   12.0494
   -7.5000  -45.0000   37.5000 2619.5139   11.6981
    0.0000  -45.0000   37.5000 2634.8623   11.4222
    7.5000  -45.0000   37.5000 2629.7761   11.5681
   -7.5000  -37.5000   37.5000 2631.8474   11.4659
    0.0000  -37.5000   37.5000 2646.3567   11.1795
    7.5000  -37.5000   37.5000 2642.0117   11.3147
   -7.5000  -30.0000   37.5000 2640.6001   11.2355
    0.0000  -30.0000   37.5000 2654.8755   10.9709
    7.5000  -30.0000   37.5000 2649.8503   11.0960
   -7.5000  -22.5000   37.5000 2660.1282   10.9908
    0.0000  -22.5000   37.5000 2671.5432   10.7468
    7.5000  -22.5000   37.5000 2662.8767   10.8832
   -7.5000  -15.0000   37.5000 2672.5776   10.8311
    0.0000  -15.0000   37.5000 2695.2917   10.5874
    7.5000  -15.0000   37.5000 2681.9231   10.7237
   -7.5000   -7.5000   37.5000 2690.9927   10.7673
    0.0000   -7.5000   37.5000 2714.6553   10.5378
    7.5000   -7.5000   37.5000 2696.5293   10.6909
   -7.5000    0.0000   37.5000 2718.1206   10.7687
    0.0000    0.0000   37.5000 2748.4780   10.5761
    7.5000    0.0000   37.5000 2724.5942   10.7349
   -7.5000    7.5000   37.5000 2745.5598   10.8404
    0.0000    7.5000   37.5000 2772.7861   10.6567
    7.5000    7.5000   37.5000 2752.7290   10.7966
   -7.5000   15.0000   37.5000 2764.9863   10.9626
    0.0000   15.0000   37.5000 2791.6633   10.6657
    7.5000   15.0000   37.5000 2769.4556   10.8632
   -7.5000   22.5000   37.5000 2773.3396   11.1074
    0.0000   22.5000   37.5000 2801.4956   10.8225
    7.5000   22.5000   37.5000 2783.6187   11.0443
   -7.5000   30.0000   37.5000 2757.8672   11.4368
    0.0000   30.0000   37.5000 2780.5396   11.1882
    7.5000   30.0000   37.5000 2765.1501   11.4146
   -7.5000   37.5000   37.5000 2706.2380   11.8738
    0.0000   37.5000   37.5000 2728.0291   11.6990
    7.5000   37.5000   37.5000 2705.6941   11.8756
   -7.5000   45.0000   37.5000 2636.0557   12.5156
    0.0000   45.0000   37.5000 2656.1704   12.3163
    7.5000   45.0000   37.5000 2634.4753   12.4879
   -7.5000  -45.0000   45.0000 2559.6638   12.3848
    0.0000  -45.0000   45.0000 2574.6372   12.0421
    7.5000  -45.0000   45.0000 2569.5186   12.1629
   -7.5000  -37.5000   45.0000 2573.1831   12.0580
    0.0000  -37.5000   45.0000 2588.2419   11.7380
    7.5000  -37.5000   45.0000 2580.6516   11.8664
   -7.5000  -30.0000   45.0000 2581.7869   11.7639
    0.0000  -30.0000   45.0000 2598.0737   11.4762
    7.5000  -30.0000   45.0000 2586.8909   11.5847
   -7.5000  -22.5000   45.0000 2603.0415   11.5033
    0.0000  -22.5000   45.0000 2618.4141   11.2279
    7.5000  -22.5000   45.0000 2609.3225   11.3134
   -7.5000  -15.0000   45.0000 2621.4749   11.3300
    0.0000  -15.0000   45.0000 2646.5103   11.0677
    7.5000  -15.0000   45.0000 2635.0618   11.1493
   -7.5000   -7.5000   45.0000 2646.0144   11.2445
    0.0000   -7.5000   45.0000 2675.5808   10.9922
    7.5000   -7.5000   45.0000 2656.4412   11.1103
   -7.5000    0.0000   45.0000 2672.1440   11.2399
    0.0000    0.0000   45.0000 2707.6716   11.0159
    7.5000    0.0000   45.0000 2684.4185   11.1168
   -7.5000    7.5000   45.0000 2695.0200   11.3279
    0.0000    7.5000   45.0000 2728.6003   11.0833
    7.5000    7.5000   45.0000 2709.3347   11.2194
   -7.5000   15.0000   45.0000 2701.2632   11.4133
    0.0000   15.0000   45.0000 2740.9424   11.1411
    7.5000   15.0000   45.0000 2720.0830   11.3416
   -7.5000   22.5000   45.0000 2705.4529   11.5863
    0.0000   22.5000   45.0000 2738.2239   11.3479
    7.5000   22.5000   45.0000 2721.5884   11.5549
   -7.5000   30.0000   45.0000 2677.2129   11.9321
    0.0000   30.0000   45.0000 2702.2458   11.7253
    7.5000   30.0000   45.0000 2681.5742   11.9225
   -7.5000   37.5000   45.0000 2623.0007   12.4460
    0.0000   37.5000   45.0000 2645.4253   12.2600
    7.5000   37.5000   45.0000 2628.1406   12.4279
   -7.5000   45.0000   45.0000 2549.7158   13.1192
    0.0000   45.0000   45.0000 2567.1870   12.9146
    7.5000   45.0000   45.0000 2550.8374   13.0969

---------------------------------------------------------------------
imgreg_4dfp /opt/freesurfer/average/711-2C_as_mni_average_305 /opt/freesurfer/average/711-2B_as_mni_average_305_mask talsrcimg_g11 none talsrcimg_to_711-2C_as_mni_average_305_t4 1283
---------------------------------------------------------------------

freesurfer imgreg_4dfp.c
/opt/freesurfer/average/711-2C_as_mni_average_305.4dfp.img
       256       256       256         1
  1.000000  1.000000  1.000000
orientation T byte_order littleendian
Reading image: /opt/freesurfer/average/711-2C_as_mni_average_305.4dfp.img
dimensions:      256       256       256
mmppix:       1.0000   -1.0000   -1.0000
center:     128.0000 -129.0000 -129.0000
/opt/freesurfer/average/711-2B_as_mni_average_305_mask.4dfp.img
       256       256       256         1
  1.000000  1.000000  1.000000
orientation T byte_order littleendian
Reading mask: /opt/freesurfer/average/711-2B_as_mni_average_305_mask.4dfp.img (2306576 pixels)
talsrcimg_g11.4dfp.img
       256       256       256         1
  1.000000  1.000000  1.000000
orientation T byte_order littleendian
Reading image: talsrcimg_g11.4dfp.img
dimensions:      256       256       256
mmppix:       1.0000   -1.0000   -1.0000
center:     128.0000 -129.0000 -129.0000
rotation matrix determinant  1.000000
fimgreg.f
image alignment mode   1283 decimal      503 hex
parameters
    0.0000   30.0000   15.0000    0.0000    0.0000    0.0000
eta,q 0.92280 10.41292
niter,ni,del,rscale     5    3   12.0000    1.2000
parameter  4 -0.529184 -> -0.500000 qaram    1.1500
parameters
    0.5251   28.8024   15.5411    3.4500   -2.0799    0.3726
eta,q 0.93109 10.35153
  0.0950  0.0806  0.0839  0.0822  0.0742  0.0790
  0.0870  0.0746  0.0792  0.0796  0.0708  0.0738
  0.0807  0.0731  0.0756  0.0755  0.0688  0.0700
  0.0763  0.0753  0.0733  0.0725  0.0700  0.0688
  0.0770  0.0786  0.0732  0.0704  0.0748  0.0701
  0.0827  0.0808  0.0765  0.0704  0.0824  0.0729
  0.0904  0.0825  0.0812  0.0730  0.0908  0.0763
niter,ni,del,rscale     5    3   12.0000    1.2000
parameters
    0.5748   28.7463   16.5804    3.5730   -2.5029    0.3187
eta,q 0.93132 10.35878
  0.0865  0.0805  0.0857  0.0774  0.0780  0.0778
  0.0780  0.0759  0.0801  0.0735  0.0735  0.0726
  0.0722  0.0708  0.0737  0.0706  0.0705  0.0694
  0.0689  0.0689  0.0689  0.0685  0.0685  0.0687
  0.0705  0.0710  0.0694  0.0712  0.0703  0.0704
  0.0765  0.0753  0.0732  0.0739  0.0749  0.0734
  0.0872  0.0815  0.0784  0.0762  0.0821  0.0774
niter,ni,del,rscale     4    3   12.0000    1.2000
parameters
    0.5574   28.7150   16.7156    3.5442   -2.5596    0.3006
eta,q 0.93123 10.35776
  0.0857  0.0797  0.0832  0.0772  0.0789  0.0780
  0.0766  0.0751  0.0771  0.0735  0.0745  0.0727
  0.0711  0.0704  0.0708  0.0704  0.0711  0.0695
  0.0687  0.0687  0.0687  0.0687  0.0687  0.0688
  0.0708  0.0701  0.0714  0.0716  0.0698  0.0704
  0.0765  0.0742  0.0758  0.0740  0.0738  0.0734
  0.0862  0.0808  0.0820  0.0766  0.0803  0.0774
niter,ni,del,rscale     3    3   12.0000    1.2000
parameters
    0.5625   28.7202   16.7364    3.5429   -2.5657    0.2974
eta,q 0.93122 10.35808
  0.0858  0.0798  0.0828  0.0773  0.0790  0.0780
  0.0766  0.0751  0.0767  0.0735  0.0746  0.0728
  0.0712  0.0705  0.0705  0.0704  0.0711  0.0695
  0.0688  0.0688  0.0688  0.0688  0.0688  0.0688
  0.0709  0.0700  0.0716  0.0716  0.0697  0.0704
  0.0765  0.0741  0.0762  0.0740  0.0736  0.0734
  0.0859  0.0806  0.0825  0.0766  0.0801  0.0773
registration optimization eta report
parameter search radius
    6.0000    6.0000    6.0000    6.9000    6.0000    6.0000
100000*second partial in parameter space
       47.       31.       37.       15.       29.       24.
  0.0858  0.0798  0.0828  0.0773  0.0790  0.0780
  0.0766  0.0751  0.0767  0.0735  0.0746  0.0728
  0.0712  0.0705  0.0705  0.0704  0.0711  0.0695
  0.0688  0.0688  0.0688  0.0688  0.0688  0.0688
  0.0709  0.0700  0.0716  0.0716  0.0697  0.0704
  0.0765  0.0741  0.0762  0.0740  0.0736  0.0734
  0.0859  0.0806  0.0825  0.0766  0.0801  0.0773
    0.5625   28.7202   16.7364    3.5429   -2.5657    0.2974
eta,q 0.93122 10.35808

---------------------------------------------------------------------
imgreg_4dfp /opt/freesurfer/average/711-2C_as_mni_average_305 /opt/freesurfer/average/711-2B_as_mni_average_305_mask talsrcimg_g11 none talsrcimg_to_711-2C_as_mni_average_305_t4 3335
---------------------------------------------------------------------

freesurfer imgreg_4dfp.c
/opt/freesurfer/average/711-2C_as_mni_average_305.4dfp.img
       256       256       256         1
  1.000000  1.000000  1.000000
orientation T byte_order littleendian
Reading image: /opt/freesurfer/average/711-2C_as_mni_average_305.4dfp.img
dimensions:      256       256       256
mmppix:       1.0000   -1.0000   -1.0000
center:     128.0000 -129.0000 -129.0000
/opt/freesurfer/average/711-2B_as_mni_average_305_mask.4dfp.img
       256       256       256         1
  1.000000  1.000000  1.000000
orientation T byte_order littleendian
Reading mask: /opt/freesurfer/average/711-2B_as_mni_average_305_mask.4dfp.img (2306576 pixels)
talsrcimg_g11.4dfp.img
       256       256       256         1
  1.000000  1.000000  1.000000
orientation T byte_order littleendian
Reading image: talsrcimg_g11.4dfp.img
dimensions:      256       256       256
mmppix:       1.0000   -1.0000   -1.0000
center:     128.0000 -129.0000 -129.0000
fimgreg.f
image alignment mode   3335 decimal      D07 hex
parameters
    0.5625   28.7202   16.7364   -0.1016   -0.1910   -0.2912
   -0.2414    4.5000    0.5185   -6.1564   -4.4765    6.1735
eta,q 0.93015 10.47380
niter,ni,del,rscale     5    3    5.0000    1.2000
parameter  4  6.055014 ->  0.500000 qaram    1.1500
parameter  5305.026367 ->  0.500000 qaram    1.1500
parameter  6  1.022540 ->  0.500000 qaram    1.1500
parameters
    1.0184   29.6385   16.5742   -4.2416   -4.3310   -4.4312
   -1.0054    5.9696    0.4695   -7.6843   -4.8567    2.9093
eta,q 0.95216 10.54667
  0.0740  0.0726  0.0710  0.0569  0.0495  0.0480  0.0519  0.0603  0.0511  0.0510  0.0505  0.0483
  0.0721  0.0714  0.0701  0.0597  0.0534  0.0486  0.0502  0.0555  0.0496  0.0491  0.0492  0.0479
  0.0707  0.0704  0.0696  0.0641  0.0570  0.0507  0.0492  0.0514  0.0487  0.0482  0.0484  0.0479
  0.0698  0.0697  0.0694  0.0694  0.0608  0.0544  0.0490  0.0490  0.0485  0.0485  0.0482  0.0482
  0.0698  0.0695  0.0697  0.0747  0.0647  0.0596  0.0497  0.0486  0.0488  0.0497  0.0486  0.0489
  0.0704  0.0696  0.0704  0.0798  0.0683  0.0668  0.0512  0.0505  0.0497  0.0517  0.0496  0.0501
  0.0718  0.0702  0.0716  0.0841  0.0721  0.0736  0.0534  0.0542  0.0511  0.0544  0.0510  0.0517
niter,ni,del,rscale     7    3    5.0000    1.2000
parameter  4  0.654374 ->  0.500000 qaram    1.3225
parameter  5  2.459198 ->  0.500000 qaram    1.3225
parameters
    0.7961   29.4285   15.7969   -9.0026   -9.0920   -7.5147
   -0.3302    6.3840    1.3976   -7.1764   -6.6800    3.7657
eta,q 0.96224 10.34157
  0.0526  0.0502  0.0487  0.0458  0.0364  0.0395  0.0426  0.0445  0.0423  0.0441  0.0387  0.0407
  0.0497  0.0488  0.0479  0.0449  0.0379  0.0384  0.0403  0.0411  0.0403  0.0411  0.0381  0.0394
  0.0481  0.0480  0.0475  0.0453  0.0410  0.0381  0.0388  0.0390  0.0389  0.0389  0.0378  0.0383
  0.0478  0.0478  0.0478  0.0475  0.0449  0.0386  0.0381  0.0381  0.0380  0.0380  0.0379  0.0378
  0.0489  0.0482  0.0487  0.0524  0.0489  0.0399  0.0383  0.0385  0.0381  0.0384  0.0384  0.0379
  0.0513  0.0494  0.0502  0.0587  0.0534  0.0434  0.0393  0.0402  0.0390  0.0401  0.0392  0.0385
  0.0546  0.0514  0.0522  0.0648  0.0576  0.0496  0.0412  0.0432  0.0407  0.0425  0.0403  0.0397
niter,ni,del,rscale     7    3    5.0000    1.2000
parameter  5  0.600677 ->  0.500000 qaram    1.5209
parameters
    0.8894   29.4423   16.1505  -10.0321  -14.5671   -7.0851
   -0.2913    6.4863    1.8912   -7.6929   -7.3040    4.9857
eta,q 0.96435 10.15487
  0.0432  0.0422  0.0409  0.0436  0.0371  0.0395  0.0393  0.0412  0.0391  0.0394  0.0371  0.0382
  0.0403  0.0399  0.0394  0.0407  0.0360  0.0376  0.0374  0.0382  0.0374  0.0372  0.0362  0.0370
  0.0385  0.0383  0.0383  0.0386  0.0359  0.0364  0.0362  0.0364  0.0363  0.0360  0.0358  0.0361
  0.0378  0.0378  0.0378  0.0377  0.0378  0.0358  0.0358  0.0358  0.0358  0.0357  0.0357  0.0357
  0.0382  0.0382  0.0378  0.0386  0.0417  0.0358  0.0362  0.0364  0.0359  0.0366  0.0360  0.0357
  0.0398  0.0398  0.0384  0.0421  0.0462  0.0366  0.0373  0.0381  0.0368  0.0382  0.0367  0.0361
  0.0424  0.0422  0.0395  0.0481  0.0510  0.0392  0.0392  0.0408  0.0384  0.0404  0.0376  0.0369
niter,ni,del,rscale     7    3    5.0000    1.2000
parameters
    0.9583   29.5873   16.7968   -9.5023  -16.0969   -6.6920
   -0.2848    6.6004    1.9359   -7.9799   -7.1783    5.4090
eta,q 0.96452 10.11919
  0.0407  0.0401  0.0392  0.0428  0.0403  0.0392  0.0388  0.0410  0.0383  0.0391  0.0372  0.0372
  0.0380  0.0378  0.0376  0.0395  0.0377  0.0375  0.0370  0.0379  0.0368  0.0369  0.0363  0.0362
  0.0363  0.0363  0.0364  0.0370  0.0362  0.0363  0.0359  0.0361  0.0359  0.0357  0.0357  0.0357
  0.0356  0.0356  0.0356  0.0354  0.0353  0.0356  0.0355  0.0355  0.0355  0.0355  0.0355  0.0355
  0.0361  0.0360  0.0354  0.0354  0.0363  0.0356  0.0358  0.0361  0.0358  0.0361  0.0357  0.0356
  0.0376  0.0372  0.0358  0.0374  0.0400  0.0366  0.0370  0.0378  0.0367  0.0375  0.0362  0.0361
  0.0402  0.0392  0.0368  0.0423  0.0451  0.0389  0.0388  0.0405  0.0383  0.0395  0.0371  0.0368
niter,ni,del,rscale     6    3    5.0000    1.2000
parameters
    0.9804   29.5991   16.9538   -9.4789  -16.4103   -6.6845
   -0.2570    6.6195    1.8946   -8.0792   -7.0937    5.4415
eta,q 0.96448 10.10093
  0.0404  0.0393  0.0382  0.0422  0.0414  0.0389  0.0388  0.0409  0.0382  0.0393  0.0373  0.0370
  0.0377  0.0372  0.0368  0.0391  0.0384  0.0373  0.0370  0.0379  0.0368  0.0370  0.0363  0.0361
  0.0361  0.0359  0.0359  0.0368  0.0366  0.0362  0.0359  0.0361  0.0359  0.0358  0.0357  0.0357
  0.0355  0.0355  0.0355  0.0355  0.0355  0.0355  0.0355  0.0355  0.0355  0.0355  0.0355  0.0355
  0.0360  0.0359  0.0356  0.0357  0.0355  0.0358  0.0358  0.0362  0.0358  0.0361  0.0357  0.0357
  0.0376  0.0372  0.0364  0.0381  0.0383  0.0369  0.0369  0.0380  0.0368  0.0374  0.0363  0.0362
  0.0402  0.0391  0.0376  0.0431  0.0430  0.0393  0.0387  0.0407  0.0383  0.0393  0.0372  0.0369
niter,ni,del,rscale     5    3    5.0000    1.2000
parameters
    0.9833   29.5987   16.9899   -9.4807  -16.4603   -6.6763
   -0.2436    6.6206    1.8742   -8.0911   -7.0802    5.4515
eta,q 0.96447 10.09794
  0.0404  0.0392  0.0380  0.0422  0.0416  0.0389  0.0387  0.0408  0.0382  0.0394  0.0372  0.0370
  0.0377  0.0371  0.0367  0.0392  0.0386  0.0373  0.0370  0.0379  0.0368  0.0371  0.0363  0.0361
  0.0361  0.0359  0.0359  0.0368  0.0367  0.0362  0.0359  0.0361  0.0359  0.0358  0.0357  0.0357
  0.0355  0.0355  0.0355  0.0355  0.0355  0.0355  0.0355  0.0355  0.0355  0.0355  0.0355  0.0355
  0.0361  0.0360  0.0358  0.0358  0.0354  0.0358  0.0359  0.0362  0.0358  0.0361  0.0358  0.0357
  0.0377  0.0372  0.0366  0.0382  0.0380  0.0369  0.0370  0.0380  0.0368  0.0373  0.0363  0.0362
  0.0404  0.0391  0.0379  0.0432  0.0426  0.0393  0.0387  0.0407  0.0383  0.0392  0.0372  0.0369
niter,ni,del,rscale     4    3    5.0000    1.2000
parameters
    0.9831   29.5972   16.9963   -9.4821  -16.4684   -6.6771
   -0.2433    6.6189    1.8697   -8.0974   -7.0750    5.4528
eta,q 0.96447 10.09720
  0.0404  0.0392  0.0380  0.0422  0.0416  0.0389  0.0387  0.0408  0.0382  0.0394  0.0372  0.0370
  0.0377  0.0371  0.0367  0.0392  0.0386  0.0373  0.0370  0.0379  0.0368  0.0371  0.0363  0.0361
  0.0361  0.0359  0.0358  0.0368  0.0367  0.0362  0.0359  0.0361  0.0359  0.0358  0.0357  0.0357
  0.0355  0.0355  0.0355  0.0355  0.0355  0.0355  0.0355  0.0355  0.0355  0.0355  0.0355  0.0355
  0.0361  0.0360  0.0358  0.0358  0.0354  0.0358  0.0359  0.0362  0.0358  0.0361  0.0358  0.0357
  0.0377  0.0372  0.0366  0.0382  0.0379  0.0370  0.0370  0.0380  0.0368  0.0373  0.0363  0.0362
  0.0404  0.0391  0.0380  0.0432  0.0426  0.0393  0.0388  0.0407  0.0383  0.0392  0.0372  0.0369
registration optimization eta report
parameter search radius
    2.4000    2.4000    2.4000    9.5220   10.9503    8.2800
    7.2000    7.2000    7.2000    7.2000    7.2000    7.2000
100000*second partial in parameter space
       84.       63.       42.        8.        6.        5.
        6.       10.        5.        7.        3.        3.
  0.0404  0.0392  0.0380  0.0422  0.0416  0.0389  0.0387  0.0408  0.0382  0.0394  0.0372  0.0370
  0.0377  0.0371  0.0367  0.0392  0.0386  0.0373  0.0370  0.0379  0.0368  0.0371  0.0363  0.0361
  0.0361  0.0359  0.0358  0.0368  0.0367  0.0362  0.0359  0.0361  0.0359  0.0358  0.0357  0.0357
  0.0355  0.0355  0.0355  0.0355  0.0355  0.0355  0.0355  0.0355  0.0355  0.0355  0.0355  0.0355
  0.0361  0.0360  0.0358  0.0358  0.0354  0.0358  0.0359  0.0362  0.0358  0.0361  0.0358  0.0357
  0.0377  0.0372  0.0366  0.0382  0.0379  0.0370  0.0370  0.0380  0.0368  0.0373  0.0363  0.0362
  0.0404  0.0391  0.0380  0.0432  0.0426  0.0393  0.0388  0.0407  0.0383  0.0392  0.0372  0.0369
    0.9831   29.5972   16.9963   -9.4821  -16.4684   -6.6771
   -0.2433    6.6189    1.8697   -8.0974   -7.0750    5.4528
eta,q 0.96447 10.09720

---------------------------------------------------------------------
imgreg_4dfp /opt/freesurfer/average/711-2C_as_mni_average_305 /opt/freesurfer/average/711-2B_as_mni_average_305_mask talsrcimg_g11 none talsrcimg_to_711-2C_as_mni_average_305_t4 2311
---------------------------------------------------------------------

freesurfer imgreg_4dfp.c
/opt/freesurfer/average/711-2C_as_mni_average_305.4dfp.img
       256       256       256         1
  1.000000  1.000000  1.000000
orientation T byte_order littleendian
Reading image: /opt/freesurfer/average/711-2C_as_mni_average_305.4dfp.img
dimensions:      256       256       256
mmppix:       1.0000   -1.0000   -1.0000
center:     128.0000 -129.0000 -129.0000
/opt/freesurfer/average/711-2B_as_mni_average_305_mask.4dfp.img
       256       256       256         1
  1.000000  1.000000  1.000000
orientation T byte_order littleendian
Reading mask: /opt/freesurfer/average/711-2B_as_mni_average_305_mask.4dfp.img (2306576 pixels)
talsrcimg_g11.4dfp.img
       256       256       256         1
  1.000000  1.000000  1.000000
orientation T byte_order littleendian
Reading image: talsrcimg_g11.4dfp.img
dimensions:      256       256       256
mmppix:       1.0000   -1.0000   -1.0000
center:     128.0000 -129.0000 -129.0000
fimgreg.f
image alignment mode   2311 decimal      907 hex
parameters
    0.9831   29.5972   16.9963   -9.4821  -16.4684   -6.6771
   -0.2433    6.6189    1.8696   -8.0974   -7.0750    5.4528
eta,q 0.96447 10.09720
niter,ni,del,rscale     5    3    5.0000    0.8000
parameters
    0.9816   29.5704   17.0180   -8.5564  -14.7151   -5.9933
   -0.2784    6.6237    1.9991   -7.8511   -6.7863    5.5118
eta,q 0.96493 10.25625
  0.0377  0.0372  0.0367  0.0379  0.0372  0.0369  0.0367  0.0377  0.0366  0.0374  0.0360  0.0359
  0.0365  0.0362  0.0361  0.0368  0.0365  0.0362  0.0358  0.0362  0.0358  0.0361  0.0355  0.0355
  0.0358  0.0357  0.0357  0.0360  0.0359  0.0356  0.0353  0.0354  0.0353  0.0354  0.0352  0.0352
  0.0355  0.0355  0.0355  0.0355  0.0354  0.0352  0.0351  0.0351  0.0351  0.0351  0.0351  0.0351
  0.0358  0.0358  0.0356  0.0355  0.0352  0.0351  0.0353  0.0354  0.0352  0.0353  0.0351  0.0351
  0.0365  0.0363  0.0360  0.0358  0.0352  0.0356  0.0358  0.0362  0.0357  0.0359  0.0354  0.0354
  0.0377  0.0372  0.0366  0.0367  0.0358  0.0363  0.0367  0.0376  0.0365  0.0369  0.0358  0.0359
niter,ni,del,rscale     4    3    5.0000    0.7000
parameters
    0.9366   29.5019   16.8856   -8.4533  -14.7364   -5.8632
   -0.2573    6.6138    1.9873   -7.8877   -6.6379    5.6048
eta,q 0.96495 10.26666
  0.0367  0.0364  0.0359  0.0367  0.0362  0.0363  0.0363  0.0370  0.0362  0.0367  0.0358  0.0357
  0.0358  0.0356  0.0354  0.0358  0.0357  0.0357  0.0356  0.0359  0.0356  0.0358  0.0354  0.0354
  0.0352  0.0352  0.0351  0.0353  0.0353  0.0353  0.0352  0.0353  0.0352  0.0352  0.0352  0.0351
  0.0351  0.0351  0.0351  0.0351  0.0351  0.0351  0.0351  0.0351  0.0351  0.0351  0.0351  0.0350
  0.0353  0.0353  0.0352  0.0352  0.0351  0.0352  0.0352  0.0353  0.0352  0.0353  0.0351  0.0351
  0.0359  0.0358  0.0356  0.0356  0.0355  0.0356  0.0356  0.0359  0.0356  0.0358  0.0353  0.0353
  0.0369  0.0367  0.0363  0.0366  0.0365  0.0362  0.0363  0.0370  0.0362  0.0367  0.0357  0.0357
niter,ni,del,rscale     3    3    5.0000    0.6000
parameters
    0.9159   29.5079   16.8851   -8.3726  -14.6156   -5.7883
   -0.2519    6.6229    1.9760   -7.8838   -6.5416    5.6255
eta,q 0.96496 10.27855
  0.0363  0.0362  0.0358  0.0362  0.0360  0.0360  0.0360  0.0365  0.0359  0.0363  0.0356  0.0355
  0.0356  0.0355  0.0354  0.0356  0.0356  0.0356  0.0354  0.0357  0.0354  0.0356  0.0353  0.0353
  0.0352  0.0352  0.0351  0.0352  0.0352  0.0352  0.0351  0.0352  0.0351  0.0352  0.0351  0.0351
  0.0351  0.0351  0.0350  0.0350  0.0351  0.0350  0.0350  0.0350  0.0350  0.0350  0.0350  0.0350
  0.0352  0.0352  0.0351  0.0351  0.0351  0.0351  0.0351  0.0352  0.0351  0.0352  0.0351  0.0351
  0.0357  0.0355  0.0354  0.0355  0.0354  0.0355  0.0354  0.0357  0.0354  0.0356  0.0352  0.0353
  0.0364  0.0361  0.0358  0.0362  0.0360  0.0360  0.0360  0.0365  0.0359  0.0362  0.0355  0.0355
niter,ni,del,rscale     2    3    5.0000    0.5000
parameters
    0.9037   29.5024   16.8783   -8.3201  -14.4881   -5.7354
   -0.2484    6.6417    1.9727   -7.8896   -6.4902    5.6474
eta,q 0.96497 10.28844
  0.0359  0.0358  0.0356  0.0358  0.0357  0.0357  0.0357  0.0360  0.0356  0.0359  0.0354  0.0354
  0.0354  0.0354  0.0353  0.0354  0.0354  0.0354  0.0353  0.0355  0.0353  0.0354  0.0352  0.0352
  0.0351  0.0351  0.0351  0.0351  0.0352  0.0351  0.0351  0.0352  0.0351  0.0351  0.0351  0.0351
  0.0350  0.0350  0.0350  0.0350  0.0350  0.0350  0.0350  0.0350  0.0350  0.0350  0.0350  0.0350
  0.0351  0.0351  0.0351  0.0351  0.0350  0.0351  0.0351  0.0351  0.0351  0.0351  0.0351  0.0351
  0.0354  0.0354  0.0353  0.0353  0.0353  0.0353  0.0353  0.0355  0.0353  0.0354  0.0352  0.0352
  0.0360  0.0358  0.0356  0.0358  0.0357  0.0357  0.0357  0.0360  0.0356  0.0359  0.0354  0.0354
niter,ni,del,rscale     1    3    5.0000    0.4000
parameters
    0.8937   29.4956   16.8735   -8.2798  -14.3713   -5.7035
   -0.2652    6.6549    1.9764   -7.8900   -6.4292    5.6823
eta,q 0.96498 10.29624
  0.0356  0.0355  0.0354  0.0355  0.0355  0.0355  0.0354  0.0357  0.0354  0.0356  0.0353  0.0353
  0.0353  0.0352  0.0352  0.0353  0.0353  0.0353  0.0352  0.0353  0.0352  0.0353  0.0351  0.0351
  0.0351  0.0351  0.0351  0.0351  0.0351  0.0351  0.0351  0.0351  0.0351  0.0351  0.0351  0.0351
  0.0350  0.0350  0.0350  0.0350  0.0350  0.0350  0.0350  0.0350  0.0350  0.0350  0.0350  0.0350
  0.0351  0.0351  0.0351  0.0351  0.0350  0.0351  0.0351  0.0351  0.0351  0.0351  0.0350  0.0350
  0.0353  0.0352  0.0352  0.0352  0.0352  0.0352  0.0352  0.0353  0.0352  0.0353  0.0351  0.0351
  0.0356  0.0355  0.0354  0.0355  0.0355  0.0355  0.0354  0.0357  0.0354  0.0356  0.0353  0.0352
registration optimization eta report
parameter search radius
    0.8000    0.8000    0.8000    2.4000    2.4000    2.4000
    2.4000    2.4000    2.4000    2.4000    2.4000    2.4000
100000*second partial in parameter space
       90.       78.       53.        9.        8.        8.
        7.       12.        7.       10.        4.        4.
  0.0356  0.0355  0.0354  0.0355  0.0355  0.0355  0.0354  0.0357  0.0354  0.0356  0.0353  0.0353
  0.0353  0.0352  0.0352  0.0353  0.0353  0.0353  0.0352  0.0353  0.0352  0.0353  0.0351  0.0351
  0.0351  0.0351  0.0351  0.0351  0.0351  0.0351  0.0351  0.0351  0.0351  0.0351  0.0351  0.0351
  0.0350  0.0350  0.0350  0.0350  0.0350  0.0350  0.0350  0.0350  0.0350  0.0350  0.0350  0.0350
  0.0351  0.0351  0.0351  0.0351  0.0350  0.0351  0.0351  0.0351  0.0351  0.0351  0.0350  0.0350
  0.0353  0.0352  0.0352  0.0352  0.0352  0.0352  0.0352  0.0353  0.0352  0.0353  0.0351  0.0351
  0.0356  0.0355  0.0354  0.0355  0.0355  0.0355  0.0354  0.0357  0.0354  0.0356  0.0353  0.0352
    0.8937   29.4956   16.8735   -8.2798  -14.3713   -5.7035
   -0.2652    6.6549    1.9764   -7.8900   -6.4292    5.6823
eta,q 0.96498 10.29624

---------------------------------------------------------------------
imgreg_4dfp /opt/freesurfer/average/711-2C_as_mni_average_305 /opt/freesurfer/average/711-2B_as_mni_average_305_mask talsrcimg_g11 none talsrcimg_to_711-2C_as_mni_average_305_t4 2311
---------------------------------------------------------------------

freesurfer imgreg_4dfp.c
/opt/freesurfer/average/711-2C_as_mni_average_305.4dfp.img
       256       256       256         1
  1.000000  1.000000  1.000000
orientation T byte_order littleendian
Reading image: /opt/freesurfer/average/711-2C_as_mni_average_305.4dfp.img
dimensions:      256       256       256
mmppix:       1.0000   -1.0000   -1.0000
center:     128.0000 -129.0000 -129.0000
/opt/freesurfer/average/711-2B_as_mni_average_305_mask.4dfp.img
       256       256       256         1
  1.000000  1.000000  1.000000
orientation T byte_order littleendian
Reading mask: /opt/freesurfer/average/711-2B_as_mni_average_305_mask.4dfp.img (2306576 pixels)
talsrcimg_g11.4dfp.img
       256       256       256         1
  1.000000  1.000000  1.000000
orientation T byte_order littleendian
Reading image: talsrcimg_g11.4dfp.img
dimensions:      256       256       256
mmppix:       1.0000   -1.0000   -1.0000
center:     128.0000 -129.0000 -129.0000
fimgreg.f
image alignment mode   2311 decimal      907 hex
parameters
    0.8937   29.4956   16.8735   -8.2798  -14.3713   -5.7035
   -0.2652    6.6549    1.9764   -7.8900   -6.4292    5.6823
eta,q 0.96498 10.29624
niter,ni,del,rscale     5    3    5.0000    0.8000
parameters
    0.9100   29.4883   16.8340   -8.5120  -14.8550   -5.9524
   -0.2147    6.5991    1.8997   -7.9055   -6.5700    5.6166
eta,q 0.96493 10.25555
  0.0374  0.0370  0.0362  0.0369  0.0364  0.0364  0.0367  0.0376  0.0365  0.0371  0.0359  0.0359
  0.0361  0.0359  0.0356  0.0359  0.0357  0.0358  0.0358  0.0362  0.0357  0.0360  0.0354  0.0354
  0.0353  0.0352  0.0352  0.0352  0.0353  0.0353  0.0353  0.0354  0.0352  0.0353  0.0352  0.0352
  0.0350  0.0350  0.0350  0.0350  0.0350  0.0351  0.0351  0.0351  0.0351  0.0351  0.0351  0.0351
  0.0353  0.0352  0.0352  0.0352  0.0352  0.0353  0.0352  0.0354  0.0352  0.0353  0.0352  0.0352
  0.0360  0.0359  0.0356  0.0360  0.0360  0.0358  0.0358  0.0362  0.0357  0.0361  0.0355  0.0355
  0.0373  0.0370  0.0364  0.0375  0.0374  0.0368  0.0367  0.0377  0.0366  0.0371  0.0360  0.0359
niter,ni,del,rscale     4    3    5.0000    0.7000
parameters
    0.9180   29.5147   16.8820   -8.4210  -14.7711   -5.8582
   -0.2281    6.6076    1.9410   -7.8877   -6.5772    5.6117
eta,q 0.96495 10.26677
  0.0368  0.0366  0.0361  0.0367  0.0363  0.0363  0.0363  0.0370  0.0362  0.0367  0.0357  0.0357
  0.0358  0.0358  0.0356  0.0358  0.0357  0.0357  0.0356  0.0359  0.0356  0.0358  0.0354  0.0353
  0.0353  0.0352  0.0352  0.0353  0.0353  0.0353  0.0352  0.0353  0.0352  0.0352  0.0351  0.0351
  0.0351  0.0351  0.0351  0.0351  0.0351  0.0351  0.0351  0.0351  0.0351  0.0351  0.0351  0.0351
  0.0353  0.0352  0.0351  0.0352  0.0351  0.0352  0.0352  0.0353  0.0352  0.0353  0.0351  0.0351
  0.0358  0.0357  0.0355  0.0356  0.0355  0.0356  0.0356  0.0359  0.0355  0.0358  0.0354  0.0353
  0.0368  0.0365  0.0360  0.0366  0.0364  0.0362  0.0363  0.0370  0.0362  0.0366  0.0357  0.0357
niter,ni,del,rscale     3    3    5.0000    0.6000
parameters
    0.9106   29.5101   16.8820   -8.3642  -14.6124   -5.7845
   -0.2440    6.6189    1.9610   -7.8789   -6.5346    5.6268
eta,q 0.96496 10.27930
  0.0363  0.0361  0.0358  0.0362  0.0360  0.0360  0.0360  0.0365  0.0359  0.0363  0.0355  0.0355
  0.0356  0.0355  0.0354  0.0356  0.0356  0.0356  0.0354  0.0357  0.0354  0.0356  0.0353  0.0353
  0.0352  0.0352  0.0351  0.0352  0.0353  0.0352  0.0351  0.0352  0.0351  0.0352  0.0351  0.0351
  0.0351  0.0351  0.0351  0.0351  0.0351  0.0350  0.0350  0.0350  0.0350  0.0350  0.0350  0.0350
  0.0352  0.0352  0.0351  0.0351  0.0350  0.0351  0.0351  0.0352  0.0351  0.0352  0.0351  0.0351
  0.0357  0.0355  0.0354  0.0355  0.0353  0.0355  0.0355  0.0357  0.0354  0.0356  0.0353  0.0352
  0.0363  0.0361  0.0358  0.0362  0.0360  0.0360  0.0360  0.0365  0.0359  0.0362  0.0355  0.0355
niter,ni,del,rscale     2    3    5.0000    0.5000
parameters
    0.9022   29.5031   16.8782   -8.3128  -14.4857   -5.7308
   -0.2544    6.6388    1.9697   -7.8843   -6.4782    5.6543
eta,q 0.96498 10.28903
  0.0359  0.0358  0.0356  0.0358  0.0357  0.0357  0.0357  0.0360  0.0356  0.0359  0.0354  0.0354
  0.0354  0.0354  0.0353  0.0354  0.0354  0.0354  0.0353  0.0355  0.0353  0.0354  0.0352  0.0352
  0.0351  0.0351  0.0351  0.0351  0.0352  0.0351  0.0351  0.0352  0.0351  0.0351  0.0351  0.0351
  0.0350  0.0350  0.0350  0.0350  0.0350  0.0350  0.0350  0.0350  0.0350  0.0350  0.0350  0.0350
  0.0351  0.0351  0.0351  0.0351  0.0350  0.0351  0.0351  0.0351  0.0351  0.0351  0.0351  0.0351
  0.0354  0.0354  0.0353  0.0353  0.0352  0.0353  0.0353  0.0355  0.0353  0.0354  0.0352  0.0352
  0.0359  0.0358  0.0356  0.0358  0.0357  0.0357  0.0357  0.0360  0.0356  0.0359  0.0354  0.0354
niter,ni,del,rscale     1    3    5.0000    0.4000
parameters
    0.8934   29.4944   16.8721   -8.2788  -14.3694   -5.7038
   -0.2613    6.6568    1.9743   -7.8895   -6.4279    5.6820
eta,q 0.96498 10.29635
  0.0356  0.0355  0.0354  0.0355  0.0355  0.0355  0.0354  0.0357  0.0354  0.0356  0.0353  0.0353
  0.0353  0.0352  0.0352  0.0353  0.0353  0.0353  0.0352  0.0353  0.0352  0.0353  0.0351  0.0351
  0.0351  0.0351  0.0351  0.0351  0.0351  0.0351  0.0351  0.0351  0.0351  0.0351  0.0351  0.0351
  0.0350  0.0350  0.0350  0.0350  0.0350  0.0350  0.0350  0.0350  0.0350  0.0350  0.0350  0.0350
  0.0351  0.0351  0.0351  0.0351  0.0350  0.0351  0.0351  0.0351  0.0351  0.0351  0.0350  0.0350
  0.0353  0.0353  0.0352  0.0352  0.0352  0.0352  0.0352  0.0353  0.0352  0.0353  0.0351  0.0351
  0.0356  0.0355  0.0354  0.0355  0.0355  0.0355  0.0354  0.0357  0.0354  0.0356  0.0353  0.0353
registration optimization eta report
parameter search radius
    0.8000    0.8000    0.8000    2.4000    2.4000    2.4000
    2.4000    2.4000    2.4000    2.4000    2.4000    2.4000
100000*second partial in parameter space
       91.       77.       54.        9.        8.        8.
        7.       12.        7.       10.        4.        4.
  0.0356  0.0355  0.0354  0.0355  0.0355  0.0355  0.0354  0.0357  0.0354  0.0356  0.0353  0.0353
  0.0353  0.0352  0.0352  0.0353  0.0353  0.0353  0.0352  0.0353  0.0352  0.0353  0.0351  0.0351
  0.0351  0.0351  0.0351  0.0351  0.0351  0.0351  0.0351  0.0351  0.0351  0.0351  0.0351  0.0351
  0.0350  0.0350  0.0350  0.0350  0.0350  0.0350  0.0350  0.0350  0.0350  0.0350  0.0350  0.0350
  0.0351  0.0351  0.0351  0.0351  0.0350  0.0351  0.0351  0.0351  0.0351  0.0351  0.0350  0.0350
  0.0353  0.0353  0.0352  0.0352  0.0352  0.0352  0.0352  0.0353  0.0352  0.0353  0.0351  0.0351
  0.0356  0.0355  0.0354  0.0355  0.0355  0.0355  0.0354  0.0357  0.0354  0.0356  0.0353  0.0353
    0.8934   29.4944   16.8721   -8.2788  -14.3694   -5.7038
   -0.2613    6.6568    1.9743   -7.8895   -6.4279    5.6820
eta,q 0.96498 10.29635

---------------------------------------------------------------------
compute_vox2vox talsrcimg talsrcimg_to_711-2C_as_mni_average_305_t4 /opt/freesurfer/average/711-2C_as_mni_average_305
---------------------------------------------------------------------

freesurfer compute_vox2vox.c
Reading: talsrcimg.4dfp.ifh
Reading: talsrcimg_to_711-2C_as_mni_average_305_t4
Reading: /opt/freesurfer/average/711-2C_as_mni_average_305.4dfp.ifh
Writing: talsrcimg_to_711-2C_as_mni_average_305_t4_vox2vox.txt

start time Sat Nov 23 15:20:04 UTC 2024
end		time Sat Nov 23 15:21:27 UTC 2024

mpr2mni305 success

avi2talxfm orig_nu.mgz /opt/freesurfer/average/mni305.cor.mgz talsrcimg_to_711-2C_as_mni_average_305_t4_vox2vox.txt transforms/talairach.auto.xfm
avi2talxfm done
mv -f /scratch/tmp/fs_mp2rage_tests/sourcedata/freesurfer_mp2rage/sub-fsm30gy/mri/talsrcimg_to_711-2C_as_mni_average_305_t4_vox2vox.txt /scratch/tmp/fs_mp2rage_tests/sourcedata/freesurfer_mp2rage/sub-fsm30gy/mri/transforms/talsrcimg_to_711-2C_as_mni_average_305_t4_vox2vox.txt
lta_convert --src orig_nu.mgz --trg /opt/freesurfer/average/mni305.cor.mgz --inxfm transforms/talairach.auto.xfm --outlta transforms/talairach.auto.xfm.lta --subject fsaverage
7.3.2

--src: orig_nu.mgz src image (geometry).
--trg: /opt/freesurfer/average/mni305.cor.mgz trg image (geometry).
--inmni: transforms/talairach.auto.xfm input MNI/XFM transform.
--outlta: transforms/talairach.auto.xfm.lta output LTA.
--s: fsaverage subject name
 LTA read, type : 1
 1.08476  -0.07588   0.00835   1.65445;
 0.07504   1.04938  -0.06940  -41.47510;
-0.01810   0.09843   1.16122  -18.93749;
 0.00000   0.00000   0.00000   1.00000;
setting subject to fsaverage
Writing  LTA to file transforms/talairach.auto.xfm.lta...
lta_convert successful.
 
 
Started at Sat Nov 23 15:20:02 UTC 2024
Ended   at Sat Nov 23 15:21:28 UTC 2024
talairach_avi done
