status file for recon-all
Sun Nov 24 05:54:14 UTC 2024
#@# MotionCor Sun Nov 24 05:54:21 UTC 2024
#@# Talairach Sun Nov 24 05:54:36 UTC 2024
#@# Talairach Failure Detection Sun Nov 24 06:02:23 UTC 2024
#@# Nu Intensity Correction Sun Nov 24 06:02:23 UTC 2024
#@# Intensity Normalization Sun Nov 24 06:09:42 UTC 2024
recon-all -s sub-fsm70qy finished without error at Sun Nov 24 06:12:45 UTC 2024



#New# invocation of recon-all 



status file for recon-all
Sun Nov 24 08:36:29 UTC 2024
#@# EM Registration Sun Nov 24 08:36:29 UTC 2024
recon-all -s sub-fsm70qy finished without error at Sun Nov 24 08:41:14 UTC 2024



#New# invocation of recon-all 



status file for recon-all
Sun Nov 24 19:31:50 UTC 2024
#@# CA Normalize Sun Nov 24 19:31:50 UTC 2024
#@# CA Reg Sun Nov 24 19:34:08 UTC 2024
#@# SubCort Seg Sun Nov 24 21:17:08 UTC 2024
#@# CC Seg Sun Nov 24 22:24:14 UTC 2024
#@# Merge ASeg Sun Nov 24 22:25:54 UTC 2024
#@# Intensity Normalization2 Sun Nov 24 22:25:54 UTC 2024
#@# Mask BFS Sun Nov 24 22:31:25 UTC 2024
#@# WM Segmentation Sun Nov 24 22:31:27 UTC 2024
#@# Fill Sun Nov 24 22:36:57 UTC 2024
recon-all -s sub-fsm70qy finished without error at Sun Nov 24 22:39:30 UTC 2024



#New# invocation of recon-all 



status file for recon-all
Mon Nov 25 13:13:28 UTC 2024
#@# white curv lh Mon Nov 25 13:13:28 UTC 2024
#@# white area lh Mon Nov 25 13:13:29 UTC 2024
#@# pial curv lh Mon Nov 25 13:13:29 UTC 2024
#@# pial area lh Mon Nov 25 13:13:29 UTC 2024
#@# thickness lh Mon Nov 25 13:13:29 UTC 2024
#@# area and vertex vol lh Mon Nov 25 13:13:29 UTC 2024
#@# white curv rh Mon Nov 25 13:13:29 UTC 2024
#@# white area rh Mon Nov 25 13:13:29 UTC 2024
#@# pial curv rh Mon Nov 25 13:13:30 UTC 2024
#@# pial area rh Mon Nov 25 13:13:30 UTC 2024
#@# thickness rh Mon Nov 25 13:13:30 UTC 2024
#@# area and vertex vol rh Mon Nov 25 13:13:30 UTC 2024
#@# Cortical ribbon mask Mon Nov 25 13:13:30 UTC 2024
recon-all -s sub-fsm70qy finished without error at Mon Nov 25 13:29:59 UTC 2024



#New# invocation of recon-all 



status file for recon-all
Mon Nov 25 18:03:29 UTC 2024
#@# white curv lh Mon Nov 25 18:03:29 UTC 2024
#@# white area lh Mon Nov 25 18:03:29 UTC 2024
#@# pial curv lh Mon Nov 25 18:03:29 UTC 2024
#@# pial area lh Mon Nov 25 18:03:29 UTC 2024
#@# thickness lh Mon Nov 25 18:03:29 UTC 2024
#@# area and vertex vol lh Mon Nov 25 18:03:29 UTC 2024
#@# white curv rh Mon Nov 25 18:03:29 UTC 2024
#@# white area rh Mon Nov 25 18:03:29 UTC 2024
#@# pial curv rh Mon Nov 25 18:03:30 UTC 2024
#@# pial area rh Mon Nov 25 18:03:30 UTC 2024
#@# thickness rh Mon Nov 25 18:03:30 UTC 2024
#@# area and vertex vol rh Mon Nov 25 18:03:30 UTC 2024
#@# Curvature Stats lh Mon Nov 25 18:03:30 UTC 2024
#@# Curvature Stats rh Mon Nov 25 18:03:35 UTC 2024
#@# Relabel Hypointensities Mon Nov 25 18:03:41 UTC 2024
#@# APas-to-ASeg Mon Nov 25 18:04:16 UTC 2024
#@# AParc-to-ASeg aparc Mon Nov 25 18:04:33 UTC 2024
#@# AParc-to-ASeg aparc.a2009s Mon Nov 25 18:06:34 UTC 2024
#@# AParc-to-ASeg aparc.DKTatlas Mon Nov 25 18:08:42 UTC 2024
#@# WMParc Mon Nov 25 18:10:47 UTC 2024
#@# ASeg Stats Mon Nov 25 18:16:17 UTC 2024
recon-all -s sub-fsm70qy finished without error at Mon Nov 25 18:17:39 UTC 2024
