/scratch/tmp/fs_mp2rage_tests2/sourcedata/freesurfer_memprage/sub-fsm11ni/mri
/opt/freesurfer/bin/talairach_avi
--i orig_nu.mgz --xfm transforms/talairach.auto.xfm
talairach_avi 7.3.2
Linux elm.criugm.qc.ca 5.15.0-113-generic #123-Ubuntu SMP Mon Jun 10 08:16:17 UTC 2024 x86_64 x86_64 x86_64 GNU/Linux
Sun Nov 24 04:58:24 UTC 2024
mri_convert orig_nu.mgz talsrcimg.img 
reading from orig_nu.mgz...
TR=0.00, TE=0.00, TI=0.00, flip angle=0.00
i_ras = (-1, 2.32831e-10, 0)
j_ras = (0, 0, -1)
k_ras = (6.98492e-10, 1, 0)
writing to talsrcimg.img...
Analyze Output Matrix
-1.00000   0.00000   0.00000   129.54199;
 0.00000   0.00000   1.00000  -90.35806;
 0.00000  -1.00000   0.00000   119.63837;
 0.00000   0.00000   0.00000   1.00000;
--------------------
INFO: set hdr.hist.orient to -1
mpr2mni305 talsrcimg
Sun Nov 24 04:58:28 UTC 2024
/opt/freesurfer/bin/mpr2mni305 talsrcimg
mpr2mni305 7.3.2
target=711-2C_as_mni_average_305

---------------------------------------------------------------------
analyzeto4dfp talsrcimg -O0 -y
---------------------------------------------------------------------

freesurfer ifh2hdr.c
Sun Nov 24 04:58:28 2024
Writing: talsrcimg.4dfp.hdr
freesurfer analyzeto4dfp.c
Reading: talsrcimg.hdr
header size 348 bytes
hdr.dime.datatype	offset=70	value=2
hdr.dime.bitpix		offset=72	value=8
hdr.hist.orient		offset=252	value=-1
dimensionality     4
dimensions       256       256       256         1
Reading: talsrcimg.img
Writing: talsrcimg.4dfp.img
Writing: talsrcimg.4dfp.ifh
ifh2hdr talsrcimg -r0to245
ori=2

---------------------------------------------------------------------
gauss_4dfp talsrcimg 1.1
---------------------------------------------------------------------

freesurfer gauss_4dfp.c
Reading: talsrcimg.4dfp.img
Writing: talsrcimg_g11.4dfp.img
image dimensions 256 256 256 padded to 288 288 288
processing volume 1freesurfer ifh2hdr.c
Sun Nov 24 04:58:39 2024
Writing: talsrcimg_g11.4dfp.hdr

Writing: talsrcimg_g11.4dfp.ifh
including: talsrcimg.4dfp.img.rec in talsrcimg_g11.4dfp.img.rec

---------------------------------------------------------------------
imgreg_4dfp /opt/freesurfer/average/711-2C_as_mni_average_305 none talsrcimg_g11 none talsrcimg_to_711-2C_as_mni_average_305_t4 4355
---------------------------------------------------------------------

freesurfer imgreg_4dfp.c
/opt/freesurfer/average/711-2C_as_mni_average_305.4dfp.img
       256       256       256         1
  1.000000  1.000000  1.000000
orientation T byte_order littleendian
Reading image: /opt/freesurfer/average/711-2C_as_mni_average_305.4dfp.img
dimensions:      256       256       256
mmppix:       1.0000   -1.0000   -1.0000
center:     128.0000 -129.0000 -129.0000
talsrcimg_g11.4dfp.img
       256       256       256         1
  1.000000  1.000000  1.000000
orientation T byte_order littleendian
Reading image: talsrcimg_g11.4dfp.img
dimensions:      256       256       256
mmppix:       1.0000   -1.0000   -1.0000
center:     128.0000 -129.0000 -129.0000
t4_read: open error in t4_sub.f l:  41 t4_file(1:l)talsrcimg_to_711-2C_as_mni_average_305_t4 
t4_read: transform initialized to I4
rotation matrix determinant  1.000000
image alignment mode   4355 decimal     1103 hex
   -7.5000  -45.0000  -45.000010784.2178    8.3434
    0.0000  -45.0000  -45.000011251.6816    8.3518
    7.5000  -45.0000  -45.000010707.0840    8.3424
   -7.5000  -37.5000  -45.000010907.1357    8.4782
    0.0000  -37.5000  -45.000011358.1846    8.4863
    7.5000  -37.5000  -45.000010795.5859    8.4768
   -7.5000  -30.0000  -45.000011259.3057    8.3567
    0.0000  -30.0000  -45.000011711.4072    8.3664
    7.5000  -30.0000  -45.000011145.4814    8.3575
   -7.5000  -22.5000  -45.000011583.3936    8.2759
    0.0000  -22.5000  -45.000012044.0762    8.2852
    7.5000  -22.5000  -45.000011476.1777    8.2767
   -7.5000  -15.0000  -45.000011808.2793    8.2126
    0.0000  -15.0000  -45.000012270.5010    8.2207
    7.5000  -15.0000  -45.000011670.9512    8.2122
   -7.5000   -7.5000  -45.000011960.7598    8.1695
    0.0000   -7.5000  -45.000012445.7285    8.1768
    7.5000   -7.5000  -45.000011791.2432    8.1679
   -7.5000    0.0000  -45.000012060.2520    8.1630
    0.0000    0.0000  -45.000012548.8633    8.1713
    7.5000    0.0000  -45.000011885.6963    8.1621
   -7.5000    7.5000  -45.000011378.5381    8.3809
    0.0000    7.5000  -45.000011864.6777    8.3892
    7.5000    7.5000  -45.000011221.6523    8.3800
   -7.5000   15.0000  -45.000010746.0078    8.6986
    0.0000   15.0000  -45.000011192.3271    8.7057
    7.5000   15.0000  -45.000010594.2148    8.6955
   -7.5000   22.5000  -45.000010152.2393    9.0276
    0.0000   22.5000  -45.000010572.4951    9.0334
    7.5000   22.5000  -45.000010031.0469    9.0220
   -7.5000   30.0000  -45.0000 9531.0508    9.2735
    0.0000   30.0000  -45.0000 9944.6611    9.2762
    7.5000   30.0000  -45.0000 9450.5889    9.2628
   -7.5000   37.5000  -45.0000 9289.0225    9.6977
    0.0000   37.5000  -45.0000 9698.8809    9.6993
    7.5000   37.5000  -45.0000 9241.9492    9.6838
   -7.5000   45.0000  -45.0000 8734.9307    9.9277
    0.0000   45.0000  -45.0000 9112.1592    9.9282
    7.5000   45.0000  -45.0000 8703.0664    9.9105
   -7.5000  -45.0000  -37.500011274.9912    8.2895
    0.0000  -45.0000  -37.500011757.4229    8.3037
    7.5000  -45.0000  -37.500011169.2568    8.2971
   -7.5000  -37.5000  -37.500011413.1816    8.4224
    0.0000  -37.5000  -37.500011873.2656    8.4360
    7.5000  -37.5000  -37.500011282.1875    8.4292
   -7.5000  -30.0000  -37.500011798.3232    8.3011
    0.0000  -30.0000  -37.500012257.8838    8.3157
    7.5000  -30.0000  -37.500011668.7764    8.3083
   -7.5000  -22.5000  -37.500012160.2266    8.2218
    0.0000  -22.5000  -37.500012625.2656    8.2362
    7.5000  -22.5000  -37.500012032.4229    8.2283
   -7.5000  -15.0000  -37.500012404.1611    8.1603
    0.0000  -15.0000  -37.500012896.2012    8.1741
    7.5000  -15.0000  -37.500012269.5713    8.1662
   -7.5000   -7.5000  -37.500012576.1885    8.1179
    0.0000   -7.5000  -37.500013079.2803    8.1311
    7.5000   -7.5000  -37.500012385.2354    8.1239
   -7.5000    0.0000  -37.500012649.5723    8.1106
    0.0000    0.0000  -37.500013153.1396    8.1245
    7.5000    0.0000  -37.500012450.1641    8.1180
   -7.5000    7.5000  -37.500011913.2988    8.3256
    0.0000    7.5000  -37.500012399.9609    8.3392
    7.5000    7.5000  -37.500011738.7139    8.3327
   -7.5000   15.0000  -37.500011246.4297    8.6405
    0.0000   15.0000  -37.500011691.6270    8.6534
    7.5000   15.0000  -37.500011091.1387    8.6453
   -7.5000   22.5000  -37.500010636.7617    8.9656
    0.0000   22.5000  -37.500011075.1777    8.9778
    7.5000   22.5000  -37.500010518.6250    8.9677
   -7.5000   30.0000  -37.5000 9995.5049    9.2108
    0.0000   30.0000  -37.500010377.4238    9.2216
    7.5000   30.0000  -37.5000 9892.4473    9.2103
   -7.5000   37.5000  -37.5000 9736.7861    9.6332
    0.0000   37.5000  -37.500010122.9268    9.6429
    7.5000   37.5000  -37.5000 9667.7148    9.6303
   -7.5000   45.0000  -37.5000 9136.3564    9.8614
    0.0000   45.0000  -37.5000 9506.6172    9.8695
    7.5000   45.0000  -37.5000 9103.0918    9.8570
   -7.5000  -45.0000  -30.000012007.1035    8.6041
    0.0000  -45.0000  -30.000012492.8838    8.6231
    7.5000  -45.0000  -30.000011875.1904    8.6160
   -7.5000  -37.5000  -30.000012141.0459    8.7374
    0.0000  -37.5000  -30.000012613.6406    8.7545
    7.5000  -37.5000  -30.000012005.7461    8.7467
   -7.5000  -30.0000  -30.000012552.5947    8.6109
    0.0000  -30.0000  -30.000013036.1885    8.6282
    7.5000  -30.0000  -30.000012442.3906    8.6192
   -7.5000  -22.5000  -30.000012950.3770    8.5309
    0.0000  -22.5000  -30.000013444.1123    8.5483
    7.5000  -22.5000  -30.000012840.2910    8.5383
   -7.5000  -15.0000  -30.000013224.3330    8.4701
    0.0000  -15.0000  -30.000013745.1172    8.4879
    7.5000  -15.0000  -30.000013098.6982    8.4782
   -7.5000   -7.5000  -30.000013443.4688    8.4273
    0.0000   -7.5000  -30.000013968.9170    8.4451
    7.5000   -7.5000  -30.000013252.4707    8.4370
   -7.5000    0.0000  -30.000013512.2666    8.4181
    0.0000    0.0000  -30.000014069.2295    8.4366
    7.5000    0.0000  -30.000013292.8672    8.4297
   -7.5000    7.5000  -30.000012691.3242    8.6366
    0.0000    7.5000  -30.000013189.2627    8.6538
    7.5000    7.5000  -30.000012488.9863    8.6464
   -7.5000   15.0000  -30.000011968.4629    8.9623
    0.0000   15.0000  -30.000012448.6709    8.9783
    7.5000   15.0000  -30.000011810.3135    8.9687
   -7.5000   22.5000  -30.000011324.0850    9.2995
    0.0000   22.5000  -30.000011795.0322    9.3154
    7.5000   22.5000  -30.000011202.6895    9.3037
   -7.5000   30.0000  -30.000010648.1348    9.5575
    0.0000   30.0000  -30.000011051.3662    9.5737
    7.5000   30.0000  -30.000010532.8633    9.5612
   -7.5000   37.5000  -30.000010371.5205    9.9974
    0.0000   37.5000  -30.000010768.0645   10.0131
    7.5000   37.5000  -30.000010259.8594    9.9997
   -7.5000   45.0000  -30.0000 9709.2266   10.2383
    0.0000   45.0000  -30.000010087.8662   10.2520
    7.5000   45.0000  -30.0000 9636.3105   10.2398
   -7.5000  -45.0000  -22.500012729.8330    8.8821
    0.0000  -45.0000  -22.500013253.7402    8.9002
    7.5000  -45.0000  -22.500012604.8682    8.8907
   -7.5000  -37.5000  -22.500012860.4844    9.0146
    0.0000  -37.5000  -22.500013370.6191    9.0302
    7.5000  -37.5000  -22.500012755.4668    9.0195
   -7.5000  -30.0000  -22.500013294.8994    8.8852
    0.0000  -30.0000  -22.500013809.5332    8.9007
    7.5000  -30.0000  -22.500013211.2100    8.8892
   -7.5000  -22.5000  -22.500013723.2197    8.8052
    0.0000  -22.5000  -22.500014257.4072    8.8207
    7.5000  -22.5000  -22.500013657.0820    8.8090
   -7.5000  -15.0000  -22.500014025.8711    8.7451
    0.0000  -15.0000  -22.500014595.9336    8.7612
    7.5000  -15.0000  -22.500013947.4580    8.7500
   -7.5000   -7.5000  -22.500014270.1729    8.7011
    0.0000   -7.5000  -22.500014868.5664    8.7179
    7.5000   -7.5000  -22.500014118.6738    8.7079
   -7.5000    0.0000  -22.500014406.3965    8.6901
    0.0000    0.0000  -22.500014995.7783    8.7077
    7.5000    0.0000  -22.500014182.6250    8.6985
   -7.5000    7.5000  -22.500013533.8135    8.9107
    0.0000    7.5000  -22.500014016.6221    8.9264
    7.5000    7.5000  -22.500013304.5264    8.9161
   -7.5000   15.0000  -22.500012754.2900    9.2447
    0.0000   15.0000  -22.500013219.7051    9.2584
    7.5000   15.0000  -22.500012565.3271    9.2461
   -7.5000   22.5000  -22.500012066.2988    9.5940
    0.0000   22.5000  -22.500012555.2314    9.6076
    7.5000   22.5000  -22.500011915.2725    9.5939
   -7.5000   30.0000  -22.500011349.5596    9.8645
    0.0000   30.0000  -22.500011817.9111    9.8778
    7.5000   30.0000  -22.500011215.9824    9.8632
   -7.5000   37.5000  -22.500010996.0527   10.3192
    0.0000   37.5000  -22.500011491.4619   10.3329
    7.5000   37.5000  -22.500010894.4053   10.3172
   -7.5000   45.0000  -22.500010271.6836   10.5747
    0.0000   45.0000  -22.500010735.5605   10.5868
    7.5000   45.0000  -22.500010214.6279   10.5710
   -7.5000  -45.0000  -15.000013418.9922    9.0787
    0.0000  -45.0000  -15.000013991.1768    9.0918
    7.5000  -45.0000  -15.000013319.7861    9.0800
   -7.5000  -37.5000  -15.000013582.9355    9.2134
    0.0000  -37.5000  -15.000014136.5947    9.2248
    7.5000  -37.5000  -15.000013515.6631    9.2116
   -7.5000  -30.0000  -15.000014067.1309    9.0828
    0.0000  -30.0000  -15.000014626.9004    9.0944
    7.5000  -30.0000  -15.000014019.2285    9.0815
   -7.5000  -22.5000  -15.000014501.9639    9.0010
    0.0000  -22.5000  -15.000015076.8408    9.0121
    7.5000  -22.5000  -15.000014467.8809    8.9997
   -7.5000  -15.0000  -15.000014798.2246    8.9390
    0.0000  -15.0000  -15.000015462.8438    8.9497
    7.5000  -15.0000  -15.000014788.5137    8.9380
   -7.5000   -7.5000  -15.000015062.1279    8.8936
    0.0000   -7.5000  -15.000015811.6982    8.9050
    7.5000   -7.5000  -15.000015018.3799    8.8935
   -7.5000    0.0000  -15.000015329.0186    8.8827
    0.0000    0.0000  -15.000016122.7666    8.8955
    7.5000    0.0000  -15.000015210.8467    8.8840
   -7.5000    7.5000  -15.000014541.1025    9.1073
    0.0000    7.5000  -15.000015210.9121    9.1188
    7.5000    7.5000  -15.000014359.2178    9.1061
   -7.5000   15.0000  -15.000013713.9229    9.4459
    0.0000   15.0000  -15.000014356.3145    9.4549
    7.5000   15.0000  -15.000013522.2031    9.4407
   -7.5000   22.5000  -15.000012921.5088    9.8019
    0.0000   22.5000  -15.000013610.8105    9.8099
    7.5000   22.5000  -15.000012744.5791    9.7948
   -7.5000   30.0000  -15.000012077.6680   10.0796
    0.0000   30.0000  -15.000012747.1143   10.0851
    7.5000   30.0000  -15.000011924.7012   10.0685
   -7.5000   37.5000  -15.000011650.4824   10.5440
    0.0000   37.5000  -15.000012300.0166   10.5502
    7.5000   37.5000  -15.000011544.8359   10.5322
   -7.5000   45.0000  -15.000010843.3643   10.8134
    0.0000   45.0000  -15.000011441.3252   10.8192
    7.5000   45.0000  -15.000010785.2451   10.7990
   -7.5000  -45.0000   -7.500014211.2842    9.1635
    0.0000  -45.0000   -7.500014786.4082    9.1731
    7.5000  -45.0000   -7.500014095.6699    9.1619
   -7.5000  -37.5000   -7.500014409.4375    9.3030
    0.0000  -37.5000   -7.500014977.4600    9.3120
    7.5000  -37.5000   -7.500014323.1738    9.3000
   -7.5000  -30.0000   -7.500014966.2051    9.1717
    0.0000  -30.0000   -7.500015568.5029    9.1819
    7.5000  -30.0000   -7.500014881.6729    9.1706
   -7.5000  -22.5000   -7.500015426.2354    9.0870
    0.0000  -22.5000   -7.500016064.5049    9.0963
    7.5000  -22.5000   -7.500015341.1484    9.0858
   -7.5000  -15.0000   -7.500015729.3281    9.0217
    0.0000  -15.0000   -7.500016504.2852    9.0297
    7.5000  -15.0000   -7.500015665.4814    9.0196
   -7.5000   -7.5000   -7.500015967.0557    8.9755
    0.0000   -7.5000   -7.500016934.7754    8.9833
    7.5000   -7.5000   -7.500015930.9180    8.9729
   -7.5000    0.0000   -7.500016252.0869    8.9661
    0.0000    0.0000   -7.500017479.4004    8.9756
    7.5000    0.0000   -7.500016259.6533    8.9647
   -7.5000    7.5000   -7.500015555.9707    9.1962
    0.0000    7.5000   -7.500016763.4102    9.2053
    7.5000    7.5000   -7.500015518.2979    9.1938
   -7.5000   15.0000   -7.500014667.7598    9.5366
    0.0000   15.0000   -7.500015783.4893    9.5438
    7.5000   15.0000   -7.500014569.5352    9.5311
   -7.5000   22.5000   -7.500013670.9951    9.8917
    0.0000   22.5000   -7.500014628.8281    9.8971
    7.5000   22.5000   -7.500013545.3506    9.8835
   -7.5000   30.0000   -7.500012702.3115   10.1696
    0.0000   30.0000   -7.500013504.7256   10.1710
    7.5000   30.0000   -7.500012579.9414   10.1553
   -7.5000   37.5000   -7.500012247.9121   10.6377
    0.0000   37.5000   -7.500012982.2197   10.6392
    7.5000   37.5000   -7.500012159.9189   10.6218
   -7.5000   45.0000   -7.500011419.3066   10.9154
    0.0000   45.0000   -7.500012068.6084   10.9169
    7.5000   45.0000   -7.500011365.3711   10.8964
   -7.5000  -45.0000    0.000014925.9854    9.1598
    0.0000  -45.0000    0.000015524.1182    9.1708
    7.5000  -45.0000    0.000014768.2676    9.1623
   -7.5000  -37.5000    0.000015171.5947    9.3030
    0.0000  -37.5000    0.000015798.6475    9.3138
    7.5000  -37.5000    0.000015021.4893    9.3052
   -7.5000  -30.0000    0.000015769.0322    9.1712
    0.0000  -30.0000    0.000016474.5664    9.1836
    7.5000  -30.0000    0.000015612.1895    9.1752
   -7.5000  -22.5000    0.000016271.9697    9.0846
    0.0000  -22.5000    0.000017063.7383    9.0963
    7.5000  -22.5000    0.000016091.0488    9.0882
   -7.5000  -15.0000    0.000016595.1113    9.0173
    0.0000  -15.0000    0.000017487.2012    9.0277
    7.5000  -15.0000    0.000016380.6748    9.0196
   -7.5000   -7.5000    0.000016821.5918    8.9710
    0.0000   -7.5000    0.000017852.1738    8.9806
    7.5000   -7.5000    0.000016625.4219    8.9724
   -7.5000    0.0000    0.000017096.9141    8.9631
    0.0000    0.0000    0.000018369.5176    8.9740
    7.5000    0.0000    0.000016907.1992    8.9656
   -7.5000    7.5000    0.000016261.4902    9.1966
    0.0000    7.5000    0.000017587.3203    9.2075
    7.5000    7.5000    0.000016068.7646    9.1992
   -7.5000   15.0000    0.000015216.4307    9.5376
    0.0000   15.0000    0.000016383.6562    9.5474
    7.5000   15.0000    0.000015085.1445    9.5378
   -7.5000   22.5000    0.000014153.1846    9.8887
    0.0000   22.5000    0.000015097.2090    9.8969
    7.5000   22.5000    0.000014069.2461    9.8860
   -7.5000   30.0000    0.000013180.2461   10.1634
    0.0000   30.0000    0.000013973.2705   10.1682
    7.5000   30.0000    0.000013099.1631   10.1552
   -7.5000   37.5000    0.000012744.2188   10.6321
    0.0000   37.5000    0.000013461.8936   10.6359
    7.5000   37.5000    0.000012671.4375   10.6211
   -7.5000   45.0000    0.000011869.7168   10.9128
    0.0000   45.0000    0.000012526.0107   10.9159
    7.5000   45.0000    0.000011800.5547   10.8989
   -7.5000  -45.0000    7.500014465.2754    9.1661
    0.0000  -45.0000    7.500015106.6211    9.1826
    7.5000  -45.0000    7.500014307.7383    9.1759
   -7.5000  -37.5000    7.500014718.5996    9.3104
    0.0000  -37.5000    7.500015390.7412    9.3263
    7.5000  -37.5000    7.500014569.4180    9.3194
   -7.5000  -30.0000    7.500015315.4736    9.1772
    0.0000  -30.0000    7.500016032.1494    9.1940
    7.5000  -30.0000    7.500015116.5039    9.1865
   -7.5000  -22.5000    7.500015762.3477    9.0904
    0.0000  -22.5000    7.500016523.3262    9.1071
    7.5000  -22.5000    7.500015526.5186    9.0988
   -7.5000  -15.0000    7.500016030.0498    9.0236
    0.0000  -15.0000    7.500016823.2441    9.0395
    7.5000  -15.0000    7.500015743.1572    9.0314
   -7.5000   -7.5000    7.500016242.3867    8.9776
    0.0000   -7.5000    7.500017127.1914    8.9930
    7.5000   -7.5000    7.500015953.5420    8.9855
   -7.5000    0.0000    7.500016494.1973    8.9695
    0.0000    0.0000    7.500017566.5527    8.9857
    7.5000    0.0000    7.500016201.7549    8.9790
   -7.5000    7.5000    7.500015597.7803    9.2039
    0.0000    7.5000    7.500016634.9277    9.2198
    7.5000    7.5000    7.500015326.3076    9.2132
   -7.5000   15.0000    7.500014558.0264    9.5472
    0.0000   15.0000    7.500015388.9795    9.5624
    7.5000   15.0000    7.500014365.2822    9.5540
   -7.5000   22.5000    7.500013612.2080    9.8986
    0.0000   22.5000    7.500014314.5547    9.9130
    7.5000   22.5000    7.500013445.3818    9.9025
   -7.5000   30.0000    7.500012750.6689   10.1734
    0.0000   30.0000    7.500013418.3301   10.1863
    7.5000   30.0000    7.500012599.8496   10.1745
   -7.5000   37.5000    7.500012322.9307   10.6455
    0.0000   37.5000    7.500012987.2217   10.6572
    7.5000   37.5000    7.500012195.4893   10.6439
   -7.5000   45.0000    7.500011419.2646   10.9252
    0.0000   45.0000    7.500012041.9365   10.9351
    7.5000   45.0000    7.500011317.5273   10.9219
   -7.5000  -45.0000   15.000013792.3623    9.2311
    0.0000  -45.0000   15.000014455.5166    9.2523
    7.5000  -45.0000   15.000013633.0967    9.2454
   -7.5000  -37.5000   15.000014054.5117    9.3743
    0.0000  -37.5000   15.000014702.3125    9.3935
    7.5000  -37.5000   15.000013864.4102    9.3859
   -7.5000  -30.0000   15.000014570.9092    9.2387
    0.0000  -30.0000   15.000015216.8213    9.2582
    7.5000  -30.0000   15.000014351.4287    9.2492
   -7.5000  -22.5000   15.000014953.5459    9.1531
    0.0000  -22.5000   15.000015619.5566    9.1727
    7.5000  -22.5000   15.000014723.9785    9.1627
   -7.5000  -15.0000   15.000015196.2432    9.0881
    0.0000  -15.0000   15.000015888.4268    9.1080
    7.5000  -15.0000   15.000014937.1523    9.0983
   -7.5000   -7.5000   15.000015432.0000    9.0420
    0.0000   -7.5000   15.000016203.5723    9.0620
    7.5000   -7.5000   15.000015153.5488    9.0539
   -7.5000    0.0000   15.000015633.7314    9.0321
    0.0000    0.0000   15.000016579.1289    9.0527
    7.5000    0.0000   15.000015384.8232    9.0459
   -7.5000    7.5000   15.000014761.5410    9.2662
    0.0000    7.5000   15.000015596.4863    9.2855
    7.5000    7.5000   15.000014535.3604    9.2782
   -7.5000   15.0000   15.000013802.8516    9.6154
    0.0000   15.0000   15.000014475.7900    9.6336
    7.5000   15.0000   15.000013626.8662    9.6240
   -7.5000   22.5000   15.000012932.9258    9.9748
    0.0000   22.5000   15.000013553.9248    9.9931
    7.5000   22.5000   15.000012786.7139    9.9812
   -7.5000   30.0000   15.000012099.2061   10.2567
    0.0000   30.0000   15.000012717.8496   10.2754
    7.5000   30.0000   15.000011965.9961   10.2627
   -7.5000   37.5000   15.000011687.6504   10.7372
    0.0000   37.5000   15.000012304.9746   10.7552
    7.5000   37.5000   15.000011558.1641   10.7417
   -7.5000   45.0000   15.000010808.1455   11.0201
    0.0000   45.0000   15.000011382.2090   11.0359
    7.5000   45.0000   15.000010689.4395   11.0237
   -7.5000  -45.0000   22.500012928.9062    9.3224
    0.0000  -45.0000   22.500013525.8047    9.3425
    7.5000  -45.0000   22.500012754.5518    9.3330
   -7.5000  -37.5000   22.500013156.4229    9.4641
    0.0000  -37.5000   22.500013734.7646    9.4816
    7.5000  -37.5000   22.500012971.8184    9.4708
   -7.5000  -30.0000   22.500013609.6025    9.3267
    0.0000  -30.0000   22.500014199.1895    9.3440
    7.5000  -30.0000   22.500013430.1514    9.3325
   -7.5000  -22.5000   22.500013961.5352    9.2414
    0.0000  -22.5000   22.500014555.8428    9.2588
    7.5000  -22.5000   22.500013771.0557    9.2470
   -7.5000  -15.0000   22.500014201.1250    9.1775
    0.0000  -15.0000   22.500014793.0557    9.1955
    7.5000  -15.0000   22.500013982.9033    9.1842
   -7.5000   -7.5000   22.500014405.3018    9.1311
    0.0000   -7.5000   22.500015073.9082    9.1497
    7.5000   -7.5000   22.500014206.5850    9.1397
   -7.5000    0.0000   22.500014600.3906    9.1197
    0.0000    0.0000   22.500015375.3271    9.1393
    7.5000    0.0000   22.500014421.4658    9.1299
   -7.5000    7.5000   22.500013748.0723    9.3540
    0.0000    7.5000   22.500014435.5283    9.3715
    7.5000    7.5000   22.500013606.2988    9.3612
   -7.5000   15.0000   22.500012888.9961    9.7084
    0.0000   15.0000   22.500013490.1973    9.7240
    7.5000   15.0000   22.500012783.5010    9.7116
   -7.5000   22.5000   22.500012085.9375   10.0778
    0.0000   22.5000   22.500012644.6904   10.0934
    7.5000   22.5000   22.500012001.3281   10.0794
   -7.5000   30.0000   22.500011278.6953   10.3699
    0.0000   30.0000   22.500011837.9219   10.3853
    7.5000   30.0000   22.500011206.5215   10.3705
   -7.5000   37.5000   22.500010862.4863   10.8597
    0.0000   37.5000   22.500011413.1084   10.8756
    7.5000   37.5000   22.500010793.2168   10.8595
   -7.5000   45.0000   22.500010045.5186   11.1511
    0.0000   45.0000   22.500010546.7666   11.1653
    7.5000   45.0000   22.5000 9981.7285   11.1491
   -7.5000  -45.0000   30.000011934.8330    9.4606
    0.0000  -45.0000   30.000012470.4619    9.4758
    7.5000  -45.0000   30.000011801.4971    9.4640
   -7.5000  -37.5000   30.000012135.4902    9.6061
    0.0000  -37.5000   30.000012654.9297    9.6193
    7.5000  -37.5000   30.000012010.5947    9.6060
   -7.5000  -30.0000   30.000012589.1455    9.4666
    0.0000  -30.0000   30.000013119.5723    9.4799
    7.5000  -30.0000   30.000012446.0576    9.4668
   -7.5000  -22.5000   30.000012912.2939    9.3791
    0.0000  -22.5000   30.000013447.7285    9.3920
    7.5000  -22.5000   30.000012773.3154    9.3793
   -7.5000  -15.0000   30.000013109.4365    9.3129
    0.0000  -15.0000   30.000013652.4736    9.3256
    7.5000  -15.0000   30.000012956.5039    9.3136
   -7.5000   -7.5000   30.000013298.3799    9.2644
    0.0000   -7.5000   30.000013873.2949    9.2778
    7.5000   -7.5000   30.000013152.6445    9.2663
   -7.5000    0.0000   30.000013466.8398    9.2525
    0.0000    0.0000   30.000014112.1484    9.2674
    7.5000    0.0000   30.000013340.7354    9.2559
   -7.5000    7.5000   30.000012629.8018    9.4929
    0.0000    7.5000   30.000013191.0098    9.5062
    7.5000    7.5000   30.000012550.5342    9.4934
   -7.5000   15.0000   30.000011843.9492    9.8561
    0.0000   15.0000   30.000012346.0088    9.8667
    7.5000   15.0000   30.000011795.9697    9.8522
   -7.5000   22.5000   30.000011109.3398   10.2381
    0.0000   22.5000   30.000011605.0078   10.2479
    7.5000   22.5000   30.000011080.4990   10.2324
   -7.5000   30.0000   30.000010351.5742   10.5428
    0.0000   30.0000   30.000010825.9902   10.5503
    7.5000   30.0000   30.000010319.8574   10.5332
   -7.5000   37.5000   30.0000 9944.6406   11.0462
    0.0000   37.5000   30.000010431.2549   11.0547
    7.5000   37.5000   30.0000 9943.0596   11.0362
   -7.5000   45.0000   30.0000 9201.9102   11.3521
    0.0000   45.0000   30.0000 9638.8818   11.3602
    7.5000   45.0000   30.0000 9196.2295   11.3394
   -7.5000  -45.0000   37.500011452.9678    9.6710
    0.0000  -45.0000   37.500011934.2490    9.6828
    7.5000  -45.0000   37.500011354.7598    9.6728
   -7.5000  -37.5000   37.500011668.3574    9.8274
    0.0000  -37.5000   37.500012142.6670    9.8386
    7.5000  -37.5000   37.500011559.2139    9.8278
   -7.5000  -30.0000   37.500012095.2227    9.6822
    0.0000  -30.0000   37.500012583.7002    9.6949
    7.5000  -30.0000   37.500011972.9336    9.6847
   -7.5000  -22.5000   37.500012410.9902    9.5884
    0.0000  -22.5000   37.500012913.8984    9.6004
    7.5000  -22.5000   37.500012271.1768    9.5907
   -7.5000  -15.0000   37.500012579.1367    9.5163
    0.0000  -15.0000   37.500013091.8018    9.5269
    7.5000  -15.0000   37.500012447.2598    9.5175
   -7.5000   -7.5000   37.500012740.3213    9.4653
    0.0000   -7.5000   37.500013284.6660    9.4754
    7.5000   -7.5000   37.500012617.6123    9.4659
   -7.5000    0.0000   37.500012856.9053    9.4548
    0.0000    0.0000   37.500013452.0859    9.4666
    7.5000    0.0000   37.500012753.5254    9.4568
   -7.5000    7.5000   37.500012033.0908    9.7097
    0.0000    7.5000   37.500012557.3779    9.7210
    7.5000    7.5000   37.500011977.3779    9.7106
   -7.5000   15.0000   37.500011279.5986   10.0838
    0.0000   15.0000   37.500011768.1514   10.0933
    7.5000   15.0000   37.500011265.4160   10.0817
   -7.5000   22.5000   37.500010572.9248   10.4744
    0.0000   22.5000   37.500011037.6748   10.4826
    7.5000   22.5000   37.500010575.8418   10.4697
   -7.5000   30.0000   37.5000 9861.7158   10.7910
    0.0000   30.0000   37.500010292.9443   10.7951
    7.5000   30.0000   37.5000 9858.2676   10.7799
   -7.5000   37.5000   37.5000 9498.4395   11.3170
    0.0000   37.5000   37.5000 9943.2432   11.3210
    7.5000   37.5000   37.5000 9503.8359   11.3042
   -7.5000   45.0000   37.5000 8790.9287   11.6375
    0.0000   45.0000   37.5000 9221.2373   11.6413
    7.5000   45.0000   37.5000 8780.5166   11.6214
   -7.5000  -45.0000   45.000010629.8701    9.9715
    0.0000  -45.0000   45.000011081.8418    9.9842
    7.5000  -45.0000   45.000010586.0811    9.9762
   -7.5000  -37.5000   45.000010784.6924   10.1147
    0.0000  -37.5000   45.000011226.2041   10.1273
    7.5000  -37.5000   45.000010717.5781   10.1194
   -7.5000  -30.0000   45.000011156.5244    9.9656
    0.0000  -30.0000   45.000011616.5850    9.9799
    7.5000  -30.0000   45.000011060.4111    9.9720
   -7.5000  -22.5000   45.000011436.1006    9.8704
    0.0000  -22.5000   45.000011913.5420    9.8838
    7.5000  -22.5000   45.000011328.2080    9.8759
   -7.5000  -15.0000   45.000011605.1689    9.7988
    0.0000  -15.0000   45.000012087.6914    9.8104
    7.5000  -15.0000   45.000011493.5518    9.8028
   -7.5000   -7.5000   45.000011754.8867    9.7502
    0.0000   -7.5000   45.000012274.1211    9.7611
    7.5000   -7.5000   45.000011665.2939    9.7534
   -7.5000    0.0000   45.000011808.4570    9.7419
    0.0000    0.0000   45.000012374.7734    9.7544
    7.5000    0.0000   45.000011747.8730    9.7466
   -7.5000    7.5000   45.000011029.3770    9.9901
    0.0000    7.5000   45.000011531.5654   10.0029
    7.5000    7.5000   45.000011009.6162    9.9953
   -7.5000   15.0000   45.000010336.2617   10.3603
    0.0000   15.0000   45.000010804.4805   10.3715
    7.5000   15.0000   45.000010333.3057   10.3622
   -7.5000   22.5000   45.0000 9695.2666   10.7593
    0.0000   22.5000   45.000010131.3457   10.7687
    7.5000   22.5000   45.0000 9694.3447   10.7577
   -7.5000   30.0000   45.0000 9034.5312   11.0943
    0.0000   30.0000   45.0000 9435.9502   11.0996
    7.5000   30.0000   45.0000 9032.1201   11.0864
   -7.5000   37.5000   45.0000 8708.4609   11.6465
    0.0000   37.5000   45.0000 9127.1641   11.6512
    7.5000   37.5000   45.0000 8702.7666   11.6361
   -7.5000   45.0000   45.0000 8066.1514   11.9806
    0.0000   45.0000   45.0000 8474.3320   11.9848
    7.5000   45.0000   45.0000 8040.5503   11.9676

---------------------------------------------------------------------
imgreg_4dfp /opt/freesurfer/average/711-2C_as_mni_average_305 /opt/freesurfer/average/711-2B_as_mni_average_305_mask talsrcimg_g11 none talsrcimg_to_711-2C_as_mni_average_305_t4 4355
---------------------------------------------------------------------

freesurfer imgreg_4dfp.c
/opt/freesurfer/average/711-2C_as_mni_average_305.4dfp.img
       256       256       256         1
  1.000000  1.000000  1.000000
orientation T byte_order littleendian
Reading image: /opt/freesurfer/average/711-2C_as_mni_average_305.4dfp.img
dimensions:      256       256       256
mmppix:       1.0000   -1.0000   -1.0000
center:     128.0000 -129.0000 -129.0000
/opt/freesurfer/average/711-2B_as_mni_average_305_mask.4dfp.img
       256       256       256         1
  1.000000  1.000000  1.000000
orientation T byte_order littleendian
Reading mask: /opt/freesurfer/average/711-2B_as_mni_average_305_mask.4dfp.img (2306576 pixels)
talsrcimg_g11.4dfp.img
       256       256       256         1
  1.000000  1.000000  1.000000
orientation T byte_order littleendian
Reading image: talsrcimg_g11.4dfp.img
dimensions:      256       256       256
mmppix:       1.0000   -1.0000   -1.0000
center:     128.0000 -129.0000 -129.0000
rotation matrix determinant  1.000000
image alignment mode   4355 decimal     1103 hex
   -7.5000  -45.0000  -45.0000 2491.3481   12.2891
    0.0000  -45.0000  -45.0000 2508.3306   12.2108
    7.5000  -45.0000  -45.0000 2490.7605   12.2725
   -7.5000  -37.5000  -45.0000 2514.7703   12.2410
    0.0000  -37.5000  -45.0000 2531.3811   12.1262
    7.5000  -37.5000  -45.0000 2515.4102   12.1748
   -7.5000  -30.0000  -45.0000 2531.2700   12.1762
    0.0000  -30.0000  -45.0000 2549.9980   12.0393
    7.5000  -30.0000  -45.0000 2537.3076   12.0871
   -7.5000  -22.5000  -45.0000 2545.3857   12.1366
    0.0000  -22.5000  -45.0000 2562.9607   11.9909
    7.5000  -22.5000  -45.0000 2553.6177   12.0559
   -7.5000  -15.0000  -45.0000 2560.9592   12.1768
    0.0000  -15.0000  -45.0000 2576.7556   12.0260
    7.5000  -15.0000  -45.0000 2565.2393   12.1120
   -7.5000   -7.5000  -45.0000 2572.2019   12.2663
    0.0000   -7.5000  -45.0000 2592.9458   12.1035
    7.5000   -7.5000  -45.0000 2579.3953   12.1923
   -7.5000    0.0000  -45.0000 2571.1023   12.3395
    0.0000    0.0000  -45.0000 2595.4590   12.1701
    7.5000    0.0000  -45.0000 2581.9460   12.2849
   -7.5000    7.5000  -45.0000 2565.5872   12.4335
    0.0000    7.5000  -45.0000 2588.6953   12.3004
    7.5000    7.5000  -45.0000 2576.5952   12.4080
   -7.5000   15.0000  -45.0000 2549.5408   12.6668
    0.0000   15.0000  -45.0000 2577.4092   12.5329
    7.5000   15.0000  -45.0000 2557.1025   12.6650
   -7.5000   22.5000  -45.0000 2521.0332   13.1086
    0.0000   22.5000  -45.0000 2544.3115   12.9945
    7.5000   22.5000  -45.0000 2526.0764   13.1013
   -7.5000   30.0000  -45.0000 2464.5920   13.6979
    0.0000   30.0000  -45.0000 2490.4128   13.5774
    7.5000   30.0000  -45.0000 2467.5430   13.6882
   -7.5000   37.5000  -45.0000 2395.2498   14.4981
    0.0000   37.5000  -45.0000 2416.7202   14.3851
    7.5000   37.5000  -45.0000 2398.7300   14.4792
   -7.5000   45.0000  -45.0000 2309.4648   15.6878
    0.0000   45.0000  -45.0000 2329.5972   15.5998
    7.5000   45.0000  -45.0000 2312.4363   15.6536
   -7.5000  -45.0000  -37.5000 2573.8652   11.4519
    0.0000  -45.0000  -37.5000 2588.6018   11.3679
    7.5000  -45.0000  -37.5000 2571.2190   11.4646
   -7.5000  -37.5000  -37.5000 2597.7522   11.4214
    0.0000  -37.5000  -37.5000 2612.1431   11.3111
    7.5000  -37.5000  -37.5000 2596.0161   11.3974
   -7.5000  -30.0000  -37.5000 2611.2966   11.3680
    0.0000  -30.0000  -37.5000 2627.6963   11.2353
    7.5000  -30.0000  -37.5000 2613.5090   11.3329
   -7.5000  -22.5000  -37.5000 2630.2690   11.3545
    0.0000  -22.5000  -37.5000 2643.6909   11.2209
    7.5000  -22.5000  -37.5000 2637.1494   11.2956
   -7.5000  -15.0000  -37.5000 2642.1812   11.4191
    0.0000  -15.0000  -37.5000 2661.6069   11.2548
    7.5000  -15.0000  -37.5000 2651.4880   11.3272
   -7.5000   -7.5000  -37.5000 2653.9736   11.5150
    0.0000   -7.5000  -37.5000 2680.1328   11.3481
    7.5000   -7.5000  -37.5000 2664.1760   11.4027
   -7.5000    0.0000  -37.5000 2648.5491   11.5966
    0.0000    0.0000  -37.5000 2675.5039   11.4093
    7.5000    0.0000  -37.5000 2662.5198   11.4909
   -7.5000    7.5000  -37.5000 2644.1853   11.6803
    0.0000    7.5000  -37.5000 2674.3730   11.5393
    7.5000    7.5000  -37.5000 2659.6194   11.6312
   -7.5000   15.0000  -37.5000 2628.8694   11.9036
    0.0000   15.0000  -37.5000 2656.0964   11.7386
    7.5000   15.0000  -37.5000 2642.4104   11.8654
   -7.5000   22.5000  -37.5000 2601.1360   12.3239
    0.0000   22.5000  -37.5000 2631.2153   12.1761
    7.5000   22.5000  -37.5000 2613.2119   12.2775
   -7.5000   30.0000  -37.5000 2544.8242   12.8716
    0.0000   30.0000  -37.5000 2565.9197   12.7081
    7.5000   30.0000  -37.5000 2550.6016   12.8195
   -7.5000   37.5000  -37.5000 2474.4131   13.5969
    0.0000   37.5000  -37.5000 2493.3757   13.4545
    7.5000   37.5000  -37.5000 2477.5762   13.5654
   -7.5000   45.0000  -37.5000 2383.8518   14.6624
    0.0000   45.0000  -37.5000 2405.5613   14.5496
    7.5000   45.0000  -37.5000 2390.0723   14.6337
   -7.5000  -45.0000  -30.0000 2697.2476   11.1587
    0.0000  -45.0000  -30.0000 2711.9470   11.0616
    7.5000  -45.0000  -30.0000 2696.3940   11.1709
   -7.5000  -37.5000  -30.0000 2717.6899   11.0989
    0.0000  -37.5000  -30.0000 2734.4546   10.9966
    7.5000  -37.5000  -30.0000 2720.0469   11.1012
   -7.5000  -30.0000  -30.0000 2729.9104   11.0450
    0.0000  -30.0000  -30.0000 2748.9158   10.9143
    7.5000  -30.0000  -30.0000 2737.6924   11.0313
   -7.5000  -22.5000  -30.0000 2744.0857   11.0585
    0.0000  -22.5000  -30.0000 2766.5710   10.9142
    7.5000  -22.5000  -30.0000 2757.9465   10.9994
   -7.5000  -15.0000  -30.0000 2756.6763   11.1233
    0.0000  -15.0000  -30.0000 2783.9082   10.9669
    7.5000  -15.0000  -30.0000 2776.0063   11.0284
   -7.5000   -7.5000  -30.0000 2772.5076   11.2141
    0.0000   -7.5000  -30.0000 2804.8154   11.0526
    7.5000   -7.5000  -30.0000 2792.3750   11.0869
   -7.5000    0.0000  -30.0000 2773.8335   11.3044
    0.0000    0.0000  -30.0000 2808.8228   11.1156
    7.5000    0.0000  -30.0000 2791.2742   11.1611
   -7.5000    7.5000  -30.0000 2771.2549   11.3945
    0.0000    7.5000  -30.0000 2802.5344   11.1966
    7.5000    7.5000  -30.0000 2788.1865   11.2874
   -7.5000   15.0000  -30.0000 2758.4341   11.6110
    0.0000   15.0000  -30.0000 2786.0774   11.4059
    7.5000   15.0000  -30.0000 2772.4983   11.5164
   -7.5000   22.5000  -30.0000 2724.2349   12.0327
    0.0000   22.5000  -30.0000 2760.3789   11.8422
    7.5000   22.5000  -30.0000 2742.7979   11.9409
   -7.5000   30.0000  -30.0000 2668.3655   12.5653
    0.0000   30.0000  -30.0000 2695.7556   12.3595
    7.5000   30.0000  -30.0000 2679.2644   12.4808
   -7.5000   37.5000  -30.0000 2597.5713   13.2975
    0.0000   37.5000  -30.0000 2622.2222   13.1072
    7.5000   37.5000  -30.0000 2603.6196   13.2159
   -7.5000   45.0000  -30.0000 2508.7522   14.3025
    0.0000   45.0000  -30.0000 2529.7971   14.1280
    7.5000   45.0000  -30.0000 2514.7764   14.2533
   -7.5000  -45.0000  -22.5000 2780.8418   10.8196
    0.0000  -45.0000  -22.5000 2798.5193   10.7222
    7.5000  -45.0000  -22.5000 2779.3308   10.8447
   -7.5000  -37.5000  -22.5000 2794.7849   10.7454
    0.0000  -37.5000  -22.5000 2815.4844   10.6310
    7.5000  -37.5000  -22.5000 2799.5625   10.7488
   -7.5000  -30.0000  -22.5000 2804.2346   10.6928
    0.0000  -30.0000  -22.5000 2826.5154   10.5590
    7.5000  -30.0000  -22.5000 2819.6321   10.6731
   -7.5000  -22.5000  -22.5000 2815.9043   10.7013
    0.0000  -22.5000  -22.5000 2840.5195   10.5668
    7.5000  -22.5000  -22.5000 2834.1670   10.6603
   -7.5000  -15.0000  -22.5000 2828.2593   10.7758
    0.0000  -15.0000  -22.5000 2856.5322   10.6321
    7.5000  -15.0000  -22.5000 2850.5730   10.6902
   -7.5000   -7.5000  -22.5000 2843.6821   10.8876
    0.0000   -7.5000  -22.5000 2876.1943   10.7306
    7.5000   -7.5000  -22.5000 2865.6394   10.7517
   -7.5000    0.0000  -22.5000 2852.4756   10.9900
    0.0000    0.0000  -22.5000 2889.6621   10.8044
    7.5000    0.0000  -22.5000 2875.3418   10.8276
   -7.5000    7.5000  -22.5000 2855.6663   11.1253
    0.0000    7.5000  -22.5000 2890.4204   10.8660
    7.5000    7.5000  -22.5000 2868.2429   10.9735
   -7.5000   15.0000  -22.5000 2848.6912   11.3182
    0.0000   15.0000  -22.5000 2875.9998   11.0754
    7.5000   15.0000  -22.5000 2858.1218   11.1999
   -7.5000   22.5000  -22.5000 2816.4526   11.7236
    0.0000   22.5000  -22.5000 2852.1453   11.5212
    7.5000   22.5000  -22.5000 2828.3105   11.6091
   -7.5000   30.0000  -22.5000 2761.1655   12.2292
    0.0000   30.0000  -22.5000 2796.3098   12.0283
    7.5000   30.0000  -22.5000 2769.2954   12.1191
   -7.5000   37.5000  -22.5000 2684.5037   12.9560
    0.0000   37.5000  -22.5000 2717.3723   12.7672
    7.5000   37.5000  -22.5000 2692.3931   12.8535
   -7.5000   45.0000  -22.5000 2591.6992   13.9396
    0.0000   45.0000  -22.5000 2615.2117   13.7570
    7.5000   45.0000  -22.5000 2597.3450   13.8609
   -7.5000  -45.0000  -15.0000 2816.3567   10.4632
    0.0000  -45.0000  -15.0000 2833.4360   10.3841
    7.5000  -45.0000  -15.0000 2818.8389   10.4989
   -7.5000  -37.5000  -15.0000 2825.1147   10.3779
    0.0000  -37.5000  -15.0000 2848.6541   10.2886
    7.5000  -37.5000  -15.0000 2836.1902   10.4131
   -7.5000  -30.0000  -15.0000 2833.4236   10.3549
    0.0000  -30.0000  -15.0000 2857.7571   10.2460
    7.5000  -30.0000  -15.0000 2851.0969   10.3545
   -7.5000  -22.5000  -15.0000 2847.9580   10.3854
    0.0000  -22.5000  -15.0000 2866.1362   10.2795
    7.5000  -22.5000  -15.0000 2864.9448   10.3627
   -7.5000  -15.0000  -15.0000 2861.3689   10.4787
    0.0000  -15.0000  -15.0000 2885.9661   10.3715
    7.5000  -15.0000  -15.0000 2878.7693   10.4177
   -7.5000   -7.5000  -15.0000 2874.8872   10.6165
    0.0000   -7.5000  -15.0000 2901.6277   10.5351
    7.5000   -7.5000  -15.0000 2895.0437   10.5342
   -7.5000    0.0000  -15.0000 2892.5713   10.7722
    0.0000    0.0000  -15.0000 2928.6702   10.6985
    7.5000    0.0000  -15.0000 2911.5015   10.6573
   -7.5000    7.5000  -15.0000 2906.0562   10.9856
    0.0000    7.5000  -15.0000 2949.1062   10.8454
    7.5000    7.5000  -15.0000 2917.7397   10.8627
   -7.5000   15.0000  -15.0000 2899.3218   11.0871
    0.0000   15.0000  -15.0000 2938.7837   10.9516
    7.5000   15.0000  -15.0000 2902.3020   11.0170
   -7.5000   22.5000  -15.0000 2871.1257   11.4071
    0.0000   22.5000  -15.0000 2912.8318   11.3274
    7.5000   22.5000  -15.0000 2871.0703   11.3134
   -7.5000   30.0000  -15.0000 2811.4329   11.9079
    0.0000   30.0000  -15.0000 2848.3711   11.8148
    7.5000   30.0000  -15.0000 2812.6189   11.7938
   -7.5000   37.5000  -15.0000 2735.5635   12.5895
    0.0000   37.5000  -15.0000 2767.0940   12.4984
    7.5000   37.5000  -15.0000 2738.0234   12.5147
   -7.5000   45.0000  -15.0000 2637.1108   13.5766
    0.0000   45.0000  -15.0000 2661.8716   13.4731
    7.5000   45.0000  -15.0000 2641.5652   13.5123
   -7.5000  -45.0000   -7.5000 2826.1724   10.1615
    0.0000  -45.0000   -7.5000 2840.4509   10.0555
    7.5000  -45.0000   -7.5000 2833.3364   10.2187
   -7.5000  -37.5000   -7.5000 2831.6763   10.0896
    0.0000  -37.5000   -7.5000 2846.1340    9.9714
    7.5000  -37.5000   -7.5000 2845.3713   10.1457
   -7.5000  -30.0000   -7.5000 2841.4526   10.0975
    0.0000  -30.0000   -7.5000 2856.5852    9.9799
    7.5000  -30.0000   -7.5000 2859.5957   10.1035
   -7.5000  -22.5000   -7.5000 2858.0151   10.1647
    0.0000  -22.5000   -7.5000 2868.3535   10.0608
    7.5000  -22.5000   -7.5000 2873.3525   10.1297
   -7.5000  -15.0000   -7.5000 2876.8372   10.2682
    0.0000  -15.0000   -7.5000 2894.0815   10.2174
    7.5000  -15.0000   -7.5000 2891.1416   10.2357
   -7.5000   -7.5000   -7.5000 2891.4497   10.4105
    0.0000   -7.5000   -7.5000 2919.6694   10.4370
    7.5000   -7.5000   -7.5000 2910.4646   10.3867
   -7.5000    0.0000   -7.5000 2910.9187   10.5904
    0.0000    0.0000   -7.5000 2955.0864   10.6937
    7.5000    0.0000   -7.5000 2931.7493   10.5750
   -7.5000    7.5000   -7.5000 2933.8618   10.8022
    0.0000    7.5000   -7.5000 2990.0640   10.9243
    7.5000    7.5000   -7.5000 2948.6064   10.7858
   -7.5000   15.0000   -7.5000 2931.8735   10.9296
    0.0000   15.0000   -7.5000 2984.2776   10.9985
    7.5000   15.0000   -7.5000 2935.6323   10.9255
   -7.5000   22.5000   -7.5000 2897.1194   11.1564
    0.0000   22.5000   -7.5000 2939.3323   11.1543
    7.5000   22.5000   -7.5000 2897.7703   11.1045
   -7.5000   30.0000   -7.5000 2834.6479   11.5970
    0.0000   30.0000   -7.5000 2864.8286   11.5147
    7.5000   30.0000   -7.5000 2832.4382   11.5192
   -7.5000   37.5000   -7.5000 2756.1589   12.2974
    0.0000   37.5000   -7.5000 2780.4902   12.1604
    7.5000   37.5000   -7.5000 2758.0896   12.2167
   -7.5000   45.0000   -7.5000 2650.4402   13.3364
    0.0000   45.0000   -7.5000 2672.9895   13.2011
    7.5000   45.0000   -7.5000 2657.6467   13.2614
   -7.5000  -45.0000    0.0000 2821.3076   10.0045
    0.0000  -45.0000    0.0000 2829.4705    9.8980
    7.5000  -45.0000    0.0000 2840.9504   10.1077
   -7.5000  -37.5000    0.0000 2822.5374    9.9721
    0.0000  -37.5000    0.0000 2832.3843    9.8824
    7.5000  -37.5000    0.0000 2844.3289   10.0686
   -7.5000  -30.0000    0.0000 2833.8928    9.9962
    0.0000  -30.0000    0.0000 2843.7837    9.9241
    7.5000  -30.0000    0.0000 2851.6487   10.0445
   -7.5000  -22.5000    0.0000 2850.7717   10.0477
    0.0000  -22.5000    0.0000 2860.8452   10.0175
    7.5000  -22.5000    0.0000 2867.2197   10.0843
   -7.5000  -15.0000    0.0000 2873.9102   10.1582
    0.0000  -15.0000    0.0000 2893.3633   10.1826
    7.5000  -15.0000    0.0000 2887.5281   10.1837
   -7.5000   -7.5000    0.0000 2898.6758   10.3020
    0.0000   -7.5000    0.0000 2931.4453   10.3582
    7.5000   -7.5000    0.0000 2913.9761   10.3131
   -7.5000    0.0000    0.0000 2926.1360   10.5097
    0.0000    0.0000    0.0000 2971.2786   10.6081
    7.5000    0.0000    0.0000 2939.4280   10.5097
   -7.5000    7.5000    0.0000 2946.2412   10.7089
    0.0000    7.5000    0.0000 3002.2600   10.8359
    7.5000    7.5000    0.0000 2959.0010   10.7069
   -7.5000   15.0000    0.0000 2939.9211   10.8446
    0.0000   15.0000    0.0000 2992.2129   10.9062
    7.5000   15.0000    0.0000 2943.1704   10.8479
   -7.5000   22.5000    0.0000 2898.8220   11.0298
    0.0000   22.5000    0.0000 2936.0833   11.0260
    7.5000   22.5000    0.0000 2899.3701   11.0777
   -7.5000   30.0000    0.0000 2829.8857   11.5294
    0.0000   30.0000    0.0000 2857.9929   11.4126
    7.5000   30.0000    0.0000 2828.9453   11.5581
   -7.5000   37.5000    0.0000 2751.9976   12.2747
    0.0000   37.5000    0.0000 2774.1765   12.1061
    7.5000   37.5000    0.0000 2751.6545   12.2597
   -7.5000   45.0000    0.0000 2646.8496   13.3101
    0.0000   45.0000    0.0000 2666.0801   13.1276
    7.5000   45.0000    0.0000 2651.0679   13.2571
   -7.5000  -45.0000    7.5000 2823.5527   10.0066
    0.0000  -45.0000    7.5000 2836.6677    9.9765
    7.5000  -45.0000    7.5000 2843.1238   10.1788
   -7.5000  -37.5000    7.5000 2824.2981   10.0022
    0.0000  -37.5000    7.5000 2838.1624    9.9754
    7.5000  -37.5000    7.5000 2842.1553   10.1610
   -7.5000  -30.0000    7.5000 2829.0388    9.9960
    0.0000  -30.0000    7.5000 2840.8286   10.0005
    7.5000  -30.0000    7.5000 2843.1780   10.1190
   -7.5000  -22.5000    7.5000 2843.3821   10.0265
    0.0000  -22.5000    7.5000 2856.6243   10.0588
    7.5000  -22.5000    7.5000 2855.3291   10.1221
   -7.5000  -15.0000    7.5000 2865.5959   10.1255
    0.0000  -15.0000    7.5000 2885.4524   10.1463
    7.5000  -15.0000    7.5000 2877.0107   10.1650
   -7.5000   -7.5000    7.5000 2898.2219   10.2769
    0.0000   -7.5000    7.5000 2926.6580   10.2796
    7.5000   -7.5000    7.5000 2908.0923   10.2926
   -7.5000    0.0000    7.5000 2928.0605   10.5229
    0.0000    0.0000    7.5000 2964.9900   10.5480
    7.5000    0.0000    7.5000 2933.9983   10.5068
   -7.5000    7.5000    7.5000 2946.5254   10.7565
    0.0000    7.5000    7.5000 2986.9214   10.7733
    7.5000    7.5000    7.5000 2950.4639   10.7198
   -7.5000   15.0000    7.5000 2932.0757   10.8669
    0.0000   15.0000    7.5000 2973.3000   10.8263
    7.5000   15.0000    7.5000 2931.6689   10.8795
   -7.5000   22.5000    7.5000 2894.1458   11.1475
    0.0000   22.5000    7.5000 2926.8704   10.9946
    7.5000   22.5000    7.5000 2891.1697   11.1745
   -7.5000   30.0000    7.5000 2830.6541   11.7370
    0.0000   30.0000    7.5000 2859.4143   11.5649
    7.5000   30.0000    7.5000 2829.3806   11.7496
   -7.5000   37.5000    7.5000 2740.6074   12.5256
    0.0000   37.5000    7.5000 2759.5840   12.3812
    7.5000   37.5000    7.5000 2741.1147   12.5433
   -7.5000   45.0000    7.5000 2634.0771   13.5574
    0.0000   45.0000    7.5000 2644.0686   13.4159
    7.5000   45.0000    7.5000 2632.1558   13.5578
   -7.5000  -45.0000   15.0000 2830.0183   10.1453
    0.0000  -45.0000   15.0000 2845.3831   10.1770
    7.5000  -45.0000   15.0000 2833.9766   10.3450
   -7.5000  -37.5000   15.0000 2833.7830   10.1347
    0.0000  -37.5000   15.0000 2844.4055   10.1580
    7.5000  -37.5000   15.0000 2836.5344   10.3087
   -7.5000  -30.0000   15.0000 2830.8606   10.1281
    0.0000  -30.0000   15.0000 2840.3721   10.1456
    7.5000  -30.0000   15.0000 2832.9580   10.2531
   -7.5000  -22.5000   15.0000 2840.7998   10.1524
    0.0000  -22.5000   15.0000 2853.5371   10.1569
    7.5000  -22.5000   15.0000 2843.5315   10.2592
   -7.5000  -15.0000   15.0000 2858.6487   10.2452
    0.0000  -15.0000   15.0000 2871.5222   10.2337
    7.5000  -15.0000   15.0000 2863.0879   10.3142
   -7.5000   -7.5000   15.0000 2888.7305   10.4365
    0.0000   -7.5000   15.0000 2902.2036   10.4213
    7.5000   -7.5000   15.0000 2884.6709   10.4689
   -7.5000    0.0000   15.0000 2910.0354   10.6934
    0.0000    0.0000   15.0000 2930.7446   10.7085
    7.5000    0.0000   15.0000 2906.5908   10.7037
   -7.5000    7.5000   15.0000 2920.1335   10.9294
    0.0000    7.5000   15.0000 2947.7080   10.9064
    7.5000    7.5000   15.0000 2916.1628   10.9213
   -7.5000   15.0000   15.0000 2906.2751   11.0918
    0.0000   15.0000   15.0000 2924.9019   10.9456
    7.5000   15.0000   15.0000 2896.9792   11.1316
   -7.5000   22.5000   15.0000 2867.9534   11.4719
    0.0000   22.5000   15.0000 2889.8416   11.2786
    7.5000   22.5000   15.0000 2863.6689   11.4887
   -7.5000   30.0000   15.0000 2802.7466   12.0973
    0.0000   30.0000   15.0000 2823.5198   11.9519
    7.5000   30.0000   15.0000 2799.7080   12.1125
   -7.5000   37.5000   15.0000 2707.1069   12.9285
    0.0000   37.5000   15.0000 2724.7476   12.7675
    7.5000   37.5000   15.0000 2707.7349   12.9311
   -7.5000   45.0000   15.0000 2597.0281   13.9570
    0.0000   45.0000   15.0000 2609.1685   13.8033
    7.5000   45.0000   15.0000 2599.6147   13.9610
   -7.5000  -45.0000   22.5000 2829.8213   10.3895
    0.0000  -45.0000   22.5000 2843.7915   10.4001
    7.5000  -45.0000   22.5000 2827.8140   10.5396
   -7.5000  -37.5000   22.5000 2835.6008   10.3902
    0.0000  -37.5000   22.5000 2847.2737   10.3672
    7.5000  -37.5000   22.5000 2832.9197   10.5262
   -7.5000  -30.0000   22.5000 2828.7483   10.3849
    0.0000  -30.0000   22.5000 2843.5337   10.3518
    7.5000  -30.0000   22.5000 2828.1331   10.4727
   -7.5000  -22.5000   22.5000 2833.7065   10.4236
    0.0000  -22.5000   22.5000 2842.2454   10.3622
    7.5000  -22.5000   22.5000 2833.2012   10.4901
   -7.5000  -15.0000   22.5000 2848.8513   10.5307
    0.0000  -15.0000   22.5000 2852.4470   10.4797
    7.5000  -15.0000   22.5000 2844.6521   10.5786
   -7.5000   -7.5000   22.5000 2862.2393   10.7499
    0.0000   -7.5000   22.5000 2874.3523   10.7011
    7.5000   -7.5000   22.5000 2860.3333   10.7725
   -7.5000    0.0000   22.5000 2872.6335   11.0049
    0.0000    0.0000   22.5000 2884.4514   10.9777
    7.5000    0.0000   22.5000 2869.5061   11.0052
   -7.5000    7.5000   22.5000 2874.8145   11.2603
    0.0000    7.5000   22.5000 2893.9058   11.1706
    7.5000    7.5000   22.5000 2870.6965   11.2488
   -7.5000   15.0000   22.5000 2856.2322   11.5020
    0.0000   15.0000   22.5000 2868.2124   11.3562
    7.5000   15.0000   22.5000 2848.6238   11.5290
   -7.5000   22.5000   22.5000 2815.7034   11.9674
    0.0000   22.5000   22.5000 2830.0068   11.7985
    7.5000   22.5000   22.5000 2813.7336   11.9873
   -7.5000   30.0000   22.5000 2746.7700   12.6303
    0.0000   30.0000   22.5000 2767.0911   12.4709
    7.5000   30.0000   22.5000 2748.6279   12.6375
   -7.5000   37.5000   22.5000 2657.6355   13.4577
    0.0000   37.5000   22.5000 2675.9802   13.2826
    7.5000   37.5000   22.5000 2657.4768   13.4430
   -7.5000   45.0000   22.5000 2555.3442   14.4793
    0.0000   45.0000   22.5000 2571.0059   14.3130
    7.5000   45.0000   22.5000 2558.2471   14.4659
   -7.5000  -45.0000   30.0000 2809.6423   10.6720
    0.0000  -45.0000   30.0000 2827.2559   10.6313
    7.5000  -45.0000   30.0000 2810.7290   10.7834
   -7.5000  -37.5000   30.0000 2813.4353   10.7148
    0.0000  -37.5000   30.0000 2829.2422   10.6432
    7.5000  -37.5000   30.0000 2818.2561   10.7903
   -7.5000  -30.0000   30.0000 2812.4639   10.7476
    0.0000  -30.0000   30.0000 2827.0364   10.6417
    7.5000  -30.0000   30.0000 2816.3374   10.7858
   -7.5000  -22.5000   30.0000 2817.4192   10.7826
    0.0000  -22.5000   30.0000 2825.2000   10.6755
    7.5000  -22.5000   30.0000 2817.6438   10.8175
   -7.5000  -15.0000   30.0000 2823.4170   10.9024
    0.0000  -15.0000   30.0000 2829.8403   10.8134
    7.5000  -15.0000   30.0000 2820.0415   10.9271
   -7.5000   -7.5000   30.0000 2829.2939   11.1356
    0.0000   -7.5000   30.0000 2838.8950   11.0649
    7.5000   -7.5000   30.0000 2826.1052   11.1569
   -7.5000    0.0000   30.0000 2830.1704   11.4256
    0.0000    0.0000   30.0000 2840.0181   11.3355
    7.5000    0.0000   30.0000 2829.2830   11.4235
   -7.5000    7.5000   30.0000 2811.7358   11.6790
    0.0000    7.5000   30.0000 2828.1038   11.5515
    7.5000    7.5000   30.0000 2814.0354   11.6822
   -7.5000   15.0000   30.0000 2788.9446   12.0342
    0.0000   15.0000   30.0000 2792.8188   11.8798
    7.5000   15.0000   30.0000 2784.8584   12.0551
   -7.5000   22.5000   30.0000 2748.6426   12.5806
    0.0000   22.5000   30.0000 2758.4419   12.4256
    7.5000   22.5000   30.0000 2747.6108   12.5747
   -7.5000   30.0000   30.0000 2682.1128   13.2866
    0.0000   30.0000   30.0000 2700.1038   13.1146
    7.5000   30.0000   30.0000 2683.8989   13.2517
   -7.5000   37.5000   30.0000 2599.7581   14.0957
    0.0000   37.5000   30.0000 2618.0310   13.9318
    7.5000   37.5000   30.0000 2600.9507   14.0841
   -7.5000   45.0000   30.0000 2504.4736   15.1425
    0.0000   45.0000   30.0000 2523.8955   14.9618
    7.5000   45.0000   30.0000 2508.1040   15.1018
   -7.5000  -45.0000   37.5000 2777.9043   11.0015
    0.0000  -45.0000   37.5000 2789.3167   10.9150
    7.5000  -45.0000   37.5000 2781.5847   11.1077
   -7.5000  -37.5000   37.5000 2782.8733   11.0916
    0.0000  -37.5000   37.5000 2794.3333   10.9692
    7.5000  -37.5000   37.5000 2787.0581   11.1748
   -7.5000  -30.0000   37.5000 2781.6726   11.1423
    0.0000  -30.0000   37.5000 2787.2297   11.0074
    7.5000  -30.0000   37.5000 2782.8608   11.2091
   -7.5000  -22.5000   37.5000 2781.1936   11.2237
    0.0000  -22.5000   37.5000 2785.6021   11.0885
    7.5000  -22.5000   37.5000 2781.1646   11.2589
   -7.5000  -15.0000   37.5000 2784.5938   11.3561
    0.0000  -15.0000   37.5000 2786.6248   11.2378
    7.5000  -15.0000   37.5000 2782.1035   11.3951
   -7.5000   -7.5000   37.5000 2778.8196   11.6052
    0.0000   -7.5000   37.5000 2788.0605   11.4896
    7.5000   -7.5000   37.5000 2779.7656   11.6329
   -7.5000    0.0000   37.5000 2766.6775   11.8956
    0.0000    0.0000   37.5000 2778.6721   11.7889
    7.5000    0.0000   37.5000 2768.8086   11.9236
   -7.5000    7.5000   37.5000 2745.2366   12.2116
    0.0000    7.5000   37.5000 2756.8708   12.0839
    7.5000    7.5000   37.5000 2744.0496   12.2591
   -7.5000   15.0000   37.5000 2713.2417   12.6508
    0.0000   15.0000   37.5000 2720.1704   12.5336
    7.5000   15.0000   37.5000 2714.8928   12.6941
   -7.5000   22.5000   37.5000 2666.0886   13.2734
    0.0000   22.5000   37.5000 2679.5820   13.1361
    7.5000   22.5000   37.5000 2675.2021   13.2762
   -7.5000   30.0000   37.5000 2609.1792   14.0112
    0.0000   30.0000   37.5000 2622.7161   13.8422
    7.5000   30.0000   37.5000 2613.4358   13.9966
   -7.5000   37.5000   37.5000 2540.3040   14.8621
    0.0000   37.5000   37.5000 2560.9016   14.6859
    7.5000   37.5000   37.5000 2540.2749   14.8203
   -7.5000   45.0000   37.5000 2447.8384   15.9142
    0.0000   45.0000   37.5000 2475.3462   15.7299
    7.5000   45.0000   37.5000 2448.2644   15.8636
   -7.5000  -45.0000   45.0000 2732.2922   11.4326
    0.0000  -45.0000   45.0000 2738.5630   11.3198
    7.5000  -45.0000   45.0000 2737.2991   11.5520
   -7.5000  -37.5000   45.0000 2729.0859   11.5204
    0.0000  -37.5000   45.0000 2733.0913   11.3888
    7.5000  -37.5000   45.0000 2731.7124   11.6257
   -7.5000  -30.0000   45.0000 2723.9441   11.6215
    0.0000  -30.0000   45.0000 2727.6274   11.4691
    7.5000  -30.0000   45.0000 2725.5532   11.6760
   -7.5000  -22.5000   45.0000 2718.1721   11.7385
    0.0000  -22.5000   45.0000 2721.8489   11.6005
    7.5000  -22.5000   45.0000 2720.2310   11.7737
   -7.5000  -15.0000   45.0000 2715.3079   11.9072
    0.0000  -15.0000   45.0000 2719.7236   11.7930
    7.5000  -15.0000   45.0000 2713.8940   11.9450
   -7.5000   -7.5000   45.0000 2712.4897   12.1751
    0.0000   -7.5000   45.0000 2722.1763   12.0511
    7.5000   -7.5000   45.0000 2710.9824   12.2098
   -7.5000    0.0000   45.0000 2695.0203   12.5028
    0.0000    0.0000   45.0000 2710.1997   12.3712
    7.5000    0.0000   45.0000 2696.6230   12.5377
   -7.5000    7.5000   45.0000 2666.5366   12.8737
    0.0000    7.5000   45.0000 2682.0334   12.7627
    7.5000    7.5000   45.0000 2666.9844   12.9249
   -7.5000   15.0000   45.0000 2631.0510   13.4149
    0.0000   15.0000   45.0000 2641.5764   13.3171
    7.5000   15.0000   45.0000 2633.1128   13.4540
   -7.5000   22.5000   45.0000 2585.0955   14.1125
    0.0000   22.5000   45.0000 2600.6655   13.9912
    7.5000   22.5000   45.0000 2591.7642   14.0754
   -7.5000   30.0000   45.0000 2532.0593   14.8927
    0.0000   30.0000   45.0000 2548.0452   14.7514
    7.5000   30.0000   45.0000 2535.8069   14.8522
   -7.5000   37.5000   45.0000 2462.4639   15.7803
    0.0000   37.5000   45.0000 2484.9360   15.6334
    7.5000   37.5000   45.0000 2462.1431   15.7363
   -7.5000   45.0000   45.0000 2379.0303   16.8385
    0.0000   45.0000   45.0000 2405.2693   16.7022
    7.5000   45.0000   45.0000 2375.6438   16.7971

---------------------------------------------------------------------
imgreg_4dfp /opt/freesurfer/average/711-2C_as_mni_average_305 /opt/freesurfer/average/711-2B_as_mni_average_305_mask talsrcimg_g11 none talsrcimg_to_711-2C_as_mni_average_305_t4 1283
---------------------------------------------------------------------

freesurfer imgreg_4dfp.c
/opt/freesurfer/average/711-2C_as_mni_average_305.4dfp.img
       256       256       256         1
  1.000000  1.000000  1.000000
orientation T byte_order littleendian
Reading image: /opt/freesurfer/average/711-2C_as_mni_average_305.4dfp.img
dimensions:      256       256       256
mmppix:       1.0000   -1.0000   -1.0000
center:     128.0000 -129.0000 -129.0000
/opt/freesurfer/average/711-2B_as_mni_average_305_mask.4dfp.img
       256       256       256         1
  1.000000  1.000000  1.000000
orientation T byte_order littleendian
Reading mask: /opt/freesurfer/average/711-2B_as_mni_average_305_mask.4dfp.img (2306576 pixels)
talsrcimg_g11.4dfp.img
       256       256       256         1
  1.000000  1.000000  1.000000
orientation T byte_order littleendian
Reading image: talsrcimg_g11.4dfp.img
dimensions:      256       256       256
mmppix:       1.0000   -1.0000   -1.0000
center:     128.0000 -129.0000 -129.0000
rotation matrix determinant  1.000000
fimgreg.f
image alignment mode   1283 decimal      503 hex
parameters
    0.0000    7.5000    0.0000    0.0000    0.0000    0.0000
eta,q 0.93810 10.86952
niter,ni,del,rscale     5    3   12.0000    1.2000
parameter  2 -1.006797 -> -0.500000 qaram    1.1500
parameter  4 -7.529174 ->  0.500000 qaram    1.1500
parameters
    0.4522   10.9500    1.4602   -3.4500    0.0595    0.1433
eta,q 0.94276 10.90127
  0.0756  0.0701  0.0636  0.0535  0.0609  0.0614
  0.0706  0.0675  0.0627  0.0564  0.0592  0.0592
  0.0660  0.0651  0.0622  0.0591  0.0578  0.0575
  0.0639  0.0636  0.0617  0.0608  0.0572  0.0572
  0.0647  0.0623  0.0609  0.0616  0.0579  0.0582
  0.0679  0.0613  0.0611  0.0635  0.0590  0.0592
  0.0730  0.0613  0.0626  0.0668  0.0608  0.0606
niter,ni,del,rscale     6    3   12.0000    1.2000
parameter  4  3.882877 ->  0.500000 qaram    1.3225
parameters
    0.0599   12.3048    0.6648   -7.4175   -0.2447    1.3798
eta,q 0.94997 10.90600
  0.0658  0.0648  0.0573  0.0493  0.0554  0.0559
  0.0603  0.0622  0.0567  0.0503  0.0536  0.0535
  0.0575  0.0603  0.0559  0.0523  0.0516  0.0519
  0.0572  0.0573  0.0555  0.0556  0.0507  0.0507
  0.0589  0.0550  0.0558  0.0594  0.0517  0.0499
  0.0625  0.0570  0.0569  0.0614  0.0539  0.0507
  0.0677  0.0622  0.0596  0.0641  0.0568  0.0533
niter,ni,del,rscale     6    3   12.0000    1.2000
parameter  4  0.633017 ->  0.500000 qaram    1.5209
parameters
    0.4723   12.3020   -0.8667  -11.9801   -0.9987    0.7456
eta,q 0.95283 10.85523
  0.0636  0.0606  0.0530  0.0492  0.0511  0.0504
  0.0568  0.0548  0.0510  0.0476  0.0493  0.0488
  0.0521  0.0514  0.0499  0.0473  0.0476  0.0476
  0.0500  0.0500  0.0500  0.0498  0.0473  0.0471
  0.0510  0.0506  0.0521  0.0540  0.0486  0.0477
  0.0544  0.0541  0.0550  0.0588  0.0506  0.0498
  0.0605  0.0613  0.0574  0.0622  0.0538  0.0526
niter,ni,del,rscale     6    3   12.0000    1.2000
parameters
    0.5784   13.2298   -3.7409  -15.8847   -0.9766   -0.6659
eta,q 0.95592 10.90255
  0.0609  0.0582  0.0474  0.0464  0.0513  0.0461
  0.0546  0.0528  0.0460  0.0459  0.0482  0.0444
  0.0497  0.0492  0.0455  0.0439  0.0458  0.0441
  0.0472  0.0471  0.0467  0.0455  0.0443  0.0443
  0.0487  0.0468  0.0491  0.0486  0.0449  0.0450
  0.0535  0.0492  0.0516  0.0526  0.0476  0.0468
  0.0605  0.0539  0.0542  0.0574  0.0519  0.0496
niter,ni,del,rscale     5    3   12.0000    1.2000
parameters
    0.4569   14.8727   -5.5924  -20.2505   -0.8821   -0.6299
eta,q 0.95819 11.02978
  0.0590  0.0570  0.0461  0.0426  0.0489  0.0459
  0.0521  0.0519  0.0429  0.0421  0.0455  0.0432
  0.0465  0.0474  0.0417  0.0416  0.0429  0.0422
  0.0441  0.0441  0.0428  0.0417  0.0418  0.0418
  0.0466  0.0428  0.0461  0.0452  0.0425  0.0419
  0.0527  0.0448  0.0490  0.0495  0.0451  0.0431
  0.0606  0.0496  0.0510  0.0538  0.0486  0.0459
niter,ni,del,rscale     4    3   12.0000    1.2000
parameters
    0.2790   17.3474   -6.8569  -24.2675   -0.0337   -1.2051
eta,q 0.96260 10.98050
  0.0582  0.0538  0.0440  0.0400  0.0480  0.0420
  0.0499  0.0486  0.0412  0.0381  0.0432  0.0386
  0.0438  0.0449  0.0394  0.0379  0.0396  0.0375
  0.0418  0.0418  0.0395  0.0391  0.0379  0.0375
  0.0447  0.0396  0.0419  0.0415  0.0374  0.0385
  0.0515  0.0398  0.0455  0.0467  0.0395  0.0404
  0.0599  0.0445  0.0500  0.0516  0.0439  0.0437
niter,ni,del,rscale     3    3   12.0000    1.2000
parameters
   -0.0636   17.4822   -8.2095  -25.4550    0.1621   -0.7881
eta,q 0.96369 10.97241
  0.0545  0.0480  0.0422  0.0425  0.0456  0.0423
  0.0450  0.0437  0.0381  0.0394  0.0410  0.0383
  0.0390  0.0401  0.0362  0.0372  0.0378  0.0367
  0.0374  0.0373  0.0372  0.0362  0.0364  0.0363
  0.0410  0.0380  0.0402  0.0387  0.0364  0.0367
  0.0486  0.0422  0.0438  0.0419  0.0394  0.0377
  0.0580  0.0484  0.0485  0.0467  0.0452  0.0404
niter,ni,del,rscale     2    3   12.0000    1.2000
parameters
   -0.1469   17.6458   -8.3704  -25.8014    0.1373   -0.7132
eta,q 0.96365 10.97380
  0.0558  0.0476  0.0457  0.0433  0.0450  0.0414
  0.0454  0.0425  0.0403  0.0405  0.0406  0.0378
  0.0386  0.0385  0.0370  0.0376  0.0375  0.0366
  0.0363  0.0363  0.0362  0.0362  0.0363  0.0363
  0.0393  0.0371  0.0381  0.0373  0.0366  0.0367
  0.0465  0.0410  0.0416  0.0408  0.0400  0.0379
  0.0565  0.0474  0.0461  0.0451  0.0460  0.0409
niter,ni,del,rscale     1    3   12.0000    1.2000
parameters
   -0.1454   17.6923   -8.4341  -25.8905    0.1116   -0.6831
eta,q 0.96362 10.97466
  0.0563  0.0473  0.0461  0.0436  0.0450  0.0413
  0.0458  0.0420  0.0406  0.0409  0.0406  0.0378
  0.0389  0.0383  0.0373  0.0378  0.0375  0.0367
  0.0363  0.0363  0.0363  0.0363  0.0364  0.0364
  0.0391  0.0373  0.0379  0.0369  0.0367  0.0368
  0.0461  0.0412  0.0413  0.0404  0.0400  0.0379
  0.0560  0.0477  0.0460  0.0447  0.0460  0.0410
registration optimization eta report
parameter search radius
    6.0000    6.9000    6.0000    9.1253    6.0000    6.0000
100000*second partial in parameter space
       54.       23.       27.        9.       26.       14.
  0.0563  0.0473  0.0461  0.0436  0.0450  0.0413
  0.0458  0.0420  0.0406  0.0409  0.0406  0.0378
  0.0389  0.0383  0.0373  0.0378  0.0375  0.0367
  0.0363  0.0363  0.0363  0.0363  0.0364  0.0364
  0.0391  0.0373  0.0379  0.0369  0.0367  0.0368
  0.0461  0.0412  0.0413  0.0404  0.0400  0.0379
  0.0560  0.0477  0.0460  0.0447  0.0460  0.0410
   -0.1454   17.6923   -8.4341  -25.8905    0.1116   -0.6831
eta,q 0.96362 10.97466

---------------------------------------------------------------------
imgreg_4dfp /opt/freesurfer/average/711-2C_as_mni_average_305 /opt/freesurfer/average/711-2B_as_mni_average_305_mask talsrcimg_g11 none talsrcimg_to_711-2C_as_mni_average_305_t4 3335
---------------------------------------------------------------------

freesurfer imgreg_4dfp.c
/opt/freesurfer/average/711-2C_as_mni_average_305.4dfp.img
       256       256       256         1
  1.000000  1.000000  1.000000
orientation T byte_order littleendian
Reading image: /opt/freesurfer/average/711-2C_as_mni_average_305.4dfp.img
dimensions:      256       256       256
mmppix:       1.0000   -1.0000   -1.0000
center:     128.0000 -129.0000 -129.0000
/opt/freesurfer/average/711-2B_as_mni_average_305_mask.4dfp.img
       256       256       256         1
  1.000000  1.000000  1.000000
orientation T byte_order littleendian
Reading mask: /opt/freesurfer/average/711-2B_as_mni_average_305_mask.4dfp.img (2306576 pixels)
talsrcimg_g11.4dfp.img
       256       256       256         1
  1.000000  1.000000  1.000000
orientation T byte_order littleendian
Reading image: talsrcimg_g11.4dfp.img
dimensions:      256       256       256
mmppix:       1.0000   -1.0000   -1.0000
center:     128.0000 -129.0000 -129.0000
fimgreg.f
image alignment mode   3335 decimal      D07 hex
parameters
   -0.1454   17.6923   -8.4341   -0.0073  -10.0444  -10.0371
    1.1576    0.3455   -1.1922   43.6642    0.1947  -43.6651
eta,q 0.96474 11.06122
niter,ni,del,rscale     5    3    5.0000    1.2000
parameter  4  0.586559 ->  0.500000 qaram    1.1500
parameter  5  3.024894 ->  0.500000 qaram    1.1500
parameter 11  0.857711 ->  0.500000 qaram    1.1500
parameter 12 -0.722428 -> -0.500000 qaram    1.1500
parameters
   -0.4351   18.2853   -8.6465   -4.1473  -14.1844  -12.4270
    2.9134   -0.0831    0.4577   40.3750   -3.9453  -39.5251
eta,q 0.97243 10.65164
  0.0380  0.0378  0.0364  0.0343  0.0279  0.0308  0.0334  0.0334  0.0322  0.0300  0.0284  0.0318
  0.0363  0.0366  0.0356  0.0338  0.0296  0.0301  0.0318  0.0313  0.0310  0.0291  0.0283  0.0305
  0.0353  0.0357  0.0352  0.0340  0.0316  0.0299  0.0306  0.0301  0.0302  0.0291  0.0286  0.0293
  0.0353  0.0352  0.0351  0.0351  0.0338  0.0301  0.0299  0.0297  0.0297  0.0296  0.0290  0.0284
  0.0360  0.0351  0.0354  0.0373  0.0361  0.0308  0.0298  0.0304  0.0297  0.0309  0.0296  0.0277
  0.0375  0.0354  0.0360  0.0406  0.0388  0.0320  0.0302  0.0319  0.0300  0.0325  0.0304  0.0276
  0.0397  0.0361  0.0369  0.0446  0.0420  0.0341  0.0311  0.0345  0.0306  0.0346  0.0314  0.0278
niter,ni,del,rscale     7    3    5.0000    1.2000
parameter  5  0.812226 ->  0.500000 qaram    1.3225
parameters
   -0.5029   18.0979   -8.4170   -5.3470  -18.9454  -12.2323
    2.3526   -0.1533   -0.3836   40.6174   -5.5201  -40.4004
eta,q 0.97434 10.44891
  0.0308  0.0296  0.0298  0.0300  0.0261  0.0290  0.0283  0.0301  0.0275  0.0293  0.0267  0.0277
  0.0291  0.0284  0.0286  0.0288  0.0258  0.0274  0.0268  0.0277  0.0264  0.0276  0.0261  0.0265
  0.0279  0.0277  0.0279  0.0280  0.0263  0.0262  0.0260  0.0262  0.0259  0.0263  0.0257  0.0258
  0.0276  0.0276  0.0276  0.0275  0.0277  0.0258  0.0258  0.0258  0.0258  0.0258  0.0258  0.0257
  0.0280  0.0280  0.0277  0.0281  0.0296  0.0263  0.0264  0.0265  0.0263  0.0261  0.0261  0.0263
  0.0293  0.0289  0.0282  0.0297  0.0319  0.0274  0.0275  0.0279  0.0272  0.0272  0.0268  0.0273
  0.0313  0.0303  0.0291  0.0327  0.0346  0.0285  0.0290  0.0301  0.0285  0.0289  0.0277  0.0286
niter,ni,del,rscale     7    3    5.0000    1.2000
parameters
   -0.4669   18.2111   -8.3957   -5.0826  -20.7771  -12.1040
    2.3073   -0.0291   -0.4710   41.1073   -5.6230  -41.2073
eta,q 0.97455 10.42403
  0.0292  0.0287  0.0276  0.0289  0.0282  0.0286  0.0284  0.0301  0.0277  0.0290  0.0269  0.0275
  0.0274  0.0271  0.0265  0.0274  0.0266  0.0270  0.0268  0.0276  0.0265  0.0273  0.0262  0.0263
  0.0261  0.0261  0.0259  0.0264  0.0257  0.0259  0.0258  0.0260  0.0257  0.0261  0.0257  0.0256
  0.0257  0.0257  0.0257  0.0257  0.0256  0.0255  0.0255  0.0255  0.0255  0.0255  0.0255  0.0255
  0.0260  0.0259  0.0259  0.0256  0.0267  0.0260  0.0259  0.0261  0.0258  0.0257  0.0257  0.0260
  0.0272  0.0268  0.0265  0.0267  0.0288  0.0271  0.0269  0.0276  0.0266  0.0267  0.0262  0.0270
  0.0291  0.0282  0.0275  0.0290  0.0314  0.0282  0.0284  0.0297  0.0278  0.0283  0.0270  0.0283
niter,ni,del,rscale     6    3    5.0000    1.2000
parameters
   -0.4371   18.3461   -8.4196   -4.9516  -21.2875  -12.0104
    2.2798    0.0246   -0.4393   41.4601   -5.5585  -41.5316
eta,q 0.97457 10.43315
  0.0290  0.0285  0.0273  0.0286  0.0290  0.0285  0.0284  0.0300  0.0277  0.0288  0.0269  0.0277
  0.0272  0.0269  0.0263  0.0272  0.0272  0.0268  0.0268  0.0275  0.0265  0.0271  0.0262  0.0265
  0.0259  0.0259  0.0256  0.0262  0.0259  0.0257  0.0258  0.0260  0.0257  0.0260  0.0257  0.0257
  0.0255  0.0255  0.0254  0.0254  0.0254  0.0254  0.0254  0.0254  0.0254  0.0254  0.0254  0.0254
  0.0258  0.0257  0.0257  0.0255  0.0260  0.0260  0.0259  0.0261  0.0257  0.0257  0.0256  0.0258
  0.0270  0.0265  0.0264  0.0266  0.0277  0.0270  0.0269  0.0276  0.0265  0.0267  0.0261  0.0268
  0.0289  0.0279  0.0274  0.0290  0.0301  0.0280  0.0284  0.0297  0.0277  0.0283  0.0269  0.0281
niter,ni,del,rscale     5    3    5.0000    1.2000
parameters
   -0.4304   18.3976   -8.4385   -4.9100  -21.4845  -11.9275
    2.2733    0.0421   -0.4096   41.6284   -5.5179  -41.6756
eta,q 0.97456 10.44017
  0.0290  0.0283  0.0273  0.0286  0.0293  0.0284  0.0284  0.0299  0.0277  0.0286  0.0269  0.0278
  0.0271  0.0268  0.0263  0.0272  0.0274  0.0268  0.0268  0.0274  0.0265  0.0270  0.0262  0.0266
  0.0259  0.0258  0.0256  0.0262  0.0260  0.0257  0.0258  0.0259  0.0257  0.0259  0.0257  0.0257
  0.0254  0.0254  0.0254  0.0254  0.0254  0.0254  0.0254  0.0254  0.0254  0.0254  0.0254  0.0254
  0.0258  0.0257  0.0257  0.0255  0.0259  0.0260  0.0258  0.0261  0.0257  0.0257  0.0256  0.0258
  0.0270  0.0266  0.0263  0.0267  0.0275  0.0270  0.0268  0.0275  0.0265  0.0267  0.0262  0.0267
  0.0290  0.0281  0.0274  0.0291  0.0298  0.0279  0.0283  0.0297  0.0277  0.0284  0.0269  0.0280
niter,ni,del,rscale     4    3    5.0000    1.2000
parameters
   -0.4302   18.4167   -8.4437   -4.8973  -21.5763  -11.8808
    2.2726    0.0491   -0.3861   41.7025   -5.4938  -41.7332
eta,q 0.97456 10.44313
  0.0289  0.0283  0.0273  0.0286  0.0294  0.0283  0.0284  0.0299  0.0277  0.0285  0.0269  0.0279
  0.0271  0.0267  0.0263  0.0272  0.0275  0.0267  0.0268  0.0274  0.0265  0.0269  0.0262  0.0266
  0.0259  0.0258  0.0256  0.0262  0.0261  0.0256  0.0258  0.0259  0.0257  0.0259  0.0257  0.0257
  0.0254  0.0254  0.0254  0.0254  0.0254  0.0254  0.0254  0.0254  0.0254  0.0254  0.0254  0.0254
  0.0258  0.0258  0.0257  0.0255  0.0258  0.0260  0.0258  0.0261  0.0257  0.0258  0.0256  0.0258
  0.0270  0.0267  0.0263  0.0267  0.0274  0.0270  0.0268  0.0276  0.0265  0.0268  0.0262  0.0267
  0.0290  0.0281  0.0273  0.0291  0.0298  0.0279  0.0283  0.0297  0.0277  0.0285  0.0269  0.0279
niter,ni,del,rscale     3    3    5.0000    1.2000
parameters
   -0.4313   18.4256   -8.4429   -4.8870  -21.6145  -11.8518
    2.2693    0.0496   -0.3774   41.7345   -5.4803  -41.7546
eta,q 0.97456 10.44504
  0.0289  0.0282  0.0274  0.0286  0.0294  0.0283  0.0284  0.0298  0.0277  0.0285  0.0269  0.0279
  0.0271  0.0267  0.0263  0.0272  0.0275  0.0267  0.0268  0.0274  0.0265  0.0269  0.0262  0.0267
  0.0259  0.0258  0.0257  0.0262  0.0261  0.0256  0.0258  0.0259  0.0257  0.0258  0.0256  0.0258
  0.0254  0.0254  0.0254  0.0254  0.0254  0.0254  0.0254  0.0254  0.0254  0.0254  0.0254  0.0254
  0.0258  0.0258  0.0257  0.0255  0.0258  0.0260  0.0258  0.0261  0.0257  0.0258  0.0256  0.0258
  0.0270  0.0267  0.0263  0.0267  0.0274  0.0270  0.0268  0.0276  0.0265  0.0268  0.0262  0.0267
  0.0290  0.0282  0.0273  0.0291  0.0297  0.0279  0.0283  0.0297  0.0277  0.0285  0.0269  0.0279
registration optimization eta report
parameter search radius
    2.4000    2.4000    2.4000    8.2800    9.5220    7.2000
    7.2000    7.2000    7.2000    7.2000    8.2800    8.2800
100000*second partial in parameter space
       61.       48.       33.        5.        5.        5.
        6.        8.        4.        6.        2.        4.
  0.0289  0.0282  0.0274  0.0286  0.0294  0.0283  0.0284  0.0298  0.0277  0.0285  0.0269  0.0279
  0.0271  0.0267  0.0263  0.0272  0.0275  0.0267  0.0268  0.0274  0.0265  0.0269  0.0262  0.0267
  0.0259  0.0258  0.0257  0.0262  0.0261  0.0256  0.0258  0.0259  0.0257  0.0258  0.0256  0.0258
  0.0254  0.0254  0.0254  0.0254  0.0254  0.0254  0.0254  0.0254  0.0254  0.0254  0.0254  0.0254
  0.0258  0.0258  0.0257  0.0255  0.0258  0.0260  0.0258  0.0261  0.0257  0.0258  0.0256  0.0258
  0.0270  0.0267  0.0263  0.0267  0.0274  0.0270  0.0268  0.0276  0.0265  0.0268  0.0262  0.0267
  0.0290  0.0282  0.0273  0.0291  0.0297  0.0279  0.0283  0.0297  0.0277  0.0285  0.0269  0.0279
   -0.4313   18.4256   -8.4429   -4.8870  -21.6145  -11.8518
    2.2693    0.0496   -0.3774   41.7345   -5.4803  -41.7546
eta,q 0.97456 10.44504

---------------------------------------------------------------------
imgreg_4dfp /opt/freesurfer/average/711-2C_as_mni_average_305 /opt/freesurfer/average/711-2B_as_mni_average_305_mask talsrcimg_g11 none talsrcimg_to_711-2C_as_mni_average_305_t4 2311
---------------------------------------------------------------------

freesurfer imgreg_4dfp.c
/opt/freesurfer/average/711-2C_as_mni_average_305.4dfp.img
       256       256       256         1
  1.000000  1.000000  1.000000
orientation T byte_order littleendian
Reading image: /opt/freesurfer/average/711-2C_as_mni_average_305.4dfp.img
dimensions:      256       256       256
mmppix:       1.0000   -1.0000   -1.0000
center:     128.0000 -129.0000 -129.0000
/opt/freesurfer/average/711-2B_as_mni_average_305_mask.4dfp.img
       256       256       256         1
  1.000000  1.000000  1.000000
orientation T byte_order littleendian
Reading mask: /opt/freesurfer/average/711-2B_as_mni_average_305_mask.4dfp.img (2306576 pixels)
talsrcimg_g11.4dfp.img
       256       256       256         1
  1.000000  1.000000  1.000000
orientation T byte_order littleendian
Reading image: talsrcimg_g11.4dfp.img
dimensions:      256       256       256
mmppix:       1.0000   -1.0000   -1.0000
center:     128.0000 -129.0000 -129.0000
fimgreg.f
image alignment mode   2311 decimal      907 hex
parameters
   -0.4313   18.4256   -8.4429   -4.8870  -21.6145  -11.8518
    2.2693    0.0496   -0.3774   41.7345   -5.4803  -41.7546
eta,q 0.97456 10.44503
niter,ni,del,rscale     5    3    5.0000    0.8000
parameters
   -0.4051   18.4188   -8.4536   -4.0572  -21.3168  -12.2601
    2.1214    0.0816   -0.4331   41.6680   -5.3609  -41.6452
eta,q 0.97471 10.47245
  0.0271  0.0267  0.0263  0.0269  0.0267  0.0265  0.0266  0.0274  0.0264  0.0267  0.0259  0.0263
  0.0262  0.0260  0.0258  0.0264  0.0260  0.0258  0.0259  0.0263  0.0258  0.0260  0.0256  0.0257
  0.0257  0.0256  0.0255  0.0258  0.0256  0.0253  0.0254  0.0255  0.0254  0.0255  0.0254  0.0254
  0.0254  0.0254  0.0254  0.0254  0.0253  0.0253  0.0253  0.0253  0.0253  0.0253  0.0253  0.0253
  0.0256  0.0256  0.0255  0.0254  0.0254  0.0257  0.0255  0.0256  0.0254  0.0255  0.0254  0.0254
  0.0261  0.0260  0.0258  0.0257  0.0258  0.0262  0.0260  0.0263  0.0258  0.0260  0.0256  0.0257
  0.0270  0.0267  0.0263  0.0263  0.0264  0.0268  0.0268  0.0273  0.0264  0.0268  0.0259  0.0262
niter,ni,del,rscale     4    3    5.0000    0.7000
parameters
   -0.4228   18.3939   -8.5378   -3.9278  -21.1881  -12.4308
    2.1092    0.0657   -0.4363   41.6297   -5.3334  -41.6487
eta,q 0.97473 10.47509
  0.0266  0.0262  0.0259  0.0264  0.0263  0.0264  0.0264  0.0269  0.0261  0.0264  0.0257  0.0260
  0.0259  0.0257  0.0255  0.0259  0.0258  0.0257  0.0258  0.0260  0.0256  0.0258  0.0255  0.0256
  0.0254  0.0254  0.0253  0.0255  0.0254  0.0253  0.0254  0.0254  0.0254  0.0254  0.0253  0.0254
  0.0253  0.0253  0.0253  0.0253  0.0253  0.0253  0.0253  0.0253  0.0253  0.0253  0.0253  0.0253
  0.0255  0.0254  0.0254  0.0254  0.0254  0.0255  0.0254  0.0255  0.0254  0.0254  0.0253  0.0254
  0.0259  0.0258  0.0257  0.0257  0.0256  0.0259  0.0258  0.0261  0.0257  0.0258  0.0255  0.0256
  0.0266  0.0263  0.0261  0.0263  0.0262  0.0265  0.0264  0.0269  0.0261  0.0265  0.0257  0.0260
niter,ni,del,rscale     3    3    5.0000    0.6000
parameters
   -0.4338   18.3752   -8.5797   -3.8345  -21.1438  -12.5505
    2.0904    0.0541   -0.4417   41.6029   -5.3319  -41.6625
eta,q 0.97474 10.47486
  0.0262  0.0260  0.0257  0.0261  0.0260  0.0261  0.0261  0.0265  0.0259  0.0261  0.0256  0.0258
  0.0257  0.0256  0.0255  0.0258  0.0256  0.0256  0.0256  0.0258  0.0255  0.0256  0.0254  0.0255
  0.0254  0.0253  0.0253  0.0254  0.0254  0.0253  0.0253  0.0254  0.0253  0.0254  0.0253  0.0253
  0.0253  0.0253  0.0253  0.0253  0.0253  0.0253  0.0253  0.0253  0.0253  0.0253  0.0253  0.0253
  0.0254  0.0254  0.0253  0.0253  0.0253  0.0254  0.0254  0.0254  0.0253  0.0254  0.0253  0.0253
  0.0257  0.0256  0.0255  0.0256  0.0256  0.0257  0.0257  0.0258  0.0256  0.0257  0.0254  0.0255
  0.0263  0.0260  0.0258  0.0261  0.0260  0.0262  0.0261  0.0265  0.0259  0.0261  0.0256  0.0258
niter,ni,del,rscale     2    3    5.0000    0.5000
parameters
   -0.4392   18.3680   -8.6012   -3.7790  -21.0916  -12.6372
    2.0702    0.0470   -0.4611   41.5851   -5.3480  -41.6629
eta,q 0.97474 10.47471
  0.0259  0.0258  0.0256  0.0259  0.0258  0.0259  0.0258  0.0261  0.0257  0.0259  0.0255  0.0256
  0.0256  0.0255  0.0254  0.0256  0.0255  0.0255  0.0255  0.0256  0.0255  0.0255  0.0254  0.0254
  0.0253  0.0253  0.0253  0.0254  0.0253  0.0253  0.0253  0.0254  0.0253  0.0253  0.0253  0.0253
  0.0253  0.0253  0.0253  0.0253  0.0253  0.0253  0.0253  0.0253  0.0253  0.0253  0.0253  0.0253
  0.0253  0.0253  0.0253  0.0253  0.0253  0.0254  0.0253  0.0254  0.0253  0.0253  0.0253  0.0253
  0.0256  0.0255  0.0254  0.0255  0.0255  0.0256  0.0255  0.0257  0.0255  0.0255  0.0254  0.0254
  0.0259  0.0258  0.0256  0.0259  0.0257  0.0259  0.0258  0.0261  0.0257  0.0259  0.0255  0.0256
niter,ni,del,rscale     1    3    5.0000    0.4000
parameters
   -0.4431   18.3667   -8.6186   -3.7374  -21.0445  -12.7014
    2.0435    0.0463   -0.4618   41.5625   -5.3489  -41.6448
eta,q 0.97475 10.47460
  0.0257  0.0256  0.0255  0.0257  0.0256  0.0257  0.0256  0.0258  0.0255  0.0257  0.0254  0.0255
  0.0255  0.0254  0.0254  0.0255  0.0254  0.0254  0.0254  0.0255  0.0254  0.0254  0.0253  0.0254
  0.0253  0.0253  0.0253  0.0253  0.0253  0.0253  0.0253  0.0253  0.0253  0.0253  0.0253  0.0253
  0.0253  0.0253  0.0253  0.0253  0.0253  0.0253  0.0253  0.0253  0.0253  0.0253  0.0253  0.0253
  0.0253  0.0253  0.0253  0.0253  0.0253  0.0253  0.0253  0.0253  0.0253  0.0253  0.0253  0.0253
  0.0255  0.0254  0.0254  0.0254  0.0254  0.0255  0.0254  0.0255  0.0254  0.0254  0.0253  0.0254
  0.0257  0.0256  0.0255  0.0257  0.0256  0.0257  0.0256  0.0258  0.0255  0.0257  0.0254  0.0255
registration optimization eta report
parameter search radius
    0.8000    0.8000    0.8000    2.4000    2.4000    2.4000
    2.4000    2.4000    2.4000    2.4000    2.4000    2.4000
100000*second partial in parameter space
       67.       51.       36.        7.        6.        7.
        7.       10.        5.        7.        3.        4.
  0.0257  0.0256  0.0255  0.0257  0.0256  0.0257  0.0256  0.0258  0.0255  0.0257  0.0254  0.0255
  0.0255  0.0254  0.0254  0.0255  0.0254  0.0254  0.0254  0.0255  0.0254  0.0254  0.0253  0.0254
  0.0253  0.0253  0.0253  0.0253  0.0253  0.0253  0.0253  0.0253  0.0253  0.0253  0.0253  0.0253
  0.0253  0.0253  0.0253  0.0253  0.0253  0.0253  0.0253  0.0253  0.0253  0.0253  0.0253  0.0253
  0.0253  0.0253  0.0253  0.0253  0.0253  0.0253  0.0253  0.0253  0.0253  0.0253  0.0253  0.0253
  0.0255  0.0254  0.0254  0.0254  0.0254  0.0255  0.0254  0.0255  0.0254  0.0254  0.0253  0.0254
  0.0257  0.0256  0.0255  0.0257  0.0256  0.0257  0.0256  0.0258  0.0255  0.0257  0.0254  0.0255
   -0.4431   18.3667   -8.6186   -3.7374  -21.0445  -12.7014
    2.0435    0.0463   -0.4618   41.5625   -5.3489  -41.6448
eta,q 0.97475 10.47460

---------------------------------------------------------------------
imgreg_4dfp /opt/freesurfer/average/711-2C_as_mni_average_305 /opt/freesurfer/average/711-2B_as_mni_average_305_mask talsrcimg_g11 none talsrcimg_to_711-2C_as_mni_average_305_t4 2311
---------------------------------------------------------------------

freesurfer imgreg_4dfp.c
/opt/freesurfer/average/711-2C_as_mni_average_305.4dfp.img
       256       256       256         1
  1.000000  1.000000  1.000000
orientation T byte_order littleendian
Reading image: /opt/freesurfer/average/711-2C_as_mni_average_305.4dfp.img
dimensions:      256       256       256
mmppix:       1.0000   -1.0000   -1.0000
center:     128.0000 -129.0000 -129.0000
/opt/freesurfer/average/711-2B_as_mni_average_305_mask.4dfp.img
       256       256       256         1
  1.000000  1.000000  1.000000
orientation T byte_order littleendian
Reading mask: /opt/freesurfer/average/711-2B_as_mni_average_305_mask.4dfp.img (2306576 pixels)
talsrcimg_g11.4dfp.img
       256       256       256         1
  1.000000  1.000000  1.000000
orientation T byte_order littleendian
Reading image: talsrcimg_g11.4dfp.img
dimensions:      256       256       256
mmppix:       1.0000   -1.0000   -1.0000
center:     128.0000 -129.0000 -129.0000
fimgreg.f
image alignment mode   2311 decimal      907 hex
parameters
   -0.4431   18.3667   -8.6186   -3.7374  -21.0446  -12.7014
    2.0435    0.0463   -0.4618   41.5625   -5.3489  -41.6448
eta,q 0.97475 10.47461
niter,ni,del,rscale     5    3    5.0000    0.8000
parameters
   -0.4450   18.3645   -8.6227   -4.0049  -21.1556  -12.4748
    2.1576    0.0507   -0.4250   41.6276   -5.3212  -41.6912
eta,q 0.97473 10.47270
  0.0270  0.0265  0.0261  0.0265  0.0264  0.0269  0.0268  0.0274  0.0264  0.0268  0.0259  0.0262
  0.0260  0.0258  0.0257  0.0259  0.0258  0.0260  0.0260  0.0262  0.0258  0.0260  0.0256  0.0257
  0.0255  0.0254  0.0254  0.0255  0.0254  0.0255  0.0254  0.0255  0.0254  0.0255  0.0253  0.0254
  0.0253  0.0253  0.0253  0.0253  0.0253  0.0253  0.0253  0.0253  0.0253  0.0253  0.0253  0.0253
  0.0255  0.0254  0.0254  0.0255  0.0254  0.0255  0.0254  0.0256  0.0254  0.0254  0.0253  0.0254
  0.0260  0.0258  0.0257  0.0260  0.0258  0.0260  0.0259  0.0263  0.0258  0.0259  0.0256  0.0257
  0.0270  0.0265  0.0262  0.0269  0.0266  0.0266  0.0266  0.0273  0.0263  0.0267  0.0259  0.0262
niter,ni,del,rscale     4    3    5.0000    0.7000
parameters
   -0.4365   18.3665   -8.5905   -3.9257  -21.1660  -12.4913
    2.1217    0.0549   -0.4259   41.6290   -5.3212  -41.6811
eta,q 0.97473 10.47414
  0.0266  0.0263  0.0260  0.0263  0.0262  0.0265  0.0264  0.0269  0.0261  0.0264  0.0257  0.0260
  0.0259  0.0257  0.0256  0.0259  0.0257  0.0258  0.0257  0.0260  0.0256  0.0258  0.0255  0.0256
  0.0254  0.0254  0.0254  0.0255  0.0254  0.0254  0.0254  0.0254  0.0254  0.0254  0.0253  0.0254
  0.0253  0.0253  0.0253  0.0253  0.0253  0.0253  0.0253  0.0253  0.0253  0.0253  0.0253  0.0253
  0.0254  0.0254  0.0253  0.0254  0.0254  0.0255  0.0254  0.0255  0.0254  0.0254  0.0253  0.0253
  0.0258  0.0257  0.0256  0.0258  0.0257  0.0259  0.0258  0.0260  0.0257  0.0258  0.0255  0.0256
  0.0266  0.0263  0.0259  0.0264  0.0262  0.0264  0.0264  0.0269  0.0261  0.0264  0.0257  0.0260
niter,ni,del,rscale     3    3    5.0000    0.6000
parameters
   -0.4366   18.3703   -8.5948   -3.8343  -21.1432  -12.5651
    2.0875    0.0496   -0.4370   41.6088   -5.3213  -41.6726
eta,q 0.97474 10.47476
  0.0262  0.0260  0.0258  0.0261  0.0260  0.0261  0.0261  0.0265  0.0259  0.0261  0.0256  0.0258
  0.0257  0.0256  0.0255  0.0257  0.0256  0.0256  0.0256  0.0258  0.0255  0.0256  0.0254  0.0255
  0.0254  0.0253  0.0253  0.0254  0.0254  0.0253  0.0253  0.0254  0.0253  0.0254  0.0253  0.0253
  0.0253  0.0253  0.0253  0.0253  0.0253  0.0253  0.0253  0.0253  0.0253  0.0253  0.0253  0.0253
  0.0254  0.0253  0.0253  0.0253  0.0253  0.0254  0.0254  0.0254  0.0253  0.0254  0.0253  0.0253
  0.0257  0.0256  0.0255  0.0256  0.0256  0.0257  0.0257  0.0258  0.0255  0.0257  0.0254  0.0255
  0.0262  0.0260  0.0258  0.0261  0.0260  0.0262  0.0261  0.0265  0.0259  0.0261  0.0256  0.0258
niter,ni,del,rscale     2    3    5.0000    0.5000
parameters
   -0.4384   18.3672   -8.6065   -3.7774  -21.0956  -12.6393
    2.0655    0.0469   -0.4478   41.5956   -5.3537  -41.6647
eta,q 0.97474 10.47490
  0.0259  0.0258  0.0256  0.0259  0.0258  0.0259  0.0258  0.0261  0.0257  0.0259  0.0255  0.0256
  0.0256  0.0255  0.0254  0.0256  0.0255  0.0255  0.0255  0.0257  0.0255  0.0255  0.0254  0.0254
  0.0253  0.0253  0.0253  0.0254  0.0253  0.0253  0.0253  0.0254  0.0253  0.0253  0.0253  0.0253
  0.0253  0.0253  0.0253  0.0253  0.0253  0.0253  0.0253  0.0253  0.0253  0.0253  0.0253  0.0253
  0.0253  0.0253  0.0253  0.0253  0.0253  0.0254  0.0253  0.0254  0.0253  0.0253  0.0253  0.0253
  0.0256  0.0255  0.0254  0.0255  0.0255  0.0256  0.0255  0.0257  0.0255  0.0255  0.0254  0.0254
  0.0259  0.0258  0.0256  0.0259  0.0257  0.0259  0.0258  0.0261  0.0257  0.0259  0.0255  0.0256
niter,ni,del,rscale     1    3    5.0000    0.4000
parameters
   -0.4437   18.3681   -8.6186   -3.7332  -21.0503  -12.7035
    2.0425    0.0436   -0.4544   41.5586   -5.3408  -41.6498
eta,q 0.97474 10.47443
  0.0257  0.0256  0.0255  0.0257  0.0256  0.0257  0.0256  0.0258  0.0255  0.0256  0.0254  0.0255
  0.0255  0.0254  0.0254  0.0255  0.0254  0.0254  0.0254  0.0255  0.0254  0.0254  0.0253  0.0254
  0.0253  0.0253  0.0253  0.0253  0.0253  0.0253  0.0253  0.0253  0.0253  0.0253  0.0253  0.0253
  0.0253  0.0253  0.0253  0.0253  0.0253  0.0253  0.0253  0.0253  0.0253  0.0253  0.0253  0.0253
  0.0253  0.0253  0.0253  0.0253  0.0253  0.0253  0.0253  0.0253  0.0253  0.0253  0.0253  0.0253
  0.0255  0.0254  0.0254  0.0254  0.0254  0.0255  0.0254  0.0255  0.0254  0.0254  0.0253  0.0254
  0.0257  0.0256  0.0255  0.0257  0.0256  0.0257  0.0256  0.0258  0.0255  0.0257  0.0254  0.0255
registration optimization eta report
parameter search radius
    0.8000    0.8000    0.8000    2.4000    2.4000    2.4000
    2.4000    2.4000    2.4000    2.4000    2.4000    2.4000
100000*second partial in parameter space
       67.       52.       36.        7.        6.        7.
        7.       10.        5.        7.        3.        4.
  0.0257  0.0256  0.0255  0.0257  0.0256  0.0257  0.0256  0.0258  0.0255  0.0256  0.0254  0.0255
  0.0255  0.0254  0.0254  0.0255  0.0254  0.0254  0.0254  0.0255  0.0254  0.0254  0.0253  0.0254
  0.0253  0.0253  0.0253  0.0253  0.0253  0.0253  0.0253  0.0253  0.0253  0.0253  0.0253  0.0253
  0.0253  0.0253  0.0253  0.0253  0.0253  0.0253  0.0253  0.0253  0.0253  0.0253  0.0253  0.0253
  0.0253  0.0253  0.0253  0.0253  0.0253  0.0253  0.0253  0.0253  0.0253  0.0253  0.0253  0.0253
  0.0255  0.0254  0.0254  0.0254  0.0254  0.0255  0.0254  0.0255  0.0254  0.0254  0.0253  0.0254
  0.0257  0.0256  0.0255  0.0257  0.0256  0.0257  0.0256  0.0258  0.0255  0.0257  0.0254  0.0255
   -0.4437   18.3681   -8.6186   -3.7332  -21.0503  -12.7035
    2.0425    0.0436   -0.4544   41.5586   -5.3408  -41.6498
eta,q 0.97474 10.47443

---------------------------------------------------------------------
compute_vox2vox talsrcimg talsrcimg_to_711-2C_as_mni_average_305_t4 /opt/freesurfer/average/711-2C_as_mni_average_305
---------------------------------------------------------------------

freesurfer compute_vox2vox.c
Reading: talsrcimg.4dfp.ifh
Reading: talsrcimg_to_711-2C_as_mni_average_305_t4
Reading: /opt/freesurfer/average/711-2C_as_mni_average_305.4dfp.ifh
Writing: talsrcimg_to_711-2C_as_mni_average_305_t4_vox2vox.txt

start time Sun Nov 24 04:58:28 UTC 2024
end		time Sun Nov 24 04:59:29 UTC 2024

mpr2mni305 success

avi2talxfm orig_nu.mgz /opt/freesurfer/average/mni305.cor.mgz talsrcimg_to_711-2C_as_mni_average_305_t4_vox2vox.txt transforms/talairach.auto.xfm
avi2talxfm done
mv -f /scratch/tmp/fs_mp2rage_tests2/sourcedata/freesurfer_memprage/sub-fsm11ni/mri/talsrcimg_to_711-2C_as_mni_average_305_t4_vox2vox.txt /scratch/tmp/fs_mp2rage_tests2/sourcedata/freesurfer_memprage/sub-fsm11ni/mri/transforms/talsrcimg_to_711-2C_as_mni_average_305_t4_vox2vox.txt
lta_convert --src orig_nu.mgz --trg /opt/freesurfer/average/mni305.cor.mgz --inxfm transforms/talairach.auto.xfm --outlta transforms/talairach.auto.xfm.lta --subject fsaverage
7.3.2

--src: orig_nu.mgz src image (geometry).
--trg: /opt/freesurfer/average/mni305.cor.mgz trg image (geometry).
--inmni: transforms/talairach.auto.xfm input MNI/XFM transform.
--outlta: transforms/talairach.auto.xfm.lta output LTA.
--s: fsaverage subject name
 LTA read, type : 1
 1.03922   0.00981  -0.02171  -0.19150;
 0.05310   0.91608   0.48190  -31.93316;
-0.02197  -0.48216   1.01283   4.87401;
 0.00000   0.00000   0.00000   1.00000;
setting subject to fsaverage
Writing  LTA to file transforms/talairach.auto.xfm.lta...
lta_convert successful.
 
 
Started at Sun Nov 24 04:58:24 UTC 2024
Ended   at Sun Nov 24 04:59:31 UTC 2024
talairach_avi done
