status file for recon-all
Sat Nov 23 15:49:55 UTC 2024
#@# MotionCor Sat Nov 23 15:50:00 UTC 2024
#@# Talairach Sat Nov 23 15:50:14 UTC 2024
#@# Talairach Failure Detection Sat Nov 23 15:57:21 UTC 2024
#@# Nu Intensity Correction Sat Nov 23 15:57:21 UTC 2024
#@# Intensity Normalization Sat Nov 23 16:04:25 UTC 2024
recon-all -s sub-fsm70qy finished without error at Sat Nov 23 16:08:06 UTC 2024



#New# invocation of recon-all 



status file for recon-all
Sat Nov 23 18:04:00 UTC 2024
#@# EM Registration Sat Nov 23 18:04:00 UTC 2024
recon-all -s sub-fsm70qy finished without error at Sat Nov 23 18:08:09 UTC 2024



#New# invocation of recon-all 



status file for recon-all
Sun Nov 24 03:33:11 UTC 2024
#@# CA Normalize Sun Nov 24 03:33:11 UTC 2024
#@# CA Reg Sun Nov 24 03:35:54 UTC 2024
#@# SubCort Seg Sun Nov 24 05:33:20 UTC 2024
#@# CC Seg Sun Nov 24 06:29:22 UTC 2024
#@# Merge ASeg Sun Nov 24 06:30:48 UTC 2024
#@# Intensity Normalization2 Sun Nov 24 06:30:48 UTC 2024
#@# Mask BFS Sun Nov 24 06:35:57 UTC 2024
#@# WM Segmentation Sun Nov 24 06:35:59 UTC 2024
#@# Fill Sun Nov 24 06:40:54 UTC 2024
recon-all -s sub-fsm70qy finished without error at Sun Nov 24 06:43:26 UTC 2024



#New# invocation of recon-all 



status file for recon-all
Sun Nov 24 16:07:35 UTC 2024
#@# white curv lh Sun Nov 24 16:07:35 UTC 2024
#@# white area lh Sun Nov 24 16:07:35 UTC 2024
#@# pial curv lh Sun Nov 24 16:07:36 UTC 2024
#@# pial area lh Sun Nov 24 16:07:36 UTC 2024
#@# thickness lh Sun Nov 24 16:07:36 UTC 2024
#@# area and vertex vol lh Sun Nov 24 16:07:36 UTC 2024
#@# white curv rh Sun Nov 24 16:07:36 UTC 2024
#@# white area rh Sun Nov 24 16:07:36 UTC 2024
#@# pial curv rh Sun Nov 24 16:07:36 UTC 2024
#@# pial area rh Sun Nov 24 16:07:36 UTC 2024
#@# thickness rh Sun Nov 24 16:07:36 UTC 2024
#@# area and vertex vol rh Sun Nov 24 16:07:36 UTC 2024
#@# Cortical ribbon mask Sun Nov 24 16:07:36 UTC 2024
recon-all -s sub-fsm70qy finished without error at Sun Nov 24 16:26:13 UTC 2024



#New# invocation of recon-all 



status file for recon-all
Sun Nov 24 20:39:15 UTC 2024
#@# white curv lh Sun Nov 24 20:39:15 UTC 2024
#@# white area lh Sun Nov 24 20:39:15 UTC 2024
#@# pial curv lh Sun Nov 24 20:39:15 UTC 2024
#@# pial area lh Sun Nov 24 20:39:15 UTC 2024
#@# thickness lh Sun Nov 24 20:39:15 UTC 2024
#@# area and vertex vol lh Sun Nov 24 20:39:15 UTC 2024
#@# white curv rh Sun Nov 24 20:39:15 UTC 2024
#@# white area rh Sun Nov 24 20:39:15 UTC 2024
#@# pial curv rh Sun Nov 24 20:39:16 UTC 2024
#@# pial area rh Sun Nov 24 20:39:16 UTC 2024
#@# thickness rh Sun Nov 24 20:39:16 UTC 2024
#@# area and vertex vol rh Sun Nov 24 20:39:16 UTC 2024
#@# Curvature Stats lh Sun Nov 24 20:39:16 UTC 2024
#@# Curvature Stats rh Sun Nov 24 20:39:22 UTC 2024
#@# Relabel Hypointensities Sun Nov 24 20:39:29 UTC 2024
#@# APas-to-ASeg Sun Nov 24 20:40:13 UTC 2024
#@# AParc-to-ASeg aparc Sun Nov 24 20:40:39 UTC 2024
#@# AParc-to-ASeg aparc.a2009s Sun Nov 24 20:43:05 UTC 2024
#@# AParc-to-ASeg aparc.DKTatlas Sun Nov 24 20:45:25 UTC 2024
#@# WMParc Sun Nov 24 20:47:21 UTC 2024
#@# ASeg Stats Sun Nov 24 20:54:29 UTC 2024
recon-all -s sub-fsm70qy finished without error at Sun Nov 24 20:56:14 UTC 2024
