/scratch/tmp/fs_mp2rage_tests2/sourcedata/freesurfer_memprage/sub-fsm30gy/mri
/opt/freesurfer/bin/talairach_avi
--i orig_nu.mgz --xfm transforms/talairach.auto.xfm
talairach_avi 7.3.2
Linux elm.criugm.qc.ca 5.15.0-113-generic #123-Ubuntu SMP Mon Jun 10 08:16:17 UTC 2024 x86_64 x86_64 x86_64 GNU/Linux
Sun Nov 24 05:21:18 UTC 2024
mri_convert orig_nu.mgz talsrcimg.img 
reading from orig_nu.mgz...
TR=0.00, TE=0.00, TI=0.00, flip angle=0.00
i_ras = (-1, 4.65661e-09, -1.86265e-09)
j_ras = (0, 1.49012e-08, -1)
k_ras = (-4.65661e-09, 1, 1.49012e-08)
writing to talsrcimg.img...
Analyze Output Matrix
-1.00000   0.00000  -0.00000   129.23415;
 0.00000   0.00000   1.00000  -105.52341;
-0.00000  -1.00000   0.00000   112.49619;
 0.00000   0.00000   0.00000   1.00000;
--------------------
INFO: set hdr.hist.orient to -1
mpr2mni305 talsrcimg
Sun Nov 24 05:21:22 UTC 2024
/opt/freesurfer/bin/mpr2mni305 talsrcimg
mpr2mni305 7.3.2
target=711-2C_as_mni_average_305

---------------------------------------------------------------------
analyzeto4dfp talsrcimg -O0 -y
---------------------------------------------------------------------

freesurfer ifh2hdr.c
Sun Nov 24 05:21:23 2024
Writing: talsrcimg.4dfp.hdr
freesurfer analyzeto4dfp.c
Reading: talsrcimg.hdr
header size 348 bytes
hdr.dime.datatype	offset=70	value=2
hdr.dime.bitpix		offset=72	value=8
hdr.hist.orient		offset=252	value=-1
dimensionality     4
dimensions       256       256       256         1
Reading: talsrcimg.img
Writing: talsrcimg.4dfp.img
Writing: talsrcimg.4dfp.ifh
ifh2hdr talsrcimg -r0to255
ori=2

---------------------------------------------------------------------
gauss_4dfp talsrcimg 1.1
---------------------------------------------------------------------

freesurfer gauss_4dfp.c
Reading: talsrcimg.4dfp.img
Writing: talsrcimg_g11.4dfp.img
image dimensions 256 256 256 padded to 288 288 288
processing volume 1freesurfer ifh2hdr.c
Sun Nov 24 05:21:33 2024
Writing: talsrcimg_g11.4dfp.hdr

Writing: talsrcimg_g11.4dfp.ifh
including: talsrcimg.4dfp.img.rec in talsrcimg_g11.4dfp.img.rec

---------------------------------------------------------------------
imgreg_4dfp /opt/freesurfer/average/711-2C_as_mni_average_305 none talsrcimg_g11 none talsrcimg_to_711-2C_as_mni_average_305_t4 4355
---------------------------------------------------------------------

freesurfer imgreg_4dfp.c
/opt/freesurfer/average/711-2C_as_mni_average_305.4dfp.img
       256       256       256         1
  1.000000  1.000000  1.000000
orientation T byte_order littleendian
Reading image: /opt/freesurfer/average/711-2C_as_mni_average_305.4dfp.img
dimensions:      256       256       256
mmppix:       1.0000   -1.0000   -1.0000
center:     128.0000 -129.0000 -129.0000
talsrcimg_g11.4dfp.img
       256       256       256         1
  1.000000  1.000000  1.000000
orientation T byte_order littleendian
Reading image: talsrcimg_g11.4dfp.img
dimensions:      256       256       256
mmppix:       1.0000   -1.0000   -1.0000
center:     128.0000 -129.0000 -129.0000
t4_read: open error in t4_sub.f l:  41 t4_file(1:l)talsrcimg_to_711-2C_as_mni_average_305_t4 
t4_read: transform initialized to I4
rotation matrix determinant  1.000000
image alignment mode   4355 decimal     1103 hex
   -7.5000  -45.0000  -45.0000 9008.5996    9.0571
    0.0000  -45.0000  -45.0000 9371.2490    9.0561
    7.5000  -45.0000  -45.0000 9027.0723    9.0621
   -7.5000  -37.5000  -45.0000 9256.8154    8.9948
    0.0000  -37.5000  -45.0000 9617.7256    8.9944
    7.5000  -37.5000  -45.0000 9281.8789    9.0007
   -7.5000  -30.0000  -45.0000 9657.2012    8.8612
    0.0000  -30.0000  -45.000010017.0938    8.8615
    7.5000  -30.0000  -45.0000 9674.4463    8.8683
   -7.5000  -22.5000  -45.000010022.5312    8.7612
    0.0000  -22.5000  -45.000010383.5693    8.7627
    7.5000  -22.5000  -45.000010024.0635    8.7692
   -7.5000  -15.0000  -45.000010413.2061    8.7218
    0.0000  -15.0000  -45.000010809.1670    8.7237
    7.5000  -15.0000  -45.000010383.8145    8.7299
   -7.5000   -7.5000  -45.000010755.2861    8.6972
    0.0000   -7.5000  -45.000011171.9434    8.6985
    7.5000   -7.5000  -45.000010700.3682    8.7047
   -7.5000    0.0000  -45.000011048.4121    8.6897
    0.0000    0.0000  -45.000011489.3867    8.6897
    7.5000    0.0000  -45.000010970.4570    8.6958
   -7.5000    7.5000  -45.000010567.8408    8.7750
    0.0000    7.5000  -45.000010992.9268    8.7746
    7.5000    7.5000  -45.000010481.9775    8.7810
   -7.5000   15.0000  -45.000010065.9717    8.9644
    0.0000   15.0000  -45.000010471.8906    8.9658
    7.5000   15.0000  -45.0000 9948.1113    8.9731
   -7.5000   22.5000  -45.0000 9567.0283    9.2412
    0.0000   22.5000  -45.0000 9957.2285    9.2437
    7.5000   22.5000  -45.0000 9442.5703    9.2504
   -7.5000   30.0000  -45.0000 9044.8691    9.4114
    0.0000   30.0000  -45.0000 9400.9834    9.4157
    7.5000   30.0000  -45.0000 8914.5244    9.4224
   -7.5000   37.5000  -45.0000 8856.6836    9.7287
    0.0000   37.5000  -45.0000 9189.3037    9.7342
    7.5000   37.5000  -45.0000 8695.9092    9.7409
   -7.5000   45.0000  -45.0000 8338.5557    9.8171
    0.0000   45.0000  -45.0000 8647.3291    9.8215
    7.5000   45.0000  -45.0000 8175.1641    9.8279
   -7.5000  -45.0000  -37.5000 9508.4307    8.9656
    0.0000  -45.0000  -37.5000 9903.1299    8.9608
    7.5000  -45.0000  -37.5000 9537.7734    8.9638
   -7.5000  -37.5000  -37.5000 9757.6934    8.9062
    0.0000  -37.5000  -37.500010143.1348    8.9023
    7.5000  -37.5000  -37.5000 9793.7051    8.9056
   -7.5000  -30.0000  -37.500010166.7051    8.7753
    0.0000  -30.0000  -37.500010558.2129    8.7724
    7.5000  -30.0000  -37.500010204.4902    8.7764
   -7.5000  -22.5000  -37.500010583.7090    8.6780
    0.0000  -22.5000  -37.500010998.8486    8.6765
    7.5000  -22.5000  -37.500010610.5088    8.6804
   -7.5000  -15.0000  -37.500011022.0898    8.6397
    0.0000  -15.0000  -37.500011460.2939    8.6387
    7.5000  -15.0000  -37.500011017.5293    8.6424
   -7.5000   -7.5000  -37.500011408.9785    8.6140
    0.0000   -7.5000  -37.500011863.5146    8.6123
    7.5000   -7.5000  -37.500011381.1611    8.6159
   -7.5000    0.0000  -37.500011747.8535    8.6048
    0.0000    0.0000  -37.500012232.8105    8.6017
    7.5000    0.0000  -37.500011695.4951    8.6050
   -7.5000    7.5000  -37.500011234.2969    8.6900
    0.0000    7.5000  -37.500011707.0107    8.6864
    7.5000    7.5000  -37.500011148.7334    8.6898
   -7.5000   15.0000  -37.500010730.5020    8.8801
    0.0000   15.0000  -37.500011169.0830    8.8782
    7.5000   15.0000  -37.500010603.6543    8.8825
   -7.5000   22.5000  -37.500010201.8594    9.1557
    0.0000   22.5000  -37.500010647.3506    9.1552
    7.5000   22.5000  -37.500010067.9141    9.1592
   -7.5000   30.0000  -37.5000 9639.4570    9.3265
    0.0000   30.0000  -37.500010052.3467    9.3278
    7.5000   30.0000  -37.5000 9493.6592    9.3310
   -7.5000   37.5000  -37.5000 9416.6436    9.6387
    0.0000   37.5000  -37.5000 9807.0137    9.6408
    7.5000   37.5000  -37.5000 9255.6357    9.6432
   -7.5000   45.0000  -37.5000 8877.2637    9.7213
    0.0000   45.0000  -37.5000 9236.0879    9.7224
    7.5000   45.0000  -37.5000 8704.2549    9.7243
   -7.5000  -45.0000  -30.000010235.1748    9.2820
    0.0000  -45.0000  -30.000010643.3877    9.2790
    7.5000  -45.0000  -30.000010267.5654    9.2848
   -7.5000  -37.5000  -30.000010495.4951    9.2215
    0.0000  -37.5000  -30.000010898.3350    9.2204
    7.5000  -37.5000  -30.000010515.2070    9.2273
   -7.5000  -30.0000  -30.000010950.8486    9.0855
    0.0000  -30.0000  -30.000011371.7266    9.0847
    7.5000  -30.0000  -30.000010961.2695    9.0924
   -7.5000  -22.5000  -30.000011437.8066    8.9853
    0.0000  -22.5000  -30.000011887.3721    8.9848
    7.5000  -22.5000  -30.000011434.6787    8.9918
   -7.5000  -15.0000  -30.000011923.2852    8.9465
    0.0000  -15.0000  -30.000012401.9258    8.9458
    7.5000  -15.0000  -30.000011900.9756    8.9518
   -7.5000   -7.5000  -30.000012392.4111    8.9201
    0.0000   -7.5000  -30.000012887.5586    8.9193
    7.5000   -7.5000  -30.000012350.4473    8.9250
   -7.5000    0.0000  -30.000012761.3662    8.9099
    0.0000    0.0000  -30.000013283.5322    8.9088
    7.5000    0.0000  -30.000012709.3955    8.9148
   -7.5000    7.5000  -30.000012210.2012    8.9986
    0.0000    7.5000  -30.000012723.1250    8.9975
    7.5000    7.5000  -30.000012120.4775    9.0043
   -7.5000   15.0000  -30.000011667.8652    9.1968
    0.0000   15.0000  -30.000012141.2441    9.1971
    7.5000   15.0000  -30.000011520.8613    9.2048
   -7.5000   22.5000  -30.000011094.7568    9.4836
    0.0000   22.5000  -30.000011572.6035    9.4840
    7.5000   22.5000  -30.000010949.4395    9.4912
   -7.5000   30.0000  -30.000010462.9209    9.6658
    0.0000   30.0000  -30.000010929.5205    9.6672
    7.5000   30.0000  -30.000010315.9668    9.6730
   -7.5000   37.5000  -30.000010189.4326    9.9929
    0.0000   37.5000  -30.000010648.6416    9.9959
    7.5000   37.5000  -30.000010029.9609   10.0004
   -7.5000   45.0000  -30.0000 9595.9473   10.0850
    0.0000   45.0000  -30.000010015.6924   10.0888
    7.5000   45.0000  -30.0000 9409.3818   10.0933
   -7.5000  -45.0000  -22.500010989.1797    9.5575
    0.0000  -45.0000  -22.500011390.3887    9.5604
    7.5000  -45.0000  -22.500010990.3154    9.5722
   -7.5000  -37.5000  -22.500011252.2568    9.4949
    0.0000  -37.5000  -22.500011664.0605    9.4995
    7.5000  -37.5000  -22.500011246.9521    9.5130
   -7.5000  -30.0000  -22.500011751.9053    9.3543
    0.0000  -30.0000  -22.500012202.7373    9.3581
    7.5000  -30.0000  -22.500011756.3955    9.3719
   -7.5000  -22.5000  -22.500012303.1777    9.2511
    0.0000  -22.5000  -22.500012798.1035    9.2537
    7.5000  -22.5000  -22.500012291.8496    9.2659
   -7.5000  -15.0000  -22.500012864.7539    9.2116
    0.0000  -15.0000  -22.500013385.8555    9.2135
    7.5000  -15.0000  -22.500012836.8691    9.2240
   -7.5000   -7.5000  -22.500013411.9785    9.1851
    0.0000   -7.5000  -22.500013949.4854    9.1881
    7.5000   -7.5000  -22.500013348.9473    9.1985
   -7.5000    0.0000  -22.500013824.6016    9.1751
    0.0000    0.0000  -22.500014406.5459    9.1792
    7.5000    0.0000  -22.500013756.2109    9.1907
   -7.5000    7.5000  -22.500013238.2070    9.2657
    0.0000    7.5000  -22.500013816.4141    9.2702
    7.5000    7.5000  -22.500013146.8857    9.2832
   -7.5000   15.0000  -22.500012622.7939    9.4691
    0.0000   15.0000  -22.500013162.2158    9.4739
    7.5000   15.0000  -22.500012503.2871    9.4878
   -7.5000   22.5000  -22.500012018.1074    9.7650
    0.0000   22.5000  -22.500012551.1416    9.7682
    7.5000   22.5000  -22.500011893.3516    9.7809
   -7.5000   30.0000  -22.500011336.3242    9.9553
    0.0000   30.0000  -22.500011864.0654    9.9593
    7.5000   30.0000  -22.500011203.2217    9.9706
   -7.5000   37.5000  -22.500011026.0205   10.2947
    0.0000   37.5000  -22.500011532.9033   10.3017
    7.5000   37.5000  -22.500010852.5225   10.3127
   -7.5000   45.0000  -22.500010351.0850   10.3984
    0.0000   45.0000  -22.500010818.9941   10.4078
    7.5000   45.0000  -22.500010154.0254   10.4197
   -7.5000  -45.0000  -15.000011721.0020    9.7632
    0.0000  -45.0000  -15.000012165.0225    9.7697
    7.5000  -45.0000  -15.000011703.3994    9.7844
   -7.5000  -37.5000  -15.000011995.9971    9.6982
    0.0000  -37.5000  -15.000012448.0371    9.7060
    7.5000  -37.5000  -15.000011973.4512    9.7226
   -7.5000  -30.0000  -15.000012552.7939    9.5528
    0.0000  -30.0000  -15.000013034.0020    9.5594
    7.5000  -30.0000  -15.000012543.7930    9.5762
   -7.5000  -22.5000  -15.000013176.3809    9.4467
    0.0000  -22.5000  -15.000013715.6016    9.4516
    7.5000  -22.5000  -15.000013167.2314    9.4665
   -7.5000  -15.0000  -15.000013805.0137    9.4069
    0.0000  -15.0000  -15.000014399.2148    9.4109
    7.5000  -15.0000  -15.000013783.9648    9.4239
   -7.5000   -7.5000  -15.000014401.7490    9.3816
    0.0000   -7.5000  -15.000015050.8750    9.3871
    7.5000   -7.5000  -15.000014363.1553    9.4000
   -7.5000    0.0000  -15.000014855.5518    9.3724
    0.0000    0.0000  -15.000015563.3926    9.3794
    7.5000    0.0000  -15.000014823.9209    9.3936
   -7.5000    7.5000  -15.000014243.3809    9.4641
    0.0000    7.5000  -15.000014923.0400    9.4716
    7.5000    7.5000  -15.000014190.0371    9.4877
   -7.5000   15.0000  -15.000013563.2910    9.6696
    0.0000   15.0000  -15.000014199.8486    9.6771
    7.5000   15.0000  -15.000013487.4268    9.6941
   -7.5000   22.5000  -15.000012931.2178    9.9703
    0.0000   22.5000  -15.000013554.0430    9.9756
    7.5000   22.5000  -15.000012819.7939    9.9909
   -7.5000   30.0000  -15.000012205.7510   10.1641
    0.0000   30.0000  -15.000012820.7754   10.1701
    7.5000   30.0000  -15.000012080.2441   10.1846
   -7.5000   37.5000  -15.000011879.1377   10.5102
    0.0000   37.5000  -15.000012452.2432   10.5197
    7.5000   37.5000  -15.000011707.5410   10.5345
   -7.5000   45.0000  -15.000011126.7793   10.6222
    0.0000   45.0000  -15.000011669.2451   10.6345
    7.5000   45.0000  -15.000010939.1230   10.6506
   -7.5000  -45.0000   -7.500012490.0264    9.8678
    0.0000  -45.0000   -7.500012948.3203    9.8717
    7.5000  -45.0000   -7.500012434.5967    9.8832
   -7.5000  -37.5000   -7.500012788.7979    9.8024
    0.0000  -37.5000   -7.500013285.1074    9.8071
    7.5000  -37.5000   -7.500012755.3848    9.8197
   -7.5000  -30.0000   -7.500013436.0742    9.6551
    0.0000  -30.0000   -7.500013979.6846    9.6595
    7.5000  -30.0000   -7.500013414.3301    9.6723
   -7.5000  -22.5000   -7.500014131.0850    9.5471
    0.0000  -22.5000   -7.500014738.0264    9.5510
    7.5000  -22.5000   -7.500014122.3135    9.5625
   -7.5000  -15.0000   -7.500014817.2139    9.5062
    0.0000  -15.0000   -7.500015505.4043    9.5098
    7.5000  -15.0000   -7.500014831.1729    9.5201
   -7.5000   -7.5000   -7.500015448.1992    9.4810
    0.0000   -7.5000   -7.500016188.3574    9.4852
    7.5000   -7.5000   -7.500015448.5879    9.4956
   -7.5000    0.0000   -7.500015940.9219    9.4725
    0.0000    0.0000   -7.500016755.4902    9.4769
    7.5000    0.0000   -7.500015957.0029    9.4881
   -7.5000    7.5000   -7.500015304.2617    9.5657
    0.0000    7.5000   -7.500016106.2236    9.5702
    7.5000    7.5000   -7.500015305.7734    9.5826
   -7.5000   15.0000   -7.500014575.8184    9.7726
    0.0000   15.0000   -7.500015303.8145    9.7780
    7.5000   15.0000   -7.500014532.1543    9.7912
   -7.5000   22.5000   -7.500013867.9727   10.0738
    0.0000   22.5000   -7.500014587.7383   10.0783
    7.5000   22.5000   -7.500013777.6113   10.0901
   -7.5000   30.0000   -7.500013082.5986   10.2689
    0.0000   30.0000   -7.500013774.7129   10.2746
    7.5000   30.0000   -7.500012975.1133   10.2860
   -7.5000   37.5000   -7.500012722.7471   10.6183
    0.0000   37.5000   -7.500013426.9482   10.6265
    7.5000   37.5000   -7.500012615.3760   10.6383
   -7.5000   45.0000   -7.500011930.5439   10.7357
    0.0000   45.0000   -7.500012568.4844   10.7449
    7.5000   45.0000   -7.500011785.9629   10.7575
   -7.5000  -45.0000    0.000013164.1523    9.8846
    0.0000  -45.0000    0.000013681.0391    9.8827
    7.5000  -45.0000    0.000013087.9824    9.8884
   -7.5000  -37.5000    0.000013511.3818    9.8199
    0.0000  -37.5000    0.000014054.8955    9.8187
    7.5000  -37.5000    0.000013459.6963    9.8248
   -7.5000  -30.0000    0.000014224.5186    9.6736
    0.0000  -30.0000    0.000014818.5811    9.6733
    7.5000  -30.0000    0.000014189.9854    9.6798
   -7.5000  -22.5000    0.000014963.3672    9.5656
    0.0000  -22.5000    0.000015630.3525    9.5664
    7.5000  -22.5000    0.000014975.3125    9.5725
   -7.5000  -15.0000    0.000015703.6025    9.5239
    0.0000  -15.0000    0.000016441.8711    9.5252
    7.5000  -15.0000    0.000015723.4307    9.5309
   -7.5000   -7.5000    0.000016383.4287    9.4975
    0.0000   -7.5000    0.000017177.1172    9.4981
    7.5000   -7.5000    0.000016393.1035    9.5040
   -7.5000    0.0000    0.000016918.9336    9.4886
    0.0000    0.0000    0.000017801.8516    9.4878
    7.5000    0.0000    0.000016960.9277    9.4937
   -7.5000    7.5000    0.000016282.3506    9.5828
    0.0000    7.5000    0.000017131.1836    9.5816
    7.5000    7.5000    0.000016326.5928    9.5879
   -7.5000   15.0000    0.000015556.1875    9.7910
    0.0000   15.0000    0.000016393.2109    9.7917
    7.5000   15.0000    0.000015555.1621    9.7987
   -7.5000   22.5000    0.000014750.0020   10.0919
    0.0000   22.5000    0.000015586.3340   10.0935
    7.5000   22.5000    0.000014713.8047   10.0997
   -7.5000   30.0000    0.000013889.1035   10.2881
    0.0000   30.0000    0.000014671.9072   10.2917
    7.5000   30.0000    0.000013868.1426   10.2976
   -7.5000   37.5000    0.000013494.8291   10.6382
    0.0000   37.5000    0.000014250.1299   10.6428
    7.5000   37.5000    0.000013471.3242   10.6487
   -7.5000   45.0000    0.000012649.4678   10.7573
    0.0000   45.0000    0.000013336.4473   10.7608
    7.5000   45.0000    0.000012586.5596   10.7664
   -7.5000  -45.0000    7.500012814.8076    9.8994
    0.0000  -45.0000    7.500013308.9619    9.8939
    7.5000  -45.0000    7.500012763.9209    9.8972
   -7.5000  -37.5000    7.500013186.4658    9.8350
    0.0000  -37.5000    7.500013715.8828    9.8308
    7.5000  -37.5000    7.500013164.1836    9.8345
   -7.5000  -30.0000    7.500013915.6113    9.6894
    0.0000  -30.0000    7.500014479.6992    9.6865
    7.5000  -30.0000    7.500013914.3975    9.6910
   -7.5000  -22.5000    7.500014667.4893    9.5819
    0.0000  -22.5000    7.500015281.4521    9.5804
    7.5000  -22.5000    7.500014681.3955    9.5849
   -7.5000  -15.0000    7.500015373.0557    9.5401
    0.0000  -15.0000    7.500016042.6289    9.5392
    7.5000  -15.0000    7.500015392.2305    9.5433
   -7.5000   -7.5000    7.500016005.2217    9.5126
    0.0000   -7.5000    7.500016727.4414    9.5107
    7.5000   -7.5000    7.500016045.9297    9.5146
   -7.5000    0.0000    7.500016517.0195    9.5028
    0.0000    0.0000    7.500017284.7969    9.4992
    7.5000    0.0000    7.500016570.9473    9.5029
   -7.5000    7.5000    7.500015917.2939    9.5974
    0.0000    7.5000    7.500016704.8867    9.5934
    7.5000    7.5000    7.500015992.0625    9.5973
   -7.5000   15.0000    7.500015355.3486    9.8074
    0.0000   15.0000    7.500016284.0625    9.8056
    7.5000   15.0000    7.500015395.4443    9.8104
   -7.5000   22.5000    7.500014609.9473   10.1095
    0.0000   22.5000    7.500015487.0674   10.1091
    7.5000   22.5000    7.500014655.3438   10.1136
   -7.5000   30.0000    7.500013738.7627   10.3084
    0.0000   30.0000    7.500014530.3535   10.3097
    7.5000   30.0000    7.500013837.3066   10.3133
   -7.5000   37.5000    7.500013344.3438   10.6580
    0.0000   37.5000    7.500014053.5449   10.6599
    7.5000   37.5000    7.500013415.2646   10.6624
   -7.5000   45.0000    7.500012461.0596   10.7744
    0.0000   45.0000    7.500013089.9766   10.7753
    7.5000   45.0000    7.500012490.3174   10.7771
   -7.5000  -45.0000   15.000012412.5195    9.9118
    0.0000  -45.0000   15.000012847.7051    9.9086
    7.5000  -45.0000   15.000012380.5928    9.9150
   -7.5000  -37.5000   15.000012765.5771    9.8474
    0.0000  -37.5000   15.000013227.2949    9.8461
    7.5000  -37.5000   15.000012748.9189    9.8535
   -7.5000  -30.0000   15.000013493.5186    9.7022
    0.0000  -30.0000   15.000014002.0459    9.7013
    7.5000  -30.0000   15.000013474.3096    9.7094
   -7.5000  -22.5000   15.000014216.8447    9.5951
    0.0000  -22.5000   15.000014771.5732    9.5944
    7.5000  -22.5000   15.000014207.2891    9.6019
   -7.5000  -15.0000   15.000014899.4229    9.5533
    0.0000  -15.0000   15.000015488.8311    9.5525
    7.5000  -15.0000   15.000014894.5928    9.5590
   -7.5000   -7.5000   15.000015486.4834    9.5251
    0.0000   -7.5000   15.000016112.8633    9.5241
    7.5000   -7.5000   15.000015504.7891    9.5303
   -7.5000    0.0000   15.000015964.3662    9.5144
    0.0000    0.0000   15.000016581.0605    9.5133
    7.5000    0.0000   15.000016002.1562    9.5198
   -7.5000    7.5000   15.000015398.2256    9.6093
    0.0000    7.5000   15.000016111.8525    9.6081
    7.5000    7.5000   15.000015477.0801    9.6154
   -7.5000   15.0000   15.000014945.6611    9.8209
    0.0000   15.0000   15.000015845.6123    9.8211
    7.5000   15.0000   15.000014976.1699    9.8293
   -7.5000   22.5000   15.000014335.8164   10.1248
    0.0000   22.5000   15.000015167.1934   10.1251
    7.5000   22.5000   15.000014389.6006   10.1329
   -7.5000   30.0000   15.000013537.9043   10.3242
    0.0000   30.0000   15.000014272.1514   10.3257
    7.5000   30.0000   15.000013610.6328   10.3319
   -7.5000   37.5000   15.000013137.9092   10.6728
    0.0000   37.5000   15.000013806.9502   10.6759
    7.5000   37.5000   15.000013142.5293   10.6808
   -7.5000   45.0000   15.000012199.3936   10.7859
    0.0000   45.0000   15.000012791.1611   10.7898
    7.5000   45.0000   15.000012137.3506   10.7947
   -7.5000  -45.0000   22.500011951.7256    9.9269
    0.0000  -45.0000   22.500012388.9150    9.9296
    7.5000  -45.0000   22.500011930.8555    9.9418
   -7.5000  -37.5000   22.500012277.5322    9.8616
    0.0000  -37.5000   22.500012728.4121    9.8662
    7.5000  -37.5000   22.500012257.9121    9.8801
   -7.5000  -30.0000   22.500012997.9199    9.7153
    0.0000  -30.0000   22.500013465.0732    9.7190
    7.5000  -30.0000   22.500012964.9258    9.7333
   -7.5000  -22.5000   22.500013742.2783    9.6079
    0.0000  -22.5000   22.500014221.8906    9.6103
    7.5000  -22.5000   22.500013680.4365    9.6229
   -7.5000  -15.0000   22.500014410.8438    9.5664
    0.0000  -15.0000   22.500014944.5938    9.5682
    7.5000  -15.0000   22.500014358.1699    9.5790
   -7.5000   -7.5000   22.500014980.6641    9.5386
    0.0000   -7.5000   22.500015546.6992    9.5415
    7.5000   -7.5000   22.500014936.2256    9.5522
   -7.5000    0.0000   22.500015456.4004    9.5282
    0.0000    0.0000   22.500016046.5361    9.5322
    7.5000    0.0000   22.500015396.9932    9.5441
   -7.5000    7.5000   22.500014885.0518    9.6227
    0.0000    7.5000   22.500015575.1729    9.6272
    7.5000    7.5000   22.500014829.6045    9.6406
   -7.5000   15.0000   22.500014279.1123    9.8345
    0.0000   15.0000   22.500014992.2051    9.8392
    7.5000   15.0000   22.500014186.0928    9.8535
   -7.5000   22.5000   22.500013615.3936   10.1403
    0.0000   22.5000   22.500014288.9336   10.1434
    7.5000   22.5000   22.500013525.5117   10.1564
   -7.5000   30.0000   22.500012879.5449   10.3375
    0.0000   30.0000   22.500013556.6543   10.3414
    7.5000   30.0000   22.500012801.8730   10.3531
   -7.5000   37.5000   22.500012505.1689   10.6846
    0.0000   37.5000   22.500013172.9141   10.6915
    7.5000   37.5000   22.500012385.8975   10.7028
   -7.5000   45.0000   22.500011585.6309   10.7959
    0.0000   45.0000   22.500012173.3418   10.8055
    7.5000   45.0000   22.500011468.2490   10.8177
   -7.5000  -45.0000   30.000011423.4697    9.9491
    0.0000  -45.0000   30.000011838.8291    9.9554
    7.5000  -45.0000   30.000011354.5078    9.9704
   -7.5000  -37.5000   30.000011726.9092    9.8830
    0.0000  -37.5000   30.000012141.2207    9.8906
    7.5000  -37.5000   30.000011636.7891    9.9076
   -7.5000  -30.0000   30.000012398.8203    9.7346
    0.0000  -30.0000   30.000012854.8594    9.7410
    7.5000  -30.0000   30.000012281.1641    9.7582
   -7.5000  -22.5000   30.000013079.9297    9.6264
    0.0000  -22.5000   30.000013580.6289    9.6310
    7.5000  -22.5000   30.000012923.6016    9.6462
   -7.5000  -15.0000   30.000013699.0391    9.5856
    0.0000  -15.0000   30.000014259.6533    9.5894
    7.5000  -15.0000   30.000013525.4980    9.6027
   -7.5000   -7.5000   30.000014213.3818    9.5594
    0.0000   -7.5000   30.000014834.2324    9.5648
    7.5000   -7.5000   30.000014052.9170    9.5779
   -7.5000    0.0000   30.000014658.2285    9.5500
    0.0000    0.0000   30.000015313.9873    9.5568
    7.5000    0.0000   30.000014504.8398    9.5713
   -7.5000    7.5000   30.000014059.9150    9.6441
    0.0000    7.5000   30.000014715.5322    9.6514
    7.5000    7.5000   30.000013930.1172    9.6679
   -7.5000   15.0000   30.000013392.7715    9.8550
    0.0000   15.0000   30.000013984.1055    9.8623
    7.5000   15.0000   30.000013248.5566    9.8797
   -7.5000   22.5000   30.000012698.3311   10.1621
    0.0000   22.5000   30.000013203.9238   10.1672
    7.5000   22.5000   30.000012569.1553   10.1828
   -7.5000   30.0000   30.000011948.2852   10.3566
    0.0000   30.0000   30.000012443.1855   10.3624
    7.5000   30.0000   30.000011856.9482   10.3771
   -7.5000   37.5000   30.000011587.9824   10.7028
    0.0000   37.5000   30.000012059.3643   10.7123
    7.5000   37.5000   30.000011498.7129   10.7272
   -7.5000   45.0000   30.000010755.0820   10.8144
    0.0000   45.0000   30.000011216.4277   10.8267
    7.5000   45.0000   30.000010687.3096   10.8429
   -7.5000  -45.0000   37.500011175.9375    9.9879
    0.0000  -45.0000   37.500011634.3838    9.9915
    7.5000  -45.0000   37.500011061.6592   10.0032
   -7.5000  -37.5000   37.500011430.5439    9.9219
    0.0000  -37.5000   37.500011884.5537    9.9262
    7.5000  -37.5000   37.500011309.9688    9.9391
   -7.5000  -30.0000   37.500012051.3203    9.7721
    0.0000  -30.0000   37.500012505.4961    9.7762
    7.5000  -30.0000   37.500011899.7891    9.7892
   -7.5000  -22.5000   37.500012691.7686    9.6625
    0.0000  -22.5000   37.500013150.7725    9.6661
    7.5000  -22.5000   37.500012485.8223    9.6778
   -7.5000  -15.0000   37.500013277.0752    9.6214
    0.0000  -15.0000   37.500013780.0107    9.6247
    7.5000  -15.0000   37.500013056.0225    9.6352
   -7.5000   -7.5000   37.500013774.5186    9.5959
    0.0000   -7.5000   37.500014311.2500    9.5999
    7.5000   -7.5000   37.500013567.1680    9.6105
   -7.5000    0.0000   37.500014180.7500    9.5876
    0.0000    0.0000   37.500014765.0967    9.5917
    7.5000    0.0000   37.500013992.7109    9.6031
   -7.5000    7.5000   37.500013566.3682    9.6828
    0.0000    7.5000   37.500014133.0850    9.6870
    7.5000    7.5000   37.500013419.8955    9.6997
   -7.5000   15.0000   37.500012889.1670    9.8945
    0.0000   15.0000   37.500013389.6338    9.8996
    7.5000   15.0000   37.500012755.0674    9.9131
   -7.5000   22.5000   37.500012192.7012   10.2025
    0.0000   22.5000   37.500012660.2324   10.2067
    7.5000   22.5000   37.500012096.4580   10.2187
   -7.5000   30.0000   37.500011470.6943   10.3951
    0.0000   30.0000   37.500011906.7627   10.4006
    7.5000   30.0000   37.500011381.3320   10.4121
   -7.5000   37.5000   37.500011129.6543   10.7417
    0.0000   37.5000   37.500011539.0625   10.7497
    7.5000   37.5000   37.500011035.9570   10.7615
   -7.5000   45.0000   37.500010378.5391   10.8552
    0.0000   45.0000   37.500010767.7354   10.8643
    7.5000   45.0000   37.500010301.1816   10.8768
   -7.5000  -45.0000   45.000010323.0840   10.0333
    0.0000  -45.0000   45.000010709.2588   10.0308
    7.5000  -45.0000   45.000010213.9111   10.0368
   -7.5000  -37.5000   45.000010529.4805    9.9679
    0.0000  -37.5000   45.000010922.2002    9.9661
    7.5000  -37.5000   45.000010423.1357    9.9725
   -7.5000  -30.0000   45.000011100.0127    9.8176
    0.0000  -30.0000   45.000011494.4990    9.8168
    7.5000  -30.0000   45.000010954.5322    9.8236
   -7.5000  -22.5000   45.000011675.7402    9.7068
    0.0000  -22.5000   45.000012075.7783    9.7072
    7.5000  -22.5000   45.000011498.6035    9.7135
   -7.5000  -15.0000   45.000012201.6729    9.6647
    0.0000  -15.0000   45.000012632.7617    9.6655
    7.5000  -15.0000   45.000012014.3623    9.6715
   -7.5000   -7.5000   45.000012650.9023    9.6383
    0.0000   -7.5000   45.000013124.2930    9.6384
    7.5000   -7.5000   45.000012465.2607    9.6445
   -7.5000    0.0000   45.000013014.0078    9.6299
    0.0000    0.0000   45.000013530.1631    9.6286
    7.5000    0.0000   45.000012848.6689    9.6348
   -7.5000    7.5000   45.000012450.0283    9.7275
    0.0000    7.5000   45.000012940.1514    9.7259
    7.5000    7.5000   45.000012313.3730    9.7325
   -7.5000   15.0000   45.000011804.1621    9.9435
    0.0000   15.0000   45.000012271.6426    9.9438
    7.5000   15.0000   45.000011707.2109    9.9511
   -7.5000   22.5000   45.000011189.6523   10.2546
    0.0000   22.5000   45.000011634.1504   10.2558
    7.5000   22.5000   45.000011108.0264   10.2622
   -7.5000   30.0000   45.000010529.0273   10.4489
    0.0000   30.0000   45.000010934.5898   10.4521
    7.5000   30.0000   45.000010437.1113   10.4581
   -7.5000   37.5000   45.000010229.3867   10.7992
    0.0000   37.5000   45.000010613.2842   10.8035
    7.5000   37.5000   45.000010136.7520   10.8093
   -7.5000   45.0000   45.0000 9547.1299   10.9226
    0.0000   45.0000   45.0000 9890.3877   10.9258
    7.5000   45.0000   45.0000 9463.1357   10.9312

---------------------------------------------------------------------
imgreg_4dfp /opt/freesurfer/average/711-2C_as_mni_average_305 /opt/freesurfer/average/711-2B_as_mni_average_305_mask talsrcimg_g11 none talsrcimg_to_711-2C_as_mni_average_305_t4 4355
---------------------------------------------------------------------

freesurfer imgreg_4dfp.c
/opt/freesurfer/average/711-2C_as_mni_average_305.4dfp.img
       256       256       256         1
  1.000000  1.000000  1.000000
orientation T byte_order littleendian
Reading image: /opt/freesurfer/average/711-2C_as_mni_average_305.4dfp.img
dimensions:      256       256       256
mmppix:       1.0000   -1.0000   -1.0000
center:     128.0000 -129.0000 -129.0000
/opt/freesurfer/average/711-2B_as_mni_average_305_mask.4dfp.img
       256       256       256         1
  1.000000  1.000000  1.000000
orientation T byte_order littleendian
Reading mask: /opt/freesurfer/average/711-2B_as_mni_average_305_mask.4dfp.img (2306576 pixels)
talsrcimg_g11.4dfp.img
       256       256       256         1
  1.000000  1.000000  1.000000
orientation T byte_order littleendian
Reading image: talsrcimg_g11.4dfp.img
dimensions:      256       256       256
mmppix:       1.0000   -1.0000   -1.0000
center:     128.0000 -129.0000 -129.0000
rotation matrix determinant  1.000000
image alignment mode   4355 decimal     1103 hex
   -7.5000  -45.0000  -45.0000 2242.8284   14.4320
    0.0000  -45.0000  -45.0000 2249.0806   14.4187
    7.5000  -45.0000  -45.0000 2221.0215   14.6571
   -7.5000  -37.5000  -45.0000 2233.1782   14.4312
    0.0000  -37.5000  -45.0000 2238.0566   14.4236
    7.5000  -37.5000  -45.0000 2218.2744   14.6315
   -7.5000  -30.0000  -45.0000 2225.2805   14.4044
    0.0000  -30.0000  -45.0000 2229.8979   14.3809
    7.5000  -30.0000  -45.0000 2211.5308   14.6198
   -7.5000  -22.5000  -45.0000 2230.1924   14.3793
    0.0000  -22.5000  -45.0000 2229.7358   14.3091
    7.5000  -22.5000  -45.0000 2216.6716   14.5690
   -7.5000  -15.0000  -45.0000 2241.5447   14.3092
    0.0000  -15.0000  -45.0000 2242.0342   14.2492
    7.5000  -15.0000  -45.0000 2227.4490   14.4929
   -7.5000   -7.5000  -45.0000 2249.6238   14.2865
    0.0000   -7.5000  -45.0000 2250.9412   14.2660
    7.5000   -7.5000  -45.0000 2234.9983   14.4573
   -7.5000    0.0000  -45.0000 2254.9465   14.3164
    0.0000    0.0000  -45.0000 2263.1597   14.3161
    7.5000    0.0000  -45.0000 2243.5771   14.4886
   -7.5000    7.5000  -45.0000 2255.5999   14.4105
    0.0000    7.5000  -45.0000 2267.7144   14.4047
    7.5000    7.5000  -45.0000 2251.9949   14.5392
   -7.5000   15.0000  -45.0000 2241.9326   14.5092
    0.0000   15.0000  -45.0000 2250.7502   14.5297
    7.5000   15.0000  -45.0000 2239.4368   14.6530
   -7.5000   22.5000  -45.0000 2229.0581   14.7119
    0.0000   22.5000  -45.0000 2236.4900   14.7011
    7.5000   22.5000  -45.0000 2229.6694   14.8295
   -7.5000   30.0000  -45.0000 2210.7463   15.0642
    0.0000   30.0000  -45.0000 2216.9795   15.0518
    7.5000   30.0000  -45.0000 2208.5071   15.1760
   -7.5000   37.5000  -45.0000 2193.2307   15.6030
    0.0000   37.5000  -45.0000 2200.2603   15.6086
    7.5000   37.5000  -45.0000 2180.8904   15.7890
   -7.5000   45.0000  -45.0000 2156.8447   16.3201
    0.0000   45.0000  -45.0000 2166.3364   16.3294
    7.5000   45.0000  -45.0000 2142.3083   16.5650
   -7.5000  -45.0000  -37.5000 2332.7251   13.3131
    0.0000  -45.0000  -37.5000 2342.6863   13.2585
    7.5000  -45.0000  -37.5000 2320.1980   13.4829
   -7.5000  -37.5000  -37.5000 2322.2527   13.2505
    0.0000  -37.5000  -37.5000 2332.5679   13.2236
    7.5000  -37.5000  -37.5000 2316.4021   13.4204
   -7.5000  -30.0000  -37.5000 2311.2737   13.1935
    0.0000  -30.0000  -37.5000 2320.0703   13.1742
    7.5000  -30.0000  -37.5000 2307.8643   13.3795
   -7.5000  -22.5000  -37.5000 2318.0881   13.1237
    0.0000  -22.5000  -37.5000 2324.3647   13.0807
    7.5000  -22.5000  -37.5000 2317.9658   13.2866
   -7.5000  -15.0000  -37.5000 2330.3506   13.0082
    0.0000  -15.0000  -37.5000 2339.6846   12.9905
    7.5000  -15.0000  -37.5000 2327.2261   13.1533
   -7.5000   -7.5000  -37.5000 2349.3669   12.9575
    0.0000   -7.5000  -37.5000 2357.0652   12.9480
    7.5000   -7.5000  -37.5000 2342.6938   13.1118
   -7.5000    0.0000  -37.5000 2366.3728   13.0008
    0.0000    0.0000  -37.5000 2373.2451   13.0179
    7.5000    0.0000  -37.5000 2357.4707   13.1437
   -7.5000    7.5000  -37.5000 2366.6199   13.0767
    0.0000    7.5000  -37.5000 2376.8533   13.0941
    7.5000    7.5000  -37.5000 2360.2170   13.1933
   -7.5000   15.0000  -37.5000 2357.2573   13.1779
    0.0000   15.0000  -37.5000 2367.8103   13.2017
    7.5000   15.0000  -37.5000 2349.5308   13.2862
   -7.5000   22.5000  -37.5000 2345.6350   13.3638
    0.0000   22.5000  -37.5000 2358.2930   13.3845
    7.5000   22.5000  -37.5000 2339.1982   13.4857
   -7.5000   30.0000  -37.5000 2320.2415   13.7163
    0.0000   30.0000  -37.5000 2333.9719   13.7357
    7.5000   30.0000  -37.5000 2315.3250   13.8338
   -7.5000   37.5000  -37.5000 2291.6348   14.1484
    0.0000   37.5000  -37.5000 2303.8372   14.2179
    7.5000   37.5000  -37.5000 2285.4866   14.3306
   -7.5000   45.0000  -37.5000 2255.3186   14.8093
    0.0000   45.0000  -37.5000 2267.0317   14.8390
    7.5000   45.0000  -37.5000 2247.0759   15.0272
   -7.5000  -45.0000  -30.0000 2467.8674   12.6976
    0.0000  -45.0000  -30.0000 2479.8052   12.6506
    7.5000  -45.0000  -30.0000 2465.5371   12.8524
   -7.5000  -37.5000  -30.0000 2458.9016   12.5974
    0.0000  -37.5000  -30.0000 2469.8267   12.5533
    7.5000  -37.5000  -30.0000 2456.4387   12.7663
   -7.5000  -30.0000  -30.0000 2452.7329   12.5048
    0.0000  -30.0000  -30.0000 2462.5491   12.4899
    7.5000  -30.0000  -30.0000 2451.6704   12.6957
   -7.5000  -22.5000  -30.0000 2461.1023   12.4281
    0.0000  -22.5000  -30.0000 2472.4360   12.4119
    7.5000  -22.5000  -30.0000 2459.1609   12.5668
   -7.5000  -15.0000  -30.0000 2473.3804   12.3421
    0.0000  -15.0000  -30.0000 2485.9204   12.3334
    7.5000  -15.0000  -30.0000 2467.5540   12.4675
   -7.5000   -7.5000  -30.0000 2500.9033   12.2594
    0.0000   -7.5000  -30.0000 2514.1382   12.2540
    7.5000   -7.5000  -30.0000 2495.9084   12.4001
   -7.5000    0.0000  -30.0000 2519.3713   12.2499
    0.0000    0.0000  -30.0000 2532.0198   12.2517
    7.5000    0.0000  -30.0000 2513.8970   12.3720
   -7.5000    7.5000  -30.0000 2521.4163   12.2956
    0.0000    7.5000  -30.0000 2530.4644   12.3079
    7.5000    7.5000  -30.0000 2514.1777   12.4197
   -7.5000   15.0000  -30.0000 2517.0837   12.4091
    0.0000   15.0000  -30.0000 2526.9580   12.4318
    7.5000   15.0000  -30.0000 2501.6296   12.5308
   -7.5000   22.5000  -30.0000 2508.6533   12.5844
    0.0000   22.5000  -30.0000 2520.9595   12.6173
    7.5000   22.5000  -30.0000 2494.2759   12.7041
   -7.5000   30.0000  -30.0000 2483.1343   12.9567
    0.0000   30.0000  -30.0000 2495.3738   12.9687
    7.5000   30.0000  -30.0000 2470.5012   13.0742
   -7.5000   37.5000  -30.0000 2448.5520   13.3699
    0.0000   37.5000  -30.0000 2460.8647   13.4153
    7.5000   37.5000  -30.0000 2437.0881   13.5427
   -7.5000   45.0000  -30.0000 2407.5999   13.9940
    0.0000   45.0000  -30.0000 2419.7524   14.0161
    7.5000   45.0000  -30.0000 2391.1799   14.1906
   -7.5000  -45.0000  -22.5000 2583.0269   12.0392
    0.0000  -45.0000  -22.5000 2591.5923   11.9750
    7.5000  -45.0000  -22.5000 2579.0657   12.2073
   -7.5000  -37.5000  -22.5000 2571.7192   11.9358
    0.0000  -37.5000  -22.5000 2579.5242   11.8674
    7.5000  -37.5000  -22.5000 2567.4834   12.1262
   -7.5000  -30.0000  -22.5000 2562.6375   11.8100
    0.0000  -30.0000  -22.5000 2574.6709   11.7620
    7.5000  -30.0000  -22.5000 2562.8318   11.9805
   -7.5000  -22.5000  -22.5000 2572.3479   11.7086
    0.0000  -22.5000  -22.5000 2587.2083   11.6627
    7.5000  -22.5000  -22.5000 2568.6453   11.8274
   -7.5000  -15.0000  -22.5000 2589.8533   11.6009
    0.0000  -15.0000  -22.5000 2601.9744   11.5783
    7.5000  -15.0000  -22.5000 2583.7805   11.7218
   -7.5000   -7.5000  -22.5000 2620.5254   11.5227
    0.0000   -7.5000  -22.5000 2632.8069   11.5007
    7.5000   -7.5000  -22.5000 2612.7971   11.6353
   -7.5000    0.0000  -22.5000 2637.4395   11.4894
    0.0000    0.0000  -22.5000 2651.1736   11.4904
    7.5000    0.0000  -22.5000 2631.9309   11.6212
   -7.5000    7.5000  -22.5000 2644.8953   11.4964
    0.0000    7.5000  -22.5000 2657.2144   11.5005
    7.5000    7.5000  -22.5000 2639.3357   11.6159
   -7.5000   15.0000  -22.5000 2644.8855   11.5825
    0.0000   15.0000  -22.5000 2655.3008   11.5945
    7.5000   15.0000  -22.5000 2629.0220   11.7004
   -7.5000   22.5000  -22.5000 2643.3655   11.7462
    0.0000   22.5000  -22.5000 2654.1575   11.7710
    7.5000   22.5000  -22.5000 2624.2183   11.8783
   -7.5000   30.0000  -22.5000 2625.2759   12.1074
    0.0000   30.0000  -22.5000 2633.2969   12.1215
    7.5000   30.0000  -22.5000 2605.8220   12.2147
   -7.5000   37.5000  -22.5000 2588.3691   12.5324
    0.0000   37.5000  -22.5000 2598.1194   12.5586
    7.5000   37.5000  -22.5000 2569.4458   12.6636
   -7.5000   45.0000  -22.5000 2539.0042   13.1654
    0.0000   45.0000  -22.5000 2548.9006   13.1785
    7.5000   45.0000  -22.5000 2514.9688   13.3162
   -7.5000  -45.0000  -15.0000 2660.2786   11.3946
    0.0000  -45.0000  -15.0000 2668.0664   11.3316
    7.5000  -45.0000  -15.0000 2653.4575   11.5187
   -7.5000  -37.5000  -15.0000 2648.1978   11.2718
    0.0000  -37.5000  -15.0000 2655.5413   11.2199
    7.5000  -37.5000  -15.0000 2642.5884   11.4153
   -7.5000  -30.0000  -15.0000 2644.3752   11.1254
    0.0000  -30.0000  -15.0000 2650.5105   11.0884
    7.5000  -30.0000  -15.0000 2636.5908   11.2670
   -7.5000  -22.5000  -15.0000 2656.5640   11.0195
    0.0000  -22.5000  -15.0000 2666.6726   10.9756
    7.5000  -22.5000  -15.0000 2649.1711   11.1307
   -7.5000  -15.0000  -15.0000 2675.7627   10.8882
    0.0000  -15.0000  -15.0000 2688.7083   10.8855
    7.5000  -15.0000  -15.0000 2665.5393   11.0064
   -7.5000   -7.5000  -15.0000 2703.9341   10.7868
    0.0000   -7.5000  -15.0000 2719.7764   10.8000
    7.5000   -7.5000  -15.0000 2692.9014   10.9172
   -7.5000    0.0000  -15.0000 2721.4255   10.7417
    0.0000    0.0000  -15.0000 2737.7805   10.7543
    7.5000    0.0000  -15.0000 2712.7900   10.8832
   -7.5000    7.5000  -15.0000 2730.7307   10.7430
    0.0000    7.5000  -15.0000 2745.1184   10.7508
    7.5000    7.5000  -15.0000 2726.2004   10.8728
   -7.5000   15.0000  -15.0000 2734.0417   10.8072
    0.0000   15.0000  -15.0000 2748.3318   10.8011
    7.5000   15.0000  -15.0000 2724.4167   10.9318
   -7.5000   22.5000  -15.0000 2739.4001   10.9645
    0.0000   22.5000  -15.0000 2756.8459   10.9637
    7.5000   22.5000  -15.0000 2725.9634   11.0856
   -7.5000   30.0000  -15.0000 2729.8535   11.2752
    0.0000   30.0000  -15.0000 2744.2744   11.2966
    7.5000   30.0000  -15.0000 2711.7139   11.3884
   -7.5000   37.5000  -15.0000 2698.0698   11.7358
    0.0000   37.5000  -15.0000 2713.0310   11.7533
    7.5000   37.5000  -15.0000 2677.6492   11.8573
   -7.5000   45.0000  -15.0000 2645.1211   12.3756
    0.0000   45.0000  -15.0000 2658.5808   12.3854
    7.5000   45.0000  -15.0000 2621.3379   12.5097
   -7.5000  -45.0000   -7.5000 2725.8655   10.7723
    0.0000  -45.0000   -7.5000 2726.4397   10.6674
    7.5000  -45.0000   -7.5000 2711.7395   10.8542
   -7.5000  -37.5000   -7.5000 2714.1812   10.6380
    0.0000  -37.5000   -7.5000 2718.7371   10.5737
    7.5000  -37.5000   -7.5000 2704.6577   10.7398
   -7.5000  -30.0000   -7.5000 2709.0647   10.5082
    0.0000  -30.0000   -7.5000 2718.5168   10.4636
    7.5000  -30.0000   -7.5000 2698.5029   10.6381
   -7.5000  -22.5000   -7.5000 2721.7913   10.3869
    0.0000  -22.5000   -7.5000 2733.0361   10.3457
    7.5000  -22.5000   -7.5000 2713.8562   10.5140
   -7.5000  -15.0000   -7.5000 2737.9153   10.2625
    0.0000  -15.0000   -7.5000 2752.6628   10.2366
    7.5000  -15.0000   -7.5000 2730.3750   10.3831
   -7.5000   -7.5000   -7.5000 2765.2175   10.1654
    0.0000   -7.5000   -7.5000 2779.4316   10.1453
    7.5000   -7.5000   -7.5000 2757.2678   10.2889
   -7.5000    0.0000   -7.5000 2782.5723   10.0956
    0.0000    0.0000   -7.5000 2798.9873   10.0814
    7.5000    0.0000   -7.5000 2778.0479   10.2279
   -7.5000    7.5000   -7.5000 2801.2271   10.0741
    0.0000    7.5000   -7.5000 2817.4568   10.0625
    7.5000    7.5000   -7.5000 2797.8892   10.2041
   -7.5000   15.0000   -7.5000 2812.3511   10.1319
    0.0000   15.0000   -7.5000 2827.8064   10.0970
    7.5000   15.0000   -7.5000 2808.4656   10.2632
   -7.5000   22.5000   -7.5000 2824.8159   10.2691
    0.0000   22.5000   -7.5000 2844.4668   10.2392
    7.5000   22.5000   -7.5000 2810.7268   10.3775
   -7.5000   30.0000   -7.5000 2818.4111   10.5378
    0.0000   30.0000   -7.5000 2835.3230   10.5495
    7.5000   30.0000   -7.5000 2801.3240   10.6784
   -7.5000   37.5000   -7.5000 2784.0237   11.0036
    0.0000   37.5000   -7.5000 2806.4236   11.0159
    7.5000   37.5000   -7.5000 2772.7544   11.1242
   -7.5000   45.0000   -7.5000 2727.7158   11.6286
    0.0000   45.0000   -7.5000 2747.0249   11.6248
    7.5000   45.0000   -7.5000 2712.9658   11.7679
   -7.5000  -45.0000    0.0000 2772.4001   10.2706
    0.0000  -45.0000    0.0000 2777.8872   10.1602
    7.5000  -45.0000    0.0000 2753.1562   10.3190
   -7.5000  -37.5000    0.0000 2765.7190   10.1527
    0.0000  -37.5000    0.0000 2773.4580   10.0612
    7.5000  -37.5000    0.0000 2753.4175   10.2053
   -7.5000  -30.0000    0.0000 2761.0767   10.0419
    0.0000  -30.0000    0.0000 2772.4524    9.9737
    7.5000  -30.0000    0.0000 2750.8333   10.1298
   -7.5000  -22.5000    0.0000 2766.8408    9.9120
    0.0000  -22.5000    0.0000 2782.6602    9.8618
    7.5000  -22.5000    0.0000 2763.1099   10.0188
   -7.5000  -15.0000    0.0000 2781.0679    9.7786
    0.0000  -15.0000    0.0000 2797.8145    9.7445
    7.5000  -15.0000    0.0000 2779.1677    9.8968
   -7.5000   -7.5000    0.0000 2804.3401    9.6833
    0.0000   -7.5000    0.0000 2822.6152    9.6325
    7.5000   -7.5000    0.0000 2800.2625    9.7847
   -7.5000    0.0000    0.0000 2825.5981    9.6046
    0.0000    0.0000    0.0000 2845.0115    9.5511
    7.5000    0.0000    0.0000 2822.7654    9.7101
   -7.5000    7.5000    0.0000 2852.8306    9.5908
    0.0000    7.5000    0.0000 2869.9404    9.5537
    7.5000    7.5000    0.0000 2849.6948    9.7022
   -7.5000   15.0000    0.0000 2876.6890    9.6576
    0.0000   15.0000    0.0000 2894.9021    9.6065
    7.5000   15.0000    0.0000 2874.5635    9.7695
   -7.5000   22.5000    0.0000 2896.5896    9.7600
    0.0000   22.5000    0.0000 2920.8525    9.6995
    7.5000   22.5000    0.0000 2884.8826    9.8823
   -7.5000   30.0000    0.0000 2888.0142   10.0012
    0.0000   30.0000    0.0000 2912.0188    9.9899
    7.5000   30.0000    0.0000 2874.4177   10.1776
   -7.5000   37.5000    0.0000 2854.6064   10.4429
    0.0000   37.5000    0.0000 2877.6721   10.4242
    7.5000   37.5000    0.0000 2845.1707   10.6032
   -7.5000   45.0000    0.0000 2791.2869   11.0625
    0.0000   45.0000    0.0000 2809.8062   11.0117
    7.5000   45.0000    0.0000 2781.7234   11.2324
   -7.5000  -45.0000    7.5000 2808.7341    9.9272
    0.0000  -45.0000    7.5000 2816.3828    9.8049
    7.5000  -45.0000    7.5000 2795.8738    9.9560
   -7.5000  -37.5000    7.5000 2810.2310    9.8286
    0.0000  -37.5000    7.5000 2823.3064    9.7164
    7.5000  -37.5000    7.5000 2803.0537    9.8812
   -7.5000  -30.0000    7.5000 2806.0459    9.7180
    0.0000  -30.0000    7.5000 2819.7524    9.6290
    7.5000  -30.0000    7.5000 2804.4187    9.7974
   -7.5000  -22.5000    7.5000 2810.6191    9.5822
    0.0000  -22.5000    7.5000 2826.6292    9.5048
    7.5000  -22.5000    7.5000 2811.0864    9.6872
   -7.5000  -15.0000    7.5000 2814.9351    9.4565
    0.0000  -15.0000    7.5000 2828.5525    9.3809
    7.5000  -15.0000    7.5000 2813.5164    9.5665
   -7.5000   -7.5000    7.5000 2832.9897    9.3479
    0.0000   -7.5000    7.5000 2845.7271    9.2491
    7.5000   -7.5000    7.5000 2832.2258    9.4423
   -7.5000    0.0000    7.5000 2855.6292    9.2692
    0.0000    0.0000    7.5000 2869.3711    9.1746
    7.5000    0.0000    7.5000 2853.7583    9.3652
   -7.5000    7.5000    7.5000 2883.2444    9.2679
    0.0000    7.5000    7.5000 2901.7021    9.1908
    7.5000    7.5000    7.5000 2883.9854    9.3789
   -7.5000   15.0000    7.5000 2919.4944    9.4094
    0.0000   15.0000    7.5000 2939.7383    9.3232
    7.5000   15.0000    7.5000 2920.4973    9.4828
   -7.5000   22.5000    7.5000 2950.9216    9.5304
    0.0000   22.5000    7.5000 2982.9331    9.4540
    7.5000   22.5000    7.5000 2943.0205    9.6346
   -7.5000   30.0000    7.5000 2955.1641    9.6852
    0.0000   30.0000    7.5000 2983.0059    9.6081
    7.5000   30.0000    7.5000 2937.4670    9.8997
   -7.5000   37.5000    7.5000 2913.0679   10.1252
    0.0000   37.5000    7.5000 2931.0935   10.0123
    7.5000   37.5000    7.5000 2900.3452   10.3282
   -7.5000   45.0000    7.5000 2835.6887   10.7325
    0.0000   45.0000    7.5000 2853.1235   10.6016
    7.5000   45.0000    7.5000 2829.8933   10.9057
   -7.5000  -45.0000   15.0000 2818.7502    9.7747
    0.0000  -45.0000   15.0000 2829.5193    9.6086
    7.5000  -45.0000   15.0000 2817.1875    9.8222
   -7.5000  -37.5000   15.0000 2822.0024    9.6868
    0.0000  -37.5000   15.0000 2836.9583    9.5202
    7.5000  -37.5000   15.0000 2825.8723    9.7537
   -7.5000  -30.0000   15.0000 2825.8931    9.5751
    0.0000  -30.0000   15.0000 2846.1870    9.4275
    7.5000  -30.0000   15.0000 2831.8066    9.6487
   -7.5000  -22.5000   15.0000 2829.0781    9.4420
    0.0000  -22.5000   15.0000 2849.6311    9.3174
    7.5000  -22.5000   15.0000 2835.1436    9.5320
   -7.5000  -15.0000   15.0000 2827.2334    9.3234
    0.0000  -15.0000   15.0000 2845.5134    9.2027
    7.5000  -15.0000   15.0000 2833.2578    9.4093
   -7.5000   -7.5000   15.0000 2845.1882    9.2183
    0.0000   -7.5000   15.0000 2859.2588    9.0867
    7.5000   -7.5000   15.0000 2846.4465    9.3141
   -7.5000    0.0000   15.0000 2867.9854    9.1366
    0.0000    0.0000   15.0000 2879.0417    9.0081
    7.5000    0.0000   15.0000 2864.7205    9.2553
   -7.5000    7.5000   15.0000 2903.4924    9.1390
    0.0000    7.5000   15.0000 2922.9875    9.0135
    7.5000    7.5000   15.0000 2906.8569    9.2660
   -7.5000   15.0000   15.0000 2943.9419    9.3131
    0.0000   15.0000   15.0000 2963.5051    9.1903
    7.5000   15.0000   15.0000 2946.9294    9.3930
   -7.5000   22.5000   15.0000 2981.7971    9.5215
    0.0000   22.5000   15.0000 3015.2988    9.4557
    7.5000   22.5000   15.0000 2976.6450    9.6075
   -7.5000   30.0000   15.0000 2992.6238    9.7253
    0.0000   30.0000   15.0000 3028.7258    9.5812
    7.5000   30.0000   15.0000 2977.5125    9.8711
   -7.5000   37.5000   15.0000 2952.4124   10.1198
    0.0000   37.5000   15.0000 2981.8311    9.9406
    7.5000   37.5000   15.0000 2936.7256   10.2398
   -7.5000   45.0000   15.0000 2858.3894   10.6798
    0.0000   45.0000   15.0000 2878.9006   10.5543
    7.5000   45.0000   15.0000 2850.6985   10.7797
   -7.5000  -45.0000   22.5000 2807.9219    9.8294
    0.0000  -45.0000   22.5000 2821.2764    9.6536
    7.5000  -45.0000   22.5000 2811.3477    9.8815
   -7.5000  -37.5000   22.5000 2815.5278    9.7361
    0.0000  -37.5000   22.5000 2834.4231    9.5389
    7.5000  -37.5000   22.5000 2828.8242    9.7687
   -7.5000  -30.0000   22.5000 2829.0068    9.6181
    0.0000  -30.0000   22.5000 2850.0371    9.4409
    7.5000  -30.0000   22.5000 2842.3384    9.6606
   -7.5000  -22.5000   22.5000 2839.7583    9.5027
    0.0000  -22.5000   22.5000 2857.9080    9.3277
    7.5000  -22.5000   22.5000 2850.3828    9.5537
   -7.5000  -15.0000   22.5000 2838.9094    9.3935
    0.0000  -15.0000   22.5000 2860.4053    9.2264
    7.5000  -15.0000   22.5000 2854.1860    9.4604
   -7.5000   -7.5000   22.5000 2852.5244    9.3102
    0.0000   -7.5000   22.5000 2872.1863    9.1542
    7.5000   -7.5000   22.5000 2862.0898    9.3849
   -7.5000    0.0000   22.5000 2878.9666    9.2371
    0.0000    0.0000   22.5000 2890.8564    9.1123
    7.5000    0.0000   22.5000 2882.0708    9.3289
   -7.5000    7.5000   22.5000 2914.5518    9.2511
    0.0000    7.5000   22.5000 2931.6946    9.1188
    7.5000    7.5000   22.5000 2918.6257    9.3419
   -7.5000   15.0000   22.5000 2948.3149    9.3675
    0.0000   15.0000   22.5000 2967.9443    9.2923
    7.5000   15.0000   22.5000 2948.3696    9.4511
   -7.5000   22.5000   22.5000 2979.1665    9.5551
    0.0000   22.5000   22.5000 3007.7180    9.4416
    7.5000   22.5000   22.5000 2967.0181    9.6486
   -7.5000   30.0000   22.5000 2985.2480    9.8560
    0.0000   30.0000   22.5000 3011.0217    9.7402
    7.5000   30.0000   22.5000 2965.5120    9.9453
   -7.5000   37.5000   22.5000 2943.2751   10.2715
    0.0000   37.5000   22.5000 2968.0371   10.2137
    7.5000   37.5000   22.5000 2921.6399   10.3534
   -7.5000   45.0000   22.5000 2852.8555   10.8035
    0.0000   45.0000   22.5000 2873.8127   10.7702
    7.5000   45.0000   22.5000 2838.4470   10.8861
   -7.5000  -45.0000   30.0000 2779.7375   10.1220
    0.0000  -45.0000   30.0000 2788.0227    9.9058
    7.5000  -45.0000   30.0000 2790.4597   10.1147
   -7.5000  -37.5000   30.0000 2798.1440    9.9926
    0.0000  -37.5000   30.0000 2809.7629    9.7821
    7.5000  -37.5000   30.0000 2811.8970    9.9616
   -7.5000  -30.0000   30.0000 2815.3999    9.8656
    0.0000  -30.0000   30.0000 2830.5532    9.6685
    7.5000  -30.0000   30.0000 2824.1433    9.8430
   -7.5000  -22.5000   30.0000 2830.3442    9.7267
    0.0000  -22.5000   30.0000 2847.5261    9.5596
    7.5000  -22.5000   30.0000 2837.1187    9.7341
   -7.5000  -15.0000   30.0000 2840.3413    9.6160
    0.0000  -15.0000   30.0000 2861.2075    9.4748
    7.5000  -15.0000   30.0000 2846.2100    9.6321
   -7.5000   -7.5000   30.0000 2847.2952    9.5394
    0.0000   -7.5000   30.0000 2872.1257    9.4150
    7.5000   -7.5000   30.0000 2854.2776    9.5764
   -7.5000    0.0000   30.0000 2870.5420    9.4832
    0.0000    0.0000   30.0000 2888.3650    9.3777
    7.5000    0.0000   30.0000 2874.0686    9.5453
   -7.5000    7.5000   30.0000 2903.6907    9.4857
    0.0000    7.5000   30.0000 2922.3708    9.4048
    7.5000    7.5000   30.0000 2903.4531    9.5692
   -7.5000   15.0000   30.0000 2929.7371    9.5866
    0.0000   15.0000   30.0000 2948.3611    9.4902
    7.5000   15.0000   30.0000 2925.2734    9.6593
   -7.5000   22.5000   30.0000 2949.8831    9.7470
    0.0000   22.5000   30.0000 2966.4851    9.5699
    7.5000   22.5000   30.0000 2938.1191    9.8213
   -7.5000   30.0000   30.0000 2938.6968   10.0271
    0.0000   30.0000   30.0000 2958.4026    9.8934
    7.5000   30.0000   30.0000 2929.3765   10.1285
   -7.5000   37.5000   30.0000 2891.6348   10.4454
    0.0000   37.5000   30.0000 2913.1584   10.3329
    7.5000   37.5000   30.0000 2880.9619   10.5341
   -7.5000   45.0000   30.0000 2807.1646   11.0198
    0.0000   45.0000   30.0000 2829.8926   10.9047
    7.5000   45.0000   30.0000 2799.9639   11.0875
   -7.5000  -45.0000   37.5000 2737.9224   10.5725
    0.0000  -45.0000   37.5000 2757.9465   10.3884
    7.5000  -45.0000   37.5000 2750.2949   10.5174
   -7.5000  -37.5000   37.5000 2758.9622   10.3905
    0.0000  -37.5000   37.5000 2777.5784   10.1974
    7.5000  -37.5000   37.5000 2773.5046   10.3311
   -7.5000  -30.0000   37.5000 2778.2515   10.2191
    0.0000  -30.0000   37.5000 2792.6865   10.0376
    7.5000  -30.0000   37.5000 2787.0212   10.1681
   -7.5000  -22.5000   37.5000 2802.3552   10.0513
    0.0000  -22.5000   37.5000 2814.9343    9.8852
    7.5000  -22.5000   37.5000 2804.3076   10.0292
   -7.5000  -15.0000   37.5000 2814.2522    9.9289
    0.0000  -15.0000   37.5000 2836.9053    9.7710
    7.5000  -15.0000   37.5000 2819.7214    9.9071
   -7.5000   -7.5000   37.5000 2828.4102    9.8524
    0.0000   -7.5000   37.5000 2851.3088    9.7076
    7.5000   -7.5000   37.5000 2830.1221    9.8597
   -7.5000    0.0000   37.5000 2849.9199    9.8188
    0.0000    0.0000   37.5000 2874.2078    9.6847
    7.5000    0.0000   37.5000 2849.1594    9.8522
   -7.5000    7.5000   37.5000 2874.2490    9.8573
    0.0000    7.5000   37.5000 2901.6306    9.7566
    7.5000    7.5000   37.5000 2875.5569    9.8991
   -7.5000   15.0000   37.5000 2891.7400    9.9537
    0.0000   15.0000   37.5000 2916.9648    9.7724
    7.5000   15.0000   37.5000 2890.8694    9.9915
   -7.5000   22.5000   37.5000 2899.7708   10.0892
    0.0000   22.5000   37.5000 2919.9612    9.9265
    7.5000   22.5000   37.5000 2897.6116   10.1597
   -7.5000   30.0000   37.5000 2878.0808   10.4002
    0.0000   30.0000   37.5000 2894.2681   10.2355
    7.5000   30.0000   37.5000 2874.7185   10.4866
   -7.5000   37.5000   37.5000 2823.7925   10.8154
    0.0000   37.5000   37.5000 2838.0347   10.6899
    7.5000   37.5000   37.5000 2812.8279   10.9051
   -7.5000   45.0000   37.5000 2748.1990   11.4125
    0.0000   45.0000   37.5000 2761.1614   11.2632
    7.5000   45.0000   37.5000 2738.4290   11.4704
   -7.5000  -45.0000   45.0000 2685.3379   11.1225
    0.0000  -45.0000   45.0000 2704.7371   10.9008
    7.5000  -45.0000   45.0000 2698.0667   11.0045
   -7.5000  -37.5000   45.0000 2703.8860   10.8890
    0.0000  -37.5000   45.0000 2727.4856   10.6618
    7.5000  -37.5000   45.0000 2722.7896   10.7743
   -7.5000  -30.0000   45.0000 2723.4236   10.6824
    0.0000  -30.0000   45.0000 2743.1296   10.4775
    7.5000  -30.0000   45.0000 2735.2356   10.5767
   -7.5000  -22.5000   45.0000 2747.7913   10.4937
    0.0000  -22.5000   45.0000 2765.3335   10.3119
    7.5000  -22.5000   45.0000 2753.3684   10.3935
   -7.5000  -15.0000   45.0000 2765.9138   10.3446
    0.0000  -15.0000   45.0000 2789.4856   10.1732
    7.5000  -15.0000   45.0000 2773.6643   10.2610
   -7.5000   -7.5000   45.0000 2786.2056   10.2524
    0.0000   -7.5000   45.0000 2812.6978   10.0890
    7.5000   -7.5000   45.0000 2790.8687   10.2117
   -7.5000    0.0000   45.0000 2806.6602   10.2311
    0.0000    0.0000   45.0000 2836.8157   10.0829
    7.5000    0.0000   45.0000 2811.5320   10.2037
   -7.5000    7.5000   45.0000 2826.9282   10.3021
    0.0000    7.5000   45.0000 2854.9458   10.1550
    7.5000    7.5000   45.0000 2833.0833   10.3011
   -7.5000   15.0000   45.0000 2832.2283   10.3985
    0.0000   15.0000   45.0000 2866.7173   10.2387
    7.5000   15.0000   45.0000 2842.9316   10.4376
   -7.5000   22.5000   45.0000 2834.7910   10.5891
    0.0000   22.5000   45.0000 2857.7502   10.4532
    7.5000   22.5000   45.0000 2838.6326   10.6649
   -7.5000   30.0000   45.0000 2802.0745   10.9252
    0.0000   30.0000   45.0000 2820.8469   10.7868
    7.5000   30.0000   45.0000 2796.5139   11.0042
   -7.5000   37.5000   45.0000 2740.0740   11.3844
    0.0000   37.5000   45.0000 2756.8467   11.2579
    7.5000   37.5000   45.0000 2734.4729   11.4507
   -7.5000   45.0000   45.0000 2662.0518   11.9780
    0.0000   45.0000   45.0000 2675.0315   11.8306
    7.5000   45.0000   45.0000 2658.8323   12.0298

---------------------------------------------------------------------
imgreg_4dfp /opt/freesurfer/average/711-2C_as_mni_average_305 /opt/freesurfer/average/711-2B_as_mni_average_305_mask talsrcimg_g11 none talsrcimg_to_711-2C_as_mni_average_305_t4 1283
---------------------------------------------------------------------

freesurfer imgreg_4dfp.c
/opt/freesurfer/average/711-2C_as_mni_average_305.4dfp.img
       256       256       256         1
  1.000000  1.000000  1.000000
orientation T byte_order littleendian
Reading image: /opt/freesurfer/average/711-2C_as_mni_average_305.4dfp.img
dimensions:      256       256       256
mmppix:       1.0000   -1.0000   -1.0000
center:     128.0000 -129.0000 -129.0000
/opt/freesurfer/average/711-2B_as_mni_average_305_mask.4dfp.img
       256       256       256         1
  1.000000  1.000000  1.000000
orientation T byte_order littleendian
Reading mask: /opt/freesurfer/average/711-2B_as_mni_average_305_mask.4dfp.img (2306576 pixels)
talsrcimg_g11.4dfp.img
       256       256       256         1
  1.000000  1.000000  1.000000
orientation T byte_order littleendian
Reading image: talsrcimg_g11.4dfp.img
dimensions:      256       256       256
mmppix:       1.0000   -1.0000   -1.0000
center:     128.0000 -129.0000 -129.0000
rotation matrix determinant  1.000000
fimgreg.f
image alignment mode   1283 decimal      503 hex
parameters
    0.0000   30.0000   15.0000    0.0000    0.0000    0.0000
eta,q 0.95023  9.60136
niter,ni,del,rscale     5    3   12.0000    1.2000
parameters
   -0.1998   27.2411   16.8928    1.2722   -1.5906    1.0853
eta,q 0.95457  9.51377
  0.0640  0.0520  0.0595  0.0530  0.0498  0.0534
  0.0580  0.0490  0.0558  0.0503  0.0471  0.0499
  0.0529  0.0482  0.0515  0.0474  0.0455  0.0468
  0.0507  0.0505  0.0479  0.0463  0.0460  0.0454
  0.0531  0.0543  0.0464  0.0460  0.0483  0.0457
  0.0590  0.0571  0.0480  0.0470  0.0529  0.0471
  0.0661  0.0599  0.0517  0.0492  0.0586  0.0492
niter,ni,del,rscale     4    3   12.0000    1.2000
parameters
   -0.0981   27.4229   17.4290    1.6170   -1.7103    1.2201
eta,q 0.95478  9.50920
  0.0589  0.0534  0.0561  0.0502  0.0519  0.0517
  0.0523  0.0502  0.0518  0.0473  0.0489  0.0481
  0.0475  0.0473  0.0476  0.0460  0.0463  0.0457
  0.0454  0.0454  0.0454  0.0453  0.0452  0.0452
  0.0468  0.0464  0.0461  0.0453  0.0460  0.0462
  0.0513  0.0495  0.0489  0.0470  0.0485  0.0482
  0.0584  0.0527  0.0535  0.0490  0.0533  0.0506
niter,ni,del,rscale     3    3   12.0000    1.2000
parameters
   -0.0836   27.4264   17.5734    1.6958   -1.7201    1.2226
eta,q 0.95477  9.50725
  0.0583  0.0525  0.0552  0.0497  0.0521  0.0514
  0.0518  0.0499  0.0508  0.0470  0.0491  0.0479
  0.0471  0.0469  0.0467  0.0460  0.0464  0.0457
  0.0452  0.0452  0.0452  0.0453  0.0452  0.0452
  0.0470  0.0465  0.0466  0.0455  0.0459  0.0463
  0.0514  0.0496  0.0496  0.0474  0.0483  0.0484
  0.0584  0.0528  0.0546  0.0493  0.0529  0.0509
niter,ni,del,rscale     2    3   12.0000    1.2000
parameters
   -0.0803   27.4198   17.6098    1.7160   -1.7223    1.2214
eta,q 0.95476  9.50663
  0.0583  0.0524  0.0549  0.0496  0.0521  0.0515
  0.0517  0.0499  0.0505  0.0470  0.0492  0.0479
  0.0471  0.0469  0.0465  0.0460  0.0465  0.0457
  0.0452  0.0452  0.0452  0.0452  0.0452  0.0452
  0.0470  0.0466  0.0468  0.0455  0.0459  0.0463
  0.0515  0.0496  0.0499  0.0475  0.0483  0.0484
  0.0584  0.0528  0.0550  0.0494  0.0529  0.0509
registration optimization eta report
parameter search radius
    6.0000    6.0000    6.0000    6.0000    6.0000    6.0000
100000*second partial in parameter space
       36.       19.       26.       12.       20.       16.
  0.0583  0.0524  0.0549  0.0496  0.0521  0.0515
  0.0517  0.0499  0.0505  0.0470  0.0492  0.0479
  0.0471  0.0469  0.0465  0.0460  0.0465  0.0457
  0.0452  0.0452  0.0452  0.0452  0.0452  0.0452
  0.0470  0.0466  0.0468  0.0455  0.0459  0.0463
  0.0515  0.0496  0.0499  0.0475  0.0483  0.0484
  0.0584  0.0528  0.0550  0.0494  0.0529  0.0509
   -0.0803   27.4198   17.6098    1.7160   -1.7223    1.2214
eta,q 0.95476  9.50663

---------------------------------------------------------------------
imgreg_4dfp /opt/freesurfer/average/711-2C_as_mni_average_305 /opt/freesurfer/average/711-2B_as_mni_average_305_mask talsrcimg_g11 none talsrcimg_to_711-2C_as_mni_average_305_t4 3335
---------------------------------------------------------------------

freesurfer imgreg_4dfp.c
/opt/freesurfer/average/711-2C_as_mni_average_305.4dfp.img
       256       256       256         1
  1.000000  1.000000  1.000000
orientation T byte_order littleendian
Reading image: /opt/freesurfer/average/711-2C_as_mni_average_305.4dfp.img
dimensions:      256       256       256
mmppix:       1.0000   -1.0000   -1.0000
center:     128.0000 -129.0000 -129.0000
/opt/freesurfer/average/711-2B_as_mni_average_305_mask.4dfp.img
       256       256       256         1
  1.000000  1.000000  1.000000
orientation T byte_order littleendian
Reading mask: /opt/freesurfer/average/711-2B_as_mni_average_305_mask.4dfp.img (2306576 pixels)
talsrcimg_g11.4dfp.img
       256       256       256         1
  1.000000  1.000000  1.000000
orientation T byte_order littleendian
Reading image: talsrcimg_g11.4dfp.img
dimensions:      256       256       256
mmppix:       1.0000   -1.0000   -1.0000
center:     128.0000 -129.0000 -129.0000
fimgreg.f
image alignment mode   3335 decimal      D07 hex
parameters
   -0.0803   27.4198   17.6098   -0.0679   -0.0656   -0.0900
   -2.0406    3.0673    2.1306   -2.9298   -3.0055    2.9932
eta,q 0.95399  9.57922
niter,ni,del,rscale     5    3    5.0000    1.2000
parameter  4  4.161250 ->  0.500000 qaram    1.1500
parameter  5  8.879301 ->  0.500000 qaram    1.1500
parameter  6  0.856474 ->  0.500000 qaram    1.1500
parameters
    0.2346   28.0149   16.9503   -4.2079   -4.2056   -4.2300
   -3.0220    4.0716    1.6434   -5.3965   -3.1408    2.1881
eta,q 0.96835  9.50883
  0.0481  0.0473  0.0464  0.0382  0.0321  0.0319  0.0343  0.0386  0.0335  0.0328  0.0331  0.0327
  0.0471  0.0466  0.0459  0.0398  0.0344  0.0321  0.0329  0.0358  0.0326  0.0319  0.0323  0.0321
  0.0464  0.0462  0.0458  0.0424  0.0374  0.0329  0.0322  0.0335  0.0321  0.0317  0.0318  0.0317
  0.0460  0.0460  0.0459  0.0458  0.0404  0.0352  0.0322  0.0321  0.0319  0.0319  0.0317  0.0317
  0.0460  0.0459  0.0462  0.0490  0.0434  0.0386  0.0328  0.0321  0.0322  0.0329  0.0318  0.0319
  0.0464  0.0460  0.0468  0.0521  0.0465  0.0432  0.0340  0.0336  0.0329  0.0343  0.0323  0.0325
  0.0473  0.0464  0.0478  0.0552  0.0496  0.0480  0.0357  0.0361  0.0339  0.0362  0.0332  0.0334
niter,ni,del,rscale     7    3    5.0000    1.2000
parameter  4  0.511455 ->  0.500000 qaram    1.3225
parameter  5  1.223108 ->  0.500000 qaram    1.3225
parameters
   -0.0194   28.7356   17.2710   -8.9689   -8.9666   -6.3081
   -1.4817    4.8872    3.1454   -5.0294   -4.5343    4.6614
eta,q 0.97395  9.24904
  0.0346  0.0348  0.0334  0.0317  0.0262  0.0281  0.0300  0.0308  0.0296  0.0302  0.0270  0.0290
  0.0328  0.0333  0.0324  0.0304  0.0264  0.0271  0.0284  0.0286  0.0281  0.0282  0.0265  0.0278
  0.0318  0.0322  0.0318  0.0302  0.0277  0.0267  0.0273  0.0272  0.0271  0.0268  0.0263  0.0269
  0.0316  0.0316  0.0314  0.0313  0.0303  0.0266  0.0266  0.0265  0.0264  0.0263  0.0263  0.0263
  0.0324  0.0314  0.0314  0.0342  0.0333  0.0271  0.0265  0.0266  0.0263  0.0267  0.0266  0.0261
  0.0339  0.0317  0.0318  0.0378  0.0367  0.0290  0.0270  0.0275  0.0268  0.0278  0.0271  0.0262
  0.0361  0.0324  0.0326  0.0414  0.0403  0.0328  0.0280  0.0292  0.0278  0.0294  0.0278  0.0268
niter,ni,del,rscale     7    3    5.0000    1.2000
parameters
   -0.0918   29.2086   18.0870   -8.7264  -12.8564   -5.2996
   -1.5946    4.9141    3.6398   -4.9511   -4.3476    5.9894
eta,q 0.97522  9.17493
  0.0290  0.0299  0.0284  0.0313  0.0269  0.0286  0.0271  0.0286  0.0272  0.0282  0.0262  0.0270
  0.0274  0.0281  0.0273  0.0292  0.0257  0.0272  0.0259  0.0265  0.0260  0.0264  0.0255  0.0260
  0.0264  0.0268  0.0265  0.0271  0.0250  0.0260  0.0251  0.0253  0.0252  0.0252  0.0250  0.0253
  0.0261  0.0260  0.0259  0.0257  0.0257  0.0251  0.0249  0.0249  0.0249  0.0249  0.0249  0.0248
  0.0265  0.0260  0.0257  0.0258  0.0281  0.0248  0.0251  0.0252  0.0250  0.0253  0.0250  0.0248
  0.0276  0.0266  0.0259  0.0280  0.0316  0.0255  0.0259  0.0265  0.0256  0.0264  0.0254  0.0252
  0.0294  0.0278  0.0264  0.0316  0.0353  0.0278  0.0273  0.0286  0.0267  0.0280  0.0261  0.0259
niter,ni,del,rscale     6    3    5.0000    1.2000
parameters
   -0.0749   29.3143   18.3412   -8.1825  -13.7608   -5.4815
   -1.7497    4.8961    3.5465   -5.2214   -4.2794    6.5403
eta,q 0.97525  9.14998
  0.0280  0.0276  0.0269  0.0307  0.0286  0.0281  0.0271  0.0286  0.0268  0.0277  0.0261  0.0265
  0.0263  0.0262  0.0259  0.0285  0.0268  0.0267  0.0258  0.0265  0.0257  0.0261  0.0254  0.0256
  0.0252  0.0252  0.0251  0.0263  0.0254  0.0256  0.0251  0.0252  0.0250  0.0250  0.0249  0.0251
  0.0248  0.0248  0.0248  0.0247  0.0246  0.0248  0.0248  0.0248  0.0248  0.0248  0.0248  0.0248
  0.0251  0.0250  0.0248  0.0247  0.0252  0.0249  0.0251  0.0252  0.0250  0.0253  0.0249  0.0248
  0.0262  0.0258  0.0253  0.0268  0.0277  0.0260  0.0259  0.0264  0.0257  0.0264  0.0253  0.0253
  0.0280  0.0272  0.0262  0.0303  0.0312  0.0293  0.0273  0.0287  0.0269  0.0281  0.0261  0.0261
niter,ni,del,rscale     5    3    5.0000    1.2000
parameters
   -0.0884   29.2926   18.4017   -8.0133  -13.9250   -5.5274
   -1.7446    4.8944    3.4921   -5.3909   -4.2064    6.7414
eta,q 0.97525  9.14619
  0.0280  0.0273  0.0266  0.0304  0.0291  0.0281  0.0272  0.0286  0.0268  0.0278  0.0261  0.0263
  0.0262  0.0259  0.0256  0.0282  0.0273  0.0268  0.0259  0.0265  0.0257  0.0261  0.0254  0.0255
  0.0251  0.0251  0.0250  0.0261  0.0258  0.0256  0.0251  0.0252  0.0250  0.0250  0.0249  0.0250
  0.0248  0.0248  0.0248  0.0248  0.0247  0.0248  0.0248  0.0248  0.0248  0.0248  0.0248  0.0248
  0.0251  0.0250  0.0249  0.0250  0.0249  0.0248  0.0250  0.0252  0.0250  0.0253  0.0249  0.0249
  0.0263  0.0259  0.0255  0.0273  0.0269  0.0259  0.0258  0.0264  0.0257  0.0263  0.0253  0.0253
  0.0281  0.0274  0.0264  0.0308  0.0302  0.0291  0.0272  0.0287  0.0269  0.0280  0.0260  0.0262
niter,ni,del,rscale     4    3    5.0000    1.2000
parameters
   -0.0918   29.2678   18.4147   -7.9682  -13.9555   -5.5511
   -1.7300    4.8864    3.4633   -5.4672   -4.1740    6.8158
eta,q 0.97525  9.14500
  0.0281  0.0272  0.0265  0.0303  0.0292  0.0281  0.0272  0.0286  0.0268  0.0279  0.0261  0.0262
  0.0262  0.0259  0.0256  0.0281  0.0273  0.0268  0.0259  0.0265  0.0257  0.0262  0.0253  0.0255
  0.0251  0.0251  0.0250  0.0260  0.0258  0.0256  0.0251  0.0252  0.0250  0.0251  0.0249  0.0250
  0.0248  0.0248  0.0248  0.0248  0.0247  0.0248  0.0248  0.0248  0.0248  0.0248  0.0248  0.0248
  0.0251  0.0250  0.0250  0.0250  0.0248  0.0248  0.0250  0.0252  0.0250  0.0252  0.0249  0.0249
  0.0263  0.0259  0.0255  0.0274  0.0267  0.0259  0.0258  0.0264  0.0257  0.0263  0.0253  0.0254
  0.0281  0.0274  0.0265  0.0309  0.0300  0.0290  0.0272  0.0287  0.0269  0.0280  0.0261  0.0262
niter,ni,del,rscale     3    3    5.0000    1.2000
parameters
   -0.0921   29.2567   18.4235   -7.9558  -13.9652   -5.5556
   -1.7264    4.8851    3.4528   -5.4992   -4.1584    6.8507
eta,q 0.97524  9.14459
  0.0281  0.0273  0.0265  0.0303  0.0292  0.0281  0.0272  0.0286  0.0268  0.0279  0.0261  0.0262
  0.0262  0.0259  0.0256  0.0281  0.0273  0.0268  0.0259  0.0265  0.0257  0.0262  0.0253  0.0255
  0.0251  0.0251  0.0250  0.0260  0.0258  0.0256  0.0251  0.0252  0.0250  0.0251  0.0249  0.0250
  0.0248  0.0248  0.0248  0.0248  0.0248  0.0248  0.0248  0.0248  0.0248  0.0248  0.0248  0.0248
  0.0251  0.0250  0.0250  0.0251  0.0248  0.0248  0.0250  0.0251  0.0250  0.0252  0.0249  0.0249
  0.0263  0.0259  0.0255  0.0275  0.0267  0.0258  0.0258  0.0264  0.0257  0.0263  0.0253  0.0254
  0.0281  0.0274  0.0265  0.0310  0.0300  0.0290  0.0272  0.0287  0.0269  0.0279  0.0261  0.0262
registration optimization eta report
parameter search radius
    2.4000    2.4000    2.4000    9.5220    9.5220    8.2800
    7.2000    7.2000    7.2000    7.2000    7.2000    7.2000
100000*second partial in parameter space
       58.       44.       30.        6.        5.        6.
        5.        8.        4.        6.        3.        3.
  0.0281  0.0273  0.0265  0.0303  0.0292  0.0281  0.0272  0.0286  0.0268  0.0279  0.0261  0.0262
  0.0262  0.0259  0.0256  0.0281  0.0273  0.0268  0.0259  0.0265  0.0257  0.0262  0.0253  0.0255
  0.0251  0.0251  0.0250  0.0260  0.0258  0.0256  0.0251  0.0252  0.0250  0.0251  0.0249  0.0250
  0.0248  0.0248  0.0248  0.0248  0.0248  0.0248  0.0248  0.0248  0.0248  0.0248  0.0248  0.0248
  0.0251  0.0250  0.0250  0.0251  0.0248  0.0248  0.0250  0.0251  0.0250  0.0252  0.0249  0.0249
  0.0263  0.0259  0.0255  0.0275  0.0267  0.0258  0.0258  0.0264  0.0257  0.0263  0.0253  0.0254
  0.0281  0.0274  0.0265  0.0310  0.0300  0.0290  0.0272  0.0287  0.0269  0.0279  0.0261  0.0262
   -0.0921   29.2567   18.4235   -7.9558  -13.9652   -5.5556
   -1.7264    4.8851    3.4528   -5.4992   -4.1584    6.8507
eta,q 0.97524  9.14459

---------------------------------------------------------------------
imgreg_4dfp /opt/freesurfer/average/711-2C_as_mni_average_305 /opt/freesurfer/average/711-2B_as_mni_average_305_mask talsrcimg_g11 none talsrcimg_to_711-2C_as_mni_average_305_t4 2311
---------------------------------------------------------------------

freesurfer imgreg_4dfp.c
/opt/freesurfer/average/711-2C_as_mni_average_305.4dfp.img
       256       256       256         1
  1.000000  1.000000  1.000000
orientation T byte_order littleendian
Reading image: /opt/freesurfer/average/711-2C_as_mni_average_305.4dfp.img
dimensions:      256       256       256
mmppix:       1.0000   -1.0000   -1.0000
center:     128.0000 -129.0000 -129.0000
/opt/freesurfer/average/711-2B_as_mni_average_305_mask.4dfp.img
       256       256       256         1
  1.000000  1.000000  1.000000
orientation T byte_order littleendian
Reading mask: /opt/freesurfer/average/711-2B_as_mni_average_305_mask.4dfp.img (2306576 pixels)
talsrcimg_g11.4dfp.img
       256       256       256         1
  1.000000  1.000000  1.000000
orientation T byte_order littleendian
Reading image: talsrcimg_g11.4dfp.img
dimensions:      256       256       256
mmppix:       1.0000   -1.0000   -1.0000
center:     128.0000 -129.0000 -129.0000
fimgreg.f
image alignment mode   2311 decimal      907 hex
parameters
   -0.0921   29.2567   18.4235   -7.9558  -13.9652   -5.5556
   -1.7264    4.8851    3.4528   -5.4992   -4.1584    6.8507
eta,q 0.97524  9.14459
niter,ni,del,rscale     5    3    5.0000    0.8000
parameters
   -0.1023   29.2770   18.4300   -7.2056  -12.9781   -4.7513
   -1.9313    4.8922    3.3908   -5.5833   -4.2094    6.4067
eta,q 0.97553  9.23380
  0.0262  0.0259  0.0256  0.0270  0.0265  0.0262  0.0257  0.0265  0.0255  0.0261  0.0252  0.0251
  0.0254  0.0253  0.0251  0.0260  0.0258  0.0255  0.0250  0.0254  0.0249  0.0252  0.0248  0.0248
  0.0249  0.0249  0.0249  0.0252  0.0251  0.0249  0.0246  0.0247  0.0246  0.0246  0.0245  0.0245
  0.0248  0.0248  0.0248  0.0248  0.0247  0.0245  0.0245  0.0245  0.0245  0.0245  0.0245  0.0245
  0.0249  0.0249  0.0249  0.0247  0.0245  0.0245  0.0247  0.0247  0.0246  0.0247  0.0246  0.0246
  0.0254  0.0252  0.0251  0.0251  0.0248  0.0248  0.0251  0.0253  0.0250  0.0253  0.0248  0.0249
  0.0263  0.0259  0.0256  0.0261  0.0256  0.0255  0.0259  0.0265  0.0256  0.0262  0.0252  0.0255
niter,ni,del,rscale     4    3    5.0000    0.7000
parameters
   -0.1565   29.2401   18.2568   -7.2576  -12.9151   -4.6167
   -1.8730    4.9246    3.4490   -5.4773   -4.1911    6.3128
eta,q 0.97555  9.24210
  0.0256  0.0254  0.0250  0.0259  0.0257  0.0256  0.0255  0.0260  0.0253  0.0258  0.0250  0.0250
  0.0250  0.0249  0.0247  0.0252  0.0251  0.0250  0.0249  0.0252  0.0248  0.0251  0.0247  0.0247
  0.0246  0.0246  0.0245  0.0247  0.0247  0.0246  0.0246  0.0247  0.0246  0.0246  0.0245  0.0245
  0.0245  0.0245  0.0245  0.0245  0.0245  0.0245  0.0245  0.0245  0.0245  0.0244  0.0244  0.0244
  0.0247  0.0246  0.0246  0.0246  0.0245  0.0245  0.0246  0.0246  0.0245  0.0246  0.0245  0.0245
  0.0251  0.0249  0.0249  0.0251  0.0249  0.0249  0.0249  0.0251  0.0248  0.0250  0.0247  0.0248
  0.0258  0.0255  0.0253  0.0261  0.0257  0.0255  0.0254  0.0260  0.0253  0.0257  0.0250  0.0251
niter,ni,del,rscale     3    3    5.0000    0.6000
parameters
   -0.1646   29.2726   18.2309   -7.2171  -12.8426   -4.5465
   -1.9135    4.9405    3.4545   -5.4469   -4.2008    6.2653
eta,q 0.97556  9.24949
  0.0254  0.0252  0.0250  0.0256  0.0254  0.0253  0.0252  0.0256  0.0251  0.0254  0.0249  0.0249
  0.0248  0.0248  0.0247  0.0250  0.0250  0.0249  0.0248  0.0250  0.0247  0.0249  0.0246  0.0247
  0.0245  0.0245  0.0245  0.0246  0.0246  0.0246  0.0245  0.0246  0.0245  0.0245  0.0245  0.0245
  0.0244  0.0244  0.0244  0.0245  0.0244  0.0244  0.0244  0.0244  0.0244  0.0244  0.0244  0.0244
  0.0246  0.0245  0.0245  0.0245  0.0245  0.0245  0.0245  0.0245  0.0245  0.0246  0.0245  0.0245
  0.0249  0.0247  0.0247  0.0249  0.0248  0.0248  0.0248  0.0249  0.0247  0.0249  0.0246  0.0247
  0.0254  0.0251  0.0250  0.0256  0.0254  0.0253  0.0252  0.0256  0.0251  0.0254  0.0249  0.0249
niter,ni,del,rscale     2    3    5.0000    0.5000
parameters
   -0.1698   29.2787   18.2149   -7.1617  -12.7544   -4.5221
   -1.9411    4.9648    3.4580   -5.4628   -4.2063    6.2513
eta,q 0.97556  9.25538
  0.0251  0.0250  0.0248  0.0253  0.0251  0.0250  0.0249  0.0253  0.0249  0.0251  0.0247  0.0248
  0.0247  0.0247  0.0246  0.0248  0.0248  0.0247  0.0247  0.0248  0.0246  0.0247  0.0246  0.0246
  0.0245  0.0245  0.0245  0.0246  0.0246  0.0245  0.0245  0.0245  0.0245  0.0245  0.0245  0.0245
  0.0244  0.0244  0.0244  0.0244  0.0244  0.0244  0.0244  0.0244  0.0244  0.0244  0.0244  0.0244
  0.0245  0.0245  0.0245  0.0245  0.0245  0.0245  0.0245  0.0245  0.0245  0.0245  0.0245  0.0245
  0.0247  0.0247  0.0246  0.0248  0.0247  0.0247  0.0247  0.0248  0.0246  0.0248  0.0246  0.0246
  0.0251  0.0250  0.0248  0.0253  0.0251  0.0250  0.0250  0.0252  0.0249  0.0251  0.0247  0.0248
niter,ni,del,rscale     1    3    5.0000    0.4000
parameters
   -0.1791   29.2772   18.2013   -7.1266  -12.6796   -4.5276
   -1.9640    4.9952    3.4678   -5.4853   -4.2158    6.2540
eta,q 0.97557  9.25902
  0.0248  0.0248  0.0247  0.0250  0.0249  0.0248  0.0248  0.0250  0.0247  0.0249  0.0246  0.0247
  0.0246  0.0246  0.0245  0.0247  0.0247  0.0246  0.0246  0.0247  0.0246  0.0246  0.0245  0.0245
  0.0245  0.0245  0.0245  0.0245  0.0245  0.0245  0.0245  0.0245  0.0245  0.0245  0.0245  0.0245
  0.0244  0.0244  0.0244  0.0244  0.0244  0.0244  0.0244  0.0244  0.0244  0.0244  0.0244  0.0244
  0.0245  0.0245  0.0245  0.0245  0.0245  0.0245  0.0245  0.0245  0.0245  0.0245  0.0245  0.0245
  0.0246  0.0246  0.0245  0.0246  0.0246  0.0246  0.0246  0.0247  0.0246  0.0246  0.0245  0.0245
  0.0249  0.0248  0.0247  0.0250  0.0249  0.0248  0.0248  0.0250  0.0247  0.0249  0.0246  0.0247
registration optimization eta report
parameter search radius
    0.8000    0.8000    0.8000    2.4000    2.4000    2.4000
    2.4000    2.4000    2.4000    2.4000    2.4000    2.4000
100000*second partial in parameter space
       65.       52.       38.        9.        8.        7.
        6.        9.        5.        7.        3.        4.
  0.0248  0.0248  0.0247  0.0250  0.0249  0.0248  0.0248  0.0250  0.0247  0.0249  0.0246  0.0247
  0.0246  0.0246  0.0245  0.0247  0.0247  0.0246  0.0246  0.0247  0.0246  0.0246  0.0245  0.0245
  0.0245  0.0245  0.0245  0.0245  0.0245  0.0245  0.0245  0.0245  0.0245  0.0245  0.0245  0.0245
  0.0244  0.0244  0.0244  0.0244  0.0244  0.0244  0.0244  0.0244  0.0244  0.0244  0.0244  0.0244
  0.0245  0.0245  0.0245  0.0245  0.0245  0.0245  0.0245  0.0245  0.0245  0.0245  0.0245  0.0245
  0.0246  0.0246  0.0245  0.0246  0.0246  0.0246  0.0246  0.0247  0.0246  0.0246  0.0245  0.0245
  0.0249  0.0248  0.0247  0.0250  0.0249  0.0248  0.0248  0.0250  0.0247  0.0249  0.0246  0.0247
   -0.1791   29.2772   18.2013   -7.1266  -12.6796   -4.5276
   -1.9640    4.9952    3.4678   -5.4853   -4.2158    6.2540
eta,q 0.97557  9.25902

---------------------------------------------------------------------
imgreg_4dfp /opt/freesurfer/average/711-2C_as_mni_average_305 /opt/freesurfer/average/711-2B_as_mni_average_305_mask talsrcimg_g11 none talsrcimg_to_711-2C_as_mni_average_305_t4 2311
---------------------------------------------------------------------

freesurfer imgreg_4dfp.c
/opt/freesurfer/average/711-2C_as_mni_average_305.4dfp.img
       256       256       256         1
  1.000000  1.000000  1.000000
orientation T byte_order littleendian
Reading image: /opt/freesurfer/average/711-2C_as_mni_average_305.4dfp.img
dimensions:      256       256       256
mmppix:       1.0000   -1.0000   -1.0000
center:     128.0000 -129.0000 -129.0000
/opt/freesurfer/average/711-2B_as_mni_average_305_mask.4dfp.img
       256       256       256         1
  1.000000  1.000000  1.000000
orientation T byte_order littleendian
Reading mask: /opt/freesurfer/average/711-2B_as_mni_average_305_mask.4dfp.img (2306576 pixels)
talsrcimg_g11.4dfp.img
       256       256       256         1
  1.000000  1.000000  1.000000
orientation T byte_order littleendian
Reading image: talsrcimg_g11.4dfp.img
dimensions:      256       256       256
mmppix:       1.0000   -1.0000   -1.0000
center:     128.0000 -129.0000 -129.0000
fimgreg.f
image alignment mode   2311 decimal      907 hex
parameters
   -0.1791   29.2772   18.2013   -7.1266  -12.6796   -4.5276
   -1.9640    4.9952    3.4678   -5.4853   -4.2158    6.2540
eta,q 0.97557  9.25902
niter,ni,del,rscale     5    3    5.0000    0.8000
parameters
   -0.1564   29.2494   18.1998   -7.3816  -13.0102   -4.7049
   -1.8633    4.9010    3.4776   -5.3849   -4.1566    6.2779
eta,q 0.97553  9.23284
  0.0262  0.0257  0.0254  0.0263  0.0258  0.0257  0.0258  0.0263  0.0255  0.0262  0.0252  0.0253
  0.0252  0.0250  0.0249  0.0253  0.0252  0.0251  0.0251  0.0253  0.0249  0.0252  0.0248  0.0249
  0.0246  0.0246  0.0245  0.0247  0.0247  0.0247  0.0246  0.0247  0.0246  0.0246  0.0246  0.0246
  0.0244  0.0244  0.0244  0.0244  0.0244  0.0245  0.0245  0.0245  0.0245  0.0245  0.0245  0.0245
  0.0246  0.0246  0.0245  0.0247  0.0246  0.0246  0.0246  0.0247  0.0246  0.0247  0.0245  0.0245
  0.0252  0.0250  0.0249  0.0255  0.0253  0.0251  0.0250  0.0254  0.0249  0.0252  0.0248  0.0248
  0.0260  0.0258  0.0254  0.0269  0.0264  0.0261  0.0257  0.0265  0.0255  0.0260  0.0252  0.0253
niter,ni,del,rscale     4    3    5.0000    0.7000
parameters
   -0.1538   29.2921   18.2427   -7.2710  -12.9318   -4.6067
   -1.9037    4.9091    3.4485   -5.3911   -4.1916    6.2469
eta,q 0.97555  9.24244
  0.0257  0.0255  0.0252  0.0261  0.0257  0.0256  0.0254  0.0260  0.0253  0.0257  0.0250  0.0251
  0.0250  0.0249  0.0248  0.0253  0.0251  0.0250  0.0249  0.0252  0.0248  0.0250  0.0247  0.0247
  0.0246  0.0246  0.0246  0.0247  0.0247  0.0246  0.0245  0.0247  0.0245  0.0246  0.0245  0.0245
  0.0245  0.0245  0.0245  0.0245  0.0245  0.0245  0.0245  0.0245  0.0245  0.0245  0.0245  0.0245
  0.0246  0.0245  0.0245  0.0245  0.0245  0.0246  0.0246  0.0246  0.0245  0.0246  0.0245  0.0245
  0.0250  0.0249  0.0248  0.0250  0.0249  0.0249  0.0249  0.0251  0.0248  0.0250  0.0247  0.0247
  0.0257  0.0254  0.0251  0.0260  0.0257  0.0256  0.0254  0.0260  0.0253  0.0257  0.0250  0.0251
niter,ni,del,rscale     3    3    5.0000    0.6000
parameters
   -0.1665   29.2880   18.2228   -7.2134  -12.8321   -4.5385
   -1.9189    4.9361    3.4584   -5.4169   -4.1891    6.2418
eta,q 0.97556  9.25051
  0.0254  0.0252  0.0250  0.0256  0.0254  0.0253  0.0252  0.0256  0.0250  0.0254  0.0249  0.0249
  0.0248  0.0248  0.0247  0.0250  0.0250  0.0249  0.0248  0.0250  0.0247  0.0248  0.0246  0.0247
  0.0245  0.0245  0.0245  0.0246  0.0246  0.0246  0.0245  0.0246  0.0245  0.0245  0.0245  0.0245
  0.0245  0.0245  0.0245  0.0245  0.0244  0.0244  0.0244  0.0244  0.0244  0.0244  0.0244  0.0244
  0.0246  0.0245  0.0245  0.0245  0.0245  0.0245  0.0245  0.0245  0.0245  0.0246  0.0245  0.0245
  0.0249  0.0248  0.0247  0.0249  0.0248  0.0248  0.0248  0.0249  0.0247  0.0249  0.0246  0.0247
  0.0254  0.0252  0.0250  0.0256  0.0254  0.0253  0.0252  0.0256  0.0251  0.0254  0.0249  0.0249
niter,ni,del,rscale     2    3    5.0000    0.5000
parameters
   -0.1736   29.2827   18.2077   -7.1681  -12.7486   -4.5142
   -1.9455    4.9652    3.4624   -5.4460   -4.1996    6.2316
eta,q 0.97556  9.25593
  0.0251  0.0249  0.0248  0.0253  0.0251  0.0250  0.0249  0.0253  0.0249  0.0251  0.0247  0.0248
  0.0247  0.0247  0.0246  0.0248  0.0248  0.0247  0.0247  0.0248  0.0246  0.0247  0.0246  0.0246
  0.0245  0.0245  0.0245  0.0246  0.0246  0.0245  0.0245  0.0245  0.0245  0.0245  0.0245  0.0245
  0.0244  0.0244  0.0244  0.0244  0.0244  0.0244  0.0244  0.0244  0.0244  0.0244  0.0244  0.0244
  0.0245  0.0245  0.0245  0.0245  0.0245  0.0245  0.0245  0.0245  0.0245  0.0245  0.0245  0.0245
  0.0247  0.0247  0.0246  0.0248  0.0247  0.0247  0.0247  0.0248  0.0246  0.0248  0.0246  0.0246
  0.0251  0.0250  0.0248  0.0253  0.0251  0.0250  0.0250  0.0252  0.0249  0.0251  0.0247  0.0248
niter,ni,del,rscale     1    3    5.0000    0.4000
parameters
   -0.1790   29.2781   18.2000   -7.1255  -12.6724   -4.5291
   -1.9716    4.9924    3.4749   -5.4798   -4.2176    6.2520
eta,q 0.97557  9.25927
  0.0249  0.0248  0.0247  0.0250  0.0249  0.0248  0.0248  0.0250  0.0247  0.0249  0.0246  0.0247
  0.0246  0.0246  0.0245  0.0247  0.0247  0.0246  0.0246  0.0247  0.0246  0.0246  0.0245  0.0245
  0.0245  0.0245  0.0245  0.0245  0.0245  0.0245  0.0245  0.0245  0.0245  0.0245  0.0245  0.0245
  0.0244  0.0244  0.0244  0.0244  0.0244  0.0244  0.0244  0.0244  0.0244  0.0244  0.0244  0.0244
  0.0245  0.0245  0.0245  0.0245  0.0245  0.0245  0.0245  0.0245  0.0245  0.0245  0.0245  0.0245
  0.0246  0.0246  0.0246  0.0246  0.0246  0.0246  0.0246  0.0247  0.0246  0.0246  0.0245  0.0245
  0.0249  0.0248  0.0247  0.0250  0.0249  0.0248  0.0248  0.0250  0.0247  0.0249  0.0246  0.0246
registration optimization eta report
parameter search radius
    0.8000    0.8000    0.8000    2.4000    2.4000    2.4000
    2.4000    2.4000    2.4000    2.4000    2.4000    2.4000
100000*second partial in parameter space
       65.       52.       37.        9.        8.        7.
        6.        9.        5.        7.        3.        4.
  0.0249  0.0248  0.0247  0.0250  0.0249  0.0248  0.0248  0.0250  0.0247  0.0249  0.0246  0.0247
  0.0246  0.0246  0.0245  0.0247  0.0247  0.0246  0.0246  0.0247  0.0246  0.0246  0.0245  0.0245
  0.0245  0.0245  0.0245  0.0245  0.0245  0.0245  0.0245  0.0245  0.0245  0.0245  0.0245  0.0245
  0.0244  0.0244  0.0244  0.0244  0.0244  0.0244  0.0244  0.0244  0.0244  0.0244  0.0244  0.0244
  0.0245  0.0245  0.0245  0.0245  0.0245  0.0245  0.0245  0.0245  0.0245  0.0245  0.0245  0.0245
  0.0246  0.0246  0.0246  0.0246  0.0246  0.0246  0.0246  0.0247  0.0246  0.0246  0.0245  0.0245
  0.0249  0.0248  0.0247  0.0250  0.0249  0.0248  0.0248  0.0250  0.0247  0.0249  0.0246  0.0246
   -0.1790   29.2781   18.2000   -7.1255  -12.6724   -4.5291
   -1.9716    4.9924    3.4749   -5.4798   -4.2176    6.2520
eta,q 0.97557  9.25927

---------------------------------------------------------------------
compute_vox2vox talsrcimg talsrcimg_to_711-2C_as_mni_average_305_t4 /opt/freesurfer/average/711-2C_as_mni_average_305
---------------------------------------------------------------------

freesurfer compute_vox2vox.c
Reading: talsrcimg.4dfp.ifh
Reading: talsrcimg_to_711-2C_as_mni_average_305_t4
Reading: /opt/freesurfer/average/711-2C_as_mni_average_305.4dfp.ifh
Writing: talsrcimg_to_711-2C_as_mni_average_305_t4_vox2vox.txt

start time Sun Nov 24 05:21:22 UTC 2024
end		time Sun Nov 24 05:22:20 UTC 2024

mpr2mni305 success

avi2talxfm orig_nu.mgz /opt/freesurfer/average/mni305.cor.mgz talsrcimg_to_711-2C_as_mni_average_305_t4_vox2vox.txt transforms/talairach.auto.xfm
avi2talxfm done
mv -f /scratch/tmp/fs_mp2rage_tests2/sourcedata/freesurfer_memprage/sub-fsm30gy/mri/talsrcimg_to_711-2C_as_mni_average_305_t4_vox2vox.txt /scratch/tmp/fs_mp2rage_tests2/sourcedata/freesurfer_memprage/sub-fsm30gy/mri/transforms/talsrcimg_to_711-2C_as_mni_average_305_t4_vox2vox.txt
lta_convert --src orig_nu.mgz --trg /opt/freesurfer/average/mni305.cor.mgz --inxfm transforms/talairach.auto.xfm --outlta transforms/talairach.auto.xfm.lta --subject fsaverage
7.3.2

--src: orig_nu.mgz src image (geometry).
--trg: /opt/freesurfer/average/mni305.cor.mgz trg image (geometry).
--inmni: transforms/talairach.auto.xfm input MNI/XFM transform.
--outlta: transforms/talairach.auto.xfm.lta output LTA.
--s: fsaverage subject name
 LTA read, type : 1
 1.07319  -0.05451   0.02813   1.79851;
 0.05000   1.04061  -0.07337  -42.39413;
-0.03957   0.06747   1.13939  -17.29700;
 0.00000   0.00000   0.00000   1.00000;
setting subject to fsaverage
Writing  LTA to file transforms/talairach.auto.xfm.lta...
lta_convert successful.
 
 
Started at Sun Nov 24 05:21:18 UTC 2024
Ended   at Sun Nov 24 05:22:22 UTC 2024
talairach_avi done
