/scratch/tmp/fs_mp2rage_tests/sourcedata/freesurfer_mp2rage/sub-fsm02cd/mri
/opt/freesurfer/bin/talairach_avi
--i orig_nu.mgz --xfm transforms/talairach.auto.xfm
talairach_avi 7.3.2
Linux elm.criugm.qc.ca 5.15.0-113-generic #123-Ubuntu SMP Mon Jun 10 08:16:17 UTC 2024 x86_64 x86_64 x86_64 GNU/Linux
Sat Nov 23 00:06:44 UTC 2024
mri_convert orig_nu.mgz talsrcimg.img 
reading from orig_nu.mgz...
TR=0.00, TE=0.00, TI=0.00, flip angle=0.00
i_ras = (-1, -2.32831e-10, 0)
j_ras = (0, 0, -1)
k_ras = (2.32831e-10, 1, 3.72529e-09)
writing to talsrcimg.img...
Analyze Output Matrix
-1.00000   0.00000   0.00000   132.16408;
-0.00000   0.00000   1.00000  -111.77703;
 0.00000  -1.00000   0.00000   127.73396;
 0.00000   0.00000   0.00000   1.00000;
--------------------
INFO: set hdr.hist.orient to -1
mpr2mni305 talsrcimg
Sat Nov 23 00:06:47 UTC 2024
/opt/freesurfer/bin/mpr2mni305 talsrcimg
mpr2mni305 7.3.2
target=711-2C_as_mni_average_305

---------------------------------------------------------------------
analyzeto4dfp talsrcimg -O0 -y
---------------------------------------------------------------------

freesurfer ifh2hdr.c
Sat Nov 23 00:06:47 2024
Writing: talsrcimg.4dfp.hdr
freesurfer analyzeto4dfp.c
Reading: talsrcimg.hdr
header size 348 bytes
hdr.dime.datatype	offset=70	value=2
hdr.dime.bitpix		offset=72	value=8
hdr.hist.orient		offset=252	value=-1
dimensionality     4
dimensions       256       256       256         1
Reading: talsrcimg.img
Writing: talsrcimg.4dfp.img
Writing: talsrcimg.4dfp.ifh
ifh2hdr talsrcimg -r0to230
ori=2

---------------------------------------------------------------------
gauss_4dfp talsrcimg 1.1
---------------------------------------------------------------------

freesurfer gauss_4dfp.c
Reading: talsrcimg.4dfp.img
Writing: talsrcimg_g11.4dfp.img
image dimensions 256 256 256 padded to 288 288 288
processing volume 1freesurfer ifh2hdr.c
Sat Nov 23 00:06:56 2024
Writing: talsrcimg_g11.4dfp.hdr

Writing: talsrcimg_g11.4dfp.ifh
including: talsrcimg.4dfp.img.rec in talsrcimg_g11.4dfp.img.rec

---------------------------------------------------------------------
imgreg_4dfp /opt/freesurfer/average/711-2C_as_mni_average_305 none talsrcimg_g11 none talsrcimg_to_711-2C_as_mni_average_305_t4 4355
---------------------------------------------------------------------

freesurfer imgreg_4dfp.c
/opt/freesurfer/average/711-2C_as_mni_average_305.4dfp.img
       256       256       256         1
  1.000000  1.000000  1.000000
orientation T byte_order littleendian
Reading image: /opt/freesurfer/average/711-2C_as_mni_average_305.4dfp.img
dimensions:      256       256       256
mmppix:       1.0000   -1.0000   -1.0000
center:     128.0000 -129.0000 -129.0000
talsrcimg_g11.4dfp.img
       256       256       256         1
  1.000000  1.000000  1.000000
orientation T byte_order littleendian
Reading image: talsrcimg_g11.4dfp.img
dimensions:      256       256       256
mmppix:       1.0000   -1.0000   -1.0000
center:     128.0000 -129.0000 -129.0000
t4_read: open error in t4_sub.f l:  41 t4_file(1:l)talsrcimg_to_711-2C_as_mni_average_305_t4 
t4_read: transform initialized to I4
rotation matrix determinant  1.000000
image alignment mode   4355 decimal     1103 hex
   -7.5000  -45.0000  -45.0000 8276.0977   10.6210
    0.0000  -45.0000  -45.0000 8544.5625   10.6337
    7.5000  -45.0000  -45.0000 8174.6064   10.6457
   -7.5000  -37.5000  -45.0000 8364.4473   10.7020
    0.0000  -37.5000  -45.0000 8640.4912   10.7134
    7.5000  -37.5000  -45.0000 8279.5205   10.7293
   -7.5000  -30.0000  -45.0000 8619.6074   10.5029
    0.0000  -30.0000  -45.0000 8930.4512   10.5120
    7.5000  -30.0000  -45.0000 8570.4951   10.5278
   -7.5000  -22.5000  -45.0000 8987.7930   10.3385
    0.0000  -22.5000  -45.0000 9351.0947   10.3444
    7.5000  -22.5000  -45.0000 8921.3154   10.3561
   -7.5000  -15.0000  -45.0000 9395.5186   10.2840
    0.0000  -15.0000  -45.0000 9799.2021   10.2888
    7.5000  -15.0000  -45.0000 9342.4238   10.2965
   -7.5000   -7.5000  -45.0000 9771.1260   10.2542
    0.0000   -7.5000  -45.000010236.6709   10.2620
    7.5000   -7.5000  -45.0000 9746.1172   10.2698
   -7.5000    0.0000  -45.000010122.6807   10.2556
    0.0000    0.0000  -45.000010590.0801   10.2669
    7.5000    0.0000  -45.000010083.0508   10.2782
   -7.5000    7.5000  -45.0000 9779.4072   10.4695
    0.0000    7.5000  -45.000010205.0830   10.4804
    7.5000    7.5000  -45.0000 9730.5957   10.4956
   -7.5000   15.0000  -45.0000 9412.5049   10.7997
    0.0000   15.0000  -45.0000 9815.5684   10.8060
    7.5000   15.0000  -45.0000 9350.3457   10.8220
   -7.5000   22.5000  -45.0000 8994.1143   11.1169
    0.0000   22.5000  -45.0000 9368.8926   11.1198
    7.5000   22.5000  -45.0000 8911.8291   11.1345
   -7.5000   30.0000  -45.0000 8486.5293   11.2884
    0.0000   30.0000  -45.0000 8860.8066   11.2895
    7.5000   30.0000  -45.0000 8424.7158   11.3009
   -7.5000   37.5000  -45.0000 8268.0498   11.6339
    0.0000   37.5000  -45.0000 8628.4141   11.6384
    7.5000   37.5000  -45.0000 8211.1982   11.6495
   -7.5000   45.0000  -45.0000 7733.0293   11.7083
    0.0000   45.0000  -45.0000 8094.8428   11.7224
    7.5000   45.0000  -45.0000 7705.0439   11.7377
   -7.5000  -45.0000  -37.5000 8701.3428   10.4996
    0.0000  -45.0000  -37.5000 9008.3389   10.5073
    7.5000  -45.0000  -37.5000 8684.4072   10.5193
   -7.5000  -37.5000  -37.5000 8787.7686   10.5817
    0.0000  -37.5000  -37.5000 9115.4531   10.5862
    7.5000  -37.5000  -37.5000 8793.5479   10.6010
   -7.5000  -30.0000  -37.5000 9119.5908   10.3939
    0.0000  -30.0000  -37.5000 9478.4424   10.3962
    7.5000  -30.0000  -37.5000 9131.0537   10.4115
   -7.5000  -22.5000  -37.5000 9565.1484   10.2333
    0.0000  -22.5000  -37.5000 9970.4678   10.2350
    7.5000  -22.5000  -37.5000 9548.7412   10.2473
   -7.5000  -15.0000  -37.500010040.0469   10.1745
    0.0000  -15.0000  -37.500010507.3916   10.1776
    7.5000  -15.0000  -37.500010023.9727   10.1865
   -7.5000   -7.5000  -37.500010491.0869   10.1396
    0.0000   -7.5000  -37.500010985.2207   10.1455
    7.5000   -7.5000  -37.500010463.6758   10.1542
   -7.5000    0.0000  -37.500010873.6367   10.1408
    0.0000    0.0000  -37.500011377.4453   10.1476
    7.5000    0.0000  -37.500010793.1904   10.1588
   -7.5000    7.5000  -37.500010463.6133   10.3540
    0.0000    7.5000  -37.500010945.8877   10.3583
    7.5000    7.5000  -37.500010365.6885   10.3726
   -7.5000   15.0000  -37.500010045.5547   10.6901
    0.0000   15.0000  -37.500010508.0371   10.6895
    7.5000   15.0000  -37.5000 9958.0576   10.7049
   -7.5000   22.5000  -37.5000 9544.0674   11.0002
    0.0000   22.5000  -37.5000 9979.1318   10.9990
    7.5000   22.5000  -37.5000 9467.7002   11.0152
   -7.5000   30.0000  -37.5000 9001.5898   11.1624
    0.0000   30.0000  -37.5000 9409.5898   11.1621
    7.5000   30.0000  -37.5000 8917.4932   11.1757
   -7.5000   37.5000  -37.5000 8748.3682   11.4972
    0.0000   37.5000  -37.5000 9128.1182   11.5004
    7.5000   37.5000  -37.5000 8649.9023   11.5128
   -7.5000   45.0000  -37.5000 8193.7734   11.5640
    0.0000   45.0000  -37.5000 8571.4922   11.5740
    7.5000   45.0000  -37.5000 8103.4912   11.5896
   -7.5000  -45.0000  -30.0000 9279.2822   10.9114
    0.0000  -45.0000  -30.0000 9626.3096   10.9236
    7.5000  -45.0000  -30.0000 9303.8125   10.9377
   -7.5000  -37.5000  -30.0000 9406.2217   10.9956
    0.0000  -37.5000  -30.0000 9785.6777   11.0025
    7.5000  -37.5000  -30.0000 9443.6641   11.0180
   -7.5000  -30.0000  -30.0000 9802.1797   10.8033
    0.0000  -30.0000  -30.000010230.8613   10.8078
    7.5000  -30.0000  -30.0000 9859.8135   10.8233
   -7.5000  -22.5000  -30.000010352.7656   10.6407
    0.0000  -22.5000  -30.000010803.4355   10.6462
    7.5000  -22.5000  -30.000010374.6201   10.6597
   -7.5000  -15.0000  -30.000010877.0518   10.5797
    0.0000  -15.0000  -30.000011372.0449   10.5887
    7.5000  -15.0000  -30.000010890.6045   10.6001
   -7.5000   -7.5000  -30.000011358.4648   10.5396
    0.0000   -7.5000  -30.000011883.1934   10.5514
    7.5000   -7.5000  -30.000011345.0264   10.5635
   -7.5000    0.0000  -30.000011750.7910   10.5379
    0.0000    0.0000  -30.000012331.2549   10.5488
    7.5000    0.0000  -30.000011703.0859   10.5622
   -7.5000    7.5000  -30.000011290.8574   10.7589
    0.0000    7.5000  -30.000011826.1084   10.7656
    7.5000    7.5000  -30.000011228.3750   10.7808
   -7.5000   15.0000  -30.000010841.3887   11.1175
    0.0000   15.0000  -30.000011367.0771   11.1193
    7.5000   15.0000  -30.000010788.0332   11.1357
   -7.5000   22.5000  -30.000010304.1367   11.4415
    0.0000   22.5000  -30.000010818.7158   11.4449
    7.5000   22.5000  -30.000010241.9160   11.4639
   -7.5000   30.0000  -30.0000 9692.7158   11.6098
    0.0000   30.0000  -30.000010179.5674   11.6167
    7.5000   30.0000  -30.0000 9596.9160   11.6354
   -7.5000   37.5000  -30.0000 9399.2412   11.9548
    0.0000   37.5000  -30.0000 9838.8242   11.9657
    7.5000   37.5000  -30.0000 9272.3633   11.9840
   -7.5000   45.0000  -30.0000 8788.7500   12.0301
    0.0000   45.0000  -30.0000 9223.9551   12.0458
    7.5000   45.0000  -30.0000 8672.3428   12.0655
   -7.5000  -45.0000  -22.5000 9900.0391   11.2922
    0.0000  -45.0000  -22.500010296.6562   11.3118
    7.5000  -45.0000  -22.5000 9925.0186   11.3267
   -7.5000  -37.5000  -22.500010037.8457   11.3784
    0.0000  -37.5000  -22.500010491.7197   11.3927
    7.5000  -37.5000  -22.500010121.6064   11.4087
   -7.5000  -30.0000  -22.500010553.4014   11.1757
    0.0000  -30.0000  -22.500011052.1553   11.1873
    7.5000  -30.0000  -22.500010610.7891   11.2027
   -7.5000  -22.5000  -22.500011175.6553   11.0095
    0.0000  -22.5000  -22.500011711.1445   11.0215
    7.5000  -22.5000  -22.500011201.7637   11.0344
   -7.5000  -15.0000  -22.500011758.2705   10.9497
    0.0000  -15.0000  -22.500012325.4736   10.9647
    7.5000  -15.0000  -22.500011773.7979   10.9765
   -7.5000   -7.5000  -22.500012251.0537   10.9095
    0.0000   -7.5000  -22.500012857.6240   10.9274
    7.5000   -7.5000  -22.500012236.7295   10.9405
   -7.5000    0.0000  -22.500012651.3672   10.9057
    0.0000    0.0000  -22.500013308.0586   10.9233
    7.5000    0.0000  -22.500012645.7432   10.9375
   -7.5000    7.5000  -22.500012143.0596   11.1332
    0.0000    7.5000  -22.500012764.7852   11.1471
    7.5000    7.5000  -22.500012134.4629   11.1627
   -7.5000   15.0000  -22.500011679.6143   11.5027
    0.0000   15.0000  -22.500012267.7900   11.5122
    7.5000   15.0000  -22.500011650.9434   11.5293
   -7.5000   22.5000  -22.500011082.7578   11.8415
    0.0000   22.5000  -22.500011661.2422   11.8518
    7.5000   22.5000  -22.500011022.5117   11.8710
   -7.5000   30.0000  -22.500010396.6680   12.0191
    0.0000   30.0000  -22.500010970.3926   12.0325
    7.5000   30.0000  -22.500010315.7275   12.0529
   -7.5000   37.5000  -22.500010099.9941   12.3766
    0.0000   37.5000  -22.500010623.7900   12.3938
    7.5000   37.5000  -22.5000 9971.0537   12.4150
   -7.5000   45.0000  -22.5000 9402.9092   12.4668
    0.0000   45.0000  -22.5000 9911.6094   12.4891
    7.5000   45.0000  -22.5000 9309.1816   12.5106
   -7.5000  -45.0000  -15.000010581.9766   11.5749
    0.0000  -45.0000  -15.000011029.7207   11.5989
    7.5000  -45.0000  -15.000010567.8350   11.6110
   -7.5000  -37.5000  -15.000010785.1836   11.6619
    0.0000  -37.5000  -15.000011272.0361   11.6823
    7.5000  -37.5000  -15.000010830.4736   11.6965
   -7.5000  -30.0000  -15.000011373.9160   11.4468
    0.0000  -30.0000  -15.000011902.9258   11.4645
    7.5000  -30.0000  -15.000011416.2969   11.4778
   -7.5000  -22.5000  -15.000012036.8760   11.2758
    0.0000  -22.5000  -15.000012593.8330   11.2913
    7.5000  -22.5000  -15.000012075.8887   11.3015
   -7.5000  -15.0000  -15.000012654.0713   11.2195
    0.0000  -15.0000  -15.000013228.6709   11.2357
    7.5000  -15.0000  -15.000012674.1367   11.2444
   -7.5000   -7.5000  -15.000013181.7773   11.1838
    0.0000   -7.5000  -15.000013815.4551   11.2031
    7.5000   -7.5000  -15.000013191.6738   11.2130
   -7.5000    0.0000  -15.000013610.4629   11.1801
    0.0000    0.0000  -15.000014295.2012   11.2015
    7.5000    0.0000  -15.000013621.6748   11.2132
   -7.5000    7.5000  -15.000013083.4316   11.4107
    0.0000    7.5000  -15.000013730.0537   11.4304
    7.5000    7.5000  -15.000013080.5078   11.4443
   -7.5000   15.0000  -15.000012573.1982   11.7785
    0.0000   15.0000  -15.000013192.1240   11.7942
    7.5000   15.0000  -15.000012518.8066   11.8093
   -7.5000   22.5000  -15.000011884.1094   12.1276
    0.0000   22.5000  -15.000012508.5020   12.1411
    7.5000   22.5000  -15.000011803.1797   12.1565
   -7.5000   30.0000  -15.000011130.0830   12.3178
    0.0000   30.0000  -15.000011785.7646   12.3318
    7.5000   30.0000  -15.000011056.5586   12.3478
   -7.5000   37.5000  -15.000010805.2598   12.6887
    0.0000   37.5000  -15.000011437.2402   12.7062
    7.5000   37.5000  -15.000010701.7285   12.7234
   -7.5000   45.0000  -15.000010025.6250   12.7931
    0.0000   45.0000  -15.000010605.1963   12.8184
    7.5000   45.0000  -15.0000 9937.2393   12.8363
   -7.5000  -45.0000   -7.500011409.5137   11.6926
    0.0000  -45.0000   -7.500011845.0303   11.7129
    7.5000  -45.0000   -7.500011332.0781   11.7221
   -7.5000  -37.5000   -7.500011655.3213   11.7811
    0.0000  -37.5000   -7.500012143.1738   11.7998
    7.5000  -37.5000   -7.500011657.9307   11.8124
   -7.5000  -30.0000   -7.500012309.4873   11.5614
    0.0000  -30.0000   -7.500012863.6299   11.5773
    7.5000  -30.0000   -7.500012317.3770   11.5895
   -7.5000  -22.5000   -7.500013012.2119   11.3850
    0.0000  -22.5000   -7.500013573.9863   11.3967
    7.5000  -22.5000   -7.500013001.2939   11.4050
   -7.5000  -15.0000   -7.500013669.7793   11.3285
    0.0000  -15.0000   -7.500014263.7627   11.3388
    7.5000  -15.0000   -7.500013641.7051   11.3441
   -7.5000   -7.5000   -7.500014188.9658   11.2966
    0.0000   -7.5000   -7.500014881.8135   11.3102
    7.5000   -7.5000   -7.500014187.8711   11.3161
   -7.5000    0.0000   -7.500014681.8926   11.2960
    0.0000    0.0000   -7.500015395.0049   11.3139
    7.5000    0.0000   -7.500014643.7852   11.3227
   -7.5000    7.5000   -7.500014197.0264   11.5285
    0.0000    7.5000   -7.500014879.9678   11.5463
    7.5000    7.5000   -7.500014128.7725   11.5585
   -7.5000   15.0000   -7.500013637.5098   11.8912
    0.0000   15.0000   -7.500014338.5488   11.9046
    7.5000   15.0000   -7.500013528.1602   11.9176
   -7.5000   22.5000   -7.500012851.6855   12.2403
    0.0000   22.5000   -7.500013546.4424   12.2492
    7.5000   22.5000   -7.500012721.5918   12.2609
   -7.5000   30.0000   -7.500012022.8027   12.4378
    0.0000   30.0000   -7.500012704.6221   12.4446
    7.5000   30.0000   -7.500011863.7451   12.4545
   -7.5000   37.5000   -7.500011579.8760   12.8173
    0.0000   37.5000   -7.500012262.4375   12.8276
    7.5000   37.5000   -7.500011445.9902   12.8380
   -7.5000   45.0000   -7.500010755.0312   12.9281
    0.0000   45.0000   -7.500011351.1582   12.9490
    7.5000   45.0000   -7.500010627.1074   12.9620
   -7.5000  -45.0000    0.000012183.3799   11.6885
    0.0000  -45.0000    0.000012608.8750   11.7014
    7.5000  -45.0000    0.000012070.7188   11.7112
   -7.5000  -37.5000    0.000012498.3223   11.7794
    0.0000  -37.5000    0.000012949.6367   11.7907
    7.5000  -37.5000    0.000012418.6553   11.8043
   -7.5000  -30.0000    0.000013194.0957   11.5645
    0.0000  -30.0000    0.000013725.7520   11.5732
    7.5000  -30.0000    0.000013122.0703   11.5866
   -7.5000  -22.5000    0.000013920.1514   11.3850
    0.0000  -22.5000    0.000014479.0713   11.3903
    7.5000  -22.5000    0.000013809.3301   11.3997
   -7.5000  -15.0000    0.000014570.8545   11.3238
    0.0000  -15.0000    0.000015207.3438   11.3281
    7.5000  -15.0000    0.000014520.2725   11.3335
   -7.5000   -7.5000    0.000015131.3496   11.2905
    0.0000   -7.5000    0.000015821.4932   11.2982
    7.5000   -7.5000    0.000015073.9131   11.3039
   -7.5000    0.0000    0.000015670.3584   11.2929
    0.0000    0.0000    0.000016382.3223   11.3043
    7.5000    0.0000    0.000015550.6982   11.3135
   -7.5000    7.5000    0.000015241.1836   11.5276
    0.0000    7.5000    0.000015973.6719   11.5384
    7.5000    7.5000    0.000015093.0000   11.5515
   -7.5000   15.0000    0.000014758.0586   11.8923
    0.0000   15.0000    0.000015564.1904   11.8979
    7.5000   15.0000    0.000014601.5205   11.9113
   -7.5000   22.5000    0.000013919.2959   12.2374
    0.0000   22.5000    0.000014617.8760   12.2393
    7.5000   22.5000    0.000013683.3711   12.2515
   -7.5000   30.0000    0.000012955.7305   12.4338
    0.0000   30.0000    0.000013573.3623   12.4338
    7.5000   30.0000    0.000012684.6748   12.4426
   -7.5000   37.5000    0.000012451.3418   12.8132
    0.0000   37.5000    0.000013066.6709   12.8170
    7.5000   37.5000    0.000012224.2197   12.8256
   -7.5000   45.0000    0.000011529.6318   12.9212
    0.0000   45.0000    0.000012099.0527   12.9353
    7.5000   45.0000    0.000011311.7363   12.9480
   -7.5000  -45.0000    7.500011970.1641   11.6709
    0.0000  -45.0000    7.500012412.1768   11.6807
    7.5000  -45.0000    7.500011907.5156   11.6933
   -7.5000  -37.5000    7.500012263.0156   11.7627
    0.0000  -37.5000    7.500012757.1631   11.7687
    7.5000  -37.5000    7.500012247.9287   11.7840
   -7.5000  -30.0000    7.500012923.5303   11.5551
    0.0000  -30.0000    7.500013459.2520   11.5586
    7.5000  -30.0000    7.500012914.3096   11.5742
   -7.5000  -22.5000    7.500013595.0869   11.3775
    0.0000  -22.5000    7.500014155.3467   11.3803
    7.5000  -22.5000    7.500013559.6562   11.3927
   -7.5000  -15.0000    7.500014258.5898   11.3121
    0.0000  -15.0000    7.500014901.3887   11.3167
    7.5000  -15.0000    7.500014224.1943   11.3256
   -7.5000   -7.5000    7.500014813.9902   11.2733
    0.0000   -7.5000    7.500015455.5674   11.2809
    7.5000   -7.5000    7.500014717.1328   11.2901
   -7.5000    0.0000    7.500015350.6865   11.2747
    0.0000    0.0000    7.500015976.3184   11.2833
    7.5000    0.0000    7.500015231.0791   11.2952
   -7.5000    7.5000    7.500015066.8633   11.5112
    0.0000    7.5000    7.500015804.3086   11.5169
    7.5000    7.5000    7.500014911.3359   11.5318
   -7.5000   15.0000    7.500014827.5449   11.8873
    0.0000   15.0000    7.500015686.3105   11.8875
    7.5000   15.0000    7.500014611.0781   11.9031
   -7.5000   22.5000    7.500014095.2070   12.2315
    0.0000   22.5000    7.500014656.8057   12.2312
    7.5000   22.5000    7.500013730.0059   12.2477
   -7.5000   30.0000    7.500013098.3652   12.4236
    0.0000   30.0000    7.500013477.3467   12.4246
    7.5000   30.0000    7.500012692.3457   12.4387
   -7.5000   37.5000    7.500012536.6943   12.7988
    0.0000   37.5000    7.500012939.1533   12.8038
    7.5000   37.5000    7.500012165.2881   12.8171
   -7.5000   45.0000    7.500011513.7842   12.9007
    0.0000   45.0000    7.500011952.7520   12.9132
    7.5000   45.0000    7.500011197.4619   12.9300
   -7.5000  -45.0000   15.000011547.7861   11.6765
    0.0000  -45.0000   15.000011959.2451   11.6896
    7.5000  -45.0000   15.000011551.8984   11.7047
   -7.5000  -37.5000   15.000011819.0234   11.7674
    0.0000  -37.5000   15.000012314.6240   11.7747
    7.5000  -37.5000   15.000011876.8223   11.7913
   -7.5000  -30.0000   15.000012443.9023   11.5624
    0.0000  -30.0000   15.000012987.0586   11.5672
    7.5000  -30.0000   15.000012497.3486   11.5837
   -7.5000  -22.5000   15.000013057.3115   11.3887
    0.0000  -22.5000   15.000013643.0186   11.3946
    7.5000  -22.5000   15.000013136.5811   11.4089
   -7.5000  -15.0000   15.000013667.1807   11.3231
    0.0000  -15.0000   15.000014305.1279   11.3328
    7.5000  -15.0000   15.000013746.2607   11.3450
   -7.5000   -7.5000   15.000014179.7012   11.2800
    0.0000   -7.5000   15.000014791.2656   11.2926
    7.5000   -7.5000   15.000014201.9844   11.3055
   -7.5000    0.0000   15.000014727.5820   11.2782
    0.0000    0.0000   15.000015308.7344   11.2899
    7.5000    0.0000   15.000014706.0908   11.3042
   -7.5000    7.5000   15.000014464.6719   11.5148
    0.0000    7.5000   15.000015177.9688   11.5220
    7.5000    7.5000   15.000014460.6162   11.5382
   -7.5000   15.0000   15.000014333.0947   11.9012
    0.0000   15.0000   15.000015026.2705   11.9031
    7.5000   15.0000   15.000014185.5771   11.9207
   -7.5000   22.5000   15.000013748.0303   12.2485
    0.0000   22.5000   15.000014195.6582   12.2522
    7.5000   22.5000   15.000013437.4209   12.2724
   -7.5000   30.0000   15.000012894.2217   12.4376
    0.0000   30.0000   15.000013201.7119   12.4451
    7.5000   30.0000   15.000012428.2822   12.4652
   -7.5000   37.5000   15.000012342.6865   12.8096
    0.0000   37.5000   15.000012687.5293   12.8213
    7.5000   37.5000   15.000011791.4951   12.8411
   -7.5000   45.0000   15.000011213.2070   12.9096
    0.0000   45.0000   15.000011577.8359   12.9265
    7.5000   45.0000   15.000010753.8633   12.9477
   -7.5000  -45.0000   22.500011067.6279   11.7101
    0.0000  -45.0000   22.500011475.0059   11.7304
    7.5000  -45.0000   22.500011019.7129   11.7458
   -7.5000  -37.5000   22.500011322.9717   11.7989
    0.0000  -37.5000   22.500011797.6211   11.8137
    7.5000  -37.5000   22.500011340.1074   11.8302
   -7.5000  -30.0000   22.500011868.7139   11.5889
    0.0000  -30.0000   22.500012396.8418   11.6010
    7.5000  -30.0000   22.500011933.4902   11.6168
   -7.5000  -22.5000   22.500012426.5449   11.4170
    0.0000  -22.5000   22.500012975.6982   11.4294
    7.5000  -22.5000   22.500012573.7119   11.4428
   -7.5000  -15.0000   22.500012992.3096   11.3552
    0.0000  -15.0000   22.500013576.9795   11.3709
    7.5000  -15.0000   22.500013188.5918   11.3830
   -7.5000   -7.5000   22.500013482.4277   11.3137
    0.0000   -7.5000   22.500014086.0293   11.3323
    7.5000   -7.5000   22.500013663.7451   11.3458
   -7.5000    0.0000   22.500014049.5049   11.3097
    0.0000    0.0000   22.500014705.0752   11.3279
    7.5000    0.0000   22.500014162.7637   11.3426
   -7.5000    7.5000   22.500013790.4395   11.5448
    0.0000    7.5000   22.500014543.5908   11.5592
    7.5000    7.5000   22.500013851.2832   11.5754
   -7.5000   15.0000   22.500013543.9316   11.9290
    0.0000   15.0000   22.500014207.9941   11.9388
    7.5000   15.0000   22.500013408.2773   11.9565
   -7.5000   22.5000   22.500012868.0654   12.2801
    0.0000   22.5000   22.500013428.6855   12.2908
    7.5000   22.5000   22.500012603.4766   12.3106
   -7.5000   30.0000   22.500012026.3818   12.4696
    0.0000   30.0000   22.500012611.9062   12.4836
    7.5000   30.0000   22.500011742.2236   12.5046
   -7.5000   37.5000   22.500011555.4219   12.8418
    0.0000   37.5000   22.500012207.8838   12.8597
    7.5000   37.5000   22.500011243.6494   12.8816
   -7.5000   45.0000   22.500010560.6963   12.9457
    0.0000   45.0000   22.500011138.2080   12.9690
    7.5000   45.0000   22.500010301.7002   12.9912
   -7.5000  -45.0000   30.000010466.2627   11.7392
    0.0000  -45.0000   30.000010799.5186   11.7636
    7.5000  -45.0000   30.000010422.6719   11.7760
   -7.5000  -37.5000   30.000010694.6543   11.8261
    0.0000  -37.5000   30.000011113.7812   11.8470
    7.5000  -37.5000   30.000010724.1094   11.8614
   -7.5000  -30.0000   30.000011219.7949   11.6082
    0.0000  -30.0000   30.000011706.7451   11.6263
    7.5000  -30.0000   30.000011291.2129   11.6399
   -7.5000  -22.5000   30.000011733.8027   11.4351
    0.0000  -22.5000   30.000012285.7891   11.4508
    7.5000  -22.5000   30.000011862.7949   11.4613
   -7.5000  -15.0000   30.000012270.7881   11.3782
    0.0000  -15.0000   30.000012884.8066   11.3947
    7.5000  -15.0000   30.000012443.1699   11.4037
   -7.5000   -7.5000   30.000012768.6416   11.3423
    0.0000   -7.5000   30.000013431.8447   11.3619
    7.5000   -7.5000   30.000012926.6768   11.3721
   -7.5000    0.0000   30.000013276.6914   11.3386
    0.0000    0.0000   30.000013976.0410   11.3604
    7.5000    0.0000   30.000013378.3799   11.3723
   -7.5000    7.5000   30.000012942.3701   11.5713
    0.0000    7.5000   30.000013602.4346   11.5914
    7.5000    7.5000   30.000012951.5664   11.6055
   -7.5000   15.0000   30.000012570.2314   11.9437
    0.0000   15.0000   30.000013072.9785   11.9598
    7.5000   15.0000   30.000012414.2852   11.9751
   -7.5000   22.5000   30.000011840.7559   12.2961
    0.0000   22.5000   30.000012264.0781   12.3099
    7.5000   22.5000   30.000011655.8301   12.3255
   -7.5000   30.0000   30.000011002.0029   12.4900
    0.0000   30.0000   30.000011441.8223   12.5043
    7.5000   30.0000   30.000010867.0703   12.5206
   -7.5000   37.5000   30.000010538.2920   12.8660
    0.0000   37.5000   30.000011002.1846   12.8838
    7.5000   37.5000   30.000010428.7852   12.9012
   -7.5000   45.0000   30.0000 9682.5273   12.9751
    0.0000   45.0000   30.000010127.7783   13.0008
    7.5000   45.0000   30.0000 9612.5986   13.0190
   -7.5000  -45.0000   37.500010243.0645   11.8093
    0.0000  -45.0000   37.500010625.3037   11.8299
    7.5000  -45.0000   37.500010269.9014   11.8389
   -7.5000  -37.5000   37.500010471.9170   11.8972
    0.0000  -37.5000   37.500010954.8564   11.9161
    7.5000  -37.5000   37.500010560.9043   11.9284
   -7.5000  -30.0000   37.500011033.0146   11.6743
    0.0000  -30.0000   37.500011559.7080   11.6905
    7.5000  -30.0000   37.500011096.2988   11.7024
   -7.5000  -22.5000   37.500011562.2607   11.4953
    0.0000  -22.5000   37.500012105.6660   11.5073
    7.5000  -22.5000   37.500011611.7354   11.5153
   -7.5000  -15.0000   37.500012089.0059   11.4382
    0.0000  -15.0000   37.500012627.3330   11.4488
    7.5000  -15.0000   37.500012132.5439   11.4538
   -7.5000   -7.5000   37.500012541.3418   11.4062
    0.0000   -7.5000   37.500013116.4199   11.4201
    7.5000   -7.5000   37.500012554.0020   11.4256
   -7.5000    0.0000   37.500012956.3184   11.4057
    0.0000    0.0000   37.500013561.1562   11.4239
    7.5000    0.0000   37.500012974.0762   11.4324
   -7.5000    7.5000   37.500012490.7178   11.6401
    0.0000    7.5000   37.500013040.7266   11.6582
    7.5000    7.5000   37.500012454.0547   11.6701
   -7.5000   15.0000   37.500011991.1582   12.0068
    0.0000   15.0000   37.500012407.7197   12.0205
    7.5000   15.0000   37.500011858.6729   12.0330
   -7.5000   22.5000   37.500011252.2812   12.3596
    0.0000   22.5000   37.500011647.8213   12.3686
    7.5000   22.5000   37.500011139.9883   12.3800
   -7.5000   30.0000   37.500010441.3154   12.5597
    0.0000   30.0000   37.500010841.3135   12.5666
    7.5000   30.0000   37.500010360.2559   12.5761
   -7.5000   37.5000   37.500010005.3574   12.9437
    0.0000   37.5000   37.500010388.1357   12.9540
    7.5000   37.5000   37.5000 9940.2578   12.9639
   -7.5000   45.0000   37.5000 9222.1299   13.0576
    0.0000   45.0000   37.5000 9614.9385   13.0786
    7.5000   45.0000   37.5000 9183.5781   13.0911
   -7.5000  -45.0000   45.0000 9616.8916   11.8230
    0.0000  -45.0000   45.0000 9976.8984   11.8358
    7.5000  -45.0000   45.0000 9579.6680   11.8457
   -7.5000  -37.5000   45.0000 9845.7334   11.9130
    0.0000  -37.5000   45.000010256.3516   11.9243
    7.5000  -37.5000   45.0000 9838.3135   11.9380
   -7.5000  -30.0000   45.000010326.4678   11.6926
    0.0000  -30.0000   45.000010780.3740   11.7014
    7.5000  -30.0000   45.000010315.7607   11.7150
   -7.5000  -22.5000   45.000010752.6553   11.5089
    0.0000  -22.5000   45.000011229.8359   11.5142
    7.5000  -22.5000   45.000010770.9014   11.5237
   -7.5000  -15.0000   45.000011180.1465   11.4469
    0.0000  -15.0000   45.000011669.0479   11.4510
    7.5000  -15.0000   45.000011213.1006   11.4564
   -7.5000   -7.5000   45.000011573.6260   11.4134
    0.0000   -7.5000   45.000012072.9502   11.4209
    7.5000   -7.5000   45.000011585.5098   11.4265
   -7.5000    0.0000   45.000011890.9834   11.4160
    0.0000    0.0000   45.000012432.2217   11.4272
    7.5000    0.0000   45.000011935.5547   11.4365
   -7.5000    7.5000   45.000011421.7803   11.6540
    0.0000    7.5000   45.000011907.0303   11.6647
    7.5000    7.5000   45.000011389.8271   11.6779
   -7.5000   15.0000   45.000010904.7949   12.0252
    0.0000   15.0000   45.000011306.5791   12.0308
    7.5000   15.0000   45.000010815.5938   12.0443
   -7.5000   22.5000   45.000010198.0742   12.3770
    0.0000   22.5000   45.000010574.8145   12.3788
    7.5000   22.5000   45.000010145.6465   12.3910
   -7.5000   30.0000   45.0000 9465.2734   12.5779
    0.0000   30.0000   45.0000 9811.8418   12.5775
    7.5000   30.0000   45.0000 9422.4189   12.5862
   -7.5000   37.5000   45.0000 9094.6377   12.9660
    0.0000   37.5000   45.0000 9414.9229   12.9692
    7.5000   37.5000   45.0000 9023.0596   12.9775
   -7.5000   45.0000   45.0000 8421.2617   13.0877
    0.0000   45.0000   45.0000 8775.1768   13.1014
    7.5000   45.0000   45.0000 8364.5684   13.1140

---------------------------------------------------------------------
imgreg_4dfp /opt/freesurfer/average/711-2C_as_mni_average_305 /opt/freesurfer/average/711-2B_as_mni_average_305_mask talsrcimg_g11 none talsrcimg_to_711-2C_as_mni_average_305_t4 4355
---------------------------------------------------------------------

freesurfer imgreg_4dfp.c
/opt/freesurfer/average/711-2C_as_mni_average_305.4dfp.img
       256       256       256         1
  1.000000  1.000000  1.000000
orientation T byte_order littleendian
Reading image: /opt/freesurfer/average/711-2C_as_mni_average_305.4dfp.img
dimensions:      256       256       256
mmppix:       1.0000   -1.0000   -1.0000
center:     128.0000 -129.0000 -129.0000
/opt/freesurfer/average/711-2B_as_mni_average_305_mask.4dfp.img
       256       256       256         1
  1.000000  1.000000  1.000000
orientation T byte_order littleendian
Reading mask: /opt/freesurfer/average/711-2B_as_mni_average_305_mask.4dfp.img (2306576 pixels)
talsrcimg_g11.4dfp.img
       256       256       256         1
  1.000000  1.000000  1.000000
orientation T byte_order littleendian
Reading image: talsrcimg_g11.4dfp.img
dimensions:      256       256       256
mmppix:       1.0000   -1.0000   -1.0000
center:     128.0000 -129.0000 -129.0000
rotation matrix determinant  1.000000
image alignment mode   4355 decimal     1103 hex
   -7.5000  -45.0000  -45.0000 2031.6461   17.8836
    0.0000  -45.0000  -45.0000 2032.2584   17.9131
    7.5000  -45.0000  -45.0000 2006.6348   18.2408
   -7.5000  -37.5000  -45.0000 2037.8015   17.5666
    0.0000  -37.5000  -45.0000 2043.4546   17.5212
    7.5000  -37.5000  -45.0000 2021.6514   17.8375
   -7.5000  -30.0000  -45.0000 2049.9556   17.2201
    0.0000  -30.0000  -45.0000 2064.3440   17.1455
    7.5000  -30.0000  -45.0000 2042.1708   17.3930
   -7.5000  -22.5000  -45.0000 2083.6699   16.9496
    0.0000  -22.5000  -45.0000 2101.6953   16.9069
    7.5000  -22.5000  -45.0000 2071.8010   17.0864
   -7.5000  -15.0000  -45.0000 2116.7864   16.8137
    0.0000  -15.0000  -45.0000 2129.5024   16.8106
    7.5000  -15.0000  -45.0000 2102.7461   16.9370
   -7.5000   -7.5000  -45.0000 2138.2925   16.6737
    0.0000   -7.5000  -45.0000 2154.2124   16.7085
    7.5000   -7.5000  -45.0000 2134.3022   16.7803
   -7.5000    0.0000  -45.0000 2152.8252   16.4895
    0.0000    0.0000  -45.0000 2163.6716   16.5059
    7.5000    0.0000  -45.0000 2150.2234   16.6772
   -7.5000    7.5000  -45.0000 2162.9116   16.3097
    0.0000    7.5000  -45.0000 2172.4407   16.2895
    7.5000    7.5000  -45.0000 2165.7876   16.4423
   -7.5000   15.0000  -45.0000 2157.7185   16.2404
    0.0000   15.0000  -45.0000 2173.2083   16.1831
    7.5000   15.0000  -45.0000 2167.4465   16.3147
   -7.5000   22.5000  -45.0000 2158.4802   16.4226
    0.0000   22.5000  -45.0000 2176.7388   16.2194
    7.5000   22.5000  -45.0000 2163.8699   16.3518
   -7.5000   30.0000  -45.0000 2142.6865   16.6593
    0.0000   30.0000  -45.0000 2169.1099   16.5127
    7.5000   30.0000  -45.0000 2153.9592   16.6219
   -7.5000   37.5000  -45.0000 2114.4644   17.3682
    0.0000   37.5000  -45.0000 2148.6140   17.1479
    7.5000   37.5000  -45.0000 2135.0151   17.1939
   -7.5000   45.0000  -45.0000 2073.1758   18.2746
    0.0000   45.0000  -45.0000 2109.5527   17.9852
    7.5000   45.0000  -45.0000 2089.6990   17.9867
   -7.5000  -45.0000  -37.5000 2120.7388   16.3085
    0.0000  -45.0000  -37.5000 2122.8049   16.2997
    7.5000  -45.0000  -37.5000 2096.1829   16.6220
   -7.5000  -37.5000  -37.5000 2129.8728   15.9676
    0.0000  -37.5000  -37.5000 2133.2173   15.9473
    7.5000  -37.5000  -37.5000 2111.7793   16.3175
   -7.5000  -30.0000  -37.5000 2147.7573   15.6505
    0.0000  -30.0000  -37.5000 2154.8618   15.6093
    7.5000  -30.0000  -37.5000 2134.5598   15.9445
   -7.5000  -22.5000  -37.5000 2177.4478   15.4262
    0.0000  -22.5000  -37.5000 2195.5991   15.4323
    7.5000  -22.5000  -37.5000 2168.0500   15.6442
   -7.5000  -15.0000  -37.5000 2216.2983   15.3624
    0.0000  -15.0000  -37.5000 2238.0359   15.3998
    7.5000  -15.0000  -37.5000 2210.0972   15.5273
   -7.5000   -7.5000  -37.5000 2246.5620   15.2555
    0.0000   -7.5000  -37.5000 2264.8311   15.3076
    7.5000   -7.5000  -37.5000 2248.3054   15.3841
   -7.5000    0.0000  -37.5000 2262.2178   15.1081
    0.0000    0.0000  -37.5000 2275.3062   15.1685
    7.5000    0.0000  -37.5000 2256.3271   15.2362
   -7.5000    7.5000  -37.5000 2258.8303   14.9736
    0.0000    7.5000  -37.5000 2283.5906   15.0119
    7.5000    7.5000  -37.5000 2261.3860   15.1015
   -7.5000   15.0000  -37.5000 2248.5793   14.9316
    0.0000   15.0000  -37.5000 2278.2817   14.9034
    7.5000   15.0000  -37.5000 2263.8176   15.0334
   -7.5000   22.5000  -37.5000 2246.2229   15.0289
    0.0000   22.5000  -37.5000 2274.0808   14.9454
    7.5000   22.5000  -37.5000 2258.0383   15.0707
   -7.5000   30.0000  -37.5000 2236.0237   15.2927
    0.0000   30.0000  -37.5000 2267.5237   15.2228
    7.5000   30.0000  -37.5000 2249.3335   15.2926
   -7.5000   37.5000  -37.5000 2206.6360   15.9234
    0.0000   37.5000  -37.5000 2242.6450   15.7682
    7.5000   37.5000  -37.5000 2229.7690   15.8314
   -7.5000   45.0000  -37.5000 2165.1719   16.7715
    0.0000   45.0000  -37.5000 2206.5903   16.5444
    7.5000   45.0000  -37.5000 2188.3860   16.5670
   -7.5000  -45.0000  -30.0000 2244.7327   15.4622
    0.0000  -45.0000  -30.0000 2244.1450   15.4765
    7.5000  -45.0000  -30.0000 2218.3779   15.7359
   -7.5000  -37.5000  -30.0000 2256.8860   15.1715
    0.0000  -37.5000  -30.0000 2260.0977   15.1620
    7.5000  -37.5000  -30.0000 2240.6855   15.4067
   -7.5000  -30.0000  -30.0000 2278.9929   14.8862
    0.0000  -30.0000  -30.0000 2285.0466   14.9004
    7.5000  -30.0000  -30.0000 2264.6487   15.0672
   -7.5000  -22.5000  -30.0000 2321.3779   14.6755
    0.0000  -22.5000  -30.0000 2327.0193   14.7152
    7.5000  -22.5000  -30.0000 2305.7856   14.8314
   -7.5000  -15.0000  -30.0000 2353.7002   14.5759
    0.0000  -15.0000  -30.0000 2370.7422   14.6796
    7.5000  -15.0000  -30.0000 2347.7446   14.7375
   -7.5000   -7.5000  -30.0000 2384.4136   14.4606
    0.0000   -7.5000  -30.0000 2398.3413   14.5315
    7.5000   -7.5000  -30.0000 2372.9817   14.5840
   -7.5000    0.0000  -30.0000 2388.8445   14.2962
    0.0000    0.0000  -30.0000 2412.7720   14.3464
    7.5000    0.0000  -30.0000 2386.2500   14.3749
   -7.5000    7.5000  -30.0000 2389.0718   14.1698
    0.0000    7.5000  -30.0000 2418.9492   14.1717
    7.5000    7.5000  -30.0000 2401.1277   14.2904
   -7.5000   15.0000  -30.0000 2387.5220   14.1928
    0.0000   15.0000  -30.0000 2420.4272   14.1666
    7.5000   15.0000  -30.0000 2402.6958   14.3072
   -7.5000   22.5000  -30.0000 2385.0007   14.3447
    0.0000   22.5000  -30.0000 2418.7805   14.3393
    7.5000   22.5000  -30.0000 2400.6174   14.4301
   -7.5000   30.0000  -30.0000 2366.6536   14.6926
    0.0000   30.0000  -30.0000 2408.4304   14.6280
    7.5000   30.0000  -30.0000 2388.5271   14.6703
   -7.5000   37.5000  -30.0000 2342.2881   15.2518
    0.0000   37.5000  -30.0000 2378.4868   15.1014
    7.5000   37.5000  -30.0000 2363.7766   15.1482
   -7.5000   45.0000  -30.0000 2296.6646   16.0067
    0.0000   45.0000  -30.0000 2338.7915   15.8280
    7.5000   45.0000  -30.0000 2318.7759   15.8340
   -7.5000  -45.0000  -22.5000 2340.1182   14.5369
    0.0000  -45.0000  -22.5000 2343.6990   14.5601
    7.5000  -45.0000  -22.5000 2309.7371   14.7823
   -7.5000  -37.5000  -22.5000 2350.6313   14.2743
    0.0000  -37.5000  -22.5000 2359.6335   14.3035
    7.5000  -37.5000  -22.5000 2332.1326   14.5035
   -7.5000  -30.0000  -22.5000 2386.1052   14.0147
    0.0000  -30.0000  -22.5000 2393.1133   14.0413
    7.5000  -30.0000  -22.5000 2365.1055   14.1731
   -7.5000  -22.5000  -22.5000 2436.7542   13.8107
    0.0000  -22.5000  -22.5000 2445.1301   13.8507
    7.5000  -22.5000  -22.5000 2414.3308   13.9517
   -7.5000  -15.0000  -22.5000 2467.9180   13.6704
    0.0000  -15.0000  -22.5000 2481.5100   13.7264
    7.5000  -15.0000  -22.5000 2450.9451   13.8177
   -7.5000   -7.5000  -22.5000 2491.7314   13.5687
    0.0000   -7.5000  -22.5000 2502.4834   13.6135
    7.5000   -7.5000  -22.5000 2472.4380   13.6731
   -7.5000    0.0000  -22.5000 2501.1592   13.4468
    0.0000    0.0000  -22.5000 2518.5972   13.4632
    7.5000    0.0000  -22.5000 2498.4578   13.4915
   -7.5000    7.5000  -22.5000 2500.0857   13.3633
    0.0000    7.5000  -22.5000 2530.3254   13.3613
    7.5000    7.5000  -22.5000 2513.5566   13.4025
   -7.5000   15.0000  -22.5000 2506.6736   13.3947
    0.0000   15.0000  -22.5000 2538.2620   13.3810
    7.5000   15.0000  -22.5000 2523.5791   13.4318
   -7.5000   22.5000  -22.5000 2509.0613   13.5939
    0.0000   22.5000  -22.5000 2533.6790   13.5747
    7.5000   22.5000  -22.5000 2520.8684   13.6174
   -7.5000   30.0000  -22.5000 2492.1062   13.9917
    0.0000   30.0000  -22.5000 2531.2898   13.9268
    7.5000   30.0000  -22.5000 2507.8403   13.9379
   -7.5000   37.5000  -22.5000 2463.6960   14.5090
    0.0000   37.5000  -22.5000 2505.4136   14.3678
    7.5000   37.5000  -22.5000 2485.0615   14.4025
   -7.5000   45.0000  -22.5000 2410.1101   15.2013
    0.0000   45.0000  -22.5000 2454.0847   15.0491
    7.5000   45.0000  -22.5000 2437.0481   15.0422
   -7.5000  -45.0000  -15.0000 2410.4612   13.6967
    0.0000  -45.0000  -15.0000 2419.4141   13.7020
    7.5000  -45.0000  -15.0000 2381.5278   13.8856
   -7.5000  -37.5000  -15.0000 2434.0378   13.4348
    0.0000  -37.5000  -15.0000 2437.7415   13.4667
    7.5000  -37.5000  -15.0000 2403.5684   13.5936
   -7.5000  -30.0000  -15.0000 2474.1646   13.1919
    0.0000  -30.0000  -15.0000 2474.8870   13.1946
    7.5000  -30.0000  -15.0000 2440.1079   13.3316
   -7.5000  -22.5000  -15.0000 2518.4463   12.9588
    0.0000  -22.5000  -15.0000 2525.4023   12.9579
    7.5000  -22.5000  -15.0000 2489.6108   13.1001
   -7.5000  -15.0000  -15.0000 2545.9675   12.7910
    0.0000  -15.0000  -15.0000 2557.9780   12.7818
    7.5000  -15.0000  -15.0000 2523.8914   12.9199
   -7.5000   -7.5000  -15.0000 2568.5151   12.7199
    0.0000   -7.5000  -15.0000 2579.4421   12.6812
    7.5000   -7.5000  -15.0000 2551.7004   12.7983
   -7.5000    0.0000  -15.0000 2580.0859   12.6203
    0.0000    0.0000  -15.0000 2599.0791   12.6365
    7.5000    0.0000  -15.0000 2580.7041   12.6636
   -7.5000    7.5000  -15.0000 2588.0254   12.5927
    0.0000    7.5000  -15.0000 2610.8135   12.5813
    7.5000    7.5000  -15.0000 2597.9167   12.6270
   -7.5000   15.0000  -15.0000 2596.7451   12.6262
    0.0000   15.0000  -15.0000 2620.0620   12.5878
    7.5000   15.0000  -15.0000 2609.2769   12.6394
   -7.5000   22.5000  -15.0000 2601.4761   12.8001
    0.0000   22.5000  -15.0000 2631.3826   12.7519
    7.5000   22.5000  -15.0000 2609.9924   12.7658
   -7.5000   30.0000  -15.0000 2584.7144   13.2124
    0.0000   30.0000  -15.0000 2629.6440   13.1568
    7.5000   30.0000  -15.0000 2600.7932   13.1471
   -7.5000   37.5000  -15.0000 2553.8647   13.7781
    0.0000   37.5000  -15.0000 2604.1199   13.6734
    7.5000   37.5000  -15.0000 2574.0784   13.6573
   -7.5000   45.0000  -15.0000 2496.5254   14.4658
    0.0000   45.0000  -15.0000 2543.7134   14.3083
    7.5000   45.0000  -15.0000 2522.5664   14.2723
   -7.5000  -45.0000   -7.5000 2483.3926   12.8702
    0.0000  -45.0000   -7.5000 2490.5608   12.8762
    7.5000  -45.0000   -7.5000 2452.0579   13.0750
   -7.5000  -37.5000   -7.5000 2507.1587   12.6268
    0.0000  -37.5000   -7.5000 2515.1648   12.6352
    7.5000  -37.5000   -7.5000 2480.0820   12.8105
   -7.5000  -30.0000   -7.5000 2540.6899   12.4052
    0.0000  -30.0000   -7.5000 2553.2888   12.3951
    7.5000  -30.0000   -7.5000 2509.1338   12.5400
   -7.5000  -22.5000   -7.5000 2580.5959   12.1822
    0.0000  -22.5000   -7.5000 2591.4160   12.1860
    7.5000  -22.5000   -7.5000 2550.1270   12.3204
   -7.5000  -15.0000   -7.5000 2606.2158   12.0313
    0.0000  -15.0000   -7.5000 2616.7026   12.0059
    7.5000  -15.0000   -7.5000 2583.3843   12.1496
   -7.5000   -7.5000   -7.5000 2629.4663   11.9541
    0.0000   -7.5000   -7.5000 2644.8013   11.9028
    7.5000   -7.5000   -7.5000 2616.7183   12.0515
   -7.5000    0.0000   -7.5000 2647.5193   11.8926
    0.0000    0.0000   -7.5000 2672.9187   11.8596
    7.5000    0.0000   -7.5000 2650.1189   11.9587
   -7.5000    7.5000   -7.5000 2671.5625   11.9125
    0.0000    7.5000   -7.5000 2699.6707   11.8600
    7.5000    7.5000   -7.5000 2681.2266   11.9373
   -7.5000   15.0000   -7.5000 2680.2009   11.9705
    0.0000   15.0000   -7.5000 2713.6929   11.9560
    7.5000   15.0000   -7.5000 2691.5464   11.9694
   -7.5000   22.5000   -7.5000 2690.6333   12.0812
    0.0000   22.5000   -7.5000 2731.1162   12.0249
    7.5000   22.5000   -7.5000 2696.2207   12.0331
   -7.5000   30.0000   -7.5000 2672.3396   12.4762
    0.0000   30.0000   -7.5000 2718.8569   12.4130
    7.5000   30.0000   -7.5000 2684.4177   12.4106
   -7.5000   37.5000   -7.5000 2626.9187   13.0556
    0.0000   37.5000   -7.5000 2679.1843   12.9313
    7.5000   37.5000   -7.5000 2655.0459   12.9285
   -7.5000   45.0000   -7.5000 2564.3450   13.7798
    0.0000   45.0000   -7.5000 2605.4045   13.6232
    7.5000   45.0000   -7.5000 2592.8760   13.5859
   -7.5000  -45.0000    0.0000 2551.1038   12.1540
    0.0000  -45.0000    0.0000 2546.2146   12.1109
    7.5000  -45.0000    0.0000 2517.3096   12.4106
   -7.5000  -37.5000    0.0000 2570.7642   11.9448
    0.0000  -37.5000    0.0000 2572.6106   11.9009
    7.5000  -37.5000    0.0000 2546.0029   12.1680
   -7.5000  -30.0000    0.0000 2597.4768   11.7471
    0.0000  -30.0000    0.0000 2606.4343   11.7021
    7.5000  -30.0000    0.0000 2573.2007   11.8844
   -7.5000  -22.5000    0.0000 2625.1282   11.5306
    0.0000  -22.5000    0.0000 2636.8992   11.5009
    7.5000  -22.5000    0.0000 2599.7517   11.7022
   -7.5000  -15.0000    0.0000 2638.5688   11.4095
    0.0000  -15.0000    0.0000 2654.9915   11.3541
    7.5000  -15.0000    0.0000 2626.3455   11.5589
   -7.5000   -7.5000    0.0000 2663.0715   11.3264
    0.0000   -7.5000    0.0000 2684.1755   11.2398
    7.5000   -7.5000    0.0000 2660.5764   11.4561
   -7.5000    0.0000    0.0000 2691.3860   11.3122
    0.0000    0.0000    0.0000 2722.7073   11.2109
    7.5000    0.0000    0.0000 2694.2139   11.3835
   -7.5000    7.5000    0.0000 2732.4536   11.3724
    0.0000    7.5000    0.0000 2770.0354   11.2905
    7.5000    7.5000    0.0000 2740.6179   11.3881
   -7.5000   15.0000    0.0000 2747.1240   11.5392
    0.0000   15.0000    0.0000 2800.9773   11.5355
    7.5000   15.0000    0.0000 2765.3484   11.5446
   -7.5000   22.5000    0.0000 2754.3416   11.6638
    0.0000   22.5000    0.0000 2815.2639   11.5373
    7.5000   22.5000    0.0000 2769.4368   11.6130
   -7.5000   30.0000    0.0000 2731.3586   12.0253
    0.0000   30.0000    0.0000 2779.9912   11.8500
    7.5000   30.0000    0.0000 2741.6880   11.8989
   -7.5000   37.5000    0.0000 2675.8391   12.6084
    0.0000   37.5000    0.0000 2726.3528   12.4062
    7.5000   37.5000    0.0000 2705.5977   12.4566
   -7.5000   45.0000    0.0000 2613.2676   13.2801
    0.0000   45.0000    0.0000 2650.9170   13.0454
    7.5000   45.0000    0.0000 2642.6770   13.1292
   -7.5000  -45.0000    7.5000 2612.7329   11.5572
    0.0000  -45.0000    7.5000 2600.9829   11.5412
    7.5000  -45.0000    7.5000 2579.1155   11.8971
   -7.5000  -37.5000    7.5000 2629.1646   11.3701
    0.0000  -37.5000    7.5000 2630.3562   11.3151
    7.5000  -37.5000    7.5000 2599.7419   11.6387
   -7.5000  -30.0000    7.5000 2639.6604   11.1743
    0.0000  -30.0000    7.5000 2647.7046   11.1050
    7.5000  -30.0000    7.5000 2618.2046   11.3603
   -7.5000  -22.5000    7.5000 2654.9666   11.0168
    0.0000  -22.5000    7.5000 2661.0886   10.9200
    7.5000  -22.5000    7.5000 2632.1851   11.1673
   -7.5000  -15.0000    7.5000 2670.8545   10.9278
    0.0000  -15.0000    7.5000 2685.0308   10.8446
    7.5000  -15.0000    7.5000 2657.4412   11.0729
   -7.5000   -7.5000    7.5000 2698.4480   10.8698
    0.0000   -7.5000    7.5000 2717.9199   10.7690
    7.5000   -7.5000    7.5000 2688.4084   11.0003
   -7.5000    0.0000    7.5000 2728.5876   10.8644
    0.0000    0.0000    7.5000 2756.1501   10.7598
    7.5000    0.0000    7.5000 2730.0413   10.9890
   -7.5000    7.5000    7.5000 2771.6423   10.9932
    0.0000    7.5000    7.5000 2807.7734   10.8927
    7.5000    7.5000    7.5000 2774.5862   11.0869
   -7.5000   15.0000    7.5000 2799.5974   11.3295
    0.0000   15.0000    7.5000 2854.3850   11.2584
    7.5000   15.0000    7.5000 2815.4836   11.3767
   -7.5000   22.5000    7.5000 2813.4583   11.6538
    0.0000   22.5000    7.5000 2877.7393   11.3804
    7.5000   22.5000    7.5000 2827.3203   11.5971
   -7.5000   30.0000    7.5000 2777.6313   11.9465
    0.0000   30.0000    7.5000 2824.4617   11.5610
    7.5000   30.0000    7.5000 2789.6409   11.8315
   -7.5000   37.5000    7.5000 2712.6997   12.4354
    0.0000   37.5000    7.5000 2752.6404   12.0462
    7.5000   37.5000    7.5000 2735.9299   12.2776
   -7.5000   45.0000    7.5000 2631.0237   13.0308
    0.0000   45.0000    7.5000 2668.3569   12.7214
    7.5000   45.0000    7.5000 2660.5388   12.8961
   -7.5000  -45.0000   15.0000 2650.8296   11.1731
    0.0000  -45.0000   15.0000 2638.7749   11.1421
    7.5000  -45.0000   15.0000 2616.9475   11.5485
   -7.5000  -37.5000   15.0000 2666.1492   11.0001
    0.0000  -37.5000   15.0000 2658.5364   10.9488
    7.5000  -37.5000   15.0000 2634.7681   11.3315
   -7.5000  -30.0000   15.0000 2673.5715   10.8116
    0.0000  -30.0000   15.0000 2667.5388   10.7604
    7.5000  -30.0000   15.0000 2642.0740   11.0718
   -7.5000  -22.5000   15.0000 2675.1370   10.6546
    0.0000  -22.5000   15.0000 2680.3594   10.5822
    7.5000  -22.5000   15.0000 2653.0356   10.8799
   -7.5000  -15.0000   15.0000 2680.0425   10.5794
    0.0000  -15.0000   15.0000 2694.4141   10.5088
    7.5000  -15.0000   15.0000 2664.3010   10.8031
   -7.5000   -7.5000   15.0000 2695.2979   10.5971
    0.0000   -7.5000   15.0000 2712.9097   10.4672
    7.5000   -7.5000   15.0000 2691.8518   10.7718
   -7.5000    0.0000   15.0000 2727.7405   10.6573
    0.0000    0.0000   15.0000 2751.3220   10.4870
    7.5000    0.0000   15.0000 2734.4397   10.8113
   -7.5000    7.5000   15.0000 2772.5317   10.8775
    0.0000    7.5000   15.0000 2797.8313   10.6960
    7.5000    7.5000   15.0000 2786.8164   11.0286
   -7.5000   15.0000   15.0000 2812.8779   11.3376
    0.0000   15.0000   15.0000 2848.5105   11.1951
    7.5000   15.0000   15.0000 2821.3301   11.4411
   -7.5000   22.5000   15.0000 2828.6892   11.6969
    0.0000   22.5000   15.0000 2872.1624   11.4212
    7.5000   22.5000   15.0000 2824.3145   11.6969
   -7.5000   30.0000   15.0000 2781.0862   12.0383
    0.0000   30.0000   15.0000 2823.2256   11.6463
    7.5000   30.0000   15.0000 2783.8350   11.9524
   -7.5000   37.5000   15.0000 2716.9817   12.3691
    0.0000   37.5000   15.0000 2757.7964   12.0343
    7.5000   37.5000   15.0000 2728.6704   12.2648
   -7.5000   45.0000   15.0000 2620.3896   12.9430
    0.0000   45.0000   15.0000 2645.8779   12.6865
    7.5000   45.0000   15.0000 2638.4641   12.8178
   -7.5000  -45.0000   22.5000 2679.0610   11.0025
    0.0000  -45.0000   22.5000 2662.2190   11.0156
    7.5000  -45.0000   22.5000 2631.8442   11.4255
   -7.5000  -37.5000   22.5000 2687.3462   10.8722
    0.0000  -37.5000   22.5000 2680.2859   10.8679
    7.5000  -37.5000   22.5000 2647.6211   11.2406
   -7.5000  -30.0000   22.5000 2689.3142   10.7037
    0.0000  -30.0000   22.5000 2689.4863   10.6196
    7.5000  -30.0000   22.5000 2650.1262   10.9761
   -7.5000  -22.5000   22.5000 2682.1980   10.5504
    0.0000  -22.5000   22.5000 2692.5376   10.4461
    7.5000  -22.5000   22.5000 2661.4463   10.8178
   -7.5000  -15.0000   22.5000 2682.2715   10.5573
    0.0000  -15.0000   22.5000 2698.6067   10.4340
    7.5000  -15.0000   22.5000 2674.3577   10.8166
   -7.5000   -7.5000   22.5000 2684.0867   10.6634
    0.0000   -7.5000   22.5000 2708.2649   10.5235
    7.5000   -7.5000   22.5000 2694.2305   10.8629
   -7.5000    0.0000   22.5000 2714.3396   10.8138
    0.0000    0.0000   22.5000 2742.5740   10.6811
    7.5000    0.0000   22.5000 2723.8391   10.9864
   -7.5000    7.5000   22.5000 2754.1111   11.0990
    0.0000    7.5000   22.5000 2789.5264   11.0010
    7.5000    7.5000   22.5000 2772.3152   11.2315
   -7.5000   15.0000   22.5000 2795.4546   11.4741
    0.0000   15.0000   22.5000 2841.1658   11.4198
    7.5000   15.0000   22.5000 2796.1450   11.5536
   -7.5000   22.5000   22.5000 2797.0608   11.8227
    0.0000   22.5000   22.5000 2843.5854   11.6542
    7.5000   22.5000   22.5000 2789.3137   11.8633
   -7.5000   30.0000   22.5000 2758.4338   12.2212
    0.0000   30.0000   22.5000 2800.5054   12.1081
    7.5000   30.0000   22.5000 2760.5991   12.1997
   -7.5000   37.5000   22.5000 2697.5552   12.6907
    0.0000   37.5000   22.5000 2741.6604   12.6427
    7.5000   37.5000   22.5000 2704.0605   12.6552
   -7.5000   45.0000   22.5000 2598.8049   13.3537
    0.0000   45.0000   22.5000 2633.3862   13.3168
    7.5000   45.0000   22.5000 2607.5432   13.2970
   -7.5000  -45.0000   30.0000 2677.9038   11.0192
    0.0000  -45.0000   30.0000 2656.4180   11.0417
    7.5000  -45.0000   30.0000 2624.6707   11.5160
   -7.5000  -37.5000   30.0000 2680.3696   10.8996
    0.0000  -37.5000   30.0000 2672.1433   10.9027
    7.5000  -37.5000   30.0000 2638.0256   11.3623
   -7.5000  -30.0000   30.0000 2677.7327   10.7569
    0.0000  -30.0000   30.0000 2674.7371   10.7040
    7.5000  -30.0000   30.0000 2640.0559   11.1669
   -7.5000  -22.5000   30.0000 2668.2651   10.6957
    0.0000  -22.5000   30.0000 2674.7983   10.6094
    7.5000  -22.5000   30.0000 2649.2874   11.0516
   -7.5000  -15.0000   30.0000 2671.5032   10.7823
    0.0000  -15.0000   30.0000 2688.0002   10.7054
    7.5000  -15.0000   30.0000 2664.1838   11.0748
   -7.5000   -7.5000   30.0000 2676.0930   10.9703
    0.0000   -7.5000   30.0000 2702.6545   10.9022
    7.5000   -7.5000   30.0000 2677.0520   11.2069
   -7.5000    0.0000   30.0000 2691.8171   11.1874
    0.0000    0.0000   30.0000 2723.0518   11.1000
    7.5000    0.0000   30.0000 2698.4324   11.3885
   -7.5000    7.5000   30.0000 2720.1060   11.5186
    0.0000    7.5000   30.0000 2752.5762   11.4178
    7.5000    7.5000   30.0000 2734.0996   11.6114
   -7.5000   15.0000   30.0000 2747.2571   11.8401
    0.0000   15.0000   30.0000 2783.9504   11.6397
    7.5000   15.0000   30.0000 2754.0391   11.8742
   -7.5000   22.5000   30.0000 2746.4912   12.2015
    0.0000   22.5000   30.0000 2775.9661   11.9661
    7.5000   22.5000   30.0000 2745.4282   12.1951
   -7.5000   30.0000   30.0000 2701.5649   12.6816
    0.0000   30.0000   30.0000 2735.5308   12.4852
    7.5000   30.0000   30.0000 2712.7356   12.6700
   -7.5000   37.5000   30.0000 2638.7249   13.2340
    0.0000   37.5000   30.0000 2676.7129   13.1136
    7.5000   37.5000   30.0000 2655.2349   13.2340
   -7.5000   45.0000   30.0000 2550.3057   13.9779
    0.0000   45.0000   30.0000 2580.5981   13.8617
    7.5000   45.0000   30.0000 2560.8892   13.9516
   -7.5000  -45.0000   37.5000 2645.8413   11.2410
    0.0000  -45.0000   37.5000 2636.9119   11.2818
    7.5000  -45.0000   37.5000 2609.5408   11.7507
   -7.5000  -37.5000   37.5000 2650.3342   11.1103
    0.0000  -37.5000   37.5000 2651.8677   11.1638
    7.5000  -37.5000   37.5000 2621.3328   11.6270
   -7.5000  -30.0000   37.5000 2651.5491   11.0290
    0.0000  -30.0000   37.5000 2653.7627   11.0672
    7.5000  -30.0000   37.5000 2616.6372   11.5071
   -7.5000  -22.5000   37.5000 2650.9314   11.0472
    0.0000  -22.5000   37.5000 2655.7402   11.0320
    7.5000  -22.5000   37.5000 2623.2866   11.4329
   -7.5000  -15.0000   37.5000 2649.8862   11.1728
    0.0000  -15.0000   37.5000 2662.3372   11.1018
    7.5000  -15.0000   37.5000 2633.9102   11.4598
   -7.5000   -7.5000   37.5000 2660.0039   11.3574
    0.0000   -7.5000   37.5000 2681.2173   11.2612
    7.5000   -7.5000   37.5000 2648.7039   11.5970
   -7.5000    0.0000   37.5000 2674.8125   11.6093
    0.0000    0.0000   37.5000 2700.3330   11.4740
    7.5000    0.0000   37.5000 2673.3784   11.7704
   -7.5000    7.5000   37.5000 2686.5237   11.9003
    0.0000    7.5000   37.5000 2717.1616   11.7509
    7.5000    7.5000   37.5000 2692.5928   11.9955
   -7.5000   15.0000   37.5000 2693.7595   12.2173
    0.0000   15.0000   37.5000 2720.3208   11.9626
    7.5000   15.0000   37.5000 2695.0415   12.2458
   -7.5000   22.5000   37.5000 2676.8955   12.6045
    0.0000   22.5000   37.5000 2704.2317   12.3928
    7.5000   22.5000   37.5000 2685.3479   12.6301
   -7.5000   30.0000   37.5000 2630.4536   13.2147
    0.0000   30.0000   37.5000 2660.1118   12.9715
    7.5000   30.0000   37.5000 2641.7156   13.2184
   -7.5000   37.5000   37.5000 2569.8438   13.8739
    0.0000   37.5000   37.5000 2600.4238   13.6595
    7.5000   37.5000   37.5000 2583.6421   13.8752
   -7.5000   45.0000   37.5000 2480.9883   14.6868
    0.0000   45.0000   37.5000 2514.8962   14.4893
    7.5000   45.0000   37.5000 2494.6704   14.6708
   -7.5000  -45.0000   45.0000 2596.6189   11.7245
    0.0000  -45.0000   45.0000 2595.6187   11.7453
    7.5000  -45.0000   45.0000 2565.3354   12.1283
   -7.5000  -37.5000   45.0000 2607.1357   11.6084
    0.0000  -37.5000   45.0000 2612.4832   11.6322
    7.5000  -37.5000   45.0000 2575.4497   12.0241
   -7.5000  -30.0000   45.0000 2604.3677   11.5318
    0.0000  -30.0000   45.0000 2617.1458   11.5339
    7.5000  -30.0000   45.0000 2577.8894   11.9208
   -7.5000  -22.5000   45.0000 2598.0859   11.5369
    0.0000  -22.5000   45.0000 2614.5518   11.5134
    7.5000  -22.5000   45.0000 2584.8296   11.8708
   -7.5000  -15.0000   45.0000 2602.5103   11.6496
    0.0000  -15.0000   45.0000 2623.3262   11.5562
    7.5000  -15.0000   45.0000 2594.6870   11.9155
   -7.5000   -7.5000   45.0000 2618.8943   11.7612
    0.0000   -7.5000   45.0000 2641.8694   11.6565
    7.5000   -7.5000   45.0000 2608.5955   12.0201
   -7.5000    0.0000   45.0000 2622.9666   12.0101
    0.0000    0.0000   45.0000 2647.8762   11.8802
    7.5000    0.0000   45.0000 2624.4893   12.2058
   -7.5000    7.5000   45.0000 2628.2534   12.3192
    0.0000    7.5000   45.0000 2656.3840   12.1363
    7.5000    7.5000   45.0000 2628.8325   12.4312
   -7.5000   15.0000   45.0000 2618.5732   12.6899
    0.0000   15.0000   45.0000 2645.8809   12.4899
    7.5000   15.0000   45.0000 2615.4751   12.7438
   -7.5000   22.5000   45.0000 2593.0283   13.1565
    0.0000   22.5000   45.0000 2618.3169   12.9702
    7.5000   22.5000   45.0000 2600.9866   13.1722
   -7.5000   30.0000   45.0000 2545.4072   13.8054
    0.0000   30.0000   45.0000 2572.8621   13.5815
    7.5000   30.0000   45.0000 2556.8511   13.8115
   -7.5000   37.5000   45.0000 2490.1489   14.5492
    0.0000   37.5000   45.0000 2514.1135   14.3594
    7.5000   37.5000   45.0000 2500.0642   14.5854
   -7.5000   45.0000   45.0000 2407.0449   15.4271
    0.0000   45.0000   45.0000 2441.4392   15.2258
    7.5000   45.0000   45.0000 2422.5498   15.4178

---------------------------------------------------------------------
imgreg_4dfp /opt/freesurfer/average/711-2C_as_mni_average_305 /opt/freesurfer/average/711-2B_as_mni_average_305_mask talsrcimg_g11 none talsrcimg_to_711-2C_as_mni_average_305_t4 1283
---------------------------------------------------------------------

freesurfer imgreg_4dfp.c
/opt/freesurfer/average/711-2C_as_mni_average_305.4dfp.img
       256       256       256         1
  1.000000  1.000000  1.000000
orientation T byte_order littleendian
Reading image: /opt/freesurfer/average/711-2C_as_mni_average_305.4dfp.img
dimensions:      256       256       256
mmppix:       1.0000   -1.0000   -1.0000
center:     128.0000 -129.0000 -129.0000
/opt/freesurfer/average/711-2B_as_mni_average_305_mask.4dfp.img
       256       256       256         1
  1.000000  1.000000  1.000000
orientation T byte_order littleendian
Reading mask: /opt/freesurfer/average/711-2B_as_mni_average_305_mask.4dfp.img (2306576 pixels)
talsrcimg_g11.4dfp.img
       256       256       256         1
  1.000000  1.000000  1.000000
orientation T byte_order littleendian
Reading image: talsrcimg_g11.4dfp.img
dimensions:      256       256       256
mmppix:       1.0000   -1.0000   -1.0000
center:     128.0000 -129.0000 -129.0000
rotation matrix determinant  1.000000
fimgreg.f
image alignment mode   1283 decimal      503 hex
parameters
    0.0000   22.5000    7.5000    0.0000    0.0000    0.0000
eta,q 0.90118 11.46106
niter,ni,del,rscale     5    3   12.0000    1.2000
parameter  3 -0.904895 -> -0.500000 qaram    1.1500
parameter  4  0.618125 ->  0.500000 qaram    1.1500
parameters
    1.1776   20.4458   10.9500   -3.4500    1.4631   -1.6003
eta,q 0.90729 11.45777
  0.1184  0.1019  0.1091  0.0964  0.0989  0.0962
  0.1108  0.0990  0.1064  0.0947  0.0963  0.0939
  0.1046  0.0992  0.1026  0.0952  0.0962  0.0928
  0.1011  0.1002  0.0992  0.0969  0.0946  0.0930
  0.1012  0.1015  0.0975  0.0982  0.0926  0.0947
  0.1033  0.1060  0.0960  0.0993  0.0929  0.0991
  0.1093  0.1140  0.0972  0.1018  0.0969  0.1046
niter,ni,del,rscale     6    3   12.0000    1.2000
parameter  2 -0.542002 -> -0.500000 qaram    1.1500
parameters
    0.6034   23.8958   10.7934   -6.6077    1.7827   -2.2985
eta,q 0.90976 11.43304
  0.1033  0.1060  0.1030  0.0922  0.0942  0.0946
  0.0998  0.1016  0.1001  0.0910  0.0942  0.0921
  0.0959  0.0970  0.0958  0.0910  0.0942  0.0906
  0.0927  0.0934  0.0916  0.0917  0.0909  0.0903
  0.0937  0.0917  0.0936  0.0940  0.0887  0.0913
  0.1013  0.0919  0.0998  0.0984  0.0911  0.0935
  0.1116  0.0935  0.1056  0.1036  0.0966  0.0976
niter,ni,del,rscale     6    3   12.0000    1.2000
parameter  4  1.106246 ->  0.500000 qaram    1.3225
parameters
   -0.3107   26.2404   10.0043  -10.5752    0.9966   -4.2216
eta,q 0.91586 11.43153
  0.0994  0.1054  0.0993  0.0857  0.0898  0.0884
  0.0961  0.0983  0.0935  0.0851  0.0871  0.0854
  0.0929  0.0933  0.0918  0.0866  0.0854  0.0842
  0.0902  0.0911  0.0902  0.0905  0.0851  0.0850
  0.0926  0.0902  0.0928  0.0930  0.0863  0.0882
  0.1001  0.0893  0.0983  0.0953  0.0890  0.0925
  0.1099  0.0939  0.1033  0.1009  0.0937  0.0958
niter,ni,del,rscale     6    3   12.0000    1.2000
parameters
   -0.3737   26.8357    9.4341  -11.4224    1.0510   -3.8875
eta,q 0.91659 11.44943
  0.1018  0.1006  0.0979  0.0936  0.0919  0.0927
  0.0931  0.0957  0.0912  0.0889  0.0876  0.0886
  0.0860  0.0904  0.0862  0.0848  0.0846  0.0853
  0.0841  0.0841  0.0829  0.0832  0.0834  0.0835
  0.0860  0.0824  0.0863  0.0878  0.0845  0.0839
  0.0920  0.0879  0.0954  0.0936  0.0874  0.0868
  0.1039  0.0999  0.1037  0.0967  0.0916  0.0914
niter,ni,del,rscale     5    3   12.0000    1.2000
parameters
   -0.3113   26.8255    9.3552  -11.6251    1.1005   -3.7312
eta,q 0.91639 11.45427
  0.1022  0.0991  0.0998  0.0948  0.0917  0.0924
  0.0929  0.0940  0.0925  0.0906  0.0877  0.0884
  0.0854  0.0886  0.0871  0.0857  0.0848  0.0853
  0.0834  0.0834  0.0835  0.0835  0.0836  0.0836
  0.0854  0.0836  0.0851  0.0857  0.0846  0.0843
  0.0909  0.0906  0.0923  0.0925  0.0874  0.0874
  0.1023  0.1033  0.1018  0.0953  0.0916  0.0920
niter,ni,del,rscale     4    3   12.0000    1.2000
parameters
   -0.2863   26.8395    9.3502  -11.6653    1.1135   -3.6896
eta,q 0.91639 11.45415
  0.1022  0.0993  0.1001  0.0950  0.0915  0.0921
  0.0928  0.0940  0.0928  0.0910  0.0877  0.0881
  0.0853  0.0885  0.0872  0.0860  0.0848  0.0851
  0.0836  0.0836  0.0836  0.0836  0.0836  0.0836
  0.0857  0.0838  0.0852  0.0853  0.0846  0.0844
  0.0913  0.0904  0.0919  0.0920  0.0874  0.0877
  0.1026  0.1030  0.1015  0.0949  0.0916  0.0922
registration optimization eta report
parameter search radius
    6.0000    6.9000    6.9000    7.9350    6.0000    6.0000
100000*second partial in parameter space
       53.       36.       35.       17.       22.       23.
  0.1022  0.0993  0.1001  0.0950  0.0915  0.0921
  0.0928  0.0940  0.0928  0.0910  0.0877  0.0881
  0.0853  0.0885  0.0872  0.0860  0.0848  0.0851
  0.0836  0.0836  0.0836  0.0836  0.0836  0.0836
  0.0857  0.0838  0.0852  0.0853  0.0846  0.0844
  0.0913  0.0904  0.0919  0.0920  0.0874  0.0877
  0.1026  0.1030  0.1015  0.0949  0.0916  0.0922
   -0.2863   26.8395    9.3502  -11.6653    1.1135   -3.6896
eta,q 0.91639 11.45415

---------------------------------------------------------------------
imgreg_4dfp /opt/freesurfer/average/711-2C_as_mni_average_305 /opt/freesurfer/average/711-2B_as_mni_average_305_mask talsrcimg_g11 none talsrcimg_to_711-2C_as_mni_average_305_t4 3335
---------------------------------------------------------------------

freesurfer imgreg_4dfp.c
/opt/freesurfer/average/711-2C_as_mni_average_305.4dfp.img
       256       256       256         1
  1.000000  1.000000  1.000000
orientation T byte_order littleendian
Reading image: /opt/freesurfer/average/711-2C_as_mni_average_305.4dfp.img
dimensions:      256       256       256
mmppix:       1.0000   -1.0000   -1.0000
center:     128.0000 -129.0000 -129.0000
/opt/freesurfer/average/711-2B_as_mni_average_305_mask.4dfp.img
       256       256       256         1
  1.000000  1.000000  1.000000
orientation T byte_order littleendian
Reading mask: /opt/freesurfer/average/711-2B_as_mni_average_305_mask.4dfp.img (2306576 pixels)
talsrcimg_g11.4dfp.img
       256       256       256         1
  1.000000  1.000000  1.000000
orientation T byte_order littleendian
Reading image: talsrcimg_g11.4dfp.img
dimensions:      256       256       256
mmppix:       1.0000   -1.0000   -1.0000
center:     128.0000 -129.0000 -129.0000
fimgreg.f
image alignment mode   3335 decimal      D07 hex
parameters
   -0.2863   26.8395    9.3502   -0.2261   -2.2937   -2.0840
    6.6944   -0.5981   -6.4340   20.3000    1.9434  -20.2157
eta,q 0.91817 11.38659
niter,ni,del,rscale     5    3    5.0000    1.2000
parameter  4  3.322589 ->  0.500000 qaram    1.1500
parameter  5  3.667321 ->  0.500000 qaram    1.1500
parameter  6  4.059896 ->  0.500000 qaram    1.1500
parameter 10  1.270560 ->  0.500000 qaram    1.1500
parameters
   -0.1520   26.9964    8.9226   -4.3661   -6.4337   -6.2240
    5.6634    0.2555   -4.8054   16.1600    0.4778  -20.6396
eta,q 0.94695 11.65778
  0.0856  0.0849  0.0834  0.0701  0.0624  0.0545  0.0615  0.0661  0.0623  0.0522  0.0552  0.0555
  0.0837  0.0833  0.0823  0.0732  0.0653  0.0572  0.0596  0.0625  0.0605  0.0528  0.0538  0.0540
  0.0824  0.0823  0.0818  0.0770  0.0693  0.0616  0.0584  0.0598  0.0590  0.0548  0.0531  0.0533
  0.0818  0.0818  0.0818  0.0816  0.0741  0.0663  0.0583  0.0582  0.0581  0.0579  0.0533  0.0531
  0.0820  0.0820  0.0824  0.0866  0.0793  0.0716  0.0593  0.0584  0.0580  0.0620  0.0542  0.0536
  0.0830  0.0828  0.0835  0.0917  0.0849  0.0771  0.0613  0.0601  0.0586  0.0668  0.0556  0.0546
  0.0850  0.0842  0.0852  0.0971  0.0897  0.0817  0.0641  0.0634  0.0598  0.0717  0.0575  0.0560
niter,ni,del,rscale     7    3    5.0000    1.2000
parameter  4  0.728007 ->  0.500000 qaram    1.3225
parameter  5  1.054716 ->  0.500000 qaram    1.3225
parameter 12 -0.602318 -> -0.500000 qaram    1.1500
parameters
    0.0505   27.9013    9.6641   -9.1271  -11.1947   -8.5536
    5.9629    0.4999   -6.3700   15.2057   -0.2293  -16.4996
eta,q 0.95667 11.41631
  0.0611  0.0611  0.0579  0.0489  0.0425  0.0468  0.0481  0.0532  0.0462  0.0489  0.0451  0.0468
  0.0570  0.0576  0.0553  0.0482  0.0433  0.0451  0.0461  0.0483  0.0446  0.0460  0.0442  0.0456
  0.0542  0.0548  0.0534  0.0487  0.0450  0.0442  0.0447  0.0452  0.0439  0.0442  0.0438  0.0446
  0.0530  0.0530  0.0523  0.0520  0.0482  0.0437  0.0441  0.0441  0.0441  0.0439  0.0438  0.0438
  0.0536  0.0523  0.0520  0.0587  0.0532  0.0451  0.0444  0.0448  0.0451  0.0452  0.0440  0.0434
  0.0555  0.0527  0.0525  0.0663  0.0593  0.0506  0.0456  0.0475  0.0468  0.0480  0.0446  0.0433
  0.0587  0.0543  0.0536  0.0738  0.0653  0.0590  0.0476  0.0521  0.0491  0.0519  0.0458  0.0436
niter,ni,del,rscale     7    3    5.0000    1.2000
parameter  3  0.509911 ->  0.500000 qaram    1.1500
parameters
    0.0443   27.7158    8.2841  -11.6641  -15.3702  -10.1554
    5.9397    0.7667   -6.1728   14.8424   -0.0606  -16.7332
eta,q 0.95810 10.85884
  0.0488  0.0471  0.0433  0.0457  0.0433  0.0450  0.0459  0.0498  0.0454  0.0471  0.0428  0.0439
  0.0458  0.0450  0.0427  0.0440  0.0422  0.0429  0.0439  0.0454  0.0436  0.0441  0.0424  0.0428
  0.0439  0.0437  0.0427  0.0430  0.0419  0.0421  0.0425  0.0430  0.0424  0.0424  0.0421  0.0421
  0.0433  0.0433  0.0433  0.0426  0.0429  0.0419  0.0420  0.0420  0.0419  0.0419  0.0419  0.0419
  0.0440  0.0440  0.0443  0.0438  0.0451  0.0422  0.0424  0.0424  0.0422  0.0427  0.0420  0.0422
  0.0458  0.0458  0.0457  0.0488  0.0493  0.0452  0.0438  0.0446  0.0433  0.0448  0.0422  0.0429
  0.0489  0.0486  0.0475  0.0565  0.0554  0.0513  0.0460  0.0488  0.0450  0.0480  0.0428  0.0441
niter,ni,del,rscale     7    3    5.0000    1.2000
parameters
   -0.0811   27.7826    8.2296  -11.6074  -15.9743  -10.1507
    5.9879    0.6376   -6.1638   14.9878   -0.2481  -16.7797
eta,q 0.95808 10.82590
  0.0465  0.0460  0.0447  0.0464  0.0456  0.0465  0.0459  0.0489  0.0451  0.0475  0.0428  0.0440
  0.0438  0.0438  0.0430  0.0440  0.0436  0.0438  0.0439  0.0449  0.0434  0.0443  0.0424  0.0429
  0.0422  0.0424  0.0421  0.0426  0.0424  0.0423  0.0424  0.0427  0.0423  0.0426  0.0421  0.0422
  0.0419  0.0419  0.0419  0.0419  0.0419  0.0419  0.0419  0.0419  0.0419  0.0419  0.0419  0.0419
  0.0428  0.0423  0.0423  0.0418  0.0423  0.0419  0.0423  0.0426  0.0423  0.0424  0.0420  0.0422
  0.0446  0.0435  0.0433  0.0427  0.0439  0.0429  0.0437  0.0451  0.0434  0.0442  0.0423  0.0429
  0.0474  0.0456  0.0448  0.0473  0.0472  0.0472  0.0458  0.0496  0.0451  0.0471  0.0430  0.0440
niter,ni,del,rscale     6    3    5.0000    1.2000
parameters
   -0.0990   27.8368    8.2282  -11.6151  -15.9999  -10.1533
    6.0106    0.6412   -6.1155   15.0556   -0.3166  -16.8185
eta,q 0.95808 10.82642
  0.0469  0.0459  0.0448  0.0464  0.0460  0.0465  0.0458  0.0491  0.0451  0.0474  0.0428  0.0440
  0.0441  0.0438  0.0431  0.0440  0.0439  0.0438  0.0439  0.0450  0.0434  0.0442  0.0424  0.0429
  0.0424  0.0424  0.0422  0.0426  0.0425  0.0423  0.0424  0.0428  0.0423  0.0425  0.0421  0.0422
  0.0419  0.0419  0.0419  0.0419  0.0419  0.0419  0.0419  0.0419  0.0419  0.0419  0.0419  0.0419
  0.0426  0.0423  0.0423  0.0418  0.0421  0.0419  0.0424  0.0425  0.0422  0.0425  0.0420  0.0422
  0.0443  0.0435  0.0433  0.0428  0.0436  0.0429  0.0437  0.0449  0.0433  0.0442  0.0423  0.0429
  0.0469  0.0456  0.0447  0.0474  0.0464  0.0472  0.0459  0.0493  0.0450  0.0471  0.0429  0.0440
niter,ni,del,rscale     5    3    5.0000    1.2000
parameters
   -0.1011   27.8488    8.2174  -11.6132  -16.0070  -10.1667
    6.0152    0.6446   -6.0957   15.0787   -0.3480  -16.8309
eta,q 0.95808 10.82598
  0.0470  0.0458  0.0448  0.0464  0.0460  0.0465  0.0458  0.0491  0.0451  0.0473  0.0428  0.0440
  0.0441  0.0437  0.0431  0.0440  0.0439  0.0439  0.0439  0.0450  0.0434  0.0442  0.0424  0.0429
  0.0424  0.0424  0.0422  0.0426  0.0426  0.0423  0.0424  0.0428  0.0423  0.0425  0.0421  0.0422
  0.0419  0.0419  0.0419  0.0419  0.0419  0.0419  0.0419  0.0419  0.0419  0.0419  0.0419  0.0419
  0.0426  0.0424  0.0423  0.0418  0.0421  0.0419  0.0424  0.0425  0.0423  0.0425  0.0420  0.0422
  0.0443  0.0436  0.0433  0.0428  0.0435  0.0429  0.0438  0.0449  0.0434  0.0443  0.0423  0.0429
  0.0469  0.0457  0.0447  0.0474  0.0464  0.0473  0.0459  0.0493  0.0451  0.0472  0.0429  0.0440
registration optimization eta report
parameter search radius
    2.4000    2.4000    2.7600    9.5220    9.5220    8.2800
    7.2000    7.2000    7.2000    8.2800    7.2000    8.2800
100000*second partial in parameter space
       87.       66.       37.        6.        5.        8.
        8.       14.        6.        8.        2.        3.
  0.0470  0.0458  0.0448  0.0464  0.0460  0.0465  0.0458  0.0491  0.0451  0.0473  0.0428  0.0440
  0.0441  0.0437  0.0431  0.0440  0.0439  0.0439  0.0439  0.0450  0.0434  0.0442  0.0424  0.0429
  0.0424  0.0424  0.0422  0.0426  0.0426  0.0423  0.0424  0.0428  0.0423  0.0425  0.0421  0.0422
  0.0419  0.0419  0.0419  0.0419  0.0419  0.0419  0.0419  0.0419  0.0419  0.0419  0.0419  0.0419
  0.0426  0.0424  0.0423  0.0418  0.0421  0.0419  0.0424  0.0425  0.0423  0.0425  0.0420  0.0422
  0.0443  0.0436  0.0433  0.0428  0.0435  0.0429  0.0438  0.0449  0.0434  0.0443  0.0423  0.0429
  0.0469  0.0457  0.0447  0.0474  0.0464  0.0473  0.0459  0.0493  0.0451  0.0472  0.0429  0.0440
   -0.1011   27.8488    8.2174  -11.6132  -16.0070  -10.1667
    6.0152    0.6446   -6.0957   15.0787   -0.3480  -16.8309
eta,q 0.95808 10.82598

---------------------------------------------------------------------
imgreg_4dfp /opt/freesurfer/average/711-2C_as_mni_average_305 /opt/freesurfer/average/711-2B_as_mni_average_305_mask talsrcimg_g11 none talsrcimg_to_711-2C_as_mni_average_305_t4 2311
---------------------------------------------------------------------

freesurfer imgreg_4dfp.c
/opt/freesurfer/average/711-2C_as_mni_average_305.4dfp.img
       256       256       256         1
  1.000000  1.000000  1.000000
orientation T byte_order littleendian
Reading image: /opt/freesurfer/average/711-2C_as_mni_average_305.4dfp.img
dimensions:      256       256       256
mmppix:       1.0000   -1.0000   -1.0000
center:     128.0000 -129.0000 -129.0000
/opt/freesurfer/average/711-2B_as_mni_average_305_mask.4dfp.img
       256       256       256         1
  1.000000  1.000000  1.000000
orientation T byte_order littleendian
Reading mask: /opt/freesurfer/average/711-2B_as_mni_average_305_mask.4dfp.img (2306576 pixels)
talsrcimg_g11.4dfp.img
       256       256       256         1
  1.000000  1.000000  1.000000
orientation T byte_order littleendian
Reading image: talsrcimg_g11.4dfp.img
dimensions:      256       256       256
mmppix:       1.0000   -1.0000   -1.0000
center:     128.0000 -129.0000 -129.0000
fimgreg.f
image alignment mode   2311 decimal      907 hex
parameters
   -0.1011   27.8488    8.2174  -11.6132  -16.0070  -10.1667
    6.0152    0.6446   -6.0957   15.0787   -0.3480  -16.8309
eta,q 0.95808 10.82598
niter,ni,del,rscale     5    3    5.0000    0.8000
parameters
   -0.1356   27.8456    8.1270   -9.7369  -15.1607   -9.5130
    6.1871    0.5581   -6.1842   15.1534   -0.6001  -17.8446
eta,q 0.95838 11.07368
  0.0441  0.0436  0.0428  0.0432  0.0432  0.0434  0.0437  0.0454  0.0432  0.0438  0.0423  0.0422
  0.0428  0.0427  0.0423  0.0426  0.0426  0.0425  0.0427  0.0433  0.0424  0.0427  0.0420  0.0418
  0.0421  0.0421  0.0420  0.0422  0.0421  0.0420  0.0419  0.0421  0.0418  0.0420  0.0417  0.0416
  0.0419  0.0419  0.0419  0.0419  0.0418  0.0417  0.0417  0.0417  0.0417  0.0417  0.0417  0.0417
  0.0422  0.0421  0.0421  0.0418  0.0417  0.0417  0.0418  0.0421  0.0419  0.0419  0.0418  0.0419
  0.0430  0.0427  0.0425  0.0418  0.0420  0.0419  0.0425  0.0435  0.0424  0.0426  0.0420  0.0423
  0.0443  0.0436  0.0430  0.0421  0.0425  0.0428  0.0435  0.0457  0.0433  0.0438  0.0424  0.0428
niter,ni,del,rscale     4    3    5.0000    0.7000
parameters
   -0.0351   27.7593    8.1254   -9.6506  -14.9705   -9.2358
    6.2345    0.6634   -6.1597   15.2219   -0.6004  -18.0752
eta,q 0.95845 11.10868
  0.0437  0.0429  0.0425  0.0424  0.0426  0.0428  0.0431  0.0449  0.0428  0.0433  0.0422  0.0422
  0.0426  0.0422  0.0420  0.0420  0.0421  0.0422  0.0423  0.0430  0.0421  0.0424  0.0419  0.0419
  0.0419  0.0417  0.0417  0.0418  0.0418  0.0418  0.0417  0.0419  0.0417  0.0418  0.0416  0.0416
  0.0416  0.0416  0.0416  0.0416  0.0416  0.0416  0.0416  0.0416  0.0416  0.0416  0.0416  0.0416
  0.0417  0.0418  0.0417  0.0416  0.0416  0.0415  0.0417  0.0419  0.0417  0.0417  0.0417  0.0417
  0.0423  0.0424  0.0420  0.0418  0.0420  0.0418  0.0422  0.0429  0.0421  0.0423  0.0419  0.0420
  0.0432  0.0433  0.0425  0.0425  0.0425  0.0427  0.0430  0.0445  0.0428  0.0433  0.0422  0.0424
niter,ni,del,rscale     3    3    5.0000    0.6000
parameters
   -0.0114   27.7579    8.1456   -9.4311  -14.8864   -9.0705
    6.2401    0.6548   -6.1845   15.2713   -0.6198  -18.2079
eta,q 0.95848 11.13994
  0.0430  0.0427  0.0423  0.0422  0.0423  0.0424  0.0427  0.0440  0.0425  0.0429  0.0421  0.0421
  0.0422  0.0421  0.0419  0.0419  0.0419  0.0420  0.0420  0.0426  0.0419  0.0422  0.0418  0.0418
  0.0417  0.0417  0.0416  0.0417  0.0417  0.0417  0.0416  0.0418  0.0416  0.0417  0.0416  0.0416
  0.0416  0.0416  0.0416  0.0415  0.0415  0.0415  0.0415  0.0415  0.0415  0.0415  0.0415  0.0415
  0.0417  0.0417  0.0416  0.0415  0.0416  0.0415  0.0417  0.0418  0.0416  0.0416  0.0416  0.0416
  0.0421  0.0421  0.0419  0.0417  0.0418  0.0417  0.0420  0.0426  0.0420  0.0421  0.0418  0.0418
  0.0429  0.0427  0.0422  0.0422  0.0423  0.0424  0.0426  0.0439  0.0425  0.0428  0.0421  0.0422
niter,ni,del,rscale     2    3    5.0000    0.5000
parameters
    0.0056   27.7595    8.1720   -9.2623  -14.8172   -8.8982
    6.2313    0.6465   -6.1888   15.3040   -0.6230  -18.2928
eta,q 0.95850 11.16623
  0.0425  0.0423  0.0421  0.0420  0.0421  0.0421  0.0423  0.0433  0.0422  0.0425  0.0419  0.0419
  0.0420  0.0419  0.0418  0.0418  0.0418  0.0418  0.0419  0.0423  0.0418  0.0420  0.0417  0.0417
  0.0416  0.0416  0.0416  0.0416  0.0416  0.0416  0.0416  0.0417  0.0416  0.0416  0.0415  0.0416
  0.0415  0.0415  0.0415  0.0415  0.0415  0.0415  0.0415  0.0415  0.0415  0.0415  0.0415  0.0415
  0.0416  0.0416  0.0416  0.0415  0.0415  0.0415  0.0416  0.0417  0.0416  0.0416  0.0416  0.0416
  0.0419  0.0419  0.0417  0.0416  0.0417  0.0417  0.0419  0.0423  0.0418  0.0419  0.0417  0.0417
  0.0425  0.0423  0.0420  0.0420  0.0421  0.0421  0.0423  0.0433  0.0422  0.0425  0.0419  0.0420
niter,ni,del,rscale     1    3    5.0000    0.4000
parameters
    0.0170   27.7594    8.2075   -9.1222  -14.7802   -8.7201
    6.2347    0.6389   -6.1905   15.3267   -0.5925  -18.3540
eta,q 0.95852 11.18796
  0.0422  0.0420  0.0419  0.0418  0.0419  0.0419  0.0420  0.0427  0.0419  0.0421  0.0418  0.0418
  0.0418  0.0417  0.0417  0.0417  0.0417  0.0417  0.0417  0.0420  0.0417  0.0418  0.0416  0.0416
  0.0416  0.0416  0.0415  0.0416  0.0416  0.0416  0.0415  0.0416  0.0415  0.0416  0.0415  0.0415
  0.0415  0.0415  0.0415  0.0415  0.0415  0.0415  0.0415  0.0415  0.0415  0.0415  0.0415  0.0415
  0.0416  0.0416  0.0415  0.0415  0.0415  0.0415  0.0415  0.0416  0.0415  0.0415  0.0415  0.0415
  0.0418  0.0417  0.0416  0.0416  0.0416  0.0416  0.0417  0.0420  0.0417  0.0417  0.0416  0.0416
  0.0421  0.0420  0.0418  0.0418  0.0419  0.0419  0.0420  0.0427  0.0419  0.0421  0.0418  0.0418
registration optimization eta report
parameter search radius
    0.8000    0.8000    0.8000    2.4000    2.4000    2.4000
    2.4000    2.4000    2.4000    2.4000    2.4000    2.4000
100000*second partial in parameter space
      102.       80.       52.        6.        6.        7.
        9.       21.        8.       11.        5.        5.
  0.0422  0.0420  0.0419  0.0418  0.0419  0.0419  0.0420  0.0427  0.0419  0.0421  0.0418  0.0418
  0.0418  0.0417  0.0417  0.0417  0.0417  0.0417  0.0417  0.0420  0.0417  0.0418  0.0416  0.0416
  0.0416  0.0416  0.0415  0.0416  0.0416  0.0416  0.0415  0.0416  0.0415  0.0416  0.0415  0.0415
  0.0415  0.0415  0.0415  0.0415  0.0415  0.0415  0.0415  0.0415  0.0415  0.0415  0.0415  0.0415
  0.0416  0.0416  0.0415  0.0415  0.0415  0.0415  0.0415  0.0416  0.0415  0.0415  0.0415  0.0415
  0.0418  0.0417  0.0416  0.0416  0.0416  0.0416  0.0417  0.0420  0.0417  0.0417  0.0416  0.0416
  0.0421  0.0420  0.0418  0.0418  0.0419  0.0419  0.0420  0.0427  0.0419  0.0421  0.0418  0.0418
    0.0170   27.7594    8.2075   -9.1222  -14.7802   -8.7201
    6.2347    0.6389   -6.1905   15.3267   -0.5925  -18.3540
eta,q 0.95852 11.18796

---------------------------------------------------------------------
imgreg_4dfp /opt/freesurfer/average/711-2C_as_mni_average_305 /opt/freesurfer/average/711-2B_as_mni_average_305_mask talsrcimg_g11 none talsrcimg_to_711-2C_as_mni_average_305_t4 2311
---------------------------------------------------------------------

freesurfer imgreg_4dfp.c
/opt/freesurfer/average/711-2C_as_mni_average_305.4dfp.img
       256       256       256         1
  1.000000  1.000000  1.000000
orientation T byte_order littleendian
Reading image: /opt/freesurfer/average/711-2C_as_mni_average_305.4dfp.img
dimensions:      256       256       256
mmppix:       1.0000   -1.0000   -1.0000
center:     128.0000 -129.0000 -129.0000
/opt/freesurfer/average/711-2B_as_mni_average_305_mask.4dfp.img
       256       256       256         1
  1.000000  1.000000  1.000000
orientation T byte_order littleendian
Reading mask: /opt/freesurfer/average/711-2B_as_mni_average_305_mask.4dfp.img (2306576 pixels)
talsrcimg_g11.4dfp.img
       256       256       256         1
  1.000000  1.000000  1.000000
orientation T byte_order littleendian
Reading image: talsrcimg_g11.4dfp.img
dimensions:      256       256       256
mmppix:       1.0000   -1.0000   -1.0000
center:     128.0000 -129.0000 -129.0000
fimgreg.f
image alignment mode   2311 decimal      907 hex
parameters
    0.0170   27.7594    8.2075   -9.1222  -14.7802   -8.7201
    6.2347    0.6389   -6.1905   15.3267   -0.5925  -18.3540
eta,q 0.95852 11.18796
niter,ni,del,rscale     5    3    5.0000    0.8000
parameters
    0.0244   27.7589    8.3129   -9.8613  -15.0538   -9.1143
    6.2015    0.7351   -6.2164   15.2309   -0.4434  -17.9250
eta,q 0.95841 11.09806
  0.0441  0.0435  0.0430  0.0425  0.0427  0.0428  0.0435  0.0457  0.0432  0.0436  0.0424  0.0426
  0.0427  0.0424  0.0422  0.0420  0.0421  0.0422  0.0425  0.0434  0.0423  0.0426  0.0420  0.0421
  0.0418  0.0417  0.0417  0.0417  0.0417  0.0418  0.0418  0.0421  0.0418  0.0419  0.0417  0.0418
  0.0415  0.0415  0.0415  0.0415  0.0415  0.0415  0.0416  0.0416  0.0416  0.0416  0.0416  0.0416
  0.0418  0.0417  0.0416  0.0416  0.0417  0.0416  0.0418  0.0420  0.0418  0.0418  0.0417  0.0416
  0.0426  0.0424  0.0420  0.0423  0.0423  0.0421  0.0425  0.0432  0.0423  0.0426  0.0419  0.0419
  0.0441  0.0435  0.0426  0.0440  0.0431  0.0439  0.0435  0.0453  0.0433  0.0439  0.0423  0.0423
niter,ni,del,rscale     4    3    5.0000    0.7000
parameters
   -0.0131   27.7411    8.1925   -9.6821  -14.9928   -9.1751
    6.2001    0.6700   -6.2159   15.2121   -0.5173  -18.0263
eta,q 0.95844 11.10833
  0.0434  0.0431  0.0424  0.0425  0.0426  0.0426  0.0431  0.0446  0.0428  0.0433  0.0422  0.0422
  0.0423  0.0422  0.0419  0.0420  0.0421  0.0421  0.0423  0.0429  0.0421  0.0424  0.0418  0.0419
  0.0417  0.0417  0.0416  0.0417  0.0417  0.0417  0.0417  0.0419  0.0417  0.0418  0.0416  0.0417
  0.0416  0.0416  0.0416  0.0416  0.0416  0.0415  0.0416  0.0416  0.0416  0.0416  0.0416  0.0416
  0.0418  0.0418  0.0418  0.0415  0.0416  0.0415  0.0417  0.0419  0.0417  0.0417  0.0417  0.0417
  0.0425  0.0423  0.0421  0.0418  0.0420  0.0419  0.0422  0.0430  0.0421  0.0423  0.0419  0.0419
  0.0435  0.0431  0.0426  0.0425  0.0426  0.0429  0.0431  0.0447  0.0428  0.0434  0.0422  0.0423
niter,ni,del,rscale     3    3    5.0000    0.6000
parameters
   -0.0097   27.7506    8.1637   -9.4422  -14.8959   -9.0554
    6.2296    0.6494   -6.2029   15.2569   -0.5897  -18.1820
eta,q 0.95847 11.13901
  0.0430  0.0427  0.0422  0.0422  0.0423  0.0424  0.0427  0.0439  0.0425  0.0429  0.0420  0.0420
  0.0422  0.0421  0.0418  0.0419  0.0419  0.0420  0.0421  0.0426  0.0420  0.0422  0.0417  0.0418
  0.0417  0.0417  0.0416  0.0417  0.0417  0.0417  0.0417  0.0418  0.0416  0.0417  0.0416  0.0416
  0.0416  0.0416  0.0416  0.0416  0.0415  0.0415  0.0415  0.0415  0.0415  0.0415  0.0415  0.0415
  0.0417  0.0417  0.0417  0.0415  0.0416  0.0415  0.0416  0.0418  0.0416  0.0416  0.0416  0.0416
  0.0422  0.0420  0.0419  0.0417  0.0418  0.0417  0.0420  0.0426  0.0419  0.0421  0.0418  0.0418
  0.0429  0.0427  0.0423  0.0422  0.0423  0.0424  0.0426  0.0440  0.0425  0.0428  0.0421  0.0422
niter,ni,del,rscale     2    3    5.0000    0.5000
parameters
    0.0058   27.7557    8.1807   -9.2658  -14.8254   -8.8836
    6.2359    0.6445   -6.1963   15.2994   -0.6103  -18.2866
eta,q 0.95850 11.16614
  0.0425  0.0423  0.0421  0.0420  0.0421  0.0421  0.0423  0.0433  0.0422  0.0425  0.0419  0.0419
  0.0420  0.0419  0.0418  0.0418  0.0418  0.0418  0.0419  0.0423  0.0418  0.0420  0.0417  0.0417
  0.0416  0.0416  0.0416  0.0416  0.0416  0.0416  0.0416  0.0417  0.0416  0.0416  0.0415  0.0416
  0.0415  0.0415  0.0415  0.0415  0.0415  0.0415  0.0415  0.0415  0.0415  0.0415  0.0415  0.0415
  0.0416  0.0416  0.0416  0.0415  0.0415  0.0415  0.0416  0.0417  0.0416  0.0416  0.0416  0.0416
  0.0419  0.0419  0.0418  0.0416  0.0417  0.0417  0.0419  0.0423  0.0418  0.0419  0.0417  0.0417
  0.0425  0.0423  0.0420  0.0420  0.0421  0.0421  0.0423  0.0433  0.0422  0.0425  0.0419  0.0420
niter,ni,del,rscale     1    3    5.0000    0.4000
parameters
    0.0177   27.7581    8.2142   -9.1094  -14.7754   -8.7160
    6.2297    0.6339   -6.1988   15.3232   -0.6010  -18.3548
eta,q 0.95852 11.18928
  0.0422  0.0420  0.0419  0.0418  0.0419  0.0419  0.0420  0.0427  0.0419  0.0421  0.0418  0.0417
  0.0418  0.0417  0.0417  0.0417  0.0417  0.0417  0.0417  0.0420  0.0417  0.0418  0.0416  0.0416
  0.0416  0.0415  0.0415  0.0416  0.0416  0.0416  0.0415  0.0416  0.0415  0.0416  0.0415  0.0415
  0.0415  0.0415  0.0415  0.0415  0.0415  0.0415  0.0415  0.0415  0.0415  0.0415  0.0415  0.0415
  0.0416  0.0416  0.0415  0.0415  0.0415  0.0415  0.0415  0.0416  0.0415  0.0415  0.0415  0.0415
  0.0418  0.0417  0.0416  0.0416  0.0416  0.0416  0.0417  0.0420  0.0417  0.0417  0.0416  0.0416
  0.0421  0.0420  0.0418  0.0418  0.0419  0.0419  0.0420  0.0427  0.0419  0.0421  0.0418  0.0418
registration optimization eta report
parameter search radius
    0.8000    0.8000    0.8000    2.4000    2.4000    2.4000
    2.4000    2.4000    2.4000    2.4000    2.4000    2.4000
100000*second partial in parameter space
      102.       80.       52.        6.        6.        7.
        9.       21.        8.       11.        5.        5.
  0.0422  0.0420  0.0419  0.0418  0.0419  0.0419  0.0420  0.0427  0.0419  0.0421  0.0418  0.0417
  0.0418  0.0417  0.0417  0.0417  0.0417  0.0417  0.0417  0.0420  0.0417  0.0418  0.0416  0.0416
  0.0416  0.0415  0.0415  0.0416  0.0416  0.0416  0.0415  0.0416  0.0415  0.0416  0.0415  0.0415
  0.0415  0.0415  0.0415  0.0415  0.0415  0.0415  0.0415  0.0415  0.0415  0.0415  0.0415  0.0415
  0.0416  0.0416  0.0415  0.0415  0.0415  0.0415  0.0415  0.0416  0.0415  0.0415  0.0415  0.0415
  0.0418  0.0417  0.0416  0.0416  0.0416  0.0416  0.0417  0.0420  0.0417  0.0417  0.0416  0.0416
  0.0421  0.0420  0.0418  0.0418  0.0419  0.0419  0.0420  0.0427  0.0419  0.0421  0.0418  0.0418
    0.0177   27.7581    8.2142   -9.1094  -14.7754   -8.7160
    6.2297    0.6339   -6.1988   15.3232   -0.6010  -18.3548
eta,q 0.95852 11.18928

---------------------------------------------------------------------
compute_vox2vox talsrcimg talsrcimg_to_711-2C_as_mni_average_305_t4 /opt/freesurfer/average/711-2C_as_mni_average_305
---------------------------------------------------------------------

freesurfer compute_vox2vox.c
Reading: talsrcimg.4dfp.ifh
Reading: talsrcimg_to_711-2C_as_mni_average_305_t4
Reading: /opt/freesurfer/average/711-2C_as_mni_average_305.4dfp.ifh
Writing: talsrcimg_to_711-2C_as_mni_average_305_t4_vox2vox.txt

start time Sat Nov 23 00:06:47 UTC 2024
end		time Sat Nov 23 00:07:35 UTC 2024

mpr2mni305 success

avi2talxfm orig_nu.mgz /opt/freesurfer/average/mni305.cor.mgz talsrcimg_to_711-2C_as_mni_average_305_t4_vox2vox.txt transforms/talairach.auto.xfm
avi2talxfm done
mv -f /scratch/tmp/fs_mp2rage_tests/sourcedata/freesurfer_mp2rage/sub-fsm02cd/mri/talsrcimg_to_711-2C_as_mni_average_305_t4_vox2vox.txt /scratch/tmp/fs_mp2rage_tests/sourcedata/freesurfer_mp2rage/sub-fsm02cd/mri/transforms/talsrcimg_to_711-2C_as_mni_average_305_t4_vox2vox.txt
lta_convert --src orig_nu.mgz --trg /opt/freesurfer/average/mni305.cor.mgz --inxfm transforms/talairach.auto.xfm --outlta transforms/talairach.auto.xfm.lta --subject fsaverage
7.3.2

--src: orig_nu.mgz src image (geometry).
--trg: /opt/freesurfer/average/mni305.cor.mgz trg image (geometry).
--inmni: transforms/talairach.auto.xfm input MNI/XFM transform.
--outlta: transforms/talairach.auto.xfm.lta output LTA.
--s: fsaverage subject name
 LTA read, type : 1
 1.09488   0.00563  -0.07882  -1.53304;
 0.02241   1.05737   0.22609  -32.90010;
 0.07561  -0.18970   1.12699  -25.46100;
 0.00000   0.00000   0.00000   1.00000;
setting subject to fsaverage
Writing  LTA to file transforms/talairach.auto.xfm.lta...
lta_convert successful.
 
 
Started at Sat Nov 23 00:06:44 UTC 2024
Ended   at Sat Nov 23 00:07:36 UTC 2024
talairach_avi done
