status file for recon-all
Sun Nov 24 14:54:53 UTC 2024
#@# Tessellate lh Sun Nov 24 14:54:53 UTC 2024
#@# Smooth1 lh Sun Nov 24 14:55:06 UTC 2024
#@# Inflation1 lh Sun Nov 24 14:55:12 UTC 2024
#@# QSphere lh Sun Nov 24 14:55:36 UTC 2024
#@# Fix Topology lh Sun Nov 24 14:58:28 UTC 2024
#@# Smooth2 lh Sun Nov 24 15:10:59 UTC 2024
#@# Inflation2 lh Sun Nov 24 15:11:05 UTC 2024
#@# Curv .H and .K lh Sun Nov 24 15:11:32 UTC 2024
#@# Sphere lh Sun Nov 24 15:12:59 UTC 2024
#@# Surf Reg lh Sun Nov 24 15:19:02 UTC 2024
#@# Jacobian white lh Sun Nov 24 15:26:57 UTC 2024
#@# AvgCurv lh Sun Nov 24 15:26:59 UTC 2024
#@# Cortical Parc lh Sun Nov 24 15:27:01 UTC 2024
#@# white curv lh Sun Nov 24 15:41:19 UTC 2024
#@# white area lh Sun Nov 24 15:41:23 UTC 2024
#@# pial curv lh Sun Nov 24 15:41:24 UTC 2024
#@# pial area lh Sun Nov 24 15:41:29 UTC 2024
#@# thickness lh Sun Nov 24 15:41:30 UTC 2024
#@# area and vertex vol lh Sun Nov 24 15:42:32 UTC 2024
#@# Curvature Stats lh Sun Nov 24 15:42:35 UTC 2024
#@# Cortical Parc 2 lh Sun Nov 24 15:42:41 UTC 2024
#@# Cortical Parc 3 lh Sun Nov 24 15:43:11 UTC 2024
#@# WM/GM Contrast lh Sun Nov 24 15:43:32 UTC 2024
recon-all -s sub-fsm66oo finished without error at Sun Nov 24 15:43:40 UTC 2024



#New# invocation of recon-all 



status file for recon-all
Sun Nov 24 20:16:07 UTC 2024
#@# white curv lh Sun Nov 24 20:16:08 UTC 2024
#@# white area lh Sun Nov 24 20:16:08 UTC 2024
#@# pial curv lh Sun Nov 24 20:16:08 UTC 2024
#@# pial area lh Sun Nov 24 20:16:08 UTC 2024
#@# thickness lh Sun Nov 24 20:16:08 UTC 2024
#@# area and vertex vol lh Sun Nov 24 20:16:08 UTC 2024
#@# Parcellation Stats lh Sun Nov 24 20:16:08 UTC 2024
#@# Parcellation Stats 2 lh Sun Nov 24 20:17:39 UTC 2024
#@# Parcellation Stats 3 lh Sun Nov 24 20:18:20 UTC 2024
#@# BA_exvivo Labels lh Sun Nov 24 20:19:06 UTC 2024
recon-all -s sub-fsm66oo finished without error at Sun Nov 24 20:26:48 UTC 2024
