/scratch/tmp/fs_mp2rage_tests2/sourcedata/freesurfer_memprage/sub-fsm54jc/mri
/opt/freesurfer/bin/talairach_avi
--i orig_nu.mgz --xfm transforms/talairach.auto.xfm
talairach_avi 7.3.2
Linux elm.criugm.qc.ca 5.15.0-113-generic #123-Ubuntu SMP Mon Jun 10 08:16:17 UTC 2024 x86_64 x86_64 x86_64 GNU/Linux
Sun Nov 24 05:41:33 UTC 2024
mri_convert orig_nu.mgz talsrcimg.img 
reading from orig_nu.mgz...
TR=0.00, TE=0.00, TI=0.00, flip angle=0.00
i_ras = (-1, -5.52973e-10, 0)
j_ras = (-7.45058e-09, 0, -1)
k_ras = (5.23869e-10, 1, -4.65661e-10)
writing to talsrcimg.img...
Analyze Output Matrix
-1.00000  -0.00000   0.00000   129.98071;
-0.00000   0.00000   1.00000  -98.60446;
 0.00000  -1.00000  -0.00000   127.66628;
 0.00000   0.00000   0.00000   1.00000;
--------------------
INFO: set hdr.hist.orient to -1
mpr2mni305 talsrcimg
Sun Nov 24 05:41:37 UTC 2024
/opt/freesurfer/bin/mpr2mni305 talsrcimg
mpr2mni305 7.3.2
target=711-2C_as_mni_average_305

---------------------------------------------------------------------
analyzeto4dfp talsrcimg -O0 -y
---------------------------------------------------------------------

freesurfer ifh2hdr.c
Sun Nov 24 05:41:37 2024
Writing: talsrcimg.4dfp.hdr
freesurfer analyzeto4dfp.c
Reading: talsrcimg.hdr
header size 348 bytes
hdr.dime.datatype	offset=70	value=2
hdr.dime.bitpix		offset=72	value=8
hdr.hist.orient		offset=252	value=-1
dimensionality     4
dimensions       256       256       256         1
Reading: talsrcimg.img
Writing: talsrcimg.4dfp.img
Writing: talsrcimg.4dfp.ifh
ifh2hdr talsrcimg -r0to255
ori=2

---------------------------------------------------------------------
gauss_4dfp talsrcimg 1.1
---------------------------------------------------------------------

freesurfer gauss_4dfp.c
Reading: talsrcimg.4dfp.img
Writing: talsrcimg_g11.4dfp.img
image dimensions 256 256 256 padded to 288 288 288
processing volume 1freesurfer ifh2hdr.c
Sun Nov 24 05:41:48 2024
Writing: talsrcimg_g11.4dfp.hdr

Writing: talsrcimg_g11.4dfp.ifh
including: talsrcimg.4dfp.img.rec in talsrcimg_g11.4dfp.img.rec

---------------------------------------------------------------------
imgreg_4dfp /opt/freesurfer/average/711-2C_as_mni_average_305 none talsrcimg_g11 none talsrcimg_to_711-2C_as_mni_average_305_t4 4355
---------------------------------------------------------------------

freesurfer imgreg_4dfp.c
/opt/freesurfer/average/711-2C_as_mni_average_305.4dfp.img
       256       256       256         1
  1.000000  1.000000  1.000000
orientation T byte_order littleendian
Reading image: /opt/freesurfer/average/711-2C_as_mni_average_305.4dfp.img
dimensions:      256       256       256
mmppix:       1.0000   -1.0000   -1.0000
center:     128.0000 -129.0000 -129.0000
talsrcimg_g11.4dfp.img
       256       256       256         1
  1.000000  1.000000  1.000000
orientation T byte_order littleendian
Reading image: talsrcimg_g11.4dfp.img
dimensions:      256       256       256
mmppix:       1.0000   -1.0000   -1.0000
center:     128.0000 -129.0000 -129.0000
t4_read: open error in t4_sub.f l:  41 t4_file(1:l)talsrcimg_to_711-2C_as_mni_average_305_t4 
t4_read: transform initialized to I4
rotation matrix determinant  1.000000
image alignment mode   4355 decimal     1103 hex
   -7.5000  -45.0000  -45.0000 9381.3262   10.8359
    0.0000  -45.0000  -45.0000 9767.3838   10.8438
    7.5000  -45.0000  -45.0000 9473.1191   10.8577
   -7.5000  -37.5000  -45.0000 9585.9688   10.9237
    0.0000  -37.5000  -45.0000 9983.5176   10.9268
    7.5000  -37.5000  -45.0000 9674.6465   10.9370
   -7.5000  -30.0000  -45.000010041.5176   10.7592
    0.0000  -30.0000  -45.000010423.0957   10.7610
    7.5000  -30.0000  -45.000010063.4727   10.7714
   -7.5000  -22.5000  -45.000010563.4551   10.6847
    0.0000  -22.5000  -45.000010980.8086   10.6908
    7.5000  -22.5000  -45.000010572.4004   10.7048
   -7.5000  -15.0000  -45.000011064.5254   10.6269
    0.0000  -15.0000  -45.000011501.7705   10.6375
    7.5000  -15.0000  -45.000011058.0518   10.6547
   -7.5000   -7.5000  -45.000011523.3857   10.5864
    0.0000   -7.5000  -45.000011987.7070   10.5974
    7.5000   -7.5000  -45.000011484.7539   10.6142
   -7.5000    0.0000  -45.000011865.6514   10.5797
    0.0000    0.0000  -45.000012352.7197   10.5874
    7.5000    0.0000  -45.000011809.4863   10.6012
   -7.5000    7.5000  -45.000011369.2148   10.7824
    0.0000    7.5000  -45.000011842.9014   10.7855
    7.5000    7.5000  -45.000011309.9512   10.7958
   -7.5000   15.0000  -45.000010921.2207   11.2149
    0.0000   15.0000  -45.000011410.2734   11.2167
    7.5000   15.0000  -45.000010858.9668   11.2259
   -7.5000   22.5000  -45.000010404.9092   11.6188
    0.0000   22.5000  -45.000010884.5000   11.6243
    7.5000   22.5000  -45.000010342.6338   11.6360
   -7.5000   30.0000  -45.0000 9860.7002   11.8563
    0.0000   30.0000  -45.000010307.9238   11.8670
    7.5000   30.0000  -45.0000 9790.6025   11.8815
   -7.5000   37.5000  -45.0000 9633.8838   12.2497
    0.0000   37.5000  -45.000010045.8975   12.2624
    7.5000   37.5000  -45.0000 9544.2285   12.2778
   -7.5000   45.0000  -45.0000 9064.7588   12.3679
    0.0000   45.0000  -45.0000 9461.0752   12.3755
    7.5000   45.0000  -45.0000 8969.8662   12.3871
   -7.5000  -45.0000  -37.5000 9819.9814   10.8051
    0.0000  -45.0000  -37.500010229.7852   10.8114
    7.5000  -45.0000  -37.5000 9908.8105   10.8237
   -7.5000  -37.5000  -37.500010057.0176   10.8935
    0.0000  -37.5000  -37.500010471.1045   10.8948
    7.5000  -37.5000  -37.500010134.8838   10.9028
   -7.5000  -30.0000  -37.500010590.0684   10.7314
    0.0000  -30.0000  -37.500010984.8711   10.7312
    7.5000  -30.0000  -37.500010584.4941   10.7385
   -7.5000  -22.5000  -37.500011178.8369   10.6578
    0.0000  -22.5000  -37.500011595.6377   10.6613
    7.5000  -22.5000  -37.500011150.7998   10.6715
   -7.5000  -15.0000  -37.500011691.8389   10.5992
    0.0000  -15.0000  -37.500012153.8857   10.6072
    7.5000  -15.0000  -37.500011663.8516   10.6208
   -7.5000   -7.5000  -37.500012166.0605   10.5567
    0.0000   -7.5000  -37.500012664.8701   10.5659
    7.5000   -7.5000  -37.500012111.8418   10.5801
   -7.5000    0.0000  -37.500012506.4951   10.5492
    0.0000    0.0000  -37.500013058.5127   10.5554
    7.5000    0.0000  -37.500012454.9922   10.5675
   -7.5000    7.5000  -37.500011968.5625   10.7525
    0.0000    7.5000  -37.500012494.2080   10.7538
    7.5000    7.5000  -37.500011912.0791   10.7618
   -7.5000   15.0000  -37.500011493.5518   11.1857
    0.0000   15.0000  -37.500012041.1025   11.1852
    7.5000   15.0000  -37.500011434.3955   11.1913
   -7.5000   22.5000  -37.500010968.2412   11.5911
    0.0000   22.5000  -37.500011485.0273   11.5937
    7.5000   22.5000  -37.500010880.4785   11.6018
   -7.5000   30.0000  -37.500010365.2227   11.8267
    0.0000   30.0000  -37.500010864.4170   11.8346
    7.5000   30.0000  -37.500010283.9082   11.8457
   -7.5000   37.5000  -37.500010070.2227   12.2154
    0.0000   37.5000  -37.500010562.6289   12.2253
    7.5000   37.5000  -37.5000 9994.3652   12.2379
   -7.5000   45.0000  -37.5000 9450.2979   12.3282
    0.0000   45.0000  -37.5000 9899.1709   12.3335
    7.5000   45.0000  -37.5000 9360.8486   12.3443
   -7.5000  -45.0000  -30.000010457.0039   11.2204
    0.0000  -45.0000  -30.000010913.5244   11.2248
    7.5000  -45.0000  -30.000010565.9014   11.2309
   -7.5000  -37.5000  -30.000010742.4248   11.3152
    0.0000  -37.5000  -30.000011171.3643   11.3143
    7.5000  -37.5000  -30.000010789.6719   11.3166
   -7.5000  -30.0000  -30.000011340.7363   11.1482
    0.0000  -30.0000  -30.000011739.7510   11.1450
    7.5000  -30.0000  -30.000011311.7158   11.1461
   -7.5000  -22.5000  -30.000011999.6826   11.0706
    0.0000  -22.5000  -30.000012402.8828   11.0704
    7.5000  -22.5000  -30.000011934.6777   11.0736
   -7.5000  -15.0000  -30.000012573.3096   11.0072
    0.0000  -15.0000  -30.000013021.8096   11.0117
    7.5000  -15.0000  -30.000012492.5742   11.0179
   -7.5000   -7.5000  -30.000013054.1445   10.9609
    0.0000   -7.5000  -30.000013543.7725   10.9675
    7.5000   -7.5000  -30.000012958.1904   10.9750
   -7.5000    0.0000  -30.000013395.7861   10.9531
    0.0000    0.0000  -30.000013956.4209   10.9574
    7.5000    0.0000  -30.000013315.6074   10.9636
   -7.5000    7.5000  -30.000012792.1230   11.1676
    0.0000    7.5000  -30.000013339.8672   11.1668
    7.5000    7.5000  -30.000012720.2832   11.1690
   -7.5000   15.0000  -30.000012264.6230   11.6211
    0.0000   15.0000  -30.000012838.1787   11.6175
    7.5000   15.0000  -30.000012183.1289   11.6173
   -7.5000   22.5000  -30.000011678.4521   12.0445
    0.0000   22.5000  -30.000012243.0371   12.0429
    7.5000   22.5000  -30.000011596.7861   12.0435
   -7.5000   30.0000  -30.000011022.7637   12.2938
    0.0000   30.0000  -30.000011567.0430   12.2978
    7.5000   30.0000  -30.000010923.5039   12.3003
   -7.5000   37.5000  -30.000010678.1484   12.6989
    0.0000   37.5000  -30.000011233.6895   12.7055
    7.5000   37.5000  -30.000010590.4775   12.7094
   -7.5000   45.0000  -30.0000 9992.2910   12.8219
    0.0000   45.0000  -30.000010500.9824   12.8250
    7.5000   45.0000  -30.0000 9894.3311   12.8290
   -7.5000  -45.0000  -22.500011121.6670   11.5745
    0.0000  -45.0000  -22.500011604.8818   11.5770
    7.5000  -45.0000  -22.500011234.1973   11.5777
   -7.5000  -37.5000  -22.500011435.5127   11.6744
    0.0000  -37.5000  -22.500011883.3164   11.6719
    7.5000  -37.5000  -22.500011474.6123   11.6696
   -7.5000  -30.0000  -22.500012088.1680   11.5016
    0.0000  -30.0000  -22.500012535.0352   11.4966
    7.5000  -30.0000  -22.500012053.4121   11.4933
   -7.5000  -22.5000  -22.500012775.7939   11.4200
    0.0000  -22.5000  -22.500013248.7607   11.4177
    7.5000  -22.5000  -22.500012712.5342   11.4162
   -7.5000  -15.0000  -22.500013365.3135   11.3530
    0.0000  -15.0000  -22.500013870.6816   11.3555
    7.5000  -15.0000  -22.500013306.6758   11.3564
   -7.5000   -7.5000  -22.500013884.8691   11.3049
    0.0000   -7.5000  -22.500014403.4922   11.3096
    7.5000   -7.5000  -22.500013803.3975   11.3116
   -7.5000    0.0000  -22.500014235.1465   11.2974
    0.0000    0.0000  -22.500014828.3730   11.3000
    7.5000    0.0000  -22.500014166.1270   11.3011
   -7.5000    7.5000  -22.500013551.8906   11.5209
    0.0000    7.5000  -22.500014140.5342   11.5185
    7.5000    7.5000  -22.500013529.2988   11.5162
   -7.5000   15.0000  -22.500012997.1758   11.9915
    0.0000   15.0000  -22.500013595.4180   11.9859
    7.5000   15.0000  -22.500012943.3330   11.9811
   -7.5000   22.5000  -22.500012366.8252   12.4298
    0.0000   22.5000  -22.500012956.9609   12.4256
    7.5000   22.5000  -22.500012310.6240   12.4205
   -7.5000   30.0000  -22.500011648.9443   12.6946
    0.0000   30.0000  -22.500012254.2812   12.6961
    7.5000   30.0000  -22.500011580.8320   12.6915
   -7.5000   37.5000  -22.500011291.8750   13.1178
    0.0000   37.5000  -22.500011877.7754   13.1224
    7.5000   37.5000  -22.500011196.4434   13.1186
   -7.5000   45.0000  -22.500010520.9668   13.2558
    0.0000   45.0000  -22.500011057.0527   13.2576
    7.5000   45.0000  -22.500010409.8477   13.2543
   -7.5000  -45.0000  -15.000011801.2842   11.8177
    0.0000  -45.0000  -15.000012300.9648   11.8201
    7.5000  -45.0000  -15.000011901.2646   11.8209
   -7.5000  -37.5000  -15.000012105.2461   11.9206
    0.0000  -37.5000  -15.000012595.3154   11.9182
    7.5000  -37.5000  -15.000012167.9873   11.9163
   -7.5000  -30.0000  -15.000012795.3281   11.7417
    0.0000  -30.0000  -15.000013295.9502   11.7369
    7.5000  -30.0000  -15.000012795.4883   11.7348
   -7.5000  -22.5000  -15.000013516.1045   11.6565
    0.0000  -22.5000  -15.000014050.4561   11.6552
    7.5000  -22.5000  -15.000013504.0264   11.6554
   -7.5000  -15.0000  -15.000014138.8818   11.5880
    0.0000  -15.0000  -15.000014725.9717   11.5914
    7.5000  -15.0000  -15.000014118.8398   11.5943
   -7.5000   -7.5000  -15.000014657.0264   11.5407
    0.0000   -7.5000  -15.000015277.0664   11.5456
    7.5000   -7.5000  -15.000014630.2373   11.5486
   -7.5000    0.0000  -15.000015044.8428   11.5341
    0.0000    0.0000  -15.000015692.4316   11.5367
    7.5000    0.0000  -15.000015034.4443   11.5379
   -7.5000    7.5000  -15.000014373.9619   11.7626
    0.0000    7.5000  -15.000014992.2158   11.7603
    7.5000    7.5000  -15.000014337.1240   11.7585
   -7.5000   15.0000  -15.000013775.2676   12.2443
    0.0000   15.0000  -15.000014365.7627   12.2391
    7.5000   15.0000  -15.000013690.4131   12.2352
   -7.5000   22.5000  -15.000013085.2197   12.6920
    0.0000   22.5000  -15.000013661.6982   12.6887
    7.5000   22.5000  -15.000012998.4014   12.6848
   -7.5000   30.0000  -15.000012322.2549   12.9705
    0.0000   30.0000  -15.000012900.4961   12.9728
    7.5000   30.0000  -15.000012225.3447   12.9694
   -7.5000   37.5000  -15.000011912.6475   13.4099
    0.0000   37.5000  -15.000012488.6045   13.4153
    7.5000   37.5000  -15.000011795.2832   13.4122
   -7.5000   45.0000  -15.000011039.5986   13.5649
    0.0000   45.0000  -15.000011592.2627   13.5672
    7.5000   45.0000  -15.000010912.8574   13.5626
   -7.5000  -45.0000   -7.500012449.9102   11.9112
    0.0000  -45.0000   -7.500013002.4990   11.9158
    7.5000  -45.0000   -7.500012574.9443   11.9231
   -7.5000  -37.5000   -7.500012780.8652   12.0143
    0.0000  -37.5000   -7.500013301.1406   12.0140
    7.5000  -37.5000   -7.500012835.7383   12.0181
   -7.5000  -30.0000   -7.500013520.6797   11.8313
    0.0000  -30.0000   -7.500014039.1123   11.8293
    7.5000  -30.0000   -7.500013513.1670   11.8339
   -7.5000  -22.5000   -7.500014286.3125   11.7449
    0.0000  -22.5000   -7.500014836.5986   11.7471
    7.5000  -22.5000   -7.500014259.3311   11.7554
   -7.5000  -15.0000   -7.500014911.2305   11.6772
    0.0000  -15.0000   -7.500015502.0264   11.6843
    7.5000  -15.0000   -7.500014871.3008   11.6955
   -7.5000   -7.5000   -7.500015421.5283   11.6313
    0.0000   -7.5000   -7.500016006.0898   11.6392
    7.5000   -7.5000   -7.500015366.7793   11.6497
   -7.5000    0.0000   -7.500015875.3916   11.6250
    0.0000    0.0000   -7.500016524.2168   11.6297
    7.5000    0.0000   -7.500015841.1562   11.6372
   -7.5000    7.5000   -7.500015364.5898   11.8539
    0.0000    7.5000   -7.500016014.7334   11.8537
    7.5000    7.5000   -7.500015237.0703   11.8579
   -7.5000   15.0000   -7.500014691.8711   12.3402
    0.0000   15.0000   -7.500015231.8643   12.3379
    7.5000   15.0000   -7.500014570.1338   12.3409
   -7.5000   22.5000   -7.500013873.6152   12.7916
    0.0000   22.5000   -7.500014359.0566   12.7925
    7.5000   22.5000   -7.500013754.8936   12.7970
   -7.5000   30.0000   -7.500013018.5244   13.0774
    0.0000   30.0000   -7.500013513.8184   13.0838
    7.5000   30.0000   -7.500012911.9219   13.0900
   -7.5000   37.5000   -7.500012583.6934   13.5256
    0.0000   37.5000   -7.500013086.9707   13.5347
    7.5000   37.5000   -7.500012470.5879   13.5410
   -7.5000   45.0000   -7.500011649.9248   13.6924
    0.0000   45.0000   -7.500012150.8721   13.6970
    7.5000   45.0000   -7.500011568.4229   13.6995
   -7.5000  -45.0000    0.000013003.6182   11.9037
    0.0000  -45.0000    0.000013524.1250   11.9109
    7.5000  -45.0000    0.000013093.1523   11.9249
   -7.5000  -37.5000    0.000013322.8271   12.0058
    0.0000  -37.5000    0.000013772.5332   12.0078
    7.5000  -37.5000    0.000013334.1016   12.0178
   -7.5000  -30.0000    0.000014076.6729   11.8229
    0.0000  -30.0000    0.000014516.6572   11.8235
    7.5000  -30.0000    0.000014041.8682   11.8337
   -7.5000  -22.5000    0.000014878.3496   11.7380
    0.0000  -22.5000    0.000015351.4629   11.7432
    7.5000  -22.5000    0.000014829.4521   11.7572
   -7.5000  -15.0000    0.000015540.8105   11.6718
    0.0000  -15.0000    0.000016056.9014   11.6817
    7.5000  -15.0000    0.000015479.6523   11.6991
   -7.5000   -7.5000    0.000016053.1035   11.6253
    0.0000   -7.5000    0.000016549.8750   11.6358
    7.5000   -7.5000    0.000015974.1768   11.6528
   -7.5000    0.0000    0.000016524.4473   11.6174
    0.0000    0.0000    0.000017100.9766   11.6245
    7.5000    0.0000    0.000016404.8984   11.6384
   -7.5000    7.5000    0.000015983.6699   11.8450
    0.0000    7.5000    0.000016566.9824   11.8471
    7.5000    7.5000    0.000015847.0479   11.8571
   -7.5000   15.0000    0.000015352.8750   12.3323
    0.0000   15.0000    0.000015805.7725   12.3328
    7.5000   15.0000    0.000015307.9795   12.3415
   -7.5000   22.5000    0.000014549.9961   12.7864
    0.0000   22.5000    0.000014875.9170   12.7908
    7.5000   22.5000    0.000014503.5811   12.8020
   -7.5000   30.0000    0.000013710.2197   13.0724
    0.0000   30.0000    0.000014047.5742   13.0825
    7.5000   30.0000    0.000013624.8936   13.0965
   -7.5000   37.5000    0.000013245.4170   13.5194
    0.0000   37.5000    0.000013668.8691   13.5317
    7.5000   37.5000    0.000013158.1670   13.5466
   -7.5000   45.0000    0.000012208.2217   13.6870
    0.0000   45.0000    0.000012685.9990   13.6940
    7.5000   45.0000    0.000012146.0107   13.7051
   -7.5000  -45.0000    7.500012508.0234   11.9225
    0.0000  -45.0000    7.500012995.6514   11.9291
    7.5000  -45.0000    7.500012596.5645   11.9423
   -7.5000  -37.5000    7.500012793.2031   12.0245
    0.0000  -37.5000    7.500013259.5938   12.0257
    7.5000  -37.5000    7.500012807.2344   12.0342
   -7.5000  -30.0000    7.500013504.8799   11.8438
    0.0000  -30.0000    7.500013958.3301   11.8432
    7.5000  -30.0000    7.500013477.7041   11.8508
   -7.5000  -22.5000    7.500014272.0957   11.7601
    0.0000  -22.5000    7.500014718.3174   11.7635
    7.5000  -22.5000    7.500014213.2861   11.7743
   -7.5000  -15.0000    7.500014912.7627   11.6933
    0.0000  -15.0000    7.500015364.3760   11.7015
    7.5000  -15.0000    7.500014821.6006   11.7160
   -7.5000   -7.5000    7.500015422.0527   11.6448
    0.0000   -7.5000    7.500015835.1875   11.6544
    7.5000   -7.5000    7.500015304.4932   11.6697
   -7.5000    0.0000    7.500015897.8506   11.6360
    0.0000    0.0000    7.500016324.3496   11.6426
    7.5000    0.0000    7.500015721.7988   11.6555
   -7.5000    7.5000    7.500015263.0732   11.8643
    0.0000    7.5000    7.500015633.2695   11.8655
    7.5000    7.5000    7.500015123.7979   11.8740
   -7.5000   15.0000    7.500014720.0000   12.3521
    0.0000   15.0000    7.500015106.2021   12.3514
    7.5000   15.0000    7.500014677.7871   12.3576
   -7.5000   22.5000    7.500014087.7373   12.8070
    0.0000   22.5000    7.500014556.1846   12.8096
    7.5000   22.5000    7.500014090.7480   12.8179
   -7.5000   30.0000    7.500013286.5703   13.0892
    0.0000   30.0000    7.500013836.6523   13.0976
    7.5000   30.0000    7.500013250.6250   13.1092
   -7.5000   37.5000    7.500012808.8213   13.5308
    0.0000   37.5000    7.500013386.7305   13.5416
    7.5000   37.5000    7.500012689.0938   13.5549
   -7.5000   45.0000    7.500011771.0977   13.6917
    0.0000   45.0000    7.500012305.7070   13.6975
    7.5000   45.0000    7.500011645.0420   13.7091
   -7.5000  -45.0000   15.000011915.1865   11.9640
    0.0000  -45.0000   15.000012391.7773   11.9680
    7.5000  -45.0000   15.000012002.9766   11.9741
   -7.5000  -37.5000   15.000012197.1973   12.0673
    0.0000  -37.5000   15.000012637.7080   12.0658
    7.5000  -37.5000   15.000012209.6816   12.0677
   -7.5000  -30.0000   15.000012869.7002   11.8883
    0.0000  -30.0000   15.000013302.5264   11.8843
    7.5000  -30.0000   15.000012840.7178   11.8850
   -7.5000  -22.5000   15.000013570.4932   11.8042
    0.0000  -22.5000   15.000013997.1475   11.8034
    7.5000  -22.5000   15.000013493.3115   11.8063
   -7.5000  -15.0000   15.000014168.2275   11.7356
    0.0000  -15.0000   15.000014556.2734   11.7397
    7.5000  -15.0000   15.000014015.8594   11.7459
   -7.5000   -7.5000   15.000014683.3750   11.6857
    0.0000   -7.5000   15.000015065.4766   11.6920
    7.5000   -7.5000   15.000014485.7832   11.6996
   -7.5000    0.0000   15.000015144.1230   11.6772
    0.0000    0.0000   15.000015571.0195   11.6812
    7.5000    0.0000   15.000014938.1475   11.6873
   -7.5000    7.5000   15.000014506.6045   11.9078
    0.0000    7.5000   15.000014912.0547   11.9063
    7.5000    7.5000   15.000014388.4746   11.9082
   -7.5000   15.0000   15.000013972.0332   12.3962
    0.0000   15.0000   15.000014425.8574   12.3919
    7.5000   15.0000   15.000013906.6699   12.3911
   -7.5000   22.5000   15.000013341.0361   12.8509
    0.0000   22.5000   15.000013839.3213   12.8487
    7.5000   22.5000   15.000013280.4639   12.8488
   -7.5000   30.0000   15.000012555.3682   13.1302
    0.0000   30.0000   15.000013057.9189   13.1340
    7.5000   30.0000   15.000012451.7998   13.1361
   -7.5000   37.5000   15.000012091.2598   13.5689
    0.0000   37.5000   15.000012586.6104   13.5755
    7.5000   37.5000   15.000011952.0928   13.5791
   -7.5000   45.0000   15.000011114.8623   13.7237
    0.0000   45.0000   15.000011564.7139   13.7266
    7.5000   45.0000   15.000010986.6133   13.7305
   -7.5000  -45.0000   22.500011309.2402   12.0304
    0.0000  -45.0000   22.500011722.6221   12.0324
    7.5000  -45.0000   22.500011366.2119   12.0328
   -7.5000  -37.5000   22.500011574.2744   12.1345
    0.0000  -37.5000   22.500011960.7314   12.1314
    7.5000  -37.5000   22.500011535.2441   12.1286
   -7.5000  -30.0000   22.500012207.3926   11.9548
    0.0000  -30.0000   22.500012625.9551   11.9490
    7.5000  -30.0000   22.500012121.7334   11.9452
   -7.5000  -22.5000   22.500012844.9785   11.8700
    0.0000  -22.5000   22.500013273.5576   11.8670
    7.5000  -22.5000   22.500012726.7314   11.8650
   -7.5000  -15.0000   22.500013379.3047   11.8004
    0.0000  -15.0000   22.500013808.8896   11.8023
    7.5000  -15.0000   22.500013226.3330   11.8029
   -7.5000   -7.5000   22.500013883.4316   11.7505
    0.0000   -7.5000   22.500014319.5791   11.7547
    7.5000   -7.5000   22.500013722.2803   11.7565
   -7.5000    0.0000   22.500014286.3428   11.7428
    0.0000    0.0000   22.500014747.2422   11.7449
    7.5000    0.0000   22.500014144.6016   11.7456
   -7.5000    7.5000   22.500013651.9199   11.9751
    0.0000    7.5000   22.500014060.0488   11.9721
    7.5000    7.5000   22.500013560.5293   11.9693
   -7.5000   15.0000   22.500013071.8857   12.4653
    0.0000   15.0000   22.500013520.0039   12.4590
    7.5000   15.0000   22.500013007.3779   12.4535
   -7.5000   22.5000   22.500012416.5156   12.9203
    0.0000   22.5000   22.500012841.8916   12.9156
    7.5000   22.5000   22.500012335.2275   12.9097
   -7.5000   30.0000   22.500011656.0811   13.2013
    0.0000   30.0000   22.500012041.4717   13.2025
    7.5000   30.0000   22.500011561.5303   13.1972
   -7.5000   37.5000   22.500011221.4141   13.6430
    0.0000   37.5000   22.500011605.4971   13.6475
    7.5000   37.5000   22.500011134.3447   13.6431
   -7.5000   45.0000   22.500010358.5977   13.7981
    0.0000   45.0000   22.500010729.3789   13.7997
    7.5000   45.0000   22.500010262.5576   13.7959
   -7.5000  -45.0000   30.000010672.7480   12.1229
    0.0000  -45.0000   30.000011039.9883   12.1246
    7.5000  -45.0000   30.000010666.9893   12.1249
   -7.5000  -37.5000   30.000010915.1113   12.2264
    0.0000  -37.5000   30.000011280.0713   12.2232
    7.5000  -37.5000   30.000010849.3359   12.2206
   -7.5000  -30.0000   30.000011481.5059   12.0434
    0.0000  -30.0000   30.000011893.6055   12.0377
    7.5000  -30.0000   30.000011411.1504   12.0349
   -7.5000  -22.5000   30.000012035.8486   11.9573
    0.0000  -22.5000   30.000012462.3457   11.9551
    7.5000  -22.5000   30.000011967.7881   11.9548
   -7.5000  -15.0000   30.000012481.8545   11.8883
    0.0000  -15.0000   30.000012925.4385   11.8910
    7.5000  -15.0000   30.000012395.7441   11.8934
   -7.5000   -7.5000   30.000012893.0420   11.8405
    0.0000   -7.5000   30.000013345.2363   11.8448
    7.5000   -7.5000   30.000012800.2607   11.8474
   -7.5000    0.0000   30.000013212.4453   11.8338
    0.0000    0.0000   30.000013667.1455   11.8357
    7.5000    0.0000   30.000013112.1562   11.8364
   -7.5000    7.5000   30.000012596.4932   12.0665
    0.0000    7.5000   30.000013019.7227   12.0635
    7.5000    7.5000   30.000012530.9092   12.0609
   -7.5000   15.0000   30.000012027.3164   12.5590
    0.0000   15.0000   30.000012458.4277   12.5529
    7.5000   15.0000   30.000011981.5566   12.5482
   -7.5000   22.5000   30.000011393.6611   13.0152
    0.0000   22.5000   30.000011792.2773   13.0111
    7.5000   22.5000   30.000011306.0762   13.0063
   -7.5000   30.0000   30.000010682.1758   13.3008
    0.0000   30.0000   30.000011043.3535   13.3026
    7.5000   30.0000   30.000010576.7842   13.2984
   -7.5000   37.5000   30.000010270.5566   13.7501
    0.0000   37.5000   30.000010630.7588   13.7553
    7.5000   37.5000   30.000010173.4951   13.7514
   -7.5000   45.0000   30.0000 9522.1377   13.9122
    0.0000   45.0000   30.0000 9876.0576   13.9142
    7.5000   45.0000   30.0000 9425.0625   13.9089
   -7.5000  -45.0000   37.500010387.7217   12.2616
    0.0000  -45.0000   37.500010814.5361   12.2650
    7.5000  -45.0000   37.500010432.4854   12.2717
   -7.5000  -37.5000   37.500010576.3594   12.3631
    0.0000  -37.5000   37.500011008.5977   12.3616
    7.5000  -37.5000   37.500010602.6094   12.3648
   -7.5000  -30.0000   37.500011090.9404   12.1756
    0.0000  -30.0000   37.500011533.4863   12.1723
    7.5000  -30.0000   37.500011121.3105   12.1761
   -7.5000  -22.5000   37.500011581.9570   12.0888
    0.0000  -22.5000   37.500012049.7529   12.0898
    7.5000  -22.5000   37.500011600.5420   12.0976
   -7.5000  -15.0000   37.500011969.5098   12.0208
    0.0000  -15.0000   37.500012473.3506   12.0266
    7.5000  -15.0000   37.500011961.4482   12.0376
   -7.5000   -7.5000   37.500012334.5400   11.9744
    0.0000   -7.5000   37.500012833.9785   11.9812
    7.5000   -7.5000   37.500012298.2363   11.9913
   -7.5000    0.0000   37.500012597.9824   11.9681
    0.0000    0.0000   37.500013070.4336   11.9717
    7.5000    0.0000   37.500012544.8232   11.9786
   -7.5000    7.5000   37.500012018.8301   12.2008
    0.0000    7.5000   37.500012431.6445   12.1995
    7.5000    7.5000   37.500011946.2148   12.2028
   -7.5000   15.0000   37.500011468.7119   12.7019
    0.0000   15.0000   37.500011863.4268   12.6984
    7.5000   15.0000   37.500011399.0215   12.7005
   -7.5000   22.5000   37.500010842.0293   13.1661
    0.0000   22.5000   37.500011215.1807   13.1658
    7.5000   22.5000   37.500010743.3936   13.1695
   -7.5000   30.0000   37.500010149.6875   13.4594
    0.0000   30.0000   37.500010490.7559   13.4647
    7.5000   30.0000   37.500010029.9297   13.4703
   -7.5000   37.5000   37.5000 9764.6387   13.9201
    0.0000   37.5000   37.500010105.5527   13.9284
    7.5000   37.5000   37.5000 9648.3877   13.9341
   -7.5000   45.0000   37.5000 9072.3389   14.0951
    0.0000   45.0000   37.5000 9411.1982   14.0988
    7.5000   45.0000   37.5000 8958.1631   14.1005
   -7.5000  -45.0000   45.0000 9618.0820   12.4566
    0.0000  -45.0000   45.000010089.6504   12.4644
    7.5000  -45.0000   45.0000 9758.5234   12.4769
   -7.5000  -37.5000   45.0000 9778.0859   12.5449
    0.0000  -37.5000   45.000010245.9541   12.5474
    7.5000  -37.5000   45.0000 9893.6562   12.5561
   -7.5000  -30.0000   45.000010227.6475   12.3522
    0.0000  -30.0000   45.000010686.1416   12.3529
    7.5000  -30.0000   45.000010326.3193   12.3619
   -7.5000  -22.5000   45.000010668.8262   12.2674
    0.0000  -22.5000   45.000011120.9541   12.2725
    7.5000  -22.5000   45.000010724.7744   12.2852
   -7.5000  -15.0000   45.000011039.7598   12.2042
    0.0000  -15.0000   45.000011496.4902   12.2141
    7.5000  -15.0000   45.000011045.8975   12.2300
   -7.5000   -7.5000   45.000011357.6787   12.1613
    0.0000   -7.5000   45.000011805.2529   12.1722
    7.5000   -7.5000   45.000011316.3701   12.1876
   -7.5000    0.0000   45.000011570.6641   12.1549
    0.0000    0.0000   45.000011978.7988   12.1626
    7.5000    0.0000   45.000011504.6279   12.1750
   -7.5000    7.5000   45.000010983.8477   12.3791
    0.0000    7.5000   45.000011354.3926   12.3817
    7.5000    7.5000   45.000010907.9258   12.3903
   -7.5000   15.0000   45.000010472.9277   12.8821
    0.0000   15.0000   45.000010807.8311   12.8831
    7.5000   15.0000   45.000010396.8418   12.8903
   -7.5000   22.5000   45.0000 9892.7559   13.3603
    0.0000   22.5000   45.000010208.0859   13.3651
    7.5000   22.5000   45.0000 9801.8555   13.3743
   -7.5000   30.0000   45.0000 9262.9395   13.6643
    0.0000   30.0000   45.0000 9561.0039   13.6749
    7.5000   30.0000   45.0000 9147.0791   13.6865
   -7.5000   37.5000   45.0000 8920.4160   14.1408
    0.0000   37.5000   45.0000 9213.0723   14.1544
    7.5000   37.5000   45.0000 8806.6641   14.1668
   -7.5000   45.0000   45.0000 8298.9746   14.3362
    0.0000   45.0000   45.0000 8578.9346   14.3448
    7.5000   45.0000   45.0000 8179.9526   14.3537

---------------------------------------------------------------------
imgreg_4dfp /opt/freesurfer/average/711-2C_as_mni_average_305 /opt/freesurfer/average/711-2B_as_mni_average_305_mask talsrcimg_g11 none talsrcimg_to_711-2C_as_mni_average_305_t4 4355
---------------------------------------------------------------------

freesurfer imgreg_4dfp.c
/opt/freesurfer/average/711-2C_as_mni_average_305.4dfp.img
       256       256       256         1
  1.000000  1.000000  1.000000
orientation T byte_order littleendian
Reading image: /opt/freesurfer/average/711-2C_as_mni_average_305.4dfp.img
dimensions:      256       256       256
mmppix:       1.0000   -1.0000   -1.0000
center:     128.0000 -129.0000 -129.0000
/opt/freesurfer/average/711-2B_as_mni_average_305_mask.4dfp.img
       256       256       256         1
  1.000000  1.000000  1.000000
orientation T byte_order littleendian
Reading mask: /opt/freesurfer/average/711-2B_as_mni_average_305_mask.4dfp.img (2306576 pixels)
talsrcimg_g11.4dfp.img
       256       256       256         1
  1.000000  1.000000  1.000000
orientation T byte_order littleendian
Reading image: talsrcimg_g11.4dfp.img
dimensions:      256       256       256
mmppix:       1.0000   -1.0000   -1.0000
center:     128.0000 -129.0000 -129.0000
rotation matrix determinant  1.000000
image alignment mode   4355 decimal     1103 hex
   -7.5000  -45.0000  -45.0000 2222.0312   16.0605
    0.0000  -45.0000  -45.0000 2248.2725   15.9083
    7.5000  -45.0000  -45.0000 2251.4138   16.0161
   -7.5000  -37.5000  -45.0000 2243.5896   15.6546
    0.0000  -37.5000  -45.0000 2268.7822   15.5138
    7.5000  -37.5000  -45.0000 2266.2295   15.6230
   -7.5000  -30.0000  -45.0000 2272.4631   15.2625
    0.0000  -30.0000  -45.0000 2295.8733   15.1410
    7.5000  -30.0000  -45.0000 2290.5435   15.2564
   -7.5000  -22.5000  -45.0000 2306.2639   14.9326
    0.0000  -22.5000  -45.0000 2331.4160   14.8450
    7.5000  -22.5000  -45.0000 2321.9419   14.9448
   -7.5000  -15.0000  -45.0000 2346.6069   14.6042
    0.0000  -15.0000  -45.0000 2370.4622   14.5757
    7.5000  -15.0000  -45.0000 2360.8433   14.6930
   -7.5000   -7.5000  -45.0000 2381.3181   14.3252
    0.0000   -7.5000  -45.0000 2401.5903   14.3323
    7.5000   -7.5000  -45.0000 2389.3950   14.4807
   -7.5000    0.0000  -45.0000 2398.7712   14.1284
    0.0000    0.0000  -45.0000 2413.1531   14.1598
    7.5000    0.0000  -45.0000 2399.0100   14.2686
   -7.5000    7.5000  -45.0000 2401.5381   13.9765
    0.0000    7.5000  -45.0000 2412.7493   14.0132
    7.5000    7.5000  -45.0000 2396.1614   14.1324
   -7.5000   15.0000  -45.0000 2394.3953   13.9625
    0.0000   15.0000  -45.0000 2409.5715   13.9628
    7.5000   15.0000  -45.0000 2385.1545   14.1237
   -7.5000   22.5000  -45.0000 2385.4832   14.1681
    0.0000   22.5000  -45.0000 2399.8684   14.1877
    7.5000   22.5000  -45.0000 2373.4087   14.3201
   -7.5000   30.0000  -45.0000 2364.5449   14.5298
    0.0000   30.0000  -45.0000 2376.0552   14.5139
    7.5000   30.0000  -45.0000 2354.2964   14.7001
   -7.5000   37.5000  -45.0000 2329.3857   15.1863
    0.0000   37.5000  -45.0000 2339.2644   15.1789
    7.5000   37.5000  -45.0000 2316.9180   15.3787
   -7.5000   45.0000  -45.0000 2266.2568   16.1850
    0.0000   45.0000  -45.0000 2277.3923   16.1377
    7.5000   45.0000  -45.0000 2252.1990   16.3620
   -7.5000  -45.0000  -37.5000 2299.5847   14.8718
    0.0000  -45.0000  -37.5000 2329.5198   14.7034
    7.5000  -45.0000  -37.5000 2327.1013   14.7999
   -7.5000  -37.5000  -37.5000 2321.4026   14.4806
    0.0000  -37.5000  -37.5000 2350.3440   14.3465
    7.5000  -37.5000  -37.5000 2347.1289   14.4482
   -7.5000  -30.0000  -37.5000 2356.8564   14.1231
    0.0000  -30.0000  -37.5000 2382.6953   14.0157
    7.5000  -30.0000  -37.5000 2373.1697   14.0917
   -7.5000  -22.5000  -37.5000 2394.8772   13.7644
    0.0000  -22.5000  -37.5000 2419.6555   13.7133
    7.5000  -22.5000  -37.5000 2410.4331   13.7756
   -7.5000  -15.0000  -37.5000 2428.4978   13.4579
    0.0000  -15.0000  -37.5000 2455.4978   13.4590
    7.5000  -15.0000  -37.5000 2445.1050   13.5239
   -7.5000   -7.5000  -37.5000 2460.3669   13.1995
    0.0000   -7.5000  -37.5000 2485.3184   13.2290
    7.5000   -7.5000  -37.5000 2472.6897   13.2985
   -7.5000    0.0000  -37.5000 2483.4226   12.9940
    0.0000    0.0000  -37.5000 2503.2432   13.0249
    7.5000    0.0000  -37.5000 2486.6567   13.1215
   -7.5000    7.5000  -37.5000 2497.0771   12.8882
    0.0000    7.5000  -37.5000 2510.4817   12.9508
    7.5000    7.5000  -37.5000 2489.1409   13.0377
   -7.5000   15.0000  -37.5000 2502.2410   12.8949
    0.0000   15.0000  -37.5000 2513.5913   12.9454
    7.5000   15.0000  -37.5000 2489.5945   13.0478
   -7.5000   22.5000  -37.5000 2498.0669   13.1316
    0.0000   22.5000  -37.5000 2506.0769   13.1969
    7.5000   22.5000  -37.5000 2476.7075   13.2967
   -7.5000   30.0000  -37.5000 2470.4636   13.5101
    0.0000   30.0000  -37.5000 2478.2607   13.5468
    7.5000   30.0000  -37.5000 2453.1707   13.6897
   -7.5000   37.5000  -37.5000 2422.2056   14.1424
    0.0000   37.5000  -37.5000 2433.0977   14.1673
    7.5000   37.5000  -37.5000 2408.2129   14.3112
   -7.5000   45.0000  -37.5000 2353.8665   15.0604
    0.0000   45.0000  -37.5000 2362.7920   15.0671
    7.5000   45.0000  -37.5000 2335.1033   15.2427
   -7.5000  -45.0000  -30.0000 2428.5674   14.3505
    0.0000  -45.0000  -30.0000 2452.2981   14.1881
    7.5000  -45.0000  -30.0000 2453.0244   14.2556
   -7.5000  -37.5000  -30.0000 2451.3523   14.0031
    0.0000  -37.5000  -30.0000 2476.1897   13.8504
    7.5000  -37.5000  -30.0000 2471.0352   13.9151
   -7.5000  -30.0000  -30.0000 2482.1572   13.6436
    0.0000  -30.0000  -30.0000 2505.5732   13.5066
    7.5000  -30.0000  -30.0000 2501.0200   13.5709
   -7.5000  -22.5000  -30.0000 2521.1987   13.2700
    0.0000  -22.5000  -30.0000 2543.1360   13.1785
    7.5000  -22.5000  -30.0000 2537.9036   13.2463
   -7.5000  -15.0000  -30.0000 2557.9539   12.9433
    0.0000  -15.0000  -30.0000 2581.4158   12.8840
    7.5000  -15.0000  -30.0000 2573.9790   12.9626
   -7.5000   -7.5000  -30.0000 2589.8979   12.6578
    0.0000   -7.5000  -30.0000 2612.1892   12.6488
    7.5000   -7.5000  -30.0000 2601.4958   12.7266
   -7.5000    0.0000  -30.0000 2617.5957   12.4409
    0.0000    0.0000  -30.0000 2634.0115   12.4462
    7.5000    0.0000  -30.0000 2619.8352   12.5383
   -7.5000    7.5000  -30.0000 2639.0190   12.3527
    0.0000    7.5000  -30.0000 2651.7256   12.3518
    7.5000    7.5000  -30.0000 2630.3110   12.4545
   -7.5000   15.0000  -30.0000 2653.4214   12.3780
    0.0000   15.0000  -30.0000 2661.3198   12.4125
    7.5000   15.0000  -30.0000 2631.6218   12.4837
   -7.5000   22.5000  -30.0000 2649.2561   12.6246
    0.0000   22.5000  -30.0000 2659.8828   12.6991
    7.5000   22.5000  -30.0000 2629.1899   12.7763
   -7.5000   30.0000  -30.0000 2618.9421   13.0502
    0.0000   30.0000  -30.0000 2628.2444   13.1158
    7.5000   30.0000  -30.0000 2596.4580   13.2340
   -7.5000   37.5000  -30.0000 2563.9631   13.6702
    0.0000   37.5000  -30.0000 2575.8088   13.7217
    7.5000   37.5000  -30.0000 2546.1589   13.8352
   -7.5000   45.0000  -30.0000 2483.4121   14.5438
    0.0000   45.0000  -30.0000 2493.7512   14.5912
    7.5000   45.0000  -30.0000 2462.5796   14.7450
   -7.5000  -45.0000  -22.5000 2528.5933   13.7399
    0.0000  -45.0000  -22.5000 2549.0171   13.5499
    7.5000  -45.0000  -22.5000 2549.7498   13.6363
   -7.5000  -37.5000  -22.5000 2552.3640   13.4335
    0.0000  -37.5000  -22.5000 2572.6526   13.2596
    7.5000  -37.5000  -22.5000 2572.1895   13.3454
   -7.5000  -30.0000  -22.5000 2580.6055   13.0806
    0.0000  -30.0000  -22.5000 2607.1873   12.9191
    7.5000  -30.0000  -22.5000 2602.5400   13.0063
   -7.5000  -22.5000  -22.5000 2614.5535   12.7058
    0.0000  -22.5000  -22.5000 2641.2407   12.5806
    7.5000  -22.5000  -22.5000 2633.5132   12.6732
   -7.5000  -15.0000  -22.5000 2648.1951   12.3777
    0.0000  -15.0000  -22.5000 2673.9832   12.2979
    7.5000  -15.0000  -22.5000 2667.8193   12.3840
   -7.5000   -7.5000  -22.5000 2683.2974   12.1057
    0.0000   -7.5000  -22.5000 2704.5891   12.0536
    7.5000   -7.5000  -22.5000 2696.3237   12.1655
   -7.5000    0.0000  -22.5000 2719.8811   11.8919
    0.0000    0.0000  -22.5000 2734.7261   11.8461
    7.5000    0.0000  -22.5000 2719.5405   11.9660
   -7.5000    7.5000  -22.5000 2745.8347   11.7853
    0.0000    7.5000  -22.5000 2761.2495   11.7532
    7.5000    7.5000  -22.5000 2742.1331   11.8876
   -7.5000   15.0000  -22.5000 2768.2700   11.8123
    0.0000   15.0000  -22.5000 2779.1147   11.8357
    7.5000   15.0000  -22.5000 2746.9102   11.9321
   -7.5000   22.5000  -22.5000 2767.3943   12.0815
    0.0000   22.5000  -22.5000 2783.5078   12.1245
    7.5000   22.5000  -22.5000 2748.5903   12.2195
   -7.5000   30.0000  -22.5000 2734.7788   12.5596
    0.0000   30.0000  -22.5000 2752.6018   12.5866
    7.5000   30.0000  -22.5000 2714.9617   12.6815
   -7.5000   37.5000  -22.5000 2675.3164   13.1947
    0.0000   37.5000  -22.5000 2691.0938   13.2184
    7.5000   37.5000  -22.5000 2654.2576   13.3369
   -7.5000   45.0000  -22.5000 2584.2390   14.0270
    0.0000   45.0000  -22.5000 2598.2773   14.0142
    7.5000   45.0000  -22.5000 2566.3325   14.1839
   -7.5000  -45.0000  -15.0000 2600.4451   13.1044
    0.0000  -45.0000  -15.0000 2625.3496   12.9291
    7.5000  -45.0000  -15.0000 2626.6931   12.9937
   -7.5000  -37.5000  -15.0000 2618.4280   12.8423
    0.0000  -37.5000  -15.0000 2645.4221   12.6749
    7.5000  -37.5000  -15.0000 2647.8806   12.7331
   -7.5000  -30.0000  -15.0000 2643.2900   12.5070
    0.0000  -30.0000  -15.0000 2671.3525   12.3546
    7.5000  -30.0000  -15.0000 2670.4800   12.4340
   -7.5000  -22.5000  -15.0000 2673.0420   12.1514
    0.0000  -22.5000  -15.0000 2702.1323   12.0224
    7.5000  -22.5000  -15.0000 2698.2546   12.1312
   -7.5000  -15.0000  -15.0000 2707.7942   11.8509
    0.0000  -15.0000  -15.0000 2733.7229   11.7490
    7.5000  -15.0000  -15.0000 2727.3853   11.8515
   -7.5000   -7.5000  -15.0000 2746.6726   11.5988
    0.0000   -7.5000  -15.0000 2767.4077   11.5106
    7.5000   -7.5000  -15.0000 2757.7874   11.6221
   -7.5000    0.0000  -15.0000 2785.2134   11.4096
    0.0000    0.0000  -15.0000 2808.0100   11.3268
    7.5000    0.0000  -15.0000 2787.9204   11.4800
   -7.5000    7.5000  -15.0000 2825.0017   11.3203
    0.0000    7.5000  -15.0000 2847.5305   11.2301
    7.5000    7.5000  -15.0000 2819.8242   11.3950
   -7.5000   15.0000  -15.0000 2848.8147   11.3623
    0.0000   15.0000  -15.0000 2869.1208   11.2748
    7.5000   15.0000  -15.0000 2829.2576   11.4398
   -7.5000   22.5000  -15.0000 2852.9854   11.6582
    0.0000   22.5000  -15.0000 2868.3672   11.5978
    7.5000   22.5000  -15.0000 2829.9529   11.7182
   -7.5000   30.0000  -15.0000 2819.9180   12.1223
    0.0000   30.0000  -15.0000 2836.0381   12.0873
    7.5000   30.0000  -15.0000 2796.5293   12.1773
   -7.5000   37.5000  -15.0000 2754.1719   12.7204
    0.0000   37.5000  -15.0000 2766.1743   12.6812
    7.5000   37.5000  -15.0000 2732.9858   12.8122
   -7.5000   45.0000  -15.0000 2645.9114   13.5497
    0.0000   45.0000  -15.0000 2661.0991   13.5076
    7.5000   45.0000  -15.0000 2629.0034   13.6774
   -7.5000  -45.0000   -7.5000 2651.4937   12.5080
    0.0000  -45.0000   -7.5000 2682.2549   12.2727
    7.5000  -45.0000   -7.5000 2686.4429   12.3810
   -7.5000  -37.5000   -7.5000 2669.8130   12.2672
    0.0000  -37.5000   -7.5000 2701.8330   12.0530
    7.5000  -37.5000   -7.5000 2705.8376   12.1463
   -7.5000  -30.0000   -7.5000 2690.1287   11.9521
    0.0000  -30.0000   -7.5000 2722.4758   11.7634
    7.5000  -30.0000   -7.5000 2724.6343   11.8544
   -7.5000  -22.5000   -7.5000 2716.7820   11.6445
    0.0000  -22.5000   -7.5000 2748.6406   11.4773
    7.5000  -22.5000   -7.5000 2746.7117   11.5717
   -7.5000  -15.0000   -7.5000 2744.7400   11.3758
    0.0000  -15.0000   -7.5000 2774.2407   11.2166
    7.5000  -15.0000   -7.5000 2765.8989   11.3506
   -7.5000   -7.5000   -7.5000 2784.5286   11.1432
    0.0000   -7.5000   -7.5000 2808.2690   10.9801
    7.5000   -7.5000   -7.5000 2794.6736   11.1611
   -7.5000    0.0000   -7.5000 2829.0869   10.9731
    0.0000    0.0000   -7.5000 2850.3020   10.8011
    7.5000    0.0000   -7.5000 2831.8606   11.0302
   -7.5000    7.5000   -7.5000 2879.6680   10.9899
    0.0000    7.5000   -7.5000 2901.5469   10.8315
    7.5000    7.5000   -7.5000 2876.6116   11.0096
   -7.5000   15.0000   -7.5000 2911.9346   11.0938
    0.0000   15.0000   -7.5000 2939.2554   10.8914
    7.5000   15.0000   -7.5000 2898.3572   11.1245
   -7.5000   22.5000   -7.5000 2918.3379   11.3093
    0.0000   22.5000   -7.5000 2935.7195   11.1111
    7.5000   22.5000   -7.5000 2892.2141   11.3510
   -7.5000   30.0000   -7.5000 2871.8706   11.7915
    0.0000   30.0000   -7.5000 2884.5017   11.5989
    7.5000   30.0000   -7.5000 2847.6003   11.8327
   -7.5000   37.5000   -7.5000 2793.9258   12.4314
    0.0000   37.5000   -7.5000 2802.8782   12.2854
    7.5000   37.5000   -7.5000 2771.6394   12.4974
   -7.5000   45.0000   -7.5000 2680.3499   13.2769
    0.0000   45.0000   -7.5000 2689.3823   13.1503
    7.5000   45.0000   -7.5000 2667.7065   13.4068
   -7.5000  -45.0000    0.0000 2691.7747   12.0949
    0.0000  -45.0000    0.0000 2725.7373   11.7811
    7.5000  -45.0000    0.0000 2732.0637   11.9173
   -7.5000  -37.5000    0.0000 2713.7935   11.8632
    0.0000  -37.5000    0.0000 2747.3491   11.5576
    7.5000  -37.5000    0.0000 2752.2744   11.6782
   -7.5000  -30.0000    0.0000 2729.5300   11.5484
    0.0000  -30.0000    0.0000 2759.8455   11.2641
    7.5000  -30.0000    0.0000 2762.1716   11.4240
   -7.5000  -22.5000    0.0000 2749.6841   11.2878
    0.0000  -22.5000    0.0000 2775.0110   11.0389
    7.5000  -22.5000    0.0000 2774.7244   11.2060
   -7.5000  -15.0000    0.0000 2772.7510   11.0698
    0.0000  -15.0000    0.0000 2800.2332   10.8436
    7.5000  -15.0000    0.0000 2794.6667   11.0148
   -7.5000   -7.5000    0.0000 2806.1226   10.8544
    0.0000   -7.5000    0.0000 2829.5396   10.6431
    7.5000   -7.5000    0.0000 2820.8633   10.8503
   -7.5000    0.0000    0.0000 2850.9817   10.7161
    0.0000    0.0000    0.0000 2872.3381   10.4802
    7.5000    0.0000    0.0000 2855.7722   10.7300
   -7.5000    7.5000    0.0000 2899.5801   10.7754
    0.0000    7.5000    0.0000 2923.0535   10.5359
    7.5000    7.5000    0.0000 2898.5911   10.7422
   -7.5000   15.0000    0.0000 2934.4258   10.9556
    0.0000   15.0000    0.0000 2961.9373   10.7010
    7.5000   15.0000    0.0000 2924.8188   10.9387
   -7.5000   22.5000    0.0000 2938.2573   11.2103
    0.0000   22.5000    0.0000 2954.6431   10.8687
    7.5000   22.5000    0.0000 2924.8608   11.2966
   -7.5000   30.0000    0.0000 2892.5635   11.6971
    0.0000   30.0000    0.0000 2904.8337   11.4077
    7.5000   30.0000    0.0000 2875.4055   11.7951
   -7.5000   37.5000    0.0000 2804.6624   12.3570
    0.0000   37.5000    0.0000 2815.8767   12.1373
    7.5000   37.5000    0.0000 2786.8574   12.4383
   -7.5000   45.0000    0.0000 2683.2261   13.1753
    0.0000   45.0000    0.0000 2690.4758   12.9991
    7.5000   45.0000    0.0000 2670.6853   13.2542
   -7.5000  -45.0000    7.5000 2722.6001   11.8688
    0.0000  -45.0000    7.5000 2754.7932   11.5253
    7.5000  -45.0000    7.5000 2763.3225   11.6384
   -7.5000  -37.5000    7.5000 2744.6296   11.6413
    0.0000  -37.5000    7.5000 2780.7117   11.2998
    7.5000  -37.5000    7.5000 2781.8257   11.4073
   -7.5000  -30.0000    7.5000 2754.4468   11.3548
    0.0000  -30.0000    7.5000 2785.6721   11.0712
    7.5000  -30.0000    7.5000 2791.9348   11.2064
   -7.5000  -22.5000    7.5000 2774.1621   11.1034
    0.0000  -22.5000    7.5000 2801.8130   10.8435
    7.5000  -22.5000    7.5000 2801.9211   10.9937
   -7.5000  -15.0000    7.5000 2796.5806   10.8880
    0.0000  -15.0000    7.5000 2823.0513   10.6378
    7.5000  -15.0000    7.5000 2814.8000   10.8144
   -7.5000   -7.5000    7.5000 2818.9282   10.7505
    0.0000   -7.5000    7.5000 2841.3086   10.4909
    7.5000   -7.5000    7.5000 2832.8628   10.7174
   -7.5000    0.0000    7.5000 2857.4749   10.6915
    0.0000    0.0000    7.5000 2872.6782   10.4194
    7.5000    0.0000    7.5000 2854.3447   10.6784
   -7.5000    7.5000    7.5000 2896.8911   10.8076
    0.0000    7.5000    7.5000 2912.0239   10.5336
    7.5000    7.5000    7.5000 2887.4238   10.7917
   -7.5000   15.0000    7.5000 2927.4583   10.9682
    0.0000   15.0000    7.5000 2942.9253   10.7058
    7.5000   15.0000    7.5000 2913.2097   11.0671
   -7.5000   22.5000    7.5000 2922.7688   11.3866
    0.0000   22.5000    7.5000 2949.1318   11.2042
    7.5000   22.5000    7.5000 2917.1582   11.5107
   -7.5000   30.0000    7.5000 2870.2446   11.8733
    0.0000   30.0000    7.5000 2898.4700   11.7803
    7.5000   30.0000    7.5000 2858.4158   12.0229
   -7.5000   37.5000    7.5000 2782.5229   12.4468
    0.0000   37.5000    7.5000 2802.4158   12.3751
    7.5000   37.5000    7.5000 2762.2583   12.5590
   -7.5000   45.0000    7.5000 2663.2073   13.2315
    0.0000   45.0000    7.5000 2676.5225   13.1143
    7.5000   45.0000    7.5000 2651.2332   13.2784
   -7.5000  -45.0000   15.0000 2726.4036   11.8266
    0.0000  -45.0000   15.0000 2757.3225   11.5081
    7.5000  -45.0000   15.0000 2767.8247   11.5866
   -7.5000  -37.5000   15.0000 2750.0615   11.6193
    0.0000  -37.5000   15.0000 2782.3887   11.2839
    7.5000  -37.5000   15.0000 2788.3469   11.3605
   -7.5000  -30.0000   15.0000 2762.0415   11.3426
    0.0000  -30.0000   15.0000 2794.4988   11.0137
    7.5000  -30.0000   15.0000 2798.7637   11.1451
   -7.5000  -22.5000   15.0000 2777.1003   11.0999
    0.0000  -22.5000   15.0000 2806.6626   10.8016
    7.5000  -22.5000   15.0000 2808.4194   10.9462
   -7.5000  -15.0000   15.0000 2800.1250   10.9458
    0.0000  -15.0000   15.0000 2820.7400   10.6684
    7.5000  -15.0000   15.0000 2811.7808   10.8191
   -7.5000   -7.5000   15.0000 2820.3618   10.8923
    0.0000   -7.5000   15.0000 2832.3723   10.6361
    7.5000   -7.5000   15.0000 2818.4500   10.8270
   -7.5000    0.0000   15.0000 2848.3098   10.9307
    0.0000    0.0000   15.0000 2855.7949   10.7321
    7.5000    0.0000   15.0000 2834.6108   10.9123
   -7.5000    7.5000   15.0000 2872.2300   11.0528
    0.0000    7.5000   15.0000 2884.8696   10.8471
    7.5000    7.5000   15.0000 2856.0388   11.0983
   -7.5000   15.0000   15.0000 2889.3105   11.2407
    0.0000   15.0000   15.0000 2904.1316   11.0939
    7.5000   15.0000   15.0000 2873.9395   11.3811
   -7.5000   22.5000   15.0000 2875.2222   11.6914
    0.0000   22.5000   15.0000 2899.0562   11.5692
    7.5000   22.5000   15.0000 2866.7800   11.8089
   -7.5000   30.0000   15.0000 2814.7024   12.2039
    0.0000   30.0000   15.0000 2839.5278   12.1083
    7.5000   30.0000   15.0000 2804.8115   12.3081
   -7.5000   37.5000   15.0000 2730.4141   12.7742
    0.0000   37.5000   15.0000 2749.8071   12.6926
    7.5000   37.5000   15.0000 2716.5449   12.8791
   -7.5000   45.0000   15.0000 2619.5034   13.5599
    0.0000   45.0000   15.0000 2634.2646   13.4928
    7.5000   45.0000   15.0000 2607.5063   13.6521
   -7.5000  -45.0000   22.5000 2709.9763   11.9906
    0.0000  -45.0000   22.5000 2741.4492   11.6440
    7.5000  -45.0000   22.5000 2749.7776   11.7005
   -7.5000  -37.5000   22.5000 2733.3145   11.7854
    0.0000  -37.5000   22.5000 2761.7898   11.3956
    7.5000  -37.5000   22.5000 2764.8679   11.4518
   -7.5000  -30.0000   22.5000 2747.0959   11.5467
    0.0000  -30.0000   22.5000 2779.6785   11.1621
    7.5000  -30.0000   22.5000 2777.0120   11.2495
   -7.5000  -22.5000   22.5000 2767.8723   11.3489
    0.0000  -22.5000   22.5000 2793.5330   11.0179
    7.5000  -22.5000   22.5000 2788.5291   11.1214
   -7.5000  -15.0000   22.5000 2787.9968   11.2239
    0.0000  -15.0000   22.5000 2804.0369   10.9655
    7.5000  -15.0000   22.5000 2789.7468   11.0936
   -7.5000   -7.5000   22.5000 2803.1426   11.2354
    0.0000   -7.5000   22.5000 2819.6267   11.0313
    7.5000   -7.5000   22.5000 2797.3254   11.1689
   -7.5000    0.0000   22.5000 2818.4849   11.3232
    0.0000    0.0000   22.5000 2830.2778   11.1548
    7.5000    0.0000   22.5000 2808.1201   11.3176
   -7.5000    7.5000   22.5000 2824.9956   11.4722
    0.0000    7.5000   22.5000 2841.7000   11.2926
    7.5000    7.5000   22.5000 2815.0823   11.5423
   -7.5000   15.0000   22.5000 2827.7793   11.7146
    0.0000   15.0000   22.5000 2843.3308   11.5962
    7.5000   15.0000   22.5000 2818.1238   11.8112
   -7.5000   22.5000   22.5000 2802.5120   12.1679
    0.0000   22.5000   22.5000 2814.2041   12.0596
    7.5000   22.5000   22.5000 2788.6897   12.2632
   -7.5000   30.0000   22.5000 2741.7144   12.7137
    0.0000   30.0000   22.5000 2755.7332   12.6102
    7.5000   30.0000   22.5000 2732.9385   12.8468
   -7.5000   37.5000   22.5000 2660.8101   13.3265
    0.0000   37.5000   22.5000 2673.6516   13.2279
    7.5000   37.5000   22.5000 2649.8003   13.4707
   -7.5000   45.0000   22.5000 2557.2112   14.1114
    0.0000   45.0000   22.5000 2572.7861   14.0307
    7.5000   45.0000   22.5000 2541.2063   14.2624
   -7.5000  -45.0000   30.0000 2675.3801   12.3619
    0.0000  -45.0000   30.0000 2702.4094   12.0001
    7.5000  -45.0000   30.0000 2707.1853   12.0053
   -7.5000  -37.5000   30.0000 2696.3328   12.1601
    0.0000  -37.5000   30.0000 2718.8376   11.7775
    7.5000  -37.5000   30.0000 2718.5586   11.7896
   -7.5000  -30.0000   30.0000 2711.3057   11.9424
    0.0000  -30.0000   30.0000 2734.8909   11.6107
    7.5000  -30.0000   30.0000 2732.9817   11.6459
   -7.5000  -22.5000   30.0000 2730.0295   11.7748
    0.0000  -22.5000   30.0000 2750.5295   11.4873
    7.5000  -22.5000   30.0000 2745.0979   11.5543
   -7.5000  -15.0000   30.0000 2745.9512   11.6748
    0.0000  -15.0000   30.0000 2764.9216   11.4313
    7.5000  -15.0000   30.0000 2750.8425   11.5544
   -7.5000   -7.5000   30.0000 2760.7588   11.7034
    0.0000   -7.5000   30.0000 2781.3501   11.4902
    7.5000   -7.5000   30.0000 2760.0310   11.6358
   -7.5000    0.0000   30.0000 2764.9080   11.8276
    0.0000    0.0000   30.0000 2785.4907   11.6305
    7.5000    0.0000   30.0000 2766.2336   11.8179
   -7.5000    7.5000   30.0000 2765.1714   12.0455
    0.0000    7.5000   30.0000 2784.5488   11.8687
    7.5000    7.5000   30.0000 2761.8484   12.0844
   -7.5000   15.0000   30.0000 2748.5813   12.3584
    0.0000   15.0000   30.0000 2763.3411   12.2408
    7.5000   15.0000   30.0000 2742.4846   12.4377
   -7.5000   22.5000   30.0000 2712.8372   12.8420
    0.0000   22.5000   30.0000 2724.6311   12.7223
    7.5000   22.5000   30.0000 2702.5339   12.8953
   -7.5000   30.0000   30.0000 2653.7654   13.4003
    0.0000   30.0000   30.0000 2666.2439   13.2844
    7.5000   30.0000   30.0000 2647.0571   13.5077
   -7.5000   37.5000   30.0000 2576.9753   14.0395
    0.0000   37.5000   30.0000 2589.4246   13.9520
    7.5000   37.5000   30.0000 2567.9392   14.1870
   -7.5000   45.0000   30.0000 2484.3286   14.8836
    0.0000   45.0000   30.0000 2497.5178   14.7914
    7.5000   45.0000   30.0000 2466.4424   15.0424
   -7.5000  -45.0000   37.5000 2626.8086   12.8907
    0.0000  -45.0000   37.5000 2657.1250   12.5737
    7.5000  -45.0000   37.5000 2651.3560   12.5867
   -7.5000  -37.5000   37.5000 2638.8242   12.6700
    0.0000  -37.5000   37.5000 2670.8508   12.3658
    7.5000  -37.5000   37.5000 2664.0303   12.4035
   -7.5000  -30.0000   37.5000 2654.5447   12.4497
    0.0000  -30.0000   37.5000 2679.6353   12.1908
    7.5000  -30.0000   37.5000 2677.9026   12.2550
   -7.5000  -22.5000   37.5000 2670.7161   12.3250
    0.0000  -22.5000   37.5000 2693.8000   12.0811
    7.5000  -22.5000   37.5000 2689.0034   12.1700
   -7.5000  -15.0000   37.5000 2681.1570   12.2706
    0.0000  -15.0000   37.5000 2708.7078   12.0589
    7.5000  -15.0000   37.5000 2690.6538   12.1682
   -7.5000   -7.5000   37.5000 2696.3215   12.2930
    0.0000   -7.5000   37.5000 2723.1008   12.1293
    7.5000   -7.5000   37.5000 2698.7036   12.2605
   -7.5000    0.0000   37.5000 2695.9146   12.4602
    0.0000    0.0000   37.5000 2718.9062   12.2607
    7.5000    0.0000   37.5000 2696.4285   12.4928
   -7.5000    7.5000   37.5000 2693.1013   12.7321
    0.0000    7.5000   37.5000 2707.0037   12.5845
    7.5000    7.5000   37.5000 2687.3542   12.7785
   -7.5000   15.0000   37.5000 2662.9160   13.1668
    0.0000   15.0000   37.5000 2676.2664   13.0103
    7.5000   15.0000   37.5000 2657.0791   13.1991
   -7.5000   22.5000   37.5000 2620.2183   13.7045
    0.0000   22.5000   37.5000 2636.1958   13.5810
    7.5000   22.5000   37.5000 2613.2949   13.7385
   -7.5000   30.0000   37.5000 2561.4558   14.2813
    0.0000   30.0000   37.5000 2574.2488   14.1673
    7.5000   30.0000   37.5000 2553.0339   14.3656
   -7.5000   37.5000   37.5000 2493.0293   14.9691
    0.0000   37.5000   37.5000 2504.8501   14.8795
    7.5000   37.5000   37.5000 2479.1646   15.1111
   -7.5000   45.0000   37.5000 2407.5186   15.8049
    0.0000   45.0000   37.5000 2419.9973   15.7273
    7.5000   45.0000   37.5000 2389.2534   15.9924
   -7.5000  -45.0000   45.0000 2563.7998   13.5714
    0.0000  -45.0000   45.0000 2595.8311   13.3066
    7.5000  -45.0000   45.0000 2591.9646   13.3998
   -7.5000  -37.5000   45.0000 2573.4131   13.3465
    0.0000  -37.5000   45.0000 2608.8840   13.1079
    7.5000  -37.5000   45.0000 2601.2424   13.1899
   -7.5000  -30.0000   45.0000 2587.1545   13.1628
    0.0000  -30.0000   45.0000 2615.5811   12.9134
    7.5000  -30.0000   45.0000 2611.4585   13.0251
   -7.5000  -22.5000   45.0000 2599.8525   13.0253
    0.0000  -22.5000   45.0000 2622.8452   12.8319
    7.5000  -22.5000   45.0000 2616.7378   12.9590
   -7.5000  -15.0000   45.0000 2611.2429   13.0048
    0.0000  -15.0000   45.0000 2636.5493   12.8348
    7.5000  -15.0000   45.0000 2619.3767   12.9553
   -7.5000   -7.5000   45.0000 2623.1477   13.0778
    0.0000   -7.5000   45.0000 2647.7068   12.9018
    7.5000   -7.5000   45.0000 2624.4338   13.0669
   -7.5000    0.0000   45.0000 2620.6370   13.2730
    0.0000    0.0000   45.0000 2636.7324   13.0795
    7.5000    0.0000   45.0000 2615.1536   13.2984
   -7.5000    7.5000   45.0000 2606.7468   13.5800
    0.0000    7.5000   45.0000 2613.8630   13.4255
    7.5000    7.5000   45.0000 2600.4292   13.6362
   -7.5000   15.0000   45.0000 2568.1379   14.0908
    0.0000   15.0000   45.0000 2579.5601   13.9148
    7.5000   15.0000   45.0000 2562.6235   14.1271
   -7.5000   22.5000   45.0000 2523.5762   14.7096
    0.0000   22.5000   45.0000 2533.5645   14.5897
    7.5000   22.5000   45.0000 2519.9312   14.7504
   -7.5000   30.0000   45.0000 2466.3552   15.3836
    0.0000   30.0000   45.0000 2475.8508   15.2922
    7.5000   30.0000   45.0000 2456.2727   15.4835
   -7.5000   37.5000   45.0000 2404.7356   16.1590
    0.0000   37.5000   45.0000 2414.4250   16.0734
    7.5000   37.5000   45.0000 2392.2717   16.3019
   -7.5000   45.0000   45.0000 2324.6697   16.9719
    0.0000   45.0000   45.0000 2332.9531   16.8961
    7.5000   45.0000   45.0000 2307.4355   17.1782

---------------------------------------------------------------------
imgreg_4dfp /opt/freesurfer/average/711-2C_as_mni_average_305 /opt/freesurfer/average/711-2B_as_mni_average_305_mask talsrcimg_g11 none talsrcimg_to_711-2C_as_mni_average_305_t4 1283
---------------------------------------------------------------------

freesurfer imgreg_4dfp.c
/opt/freesurfer/average/711-2C_as_mni_average_305.4dfp.img
       256       256       256         1
  1.000000  1.000000  1.000000
orientation T byte_order littleendian
Reading image: /opt/freesurfer/average/711-2C_as_mni_average_305.4dfp.img
dimensions:      256       256       256
mmppix:       1.0000   -1.0000   -1.0000
center:     128.0000 -129.0000 -129.0000
/opt/freesurfer/average/711-2B_as_mni_average_305_mask.4dfp.img
       256       256       256         1
  1.000000  1.000000  1.000000
orientation T byte_order littleendian
Reading mask: /opt/freesurfer/average/711-2B_as_mni_average_305_mask.4dfp.img (2306576 pixels)
talsrcimg_g11.4dfp.img
       256       256       256         1
  1.000000  1.000000  1.000000
orientation T byte_order littleendian
Reading image: talsrcimg_g11.4dfp.img
dimensions:      256       256       256
mmppix:       1.0000   -1.0000   -1.0000
center:     128.0000 -129.0000 -129.0000
rotation matrix determinant  1.000000
fimgreg.f
image alignment mode   1283 decimal      503 hex
parameters
    0.0000   15.0000    0.0000    0.0000    0.0000    0.0000
eta,q 0.92989 10.71865
niter,ni,del,rscale     5    3   12.0000    1.2000
parameter  6 -9.535775 -> -0.500000 qaram    1.1500
parameters
    0.1053   17.1253   -0.4386   -0.4422    1.2178    3.4500
eta,q 0.93438 10.73360
  0.0756  0.0788  0.0736  0.0713  0.0732  0.0759
  0.0737  0.0741  0.0713  0.0698  0.0716  0.0745
  0.0703  0.0714  0.0707  0.0696  0.0697  0.0726
  0.0702  0.0701  0.0700  0.0697  0.0697  0.0701
  0.0724  0.0702  0.0708  0.0694  0.0705  0.0673
  0.0731  0.0701  0.0725  0.0699  0.0709  0.0651
  0.0748  0.0712  0.0745  0.0725  0.0707  0.0647
niter,ni,del,rscale     5    3   12.0000    1.2000
parameters
   -0.3121   17.1527   -0.5158   -0.4289    1.4208    6.1118
eta,q 0.93532 10.72684
  0.0729  0.0711  0.0711  0.0682  0.0709  0.0737
  0.0701  0.0676  0.0678  0.0667  0.0684  0.0712
  0.0660  0.0658  0.0662  0.0655  0.0659  0.0680
  0.0656  0.0652  0.0651  0.0652  0.0652  0.0652
  0.0691  0.0647  0.0661  0.0649  0.0666  0.0646
  0.0714  0.0668  0.0686  0.0658  0.0688  0.0657
  0.0741  0.0718  0.0710  0.0690  0.0694  0.0670
niter,ni,del,rscale     4    3   12.0000    1.2000
parameters
   -0.2514   17.6800   -0.2871   -1.0287    1.7916    6.6147
eta,q 0.93554 10.73021
  0.0735  0.0718  0.0728  0.0662  0.0702  0.0708
  0.0709  0.0676  0.0690  0.0654  0.0683  0.0678
  0.0676  0.0658  0.0660  0.0648  0.0658  0.0651
  0.0647  0.0647  0.0641  0.0641  0.0643  0.0643
  0.0670  0.0630  0.0654  0.0638  0.0652  0.0653
  0.0709  0.0651  0.0687  0.0651  0.0675  0.0668
  0.0732  0.0705  0.0714  0.0689  0.0690  0.0689
niter,ni,del,rscale     3    3   12.0000    1.2000
parameters
   -0.2663   17.7760   -0.4510   -1.2039    2.0491    6.7789
eta,q 0.93557 10.72864
  0.0730  0.0704  0.0719  0.0664  0.0699  0.0702
  0.0705  0.0667  0.0683  0.0655  0.0680  0.0672
  0.0669  0.0657  0.0655  0.0649  0.0657  0.0648
  0.0645  0.0645  0.0644  0.0643  0.0644  0.0644
  0.0671  0.0633  0.0664  0.0639  0.0654  0.0654
  0.0704  0.0661  0.0697  0.0646  0.0675  0.0670
  0.0731  0.0710  0.0719  0.0679  0.0690  0.0693
niter,ni,del,rscale     2    3   12.0000    1.2000
parameters
   -0.3503   17.8939   -0.5595   -1.2821    2.2348    6.7933
eta,q 0.93566 10.72984
  0.0727  0.0706  0.0721  0.0665  0.0697  0.0698
  0.0704  0.0668  0.0683  0.0655  0.0677  0.0669
  0.0666  0.0657  0.0655  0.0649  0.0655  0.0646
  0.0644  0.0644  0.0643  0.0643  0.0643  0.0643
  0.0671  0.0634  0.0663  0.0639  0.0654  0.0653
  0.0703  0.0661  0.0695  0.0645  0.0676  0.0671
  0.0733  0.0710  0.0718  0.0677  0.0689  0.0694
niter,ni,del,rscale     1    3   12.0000    1.2000
parameters
   -0.4175   17.9309   -0.6148   -1.2782    2.3639    6.7823
eta,q 0.93568 10.73084
  0.0727  0.0705  0.0722  0.0666  0.0696  0.0697
  0.0703  0.0669  0.0684  0.0656  0.0675  0.0668
  0.0665  0.0657  0.0655  0.0650  0.0653  0.0646
  0.0643  0.0643  0.0643  0.0643  0.0643  0.0643
  0.0670  0.0635  0.0662  0.0638  0.0655  0.0653
  0.0702  0.0664  0.0694  0.0645  0.0676  0.0670
  0.0732  0.0713  0.0717  0.0676  0.0689  0.0694
registration optimization eta report
parameter search radius
    6.0000    6.0000    6.0000    6.0000    6.0000    6.9000
100000*second partial in parameter space
       21.       19.       20.        8.       13.       11.
  0.0727  0.0705  0.0722  0.0666  0.0696  0.0697
  0.0703  0.0669  0.0684  0.0656  0.0675  0.0668
  0.0665  0.0657  0.0655  0.0650  0.0653  0.0646
  0.0643  0.0643  0.0643  0.0643  0.0643  0.0643
  0.0670  0.0635  0.0662  0.0638  0.0655  0.0653
  0.0702  0.0664  0.0694  0.0645  0.0676  0.0670
  0.0732  0.0713  0.0717  0.0676  0.0689  0.0694
   -0.4175   17.9309   -0.6148   -1.2782    2.3639    6.7823
eta,q 0.93568 10.73084

---------------------------------------------------------------------
imgreg_4dfp /opt/freesurfer/average/711-2C_as_mni_average_305 /opt/freesurfer/average/711-2B_as_mni_average_305_mask talsrcimg_g11 none talsrcimg_to_711-2C_as_mni_average_305_t4 3335
---------------------------------------------------------------------

freesurfer imgreg_4dfp.c
/opt/freesurfer/average/711-2C_as_mni_average_305.4dfp.img
       256       256       256         1
  1.000000  1.000000  1.000000
orientation T byte_order littleendian
Reading image: /opt/freesurfer/average/711-2C_as_mni_average_305.4dfp.img
dimensions:      256       256       256
mmppix:       1.0000   -1.0000   -1.0000
center:     128.0000 -129.0000 -129.0000
/opt/freesurfer/average/711-2B_as_mni_average_305_mask.4dfp.img
       256       256       256         1
  1.000000  1.000000  1.000000
orientation T byte_order littleendian
Reading mask: /opt/freesurfer/average/711-2B_as_mni_average_305_mask.4dfp.img (2306576 pixels)
talsrcimg_g11.4dfp.img
       256       256       256         1
  1.000000  1.000000  1.000000
orientation T byte_order littleendian
Reading image: talsrcimg_g11.4dfp.img
dimensions:      256       256       256
mmppix:       1.0000   -1.0000   -1.0000
center:     128.0000 -129.0000 -129.0000
fimgreg.f
image alignment mode   3335 decimal      D07 hex
parameters
   -0.4175   17.9309   -0.6148   -0.7843   -0.7136   -0.1100
  -11.7154   -4.3581   11.7996    1.7281    4.1246   -2.2288
eta,q 0.93491 10.72185
niter,ni,del,rscale     5    3    5.0000    1.2000
parameter  4  1.773735 ->  0.500000 qaram    1.1500
parameter  5  0.959318 ->  0.500000 qaram    1.1500
parameter  6  1.704922 ->  0.500000 qaram    1.1500
parameter  9  0.962723 ->  0.500000 qaram    1.1500
parameter 10  2.030835 ->  0.500000 qaram    1.1500
parameter 11  1.800388 ->  0.500000 qaram    1.1500
parameter 12  2.498892 ->  0.500000 qaram    1.1500
parameters
   -0.8407   17.9655   -1.6619   -4.9243   -4.8536   -4.2500
  -11.6417   -5.0627    7.6596   -2.4119   -0.0154   -6.3688
eta,q 0.94864 10.46387
  0.0660  0.0663  0.0652  0.0591  0.0587  0.0530  0.0570  0.0563  0.0544  0.0529  0.0526  0.0508
  0.0654  0.0656  0.0649  0.0602  0.0586  0.0548  0.0561  0.0555  0.0546  0.0532  0.0527  0.0512
  0.0651  0.0652  0.0649  0.0623  0.0592  0.0565  0.0555  0.0553  0.0548  0.0539  0.0530  0.0519
  0.0651  0.0651  0.0651  0.0648  0.0607  0.0586  0.0553  0.0553  0.0553  0.0546  0.0534  0.0527
  0.0654  0.0652  0.0654  0.0674  0.0630  0.0615  0.0555  0.0555  0.0558  0.0554  0.0539  0.0536
  0.0660  0.0656  0.0659  0.0707  0.0654  0.0647  0.0561  0.0560  0.0567  0.0562  0.0544  0.0546
  0.0670  0.0661  0.0666  0.0747  0.0678  0.0690  0.0569  0.0567  0.0578  0.0574  0.0549  0.0556
niter,ni,del,rscale     7    3    5.0000    1.2000
parameter  2 -1.462560 -> -0.500000 qaram    1.1500
parameter  3 -1.093780 -> -0.500000 qaram    1.1500
parameter  4  0.602274 ->  0.500000 qaram    1.3225
parameter  6  0.704702 ->  0.500000 qaram    1.3225
parameter  7 -0.562430 -> -0.500000 qaram    1.1500
parameters
   -0.3382   19.3455   -0.2819   -9.6853   -8.1026   -9.0110
   -7.5017   -1.6897    7.3667   -1.0008    4.1019   -7.7281
eta,q 0.95648 10.17929
  0.0548  0.0570  0.0530  0.0474  0.0480  0.0449  0.0479  0.0499  0.0451  0.0471  0.0458  0.0444
  0.0533  0.0549  0.0515  0.0471  0.0473  0.0449  0.0468  0.0477  0.0445  0.0455  0.0450  0.0439
  0.0520  0.0529  0.0502  0.0472  0.0467  0.0456  0.0458  0.0459  0.0441  0.0444  0.0443  0.0436
  0.0514  0.0513  0.0492  0.0481  0.0471  0.0468  0.0450  0.0446  0.0439  0.0439  0.0438  0.0435
  0.0513  0.0499  0.0484  0.0506  0.0487  0.0483  0.0446  0.0439  0.0440  0.0439  0.0436  0.0438
  0.0518  0.0490  0.0480  0.0542  0.0512  0.0513  0.0446  0.0440  0.0445  0.0445  0.0436  0.0444
  0.0528  0.0485  0.0478  0.0580  0.0541  0.0557  0.0449  0.0448  0.0454  0.0454  0.0439  0.0454
niter,ni,del,rscale     7    3    5.0000    1.2000
parameter  2 -1.918386 -> -0.500000 qaram    1.3225
parameter 10 -0.560039 -> -0.500000 qaram    1.3225
parameters
   -0.8455   20.9325   -0.0721  -10.6258  -10.0402  -11.2993
   -9.9661   -2.5523    7.7942    3.7602    5.7166   -7.7235
eta,q 0.95995 10.02731
  0.0447  0.0502  0.0423  0.0438  0.0425  0.0424  0.0420  0.0428  0.0424  0.0447  0.0414  0.0415
  0.0438  0.0478  0.0414  0.0427  0.0418  0.0416  0.0412  0.0415  0.0416  0.0431  0.0408  0.0408
  0.0434  0.0455  0.0408  0.0416  0.0411  0.0412  0.0409  0.0410  0.0411  0.0418  0.0404  0.0403
  0.0435  0.0434  0.0406  0.0406  0.0408  0.0409  0.0411  0.0409  0.0409  0.0408  0.0401  0.0400
  0.0440  0.0416  0.0407  0.0407  0.0416  0.0414  0.0418  0.0413  0.0409  0.0402  0.0400  0.0402
  0.0449  0.0403  0.0411  0.0431  0.0435  0.0432  0.0428  0.0423  0.0414  0.0402  0.0402  0.0407
  0.0462  0.0395  0.0418  0.0468  0.0458  0.0465  0.0442  0.0440  0.0421  0.0407  0.0407  0.0416
niter,ni,del,rscale     7    3    5.0000    1.2000
parameter  2 -1.417567 -> -0.500000 qaram    1.5209
parameters
   -1.3733   22.7575   -0.9506  -10.8235  -12.1193  -13.4981
   -9.4198   -3.7937    7.3453    7.4803    7.5020  -10.9351
eta,q 0.96387  9.88930
  0.0412  0.0482  0.0373  0.0402  0.0384  0.0383  0.0395  0.0387  0.0384  0.0418  0.0374  0.0366
  0.0403  0.0452  0.0369  0.0389  0.0376  0.0374  0.0382  0.0375  0.0375  0.0398  0.0369  0.0363
  0.0399  0.0424  0.0367  0.0378  0.0369  0.0370  0.0373  0.0370  0.0370  0.0381  0.0366  0.0361
  0.0400  0.0399  0.0368  0.0367  0.0368  0.0368  0.0369  0.0369  0.0369  0.0369  0.0364  0.0363
  0.0406  0.0379  0.0372  0.0364  0.0377  0.0372  0.0371  0.0375  0.0371  0.0364  0.0363  0.0368
  0.0415  0.0365  0.0379  0.0381  0.0397  0.0390  0.0378  0.0388  0.0377  0.0367  0.0364  0.0376
  0.0428  0.0361  0.0390  0.0417  0.0423  0.0426  0.0389  0.0406  0.0388  0.0376  0.0368  0.0387
niter,ni,del,rscale     7    3    5.0000    1.2000
parameter  2 -0.900933 -> -0.500000 qaram    1.7490
parameter  3  0.669631 ->  0.500000 qaram    1.3225
parameter 12  0.594464 ->  0.500000 qaram    1.3225
parameters
   -1.8462   24.8563   -2.5376  -10.8651  -14.3851  -15.1346
   -8.4631   -4.7467    7.0433   11.0152    8.1758  -15.6961
eta,q 0.96829  9.76759
  0.0374  0.0457  0.0329  0.0360  0.0341  0.0348  0.0356  0.0350  0.0345  0.0386  0.0330  0.0319
  0.0365  0.0421  0.0328  0.0349  0.0335  0.0335  0.0342  0.0336  0.0335  0.0361  0.0326  0.0317
  0.0361  0.0388  0.0329  0.0338  0.0329  0.0329  0.0332  0.0329  0.0330  0.0341  0.0323  0.0318
  0.0361  0.0360  0.0333  0.0328  0.0328  0.0328  0.0328  0.0328  0.0328  0.0328  0.0322  0.0321
  0.0367  0.0341  0.0339  0.0324  0.0336  0.0333  0.0329  0.0333  0.0330  0.0322  0.0321  0.0328
  0.0376  0.0332  0.0347  0.0338  0.0355  0.0346  0.0335  0.0347  0.0337  0.0325  0.0323  0.0337
  0.0389  0.0334  0.0357  0.0373  0.0383  0.0376  0.0345  0.0366  0.0348  0.0338  0.0329  0.0348
niter,ni,del,rscale     7    3    5.0000    1.2000
parameters
   -2.1117   26.3162   -3.4177  -11.1173  -15.9455  -14.9620
   -7.8501   -5.2572    6.6322   13.4764    8.2872  -18.8584
eta,q 0.96959  9.74778
  0.0336  0.0417  0.0316  0.0332  0.0322  0.0337  0.0334  0.0336  0.0324  0.0360  0.0313  0.0310
  0.0324  0.0375  0.0308  0.0322  0.0315  0.0321  0.0320  0.0321  0.0315  0.0336  0.0310  0.0306
  0.0318  0.0341  0.0306  0.0314  0.0310  0.0312  0.0311  0.0312  0.0310  0.0318  0.0307  0.0304
  0.0317  0.0317  0.0308  0.0306  0.0307  0.0308  0.0308  0.0308  0.0308  0.0308  0.0305  0.0305
  0.0322  0.0308  0.0313  0.0302  0.0310  0.0309  0.0310  0.0313  0.0311  0.0305  0.0306  0.0310
  0.0331  0.0315  0.0321  0.0314  0.0325  0.0316  0.0316  0.0326  0.0317  0.0311  0.0308  0.0319
  0.0345  0.0338  0.0332  0.0348  0.0350  0.0337  0.0327  0.0347  0.0327  0.0325  0.0314  0.0331
niter,ni,del,rscale     6    3    5.0000    1.2000
parameters
   -2.1941   26.6887   -3.6093  -11.2775  -16.3468  -14.3407
   -7.5806   -5.3960    6.3080   14.5036    8.9177  -19.6545
eta,q 0.96970  9.77368
  0.0328  0.0378  0.0319  0.0328  0.0323  0.0332  0.0328  0.0337  0.0321  0.0344  0.0312  0.0315
  0.0314  0.0340  0.0310  0.0318  0.0313  0.0317  0.0314  0.0320  0.0310  0.0323  0.0308  0.0308
  0.0306  0.0314  0.0305  0.0311  0.0308  0.0309  0.0306  0.0309  0.0305  0.0311  0.0305  0.0304
  0.0304  0.0304  0.0304  0.0304  0.0304  0.0305  0.0304  0.0304  0.0304  0.0304  0.0303  0.0303
  0.0308  0.0308  0.0307  0.0299  0.0303  0.0303  0.0307  0.0307  0.0307  0.0304  0.0303  0.0305
  0.0317  0.0326  0.0313  0.0309  0.0312  0.0308  0.0313  0.0320  0.0313  0.0312  0.0305  0.0310
  0.0331  0.0355  0.0322  0.0341  0.0333  0.0328  0.0324  0.0341  0.0322  0.0331  0.0311  0.0320
niter,ni,del,rscale     5    3    5.0000    1.2000
parameters
   -2.1949   26.8246   -3.5469  -11.3345  -16.4422  -14.2542
   -7.4406   -5.4385    6.0560   14.7658    9.3417  -19.6410
eta,q 0.96970  9.77587
  0.0329  0.0369  0.0322  0.0328  0.0324  0.0328  0.0327  0.0337  0.0321  0.0338  0.0312  0.0317
  0.0315  0.0333  0.0311  0.0318  0.0314  0.0315  0.0313  0.0320  0.0310  0.0319  0.0308  0.0309
  0.0306  0.0310  0.0305  0.0310  0.0308  0.0308  0.0305  0.0309  0.0304  0.0308  0.0305  0.0305
  0.0303  0.0303  0.0303  0.0303  0.0303  0.0303  0.0303  0.0303  0.0303  0.0303  0.0303  0.0303
  0.0306  0.0310  0.0305  0.0299  0.0302  0.0302  0.0306  0.0306  0.0306  0.0305  0.0303  0.0304
  0.0315  0.0329  0.0311  0.0308  0.0310  0.0309  0.0313  0.0319  0.0312  0.0315  0.0306  0.0309
  0.0329  0.0359  0.0320  0.0340  0.0330  0.0333  0.0324  0.0340  0.0321  0.0336  0.0312  0.0317
niter,ni,del,rscale     4    3    5.0000    1.2000
parameters
   -2.1974   26.8708   -3.5311  -11.3702  -16.5068  -14.3247
   -7.3905   -5.4565    5.8908   14.8217    9.5524  -19.6180
eta,q 0.96969  9.76748
  0.0329  0.0366  0.0321  0.0329  0.0324  0.0328  0.0327  0.0338  0.0321  0.0337  0.0312  0.0317
  0.0315  0.0331  0.0311  0.0318  0.0314  0.0316  0.0313  0.0321  0.0310  0.0318  0.0308  0.0309
  0.0306  0.0309  0.0305  0.0310  0.0308  0.0309  0.0305  0.0309  0.0304  0.0308  0.0305  0.0305
  0.0303  0.0303  0.0303  0.0303  0.0303  0.0303  0.0303  0.0303  0.0303  0.0303  0.0303  0.0303
  0.0306  0.0311  0.0305  0.0299  0.0301  0.0301  0.0307  0.0306  0.0306  0.0305  0.0303  0.0304
  0.0315  0.0331  0.0311  0.0308  0.0310  0.0310  0.0314  0.0319  0.0312  0.0316  0.0306  0.0309
  0.0329  0.0362  0.0320  0.0340  0.0330  0.0335  0.0325  0.0340  0.0321  0.0337  0.0312  0.0318
niter,ni,del,rscale     3    3    5.0000    1.2000
parameters
   -2.2030   26.8897   -3.5620  -11.3888  -16.5392  -14.4061
   -7.3729   -5.4613    5.7826   14.8493    9.6340  -19.6346
eta,q 0.96967  9.76023
  0.0329  0.0365  0.0321  0.0329  0.0324  0.0328  0.0327  0.0338  0.0322  0.0336  0.0312  0.0317
  0.0315  0.0330  0.0311  0.0318  0.0314  0.0316  0.0313  0.0321  0.0310  0.0318  0.0308  0.0309
  0.0306  0.0309  0.0305  0.0310  0.0308  0.0309  0.0305  0.0309  0.0304  0.0308  0.0305  0.0305
  0.0303  0.0303  0.0303  0.0303  0.0303  0.0303  0.0303  0.0303  0.0303  0.0303  0.0303  0.0303
  0.0306  0.0311  0.0306  0.0299  0.0301  0.0301  0.0307  0.0306  0.0306  0.0305  0.0304  0.0305
  0.0315  0.0332  0.0312  0.0308  0.0310  0.0310  0.0314  0.0319  0.0312  0.0317  0.0307  0.0309
  0.0329  0.0362  0.0321  0.0340  0.0330  0.0336  0.0325  0.0340  0.0321  0.0338  0.0313  0.0318
niter,ni,del,rscale     2    3    5.0000    1.2000
parameters
   -2.2078   26.9009   -3.6007  -11.4021  -16.5540  -14.4707
   -7.3716   -5.4672    5.7204   14.8729    9.6757  -19.6641
eta,q 0.96967  9.75520
  0.0329  0.0365  0.0321  0.0329  0.0324  0.0328  0.0327  0.0338  0.0322  0.0336  0.0312  0.0317
  0.0315  0.0330  0.0311  0.0318  0.0314  0.0316  0.0313  0.0321  0.0311  0.0318  0.0308  0.0309
  0.0306  0.0309  0.0305  0.0310  0.0308  0.0309  0.0305  0.0309  0.0304  0.0308  0.0305  0.0305
  0.0303  0.0303  0.0303  0.0303  0.0303  0.0303  0.0303  0.0303  0.0303  0.0303  0.0303  0.0303
  0.0306  0.0312  0.0306  0.0300  0.0302  0.0302  0.0307  0.0306  0.0306  0.0305  0.0304  0.0305
  0.0315  0.0332  0.0312  0.0308  0.0310  0.0310  0.0314  0.0319  0.0312  0.0317  0.0307  0.0309
  0.0329  0.0362  0.0321  0.0340  0.0330  0.0335  0.0325  0.0340  0.0321  0.0338  0.0313  0.0318
niter,ni,del,rscale     1    3    5.0000    1.2000
parameters
   -2.2117   26.9092   -3.6277  -11.4102  -16.5664  -14.5065
   -7.3698   -5.4702    5.6760   14.8955    9.7041  -19.6893
eta,q 0.96966  9.75225
  0.0329  0.0365  0.0321  0.0329  0.0324  0.0328  0.0327  0.0338  0.0322  0.0337  0.0312  0.0317
  0.0315  0.0330  0.0311  0.0318  0.0314  0.0316  0.0313  0.0321  0.0311  0.0318  0.0308  0.0310
  0.0306  0.0309  0.0305  0.0310  0.0308  0.0309  0.0305  0.0309  0.0304  0.0308  0.0305  0.0305
  0.0303  0.0303  0.0303  0.0303  0.0303  0.0303  0.0303  0.0303  0.0303  0.0303  0.0303  0.0303
  0.0307  0.0312  0.0306  0.0300  0.0302  0.0302  0.0307  0.0306  0.0306  0.0306  0.0304  0.0305
  0.0315  0.0332  0.0312  0.0309  0.0310  0.0310  0.0314  0.0319  0.0312  0.0317  0.0307  0.0309
  0.0329  0.0362  0.0321  0.0339  0.0330  0.0335  0.0325  0.0340  0.0321  0.0338  0.0313  0.0318
registration optimization eta report
parameter search radius
    2.4000    4.1976    3.1740    9.5220    8.2800    9.5220
    8.2800    7.2000    8.2800    9.5220    8.2800    9.5220
100000*second partial in parameter space
       45.       34.       17.        4.        4.        3.
        3.        7.        3.        4.        1.        2.
  0.0329  0.0365  0.0321  0.0329  0.0324  0.0328  0.0327  0.0338  0.0322  0.0337  0.0312  0.0317
  0.0315  0.0330  0.0311  0.0318  0.0314  0.0316  0.0313  0.0321  0.0311  0.0318  0.0308  0.0310
  0.0306  0.0309  0.0305  0.0310  0.0308  0.0309  0.0305  0.0309  0.0304  0.0308  0.0305  0.0305
  0.0303  0.0303  0.0303  0.0303  0.0303  0.0303  0.0303  0.0303  0.0303  0.0303  0.0303  0.0303
  0.0307  0.0312  0.0306  0.0300  0.0302  0.0302  0.0307  0.0306  0.0306  0.0306  0.0304  0.0305
  0.0315  0.0332  0.0312  0.0309  0.0310  0.0310  0.0314  0.0319  0.0312  0.0317  0.0307  0.0309
  0.0329  0.0362  0.0321  0.0339  0.0330  0.0335  0.0325  0.0340  0.0321  0.0338  0.0313  0.0318
   -2.2117   26.9092   -3.6277  -11.4102  -16.5664  -14.5065
   -7.3698   -5.4702    5.6760   14.8955    9.7041  -19.6893
eta,q 0.96966  9.75225

---------------------------------------------------------------------
imgreg_4dfp /opt/freesurfer/average/711-2C_as_mni_average_305 /opt/freesurfer/average/711-2B_as_mni_average_305_mask talsrcimg_g11 none talsrcimg_to_711-2C_as_mni_average_305_t4 2311
---------------------------------------------------------------------

freesurfer imgreg_4dfp.c
/opt/freesurfer/average/711-2C_as_mni_average_305.4dfp.img
       256       256       256         1
  1.000000  1.000000  1.000000
orientation T byte_order littleendian
Reading image: /opt/freesurfer/average/711-2C_as_mni_average_305.4dfp.img
dimensions:      256       256       256
mmppix:       1.0000   -1.0000   -1.0000
center:     128.0000 -129.0000 -129.0000
/opt/freesurfer/average/711-2B_as_mni_average_305_mask.4dfp.img
       256       256       256         1
  1.000000  1.000000  1.000000
orientation T byte_order littleendian
Reading mask: /opt/freesurfer/average/711-2B_as_mni_average_305_mask.4dfp.img (2306576 pixels)
talsrcimg_g11.4dfp.img
       256       256       256         1
  1.000000  1.000000  1.000000
orientation T byte_order littleendian
Reading image: talsrcimg_g11.4dfp.img
dimensions:      256       256       256
mmppix:       1.0000   -1.0000   -1.0000
center:     128.0000 -129.0000 -129.0000
fimgreg.f
image alignment mode   2311 decimal      907 hex
parameters
   -2.2117   26.9092   -3.6277  -11.4102  -16.5664  -14.5065
   -7.3698   -5.4702    5.6760   14.8955    9.7041  -19.6893
eta,q 0.96966  9.75225
niter,ni,del,rscale     5    3    5.0000    0.8000
parameter  4 -0.691753 -> -0.500000 qaram    1.1500
parameters
   -2.2253   26.7739   -3.7443   -8.6502  -14.9624  -13.5246
   -6.9689   -5.9819    6.1688   14.4872    7.5884  -20.1840
eta,q 0.97040 10.02250
  0.0315  0.0311  0.0307  0.0314  0.0312  0.0308  0.0311  0.0314  0.0307  0.0305  0.0297  0.0299
  0.0309  0.0306  0.0305  0.0310  0.0308  0.0304  0.0304  0.0304  0.0302  0.0301  0.0296  0.0297
  0.0305  0.0304  0.0304  0.0306  0.0304  0.0300  0.0299  0.0298  0.0298  0.0298  0.0296  0.0296
  0.0303  0.0303  0.0303  0.0303  0.0300  0.0298  0.0297  0.0297  0.0297  0.0297  0.0297  0.0296
  0.0305  0.0305  0.0304  0.0301  0.0298  0.0297  0.0298  0.0301  0.0297  0.0298  0.0299  0.0297
  0.0309  0.0309  0.0306  0.0300  0.0299  0.0298  0.0301  0.0310  0.0300  0.0302  0.0302  0.0298
  0.0315  0.0314  0.0309  0.0302  0.0304  0.0303  0.0307  0.0323  0.0304  0.0310  0.0306  0.0300
niter,ni,del,rscale     5    3    5.0000    0.8000
parameter  6 -0.642146 -> -0.500000 qaram    1.1500
parameters
   -2.1571   26.8292   -3.4710   -9.0436  -14.7815  -10.7646
   -6.9584   -6.2412    7.0346   14.4535    6.0064  -22.0585
eta,q 0.97084 10.17953
  0.0312  0.0308  0.0303  0.0310  0.0307  0.0306  0.0305  0.0314  0.0305  0.0306  0.0295  0.0293
  0.0303  0.0302  0.0299  0.0305  0.0304  0.0302  0.0299  0.0302  0.0299  0.0299  0.0293  0.0292
  0.0298  0.0298  0.0297  0.0300  0.0300  0.0299  0.0294  0.0295  0.0295  0.0295  0.0292  0.0292
  0.0296  0.0296  0.0296  0.0296  0.0297  0.0296  0.0293  0.0293  0.0293  0.0293  0.0293  0.0292
  0.0297  0.0297  0.0296  0.0296  0.0296  0.0294  0.0295  0.0297  0.0293  0.0294  0.0295  0.0294
  0.0302  0.0301  0.0297  0.0304  0.0300  0.0293  0.0299  0.0306  0.0295  0.0299  0.0298  0.0296
  0.0309  0.0307  0.0299  0.0320  0.0308  0.0296  0.0305  0.0319  0.0299  0.0307  0.0302  0.0299
niter,ni,del,rscale     5    3    5.0000    0.8000
parameters
   -2.1722   27.0186   -2.9040   -8.5758  -14.5465  -10.2148
   -6.5799   -6.3444    7.5642   14.8640    5.1928  -22.0679
eta,q 0.97128 10.23722
  0.0307  0.0307  0.0302  0.0312  0.0305  0.0304  0.0303  0.0311  0.0301  0.0305  0.0291  0.0292
  0.0298  0.0299  0.0297  0.0306  0.0300  0.0300  0.0295  0.0298  0.0294  0.0297  0.0289  0.0289
  0.0293  0.0294  0.0293  0.0297  0.0294  0.0295  0.0290  0.0290  0.0290  0.0291  0.0287  0.0287
  0.0292  0.0292  0.0291  0.0291  0.0290  0.0289  0.0288  0.0288  0.0288  0.0288  0.0287  0.0287
  0.0294  0.0292  0.0291  0.0289  0.0289  0.0286  0.0289  0.0291  0.0288  0.0288  0.0289  0.0288
  0.0299  0.0295  0.0291  0.0295  0.0295  0.0291  0.0293  0.0299  0.0291  0.0292  0.0291  0.0289
  0.0307  0.0301  0.0293  0.0311  0.0306  0.0304  0.0299  0.0313  0.0296  0.0301  0.0296  0.0292
niter,ni,del,rscale     4    3    5.0000    0.7000
parameters
   -2.2522   27.1072   -2.7173   -8.3240  -14.5139   -9.7367
   -6.7167   -6.4331    7.6194   14.9140    4.9575  -22.2921
eta,q 0.97146 10.26731
  0.0298  0.0299  0.0294  0.0308  0.0300  0.0303  0.0296  0.0305  0.0294  0.0299  0.0290  0.0289
  0.0292  0.0293  0.0291  0.0300  0.0295  0.0298  0.0290  0.0294  0.0290  0.0292  0.0287  0.0287
  0.0288  0.0289  0.0288  0.0292  0.0290  0.0292  0.0286  0.0288  0.0287  0.0287  0.0286  0.0285
  0.0287  0.0287  0.0287  0.0287  0.0287  0.0286  0.0285  0.0285  0.0285  0.0285  0.0285  0.0285
  0.0289  0.0288  0.0287  0.0287  0.0287  0.0284  0.0287  0.0288  0.0286  0.0286  0.0286  0.0286
  0.0294  0.0291  0.0289  0.0293  0.0292  0.0289  0.0291  0.0295  0.0289  0.0291  0.0288  0.0288
  0.0301  0.0297  0.0291  0.0307  0.0302  0.0301  0.0297  0.0307  0.0294  0.0299  0.0291  0.0290
niter,ni,del,rscale     3    3    5.0000    0.6000
parameters
   -2.2836   27.1304   -2.6431   -8.1798  -14.4665   -9.4377
   -6.6872   -6.4744    7.6457   14.9086    4.8266  -22.5292
eta,q 0.97156 10.28493
  0.0295  0.0294  0.0291  0.0302  0.0297  0.0300  0.0293  0.0300  0.0291  0.0295  0.0288  0.0288
  0.0289  0.0289  0.0288  0.0295  0.0292  0.0294  0.0288  0.0291  0.0288  0.0290  0.0286  0.0286
  0.0286  0.0286  0.0286  0.0289  0.0288  0.0289  0.0285  0.0286  0.0285  0.0286  0.0285  0.0285
  0.0285  0.0285  0.0285  0.0285  0.0285  0.0285  0.0284  0.0284  0.0284  0.0284  0.0284  0.0285
  0.0287  0.0286  0.0286  0.0286  0.0286  0.0284  0.0285  0.0286  0.0285  0.0286  0.0285  0.0285
  0.0290  0.0289  0.0287  0.0291  0.0290  0.0289  0.0288  0.0292  0.0288  0.0289  0.0287  0.0287
  0.0296  0.0294  0.0289  0.0302  0.0298  0.0299  0.0293  0.0301  0.0291  0.0296  0.0289  0.0288
niter,ni,del,rscale     2    3    5.0000    0.5000
parameters
   -2.2933   27.1401   -2.6025   -8.0761  -14.4007   -9.1897
   -6.6447   -6.4984    7.6569   14.8942    4.7117  -22.7312
eta,q 0.97160 10.29897
  0.0291  0.0291  0.0288  0.0297  0.0294  0.0296  0.0290  0.0295  0.0289  0.0292  0.0287  0.0287
  0.0287  0.0287  0.0286  0.0291  0.0290  0.0292  0.0287  0.0289  0.0286  0.0288  0.0285  0.0285
  0.0285  0.0285  0.0285  0.0287  0.0286  0.0287  0.0285  0.0285  0.0285  0.0285  0.0284  0.0284
  0.0284  0.0284  0.0284  0.0284  0.0284  0.0284  0.0284  0.0284  0.0284  0.0284  0.0284  0.0284
  0.0285  0.0285  0.0285  0.0285  0.0285  0.0284  0.0285  0.0285  0.0285  0.0285  0.0284  0.0285
  0.0288  0.0287  0.0286  0.0289  0.0288  0.0287  0.0287  0.0289  0.0286  0.0288  0.0286  0.0286
  0.0292  0.0291  0.0288  0.0297  0.0294  0.0295  0.0290  0.0296  0.0289  0.0292  0.0287  0.0287
niter,ni,del,rscale     1    3    5.0000    0.4000
parameters
   -2.2968   27.1430   -2.5812   -8.0141  -14.3526   -8.9824
   -6.6070   -6.5172    7.6685   14.8845    4.6564  -22.8919
eta,q 0.97163 10.30912
  0.0289  0.0288  0.0287  0.0292  0.0290  0.0293  0.0288  0.0291  0.0287  0.0289  0.0286  0.0285
  0.0286  0.0286  0.0285  0.0288  0.0287  0.0289  0.0286  0.0287  0.0285  0.0286  0.0285  0.0284
  0.0284  0.0284  0.0284  0.0285  0.0285  0.0286  0.0284  0.0285  0.0284  0.0284  0.0284  0.0284
  0.0284  0.0284  0.0284  0.0284  0.0284  0.0284  0.0284  0.0284  0.0284  0.0284  0.0284  0.0284
  0.0285  0.0284  0.0284  0.0284  0.0284  0.0284  0.0284  0.0285  0.0284  0.0284  0.0284  0.0284
  0.0286  0.0286  0.0285  0.0287  0.0286  0.0286  0.0285  0.0287  0.0285  0.0286  0.0285  0.0285
  0.0289  0.0288  0.0286  0.0292  0.0290  0.0291  0.0288  0.0292  0.0287  0.0289  0.0286  0.0286
registration optimization eta report
parameter search radius
    0.8000    0.8000    0.8000    2.7600    2.4000    2.7600
    2.4000    2.4000    2.4000    2.4000    2.4000    2.4000
100000*second partial in parameter space
       72.       64.       38.       11.       11.       11.
        7.       14.        6.       10.        4.        3.
  0.0289  0.0288  0.0287  0.0292  0.0290  0.0293  0.0288  0.0291  0.0287  0.0289  0.0286  0.0285
  0.0286  0.0286  0.0285  0.0288  0.0287  0.0289  0.0286  0.0287  0.0285  0.0286  0.0285  0.0284
  0.0284  0.0284  0.0284  0.0285  0.0285  0.0286  0.0284  0.0285  0.0284  0.0284  0.0284  0.0284
  0.0284  0.0284  0.0284  0.0284  0.0284  0.0284  0.0284  0.0284  0.0284  0.0284  0.0284  0.0284
  0.0285  0.0284  0.0284  0.0284  0.0284  0.0284  0.0284  0.0285  0.0284  0.0284  0.0284  0.0284
  0.0286  0.0286  0.0285  0.0287  0.0286  0.0286  0.0285  0.0287  0.0285  0.0286  0.0285  0.0285
  0.0289  0.0288  0.0286  0.0292  0.0290  0.0291  0.0288  0.0292  0.0287  0.0289  0.0286  0.0286
   -2.2968   27.1430   -2.5812   -8.0141  -14.3526   -8.9824
   -6.6070   -6.5172    7.6685   14.8845    4.6564  -22.8919
eta,q 0.97163 10.30912

---------------------------------------------------------------------
imgreg_4dfp /opt/freesurfer/average/711-2C_as_mni_average_305 /opt/freesurfer/average/711-2B_as_mni_average_305_mask talsrcimg_g11 none talsrcimg_to_711-2C_as_mni_average_305_t4 2311
---------------------------------------------------------------------

freesurfer imgreg_4dfp.c
/opt/freesurfer/average/711-2C_as_mni_average_305.4dfp.img
       256       256       256         1
  1.000000  1.000000  1.000000
orientation T byte_order littleendian
Reading image: /opt/freesurfer/average/711-2C_as_mni_average_305.4dfp.img
dimensions:      256       256       256
mmppix:       1.0000   -1.0000   -1.0000
center:     128.0000 -129.0000 -129.0000
/opt/freesurfer/average/711-2B_as_mni_average_305_mask.4dfp.img
       256       256       256         1
  1.000000  1.000000  1.000000
orientation T byte_order littleendian
Reading mask: /opt/freesurfer/average/711-2B_as_mni_average_305_mask.4dfp.img (2306576 pixels)
talsrcimg_g11.4dfp.img
       256       256       256         1
  1.000000  1.000000  1.000000
orientation T byte_order littleendian
Reading image: talsrcimg_g11.4dfp.img
dimensions:      256       256       256
mmppix:       1.0000   -1.0000   -1.0000
center:     128.0000 -129.0000 -129.0000
fimgreg.f
image alignment mode   2311 decimal      907 hex
parameters
   -2.2968   27.1430   -2.5812   -8.0141  -14.3526   -8.9824
   -6.6070   -6.5172    7.6685   14.8845    4.6564  -22.8919
eta,q 0.97163 10.30912
niter,ni,del,rscale     5    3    5.0000    0.8000
parameters
   -2.2655   27.1187   -2.5622   -8.4321  -14.7718   -9.3216
   -6.6059   -6.4097    7.7000   14.9960    4.7429  -22.4156
eta,q 0.97151 10.27256
  0.0303  0.0299  0.0294  0.0303  0.0300  0.0301  0.0299  0.0313  0.0296  0.0303  0.0292  0.0293
  0.0292  0.0291  0.0288  0.0294  0.0294  0.0295  0.0291  0.0298  0.0290  0.0294  0.0288  0.0288
  0.0286  0.0286  0.0285  0.0287  0.0287  0.0289  0.0286  0.0289  0.0286  0.0288  0.0286  0.0286
  0.0284  0.0284  0.0284  0.0284  0.0284  0.0284  0.0285  0.0285  0.0285  0.0285  0.0285  0.0285
  0.0286  0.0286  0.0285  0.0286  0.0287  0.0286  0.0287  0.0288  0.0286  0.0286  0.0286  0.0285
  0.0292  0.0291  0.0288  0.0297  0.0296  0.0295  0.0291  0.0296  0.0290  0.0292  0.0288  0.0287
  0.0301  0.0301  0.0294  0.0315  0.0311  0.0312  0.0299  0.0311  0.0296  0.0303  0.0292  0.0290
niter,ni,del,rscale     4    3    5.0000    0.7000
parameters
   -2.2817   27.1602   -2.5808   -8.2121  -14.7057   -9.3500
   -6.6768   -6.4320    7.6561   14.9333    4.7783  -22.4570
eta,q 0.97154 10.27945
  0.0298  0.0297  0.0292  0.0303  0.0299  0.0299  0.0296  0.0306  0.0293  0.0298  0.0290  0.0289
  0.0290  0.0291  0.0288  0.0295  0.0294  0.0294  0.0289  0.0294  0.0289  0.0291  0.0287  0.0286
  0.0286  0.0287  0.0286  0.0289  0.0288  0.0288  0.0286  0.0287  0.0286  0.0286  0.0285  0.0285
  0.0285  0.0285  0.0285  0.0285  0.0285  0.0285  0.0285  0.0285  0.0285  0.0285  0.0285  0.0285
  0.0287  0.0286  0.0286  0.0285  0.0285  0.0285  0.0286  0.0287  0.0286  0.0286  0.0285  0.0285
  0.0291  0.0289  0.0288  0.0290  0.0291  0.0291  0.0290  0.0295  0.0289  0.0291  0.0287  0.0287
  0.0298  0.0296  0.0292  0.0302  0.0301  0.0303  0.0296  0.0306  0.0294  0.0300  0.0290  0.0289
niter,ni,del,rscale     3    3    5.0000    0.6000
parameters
   -2.2884   27.1600   -2.5789   -8.0782  -14.5619   -9.2058
   -6.6535   -6.4701    7.6487   14.8927    4.7273  -22.6152
eta,q 0.97159 10.29282
  0.0295  0.0293  0.0290  0.0298  0.0297  0.0297  0.0293  0.0300  0.0291  0.0295  0.0288  0.0288
  0.0289  0.0289  0.0287  0.0292  0.0292  0.0292  0.0288  0.0291  0.0287  0.0289  0.0286  0.0285
  0.0286  0.0286  0.0285  0.0287  0.0287  0.0287  0.0285  0.0286  0.0285  0.0285  0.0285  0.0284
  0.0285  0.0285  0.0285  0.0285  0.0284  0.0284  0.0284  0.0284  0.0284  0.0284  0.0284  0.0284
  0.0286  0.0285  0.0285  0.0285  0.0285  0.0284  0.0285  0.0286  0.0285  0.0285  0.0285  0.0285
  0.0289  0.0288  0.0287  0.0289  0.0289  0.0288  0.0288  0.0292  0.0287  0.0289  0.0286  0.0286
  0.0295  0.0293  0.0290  0.0298  0.0297  0.0297  0.0293  0.0301  0.0291  0.0296  0.0289  0.0288
niter,ni,del,rscale     2    3    5.0000    0.5000
parameters
   -2.2920   27.1534   -2.5698   -8.0167  -14.4583   -9.0303
   -6.6245   -6.4966    7.6614   14.8714    4.6621  -22.7777
eta,q 0.97162 10.30376
  0.0291  0.0290  0.0288  0.0294  0.0294  0.0294  0.0290  0.0295  0.0289  0.0292  0.0287  0.0286
  0.0287  0.0287  0.0286  0.0289  0.0289  0.0290  0.0287  0.0289  0.0286  0.0288  0.0285  0.0285
  0.0285  0.0285  0.0285  0.0286  0.0286  0.0286  0.0285  0.0285  0.0284  0.0285  0.0284  0.0284
  0.0284  0.0284  0.0284  0.0284  0.0284  0.0284  0.0284  0.0284  0.0284  0.0284  0.0284  0.0284
  0.0285  0.0285  0.0284  0.0285  0.0284  0.0284  0.0284  0.0285  0.0284  0.0285  0.0284  0.0284
  0.0287  0.0287  0.0286  0.0288  0.0288  0.0287  0.0287  0.0289  0.0286  0.0288  0.0285  0.0285
  0.0291  0.0290  0.0288  0.0294  0.0293  0.0293  0.0290  0.0296  0.0289  0.0292  0.0287  0.0287
niter,ni,del,rscale     1    3    5.0000    0.4000
parameters
   -2.2942   27.1520   -2.5567   -7.9818  -14.3994   -8.8725
   -6.6042   -6.5134    7.6738   14.8653    4.6126  -22.9134
eta,q 0.97165 10.31186
  0.0288  0.0288  0.0286  0.0290  0.0290  0.0291  0.0288  0.0291  0.0287  0.0289  0.0286  0.0285
  0.0286  0.0286  0.0285  0.0287  0.0287  0.0288  0.0286  0.0287  0.0285  0.0286  0.0284  0.0284
  0.0284  0.0284  0.0284  0.0285  0.0285  0.0285  0.0284  0.0284  0.0284  0.0284  0.0284  0.0284
  0.0284  0.0284  0.0284  0.0284  0.0284  0.0284  0.0284  0.0284  0.0284  0.0284  0.0284  0.0284
  0.0284  0.0284  0.0284  0.0284  0.0284  0.0284  0.0284  0.0285  0.0284  0.0284  0.0284  0.0284
  0.0286  0.0286  0.0285  0.0286  0.0286  0.0286  0.0285  0.0287  0.0285  0.0286  0.0285  0.0285
  0.0288  0.0288  0.0286  0.0290  0.0290  0.0290  0.0288  0.0292  0.0287  0.0289  0.0286  0.0286
registration optimization eta report
parameter search radius
    0.8000    0.8000    0.8000    2.4000    2.4000    2.4000
    2.4000    2.4000    2.4000    2.4000    2.4000    2.4000
100000*second partial in parameter space
       73.       65.       39.       11.       11.       11.
        7.       14.        6.       10.        4.        3.
  0.0288  0.0288  0.0286  0.0290  0.0290  0.0291  0.0288  0.0291  0.0287  0.0289  0.0286  0.0285
  0.0286  0.0286  0.0285  0.0287  0.0287  0.0288  0.0286  0.0287  0.0285  0.0286  0.0284  0.0284
  0.0284  0.0284  0.0284  0.0285  0.0285  0.0285  0.0284  0.0284  0.0284  0.0284  0.0284  0.0284
  0.0284  0.0284  0.0284  0.0284  0.0284  0.0284  0.0284  0.0284  0.0284  0.0284  0.0284  0.0284
  0.0284  0.0284  0.0284  0.0284  0.0284  0.0284  0.0284  0.0285  0.0284  0.0284  0.0284  0.0284
  0.0286  0.0286  0.0285  0.0286  0.0286  0.0286  0.0285  0.0287  0.0285  0.0286  0.0285  0.0285
  0.0288  0.0288  0.0286  0.0290  0.0290  0.0290  0.0288  0.0292  0.0287  0.0289  0.0286  0.0286
   -2.2942   27.1520   -2.5567   -7.9818  -14.3994   -8.8725
   -6.6042   -6.5134    7.6738   14.8653    4.6126  -22.9134
eta,q 0.97165 10.31186

---------------------------------------------------------------------
compute_vox2vox talsrcimg talsrcimg_to_711-2C_as_mni_average_305_t4 /opt/freesurfer/average/711-2C_as_mni_average_305
---------------------------------------------------------------------

freesurfer compute_vox2vox.c
Reading: talsrcimg.4dfp.ifh
Reading: talsrcimg_to_711-2C_as_mni_average_305_t4
Reading: /opt/freesurfer/average/711-2C_as_mni_average_305.4dfp.ifh
Writing: talsrcimg_to_711-2C_as_mni_average_305_t4_vox2vox.txt

start time Sun Nov 24 05:41:37 UTC 2024
end		time Sun Nov 24 05:42:40 UTC 2024

mpr2mni305 success

avi2talxfm orig_nu.mgz /opt/freesurfer/average/mni305.cor.mgz talsrcimg_to_711-2C_as_mni_average_305_t4_vox2vox.txt transforms/talairach.auto.xfm
avi2talxfm done
mv -f /scratch/tmp/fs_mp2rage_tests2/sourcedata/freesurfer_memprage/sub-fsm54jc/mri/talsrcimg_to_711-2C_as_mni_average_305_t4_vox2vox.txt /scratch/tmp/fs_mp2rage_tests2/sourcedata/freesurfer_memprage/sub-fsm54jc/mri/transforms/talsrcimg_to_711-2C_as_mni_average_305_t4_vox2vox.txt
lta_convert --src orig_nu.mgz --trg /opt/freesurfer/average/mni305.cor.mgz --inxfm transforms/talairach.auto.xfm --outlta transforms/talairach.auto.xfm.lta --subject fsaverage
7.3.2

--src: orig_nu.mgz src image (geometry).
--trg: /opt/freesurfer/average/mni305.cor.mgz trg image (geometry).
--inmni: transforms/talairach.auto.xfm input MNI/XFM transform.
--outlta: transforms/talairach.auto.xfm.lta output LTA.
--s: fsaverage subject name
 LTA read, type : 1
 1.07543   0.06068   0.09921  -2.77757;
-0.07538   1.04720   0.27450  -36.29155;
-0.08332  -0.18730   1.11165  -23.78363;
 0.00000   0.00000   0.00000   1.00000;
setting subject to fsaverage
Writing  LTA to file transforms/talairach.auto.xfm.lta...
lta_convert successful.
 
 
Started at Sun Nov 24 05:41:33 UTC 2024
Ended   at Sun Nov 24 05:42:41 UTC 2024
talairach_avi done
