/scratch/tmp/fs_mp2rage_tests/sourcedata/freesurfer_mp2rage/sub-fsm67lq/mri
/opt/freesurfer/bin/talairach_avi
--i orig_nu.mgz --xfm transforms/talairach.auto.xfm
talairach_avi 7.3.2
Linux elm.criugm.qc.ca 5.15.0-113-generic #123-Ubuntu SMP Mon Jun 10 08:16:17 UTC 2024 x86_64 x86_64 x86_64 GNU/Linux
Sat Nov 23 15:55:28 UTC 2024
mri_convert orig_nu.mgz talsrcimg.img 
reading from orig_nu.mgz...
TR=0.00, TE=0.00, TI=0.00, flip angle=0.00
i_ras = (-1, 1.28057e-09, -4.65661e-10)
j_ras = (-4.65661e-10, 0, -1)
k_ras = (-1.39698e-09, 1, -1.49012e-08)
writing to talsrcimg.img...
Analyze Output Matrix
-1.00000  -0.00000  -0.00000   127.35213;
 0.00000   0.00000   1.00000  -102.71321;
-0.00000  -1.00000  -0.00000   118.58954;
 0.00000   0.00000   0.00000   1.00000;
--------------------
INFO: set hdr.hist.orient to -1
mpr2mni305 talsrcimg
Sat Nov 23 15:55:30 UTC 2024
/opt/freesurfer/bin/mpr2mni305 talsrcimg
mpr2mni305 7.3.2
target=711-2C_as_mni_average_305

---------------------------------------------------------------------
analyzeto4dfp talsrcimg -O0 -y
---------------------------------------------------------------------

freesurfer ifh2hdr.c
Sat Nov 23 15:55:31 2024
Writing: talsrcimg.4dfp.hdr
freesurfer analyzeto4dfp.c
Reading: talsrcimg.hdr
header size 348 bytes
hdr.dime.datatype	offset=70	value=2
hdr.dime.bitpix		offset=72	value=8
hdr.hist.orient		offset=252	value=-1
dimensionality     4
dimensions       256       256       256         1
Reading: talsrcimg.img
Writing: talsrcimg.4dfp.img
Writing: talsrcimg.4dfp.ifh
ifh2hdr talsrcimg -r0to227
ori=2

---------------------------------------------------------------------
gauss_4dfp talsrcimg 1.1
---------------------------------------------------------------------

freesurfer gauss_4dfp.c
Reading: talsrcimg.4dfp.img
Writing: talsrcimg_g11.4dfp.img
image dimensions 256 256 256 padded to 288 288 288
processing volume 1freesurfer ifh2hdr.c
Sat Nov 23 15:55:38 2024
Writing: talsrcimg_g11.4dfp.hdr

Writing: talsrcimg_g11.4dfp.ifh
including: talsrcimg.4dfp.img.rec in talsrcimg_g11.4dfp.img.rec

---------------------------------------------------------------------
imgreg_4dfp /opt/freesurfer/average/711-2C_as_mni_average_305 none talsrcimg_g11 none talsrcimg_to_711-2C_as_mni_average_305_t4 4355
---------------------------------------------------------------------

freesurfer imgreg_4dfp.c
/opt/freesurfer/average/711-2C_as_mni_average_305.4dfp.img
       256       256       256         1
  1.000000  1.000000  1.000000
orientation T byte_order littleendian
Reading image: /opt/freesurfer/average/711-2C_as_mni_average_305.4dfp.img
dimensions:      256       256       256
mmppix:       1.0000   -1.0000   -1.0000
center:     128.0000 -129.0000 -129.0000
talsrcimg_g11.4dfp.img
       256       256       256         1
  1.000000  1.000000  1.000000
orientation T byte_order littleendian
Reading image: talsrcimg_g11.4dfp.img
dimensions:      256       256       256
mmppix:       1.0000   -1.0000   -1.0000
center:     128.0000 -129.0000 -129.0000
t4_read: open error in t4_sub.f l:  41 t4_file(1:l)talsrcimg_to_711-2C_as_mni_average_305_t4 
t4_read: transform initialized to I4
rotation matrix determinant  1.000000
image alignment mode   4355 decimal     1103 hex
   -7.5000  -45.0000  -45.0000 8062.5356   12.1406
    0.0000  -45.0000  -45.0000 8433.7871   12.1686
    7.5000  -45.0000  -45.0000 8077.3745   12.1188
   -7.5000  -37.5000  -45.0000 8377.5654   11.9852
    0.0000  -37.5000  -45.0000 8730.0791   12.0086
    7.5000  -37.5000  -45.0000 8376.1953   11.9554
   -7.5000  -30.0000  -45.0000 8795.7607   11.8204
    0.0000  -30.0000  -45.0000 9117.6777   11.8412
    7.5000  -30.0000  -45.0000 8775.0107   11.7915
   -7.5000  -22.5000  -45.0000 9208.2354   11.7078
    0.0000  -22.5000  -45.0000 9525.8340   11.7296
    7.5000  -22.5000  -45.0000 9177.4541   11.6858
   -7.5000  -15.0000  -45.0000 9683.4717   11.6838
    0.0000  -15.0000  -45.000010025.3203   11.7102
    7.5000  -15.0000  -45.0000 9638.8965   11.6699
   -7.5000   -7.5000  -45.000010171.5527   11.6726
    0.0000   -7.5000  -45.000010555.9365   11.7010
    7.5000   -7.5000  -45.000010138.6523   11.6597
   -7.5000    0.0000  -45.000010630.9248   11.6700
    0.0000    0.0000  -45.000011051.1641   11.6958
    7.5000    0.0000  -45.000010593.5469   11.6491
   -7.5000    7.5000  -45.000010282.6484   11.7174
    0.0000    7.5000  -45.000010685.8809   11.7392
    7.5000    7.5000  -45.000010240.2949   11.6884
   -7.5000   15.0000  -45.0000 9812.9854   11.9008
    0.0000   15.0000  -45.000010149.2354   11.9183
    7.5000   15.0000  -45.0000 9723.6895   11.8687
   -7.5000   22.5000  -45.0000 9333.5098   12.2356
    0.0000   22.5000  -45.0000 9667.3076   12.2528
    7.5000   22.5000  -45.0000 9241.7158   12.2054
   -7.5000   30.0000  -45.0000 8852.7520   12.4274
    0.0000   30.0000  -45.0000 9161.7979   12.4492
    7.5000   30.0000  -45.0000 8757.0381   12.4036
   -7.5000   37.5000  -45.0000 8627.3281   12.7645
    0.0000   37.5000  -45.0000 8923.2510   12.7909
    7.5000   37.5000  -45.0000 8535.4951   12.7462
   -7.5000   45.0000  -45.0000 8053.4404   12.7973
    0.0000   45.0000  -45.0000 8319.5811   12.8254
    7.5000   45.0000  -45.0000 7970.4229   12.7757
   -7.5000  -45.0000  -37.5000 8553.8340   12.1000
    0.0000  -45.0000  -37.5000 8937.2129   12.1349
    7.5000  -45.0000  -37.5000 8548.0645   12.0890
   -7.5000  -37.5000  -37.5000 8850.8691   11.9450
    0.0000  -37.5000  -37.5000 9191.2900   11.9725
    7.5000  -37.5000  -37.5000 8826.4502   11.9259
   -7.5000  -30.0000  -37.5000 9275.3457   11.7803
    0.0000  -30.0000  -37.5000 9592.2617   11.8034
    7.5000  -30.0000  -37.5000 9236.6738   11.7596
   -7.5000  -22.5000  -37.5000 9769.5703   11.6715
    0.0000  -22.5000  -37.500010127.3955   11.6964
    7.5000  -22.5000  -37.5000 9718.4199   11.6547
   -7.5000  -15.0000  -37.500010301.6943   11.6508
    0.0000  -15.0000  -37.500010711.2266   11.6823
    7.5000  -15.0000  -37.500010254.6016   11.6414
   -7.5000   -7.5000  -37.500010842.5781   11.6388
    0.0000   -7.5000  -37.500011323.7100   11.6739
    7.5000   -7.5000  -37.500010808.5771   11.6328
   -7.5000    0.0000  -37.500011353.0732   11.6338
    0.0000    0.0000  -37.500011834.7666   11.6656
    7.5000    0.0000  -37.500011306.0146   11.6221
   -7.5000    7.5000  -37.500010970.8926   11.6797
    0.0000    7.5000  -37.500011408.0469   11.7051
    7.5000    7.5000  -37.500010898.3213   11.6604
   -7.5000   15.0000  -37.500010473.5068   11.8629
    0.0000   15.0000  -37.500010848.2910   11.8832
    7.5000   15.0000  -37.500010351.2734   11.8394
   -7.5000   22.5000  -37.5000 9949.1221   12.1986
    0.0000   22.5000  -37.500010323.0156   12.2196
    7.5000   22.5000  -37.5000 9840.6719   12.1747
   -7.5000   30.0000  -37.5000 9390.0488   12.3926
    0.0000   30.0000  -37.5000 9757.8467   12.4218
    7.5000   30.0000  -37.5000 9302.1055   12.3762
   -7.5000   37.5000  -37.5000 9146.6611   12.7289
    0.0000   37.5000  -37.5000 9502.1055   12.7639
    7.5000   37.5000  -37.5000 9053.2422   12.7184
   -7.5000   45.0000  -37.5000 8563.8447   12.7605
    0.0000   45.0000  -37.5000 8882.3682   12.7961
    7.5000   45.0000  -37.5000 8462.3115   12.7482
   -7.5000  -45.0000  -30.0000 9150.4824   12.5585
    0.0000  -45.0000  -30.0000 9525.4707   12.5954
    7.5000  -45.0000  -30.0000 9147.8467   12.5480
   -7.5000  -37.5000  -30.0000 9455.4678   12.3940
    0.0000  -37.5000  -30.0000 9807.4580   12.4211
    7.5000  -37.5000  -30.0000 9438.2637   12.3755
   -7.5000  -30.0000  -30.0000 9957.4258   12.2240
    0.0000  -30.0000  -30.000010303.6270   12.2449
    7.5000  -30.0000  -30.0000 9932.3574   12.2023
   -7.5000  -22.5000  -30.000010527.9727   12.1149
    0.0000  -22.5000  -30.000010917.8047   12.1381
    7.5000  -22.5000  -30.000010517.0566   12.0956
   -7.5000  -15.0000  -30.000011132.7266   12.0977
    0.0000  -15.0000  -30.000011543.4453   12.1293
    7.5000  -15.0000  -30.000011094.3633   12.0855
   -7.5000   -7.5000  -30.000011767.3018   12.0850
    0.0000   -7.5000  -30.000012230.0449   12.1216
    7.5000   -7.5000  -30.000011695.4404   12.0773
   -7.5000    0.0000  -30.000012305.2520   12.0767
    0.0000    0.0000  -30.000012813.2100   12.1100
    7.5000    0.0000  -30.000012211.8086   12.0650
   -7.5000    7.5000  -30.000011842.4336   12.1206
    0.0000    7.5000  -30.000012334.0879   12.1455
    7.5000    7.5000  -30.000011729.5244   12.1015
   -7.5000   15.0000  -30.000011311.2314   12.3076
    0.0000   15.0000  -30.000011745.5908   12.3264
    7.5000   15.0000  -30.000011159.0879   12.2839
   -7.5000   22.5000  -30.000010760.8184   12.6555
    0.0000   22.5000  -30.000011209.0381   12.6759
    7.5000   22.5000  -30.000010606.2900   12.6307
   -7.5000   30.0000  -30.000010138.6221   12.8644
    0.0000   30.0000  -30.000010595.7441   12.8963
    7.5000   30.0000  -30.000010022.0918   12.8484
   -7.5000   37.5000  -30.0000 9861.6504   13.2160
    0.0000   37.5000  -30.000010299.2666   13.2539
    7.5000   37.5000  -30.0000 9746.0977   13.2045
   -7.5000   45.0000  -30.0000 9225.3672   13.2539
    0.0000   45.0000  -30.0000 9621.2266   13.2904
    7.5000   45.0000  -30.0000 9117.7715   13.2394
   -7.5000  -45.0000  -22.5000 9762.2881   12.9581
    0.0000  -45.0000  -22.500010147.3975   12.9895
    7.5000  -45.0000  -22.5000 9756.4453   12.9362
   -7.5000  -37.5000  -22.500010093.0664   12.7862
    0.0000  -37.5000  -22.500010470.1084   12.8087
    7.5000  -37.5000  -22.500010083.9678   12.7570
   -7.5000  -30.0000  -22.500010664.0938   12.6116
    0.0000  -30.0000  -22.500011064.3877   12.6282
    7.5000  -30.0000  -22.500010654.3555   12.5804
   -7.5000  -22.5000  -22.500011274.0566   12.4984
    0.0000  -22.5000  -22.500011711.3887   12.5169
    7.5000  -22.5000  -22.500011270.8779   12.4713
   -7.5000  -15.0000  -22.500011929.8555   12.4813
    0.0000  -15.0000  -22.500012394.2344   12.5073
    7.5000  -15.0000  -22.500011897.2158   12.4609
   -7.5000   -7.5000  -22.500012635.3037   12.4695
    0.0000   -7.5000  -22.500013154.7783   12.5001
    7.5000   -7.5000  -22.500012584.4580   12.4520
   -7.5000    0.0000  -22.500013230.1123   12.4610
    0.0000    0.0000  -22.500013815.9541   12.4891
    7.5000    0.0000  -22.500013128.2051   12.4388
   -7.5000    7.5000  -22.500012723.6660   12.5050
    0.0000    7.5000  -22.500013283.5303   12.5257
    7.5000    7.5000  -22.500012601.5635   12.4758
   -7.5000   15.0000  -22.500012113.8271   12.6951
    0.0000   15.0000  -22.500012622.1787   12.7099
    7.5000   15.0000  -22.500011950.5820   12.6622
   -7.5000   22.5000  -22.500011524.6367   13.0523
    0.0000   22.5000  -22.500012084.6006   13.0683
    7.5000   22.5000  -22.500011352.9316   13.0197
   -7.5000   30.0000  -22.500010872.4482   13.2731
    0.0000   30.0000  -22.500011452.0146   13.2996
    7.5000   30.0000  -22.500010723.8252   13.2491
   -7.5000   37.5000  -22.500010559.6514   13.6362
    0.0000   37.5000  -22.500011137.7246   13.6677
    7.5000   37.5000  -22.500010414.2529   13.6149
   -7.5000   45.0000  -22.5000 9837.6240   13.6800
    0.0000   45.0000  -22.500010384.8906   13.7090
    7.5000   45.0000  -22.5000 9719.9062   13.6524
   -7.5000  -45.0000  -15.000010406.5518   13.2734
    0.0000  -45.0000  -15.000010810.5479   13.2973
    7.5000  -45.0000  -15.000010415.9463   13.2381
   -7.5000  -37.5000  -15.000010750.7119   13.0987
    0.0000  -37.5000  -15.000011146.3340   13.1165
    7.5000  -37.5000  -15.000010766.2568   13.0562
   -7.5000  -30.0000  -15.000011397.2842   12.9195
    0.0000  -30.0000  -15.000011815.5479   12.9333
    7.5000  -30.0000  -15.000011420.5039   12.8776
   -7.5000  -22.5000  -15.000012048.6709   12.7988
    0.0000  -22.5000  -15.000012517.3984   12.8141
    7.5000  -22.5000  -15.000012066.7861   12.7645
   -7.5000  -15.0000  -15.000012729.9053   12.7778
    0.0000  -15.0000  -15.000013271.8555   12.7986
    7.5000  -15.0000  -15.000012720.2061   12.7512
   -7.5000   -7.5000  -15.000013461.8643   12.7677
    0.0000   -7.5000  -15.000014056.9551   12.7913
    7.5000   -7.5000  -15.000013439.2480   12.7413
   -7.5000    0.0000  -15.000014093.1025   12.7624
    0.0000    0.0000  -15.000014744.5361   12.7840
    7.5000    0.0000  -15.000014008.8857   12.7287
   -7.5000    7.5000  -15.000013538.6348   12.8098
    0.0000    7.5000  -15.000014180.5156   12.8262
    7.5000    7.5000  -15.000013422.1172   12.7683
   -7.5000   15.0000  -15.000012882.3613   13.0044
    0.0000   15.0000  -15.000013487.0098   13.0160
    7.5000   15.0000  -15.000012736.5322   12.9603
   -7.5000   22.5000  -15.000012277.8359   13.3673
    0.0000   22.5000  -15.000012900.5127   13.3792
    7.5000   22.5000  -15.000012086.0537   13.3261
   -7.5000   30.0000  -15.000011586.9854   13.5931
    0.0000   30.0000  -15.000012256.9463   13.6123
    7.5000   30.0000  -15.000011397.4248   13.5600
   -7.5000   37.5000  -15.000011226.5332   13.9651
    0.0000   37.5000  -15.000011936.6318   13.9881
    7.5000   37.5000  -15.000011072.1602   13.9342
   -7.5000   45.0000  -15.000010456.2578   14.0180
    0.0000   45.0000  -15.000011087.9570   14.0389
    7.5000   45.0000  -15.000010307.2803   13.9785
   -7.5000  -45.0000   -7.500011024.8945   13.4607
    0.0000  -45.0000   -7.500011470.8213   13.4848
    7.5000  -45.0000   -7.500011052.8027   13.4256
   -7.5000  -37.5000   -7.500011430.0645   13.2877
    0.0000  -37.5000   -7.500011881.7158   13.3070
    7.5000  -37.5000   -7.500011510.1562   13.2440
   -7.5000  -30.0000   -7.500012149.2559   13.1051
    0.0000  -30.0000   -7.500012625.6221   13.1220
    7.5000  -30.0000   -7.500012223.3008   13.0632
   -7.5000  -22.5000   -7.500012886.7656   12.9792
    0.0000  -22.5000   -7.500013423.4082   12.9973
    7.5000  -22.5000   -7.500012950.3389   12.9469
   -7.5000  -15.0000   -7.500013598.9365   12.9533
    0.0000  -15.0000   -7.500014191.6035   12.9761
    7.5000  -15.0000   -7.500013655.3086   12.9305
   -7.5000   -7.5000   -7.500014381.7637   12.9432
    0.0000   -7.5000   -7.500014980.4473   12.9678
    7.5000   -7.5000   -7.500014404.3359   12.9199
   -7.5000    0.0000   -7.500015001.1582   12.9411
    0.0000    0.0000   -7.500015636.1846   12.9633
    7.5000    0.0000   -7.500014933.8975   12.9081
   -7.5000    7.5000   -7.500014448.9785   12.9930
    0.0000    7.5000   -7.500015074.7725   13.0110
    7.5000    7.5000   -7.500014332.5352   12.9507
   -7.5000   15.0000   -7.500013781.9629   13.1936
    0.0000   15.0000   -7.500014460.0498   13.2073
    7.5000   15.0000   -7.500013643.4238   13.1485
   -7.5000   22.5000   -7.500013110.6504   13.5588
    0.0000   22.5000   -7.500013806.7168   13.5722
    7.5000   22.5000   -7.500012919.7227   13.5179
   -7.5000   30.0000   -7.500012329.5850   13.7833
    0.0000   30.0000   -7.500013022.2070   13.8017
    7.5000   30.0000   -7.500012135.3809   13.7504
   -7.5000   37.5000   -7.500011896.4502   14.1596
    0.0000   37.5000   -7.500012642.3877   14.1820
    7.5000   37.5000   -7.500011750.7646   14.1307
   -7.5000   45.0000   -7.500011090.5879   14.2216
    0.0000   45.0000   -7.500011775.1035   14.2441
    7.5000   45.0000   -7.500010928.3203   14.1853
   -7.5000  -45.0000    0.000011587.6016   13.5101
    0.0000  -45.0000    0.000012044.2891   13.5416
    7.5000  -45.0000    0.000011648.1230   13.4866
   -7.5000  -37.5000    0.000012050.7686   13.3393
    0.0000  -37.5000    0.000012541.7734   13.3655
    7.5000  -37.5000    0.000012152.0293   13.3066
   -7.5000  -30.0000    0.000012817.1055   13.1560
    0.0000  -30.0000    0.000013338.4834   13.1794
    7.5000  -30.0000    0.000012921.3721   13.1242
   -7.5000  -22.5000    0.000013582.0605   13.0304
    0.0000  -22.5000    0.000014151.9395   13.0551
    7.5000  -22.5000    0.000013687.5049   13.0066
   -7.5000  -15.0000    0.000014328.7012   13.0033
    0.0000  -15.0000    0.000014910.6562   13.0333
    7.5000  -15.0000    0.000014453.4668   12.9889
   -7.5000   -7.5000    0.000015092.2422   12.9913
    0.0000   -7.5000    0.000015683.9619   13.0235
    7.5000   -7.5000    0.000015191.0752   12.9780
   -7.5000    0.0000    0.000015736.0811   12.9890
    0.0000    0.0000    0.000016368.9863   13.0181
    7.5000    0.0000    0.000015760.4678   12.9665
   -7.5000    7.5000    0.000015246.3887   13.0428
    0.0000    7.5000    0.000015943.7197   13.0672
    7.5000    7.5000    0.000015212.7490   13.0110
   -7.5000   15.0000    0.000014649.6328   13.2475
    0.0000   15.0000    0.000015473.9795   13.2672
    7.5000   15.0000    0.000014541.6816   13.2120
   -7.5000   22.5000    0.000013970.6943   13.6151
    0.0000   22.5000    0.000014686.7891   13.6345
    7.5000   22.5000    0.000013765.7627   13.5820
   -7.5000   30.0000    0.000013106.9473   13.8380
    0.0000   30.0000    0.000013777.3545   13.8628
    7.5000   30.0000    0.000012892.0811   13.8125
   -7.5000   37.5000    0.000012606.2432   14.2145
    0.0000   37.5000    0.000013280.5449   14.2446
    7.5000   37.5000    0.000012427.7754   14.1953
   -7.5000   45.0000    0.000011708.1943   14.2809
    0.0000   45.0000    0.000012294.1094   14.3127
    7.5000   45.0000    0.000011548.4873   14.2576
   -7.5000  -45.0000    7.500011366.2129   13.5032
    0.0000  -45.0000    7.500011790.8906   13.5420
    7.5000  -45.0000    7.500011418.6602   13.4909
   -7.5000  -37.5000    7.500011791.7617   13.3308
    0.0000  -37.5000    7.500012274.5244   13.3613
    7.5000  -37.5000    7.500011873.9854   13.3094
   -7.5000  -30.0000    7.500012516.9258   13.1477
    0.0000  -30.0000    7.500013057.5352   13.1733
    7.5000  -30.0000    7.500012631.6436   13.1246
   -7.5000  -22.5000    7.500013230.6855   13.0267
    0.0000  -22.5000    7.500013800.6729   13.0543
    7.5000  -22.5000    7.500013350.5098   13.0078
   -7.5000  -15.0000    7.500013937.7100   13.0035
    0.0000  -15.0000    7.500014490.4316   13.0386
    7.5000  -15.0000    7.500014038.6670   12.9930
   -7.5000   -7.5000    7.500014617.7891   12.9900
    0.0000   -7.5000    7.500015155.5244   13.0291
    7.5000   -7.5000    7.500014729.0791   12.9833
   -7.5000    0.0000    7.500015254.7529   12.9842
    0.0000    0.0000    7.500015840.0879   13.0197
    7.5000    0.0000    7.500015363.7871   12.9713
   -7.5000    7.5000    7.500014879.4238   13.0354
    0.0000    7.5000    7.500015578.5430   13.0637
    7.5000    7.5000    7.500014932.9590   13.0139
   -7.5000   15.0000    7.500014294.4121   13.2396
    0.0000   15.0000    7.500014917.1357   13.2622
    7.5000   15.0000    7.500014241.7471   13.2134
   -7.5000   22.5000    7.500013581.8750   13.6091
    0.0000   22.5000    7.500014018.3086   13.6324
    7.5000   22.5000    7.500013437.3262   13.5825
   -7.5000   30.0000    7.500012820.6523   13.8350
    0.0000   30.0000    7.500013257.5312   13.8674
    7.5000   30.0000    7.500012630.9678   13.8166
   -7.5000   37.5000    7.500012342.2031   14.2105
    0.0000   37.5000    7.500012792.6797   14.2494
    7.5000   37.5000    7.500012185.2148   14.1987
   -7.5000   45.0000    7.500011408.2314   14.2740
    0.0000   45.0000    7.500011825.6797   14.3137
    7.5000   45.0000    7.500011300.9336   14.2601
   -7.5000  -45.0000   15.000010996.6963   13.4749
    0.0000  -45.0000   15.000011409.8467   13.5144
    7.5000  -45.0000   15.000011004.6953   13.4636
   -7.5000  -37.5000   15.000011414.5049   13.2988
    0.0000  -37.5000   15.000011861.5967   13.3277
    7.5000  -37.5000   15.000011445.1445   13.2789
   -7.5000  -30.0000   15.000012107.1660   13.1165
    0.0000  -30.0000   15.000012608.8232   13.1388
    7.5000  -30.0000   15.000012174.1211   13.0931
   -7.5000  -22.5000   15.000012804.6602   12.9992
    0.0000  -22.5000   15.000013340.4121   13.0241
    7.5000  -22.5000   15.000012865.9492   12.9785
   -7.5000  -15.0000   15.000013422.1162   12.9806
    0.0000  -15.0000   15.000013991.7373   13.0145
    7.5000  -15.0000   15.000013510.8574   12.9675
   -7.5000   -7.5000   15.000014020.8418   12.9670
    0.0000   -7.5000   15.000014595.0645   13.0063
    7.5000   -7.5000   15.000014111.8555   12.9588
   -7.5000    0.0000   15.000014592.8389   12.9584
    0.0000    0.0000   15.000015217.0537   12.9940
    7.5000    0.0000   15.000014716.6807   12.9458
   -7.5000    7.5000   15.000014237.3174   13.0056
    0.0000    7.5000   15.000014898.2998   13.0323
    7.5000    7.5000   15.000014347.3408   12.9852
   -7.5000   15.0000   15.000013665.7119   13.2061
    0.0000   15.0000   15.000014106.1318   13.2262
    7.5000   15.0000   15.000013695.9609   13.1807
   -7.5000   22.5000   15.000013014.1797   13.5757
    0.0000   22.5000   15.000013208.3438   13.5977
    7.5000   22.5000   15.000012948.8691   13.5491
   -7.5000   30.0000   15.000012365.5928   13.8063
    0.0000   30.0000   15.000012552.1201   13.8405
    7.5000   30.0000   15.000012228.3652   13.7892
   -7.5000   37.5000   15.000011960.7070   14.1815
    0.0000   37.5000   15.000012206.9736   14.2222
    7.5000   37.5000   15.000011807.7881   14.1693
   -7.5000   45.0000   15.000011046.9561   14.2395
    0.0000   45.0000   15.000011358.6191   14.2787
    7.5000   45.0000   15.000010953.4258   14.2240
   -7.5000  -45.0000   22.500010578.7617   13.4633
    0.0000  -45.0000   22.500010973.7676   13.4958
    7.5000  -45.0000   22.500010560.0068   13.4405
   -7.5000  -37.5000   22.500010942.2227   13.2850
    0.0000  -37.5000   22.500011375.8760   13.3083
    7.5000  -37.5000   22.500010932.2637   13.2546
   -7.5000  -30.0000   22.500011558.1885   13.1036
    0.0000  -30.0000   22.500012056.6348   13.1207
    7.5000  -30.0000   22.500011587.5498   13.0710
   -7.5000  -22.5000   22.500012193.5459   12.9855
    0.0000  -22.5000   22.500012734.6338   13.0045
    7.5000  -22.5000   22.500012226.3320   12.9570
   -7.5000  -15.0000   22.500012822.2930   12.9671
    0.0000  -15.0000   22.500013353.5986   12.9940
    7.5000  -15.0000   22.500012882.7422   12.9458
   -7.5000   -7.5000   22.500013436.7725   12.9548
    0.0000   -7.5000   22.500013942.1738   12.9865
    7.5000   -7.5000   22.500013509.5059   12.9366
   -7.5000    0.0000   22.500013995.3057   12.9464
    0.0000    0.0000   22.500014533.1553   12.9754
    7.5000    0.0000   22.500014088.6123   12.9233
   -7.5000    7.5000   22.500013582.0352   12.9926
    0.0000    7.5000   22.500014100.2910   13.0139
    7.5000    7.5000   22.500013695.6445   12.9621
   -7.5000   15.0000   22.500013033.7285   13.1905
    0.0000   15.0000   22.500013428.2695   13.2056
    7.5000   15.0000   22.500013112.8086   13.1560
   -7.5000   22.5000   22.500012514.4443   13.5595
    0.0000   22.5000   22.500012772.7861   13.5758
    7.5000   22.5000   22.500012534.4971   13.5252
   -7.5000   30.0000   22.500011878.1396   13.7917
    0.0000   30.0000   22.500012124.8555   13.8191
    7.5000   30.0000   22.500011829.9971   13.7666
   -7.5000   37.5000   22.500011448.1787   14.1648
    0.0000   37.5000   22.500011745.6504   14.1976
    7.5000   37.5000   22.500011369.5859   14.1429
   -7.5000   45.0000   22.500010592.7002   14.2182
    0.0000   45.0000   22.500010936.5303   14.2484
    7.5000   45.0000   22.500010509.2734   14.1897
   -7.5000  -45.0000   30.000010031.4961   13.4882
    0.0000  -45.0000   30.000010423.1221   13.5126
    7.5000  -45.0000   30.000010006.3779   13.4525
   -7.5000  -37.5000   30.000010357.5557   13.3108
    0.0000  -37.5000   30.000010766.8564   13.3288
    7.5000  -37.5000   30.000010349.4092   13.2675
   -7.5000  -30.0000   30.000010977.0830   13.1285
    0.0000  -30.0000   30.000011399.2812   13.1424
    7.5000  -30.0000   30.000010992.2715   13.0856
   -7.5000  -22.5000   30.000011582.8477   13.0054
    0.0000  -22.5000   30.000012006.7598   13.0207
    7.5000  -22.5000   30.000011614.8359   12.9702
   -7.5000  -15.0000   30.000012206.7314   12.9835
    0.0000  -15.0000   30.000012652.4385   13.0045
    7.5000  -15.0000   30.000012256.1006   12.9564
   -7.5000   -7.5000   30.000012797.4414   12.9730
    0.0000   -7.5000   30.000013299.4600   12.9970
    7.5000   -7.5000   30.000012865.1807   12.9463
   -7.5000    0.0000   30.000013305.1992   12.9678
    0.0000    0.0000   30.000013877.5918   12.9898
    7.5000    0.0000   30.000013413.8281   12.9337
   -7.5000    7.5000   30.000012826.7119   13.0165
    0.0000    7.5000   30.000013422.1953   13.0331
    7.5000    7.5000   30.000012939.0605   12.9743
   -7.5000   15.0000   30.000012248.6230   13.2150
    0.0000   15.0000   30.000012814.5967   13.2266
    7.5000   15.0000   30.000012323.0635   13.1698
   -7.5000   22.5000   30.000011684.3848   13.5831
    0.0000   22.5000   30.000012241.6768   13.5949
    7.5000   22.5000   30.000011737.5186   13.5408
   -7.5000   30.0000   30.000011065.9961   13.8126
    0.0000   30.0000   30.000011597.9404   13.8319
    7.5000   30.0000   30.000011071.4717   13.7788
   -7.5000   37.5000   30.000010645.3604   14.1847
    0.0000   37.5000   30.000011152.8037   14.2081
    7.5000   37.5000   30.000010634.4434   14.1534
   -7.5000   45.0000   30.0000 9844.0625   14.2365
    0.0000   45.0000   30.000010271.3926   14.2579
    7.5000   45.0000   30.0000 9799.3379   14.1967
   -7.5000  -45.0000   37.5000 9859.1230   13.5386
    0.0000  -45.0000   37.500010204.5186   13.5623
    7.5000  -45.0000   37.5000 9831.9580   13.5022
   -7.5000  -37.5000   37.500010146.2900   13.3640
    0.0000  -37.5000   37.500010519.5879   13.3828
    7.5000  -37.5000   37.500010137.8799   13.3189
   -7.5000  -30.0000   37.500010727.0127   13.1796
    0.0000  -30.0000   37.500011159.0264   13.1959
    7.5000  -30.0000   37.500010757.6367   13.1364
   -7.5000  -22.5000   37.500011289.7715   13.0523
    0.0000  -22.5000   37.500011771.1709   13.0699
    7.5000  -22.5000   37.500011372.7021   13.0189
   -7.5000  -15.0000   37.500011891.2812   13.0263
    0.0000  -15.0000   37.500012444.7588   13.0488
    7.5000  -15.0000   37.500012013.4072   13.0025
   -7.5000   -7.5000   37.500012466.1201   13.0163
    0.0000   -7.5000   37.500013100.0186   13.0407
    7.5000   -7.5000   37.500012619.2236   12.9920
   -7.5000    0.0000   37.500012948.6777   13.0145
    0.0000    0.0000   37.500013649.5391   13.0363
    7.5000    0.0000   37.500013100.6338   12.9803
   -7.5000    7.5000   37.500012468.0176   13.0668
    0.0000    7.5000   37.500013090.6611   13.0842
    7.5000    7.5000   37.500012540.2959   13.0231
   -7.5000   15.0000   37.500011875.8760   13.2690
    0.0000   15.0000   37.500012415.1182   13.2820
    7.5000   15.0000   37.500011878.1191   13.2225
   -7.5000   22.5000   37.500011270.4727   13.6374
    0.0000   22.5000   37.500011760.4619   13.6502
    7.5000   22.5000   37.500011237.9844   13.5952
   -7.5000   30.0000   37.500010582.8359   13.8616
    0.0000   30.0000   37.500011028.5098   13.8796
    7.5000   30.0000   37.500010555.8877   13.8275
   -7.5000   37.5000   37.500010184.3311   14.2333
    0.0000   37.5000   37.500010604.8174   14.2554
    7.5000   37.5000   37.500010165.0205   14.2034
   -7.5000   45.0000   37.5000 9409.4717   14.2885
    0.0000   45.0000   37.5000 9805.5898   14.3110
    7.5000   45.0000   37.5000 9405.0732   14.2520
   -7.5000  -45.0000   45.0000 9065.5186   13.5095
    0.0000  -45.0000   45.0000 9428.1797   13.5401
    7.5000  -45.0000   45.0000 9091.1289   13.4845
   -7.5000  -37.5000   45.0000 9320.0479   13.3378
    0.0000  -37.5000   45.0000 9714.7588   13.3631
    7.5000  -37.5000   45.0000 9353.9160   13.3037
   -7.5000  -30.0000   45.0000 9876.9297   13.1531
    0.0000  -30.0000   45.000010334.2451   13.1755
    7.5000  -30.0000   45.0000 9922.6787   13.1200
   -7.5000  -22.5000   45.000010441.5645   13.0265
    0.0000  -22.5000   45.000010941.1094   13.0504
    7.5000  -22.5000   45.000010493.6426   13.0014
   -7.5000  -15.0000   45.000011001.6719   12.9996
    0.0000  -15.0000   45.000011549.6338   13.0288
    7.5000  -15.0000   45.000011046.7783   12.9838
   -7.5000   -7.5000   45.000011509.0117   12.9882
    0.0000   -7.5000   45.000012078.6523   13.0196
    7.5000   -7.5000   45.000011566.4336   12.9736
   -7.5000    0.0000   45.000011941.6396   12.9866
    0.0000    0.0000   45.000012540.5244   13.0147
    7.5000    0.0000   45.000011982.8594   12.9626
   -7.5000    7.5000   45.000011444.3633   13.0404
    0.0000    7.5000   45.000011974.2783   13.0639
    7.5000    7.5000   45.000011451.0684   13.0072
   -7.5000   15.0000   45.000010858.2617   13.2459
    0.0000   15.0000   45.000011327.2520   13.2646
    7.5000   15.0000   45.000010833.0010   13.2089
   -7.5000   22.5000   45.000010281.1406   13.6152
    0.0000   22.5000   45.000010703.4717   13.6337
    7.5000   22.5000   45.000010233.9521   13.5806
   -7.5000   30.0000   45.0000 9612.6514   13.8343
    0.0000   30.0000   45.0000 9984.6104   13.8584
    7.5000   30.0000   45.0000 9589.9727   13.8073
   -7.5000   37.5000   45.0000 9287.3291   14.2036
    0.0000   37.5000   45.0000 9643.4980   14.2329
    7.5000   37.5000   45.0000 9254.9883   14.1831
   -7.5000   45.0000   45.0000 8621.8008   14.2696
    0.0000   45.0000   45.0000 8984.1895   14.3011
    7.5000   45.0000   45.0000 8604.8320   14.2458

---------------------------------------------------------------------
imgreg_4dfp /opt/freesurfer/average/711-2C_as_mni_average_305 /opt/freesurfer/average/711-2B_as_mni_average_305_mask talsrcimg_g11 none talsrcimg_to_711-2C_as_mni_average_305_t4 4355
---------------------------------------------------------------------

freesurfer imgreg_4dfp.c
/opt/freesurfer/average/711-2C_as_mni_average_305.4dfp.img
       256       256       256         1
  1.000000  1.000000  1.000000
orientation T byte_order littleendian
Reading image: /opt/freesurfer/average/711-2C_as_mni_average_305.4dfp.img
dimensions:      256       256       256
mmppix:       1.0000   -1.0000   -1.0000
center:     128.0000 -129.0000 -129.0000
/opt/freesurfer/average/711-2B_as_mni_average_305_mask.4dfp.img
       256       256       256         1
  1.000000  1.000000  1.000000
orientation T byte_order littleendian
Reading mask: /opt/freesurfer/average/711-2B_as_mni_average_305_mask.4dfp.img (2306576 pixels)
talsrcimg_g11.4dfp.img
       256       256       256         1
  1.000000  1.000000  1.000000
orientation T byte_order littleendian
Reading image: talsrcimg_g11.4dfp.img
dimensions:      256       256       256
mmppix:       1.0000   -1.0000   -1.0000
center:     128.0000 -129.0000 -129.0000
rotation matrix determinant  1.000000
image alignment mode   4355 decimal     1103 hex
   -7.5000  -45.0000  -45.0000 2010.9862   17.9771
    0.0000  -45.0000  -45.0000 2037.0240   17.8167
    7.5000  -45.0000  -45.0000 2021.0500   17.8896
   -7.5000  -37.5000  -45.0000 2014.4160   17.8610
    0.0000  -37.5000  -45.0000 2038.0730   17.7549
    7.5000  -37.5000  -45.0000 2025.2080   17.8180
   -7.5000  -30.0000  -45.0000 2012.8766   17.7767
    0.0000  -30.0000  -45.0000 2028.8297   17.5906
    7.5000  -30.0000  -45.0000 2021.8322   17.6884
   -7.5000  -22.5000  -45.0000 2021.5922   17.5998
    0.0000  -22.5000  -45.0000 2030.9600   17.3514
    7.5000  -22.5000  -45.0000 2023.5963   17.5441
   -7.5000  -15.0000  -45.0000 2033.4081   17.4136
    0.0000  -15.0000  -45.0000 2043.3699   17.1723
    7.5000  -15.0000  -45.0000 2034.5815   17.3492
   -7.5000   -7.5000  -45.0000 2048.4717   17.2093
    0.0000   -7.5000  -45.0000 2063.2251   17.0360
    7.5000   -7.5000  -45.0000 2046.3280   17.1572
   -7.5000    0.0000  -45.0000 2063.1289   17.0469
    0.0000    0.0000  -45.0000 2077.4019   16.9257
    7.5000    0.0000  -45.0000 2067.1575   17.0325
   -7.5000    7.5000  -45.0000 2075.0391   17.0091
    0.0000    7.5000  -45.0000 2088.9641   16.8989
    7.5000    7.5000  -45.0000 2078.4194   16.9607
   -7.5000   15.0000  -45.0000 2064.6809   17.0376
    0.0000   15.0000  -45.0000 2072.3259   16.8787
    7.5000   15.0000  -45.0000 2063.9233   16.9846
   -7.5000   22.5000  -45.0000 2050.2358   17.1082
    0.0000   22.5000  -45.0000 2061.3210   16.9191
    7.5000   22.5000  -45.0000 2052.5715   17.1504
   -7.5000   30.0000  -45.0000 2032.3285   17.4004
    0.0000   30.0000  -45.0000 2045.2476   17.1944
    7.5000   30.0000  -45.0000 2037.8043   17.4395
   -7.5000   37.5000  -45.0000 2012.8723   18.0237
    0.0000   37.5000  -45.0000 2031.1382   17.7571
    7.5000   37.5000  -45.0000 2014.7726   18.0513
   -7.5000   45.0000  -45.0000 1977.7773   18.9159
    0.0000   45.0000  -45.0000 1994.7771   18.5878
    7.5000   45.0000  -45.0000 1981.9249   18.8649
   -7.5000  -45.0000  -37.5000 2110.0474   16.4140
    0.0000  -45.0000  -37.5000 2131.6138   16.2897
    7.5000  -45.0000  -37.5000 2114.4727   16.4426
   -7.5000  -37.5000  -37.5000 2109.0156   16.2392
    0.0000  -37.5000  -37.5000 2125.6665   16.1798
    7.5000  -37.5000  -37.5000 2110.5881   16.2733
   -7.5000  -30.0000  -37.5000 2106.9729   16.1145
    0.0000  -30.0000  -37.5000 2113.1770   15.9768
    7.5000  -30.0000  -37.5000 2102.2290   16.0859
   -7.5000  -22.5000  -37.5000 2115.5161   15.9337
    0.0000  -22.5000  -37.5000 2125.7844   15.7596
    7.5000  -22.5000  -37.5000 2113.1360   15.8704
   -7.5000  -15.0000  -37.5000 2134.6448   15.6957
    0.0000  -15.0000  -37.5000 2151.9453   15.5647
    7.5000  -15.0000  -37.5000 2128.7568   15.6424
   -7.5000   -7.5000  -37.5000 2152.8491   15.5354
    0.0000   -7.5000  -37.5000 2178.1743   15.4038
    7.5000   -7.5000  -37.5000 2151.1357   15.5437
   -7.5000    0.0000  -37.5000 2171.6692   15.4326
    0.0000    0.0000  -37.5000 2192.5442   15.3519
    7.5000    0.0000  -37.5000 2175.7144   15.4388
   -7.5000    7.5000  -37.5000 2178.6382   15.3445
    0.0000    7.5000  -37.5000 2196.8755   15.2975
    7.5000    7.5000  -37.5000 2187.2332   15.3444
   -7.5000   15.0000  -37.5000 2171.7659   15.3965
    0.0000   15.0000  -37.5000 2184.2383   15.2991
    7.5000   15.0000  -37.5000 2175.6018   15.3402
   -7.5000   22.5000  -37.5000 2155.2532   15.4987
    0.0000   22.5000  -37.5000 2174.7810   15.4073
    7.5000   22.5000  -37.5000 2163.7947   15.4840
   -7.5000   30.0000  -37.5000 2129.6863   15.7829
    0.0000   30.0000  -37.5000 2149.5178   15.7352
    7.5000   30.0000  -37.5000 2134.9265   15.8417
   -7.5000   37.5000  -37.5000 2105.9329   16.3393
    0.0000   37.5000  -37.5000 2128.5781   16.2088
    7.5000   37.5000  -37.5000 2106.2251   16.3768
   -7.5000   45.0000  -37.5000 2071.7966   17.0825
    0.0000   45.0000  -37.5000 2093.0491   16.9039
    7.5000   45.0000  -37.5000 2072.0884   17.0756
   -7.5000  -45.0000  -30.0000 2223.9668   15.6018
    0.0000  -45.0000  -30.0000 2247.4880   15.4921
    7.5000  -45.0000  -30.0000 2233.3645   15.6146
   -7.5000  -37.5000  -30.0000 2221.2354   15.3925
    0.0000  -37.5000  -30.0000 2239.8040   15.2165
    7.5000  -37.5000  -30.0000 2232.8857   15.4330
   -7.5000  -30.0000  -30.0000 2227.4648   15.1849
    0.0000  -30.0000  -30.0000 2239.9468   15.0522
    7.5000  -30.0000  -30.0000 2231.9092   15.2086
   -7.5000  -22.5000  -30.0000 2242.8376   14.9864
    0.0000  -22.5000  -30.0000 2265.1658   14.8822
    7.5000  -22.5000  -30.0000 2251.2383   14.9398
   -7.5000  -15.0000  -30.0000 2266.7136   14.7331
    0.0000  -15.0000  -30.0000 2286.3850   14.6390
    7.5000  -15.0000  -30.0000 2267.6831   14.7136
   -7.5000   -7.5000  -30.0000 2299.5205   14.5282
    0.0000   -7.5000  -30.0000 2323.0125   14.4487
    7.5000   -7.5000  -30.0000 2298.0437   14.5392
   -7.5000    0.0000  -30.0000 2318.0156   14.4144
    0.0000    0.0000  -30.0000 2339.7195   14.3558
    7.5000    0.0000  -30.0000 2315.6299   14.3912
   -7.5000    7.5000  -30.0000 2317.9744   14.3727
    0.0000    7.5000  -30.0000 2336.8899   14.3368
    7.5000    7.5000  -30.0000 2321.2751   14.3299
   -7.5000   15.0000  -30.0000 2312.2268   14.3721
    0.0000   15.0000  -30.0000 2335.8928   14.3828
    7.5000   15.0000  -30.0000 2314.4321   14.3478
   -7.5000   22.5000  -30.0000 2303.1528   14.4888
    0.0000   22.5000  -30.0000 2334.8521   14.5103
    7.5000   22.5000  -30.0000 2306.7798   14.4870
   -7.5000   30.0000  -30.0000 2286.3176   14.8148
    0.0000   30.0000  -30.0000 2316.0674   14.8049
    7.5000   30.0000  -30.0000 2290.1919   14.8461
   -7.5000   37.5000  -30.0000 2261.3091   15.3528
    0.0000   37.5000  -30.0000 2285.0471   15.3098
    7.5000   37.5000  -30.0000 2262.6863   15.3709
   -7.5000   45.0000  -30.0000 2220.0325   16.0776
    0.0000   45.0000  -30.0000 2243.9978   16.0084
    7.5000   45.0000  -30.0000 2225.2507   16.0236
   -7.5000  -45.0000  -22.5000 2324.4717   14.7168
    0.0000  -45.0000  -22.5000 2341.3508   14.6245
    7.5000  -45.0000  -22.5000 2330.2219   14.7402
   -7.5000  -37.5000  -22.5000 2322.8738   14.4399
    0.0000  -37.5000  -22.5000 2337.7168   14.3156
    7.5000  -37.5000  -22.5000 2334.1287   14.4987
   -7.5000  -30.0000  -22.5000 2326.7451   14.2093
    0.0000  -30.0000  -22.5000 2349.9304   14.1006
    7.5000  -30.0000  -22.5000 2340.4324   14.2156
   -7.5000  -22.5000  -22.5000 2344.1880   13.9930
    0.0000  -22.5000  -22.5000 2368.2490   13.9117
    7.5000  -22.5000  -22.5000 2357.0764   13.9959
   -7.5000  -15.0000  -22.5000 2366.6770   13.7707
    0.0000  -15.0000  -22.5000 2390.5488   13.6892
    7.5000  -15.0000  -22.5000 2371.4568   13.7694
   -7.5000   -7.5000  -22.5000 2409.0815   13.5145
    0.0000   -7.5000  -22.5000 2429.4421   13.4776
    7.5000   -7.5000  -22.5000 2406.2231   13.4986
   -7.5000    0.0000  -22.5000 2431.3047   13.3572
    0.0000    0.0000  -22.5000 2452.0955   13.3644
    7.5000    0.0000  -22.5000 2427.4304   13.3514
   -7.5000    7.5000  -22.5000 2437.8296   13.3220
    0.0000    7.5000  -22.5000 2460.9360   13.3283
    7.5000    7.5000  -22.5000 2440.0869   13.2810
   -7.5000   15.0000  -22.5000 2436.2388   13.3620
    0.0000   15.0000  -22.5000 2461.1382   13.3644
    7.5000   15.0000  -22.5000 2438.1777   13.3369
   -7.5000   22.5000  -22.5000 2434.8560   13.4968
    0.0000   22.5000  -22.5000 2469.6775   13.5338
    7.5000   22.5000  -22.5000 2433.5420   13.4988
   -7.5000   30.0000  -22.5000 2425.2922   13.8545
    0.0000   30.0000  -22.5000 2459.6313   13.8866
    7.5000   30.0000  -22.5000 2426.8542   13.8477
   -7.5000   37.5000  -22.5000 2400.1104   14.3612
    0.0000   37.5000  -22.5000 2432.5420   14.3982
    7.5000   37.5000  -22.5000 2397.2791   14.3682
   -7.5000   45.0000  -22.5000 2351.5740   15.0963
    0.0000   45.0000  -22.5000 2388.2976   15.1514
    7.5000   45.0000  -22.5000 2352.7991   15.0782
   -7.5000  -45.0000  -15.0000 2398.9014   13.9012
    0.0000  -45.0000  -15.0000 2411.3787   13.7636
    7.5000  -45.0000  -15.0000 2404.8291   13.9131
   -7.5000  -37.5000  -15.0000 2396.6663   13.6329
    0.0000  -37.5000  -15.0000 2414.4817   13.4561
    7.5000  -37.5000  -15.0000 2408.6560   13.6508
   -7.5000  -30.0000  -15.0000 2405.0642   13.3568
    0.0000  -30.0000  -15.0000 2428.6355   13.2201
    7.5000  -30.0000  -15.0000 2417.5457   13.3712
   -7.5000  -22.5000  -15.0000 2421.0413   13.1543
    0.0000  -22.5000  -15.0000 2444.7798   13.0286
    7.5000  -22.5000  -15.0000 2435.0127   13.1570
   -7.5000  -15.0000  -15.0000 2444.3445   12.8623
    0.0000  -15.0000  -15.0000 2468.4646   12.7642
    7.5000  -15.0000  -15.0000 2452.8242   12.8515
   -7.5000   -7.5000  -15.0000 2487.6687   12.6221
    0.0000   -7.5000  -15.0000 2511.9507   12.5649
    7.5000   -7.5000  -15.0000 2491.0779   12.5782
   -7.5000    0.0000  -15.0000 2519.1711   12.4821
    0.0000    0.0000  -15.0000 2549.4839   12.4547
    7.5000    0.0000  -15.0000 2520.3486   12.4423
   -7.5000    7.5000  -15.0000 2536.4751   12.4404
    0.0000    7.5000  -15.0000 2565.0349   12.4274
    7.5000    7.5000  -15.0000 2538.4890   12.3748
   -7.5000   15.0000  -15.0000 2541.1194   12.5148
    0.0000   15.0000  -15.0000 2568.0930   12.5426
    7.5000   15.0000  -15.0000 2542.0732   12.4787
   -7.5000   22.5000  -15.0000 2546.0393   12.6914
    0.0000   22.5000  -15.0000 2579.7781   12.7519
    7.5000   22.5000  -15.0000 2539.5679   12.7000
   -7.5000   30.0000  -15.0000 2535.4092   13.0110
    0.0000   30.0000  -15.0000 2578.0264   13.0751
    7.5000   30.0000  -15.0000 2531.9302   13.0270
   -7.5000   37.5000  -15.0000 2507.0984   13.5415
    0.0000   37.5000  -15.0000 2552.1296   13.6211
    7.5000   37.5000  -15.0000 2508.3416   13.5205
   -7.5000   45.0000  -15.0000 2452.8337   14.2703
    0.0000   45.0000  -15.0000 2499.5212   14.3401
    7.5000   45.0000  -15.0000 2455.4670   14.2391
   -7.5000  -45.0000   -7.5000 2457.5081   13.1298
    0.0000  -45.0000   -7.5000 2470.0430   12.9924
    7.5000  -45.0000   -7.5000 2461.9155   13.1802
   -7.5000  -37.5000   -7.5000 2467.5750   12.8528
    0.0000  -37.5000   -7.5000 2488.8145   12.6985
    7.5000  -37.5000   -7.5000 2478.1895   12.8922
   -7.5000  -30.0000   -7.5000 2475.7991   12.6429
    0.0000  -30.0000   -7.5000 2499.8638   12.4865
    7.5000  -30.0000   -7.5000 2485.4700   12.6875
   -7.5000  -22.5000   -7.5000 2491.0569   12.3931
    0.0000  -22.5000   -7.5000 2511.8018   12.2816
    7.5000  -22.5000   -7.5000 2502.1653   12.4252
   -7.5000  -15.0000   -7.5000 2516.5784   12.1009
    0.0000  -15.0000   -7.5000 2537.0161   12.0015
    7.5000  -15.0000   -7.5000 2523.0806   12.1054
   -7.5000   -7.5000   -7.5000 2560.7720   11.8838
    0.0000   -7.5000   -7.5000 2581.6169   11.7895
    7.5000   -7.5000   -7.5000 2567.0090   11.8761
   -7.5000    0.0000   -7.5000 2599.7693   11.7506
    0.0000    0.0000   -7.5000 2622.7463   11.6727
    7.5000    0.0000   -7.5000 2599.4299   11.7054
   -7.5000    7.5000   -7.5000 2624.5386   11.7055
    0.0000    7.5000   -7.5000 2647.6567   11.6927
    7.5000    7.5000   -7.5000 2623.4336   11.6596
   -7.5000   15.0000   -7.5000 2636.6196   11.8097
    0.0000   15.0000   -7.5000 2667.4836   11.8238
    7.5000   15.0000   -7.5000 2636.3262   11.7757
   -7.5000   22.5000   -7.5000 2638.7827   12.0153
    0.0000   22.5000   -7.5000 2680.0249   12.0629
    7.5000   22.5000   -7.5000 2636.0198   12.0275
   -7.5000   30.0000   -7.5000 2621.9465   12.3560
    0.0000   30.0000   -7.5000 2671.6611   12.4078
    7.5000   30.0000   -7.5000 2623.3911   12.3561
   -7.5000   37.5000   -7.5000 2589.5107   12.8233
    0.0000   37.5000   -7.5000 2639.3237   12.8885
    7.5000   37.5000   -7.5000 2598.3394   12.8327
   -7.5000   45.0000   -7.5000 2533.7483   13.5363
    0.0000   45.0000   -7.5000 2580.0300   13.5461
    7.5000   45.0000   -7.5000 2538.9253   13.5225
   -7.5000  -45.0000    0.0000 2516.2046   12.5731
    0.0000  -45.0000    0.0000 2528.6956   12.4020
    7.5000  -45.0000    0.0000 2520.9780   12.6337
   -7.5000  -37.5000    0.0000 2530.9685   12.2728
    0.0000  -37.5000    0.0000 2553.6104   12.1142
    7.5000  -37.5000    0.0000 2539.0068   12.3751
   -7.5000  -30.0000    0.0000 2541.2288   12.0473
    0.0000  -30.0000    0.0000 2565.3994   11.9072
    7.5000  -30.0000    0.0000 2545.9492   12.1287
   -7.5000  -22.5000    0.0000 2556.1167   11.7660
    0.0000  -22.5000    0.0000 2573.0854   11.6543
    7.5000  -22.5000    0.0000 2558.2217   11.8452
   -7.5000  -15.0000    0.0000 2579.0601   11.4996
    0.0000  -15.0000    0.0000 2592.5867   11.3831
    7.5000  -15.0000    0.0000 2582.4458   11.5561
   -7.5000   -7.5000    0.0000 2613.3965   11.2808
    0.0000   -7.5000    0.0000 2633.4075   11.1619
    7.5000   -7.5000    0.0000 2624.2153   11.3374
   -7.5000    0.0000    0.0000 2646.8069   11.1774
    0.0000    0.0000    0.0000 2674.3069   11.0894
    7.5000    0.0000    0.0000 2650.3191   11.1898
   -7.5000    7.5000    0.0000 2680.4023   11.1841
    0.0000    7.5000    0.0000 2715.7434   11.1175
    7.5000    7.5000    0.0000 2686.7375   11.1621
   -7.5000   15.0000    0.0000 2709.9297   11.3304
    0.0000   15.0000    0.0000 2758.0510   11.3025
    7.5000   15.0000    0.0000 2712.7776   11.2996
   -7.5000   22.5000    0.0000 2720.9033   11.5355
    0.0000   22.5000    0.0000 2777.6809   11.5085
    7.5000   22.5000    0.0000 2720.9172   11.5117
   -7.5000   30.0000    0.0000 2703.0898   11.8500
    0.0000   30.0000    0.0000 2762.6819   11.8252
    7.5000   30.0000    0.0000 2703.9866   11.8368
   -7.5000   37.5000    0.0000 2663.3113   12.3221
    0.0000   37.5000    0.0000 2711.8667   12.2748
    7.5000   37.5000    0.0000 2676.7493   12.3132
   -7.5000   45.0000    0.0000 2599.6514   12.9889
    0.0000   45.0000    0.0000 2631.8740   12.9160
    7.5000   45.0000    0.0000 2605.1489   12.9651
   -7.5000  -45.0000    7.5000 2568.9509   12.2656
    0.0000  -45.0000    7.5000 2579.8855   12.0898
    7.5000  -45.0000    7.5000 2571.5857   12.3353
   -7.5000  -37.5000    7.5000 2585.9351   11.9488
    0.0000  -37.5000    7.5000 2604.7908   11.7678
    7.5000  -37.5000    7.5000 2592.5640   12.0449
   -7.5000  -30.0000    7.5000 2594.6699   11.6488
    0.0000  -30.0000    7.5000 2622.3752   11.4821
    7.5000  -30.0000    7.5000 2602.3042   11.7329
   -7.5000  -22.5000    7.5000 2602.7488   11.3554
    0.0000  -22.5000    7.5000 2628.0627   11.2098
    7.5000  -22.5000    7.5000 2608.0652   11.4462
   -7.5000  -15.0000    7.5000 2617.3774   11.1024
    0.0000  -15.0000    7.5000 2638.2280   10.9449
    7.5000  -15.0000    7.5000 2621.0891   11.1748
   -7.5000   -7.5000    7.5000 2652.1191   10.9050
    0.0000   -7.5000    7.5000 2671.9680   10.7377
    7.5000   -7.5000    7.5000 2658.7480   10.9364
   -7.5000    0.0000    7.5000 2686.8369   10.8129
    0.0000    0.0000    7.5000 2709.0706   10.6434
    7.5000    0.0000    7.5000 2694.2358   10.8294
   -7.5000    7.5000    7.5000 2728.9084   10.8754
    0.0000    7.5000    7.5000 2762.8987   10.7181
    7.5000    7.5000    7.5000 2736.0015   10.8562
   -7.5000   15.0000    7.5000 2762.1919   11.0380
    0.0000   15.0000    7.5000 2811.1428   10.8757
    7.5000   15.0000    7.5000 2765.5596   10.9895
   -7.5000   22.5000    7.5000 2787.4170   11.1607
    0.0000   22.5000    7.5000 2847.8711   10.9180
    7.5000   22.5000    7.5000 2785.9546   11.1388
   -7.5000   30.0000    7.5000 2779.5920   11.5109
    0.0000   30.0000    7.5000 2833.5039   11.2276
    7.5000   30.0000    7.5000 2777.0195   11.4713
   -7.5000   37.5000    7.5000 2728.7109   12.0485
    0.0000   37.5000    7.5000 2769.4275   11.8721
    7.5000   37.5000    7.5000 2741.9746   11.9849
   -7.5000   45.0000    7.5000 2646.0840   12.7184
    0.0000   45.0000    7.5000 2674.7068   12.5725
    7.5000   45.0000    7.5000 2658.8589   12.6561
   -7.5000  -45.0000   15.0000 2595.9695   12.1368
    0.0000  -45.0000   15.0000 2603.7827   11.9858
    7.5000  -45.0000   15.0000 2591.5679   12.1962
   -7.5000  -37.5000   15.0000 2611.9194   11.8215
    0.0000  -37.5000   15.0000 2627.7239   11.6321
    7.5000  -37.5000   15.0000 2609.9277   11.8441
   -7.5000  -30.0000   15.0000 2620.5242   11.4491
    0.0000  -30.0000   15.0000 2644.7981   11.2433
    7.5000  -30.0000   15.0000 2622.6438   11.5266
   -7.5000  -22.5000   15.0000 2629.4573   11.1589
    0.0000  -22.5000   15.0000 2654.3162   10.9749
    7.5000  -22.5000   15.0000 2632.1042   11.2292
   -7.5000  -15.0000   15.0000 2633.6895   10.9077
    0.0000  -15.0000   15.0000 2660.3562   10.7181
    7.5000  -15.0000   15.0000 2640.2378   10.9466
   -7.5000   -7.5000   15.0000 2659.7517   10.7146
    0.0000   -7.5000   15.0000 2690.1533   10.5191
    7.5000   -7.5000   15.0000 2666.8621   10.7221
   -7.5000    0.0000   15.0000 2690.2371   10.6424
    0.0000    0.0000   15.0000 2724.6470   10.4368
    7.5000    0.0000   15.0000 2698.2598   10.6322
   -7.5000    7.5000   15.0000 2738.3196   10.7243
    0.0000    7.5000   15.0000 2772.5076   10.5018
    7.5000    7.5000   15.0000 2746.5818   10.6946
   -7.5000   15.0000   15.0000 2763.2664   10.9257
    0.0000   15.0000   15.0000 2807.5474   10.6397
    7.5000   15.0000   15.0000 2776.6223   10.8598
   -7.5000   22.5000   15.0000 2799.1968   11.0413
    0.0000   22.5000   15.0000 2841.5933   10.5829
    7.5000   22.5000   15.0000 2803.4231   10.9839
   -7.5000   30.0000   15.0000 2814.3733   11.4013
    0.0000   30.0000   15.0000 2856.2700   10.9317
    7.5000   30.0000   15.0000 2811.2742   11.3411
   -7.5000   37.5000   15.0000 2756.9739   12.0462
    0.0000   37.5000   15.0000 2793.4243   11.7060
    7.5000   37.5000   15.0000 2764.1057   11.9563
   -7.5000   45.0000   15.0000 2660.2776   12.7750
    0.0000   45.0000   15.0000 2692.1013   12.5407
    7.5000   45.0000   15.0000 2673.5483   12.6621
   -7.5000  -45.0000   22.5000 2598.1606   12.2532
    0.0000  -45.0000   22.5000 2605.8943   12.0554
    7.5000  -45.0000   22.5000 2586.4082   12.2103
   -7.5000  -37.5000   22.5000 2610.3286   11.8226
    0.0000  -37.5000   22.5000 2618.8713   11.6463
    7.5000  -37.5000   22.5000 2603.4285   11.7959
   -7.5000  -30.0000   22.5000 2617.0513   11.4138
    0.0000  -30.0000   22.5000 2636.4524   11.2361
    7.5000  -30.0000   22.5000 2612.1423   11.4510
   -7.5000  -22.5000   22.5000 2626.0251   11.0687
    0.0000  -22.5000   22.5000 2655.5647   10.9031
    7.5000  -22.5000   22.5000 2624.6267   11.1328
   -7.5000  -15.0000   22.5000 2635.4963   10.8736
    0.0000  -15.0000   22.5000 2665.4971   10.6886
    7.5000  -15.0000   22.5000 2636.9167   10.9018
   -7.5000   -7.5000   22.5000 2656.4648   10.7363
    0.0000   -7.5000   22.5000 2686.7747   10.5201
    7.5000   -7.5000   22.5000 2660.6604   10.7339
   -7.5000    0.0000   22.5000 2692.6919   10.7397
    0.0000    0.0000   22.5000 2716.7981   10.4887
    7.5000    0.0000   22.5000 2694.2957   10.6909
   -7.5000    7.5000   22.5000 2735.6829   10.8587
    0.0000    7.5000   22.5000 2755.5046   10.5604
    7.5000    7.5000   22.5000 2743.0547   10.7864
   -7.5000   15.0000   22.5000 2755.2544   11.0770
    0.0000   15.0000   22.5000 2776.8213   10.7150
    7.5000   15.0000   22.5000 2767.0090   10.9902
   -7.5000   22.5000   22.5000 2786.8594   11.3059
    0.0000   22.5000   22.5000 2809.5010   10.9050
    7.5000   22.5000   22.5000 2795.5305   11.2212
   -7.5000   30.0000   22.5000 2794.6985   11.6719
    0.0000   30.0000   22.5000 2822.7747   11.3271
    7.5000   30.0000   22.5000 2794.7703   11.5902
   -7.5000   37.5000   22.5000 2740.7295   12.2138
    0.0000   37.5000   22.5000 2772.0715   11.9525
    7.5000   37.5000   22.5000 2743.2810   12.1385
   -7.5000   45.0000   22.5000 2640.7349   12.9583
    0.0000   45.0000   22.5000 2673.5288   12.7446
    7.5000   45.0000   22.5000 2651.0176   12.8276
   -7.5000  -45.0000   30.0000 2564.0676   12.5758
    0.0000  -45.0000   30.0000 2577.8870   12.3584
    7.5000  -45.0000   30.0000 2555.3445   12.4608
   -7.5000  -37.5000   30.0000 2578.7620   12.1076
    0.0000  -37.5000   30.0000 2592.1487   11.9117
    7.5000  -37.5000   30.0000 2574.1240   12.0189
   -7.5000  -30.0000   30.0000 2585.8259   11.7065
    0.0000  -30.0000   30.0000 2600.3340   11.5041
    7.5000  -30.0000   30.0000 2585.5845   11.6626
   -7.5000  -22.5000   30.0000 2599.9229   11.3388
    0.0000  -22.5000   30.0000 2617.4475   11.1123
    7.5000  -22.5000   30.0000 2595.8789   11.3433
   -7.5000  -15.0000   30.0000 2617.6621   11.1454
    0.0000  -15.0000   30.0000 2637.0583   10.8949
    7.5000  -15.0000   30.0000 2610.4644   11.1390
   -7.5000   -7.5000   30.0000 2639.7593   11.0556
    0.0000   -7.5000   30.0000 2666.5085   10.8077
    7.5000   -7.5000   30.0000 2636.9126   11.0393
   -7.5000    0.0000   30.0000 2669.4097   11.0669
    0.0000    0.0000   30.0000 2696.1260   10.8525
    7.5000    0.0000   30.0000 2673.5044   11.0593
   -7.5000    7.5000   30.0000 2700.6189   11.2106
    0.0000    7.5000   30.0000 2732.6851   11.0090
    7.5000    7.5000   30.0000 2710.2327   11.1674
   -7.5000   15.0000   30.0000 2720.8679   11.4003
    0.0000   15.0000   30.0000 2753.6917   11.2081
    7.5000   15.0000   30.0000 2726.7668   11.3596
   -7.5000   22.5000   30.0000 2732.6155   11.6793
    0.0000   22.5000   30.0000 2759.8445   11.5402
    7.5000   22.5000   30.0000 2737.5703   11.6609
   -7.5000   30.0000   30.0000 2721.7507   12.1240
    0.0000   30.0000   30.0000 2750.5398   12.0114
    7.5000   30.0000   30.0000 2721.8423   12.1182
   -7.5000   37.5000   30.0000 2668.7654   12.6125
    0.0000   37.5000   30.0000 2701.2075   12.5413
    7.5000   37.5000   30.0000 2669.5823   12.6105
   -7.5000   45.0000   30.0000 2582.8550   13.2766
    0.0000   45.0000   30.0000 2613.7903   13.1931
    7.5000   45.0000   30.0000 2589.6729   13.1896
   -7.5000  -45.0000   37.5000 2520.0159   13.1700
    0.0000  -45.0000   37.5000 2527.3213   12.8806
    7.5000  -45.0000   37.5000 2512.5581   12.9795
   -7.5000  -37.5000   37.5000 2534.4001   12.6565
    0.0000  -37.5000   37.5000 2543.2546   12.4006
    7.5000  -37.5000   37.5000 2529.3643   12.5386
   -7.5000  -30.0000   37.5000 2541.2937   12.2441
    0.0000  -30.0000   37.5000 2553.9211   12.0325
    7.5000  -30.0000   37.5000 2537.3743   12.1843
   -7.5000  -22.5000   37.5000 2553.3015   11.8760
    0.0000  -22.5000   37.5000 2569.0139   11.7092
    7.5000  -22.5000   37.5000 2552.5615   11.9099
   -7.5000  -15.0000   37.5000 2574.0361   11.6524
    0.0000  -15.0000   37.5000 2596.4983   11.5234
    7.5000  -15.0000   37.5000 2571.8237   11.7247
   -7.5000   -7.5000   37.5000 2597.8035   11.5783
    0.0000   -7.5000   37.5000 2634.3425   11.4859
    7.5000   -7.5000   37.5000 2596.9600   11.6565
   -7.5000    0.0000   37.5000 2617.8250   11.6243
    0.0000    0.0000   37.5000 2659.3279   11.5557
    7.5000    0.0000   37.5000 2622.8826   11.6756
   -7.5000    7.5000   37.5000 2645.3831   11.7941
    0.0000    7.5000   37.5000 2685.5696   11.6762
    7.5000    7.5000   37.5000 2653.2925   11.7719
   -7.5000   15.0000   37.5000 2664.0122   12.0054
    0.0000   15.0000   37.5000 2704.5710   11.8635
    7.5000   15.0000   37.5000 2670.6189   11.9393
   -7.5000   22.5000   37.5000 2668.6589   12.2800
    0.0000   22.5000   37.5000 2702.4536   12.1593
    7.5000   22.5000   37.5000 2671.8999   12.2448
   -7.5000   30.0000   37.5000 2635.7522   12.7110
    0.0000   30.0000   37.5000 2667.8684   12.5512
    7.5000   30.0000   37.5000 2640.6323   12.6636
   -7.5000   37.5000   37.5000 2579.8345   13.1699
    0.0000   37.5000   37.5000 2609.0857   13.0539
    7.5000   37.5000   37.5000 2584.4543   13.1335
   -7.5000   45.0000   37.5000 2500.2036   13.8306
    0.0000   45.0000   37.5000 2529.9844   13.7287
    7.5000   45.0000   37.5000 2509.9692   13.7573
   -7.5000  -45.0000   45.0000 2452.1221   14.0623
    0.0000  -45.0000   45.0000 2463.7397   13.8030
    7.5000  -45.0000   45.0000 2449.7454   13.9585
   -7.5000  -37.5000   45.0000 2471.7939   13.4743
    0.0000  -37.5000   45.0000 2484.9302   13.2885
    7.5000  -37.5000   45.0000 2465.5786   13.4230
   -7.5000  -30.0000   45.0000 2480.0825   13.0093
    0.0000  -30.0000   45.0000 2493.9971   12.8755
    7.5000  -30.0000   45.0000 2477.9424   13.0079
   -7.5000  -22.5000   45.0000 2498.5425   12.6562
    0.0000  -22.5000   45.0000 2516.8337   12.5804
    7.5000  -22.5000   45.0000 2496.1936   12.7048
   -7.5000  -15.0000   45.0000 2514.9233   12.4372
    0.0000  -15.0000   45.0000 2539.4519   12.3762
    7.5000  -15.0000   45.0000 2510.9785   12.5089
   -7.5000   -7.5000   45.0000 2531.1050   12.3498
    0.0000   -7.5000   45.0000 2563.7803   12.2929
    7.5000   -7.5000   45.0000 2532.9993   12.4024
   -7.5000    0.0000   45.0000 2553.1055   12.3685
    0.0000    0.0000   45.0000 2591.6501   12.3088
    7.5000    0.0000   45.0000 2558.9885   12.3981
   -7.5000    7.5000   45.0000 2570.6643   12.5467
    0.0000    7.5000   45.0000 2615.2983   12.4414
    7.5000    7.5000   45.0000 2582.7490   12.5342
   -7.5000   15.0000   45.0000 2579.9714   12.7350
    0.0000   15.0000   45.0000 2619.9534   12.6347
    7.5000   15.0000   45.0000 2585.7571   12.7185
   -7.5000   22.5000   45.0000 2578.8442   13.0363
    0.0000   22.5000   45.0000 2607.4910   12.9053
    7.5000   22.5000   45.0000 2581.3765   12.9984
   -7.5000   30.0000   45.0000 2539.6060   13.4388
    0.0000   30.0000   45.0000 2567.6750   13.2769
    7.5000   30.0000   45.0000 2545.9316   13.4195
   -7.5000   37.5000   45.0000 2490.4446   13.9366
    0.0000   37.5000   45.0000 2516.6233   13.8261
    7.5000   37.5000   45.0000 2489.2341   13.9402
   -7.5000   45.0000   45.0000 2412.5911   14.6670
    0.0000   45.0000   45.0000 2448.5139   14.5724
    7.5000   45.0000   45.0000 2419.9578   14.6374

---------------------------------------------------------------------
imgreg_4dfp /opt/freesurfer/average/711-2C_as_mni_average_305 /opt/freesurfer/average/711-2B_as_mni_average_305_mask talsrcimg_g11 none talsrcimg_to_711-2C_as_mni_average_305_t4 1283
---------------------------------------------------------------------

freesurfer imgreg_4dfp.c
/opt/freesurfer/average/711-2C_as_mni_average_305.4dfp.img
       256       256       256         1
  1.000000  1.000000  1.000000
orientation T byte_order littleendian
Reading image: /opt/freesurfer/average/711-2C_as_mni_average_305.4dfp.img
dimensions:      256       256       256
mmppix:       1.0000   -1.0000   -1.0000
center:     128.0000 -129.0000 -129.0000
/opt/freesurfer/average/711-2B_as_mni_average_305_mask.4dfp.img
       256       256       256         1
  1.000000  1.000000  1.000000
orientation T byte_order littleendian
Reading mask: /opt/freesurfer/average/711-2B_as_mni_average_305_mask.4dfp.img (2306576 pixels)
talsrcimg_g11.4dfp.img
       256       256       256         1
  1.000000  1.000000  1.000000
orientation T byte_order littleendian
Reading image: talsrcimg_g11.4dfp.img
dimensions:      256       256       256
mmppix:       1.0000   -1.0000   -1.0000
center:     128.0000 -129.0000 -129.0000
rotation matrix determinant  1.000000
fimgreg.f
image alignment mode   1283 decimal      503 hex
parameters
    0.0000   30.0000   15.0000    0.0000    0.0000    0.0000
eta,q 0.89608 10.83597
niter,ni,del,rscale     5    3   12.0000    1.2000
parameter  3 -1.524395 ->  0.500000 qaram    1.1500
parameters
   -0.6616   28.0508   11.5500   -0.2562    1.4509   -0.8399
eta,q 0.89977 10.74653
  0.1127  0.1101  0.1021  0.1049  0.1089  0.1039
  0.1103  0.1091  0.1011  0.1024  0.1046  0.1009
  0.1092  0.1075  0.1041  0.1008  0.1022  0.1000
  0.1091  0.1080  0.1074  0.1009  0.1007  0.1008
  0.1110  0.1105  0.1096  0.1024  0.1008  0.1019
  0.1124  0.1133  0.1094  0.1037  0.1013  0.1033
  0.1131  0.1187  0.1092  0.1045  0.1035  0.1049
niter,ni,del,rscale     5    3   12.0000    1.2000
parameters
   -0.7655   26.1652   10.6244   -0.9116    1.4229   -0.8895
eta,q 0.90174 10.75557
  0.1097  0.1022  0.1091  0.1026  0.1050  0.1043
  0.1039  0.1012  0.1032  0.0996  0.1007  0.1015
  0.0994  0.1000  0.0993  0.0981  0.0982  0.0987
  0.1002  0.1001  0.1000  0.0987  0.0983  0.0983
  0.1027  0.1024  0.1059  0.1010  0.0997  0.0995
  0.1047  0.1051  0.1089  0.1021  0.1016  0.1017
  0.1091  0.1096  0.1103  0.1024  0.1040  0.1041
niter,ni,del,rscale     4    3   12.0000    1.2000
parameters
   -0.7331   25.9257   10.2806   -1.0939    1.3208   -1.0237
eta,q 0.90212 10.77101
  0.1116  0.1055  0.1110  0.1032  0.1047  0.1041
  0.1051  0.1017  0.1044  0.1000  0.1004  0.1015
  0.0986  0.0993  0.1000  0.0979  0.0980  0.0985
  0.0983  0.0983  0.0983  0.0981  0.0980  0.0979
  0.1017  0.0998  0.1038  0.1002  0.0997  0.0994
  0.1050  0.1032  0.1086  0.1018  0.1016  0.1019
  0.1102  0.1061  0.1104  0.1020  0.1041  0.1043
niter,ni,del,rscale     3    3   12.0000    1.2000
parameters
   -0.6765   25.8488   10.1558   -1.1913    1.2266   -1.1036
eta,q 0.90219 10.77749
  0.1119  0.1062  0.1120  0.1034  0.1047  0.1042
  0.1054  0.1021  0.1051  0.1001  0.1005  0.1016
  0.0987  0.0992  0.1005  0.0978  0.0980  0.0986
  0.0979  0.0980  0.0980  0.0979  0.0979  0.0978
  0.1014  0.0995  0.1029  0.1000  0.0996  0.0993
  0.1051  0.1030  0.1083  0.1017  0.1016  0.1018
  0.1105  0.1061  0.1105  0.1021  0.1041  0.1043
niter,ni,del,rscale     2    3   12.0000    1.2000
parameters
   -0.6465   25.8127   10.0863   -1.2362    1.1686   -1.1442
eta,q 0.90222 10.78107
  0.1119  0.1064  0.1123  0.1035  0.1048  0.1042
  0.1054  0.1022  0.1053  0.1002  0.1006  0.1017
  0.0987  0.0992  0.1006  0.0978  0.0980  0.0987
  0.0978  0.0978  0.0978  0.0978  0.0978  0.0978
  0.1013  0.0994  0.1025  0.0999  0.0996  0.0992
  0.1052  0.1030  0.1082  0.1017  0.1016  0.1018
  0.1107  0.1061  0.1105  0.1020  0.1040  0.1043
niter,ni,del,rscale     1    3   12.0000    1.2000
parameters
   -0.6302   25.7906   10.0510   -1.2615    1.1399   -1.1664
eta,q 0.90221 10.78275
  0.1119  0.1065  0.1125  0.1035  0.1049  0.1043
  0.1053  0.1023  0.1055  0.1003  0.1007  0.1018
  0.0987  0.0992  0.1008  0.0978  0.0980  0.0987
  0.0978  0.0978  0.0978  0.0978  0.0978  0.0978
  0.1013  0.0994  0.1023  0.0999  0.0995  0.0992
  0.1053  0.1030  0.1082  0.1016  0.1015  0.1018
  0.1108  0.1061  0.1106  0.1021  0.1040  0.1043
registration optimization eta report
parameter search radius
    6.0000    6.0000    6.9000    6.0000    6.0000    6.0000
100000*second partial in parameter space
       36.       23.       26.       13.       18.       17.
  0.1119  0.1065  0.1125  0.1035  0.1049  0.1043
  0.1053  0.1023  0.1055  0.1003  0.1007  0.1018
  0.0987  0.0992  0.1008  0.0978  0.0980  0.0987
  0.0978  0.0978  0.0978  0.0978  0.0978  0.0978
  0.1013  0.0994  0.1023  0.0999  0.0995  0.0992
  0.1053  0.1030  0.1082  0.1016  0.1015  0.1018
  0.1108  0.1061  0.1106  0.1021  0.1040  0.1043
   -0.6302   25.7906   10.0510   -1.2615    1.1399   -1.1664
eta,q 0.90221 10.78275

---------------------------------------------------------------------
imgreg_4dfp /opt/freesurfer/average/711-2C_as_mni_average_305 /opt/freesurfer/average/711-2B_as_mni_average_305_mask talsrcimg_g11 none talsrcimg_to_711-2C_as_mni_average_305_t4 3335
---------------------------------------------------------------------

freesurfer imgreg_4dfp.c
/opt/freesurfer/average/711-2C_as_mni_average_305.4dfp.img
       256       256       256         1
  1.000000  1.000000  1.000000
orientation T byte_order littleendian
Reading image: /opt/freesurfer/average/711-2C_as_mni_average_305.4dfp.img
dimensions:      256       256       256
mmppix:       1.0000   -1.0000   -1.0000
center:     128.0000 -129.0000 -129.0000
/opt/freesurfer/average/711-2B_as_mni_average_305_mask.4dfp.img
       256       256       256         1
  1.000000  1.000000  1.000000
orientation T byte_order littleendian
Reading mask: /opt/freesurfer/average/711-2B_as_mni_average_305_mask.4dfp.img (2306576 pixels)
talsrcimg_g11.4dfp.img
       256       256       256         1
  1.000000  1.000000  1.000000
orientation T byte_order littleendian
Reading image: talsrcimg_g11.4dfp.img
dimensions:      256       256       256
mmppix:       1.0000   -1.0000   -1.0000
center:     128.0000 -129.0000 -129.0000
fimgreg.f
image alignment mode   3335 decimal      D07 hex
parameters
   -0.6302   25.7906   10.0510   -0.0405   -0.0458   -0.0440
    2.0789   -1.9437   -2.0352    2.2416    1.9894   -2.2011
eta,q 0.89980 10.66921
niter,ni,del,rscale     5    3    5.0000    1.2000
parameter  4  5.194165 ->  0.500000 qaram    1.1500
parameter  5 28.602030 ->  0.500000 qaram    1.1500
parameter  6  5.122691 ->  0.500000 qaram    1.1500
parameter 10  0.983269 ->  0.500000 qaram    1.1500
parameter 11  1.063108 ->  0.500000 qaram    1.1500
parameters
   -0.4997   26.7308   10.6238   -4.1805   -4.1858   -4.1840
    0.8366   -2.1817   -0.8853   -1.8984   -2.1506   -5.2279
eta,q 0.92322 10.40968
  0.1026  0.1020  0.1016  0.0893  0.0827  0.0731  0.0808  0.0802  0.0807  0.0772  0.0769  0.0771
  0.1011  0.1013  0.1009  0.0921  0.0861  0.0777  0.0796  0.0793  0.0798  0.0773  0.0769  0.0768
  0.1004  0.1007  0.1003  0.0959  0.0896  0.0822  0.0790  0.0789  0.0792  0.0778  0.0771  0.0768
  0.1002  0.1002  0.1000  0.0999  0.0931  0.0870  0.0790  0.0789  0.0789  0.0788  0.0774  0.0770
  0.1004  0.1000  0.0998  0.1035  0.0965  0.0928  0.0797  0.0791  0.0789  0.0803  0.0777  0.0774
  0.1010  0.1001  0.1001  0.1076  0.1000  0.0981  0.0809  0.0794  0.0793  0.0821  0.0782  0.0779
  0.1019  0.1005  0.1006  0.1123  0.1037  0.1043  0.0826  0.0804  0.0798  0.0841  0.0786  0.0787
niter,ni,del,rscale     7    3    5.0000    1.2000
parameter  2 -0.609186 -> -0.500000 qaram    1.1500
parameter  3 -0.744662 -> -0.500000 qaram    1.1500
parameter  4  1.998860 ->  0.500000 qaram    1.3225
parameter  5  6.261247 ->  0.500000 qaram    1.3225
parameter  6  2.265849 ->  0.500000 qaram    1.3225
parameters
    0.3381   28.1108   12.0038   -8.9415   -8.9468   -8.9450
    1.9988    0.0995    1.4555   -4.3094    0.0362   -2.8499
eta,q 0.95422 10.48089
  0.0826  0.0808  0.0801  0.0648  0.0550  0.0452  0.0537  0.0597  0.0516  0.0497  0.0527  0.0495
  0.0802  0.0790  0.0782  0.0667  0.0584  0.0476  0.0513  0.0557  0.0496  0.0473  0.0500  0.0481
  0.0781  0.0774  0.0767  0.0698  0.0626  0.0530  0.0497  0.0518  0.0482  0.0464  0.0478  0.0469
  0.0768  0.0763  0.0755  0.0745  0.0674  0.0595  0.0488  0.0487  0.0473  0.0470  0.0464  0.0461
  0.0763  0.0756  0.0747  0.0807  0.0721  0.0669  0.0488  0.0473  0.0470  0.0490  0.0462  0.0458
  0.0767  0.0755  0.0745  0.0866  0.0769  0.0744  0.0496  0.0484  0.0473  0.0522  0.0468  0.0460
  0.0780  0.0759  0.0746  0.0917  0.0818  0.0822  0.0514  0.0520  0.0482  0.0563  0.0485  0.0469
niter,ni,del,rscale     7    3    5.0000    1.2000
parameter  5  1.211486 ->  0.500000 qaram    1.5209
parameter 12 -0.708403 -> -0.500000 qaram    1.1500
parameters
   -0.2461   28.4700   13.0308  -13.0897  -14.4220  -12.9341
    1.8398   -0.9205    0.8099   -4.3098   -0.0290    1.2901
eta,q 0.96253 10.22279
  0.0491  0.0514  0.0540  0.0461  0.0377  0.0401  0.0422  0.0426  0.0410  0.0443  0.0402  0.0419
  0.0466  0.0484  0.0503  0.0445  0.0380  0.0391  0.0401  0.0399  0.0394  0.0411  0.0392  0.0405
  0.0454  0.0464  0.0473  0.0436  0.0399  0.0381  0.0388  0.0385  0.0385  0.0391  0.0386  0.0393
  0.0458  0.0454  0.0453  0.0445  0.0437  0.0384  0.0384  0.0384  0.0383  0.0383  0.0383  0.0383
  0.0476  0.0454  0.0445  0.0490  0.0488  0.0429  0.0389  0.0394  0.0389  0.0391  0.0385  0.0377
  0.0508  0.0466  0.0450  0.0566  0.0539  0.0500  0.0404  0.0420  0.0402  0.0412  0.0391  0.0374
  0.0553  0.0490  0.0467  0.0649  0.0592  0.0594  0.0426  0.0461  0.0420  0.0443  0.0403  0.0378
niter,ni,del,rscale     7    3    5.0000    1.2000
parameters
   -0.4147   28.4639   12.1135  -12.9532  -17.9359  -15.2642
    1.7594   -0.9832    0.8276   -4.5213    0.0784    2.1372
eta,q 0.96330  9.93174
  0.0417  0.0431  0.0386  0.0426  0.0400  0.0396  0.0408  0.0424  0.0394  0.0418  0.0385  0.0396
  0.0391  0.0400  0.0374  0.0397  0.0376  0.0377  0.0386  0.0392  0.0380  0.0390  0.0375  0.0382
  0.0377  0.0381  0.0370  0.0379  0.0364  0.0369  0.0372  0.0373  0.0372  0.0373  0.0370  0.0373
  0.0375  0.0374  0.0374  0.0370  0.0369  0.0363  0.0368  0.0368  0.0368  0.0368  0.0368  0.0368
  0.0383  0.0381  0.0386  0.0364  0.0397  0.0371  0.0373  0.0374  0.0371  0.0375  0.0370  0.0368
  0.0401  0.0401  0.0406  0.0381  0.0445  0.0420  0.0388  0.0393  0.0380  0.0395  0.0375  0.0375
  0.0431  0.0431  0.0431  0.0436  0.0500  0.0492  0.0410  0.0426  0.0394  0.0423  0.0384  0.0387
niter,ni,del,rscale     6    3    5.0000    1.2000
parameters
   -0.3771   28.8383   11.6526  -12.7259  -18.7786  -16.4130
    1.6814   -0.9763    0.7689   -3.7838    0.0204    2.2540
eta,q 0.96344  9.82253
  0.0417  0.0432  0.0386  0.0415  0.0419  0.0405  0.0405  0.0422  0.0389  0.0423  0.0383  0.0390
  0.0389  0.0400  0.0373  0.0387  0.0393  0.0379  0.0384  0.0391  0.0377  0.0393  0.0373  0.0377
  0.0372  0.0378  0.0367  0.0372  0.0373  0.0368  0.0370  0.0372  0.0369  0.0374  0.0368  0.0369
  0.0367  0.0367  0.0366  0.0366  0.0365  0.0366  0.0366  0.0366  0.0366  0.0366  0.0366  0.0366
  0.0372  0.0369  0.0373  0.0361  0.0373  0.0366  0.0371  0.0372  0.0369  0.0368  0.0368  0.0368
  0.0388  0.0382  0.0387  0.0373  0.0400  0.0387  0.0385  0.0391  0.0377  0.0382  0.0374  0.0376
  0.0413  0.0404  0.0406  0.0420  0.0447  0.0448  0.0406  0.0422  0.0391  0.0405  0.0383  0.0389
niter,ni,del,rscale     5    3    5.0000    1.2000
parameters
   -0.3399   29.2203   11.3190  -12.8259  -19.4331  -17.1910
    1.6214   -0.9263    0.7915   -2.9117   -0.0961    2.4102
eta,q 0.96359  9.72515
  0.0414  0.0427  0.0388  0.0410  0.0416  0.0407  0.0403  0.0420  0.0388  0.0418  0.0383  0.0388
  0.0387  0.0397  0.0374  0.0383  0.0390  0.0380  0.0382  0.0390  0.0376  0.0390  0.0372  0.0375
  0.0371  0.0376  0.0366  0.0369  0.0372  0.0366  0.0369  0.0371  0.0368  0.0373  0.0366  0.0368
  0.0366  0.0366  0.0365  0.0365  0.0365  0.0365  0.0365  0.0365  0.0365  0.0365  0.0364  0.0364
  0.0371  0.0367  0.0371  0.0362  0.0371  0.0367  0.0370  0.0370  0.0367  0.0366  0.0367  0.0366
  0.0386  0.0379  0.0384  0.0375  0.0395  0.0381  0.0383  0.0389  0.0376  0.0377  0.0373  0.0374
  0.0411  0.0400  0.0403  0.0421  0.0437  0.0436  0.0404  0.0419  0.0389  0.0400  0.0383  0.0387
niter,ni,del,rscale     4    3    5.0000    1.2000
parameters
   -0.3076   29.6119   11.0242  -12.9117  -20.1561  -17.9424
    1.5496   -0.8610    0.8220   -1.9482   -0.1405    2.5463
eta,q 0.96382  9.62409
  0.0411  0.0423  0.0388  0.0407  0.0411  0.0406  0.0400  0.0417  0.0387  0.0414  0.0382  0.0385
  0.0385  0.0394  0.0374  0.0380  0.0386  0.0378  0.0380  0.0387  0.0375  0.0387  0.0371  0.0373
  0.0369  0.0374  0.0365  0.0366  0.0370  0.0364  0.0367  0.0369  0.0366  0.0370  0.0364  0.0366
  0.0364  0.0364  0.0363  0.0363  0.0363  0.0363  0.0363  0.0363  0.0363  0.0363  0.0362  0.0362
  0.0369  0.0365  0.0369  0.0361  0.0369  0.0368  0.0368  0.0368  0.0366  0.0363  0.0365  0.0363
  0.0384  0.0377  0.0382  0.0373  0.0391  0.0381  0.0381  0.0386  0.0374  0.0374  0.0372  0.0372
  0.0408  0.0397  0.0402  0.0417  0.0432  0.0431  0.0401  0.0415  0.0387  0.0395  0.0382  0.0385
niter,ni,del,rscale     3    3    5.0000    1.2000
parameters
   -0.2717   30.0310   10.7258  -13.0365  -20.9480  -18.6778
    1.4465   -0.7782    0.7868   -0.9323   -0.1089    2.6270
eta,q 0.96410  9.51746
  0.0408  0.0421  0.0386  0.0403  0.0407  0.0405  0.0395  0.0412  0.0385  0.0410  0.0381  0.0382
  0.0382  0.0392  0.0371  0.0377  0.0382  0.0376  0.0376  0.0384  0.0372  0.0384  0.0369  0.0370
  0.0367  0.0372  0.0363  0.0363  0.0366  0.0362  0.0364  0.0366  0.0363  0.0368  0.0361  0.0363
  0.0362  0.0362  0.0361  0.0361  0.0361  0.0361  0.0360  0.0360  0.0360  0.0360  0.0359  0.0359
  0.0367  0.0363  0.0367  0.0360  0.0367  0.0367  0.0365  0.0365  0.0363  0.0360  0.0362  0.0361
  0.0381  0.0373  0.0380  0.0371  0.0388  0.0381  0.0378  0.0382  0.0372  0.0370  0.0369  0.0369
  0.0405  0.0393  0.0401  0.0412  0.0428  0.0426  0.0397  0.0410  0.0386  0.0391  0.0380  0.0382
niter,ni,del,rscale     2    3    5.0000    1.2000
parameters
   -0.2260   30.4806   10.4363  -13.2243  -21.7323  -19.3179
    1.3130   -0.6775    0.6708    0.0764   -0.0028    2.5711
eta,q 0.96440  9.41477
  0.0405  0.0419  0.0384  0.0399  0.0404  0.0403  0.0391  0.0408  0.0383  0.0407  0.0379  0.0378
  0.0379  0.0390  0.0369  0.0373  0.0377  0.0374  0.0373  0.0381  0.0369  0.0382  0.0367  0.0366
  0.0364  0.0369  0.0360  0.0359  0.0362  0.0359  0.0360  0.0363  0.0360  0.0365  0.0358  0.0359
  0.0359  0.0359  0.0358  0.0358  0.0358  0.0358  0.0357  0.0357  0.0357  0.0357  0.0356  0.0356
  0.0364  0.0360  0.0364  0.0359  0.0364  0.0366  0.0362  0.0362  0.0361  0.0357  0.0359  0.0358
  0.0377  0.0370  0.0377  0.0369  0.0385  0.0380  0.0374  0.0378  0.0370  0.0367  0.0366  0.0367
  0.0401  0.0390  0.0398  0.0408  0.0423  0.0420  0.0393  0.0406  0.0385  0.0388  0.0377  0.0380
niter,ni,del,rscale     1    3    5.0000    1.2000
parameters
   -0.1754   30.9007   10.1863  -13.4230  -22.3585  -19.7877
    1.1927   -0.5891    0.5154    0.9057    0.0805    2.4023
eta,q 0.96464  9.33394
  0.0401  0.0415  0.0382  0.0396  0.0403  0.0402  0.0388  0.0404  0.0382  0.0404  0.0377  0.0375
  0.0376  0.0386  0.0366  0.0370  0.0375  0.0373  0.0370  0.0378  0.0367  0.0379  0.0364  0.0363
  0.0361  0.0366  0.0357  0.0356  0.0359  0.0357  0.0358  0.0360  0.0357  0.0362  0.0356  0.0357
  0.0356  0.0356  0.0355  0.0355  0.0355  0.0355  0.0354  0.0354  0.0354  0.0354  0.0354  0.0354
  0.0361  0.0357  0.0360  0.0357  0.0362  0.0363  0.0359  0.0359  0.0358  0.0355  0.0357  0.0356
  0.0374  0.0367  0.0374  0.0367  0.0381  0.0377  0.0372  0.0376  0.0368  0.0366  0.0364  0.0365
  0.0397  0.0388  0.0394  0.0404  0.0419  0.0414  0.0390  0.0403  0.0384  0.0388  0.0376  0.0377
registration optimization eta report
parameter search radius
    2.4000    2.7600    2.7600    9.5220   10.9503    9.5220
    7.2000    7.2000    7.2000    8.2800    8.2800    8.2800
100000*second partial in parameter space
       75.       59.       43.        5.        5.        6.
        7.       10.        6.        6.        3.        3.
  0.0401  0.0415  0.0382  0.0396  0.0403  0.0402  0.0388  0.0404  0.0382  0.0404  0.0377  0.0375
  0.0376  0.0386  0.0366  0.0370  0.0375  0.0373  0.0370  0.0378  0.0367  0.0379  0.0364  0.0363
  0.0361  0.0366  0.0357  0.0356  0.0359  0.0357  0.0358  0.0360  0.0357  0.0362  0.0356  0.0357
  0.0356  0.0356  0.0355  0.0355  0.0355  0.0355  0.0354  0.0354  0.0354  0.0354  0.0354  0.0354
  0.0361  0.0357  0.0360  0.0357  0.0362  0.0363  0.0359  0.0359  0.0358  0.0355  0.0357  0.0356
  0.0374  0.0367  0.0374  0.0367  0.0381  0.0377  0.0372  0.0376  0.0368  0.0366  0.0364  0.0365
  0.0397  0.0388  0.0394  0.0404  0.0419  0.0414  0.0390  0.0403  0.0384  0.0388  0.0376  0.0377
   -0.1754   30.9007   10.1863  -13.4230  -22.3585  -19.7877
    1.1927   -0.5891    0.5154    0.9057    0.0805    2.4023
eta,q 0.96464  9.33394

---------------------------------------------------------------------
imgreg_4dfp /opt/freesurfer/average/711-2C_as_mni_average_305 /opt/freesurfer/average/711-2B_as_mni_average_305_mask talsrcimg_g11 none talsrcimg_to_711-2C_as_mni_average_305_t4 2311
---------------------------------------------------------------------

freesurfer imgreg_4dfp.c
/opt/freesurfer/average/711-2C_as_mni_average_305.4dfp.img
       256       256       256         1
  1.000000  1.000000  1.000000
orientation T byte_order littleendian
Reading image: /opt/freesurfer/average/711-2C_as_mni_average_305.4dfp.img
dimensions:      256       256       256
mmppix:       1.0000   -1.0000   -1.0000
center:     128.0000 -129.0000 -129.0000
/opt/freesurfer/average/711-2B_as_mni_average_305_mask.4dfp.img
       256       256       256         1
  1.000000  1.000000  1.000000
orientation T byte_order littleendian
Reading mask: /opt/freesurfer/average/711-2B_as_mni_average_305_mask.4dfp.img (2306576 pixels)
talsrcimg_g11.4dfp.img
       256       256       256         1
  1.000000  1.000000  1.000000
orientation T byte_order littleendian
Reading image: talsrcimg_g11.4dfp.img
dimensions:      256       256       256
mmppix:       1.0000   -1.0000   -1.0000
center:     128.0000 -129.0000 -129.0000
fimgreg.f
image alignment mode   2311 decimal      907 hex
parameters
   -0.1754   30.9007   10.1863  -13.4230  -22.3585  -19.7877
    1.1927   -0.5891    0.5154    0.9057    0.0805    2.4023
eta,q 0.96464  9.33393
niter,ni,del,rscale     5    3    5.0000    0.8000
parameters
   -0.1485   31.2218   10.0258  -13.6049  -22.6079  -20.3144
    1.1393   -0.5056    0.4327    1.5678   -0.0389    2.1656
eta,q 0.96480  9.27744
  0.0374  0.0375  0.0362  0.0360  0.0362  0.0362  0.0369  0.0376  0.0366  0.0370  0.0360  0.0359
  0.0362  0.0365  0.0356  0.0354  0.0356  0.0356  0.0360  0.0363  0.0358  0.0361  0.0355  0.0355
  0.0356  0.0357  0.0354  0.0352  0.0353  0.0353  0.0354  0.0355  0.0354  0.0355  0.0353  0.0353
  0.0354  0.0354  0.0353  0.0353  0.0353  0.0353  0.0352  0.0352  0.0352  0.0352  0.0352  0.0352
  0.0356  0.0353  0.0355  0.0355  0.0354  0.0356  0.0354  0.0355  0.0354  0.0352  0.0353  0.0353
  0.0362  0.0356  0.0359  0.0356  0.0358  0.0361  0.0360  0.0362  0.0359  0.0356  0.0356  0.0356
  0.0372  0.0363  0.0366  0.0359  0.0364  0.0366  0.0369  0.0374  0.0367  0.0363  0.0361  0.0361
niter,ni,del,rscale     4    3    5.0000    0.7000
parameters
   -0.1266   31.4447    9.8570  -14.0270  -22.8533  -20.6335
    1.1061   -0.4502    0.3972    1.9106   -0.0878    2.0026
eta,q 0.96491  9.21836
  0.0367  0.0368  0.0358  0.0357  0.0358  0.0360  0.0364  0.0370  0.0362  0.0364  0.0357  0.0356
  0.0359  0.0360  0.0354  0.0353  0.0354  0.0354  0.0357  0.0360  0.0356  0.0357  0.0354  0.0353
  0.0354  0.0355  0.0352  0.0351  0.0352  0.0352  0.0352  0.0353  0.0352  0.0353  0.0352  0.0351
  0.0352  0.0352  0.0352  0.0352  0.0351  0.0351  0.0351  0.0351  0.0351  0.0351  0.0351  0.0351
  0.0354  0.0352  0.0353  0.0354  0.0353  0.0353  0.0353  0.0353  0.0352  0.0352  0.0352  0.0352
  0.0358  0.0355  0.0357  0.0355  0.0355  0.0357  0.0357  0.0359  0.0356  0.0355  0.0354  0.0354
  0.0366  0.0360  0.0362  0.0357  0.0360  0.0362  0.0364  0.0369  0.0362  0.0360  0.0358  0.0357
niter,ni,del,rscale     3    3    5.0000    0.6000
parameters
   -0.1152   31.5942    9.7706  -14.2918  -23.0035  -20.8302
    1.0891   -0.4351    0.3668    2.1022   -0.1268    1.9085
eta,q 0.96495  9.18247
  0.0362  0.0362  0.0356  0.0355  0.0356  0.0358  0.0360  0.0364  0.0358  0.0360  0.0355  0.0355
  0.0356  0.0356  0.0353  0.0352  0.0353  0.0353  0.0355  0.0357  0.0354  0.0355  0.0353  0.0352
  0.0352  0.0353  0.0351  0.0351  0.0351  0.0351  0.0351  0.0352  0.0351  0.0352  0.0351  0.0351
  0.0351  0.0351  0.0351  0.0351  0.0351  0.0351  0.0351  0.0351  0.0351  0.0351  0.0350  0.0351
  0.0352  0.0351  0.0352  0.0352  0.0352  0.0352  0.0352  0.0352  0.0352  0.0351  0.0351  0.0351
  0.0356  0.0353  0.0354  0.0354  0.0354  0.0355  0.0355  0.0357  0.0354  0.0354  0.0353  0.0352
  0.0362  0.0358  0.0358  0.0356  0.0357  0.0359  0.0360  0.0364  0.0359  0.0358  0.0356  0.0355
niter,ni,del,rscale     2    3    5.0000    0.5000
parameters
   -0.1133   31.6772    9.7084  -14.5053  -23.0847  -20.9874
    1.0954   -0.4304    0.3399    2.1942   -0.1548    1.8827
eta,q 0.96496  9.15639
  0.0358  0.0358  0.0354  0.0354  0.0355  0.0355  0.0357  0.0360  0.0356  0.0357  0.0354  0.0353
  0.0354  0.0354  0.0352  0.0352  0.0352  0.0352  0.0353  0.0355  0.0353  0.0353  0.0352  0.0352
  0.0351  0.0352  0.0351  0.0350  0.0351  0.0351  0.0351  0.0351  0.0351  0.0351  0.0351  0.0351
  0.0351  0.0351  0.0351  0.0351  0.0351  0.0350  0.0350  0.0350  0.0350  0.0350  0.0350  0.0350
  0.0351  0.0351  0.0351  0.0352  0.0351  0.0351  0.0351  0.0352  0.0351  0.0351  0.0351  0.0351
  0.0354  0.0353  0.0353  0.0353  0.0353  0.0353  0.0353  0.0355  0.0353  0.0353  0.0352  0.0352
  0.0358  0.0356  0.0355  0.0355  0.0355  0.0356  0.0357  0.0360  0.0356  0.0356  0.0354  0.0353
niter,ni,del,rscale     1    3    5.0000    0.4000
parameters
   -0.1121   31.7279    9.6721  -14.6602  -23.1481  -21.0682
    1.0977   -0.4452    0.3219    2.2511   -0.1753    1.8676
eta,q 0.96496  9.13920
  0.0355  0.0355  0.0353  0.0353  0.0353  0.0354  0.0355  0.0357  0.0354  0.0354  0.0353  0.0352
  0.0353  0.0353  0.0351  0.0351  0.0352  0.0352  0.0352  0.0353  0.0352  0.0352  0.0351  0.0351
  0.0351  0.0351  0.0351  0.0350  0.0351  0.0351  0.0351  0.0351  0.0351  0.0351  0.0351  0.0351
  0.0350  0.0350  0.0350  0.0350  0.0350  0.0350  0.0350  0.0350  0.0350  0.0350  0.0350  0.0350
  0.0351  0.0351  0.0351  0.0351  0.0351  0.0351  0.0351  0.0351  0.0351  0.0351  0.0351  0.0350
  0.0353  0.0352  0.0352  0.0352  0.0352  0.0352  0.0352  0.0353  0.0352  0.0352  0.0351  0.0351
  0.0355  0.0354  0.0353  0.0353  0.0353  0.0354  0.0355  0.0357  0.0354  0.0354  0.0353  0.0352
registration optimization eta report
parameter search radius
    0.8000    0.8000    0.8000    2.4000    2.4000    2.4000
    2.4000    2.4000    2.4000    2.4000    2.4000    2.4000
100000*second partial in parameter space
       78.       62.       43.        5.        5.        6.
        7.       11.        6.        6.        4.        3.
  0.0355  0.0355  0.0353  0.0353  0.0353  0.0354  0.0355  0.0357  0.0354  0.0354  0.0353  0.0352
  0.0353  0.0353  0.0351  0.0351  0.0352  0.0352  0.0352  0.0353  0.0352  0.0352  0.0351  0.0351
  0.0351  0.0351  0.0351  0.0350  0.0351  0.0351  0.0351  0.0351  0.0351  0.0351  0.0351  0.0351
  0.0350  0.0350  0.0350  0.0350  0.0350  0.0350  0.0350  0.0350  0.0350  0.0350  0.0350  0.0350
  0.0351  0.0351  0.0351  0.0351  0.0351  0.0351  0.0351  0.0351  0.0351  0.0351  0.0351  0.0350
  0.0353  0.0352  0.0352  0.0352  0.0352  0.0352  0.0352  0.0353  0.0352  0.0352  0.0351  0.0351
  0.0355  0.0354  0.0353  0.0353  0.0353  0.0354  0.0355  0.0357  0.0354  0.0354  0.0353  0.0352
   -0.1121   31.7279    9.6721  -14.6602  -23.1481  -21.0682
    1.0977   -0.4452    0.3219    2.2511   -0.1753    1.8676
eta,q 0.96496  9.13920

---------------------------------------------------------------------
imgreg_4dfp /opt/freesurfer/average/711-2C_as_mni_average_305 /opt/freesurfer/average/711-2B_as_mni_average_305_mask talsrcimg_g11 none talsrcimg_to_711-2C_as_mni_average_305_t4 2311
---------------------------------------------------------------------

freesurfer imgreg_4dfp.c
/opt/freesurfer/average/711-2C_as_mni_average_305.4dfp.img
       256       256       256         1
  1.000000  1.000000  1.000000
orientation T byte_order littleendian
Reading image: /opt/freesurfer/average/711-2C_as_mni_average_305.4dfp.img
dimensions:      256       256       256
mmppix:       1.0000   -1.0000   -1.0000
center:     128.0000 -129.0000 -129.0000
/opt/freesurfer/average/711-2B_as_mni_average_305_mask.4dfp.img
       256       256       256         1
  1.000000  1.000000  1.000000
orientation T byte_order littleendian
Reading mask: /opt/freesurfer/average/711-2B_as_mni_average_305_mask.4dfp.img (2306576 pixels)
talsrcimg_g11.4dfp.img
       256       256       256         1
  1.000000  1.000000  1.000000
orientation T byte_order littleendian
Reading image: talsrcimg_g11.4dfp.img
dimensions:      256       256       256
mmppix:       1.0000   -1.0000   -1.0000
center:     128.0000 -129.0000 -129.0000
fimgreg.f
image alignment mode   2311 decimal      907 hex
parameters
   -0.1121   31.7279    9.6721  -14.6602  -23.1481  -21.0682
    1.0977   -0.4452    0.3219    2.2511   -0.1753    1.8676
eta,q 0.96496  9.13920
niter,ni,del,rscale     5    3    5.0000    0.8000
parameters
   -0.0923   31.7589    9.6558  -14.0720  -23.0755  -20.8123
    1.0676   -0.3943    0.3818    2.4314   -0.0609    1.7457
eta,q 0.96492  9.19369
  0.0371  0.0367  0.0361  0.0364  0.0362  0.0366  0.0367  0.0375  0.0365  0.0367  0.0360  0.0358
  0.0359  0.0358  0.0355  0.0356  0.0356  0.0357  0.0358  0.0362  0.0357  0.0358  0.0355  0.0354
  0.0353  0.0352  0.0351  0.0352  0.0352  0.0352  0.0353  0.0354  0.0353  0.0353  0.0352  0.0351
  0.0350  0.0350  0.0350  0.0350  0.0351  0.0351  0.0351  0.0351  0.0351  0.0351  0.0351  0.0351
  0.0353  0.0352  0.0352  0.0352  0.0352  0.0352  0.0353  0.0353  0.0352  0.0352  0.0352  0.0351
  0.0359  0.0357  0.0355  0.0354  0.0356  0.0356  0.0358  0.0361  0.0357  0.0357  0.0354  0.0354
  0.0370  0.0366  0.0362  0.0357  0.0361  0.0362  0.0368  0.0374  0.0365  0.0365  0.0359  0.0359
niter,ni,del,rscale     4    3    5.0000    0.7000
parameters
   -0.0895   31.7518    9.6608  -14.1388  -22.9937  -20.8150
    1.0516   -0.3867    0.3502    2.4332   -0.0741    1.7456
eta,q 0.96493  9.19457
  0.0366  0.0363  0.0359  0.0358  0.0359  0.0361  0.0364  0.0369  0.0361  0.0362  0.0357  0.0356
  0.0357  0.0356  0.0354  0.0353  0.0355  0.0355  0.0356  0.0359  0.0356  0.0356  0.0354  0.0353
  0.0352  0.0352  0.0352  0.0351  0.0352  0.0351  0.0352  0.0353  0.0352  0.0352  0.0351  0.0351
  0.0351  0.0351  0.0351  0.0351  0.0351  0.0351  0.0351  0.0351  0.0351  0.0351  0.0351  0.0351
  0.0353  0.0352  0.0351  0.0352  0.0352  0.0352  0.0352  0.0353  0.0352  0.0352  0.0351  0.0351
  0.0357  0.0356  0.0354  0.0355  0.0354  0.0356  0.0357  0.0359  0.0356  0.0356  0.0354  0.0353
  0.0366  0.0363  0.0359  0.0357  0.0359  0.0360  0.0364  0.0369  0.0362  0.0362  0.0357  0.0356
niter,ni,del,rscale     3    3    5.0000    0.6000
parameters
   -0.0916   31.7440    9.6648  -14.3491  -23.0210  -20.8844
    1.0548   -0.3952    0.3268    2.3828   -0.0968    1.7676
eta,q 0.96494  9.17616
  0.0362  0.0360  0.0357  0.0356  0.0357  0.0358  0.0360  0.0364  0.0358  0.0359  0.0355  0.0355
  0.0356  0.0355  0.0353  0.0352  0.0353  0.0354  0.0355  0.0357  0.0354  0.0354  0.0353  0.0352
  0.0352  0.0352  0.0351  0.0351  0.0351  0.0351  0.0352  0.0352  0.0351  0.0351  0.0351  0.0351
  0.0351  0.0351  0.0351  0.0351  0.0351  0.0351  0.0351  0.0351  0.0351  0.0351  0.0351  0.0351
  0.0352  0.0352  0.0351  0.0352  0.0351  0.0352  0.0352  0.0352  0.0352  0.0352  0.0351  0.0351
  0.0356  0.0355  0.0353  0.0354  0.0353  0.0354  0.0355  0.0357  0.0354  0.0354  0.0353  0.0352
  0.0362  0.0360  0.0357  0.0356  0.0357  0.0358  0.0360  0.0364  0.0359  0.0359  0.0355  0.0355
niter,ni,del,rscale     2    3    5.0000    0.5000
parameters
   -0.0984   31.7492    9.6576  -14.5275  -23.0767  -20.9941
    1.0773   -0.4093    0.3242    2.3349   -0.1414    1.8179
eta,q 0.96496  9.15583
  0.0358  0.0357  0.0355  0.0354  0.0355  0.0355  0.0357  0.0360  0.0356  0.0356  0.0354  0.0353
  0.0354  0.0353  0.0352  0.0352  0.0352  0.0353  0.0354  0.0355  0.0353  0.0353  0.0352  0.0352
  0.0351  0.0351  0.0351  0.0351  0.0351  0.0351  0.0351  0.0351  0.0351  0.0351  0.0351  0.0351
  0.0351  0.0351  0.0351  0.0351  0.0351  0.0351  0.0350  0.0351  0.0351  0.0350  0.0350  0.0351
  0.0351  0.0351  0.0351  0.0352  0.0351  0.0351  0.0351  0.0352  0.0351  0.0351  0.0351  0.0351
  0.0354  0.0353  0.0352  0.0353  0.0353  0.0353  0.0353  0.0355  0.0353  0.0353  0.0352  0.0351
  0.0358  0.0357  0.0355  0.0355  0.0355  0.0356  0.0357  0.0360  0.0356  0.0357  0.0354  0.0353
niter,ni,del,rscale     1    3    5.0000    0.4000
parameters
   -0.1062   31.7577    9.6480  -14.6679  -23.1157  -21.0462
    1.0893   -0.4324    0.3222    2.3274   -0.1532    1.8044
eta,q 0.96495  9.14215
  0.0355  0.0355  0.0353  0.0353  0.0353  0.0354  0.0355  0.0357  0.0354  0.0354  0.0353  0.0352
  0.0353  0.0352  0.0352  0.0351  0.0352  0.0352  0.0352  0.0353  0.0352  0.0352  0.0351  0.0351
  0.0351  0.0351  0.0351  0.0350  0.0351  0.0351  0.0351  0.0351  0.0351  0.0351  0.0351  0.0350
  0.0350  0.0350  0.0350  0.0351  0.0350  0.0350  0.0350  0.0350  0.0350  0.0350  0.0350  0.0350
  0.0351  0.0351  0.0351  0.0351  0.0351  0.0351  0.0351  0.0351  0.0351  0.0351  0.0351  0.0351
  0.0353  0.0352  0.0352  0.0352  0.0352  0.0352  0.0352  0.0353  0.0352  0.0352  0.0351  0.0351
  0.0356  0.0354  0.0353  0.0353  0.0353  0.0354  0.0355  0.0357  0.0354  0.0354  0.0353  0.0352
registration optimization eta report
parameter search radius
    0.8000    0.8000    0.8000    2.4000    2.4000    2.4000
    2.4000    2.4000    2.4000    2.4000    2.4000    2.4000
100000*second partial in parameter space
       78.       62.       42.        5.        5.        6.
        8.       11.        6.        6.        4.        3.
  0.0355  0.0355  0.0353  0.0353  0.0353  0.0354  0.0355  0.0357  0.0354  0.0354  0.0353  0.0352
  0.0353  0.0352  0.0352  0.0351  0.0352  0.0352  0.0352  0.0353  0.0352  0.0352  0.0351  0.0351
  0.0351  0.0351  0.0351  0.0350  0.0351  0.0351  0.0351  0.0351  0.0351  0.0351  0.0351  0.0350
  0.0350  0.0350  0.0350  0.0351  0.0350  0.0350  0.0350  0.0350  0.0350  0.0350  0.0350  0.0350
  0.0351  0.0351  0.0351  0.0351  0.0351  0.0351  0.0351  0.0351  0.0351  0.0351  0.0351  0.0351
  0.0353  0.0352  0.0352  0.0352  0.0352  0.0352  0.0352  0.0353  0.0352  0.0352  0.0351  0.0351
  0.0356  0.0354  0.0353  0.0353  0.0353  0.0354  0.0355  0.0357  0.0354  0.0354  0.0353  0.0352
   -0.1062   31.7577    9.6480  -14.6679  -23.1157  -21.0462
    1.0893   -0.4324    0.3222    2.3274   -0.1532    1.8044
eta,q 0.96495  9.14215

---------------------------------------------------------------------
compute_vox2vox talsrcimg talsrcimg_to_711-2C_as_mni_average_305_t4 /opt/freesurfer/average/711-2C_as_mni_average_305
---------------------------------------------------------------------

freesurfer compute_vox2vox.c
Reading: talsrcimg.4dfp.ifh
Reading: talsrcimg_to_711-2C_as_mni_average_305_t4
Reading: /opt/freesurfer/average/711-2C_as_mni_average_305.4dfp.ifh
Writing: talsrcimg_to_711-2C_as_mni_average_305_t4_vox2vox.txt

start time Sat Nov 23 15:55:30 UTC 2024
end		time Sat Nov 23 15:56:22 UTC 2024

mpr2mni305 success

avi2talxfm orig_nu.mgz /opt/freesurfer/average/mni305.cor.mgz talsrcimg_to_711-2C_as_mni_average_305_t4_vox2vox.txt transforms/talairach.auto.xfm
avi2talxfm done
mv -f /scratch/tmp/fs_mp2rage_tests/sourcedata/freesurfer_mp2rage/sub-fsm67lq/mri/talsrcimg_to_711-2C_as_mni_average_305_t4_vox2vox.txt /scratch/tmp/fs_mp2rage_tests/sourcedata/freesurfer_mp2rage/sub-fsm67lq/mri/transforms/talsrcimg_to_711-2C_as_mni_average_305_t4_vox2vox.txt
lta_convert --src orig_nu.mgz --trg /opt/freesurfer/average/mni305.cor.mgz --inxfm transforms/talairach.auto.xfm --outlta transforms/talairach.auto.xfm.lta --subject fsaverage
7.3.2

--src: orig_nu.mgz src image (geometry).
--trg: /opt/freesurfer/average/mni305.cor.mgz trg image (geometry).
--inmni: transforms/talairach.auto.xfm input MNI/XFM transform.
--outlta: transforms/talairach.auto.xfm.lta output LTA.
--s: fsaverage subject name
 LTA read, type : 1
 1.17197   0.00691  -0.01677   2.17219;
 0.00239   1.26745  -0.02978  -44.63835;
-0.00498  -0.03840   1.30163  -26.45348;
 0.00000   0.00000   0.00000   1.00000;
setting subject to fsaverage
Writing  LTA to file transforms/talairach.auto.xfm.lta...
lta_convert successful.
 
 
Started at Sat Nov 23 15:55:28 UTC 2024
Ended   at Sat Nov 23 15:56:22 UTC 2024
talairach_avi done
