status file for recon-all
Mon Nov 25 11:43:19 UTC 2024
#@# Tessellate lh Mon Nov 25 11:43:19 UTC 2024
#@# Smooth1 lh Mon Nov 25 11:43:37 UTC 2024
#@# Inflation1 lh Mon Nov 25 11:43:44 UTC 2024
#@# QSphere lh Mon Nov 25 11:44:14 UTC 2024
#@# Fix Topology lh Mon Nov 25 11:47:29 UTC 2024
#@# Smooth2 lh Mon Nov 25 12:14:41 UTC 2024
#@# Inflation2 lh Mon Nov 25 12:14:50 UTC 2024
#@# Curv .H and .K lh Mon Nov 25 12:15:29 UTC 2024
#@# Sphere lh Mon Nov 25 12:17:11 UTC 2024
#@# Surf Reg lh Mon Nov 25 12:29:23 UTC 2024
#@# Jacobian white lh Mon Nov 25 12:41:53 UTC 2024
#@# AvgCurv lh Mon Nov 25 12:41:54 UTC 2024
#@# Cortical Parc lh Mon Nov 25 12:41:57 UTC 2024
#@# white curv lh Mon Nov 25 13:14:18 UTC 2024
#@# white area lh Mon Nov 25 13:14:23 UTC 2024
#@# pial curv lh Mon Nov 25 13:14:25 UTC 2024
#@# pial area lh Mon Nov 25 13:14:31 UTC 2024
#@# thickness lh Mon Nov 25 13:14:33 UTC 2024
#@# area and vertex vol lh Mon Nov 25 13:15:44 UTC 2024
#@# Curvature Stats lh Mon Nov 25 13:15:48 UTC 2024
#@# Cortical Parc 2 lh Mon Nov 25 13:15:55 UTC 2024
#@# Cortical Parc 3 lh Mon Nov 25 13:16:31 UTC 2024
#@# WM/GM Contrast lh Mon Nov 25 13:17:00 UTC 2024
recon-all -s sub-fsm67lq finished without error at Mon Nov 25 13:17:09 UTC 2024



#New# invocation of recon-all 



status file for recon-all
Mon Nov 25 17:58:30 UTC 2024
#@# white curv lh Mon Nov 25 17:58:30 UTC 2024
#@# white area lh Mon Nov 25 17:58:30 UTC 2024
#@# pial curv lh Mon Nov 25 17:58:30 UTC 2024
#@# pial area lh Mon Nov 25 17:58:30 UTC 2024
#@# thickness lh Mon Nov 25 17:58:31 UTC 2024
#@# area and vertex vol lh Mon Nov 25 17:58:31 UTC 2024
#@# Parcellation Stats lh Mon Nov 25 17:58:31 UTC 2024
#@# Parcellation Stats 2 lh Mon Nov 25 17:59:25 UTC 2024
#@# Parcellation Stats 3 lh Mon Nov 25 17:59:51 UTC 2024
#@# BA_exvivo Labels lh Mon Nov 25 18:00:18 UTC 2024
recon-all -s sub-fsm67lq finished without error at Mon Nov 25 18:05:36 UTC 2024
