status file for recon-all
Sun Nov 24 06:13:29 UTC 2024
#@# MotionCor Sun Nov 24 06:13:35 UTC 2024
#@# Talairach Sun Nov 24 06:13:50 UTC 2024
#@# Talairach Failure Detection Sun Nov 24 06:21:09 UTC 2024
#@# Nu Intensity Correction Sun Nov 24 06:21:09 UTC 2024
#@# Intensity Normalization Sun Nov 24 06:28:14 UTC 2024
recon-all -s sub-fsm87qb finished without error at Sun Nov 24 06:31:34 UTC 2024



#New# invocation of recon-all 



status file for recon-all
Sun Nov 24 08:41:23 UTC 2024
#@# EM Registration Sun Nov 24 08:41:23 UTC 2024
recon-all -s sub-fsm87qb finished without error at Sun Nov 24 08:47:13 UTC 2024



#New# invocation of recon-all 



status file for recon-all
Sun Nov 24 22:42:03 UTC 2024
#@# CA Normalize Sun Nov 24 22:42:03 UTC 2024
#@# CA Reg Sun Nov 24 22:44:36 UTC 2024
#@# SubCort Seg Mon Nov 25 00:57:04 UTC 2024
#@# CC Seg Mon Nov 25 02:30:41 UTC 2024
#@# Merge ASeg Mon Nov 25 02:31:56 UTC 2024
#@# Intensity Normalization2 Mon Nov 25 02:31:56 UTC 2024
#@# Mask BFS Mon Nov 25 02:38:01 UTC 2024
#@# WM Segmentation Mon Nov 25 02:38:04 UTC 2024
#@# Fill Mon Nov 25 02:44:08 UTC 2024
recon-all -s sub-fsm87qb finished without error at Mon Nov 25 02:46:45 UTC 2024



#New# invocation of recon-all 



status file for recon-all
Mon Nov 25 15:45:24 UTC 2024
#@# white curv lh Mon Nov 25 15:45:24 UTC 2024
#@# white area lh Mon Nov 25 15:45:24 UTC 2024
#@# pial curv lh Mon Nov 25 15:45:24 UTC 2024
#@# pial area lh Mon Nov 25 15:45:24 UTC 2024
#@# thickness lh Mon Nov 25 15:45:24 UTC 2024
#@# area and vertex vol lh Mon Nov 25 15:45:24 UTC 2024
#@# white curv rh Mon Nov 25 15:45:25 UTC 2024
#@# white area rh Mon Nov 25 15:45:25 UTC 2024
#@# pial curv rh Mon Nov 25 15:45:25 UTC 2024
#@# pial area rh Mon Nov 25 15:45:25 UTC 2024
#@# thickness rh Mon Nov 25 15:45:25 UTC 2024
#@# area and vertex vol rh Mon Nov 25 15:45:25 UTC 2024
#@# Cortical ribbon mask Mon Nov 25 15:45:25 UTC 2024
recon-all -s sub-fsm87qb finished without error at Mon Nov 25 15:51:30 UTC 2024



#New# invocation of recon-all 



status file for recon-all
Mon Nov 25 18:36:55 UTC 2024
#@# white curv lh Mon Nov 25 18:36:55 UTC 2024
#@# white area lh Mon Nov 25 18:36:55 UTC 2024
#@# pial curv lh Mon Nov 25 18:36:55 UTC 2024
#@# pial area lh Mon Nov 25 18:36:55 UTC 2024
#@# thickness lh Mon Nov 25 18:36:55 UTC 2024
#@# area and vertex vol lh Mon Nov 25 18:36:55 UTC 2024
#@# white curv rh Mon Nov 25 18:36:55 UTC 2024
#@# white area rh Mon Nov 25 18:36:55 UTC 2024
#@# pial curv rh Mon Nov 25 18:36:55 UTC 2024
#@# pial area rh Mon Nov 25 18:36:55 UTC 2024
#@# thickness rh Mon Nov 25 18:36:55 UTC 2024
#@# area and vertex vol rh Mon Nov 25 18:36:55 UTC 2024
#@# Curvature Stats lh Mon Nov 25 18:36:55 UTC 2024
#@# Curvature Stats rh Mon Nov 25 18:37:00 UTC 2024
#@# Relabel Hypointensities Mon Nov 25 18:37:05 UTC 2024
#@# APas-to-ASeg Mon Nov 25 18:37:36 UTC 2024
#@# AParc-to-ASeg aparc Mon Nov 25 18:37:56 UTC 2024
#@# AParc-to-ASeg aparc.a2009s Mon Nov 25 18:39:09 UTC 2024
#@# AParc-to-ASeg aparc.DKTatlas Mon Nov 25 18:40:21 UTC 2024
#@# WMParc Mon Nov 25 18:41:22 UTC 2024
#@# ASeg Stats Mon Nov 25 18:46:59 UTC 2024
recon-all -s sub-fsm87qb finished without error at Mon Nov 25 18:48:21 UTC 2024
