status file for recon-all
Mon Nov 25 15:03:19 UTC 2024
#@# Tessellate lh Mon Nov 25 15:03:19 UTC 2024
#@# Smooth1 lh Mon Nov 25 15:03:31 UTC 2024
#@# Inflation1 lh Mon Nov 25 15:03:37 UTC 2024
#@# QSphere lh Mon Nov 25 15:04:01 UTC 2024
#@# Fix Topology lh Mon Nov 25 15:06:17 UTC 2024
#@# Smooth2 lh Mon Nov 25 15:16:30 UTC 2024
#@# Inflation2 lh Mon Nov 25 15:16:37 UTC 2024
#@# Curv .H and .K lh Mon Nov 25 15:16:59 UTC 2024
#@# Sphere lh Mon Nov 25 15:18:24 UTC 2024
#@# Surf Reg lh Mon Nov 25 15:22:45 UTC 2024
#@# Jacobian white lh Mon Nov 25 15:30:16 UTC 2024
#@# AvgCurv lh Mon Nov 25 15:30:18 UTC 2024
#@# Cortical Parc lh Mon Nov 25 15:30:19 UTC 2024
#@# white curv lh Mon Nov 25 15:42:28 UTC 2024
#@# white area lh Mon Nov 25 15:42:32 UTC 2024
#@# pial curv lh Mon Nov 25 15:42:34 UTC 2024
#@# pial area lh Mon Nov 25 15:42:38 UTC 2024
#@# thickness lh Mon Nov 25 15:42:39 UTC 2024
#@# area and vertex vol lh Mon Nov 25 15:43:37 UTC 2024
#@# Curvature Stats lh Mon Nov 25 15:43:40 UTC 2024
#@# Cortical Parc 2 lh Mon Nov 25 15:43:45 UTC 2024
#@# Cortical Parc 3 lh Mon Nov 25 15:44:14 UTC 2024
#@# WM/GM Contrast lh Mon Nov 25 15:44:37 UTC 2024
recon-all -s sub-fsm87qb finished without error at Mon Nov 25 15:44:43 UTC 2024



#New# invocation of recon-all 



status file for recon-all
Mon Nov 25 18:24:21 UTC 2024
#@# white curv lh Mon Nov 25 18:24:21 UTC 2024
#@# white area lh Mon Nov 25 18:24:21 UTC 2024
#@# pial curv lh Mon Nov 25 18:24:22 UTC 2024
#@# pial area lh Mon Nov 25 18:24:22 UTC 2024
#@# thickness lh Mon Nov 25 18:24:22 UTC 2024
#@# area and vertex vol lh Mon Nov 25 18:24:22 UTC 2024
#@# Parcellation Stats lh Mon Nov 25 18:24:22 UTC 2024
#@# Parcellation Stats 2 lh Mon Nov 25 18:25:17 UTC 2024
#@# Parcellation Stats 3 lh Mon Nov 25 18:25:45 UTC 2024
#@# BA_exvivo Labels lh Mon Nov 25 18:26:12 UTC 2024
recon-all -s sub-fsm87qb finished without error at Mon Nov 25 18:31:28 UTC 2024
