status file for recon-all
Sun Nov 24 11:39:41 UTC 2024
#@# Tessellate lh Sun Nov 24 11:39:41 UTC 2024
#@# Smooth1 lh Sun Nov 24 11:39:54 UTC 2024
#@# Inflation1 lh Sun Nov 24 11:40:00 UTC 2024
#@# QSphere lh Sun Nov 24 11:40:22 UTC 2024
#@# Fix Topology lh Sun Nov 24 11:42:39 UTC 2024
#@# Smooth2 lh Sun Nov 24 11:55:26 UTC 2024
#@# Inflation2 lh Sun Nov 24 11:55:33 UTC 2024
#@# Curv .H and .K lh Sun Nov 24 11:56:01 UTC 2024
#@# Sphere lh Sun Nov 24 11:57:22 UTC 2024
#@# Surf Reg lh Sun Nov 24 12:02:38 UTC 2024
#@# Jacobian white lh Sun Nov 24 12:10:24 UTC 2024
#@# AvgCurv lh Sun Nov 24 12:10:26 UTC 2024
#@# Cortical Parc lh Sun Nov 24 12:10:28 UTC 2024
#@# white curv lh Sun Nov 24 12:24:45 UTC 2024
#@# white area lh Sun Nov 24 12:24:49 UTC 2024
#@# pial curv lh Sun Nov 24 12:24:51 UTC 2024
#@# pial area lh Sun Nov 24 12:24:55 UTC 2024
#@# thickness lh Sun Nov 24 12:24:57 UTC 2024
#@# area and vertex vol lh Sun Nov 24 12:26:03 UTC 2024
#@# Curvature Stats lh Sun Nov 24 12:26:07 UTC 2024
#@# Cortical Parc 2 lh Sun Nov 24 12:26:13 UTC 2024
#@# Cortical Parc 3 lh Sun Nov 24 12:26:48 UTC 2024
#@# WM/GM Contrast lh Sun Nov 24 12:27:10 UTC 2024
recon-all -s sub-fsm24dz finished without error at Sun Nov 24 12:27:17 UTC 2024



#New# invocation of recon-all 



status file for recon-all
Sun Nov 24 19:23:18 UTC 2024
#@# white curv lh Sun Nov 24 19:23:18 UTC 2024
#@# white area lh Sun Nov 24 19:23:18 UTC 2024
#@# pial curv lh Sun Nov 24 19:23:18 UTC 2024
#@# pial area lh Sun Nov 24 19:23:18 UTC 2024
#@# thickness lh Sun Nov 24 19:23:18 UTC 2024
#@# area and vertex vol lh Sun Nov 24 19:23:18 UTC 2024
#@# Parcellation Stats lh Sun Nov 24 19:23:18 UTC 2024
#@# Parcellation Stats 2 lh Sun Nov 24 19:24:22 UTC 2024
#@# Parcellation Stats 3 lh Sun Nov 24 19:24:53 UTC 2024
#@# BA_exvivo Labels lh Sun Nov 24 19:25:25 UTC 2024
recon-all -s sub-fsm24dz finished without error at Sun Nov 24 19:31:21 UTC 2024
