status file for recon-all
Sat Nov 23 16:11:03 UTC 2024
#@# MotionCor Sat Nov 23 16:11:08 UTC 2024
#@# Talairach Sat Nov 23 16:11:21 UTC 2024
#@# Talairach Failure Detection Sat Nov 23 16:18:51 UTC 2024
#@# Nu Intensity Correction Sat Nov 23 16:18:51 UTC 2024
#@# Intensity Normalization Sat Nov 23 16:26:00 UTC 2024
recon-all -s sub-fsm96ry finished without error at Sat Nov 23 16:29:35 UTC 2024



#New# invocation of recon-all 



status file for recon-all
Sat Nov 23 18:10:07 UTC 2024
#@# EM Registration Sat Nov 23 18:10:07 UTC 2024
recon-all -s sub-fsm96ry finished without error at Sat Nov 23 18:14:14 UTC 2024



#New# invocation of recon-all 



status file for recon-all
Sun Nov 24 07:03:25 UTC 2024
#@# CA Normalize Sun Nov 24 07:03:25 UTC 2024
#@# CA Reg Sun Nov 24 07:06:03 UTC 2024
#@# SubCort Seg Sun Nov 24 09:10:53 UTC 2024
#@# CC Seg Sun Nov 24 10:35:25 UTC 2024
#@# Merge ASeg Sun Nov 24 10:37:01 UTC 2024
#@# Intensity Normalization2 Sun Nov 24 10:37:01 UTC 2024
#@# Mask BFS Sun Nov 24 10:42:40 UTC 2024
#@# WM Segmentation Sun Nov 24 10:42:43 UTC 2024
#@# Fill Sun Nov 24 10:48:04 UTC 2024
recon-all -s sub-fsm96ry finished without error at Sun Nov 24 10:50:28 UTC 2024



#New# invocation of recon-all 



status file for recon-all
Sun Nov 24 19:23:18 UTC 2024
#@# white curv lh Sun Nov 24 19:23:18 UTC 2024
#@# white area lh Sun Nov 24 19:23:18 UTC 2024
#@# pial curv lh Sun Nov 24 19:23:18 UTC 2024
#@# pial area lh Sun Nov 24 19:23:18 UTC 2024
#@# thickness lh Sun Nov 24 19:23:18 UTC 2024
#@# area and vertex vol lh Sun Nov 24 19:23:18 UTC 2024
#@# white curv rh Sun Nov 24 19:23:18 UTC 2024
#@# white area rh Sun Nov 24 19:23:18 UTC 2024
#@# pial curv rh Sun Nov 24 19:23:18 UTC 2024
#@# pial area rh Sun Nov 24 19:23:18 UTC 2024
#@# thickness rh Sun Nov 24 19:23:18 UTC 2024
#@# area and vertex vol rh Sun Nov 24 19:23:18 UTC 2024
#@# Cortical ribbon mask Sun Nov 24 19:23:18 UTC 2024
recon-all -s sub-fsm96ry finished without error at Sun Nov 24 19:33:55 UTC 2024



#New# invocation of recon-all 



status file for recon-all
Sun Nov 24 23:06:23 UTC 2024
#@# white curv lh Sun Nov 24 23:06:23 UTC 2024
#@# white area lh Sun Nov 24 23:06:23 UTC 2024
#@# pial curv lh Sun Nov 24 23:06:23 UTC 2024
#@# pial area lh Sun Nov 24 23:06:23 UTC 2024
#@# thickness lh Sun Nov 24 23:06:23 UTC 2024
#@# area and vertex vol lh Sun Nov 24 23:06:23 UTC 2024
#@# white curv rh Sun Nov 24 23:06:23 UTC 2024
#@# white area rh Sun Nov 24 23:06:23 UTC 2024
#@# pial curv rh Sun Nov 24 23:06:23 UTC 2024
#@# pial area rh Sun Nov 24 23:06:23 UTC 2024
#@# thickness rh Sun Nov 24 23:06:23 UTC 2024
#@# area and vertex vol rh Sun Nov 24 23:06:23 UTC 2024
#@# Curvature Stats lh Sun Nov 24 23:06:23 UTC 2024
#@# Curvature Stats rh Sun Nov 24 23:06:29 UTC 2024
#@# Relabel Hypointensities Sun Nov 24 23:06:36 UTC 2024
#@# APas-to-ASeg Sun Nov 24 23:07:13 UTC 2024
#@# AParc-to-ASeg aparc Sun Nov 24 23:07:46 UTC 2024
#@# AParc-to-ASeg aparc.a2009s Sun Nov 24 23:08:53 UTC 2024
#@# AParc-to-ASeg aparc.DKTatlas Sun Nov 24 23:10:00 UTC 2024
#@# WMParc Sun Nov 24 23:11:06 UTC 2024
#@# ASeg Stats Sun Nov 24 23:17:57 UTC 2024
recon-all -s sub-fsm96ry finished without error at Sun Nov 24 23:19:47 UTC 2024
