status file for recon-all
Sat Nov 23 15:53:12 UTC 2024
#@# MotionCor Sat Nov 23 15:53:17 UTC 2024
#@# Talairach Sat Nov 23 15:53:30 UTC 2024
#@# Talairach Failure Detection Sat Nov 23 16:00:43 UTC 2024
#@# Nu Intensity Correction Sat Nov 23 16:00:44 UTC 2024
#@# Intensity Normalization Sat Nov 23 16:07:43 UTC 2024
recon-all -s sub-fsm84zy finished without error at Sat Nov 23 16:12:41 UTC 2024



#New# invocation of recon-all 



status file for recon-all
Sat Nov 23 18:05:25 UTC 2024
#@# EM Registration Sat Nov 23 18:05:26 UTC 2024
recon-all -s sub-fsm84zy finished without error at Sat Nov 23 18:10:01 UTC 2024



#New# invocation of recon-all 



status file for recon-all
Sun Nov 24 04:03:56 UTC 2024
#@# CA Normalize Sun Nov 24 04:03:56 UTC 2024
#@# CA Reg Sun Nov 24 04:06:20 UTC 2024
#@# SubCort Seg Sun Nov 24 06:00:43 UTC 2024
#@# CC Seg Sun Nov 24 07:07:03 UTC 2024
#@# Merge ASeg Sun Nov 24 07:08:29 UTC 2024
#@# Intensity Normalization2 Sun Nov 24 07:08:29 UTC 2024
#@# Mask BFS Sun Nov 24 07:15:00 UTC 2024
#@# WM Segmentation Sun Nov 24 07:15:05 UTC 2024
#@# Fill Sun Nov 24 07:20:25 UTC 2024
recon-all -s sub-fsm84zy finished without error at Sun Nov 24 07:22:57 UTC 2024



#New# invocation of recon-all 



status file for recon-all
Sun Nov 24 17:40:23 UTC 2024
#@# white curv lh Sun Nov 24 17:40:23 UTC 2024
#@# white area lh Sun Nov 24 17:40:23 UTC 2024
#@# pial curv lh Sun Nov 24 17:40:23 UTC 2024
#@# pial area lh Sun Nov 24 17:40:23 UTC 2024
#@# thickness lh Sun Nov 24 17:40:23 UTC 2024
#@# area and vertex vol lh Sun Nov 24 17:40:23 UTC 2024
#@# white curv rh Sun Nov 24 17:40:23 UTC 2024
#@# white area rh Sun Nov 24 17:40:23 UTC 2024
#@# pial curv rh Sun Nov 24 17:40:23 UTC 2024
#@# pial area rh Sun Nov 24 17:40:23 UTC 2024
#@# thickness rh Sun Nov 24 17:40:23 UTC 2024
#@# area and vertex vol rh Sun Nov 24 17:40:23 UTC 2024
#@# Cortical ribbon mask Sun Nov 24 17:40:24 UTC 2024
recon-all -s sub-fsm84zy finished without error at Sun Nov 24 17:53:33 UTC 2024



#New# invocation of recon-all 



status file for recon-all
Sun Nov 24 21:08:34 UTC 2024
#@# white curv lh Sun Nov 24 21:08:34 UTC 2024
#@# white area lh Sun Nov 24 21:08:34 UTC 2024
#@# pial curv lh Sun Nov 24 21:08:34 UTC 2024
#@# pial area lh Sun Nov 24 21:08:34 UTC 2024
#@# thickness lh Sun Nov 24 21:08:34 UTC 2024
#@# area and vertex vol lh Sun Nov 24 21:08:34 UTC 2024
#@# white curv rh Sun Nov 24 21:08:34 UTC 2024
#@# white area rh Sun Nov 24 21:08:34 UTC 2024
#@# pial curv rh Sun Nov 24 21:08:34 UTC 2024
#@# pial area rh Sun Nov 24 21:08:34 UTC 2024
#@# thickness rh Sun Nov 24 21:08:34 UTC 2024
#@# area and vertex vol rh Sun Nov 24 21:08:34 UTC 2024
#@# Curvature Stats lh Sun Nov 24 21:08:35 UTC 2024
#@# Curvature Stats rh Sun Nov 24 21:08:41 UTC 2024
#@# Relabel Hypointensities Sun Nov 24 21:08:47 UTC 2024
#@# APas-to-ASeg Sun Nov 24 21:09:31 UTC 2024
#@# AParc-to-ASeg aparc Sun Nov 24 21:09:59 UTC 2024
#@# AParc-to-ASeg aparc.a2009s Sun Nov 24 21:12:26 UTC 2024
#@# AParc-to-ASeg aparc.DKTatlas Sun Nov 24 21:14:26 UTC 2024
#@# WMParc Sun Nov 24 21:16:20 UTC 2024
#@# ASeg Stats Sun Nov 24 21:22:14 UTC 2024
recon-all -s sub-fsm84zy finished without error at Sun Nov 24 21:23:49 UTC 2024
