status file for recon-all
Sun Nov 24 16:33:04 UTC 2024
#@# Tessellate rh Sun Nov 24 16:33:04 UTC 2024
#@# Smooth1 rh Sun Nov 24 16:33:21 UTC 2024
#@# Inflation1 rh Sun Nov 24 16:33:28 UTC 2024
#@# QSphere rh Sun Nov 24 16:33:53 UTC 2024
#@# Fix Topology rh Sun Nov 24 16:37:07 UTC 2024
#@# Smooth2 rh Sun Nov 24 16:55:22 UTC 2024
#@# Inflation2 rh Sun Nov 24 16:55:31 UTC 2024
#@# Curv .H and .K rh Sun Nov 24 16:56:10 UTC 2024
#@# Sphere rh Sun Nov 24 16:58:03 UTC 2024
#@# Surf Reg rh Sun Nov 24 17:03:33 UTC 2024
#@# Jacobian white rh Sun Nov 24 17:14:43 UTC 2024
#@# AvgCurv rh Sun Nov 24 17:14:45 UTC 2024
#@# Cortical Parc rh Sun Nov 24 17:14:47 UTC 2024
#@# white curv rh Sun Nov 24 17:37:03 UTC 2024
#@# white area rh Sun Nov 24 17:37:08 UTC 2024
#@# pial curv rh Sun Nov 24 17:37:10 UTC 2024
#@# pial area rh Sun Nov 24 17:37:15 UTC 2024
#@# thickness rh Sun Nov 24 17:37:18 UTC 2024
#@# area and vertex vol rh Sun Nov 24 17:38:31 UTC 2024
#@# Curvature Stats rh Sun Nov 24 17:38:36 UTC 2024
#@# Cortical Parc 2 rh Sun Nov 24 17:38:44 UTC 2024
#@# Cortical Parc 3 rh Sun Nov 24 17:39:25 UTC 2024
#@# WM/GM Contrast rh Sun Nov 24 17:39:58 UTC 2024
recon-all -s sub-fsm84zy finished without error at Sun Nov 24 17:40:07 UTC 2024



#New# invocation of recon-all 



status file for recon-all
Sun Nov 24 20:56:28 UTC 2024
#@# white curv rh Sun Nov 24 20:56:28 UTC 2024
#@# white area rh Sun Nov 24 20:56:28 UTC 2024
#@# pial curv rh Sun Nov 24 20:56:28 UTC 2024
#@# pial area rh Sun Nov 24 20:56:28 UTC 2024
#@# thickness rh Sun Nov 24 20:56:28 UTC 2024
#@# area and vertex vol rh Sun Nov 24 20:56:28 UTC 2024
#@# Parcellation Stats rh Sun Nov 24 20:56:28 UTC 2024
#@# Parcellation Stats 2 rh Sun Nov 24 20:58:14 UTC 2024
#@# Parcellation Stats 3 rh Sun Nov 24 20:59:13 UTC 2024
#@# BA_exvivo Labels rh Sun Nov 24 21:00:07 UTC 2024
recon-all -s sub-fsm84zy finished without error at Sun Nov 24 21:08:21 UTC 2024
