status file for recon-all
Sun Nov 24 16:28:25 UTC 2024
#@# Tessellate lh Sun Nov 24 16:28:25 UTC 2024
#@# Smooth1 lh Sun Nov 24 16:28:41 UTC 2024
#@# Inflation1 lh Sun Nov 24 16:28:50 UTC 2024
#@# QSphere lh Sun Nov 24 16:29:20 UTC 2024
#@# Fix Topology lh Sun Nov 24 16:32:00 UTC 2024
#@# Smooth2 lh Sun Nov 24 16:51:00 UTC 2024
#@# Inflation2 lh Sun Nov 24 16:51:09 UTC 2024
#@# Curv .H and .K lh Sun Nov 24 16:51:46 UTC 2024
#@# Sphere lh Sun Nov 24 16:53:36 UTC 2024
#@# Surf Reg lh Sun Nov 24 17:01:58 UTC 2024
#@# Jacobian white lh Sun Nov 24 17:13:11 UTC 2024
#@# AvgCurv lh Sun Nov 24 17:13:14 UTC 2024
#@# Cortical Parc lh Sun Nov 24 17:13:16 UTC 2024
#@# white curv lh Sun Nov 24 17:33:35 UTC 2024
#@# white area lh Sun Nov 24 17:33:40 UTC 2024
#@# pial curv lh Sun Nov 24 17:33:42 UTC 2024
#@# pial area lh Sun Nov 24 17:33:46 UTC 2024
#@# thickness lh Sun Nov 24 17:33:48 UTC 2024
#@# area and vertex vol lh Sun Nov 24 17:35:03 UTC 2024
#@# Curvature Stats lh Sun Nov 24 17:35:08 UTC 2024
#@# Cortical Parc 2 lh Sun Nov 24 17:35:16 UTC 2024
#@# Cortical Parc 3 lh Sun Nov 24 17:36:00 UTC 2024
#@# WM/GM Contrast lh Sun Nov 24 17:36:33 UTC 2024
recon-all -s sub-fsm84zy finished without error at Sun Nov 24 17:36:42 UTC 2024



#New# invocation of recon-all 



status file for recon-all
Sun Nov 24 20:55:24 UTC 2024
#@# white curv lh Sun Nov 24 20:55:25 UTC 2024
#@# white area lh Sun Nov 24 20:55:25 UTC 2024
#@# pial curv lh Sun Nov 24 20:55:25 UTC 2024
#@# pial area lh Sun Nov 24 20:55:25 UTC 2024
#@# thickness lh Sun Nov 24 20:55:25 UTC 2024
#@# area and vertex vol lh Sun Nov 24 20:55:25 UTC 2024
#@# Parcellation Stats lh Sun Nov 24 20:55:25 UTC 2024
#@# Parcellation Stats 2 lh Sun Nov 24 20:57:10 UTC 2024
#@# Parcellation Stats 3 lh Sun Nov 24 20:58:05 UTC 2024
#@# BA_exvivo Labels lh Sun Nov 24 20:59:00 UTC 2024
recon-all -s sub-fsm84zy finished without error at Sun Nov 24 21:07:18 UTC 2024
