/scratch/tmp/fs_mp2rage_tests2/sourcedata/freesurfer_memprage/sub-fsm90ao/mri
/opt/freesurfer/bin/talairach_avi
--i orig_nu.mgz --xfm transforms/talairach.auto.xfm
talairach_avi 7.3.2
Linux elm.criugm.qc.ca 5.15.0-113-generic #123-Ubuntu SMP Mon Jun 10 08:16:17 UTC 2024 x86_64 x86_64 x86_64 GNU/Linux
Sun Nov 24 06:20:48 UTC 2024
mri_convert orig_nu.mgz talsrcimg.img 
reading from orig_nu.mgz...
TR=0.00, TE=0.00, TI=0.00, flip angle=0.00
i_ras = (-1, 3.25963e-09, -7.45058e-09)
j_ras = (-3.72529e-09, 0, -1)
k_ras = (-3.72529e-09, 1, 0)
writing to talsrcimg.img...
Analyze Output Matrix
-1.00000  -0.00000  -0.00000   129.96350;
 0.00000   0.00000   1.00000  -107.92039;
-0.00000  -1.00000   0.00000   117.55189;
 0.00000   0.00000   0.00000   1.00000;
--------------------
INFO: set hdr.hist.orient to -1
mpr2mni305 talsrcimg
Sun Nov 24 06:20:51 UTC 2024
/opt/freesurfer/bin/mpr2mni305 talsrcimg
mpr2mni305 7.3.2
target=711-2C_as_mni_average_305

---------------------------------------------------------------------
analyzeto4dfp talsrcimg -O0 -y
---------------------------------------------------------------------

freesurfer ifh2hdr.c
Sun Nov 24 06:20:51 2024
Writing: talsrcimg.4dfp.hdr
freesurfer analyzeto4dfp.c
Reading: talsrcimg.hdr
header size 348 bytes
hdr.dime.datatype	offset=70	value=2
hdr.dime.bitpix		offset=72	value=8
hdr.hist.orient		offset=252	value=-1
dimensionality     4
dimensions       256       256       256         1
Reading: talsrcimg.img
Writing: talsrcimg.4dfp.img
Writing: talsrcimg.4dfp.ifh
ifh2hdr talsrcimg -r0to255
ori=2

---------------------------------------------------------------------
gauss_4dfp talsrcimg 1.1
---------------------------------------------------------------------

freesurfer gauss_4dfp.c
Reading: talsrcimg.4dfp.img
Writing: talsrcimg_g11.4dfp.img
image dimensions 256 256 256 padded to 288 288 288
processing volume 1freesurfer ifh2hdr.c
Sun Nov 24 06:21:00 2024
Writing: talsrcimg_g11.4dfp.hdr

Writing: talsrcimg_g11.4dfp.ifh
including: talsrcimg.4dfp.img.rec in talsrcimg_g11.4dfp.img.rec

---------------------------------------------------------------------
imgreg_4dfp /opt/freesurfer/average/711-2C_as_mni_average_305 none talsrcimg_g11 none talsrcimg_to_711-2C_as_mni_average_305_t4 4355
---------------------------------------------------------------------

freesurfer imgreg_4dfp.c
/opt/freesurfer/average/711-2C_as_mni_average_305.4dfp.img
       256       256       256         1
  1.000000  1.000000  1.000000
orientation T byte_order littleendian
Reading image: /opt/freesurfer/average/711-2C_as_mni_average_305.4dfp.img
dimensions:      256       256       256
mmppix:       1.0000   -1.0000   -1.0000
center:     128.0000 -129.0000 -129.0000
talsrcimg_g11.4dfp.img
       256       256       256         1
  1.000000  1.000000  1.000000
orientation T byte_order littleendian
Reading image: talsrcimg_g11.4dfp.img
dimensions:      256       256       256
mmppix:       1.0000   -1.0000   -1.0000
center:     128.0000 -129.0000 -129.0000
t4_read: open error in t4_sub.f l:  41 t4_file(1:l)talsrcimg_to_711-2C_as_mni_average_305_t4 
t4_read: transform initialized to I4
rotation matrix determinant  1.000000
image alignment mode   4355 decimal     1103 hex
   -7.5000  -45.0000  -45.0000 8626.5635    9.8239
    0.0000  -45.0000  -45.0000 8969.6416    9.8191
    7.5000  -45.0000  -45.0000 8576.0742    9.8186
   -7.5000  -37.5000  -45.0000 8821.8613    9.7983
    0.0000  -37.5000  -45.0000 9152.5801    9.7969
    7.5000  -37.5000  -45.0000 8762.8232    9.7974
   -7.5000  -30.0000  -45.0000 9205.3047    9.6684
    0.0000  -30.0000  -45.0000 9523.6211    9.6673
    7.5000  -30.0000  -45.0000 9122.4062    9.6669
   -7.5000  -22.5000  -45.0000 9645.1230    9.5881
    0.0000  -22.5000  -45.0000 9970.0547    9.5859
    7.5000  -22.5000  -45.0000 9523.3350    9.5835
   -7.5000  -15.0000  -45.000010129.8926    9.5523
    0.0000  -15.0000  -45.000010462.4307    9.5477
    7.5000  -15.0000  -45.0000 9975.6016    9.5437
   -7.5000   -7.5000  -45.000010605.1377    9.5231
    0.0000   -7.5000  -45.000010956.4697    9.5173
    7.5000   -7.5000  -45.000010427.9033    9.5141
   -7.5000    0.0000  -45.000011047.1133    9.5134
    0.0000    0.0000  -45.000011427.1270    9.5087
    7.5000    0.0000  -45.000010883.8623    9.5078
   -7.5000    7.5000  -45.000010665.6387    9.6150
    0.0000    7.5000  -45.000011041.0684    9.6134
    7.5000    7.5000  -45.000010492.7627    9.6137
   -7.5000   15.0000  -45.000010270.3887    9.9096
    0.0000   15.0000  -45.000010623.2959    9.9106
    7.5000   15.0000  -45.000010083.8047    9.9106
   -7.5000   22.5000  -45.0000 9839.7764   10.2274
    0.0000   22.5000  -45.000010190.5674   10.2298
    7.5000   22.5000  -45.0000 9670.3350   10.2282
   -7.5000   30.0000  -45.0000 9333.1006   10.3996
    0.0000   30.0000  -45.0000 9670.0410   10.3994
    7.5000   30.0000  -45.0000 9173.4863   10.3954
   -7.5000   37.5000  -45.0000 9146.5625   10.7028
    0.0000   37.5000  -45.0000 9471.5322   10.7012
    7.5000   37.5000  -45.0000 8974.4951   10.6982
   -7.5000   45.0000  -45.0000 8598.7734   10.7528
    0.0000   45.0000  -45.0000 8895.9854   10.7540
    7.5000   45.0000  -45.0000 8422.7246   10.7539
   -7.5000  -45.0000  -37.5000 9116.0771    9.7848
    0.0000  -45.0000  -37.5000 9458.1504    9.7823
    7.5000  -45.0000  -37.5000 9069.1123    9.7848
   -7.5000  -37.5000  -37.5000 9304.8145    9.7613
    0.0000  -37.5000  -37.5000 9639.8066    9.7625
    7.5000  -37.5000  -37.5000 9242.7529    9.7661
   -7.5000  -30.0000  -37.5000 9746.5244    9.6303
    0.0000  -30.0000  -37.500010060.2373    9.6331
    7.5000  -30.0000  -37.5000 9646.3672    9.6356
   -7.5000  -22.5000  -37.500010233.5801    9.5466
    0.0000  -22.5000  -37.500010570.0518    9.5489
    7.5000  -22.5000  -37.500010110.5840    9.5495
   -7.5000  -15.0000  -37.500010783.1650    9.5088
    0.0000  -15.0000  -37.500011145.7139    9.5082
    7.5000  -15.0000  -37.500010624.5352    9.5071
   -7.5000   -7.5000  -37.500011319.2568    9.4814
    0.0000   -7.5000  -37.500011716.2383    9.4786
    7.5000   -7.5000  -37.500011144.3467    9.4782
   -7.5000    0.0000  -37.500011804.7783    9.4747
    0.0000    0.0000  -37.500012220.2383    9.4723
    7.5000    0.0000  -37.500011619.2510    9.4742
   -7.5000    7.5000  -37.500011388.7139    9.5784
    0.0000    7.5000  -37.500011794.5127    9.5793
    7.5000    7.5000  -37.500011187.7334    9.5823
   -7.5000   15.0000  -37.500010971.6738    9.8716
    0.0000   15.0000  -37.500011377.8613    9.8763
    7.5000   15.0000  -37.500010768.1807    9.8789
   -7.5000   22.5000  -37.500010500.3242   10.1843
    0.0000   22.5000  -37.500010904.5469   10.1912
    7.5000   22.5000  -37.500010288.7920   10.1924
   -7.5000   30.0000  -37.5000 9932.3057   10.3525
    0.0000   30.0000  -37.500010311.5986   10.3571
    7.5000   30.0000  -37.5000 9748.8389   10.3561
   -7.5000   37.5000  -37.5000 9706.2988   10.6556
    0.0000   37.5000  -37.500010067.5264   10.6569
    7.5000   37.5000  -37.5000 9518.6836   10.6568
   -7.5000   45.0000  -37.5000 9118.4131   10.7071
    0.0000   45.0000  -37.5000 9438.5352   10.7103
    7.5000   45.0000  -37.5000 8925.9189   10.7126
   -7.5000  -45.0000  -30.0000 9793.7949   10.1541
    0.0000  -45.0000  -30.000010151.7314   10.1533
    7.5000  -45.0000  -30.0000 9721.5410   10.1594
   -7.5000  -37.5000  -30.0000 9982.0381   10.1314
    0.0000  -37.5000  -30.000010360.7900   10.1345
    7.5000  -37.5000  -30.0000 9911.7383   10.1419
   -7.5000  -30.0000  -30.000010472.3945    9.9929
    0.0000  -30.0000  -30.000010842.3066    9.9983
    7.5000  -30.0000  -30.000010374.1523   10.0041
   -7.5000  -22.5000  -30.000011030.4229    9.9020
    0.0000  -22.5000  -30.000011418.3398    9.9070
    7.5000  -22.5000  -30.000010908.9619    9.9105
   -7.5000  -15.0000  -30.000011653.0459    9.8614
    0.0000  -15.0000  -30.000012041.1689    9.8634
    7.5000  -15.0000  -30.000011492.1289    9.8650
   -7.5000   -7.5000  -30.000012253.9092    9.8359
    0.0000   -7.5000  -30.000012679.2920    9.8351
    7.5000   -7.5000  -30.000012071.1436    9.8377
   -7.5000    0.0000  -30.000012763.6367    9.8324
    0.0000    0.0000  -30.000013221.2500    9.8315
    7.5000    0.0000  -30.000012561.1631    9.8368
   -7.5000    7.5000  -30.000012300.7041    9.9415
    0.0000    7.5000  -30.000012728.9443    9.9443
    7.5000    7.5000  -30.000012088.6416    9.9510
   -7.5000   15.0000  -30.000011843.7822   10.2449
    0.0000   15.0000  -30.000012277.6172   10.2522
    7.5000   15.0000  -30.000011618.3721   10.2580
   -7.5000   22.5000  -30.000011343.5244   10.5655
    0.0000   22.5000  -30.000011762.8213   10.5755
    7.5000   22.5000  -30.000011100.4678   10.5795
   -7.5000   30.0000  -30.000010727.8594   10.7418
    0.0000   30.0000  -30.000011121.6631   10.7499
    7.5000   30.0000  -30.000010507.9209   10.7521
   -7.5000   37.5000  -30.000010448.9199   11.0598
    0.0000   37.5000  -30.000010835.8066   11.0634
    7.5000   37.5000  -30.000010220.2998   11.0667
   -7.5000   45.0000  -30.0000 9795.7920   11.1249
    0.0000   45.0000  -30.000010141.0449   11.1295
    7.5000   45.0000  -30.0000 9568.9316   11.1349
   -7.5000  -45.0000  -22.500010453.6729   10.4707
    0.0000  -45.0000  -22.500010855.1484   10.4697
    7.5000  -45.0000  -22.500010386.1211   10.4768
   -7.5000  -37.5000  -22.500010666.4717   10.4490
    0.0000  -37.5000  -22.500011066.8184   10.4524
    7.5000  -37.5000  -22.500010585.5605   10.4609
   -7.5000  -30.0000  -22.500011242.4316   10.3048
    0.0000  -30.0000  -22.500011636.6729   10.3100
    7.5000  -30.0000  -22.500011131.6416   10.3166
   -7.5000  -22.5000  -22.500011863.9248   10.2099
    0.0000  -22.5000  -22.500012269.5928   10.2142
    7.5000  -22.5000  -22.500011736.4160   10.2178
   -7.5000  -15.0000  -22.500012515.8604   10.1679
    0.0000  -15.0000  -22.500012940.4668   10.1689
    7.5000  -15.0000  -22.500012375.5840   10.1707
   -7.5000   -7.5000  -22.500013188.3291   10.1423
    0.0000   -7.5000  -22.500013641.2305   10.1411
    7.5000   -7.5000  -22.500013009.7139   10.1444
   -7.5000    0.0000  -22.500013737.4307   10.1395
    0.0000    0.0000  -22.500014239.0010   10.1387
    7.5000    0.0000  -22.500013521.0186   10.1449
   -7.5000    7.5000  -22.500013228.0107   10.2531
    0.0000    7.5000  -22.500013701.9209   10.2562
    7.5000    7.5000  -22.500012990.1680   10.2640
   -7.5000   15.0000  -22.500012746.8076   10.5658
    0.0000   15.0000  -22.500013212.6113   10.5734
    7.5000   15.0000  -22.500012486.8750   10.5802
   -7.5000   22.5000  -22.500012192.2920   10.8957
    0.0000   22.5000  -22.500012658.7266   10.9054
    7.5000   22.5000  -22.500011925.1943   10.9099
   -7.5000   30.0000  -22.500011534.1689   11.0803
    0.0000   30.0000  -22.500011980.9258   11.0877
    7.5000   30.0000  -22.500011275.1553   11.0907
   -7.5000   37.5000  -22.500011213.4141   11.4091
    0.0000   37.5000  -22.500011639.1973   11.4126
    7.5000   37.5000  -22.500010940.2275   11.4172
   -7.5000   45.0000  -22.500010461.5371   11.4852
    0.0000   45.0000  -22.500010856.2666   11.4903
    7.5000   45.0000  -22.500010205.3545   11.4970
   -7.5000  -45.0000  -15.000011142.5146   10.6973
    0.0000  -45.0000  -15.000011580.3643   10.6946
    7.5000  -45.0000  -15.000011091.2002   10.6989
   -7.5000  -37.5000  -15.000011399.9727   10.6757
    0.0000  -37.5000  -15.000011808.3213   10.6773
    7.5000  -37.5000  -15.000011316.5615   10.6830
   -7.5000  -30.0000  -15.000012026.2881   10.5284
    0.0000  -30.0000  -15.000012448.5312   10.5307
    7.5000  -30.0000  -15.000011922.0107   10.5346
   -7.5000  -22.5000  -15.000012711.4033   10.4336
    0.0000  -22.5000  -15.000013159.0215   10.4344
    7.5000  -22.5000  -15.000012586.1748   10.4350
   -7.5000  -15.0000  -15.000013424.4990   10.3919
    0.0000  -15.0000  -15.000013900.2412   10.3895
    7.5000  -15.0000  -15.000013294.3076   10.3888
   -7.5000   -7.5000  -15.000014118.0820   10.3644
    0.0000   -7.5000  -15.000014646.2676   10.3607
    7.5000   -7.5000  -15.000013964.2705   10.3616
   -7.5000    0.0000  -15.000014668.0078   10.3593
    0.0000    0.0000  -15.000015233.7500   10.3569
    7.5000    0.0000  -15.000014486.9502   10.3605
   -7.5000    7.5000  -15.000014107.4883   10.4753
    0.0000    7.5000  -15.000014649.3535   10.4767
    7.5000    7.5000  -15.000013886.1719   10.4818
   -7.5000   15.0000  -15.000013592.3564   10.7956
    0.0000   15.0000  -15.000014117.9375   10.8007
    7.5000   15.0000  -15.000013348.5830   10.8051
   -7.5000   22.5000  -15.000012961.1045   11.1356
    0.0000   22.5000  -15.000013490.1875   11.1418
    7.5000   22.5000  -15.000012709.4541   11.1440
   -7.5000   30.0000  -15.000012277.6611   11.3289
    0.0000   30.0000  -15.000012805.2744   11.3323
    7.5000   30.0000  -15.000012001.0254   11.3327
   -7.5000   37.5000  -15.000011949.2891   11.6643
    0.0000   37.5000  -15.000012455.7910   11.6657
    7.5000   37.5000  -15.000011649.2139   11.6678
   -7.5000   45.0000  -15.000011163.8594   11.7467
    0.0000   45.0000  -15.000011606.1953   11.7511
    7.5000   45.0000  -15.000010872.1211   11.7557
   -7.5000  -45.0000   -7.500011891.8125   10.8053
    0.0000  -45.0000   -7.500012343.8789   10.8012
    7.5000  -45.0000   -7.500011830.5557   10.8017
   -7.5000  -37.5000   -7.500012181.0967   10.7823
    0.0000  -37.5000   -7.500012608.0127   10.7820
    7.5000  -37.5000   -7.500012090.6660   10.7838
   -7.5000  -30.0000   -7.500012862.6309   10.6363
    0.0000  -30.0000   -7.500013314.2773   10.6359
    7.5000  -30.0000   -7.500012774.9521   10.6362
   -7.5000  -22.5000   -7.500013610.3975   10.5447
    0.0000  -22.5000   -7.500014099.0225   10.5427
    7.5000  -22.5000   -7.500013504.2910   10.5404
   -7.5000  -15.0000   -7.500014367.0537   10.5037
    0.0000  -15.0000   -7.500014907.1299   10.4989
    7.5000  -15.0000   -7.500014257.1045   10.4952
   -7.5000   -7.5000   -7.500015092.8350   10.4726
    0.0000   -7.5000   -7.500015673.0928   10.4671
    7.5000   -7.5000   -7.500014960.1953   10.4647
   -7.5000    0.0000   -7.500015655.7207   10.4634
    0.0000    0.0000   -7.500016253.7764   10.4595
    7.5000    0.0000   -7.500015496.9561   10.4596
   -7.5000    7.5000   -7.500015035.3691   10.5794
    0.0000    7.5000   -7.500015625.2285   10.5790
    7.5000    7.5000   -7.500014865.6523   10.5803
   -7.5000   15.0000   -7.500014476.3545   10.9051
    0.0000   15.0000   -7.500015051.7080   10.9076
    7.5000   15.0000   -7.500014265.6885   10.9086
   -7.5000   22.5000   -7.500013795.3760   11.2514
    0.0000   22.5000   -7.500014357.9727   11.2548
    7.5000   22.5000   -7.500013551.8564   11.2540
   -7.5000   30.0000   -7.500013049.8115   11.4506
    0.0000   30.0000   -7.500013622.9707   11.4510
    7.5000   30.0000   -7.500012774.0127   11.4480
   -7.5000   37.5000   -7.500012684.2363   11.7872
    0.0000   37.5000   -7.500013237.7988   11.7868
    7.5000   37.5000   -7.500012424.5049   11.7852
   -7.5000   45.0000   -7.500011847.5049   11.8688
    0.0000   45.0000   -7.500012352.0244   11.8722
    7.5000   45.0000   -7.500011566.2617   11.8735
   -7.5000  -45.0000    0.000012516.4785   10.8144
    0.0000  -45.0000    0.000012996.6797   10.8102
    7.5000  -45.0000    0.000012449.5391   10.8099
   -7.5000  -37.5000    0.000012860.2637   10.7914
    0.0000  -37.5000    0.000013325.3594   10.7911
    7.5000  -37.5000    0.000012773.7988   10.7919
   -7.5000  -30.0000    0.000013576.1025   10.6470
    0.0000  -30.0000    0.000014062.7109   10.6471
    7.5000  -30.0000    0.000013512.7910   10.6469
   -7.5000  -22.5000    0.000014336.5498   10.5565
    0.0000  -22.5000    0.000014844.2764   10.5552
    7.5000  -22.5000    0.000014273.7578   10.5530
   -7.5000  -15.0000    0.000015119.0840   10.5145
    0.0000  -15.0000    0.000015678.0430   10.5105
    7.5000  -15.0000    0.000015051.8936   10.5067
   -7.5000   -7.5000    0.000015849.4756   10.4816
    0.0000   -7.5000    0.000016445.6172   10.4763
    7.5000   -7.5000    0.000015761.8008   10.4732
   -7.5000    0.0000    0.000016422.5957   10.4709
    0.0000    0.0000    0.000017025.7090   10.4670
    7.5000    0.0000    0.000016314.0146   10.4662
   -7.5000    7.5000    0.000015834.0508   10.5876
    0.0000    7.5000    0.000016472.7441   10.5871
    7.5000    7.5000    0.000015725.9678   10.5876
   -7.5000   15.0000    0.000015278.1289   10.9153
    0.0000   15.0000    0.000015934.5664   10.9178
    7.5000   15.0000    0.000015134.4189   10.9181
   -7.5000   22.5000    0.000014576.4551   11.2641
    0.0000   22.5000    0.000015193.7188   11.2680
    7.5000   22.5000    0.000014408.9385   11.2670
   -7.5000   30.0000    0.000013817.4268   11.4643
    0.0000   30.0000    0.000014396.4697   11.4653
    7.5000   30.0000    0.000013610.0098   11.4618
   -7.5000   37.5000    0.000013414.7256   11.8011
    0.0000   37.5000    0.000013958.2910   11.8006
    7.5000   37.5000    0.000013206.5957   11.7980
   -7.5000   45.0000    0.000012454.7568   11.8816
    0.0000   45.0000    0.000012953.4512   11.8843
    7.5000   45.0000    0.000012229.4668   11.8848
   -7.5000  -45.0000    7.500012204.6094   10.8301
    0.0000  -45.0000    7.500012634.9736   10.8274
    7.5000  -45.0000    7.500012091.3535   10.8300
   -7.5000  -37.5000    7.500012529.0479   10.8076
    0.0000  -37.5000    7.500012983.9043   10.8091
    7.5000  -37.5000    7.500012431.2588   10.8128
   -7.5000  -30.0000    7.500013251.5420   10.6613
    0.0000  -30.0000    7.500013737.2529   10.6644
    7.5000  -30.0000    7.500013177.8486   10.6671
   -7.5000  -22.5000    7.500013997.5879   10.5669
    0.0000  -22.5000    7.500014483.4951   10.5695
    7.5000  -22.5000    7.500013938.1777   10.5701
   -7.5000  -15.0000    7.500014707.6543   10.5233
    0.0000  -15.0000    7.500015225.4346   10.5227
    7.5000  -15.0000    7.500014658.4336   10.5214
   -7.5000   -7.5000    7.500015330.0791   10.4926
    0.0000   -7.5000    7.500015849.5078   10.4895
    7.5000   -7.5000    7.500015276.0781   10.4890
   -7.5000    0.0000    7.500015862.6797   10.4852
    0.0000    0.0000    7.500016401.1582   10.4826
    7.5000    0.0000    7.500015798.0312   10.4845
   -7.5000    7.5000    7.500015434.8193   10.6034
    0.0000    7.5000    7.500016078.1182   10.6045
    7.5000    7.5000    7.500015339.4600   10.6078
   -7.5000   15.0000    7.500014963.9736   10.9305
    0.0000   15.0000    7.500015527.9023   10.9358
    7.5000   15.0000    7.500014887.0527   10.9386
   -7.5000   22.5000    7.500014189.0010   11.2751
    0.0000   22.5000    7.500014650.1660   11.2827
    7.5000   22.5000    7.500014156.9453   11.2840
   -7.5000   30.0000    7.500013446.7842   11.4715
    0.0000   30.0000    7.500013905.0791   11.4765
    7.5000   30.0000    7.500013373.2217   11.4756
   -7.5000   37.5000    7.500013062.9785   11.8094
    0.0000   37.5000    7.500013552.4189   11.8110
    7.5000   37.5000    7.500012996.1904   11.8109
   -7.5000   45.0000    7.500012114.8906   11.8917
    0.0000   45.0000    7.500012550.6924   11.8951
    7.5000   45.0000    7.500012003.1904   11.8978
   -7.5000  -45.0000   15.000011828.7578   10.8514
    0.0000  -45.0000   15.000012234.2334   10.8504
    7.5000  -45.0000   15.000011708.2998   10.8567
   -7.5000  -37.5000   15.000012119.0020   10.8294
    0.0000  -37.5000   15.000012550.1826   10.8328
    7.5000  -37.5000   15.000012016.4219   10.8405
   -7.5000  -30.0000   15.000012801.5791   10.6802
    0.0000  -30.0000   15.000013268.7109   10.6859
    7.5000  -30.0000   15.000012715.1699   10.6920
   -7.5000  -22.5000   15.000013523.0566   10.5816
    0.0000  -22.5000   15.000014022.1592   10.5871
    7.5000  -22.5000   15.000013438.5566   10.5905
   -7.5000  -15.0000   15.000014192.9580   10.5369
    0.0000  -15.0000   15.000014731.7793   10.5390
    7.5000  -15.0000   15.000014110.1865   10.5405
   -7.5000   -7.5000   15.000014722.9912   10.5092
    0.0000   -7.5000   15.000015245.1865   10.5084
    7.5000   -7.5000   15.000014681.3740   10.5110
   -7.5000    0.0000   15.000015204.4385   10.5055
    0.0000    0.0000   15.000015727.5977   10.5046
    7.5000    0.0000   15.000015147.0410   10.5100
   -7.5000    7.5000   15.000014762.1309   10.6247
    0.0000    7.5000   15.000015343.5781   10.6277
    7.5000    7.5000   15.000014696.5869   10.6347
   -7.5000   15.0000   15.000014323.4541   10.9511
    0.0000   15.0000   15.000014809.0400   10.9590
    7.5000   15.0000   15.000014311.7744   10.9650
   -7.5000   22.5000   15.000013620.0352   11.2896
    0.0000   22.5000   15.000013980.1201   11.3003
    7.5000   22.5000   15.000013653.3271   11.3044
   -7.5000   30.0000   15.000012921.5439   11.4820
    0.0000   30.0000   15.000013293.5859   11.4906
    7.5000   30.0000   15.000012927.8984   11.4928
   -7.5000   37.5000   15.000012620.4365   11.8208
    0.0000   37.5000   15.000013046.5820   11.8246
    7.5000   37.5000   15.000012582.7012   11.8280
   -7.5000   45.0000   15.000011713.5557   11.9057
    0.0000   45.0000   15.000012111.7861   11.9107
    7.5000   45.0000   15.000011594.6055   11.9163
   -7.5000  -45.0000   22.500011329.4961   10.8792
    0.0000  -45.0000   22.500011731.0225   10.8779
    7.5000  -45.0000   22.500011224.2393   10.8852
   -7.5000  -37.5000   22.500011601.5869   10.8578
    0.0000  -37.5000   22.500012038.3525   10.8612
    7.5000  -37.5000   22.500011494.9727   10.8699
   -7.5000  -30.0000   22.500012276.8525   10.7072
    0.0000  -30.0000   22.500012739.2461   10.7124
    7.5000  -30.0000   22.500012169.4990   10.7192
   -7.5000  -22.5000   22.500012963.2227   10.6079
    0.0000  -22.5000   22.500013449.3535   10.6122
    7.5000  -22.5000   22.500012852.5557   10.6158
   -7.5000  -15.0000   22.500013578.8203   10.5638
    0.0000  -15.0000   22.500014095.6191   10.5647
    7.5000  -15.0000   22.500013479.1201   10.5665
   -7.5000   -7.5000   22.500014085.4736   10.5373
    0.0000   -7.5000   22.500014586.5303   10.5359
    7.5000   -7.5000   22.500014019.6699   10.5391
   -7.5000    0.0000   22.500014563.4062   10.5346
    0.0000    0.0000   22.500015055.5371   10.5335
    7.5000    0.0000   22.500014502.9717   10.5399
   -7.5000    7.5000   22.500014030.8164   10.6541
    0.0000    7.5000   22.500014529.0420   10.6571
    7.5000    7.5000   22.500014008.1074   10.6651
   -7.5000   15.0000   22.500013568.2949   10.9803
    0.0000   15.0000   22.500014003.0977   10.9880
    7.5000   15.0000   22.500013519.1357   10.9949
   -7.5000   22.5000   22.500013016.6504   11.3154
    0.0000   22.5000   22.500013426.2627   11.3253
    7.5000   22.5000   22.500012960.0312   11.3298
   -7.5000   30.0000   22.500012396.8027   11.5053
    0.0000   30.0000   22.500012845.0146   11.5127
    7.5000   30.0000   22.500012311.2598   11.5157
   -7.5000   37.5000   22.500012069.2812   11.8432
    0.0000   37.5000   22.500012523.6533   11.8466
    7.5000   37.5000   22.500011920.0977   11.8512
   -7.5000   45.0000   22.500011122.9248   11.9285
    0.0000   45.0000   22.500011528.6045   11.9338
    7.5000   45.0000   22.500010953.9160   11.9404
   -7.5000  -45.0000   30.000010732.3213   10.9143
    0.0000  -45.0000   30.000011120.7773   10.9111
    7.5000  -45.0000   30.000010634.8340   10.9155
   -7.5000  -37.5000   30.000010993.3154   10.8926
    0.0000  -37.5000   30.000011403.4404   10.8938
    7.5000  -37.5000   30.000010887.7041   10.8996
   -7.5000  -30.0000   30.000011632.0010   10.7420
    0.0000  -30.0000   30.000012062.0723   10.7439
    7.5000  -30.0000   30.000011513.3828   10.7477
   -7.5000  -22.5000   30.000012261.4180   10.6454
    0.0000  -22.5000   30.000012713.4688   10.6457
    7.5000  -22.5000   30.000012142.2881   10.6463
   -7.5000  -15.0000   30.000012839.1660   10.6032
    0.0000  -15.0000   30.000013322.4883   10.6003
    7.5000  -15.0000   30.000012740.8418   10.5994
   -7.5000   -7.5000   30.000013352.8008   10.5756
    0.0000   -7.5000   30.000013857.0264   10.5714
    7.5000   -7.5000   30.000013283.4922   10.5722
   -7.5000    0.0000   30.000013845.3037   10.5707
    0.0000    0.0000   30.000014341.1826   10.5678
    7.5000    0.0000   30.000013781.4688   10.5714
   -7.5000    7.5000   30.000013343.4893   10.6896
    0.0000    7.5000   30.000013813.6680   10.6906
    7.5000    7.5000   30.000013297.6650   10.6958
   -7.5000   15.0000   30.000012833.2256   11.0171
    0.0000   15.0000   30.000013263.5762   11.0218
    7.5000   15.0000   30.000012762.5781   11.0262
   -7.5000   22.5000   30.000012261.7715   11.3533
    0.0000   22.5000   30.000012636.7881   11.3592
    7.5000   22.5000   30.000012142.7041   11.3612
   -7.5000   30.0000   30.000011618.6875   11.5431
    0.0000   30.0000   30.000011980.7793   11.5462
    7.5000   30.0000   30.000011463.9746   11.5463
   -7.5000   37.5000   30.000011267.1445   11.8791
    0.0000   37.5000   30.000011633.5967   11.8802
    7.5000   37.5000   30.000011080.8594   11.8820
   -7.5000   45.0000   30.000010407.4785   11.9620
    0.0000   45.0000   30.000010770.7285   11.9663
    7.5000   45.0000   30.000010233.5908   11.9705
   -7.5000  -45.0000   37.500010490.2422   10.9432
    0.0000  -45.0000   37.500010861.8242   10.9386
    7.5000  -45.0000   37.500010401.2607   10.9391
   -7.5000  -37.5000   37.500010713.8164   10.9207
    0.0000  -37.5000   37.500011125.0264   10.9200
    7.5000  -37.5000   37.500010637.7129   10.9218
   -7.5000  -30.0000   37.500011333.1914   10.7723
    0.0000  -30.0000   37.500011785.0654   10.7714
    7.5000  -30.0000   37.500011237.4434   10.7717
   -7.5000  -22.5000   37.500011950.0781   10.6798
    0.0000  -22.5000   37.500012422.6328   10.6773
    7.5000  -22.5000   37.500011838.5645   10.6748
   -7.5000  -15.0000   37.500012528.2734   10.6390
    0.0000  -15.0000   37.500013017.9072   10.6336
    7.5000  -15.0000   37.500012408.5986   10.6298
   -7.5000   -7.5000   37.500013075.6289   10.6081
    0.0000   -7.5000   37.500013567.3457   10.6020
    7.5000   -7.5000   37.500012963.0400   10.5996
   -7.5000    0.0000   37.500013532.2217   10.5992
    0.0000    0.0000   37.500014023.5420   10.5948
    7.5000    0.0000   37.500013427.7695   10.5948
   -7.5000    7.5000   37.500012976.2773   10.7177
    0.0000    7.5000   37.500013435.9971   10.7167
    7.5000    7.5000   37.500012869.8076   10.7181
   -7.5000   15.0000   37.500012430.7393   11.0486
    0.0000   15.0000   37.500012863.2158   11.0506
    7.5000   15.0000   37.500012319.0459   11.0515
   -7.5000   22.5000   37.500011837.1875   11.3873
    0.0000   22.5000   37.500012243.2871   11.3902
    7.5000   22.5000   37.500011711.1172   11.3891
   -7.5000   30.0000   37.500011148.3994   11.5785
    0.0000   30.0000   37.500011536.4365   11.5785
    7.5000   30.0000   37.500011037.6748   11.5750
   -7.5000   37.5000   37.500010779.6045   11.9116
    0.0000   37.5000   37.500011147.1064   11.9108
    7.5000   37.5000   37.500010650.5859   11.9088
   -7.5000   45.0000   37.500010000.3408   11.9892
    0.0000   45.0000   37.500010334.1768   11.9924
    7.5000   45.0000   37.5000 9859.9404   11.9932
   -7.5000  -45.0000   45.0000 9747.0020   10.9895
    0.0000  -45.0000   45.000010084.7139   10.9846
    7.5000  -45.0000   45.0000 9666.9307   10.9845
   -7.5000  -37.5000   45.0000 9975.1055   10.9677
    0.0000  -37.5000   45.000010347.8027   10.9668
    7.5000  -37.5000   45.0000 9893.9424   10.9679
   -7.5000  -30.0000   45.000010570.8662   10.8197
    0.0000  -30.0000   45.000010972.5449   10.8191
    7.5000  -30.0000   45.000010453.4453   10.8191
   -7.5000  -22.5000   45.000011155.4707   10.7276
    0.0000  -22.5000   45.000011587.7861   10.7256
    7.5000  -22.5000   45.000011020.0137   10.7235
   -7.5000  -15.0000   45.000011660.2764   10.6857
    0.0000  -15.0000   45.000012120.5713   10.6807
    7.5000  -15.0000   45.000011533.9189   10.6770
   -7.5000   -7.5000   45.000012148.7627   10.6528
    0.0000   -7.5000   45.000012630.9258   10.6466
    7.5000   -7.5000   45.000012011.2559   10.6436
   -7.5000    0.0000   45.000012533.6123   10.6428
    0.0000    0.0000   45.000013004.3750   10.6379
    7.5000    0.0000   45.000012392.0732   10.6374
   -7.5000    7.5000   45.000012000.8018   10.7638
    0.0000    7.5000   45.000012439.5156   10.7627
    7.5000    7.5000   45.000011862.8779   10.7634
   -7.5000   15.0000   45.000011487.7939   11.1006
    0.0000   15.0000   45.000011894.7783   11.1025
    7.5000   15.0000   45.000011345.9756   11.1030
   -7.5000   22.5000   45.000010912.2021   11.4432
    0.0000   22.5000   45.000011285.5859   11.4464
    7.5000   22.5000   45.000010759.4189   11.4452
   -7.5000   30.0000   45.000010266.9619   11.6354
    0.0000   30.0000   45.000010612.1582   11.6357
    7.5000   30.0000   45.000010124.8662   11.6318
   -7.5000   37.5000   45.0000 9905.1865   11.9716
    0.0000   37.5000   45.000010236.7607   11.9704
    7.5000   37.5000   45.0000 9782.2676   11.9674
   -7.5000   45.0000   45.0000 9202.2314   12.0568
    0.0000   45.0000   45.0000 9530.5361   12.0591
    7.5000   45.0000   45.0000 9073.0957   12.0593

---------------------------------------------------------------------
imgreg_4dfp /opt/freesurfer/average/711-2C_as_mni_average_305 /opt/freesurfer/average/711-2B_as_mni_average_305_mask talsrcimg_g11 none talsrcimg_to_711-2C_as_mni_average_305_t4 4355
---------------------------------------------------------------------

freesurfer imgreg_4dfp.c
/opt/freesurfer/average/711-2C_as_mni_average_305.4dfp.img
       256       256       256         1
  1.000000  1.000000  1.000000
orientation T byte_order littleendian
Reading image: /opt/freesurfer/average/711-2C_as_mni_average_305.4dfp.img
dimensions:      256       256       256
mmppix:       1.0000   -1.0000   -1.0000
center:     128.0000 -129.0000 -129.0000
/opt/freesurfer/average/711-2B_as_mni_average_305_mask.4dfp.img
       256       256       256         1
  1.000000  1.000000  1.000000
orientation T byte_order littleendian
Reading mask: /opt/freesurfer/average/711-2B_as_mni_average_305_mask.4dfp.img (2306576 pixels)
talsrcimg_g11.4dfp.img
       256       256       256         1
  1.000000  1.000000  1.000000
orientation T byte_order littleendian
Reading image: talsrcimg_g11.4dfp.img
dimensions:      256       256       256
mmppix:       1.0000   -1.0000   -1.0000
center:     128.0000 -129.0000 -129.0000
rotation matrix determinant  1.000000
image alignment mode   4355 decimal     1103 hex
   -7.5000  -45.0000  -45.0000 2121.3906   15.3846
    0.0000  -45.0000  -45.0000 2136.8125   15.3717
    7.5000  -45.0000  -45.0000 2107.8401   15.5411
   -7.5000  -37.5000  -45.0000 2128.2285   15.1947
    0.0000  -37.5000  -45.0000 2141.9624   15.1389
    7.5000  -37.5000  -45.0000 2114.2712   15.3403
   -7.5000  -30.0000  -45.0000 2134.6074   14.9310
    0.0000  -30.0000  -45.0000 2141.0837   14.8732
    7.5000  -30.0000  -45.0000 2124.1353   15.0989
   -7.5000  -22.5000  -45.0000 2149.3342   14.6747
    0.0000  -22.5000  -45.0000 2151.7754   14.5912
    7.5000  -22.5000  -45.0000 2136.8882   14.8406
   -7.5000  -15.0000  -45.0000 2174.6682   14.4153
    0.0000  -15.0000  -45.0000 2175.0361   14.3402
    7.5000  -15.0000  -45.0000 2154.9441   14.5586
   -7.5000   -7.5000  -45.0000 2201.9287   14.1429
    0.0000   -7.5000  -45.0000 2205.6724   14.0907
    7.5000   -7.5000  -45.0000 2182.1492   14.2896
   -7.5000    0.0000  -45.0000 2223.0920   13.9037
    0.0000    0.0000  -45.0000 2227.0745   13.8894
    7.5000    0.0000  -45.0000 2207.8877   14.0776
   -7.5000    7.5000  -45.0000 2230.1594   13.7856
    0.0000    7.5000  -45.0000 2236.7437   13.7748
    7.5000    7.5000  -45.0000 2217.9634   13.9447
   -7.5000   15.0000  -45.0000 2226.9355   13.7334
    0.0000   15.0000  -45.0000 2223.7883   13.7456
    7.5000   15.0000  -45.0000 2202.9075   13.9599
   -7.5000   22.5000  -45.0000 2212.4810   13.8429
    0.0000   22.5000  -45.0000 2214.1184   13.8497
    7.5000   22.5000  -45.0000 2197.6282   14.0768
   -7.5000   30.0000  -45.0000 2193.8923   14.0669
    0.0000   30.0000  -45.0000 2192.0796   14.0983
    7.5000   30.0000  -45.0000 2172.7720   14.3684
   -7.5000   37.5000  -45.0000 2168.0640   14.5766
    0.0000   37.5000  -45.0000 2171.2031   14.5797
    7.5000   37.5000  -45.0000 2143.8750   14.9009
   -7.5000   45.0000  -45.0000 2119.2295   15.3901
    0.0000   45.0000  -45.0000 2121.2024   15.3754
    7.5000   45.0000  -45.0000 2098.7952   15.7186
   -7.5000  -45.0000  -37.5000 2212.9573   14.0768
    0.0000  -45.0000  -37.5000 2222.7739   14.0409
    7.5000  -45.0000  -37.5000 2202.7263   14.2611
   -7.5000  -37.5000  -37.5000 2219.8120   13.8557
    0.0000  -37.5000  -37.5000 2224.4839   13.8060
    7.5000  -37.5000  -37.5000 2205.7024   14.0283
   -7.5000  -30.0000  -37.5000 2232.1519   13.5926
    0.0000  -30.0000  -37.5000 2228.1401   13.5574
    7.5000  -30.0000  -37.5000 2214.7463   13.7752
   -7.5000  -22.5000  -37.5000 2248.1970   13.3198
    0.0000  -22.5000  -37.5000 2245.6167   13.2884
    7.5000  -22.5000  -37.5000 2232.5908   13.4874
   -7.5000  -15.0000  -37.5000 2280.1174   13.0801
    0.0000  -15.0000  -37.5000 2276.8376   13.0402
    7.5000  -15.0000  -37.5000 2257.4587   13.2177
   -7.5000   -7.5000  -37.5000 2309.7200   12.8375
    0.0000   -7.5000  -37.5000 2312.7310   12.8056
    7.5000   -7.5000  -37.5000 2289.2229   13.0056
   -7.5000    0.0000  -37.5000 2335.2737   12.6630
    0.0000    0.0000  -37.5000 2334.9597   12.6556
    7.5000    0.0000  -37.5000 2311.5996   12.8498
   -7.5000    7.5000  -37.5000 2343.7798   12.5790
    0.0000    7.5000  -37.5000 2339.9143   12.5972
    7.5000    7.5000  -37.5000 2316.6335   12.7541
   -7.5000   15.0000  -37.5000 2335.8132   12.5892
    0.0000   15.0000  -37.5000 2335.0366   12.6121
    7.5000   15.0000  -37.5000 2310.3765   12.7993
   -7.5000   22.5000  -37.5000 2320.0059   12.7359
    0.0000   22.5000  -37.5000 2323.1421   12.7523
    7.5000   22.5000  -37.5000 2296.1157   12.9497
   -7.5000   30.0000  -37.5000 2294.9333   12.9400
    0.0000   30.0000  -37.5000 2296.4387   12.9897
    7.5000   30.0000  -37.5000 2274.9358   13.1798
   -7.5000   37.5000  -37.5000 2266.2415   13.3795
    0.0000   37.5000  -37.5000 2270.3391   13.3862
    7.5000   37.5000  -37.5000 2242.5366   13.6510
   -7.5000   45.0000  -37.5000 2217.0359   14.0808
    0.0000   45.0000  -37.5000 2217.5554   14.1034
    7.5000   45.0000  -37.5000 2191.4834   14.3752
   -7.5000  -45.0000  -30.0000 2340.4011   13.3664
    0.0000  -45.0000  -30.0000 2347.5437   13.3255
    7.5000  -45.0000  -30.0000 2326.8406   13.5255
   -7.5000  -37.5000  -30.0000 2344.1997   13.0995
    0.0000  -37.5000  -30.0000 2350.4951   13.0745
    7.5000  -37.5000  -30.0000 2335.3960   13.2961
   -7.5000  -30.0000  -30.0000 2359.7673   12.8357
    0.0000  -30.0000  -30.0000 2361.9739   12.8352
    7.5000  -30.0000  -30.0000 2343.9067   13.0490
   -7.5000  -22.5000  -30.0000 2380.8977   12.5890
    0.0000  -22.5000  -30.0000 2387.5398   12.5738
    7.5000  -22.5000  -30.0000 2367.7754   12.7521
   -7.5000  -15.0000  -30.0000 2414.1094   12.3537
    0.0000  -15.0000  -30.0000 2417.2261   12.3125
    7.5000  -15.0000  -30.0000 2398.7241   12.4811
   -7.5000   -7.5000  -30.0000 2450.8875   12.1030
    0.0000   -7.5000  -30.0000 2455.8604   12.0865
    7.5000   -7.5000  -30.0000 2431.8674   12.2639
   -7.5000    0.0000  -30.0000 2478.3472   11.9205
    0.0000    0.0000  -30.0000 2477.1829   11.9148
    7.5000    0.0000  -30.0000 2454.1147   12.1033
   -7.5000    7.5000  -30.0000 2490.2678   11.8553
    0.0000    7.5000  -30.0000 2486.3154   11.8717
    7.5000    7.5000  -30.0000 2462.1077   12.0539
   -7.5000   15.0000  -30.0000 2482.8774   11.8845
    0.0000   15.0000  -30.0000 2481.6938   11.9090
    7.5000   15.0000  -30.0000 2457.1931   12.0802
   -7.5000   22.5000  -30.0000 2475.2678   12.0467
    0.0000   22.5000  -30.0000 2479.5962   12.0684
    7.5000   22.5000  -30.0000 2445.4602   12.2397
   -7.5000   30.0000  -30.0000 2450.5349   12.3106
    0.0000   30.0000  -30.0000 2453.0056   12.3442
    7.5000   30.0000  -30.0000 2422.8909   12.5071
   -7.5000   37.5000  -30.0000 2415.4023   12.7678
    0.0000   37.5000  -30.0000 2418.9253   12.7847
    7.5000   37.5000  -30.0000 2384.7820   13.0152
   -7.5000   45.0000  -30.0000 2360.4604   13.4793
    0.0000   45.0000  -30.0000 2358.0911   13.4793
    7.5000   45.0000  -30.0000 2329.3059   13.7402
   -7.5000  -45.0000  -22.5000 2440.7808   12.6218
    0.0000  -45.0000  -22.5000 2449.3518   12.5846
    7.5000  -45.0000  -22.5000 2427.1396   12.8215
   -7.5000  -37.5000  -22.5000 2443.6104   12.3435
    0.0000  -37.5000  -22.5000 2453.6826   12.3183
    7.5000  -37.5000  -22.5000 2432.9795   12.5626
   -7.5000  -30.0000  -22.5000 2463.5996   12.0758
    0.0000  -30.0000  -22.5000 2471.3257   12.0504
    7.5000  -30.0000  -22.5000 2449.4448   12.2766
   -7.5000  -22.5000  -22.5000 2490.7686   11.8140
    0.0000  -22.5000  -22.5000 2495.2800   11.7922
    7.5000  -22.5000  -22.5000 2475.2810   11.9848
   -7.5000  -15.0000  -22.5000 2519.4502   11.5454
    0.0000  -15.0000  -22.5000 2523.7876   11.5339
    7.5000  -15.0000  -22.5000 2508.5127   11.6960
   -7.5000   -7.5000  -22.5000 2561.1985   11.3409
    0.0000   -7.5000  -22.5000 2564.3181   11.3352
    7.5000   -7.5000  -22.5000 2543.8389   11.4859
   -7.5000    0.0000  -22.5000 2593.8855   11.1341
    0.0000    0.0000  -22.5000 2595.7844   11.1621
    7.5000    0.0000  -22.5000 2571.0391   11.3169
   -7.5000    7.5000  -22.5000 2612.1934   11.0691
    0.0000    7.5000  -22.5000 2611.0547   11.1066
    7.5000    7.5000  -22.5000 2582.1399   11.2754
   -7.5000   15.0000  -22.5000 2610.6123   11.1259
    0.0000   15.0000  -22.5000 2609.5857   11.1583
    7.5000   15.0000  -22.5000 2581.4651   11.3227
   -7.5000   22.5000  -22.5000 2611.1807   11.2708
    0.0000   22.5000  -22.5000 2614.2668   11.3032
    7.5000   22.5000  -22.5000 2578.0642   11.4563
   -7.5000   30.0000  -22.5000 2585.5127   11.5708
    0.0000   30.0000  -22.5000 2594.7375   11.5987
    7.5000   30.0000  -22.5000 2557.4062   11.7629
   -7.5000   37.5000  -22.5000 2539.2507   12.0862
    0.0000   37.5000  -22.5000 2547.2747   12.0900
    7.5000   37.5000  -22.5000 2510.1458   12.2819
   -7.5000   45.0000  -22.5000 2473.9854   12.8126
    0.0000   45.0000  -22.5000 2478.8948   12.8237
    7.5000   45.0000  -22.5000 2441.4421   13.0292
   -7.5000  -45.0000  -15.0000 2517.2341   11.9012
    0.0000  -45.0000  -15.0000 2527.5413   11.8846
    7.5000  -45.0000  -15.0000 2505.6890   12.1095
   -7.5000  -37.5000  -15.0000 2526.1646   11.6261
    0.0000  -37.5000  -15.0000 2533.7424   11.6064
    7.5000  -37.5000  -15.0000 2515.7083   11.8354
   -7.5000  -30.0000  -15.0000 2542.4126   11.3687
    0.0000  -30.0000  -15.0000 2549.8130   11.3296
    7.5000  -30.0000  -15.0000 2531.5322   11.5590
   -7.5000  -22.5000  -15.0000 2571.7207   11.1012
    0.0000  -22.5000  -15.0000 2579.6345   11.0671
    7.5000  -22.5000  -15.0000 2558.5400   11.2557
   -7.5000  -15.0000  -15.0000 2604.4158   10.8404
    0.0000  -15.0000  -15.0000 2610.5969   10.8215
    7.5000  -15.0000  -15.0000 2594.9099   10.9924
   -7.5000   -7.5000  -15.0000 2647.2139   10.6150
    0.0000   -7.5000  -15.0000 2651.4739   10.6092
    7.5000   -7.5000  -15.0000 2628.7439   10.7863
   -7.5000    0.0000  -15.0000 2678.7705   10.4478
    0.0000    0.0000  -15.0000 2685.9668   10.4659
    7.5000    0.0000  -15.0000 2656.3096   10.6286
   -7.5000    7.5000  -15.0000 2699.6133   10.3629
    0.0000    7.5000  -15.0000 2707.5837   10.3920
    7.5000    7.5000  -15.0000 2673.0828   10.5754
   -7.5000   15.0000  -15.0000 2710.4380   10.4222
    0.0000   15.0000  -15.0000 2714.9009   10.4423
    7.5000   15.0000  -15.0000 2679.7971   10.6078
   -7.5000   22.5000  -15.0000 2709.9436   10.5723
    0.0000   22.5000  -15.0000 2716.4285   10.5937
    7.5000   22.5000  -15.0000 2678.1553   10.7629
   -7.5000   30.0000  -15.0000 2685.2004   10.8879
    0.0000   30.0000  -15.0000 2702.5667   10.9049
    7.5000   30.0000  -15.0000 2659.7192   11.0637
   -7.5000   37.5000  -15.0000 2638.8401   11.3990
    0.0000   37.5000  -15.0000 2653.3140   11.4184
    7.5000   37.5000  -15.0000 2611.8254   11.5684
   -7.5000   45.0000  -15.0000 2566.8298   12.1185
    0.0000   45.0000  -15.0000 2578.9138   12.1481
    7.5000   45.0000  -15.0000 2539.2195   12.3121
   -7.5000  -45.0000   -7.5000 2582.3291   11.2832
    0.0000  -45.0000   -7.5000 2591.2153   11.2397
    7.5000  -45.0000   -7.5000 2571.0383   11.4748
   -7.5000  -37.5000   -7.5000 2595.7812   10.9727
    0.0000  -37.5000   -7.5000 2600.4045   10.9347
    7.5000  -37.5000   -7.5000 2581.9939   11.1693
   -7.5000  -30.0000   -7.5000 2614.7354   10.6904
    0.0000  -30.0000   -7.5000 2620.5059   10.6556
    7.5000  -30.0000   -7.5000 2600.7324   10.8781
   -7.5000  -22.5000   -7.5000 2642.9424   10.4361
    0.0000  -22.5000   -7.5000 2650.5642   10.4153
    7.5000  -22.5000   -7.5000 2625.7925   10.5962
   -7.5000  -15.0000   -7.5000 2673.2061   10.2172
    0.0000  -15.0000   -7.5000 2680.7634   10.1815
    7.5000  -15.0000   -7.5000 2660.5334   10.3676
   -7.5000   -7.5000   -7.5000 2713.4741    9.9980
    0.0000   -7.5000   -7.5000 2719.0044    9.9664
    7.5000   -7.5000   -7.5000 2697.3252   10.1565
   -7.5000    0.0000   -7.5000 2747.4238    9.8407
    0.0000    0.0000   -7.5000 2757.8760    9.8092
    7.5000    0.0000   -7.5000 2729.8284   10.0093
   -7.5000    7.5000   -7.5000 2777.4680    9.7663
    0.0000    7.5000   -7.5000 2790.5020    9.7533
    7.5000    7.5000   -7.5000 2756.0940    9.9566
   -7.5000   15.0000   -7.5000 2804.8000    9.8104
    0.0000   15.0000   -7.5000 2811.4558    9.8126
    7.5000   15.0000   -7.5000 2768.0112    9.9920
   -7.5000   22.5000   -7.5000 2804.6812    9.9649
    0.0000   22.5000   -7.5000 2814.7927    9.9726
    7.5000   22.5000   -7.5000 2769.9983   10.1541
   -7.5000   30.0000   -7.5000 2773.7466   10.2979
    0.0000   30.0000   -7.5000 2797.8054   10.2928
    7.5000   30.0000   -7.5000 2747.0056   10.4510
   -7.5000   37.5000   -7.5000 2720.8645   10.7821
    0.0000   37.5000   -7.5000 2742.5254   10.7831
    7.5000   37.5000   -7.5000 2701.2253   10.9438
   -7.5000   45.0000   -7.5000 2642.3796   11.4598
    0.0000   45.0000   -7.5000 2656.0757   11.4591
    7.5000   45.0000   -7.5000 2619.8633   11.6550
   -7.5000  -45.0000    0.0000 2637.0420   10.8322
    0.0000  -45.0000    0.0000 2647.2646   10.7844
    7.5000  -45.0000    0.0000 2623.7686   10.9996
   -7.5000  -37.5000    0.0000 2661.0920   10.5144
    0.0000  -37.5000    0.0000 2668.8804   10.4496
    7.5000  -37.5000    0.0000 2643.7485   10.7078
   -7.5000  -30.0000    0.0000 2678.0049   10.1971
    0.0000  -30.0000    0.0000 2686.0479   10.1405
    7.5000  -30.0000    0.0000 2659.4407   10.4110
   -7.5000  -22.5000    0.0000 2697.7078    9.9170
    0.0000  -22.5000    0.0000 2705.2214    9.8825
    7.5000  -22.5000    0.0000 2680.4905   10.1268
   -7.5000  -15.0000    0.0000 2726.3757    9.6944
    0.0000  -15.0000    0.0000 2733.9175    9.6523
    7.5000  -15.0000    0.0000 2709.1465    9.8797
   -7.5000   -7.5000    0.0000 2765.4497    9.5092
    0.0000   -7.5000    0.0000 2774.5188    9.4558
    7.5000   -7.5000    0.0000 2748.3052    9.6629
   -7.5000    0.0000    0.0000 2801.0947    9.3646
    0.0000    0.0000    0.0000 2811.8879    9.3133
    7.5000    0.0000    0.0000 2782.3206    9.5255
   -7.5000    7.5000    0.0000 2837.4316    9.3249
    0.0000    7.5000    0.0000 2850.0049    9.2894
    7.5000    7.5000    0.0000 2818.1099    9.5032
   -7.5000   15.0000    0.0000 2873.5103    9.3860
    0.0000   15.0000    0.0000 2884.4548    9.3705
    7.5000   15.0000    0.0000 2838.8647    9.5745
   -7.5000   22.5000    0.0000 2887.3430    9.5167
    0.0000   22.5000    0.0000 2906.8906    9.5048
    7.5000   22.5000    0.0000 2846.3975    9.7322
   -7.5000   30.0000    0.0000 2860.7478    9.8417
    0.0000   30.0000    0.0000 2887.1960    9.8375
    7.5000   30.0000    0.0000 2828.4104   10.0284
   -7.5000   37.5000    0.0000 2795.5110   10.3356
    0.0000   37.5000    0.0000 2815.9180   10.3028
    7.5000   37.5000    0.0000 2775.0811   10.5018
   -7.5000   45.0000    0.0000 2700.9062   10.9449
    0.0000   45.0000    0.0000 2713.7925   10.9041
    7.5000   45.0000    0.0000 2680.5662   11.1416
   -7.5000  -45.0000    7.5000 2682.1609   10.5286
    0.0000  -45.0000    7.5000 2692.8694   10.4431
    7.5000  -45.0000    7.5000 2665.8650   10.6593
   -7.5000  -37.5000    7.5000 2709.0554   10.2255
    0.0000  -37.5000    7.5000 2718.2954   10.1457
    7.5000  -37.5000    7.5000 2691.9565   10.3992
   -7.5000  -30.0000    7.5000 2725.5947    9.9140
    0.0000  -30.0000    7.5000 2737.5466    9.8480
    7.5000  -30.0000    7.5000 2708.0137   10.1186
   -7.5000  -22.5000    7.5000 2740.8945    9.6190
    0.0000  -22.5000    7.5000 2752.8020    9.5452
    7.5000  -22.5000    7.5000 2727.0674    9.8282
   -7.5000  -15.0000    7.5000 2766.7104    9.3645
    0.0000  -15.0000    7.5000 2776.1033    9.2993
    7.5000  -15.0000    7.5000 2751.8298    9.5757
   -7.5000   -7.5000    7.5000 2801.4004    9.1631
    0.0000   -7.5000    7.5000 2807.9080    9.0931
    7.5000   -7.5000    7.5000 2780.2048    9.3648
   -7.5000    0.0000    7.5000 2838.6997    9.0356
    0.0000    0.0000    7.5000 2846.2720    8.9601
    7.5000    0.0000    7.5000 2810.8630    9.2337
   -7.5000    7.5000    7.5000 2880.0107    9.0446
    0.0000    7.5000    7.5000 2890.1777    8.9810
    7.5000    7.5000    7.5000 2850.1025    9.2442
   -7.5000   15.0000    7.5000 2917.6213    9.1790
    0.0000   15.0000    7.5000 2939.8079    9.1170
    7.5000   15.0000    7.5000 2883.9766    9.3592
   -7.5000   22.5000    7.5000 2946.3418    9.2415
    0.0000   22.5000    7.5000 2967.3687    9.1520
    7.5000   22.5000    7.5000 2898.3176    9.5061
   -7.5000   30.0000    7.5000 2923.6223    9.5487
    0.0000   30.0000    7.5000 2947.8384    9.4330
    7.5000   30.0000    7.5000 2878.2544    9.8083
   -7.5000   37.5000    7.5000 2844.9158   10.0792
    0.0000   37.5000    7.5000 2864.3823    9.9764
    7.5000   37.5000    7.5000 2815.7795   10.2954
   -7.5000   45.0000    7.5000 2736.2495   10.7141
    0.0000   45.0000    7.5000 2746.2246   10.6369
    7.5000   45.0000    7.5000 2711.9167   10.9300
   -7.5000  -45.0000   15.0000 2709.0925   10.3931
    0.0000  -45.0000   15.0000 2716.1006   10.3262
    7.5000  -45.0000   15.0000 2692.0186   10.5362
   -7.5000  -37.5000   15.0000 2733.5088   10.0851
    0.0000  -37.5000   15.0000 2743.7522   10.0157
    7.5000  -37.5000   15.0000 2717.4036   10.2459
   -7.5000  -30.0000   15.0000 2749.5996    9.7492
    0.0000  -30.0000   15.0000 2762.7742    9.6563
    7.5000  -30.0000   15.0000 2735.7537    9.9173
   -7.5000  -22.5000   15.0000 2770.0315    9.4394
    0.0000  -22.5000   15.0000 2783.1304    9.3450
    7.5000  -22.5000   15.0000 2756.4182    9.6244
   -7.5000  -15.0000   15.0000 2793.4746    9.1890
    0.0000  -15.0000   15.0000 2806.2153    9.1135
    7.5000  -15.0000   15.0000 2776.4148    9.3786
   -7.5000   -7.5000   15.0000 2816.8716    9.0005
    0.0000   -7.5000   15.0000 2830.9460    8.9240
    7.5000   -7.5000   15.0000 2798.1345    9.1936
   -7.5000    0.0000   15.0000 2850.8562    8.8968
    0.0000    0.0000   15.0000 2864.4329    8.8068
    7.5000    0.0000   15.0000 2823.1670    9.0957
   -7.5000    7.5000   15.0000 2890.1470    8.9346
    0.0000    7.5000   15.0000 2905.6694    8.8303
    7.5000    7.5000   15.0000 2859.2275    9.1253
   -7.5000   15.0000   15.0000 2923.5002    9.0888
    0.0000   15.0000   15.0000 2948.6960    8.9894
    7.5000   15.0000   15.0000 2897.2485    9.2667
   -7.5000   22.5000   15.0000 2944.7766    9.2403
    0.0000   22.5000   15.0000 2962.7136    9.0774
    7.5000   22.5000   15.0000 2911.9526    9.4878
   -7.5000   30.0000   15.0000 2923.9563    9.5348
    0.0000   30.0000   15.0000 2948.3911    9.3868
    7.5000   30.0000   15.0000 2890.4907    9.7919
   -7.5000   37.5000   15.0000 2852.3787   10.0923
    0.0000   37.5000   15.0000 2878.5508    9.9662
    7.5000   37.5000   15.0000 2823.5637   10.2810
   -7.5000   45.0000   15.0000 2736.3083   10.7332
    0.0000   45.0000   15.0000 2753.1025   10.6449
    7.5000   45.0000   15.0000 2712.2739   10.8901
   -7.5000  -45.0000   22.5000 2714.4260   10.3795
    0.0000  -45.0000   22.5000 2721.6104   10.3048
    7.5000  -45.0000   22.5000 2699.0303   10.4996
   -7.5000  -37.5000   22.5000 2739.3850   10.0312
    0.0000  -37.5000   22.5000 2750.7812    9.9899
    7.5000  -37.5000   22.5000 2722.1548   10.1775
   -7.5000  -30.0000   22.5000 2757.8928    9.6904
    0.0000  -30.0000   22.5000 2771.6169    9.6375
    7.5000  -30.0000   22.5000 2740.4875    9.8480
   -7.5000  -22.5000   22.5000 2779.1018    9.3895
    0.0000  -22.5000   22.5000 2796.4211    9.3148
    7.5000  -22.5000   22.5000 2760.3716    9.5796
   -7.5000  -15.0000   22.5000 2799.8992    9.1472
    0.0000  -15.0000   22.5000 2821.0452    9.0612
    7.5000  -15.0000   22.5000 2783.4084    9.3370
   -7.5000   -7.5000   22.5000 2817.6689    8.9878
    0.0000   -7.5000   22.5000 2838.8618    8.8727
    7.5000   -7.5000   22.5000 2801.3306    9.1844
   -7.5000    0.0000   22.5000 2845.3755    8.9274
    0.0000    0.0000   22.5000 2864.8989    8.8113
    7.5000    0.0000   22.5000 2821.8596    9.1354
   -7.5000    7.5000   22.5000 2877.5989    9.0110
    0.0000    7.5000   22.5000 2895.2324    8.9092
    7.5000    7.5000   22.5000 2856.8545    9.2174
   -7.5000   15.0000   22.5000 2905.3464    9.1874
    0.0000   15.0000   22.5000 2924.4629    9.0586
    7.5000   15.0000   22.5000 2876.3564    9.3994
   -7.5000   22.5000   22.5000 2913.3445    9.4187
    0.0000   22.5000   22.5000 2920.2122    9.3206
    7.5000   22.5000   22.5000 2884.1895    9.6505
   -7.5000   30.0000   22.5000 2884.7463    9.8138
    0.0000   30.0000   22.5000 2902.9683    9.7481
    7.5000   30.0000   22.5000 2860.0366   10.0117
   -7.5000   37.5000   22.5000 2821.6433   10.3065
    0.0000   37.5000   22.5000 2840.1992   10.2561
    7.5000   37.5000   22.5000 2793.8828   10.4649
   -7.5000   45.0000   22.5000 2707.6848   10.8611
    0.0000   45.0000   22.5000 2721.1965   10.8239
    7.5000   45.0000   22.5000 2685.0205   11.0239
   -7.5000  -45.0000   30.0000 2694.1711   10.5320
    0.0000  -45.0000   30.0000 2703.7156   10.4814
    7.5000  -45.0000   30.0000 2678.4070   10.6291
   -7.5000  -37.5000   30.0000 2716.0120   10.1911
    0.0000  -37.5000   30.0000 2731.0645   10.1355
    7.5000  -37.5000   30.0000 2700.4065   10.3025
   -7.5000  -30.0000   30.0000 2736.9546    9.8308
    0.0000  -30.0000   30.0000 2755.5925    9.7740
    7.5000  -30.0000   30.0000 2724.1660    9.9673
   -7.5000  -22.5000   30.0000 2759.8743    9.5196
    0.0000  -22.5000   30.0000 2778.3516    9.4497
    7.5000  -22.5000   30.0000 2740.8350    9.6760
   -7.5000  -15.0000   30.0000 2783.4856    9.2851
    0.0000  -15.0000   30.0000 2802.7925    9.1916
    7.5000  -15.0000   30.0000 2762.2500    9.4768
   -7.5000   -7.5000   30.0000 2802.5193    9.1571
    0.0000   -7.5000   30.0000 2822.6597    9.0691
    7.5000   -7.5000   30.0000 2781.7319    9.3773
   -7.5000    0.0000   30.0000 2823.5652    9.1614
    0.0000    0.0000   30.0000 2839.9717    9.0868
    7.5000    0.0000   30.0000 2799.7029    9.3909
   -7.5000    7.5000   30.0000 2846.9531    9.2966
    0.0000    7.5000   30.0000 2862.4365    9.2050
    7.5000    7.5000   30.0000 2827.5312    9.5157
   -7.5000   15.0000   30.0000 2856.1545    9.4650
    0.0000   15.0000   30.0000 2877.4663    9.3490
    7.5000   15.0000   30.0000 2833.6543    9.6780
   -7.5000   22.5000   30.0000 2853.3313    9.7189
    0.0000   22.5000   30.0000 2863.4331    9.6416
    7.5000   22.5000   30.0000 2829.4399    9.9364
   -7.5000   30.0000   30.0000 2819.8530   10.1389
    0.0000   30.0000   30.0000 2835.9883   10.0510
    7.5000   30.0000   30.0000 2799.7317   10.2989
   -7.5000   37.5000   30.0000 2748.6812   10.6273
    0.0000   37.5000   30.0000 2768.2334   10.5347
    7.5000   37.5000   30.0000 2729.9912   10.7589
   -7.5000   45.0000   30.0000 2643.4023   11.2629
    0.0000   45.0000   30.0000 2659.1660   11.1889
    7.5000   45.0000   30.0000 2625.8457   11.3907
   -7.5000  -45.0000   37.5000 2654.7136   10.8856
    0.0000  -45.0000   37.5000 2666.0762   10.7981
    7.5000  -45.0000   37.5000 2640.4409   10.9628
   -7.5000  -37.5000   37.5000 2672.5935   10.5079
    0.0000  -37.5000   37.5000 2692.5305   10.4391
    7.5000  -37.5000   37.5000 2660.9087   10.5986
   -7.5000  -30.0000   37.5000 2693.8601   10.1504
    0.0000  -30.0000   37.5000 2715.7681   10.0927
    7.5000  -30.0000   37.5000 2683.2820   10.2653
   -7.5000  -22.5000   37.5000 2715.6521    9.8668
    0.0000  -22.5000   37.5000 2734.4075    9.8151
    7.5000  -22.5000   37.5000 2700.8306   10.0116
   -7.5000  -15.0000   37.5000 2740.3162    9.6641
    0.0000  -15.0000   37.5000 2755.8933    9.6015
    7.5000  -15.0000   37.5000 2721.0403    9.8332
   -7.5000   -7.5000   37.5000 2765.7610    9.5565
    0.0000   -7.5000   37.5000 2783.7732    9.4976
    7.5000   -7.5000   37.5000 2744.2651    9.7486
   -7.5000    0.0000   37.5000 2783.9417    9.5814
    0.0000    0.0000   37.5000 2801.5347    9.5121
    7.5000    0.0000   37.5000 2762.0481    9.7863
   -7.5000    7.5000   37.5000 2794.5049    9.6876
    0.0000    7.5000   37.5000 2815.1196    9.5984
    7.5000    7.5000   37.5000 2776.2620    9.8999
   -7.5000   15.0000   37.5000 2793.4985    9.8809
    0.0000   15.0000   37.5000 2812.7190    9.8169
    7.5000   15.0000   37.5000 2774.4463   10.0942
   -7.5000   22.5000   37.5000 2780.5481   10.2031
    0.0000   22.5000   37.5000 2798.2346   10.1409
    7.5000   22.5000   37.5000 2763.6401   10.4090
   -7.5000   30.0000   37.5000 2738.5452   10.6044
    0.0000   30.0000   37.5000 2755.4451   10.5471
    7.5000   30.0000   37.5000 2722.7598   10.7900
   -7.5000   37.5000   37.5000 2663.8176   11.1076
    0.0000   37.5000   37.5000 2678.2012   11.0246
    7.5000   37.5000   37.5000 2644.7454   11.2898
   -7.5000   45.0000   37.5000 2567.2864   11.7624
    0.0000   45.0000   37.5000 2577.5767   11.6797
    7.5000   45.0000   37.5000 2548.1289   11.9206
   -7.5000  -45.0000   45.0000 2594.7900   11.4409
    0.0000  -45.0000   45.0000 2602.4563   11.3056
    7.5000  -45.0000   45.0000 2580.9968   11.4781
   -7.5000  -37.5000   45.0000 2615.0715   11.0454
    0.0000  -37.5000   45.0000 2629.0334   10.9375
    7.5000  -37.5000   45.0000 2604.2188   11.1067
   -7.5000  -30.0000   45.0000 2638.7012   10.6973
    0.0000  -30.0000   45.0000 2648.8660   10.5990
    7.5000  -30.0000   45.0000 2621.6826   10.7525
   -7.5000  -22.5000   45.0000 2660.0591   10.4175
    0.0000  -22.5000   45.0000 2672.3533   10.3493
    7.5000  -22.5000   45.0000 2641.5220   10.5161
   -7.5000  -15.0000   45.0000 2678.1758   10.1908
    0.0000  -15.0000   45.0000 2695.7644   10.1405
    7.5000  -15.0000   45.0000 2663.9487   10.3334
   -7.5000   -7.5000   45.0000 2706.2639   10.0731
    0.0000   -7.5000   45.0000 2726.6038   10.0251
    7.5000   -7.5000   45.0000 2685.6074   10.2350
   -7.5000    0.0000   45.0000 2720.4729   10.1004
    0.0000    0.0000   45.0000 2739.5796   10.0479
    7.5000    0.0000   45.0000 2698.6804   10.2726
   -7.5000    7.5000   45.0000 2726.3110   10.2265
    0.0000    7.5000   45.0000 2747.3469   10.1684
    7.5000    7.5000   45.0000 2705.3354   10.4127
   -7.5000   15.0000   45.0000 2718.9299   10.4559
    0.0000   15.0000   45.0000 2730.5854   10.4207
    7.5000   15.0000   45.0000 2700.1841   10.6447
   -7.5000   22.5000   45.0000 2693.9016   10.8143
    0.0000   22.5000   45.0000 2707.5129   10.7693
    7.5000   22.5000   45.0000 2678.0332   10.9991
   -7.5000   30.0000   45.0000 2645.6060   11.2425
    0.0000   30.0000   45.0000 2658.7976   11.1756
    7.5000   30.0000   45.0000 2633.7341   11.3957
   -7.5000   37.5000   45.0000 2574.2051   11.7570
    0.0000   37.5000   45.0000 2582.8359   11.6773
    7.5000   37.5000   45.0000 2558.7952   11.9278
   -7.5000   45.0000   45.0000 2488.6401   12.4364
    0.0000   45.0000   45.0000 2499.1045   12.3874
    7.5000   45.0000   45.0000 2468.1763   12.6257

---------------------------------------------------------------------
imgreg_4dfp /opt/freesurfer/average/711-2C_as_mni_average_305 /opt/freesurfer/average/711-2B_as_mni_average_305_mask talsrcimg_g11 none talsrcimg_to_711-2C_as_mni_average_305_t4 1283
---------------------------------------------------------------------

freesurfer imgreg_4dfp.c
/opt/freesurfer/average/711-2C_as_mni_average_305.4dfp.img
       256       256       256         1
  1.000000  1.000000  1.000000
orientation T byte_order littleendian
Reading image: /opt/freesurfer/average/711-2C_as_mni_average_305.4dfp.img
dimensions:      256       256       256
mmppix:       1.0000   -1.0000   -1.0000
center:     128.0000 -129.0000 -129.0000
/opt/freesurfer/average/711-2B_as_mni_average_305_mask.4dfp.img
       256       256       256         1
  1.000000  1.000000  1.000000
orientation T byte_order littleendian
Reading mask: /opt/freesurfer/average/711-2B_as_mni_average_305_mask.4dfp.img (2306576 pixels)
talsrcimg_g11.4dfp.img
       256       256       256         1
  1.000000  1.000000  1.000000
orientation T byte_order littleendian
Reading image: talsrcimg_g11.4dfp.img
dimensions:      256       256       256
mmppix:       1.0000   -1.0000   -1.0000
center:     128.0000 -129.0000 -129.0000
rotation matrix determinant  1.000000
fimgreg.f
image alignment mode   1283 decimal      503 hex
parameters
    0.0000   22.5000    7.5000    0.0000    0.0000    0.0000
eta,q 0.93140  9.17865
niter,ni,del,rscale     5    3   12.0000    1.2000
parameter  4  0.767113 ->  0.500000 qaram    1.1500
parameters
   -2.3681   22.0159    9.7187   -3.4500   -0.9874    0.4891
eta,q 0.93454  9.08561
  0.0707  0.0704  0.0803  0.0655  0.0675  0.0686
  0.0670  0.0674  0.0731  0.0653  0.0663  0.0672
  0.0669  0.0662  0.0686  0.0658  0.0658  0.0663
  0.0687  0.0662  0.0664  0.0663  0.0654  0.0656
  0.0720  0.0674  0.0662  0.0662  0.0663  0.0656
  0.0767  0.0693  0.0668  0.0671  0.0676  0.0664
  0.0832  0.0709  0.0678  0.0684  0.0694  0.0680
niter,ni,del,rscale     5    3   12.0000    1.2000
parameter  4  0.630074 ->  0.500000 qaram    1.3225
parameters
   -1.8076   22.2692    9.2769   -7.4175   -1.5844    1.4907
eta,q 0.93530  9.10152
  0.0783  0.0710  0.0722  0.0653  0.0686  0.0671
  0.0732  0.0678  0.0677  0.0646  0.0668  0.0659
  0.0686  0.0657  0.0655  0.0649  0.0656  0.0653
  0.0655  0.0652  0.0653  0.0651  0.0647  0.0649
  0.0658  0.0663  0.0671  0.0662  0.0658  0.0645
  0.0697  0.0679  0.0703  0.0667  0.0681  0.0648
  0.0752  0.0695  0.0732  0.0672  0.0704  0.0661
niter,ni,del,rscale     5    3   12.0000    1.2000
parameters
   -1.4660   23.3378    8.8481   -8.8936   -1.8407    2.1434
eta,q 0.93636  9.07934
  0.0776  0.0749  0.0714  0.0657  0.0681  0.0668
  0.0719  0.0709  0.0669  0.0650  0.0662  0.0657
  0.0674  0.0669  0.0646  0.0637  0.0651  0.0647
  0.0647  0.0644  0.0643  0.0642  0.0637  0.0638
  0.0650  0.0646  0.0662  0.0650  0.0640  0.0636
  0.0695  0.0667  0.0697  0.0661  0.0665  0.0643
  0.0757  0.0699  0.0723  0.0673  0.0696  0.0662
niter,ni,del,rscale     4    3   12.0000    1.2000
parameters
   -1.2770   23.6685    8.7511   -9.2119   -1.9548    2.2020
eta,q 0.93641  9.07227
  0.0763  0.0739  0.0728  0.0666  0.0681  0.0666
  0.0698  0.0701  0.0672  0.0651  0.0661  0.0655
  0.0654  0.0656  0.0644  0.0640  0.0649  0.0644
  0.0636  0.0636  0.0637  0.0636  0.0635  0.0636
  0.0641  0.0650  0.0657  0.0646  0.0637  0.0636
  0.0686  0.0682  0.0694  0.0657  0.0660  0.0648
  0.0752  0.0723  0.0717  0.0668  0.0692  0.0671
niter,ni,del,rscale     3    3   12.0000    1.2000
parameters
   -1.2350   23.7683    8.7408   -9.2784   -1.9913    2.2096
eta,q 0.93640  9.07018
  0.0755  0.0734  0.0732  0.0670  0.0682  0.0666
  0.0690  0.0696  0.0674  0.0652  0.0662  0.0655
  0.0650  0.0652  0.0644  0.0641  0.0650  0.0644
  0.0636  0.0636  0.0636  0.0636  0.0636  0.0636
  0.0642  0.0653  0.0656  0.0645  0.0636  0.0636
  0.0687  0.0688  0.0692  0.0656  0.0658  0.0648
  0.0755  0.0730  0.0716  0.0667  0.0690  0.0672
niter,ni,del,rscale     2    3   12.0000    1.2000
parameters
   -1.2281   23.7944    8.7388   -9.3012   -1.9976    2.2080
eta,q 0.93640  9.06954
  0.0753  0.0733  0.0732  0.0671  0.0682  0.0666
  0.0689  0.0694  0.0674  0.0652  0.0662  0.0655
  0.0650  0.0650  0.0645  0.0642  0.0650  0.0644
  0.0636  0.0636  0.0636  0.0636  0.0636  0.0636
  0.0642  0.0655  0.0656  0.0645  0.0636  0.0636
  0.0688  0.0690  0.0692  0.0656  0.0658  0.0649
  0.0756  0.0732  0.0716  0.0667  0.0690  0.0673
registration optimization eta report
parameter search radius
    6.0000    6.0000    6.0000    7.9350    6.0000    6.0000
100000*second partial in parameter space
       33.       26.       24.        5.       14.        9.
  0.0753  0.0733  0.0732  0.0671  0.0682  0.0666
  0.0689  0.0694  0.0674  0.0652  0.0662  0.0655
  0.0650  0.0650  0.0645  0.0642  0.0650  0.0644
  0.0636  0.0636  0.0636  0.0636  0.0636  0.0636
  0.0642  0.0655  0.0656  0.0645  0.0636  0.0636
  0.0688  0.0690  0.0692  0.0656  0.0658  0.0649
  0.0756  0.0732  0.0716  0.0667  0.0690  0.0673
   -1.2281   23.7944    8.7388   -9.3012   -1.9976    2.2080
eta,q 0.93640  9.06954

---------------------------------------------------------------------
imgreg_4dfp /opt/freesurfer/average/711-2C_as_mni_average_305 /opt/freesurfer/average/711-2B_as_mni_average_305_mask talsrcimg_g11 none talsrcimg_to_711-2C_as_mni_average_305_t4 3335
---------------------------------------------------------------------

freesurfer imgreg_4dfp.c
/opt/freesurfer/average/711-2C_as_mni_average_305.4dfp.img
       256       256       256         1
  1.000000  1.000000  1.000000
orientation T byte_order littleendian
Reading image: /opt/freesurfer/average/711-2C_as_mni_average_305.4dfp.img
dimensions:      256       256       256
mmppix:       1.0000   -1.0000   -1.0000
center:     128.0000 -129.0000 -129.0000
/opt/freesurfer/average/711-2B_as_mni_average_305_mask.4dfp.img
       256       256       256         1
  1.000000  1.000000  1.000000
orientation T byte_order littleendian
Reading mask: /opt/freesurfer/average/711-2B_as_mni_average_305_mask.4dfp.img (2306576 pixels)
talsrcimg_g11.4dfp.img
       256       256       256         1
  1.000000  1.000000  1.000000
orientation T byte_order littleendian
Reading image: talsrcimg_g11.4dfp.img
dimensions:      256       256       256
mmppix:       1.0000   -1.0000   -1.0000
center:     128.0000 -129.0000 -129.0000
fimgreg.f
image alignment mode   3335 decimal      D07 hex
parameters
   -1.2281   23.7944    8.7388   -0.1350   -1.4097   -1.3747
   -4.3650    2.8146    3.8504   16.2829   -3.4857  -16.1526
eta,q 0.93762  9.03103
niter,ni,del,rscale     5    3    5.0000    1.2000
parameter  4  1.690840 ->  0.500000 qaram    1.1500
parameter  5  1.792714 ->  0.500000 qaram    1.1500
parameter  6  1.036231 ->  0.500000 qaram    1.1500
parameter 10  1.566022 ->  0.500000 qaram    1.1500
parameter 12 -0.986680 -> -0.500000 qaram    1.1500
parameters
   -1.4422   24.3089    8.6499   -4.2750   -5.5497   -5.5147
   -4.4710    2.4778    3.1004   12.1429   -6.6759  -12.0126
eta,q 0.95087  8.74421
  0.0643  0.0643  0.0637  0.0565  0.0535  0.0504  0.0537  0.0542  0.0523  0.0494  0.0501  0.0524
  0.0631  0.0634  0.0628  0.0576  0.0543  0.0514  0.0526  0.0527  0.0519  0.0498  0.0498  0.0514
  0.0625  0.0627  0.0623  0.0596  0.0558  0.0526  0.0519  0.0518  0.0517  0.0506  0.0498  0.0505
  0.0624  0.0624  0.0623  0.0623  0.0581  0.0547  0.0516  0.0516  0.0516  0.0516  0.0500  0.0498
  0.0628  0.0623  0.0626  0.0653  0.0608  0.0579  0.0519  0.0520  0.0518  0.0530  0.0503  0.0493
  0.0637  0.0626  0.0631  0.0689  0.0635  0.0623  0.0527  0.0530  0.0521  0.0545  0.0509  0.0491
  0.0651  0.0631  0.0637  0.0729  0.0663  0.0671  0.0538  0.0547  0.0527  0.0561  0.0515  0.0490
niter,ni,del,rscale     7    3    5.0000    1.2000
parameter  2 -1.553619 -> -0.500000 qaram    1.1500
parameter  3 -0.654631 -> -0.500000 qaram    1.1500
parameter  4  0.787206 ->  0.500000 qaram    1.3225
parameter  5  1.387945 ->  0.500000 qaram    1.3225
parameter  6  0.732544 ->  0.500000 qaram    1.3225
parameter 10  1.724119 ->  0.500000 qaram    1.3225
parameter 12 -1.529230 -> -0.500000 qaram    1.3225
parameters
   -0.9651   25.6889   10.0299   -9.0360  -10.3107  -10.2757
   -4.3618    3.8745    3.5546    7.3819   -4.6294   -7.2516
eta,q 0.96437  8.51032
  0.0529  0.0546  0.0495  0.0443  0.0402  0.0397  0.0410  0.0440  0.0400  0.0352  0.0376  0.0381
  0.0512  0.0525  0.0483  0.0441  0.0413  0.0394  0.0402  0.0421  0.0396  0.0361  0.0370  0.0374
  0.0499  0.0507  0.0474  0.0446  0.0425  0.0399  0.0397  0.0406  0.0393  0.0374  0.0366  0.0368
  0.0491  0.0490  0.0469  0.0464  0.0442  0.0416  0.0395  0.0395  0.0392  0.0392  0.0364  0.0363
  0.0490  0.0476  0.0465  0.0494  0.0467  0.0434  0.0397  0.0393  0.0393  0.0414  0.0363  0.0359
  0.0496  0.0466  0.0464  0.0529  0.0498  0.0467  0.0401  0.0401  0.0395  0.0440  0.0364  0.0355
  0.0508  0.0461  0.0465  0.0568  0.0529  0.0504  0.0409  0.0417  0.0398  0.0467  0.0367  0.0354
niter,ni,del,rscale     7    3    5.0000    1.2000
parameter  2 -1.456204 -> -0.500000 qaram    1.3225
parameter  5  1.064330 ->  0.500000 qaram    1.5209
parameter 10  0.609261 ->  0.500000 qaram    1.5209
parameter 12 -0.793040 -> -0.500000 qaram    1.5209
parameters
   -1.3965   27.2759   10.9625  -11.3446  -15.7858  -11.0022
   -3.2758    4.5757    4.5387    1.9067   -4.5572   -1.7764
eta,q 0.97306  8.30840
  0.0376  0.0435  0.0354  0.0349  0.0291  0.0332  0.0328  0.0344  0.0319  0.0294  0.0290  0.0323
  0.0362  0.0406  0.0342  0.0338  0.0295  0.0318  0.0316  0.0324  0.0309  0.0283  0.0286  0.0309
  0.0356  0.0379  0.0333  0.0329  0.0309  0.0309  0.0306  0.0309  0.0302  0.0283  0.0283  0.0294
  0.0356  0.0355  0.0326  0.0324  0.0327  0.0298  0.0301  0.0300  0.0299  0.0299  0.0282  0.0281
  0.0364  0.0336  0.0324  0.0335  0.0351  0.0298  0.0301  0.0300  0.0299  0.0325  0.0282  0.0272
  0.0378  0.0323  0.0326  0.0367  0.0387  0.0319  0.0306  0.0311  0.0303  0.0355  0.0285  0.0269
  0.0396  0.0316  0.0332  0.0408  0.0425  0.0357  0.0316  0.0332  0.0310  0.0387  0.0290  0.0273
niter,ni,del,rscale     7    3    5.0000    1.2000
parameters
   -1.3473   28.2641   11.3735  -11.4312  -18.9708  -10.6978
   -3.2785    4.5309    4.4308    1.5221   -4.9672   -1.2168
eta,q 0.97410  8.21102
  0.0303  0.0346  0.0290  0.0299  0.0288  0.0297  0.0285  0.0299  0.0279  0.0325  0.0267  0.0294
  0.0285  0.0312  0.0276  0.0285  0.0269  0.0279  0.0272  0.0279  0.0268  0.0290  0.0263  0.0278
  0.0274  0.0286  0.0268  0.0275  0.0261  0.0268  0.0263  0.0265  0.0262  0.0266  0.0260  0.0265
  0.0269  0.0269  0.0264  0.0264  0.0265  0.0261  0.0259  0.0259  0.0259  0.0259  0.0259  0.0259
  0.0272  0.0264  0.0265  0.0258  0.0281  0.0252  0.0262  0.0263  0.0262  0.0271  0.0261  0.0261
  0.0283  0.0271  0.0269  0.0275  0.0313  0.0262  0.0271  0.0277  0.0269  0.0299  0.0264  0.0272
  0.0301  0.0288  0.0277  0.0314  0.0359  0.0305  0.0285  0.0303  0.0280  0.0332  0.0270  0.0290
niter,ni,del,rscale     6    3    5.0000    1.2000
parameters
   -1.3504   28.2395   11.5765  -11.2934  -19.3162  -10.6133
   -3.2132    4.5328    4.4880    1.3367   -5.0840   -0.9741
eta,q 0.97418  8.20476
  0.0290  0.0308  0.0280  0.0292  0.0306  0.0294  0.0284  0.0299  0.0279  0.0326  0.0268  0.0292
  0.0273  0.0281  0.0268  0.0278  0.0283  0.0277  0.0271  0.0278  0.0268  0.0291  0.0262  0.0276
  0.0263  0.0264  0.0261  0.0269  0.0265  0.0267  0.0262  0.0264  0.0261  0.0266  0.0259  0.0264
  0.0259  0.0259  0.0259  0.0259  0.0259  0.0259  0.0258  0.0258  0.0258  0.0258  0.0258  0.0258
  0.0262  0.0266  0.0261  0.0252  0.0264  0.0250  0.0261  0.0262  0.0261  0.0269  0.0259  0.0261
  0.0273  0.0283  0.0266  0.0266  0.0282  0.0262  0.0270  0.0276  0.0268  0.0296  0.0262  0.0272
  0.0291  0.0308  0.0274  0.0302  0.0318  0.0307  0.0284  0.0301  0.0278  0.0329  0.0268  0.0290
niter,ni,del,rscale     5    3    5.0000    1.2000
parameters
   -1.3537   28.2250   11.6457  -11.2836  -19.3477  -10.6052
   -3.1990    4.5225    4.4991    1.2542   -5.1210   -0.8801
eta,q 0.97419  8.20407
  0.0290  0.0308  0.0277  0.0291  0.0308  0.0293  0.0284  0.0298  0.0279  0.0328  0.0268  0.0291
  0.0273  0.0280  0.0266  0.0278  0.0284  0.0276  0.0270  0.0278  0.0268  0.0292  0.0262  0.0275
  0.0262  0.0263  0.0260  0.0268  0.0266  0.0266  0.0262  0.0264  0.0261  0.0266  0.0259  0.0263
  0.0258  0.0258  0.0258  0.0258  0.0258  0.0258  0.0258  0.0258  0.0258  0.0258  0.0258  0.0258
  0.0261  0.0265  0.0260  0.0252  0.0263  0.0250  0.0261  0.0262  0.0261  0.0268  0.0259  0.0262
  0.0272  0.0282  0.0266  0.0267  0.0279  0.0262  0.0270  0.0276  0.0268  0.0295  0.0262  0.0273
  0.0290  0.0307  0.0275  0.0303  0.0314  0.0308  0.0284  0.0301  0.0279  0.0328  0.0268  0.0291
niter,ni,del,rscale     4    3    5.0000    1.2000
parameters
   -1.3537   28.2150   11.6660  -11.2782  -19.3564  -10.6028
   -3.1913    4.5179    4.5074    1.2147   -5.1342   -0.8426
eta,q 0.97419  8.20390
  0.0290  0.0308  0.0277  0.0291  0.0308  0.0293  0.0284  0.0298  0.0279  0.0328  0.0268  0.0291
  0.0273  0.0281  0.0266  0.0278  0.0284  0.0276  0.0270  0.0278  0.0268  0.0292  0.0262  0.0274
  0.0262  0.0263  0.0260  0.0268  0.0266  0.0266  0.0261  0.0264  0.0261  0.0266  0.0259  0.0263
  0.0258  0.0258  0.0258  0.0258  0.0258  0.0258  0.0258  0.0258  0.0258  0.0258  0.0258  0.0258
  0.0261  0.0265  0.0260  0.0252  0.0262  0.0250  0.0261  0.0262  0.0261  0.0268  0.0259  0.0262
  0.0272  0.0282  0.0266  0.0267  0.0279  0.0262  0.0270  0.0276  0.0268  0.0294  0.0262  0.0273
  0.0290  0.0307  0.0275  0.0303  0.0313  0.0308  0.0284  0.0301  0.0279  0.0328  0.0268  0.0291
registration optimization eta report
parameter search radius
    2.4000    3.1740    2.7600    9.5220   10.9503    9.5220
    7.2000    7.2000    7.2000   10.9503    7.2000   10.9503
100000*second partial in parameter space
       55.       49.       23.        5.        4.        5.
        5.        8.        4.        6.        2.        3.
  0.0290  0.0308  0.0277  0.0291  0.0308  0.0293  0.0284  0.0298  0.0279  0.0328  0.0268  0.0291
  0.0273  0.0281  0.0266  0.0278  0.0284  0.0276  0.0270  0.0278  0.0268  0.0292  0.0262  0.0274
  0.0262  0.0263  0.0260  0.0268  0.0266  0.0266  0.0261  0.0264  0.0261  0.0266  0.0259  0.0263
  0.0258  0.0258  0.0258  0.0258  0.0258  0.0258  0.0258  0.0258  0.0258  0.0258  0.0258  0.0258
  0.0261  0.0265  0.0260  0.0252  0.0262  0.0250  0.0261  0.0262  0.0261  0.0268  0.0259  0.0262
  0.0272  0.0282  0.0266  0.0267  0.0279  0.0262  0.0270  0.0276  0.0268  0.0294  0.0262  0.0273
  0.0290  0.0307  0.0275  0.0303  0.0313  0.0308  0.0284  0.0301  0.0279  0.0328  0.0268  0.0291
   -1.3537   28.2150   11.6660  -11.2782  -19.3564  -10.6028
   -3.1913    4.5179    4.5074    1.2147   -5.1342   -0.8426
eta,q 0.97419  8.20390

---------------------------------------------------------------------
imgreg_4dfp /opt/freesurfer/average/711-2C_as_mni_average_305 /opt/freesurfer/average/711-2B_as_mni_average_305_mask talsrcimg_g11 none talsrcimg_to_711-2C_as_mni_average_305_t4 2311
---------------------------------------------------------------------

freesurfer imgreg_4dfp.c
/opt/freesurfer/average/711-2C_as_mni_average_305.4dfp.img
       256       256       256         1
  1.000000  1.000000  1.000000
orientation T byte_order littleendian
Reading image: /opt/freesurfer/average/711-2C_as_mni_average_305.4dfp.img
dimensions:      256       256       256
mmppix:       1.0000   -1.0000   -1.0000
center:     128.0000 -129.0000 -129.0000
/opt/freesurfer/average/711-2B_as_mni_average_305_mask.4dfp.img
       256       256       256         1
  1.000000  1.000000  1.000000
orientation T byte_order littleendian
Reading mask: /opt/freesurfer/average/711-2B_as_mni_average_305_mask.4dfp.img (2306576 pixels)
talsrcimg_g11.4dfp.img
       256       256       256         1
  1.000000  1.000000  1.000000
orientation T byte_order littleendian
Reading image: talsrcimg_g11.4dfp.img
dimensions:      256       256       256
mmppix:       1.0000   -1.0000   -1.0000
center:     128.0000 -129.0000 -129.0000
fimgreg.f
image alignment mode   2311 decimal      907 hex
parameters
   -1.3537   28.2150   11.6660  -11.2782  -19.3564  -10.6028
   -3.1913    4.5179    4.5074    1.2147   -5.1342   -0.8426
eta,q 0.97419  8.20389
niter,ni,del,rscale     5    3    5.0000    0.8000
parameter  4 -0.745782 -> -0.500000 qaram    1.1500
parameter  6 -0.693877 -> -0.500000 qaram    1.1500
parameters
   -1.3342   28.1696   11.5958   -8.5182  -18.8615   -7.8428
   -3.4108    4.2493    4.3875    0.9802   -5.9477   -1.0996
eta,q 0.97556  8.44475
  0.0273  0.0271  0.0264  0.0272  0.0265  0.0265  0.0258  0.0272  0.0255  0.0263  0.0250  0.0252
  0.0265  0.0264  0.0260  0.0268  0.0258  0.0261  0.0251  0.0257  0.0249  0.0253  0.0247  0.0248
  0.0260  0.0259  0.0258  0.0263  0.0254  0.0257  0.0246  0.0248  0.0246  0.0247  0.0245  0.0245
  0.0258  0.0258  0.0258  0.0258  0.0252  0.0252  0.0245  0.0245  0.0245  0.0245  0.0245  0.0244
  0.0259  0.0260  0.0259  0.0253  0.0252  0.0246  0.0247  0.0249  0.0246  0.0248  0.0247  0.0246
  0.0264  0.0265  0.0261  0.0252  0.0255  0.0245  0.0252  0.0261  0.0250  0.0255  0.0251  0.0249
  0.0272  0.0272  0.0264  0.0256  0.0260  0.0250  0.0261  0.0279  0.0256  0.0267  0.0256  0.0254
niter,ni,del,rscale     6    3    5.0000    0.9000
parameters
   -1.4475   28.2466   11.9768   -9.7656  -19.2377   -8.7893
   -3.1912    4.4913    4.5770    1.3117   -5.8914   -0.4014
eta,q 0.97541  8.35533
  0.0267  0.0264  0.0263  0.0263  0.0258  0.0263  0.0265  0.0279  0.0261  0.0271  0.0256  0.0259
  0.0254  0.0254  0.0254  0.0255  0.0250  0.0258  0.0255  0.0263  0.0253  0.0259  0.0250  0.0253
  0.0246  0.0247  0.0248  0.0247  0.0246  0.0251  0.0249  0.0252  0.0248  0.0250  0.0247  0.0248
  0.0244  0.0244  0.0244  0.0244  0.0245  0.0245  0.0247  0.0247  0.0246  0.0246  0.0246  0.0246
  0.0249  0.0246  0.0244  0.0251  0.0247  0.0246  0.0248  0.0248  0.0248  0.0248  0.0247  0.0246
  0.0259  0.0252  0.0246  0.0269  0.0253  0.0261  0.0253  0.0258  0.0252  0.0254  0.0250  0.0249
  0.0273  0.0261  0.0252  0.0296  0.0262  0.0295  0.0262  0.0275  0.0259  0.0266  0.0255  0.0254
niter,ni,del,rscale     5    3    5.0000    0.8000
parameters
   -1.4090   28.1742   11.9133   -9.7631  -19.0637   -8.7401
   -3.2743    4.5142    4.5405    1.1657   -5.9647   -0.3289
eta,q 0.97544  8.36430
  0.0265  0.0259  0.0255  0.0265  0.0259  0.0264  0.0259  0.0271  0.0256  0.0263  0.0253  0.0254
  0.0255  0.0251  0.0250  0.0259  0.0252  0.0260  0.0252  0.0258  0.0250  0.0254  0.0249  0.0250
  0.0248  0.0247  0.0247  0.0252  0.0247  0.0254  0.0247  0.0249  0.0247  0.0248  0.0246  0.0247
  0.0246  0.0246  0.0246  0.0246  0.0246  0.0246  0.0246  0.0246  0.0246  0.0246  0.0246  0.0246
  0.0248  0.0248  0.0247  0.0245  0.0247  0.0245  0.0247  0.0248  0.0247  0.0248  0.0247  0.0246
  0.0254  0.0253  0.0251  0.0253  0.0251  0.0251  0.0252  0.0257  0.0251  0.0255  0.0249  0.0249
  0.0263  0.0262  0.0257  0.0271  0.0257  0.0272  0.0260  0.0272  0.0256  0.0266  0.0253  0.0254
niter,ni,del,rscale     4    3    5.0000    0.7000
parameters
   -1.4115   28.1606   11.9271   -9.4969  -19.0985   -8.3713
   -3.2866    4.5009    4.5349    1.1118   -6.0464   -0.3818
eta,q 0.97558  8.38620
  0.0260  0.0257  0.0254  0.0262  0.0254  0.0262  0.0255  0.0265  0.0253  0.0259  0.0250  0.0251
  0.0252  0.0250  0.0249  0.0257  0.0249  0.0258  0.0249  0.0254  0.0248  0.0251  0.0247  0.0247
  0.0247  0.0247  0.0247  0.0251  0.0246  0.0252  0.0246  0.0247  0.0245  0.0246  0.0245  0.0245
  0.0246  0.0246  0.0246  0.0246  0.0245  0.0245  0.0244  0.0244  0.0244  0.0244  0.0244  0.0244
  0.0247  0.0247  0.0246  0.0244  0.0246  0.0244  0.0246  0.0246  0.0245  0.0246  0.0245  0.0245
  0.0252  0.0251  0.0249  0.0250  0.0249  0.0249  0.0249  0.0254  0.0248  0.0251  0.0247  0.0247
  0.0260  0.0257  0.0253  0.0263  0.0254  0.0262  0.0255  0.0266  0.0253  0.0260  0.0251  0.0251
niter,ni,del,rscale     3    3    5.0000    0.6000
parameters
   -1.4227   28.1694   11.9909   -9.3047  -19.2254   -8.0263
   -3.2994    4.4930    4.5280    1.0948   -6.1018   -0.4452
eta,q 0.97565  8.40024
  0.0255  0.0253  0.0251  0.0259  0.0250  0.0259  0.0252  0.0260  0.0250  0.0255  0.0248  0.0248
  0.0249  0.0248  0.0247  0.0253  0.0247  0.0254  0.0247  0.0251  0.0246  0.0249  0.0245  0.0246
  0.0245  0.0245  0.0245  0.0248  0.0244  0.0249  0.0244  0.0246  0.0244  0.0245  0.0244  0.0244
  0.0244  0.0244  0.0244  0.0244  0.0244  0.0244  0.0244  0.0244  0.0243  0.0243  0.0243  0.0243
  0.0246  0.0245  0.0245  0.0244  0.0245  0.0244  0.0244  0.0245  0.0244  0.0245  0.0244  0.0244
  0.0249  0.0248  0.0247  0.0249  0.0247  0.0247  0.0247  0.0251  0.0246  0.0249  0.0246  0.0246
  0.0255  0.0252  0.0250  0.0259  0.0251  0.0258  0.0252  0.0260  0.0250  0.0255  0.0248  0.0249
niter,ni,del,rscale     2    3    5.0000    0.5000
parameters
   -1.4327   28.1759   12.0501   -9.1455  -19.3419   -7.7476
   -3.3061    4.4914    4.5028    1.0831   -6.1265   -0.5195
eta,q 0.97569  8.41037
  0.0251  0.0249  0.0248  0.0255  0.0248  0.0256  0.0249  0.0255  0.0247  0.0251  0.0247  0.0246
  0.0247  0.0246  0.0246  0.0250  0.0245  0.0251  0.0246  0.0249  0.0245  0.0247  0.0245  0.0245
  0.0244  0.0244  0.0244  0.0246  0.0244  0.0246  0.0244  0.0245  0.0244  0.0244  0.0243  0.0243
  0.0243  0.0243  0.0243  0.0244  0.0243  0.0243  0.0243  0.0243  0.0243  0.0243  0.0243  0.0243
  0.0244  0.0244  0.0244  0.0244  0.0244  0.0244  0.0244  0.0244  0.0244  0.0244  0.0244  0.0244
  0.0247  0.0246  0.0245  0.0247  0.0246  0.0247  0.0246  0.0248  0.0245  0.0247  0.0245  0.0245
  0.0251  0.0249  0.0247  0.0255  0.0248  0.0254  0.0249  0.0255  0.0248  0.0251  0.0247  0.0247
niter,ni,del,rscale     1    3    5.0000    0.4000
parameters
   -1.4398   28.1807   12.0872   -9.0248  -19.4565   -7.5676
   -3.3077    4.4897    4.5015    1.0766   -6.1752   -0.5600
eta,q 0.97570  8.41529
  0.0248  0.0247  0.0246  0.0251  0.0246  0.0252  0.0247  0.0251  0.0246  0.0248  0.0245  0.0245
  0.0245  0.0245  0.0245  0.0248  0.0244  0.0248  0.0245  0.0247  0.0244  0.0245  0.0244  0.0244
  0.0244  0.0243  0.0243  0.0245  0.0243  0.0244  0.0243  0.0244  0.0243  0.0244  0.0243  0.0243
  0.0243  0.0243  0.0243  0.0243  0.0243  0.0243  0.0243  0.0243  0.0243  0.0243  0.0243  0.0243
  0.0244  0.0244  0.0243  0.0243  0.0243  0.0244  0.0243  0.0244  0.0243  0.0244  0.0243  0.0243
  0.0245  0.0245  0.0244  0.0246  0.0245  0.0246  0.0245  0.0246  0.0244  0.0245  0.0244  0.0244
  0.0248  0.0247  0.0246  0.0251  0.0246  0.0250  0.0247  0.0251  0.0246  0.0248  0.0245  0.0245
registration optimization eta report
parameter search radius
    0.8000    0.8000    0.8000    2.7600    2.4000    2.7600
    2.4000    2.4000    2.4000    2.4000    2.4000    2.4000
100000*second partial in parameter space
       81.       60.       44.       11.        5.       10.
        7.       14.        5.        9.        4.        4.
  0.0248  0.0247  0.0246  0.0251  0.0246  0.0252  0.0247  0.0251  0.0246  0.0248  0.0245  0.0245
  0.0245  0.0245  0.0245  0.0248  0.0244  0.0248  0.0245  0.0247  0.0244  0.0245  0.0244  0.0244
  0.0244  0.0243  0.0243  0.0245  0.0243  0.0244  0.0243  0.0244  0.0243  0.0244  0.0243  0.0243
  0.0243  0.0243  0.0243  0.0243  0.0243  0.0243  0.0243  0.0243  0.0243  0.0243  0.0243  0.0243
  0.0244  0.0244  0.0243  0.0243  0.0243  0.0244  0.0243  0.0244  0.0243  0.0244  0.0243  0.0243
  0.0245  0.0245  0.0244  0.0246  0.0245  0.0246  0.0245  0.0246  0.0244  0.0245  0.0244  0.0244
  0.0248  0.0247  0.0246  0.0251  0.0246  0.0250  0.0247  0.0251  0.0246  0.0248  0.0245  0.0245
   -1.4398   28.1807   12.0872   -9.0248  -19.4565   -7.5676
   -3.3077    4.4897    4.5015    1.0766   -6.1752   -0.5600
eta,q 0.97570  8.41529

---------------------------------------------------------------------
imgreg_4dfp /opt/freesurfer/average/711-2C_as_mni_average_305 /opt/freesurfer/average/711-2B_as_mni_average_305_mask talsrcimg_g11 none talsrcimg_to_711-2C_as_mni_average_305_t4 2311
---------------------------------------------------------------------

freesurfer imgreg_4dfp.c
/opt/freesurfer/average/711-2C_as_mni_average_305.4dfp.img
       256       256       256         1
  1.000000  1.000000  1.000000
orientation T byte_order littleendian
Reading image: /opt/freesurfer/average/711-2C_as_mni_average_305.4dfp.img
dimensions:      256       256       256
mmppix:       1.0000   -1.0000   -1.0000
center:     128.0000 -129.0000 -129.0000
/opt/freesurfer/average/711-2B_as_mni_average_305_mask.4dfp.img
       256       256       256         1
  1.000000  1.000000  1.000000
orientation T byte_order littleendian
Reading mask: /opt/freesurfer/average/711-2B_as_mni_average_305_mask.4dfp.img (2306576 pixels)
talsrcimg_g11.4dfp.img
       256       256       256         1
  1.000000  1.000000  1.000000
orientation T byte_order littleendian
Reading image: talsrcimg_g11.4dfp.img
dimensions:      256       256       256
mmppix:       1.0000   -1.0000   -1.0000
center:     128.0000 -129.0000 -129.0000
fimgreg.f
image alignment mode   2311 decimal      907 hex
parameters
   -1.4398   28.1807   12.0872   -9.0248  -19.4565   -7.5676
   -3.3077    4.4897    4.5015    1.0766   -6.1752   -0.5600
eta,q 0.97570  8.41529
niter,ni,del,rscale     5    3    5.0000    0.8000
parameters
   -1.4250   28.1863   12.0824   -9.5520  -19.3788   -8.1424
   -3.2658    4.4921    4.5742    1.1453   -6.0199   -0.3754
eta,q 0.97560  8.38120
  0.0264  0.0258  0.0254  0.0258  0.0256  0.0259  0.0258  0.0271  0.0255  0.0263  0.0253  0.0253
  0.0252  0.0250  0.0248  0.0252  0.0249  0.0254  0.0251  0.0257  0.0249  0.0254  0.0248  0.0249
  0.0245  0.0245  0.0244  0.0246  0.0245  0.0247  0.0246  0.0248  0.0245  0.0247  0.0245  0.0245
  0.0243  0.0243  0.0243  0.0243  0.0244  0.0244  0.0244  0.0244  0.0244  0.0244  0.0244  0.0244
  0.0245  0.0245  0.0244  0.0245  0.0245  0.0246  0.0246  0.0247  0.0245  0.0246  0.0245  0.0245
  0.0252  0.0250  0.0248  0.0255  0.0249  0.0255  0.0250  0.0256  0.0249  0.0252  0.0247  0.0247
  0.0263  0.0258  0.0254  0.0272  0.0255  0.0277  0.0258  0.0272  0.0255  0.0263  0.0252  0.0252
niter,ni,del,rscale     4    3    5.0000    0.7000
parameters
   -1.4197   28.1587   12.0315   -9.3547  -19.2750   -8.0386
   -3.3030    4.4704    4.5350    1.0803   -6.0587   -0.4122
eta,q 0.97564  8.39559
  0.0259  0.0255  0.0252  0.0259  0.0254  0.0258  0.0254  0.0265  0.0252  0.0258  0.0250  0.0250
  0.0251  0.0249  0.0247  0.0253  0.0248  0.0254  0.0248  0.0254  0.0247  0.0250  0.0246  0.0247
  0.0246  0.0245  0.0245  0.0248  0.0245  0.0248  0.0245  0.0246  0.0244  0.0245  0.0244  0.0244
  0.0244  0.0244  0.0244  0.0244  0.0244  0.0244  0.0244  0.0244  0.0244  0.0244  0.0244  0.0244
  0.0246  0.0245  0.0245  0.0244  0.0245  0.0244  0.0245  0.0246  0.0245  0.0245  0.0244  0.0244
  0.0251  0.0249  0.0248  0.0249  0.0248  0.0249  0.0249  0.0253  0.0248  0.0251  0.0247  0.0247
  0.0259  0.0256  0.0253  0.0259  0.0252  0.0261  0.0255  0.0266  0.0252  0.0259  0.0250  0.0250
niter,ni,del,rscale     3    3    5.0000    0.6000
parameters
   -1.4295   28.1653   12.0453   -9.1811  -19.3294   -7.7992
   -3.3105    4.4703    4.5153    1.0627   -6.0989   -0.4971
eta,q 0.97569  8.40766
  0.0255  0.0252  0.0250  0.0256  0.0250  0.0256  0.0251  0.0260  0.0250  0.0254  0.0248  0.0248
  0.0248  0.0247  0.0246  0.0251  0.0246  0.0252  0.0247  0.0251  0.0246  0.0248  0.0245  0.0245
  0.0245  0.0245  0.0244  0.0247  0.0244  0.0246  0.0244  0.0245  0.0244  0.0245  0.0244  0.0244
  0.0244  0.0244  0.0244  0.0244  0.0243  0.0243  0.0243  0.0243  0.0243  0.0243  0.0243  0.0243
  0.0245  0.0245  0.0244  0.0244  0.0244  0.0244  0.0244  0.0245  0.0244  0.0244  0.0244  0.0244
  0.0249  0.0247  0.0246  0.0247  0.0247  0.0247  0.0247  0.0251  0.0246  0.0248  0.0245  0.0246
  0.0255  0.0252  0.0250  0.0255  0.0250  0.0255  0.0252  0.0260  0.0250  0.0255  0.0248  0.0248
niter,ni,del,rscale     2    3    5.0000    0.5000
parameters
   -1.4369   28.1745   12.0790   -9.0623  -19.4266   -7.6120
   -3.3114    4.4744    4.5080    1.0659   -6.1314   -0.5462
eta,q 0.97570  8.41379
  0.0251  0.0249  0.0248  0.0252  0.0248  0.0253  0.0249  0.0255  0.0247  0.0251  0.0246  0.0246
  0.0247  0.0246  0.0245  0.0249  0.0245  0.0249  0.0246  0.0249  0.0245  0.0247  0.0244  0.0245
  0.0244  0.0244  0.0244  0.0245  0.0243  0.0245  0.0244  0.0244  0.0243  0.0244  0.0243  0.0243
  0.0243  0.0243  0.0243  0.0243  0.0243  0.0243  0.0243  0.0243  0.0243  0.0243  0.0243  0.0243
  0.0244  0.0244  0.0243  0.0243  0.0244  0.0244  0.0244  0.0244  0.0244  0.0244  0.0243  0.0243
  0.0247  0.0246  0.0245  0.0246  0.0245  0.0246  0.0246  0.0248  0.0245  0.0247  0.0245  0.0245
  0.0251  0.0249  0.0247  0.0252  0.0248  0.0252  0.0249  0.0255  0.0248  0.0251  0.0247  0.0247
niter,ni,del,rscale     1    3    5.0000    0.4000
parameters
   -1.4445   28.1836   12.1089   -8.9704  -19.5066   -7.5158
   -3.3119    4.4797    4.5016    1.0726   -6.1758   -0.5604
eta,q 0.97571  8.41636
  0.0248  0.0247  0.0246  0.0250  0.0246  0.0250  0.0247  0.0251  0.0246  0.0248  0.0245  0.0245
  0.0245  0.0245  0.0244  0.0247  0.0244  0.0246  0.0245  0.0247  0.0244  0.0245  0.0244  0.0244
  0.0244  0.0243  0.0243  0.0244  0.0243  0.0244  0.0243  0.0244  0.0243  0.0244  0.0243  0.0243
  0.0243  0.0243  0.0243  0.0243  0.0243  0.0243  0.0243  0.0243  0.0243  0.0243  0.0243  0.0243
  0.0244  0.0243  0.0243  0.0243  0.0243  0.0244  0.0243  0.0244  0.0243  0.0243  0.0243  0.0243
  0.0245  0.0245  0.0244  0.0245  0.0244  0.0245  0.0245  0.0246  0.0244  0.0245  0.0244  0.0244
  0.0248  0.0247  0.0246  0.0249  0.0246  0.0249  0.0247  0.0251  0.0246  0.0248  0.0245  0.0245
registration optimization eta report
parameter search radius
    0.8000    0.8000    0.8000    2.4000    2.4000    2.4000
    2.4000    2.4000    2.4000    2.4000    2.4000    2.4000
100000*second partial in parameter space
       81.       59.       43.       11.        5.       11.
        7.       14.        5.        9.        4.        4.
  0.0248  0.0247  0.0246  0.0250  0.0246  0.0250  0.0247  0.0251  0.0246  0.0248  0.0245  0.0245
  0.0245  0.0245  0.0244  0.0247  0.0244  0.0246  0.0245  0.0247  0.0244  0.0245  0.0244  0.0244
  0.0244  0.0243  0.0243  0.0244  0.0243  0.0244  0.0243  0.0244  0.0243  0.0244  0.0243  0.0243
  0.0243  0.0243  0.0243  0.0243  0.0243  0.0243  0.0243  0.0243  0.0243  0.0243  0.0243  0.0243
  0.0244  0.0243  0.0243  0.0243  0.0243  0.0244  0.0243  0.0244  0.0243  0.0243  0.0243  0.0243
  0.0245  0.0245  0.0244  0.0245  0.0244  0.0245  0.0245  0.0246  0.0244  0.0245  0.0244  0.0244
  0.0248  0.0247  0.0246  0.0249  0.0246  0.0249  0.0247  0.0251  0.0246  0.0248  0.0245  0.0245
   -1.4445   28.1836   12.1089   -8.9704  -19.5066   -7.5158
   -3.3119    4.4797    4.5016    1.0726   -6.1758   -0.5604
eta,q 0.97571  8.41636

---------------------------------------------------------------------
compute_vox2vox talsrcimg talsrcimg_to_711-2C_as_mni_average_305_t4 /opt/freesurfer/average/711-2C_as_mni_average_305
---------------------------------------------------------------------

freesurfer compute_vox2vox.c
Reading: talsrcimg.4dfp.ifh
Reading: talsrcimg_to_711-2C_as_mni_average_305_t4
Reading: /opt/freesurfer/average/711-2C_as_mni_average_305.4dfp.ifh
Writing: talsrcimg_to_711-2C_as_mni_average_305_t4_vox2vox.txt

start time Sun Nov 24 06:20:51 UTC 2024
end		time Sun Nov 24 06:21:36 UTC 2024

mpr2mni305 success

avi2talxfm orig_nu.mgz /opt/freesurfer/average/mni305.cor.mgz talsrcimg_to_711-2C_as_mni_average_305_t4_vox2vox.txt transforms/talairach.auto.xfm
avi2talxfm done
mv -f /scratch/tmp/fs_mp2rage_tests2/sourcedata/freesurfer_memprage/sub-fsm90ao/mri/talsrcimg_to_711-2C_as_mni_average_305_t4_vox2vox.txt /scratch/tmp/fs_mp2rage_tests2/sourcedata/freesurfer_memprage/sub-fsm90ao/mri/transforms/talsrcimg_to_711-2C_as_mni_average_305_t4_vox2vox.txt
lta_convert --src orig_nu.mgz --trg /opt/freesurfer/average/mni305.cor.mgz --inxfm transforms/talairach.auto.xfm --outlta transforms/talairach.auto.xfm.lta --subject fsaverage
7.3.2

--src: orig_nu.mgz src image (geometry).
--trg: /opt/freesurfer/average/mni305.cor.mgz trg image (geometry).
--inmni: transforms/talairach.auto.xfm input MNI/XFM transform.
--outlta: transforms/talairach.auto.xfm.lta output LTA.
--s: fsaverage subject name
 LTA read, type : 1
 1.09271  -0.05345   0.04459   1.49977;
 0.07259   1.07763   0.01049  -35.82784;
-0.06208  -0.01137   1.23970  -20.41092;
 0.00000   0.00000   0.00000   1.00000;
setting subject to fsaverage
Writing  LTA to file transforms/talairach.auto.xfm.lta...
lta_convert successful.
 
 
Started at Sun Nov 24 06:20:48 UTC 2024
Ended   at Sun Nov 24 06:21:36 UTC 2024
talairach_avi done
