/scratch/tmp/fs_mp2rage_tests2/sourcedata/freesurfer_memprage/sub-fsm24dz/mri
/opt/freesurfer/bin/talairach_avi
--i orig_nu.mgz --xfm transforms/talairach.auto.xfm
talairach_avi 7.3.2
Linux elm.criugm.qc.ca 5.15.0-113-generic #123-Ubuntu SMP Mon Jun 10 08:16:17 UTC 2024 x86_64 x86_64 x86_64 GNU/Linux
Sun Nov 24 05:19:45 UTC 2024
mri_convert orig_nu.mgz talsrcimg.img 
reading from orig_nu.mgz...
TR=0.00, TE=0.00, TI=0.00, flip angle=0.00
i_ras = (-1, 1.28057e-09, 0)
j_ras = (-3.72529e-09, 0, -1)
k_ras = (-1.04774e-09, 1, 3.72529e-09)
writing to talsrcimg.img...
Analyze Output Matrix
-1.00000  -0.00000  -0.00000   126.26486;
 0.00000   0.00000   1.00000  -91.70132;
 0.00000  -1.00000   0.00000   112.24902;
 0.00000   0.00000   0.00000   1.00000;
--------------------
INFO: set hdr.hist.orient to -1
mpr2mni305 talsrcimg
Sun Nov 24 05:19:48 UTC 2024
/opt/freesurfer/bin/mpr2mni305 talsrcimg
mpr2mni305 7.3.2
target=711-2C_as_mni_average_305

---------------------------------------------------------------------
analyzeto4dfp talsrcimg -O0 -y
---------------------------------------------------------------------

freesurfer ifh2hdr.c
Sun Nov 24 05:19:49 2024
Writing: talsrcimg.4dfp.hdr
freesurfer analyzeto4dfp.c
Reading: talsrcimg.hdr
header size 348 bytes
hdr.dime.datatype	offset=70	value=2
hdr.dime.bitpix		offset=72	value=8
hdr.hist.orient		offset=252	value=-1
dimensionality     4
dimensions       256       256       256         1
Reading: talsrcimg.img
Writing: talsrcimg.4dfp.img
Writing: talsrcimg.4dfp.ifh
ifh2hdr talsrcimg -r0to255
ori=2

---------------------------------------------------------------------
gauss_4dfp talsrcimg 1.1
---------------------------------------------------------------------

freesurfer gauss_4dfp.c
Reading: talsrcimg.4dfp.img
Writing: talsrcimg_g11.4dfp.img
image dimensions 256 256 256 padded to 288 288 288
processing volume 1freesurfer ifh2hdr.c
Sun Nov 24 05:20:01 2024
Writing: talsrcimg_g11.4dfp.hdr

Writing: talsrcimg_g11.4dfp.ifh
including: talsrcimg.4dfp.img.rec in talsrcimg_g11.4dfp.img.rec

---------------------------------------------------------------------
imgreg_4dfp /opt/freesurfer/average/711-2C_as_mni_average_305 none talsrcimg_g11 none talsrcimg_to_711-2C_as_mni_average_305_t4 4355
---------------------------------------------------------------------

freesurfer imgreg_4dfp.c
/opt/freesurfer/average/711-2C_as_mni_average_305.4dfp.img
       256       256       256         1
  1.000000  1.000000  1.000000
orientation T byte_order littleendian
Reading image: /opt/freesurfer/average/711-2C_as_mni_average_305.4dfp.img
dimensions:      256       256       256
mmppix:       1.0000   -1.0000   -1.0000
center:     128.0000 -129.0000 -129.0000
talsrcimg_g11.4dfp.img
       256       256       256         1
  1.000000  1.000000  1.000000
orientation T byte_order littleendian
Reading image: talsrcimg_g11.4dfp.img
dimensions:      256       256       256
mmppix:       1.0000   -1.0000   -1.0000
center:     128.0000 -129.0000 -129.0000
t4_read: open error in t4_sub.f l:  41 t4_file(1:l)talsrcimg_to_711-2C_as_mni_average_305_t4 
t4_read: transform initialized to I4
rotation matrix determinant  1.000000
image alignment mode   4355 decimal     1103 hex
   -7.5000  -45.0000  -45.0000 9503.7500    8.6307
    0.0000  -45.0000  -45.0000 9880.8457    8.6168
    7.5000  -45.0000  -45.0000 9473.7188    8.6123
   -7.5000  -37.5000  -45.0000 9746.1484    8.7139
    0.0000  -37.5000  -45.000010132.4658    8.7015
    7.5000  -37.5000  -45.0000 9705.6416    8.7000
   -7.5000  -30.0000  -45.000010261.9443    8.5827
    0.0000  -30.0000  -45.000010675.7725    8.5714
    7.5000  -30.0000  -45.000010222.5654    8.5701
   -7.5000  -22.5000  -45.000010823.8984    8.5302
    0.0000  -22.5000  -45.000011269.9893    8.5189
    7.5000  -22.5000  -45.000010781.5391    8.5147
   -7.5000  -15.0000  -45.000011346.9551    8.4741
    0.0000  -15.0000  -45.000011817.8350    8.4623
    7.5000  -15.0000  -45.000011313.3936    8.4552
   -7.5000   -7.5000  -45.000011834.9736    8.4201
    0.0000   -7.5000  -45.000012339.1650    8.4071
    7.5000   -7.5000  -45.000011766.4053    8.4003
   -7.5000    0.0000  -45.000012250.8477    8.4017
    0.0000    0.0000  -45.000012768.7705    8.3878
    7.5000    0.0000  -45.000012160.4004    8.3837
   -7.5000    7.5000  -45.000011802.4043    8.5804
    0.0000    7.5000  -45.000012293.6641    8.5680
    7.5000    7.5000  -45.000011712.7197    8.5665
   -7.5000   15.0000  -45.000011293.9443    8.8553
    0.0000   15.0000  -45.000011810.0703    8.8440
    7.5000   15.0000  -45.000011199.3584    8.8424
   -7.5000   22.5000  -45.000010775.1562    9.1342
    0.0000   22.5000  -45.000011274.3594    9.1246
    7.5000   22.5000  -45.000010671.8047    9.1195
   -7.5000   30.0000  -45.000010178.0996    9.2865
    0.0000   30.0000  -45.000010660.3262    9.2788
    7.5000   30.0000  -45.000010094.7803    9.2698
   -7.5000   37.5000  -45.0000 9906.8057    9.5528
    0.0000   37.5000  -45.000010353.2559    9.5448
    7.5000   37.5000  -45.0000 9811.8115    9.5347
   -7.5000   45.0000  -45.0000 9295.3672    9.5969
    0.0000   45.0000  -45.0000 9706.3174    9.5857
    7.5000   45.0000  -45.0000 9216.8232    9.5762
   -7.5000  -45.0000  -37.5000 9957.1270    8.5743
    0.0000  -45.0000  -37.500010358.8174    8.5611
    7.5000  -45.0000  -37.5000 9935.8809    8.5554
   -7.5000  -37.5000  -37.500010220.2715    8.6585
    0.0000  -37.5000  -37.500010648.6670    8.6465
    7.5000  -37.5000  -37.500010216.1729    8.6436
   -7.5000  -30.0000  -37.500010791.0615    8.5297
    0.0000  -30.0000  -37.500011260.2461    8.5175
    7.5000  -30.0000  -37.500010814.0781    8.5138
   -7.5000  -22.5000  -37.500011415.0732    8.4771
    0.0000  -22.5000  -37.500011902.7090    8.4638
    7.5000  -22.5000  -37.500011411.9111    8.4563
   -7.5000  -15.0000  -37.500011967.4053    8.4201
    0.0000  -15.0000  -37.500012471.0820    8.4065
    7.5000  -15.0000  -37.500011943.5781    8.3964
   -7.5000   -7.5000  -37.500012481.1816    8.3664
    0.0000   -7.5000  -37.500013017.4258    8.3530
    7.5000   -7.5000  -37.500012426.1777    8.3441
   -7.5000    0.0000  -37.500012896.1514    8.3486
    0.0000    0.0000  -37.500013474.5068    8.3355
    7.5000    0.0000  -37.500012834.8740    8.3302
   -7.5000    7.5000  -37.500012383.9346    8.5268
    0.0000    7.5000  -37.500012967.9980    8.5148
    7.5000    7.5000  -37.500012351.0449    8.5120
   -7.5000   15.0000  -37.500011841.9600    8.8022
    0.0000   15.0000  -37.500012428.8486    8.7902
    7.5000   15.0000  -37.500011808.6836    8.7862
   -7.5000   22.5000  -37.500011278.3486    9.0797
    0.0000   22.5000  -37.500011833.0938    9.0683
    7.5000   22.5000  -37.500011217.4189    9.0598
   -7.5000   30.0000  -37.500010624.9785    9.2320
    0.0000   30.0000  -37.500011149.5576    9.2226
    7.5000   30.0000  -37.500010553.1133    9.2104
   -7.5000   37.5000  -37.500010336.3340    9.4994
    0.0000   37.5000  -37.500010838.8867    9.4910
    7.5000   37.5000  -37.500010239.6719    9.4790
   -7.5000   45.0000  -37.5000 9691.9150    9.5475
    0.0000   45.0000  -37.500010145.4717    9.5373
    7.5000   45.0000  -37.5000 9592.4023    9.5271
   -7.5000  -45.0000  -30.000010625.3154    8.8924
    0.0000  -45.0000  -30.000011040.0117    8.8803
    7.5000  -45.0000  -30.000010591.1514    8.8714
   -7.5000  -37.5000  -30.000010929.1660    8.9802
    0.0000  -37.5000  -30.000011383.6523    8.9692
    7.5000  -37.5000  -30.000010934.6104    8.9623
   -7.5000  -30.0000  -30.000011539.1367    8.8465
    0.0000  -30.0000  -30.000012050.4434    8.8350
    7.5000  -30.0000  -30.000011584.9141    8.8272
   -7.5000  -22.5000  -30.000012193.7812    8.7906
    0.0000  -22.5000  -30.000012744.5088    8.7776
    7.5000  -22.5000  -30.000012227.2344    8.7670
   -7.5000  -15.0000  -30.000012769.4268    8.7305
    0.0000  -15.0000  -30.000013360.6475    8.7172
    7.5000  -15.0000  -30.000012801.9561    8.7047
   -7.5000   -7.5000  -30.000013321.3799    8.6755
    0.0000   -7.5000  -30.000013924.0771    8.6626
    7.5000   -7.5000  -30.000013307.2119    8.6514
   -7.5000    0.0000  -30.000013778.3779    8.6579
    0.0000    0.0000  -30.000014433.2363    8.6457
    7.5000    0.0000  -30.000013771.8672    8.6374
   -7.5000    7.5000  -30.000013215.3730    8.8429
    0.0000    7.5000  -30.000013873.6465    8.8318
    7.5000    7.5000  -30.000013233.1416    8.8252
   -7.5000   15.0000  -30.000012603.9688    9.1301
    0.0000   15.0000  -30.000013242.0127    9.1191
    7.5000   15.0000  -30.000012595.4541    9.1110
   -7.5000   22.5000  -30.000011979.0928    9.4183
    0.0000   22.5000  -30.000012574.5332    9.4075
    7.5000   22.5000  -30.000011931.9053    9.3959
   -7.5000   30.0000  -30.000011283.8936    9.5803
    0.0000   30.0000  -30.000011856.7236    9.5714
    7.5000   30.0000  -30.000011196.7031    9.5570
   -7.5000   37.5000  -30.000010982.8896    9.8601
    0.0000   37.5000  -30.000011523.8535    9.8530
    7.5000   37.5000  -30.000010879.3965    9.8387
   -7.5000   45.0000  -30.000010267.6680    9.9201
    0.0000   45.0000  -30.000010754.3672    9.9120
    7.5000   45.0000  -30.000010154.0459    9.8989
   -7.5000  -45.0000  -22.500011290.3555    9.1767
    0.0000  -45.0000  -22.500011730.7656    9.1651
    7.5000  -45.0000  -22.500011245.7871    9.1547
   -7.5000  -37.5000  -22.500011617.7168    9.2662
    0.0000  -37.5000  -22.500012108.6182    9.2559
    7.5000  -37.5000  -22.500011622.3350    9.2469
   -7.5000  -30.0000  -22.500012254.0039    9.1266
    0.0000  -30.0000  -22.500012812.1143    9.1166
    7.5000  -30.0000  -22.500012308.1367    9.1075
   -7.5000  -22.5000  -22.500012942.2168    9.0677
    0.0000  -22.5000  -22.500013550.6250    9.0571
    7.5000  -22.5000  -22.500013010.2490    9.0468
   -7.5000  -15.0000  -22.500013562.8320    9.0062
    0.0000  -15.0000  -22.500014219.2783    8.9949
    7.5000  -15.0000  -22.500013623.2393    8.9835
   -7.5000   -7.5000  -22.500014126.6006    8.9508
    0.0000   -7.5000  -22.500014807.5303    8.9389
    7.5000   -7.5000  -22.500014166.5000    8.9278
   -7.5000    0.0000  -22.500014615.3438    8.9335
    0.0000    0.0000  -22.500015355.7441    8.9216
    7.5000    0.0000  -22.500014667.5195    8.9118
   -7.5000    7.5000  -22.500014023.3193    9.1234
    0.0000    7.5000  -22.500014766.0869    9.1129
    7.5000    7.5000  -22.500014095.1387    9.1042
   -7.5000   15.0000  -22.500013359.0615    9.4206
    0.0000   15.0000  -22.500014024.0498    9.4112
    7.5000   15.0000  -22.500013375.2246    9.4018
   -7.5000   22.5000  -22.500012682.6729    9.7201
    0.0000   22.5000  -22.500013295.7295    9.7117
    7.5000   22.5000  -22.500012636.5859    9.7009
   -7.5000   30.0000  -22.500011947.2920    9.8920
    0.0000   30.0000  -22.500012544.9248    9.8854
    7.5000   30.0000  -22.500011878.6963    9.8724
   -7.5000   37.5000  -22.500011584.7861   10.1825
    0.0000   37.5000  -22.500012171.7686   10.1771
    7.5000   37.5000  -22.500011524.3340   10.1628
   -7.5000   45.0000  -22.500010792.3555   10.2524
    0.0000   45.0000  -22.500011308.6797   10.2456
    7.5000   45.0000  -22.500010721.5859   10.2306
   -7.5000  -45.0000  -15.000011937.0918    9.3809
    0.0000  -45.0000  -15.000012408.4297    9.3682
    7.5000  -45.0000  -15.000011874.8721    9.3593
   -7.5000  -37.5000  -15.000012284.4883    9.4708
    0.0000  -37.5000  -15.000012792.5918    9.4599
    7.5000  -37.5000  -15.000012289.7441    9.4525
   -7.5000  -30.0000  -15.000012969.5518    9.3265
    0.0000  -30.0000  -15.000013535.6602    9.3174
    7.5000  -30.0000  -15.000013027.0605    9.3110
   -7.5000  -22.5000  -15.000013716.5068    9.2662
    0.0000  -22.5000  -15.000014337.4854    9.2575
    7.5000  -22.5000  -15.000013787.7061    9.2506
   -7.5000  -15.0000  -15.000014388.5303    9.2046
    0.0000  -15.0000  -15.000015074.0449    9.1948
    7.5000  -15.0000  -15.000014474.2920    9.1867
   -7.5000   -7.5000  -15.000014981.1992    9.1487
    0.0000   -7.5000  -15.000015671.0605    9.1369
    7.5000   -7.5000  -15.000015032.7021    9.1280
   -7.5000    0.0000  -15.000015499.3379    9.1308
    0.0000    0.0000  -15.000016243.5137    9.1180
    7.5000    0.0000  -15.000015539.0742    9.1096
   -7.5000    7.5000  -15.000014877.4990    9.3236
    0.0000    7.5000  -15.000015670.0908    9.3126
    7.5000    7.5000  -15.000014982.9561    9.3055
   -7.5000   15.0000  -15.000014147.0713    9.6280
    0.0000   15.0000  -15.000014812.1865    9.6194
    7.5000   15.0000  -15.000014177.9951    9.6127
   -7.5000   22.5000  -15.000013377.9658    9.9366
    0.0000   22.5000  -15.000013991.0342    9.9301
    7.5000   22.5000  -15.000013361.3340    9.9231
   -7.5000   30.0000  -15.000012573.0107   10.1168
    0.0000   30.0000  -15.000013181.2227   10.1117
    7.5000   30.0000  -15.000012563.6631   10.1023
   -7.5000   37.5000  -15.000012188.6641   10.4148
    0.0000   37.5000  -15.000012774.1377   10.4096
    7.5000   37.5000  -15.000012190.1475   10.3974
   -7.5000   45.0000  -15.000011330.8945   10.4908
    0.0000   45.0000  -15.000011891.8301   10.4828
    7.5000   45.0000  -15.000011344.8770   10.4687
   -7.5000  -45.0000   -7.500012651.4336    9.4690
    0.0000  -45.0000   -7.500013118.4834    9.4547
    7.5000  -45.0000   -7.500012571.2559    9.4489
   -7.5000  -37.5000   -7.500013008.1387    9.5584
    0.0000  -37.5000   -7.500013516.9463    9.5460
    7.5000  -37.5000   -7.500012990.7539    9.5426
   -7.5000  -30.0000   -7.500013717.3457    9.4126
    0.0000  -30.0000   -7.500014285.5752    9.4025
    7.5000  -30.0000   -7.500013757.7754    9.4000
   -7.5000  -22.5000   -7.500014501.4248    9.3529
    0.0000  -22.5000   -7.500015125.7031    9.3435
    7.5000  -22.5000   -7.500014567.3584    9.3396
   -7.5000  -15.0000   -7.500015193.3105    9.2918
    0.0000  -15.0000   -7.500015873.0986    9.2815
    7.5000  -15.0000   -7.500015260.1318    9.2753
   -7.5000   -7.5000   -7.500015793.0078    9.2347
    0.0000   -7.5000   -7.500016435.1953    9.2219
    7.5000   -7.5000   -7.500015806.5801    9.2152
   -7.5000    0.0000   -7.500016360.0195    9.2155
    0.0000    0.0000   -7.500017093.5371    9.2011
    7.5000    0.0000   -7.500016371.8818    9.1958
   -7.5000    7.5000   -7.500015798.1865    9.4089
    0.0000    7.5000   -7.500016684.8770    9.3965
    7.5000    7.5000   -7.500015965.0146    9.3933
   -7.5000   15.0000   -7.500015114.3379    9.7178
    0.0000   15.0000   -7.500015808.5469    9.7079
    7.5000   15.0000   -7.500015220.3145    9.7051
   -7.5000   22.5000   -7.500014245.1865   10.0303
    0.0000   22.5000   -7.500014806.4863   10.0229
    7.5000   22.5000   -7.500014298.9961   10.0185
   -7.5000   30.0000   -7.500013378.8516   10.2149
    0.0000   30.0000   -7.500013914.0850   10.2091
    7.5000   30.0000   -7.500013417.0430   10.2011
   -7.5000   37.5000   -7.500012946.2803   10.5166
    0.0000   37.5000   -7.500013494.6250   10.5097
    7.5000   37.5000   -7.500012972.3965   10.4994
   -7.5000   45.0000   -7.500012032.0000   10.5948
    0.0000   45.0000   -7.500012545.3389   10.5840
    7.5000   45.0000   -7.500012006.4980   10.5725
   -7.5000  -45.0000    0.000013218.7109    9.4622
    0.0000  -45.0000    0.000013706.3877    9.4473
    7.5000  -45.0000    0.000013117.6025    9.4433
   -7.5000  -37.5000    0.000013578.9668    9.5514
    0.0000  -37.5000    0.000014131.0889    9.5381
    7.5000  -37.5000    0.000013558.1729    9.5372
   -7.5000  -30.0000    0.000014334.3027    9.4071
    0.0000  -30.0000    0.000014909.2246    9.3950
    7.5000  -30.0000    0.000014372.5703    9.3940
   -7.5000  -22.5000    0.000015137.5059    9.3487
    0.0000  -22.5000    0.000015760.5742    9.3365
    7.5000  -22.5000    0.000015229.7080    9.3323
   -7.5000  -15.0000    0.000015831.7520    9.2877
    0.0000  -15.0000    0.000016457.7324    9.2751
    7.5000  -15.0000    0.000015915.2783    9.2679
   -7.5000   -7.5000    0.000016438.0039    9.2297
    0.0000   -7.5000    0.000017019.3242    9.2157
    7.5000   -7.5000    0.000016439.5039    9.2091
   -7.5000    0.0000    0.000016987.9805    9.2096
    0.0000    0.0000    0.000017706.2383    9.1947
    7.5000    0.0000    0.000017072.1777    9.1912
   -7.5000    7.5000    0.000016414.5410    9.4025
    0.0000    7.5000    0.000017278.6445    9.3893
    7.5000    7.5000    0.000016620.9941    9.3884
   -7.5000   15.0000    0.000015863.6689    9.7135
    0.0000   15.0000    0.000016508.6055    9.7014
    7.5000   15.0000    0.000015876.6943    9.7001
   -7.5000   22.5000    0.000015109.4600   10.0268
    0.0000   22.5000    0.000015612.4385   10.0164
    7.5000   22.5000    0.000014984.3838   10.0112
   -7.5000   30.0000    0.000014191.1904   10.2123
    0.0000   30.0000    0.000014664.1602   10.2040
    7.5000   30.0000    0.000014028.1309   10.1945
   -7.5000   37.5000    0.000013718.7988   10.5158
    0.0000   37.5000    0.000014179.2910   10.5071
    7.5000   37.5000    0.000013513.5264   10.4967
   -7.5000   45.0000    0.000012675.5381   10.5956
    0.0000   45.0000    0.000013091.2871   10.5835
    7.5000   45.0000    0.000012453.2637   10.5737
   -7.5000  -45.0000    7.500012750.9941    9.4609
    0.0000  -45.0000    7.500013206.7988    9.4467
    7.5000  -45.0000    7.500012652.8447    9.4409
   -7.5000  -37.5000    7.500013102.1523    9.5520
    0.0000  -37.5000    7.500013618.9385    9.5390
    7.5000  -37.5000    7.500013070.6562    9.5363
   -7.5000  -30.0000    7.500013814.2041    9.4093
    0.0000  -30.0000    7.500014354.5117    9.3962
    7.5000  -30.0000    7.500013841.4199    9.3924
   -7.5000  -22.5000    7.500014562.4326    9.3507
    0.0000  -22.5000    7.500015130.4434    9.3365
    7.5000  -22.5000    7.500014632.0342    9.3287
   -7.5000  -15.0000    7.500015202.0088    9.2885
    0.0000  -15.0000    7.500015783.0117    9.2738
    7.5000  -15.0000    7.500015269.0273    9.2633
   -7.5000   -7.5000    7.500015781.8223    9.2301
    0.0000   -7.5000    7.500016350.9209    9.2156
    7.5000   -7.5000    7.500015824.4531    9.2064
   -7.5000    0.0000    7.500016304.4590    9.2103
    0.0000    0.0000    7.500017014.2695    9.1960
    7.5000    0.0000    7.500016481.5957    9.1908
   -7.5000    7.5000    7.500015764.7275    9.4046
    0.0000    7.5000    7.500016425.1641    9.3916
    7.5000    7.5000    7.500015942.1816    9.3890
   -7.5000   15.0000    7.500015223.2988    9.7163
    0.0000   15.0000    7.500015726.1025    9.7033
    7.5000   15.0000    7.500015210.5127    9.6993
   -7.5000   22.5000    7.500014551.4189   10.0281
    0.0000   22.5000    7.500015037.7207   10.0158
    7.5000   22.5000    7.500014445.7500   10.0068
   -7.5000   30.0000    7.500013752.1055   10.2127
    0.0000   30.0000    7.500014244.0107   10.2026
    7.5000   30.0000    7.500013571.9805   10.1895
   -7.5000   37.5000    7.500013275.1182   10.5170
    0.0000   37.5000    7.500013776.2832   10.5080
    7.5000   37.5000    7.500013032.5811   10.4951
   -7.5000   45.0000    7.500012215.4434   10.5992
    0.0000   45.0000    7.500012649.2285   10.5881
    7.5000   45.0000    7.500011955.6221   10.5771
   -7.5000  -45.0000   15.000012187.2295    9.4907
    0.0000  -45.0000   15.000012621.8955    9.4782
    7.5000  -45.0000   15.000012062.1689    9.4690
   -7.5000  -37.5000   15.000012515.1758    9.5811
    0.0000  -37.5000   15.000012990.3750    9.5696
    7.5000  -37.5000   15.000012451.7012    9.5626
   -7.5000  -30.0000   15.000013181.1523    9.4386
    0.0000  -30.0000   15.000013692.4990    9.4266
    7.5000  -30.0000   15.000013159.7109    9.4186
   -7.5000  -22.5000   15.000013874.8320    9.3794
    0.0000  -22.5000   15.000014421.6943    9.3660
    7.5000  -22.5000   15.000013878.6816    9.3549
   -7.5000  -15.0000   15.000014443.2588    9.3166
    0.0000  -15.0000   15.000015007.7227    9.3026
    7.5000  -15.0000   15.000014460.7744    9.2897
   -7.5000   -7.5000   15.000014971.7686    9.2590
    0.0000   -7.5000   15.000015573.2637    9.2456
    7.5000   -7.5000   15.000015041.0879    9.2340
   -7.5000    0.0000   15.000015462.1738    9.2402
    0.0000    0.0000   15.000016168.6953    9.2275
    7.5000    0.0000   15.000015667.6943    9.2190
   -7.5000    7.5000   15.000014979.2354    9.4340
    0.0000    7.5000   15.000015560.2256    9.4225
    7.5000    7.5000   15.000015069.5156    9.4157
   -7.5000   15.0000   15.000014422.9561    9.7437
    0.0000   15.0000   15.000014913.2529    9.7322
    7.5000   15.0000   15.000014383.3281    9.7238
   -7.5000   22.5000   15.000013730.5801   10.0525
    0.0000   22.5000   15.000014220.1777   10.0413
    7.5000   22.5000   15.000013651.3232   10.0291
   -7.5000   30.0000   15.000012896.5117   10.2343
    0.0000   30.0000   15.000013350.4482   10.2250
    7.5000   30.0000   15.000012767.9229   10.2097
   -7.5000   37.5000   15.000012417.2852   10.5363
    0.0000   37.5000   15.000012851.0117   10.5289
    7.5000   37.5000   15.000012262.2861   10.5136
   -7.5000   45.0000   15.000011412.0977   10.6182
    0.0000   45.0000   15.000011812.8408   10.6097
    7.5000   45.0000   15.000011267.0000   10.5957
   -7.5000  -45.0000   22.500011583.4346    9.5761
    0.0000  -45.0000   22.500011976.3818    9.5644
    7.5000  -45.0000   22.500011461.2363    9.5537
   -7.5000  -37.5000   22.500011877.0869    9.6654
    0.0000  -37.5000   22.500012317.9082    9.6551
    7.5000  -37.5000   22.500011796.3145    9.6457
   -7.5000  -30.0000   22.500012496.9375    9.5201
    0.0000  -30.0000   22.500012988.9336    9.5101
    7.5000  -30.0000   22.500012446.8057    9.5007
   -7.5000  -22.5000   22.500013130.0098    9.4600
    0.0000  -22.5000   22.500013649.0830    9.4493
    7.5000  -22.5000   22.500013111.8428    9.4386
   -7.5000  -15.0000   22.500013663.1260    9.3975
    0.0000  -15.0000   22.500014211.9678    9.3860
    7.5000  -15.0000   22.500013693.9258    9.3742
   -7.5000   -7.5000   22.500014150.5723    9.3409
    0.0000   -7.5000   22.500014765.1719    9.3289
    7.5000   -7.5000   22.500014248.4893    9.3175
   -7.5000    0.0000   22.500014592.6943    9.3226
    0.0000    0.0000   22.500015245.1553    9.3106
    7.5000    0.0000   22.500014741.4365    9.3006
   -7.5000    7.5000   22.500014050.2578    9.5169
    0.0000    7.5000   22.500014584.5771    9.5064
    7.5000    7.5000   22.500014089.0449    9.4974
   -7.5000   15.0000   22.500013461.4521    9.8275
    0.0000   15.0000   22.500013945.3984    9.8181
    7.5000   15.0000   22.500013421.6064    9.8083
   -7.5000   22.5000   22.500012774.3086   10.1390
    0.0000   22.5000   22.500013248.1055   10.1306
    7.5000   22.5000   22.500012695.1602   10.1192
   -7.5000   30.0000   22.500011954.5996   10.3216
    0.0000   30.0000   22.500012379.4297   10.3149
    7.5000   30.0000   22.500011850.3975   10.3013
   -7.5000   37.5000   22.500011469.3398   10.6242
    0.0000   37.5000   22.500011873.2324   10.6187
    7.5000   37.5000   22.500011374.2773   10.6036
   -7.5000   45.0000   22.500010561.2588   10.7060
    0.0000   45.0000   22.500010950.6797   10.6989
    7.5000   45.0000   22.500010473.0049   10.6832
   -7.5000  -45.0000   30.000010901.2129    9.6847
    0.0000  -45.0000   30.000011284.8818    9.6722
    7.5000  -45.0000   30.000010817.1211    9.6631
   -7.5000  -37.5000   30.000011164.3398    9.7731
    0.0000  -37.5000   30.000011592.6357    9.7624
    7.5000  -37.5000   30.000011123.3037    9.7548
   -7.5000  -30.0000   30.000011746.0059    9.6243
    0.0000  -30.0000   30.000012217.1719    9.6154
    7.5000  -30.0000   30.000011708.5234    9.6088
   -7.5000  -22.5000   30.000012329.4727    9.5639
    0.0000  -22.5000   30.000012829.1523    9.5554
    7.5000  -22.5000   30.000012305.4805    9.5484
   -7.5000  -15.0000   30.000012796.6748    9.5022
    0.0000  -15.0000   30.000013332.9365    9.4927
    7.5000  -15.0000   30.000012787.0107    9.4844
   -7.5000   -7.5000   30.000013217.2363    9.4458
    0.0000   -7.5000   30.000013800.6494    9.4343
    7.5000   -7.5000   30.000013272.1963    9.4253
   -7.5000    0.0000   30.000013586.4912    9.4272
    0.0000    0.0000   30.000014168.1846    9.4145
    7.5000    0.0000   30.000013653.4131    9.4061
   -7.5000    7.5000   30.000013007.7783    9.6226
    0.0000    7.5000   30.000013502.4287    9.6117
    7.5000    7.5000   30.000013002.2969    9.6045
   -7.5000   15.0000   30.000012394.3486    9.9357
    0.0000   15.0000   30.000012845.4688    9.9272
    7.5000   15.0000   30.000012343.8857    9.9203
   -7.5000   22.5000   30.000011687.5322   10.2515
    0.0000   22.5000   30.000012130.7891   10.2452
    7.5000   22.5000   30.000011625.1309   10.2380
   -7.5000   30.0000   30.000010912.8535   10.4364
    0.0000   30.0000   30.000011317.7324   10.4316
    7.5000   30.0000   30.000010838.1709   10.4219
   -7.5000   37.5000   30.000010475.1426   10.7414
    0.0000   37.5000   30.000010856.2852   10.7364
    7.5000   37.5000   30.000010399.0693   10.7238
   -7.5000   45.0000   30.0000 9665.7236   10.8227
    0.0000   45.0000   30.000010036.3594   10.8146
    7.5000   45.0000   30.0000 9600.1416   10.8000
   -7.5000  -45.0000   37.500010667.8799    9.8411
    0.0000  -45.0000   37.500011061.1406    9.8262
    7.5000  -45.0000   37.500010595.0391    9.8188
   -7.5000  -37.5000   37.500010929.7832    9.9290
    0.0000  -37.5000   37.500011350.2695    9.9158
    7.5000  -37.5000   37.500010859.0020    9.9106
   -7.5000  -30.0000   37.500011458.9287    9.7762
    0.0000  -30.0000   37.500011912.8369    9.7654
    7.5000  -30.0000   37.500011382.9971    9.7612
   -7.5000  -22.5000   37.500011971.3379    9.7162
    0.0000  -22.5000   37.500012450.6504    9.7062
    7.5000  -22.5000   37.500011900.4297    9.7007
   -7.5000  -15.0000   37.500012373.4268    9.6549
    0.0000  -15.0000   37.500012888.1523    9.6441
    7.5000  -15.0000   37.500012337.9141    9.6366
   -7.5000   -7.5000   37.500012745.5205    9.5975
    0.0000   -7.5000   37.500013298.0869    9.5842
    7.5000   -7.5000   37.500012757.3525    9.5763
   -7.5000    0.0000   37.500013055.9912    9.5777
    0.0000    0.0000   37.500013591.7930    9.5628
    7.5000    0.0000   37.500013052.1533    9.5560
   -7.5000    7.5000   37.500012457.9121    9.7757
    0.0000    7.5000   37.500012938.9258    9.7626
    7.5000    7.5000   37.500012427.5996    9.7576
   -7.5000   15.0000   37.500011836.2949   10.0969
    0.0000   15.0000   37.500012283.7461   10.0861
    7.5000   15.0000   37.500011809.5752   10.0814
   -7.5000   22.5000   37.500011128.1709   10.4218
    0.0000   22.5000   37.500011538.8965   10.4135
    7.5000   22.5000   37.500011097.4209   10.4072
   -7.5000   30.0000   37.500010366.0439   10.6141
    0.0000   30.0000   37.500010743.5654   10.6076
    7.5000   30.0000   37.500010326.3486   10.5978
   -7.5000   37.5000   37.5000 9964.4873   10.9290
    0.0000   37.5000   37.500010335.8779   10.9215
    7.5000   37.5000   37.5000 9916.8037   10.9090
   -7.5000   45.0000   37.5000 9210.0527   11.0156
    0.0000   45.0000   37.5000 9578.0029   11.0037
    7.5000   45.0000   37.5000 9177.1436   10.9897
   -7.5000  -45.0000   45.000010025.4844   10.0211
    0.0000  -45.0000   45.000010367.7646   10.0055
    7.5000  -45.0000   45.0000 9880.7666    9.9996
   -7.5000  -37.5000   45.000010243.4053   10.1103
    0.0000  -37.5000   45.000010602.9375   10.0961
    7.5000  -37.5000   45.000010097.7100   10.0929
   -7.5000  -30.0000   45.000010687.2881    9.9543
    0.0000  -30.0000   45.000011076.5713    9.9413
    7.5000  -30.0000   45.000010560.2861    9.9382
   -7.5000  -22.5000   45.000011099.4316    9.8935
    0.0000  -22.5000   45.000011519.0176    9.8807
    7.5000  -22.5000   45.000010998.0176    9.8749
   -7.5000  -15.0000   45.000011443.8730    9.8300
    0.0000  -15.0000   45.000011918.3750    9.8170
    7.5000  -15.0000   45.000011389.0693    9.8086
   -7.5000   -7.5000   45.000011751.4531    9.7701
    0.0000   -7.5000   45.000012250.7090    9.7558
    7.5000   -7.5000   45.000011728.6680    9.7479
   -7.5000    0.0000   45.000011988.9648    9.7492
    0.0000    0.0000   45.000012482.0283    9.7338
    7.5000    0.0000   45.000011979.5264    9.7285
   -7.5000    7.5000   45.000011413.1221    9.9528
    0.0000    7.5000   45.000011854.6953    9.9387
    7.5000    7.5000   45.000011397.5068    9.9357
   -7.5000   15.0000   45.000010836.3164   10.2844
    0.0000   15.0000   45.000011251.0479   10.2712
    7.5000   15.0000   45.000010838.6240   10.2675
   -7.5000   22.5000   45.000010174.4736   10.6176
    0.0000   22.5000   45.000010553.9668   10.6064
    7.5000   22.5000   45.000010169.3291   10.5991
   -7.5000   30.0000   45.0000 9465.1592   10.8151
    0.0000   30.0000   45.0000 9819.8633   10.8065
    7.5000   30.0000   45.0000 9453.3447   10.7952
   -7.5000   37.5000   45.0000 9104.8291   11.1408
    0.0000   37.5000   45.0000 9443.6699   11.1319
    7.5000   37.5000   45.0000 9097.4297   11.1192
   -7.5000   45.0000   45.0000 8436.2090   11.2423
    0.0000   45.0000   45.0000 8768.5830   11.2290
    7.5000   45.0000   45.0000 8425.1875   11.2161

---------------------------------------------------------------------
imgreg_4dfp /opt/freesurfer/average/711-2C_as_mni_average_305 /opt/freesurfer/average/711-2B_as_mni_average_305_mask talsrcimg_g11 none talsrcimg_to_711-2C_as_mni_average_305_t4 4355
---------------------------------------------------------------------

freesurfer imgreg_4dfp.c
/opt/freesurfer/average/711-2C_as_mni_average_305.4dfp.img
       256       256       256         1
  1.000000  1.000000  1.000000
orientation T byte_order littleendian
Reading image: /opt/freesurfer/average/711-2C_as_mni_average_305.4dfp.img
dimensions:      256       256       256
mmppix:       1.0000   -1.0000   -1.0000
center:     128.0000 -129.0000 -129.0000
/opt/freesurfer/average/711-2B_as_mni_average_305_mask.4dfp.img
       256       256       256         1
  1.000000  1.000000  1.000000
orientation T byte_order littleendian
Reading mask: /opt/freesurfer/average/711-2B_as_mni_average_305_mask.4dfp.img (2306576 pixels)
talsrcimg_g11.4dfp.img
       256       256       256         1
  1.000000  1.000000  1.000000
orientation T byte_order littleendian
Reading image: talsrcimg_g11.4dfp.img
dimensions:      256       256       256
mmppix:       1.0000   -1.0000   -1.0000
center:     128.0000 -129.0000 -129.0000
rotation matrix determinant  1.000000
image alignment mode   4355 decimal     1103 hex
   -7.5000  -45.0000  -45.0000 2280.8501   12.6429
    0.0000  -45.0000  -45.0000 2281.5806   12.7151
    7.5000  -45.0000  -45.0000 2251.3264   12.9915
   -7.5000  -37.5000  -45.0000 2308.2659   12.2161
    0.0000  -37.5000  -45.0000 2308.0491   12.2755
    7.5000  -37.5000  -45.0000 2276.5684   12.5257
   -7.5000  -30.0000  -45.0000 2342.7815   11.8468
    0.0000  -30.0000  -45.0000 2341.3774   11.9006
    7.5000  -30.0000  -45.0000 2312.7695   12.1000
   -7.5000  -22.5000  -45.0000 2383.4182   11.5189
    0.0000  -22.5000  -45.0000 2388.8547   11.5505
    7.5000  -22.5000  -45.0000 2359.5779   11.6989
   -7.5000  -15.0000  -45.0000 2419.3230   11.2193
    0.0000  -15.0000  -45.0000 2425.1345   11.2150
    7.5000  -15.0000  -45.0000 2406.4912   11.3651
   -7.5000   -7.5000  -45.0000 2447.6345   10.9616
    0.0000   -7.5000  -45.0000 2459.3484   10.9365
    7.5000   -7.5000  -45.0000 2439.1560   11.0413
   -7.5000    0.0000  -45.0000 2468.5820   10.7972
    0.0000    0.0000  -45.0000 2478.3823   10.7828
    7.5000    0.0000  -45.0000 2456.5908   10.8670
   -7.5000    7.5000  -45.0000 2474.7686   10.7088
    0.0000    7.5000  -45.0000 2484.3657   10.7407
    7.5000    7.5000  -45.0000 2463.5916   10.8053
   -7.5000   15.0000  -45.0000 2467.4062   10.7460
    0.0000   15.0000  -45.0000 2482.8279   10.7571
    7.5000   15.0000  -45.0000 2458.1384   10.8030
   -7.5000   22.5000  -45.0000 2454.7771   10.9384
    0.0000   22.5000  -45.0000 2473.1394   10.9218
    7.5000   22.5000  -45.0000 2452.3523   10.9490
   -7.5000   30.0000  -45.0000 2425.4211   11.2711
    0.0000   30.0000  -45.0000 2447.7524   11.2442
    7.5000   30.0000  -45.0000 2426.8198   11.2721
   -7.5000   37.5000  -45.0000 2377.4746   11.7820
    0.0000   37.5000  -45.0000 2399.9077   11.7314
    7.5000   37.5000  -45.0000 2379.6885   11.7789
   -7.5000   45.0000  -45.0000 2309.7400   12.5164
    0.0000   45.0000  -45.0000 2329.1838   12.4531
    7.5000   45.0000  -45.0000 2310.2854   12.4858
   -7.5000  -45.0000  -37.5000 2359.2551   11.7223
    0.0000  -45.0000  -37.5000 2356.2639   11.7913
    7.5000  -45.0000  -37.5000 2320.3782   12.0894
   -7.5000  -37.5000  -37.5000 2382.7234   11.3303
    0.0000  -37.5000  -37.5000 2381.3701   11.4051
    7.5000  -37.5000  -37.5000 2347.7007   11.6551
   -7.5000  -30.0000  -37.5000 2420.3008   11.0038
    0.0000  -30.0000  -37.5000 2424.0381   11.0557
    7.5000  -30.0000  -37.5000 2397.1118   11.2509
   -7.5000  -22.5000  -37.5000 2467.7524   10.6960
    0.0000  -22.5000  -37.5000 2474.1414   10.7367
    7.5000  -22.5000  -37.5000 2448.8108   10.8780
   -7.5000  -15.0000  -37.5000 2508.9170   10.4026
    0.0000  -15.0000  -37.5000 2513.5261   10.4231
    7.5000  -15.0000  -37.5000 2491.8972   10.5371
   -7.5000   -7.5000  -37.5000 2538.5339   10.1690
    0.0000   -7.5000  -37.5000 2547.2185   10.1800
    7.5000   -7.5000  -37.5000 2524.5601   10.2550
   -7.5000    0.0000  -37.5000 2555.0681    9.9904
    0.0000    0.0000  -37.5000 2568.6030   10.0031
    7.5000    0.0000  -37.5000 2546.5386   10.0685
   -7.5000    7.5000  -37.5000 2565.5427    9.9250
    0.0000    7.5000  -37.5000 2583.4163    9.9383
    7.5000    7.5000  -37.5000 2559.3218   10.0119
   -7.5000   15.0000  -37.5000 2567.8909    9.9637
    0.0000   15.0000  -37.5000 2587.7676    9.9805
    7.5000   15.0000  -37.5000 2562.6914   10.0096
   -7.5000   22.5000  -37.5000 2553.5569   10.1875
    0.0000   22.5000  -37.5000 2574.3682   10.1793
    7.5000   22.5000  -37.5000 2552.9192   10.1847
   -7.5000   30.0000  -37.5000 2513.1313   10.5236
    0.0000   30.0000  -37.5000 2538.9028   10.5017
    7.5000   30.0000  -37.5000 2520.1243   10.5048
   -7.5000   37.5000  -37.5000 2464.6951   11.0107
    0.0000   37.5000  -37.5000 2487.6045   10.9721
    7.5000   37.5000  -37.5000 2467.7761   10.9833
   -7.5000   45.0000  -37.5000 2392.4438   11.7011
    0.0000   45.0000  -37.5000 2412.8616   11.6543
    7.5000   45.0000  -37.5000 2393.4897   11.6579
   -7.5000  -45.0000  -30.0000 2480.9717   11.2868
    0.0000  -45.0000  -30.0000 2471.5681   11.3604
    7.5000  -45.0000  -30.0000 2438.4512   11.6425
   -7.5000  -37.5000  -30.0000 2504.2590   10.9283
    0.0000  -37.5000  -30.0000 2502.8557   10.9806
    7.5000  -37.5000  -30.0000 2473.7766   11.2332
   -7.5000  -30.0000  -30.0000 2544.6421   10.5919
    0.0000  -30.0000  -30.0000 2552.9363   10.6498
    7.5000  -30.0000  -30.0000 2522.9470   10.8385
   -7.5000  -22.5000  -30.0000 2592.2380   10.2843
    0.0000  -22.5000  -30.0000 2599.7751   10.3240
    7.5000  -22.5000  -30.0000 2569.6467   10.4681
   -7.5000  -15.0000  -30.0000 2633.7764    9.9956
    0.0000  -15.0000  -30.0000 2641.0354   10.0108
    7.5000  -15.0000  -30.0000 2613.1926   10.1379
   -7.5000   -7.5000  -30.0000 2668.1138    9.7510
    0.0000   -7.5000  -30.0000 2675.7830    9.7588
    7.5000   -7.5000  -30.0000 2647.8440    9.8700
   -7.5000    0.0000  -30.0000 2693.3772    9.5912
    0.0000    0.0000  -30.0000 2706.9321    9.5994
    7.5000    0.0000  -30.0000 2683.3882    9.6763
   -7.5000    7.5000  -30.0000 2709.0725    9.5468
    0.0000    7.5000  -30.0000 2729.1379    9.5380
    7.5000    7.5000  -30.0000 2704.1226    9.6132
   -7.5000   15.0000  -30.0000 2710.4121    9.5912
    0.0000   15.0000  -30.0000 2735.4377    9.5663
    7.5000   15.0000  -30.0000 2707.1648    9.6155
   -7.5000   22.5000  -30.0000 2695.5720    9.8285
    0.0000   22.5000  -30.0000 2722.7756    9.7984
    7.5000   22.5000  -30.0000 2694.7576    9.8128
   -7.5000   30.0000  -30.0000 2655.4673   10.1874
    0.0000   30.0000  -30.0000 2687.3486   10.1528
    7.5000   30.0000  -30.0000 2659.0161   10.1603
   -7.5000   37.5000  -30.0000 2604.0400   10.6597
    0.0000   37.5000  -30.0000 2626.8110   10.6354
    7.5000   37.5000  -30.0000 2603.5098   10.6284
   -7.5000   45.0000  -30.0000 2520.7217   11.3542
    0.0000   45.0000  -30.0000 2546.2957   11.2966
    7.5000   45.0000  -30.0000 2520.3474   11.3176
   -7.5000  -45.0000  -22.5000 2568.6919   10.8607
    0.0000  -45.0000  -22.5000 2566.5547   10.9014
    7.5000  -45.0000  -22.5000 2534.7629   11.1914
   -7.5000  -37.5000  -22.5000 2595.8472   10.5053
    0.0000  -37.5000  -22.5000 2601.0813   10.5430
    7.5000  -37.5000  -22.5000 2569.9880   10.7951
   -7.5000  -30.0000  -22.5000 2633.9663   10.1644
    0.0000  -30.0000  -22.5000 2642.7588   10.2019
    7.5000  -30.0000  -22.5000 2610.8179   10.4171
   -7.5000  -22.5000  -22.5000 2677.1528    9.8537
    0.0000  -22.5000  -22.5000 2685.2402    9.8707
    7.5000  -22.5000  -22.5000 2654.7261   10.0412
   -7.5000  -15.0000  -22.5000 2720.8145    9.5730
    0.0000  -15.0000  -22.5000 2729.4592    9.5755
    7.5000  -15.0000  -22.5000 2699.7480    9.6997
   -7.5000   -7.5000  -22.5000 2755.6257    9.3333
    0.0000   -7.5000  -22.5000 2769.9661    9.3364
    7.5000   -7.5000  -22.5000 2741.3008    9.4364
   -7.5000    0.0000  -22.5000 2786.5811    9.1844
    0.0000    0.0000  -22.5000 2805.8877    9.1740
    7.5000    0.0000  -22.5000 2779.1436    9.2580
   -7.5000    7.5000  -22.5000 2811.0522    9.1396
    0.0000    7.5000  -22.5000 2833.5933    9.1358
    7.5000    7.5000  -22.5000 2804.9175    9.2175
   -7.5000   15.0000  -22.5000 2817.5835    9.1899
    0.0000   15.0000  -22.5000 2844.4551    9.1230
    7.5000   15.0000  -22.5000 2812.0759    9.2193
   -7.5000   22.5000  -22.5000 2810.3918    9.4142
    0.0000   22.5000  -22.5000 2839.2498    9.3489
    7.5000   22.5000  -22.5000 2802.2419    9.4197
   -7.5000   30.0000  -22.5000 2767.8809    9.7941
    0.0000   30.0000  -22.5000 2804.8606    9.7430
    7.5000   30.0000  -22.5000 2770.2695    9.7730
   -7.5000   37.5000  -22.5000 2703.7314   10.2762
    0.0000   37.5000  -22.5000 2738.3491   10.2391
    7.5000   37.5000  -22.5000 2714.2412   10.2607
   -7.5000   45.0000  -22.5000 2609.6963   10.9497
    0.0000   45.0000  -22.5000 2636.1118   10.8792
    7.5000   45.0000  -22.5000 2616.4229   10.9359
   -7.5000  -45.0000  -15.0000 2632.9031   10.4311
    0.0000  -45.0000  -15.0000 2633.4531   10.4519
    7.5000  -45.0000  -15.0000 2602.8206   10.7190
   -7.5000  -37.5000  -15.0000 2656.6072   10.0832
    0.0000  -37.5000  -15.0000 2661.3716   10.1166
    7.5000  -37.5000  -15.0000 2634.9131   10.3552
   -7.5000  -30.0000  -15.0000 2689.7747    9.7605
    0.0000  -30.0000  -15.0000 2696.8010    9.7795
    7.5000  -30.0000  -15.0000 2669.4766    9.9883
   -7.5000  -22.5000  -15.0000 2732.4524    9.4664
    0.0000  -22.5000  -15.0000 2740.2148    9.4694
    7.5000  -22.5000  -15.0000 2710.4929    9.6605
   -7.5000  -15.0000  -15.0000 2775.3550    9.2056
    0.0000  -15.0000  -15.0000 2786.6462    9.1928
    7.5000  -15.0000  -15.0000 2755.5481    9.3455
   -7.5000   -7.5000  -15.0000 2809.2720    8.9692
    0.0000   -7.5000  -15.0000 2824.1252    8.9280
    7.5000   -7.5000  -15.0000 2798.4160    9.0762
   -7.5000    0.0000  -15.0000 2843.4927    8.8455
    0.0000    0.0000  -15.0000 2862.8657    8.7831
    7.5000    0.0000  -15.0000 2837.0156    8.9023
   -7.5000    7.5000  -15.0000 2875.4204    8.8193
    0.0000    7.5000  -15.0000 2904.4822    8.7855
    7.5000    7.5000  -15.0000 2875.7715    8.8839
   -7.5000   15.0000  -15.0000 2884.3267    8.8615
    0.0000   15.0000  -15.0000 2921.9819    8.7468
    7.5000   15.0000  -15.0000 2885.0176    8.9116
   -7.5000   22.5000  -15.0000 2878.0300    9.0597
    0.0000   22.5000  -15.0000 2910.2776    8.9348
    7.5000   22.5000  -15.0000 2875.0154    9.0886
   -7.5000   30.0000  -15.0000 2838.5359    9.4312
    0.0000   30.0000  -15.0000 2873.9895    9.3578
    7.5000   30.0000  -15.0000 2846.0225    9.4647
   -7.5000   37.5000  -15.0000 2767.7734    9.9532
    0.0000   37.5000  -15.0000 2801.0735    9.8770
    7.5000   37.5000  -15.0000 2784.4421    9.9890
   -7.5000   45.0000  -15.0000 2665.5557   10.6215
    0.0000   45.0000  -15.0000 2693.4556   10.5183
    7.5000   45.0000  -15.0000 2679.3796   10.6451
   -7.5000  -45.0000   -7.5000 2685.7971    9.9861
    0.0000  -45.0000   -7.5000 2681.6497    9.9830
    7.5000  -45.0000   -7.5000 2656.9597   10.2758
   -7.5000  -37.5000   -7.5000 2708.3940    9.6620
    0.0000  -37.5000   -7.5000 2709.5376    9.6395
    7.5000  -37.5000   -7.5000 2685.6843    9.9149
   -7.5000  -30.0000   -7.5000 2736.4622    9.3508
    0.0000  -30.0000   -7.5000 2741.0310    9.3249
    7.5000  -30.0000   -7.5000 2713.2629    9.5714
   -7.5000  -22.5000   -7.5000 2773.5007    9.0754
    0.0000  -22.5000   -7.5000 2783.4512    9.0357
    7.5000  -22.5000   -7.5000 2754.5581    9.2648
   -7.5000  -15.0000   -7.5000 2811.1277    8.8482
    0.0000  -15.0000   -7.5000 2824.6050    8.7917
    7.5000  -15.0000   -7.5000 2793.6511    8.9844
   -7.5000   -7.5000   -7.5000 2844.3752    8.6374
    0.0000   -7.5000   -7.5000 2861.5579    8.5507
    7.5000   -7.5000   -7.5000 2834.0422    8.7314
   -7.5000    0.0000   -7.5000 2882.4009    8.5337
    0.0000    0.0000   -7.5000 2905.3296    8.4228
    7.5000    0.0000   -7.5000 2876.3113    8.5755
   -7.5000    7.5000   -7.5000 2918.4233    8.5511
    0.0000    7.5000   -7.5000 2951.4565    8.4767
    7.5000    7.5000   -7.5000 2921.9741    8.5874
   -7.5000   15.0000   -7.5000 2931.7605    8.6387
    0.0000   15.0000   -7.5000 2979.4885    8.5107
    7.5000   15.0000   -7.5000 2942.9766    8.6911
   -7.5000   22.5000   -7.5000 2922.5774    8.8192
    0.0000   22.5000   -7.5000 2959.1362    8.6543
    7.5000   22.5000   -7.5000 2934.2087    8.8939
   -7.5000   30.0000   -7.5000 2877.4929    9.2460
    0.0000   30.0000   -7.5000 2912.4551    9.0712
    7.5000   30.0000   -7.5000 2893.2981    9.2839
   -7.5000   37.5000   -7.5000 2798.0825    9.7818
    0.0000   37.5000   -7.5000 2831.3088    9.6136
    7.5000   37.5000   -7.5000 2814.7202    9.7834
   -7.5000   45.0000   -7.5000 2690.7297   10.4169
    0.0000   45.0000   -7.5000 2714.9102   10.2512
    7.5000   45.0000   -7.5000 2701.9368   10.3818
   -7.5000  -45.0000    0.0000 2734.9890    9.6021
    0.0000  -45.0000    0.0000 2730.9705    9.5680
    7.5000  -45.0000    0.0000 2697.5532    9.8672
   -7.5000  -37.5000    0.0000 2752.4475    9.3202
    0.0000  -37.5000    0.0000 2756.0898    9.2589
    7.5000  -37.5000    0.0000 2723.5750    9.5541
   -7.5000  -30.0000    0.0000 2770.5801    9.0470
    0.0000  -30.0000    0.0000 2776.6162    8.9794
    7.5000  -30.0000    0.0000 2748.2144    9.2463
   -7.5000  -22.5000    0.0000 2800.7864    8.8097
    0.0000  -22.5000    0.0000 2813.7502    8.7139
    7.5000  -22.5000    0.0000 2784.5781    8.9599
   -7.5000  -15.0000    0.0000 2832.5376    8.5808
    0.0000  -15.0000    0.0000 2847.1721    8.4696
    7.5000  -15.0000    0.0000 2818.3157    8.7021
   -7.5000   -7.5000    0.0000 2866.8833    8.4056
    0.0000   -7.5000    0.0000 2886.6804    8.2706
    7.5000   -7.5000    0.0000 2857.3613    8.4857
   -7.5000    0.0000    0.0000 2904.6055    8.3217
    0.0000    0.0000    0.0000 2929.2810    8.1678
    7.5000    0.0000    0.0000 2898.4644    8.3656
   -7.5000    7.5000    0.0000 2935.4741    8.3675
    0.0000    7.5000    0.0000 2971.0718    8.2604
    7.5000    7.5000    0.0000 2942.5762    8.4367
   -7.5000   15.0000    0.0000 2948.4167    8.5404
    0.0000   15.0000    0.0000 2995.5989    8.3912
    7.5000   15.0000    0.0000 2963.7852    8.5867
   -7.5000   22.5000    0.0000 2937.8154    8.8769
    0.0000   22.5000    0.0000 2982.9880    8.6346
    7.5000   22.5000    0.0000 2953.3303    8.8228
   -7.5000   30.0000    0.0000 2886.6133    9.2470
    0.0000   30.0000    0.0000 2926.4175    8.9967
    7.5000   30.0000    0.0000 2903.0469    9.1660
   -7.5000   37.5000    0.0000 2800.5269    9.6895
    0.0000   37.5000    0.0000 2835.6689    9.4788
    7.5000   37.5000    0.0000 2817.3926    9.6115
   -7.5000   45.0000    0.0000 2688.0625   10.3194
    0.0000   45.0000    0.0000 2708.1743   10.1503
    7.5000   45.0000    0.0000 2700.2539   10.2351
   -7.5000  -45.0000    7.5000 2773.7148    9.3355
    0.0000  -45.0000    7.5000 2772.2668    9.2878
    7.5000  -45.0000    7.5000 2732.8198    9.5900
   -7.5000  -37.5000    7.5000 2792.8826    9.0886
    0.0000  -37.5000    7.5000 2797.8123    9.0240
    7.5000  -37.5000    7.5000 2761.4692    9.3150
   -7.5000  -30.0000    7.5000 2807.9231    8.8538
    0.0000  -30.0000    7.5000 2814.6772    8.7590
    7.5000  -30.0000    7.5000 2782.2820    9.0214
   -7.5000  -22.5000    7.5000 2829.5095    8.6388
    0.0000  -22.5000    7.5000 2843.2876    8.5193
    7.5000  -22.5000    7.5000 2811.7668    8.7766
   -7.5000  -15.0000    7.5000 2848.6553    8.4665
    0.0000  -15.0000    7.5000 2866.2788    8.3281
    7.5000  -15.0000    7.5000 2834.0515    8.5708
   -7.5000   -7.5000    7.5000 2872.0723    8.3378
    0.0000   -7.5000    7.5000 2892.3599    8.1860
    7.5000   -7.5000    7.5000 2863.6528    8.4183
   -7.5000    0.0000    7.5000 2897.4460    8.3125
    0.0000    0.0000    7.5000 2923.3701    8.1720
    7.5000    0.0000    7.5000 2899.7600    8.3849
   -7.5000    7.5000    7.5000 2925.3403    8.4142
    0.0000    7.5000    7.5000 2963.7886    8.2970
    7.5000    7.5000    7.5000 2942.6157    8.5024
   -7.5000   15.0000    7.5000 2943.8770    8.6248
    0.0000   15.0000    7.5000 2986.0598    8.4007
    7.5000   15.0000    7.5000 2955.2349    8.6461
   -7.5000   22.5000    7.5000 2930.1064    8.9838
    0.0000   22.5000    7.5000 2971.6067    8.7493
    7.5000   22.5000    7.5000 2939.8376    8.9173
   -7.5000   30.0000    7.5000 2872.9404    9.3931
    0.0000   30.0000    7.5000 2913.7180    9.1988
    7.5000   30.0000    7.5000 2886.1272    9.2951
   -7.5000   37.5000    7.5000 2780.8945    9.8414
    0.0000   37.5000    7.5000 2819.2537    9.6809
    7.5000   37.5000    7.5000 2792.4167    9.7407
   -7.5000   45.0000    7.5000 2661.8545   10.4897
    0.0000   45.0000    7.5000 2684.0356   10.3535
    7.5000   45.0000    7.5000 2669.8237   10.3826
   -7.5000  -45.0000   15.0000 2800.6865    9.2478
    0.0000  -45.0000   15.0000 2797.9536    9.2120
    7.5000  -45.0000   15.0000 2756.3157    9.4733
   -7.5000  -37.5000   15.0000 2818.1589    9.0246
    0.0000  -37.5000   15.0000 2823.9612    8.9609
    7.5000  -37.5000   15.0000 2783.1594    9.2170
   -7.5000  -30.0000   15.0000 2827.8423    8.8167
    0.0000  -30.0000   15.0000 2840.1023    8.7100
    7.5000  -30.0000   15.0000 2798.3240    8.9620
   -7.5000  -22.5000   15.0000 2839.6970    8.6533
    0.0000  -22.5000   15.0000 2855.4612    8.5157
    7.5000  -22.5000   15.0000 2818.5149    8.7614
   -7.5000  -15.0000   15.0000 2846.7249    8.5228
    0.0000  -15.0000   15.0000 2867.3767    8.3752
    7.5000  -15.0000   15.0000 2834.1543    8.6149
   -7.5000   -7.5000   15.0000 2860.8687    8.4652
    0.0000   -7.5000   15.0000 2881.8940    8.3252
    7.5000   -7.5000   15.0000 2858.5828    8.5435
   -7.5000    0.0000   15.0000 2870.9519    8.5015
    0.0000    0.0000   15.0000 2901.6775    8.3909
    7.5000    0.0000   15.0000 2888.4048    8.5919
   -7.5000    7.5000   15.0000 2894.4753    8.6530
    0.0000    7.5000   15.0000 2934.4800    8.5051
    7.5000    7.5000   15.0000 2916.8267    8.7001
   -7.5000   15.0000   15.0000 2910.6243    8.8774
    0.0000   15.0000   15.0000 2952.2795    8.6530
    7.5000   15.0000   15.0000 2922.3293    8.8343
   -7.5000   22.5000   15.0000 2889.3625    9.2484
    0.0000   22.5000   15.0000 2931.7126    9.0495
    7.5000   22.5000   15.0000 2902.3208    9.1847
   -7.5000   30.0000   15.0000 2826.6448    9.6350
    0.0000   30.0000   15.0000 2859.9763    9.4733
    7.5000   30.0000   15.0000 2841.3665    9.5740
   -7.5000   37.5000   15.0000 2734.2620   10.1357
    0.0000   37.5000   15.0000 2765.7410    9.9512
    7.5000   37.5000   15.0000 2749.7695   10.0420
   -7.5000   45.0000   15.0000 2614.0508   10.8109
    0.0000   45.0000   15.0000 2643.0950   10.6545
    7.5000   45.0000   15.0000 2630.6296   10.6923
   -7.5000  -45.0000   22.5000 2799.5662    9.3294
    0.0000  -45.0000   22.5000 2796.7151    9.2862
    7.5000  -45.0000   22.5000 2752.5542    9.5350
   -7.5000  -37.5000   22.5000 2813.9233    9.1084
    0.0000  -37.5000   22.5000 2817.7461    9.0528
    7.5000  -37.5000   22.5000 2776.7246    9.2891
   -7.5000  -30.0000   22.5000 2822.7371    8.9306
    0.0000  -30.0000   22.5000 2830.9927    8.8513
    7.5000  -30.0000   22.5000 2792.2830    9.0852
   -7.5000  -22.5000   22.5000 2830.6438    8.8118
    0.0000  -22.5000   22.5000 2842.1667    8.7025
    7.5000  -22.5000   22.5000 2809.3564    8.9427
   -7.5000  -15.0000   22.5000 2830.5859    8.7430
    0.0000  -15.0000   22.5000 2851.7156    8.6278
    7.5000  -15.0000   22.5000 2823.5740    8.8577
   -7.5000   -7.5000   22.5000 2834.4348    8.7504
    0.0000   -7.5000   22.5000 2863.7881    8.6252
    7.5000   -7.5000   22.5000 2841.1370    8.8487
   -7.5000    0.0000   22.5000 2838.6919    8.8338
    0.0000    0.0000   22.5000 2874.0483    8.7129
    7.5000    0.0000   22.5000 2858.8726    8.9023
   -7.5000    7.5000   22.5000 2849.5225    9.0024
    0.0000    7.5000   22.5000 2886.6238    8.8259
    7.5000    7.5000   22.5000 2873.0410    8.9846
   -7.5000   15.0000   22.5000 2850.2749    9.2506
    0.0000   15.0000   22.5000 2885.9048    9.0605
    7.5000   15.0000   22.5000 2868.6604    9.2002
   -7.5000   22.5000   22.5000 2819.2559    9.6435
    0.0000   22.5000   22.5000 2854.7825    9.4750
    7.5000   22.5000   22.5000 2838.7634    9.5812
   -7.5000   30.0000   22.5000 2754.6790   10.0935
    0.0000   30.0000   22.5000 2785.9343    9.9319
    7.5000   30.0000   22.5000 2770.7664   10.0245
   -7.5000   37.5000   22.5000 2664.2173   10.6143
    0.0000   37.5000   22.5000 2694.8716   10.4254
    7.5000   37.5000   22.5000 2682.4561   10.5179
   -7.5000   45.0000   22.5000 2550.6304   11.2861
    0.0000   45.0000   22.5000 2587.0386   11.0999
    7.5000   45.0000   22.5000 2571.1328   11.1734
   -7.5000  -45.0000   30.0000 2772.8062    9.5500
    0.0000  -45.0000   30.0000 2769.8376    9.5209
    7.5000  -45.0000   30.0000 2727.5510    9.7744
   -7.5000  -37.5000   30.0000 2782.2576    9.3493
    0.0000  -37.5000   30.0000 2784.7046    9.3216
    7.5000  -37.5000   30.0000 2748.7795    9.5727
   -7.5000  -30.0000   30.0000 2792.3167    9.2100
    0.0000  -30.0000   30.0000 2800.3748    9.1724
    7.5000  -30.0000   30.0000 2761.6147    9.4090
   -7.5000  -22.5000   30.0000 2796.4929    9.1251
    0.0000  -22.5000   30.0000 2810.0312    9.0733
    7.5000  -22.5000   30.0000 2774.6221    9.2736
   -7.5000  -15.0000   30.0000 2791.7126    9.0836
    0.0000  -15.0000   30.0000 2817.3752    8.9986
    7.5000  -15.0000   30.0000 2787.3054    9.1944
   -7.5000   -7.5000   30.0000 2792.9563    9.0945
    0.0000   -7.5000   30.0000 2829.4385    8.9938
    7.5000   -7.5000   30.0000 2806.7761    9.1867
   -7.5000    0.0000   30.0000 2792.3557    9.2170
    0.0000    0.0000   30.0000 2834.0088    9.0937
    7.5000    0.0000   30.0000 2818.7595    9.2619
   -7.5000    7.5000   30.0000 2790.2778    9.4288
    0.0000    7.5000   30.0000 2829.6304    9.2824
    7.5000    7.5000   30.0000 2813.3450    9.4111
   -7.5000   15.0000   30.0000 2776.0315    9.7316
    0.0000   15.0000   30.0000 2805.9058    9.5830
    7.5000   15.0000   30.0000 2791.7590    9.6909
   -7.5000   22.5000   30.0000 2729.7097   10.1489
    0.0000   22.5000   30.0000 2763.8518   10.0021
    7.5000   22.5000   30.0000 2753.4553   10.0791
   -7.5000   30.0000   30.0000 2663.9690   10.6484
    0.0000   30.0000   30.0000 2694.9927   10.4797
    7.5000   30.0000   30.0000 2683.8042   10.5564
   -7.5000   37.5000   30.0000 2581.6753   11.2121
    0.0000   37.5000   30.0000 2610.7710   11.0229
    7.5000   37.5000   30.0000 2597.9443   11.0907
   -7.5000   45.0000   30.0000 2473.6274   11.8960
    0.0000   45.0000   30.0000 2509.7881   11.6990
    7.5000   45.0000   30.0000 2496.2917   11.7614
   -7.5000  -45.0000   37.5000 2722.1553    9.9327
    0.0000  -45.0000   37.5000 2721.1814    9.9258
    7.5000  -45.0000   37.5000 2689.0044   10.1718
   -7.5000  -37.5000   37.5000 2734.8733    9.7719
    0.0000  -37.5000   37.5000 2735.1011    9.7640
    7.5000  -37.5000   37.5000 2705.6714    9.9790
   -7.5000  -30.0000   37.5000 2741.7429    9.6507
    0.0000  -30.0000   37.5000 2747.0098    9.6440
    7.5000  -30.0000   37.5000 2716.3225    9.8131
   -7.5000  -22.5000   37.5000 2744.3855    9.5617
    0.0000  -22.5000   37.5000 2754.4993    9.5211
    7.5000  -22.5000   37.5000 2724.9375    9.6901
   -7.5000  -15.0000   37.5000 2739.3755    9.5286
    0.0000  -15.0000   37.5000 2765.4741    9.4601
    7.5000  -15.0000   37.5000 2737.5771    9.6254
   -7.5000   -7.5000   37.5000 2740.2510    9.5500
    0.0000   -7.5000   37.5000 2775.5996    9.4590
    7.5000   -7.5000   37.5000 2752.9250    9.6346
   -7.5000    0.0000   37.5000 2732.7019    9.6893
    0.0000    0.0000   37.5000 2772.2559    9.5797
    7.5000    0.0000   37.5000 2754.9717    9.7237
   -7.5000    7.5000   37.5000 2723.4541    9.9407
    0.0000    7.5000   37.5000 2759.1113    9.8172
    7.5000    7.5000   37.5000 2740.6223    9.9366
   -7.5000   15.0000   37.5000 2693.4478   10.2977
    0.0000   15.0000   37.5000 2724.4353   10.1708
    7.5000   15.0000   37.5000 2712.1726   10.2536
   -7.5000   22.5000   37.5000 2642.6545   10.7544
    0.0000   22.5000   37.5000 2674.6848   10.6175
    7.5000   22.5000   37.5000 2668.3840   10.6781
   -7.5000   30.0000   37.5000 2577.3584   11.2769
    0.0000   30.0000   37.5000 2604.8108   11.1235
    7.5000   30.0000   37.5000 2600.4094   11.1883
   -7.5000   37.5000   37.5000 2498.6335   11.8782
    0.0000   37.5000   37.5000 2525.2092   11.7091
    7.5000   37.5000   37.5000 2520.2864   11.7525
   -7.5000   45.0000   37.5000 2398.2798   12.6035
    0.0000   45.0000   37.5000 2434.5203   12.4120
    7.5000   45.0000   37.5000 2428.4180   12.4356
   -7.5000  -45.0000   45.0000 2666.6492   10.4996
    0.0000  -45.0000   45.0000 2664.6277   10.4731
    7.5000  -45.0000   45.0000 2633.9395   10.7089
   -7.5000  -37.5000   45.0000 2676.2751   10.3304
    0.0000  -37.5000   45.0000 2676.8601   10.2874
    7.5000  -37.5000   45.0000 2647.9695   10.4814
   -7.5000  -30.0000   45.0000 2676.1521   10.2124
    0.0000  -30.0000   45.0000 2682.4023   10.1550
    7.5000  -30.0000   45.0000 2657.2275   10.3089
   -7.5000  -22.5000   45.0000 2675.2935   10.1186
    0.0000  -22.5000   45.0000 2688.2329   10.0418
    7.5000  -22.5000   45.0000 2664.2148   10.1874
   -7.5000  -15.0000   45.0000 2672.5510   10.0950
    0.0000  -15.0000   45.0000 2700.3418    9.9976
    7.5000  -15.0000   45.0000 2672.8389   10.1595
   -7.5000   -7.5000   45.0000 2671.0662   10.1298
    0.0000   -7.5000   45.0000 2704.5061   10.0341
    7.5000   -7.5000   45.0000 2682.4775   10.1813
   -7.5000    0.0000   45.0000 2657.2971   10.2937
    0.0000    0.0000   45.0000 2694.2695   10.1788
    7.5000    0.0000   45.0000 2678.6785   10.3142
   -7.5000    7.5000   45.0000 2645.0361   10.5642
    0.0000    7.5000   45.0000 2675.5740   10.4515
    7.5000    7.5000   45.0000 2662.8562   10.5536
   -7.5000   15.0000   45.0000 2609.1045   10.9934
    0.0000   15.0000   45.0000 2633.5576   10.8665
    7.5000   15.0000   45.0000 2629.7651   10.9399
   -7.5000   22.5000   45.0000 2554.0364   11.4975
    0.0000   22.5000   45.0000 2579.0745   11.3519
    7.5000   22.5000   45.0000 2578.3076   11.3990
   -7.5000   30.0000   45.0000 2485.1074   12.0779
    0.0000   30.0000   45.0000 2510.5732   11.9139
    7.5000   30.0000   45.0000 2507.5671   11.9705
   -7.5000   37.5000   45.0000 2411.3267   12.7192
    0.0000   37.5000   45.0000 2436.6392   12.5436
    7.5000   37.5000   45.0000 2437.2061   12.5987
   -7.5000   45.0000   45.0000 2323.5100   13.4468
    0.0000   45.0000   45.0000 2356.6770   13.2327
    7.5000   45.0000   45.0000 2352.9998   13.3100

---------------------------------------------------------------------
imgreg_4dfp /opt/freesurfer/average/711-2C_as_mni_average_305 /opt/freesurfer/average/711-2B_as_mni_average_305_mask talsrcimg_g11 none talsrcimg_to_711-2C_as_mni_average_305_t4 1283
---------------------------------------------------------------------

freesurfer imgreg_4dfp.c
/opt/freesurfer/average/711-2C_as_mni_average_305.4dfp.img
       256       256       256         1
  1.000000  1.000000  1.000000
orientation T byte_order littleendian
Reading image: /opt/freesurfer/average/711-2C_as_mni_average_305.4dfp.img
dimensions:      256       256       256
mmppix:       1.0000   -1.0000   -1.0000
center:     128.0000 -129.0000 -129.0000
/opt/freesurfer/average/711-2B_as_mni_average_305_mask.4dfp.img
       256       256       256         1
  1.000000  1.000000  1.000000
orientation T byte_order littleendian
Reading mask: /opt/freesurfer/average/711-2B_as_mni_average_305_mask.4dfp.img (2306576 pixels)
talsrcimg_g11.4dfp.img
       256       256       256         1
  1.000000  1.000000  1.000000
orientation T byte_order littleendian
Reading image: talsrcimg_g11.4dfp.img
dimensions:      256       256       256
mmppix:       1.0000   -1.0000   -1.0000
center:     128.0000 -129.0000 -129.0000
rotation matrix determinant  1.000000
fimgreg.f
image alignment mode   1283 decimal      503 hex
parameters
    0.0000   15.0000    0.0000    0.0000    0.0000    0.0000
eta,q 0.94055  8.41222
niter,ni,del,rscale     5    3   12.0000    1.2000
parameter  4  0.572983 ->  0.500000 qaram    1.1500
parameters
    0.7312   15.5989    0.7312   -3.4500    0.0480   -0.4718
eta,q 0.94435  8.34984
  0.0691  0.0637  0.0634  0.0563  0.0599  0.0591
  0.0659  0.0599  0.0606  0.0557  0.0590  0.0574
  0.0616  0.0578  0.0577  0.0558  0.0570  0.0560
  0.0578  0.0570  0.0565  0.0567  0.0557  0.0557
  0.0581  0.0568  0.0581  0.0582  0.0566  0.0567
  0.0618  0.0584  0.0595  0.0601  0.0583  0.0584
  0.0661  0.0615  0.0604  0.0629  0.0603  0.0600
niter,ni,del,rscale     5    3   12.0000    1.2000
parameters
    0.7430   16.2765   -0.9000   -4.2676   -0.0818   -0.2317
eta,q 0.94597  8.36216
  0.0658  0.0621  0.0592  0.0578  0.0593  0.0584
  0.0626  0.0594  0.0564  0.0560  0.0573  0.0565
  0.0582  0.0570  0.0542  0.0546  0.0546  0.0548
  0.0557  0.0557  0.0556  0.0542  0.0541  0.0541
  0.0579  0.0559  0.0591  0.0553  0.0562  0.0544
  0.0621  0.0572  0.0615  0.0577  0.0577  0.0559
  0.0661  0.0601  0.0634  0.0598  0.0592  0.0579
niter,ni,del,rscale     4    3   12.0000    1.2000
parameters
    0.7962   16.6463   -1.2214   -4.7626   -0.0315    0.0466
eta,q 0.94584  8.36635
  0.0653  0.0617  0.0615  0.0581  0.0594  0.0580
  0.0616  0.0580  0.0581  0.0564  0.0574  0.0565
  0.0567  0.0548  0.0555  0.0548  0.0548  0.0550
  0.0540  0.0541  0.0542  0.0542  0.0542  0.0542
  0.0566  0.0551  0.0564  0.0549  0.0561  0.0544
  0.0608  0.0568  0.0599  0.0571  0.0575  0.0558
  0.0653  0.0599  0.0624  0.0596  0.0587  0.0577
niter,ni,del,rscale     3    3   12.0000    1.2000
parameters
    0.8986   16.8556   -1.3984   -5.1195    0.0532    0.3536
eta,q 0.94564  8.36995
  0.0653  0.0613  0.0620  0.0581  0.0595  0.0579
  0.0616  0.0575  0.0584  0.0567  0.0574  0.0565
  0.0568  0.0548  0.0560  0.0550  0.0549  0.0552
  0.0542  0.0543  0.0544  0.0544  0.0544  0.0545
  0.0565  0.0553  0.0561  0.0550  0.0561  0.0544
  0.0605  0.0571  0.0597  0.0568  0.0575  0.0558
  0.0650  0.0600  0.0624  0.0594  0.0586  0.0576
niter,ni,del,rscale     2    3   12.0000    1.2000
parameters
    0.9966   16.9813   -1.5128   -5.4007    0.1389    0.6048
eta,q 0.94560  8.37225
  0.0653  0.0609  0.0619  0.0580  0.0596  0.0579
  0.0616  0.0572  0.0582  0.0568  0.0574  0.0566
  0.0569  0.0549  0.0560  0.0550  0.0549  0.0554
  0.0544  0.0544  0.0544  0.0544  0.0545  0.0545
  0.0566  0.0554  0.0557  0.0550  0.0562  0.0546
  0.0605  0.0572  0.0592  0.0566  0.0576  0.0559
  0.0651  0.0600  0.0622  0.0591  0.0587  0.0578
niter,ni,del,rscale     1    3   12.0000    1.2000
parameters
    1.0570   17.0876   -1.6047   -5.6235    0.2114    0.7502
eta,q 0.94555  8.37528
  0.0652  0.0607  0.0618  0.0578  0.0596  0.0578
  0.0614  0.0571  0.0581  0.0568  0.0574  0.0567
  0.0568  0.0550  0.0560  0.0550  0.0548  0.0554
  0.0544  0.0544  0.0544  0.0544  0.0544  0.0545
  0.0567  0.0555  0.0555  0.0550  0.0563  0.0547
  0.0605  0.0573  0.0590  0.0564  0.0576  0.0561
  0.0652  0.0598  0.0621  0.0589  0.0587  0.0579
registration optimization eta report
parameter search radius
    6.0000    6.0000    6.0000    6.9000    6.0000    6.0000
100000*second partial in parameter space
       28.       16.       20.        8.       12.        9.
  0.0652  0.0607  0.0618  0.0578  0.0596  0.0578
  0.0614  0.0571  0.0581  0.0568  0.0574  0.0567
  0.0568  0.0550  0.0560  0.0550  0.0548  0.0554
  0.0544  0.0544  0.0544  0.0544  0.0544  0.0545
  0.0567  0.0555  0.0555  0.0550  0.0563  0.0547
  0.0605  0.0573  0.0590  0.0564  0.0576  0.0561
  0.0652  0.0598  0.0621  0.0589  0.0587  0.0579
    1.0570   17.0876   -1.6047   -5.6235    0.2114    0.7502
eta,q 0.94555  8.37528

---------------------------------------------------------------------
imgreg_4dfp /opt/freesurfer/average/711-2C_as_mni_average_305 /opt/freesurfer/average/711-2B_as_mni_average_305_mask talsrcimg_g11 none talsrcimg_to_711-2C_as_mni_average_305_t4 3335
---------------------------------------------------------------------

freesurfer imgreg_4dfp.c
/opt/freesurfer/average/711-2C_as_mni_average_305.4dfp.img
       256       256       256         1
  1.000000  1.000000  1.000000
orientation T byte_order littleendian
Reading image: /opt/freesurfer/average/711-2C_as_mni_average_305.4dfp.img
dimensions:      256       256       256
mmppix:       1.0000   -1.0000   -1.0000
center:     128.0000 -129.0000 -129.0000
/opt/freesurfer/average/711-2B_as_mni_average_305_mask.4dfp.img
       256       256       256         1
  1.000000  1.000000  1.000000
orientation T byte_order littleendian
Reading mask: /opt/freesurfer/average/711-2B_as_mni_average_305_mask.4dfp.img (2306576 pixels)
talsrcimg_g11.4dfp.img
       256       256       256         1
  1.000000  1.000000  1.000000
orientation T byte_order littleendian
Reading image: talsrcimg_g11.4dfp.img
dimensions:      256       256       256
mmppix:       1.0000   -1.0000   -1.0000
center:     128.0000 -129.0000 -129.0000
fimgreg.f
image alignment mode   3335 decimal      D07 hex
parameters
    1.0570   17.0876   -1.6047   -0.0093   -0.4893   -0.4820
   -1.2669   -0.4955    1.3093    9.7935    0.3690   -9.7991
eta,q 0.94345  8.43355
niter,ni,del,rscale     5    3    5.0000    1.2000
parameter  2 -1.059691 -> -0.500000 qaram    1.1500
parameter  4  1.516064 ->  0.500000 qaram    1.1500
parameter  5  2.823585 ->  0.500000 qaram    1.1500
parameter  6  1.022678 ->  0.500000 qaram    1.1500
parameter 12  5.137641 ->  0.500000 qaram    1.1500
parameters
    0.8951   18.4676   -1.7530   -4.1493   -4.6293   -4.6220
    0.9538    1.7011    3.2024    6.7475    1.9466  -13.9391
eta,q 0.95354  8.22053
  0.0578  0.0587  0.0566  0.0513  0.0482  0.0470  0.0503  0.0516  0.0484  0.0477  0.0475  0.0459
  0.0570  0.0578  0.0561  0.0521  0.0492  0.0478  0.0493  0.0499  0.0480  0.0473  0.0473  0.0464
  0.0566  0.0571  0.0559  0.0537  0.0507  0.0484  0.0485  0.0486  0.0477  0.0472  0.0473  0.0468
  0.0566  0.0565  0.0559  0.0559  0.0525  0.0495  0.0480  0.0478  0.0475  0.0475  0.0472  0.0472
  0.0568  0.0561  0.0560  0.0582  0.0545  0.0515  0.0478  0.0475  0.0475  0.0479  0.0472  0.0476
  0.0573  0.0558  0.0563  0.0611  0.0567  0.0543  0.0480  0.0479  0.0476  0.0486  0.0472  0.0481
  0.0582  0.0558  0.0567  0.0647  0.0587  0.0571  0.0486  0.0488  0.0478  0.0494  0.0473  0.0487
niter,ni,del,rscale     7    3    5.0000    1.2000
parameter  2 -1.268099 -> -0.500000 qaram    1.3225
parameter  3 -0.977509 -> -0.500000 qaram    1.1500
parameter  4  0.773530 ->  0.500000 qaram    1.3225
parameter  5  1.565290 ->  0.500000 qaram    1.3225
parameter  6  0.762737 ->  0.500000 qaram    1.3225
parameter 12  0.540527 ->  0.500000 qaram    1.3225
parameters
    0.9836   20.0546   -0.3730   -8.9103   -9.3903   -9.3830
    2.0414    1.7161    0.0212    8.6322    2.9766  -18.7001
eta,q 0.96102  7.91214
  0.0486  0.0510  0.0458  0.0433  0.0396  0.0395  0.0413  0.0421  0.0396  0.0424  0.0401  0.0392
  0.0475  0.0493  0.0454  0.0433  0.0404  0.0395  0.0405  0.0407  0.0394  0.0410  0.0397  0.0390
  0.0468  0.0478  0.0452  0.0437  0.0416  0.0398  0.0399  0.0398  0.0394  0.0399  0.0394  0.0390
  0.0465  0.0465  0.0449  0.0447  0.0434  0.0407  0.0396  0.0395  0.0395  0.0394  0.0393  0.0393
  0.0466  0.0455  0.0447  0.0466  0.0458  0.0418  0.0395  0.0398  0.0398  0.0393  0.0393  0.0397
  0.0473  0.0448  0.0447  0.0490  0.0485  0.0431  0.0398  0.0407  0.0402  0.0397  0.0395  0.0404
  0.0483  0.0445  0.0447  0.0518  0.0509  0.0455  0.0405  0.0421  0.0409  0.0403  0.0398  0.0413
niter,ni,del,rscale     7    3    5.0000    1.2000
parameter  2 -1.557426 -> -0.500000 qaram    1.5209
parameter  5  0.792881 ->  0.500000 qaram    1.5209
parameter 10 -0.801505 -> -0.500000 qaram    1.1500
parameters
    0.6854   21.8797   -1.4951  -10.0965  -14.8655  -10.9692
    2.5358    1.8436   -1.6308   12.7722    3.6398  -22.3230
eta,q 0.96749  7.70161
  0.0403  0.0460  0.0364  0.0383  0.0342  0.0359  0.0361  0.0371  0.0349  0.0391  0.0339  0.0335
  0.0394  0.0435  0.0361  0.0370  0.0342  0.0350  0.0352  0.0356  0.0344  0.0373  0.0334  0.0327
  0.0390  0.0411  0.0360  0.0362  0.0348  0.0344  0.0345  0.0346  0.0342  0.0356  0.0330  0.0325
  0.0390  0.0390  0.0362  0.0360  0.0361  0.0343  0.0343  0.0342  0.0342  0.0342  0.0329  0.0329
  0.0393  0.0372  0.0367  0.0362  0.0381  0.0350  0.0344  0.0345  0.0346  0.0332  0.0330  0.0337
  0.0400  0.0359  0.0373  0.0379  0.0411  0.0362  0.0349  0.0354  0.0351  0.0329  0.0332  0.0347
  0.0411  0.0354  0.0382  0.0404  0.0444  0.0370  0.0357  0.0369  0.0359  0.0331  0.0336  0.0358
niter,ni,del,rscale     7    3    5.0000    1.2000
parameter  2 -0.910819 -> -0.500000 qaram    1.7490
parameters
    0.6445   23.9785   -2.2692  -10.0496  -19.6506  -10.1956
    2.6130    2.1726   -1.9307   16.4951    4.1046  -26.3808
eta,q 0.97266  7.64027
  0.0347  0.0425  0.0306  0.0329  0.0301  0.0317  0.0311  0.0323  0.0306  0.0348  0.0289  0.0284
  0.0335  0.0387  0.0299  0.0313  0.0290  0.0302  0.0299  0.0304  0.0296  0.0322  0.0284  0.0275
  0.0328  0.0352  0.0297  0.0302  0.0289  0.0292  0.0291  0.0293  0.0290  0.0302  0.0281  0.0274
  0.0325  0.0325  0.0298  0.0297  0.0297  0.0288  0.0288  0.0288  0.0288  0.0288  0.0279  0.0279
  0.0328  0.0306  0.0304  0.0296  0.0313  0.0292  0.0291  0.0290  0.0291  0.0280  0.0280  0.0289
  0.0336  0.0297  0.0312  0.0308  0.0342  0.0301  0.0298  0.0300  0.0298  0.0281  0.0282  0.0303
  0.0349  0.0297  0.0322  0.0333  0.0383  0.0306  0.0310  0.0317  0.0309  0.0292  0.0287  0.0317
niter,ni,del,rscale     7    3    5.0000    1.2000
parameters
    0.7412   25.2880   -2.2209   -9.9754  -20.8810   -8.8552
    2.6875    2.4514   -2.0825   18.1334    3.7946  -27.3894
eta,q 0.97375  7.70337
  0.0304  0.0386  0.0285  0.0302  0.0303  0.0296  0.0290  0.0301  0.0288  0.0316  0.0272  0.0285
  0.0288  0.0339  0.0274  0.0284  0.0282  0.0279  0.0277  0.0282  0.0276  0.0292  0.0267  0.0272
  0.0277  0.0299  0.0268  0.0271  0.0268  0.0269  0.0268  0.0270  0.0268  0.0275  0.0264  0.0264
  0.0273  0.0273  0.0265  0.0265  0.0265  0.0265  0.0265  0.0265  0.0265  0.0265  0.0263  0.0263
  0.0276  0.0266  0.0267  0.0265  0.0275  0.0268  0.0268  0.0268  0.0268  0.0263  0.0264  0.0269
  0.0284  0.0277  0.0274  0.0278  0.0294  0.0275  0.0276  0.0278  0.0277  0.0271  0.0268  0.0281
  0.0300  0.0303  0.0283  0.0306  0.0327  0.0280  0.0289  0.0296  0.0290  0.0288  0.0274  0.0296
niter,ni,del,rscale     6    3    5.0000    1.2000
parameters
    0.7969   25.4889   -2.0447   -9.8531  -21.2361   -8.4845
    2.7642    2.5104   -2.1413   18.6361    3.5392  -27.6452
eta,q 0.97379  7.72145
  0.0293  0.0347  0.0283  0.0302  0.0308  0.0289  0.0288  0.0297  0.0286  0.0304  0.0271  0.0288
  0.0277  0.0304  0.0272  0.0283  0.0286  0.0274  0.0275  0.0278  0.0274  0.0283  0.0266  0.0275
  0.0266  0.0274  0.0265  0.0269  0.0269  0.0265  0.0266  0.0266  0.0265  0.0269  0.0263  0.0265
  0.0262  0.0262  0.0262  0.0262  0.0262  0.0262  0.0262  0.0262  0.0262  0.0262  0.0262  0.0262
  0.0265  0.0271  0.0264  0.0261  0.0269  0.0266  0.0265  0.0266  0.0265  0.0265  0.0263  0.0267
  0.0275  0.0296  0.0269  0.0277  0.0286  0.0268  0.0274  0.0277  0.0274  0.0277  0.0267  0.0277
  0.0291  0.0331  0.0278  0.0306  0.0318  0.0287  0.0287  0.0296  0.0287  0.0295  0.0273  0.0291
niter,ni,del,rscale     5    3    5.0000    1.2000
parameters
    0.8014   25.5698   -1.9997   -9.8052  -21.3346   -8.4251
    2.7730    2.5231   -2.1609   18.7856    3.4649  -27.7272
eta,q 0.97379  7.72624
  0.0292  0.0342  0.0281  0.0302  0.0310  0.0287  0.0287  0.0297  0.0286  0.0300  0.0271  0.0289
  0.0276  0.0300  0.0271  0.0283  0.0288  0.0273  0.0274  0.0277  0.0274  0.0280  0.0266  0.0275
  0.0266  0.0271  0.0264  0.0269  0.0270  0.0265  0.0265  0.0265  0.0265  0.0267  0.0263  0.0265
  0.0262  0.0262  0.0262  0.0262  0.0262  0.0262  0.0262  0.0262  0.0262  0.0262  0.0262  0.0262
  0.0265  0.0273  0.0264  0.0261  0.0268  0.0265  0.0265  0.0266  0.0265  0.0266  0.0263  0.0266
  0.0275  0.0299  0.0270  0.0278  0.0285  0.0267  0.0274  0.0277  0.0274  0.0279  0.0267  0.0276
  0.0292  0.0334  0.0280  0.0307  0.0316  0.0290  0.0287  0.0296  0.0287  0.0297  0.0272  0.0290
niter,ni,del,rscale     4    3    5.0000    1.2000
parameters
    0.8029   25.5966   -2.0006   -9.7938  -21.3547   -8.4130
    2.7732    2.5298   -2.1703   18.8322    3.4455  -27.7659
eta,q 0.97379  7.72800
  0.0292  0.0340  0.0280  0.0302  0.0311  0.0287  0.0287  0.0296  0.0286  0.0299  0.0272  0.0289
  0.0275  0.0298  0.0270  0.0283  0.0288  0.0273  0.0274  0.0277  0.0274  0.0279  0.0267  0.0276
  0.0266  0.0271  0.0264  0.0269  0.0271  0.0265  0.0265  0.0265  0.0265  0.0267  0.0263  0.0265
  0.0262  0.0262  0.0262  0.0262  0.0262  0.0262  0.0262  0.0262  0.0262  0.0262  0.0262  0.0262
  0.0265  0.0274  0.0264  0.0261  0.0267  0.0265  0.0265  0.0266  0.0265  0.0266  0.0263  0.0266
  0.0275  0.0300  0.0271  0.0278  0.0284  0.0267  0.0274  0.0277  0.0273  0.0279  0.0266  0.0276
  0.0292  0.0335  0.0280  0.0308  0.0315  0.0291  0.0287  0.0296  0.0286  0.0298  0.0272  0.0290
registration optimization eta report
parameter search radius
    2.4000    4.1976    2.7600    9.5220   10.9503    9.5220
    7.2000    7.2000    7.2000    8.2800    7.2000    9.5220
100000*second partial in parameter space
       52.       42.       24.        5.        4.        3.
        5.        7.        5.        5.        2.        3.
  0.0292  0.0340  0.0280  0.0302  0.0311  0.0287  0.0287  0.0296  0.0286  0.0299  0.0272  0.0289
  0.0275  0.0298  0.0270  0.0283  0.0288  0.0273  0.0274  0.0277  0.0274  0.0279  0.0267  0.0276
  0.0266  0.0271  0.0264  0.0269  0.0271  0.0265  0.0265  0.0265  0.0265  0.0267  0.0263  0.0265
  0.0262  0.0262  0.0262  0.0262  0.0262  0.0262  0.0262  0.0262  0.0262  0.0262  0.0262  0.0262
  0.0265  0.0274  0.0264  0.0261  0.0267  0.0265  0.0265  0.0266  0.0265  0.0266  0.0263  0.0266
  0.0275  0.0300  0.0271  0.0278  0.0284  0.0267  0.0274  0.0277  0.0273  0.0279  0.0266  0.0276
  0.0292  0.0335  0.0280  0.0308  0.0315  0.0291  0.0287  0.0296  0.0286  0.0298  0.0272  0.0290
    0.8029   25.5966   -2.0006   -9.7938  -21.3547   -8.4130
    2.7732    2.5298   -2.1703   18.8322    3.4455  -27.7659
eta,q 0.97379  7.72800

---------------------------------------------------------------------
imgreg_4dfp /opt/freesurfer/average/711-2C_as_mni_average_305 /opt/freesurfer/average/711-2B_as_mni_average_305_mask talsrcimg_g11 none talsrcimg_to_711-2C_as_mni_average_305_t4 2311
---------------------------------------------------------------------

freesurfer imgreg_4dfp.c
/opt/freesurfer/average/711-2C_as_mni_average_305.4dfp.img
       256       256       256         1
  1.000000  1.000000  1.000000
orientation T byte_order littleendian
Reading image: /opt/freesurfer/average/711-2C_as_mni_average_305.4dfp.img
dimensions:      256       256       256
mmppix:       1.0000   -1.0000   -1.0000
center:     128.0000 -129.0000 -129.0000
/opt/freesurfer/average/711-2B_as_mni_average_305_mask.4dfp.img
       256       256       256         1
  1.000000  1.000000  1.000000
orientation T byte_order littleendian
Reading mask: /opt/freesurfer/average/711-2B_as_mni_average_305_mask.4dfp.img (2306576 pixels)
talsrcimg_g11.4dfp.img
       256       256       256         1
  1.000000  1.000000  1.000000
orientation T byte_order littleendian
Reading image: talsrcimg_g11.4dfp.img
dimensions:      256       256       256
mmppix:       1.0000   -1.0000   -1.0000
center:     128.0000 -129.0000 -129.0000
fimgreg.f
image alignment mode   2311 decimal      907 hex
parameters
    0.8029   25.5966   -2.0006   -9.7938  -21.3547   -8.4130
    2.7732    2.5298   -2.1703   18.8322    3.4455  -27.7659
eta,q 0.97379  7.72800
niter,ni,del,rscale     5    3    5.0000    0.8000
parameters
    0.8181   25.4702   -2.0361   -8.6143  -20.9292   -7.6930
    2.6836    2.4487   -2.1325   19.1037    3.1572  -27.7665
eta,q 0.97395  7.81677
  0.0276  0.0273  0.0268  0.0276  0.0274  0.0268  0.0272  0.0278  0.0272  0.0276  0.0265  0.0269
  0.0268  0.0266  0.0265  0.0269  0.0268  0.0264  0.0266  0.0268  0.0266  0.0269  0.0262  0.0264
  0.0264  0.0263  0.0263  0.0265  0.0263  0.0262  0.0262  0.0262  0.0262  0.0263  0.0261  0.0262
  0.0262  0.0262  0.0262  0.0262  0.0261  0.0261  0.0261  0.0261  0.0261  0.0261  0.0261  0.0261
  0.0263  0.0264  0.0263  0.0260  0.0261  0.0261  0.0262  0.0263  0.0262  0.0261  0.0261  0.0261
  0.0268  0.0269  0.0265  0.0261  0.0265  0.0263  0.0266  0.0269  0.0265  0.0266  0.0263  0.0264
  0.0275  0.0277  0.0269  0.0267  0.0270  0.0264  0.0273  0.0279  0.0272  0.0274  0.0266  0.0269
niter,ni,del,rscale     4    3    5.0000    0.7000
parameters
    0.7891   25.4751   -1.9513   -8.7114  -21.0026   -7.2496
    2.6848    2.3837   -2.0917   19.2885    3.1110  -27.7275
eta,q 0.97394  7.82969
  0.0271  0.0271  0.0266  0.0269  0.0270  0.0265  0.0270  0.0274  0.0269  0.0273  0.0264  0.0267
  0.0265  0.0265  0.0263  0.0265  0.0265  0.0263  0.0265  0.0266  0.0265  0.0267  0.0262  0.0264
  0.0262  0.0262  0.0261  0.0262  0.0262  0.0261  0.0262  0.0262  0.0262  0.0262  0.0261  0.0261
  0.0261  0.0261  0.0261  0.0261  0.0261  0.0261  0.0261  0.0261  0.0261  0.0261  0.0261  0.0261
  0.0262  0.0262  0.0261  0.0261  0.0262  0.0261  0.0262  0.0262  0.0261  0.0261  0.0261  0.0261
  0.0266  0.0265  0.0262  0.0264  0.0265  0.0263  0.0265  0.0267  0.0264  0.0265  0.0262  0.0263
  0.0272  0.0270  0.0265  0.0271  0.0270  0.0263  0.0270  0.0275  0.0269  0.0271  0.0264  0.0267
niter,ni,del,rscale     3    3    5.0000    0.6000
parameters
    0.7845   25.4814   -1.8420   -8.5526  -21.0817   -6.9537
    2.6751    2.3494   -2.0800   19.3843    3.0441  -27.6783
eta,q 0.97395  7.84303
  0.0269  0.0268  0.0265  0.0267  0.0267  0.0264  0.0267  0.0271  0.0267  0.0269  0.0263  0.0265
  0.0264  0.0264  0.0263  0.0264  0.0263  0.0262  0.0263  0.0265  0.0263  0.0265  0.0262  0.0263
  0.0261  0.0261  0.0261  0.0262  0.0261  0.0261  0.0261  0.0262  0.0261  0.0262  0.0261  0.0261
  0.0261  0.0261  0.0261  0.0261  0.0260  0.0260  0.0261  0.0261  0.0260  0.0260  0.0261  0.0261
  0.0261  0.0261  0.0261  0.0260  0.0261  0.0261  0.0261  0.0262  0.0261  0.0261  0.0261  0.0261
  0.0264  0.0264  0.0262  0.0262  0.0264  0.0262  0.0263  0.0265  0.0263  0.0264  0.0262  0.0262
  0.0269  0.0268  0.0264  0.0267  0.0268  0.0263  0.0267  0.0271  0.0267  0.0269  0.0264  0.0265
niter,ni,del,rscale     2    3    5.0000    0.5000
parameters
    0.7747   25.4970   -1.7758   -8.4268  -21.1620   -6.8397
    2.6636    2.3451   -2.0766   19.4271    3.0415  -27.6369
eta,q 0.97396  7.84787
  0.0266  0.0266  0.0264  0.0265  0.0265  0.0263  0.0265  0.0268  0.0265  0.0266  0.0262  0.0264
  0.0263  0.0263  0.0262  0.0263  0.0263  0.0262  0.0262  0.0264  0.0262  0.0263  0.0261  0.0262
  0.0261  0.0261  0.0261  0.0261  0.0261  0.0261  0.0261  0.0261  0.0261  0.0261  0.0261  0.0261
  0.0260  0.0261  0.0261  0.0260  0.0260  0.0260  0.0260  0.0260  0.0260  0.0260  0.0260  0.0260
  0.0261  0.0261  0.0261  0.0260  0.0261  0.0261  0.0261  0.0261  0.0261  0.0261  0.0261  0.0261
  0.0263  0.0263  0.0261  0.0262  0.0263  0.0262  0.0262  0.0264  0.0262  0.0263  0.0261  0.0262
  0.0266  0.0266  0.0263  0.0265  0.0266  0.0262  0.0265  0.0268  0.0265  0.0266  0.0263  0.0264
niter,ni,del,rscale     1    3    5.0000    0.4000
parameters
    0.7685   25.5057   -1.7480   -8.2849  -21.1990   -6.8674
    2.6475    2.3561   -2.0870   19.4235    3.0538  -27.6018
eta,q 0.97396  7.84909
  0.0264  0.0264  0.0262  0.0264  0.0264  0.0262  0.0263  0.0265  0.0263  0.0264  0.0262  0.0262
  0.0262  0.0262  0.0261  0.0262  0.0262  0.0261  0.0262  0.0263  0.0262  0.0262  0.0261  0.0261
  0.0261  0.0261  0.0261  0.0261  0.0261  0.0260  0.0261  0.0261  0.0261  0.0261  0.0260  0.0261
  0.0260  0.0260  0.0260  0.0260  0.0260  0.0260  0.0260  0.0260  0.0260  0.0260  0.0260  0.0260
  0.0261  0.0261  0.0260  0.0260  0.0261  0.0261  0.0261  0.0261  0.0261  0.0261  0.0260  0.0260
  0.0262  0.0262  0.0261  0.0261  0.0262  0.0261  0.0262  0.0262  0.0262  0.0262  0.0261  0.0261
  0.0264  0.0264  0.0262  0.0263  0.0264  0.0262  0.0263  0.0265  0.0263  0.0264  0.0262  0.0262
registration optimization eta report
parameter search radius
    0.8000    0.8000    0.8000    2.4000    2.4000    2.4000
    2.4000    2.4000    2.4000    2.4000    2.4000    2.4000
100000*second partial in parameter space
       59.       52.       27.        6.        6.        3.
        5.        9.        5.        7.        2.        4.
  0.0264  0.0264  0.0262  0.0264  0.0264  0.0262  0.0263  0.0265  0.0263  0.0264  0.0262  0.0262
  0.0262  0.0262  0.0261  0.0262  0.0262  0.0261  0.0262  0.0263  0.0262  0.0262  0.0261  0.0261
  0.0261  0.0261  0.0261  0.0261  0.0261  0.0260  0.0261  0.0261  0.0261  0.0261  0.0260  0.0261
  0.0260  0.0260  0.0260  0.0260  0.0260  0.0260  0.0260  0.0260  0.0260  0.0260  0.0260  0.0260
  0.0261  0.0261  0.0260  0.0260  0.0261  0.0261  0.0261  0.0261  0.0261  0.0261  0.0260  0.0260
  0.0262  0.0262  0.0261  0.0261  0.0262  0.0261  0.0262  0.0262  0.0262  0.0262  0.0261  0.0261
  0.0264  0.0264  0.0262  0.0263  0.0264  0.0262  0.0263  0.0265  0.0263  0.0264  0.0262  0.0262
    0.7685   25.5057   -1.7480   -8.2849  -21.1990   -6.8674
    2.6475    2.3561   -2.0870   19.4235    3.0538  -27.6018
eta,q 0.97396  7.84909

---------------------------------------------------------------------
imgreg_4dfp /opt/freesurfer/average/711-2C_as_mni_average_305 /opt/freesurfer/average/711-2B_as_mni_average_305_mask talsrcimg_g11 none talsrcimg_to_711-2C_as_mni_average_305_t4 2311
---------------------------------------------------------------------

freesurfer imgreg_4dfp.c
/opt/freesurfer/average/711-2C_as_mni_average_305.4dfp.img
       256       256       256         1
  1.000000  1.000000  1.000000
orientation T byte_order littleendian
Reading image: /opt/freesurfer/average/711-2C_as_mni_average_305.4dfp.img
dimensions:      256       256       256
mmppix:       1.0000   -1.0000   -1.0000
center:     128.0000 -129.0000 -129.0000
/opt/freesurfer/average/711-2B_as_mni_average_305_mask.4dfp.img
       256       256       256         1
  1.000000  1.000000  1.000000
orientation T byte_order littleendian
Reading mask: /opt/freesurfer/average/711-2B_as_mni_average_305_mask.4dfp.img (2306576 pixels)
talsrcimg_g11.4dfp.img
       256       256       256         1
  1.000000  1.000000  1.000000
orientation T byte_order littleendian
Reading image: talsrcimg_g11.4dfp.img
dimensions:      256       256       256
mmppix:       1.0000   -1.0000   -1.0000
center:     128.0000 -129.0000 -129.0000
fimgreg.f
image alignment mode   2311 decimal      907 hex
parameters
    0.7685   25.5057   -1.7480   -8.2849  -21.1990   -6.8674
    2.6475    2.3561   -2.0870   19.4235    3.0538  -27.6018
eta,q 0.97396  7.84909
niter,ni,del,rscale     5    3    5.0000    0.8000
parameters
    0.7625   25.5331   -1.7819   -8.8368  -21.1313   -6.7958
    2.6925    2.3446   -2.1174   19.3934    3.0517  -27.6255
eta,q 0.97393  7.83922
  0.0275  0.0274  0.0267  0.0270  0.0273  0.0266  0.0273  0.0279  0.0272  0.0275  0.0266  0.0268
  0.0267  0.0266  0.0263  0.0265  0.0267  0.0263  0.0266  0.0269  0.0266  0.0268  0.0263  0.0264
  0.0262  0.0262  0.0261  0.0262  0.0262  0.0261  0.0262  0.0263  0.0262  0.0263  0.0261  0.0262
  0.0260  0.0260  0.0260  0.0260  0.0261  0.0261  0.0261  0.0261  0.0261  0.0261  0.0261  0.0261
  0.0262  0.0262  0.0261  0.0262  0.0262  0.0262  0.0262  0.0263  0.0262  0.0262  0.0261  0.0262
  0.0267  0.0266  0.0263  0.0268  0.0266  0.0263  0.0266  0.0269  0.0266  0.0267  0.0263  0.0264
  0.0275  0.0273  0.0267  0.0279  0.0272  0.0266  0.0272  0.0279  0.0272  0.0276  0.0266  0.0269
niter,ni,del,rscale     4    3    5.0000    0.7000
parameters
    0.7770   25.5000   -1.7369   -8.7132  -21.1551   -6.6669
    2.7081    2.3286   -2.0981   19.4336    3.0262  -27.6018
eta,q 0.97393  7.84586
  0.0272  0.0270  0.0266  0.0270  0.0270  0.0265  0.0270  0.0275  0.0269  0.0272  0.0265  0.0267
  0.0266  0.0265  0.0263  0.0266  0.0265  0.0263  0.0265  0.0267  0.0265  0.0266  0.0262  0.0263
  0.0262  0.0262  0.0261  0.0263  0.0262  0.0261  0.0262  0.0262  0.0262  0.0262  0.0261  0.0261
  0.0261  0.0261  0.0261  0.0261  0.0261  0.0261  0.0261  0.0261  0.0261  0.0261  0.0261  0.0261
  0.0262  0.0262  0.0261  0.0261  0.0262  0.0261  0.0262  0.0262  0.0261  0.0262  0.0261  0.0261
  0.0265  0.0266  0.0263  0.0263  0.0265  0.0262  0.0265  0.0267  0.0264  0.0266  0.0263  0.0263
  0.0272  0.0271  0.0266  0.0270  0.0270  0.0264  0.0270  0.0275  0.0269  0.0272  0.0265  0.0267
niter,ni,del,rscale     3    3    5.0000    0.6000
parameters
    0.7749   25.5034   -1.7154   -8.5831  -21.2043   -6.5942
    2.6906    2.3237   -2.0948   19.4675    3.0205  -27.5868
eta,q 0.97395  7.85068
  0.0269  0.0268  0.0265  0.0268  0.0267  0.0264  0.0267  0.0271  0.0267  0.0269  0.0264  0.0265
  0.0264  0.0264  0.0262  0.0264  0.0264  0.0262  0.0263  0.0265  0.0263  0.0265  0.0262  0.0263
  0.0261  0.0261  0.0261  0.0262  0.0261  0.0261  0.0261  0.0262  0.0261  0.0262  0.0261  0.0261
  0.0261  0.0261  0.0261  0.0261  0.0261  0.0261  0.0261  0.0261  0.0261  0.0261  0.0261  0.0261
  0.0261  0.0261  0.0261  0.0261  0.0261  0.0261  0.0261  0.0262  0.0261  0.0261  0.0261  0.0261
  0.0264  0.0264  0.0262  0.0263  0.0264  0.0262  0.0264  0.0265  0.0263  0.0264  0.0262  0.0262
  0.0269  0.0268  0.0264  0.0268  0.0268  0.0263  0.0267  0.0271  0.0267  0.0269  0.0264  0.0265
niter,ni,del,rscale     2    3    5.0000    0.5000
parameters
    0.7709   25.5078   -1.6991   -8.4433  -21.2285   -6.5990
    2.6646    2.3283   -2.0747   19.4739    3.0338  -27.5599
eta,q 0.97396  7.85339
  0.0266  0.0266  0.0263  0.0266  0.0265  0.0263  0.0265  0.0268  0.0265  0.0266  0.0263  0.0264
  0.0263  0.0263  0.0262  0.0263  0.0263  0.0261  0.0262  0.0264  0.0263  0.0263  0.0261  0.0262
  0.0261  0.0261  0.0261  0.0262  0.0261  0.0261  0.0261  0.0261  0.0261  0.0261  0.0261  0.0261
  0.0261  0.0261  0.0261  0.0261  0.0260  0.0260  0.0260  0.0260  0.0260  0.0260  0.0260  0.0260
  0.0261  0.0261  0.0261  0.0261  0.0261  0.0261  0.0261  0.0261  0.0261  0.0261  0.0261  0.0261
  0.0263  0.0263  0.0262  0.0262  0.0263  0.0262  0.0263  0.0264  0.0262  0.0263  0.0261  0.0262
  0.0266  0.0266  0.0263  0.0265  0.0266  0.0263  0.0265  0.0268  0.0265  0.0266  0.0263  0.0264
niter,ni,del,rscale     1    3    5.0000    0.4000
parameters
    0.7641   25.5114   -1.7014   -8.3124  -21.2409   -6.7237
    2.6549    2.3463   -2.0779   19.4405    3.0280  -27.5604
eta,q 0.97397  7.85164
  0.0264  0.0264  0.0262  0.0264  0.0264  0.0262  0.0263  0.0265  0.0263  0.0264  0.0262  0.0262
  0.0262  0.0262  0.0261  0.0262  0.0262  0.0261  0.0262  0.0263  0.0262  0.0262  0.0261  0.0261
  0.0261  0.0261  0.0261  0.0261  0.0261  0.0260  0.0261  0.0261  0.0261  0.0261  0.0261  0.0261
  0.0260  0.0260  0.0260  0.0260  0.0260  0.0260  0.0260  0.0260  0.0260  0.0260  0.0260  0.0260
  0.0261  0.0261  0.0261  0.0260  0.0261  0.0261  0.0261  0.0261  0.0261  0.0261  0.0260  0.0261
  0.0262  0.0262  0.0261  0.0261  0.0262  0.0261  0.0262  0.0263  0.0262  0.0262  0.0261  0.0261
  0.0264  0.0264  0.0262  0.0263  0.0264  0.0262  0.0263  0.0265  0.0263  0.0264  0.0262  0.0262
registration optimization eta report
parameter search radius
    0.8000    0.8000    0.8000    2.4000    2.4000    2.4000
    2.4000    2.4000    2.4000    2.4000    2.4000    2.4000
100000*second partial in parameter space
       59.       53.       27.        6.        6.        3.
        5.        9.        5.        7.        2.        4.
  0.0264  0.0264  0.0262  0.0264  0.0264  0.0262  0.0263  0.0265  0.0263  0.0264  0.0262  0.0262
  0.0262  0.0262  0.0261  0.0262  0.0262  0.0261  0.0262  0.0263  0.0262  0.0262  0.0261  0.0261
  0.0261  0.0261  0.0261  0.0261  0.0261  0.0260  0.0261  0.0261  0.0261  0.0261  0.0261  0.0261
  0.0260  0.0260  0.0260  0.0260  0.0260  0.0260  0.0260  0.0260  0.0260  0.0260  0.0260  0.0260
  0.0261  0.0261  0.0261  0.0260  0.0261  0.0261  0.0261  0.0261  0.0261  0.0261  0.0260  0.0261
  0.0262  0.0262  0.0261  0.0261  0.0262  0.0261  0.0262  0.0263  0.0262  0.0262  0.0261  0.0261
  0.0264  0.0264  0.0262  0.0263  0.0264  0.0262  0.0263  0.0265  0.0263  0.0264  0.0262  0.0262
    0.7641   25.5114   -1.7014   -8.3124  -21.2409   -6.7237
    2.6549    2.3463   -2.0779   19.4405    3.0280  -27.5604
eta,q 0.97397  7.85164

---------------------------------------------------------------------
compute_vox2vox talsrcimg talsrcimg_to_711-2C_as_mni_average_305_t4 /opt/freesurfer/average/711-2C_as_mni_average_305
---------------------------------------------------------------------

freesurfer compute_vox2vox.c
Reading: talsrcimg.4dfp.ifh
Reading: talsrcimg_to_711-2C_as_mni_average_305_t4
Reading: /opt/freesurfer/average/711-2C_as_mni_average_305.4dfp.ifh
Writing: talsrcimg_to_711-2C_as_mni_average_305_t4_vox2vox.txt

start time Sun Nov 24 05:19:48 UTC 2024
end		time Sun Nov 24 05:20:47 UTC 2024

mpr2mni305 success

avi2talxfm orig_nu.mgz /opt/freesurfer/average/mni305.cor.mgz talsrcimg_to_711-2C_as_mni_average_305_t4_vox2vox.txt transforms/talairach.auto.xfm
avi2talxfm done
mv -f /scratch/tmp/fs_mp2rage_tests2/sourcedata/freesurfer_memprage/sub-fsm24dz/mri/talsrcimg_to_711-2C_as_mni_average_305_t4_vox2vox.txt /scratch/tmp/fs_mp2rage_tests2/sourcedata/freesurfer_memprage/sub-fsm24dz/mri/transforms/talsrcimg_to_711-2C_as_mni_average_305_t4_vox2vox.txt
lta_convert --src orig_nu.mgz --trg /opt/freesurfer/average/mni305.cor.mgz --inxfm transforms/talairach.auto.xfm --outlta transforms/talairach.auto.xfm.lta --subject fsaverage
7.3.2

--src: orig_nu.mgz src image (geometry).
--trg: /opt/freesurfer/average/mni305.cor.mgz trg image (geometry).
--inmni: transforms/talairach.auto.xfm input MNI/XFM transform.
--outlta: transforms/talairach.auto.xfm.lta output LTA.
--s: fsaverage subject name
 LTA read, type : 1
 1.09029  -0.01842  -0.04320   3.16478;
-0.02507   0.99963   0.35065  -38.70578;
 0.03495  -0.24723   1.18200  -1.73247;
 0.00000   0.00000   0.00000   1.00000;
setting subject to fsaverage
Writing  LTA to file transforms/talairach.auto.xfm.lta...
lta_convert successful.
 
 
Started at Sun Nov 24 05:19:45 UTC 2024
Ended   at Sun Nov 24 05:20:48 UTC 2024
talairach_avi done
