status file for recon-all
Sun Nov 24 05:33:45 UTC 2024
#@# MotionCor Sun Nov 24 05:33:52 UTC 2024
#@# Talairach Sun Nov 24 05:34:09 UTC 2024
#@# Talairach Failure Detection Sun Nov 24 05:42:02 UTC 2024
#@# Nu Intensity Correction Sun Nov 24 05:42:02 UTC 2024
#@# Intensity Normalization Sun Nov 24 05:49:40 UTC 2024
recon-all -s sub-fsm50ww finished without error at Sun Nov 24 05:53:10 UTC 2024



#New# invocation of recon-all 



status file for recon-all
Sun Nov 24 08:27:09 UTC 2024
#@# EM Registration Sun Nov 24 08:27:09 UTC 2024
recon-all -s sub-fsm50ww finished without error at Sun Nov 24 08:36:19 UTC 2024



#New# invocation of recon-all 



status file for recon-all
Sun Nov 24 15:54:42 UTC 2024
#@# CA Normalize Sun Nov 24 15:54:42 UTC 2024
#@# CA Reg Sun Nov 24 15:57:11 UTC 2024
#@# SubCort Seg Sun Nov 24 17:59:29 UTC 2024
#@# CC Seg Sun Nov 24 19:19:42 UTC 2024
#@# Merge ASeg Sun Nov 24 19:21:09 UTC 2024
#@# Intensity Normalization2 Sun Nov 24 19:21:09 UTC 2024
#@# Mask BFS Sun Nov 24 19:26:32 UTC 2024
#@# WM Segmentation Sun Nov 24 19:26:34 UTC 2024
#@# Fill Sun Nov 24 19:32:01 UTC 2024
recon-all -s sub-fsm50ww finished without error at Sun Nov 24 19:34:25 UTC 2024



#New# invocation of recon-all 



status file for recon-all
Mon Nov 25 11:43:18 UTC 2024
#@# white curv lh Mon Nov 25 11:43:18 UTC 2024
#@# white area lh Mon Nov 25 11:43:19 UTC 2024
#@# pial curv lh Mon Nov 25 11:43:19 UTC 2024
#@# pial area lh Mon Nov 25 11:43:19 UTC 2024
#@# thickness lh Mon Nov 25 11:43:19 UTC 2024
#@# area and vertex vol lh Mon Nov 25 11:43:19 UTC 2024
#@# white curv rh Mon Nov 25 11:43:19 UTC 2024
#@# white area rh Mon Nov 25 11:43:19 UTC 2024
#@# pial curv rh Mon Nov 25 11:43:19 UTC 2024
#@# pial area rh Mon Nov 25 11:43:19 UTC 2024
#@# thickness rh Mon Nov 25 11:43:19 UTC 2024
#@# area and vertex vol rh Mon Nov 25 11:43:20 UTC 2024
#@# Cortical ribbon mask Mon Nov 25 11:43:20 UTC 2024
recon-all -s sub-fsm50ww finished without error at Mon Nov 25 11:53:22 UTC 2024



#New# invocation of recon-all 



status file for recon-all
Mon Nov 25 17:50:01 UTC 2024
#@# white curv lh Mon Nov 25 17:50:01 UTC 2024
#@# white area lh Mon Nov 25 17:50:01 UTC 2024
#@# pial curv lh Mon Nov 25 17:50:02 UTC 2024
#@# pial area lh Mon Nov 25 17:50:02 UTC 2024
#@# thickness lh Mon Nov 25 17:50:02 UTC 2024
#@# area and vertex vol lh Mon Nov 25 17:50:02 UTC 2024
#@# white curv rh Mon Nov 25 17:50:02 UTC 2024
#@# white area rh Mon Nov 25 17:50:02 UTC 2024
#@# pial curv rh Mon Nov 25 17:50:02 UTC 2024
#@# pial area rh Mon Nov 25 17:50:02 UTC 2024
#@# thickness rh Mon Nov 25 17:50:02 UTC 2024
#@# area and vertex vol rh Mon Nov 25 17:50:02 UTC 2024
#@# Curvature Stats lh Mon Nov 25 17:50:02 UTC 2024
#@# Curvature Stats rh Mon Nov 25 17:50:07 UTC 2024
#@# Relabel Hypointensities Mon Nov 25 17:50:12 UTC 2024
#@# APas-to-ASeg Mon Nov 25 17:50:45 UTC 2024
#@# AParc-to-ASeg aparc Mon Nov 25 17:51:03 UTC 2024
#@# AParc-to-ASeg aparc.a2009s Mon Nov 25 17:52:17 UTC 2024
#@# AParc-to-ASeg aparc.DKTatlas Mon Nov 25 17:53:40 UTC 2024
#@# WMParc Mon Nov 25 17:54:57 UTC 2024
#@# ASeg Stats Mon Nov 25 18:01:03 UTC 2024
recon-all -s sub-fsm50ww finished without error at Mon Nov 25 18:02:31 UTC 2024
