Log file for defect2seg
Sun Nov 24 13:06:17 UTC 2024

setenv SUBJECTS_DIR /scratch/tmp/fs_mp2rage_tests/sourcedata/freesurfer_mp2rage
cd /scratch/tmp/fs_mp2rage_tests/sourcedata/freesurfer_mp2rage/sub-fsm40mn/scripts
/opt/freesurfer/bin/defect2seg --s sub-fsm40mn --rh-only --cortex

freesurfer-linux-ubuntu22_x86_64-7.3.2-20220804-6354275
defect2seg 7.3.2
Linux elm.criugm.qc.ca 5.15.0-113-generic #123-Ubuntu SMP Mon Jun 10 08:16:17 UTC 2024 x86_64 x86_64 x86_64 GNU/Linux
pid 1966012
mri_label2label --label-cortex /scratch/tmp/fs_mp2rage_tests/sourcedata/freesurfer_mp2rage/sub-fsm40mn/surf/rh.orig.nofix /scratch/tmp/fs_mp2rage_tests/sourcedata/freesurfer_mp2rage/sub-fsm40mn/mri/aseg.presurf.mgz 0 /scratch/tmp/fs_mp2rage_tests/sourcedata/freesurfer_mp2rage/sub-fsm40mn/label/rh.nofix.cortex.label

 Generating cortex label... RemoveHipAmgy=0
 NucAccIsMedialWall=0
 mris->useRealRAS=0
23 non-cortical segments detected
only using segment with 7029 vertices
erasing segment 1 (vno[0] = 43118)
erasing segment 2 (vno[0] = 43924)
erasing segment 3 (vno[0] = 45991)
erasing segment 4 (vno[0] = 77911)
erasing segment 5 (vno[0] = 84789)
erasing segment 6 (vno[0] = 86440)
erasing segment 7 (vno[0] = 86518)
erasing segment 8 (vno[0] = 86521)
erasing segment 9 (vno[0] = 89481)
erasing segment 10 (vno[0] = 90372)
erasing segment 11 (vno[0] = 90405)
erasing segment 12 (vno[0] = 90439)
erasing segment 13 (vno[0] = 91166)
erasing segment 14 (vno[0] = 91351)
erasing segment 15 (vno[0] = 94354)
erasing segment 16 (vno[0] = 95931)
erasing segment 17 (vno[0] = 96712)
erasing segment 18 (vno[0] = 97300)
erasing segment 19 (vno[0] = 98707)
erasing segment 20 (vno[0] = 99413)
erasing segment 21 (vno[0] = 100103)
erasing segment 22 (vno[0] = 100754)
mri_label2vol --defects /scratch/tmp/fs_mp2rage_tests/sourcedata/freesurfer_mp2rage/sub-fsm40mn/surf/rh.orig.nofix /scratch/tmp/fs_mp2rage_tests/sourcedata/freesurfer_mp2rage/sub-fsm40mn/surf/rh.defect_labels /scratch/tmp/fs_mp2rage_tests/sourcedata/freesurfer_mp2rage/sub-fsm40mn/mri/orig.mgz 2000 0 /scratch/tmp/fs_mp2rage_tests/sourcedata/freesurfer_mp2rage/sub-fsm40mn/mri/rh.surface.defects.mgz /scratch/tmp/fs_mp2rage_tests/sourcedata/freesurfer_mp2rage/sub-fsm40mn/label/rh.nofix.cortex.label
mri_label2vol supposed to be reproducible but seed not set
Contraining to label /scratch/tmp/fs_mp2rage_tests/sourcedata/freesurfer_mp2rage/sub-fsm40mn/label/rh.nofix.cortex.label
Changing input type 0 to MRI_INT
Converting defects to volume: offset=2000, merge=0
Writing to /scratch/tmp/fs_mp2rage_tests/sourcedata/freesurfer_mp2rage/sub-fsm40mn/mri/rh.surface.defects.mgz
mris_defects_pointset -s /scratch/tmp/fs_mp2rage_tests/sourcedata/freesurfer_mp2rage/sub-fsm40mn/surf/rh.orig.nofix -d /scratch/tmp/fs_mp2rage_tests/sourcedata/freesurfer_mp2rage/sub-fsm40mn/surf/rh.defect_labels -o /scratch/tmp/fs_mp2rage_tests/sourcedata/freesurfer_mp2rage/sub-fsm40mn/surf/rh.defects.pointset --label /scratch/tmp/fs_mp2rage_tests/sourcedata/freesurfer_mp2rage/sub-fsm40mn/label/rh.nofix.cortex.label
Reading in surface /scratch/tmp/fs_mp2rage_tests/sourcedata/freesurfer_mp2rage/sub-fsm40mn/surf/rh.orig.nofix
Reading in defect segmentation /scratch/tmp/fs_mp2rage_tests/sourcedata/freesurfer_mp2rage/sub-fsm40mn/surf/rh.defect_labels
Reading in label /scratch/tmp/fs_mp2rage_tests/sourcedata/freesurfer_mp2rage/sub-fsm40mn/label/rh.nofix.cortex.label
#VMPC# mris_defects_pointset 694292
mris_defects_pointset done
 
Started at Sun Nov 24 13:06:17 UTC 2024 
Ended   at Sun Nov 24 13:06:52 UTC 2024
Defect2seg-Run-Time-Sec 35
Defect2seg-Run-Time-Min 0.70
Defect2seg-Run-Time-Hours 0.01
 
defect2seg Done
