Log file for defect2seg
Mon Nov 25 08:52:43 UTC 2024

setenv SUBJECTS_DIR /scratch/tmp/fs_mp2rage_tests2/sourcedata/freesurfer_memprage
cd /scratch/tmp/fs_mp2rage_tests2/sourcedata/freesurfer_memprage/sub-fsm40mn/scripts
/opt/freesurfer/bin/defect2seg --s sub-fsm40mn --rh-only --cortex

freesurfer-linux-ubuntu22_x86_64-7.3.2-20220804-6354275
defect2seg 7.3.2
Linux elm.criugm.qc.ca 5.15.0-113-generic #123-Ubuntu SMP Mon Jun 10 08:16:17 UTC 2024 x86_64 x86_64 x86_64 GNU/Linux
pid 2239397
mri_label2label --label-cortex /scratch/tmp/fs_mp2rage_tests2/sourcedata/freesurfer_memprage/sub-fsm40mn/surf/rh.orig.nofix /scratch/tmp/fs_mp2rage_tests2/sourcedata/freesurfer_memprage/sub-fsm40mn/mri/aseg.presurf.mgz 0 /scratch/tmp/fs_mp2rage_tests2/sourcedata/freesurfer_memprage/sub-fsm40mn/label/rh.nofix.cortex.label

 Generating cortex label... RemoveHipAmgy=0
 NucAccIsMedialWall=0
 mris->useRealRAS=0
13 non-cortical segments detected
only using segment with 7549 vertices
erasing segment 1 (vno[0] = 49683)
erasing segment 2 (vno[0] = 50819)
erasing segment 3 (vno[0] = 69154)
erasing segment 4 (vno[0] = 69159)
erasing segment 5 (vno[0] = 97073)
erasing segment 6 (vno[0] = 97936)
erasing segment 7 (vno[0] = 97941)
erasing segment 8 (vno[0] = 102187)
erasing segment 9 (vno[0] = 102201)
erasing segment 10 (vno[0] = 103287)
erasing segment 11 (vno[0] = 108286)
erasing segment 12 (vno[0] = 111753)
mri_label2vol --defects /scratch/tmp/fs_mp2rage_tests2/sourcedata/freesurfer_memprage/sub-fsm40mn/surf/rh.orig.nofix /scratch/tmp/fs_mp2rage_tests2/sourcedata/freesurfer_memprage/sub-fsm40mn/surf/rh.defect_labels /scratch/tmp/fs_mp2rage_tests2/sourcedata/freesurfer_memprage/sub-fsm40mn/mri/orig.mgz 2000 0 /scratch/tmp/fs_mp2rage_tests2/sourcedata/freesurfer_memprage/sub-fsm40mn/mri/rh.surface.defects.mgz /scratch/tmp/fs_mp2rage_tests2/sourcedata/freesurfer_memprage/sub-fsm40mn/label/rh.nofix.cortex.label
mri_label2vol supposed to be reproducible but seed not set
Contraining to label /scratch/tmp/fs_mp2rage_tests2/sourcedata/freesurfer_memprage/sub-fsm40mn/label/rh.nofix.cortex.label
Changing input type 0 to MRI_INT
Converting defects to volume: offset=2000, merge=0
Writing to /scratch/tmp/fs_mp2rage_tests2/sourcedata/freesurfer_memprage/sub-fsm40mn/mri/rh.surface.defects.mgz
mris_defects_pointset -s /scratch/tmp/fs_mp2rage_tests2/sourcedata/freesurfer_memprage/sub-fsm40mn/surf/rh.orig.nofix -d /scratch/tmp/fs_mp2rage_tests2/sourcedata/freesurfer_memprage/sub-fsm40mn/surf/rh.defect_labels -o /scratch/tmp/fs_mp2rage_tests2/sourcedata/freesurfer_memprage/sub-fsm40mn/surf/rh.defects.pointset --label /scratch/tmp/fs_mp2rage_tests2/sourcedata/freesurfer_memprage/sub-fsm40mn/label/rh.nofix.cortex.label
Reading in surface /scratch/tmp/fs_mp2rage_tests2/sourcedata/freesurfer_memprage/sub-fsm40mn/surf/rh.orig.nofix
Reading in defect segmentation /scratch/tmp/fs_mp2rage_tests2/sourcedata/freesurfer_memprage/sub-fsm40mn/surf/rh.defect_labels
Reading in label /scratch/tmp/fs_mp2rage_tests2/sourcedata/freesurfer_memprage/sub-fsm40mn/label/rh.nofix.cortex.label
#VMPC# mris_defects_pointset 675168
mris_defects_pointset done
 
Started at Mon Nov 25 08:52:43 UTC 2024 
Ended   at Mon Nov 25 08:53:38 UTC 2024
Defect2seg-Run-Time-Sec 55
Defect2seg-Run-Time-Min 1.10
Defect2seg-Run-Time-Hours 0.02
 
defect2seg Done
