status file for recon-all
Mon Nov 25 08:45:24 UTC 2024
#@# Tessellate lh Mon Nov 25 08:45:24 UTC 2024
#@# Smooth1 lh Mon Nov 25 08:45:38 UTC 2024
#@# Inflation1 lh Mon Nov 25 08:45:47 UTC 2024
#@# QSphere lh Mon Nov 25 08:46:19 UTC 2024
#@# Fix Topology lh Mon Nov 25 08:49:18 UTC 2024
#@# Smooth2 lh Mon Nov 25 09:13:20 UTC 2024
#@# Inflation2 lh Mon Nov 25 09:13:29 UTC 2024
#@# Curv .H and .K lh Mon Nov 25 09:14:11 UTC 2024
#@# Sphere lh Mon Nov 25 09:16:08 UTC 2024
#@# Surf Reg lh Mon Nov 25 09:24:33 UTC 2024
#@# Jacobian white lh Mon Nov 25 09:37:22 UTC 2024
#@# AvgCurv lh Mon Nov 25 09:37:24 UTC 2024
#@# Cortical Parc lh Mon Nov 25 09:37:26 UTC 2024
#@# white curv lh Mon Nov 25 10:07:11 UTC 2024
#@# white area lh Mon Nov 25 10:07:16 UTC 2024
#@# pial curv lh Mon Nov 25 10:07:18 UTC 2024
#@# pial area lh Mon Nov 25 10:07:23 UTC 2024
#@# thickness lh Mon Nov 25 10:07:25 UTC 2024
#@# area and vertex vol lh Mon Nov 25 10:08:43 UTC 2024
#@# Curvature Stats lh Mon Nov 25 10:08:48 UTC 2024
#@# Cortical Parc 2 lh Mon Nov 25 10:08:56 UTC 2024
#@# Cortical Parc 3 lh Mon Nov 25 10:09:34 UTC 2024
#@# WM/GM Contrast lh Mon Nov 25 10:10:09 UTC 2024
recon-all -s sub-fsm40mn finished without error at Mon Nov 25 10:10:18 UTC 2024



#New# invocation of recon-all 



status file for recon-all
Mon Nov 25 17:22:21 UTC 2024
#@# white curv lh Mon Nov 25 17:22:21 UTC 2024
#@# white area lh Mon Nov 25 17:22:21 UTC 2024
#@# pial curv lh Mon Nov 25 17:22:21 UTC 2024
#@# pial area lh Mon Nov 25 17:22:21 UTC 2024
#@# thickness lh Mon Nov 25 17:22:21 UTC 2024
#@# area and vertex vol lh Mon Nov 25 17:22:21 UTC 2024
#@# Parcellation Stats lh Mon Nov 25 17:22:21 UTC 2024
#@# Parcellation Stats 2 lh Mon Nov 25 17:23:30 UTC 2024
#@# Parcellation Stats 3 lh Mon Nov 25 17:24:07 UTC 2024
#@# BA_exvivo Labels lh Mon Nov 25 17:24:41 UTC 2024
recon-all -s sub-fsm40mn finished without error at Mon Nov 25 17:30:32 UTC 2024
