status file for recon-all
Mon Nov 25 08:45:40 UTC 2024
#@# Tessellate rh Mon Nov 25 08:45:41 UTC 2024
#@# Smooth1 rh Mon Nov 25 08:45:58 UTC 2024
#@# Inflation1 rh Mon Nov 25 08:46:08 UTC 2024
#@# QSphere rh Mon Nov 25 08:46:35 UTC 2024
#@# Fix Topology rh Mon Nov 25 08:50:06 UTC 2024
#@# Smooth2 rh Mon Nov 25 09:14:08 UTC 2024
#@# Inflation2 rh Mon Nov 25 09:14:18 UTC 2024
#@# Curv .H and .K rh Mon Nov 25 09:14:58 UTC 2024
#@# Sphere rh Mon Nov 25 09:16:50 UTC 2024
#@# Surf Reg rh Mon Nov 25 09:30:10 UTC 2024
#@# Jacobian white rh Mon Nov 25 09:44:39 UTC 2024
#@# AvgCurv rh Mon Nov 25 09:44:41 UTC 2024
#@# Cortical Parc rh Mon Nov 25 09:44:44 UTC 2024
#@# white curv rh Mon Nov 25 10:10:42 UTC 2024
#@# white area rh Mon Nov 25 10:10:48 UTC 2024
#@# pial curv rh Mon Nov 25 10:10:50 UTC 2024
#@# pial area rh Mon Nov 25 10:10:55 UTC 2024
#@# thickness rh Mon Nov 25 10:10:57 UTC 2024
#@# area and vertex vol rh Mon Nov 25 10:12:23 UTC 2024
#@# Curvature Stats rh Mon Nov 25 10:12:29 UTC 2024
#@# Cortical Parc 2 rh Mon Nov 25 10:12:36 UTC 2024
#@# Cortical Parc 3 rh Mon Nov 25 10:13:19 UTC 2024
#@# WM/GM Contrast rh Mon Nov 25 10:13:54 UTC 2024
recon-all -s sub-fsm40mn finished without error at Mon Nov 25 10:14:04 UTC 2024



#New# invocation of recon-all 



status file for recon-all
Mon Nov 25 17:28:06 UTC 2024
#@# white curv rh Mon Nov 25 17:28:07 UTC 2024
#@# white area rh Mon Nov 25 17:28:07 UTC 2024
#@# pial curv rh Mon Nov 25 17:28:07 UTC 2024
#@# pial area rh Mon Nov 25 17:28:07 UTC 2024
#@# thickness rh Mon Nov 25 17:28:07 UTC 2024
#@# area and vertex vol rh Mon Nov 25 17:28:07 UTC 2024
#@# Parcellation Stats rh Mon Nov 25 17:28:07 UTC 2024
#@# Parcellation Stats 2 rh Mon Nov 25 17:29:17 UTC 2024
#@# Parcellation Stats 3 rh Mon Nov 25 17:29:54 UTC 2024
#@# BA_exvivo Labels rh Mon Nov 25 17:30:28 UTC 2024
recon-all -s sub-fsm40mn finished without error at Mon Nov 25 17:36:24 UTC 2024
