status file for recon-all
Sun Nov 24 17:40:23 UTC 2024
#@# Tessellate lh Sun Nov 24 17:40:23 UTC 2024
#@# Smooth1 lh Sun Nov 24 17:40:39 UTC 2024
#@# Inflation1 lh Sun Nov 24 17:40:45 UTC 2024
#@# QSphere lh Sun Nov 24 17:41:11 UTC 2024
#@# Fix Topology lh Sun Nov 24 17:43:42 UTC 2024
#@# Smooth2 lh Sun Nov 24 17:55:32 UTC 2024
#@# Inflation2 lh Sun Nov 24 17:55:38 UTC 2024
#@# Curv .H and .K lh Sun Nov 24 17:56:01 UTC 2024
#@# Sphere lh Sun Nov 24 17:57:20 UTC 2024
#@# Surf Reg lh Sun Nov 24 17:59:56 UTC 2024
#@# Jacobian white lh Sun Nov 24 18:06:58 UTC 2024
#@# AvgCurv lh Sun Nov 24 18:06:59 UTC 2024
#@# Cortical Parc lh Sun Nov 24 18:07:01 UTC 2024
#@# white curv lh Sun Nov 24 18:19:56 UTC 2024
#@# white area lh Sun Nov 24 18:19:59 UTC 2024
#@# pial curv lh Sun Nov 24 18:20:01 UTC 2024
#@# pial area lh Sun Nov 24 18:20:04 UTC 2024
#@# thickness lh Sun Nov 24 18:20:05 UTC 2024
#@# area and vertex vol lh Sun Nov 24 18:20:54 UTC 2024
#@# Curvature Stats lh Sun Nov 24 18:20:57 UTC 2024
#@# Cortical Parc 2 lh Sun Nov 24 18:21:02 UTC 2024
#@# Cortical Parc 3 lh Sun Nov 24 18:21:26 UTC 2024
#@# WM/GM Contrast lh Sun Nov 24 18:21:47 UTC 2024
recon-all -s sub-fsm90ao finished without error at Sun Nov 24 18:21:52 UTC 2024



#New# invocation of recon-all 



status file for recon-all
Sun Nov 24 21:11:24 UTC 2024
#@# white curv lh Sun Nov 24 21:11:24 UTC 2024
#@# white area lh Sun Nov 24 21:11:24 UTC 2024
#@# pial curv lh Sun Nov 24 21:11:24 UTC 2024
#@# pial area lh Sun Nov 24 21:11:24 UTC 2024
#@# thickness lh Sun Nov 24 21:11:24 UTC 2024
#@# area and vertex vol lh Sun Nov 24 21:11:24 UTC 2024
#@# Parcellation Stats lh Sun Nov 24 21:11:24 UTC 2024
#@# Parcellation Stats 2 lh Sun Nov 24 21:12:27 UTC 2024
#@# Parcellation Stats 3 lh Sun Nov 24 21:13:01 UTC 2024
#@# BA_exvivo Labels lh Sun Nov 24 21:13:30 UTC 2024
recon-all -s sub-fsm90ao finished without error at Sun Nov 24 21:19:45 UTC 2024
