status file for recon-all
Mon Nov 25 14:25:02 UTC 2024
#@# Tessellate rh Mon Nov 25 14:25:02 UTC 2024
#@# Smooth1 rh Mon Nov 25 14:25:15 UTC 2024
#@# Inflation1 rh Mon Nov 25 14:25:21 UTC 2024
#@# QSphere rh Mon Nov 25 14:25:41 UTC 2024
#@# Fix Topology rh Mon Nov 25 14:27:51 UTC 2024
#@# Smooth2 rh Mon Nov 25 14:37:05 UTC 2024
#@# Inflation2 rh Mon Nov 25 14:37:11 UTC 2024
#@# Curv .H and .K rh Mon Nov 25 14:37:36 UTC 2024
#@# Sphere rh Mon Nov 25 14:38:55 UTC 2024
#@# Surf Reg rh Mon Nov 25 14:41:37 UTC 2024
#@# Jacobian white rh Mon Nov 25 14:49:17 UTC 2024
#@# AvgCurv rh Mon Nov 25 14:49:19 UTC 2024
#@# Cortical Parc rh Mon Nov 25 14:49:20 UTC 2024
#@# white curv rh Mon Nov 25 15:02:50 UTC 2024
#@# white area rh Mon Nov 25 15:02:53 UTC 2024
#@# pial curv rh Mon Nov 25 15:02:55 UTC 2024
#@# pial area rh Mon Nov 25 15:02:58 UTC 2024
#@# thickness rh Mon Nov 25 15:03:00 UTC 2024
#@# area and vertex vol rh Mon Nov 25 15:03:52 UTC 2024
#@# Curvature Stats rh Mon Nov 25 15:03:56 UTC 2024
#@# Cortical Parc 2 rh Mon Nov 25 15:04:02 UTC 2024
#@# Cortical Parc 3 rh Mon Nov 25 15:04:29 UTC 2024
#@# WM/GM Contrast rh Mon Nov 25 15:04:49 UTC 2024
recon-all -s sub-fsm90ao finished without error at Mon Nov 25 15:04:55 UTC 2024



#New# invocation of recon-all 



status file for recon-all
Mon Nov 25 18:20:41 UTC 2024
#@# white curv rh Mon Nov 25 18:20:41 UTC 2024
#@# white area rh Mon Nov 25 18:20:41 UTC 2024
#@# pial curv rh Mon Nov 25 18:20:41 UTC 2024
#@# pial area rh Mon Nov 25 18:20:42 UTC 2024
#@# thickness rh Mon Nov 25 18:20:42 UTC 2024
#@# area and vertex vol rh Mon Nov 25 18:20:42 UTC 2024
#@# Parcellation Stats rh Mon Nov 25 18:20:42 UTC 2024
#@# Parcellation Stats 2 rh Mon Nov 25 18:21:26 UTC 2024
#@# Parcellation Stats 3 rh Mon Nov 25 18:21:48 UTC 2024
#@# BA_exvivo Labels rh Mon Nov 25 18:22:11 UTC 2024
recon-all -s sub-fsm90ao finished without error at Mon Nov 25 18:27:11 UTC 2024
