status file for recon-all
Mon Nov 25 14:21:41 UTC 2024
#@# Tessellate lh Mon Nov 25 14:21:41 UTC 2024
#@# Smooth1 lh Mon Nov 25 14:21:55 UTC 2024
#@# Inflation1 lh Mon Nov 25 14:22:00 UTC 2024
#@# QSphere lh Mon Nov 25 14:22:22 UTC 2024
#@# Fix Topology lh Mon Nov 25 14:24:49 UTC 2024
#@# Smooth2 lh Mon Nov 25 14:35:32 UTC 2024
#@# Inflation2 lh Mon Nov 25 14:35:37 UTC 2024
#@# Curv .H and .K lh Mon Nov 25 14:35:57 UTC 2024
#@# Sphere lh Mon Nov 25 14:37:14 UTC 2024
#@# Surf Reg lh Mon Nov 25 14:40:02 UTC 2024
#@# Jacobian white lh Mon Nov 25 14:47:02 UTC 2024
#@# AvgCurv lh Mon Nov 25 14:47:05 UTC 2024
#@# Cortical Parc lh Mon Nov 25 14:47:07 UTC 2024
#@# white curv lh Mon Nov 25 15:00:56 UTC 2024
#@# white area lh Mon Nov 25 15:00:59 UTC 2024
#@# pial curv lh Mon Nov 25 15:01:01 UTC 2024
#@# pial area lh Mon Nov 25 15:01:04 UTC 2024
#@# thickness lh Mon Nov 25 15:01:06 UTC 2024
#@# area and vertex vol lh Mon Nov 25 15:01:58 UTC 2024
#@# Curvature Stats lh Mon Nov 25 15:02:01 UTC 2024
#@# Cortical Parc 2 lh Mon Nov 25 15:02:06 UTC 2024
#@# Cortical Parc 3 lh Mon Nov 25 15:02:33 UTC 2024
#@# WM/GM Contrast lh Mon Nov 25 15:02:55 UTC 2024
recon-all -s sub-fsm90ao finished without error at Mon Nov 25 15:03:02 UTC 2024



#New# invocation of recon-all 



status file for recon-all
Mon Nov 25 18:17:45 UTC 2024
#@# white curv lh Mon Nov 25 18:17:46 UTC 2024
#@# white area lh Mon Nov 25 18:17:46 UTC 2024
#@# pial curv lh Mon Nov 25 18:17:46 UTC 2024
#@# pial area lh Mon Nov 25 18:17:46 UTC 2024
#@# thickness lh Mon Nov 25 18:17:46 UTC 2024
#@# area and vertex vol lh Mon Nov 25 18:17:46 UTC 2024
#@# Parcellation Stats lh Mon Nov 25 18:17:46 UTC 2024
#@# Parcellation Stats 2 lh Mon Nov 25 18:18:30 UTC 2024
#@# Parcellation Stats 3 lh Mon Nov 25 18:18:53 UTC 2024
#@# BA_exvivo Labels lh Mon Nov 25 18:19:15 UTC 2024
recon-all -s sub-fsm90ao finished without error at Mon Nov 25 18:24:14 UTC 2024
