status file for recon-all
Sun Nov 24 15:43:50 UTC 2024
#@# Tessellate rh Sun Nov 24 15:43:50 UTC 2024
#@# Smooth1 rh Sun Nov 24 15:44:02 UTC 2024
#@# Inflation1 rh Sun Nov 24 15:44:08 UTC 2024
#@# QSphere rh Sun Nov 24 15:44:27 UTC 2024
#@# Fix Topology rh Sun Nov 24 15:46:13 UTC 2024
#@# Smooth2 rh Sun Nov 24 15:58:50 UTC 2024
#@# Inflation2 rh Sun Nov 24 15:58:57 UTC 2024
#@# Curv .H and .K rh Sun Nov 24 15:59:24 UTC 2024
#@# Sphere rh Sun Nov 24 16:00:47 UTC 2024
#@# Surf Reg rh Sun Nov 24 16:05:21 UTC 2024
#@# Jacobian white rh Sun Nov 24 16:13:27 UTC 2024
#@# AvgCurv rh Sun Nov 24 16:13:28 UTC 2024
#@# Cortical Parc rh Sun Nov 24 16:13:30 UTC 2024
#@# white curv rh Sun Nov 24 16:30:23 UTC 2024
#@# white area rh Sun Nov 24 16:30:28 UTC 2024
#@# pial curv rh Sun Nov 24 16:30:30 UTC 2024
#@# pial area rh Sun Nov 24 16:30:34 UTC 2024
#@# thickness rh Sun Nov 24 16:30:36 UTC 2024
#@# area and vertex vol rh Sun Nov 24 16:31:47 UTC 2024
#@# Curvature Stats rh Sun Nov 24 16:31:50 UTC 2024
#@# Cortical Parc 2 rh Sun Nov 24 16:31:57 UTC 2024
#@# Cortical Parc 3 rh Sun Nov 24 16:32:28 UTC 2024
#@# WM/GM Contrast rh Sun Nov 24 16:32:55 UTC 2024
recon-all -s sub-fsm79bf finished without error at Sun Nov 24 16:33:02 UTC 2024



#New# invocation of recon-all 



status file for recon-all
Sun Nov 24 20:33:26 UTC 2024
#@# white curv rh Sun Nov 24 20:33:26 UTC 2024
#@# white area rh Sun Nov 24 20:33:26 UTC 2024
#@# pial curv rh Sun Nov 24 20:33:26 UTC 2024
#@# pial area rh Sun Nov 24 20:33:26 UTC 2024
#@# thickness rh Sun Nov 24 20:33:26 UTC 2024
#@# area and vertex vol rh Sun Nov 24 20:33:26 UTC 2024
#@# Parcellation Stats rh Sun Nov 24 20:33:26 UTC 2024
#@# Parcellation Stats 2 rh Sun Nov 24 20:34:30 UTC 2024
#@# Parcellation Stats 3 rh Sun Nov 24 20:35:01 UTC 2024
#@# BA_exvivo Labels rh Sun Nov 24 20:35:34 UTC 2024
recon-all -s sub-fsm79bf finished without error at Sun Nov 24 20:42:19 UTC 2024
