status file for recon-all
Sat Nov 23 16:07:50 UTC 2024
#@# MotionCor Sat Nov 23 16:07:56 UTC 2024
#@# Talairach Sat Nov 23 16:08:09 UTC 2024
#@# Talairach Failure Detection Sat Nov 23 16:15:27 UTC 2024
#@# Nu Intensity Correction Sat Nov 23 16:15:27 UTC 2024
#@# Intensity Normalization Sat Nov 23 16:22:33 UTC 2024
recon-all -s sub-fsm87qb finished without error at Sat Nov 23 16:26:20 UTC 2024



#New# invocation of recon-all 



status file for recon-all
Sat Nov 23 18:06:25 UTC 2024
#@# EM Registration Sat Nov 23 18:06:25 UTC 2024
recon-all -s sub-fsm87qb finished without error at Sat Nov 23 18:10:55 UTC 2024



#New# invocation of recon-all 



status file for recon-all
Sun Nov 24 06:43:49 UTC 2024
#@# CA Normalize Sun Nov 24 06:43:49 UTC 2024
#@# CA Reg Sun Nov 24 06:46:29 UTC 2024
#@# SubCort Seg Sun Nov 24 08:48:49 UTC 2024
#@# CC Seg Sun Nov 24 09:50:54 UTC 2024
#@# Merge ASeg Sun Nov 24 09:52:13 UTC 2024
#@# Intensity Normalization2 Sun Nov 24 09:52:13 UTC 2024
#@# Mask BFS Sun Nov 24 09:58:18 UTC 2024
#@# WM Segmentation Sun Nov 24 09:58:21 UTC 2024
#@# Fill Sun Nov 24 10:03:06 UTC 2024
recon-all -s sub-fsm87qb finished without error at Sun Nov 24 10:05:39 UTC 2024



#New# invocation of recon-all 



status file for recon-all
Sun Nov 24 18:23:39 UTC 2024
#@# white curv lh Sun Nov 24 18:23:39 UTC 2024
#@# white area lh Sun Nov 24 18:23:39 UTC 2024
#@# pial curv lh Sun Nov 24 18:23:39 UTC 2024
#@# pial area lh Sun Nov 24 18:23:39 UTC 2024
#@# thickness lh Sun Nov 24 18:23:39 UTC 2024
#@# area and vertex vol lh Sun Nov 24 18:23:39 UTC 2024
#@# white curv rh Sun Nov 24 18:23:39 UTC 2024
#@# white area rh Sun Nov 24 18:23:39 UTC 2024
#@# pial curv rh Sun Nov 24 18:23:39 UTC 2024
#@# pial area rh Sun Nov 24 18:23:39 UTC 2024
#@# thickness rh Sun Nov 24 18:23:39 UTC 2024
#@# area and vertex vol rh Sun Nov 24 18:23:39 UTC 2024
#@# Cortical ribbon mask Sun Nov 24 18:23:39 UTC 2024
recon-all -s sub-fsm87qb finished without error at Sun Nov 24 18:30:50 UTC 2024



#New# invocation of recon-all 



status file for recon-all
Sun Nov 24 21:32:40 UTC 2024
#@# white curv lh Sun Nov 24 21:32:41 UTC 2024
#@# white area lh Sun Nov 24 21:32:41 UTC 2024
#@# pial curv lh Sun Nov 24 21:32:41 UTC 2024
#@# pial area lh Sun Nov 24 21:32:41 UTC 2024
#@# thickness lh Sun Nov 24 21:32:41 UTC 2024
#@# area and vertex vol lh Sun Nov 24 21:32:41 UTC 2024
#@# white curv rh Sun Nov 24 21:32:41 UTC 2024
#@# white area rh Sun Nov 24 21:32:41 UTC 2024
#@# pial curv rh Sun Nov 24 21:32:41 UTC 2024
#@# pial area rh Sun Nov 24 21:32:41 UTC 2024
#@# thickness rh Sun Nov 24 21:32:41 UTC 2024
#@# area and vertex vol rh Sun Nov 24 21:32:41 UTC 2024
#@# Curvature Stats lh Sun Nov 24 21:32:41 UTC 2024
#@# Curvature Stats rh Sun Nov 24 21:32:46 UTC 2024
#@# Relabel Hypointensities Sun Nov 24 21:32:51 UTC 2024
#@# APas-to-ASeg Sun Nov 24 21:33:28 UTC 2024
#@# AParc-to-ASeg aparc Sun Nov 24 21:33:48 UTC 2024
#@# AParc-to-ASeg aparc.a2009s Sun Nov 24 21:34:59 UTC 2024
#@# AParc-to-ASeg aparc.DKTatlas Sun Nov 24 21:36:02 UTC 2024
#@# WMParc Sun Nov 24 21:37:00 UTC 2024
#@# ASeg Stats Sun Nov 24 21:42:31 UTC 2024
recon-all -s sub-fsm87qb finished without error at Sun Nov 24 21:43:51 UTC 2024
