/scratch/tmp/fs_mp2rage_tests2/sourcedata/freesurfer_memprage/sub-fsm22db/mri
/opt/freesurfer/bin/talairach_avi
--i orig_nu.mgz --xfm transforms/talairach.auto.xfm
talairach_avi 7.3.2
Linux elm.criugm.qc.ca 5.15.0-113-generic #123-Ubuntu SMP Mon Jun 10 08:16:17 UTC 2024 x86_64 x86_64 x86_64 GNU/Linux
Sun Nov 24 05:18:36 UTC 2024
mri_convert orig_nu.mgz talsrcimg.img 
reading from orig_nu.mgz...
TR=0.00, TE=0.00, TI=0.00, flip angle=0.00
i_ras = (-1, -9.31323e-10, 1.86265e-09)
j_ras = (-1.86265e-09, 7.45058e-09, -1)
k_ras = (6.98492e-10, 1, 7.45058e-09)
writing to talsrcimg.img...
Analyze Output Matrix
-1.00000  -0.00000   0.00000   129.61658;
-0.00000   0.00000   1.00000  -112.33189;
 0.00000  -1.00000   0.00000   111.70180;
 0.00000   0.00000   0.00000   1.00000;
--------------------
INFO: set hdr.hist.orient to -1
mpr2mni305 talsrcimg
Sun Nov 24 05:18:40 UTC 2024
/opt/freesurfer/bin/mpr2mni305 talsrcimg
mpr2mni305 7.3.2
target=711-2C_as_mni_average_305

---------------------------------------------------------------------
analyzeto4dfp talsrcimg -O0 -y
---------------------------------------------------------------------

freesurfer ifh2hdr.c
Sun Nov 24 05:18:41 2024
Writing: talsrcimg.4dfp.hdr
freesurfer analyzeto4dfp.c
Reading: talsrcimg.hdr
header size 348 bytes
hdr.dime.datatype	offset=70	value=2
hdr.dime.bitpix		offset=72	value=8
hdr.hist.orient		offset=252	value=-1
dimensionality     4
dimensions       256       256       256         1
Reading: talsrcimg.img
Writing: talsrcimg.4dfp.img
Writing: talsrcimg.4dfp.ifh
ifh2hdr talsrcimg -r0to255
ori=2

---------------------------------------------------------------------
gauss_4dfp talsrcimg 1.1
---------------------------------------------------------------------

freesurfer gauss_4dfp.c
Reading: talsrcimg.4dfp.img
Writing: talsrcimg_g11.4dfp.img
image dimensions 256 256 256 padded to 288 288 288
processing volume 1freesurfer ifh2hdr.c
Sun Nov 24 05:18:51 2024
Writing: talsrcimg_g11.4dfp.hdr

Writing: talsrcimg_g11.4dfp.ifh
including: talsrcimg.4dfp.img.rec in talsrcimg_g11.4dfp.img.rec

---------------------------------------------------------------------
imgreg_4dfp /opt/freesurfer/average/711-2C_as_mni_average_305 none talsrcimg_g11 none talsrcimg_to_711-2C_as_mni_average_305_t4 4355
---------------------------------------------------------------------

freesurfer imgreg_4dfp.c
/opt/freesurfer/average/711-2C_as_mni_average_305.4dfp.img
       256       256       256         1
  1.000000  1.000000  1.000000
orientation T byte_order littleendian
Reading image: /opt/freesurfer/average/711-2C_as_mni_average_305.4dfp.img
dimensions:      256       256       256
mmppix:       1.0000   -1.0000   -1.0000
center:     128.0000 -129.0000 -129.0000
talsrcimg_g11.4dfp.img
       256       256       256         1
  1.000000  1.000000  1.000000
orientation T byte_order littleendian
Reading image: talsrcimg_g11.4dfp.img
dimensions:      256       256       256
mmppix:       1.0000   -1.0000   -1.0000
center:     128.0000 -129.0000 -129.0000
t4_read: open error in t4_sub.f l:  41 t4_file(1:l)talsrcimg_to_711-2C_as_mni_average_305_t4 
t4_read: transform initialized to I4
rotation matrix determinant  1.000000
image alignment mode   4355 decimal     1103 hex
   -7.5000  -45.0000  -45.0000 8812.7646    7.1779
    0.0000  -45.0000  -45.0000 9126.2666    7.1776
    7.5000  -45.0000  -45.0000 8765.5840    7.1878
   -7.5000  -37.5000  -45.0000 8959.0020    7.0997
    0.0000  -37.5000  -45.0000 9284.5146    7.0988
    7.5000  -37.5000  -45.0000 8907.0488    7.1088
   -7.5000  -30.0000  -45.0000 9343.8682    6.9613
    0.0000  -30.0000  -45.0000 9690.2988    6.9609
    7.5000  -30.0000  -45.0000 9266.7891    6.9689
   -7.5000  -22.5000  -45.0000 9777.8838    6.8608
    0.0000  -22.5000  -45.000010142.6826    6.8615
    7.5000  -22.5000  -45.0000 9696.9355    6.8694
   -7.5000  -15.0000  -45.000010209.9785    6.7893
    0.0000  -15.0000  -45.000010598.3682    6.7910
    7.5000  -15.0000  -45.000010125.7627    6.7997
   -7.5000   -7.5000  -45.000010695.3916    6.7706
    0.0000   -7.5000  -45.000011096.7295    6.7716
    7.5000   -7.5000  -45.000010589.6680    6.7813
   -7.5000    0.0000  -45.000011130.9941    6.7675
    0.0000    0.0000  -45.000011535.6758    6.7673
    7.5000    0.0000  -45.000010994.9346    6.7769
   -7.5000    7.5000  -45.000010753.7178    6.8370
    0.0000    7.5000  -45.000011164.7363    6.8363
    7.5000    7.5000  -45.000010641.1299    6.8452
   -7.5000   15.0000  -45.000010453.2070    7.0514
    0.0000   15.0000  -45.000010857.6367    7.0510
    7.5000   15.0000  -45.000010351.5244    7.0600
   -7.5000   22.5000  -45.000010064.7793    7.2699
    0.0000   22.5000  -45.000010463.6055    7.2706
    7.5000   22.5000  -45.0000 9958.9141    7.2807
   -7.5000   30.0000  -45.0000 9617.4287    7.3916
    0.0000   30.0000  -45.000010006.2842    7.3930
    7.5000   30.0000  -45.0000 9520.2305    7.4047
   -7.5000   37.5000  -45.0000 9450.8271    7.6221
    0.0000   37.5000  -45.0000 9832.8896    7.6223
    7.5000   37.5000  -45.0000 9364.2646    7.6366
   -7.5000   45.0000  -45.0000 8959.2461    7.6771
    0.0000   45.0000  -45.0000 9333.9209    7.6757
    7.5000   45.0000  -45.0000 8875.6699    7.6899
   -7.5000  -45.0000  -37.5000 9284.5732    7.0927
    0.0000  -45.0000  -37.5000 9618.6270    7.0927
    7.5000  -45.0000  -37.5000 9219.7725    7.1031
   -7.5000  -37.5000  -37.5000 9417.6963    7.0170
    0.0000  -37.5000  -37.5000 9764.1582    7.0173
    7.5000  -37.5000  -37.5000 9344.2090    7.0276
   -7.5000  -30.0000  -37.5000 9852.8018    6.8813
    0.0000  -30.0000  -37.500010203.3887    6.8822
    7.5000  -30.0000  -37.5000 9746.3037    6.8913
   -7.5000  -22.5000  -37.500010346.5312    6.7829
    0.0000  -22.5000  -37.500010722.8447    6.7846
    7.5000  -22.5000  -37.500010232.9980    6.7944
   -7.5000  -15.0000  -37.500010833.4854    6.7126
    0.0000  -15.0000  -37.500011236.1396    6.7147
    7.5000  -15.0000  -37.500010720.9092    6.7252
   -7.5000   -7.5000  -37.500011364.8945    6.6937
    0.0000   -7.5000  -37.500011794.3789    6.6949
    7.5000   -7.5000  -37.500011250.4443    6.7056
   -7.5000    0.0000  -37.500011826.5684    6.6902
    0.0000    0.0000  -37.500012291.3379    6.6904
    7.5000    0.0000  -37.500011703.3301    6.7002
   -7.5000    7.5000  -37.500011433.2910    6.7594
    0.0000    7.5000  -37.500011880.7773    6.7596
    7.5000    7.5000  -37.500011311.4307    6.7688
   -7.5000   15.0000  -37.500011089.0381    6.9703
    0.0000   15.0000  -37.500011519.3008    6.9714
    7.5000   15.0000  -37.500010961.1211    6.9816
   -7.5000   22.5000  -37.500010656.7549    7.1849
    0.0000   22.5000  -37.500011080.2969    7.1868
    7.5000   22.5000  -37.500010558.4102    7.1991
   -7.5000   30.0000  -37.500010174.3799    7.3029
    0.0000   30.0000  -37.500010587.8291    7.3050
    7.5000   30.0000  -37.500010083.7285    7.3190
   -7.5000   37.5000  -37.5000 9993.8525    7.5270
    0.0000   37.5000  -37.500010414.5547    7.5277
    7.5000   37.5000  -37.5000 9914.7988    7.5435
   -7.5000   45.0000  -37.5000 9471.3184    7.5790
    0.0000   45.0000  -37.5000 9883.0088    7.5784
    7.5000   45.0000  -37.5000 9394.7568    7.5931
   -7.5000  -45.0000  -30.0000 9939.8848    7.3109
    0.0000  -45.0000  -30.000010341.3408    7.3104
    7.5000  -45.0000  -30.0000 9889.1709    7.3193
   -7.5000  -37.5000  -30.000010077.0234    7.2343
    0.0000  -37.5000  -30.000010472.1094    7.2342
    7.5000  -37.5000  -30.000010018.3271    7.2433
   -7.5000  -30.0000  -30.000010569.9619    7.0946
    0.0000  -30.0000  -30.000010951.7227    7.0950
    7.5000  -30.0000  -30.000010479.7314    7.1038
   -7.5000  -22.5000  -30.000011133.8955    6.9944
    0.0000  -22.5000  -30.000011540.1074    6.9958
    7.5000  -22.5000  -30.000011023.7119    7.0060
   -7.5000  -15.0000  -30.000011686.0635    6.9235
    0.0000  -15.0000  -30.000012120.7852    6.9253
    7.5000  -15.0000  -30.000011568.9111    6.9362
   -7.5000   -7.5000  -30.000012250.1777    6.9045
    0.0000   -7.5000  -30.000012712.9268    6.9054
    7.5000   -7.5000  -30.000012147.9248    6.9153
   -7.5000    0.0000  -30.000012737.2627    6.8999
    0.0000    0.0000  -30.000013225.4512    6.8998
    7.5000    0.0000  -30.000012627.5449    6.9082
   -7.5000    7.5000  -30.000012322.3486    6.9705
    0.0000    7.5000  -30.000012807.4688    6.9704
    7.5000    7.5000  -30.000012196.8730    6.9784
   -7.5000   15.0000  -30.000011954.3662    7.1862
    0.0000   15.0000  -30.000012428.9355    7.1869
    7.5000   15.0000  -30.000011839.5010    7.1970
   -7.5000   22.5000  -30.000011505.0000    7.4087
    0.0000   22.5000  -30.000011959.9287    7.4104
    7.5000   22.5000  -30.000011408.2734    7.4230
   -7.5000   30.0000  -30.000010967.7695    7.5348
    0.0000   30.0000  -30.000011399.2295    7.5367
    7.5000   30.0000  -30.000010863.1289    7.5509
   -7.5000   37.5000  -30.000010736.6875    7.7672
    0.0000   37.5000  -30.000011172.2500    7.7677
    7.5000   37.5000  -30.000010636.3633    7.7828
   -7.5000   45.0000  -30.000010152.8965    7.8253
    0.0000   45.0000  -30.000010573.5576    7.8241
    7.5000   45.0000  -30.000010058.8398    7.8369
   -7.5000  -45.0000  -22.500010658.8564    7.5202
    0.0000  -45.0000  -22.500011083.2637    7.5195
    7.5000  -45.0000  -22.500010599.4082    7.5283
   -7.5000  -37.5000  -22.500010791.3115    7.4435
    0.0000  -37.5000  -22.500011214.3750    7.4426
    7.5000  -37.5000  -22.500010743.9941    7.4516
   -7.5000  -30.0000  -22.500011339.1191    7.2998
    0.0000  -30.0000  -22.500011771.1436    7.2991
    7.5000  -30.0000  -22.500011279.0889    7.3076
   -7.5000  -22.5000  -22.500011966.8467    7.1969
    0.0000  -22.5000  -22.500012442.0645    7.1974
    7.5000  -22.5000  -22.500011889.9932    7.2074
   -7.5000  -15.0000  -22.500012600.7510    7.1246
    0.0000  -15.0000  -22.500013113.4297    7.1259
    7.5000  -15.0000  -22.500012498.5146    7.1367
   -7.5000   -7.5000  -22.500013223.1104    7.1049
    0.0000   -7.5000  -22.500013743.5889    7.1057
    7.5000   -7.5000  -22.500013120.8809    7.1156
   -7.5000    0.0000  -22.500013759.7344    7.0997
    0.0000    0.0000  -22.500014290.5957    7.0994
    7.5000    0.0000  -22.500013648.0381    7.1077
   -7.5000    7.5000  -22.500013314.5986    7.1728
    0.0000    7.5000  -22.500013824.5049    7.1719
    7.5000    7.5000  -22.500013177.7246    7.1797
   -7.5000   15.0000  -22.500012913.4248    7.3953
    0.0000   15.0000  -22.500013427.2803    7.3948
    7.5000   15.0000  -22.500012776.9307    7.4044
   -7.5000   22.5000  -22.500012419.1143    7.6256
    0.0000   22.5000  -22.500012912.8652    7.6261
    7.5000   22.5000  -22.500012291.9629    7.6385
   -7.5000   30.0000  -22.500011794.4062    7.7602
    0.0000   30.0000  -22.500012257.9883    7.7616
    7.5000   30.0000  -22.500011669.6006    7.7756
   -7.5000   37.5000  -22.500011512.8027    8.0022
    0.0000   37.5000  -22.500011968.9893    8.0025
    7.5000   37.5000  -22.500011404.7168    8.0175
   -7.5000   45.0000  -22.500010868.5283    8.0694
    0.0000   45.0000  -22.500011321.9521    8.0676
    7.5000   45.0000  -22.500010787.3916    8.0799
   -7.5000  -45.0000  -15.000011398.5078    7.6663
    0.0000  -45.0000  -15.000011831.1855    7.6654
    7.5000  -45.0000  -15.000011343.7236    7.6744
   -7.5000  -37.5000  -15.000011555.0742    7.5893
    0.0000  -37.5000  -15.000011966.1270    7.5873
    7.5000  -37.5000  -15.000011492.5469    7.5965
   -7.5000  -30.0000  -15.000012184.3057    7.4428
    0.0000  -30.0000  -15.000012621.6738    7.4408
    7.5000  -30.0000  -15.000012111.8223    7.4488
   -7.5000  -22.5000  -15.000012879.4912    7.3378
    0.0000  -22.5000  -15.000013372.9111    7.3374
    7.5000  -22.5000  -15.000012803.9639    7.3461
   -7.5000  -15.0000  -15.000013564.3643    7.2638
    0.0000  -15.0000  -15.000014106.3574    7.2649
    7.5000  -15.0000  -15.000013484.1514    7.2747
   -7.5000   -7.5000  -15.000014253.7148    7.2439
    0.0000   -7.5000  -15.000014828.9727    7.2446
    7.5000   -7.5000  -15.000014155.9189    7.2543
   -7.5000    0.0000  -15.000014847.2354    7.2388
    0.0000    0.0000  -15.000015454.3789    7.2381
    7.5000    0.0000  -15.000014726.1924    7.2466
   -7.5000    7.5000  -15.000014352.1377    7.3138
    0.0000    7.5000  -15.000014956.1162    7.3120
    7.5000    7.5000  -15.000014238.3721    7.3200
   -7.5000   15.0000  -15.000013919.3359    7.5419
    0.0000   15.0000  -15.000014505.9092    7.5398
    7.5000   15.0000  -15.000013763.8330    7.5488
   -7.5000   22.5000  -15.000013364.1211    7.7767
    0.0000   22.5000  -15.000013935.6338    7.7760
    7.5000   22.5000  -15.000013199.0420    7.7870
   -7.5000   30.0000  -15.000012632.0830    7.9165
    0.0000   30.0000  -15.000013206.8770    7.9176
    7.5000   30.0000  -15.000012528.9492    7.9303
   -7.5000   37.5000  -15.000012312.1738    8.1657
    0.0000   37.5000  -15.000012862.7842    8.1659
    7.5000   37.5000  -15.000012252.4990    8.1803
   -7.5000   45.0000  -15.000011605.9434    8.2411
    0.0000   45.0000  -15.000012126.9561    8.2386
    7.5000   45.0000  -15.000011571.2393    8.2511
   -7.5000  -45.0000   -7.500012223.5283    7.7368
    0.0000  -45.0000   -7.500012668.1211    7.7360
    7.5000  -45.0000   -7.500012136.4785    7.7461
   -7.5000  -37.5000   -7.500012390.7695    7.6587
    0.0000  -37.5000   -7.500012833.8828    7.6568
    7.5000  -37.5000   -7.500012313.2529    7.6669
   -7.5000  -30.0000   -7.500013080.7480    7.5113
    0.0000  -30.0000   -7.500013567.4014    7.5095
    7.5000  -30.0000   -7.500013007.9883    7.5176
   -7.5000  -22.5000   -7.500013838.6670    7.4050
    0.0000  -22.5000   -7.500014369.7686    7.4049
    7.5000  -22.5000   -7.500013762.3301    7.4130
   -7.5000  -15.0000   -7.500014597.4043    7.3296
    0.0000  -15.0000   -7.500015171.9814    7.3310
    7.5000  -15.0000   -7.500014504.5908    7.3400
   -7.5000   -7.5000   -7.500015343.7881    7.3092
    0.0000   -7.5000   -7.500015973.0098    7.3100
    7.5000   -7.5000   -7.500015230.8584    7.3198
   -7.5000    0.0000   -7.500015980.0244    7.3045
    0.0000    0.0000   -7.500016687.5391    7.3038
    7.5000    0.0000   -7.500015877.6367    7.3133
   -7.5000    7.5000   -7.500015473.3135    7.3809
    0.0000    7.5000   -7.500016185.1240    7.3791
    7.5000    7.5000   -7.500015377.4014    7.3880
   -7.5000   15.0000   -7.500014987.3701    7.6118
    0.0000   15.0000   -7.500015700.0020    7.6100
    7.5000   15.0000   -7.500014841.1221    7.6190
   -7.5000   22.5000   -7.500014337.8545    7.8467
    0.0000   22.5000   -7.500015071.9844    7.8464
    7.5000   22.5000   -7.500014199.6748    7.8568
   -7.5000   30.0000   -7.500013517.9590    7.9870
    0.0000   30.0000   -7.500014236.8613    7.9882
    7.5000   30.0000   -7.500013472.5117    8.0003
   -7.5000   37.5000   -7.500013181.4150    8.2380
    0.0000   37.5000   -7.500013840.7207    8.2381
    7.5000   37.5000   -7.500013186.2139    8.2528
   -7.5000   45.0000   -7.500012424.0684    8.3164
    0.0000   45.0000   -7.500013040.5771    8.3139
    7.5000   45.0000   -7.500012456.0059    8.3281
   -7.5000  -45.0000    0.000012960.3193    7.7472
    0.0000  -45.0000    0.000013444.1768    7.7467
    7.5000  -45.0000    0.000012874.6699    7.7577
   -7.5000  -37.5000    0.000013162.0762    7.6682
    0.0000  -37.5000    0.000013660.4512    7.6673
    7.5000  -37.5000    0.000013068.4404    7.6782
   -7.5000  -30.0000    0.000013924.5596    7.5205
    0.0000  -30.0000    0.000014461.3740    7.5201
    7.5000  -30.0000    0.000013843.4619    7.5289
   -7.5000  -22.5000    0.000014751.3682    7.4138
    0.0000  -22.5000    0.000015349.0684    7.4146
    7.5000  -22.5000    0.000014695.0762    7.4233
   -7.5000  -15.0000    0.000015552.7188    7.3376
    0.0000  -15.0000    0.000016193.1777    7.3392
    7.5000  -15.0000    0.000015519.7861    7.3489
   -7.5000   -7.5000    0.000016303.4893    7.3169
    0.0000   -7.5000    0.000017013.9746    7.3177
    7.5000   -7.5000    0.000016274.6182    7.3284
   -7.5000    0.0000    0.000016995.2871    7.3126
    0.0000    0.0000    0.000017775.7266    7.3122
    7.5000    0.0000    0.000016920.1211    7.3226
   -7.5000    7.5000    0.000016489.7148    7.3897
    0.0000    7.5000    0.000017308.5059    7.3889
    7.5000    7.5000    0.000016396.2812    7.3986
   -7.5000   15.0000    0.000016023.1094    7.6209
    0.0000   15.0000    0.000016860.5742    7.6207
    7.5000   15.0000    0.000015879.6768    7.6306
   -7.5000   22.5000    0.000015281.2129    7.8558
    0.0000   22.5000    0.000016166.0752    7.8566
    7.5000   22.5000    0.000015196.3164    7.8678
   -7.5000   30.0000    0.000014350.9863    7.9949
    0.0000   30.0000    0.000015172.1572    7.9965
    7.5000   30.0000    0.000014389.0107    8.0096
   -7.5000   37.5000    0.000013969.7559    8.2450
    0.0000   37.5000    0.000014756.9717    8.2451
    7.5000   37.5000    0.000014075.0938    8.2611
   -7.5000   45.0000    0.000013202.4414    8.3227
    0.0000   45.0000    0.000013938.1484    8.3212
    7.5000   45.0000    0.000013270.1621    8.3371
   -7.5000  -45.0000    7.500012724.8506    7.7659
    0.0000  -45.0000    7.500013221.6426    7.7655
    7.5000  -45.0000    7.500012630.5283    7.7763
   -7.5000  -37.5000    7.500012921.7520    7.6866
    0.0000  -37.5000    7.500013451.8574    7.6865
    7.5000  -37.5000    7.500012837.1035    7.6971
   -7.5000  -30.0000    7.500013659.9346    7.5384
    0.0000  -30.0000    7.500014224.7021    7.5391
    7.5000  -30.0000    7.500013579.7510    7.5484
   -7.5000  -22.5000    7.500014484.0254    7.4314
    0.0000  -22.5000    7.500015080.5273    7.4330
    7.5000  -22.5000    7.500014420.6816    7.4431
   -7.5000  -15.0000    7.500015288.0693    7.3548
    0.0000  -15.0000    7.500015933.7598    7.3568
    7.5000  -15.0000    7.500015259.1289    7.3677
   -7.5000   -7.5000    7.500016031.0850    7.3338
    0.0000   -7.5000    7.500016750.7637    7.3347
    7.5000   -7.5000    7.500016038.9463    7.3458
   -7.5000    0.0000    7.500016631.0078    7.3293
    0.0000    0.0000    7.500017426.7422    7.3292
    7.5000    0.0000    7.500016678.0137    7.3393
   -7.5000    7.5000    7.500016124.8301    7.4068
    0.0000    7.5000    7.500016906.1562    7.4068
    7.5000    7.5000    7.500016090.4297    7.4162
   -7.5000   15.0000    7.500015838.2520    7.6385
    0.0000   15.0000    7.500016711.6621    7.6394
    7.5000   15.0000    7.500015631.1699    7.6500
   -7.5000   22.5000    7.500015256.9033    7.8729
    0.0000   22.5000    7.500016251.8682    7.8748
    7.5000   22.5000    7.500015112.3916    7.8877
   -7.5000   30.0000    7.500014320.4629    8.0106
    0.0000   30.0000    7.500015206.4150    8.0126
    7.5000   30.0000    7.500014291.7031    8.0274
   -7.5000   37.5000    7.500013906.2617    8.2588
    0.0000   37.5000    7.500014707.0840    8.2592
    7.5000   37.5000    7.500013897.0439    8.2761
   -7.5000   45.0000    7.500013095.2627    8.3339
    0.0000   45.0000    7.500013807.4502    8.3330
    7.5000   45.0000    7.500013008.4111    8.3486
   -7.5000  -45.0000   15.000012299.9551    7.7857
    0.0000  -45.0000   15.000012781.7119    7.7851
    7.5000  -45.0000   15.000012171.5527    7.7947
   -7.5000  -37.5000   15.000012504.8066    7.7064
    0.0000  -37.5000   15.000013004.2188    7.7063
    7.5000  -37.5000   15.000012401.7451    7.7160
   -7.5000  -30.0000   15.000013224.8291    7.5574
    0.0000  -30.0000   15.000013749.7676    7.5579
    7.5000  -30.0000   15.000013149.4414    7.5673
   -7.5000  -22.5000   15.000013999.8281    7.4505
    0.0000  -22.5000   15.000014543.7393    7.4520
    7.5000  -22.5000   15.000013951.4326    7.4628
   -7.5000  -15.0000   15.000014757.3125    7.3744
    0.0000  -15.0000   15.000015341.9570    7.3763
    7.5000  -15.0000   15.000014718.0098    7.3879
   -7.5000   -7.5000   15.000015477.8115    7.3536
    0.0000   -7.5000   15.000016128.5020    7.3545
    7.5000   -7.5000   15.000015461.4990    7.3651
   -7.5000    0.0000   15.000016080.0117    7.3484
    0.0000    0.0000   15.000016776.7344    7.3483
    7.5000    0.0000   15.000016101.3076    7.3573
   -7.5000    7.5000   15.000015520.8750    7.4255
    0.0000    7.5000   15.000016249.1182    7.4255
    7.5000    7.5000   15.000015555.2227    7.4340
   -7.5000   15.0000   15.000015290.5459    7.6572
    0.0000   15.0000   15.000016208.7100    7.6581
    7.5000   15.0000   15.000015242.1016    7.6687
   -7.5000   22.5000   15.000015008.4473    7.8918
    0.0000   22.5000   15.000016060.9492    7.8936
    7.5000   22.5000   15.000014907.5537    7.9071
   -7.5000   30.0000   15.000014274.8584    8.0298
    0.0000   30.0000   15.000015209.1543    8.0319
    7.5000   30.0000   15.000014194.0615    8.0472
   -7.5000   37.5000   15.000013763.2168    8.2777
    0.0000   37.5000   15.000014569.2656    8.2782
    7.5000   37.5000   15.000013688.7119    8.2946
   -7.5000   45.0000   15.000012745.0869    8.3513
    0.0000   45.0000   15.000013446.4160    8.3501
    7.5000   45.0000   15.000012664.4268    8.3640
   -7.5000  -45.0000   22.500011761.1865    7.8032
    0.0000  -45.0000   22.500012215.1465    7.8027
    7.5000  -45.0000   22.500011639.4131    7.8116
   -7.5000  -37.5000   22.500011974.4736    7.7242
    0.0000  -37.5000   22.500012435.3887    7.7234
    7.5000  -37.5000   22.500011872.0469    7.7326
   -7.5000  -30.0000   22.500012663.6562    7.5747
    0.0000  -30.0000   22.500013145.4805    7.5742
    7.5000  -30.0000   22.500012579.5254    7.5828
   -7.5000  -22.5000   22.500013408.9873    7.4680
    0.0000  -22.5000   22.500013883.6436    7.4688
    7.5000  -22.5000   22.500013327.6895    7.4789
   -7.5000  -15.0000   22.500014149.7871    7.3929
    0.0000  -15.0000   22.500014621.4756    7.3945
    7.5000  -15.0000   22.500014056.4189    7.4055
   -7.5000   -7.5000   22.500014859.1260    7.3726
    0.0000   -7.5000   22.500015368.5781    7.3735
    7.5000   -7.5000   22.500014765.9668    7.3836
   -7.5000    0.0000   22.500015451.7617    7.3670
    0.0000    0.0000   22.500016018.5371    7.3668
    7.5000    0.0000   22.500015393.5156    7.3752
   -7.5000    7.5000   22.500014968.2744    7.4436
    0.0000    7.5000   22.500015650.8047    7.4429
    7.5000    7.5000   22.500014984.8779    7.4508
   -7.5000   15.0000   22.500014667.2910    7.6758
    0.0000   15.0000   22.500015553.4922    7.6754
    7.5000   15.0000   22.500014713.7139    7.6853
   -7.5000   22.5000   22.500014275.4170    7.9096
    0.0000   22.5000   22.500015101.4316    7.9103
    7.5000   22.5000   22.500014228.7236    7.9229
   -7.5000   30.0000   22.500013515.1660    8.0478
    0.0000   30.0000   22.500014264.3916    8.0494
    7.5000   30.0000   22.500013494.9658    8.0638
   -7.5000   37.5000   22.500013035.4375    8.2959
    0.0000   37.5000   22.500013762.4326    8.2964
    7.5000   37.5000   22.500013058.0410    8.3118
   -7.5000   45.0000   22.500012056.2451    8.3692
    0.0000   45.0000   22.500012710.2871    8.3675
    7.5000   45.0000   22.500012076.2969    8.3801
   -7.5000  -45.0000   30.000011163.3506    7.8255
    0.0000  -45.0000   30.000011601.7939    7.8249
    7.5000  -45.0000   30.000011063.0830    7.8342
   -7.5000  -37.5000   30.000011350.4307    7.7465
    0.0000  -37.5000   30.000011793.0527    7.7448
    7.5000  -37.5000   30.000011263.4053    7.7542
   -7.5000  -30.0000   30.000012018.2744    7.5966
    0.0000  -30.0000   30.000012448.9482    7.5949
    7.5000  -30.0000   30.000011913.3809    7.6030
   -7.5000  -22.5000   30.000012742.7969    7.4898
    0.0000  -22.5000   30.000013158.4482    7.4897
    7.5000  -22.5000   30.000012629.7607    7.4987
   -7.5000  -15.0000   30.000013440.5342    7.4147
    0.0000  -15.0000   30.000013869.2393    7.4161
    7.5000  -15.0000   30.000013328.9453    7.4261
   -7.5000   -7.5000   30.000014101.5781    7.3946
    0.0000   -7.5000   30.000014582.0879    7.3956
    7.5000   -7.5000   30.000014005.9375    7.4055
   -7.5000    0.0000   30.000014665.9072    7.3891
    0.0000    0.0000   30.000015201.8418    7.3886
    7.5000    0.0000   30.000014583.5664    7.3974
   -7.5000    7.5000   30.000014191.0020    7.4659
    0.0000    7.5000   30.000014816.6758    7.4643
    7.5000    7.5000   30.000014167.7754    7.4724
   -7.5000   15.0000   30.000013853.5039    7.6999
    0.0000   15.0000   30.000014500.4316    7.6981
    7.5000   15.0000   30.000013786.1553    7.7072
   -7.5000   22.5000   30.000013300.4199    7.9314
    0.0000   22.5000   30.000013817.5840    7.9312
    7.5000   22.5000   30.000013131.8037    7.9425
   -7.5000   30.0000   30.000012535.3281    8.0677
    0.0000   30.0000   30.000013030.8301    8.0691
    7.5000   30.0000   30.000012398.3027    8.0822
   -7.5000   37.5000   30.000012137.9170    8.3153
    0.0000   37.5000   30.000012664.8877    8.3158
    7.5000   37.5000   30.000012082.4580    8.3307
   -7.5000   45.0000   30.000011274.8145    8.3886
    0.0000   45.0000   30.000011788.2861    8.3862
    7.5000   45.0000   30.000011278.7529    8.3992
   -7.5000  -45.0000   37.500010974.2432    7.8916
    0.0000  -45.0000   37.500011408.1836    7.8913
    7.5000  -45.0000   37.500010919.8047    7.9016
   -7.5000  -37.5000   37.500011165.8633    7.8108
    0.0000  -37.5000   37.500011596.5732    7.8092
    7.5000  -37.5000   37.500011105.5225    7.8195
   -7.5000  -30.0000   37.500011833.9385    7.6587
    0.0000  -30.0000   37.500012264.7236    7.6573
    7.5000  -30.0000   37.500011735.6602    7.6655
   -7.5000  -22.5000   37.500012533.3271    7.5501
    0.0000  -22.5000   37.500012961.9287    7.5504
    7.5000  -22.5000   37.500012401.8154    7.5586
   -7.5000  -15.0000   37.500013193.6904    7.4734
    0.0000  -15.0000   37.500013632.2529    7.4752
    7.5000  -15.0000   37.500013040.8955    7.4845
   -7.5000   -7.5000   37.500013808.9414    7.4531
    0.0000   -7.5000   37.500014258.3301    7.4544
    7.5000   -7.5000   37.500013640.6377    7.4644
   -7.5000    0.0000   37.500014304.0186    7.4481
    0.0000    0.0000   37.500014805.8584    7.4477
    7.5000    0.0000   37.500014161.2451    7.4575
   -7.5000    7.5000   37.500013797.1230    7.5267
    0.0000    7.5000   37.500014332.0898    7.5252
    7.5000    7.5000   37.500013706.0498    7.5343
   -7.5000   15.0000   37.500013387.7012    7.7645
    0.0000   15.0000   37.500013877.6318    7.7631
    7.5000   15.0000   37.500013229.5488    7.7723
   -7.5000   22.5000   37.500012764.5986    7.9957
    0.0000   22.5000   37.500013160.5010    7.9958
    7.5000   22.5000   37.500012545.9199    8.0065
   -7.5000   30.0000   37.500012021.7842    8.1301
    0.0000   30.0000   37.500012439.6299    8.1318
    7.5000   30.0000   37.500011853.2617    8.1443
   -7.5000   37.5000   37.500011698.0010    8.3782
    0.0000   37.5000   37.500012147.0557    8.3787
    7.5000   37.5000   37.500011585.8818    8.3940
   -7.5000   45.0000   37.500010916.6055    8.4520
    0.0000   45.0000   37.500011343.6338    8.4497
    7.5000   45.0000   37.500010836.4023    8.4645
   -7.5000  -45.0000   45.000010284.6562    7.9515
    0.0000  -45.0000   45.000010721.7559    7.9513
    7.5000  -45.0000   45.000010255.3379    7.9629
   -7.5000  -37.5000   45.000010453.1328    7.8690
    0.0000  -37.5000   45.000010884.9512    7.8682
    7.5000  -37.5000   45.000010409.6758    7.8796
   -7.5000  -30.0000   45.000011076.9238    7.7138
    0.0000  -30.0000   45.000011483.0098    7.7135
    7.5000  -30.0000   45.000010960.3359    7.7226
   -7.5000  -22.5000   45.000011687.3271    7.6025
    0.0000  -22.5000   45.000012077.9727    7.6035
    7.5000  -22.5000   45.000011522.8418    7.6124
   -7.5000  -15.0000   45.000012261.7617    7.5237
    0.0000  -15.0000   45.000012658.7246    7.5256
    7.5000  -15.0000   45.000012084.7705    7.5357
   -7.5000   -7.5000   45.000012803.2275    7.5036
    0.0000   -7.5000   45.000013208.8809    7.5046
    7.5000   -7.5000   45.000012597.4980    7.5157
   -7.5000    0.0000   45.000013255.6592    7.4996
    0.0000    0.0000   45.000013694.2617    7.4993
    7.5000    0.0000   45.000013059.9033    7.5103
   -7.5000    7.5000   45.000012769.8672    7.5806
    0.0000    7.5000   45.000013215.4580    7.5799
    7.5000    7.5000   45.000012609.2148    7.5900
   -7.5000   15.0000   45.000012310.0186    7.8218
    0.0000   15.0000   45.000012721.5723    7.8216
    7.5000   15.0000   45.000012125.3877    7.8319
   -7.5000   22.5000   45.000011689.1904    8.0534
    0.0000   22.5000   45.000012060.0332    8.0545
    7.5000   22.5000   45.000011518.0078    8.0662
   -7.5000   30.0000   45.000011011.4521    8.1863
    0.0000   30.0000   45.000011380.5889    8.1881
    7.5000   30.0000   45.000010867.0674    8.2021
   -7.5000   37.5000   45.000010739.7861    8.4362
    0.0000   37.5000   45.000011121.7021    8.4365
    7.5000   37.5000   45.000010629.3330    8.4536
   -7.5000   45.0000   45.000010045.8848    8.5161
    0.0000   45.0000   45.000010413.0322    8.5145
    7.5000   45.0000   45.0000 9953.3740    8.5316

---------------------------------------------------------------------
imgreg_4dfp /opt/freesurfer/average/711-2C_as_mni_average_305 /opt/freesurfer/average/711-2B_as_mni_average_305_mask talsrcimg_g11 none talsrcimg_to_711-2C_as_mni_average_305_t4 4355
---------------------------------------------------------------------

freesurfer imgreg_4dfp.c
/opt/freesurfer/average/711-2C_as_mni_average_305.4dfp.img
       256       256       256         1
  1.000000  1.000000  1.000000
orientation T byte_order littleendian
Reading image: /opt/freesurfer/average/711-2C_as_mni_average_305.4dfp.img
dimensions:      256       256       256
mmppix:       1.0000   -1.0000   -1.0000
center:     128.0000 -129.0000 -129.0000
/opt/freesurfer/average/711-2B_as_mni_average_305_mask.4dfp.img
       256       256       256         1
  1.000000  1.000000  1.000000
orientation T byte_order littleendian
Reading mask: /opt/freesurfer/average/711-2B_as_mni_average_305_mask.4dfp.img (2306576 pixels)
talsrcimg_g11.4dfp.img
       256       256       256         1
  1.000000  1.000000  1.000000
orientation T byte_order littleendian
Reading image: talsrcimg_g11.4dfp.img
dimensions:      256       256       256
mmppix:       1.0000   -1.0000   -1.0000
center:     128.0000 -129.0000 -129.0000
rotation matrix determinant  1.000000
image alignment mode   4355 decimal     1103 hex
   -7.5000  -45.0000  -45.0000 2211.0979   12.5961
    0.0000  -45.0000  -45.0000 2209.2300   12.5911
    7.5000  -45.0000  -45.0000 2186.3242   12.7706
   -7.5000  -37.5000  -45.0000 2225.1150   12.3048
    0.0000  -37.5000  -45.0000 2221.9402   12.3083
    7.5000  -37.5000  -45.0000 2201.4336   12.4708
   -7.5000  -30.0000  -45.0000 2240.6594   11.9415
    0.0000  -30.0000  -45.0000 2243.0222   11.9602
    7.5000  -30.0000  -45.0000 2220.7112   12.1115
   -7.5000  -22.5000  -45.0000 2269.7639   11.5819
    0.0000  -22.5000  -45.0000 2269.6233   11.6061
    7.5000  -22.5000  -45.0000 2251.0989   11.7333
   -7.5000  -15.0000  -45.0000 2295.3000   11.2564
    0.0000  -15.0000  -45.0000 2295.5293   11.2740
    7.5000  -15.0000  -45.0000 2277.0706   11.3998
   -7.5000   -7.5000  -45.0000 2319.0337   11.0169
    0.0000   -7.5000  -45.0000 2317.7908   11.0022
    7.5000   -7.5000  -45.0000 2300.5532   11.1542
   -7.5000    0.0000  -45.0000 2340.6804   10.8157
    0.0000    0.0000  -45.0000 2335.3450   10.8010
    7.5000    0.0000  -45.0000 2315.9048   10.9728
   -7.5000    7.5000  -45.0000 2349.5544   10.6378
    0.0000    7.5000  -45.0000 2348.2258   10.6348
    7.5000    7.5000  -45.0000 2326.5195   10.8453
   -7.5000   15.0000  -45.0000 2353.8589   10.5289
    0.0000   15.0000  -45.0000 2349.1648   10.5419
    7.5000   15.0000  -45.0000 2328.3789   10.7540
   -7.5000   22.5000  -45.0000 2348.4119   10.5037
    0.0000   22.5000  -45.0000 2342.0918   10.5234
    7.5000   22.5000  -45.0000 2320.4714   10.7683
   -7.5000   30.0000  -45.0000 2330.9424   10.6580
    0.0000   30.0000  -45.0000 2332.5884   10.6680
    7.5000   30.0000  -45.0000 2308.9365   10.8842
   -7.5000   37.5000  -45.0000 2305.7861   10.8731
    0.0000   37.5000  -45.0000 2311.1892   10.8943
    7.5000   37.5000  -45.0000 2288.7017   11.1128
   -7.5000   45.0000  -45.0000 2272.2271   11.3102
    0.0000   45.0000  -45.0000 2277.5417   11.3062
    7.5000   45.0000  -45.0000 2254.6458   11.5310
   -7.5000  -45.0000  -37.5000 2294.3972   11.6494
    0.0000  -45.0000  -37.5000 2292.2505   11.6332
    7.5000  -45.0000  -37.5000 2268.8391   11.7731
   -7.5000  -37.5000  -37.5000 2301.6306   11.3559
    0.0000  -37.5000  -37.5000 2304.1072   11.3459
    7.5000  -37.5000  -37.5000 2280.0598   11.4708
   -7.5000  -30.0000  -37.5000 2321.5444   11.0268
    0.0000  -30.0000  -37.5000 2323.0911   11.0323
    7.5000  -30.0000  -37.5000 2301.0447   11.1417
   -7.5000  -22.5000  -37.5000 2351.6001   10.7032
    0.0000  -22.5000  -37.5000 2353.7141   10.7057
    7.5000  -22.5000  -37.5000 2334.0815   10.8212
   -7.5000  -15.0000  -37.5000 2383.7681   10.4224
    0.0000  -15.0000  -37.5000 2384.2444   10.4059
    7.5000  -15.0000  -37.5000 2364.4795   10.5191
   -7.5000   -7.5000  -37.5000 2417.1982   10.1688
    0.0000   -7.5000  -37.5000 2414.6658   10.1503
    7.5000   -7.5000  -37.5000 2399.0474   10.2888
   -7.5000    0.0000  -37.5000 2437.5933    9.9687
    0.0000    0.0000  -37.5000 2438.9529    9.9544
    7.5000    0.0000  -37.5000 2420.6074   10.1160
   -7.5000    7.5000  -37.5000 2448.3582    9.8127
    0.0000    7.5000  -37.5000 2451.0405    9.8118
    7.5000    7.5000  -37.5000 2429.1516   10.0049
   -7.5000   15.0000  -37.5000 2450.9617    9.7039
    0.0000   15.0000  -37.5000 2453.3523    9.7027
    7.5000   15.0000  -37.5000 2426.9268    9.8928
   -7.5000   22.5000  -37.5000 2443.5188    9.6835
    0.0000   22.5000  -37.5000 2445.9851    9.6717
    7.5000   22.5000  -37.5000 2422.6772    9.8810
   -7.5000   30.0000  -37.5000 2436.8591    9.7726
    0.0000   30.0000  -37.5000 2437.9561    9.7611
    7.5000   30.0000  -37.5000 2412.5044    9.9727
   -7.5000   37.5000  -37.5000 2416.4558    9.9707
    0.0000   37.5000  -37.5000 2419.0923    9.9871
    7.5000   37.5000  -37.5000 2392.9167   10.2102
   -7.5000   45.0000  -37.5000 2381.2737   10.3867
    0.0000   45.0000  -37.5000 2384.5247   10.3932
    7.5000   45.0000  -37.5000 2359.6880   10.6019
   -7.5000  -45.0000  -30.0000 2417.9202   11.1135
    0.0000  -45.0000  -30.0000 2426.6824   11.1136
    7.5000  -45.0000  -30.0000 2399.2825   11.2305
   -7.5000  -37.5000  -30.0000 2428.8604   10.8126
    0.0000  -37.5000  -30.0000 2435.4036   10.8258
    7.5000  -37.5000  -30.0000 2410.6350   10.9540
   -7.5000  -30.0000  -30.0000 2450.0774   10.5017
    0.0000  -30.0000  -30.0000 2454.9041   10.4963
    7.5000  -30.0000  -30.0000 2433.5237   10.6378
   -7.5000  -22.5000  -30.0000 2487.1660   10.1979
    0.0000  -22.5000  -30.0000 2489.8235   10.1823
    7.5000  -22.5000  -30.0000 2466.4851   10.3111
   -7.5000  -15.0000  -30.0000 2524.9189    9.9392
    0.0000  -15.0000  -30.0000 2527.1367    9.9075
    7.5000  -15.0000  -30.0000 2502.4104   10.0385
   -7.5000   -7.5000  -30.0000 2557.7998    9.7142
    0.0000   -7.5000  -30.0000 2560.2344    9.6801
    7.5000   -7.5000  -30.0000 2539.7649    9.8196
   -7.5000    0.0000  -30.0000 2578.5029    9.5093
    0.0000    0.0000  -30.0000 2582.2651    9.4675
    7.5000    0.0000  -30.0000 2559.9839    9.6246
   -7.5000    7.5000  -30.0000 2592.5078    9.3659
    0.0000    7.5000  -30.0000 2600.5337    9.3186
    7.5000    7.5000  -30.0000 2573.4656    9.4913
   -7.5000   15.0000  -30.0000 2600.1384    9.2730
    0.0000   15.0000  -30.0000 2607.1829    9.2473
    7.5000   15.0000  -30.0000 2580.1711    9.4344
   -7.5000   22.5000  -30.0000 2596.1721    9.2578
    0.0000   22.5000  -30.0000 2601.0105    9.2379
    7.5000   22.5000  -30.0000 2581.4099    9.4434
   -7.5000   30.0000  -30.0000 2591.1279    9.3294
    0.0000   30.0000  -30.0000 2591.7615    9.3077
    7.5000   30.0000  -30.0000 2571.5989    9.5133
   -7.5000   37.5000  -30.0000 2564.5242    9.5121
    0.0000   37.5000  -30.0000 2571.3074    9.5128
    7.5000   37.5000  -30.0000 2544.3762    9.7312
   -7.5000   45.0000  -30.0000 2524.7979    9.9044
    0.0000   45.0000  -30.0000 2530.1389    9.9088
    7.5000   45.0000  -30.0000 2501.8325   10.1159
   -7.5000  -45.0000  -22.5000 2518.2070   10.5466
    0.0000  -45.0000  -22.5000 2526.4482   10.5154
    7.5000  -45.0000  -22.5000 2502.9829   10.6335
   -7.5000  -37.5000  -22.5000 2529.4902   10.2704
    0.0000  -37.5000  -22.5000 2534.9507   10.2504
    7.5000  -37.5000  -22.5000 2519.8489   10.3656
   -7.5000  -30.0000  -22.5000 2554.8271    9.9545
    0.0000  -30.0000  -22.5000 2559.9553    9.9389
    7.5000  -30.0000  -22.5000 2544.5081   10.0711
   -7.5000  -22.5000  -22.5000 2592.8848    9.6725
    0.0000  -22.5000  -22.5000 2602.0339    9.6501
    7.5000  -22.5000  -22.5000 2577.2305    9.7892
   -7.5000  -15.0000  -22.5000 2638.8467    9.4029
    0.0000  -15.0000  -22.5000 2647.6794    9.3877
    7.5000  -15.0000  -22.5000 2615.7136    9.5233
   -7.5000   -7.5000  -22.5000 2670.6262    9.1787
    0.0000   -7.5000  -22.5000 2678.1594    9.1456
    7.5000   -7.5000  -22.5000 2652.4316    9.2929
   -7.5000    0.0000  -22.5000 2694.4026    9.0093
    0.0000    0.0000  -22.5000 2699.4148    8.9536
    7.5000    0.0000  -22.5000 2677.0667    9.1021
   -7.5000    7.5000  -22.5000 2709.8684    8.8683
    0.0000    7.5000  -22.5000 2714.3645    8.8038
    7.5000    7.5000  -22.5000 2691.2297    8.9519
   -7.5000   15.0000  -22.5000 2721.3513    8.7801
    0.0000   15.0000  -22.5000 2731.1692    8.7153
    7.5000   15.0000  -22.5000 2707.0728    8.8905
   -7.5000   22.5000  -22.5000 2723.3577    8.7554
    0.0000   22.5000  -22.5000 2730.0813    8.7147
    7.5000   22.5000  -22.5000 2709.3462    8.8988
   -7.5000   30.0000  -22.5000 2714.1523    8.8047
    0.0000   30.0000  -22.5000 2718.7087    8.7804
    7.5000   30.0000  -22.5000 2696.9724    8.9775
   -7.5000   37.5000  -22.5000 2691.7600    8.9866
    0.0000   37.5000  -22.5000 2697.4028    8.9790
    7.5000   37.5000  -22.5000 2670.4058    9.1878
   -7.5000   45.0000  -22.5000 2648.4832    9.3759
    0.0000   45.0000  -22.5000 2657.1531    9.3489
    7.5000   45.0000  -22.5000 2626.8503    9.5715
   -7.5000  -45.0000  -15.0000 2594.3643    9.9873
    0.0000  -45.0000  -15.0000 2592.0825    9.9751
    7.5000  -45.0000  -15.0000 2582.3218   10.1004
   -7.5000  -37.5000  -15.0000 2607.6565    9.7277
    0.0000  -37.5000  -15.0000 2606.8645    9.7178
    7.5000  -37.5000  -15.0000 2594.8223    9.8451
   -7.5000  -30.0000  -15.0000 2635.6865    9.4480
    0.0000  -30.0000  -15.0000 2636.1758    9.4306
    7.5000  -30.0000  -15.0000 2621.7896    9.5707
   -7.5000  -22.5000  -15.0000 2674.7856    9.1715
    0.0000  -22.5000  -15.0000 2679.2278    9.1518
    7.5000  -22.5000  -15.0000 2657.3025    9.2872
   -7.5000  -15.0000  -15.0000 2713.7683    8.9119
    0.0000  -15.0000  -15.0000 2720.2588    8.8912
    7.5000  -15.0000  -15.0000 2695.0403    9.0210
   -7.5000   -7.5000  -15.0000 2748.2651    8.6754
    0.0000   -7.5000  -15.0000 2753.2876    8.6516
    7.5000   -7.5000  -15.0000 2730.4214    8.7824
   -7.5000    0.0000  -15.0000 2774.4507    8.4920
    0.0000    0.0000  -15.0000 2779.4097    8.4606
    7.5000    0.0000  -15.0000 2754.2458    8.5883
   -7.5000    7.5000  -15.0000 2793.4741    8.3558
    0.0000    7.5000  -15.0000 2799.4980    8.3078
    7.5000    7.5000  -15.0000 2776.7546    8.4693
   -7.5000   15.0000  -15.0000 2809.2781    8.2693
    0.0000   15.0000  -15.0000 2819.3003    8.1960
    7.5000   15.0000  -15.0000 2790.7788    8.3735
   -7.5000   22.5000  -15.0000 2822.2759    8.2385
    0.0000   22.5000  -15.0000 2829.7842    8.1814
    7.5000   22.5000  -15.0000 2797.9863    8.3609
   -7.5000   30.0000  -15.0000 2809.0840    8.2763
    0.0000   30.0000  -15.0000 2818.6353    8.2398
    7.5000   30.0000  -15.0000 2789.5894    8.4369
   -7.5000   37.5000  -15.0000 2786.0549    8.4721
    0.0000   37.5000  -15.0000 2796.8374    8.4308
    7.5000   37.5000  -15.0000 2769.6521    8.6583
   -7.5000   45.0000  -15.0000 2743.6350    8.8596
    0.0000   45.0000  -15.0000 2755.6226    8.8067
    7.5000   45.0000  -15.0000 2726.9829    9.0413
   -7.5000  -45.0000   -7.5000 2660.0754    9.5111
    0.0000  -45.0000   -7.5000 2654.8770    9.4729
    7.5000  -45.0000   -7.5000 2639.9646    9.6092
   -7.5000  -37.5000   -7.5000 2671.1240    9.2625
    0.0000  -37.5000   -7.5000 2667.0842    9.2354
    7.5000  -37.5000   -7.5000 2654.9548    9.3838
   -7.5000  -30.0000   -7.5000 2696.3340    8.9904
    0.0000  -30.0000   -7.5000 2695.3926    8.9681
    7.5000  -30.0000   -7.5000 2680.0623    9.1033
   -7.5000  -22.5000   -7.5000 2730.5532    8.7183
    0.0000  -22.5000   -7.5000 2732.3252    8.7024
    7.5000  -22.5000   -7.5000 2711.0251    8.8317
   -7.5000  -15.0000   -7.5000 2767.0720    8.4644
    0.0000  -15.0000   -7.5000 2768.5999    8.4306
    7.5000  -15.0000   -7.5000 2743.4714    8.5718
   -7.5000   -7.5000   -7.5000 2803.4429    8.2317
    0.0000   -7.5000   -7.5000 2804.2939    8.1890
    7.5000   -7.5000   -7.5000 2777.7246    8.3297
   -7.5000    0.0000   -7.5000 2827.4868    8.0413
    0.0000    0.0000   -7.5000 2835.7090    8.0005
    7.5000    0.0000   -7.5000 2808.7791    8.1289
   -7.5000    7.5000   -7.5000 2854.8572    7.8856
    0.0000    7.5000   -7.5000 2863.0942    7.8549
    7.5000    7.5000   -7.5000 2838.7568    8.0029
   -7.5000   15.0000   -7.5000 2875.9255    7.7897
    0.0000   15.0000   -7.5000 2887.8027    7.7479
    7.5000   15.0000   -7.5000 2852.8469    7.9116
   -7.5000   22.5000   -7.5000 2892.9197    7.7522
    0.0000   22.5000   -7.5000 2906.9883    7.7121
    7.5000   22.5000   -7.5000 2867.5095    7.8904
   -7.5000   30.0000   -7.5000 2889.1572    7.7809
    0.0000   30.0000   -7.5000 2902.5598    7.7552
    7.5000   30.0000   -7.5000 2866.9856    7.9703
   -7.5000   37.5000   -7.5000 2867.3311    7.9943
    0.0000   37.5000   -7.5000 2882.3455    7.9422
    7.5000   37.5000   -7.5000 2853.1157    8.1926
   -7.5000   45.0000   -7.5000 2815.6821    8.3848
    0.0000   45.0000   -7.5000 2835.5127    8.3204
    7.5000   45.0000   -7.5000 2807.0991    8.5616
   -7.5000  -45.0000    0.0000 2715.7966    9.0907
    0.0000  -45.0000    0.0000 2713.3962    9.0459
    7.5000  -45.0000    0.0000 2694.1826    9.1612
   -7.5000  -37.5000    0.0000 2720.6104    8.8892
    0.0000  -37.5000    0.0000 2723.7388    8.8225
    7.5000  -37.5000    0.0000 2702.6833    8.9597
   -7.5000  -30.0000    0.0000 2740.1079    8.6510
    0.0000  -30.0000    0.0000 2744.2600    8.5843
    7.5000  -30.0000    0.0000 2723.8428    8.7340
   -7.5000  -22.5000    0.0000 2769.7834    8.3996
    0.0000  -22.5000    0.0000 2776.0234    8.3468
    7.5000  -22.5000    0.0000 2754.0312    8.4992
   -7.5000  -15.0000    0.0000 2802.5615    8.1386
    0.0000  -15.0000    0.0000 2804.8750    8.0995
    7.5000  -15.0000    0.0000 2786.3303    8.2461
   -7.5000   -7.5000    0.0000 2831.6428    7.9027
    0.0000   -7.5000    0.0000 2836.1670    7.8670
    7.5000   -7.5000    0.0000 2814.5435    8.0005
   -7.5000    0.0000    0.0000 2863.0232    7.7094
    0.0000    0.0000    0.0000 2871.6775    7.6710
    7.5000    0.0000    0.0000 2844.6350    7.7929
   -7.5000    7.5000    0.0000 2896.3877    7.5712
    0.0000    7.5000    0.0000 2907.1829    7.5305
    7.5000    7.5000    0.0000 2880.2429    7.6435
   -7.5000   15.0000    0.0000 2923.4526    7.4962
    0.0000   15.0000    0.0000 2935.8914    7.4685
    7.5000   15.0000    0.0000 2905.8293    7.5729
   -7.5000   22.5000    0.0000 2945.6492    7.4390
    0.0000   22.5000    0.0000 2965.8604    7.4134
    7.5000   22.5000    0.0000 2927.1682    7.5648
   -7.5000   30.0000    0.0000 2946.3503    7.4334
    0.0000   30.0000    0.0000 2966.2043    7.4092
    7.5000   30.0000    0.0000 2926.1050    7.6337
   -7.5000   37.5000    0.0000 2917.9580    7.6539
    0.0000   37.5000    0.0000 2936.9087    7.6104
    7.5000   37.5000    0.0000 2907.3889    7.8687
   -7.5000   45.0000    0.0000 2865.3984    8.0745
    0.0000   45.0000    0.0000 2889.2297    8.0187
    7.5000   45.0000    0.0000 2856.8545    8.2458
   -7.5000  -45.0000    7.5000 2760.9531    8.7659
    0.0000  -45.0000    7.5000 2764.2227    8.6816
    7.5000  -45.0000    7.5000 2738.1023    8.7931
   -7.5000  -37.5000    7.5000 2772.1895    8.5702
    0.0000  -37.5000    7.5000 2776.2585    8.4801
    7.5000  -37.5000    7.5000 2753.2786    8.6099
   -7.5000  -30.0000    7.5000 2783.9780    8.3553
    0.0000  -30.0000    7.5000 2789.4380    8.2595
    7.5000  -30.0000    7.5000 2769.2449    8.4008
   -7.5000  -22.5000    7.5000 2803.2063    8.1365
    0.0000  -22.5000    7.5000 2811.1648    8.0501
    7.5000  -22.5000    7.5000 2790.7988    8.2008
   -7.5000  -15.0000    7.5000 2826.5532    7.9147
    0.0000  -15.0000    7.5000 2833.0259    7.8376
    7.5000  -15.0000    7.5000 2814.0293    7.9852
   -7.5000   -7.5000    7.5000 2853.7070    7.6958
    0.0000   -7.5000    7.5000 2860.5732    7.6326
    7.5000   -7.5000    7.5000 2842.6262    7.7754
   -7.5000    0.0000    7.5000 2881.1477    7.5011
    0.0000    0.0000    7.5000 2892.6555    7.4485
    7.5000    0.0000    7.5000 2870.4075    7.5754
   -7.5000    7.5000    7.5000 2918.6233    7.3617
    0.0000    7.5000    7.5000 2929.1230    7.3227
    7.5000    7.5000    7.5000 2907.0083    7.4436
   -7.5000   15.0000    7.5000 2954.3704    7.3484
    0.0000   15.0000    7.5000 2966.2136    7.2978
    7.5000   15.0000    7.5000 2945.7964    7.3825
   -7.5000   22.5000    7.5000 2983.8696    7.3998
    0.0000   22.5000    7.5000 3011.0491    7.3833
    7.5000   22.5000    7.5000 2976.0662    7.4329
   -7.5000   30.0000    7.5000 2987.2710    7.3761
    0.0000   30.0000    7.5000 3015.4062    7.3760
    7.5000   30.0000    7.5000 2973.4160    7.5163
   -7.5000   37.5000    7.5000 2954.5881    7.5597
    0.0000   37.5000    7.5000 2974.6843    7.5237
    7.5000   37.5000    7.5000 2938.5576    7.7097
   -7.5000   45.0000    7.5000 2894.5366    7.9420
    0.0000   45.0000    7.5000 2916.3501    7.8604
    7.5000   45.0000    7.5000 2885.1343    8.0361
   -7.5000  -45.0000   15.0000 2792.0720    8.5081
    0.0000  -45.0000   15.0000 2803.1467    8.3964
    7.5000  -45.0000   15.0000 2771.4016    8.4954
   -7.5000  -37.5000   15.0000 2799.6521    8.3396
    0.0000  -37.5000   15.0000 2814.9795    8.2247
    7.5000  -37.5000   15.0000 2783.2695    8.3346
   -7.5000  -30.0000   15.0000 2808.1521    8.1506
    0.0000  -30.0000   15.0000 2822.6741    8.0442
    7.5000  -30.0000   15.0000 2798.9004    8.1776
   -7.5000  -22.5000   15.0000 2821.6694    7.9588
    0.0000  -22.5000   15.0000 2834.1343    7.8448
    7.5000  -22.5000   15.0000 2814.0334    8.0069
   -7.5000  -15.0000   15.0000 2839.8682    7.7511
    0.0000  -15.0000   15.0000 2849.0935    7.6455
    7.5000  -15.0000   15.0000 2827.7710    7.8128
   -7.5000   -7.5000   15.0000 2861.6809    7.5606
    0.0000   -7.5000   15.0000 2869.5518    7.4671
    7.5000   -7.5000   15.0000 2853.1055    7.6191
   -7.5000    0.0000   15.0000 2887.3896    7.4020
    0.0000    0.0000   15.0000 2895.4407    7.3220
    7.5000    0.0000   15.0000 2880.2847    7.4556
   -7.5000    7.5000   15.0000 2920.4231    7.3075
    0.0000    7.5000   15.0000 2932.6780    7.2429
    7.5000    7.5000   15.0000 2915.6440    7.3730
   -7.5000   15.0000   15.0000 2969.0105    7.3271
    0.0000   15.0000   15.0000 2982.4148    7.2933
    7.5000   15.0000   15.0000 2958.5483    7.3692
   -7.5000   22.5000   15.0000 3004.8667    7.4726
    0.0000   22.5000   15.0000 3039.8237    7.4987
    7.5000   22.5000   15.0000 2993.2910    7.4901
   -7.5000   30.0000   15.0000 3003.4404    7.5529
    0.0000   30.0000   15.0000 3046.3389    7.5733
    7.5000   30.0000   15.0000 2993.8088    7.6217
   -7.5000   37.5000   15.0000 2963.3984    7.6658
    0.0000   37.5000   15.0000 2985.4919    7.6272
    7.5000   37.5000   15.0000 2950.1753    7.7465
   -7.5000   45.0000   15.0000 2900.6094    7.9132
    0.0000   45.0000   15.0000 2920.4871    7.8231
    7.5000   45.0000   15.0000 2892.0574    7.9646
   -7.5000  -45.0000   22.5000 2801.3269    8.3679
    0.0000  -45.0000   22.5000 2816.0574    8.2240
    7.5000  -45.0000   22.5000 2787.8945    8.3123
   -7.5000  -37.5000   22.5000 2815.2329    8.2166
    0.0000  -37.5000   22.5000 2831.5876    8.0816
    7.5000  -37.5000   22.5000 2803.6580    8.1904
   -7.5000  -30.0000   22.5000 2821.7029    8.0608
    0.0000  -30.0000   22.5000 2840.6799    7.9229
    7.5000  -30.0000   22.5000 2814.3962    8.0535
   -7.5000  -22.5000   22.5000 2832.1316    7.8848
    0.0000  -22.5000   22.5000 2848.6733    7.7491
    7.5000  -22.5000   22.5000 2827.6843    7.8996
   -7.5000  -15.0000   22.5000 2843.3357    7.7347
    0.0000  -15.0000   22.5000 2854.1924    7.5876
    7.5000  -15.0000   22.5000 2838.7788    7.7579
   -7.5000   -7.5000   22.5000 2859.2656    7.6049
    0.0000   -7.5000   22.5000 2865.6707    7.4794
    7.5000   -7.5000   22.5000 2856.2417    7.6241
   -7.5000    0.0000   22.5000 2882.4963    7.4853
    0.0000    0.0000   22.5000 2889.5400    7.3893
    7.5000    0.0000   22.5000 2879.9709    7.5175
   -7.5000    7.5000   22.5000 2918.6582    7.4267
    0.0000    7.5000   22.5000 2933.8899    7.3472
    7.5000    7.5000   22.5000 2920.5051    7.4668
   -7.5000   15.0000   22.5000 2962.4395    7.4632
    0.0000   15.0000   22.5000 2986.8174    7.4206
    7.5000   15.0000   22.5000 2961.3533    7.4848
   -7.5000   22.5000   22.5000 2997.3076    7.5470
    0.0000   22.5000   22.5000 3035.0806    7.5376
    7.5000   22.5000   22.5000 2992.0698    7.5956
   -7.5000   30.0000   22.5000 2996.0676    7.6252
    0.0000   30.0000   22.5000 3034.9841    7.5484
    7.5000   30.0000   22.5000 2993.1001    7.6866
   -7.5000   37.5000   22.5000 2948.2734    7.7759
    0.0000   37.5000   22.5000 2978.2070    7.6718
    7.5000   37.5000   22.5000 2947.6643    7.8113
   -7.5000   45.0000   22.5000 2881.0471    8.0162
    0.0000   45.0000   22.5000 2904.3848    7.9281
    7.5000   45.0000   22.5000 2879.9844    8.0788
   -7.5000  -45.0000   30.0000 2795.4675    8.3834
    0.0000  -45.0000   30.0000 2821.6138    8.2096
    7.5000  -45.0000   30.0000 2794.6328    8.3015
   -7.5000  -37.5000   30.0000 2805.0081    8.2421
    0.0000  -37.5000   30.0000 2833.7212    8.0583
    7.5000  -37.5000   30.0000 2808.5684    8.1684
   -7.5000  -30.0000   30.0000 2817.7190    8.0994
    0.0000  -30.0000   30.0000 2840.2793    7.9216
    7.5000  -30.0000   30.0000 2820.0039    8.0465
   -7.5000  -22.5000   30.0000 2832.8923    7.9662
    0.0000  -22.5000   30.0000 2846.8037    7.7900
    7.5000  -22.5000   30.0000 2834.7739    7.9319
   -7.5000  -15.0000   30.0000 2837.0974    7.8618
    0.0000  -15.0000   30.0000 2845.4194    7.7075
    7.5000  -15.0000   30.0000 2840.4639    7.8600
   -7.5000   -7.5000   30.0000 2849.4988    7.7813
    0.0000   -7.5000   30.0000 2857.9741    7.6449
    7.5000   -7.5000   30.0000 2855.5291    7.7825
   -7.5000    0.0000   30.0000 2868.2112    7.7052
    0.0000    0.0000   30.0000 2881.5049    7.5933
    7.5000    0.0000   30.0000 2875.1458    7.7124
   -7.5000    7.5000   30.0000 2903.7571    7.6576
    0.0000    7.5000   30.0000 2921.0105    7.5660
    7.5000    7.5000   30.0000 2910.6411    7.6686
   -7.5000   15.0000   30.0000 2939.1223    7.6852
    0.0000   15.0000   30.0000 2963.2410    7.6168
    7.5000   15.0000   30.0000 2945.3213    7.7008
   -7.5000   22.5000   30.0000 2963.8958    7.7507
    0.0000   22.5000   30.0000 2989.6858    7.6178
    7.5000   22.5000   30.0000 2959.0332    7.7542
   -7.5000   30.0000   30.0000 2956.8416    7.8181
    0.0000   30.0000   30.0000 2976.4241    7.6678
    7.5000   30.0000   30.0000 2948.8762    7.8101
   -7.5000   37.5000   30.0000 2914.0920    7.9908
    0.0000   37.5000   30.0000 2937.8271    7.8731
    7.5000   37.5000   30.0000 2915.6812    8.0242
   -7.5000   45.0000   30.0000 2845.4583    8.2810
    0.0000   45.0000   30.0000 2867.1438    8.1828
    7.5000   45.0000   30.0000 2850.6550    8.3466
   -7.5000  -45.0000   37.5000 2772.2368    8.5560
    0.0000  -45.0000   37.5000 2797.8914    8.3843
    7.5000  -45.0000   37.5000 2780.8369    8.5060
   -7.5000  -37.5000   37.5000 2783.7334    8.4237
    0.0000  -37.5000   37.5000 2812.3091    8.2314
    7.5000  -37.5000   37.5000 2797.5095    8.3609
   -7.5000  -30.0000   37.5000 2798.1868    8.2930
    0.0000  -30.0000   37.5000 2820.7483    8.0970
    7.5000  -30.0000   37.5000 2807.3657    8.2328
   -7.5000  -22.5000   37.5000 2813.6292    8.1746
    0.0000  -22.5000   37.5000 2829.9753    7.9897
    7.5000  -22.5000   37.5000 2817.8862    8.1335
   -7.5000  -15.0000   37.5000 2818.9099    8.0849
    0.0000  -15.0000   37.5000 2835.0552    7.9119
    7.5000  -15.0000   37.5000 2828.3081    8.0521
   -7.5000   -7.5000   37.5000 2828.2512    8.0167
    0.0000   -7.5000   37.5000 2845.7556    7.8494
    7.5000   -7.5000   37.5000 2840.0828    7.9790
   -7.5000    0.0000   37.5000 2843.8813    7.9530
    0.0000    0.0000   37.5000 2865.5369    7.8058
    7.5000    0.0000   37.5000 2858.1021    7.9406
   -7.5000    7.5000   37.5000 2872.6672    7.9181
    0.0000    7.5000   37.5000 2894.6152    7.8085
    7.5000    7.5000   37.5000 2887.8989    7.9308
   -7.5000   15.0000   37.5000 2898.5718    7.9679
    0.0000   15.0000   37.5000 2923.1079    7.8562
    7.5000   15.0000   37.5000 2907.6235    7.9727
   -7.5000   22.5000   37.5000 2911.6570    8.0365
    0.0000   22.5000   37.5000 2932.1194    7.8449
    7.5000   22.5000   37.5000 2910.1143    7.9875
   -7.5000   30.0000   37.5000 2896.1714    8.1140
    0.0000   30.0000   37.5000 2914.7336    7.9674
    7.5000   30.0000   37.5000 2895.2317    8.1011
   -7.5000   37.5000   37.5000 2858.0159    8.3387
    0.0000   37.5000   37.5000 2882.3162    8.2236
    7.5000   37.5000   37.5000 2864.9465    8.3541
   -7.5000   45.0000   37.5000 2790.2986    8.6771
    0.0000   45.0000   37.5000 2807.7090    8.5672
    7.5000   45.0000   37.5000 2798.0337    8.7093
   -7.5000  -45.0000   45.0000 2738.5442    8.8701
    0.0000  -45.0000   45.0000 2760.9458    8.7116
    7.5000  -45.0000   45.0000 2750.7324    8.8419
   -7.5000  -37.5000   45.0000 2747.8298    8.7249
    0.0000  -37.5000   45.0000 2774.6462    8.5465
    7.5000  -37.5000   45.0000 2763.7690    8.6644
   -7.5000  -30.0000   45.0000 2759.1194    8.5999
    0.0000  -30.0000   45.0000 2781.5173    8.3929
    7.5000  -30.0000   45.0000 2769.1580    8.5176
   -7.5000  -22.5000   45.0000 2772.3430    8.4737
    0.0000  -22.5000   45.0000 2792.2944    8.2655
    7.5000  -22.5000   45.0000 2778.0093    8.3949
   -7.5000  -15.0000   45.0000 2780.4138    8.3695
    0.0000  -15.0000   45.0000 2802.7092    8.1547
    7.5000  -15.0000   45.0000 2794.4138    8.2978
   -7.5000   -7.5000   45.0000 2792.7007    8.3031
    0.0000   -7.5000   45.0000 2814.5452    8.0993
    7.5000   -7.5000   45.0000 2808.0818    8.2317
   -7.5000    0.0000   45.0000 2813.2852    8.2596
    0.0000    0.0000   45.0000 2832.2451    8.0864
    7.5000    0.0000   45.0000 2823.9709    8.2080
   -7.5000    7.5000   45.0000 2832.0732    8.2749
    0.0000    7.5000   45.0000 2856.7605    8.1165
    7.5000    7.5000   45.0000 2844.7998    8.2401
   -7.5000   15.0000   45.0000 2839.2703    8.3391
    0.0000   15.0000   45.0000 2869.8069    8.1612
    7.5000   15.0000   45.0000 2854.1160    8.2863
   -7.5000   22.5000   45.0000 2843.6733    8.3782
    0.0000   22.5000   45.0000 2865.2322    8.2157
    7.5000   22.5000   45.0000 2852.2410    8.3343
   -7.5000   30.0000   45.0000 2822.6267    8.4840
    0.0000   30.0000   45.0000 2840.1272    8.3754
    7.5000   30.0000   45.0000 2830.3992    8.5074
   -7.5000   37.5000   45.0000 2780.9429    8.7747
    0.0000   37.5000   45.0000 2802.6580    8.6525
    7.5000   37.5000   45.0000 2792.6482    8.7905
   -7.5000   45.0000   45.0000 2717.5586    9.1527
    0.0000   45.0000   45.0000 2734.2693    9.0327
    7.5000   45.0000   45.0000 2725.0525    9.1843

---------------------------------------------------------------------
imgreg_4dfp /opt/freesurfer/average/711-2C_as_mni_average_305 /opt/freesurfer/average/711-2B_as_mni_average_305_mask talsrcimg_g11 none talsrcimg_to_711-2C_as_mni_average_305_t4 1283
---------------------------------------------------------------------

freesurfer imgreg_4dfp.c
/opt/freesurfer/average/711-2C_as_mni_average_305.4dfp.img
       256       256       256         1
  1.000000  1.000000  1.000000
orientation T byte_order littleendian
Reading image: /opt/freesurfer/average/711-2C_as_mni_average_305.4dfp.img
dimensions:      256       256       256
mmppix:       1.0000   -1.0000   -1.0000
center:     128.0000 -129.0000 -129.0000
/opt/freesurfer/average/711-2B_as_mni_average_305_mask.4dfp.img
       256       256       256         1
  1.000000  1.000000  1.000000
orientation T byte_order littleendian
Reading mask: /opt/freesurfer/average/711-2B_as_mni_average_305_mask.4dfp.img (2306576 pixels)
talsrcimg_g11.4dfp.img
       256       256       256         1
  1.000000  1.000000  1.000000
orientation T byte_order littleendian
Reading image: talsrcimg_g11.4dfp.img
dimensions:      256       256       256
mmppix:       1.0000   -1.0000   -1.0000
center:     128.0000 -129.0000 -129.0000
rotation matrix determinant  1.000000
fimgreg.f
image alignment mode   1283 decimal      503 hex
parameters
    0.0000   30.0000   15.0000    0.0000    0.0000    0.0000
eta,q 0.95511  7.59777
niter,ni,del,rscale     5    3   12.0000    1.2000
parameter  2  0.905348 ->  0.500000 qaram    1.1500
parameter  3 -0.502876 -> -0.500000 qaram    1.1500
parameter  5  0.762666 ->  0.500000 qaram    1.1500
parameters
   -0.5959   26.5500   18.4500   -1.8378   -3.4500    0.5483
eta,q 0.96292  7.54977
  0.0575  0.0447  0.0494  0.0422  0.0378  0.0436
  0.0518  0.0428  0.0454  0.0411  0.0371  0.0411
  0.0488  0.0444  0.0439  0.0400  0.0378  0.0386
  0.0490  0.0484  0.0427  0.0403  0.0399  0.0372
  0.0516  0.0525  0.0409  0.0422  0.0446  0.0375
  0.0552  0.0567  0.0406  0.0444  0.0502  0.0394
  0.0603  0.0617  0.0423  0.0469  0.0544  0.0420
niter,ni,del,rscale     7    3   12.0000    1.2000
parameter  4  0.628726 ->  0.500000 qaram    1.1500
parameters
    0.3813   27.7406   16.9020   -5.2878   -4.7653    0.6252
eta,q 0.96636  7.57873
  0.0599  0.0502  0.0400  0.0343  0.0418  0.0400
  0.0500  0.0461  0.0376  0.0341  0.0368  0.0370
  0.0421  0.0407  0.0356  0.0343  0.0340  0.0347
  0.0371  0.0360  0.0352  0.0352  0.0341  0.0336
  0.0362  0.0357  0.0376  0.0371  0.0375  0.0346
  0.0413  0.0394  0.0421  0.0404  0.0435  0.0370
  0.0498  0.0447  0.0491  0.0437  0.0501  0.0396
niter,ni,del,rscale     7    3   12.0000    1.2000
parameters
    0.6868   28.3547   16.0102   -6.5880   -5.1374    0.7517
eta,q 0.96704  7.57043
  0.0558  0.0485  0.0404  0.0363  0.0438  0.0392
  0.0461  0.0419  0.0358  0.0345  0.0384  0.0362
  0.0380  0.0360  0.0334  0.0330  0.0345  0.0340
  0.0336  0.0335  0.0337  0.0333  0.0329  0.0330
  0.0355  0.0358  0.0359  0.0346  0.0349  0.0338
  0.0431  0.0396  0.0393  0.0366  0.0402  0.0361
  0.0523  0.0435  0.0441  0.0402  0.0465  0.0386
niter,ni,del,rscale     6    3   12.0000    1.2000
parameters
    0.7764   28.7604   15.7932   -7.2994   -5.2491    0.8194
eta,q 0.96674  7.57042
  0.0547  0.0481  0.0432  0.0366  0.0446  0.0390
  0.0451  0.0408  0.0373  0.0351  0.0391  0.0361
  0.0369  0.0343  0.0338  0.0337  0.0351  0.0341
  0.0330  0.0329  0.0333  0.0332  0.0332  0.0333
  0.0357  0.0366  0.0355  0.0341  0.0347  0.0341
  0.0442  0.0402  0.0389  0.0359  0.0396  0.0362
  0.0537  0.0433  0.0434  0.0387  0.0456  0.0386
niter,ni,del,rscale     5    3   12.0000    1.2000
parameters
    0.8080   29.0023   15.6526   -7.7208   -5.2979    0.8311
eta,q 0.96646  7.57069
  0.0546  0.0475  0.0441  0.0368  0.0449  0.0389
  0.0452  0.0402  0.0379  0.0353  0.0393  0.0362
  0.0370  0.0338  0.0343  0.0342  0.0354  0.0343
  0.0333  0.0333  0.0335  0.0335  0.0335  0.0335
  0.0363  0.0371  0.0357  0.0340  0.0348  0.0344
  0.0448  0.0404  0.0393  0.0357  0.0396  0.0364
  0.0544  0.0437  0.0440  0.0380  0.0455  0.0386
niter,ni,del,rscale     4    3   12.0000    1.2000
parameters
    0.8175   29.1441   15.5566   -7.9732   -5.3142    0.8298
eta,q 0.96626  7.57056
  0.0547  0.0471  0.0447  0.0370  0.0450  0.0389
  0.0452  0.0398  0.0382  0.0353  0.0394  0.0362
  0.0371  0.0336  0.0346  0.0344  0.0356  0.0344
  0.0335  0.0335  0.0337  0.0337  0.0337  0.0337
  0.0366  0.0373  0.0358  0.0340  0.0349  0.0346
  0.0452  0.0404  0.0395  0.0356  0.0395  0.0364
  0.0547  0.0440  0.0443  0.0377  0.0454  0.0387
niter,ni,del,rscale     3    3   12.0000    1.2000
parameters
    0.8161   29.2246   15.4940   -8.1280   -5.3192    0.8210
eta,q 0.96616  7.56997
  0.0547  0.0469  0.0450  0.0371  0.0450  0.0388
  0.0453  0.0395  0.0385  0.0353  0.0395  0.0363
  0.0373  0.0336  0.0348  0.0345  0.0357  0.0345
  0.0337  0.0337  0.0338  0.0338  0.0338  0.0338
  0.0368  0.0373  0.0359  0.0341  0.0349  0.0347
  0.0454  0.0404  0.0396  0.0355  0.0395  0.0365
  0.0549  0.0442  0.0445  0.0376  0.0453  0.0387
niter,ni,del,rscale     2    3   12.0000    1.2000
parameters
    0.8128   29.2726   15.4538   -8.2207   -5.3204    0.8096
eta,q 0.96611  7.56950
  0.0548  0.0467  0.0453  0.0372  0.0450  0.0388
  0.0454  0.0394  0.0386  0.0353  0.0395  0.0363
  0.0373  0.0336  0.0349  0.0345  0.0357  0.0345
  0.0338  0.0338  0.0339  0.0339  0.0339  0.0339
  0.0369  0.0373  0.0359  0.0341  0.0350  0.0347
  0.0454  0.0404  0.0397  0.0354  0.0395  0.0365
  0.0549  0.0443  0.0446  0.0375  0.0453  0.0387
niter,ni,del,rscale     1    3   12.0000    1.2000
parameters
    0.8105   29.3020   15.4290   -8.2759   -5.3194    0.8034
eta,q 0.96607  7.56930
  0.0548  0.0466  0.0454  0.0372  0.0450  0.0388
  0.0454  0.0393  0.0387  0.0353  0.0395  0.0363
  0.0374  0.0336  0.0350  0.0345  0.0357  0.0346
  0.0339  0.0339  0.0339  0.0339  0.0339  0.0339
  0.0370  0.0372  0.0359  0.0341  0.0350  0.0347
  0.0455  0.0404  0.0397  0.0354  0.0395  0.0365
  0.0550  0.0444  0.0447  0.0375  0.0453  0.0387
registration optimization eta report
parameter search radius
    6.0000    6.9000    6.9000    6.9000    6.9000    6.0000
100000*second partial in parameter space
       57.       24.       23.        7.       23.       13.
  0.0548  0.0466  0.0454  0.0372  0.0450  0.0388
  0.0454  0.0393  0.0387  0.0353  0.0395  0.0363
  0.0374  0.0336  0.0350  0.0345  0.0357  0.0346
  0.0339  0.0339  0.0339  0.0339  0.0339  0.0339
  0.0370  0.0372  0.0359  0.0341  0.0350  0.0347
  0.0455  0.0404  0.0397  0.0354  0.0395  0.0365
  0.0550  0.0444  0.0447  0.0375  0.0453  0.0387
    0.8105   29.3020   15.4290   -8.2759   -5.3194    0.8034
eta,q 0.96607  7.56930

---------------------------------------------------------------------
imgreg_4dfp /opt/freesurfer/average/711-2C_as_mni_average_305 /opt/freesurfer/average/711-2B_as_mni_average_305_mask talsrcimg_g11 none talsrcimg_to_711-2C_as_mni_average_305_t4 3335
---------------------------------------------------------------------

freesurfer imgreg_4dfp.c
/opt/freesurfer/average/711-2C_as_mni_average_305.4dfp.img
       256       256       256         1
  1.000000  1.000000  1.000000
orientation T byte_order littleendian
Reading image: /opt/freesurfer/average/711-2C_as_mni_average_305.4dfp.img
dimensions:      256       256       256
mmppix:       1.0000   -1.0000   -1.0000
center:     128.0000 -129.0000 -129.0000
/opt/freesurfer/average/711-2B_as_mni_average_305_mask.4dfp.img
       256       256       256         1
  1.000000  1.000000  1.000000
orientation T byte_order littleendian
Reading mask: /opt/freesurfer/average/711-2B_as_mni_average_305_mask.4dfp.img (2306576 pixels)
talsrcimg_g11.4dfp.img
       256       256       256         1
  1.000000  1.000000  1.000000
orientation T byte_order littleendian
Reading image: talsrcimg_g11.4dfp.img
dimensions:      256       256       256
mmppix:       1.0000   -1.0000   -1.0000
center:     128.0000 -129.0000 -129.0000
fimgreg.f
image alignment mode   3335 decimal      D07 hex
parameters
    0.8105   29.3020   15.4290   -0.4404   -1.0698   -1.4675
   -2.7218    8.9715    1.3961   14.5213   -9.2708  -14.3321
eta,q 0.96575  7.60680
niter,ni,del,rscale     5    3    5.0000    1.2000
parameter  5  1.014220 ->  0.500000 qaram    1.1500
parameter 10  2.465281 ->  0.500000 qaram    1.1500
parameters
    0.8349   29.3629   15.4114   -3.2537   -5.2098   -5.0077
   -2.6154    9.1714    3.1605   10.3813   -9.5102  -15.9658
eta,q 0.97013  7.38237
  0.0374  0.0360  0.0353  0.0352  0.0314  0.0316  0.0340  0.0340  0.0334  0.0292  0.0305  0.0303
  0.0357  0.0350  0.0347  0.0343  0.0318  0.0316  0.0327  0.0328  0.0326  0.0297  0.0301  0.0300
  0.0346  0.0344  0.0343  0.0337  0.0325  0.0317  0.0319  0.0320  0.0320  0.0305  0.0299  0.0299
  0.0342  0.0342  0.0342  0.0343  0.0337  0.0319  0.0317  0.0317  0.0316  0.0315  0.0299  0.0299
  0.0346  0.0344  0.0344  0.0359  0.0356  0.0322  0.0319  0.0318  0.0316  0.0326  0.0299  0.0301
  0.0356  0.0350  0.0347  0.0385  0.0380  0.0330  0.0327  0.0325  0.0318  0.0337  0.0302  0.0305
  0.0373  0.0357  0.0353  0.0420  0.0407  0.0349  0.0338  0.0338  0.0323  0.0351  0.0306  0.0311
niter,ni,del,rscale     6    3    5.0000    1.2000
parameters
    0.8803   30.1937   15.4783   -3.3820   -8.6105   -2.2865
   -2.7393    8.8135    3.2015    8.6174  -11.6080  -17.2298
eta,q 0.97082  7.38598
  0.0326  0.0328  0.0307  0.0318  0.0302  0.0305  0.0316  0.0317  0.0310  0.0307  0.0296  0.0298
  0.0312  0.0315  0.0301  0.0313  0.0294  0.0298  0.0305  0.0304  0.0302  0.0296  0.0293  0.0293
  0.0302  0.0305  0.0298  0.0304  0.0293  0.0294  0.0298  0.0297  0.0297  0.0293  0.0292  0.0292
  0.0299  0.0299  0.0296  0.0296  0.0297  0.0293  0.0296  0.0296  0.0295  0.0295  0.0293  0.0292
  0.0301  0.0296  0.0297  0.0297  0.0308  0.0295  0.0298  0.0299  0.0297  0.0302  0.0295  0.0294
  0.0310  0.0298  0.0300  0.0308  0.0330  0.0296  0.0306  0.0307  0.0302  0.0310  0.0298  0.0298
  0.0325  0.0304  0.0305  0.0327  0.0360  0.0293  0.0318  0.0321  0.0310  0.0320  0.0302  0.0304
niter,ni,del,rscale     5    3    5.0000    1.2000
parameters
    0.9334   30.1314   15.9354   -2.8208   -8.5265   -1.5046
   -2.7554    9.0822    3.3861    8.7475  -11.0342  -16.7824
eta,q 0.97100  7.43094
  0.0320  0.0310  0.0305  0.0318  0.0321  0.0300  0.0313  0.0323  0.0308  0.0320  0.0301  0.0301
  0.0306  0.0300  0.0298  0.0311  0.0306  0.0295  0.0300  0.0304  0.0298  0.0300  0.0294  0.0294
  0.0296  0.0294  0.0294  0.0301  0.0295  0.0292  0.0292  0.0293  0.0292  0.0291  0.0291  0.0291
  0.0292  0.0292  0.0292  0.0291  0.0290  0.0290  0.0290  0.0290  0.0290  0.0290  0.0290  0.0290
  0.0294  0.0294  0.0292  0.0290  0.0290  0.0289  0.0292  0.0294  0.0291  0.0295  0.0291  0.0291
  0.0304  0.0301  0.0294  0.0299  0.0301  0.0288  0.0300  0.0303  0.0297  0.0304  0.0293  0.0293
  0.0318  0.0312  0.0298  0.0317  0.0324  0.0299  0.0313  0.0317  0.0306  0.0313  0.0297  0.0298
niter,ni,del,rscale     4    3    5.0000    1.2000
parameters
    0.9508   30.0809   16.0957   -2.6699   -8.6413   -1.3881
   -2.7546    9.0774    3.2764    8.5877  -10.8408  -16.4813
eta,q 0.97105  7.43250
  0.0320  0.0308  0.0301  0.0318  0.0319  0.0298  0.0313  0.0320  0.0306  0.0316  0.0299  0.0300
  0.0304  0.0298  0.0295  0.0310  0.0304  0.0293  0.0300  0.0302  0.0297  0.0298  0.0293  0.0293
  0.0294  0.0292  0.0292  0.0299  0.0294  0.0291  0.0292  0.0292  0.0291  0.0290  0.0290  0.0290
  0.0290  0.0290  0.0290  0.0290  0.0290  0.0290  0.0290  0.0290  0.0290  0.0290  0.0289  0.0289
  0.0293  0.0292  0.0290  0.0291  0.0290  0.0288  0.0292  0.0294  0.0292  0.0295  0.0291  0.0290
  0.0303  0.0299  0.0293  0.0302  0.0301  0.0288  0.0300  0.0303  0.0297  0.0304  0.0293  0.0293
  0.0319  0.0310  0.0298  0.0323  0.0326  0.0302  0.0313  0.0319  0.0307  0.0314  0.0297  0.0298
niter,ni,del,rscale     3    3    5.0000    1.2000
parameters
    0.9558   30.0095   16.1824   -2.6269   -8.6144   -1.3392
   -2.7124    9.0977    3.1814    8.4028  -10.7141  -16.2628
eta,q 0.97109  7.43357
  0.0319  0.0307  0.0300  0.0318  0.0320  0.0298  0.0313  0.0320  0.0306  0.0316  0.0298  0.0299
  0.0304  0.0297  0.0294  0.0310  0.0305  0.0293  0.0300  0.0302  0.0297  0.0298  0.0293  0.0293
  0.0293  0.0291  0.0291  0.0298  0.0294  0.0290  0.0292  0.0291  0.0291  0.0290  0.0290  0.0290
  0.0289  0.0289  0.0289  0.0289  0.0289  0.0289  0.0289  0.0289  0.0289  0.0289  0.0289  0.0289
  0.0293  0.0292  0.0290  0.0291  0.0290  0.0288  0.0292  0.0294  0.0291  0.0295  0.0290  0.0290
  0.0303  0.0299  0.0293  0.0303  0.0300  0.0287  0.0300  0.0303  0.0297  0.0304  0.0293  0.0293
  0.0319  0.0310  0.0299  0.0324  0.0324  0.0302  0.0313  0.0318  0.0307  0.0314  0.0297  0.0297
niter,ni,del,rscale     2    3    5.0000    1.2000
parameters
    0.9628   29.9525   16.2419   -2.6086   -8.5754   -1.2789
   -2.6882    9.1228    3.1091    8.2644  -10.6434  -16.1103
eta,q 0.97112  7.43554
  0.0319  0.0307  0.0299  0.0318  0.0319  0.0297  0.0313  0.0320  0.0306  0.0316  0.0298  0.0298
  0.0303  0.0297  0.0294  0.0309  0.0304  0.0293  0.0300  0.0302  0.0296  0.0298  0.0292  0.0293
  0.0293  0.0291  0.0291  0.0298  0.0294  0.0290  0.0292  0.0291  0.0291  0.0289  0.0289  0.0290
  0.0289  0.0289  0.0289  0.0289  0.0289  0.0289  0.0289  0.0289  0.0289  0.0289  0.0289  0.0289
  0.0293  0.0292  0.0290  0.0291  0.0289  0.0288  0.0292  0.0293  0.0291  0.0295  0.0290  0.0290
  0.0303  0.0298  0.0293  0.0302  0.0299  0.0287  0.0300  0.0303  0.0297  0.0303  0.0293  0.0293
  0.0319  0.0309  0.0299  0.0324  0.0323  0.0301  0.0312  0.0318  0.0306  0.0313  0.0297  0.0297
niter,ni,del,rscale     1    3    5.0000    1.2000
parameters
    0.9711   29.9166   16.2839   -2.5927   -8.5498   -1.2430
   -2.6713    9.1400    3.0601    8.1779  -10.5927  -16.0060
eta,q 0.97113  7.43680
  0.0319  0.0307  0.0299  0.0318  0.0319  0.0297  0.0312  0.0320  0.0306  0.0316  0.0298  0.0298
  0.0303  0.0297  0.0294  0.0309  0.0304  0.0292  0.0300  0.0302  0.0296  0.0298  0.0292  0.0292
  0.0293  0.0291  0.0290  0.0298  0.0293  0.0290  0.0292  0.0291  0.0291  0.0289  0.0289  0.0290
  0.0289  0.0289  0.0289  0.0289  0.0289  0.0289  0.0289  0.0289  0.0289  0.0289  0.0289  0.0289
  0.0292  0.0291  0.0290  0.0291  0.0289  0.0287  0.0291  0.0293  0.0291  0.0294  0.0290  0.0290
  0.0303  0.0298  0.0293  0.0302  0.0299  0.0287  0.0299  0.0302  0.0296  0.0303  0.0293  0.0292
  0.0319  0.0309  0.0299  0.0324  0.0323  0.0301  0.0312  0.0318  0.0306  0.0313  0.0297  0.0297
registration optimization eta report
parameter search radius
    2.4000    2.4000    2.4000    7.2000    8.2800    7.2000
    7.2000    7.2000    7.2000    8.2800    7.2000    7.2000
100000*second partial in parameter space
       52.       33.       17.        6.        5.        2.
        5.        6.        3.        4.        2.        2.
  0.0319  0.0307  0.0299  0.0318  0.0319  0.0297  0.0312  0.0320  0.0306  0.0316  0.0298  0.0298
  0.0303  0.0297  0.0294  0.0309  0.0304  0.0292  0.0300  0.0302  0.0296  0.0298  0.0292  0.0292
  0.0293  0.0291  0.0290  0.0298  0.0293  0.0290  0.0292  0.0291  0.0291  0.0289  0.0289  0.0290
  0.0289  0.0289  0.0289  0.0289  0.0289  0.0289  0.0289  0.0289  0.0289  0.0289  0.0289  0.0289
  0.0292  0.0291  0.0290  0.0291  0.0289  0.0287  0.0291  0.0293  0.0291  0.0294  0.0290  0.0290
  0.0303  0.0298  0.0293  0.0302  0.0299  0.0287  0.0299  0.0302  0.0296  0.0303  0.0293  0.0292
  0.0319  0.0309  0.0299  0.0324  0.0323  0.0301  0.0312  0.0318  0.0306  0.0313  0.0297  0.0297
    0.9711   29.9166   16.2839   -2.5927   -8.5498   -1.2430
   -2.6713    9.1400    3.0601    8.1779  -10.5927  -16.0060
eta,q 0.97113  7.43680

---------------------------------------------------------------------
imgreg_4dfp /opt/freesurfer/average/711-2C_as_mni_average_305 /opt/freesurfer/average/711-2B_as_mni_average_305_mask talsrcimg_g11 none talsrcimg_to_711-2C_as_mni_average_305_t4 2311
---------------------------------------------------------------------

freesurfer imgreg_4dfp.c
/opt/freesurfer/average/711-2C_as_mni_average_305.4dfp.img
       256       256       256         1
  1.000000  1.000000  1.000000
orientation T byte_order littleendian
Reading image: /opt/freesurfer/average/711-2C_as_mni_average_305.4dfp.img
dimensions:      256       256       256
mmppix:       1.0000   -1.0000   -1.0000
center:     128.0000 -129.0000 -129.0000
/opt/freesurfer/average/711-2B_as_mni_average_305_mask.4dfp.img
       256       256       256         1
  1.000000  1.000000  1.000000
orientation T byte_order littleendian
Reading mask: /opt/freesurfer/average/711-2B_as_mni_average_305_mask.4dfp.img (2306576 pixels)
talsrcimg_g11.4dfp.img
       256       256       256         1
  1.000000  1.000000  1.000000
orientation T byte_order littleendian
Reading image: talsrcimg_g11.4dfp.img
dimensions:      256       256       256
mmppix:       1.0000   -1.0000   -1.0000
center:     128.0000 -129.0000 -129.0000
fimgreg.f
image alignment mode   2311 decimal      907 hex
parameters
    0.9711   29.9166   16.2839   -2.5927   -8.5498   -1.2430
   -2.6713    9.1400    3.0601    8.1779  -10.5927  -16.0060
eta,q 0.97113  7.43681
niter,ni,del,rscale     5    3    5.0000    0.8000
parameter  6 -0.724974 -> -0.500000 qaram    1.1500
parameters
    0.9802   29.8952   16.3471   -1.9632   -7.9405    1.5170
   -2.6759    9.6187    3.1339    7.3170   -9.9216  -16.7883
eta,q 0.97152  7.55217
  0.0303  0.0297  0.0294  0.0309  0.0300  0.0292  0.0299  0.0311  0.0295  0.0294  0.0294  0.0290
  0.0295  0.0292  0.0291  0.0301  0.0294  0.0290  0.0292  0.0298  0.0290  0.0287  0.0289  0.0286
  0.0290  0.0290  0.0289  0.0294  0.0290  0.0289  0.0288  0.0290  0.0287  0.0285  0.0286  0.0285
  0.0289  0.0289  0.0289  0.0289  0.0288  0.0288  0.0286  0.0286  0.0286  0.0286  0.0285  0.0285
  0.0290  0.0290  0.0289  0.0289  0.0288  0.0287  0.0288  0.0287  0.0287  0.0289  0.0285  0.0287
  0.0295  0.0293  0.0290  0.0294  0.0290  0.0286  0.0292  0.0293  0.0290  0.0294  0.0287  0.0290
  0.0303  0.0298  0.0293  0.0302  0.0296  0.0287  0.0299  0.0303  0.0295  0.0300  0.0290  0.0293
niter,ni,del,rscale     5    3    5.0000    0.8000
parameters
    0.9007   29.7437   16.0165   -1.8529   -8.1469    0.2439
   -2.8146    9.3188    2.9367    7.2993   -9.9665  -17.0357
eta,q 0.97141  7.51003
  0.0299  0.0293  0.0288  0.0307  0.0296  0.0290  0.0298  0.0302  0.0294  0.0299  0.0291  0.0291
  0.0291  0.0288  0.0286  0.0297  0.0290  0.0288  0.0291  0.0292  0.0290  0.0290  0.0288  0.0288
  0.0286  0.0285  0.0285  0.0289  0.0286  0.0287  0.0287  0.0287  0.0287  0.0286  0.0286  0.0286
  0.0285  0.0285  0.0285  0.0284  0.0284  0.0284  0.0286  0.0286  0.0286  0.0286  0.0286  0.0286
  0.0287  0.0287  0.0286  0.0287  0.0285  0.0284  0.0288  0.0289  0.0287  0.0288  0.0287  0.0287
  0.0293  0.0291  0.0289  0.0294  0.0290  0.0293  0.0292  0.0295  0.0291  0.0292  0.0289  0.0289
  0.0303  0.0297  0.0293  0.0307  0.0300  0.0313  0.0299  0.0306  0.0296  0.0297  0.0291  0.0292
niter,ni,del,rscale     4    3    5.0000    0.7000
parameters
    0.8952   29.8061   16.0413   -1.6524   -7.8172    0.2589
   -2.8043    9.3651    2.8455    7.2495   -9.8226  -17.0158
eta,q 0.97144  7.52445
  0.0298  0.0294  0.0290  0.0304  0.0296  0.0291  0.0295  0.0300  0.0292  0.0296  0.0290  0.0291
  0.0291  0.0290  0.0288  0.0296  0.0292  0.0289  0.0290  0.0292  0.0289  0.0289  0.0288  0.0288
  0.0287  0.0287  0.0286  0.0289  0.0288  0.0287  0.0287  0.0287  0.0286  0.0286  0.0286  0.0286
  0.0286  0.0286  0.0286  0.0286  0.0286  0.0286  0.0286  0.0286  0.0286  0.0286  0.0286  0.0286
  0.0287  0.0287  0.0286  0.0287  0.0286  0.0284  0.0287  0.0287  0.0287  0.0287  0.0286  0.0286
  0.0291  0.0289  0.0288  0.0293  0.0288  0.0285  0.0290  0.0292  0.0289  0.0291  0.0287  0.0288
  0.0298  0.0293  0.0290  0.0301  0.0295  0.0294  0.0295  0.0299  0.0293  0.0295  0.0290  0.0290
niter,ni,del,rscale     3    3    5.0000    0.6000
parameters
    0.8845   29.8079   16.0238   -1.6015   -7.7150    0.9989
   -2.8248    9.5057    2.8186    7.3068   -9.5358  -17.1320
eta,q 0.97152  7.54952
  0.0294  0.0291  0.0289  0.0299  0.0293  0.0290  0.0292  0.0297  0.0290  0.0293  0.0289  0.0289
  0.0289  0.0288  0.0287  0.0292  0.0289  0.0288  0.0288  0.0291  0.0287  0.0288  0.0287  0.0286
  0.0287  0.0286  0.0286  0.0287  0.0287  0.0287  0.0286  0.0286  0.0285  0.0285  0.0285  0.0285
  0.0286  0.0286  0.0286  0.0286  0.0286  0.0286  0.0285  0.0285  0.0285  0.0285  0.0285  0.0285
  0.0287  0.0286  0.0286  0.0287  0.0286  0.0284  0.0286  0.0286  0.0285  0.0286  0.0285  0.0285
  0.0290  0.0288  0.0287  0.0292  0.0288  0.0284  0.0288  0.0289  0.0287  0.0288  0.0286  0.0287
  0.0295  0.0291  0.0289  0.0298  0.0293  0.0289  0.0292  0.0296  0.0290  0.0292  0.0288  0.0289
niter,ni,del,rscale     2    3    5.0000    0.5000
parameters
    0.8630   29.7826   15.9443   -1.5934   -7.7696    1.4229
   -2.8386    9.5591    2.8052    7.3625   -9.3128  -17.2654
eta,q 0.97158  7.55820
  0.0291  0.0289  0.0287  0.0295  0.0290  0.0288  0.0289  0.0293  0.0288  0.0290  0.0288  0.0287
  0.0287  0.0287  0.0286  0.0290  0.0287  0.0287  0.0287  0.0288  0.0286  0.0287  0.0286  0.0285
  0.0285  0.0285  0.0285  0.0286  0.0286  0.0286  0.0285  0.0285  0.0285  0.0285  0.0285  0.0284
  0.0285  0.0285  0.0285  0.0285  0.0285  0.0285  0.0284  0.0284  0.0284  0.0284  0.0284  0.0284
  0.0286  0.0285  0.0285  0.0286  0.0285  0.0283  0.0285  0.0285  0.0285  0.0285  0.0284  0.0285
  0.0288  0.0287  0.0286  0.0289  0.0287  0.0284  0.0287  0.0288  0.0286  0.0287  0.0285  0.0286
  0.0291  0.0289  0.0287  0.0295  0.0291  0.0288  0.0289  0.0293  0.0288  0.0290  0.0287  0.0287
niter,ni,del,rscale     1    3    5.0000    0.4000
parameters
    0.8395   29.7686   15.8890   -1.6068   -7.8051    1.9925
   -2.8717    9.6530    2.7754    7.4443   -9.0629  -17.3368
eta,q 0.97167  7.56935
  0.0288  0.0287  0.0286  0.0291  0.0288  0.0287  0.0287  0.0290  0.0286  0.0288  0.0286  0.0285
  0.0286  0.0285  0.0285  0.0287  0.0286  0.0287  0.0285  0.0287  0.0284  0.0285  0.0285  0.0284
  0.0285  0.0285  0.0284  0.0285  0.0285  0.0286  0.0284  0.0284  0.0284  0.0284  0.0284  0.0283
  0.0284  0.0284  0.0284  0.0284  0.0284  0.0284  0.0283  0.0283  0.0283  0.0283  0.0283  0.0283
  0.0285  0.0285  0.0284  0.0285  0.0285  0.0283  0.0284  0.0284  0.0284  0.0284  0.0283  0.0284
  0.0286  0.0285  0.0285  0.0287  0.0286  0.0283  0.0285  0.0286  0.0285  0.0285  0.0284  0.0284
  0.0289  0.0287  0.0286  0.0291  0.0288  0.0287  0.0287  0.0289  0.0286  0.0287  0.0285  0.0286
registration optimization eta report
parameter search radius
    0.8000    0.8000    0.8000    2.4000    2.4000    2.7600
    2.4000    2.4000    2.4000    2.4000    2.4000    2.4000
100000*second partial in parameter space
       66.       42.       25.       12.        6.        4.
        6.       11.        4.        7.        4.        4.
  0.0288  0.0287  0.0286  0.0291  0.0288  0.0287  0.0287  0.0290  0.0286  0.0288  0.0286  0.0285
  0.0286  0.0285  0.0285  0.0287  0.0286  0.0287  0.0285  0.0287  0.0284  0.0285  0.0285  0.0284
  0.0285  0.0285  0.0284  0.0285  0.0285  0.0286  0.0284  0.0284  0.0284  0.0284  0.0284  0.0283
  0.0284  0.0284  0.0284  0.0284  0.0284  0.0284  0.0283  0.0283  0.0283  0.0283  0.0283  0.0283
  0.0285  0.0285  0.0284  0.0285  0.0285  0.0283  0.0284  0.0284  0.0284  0.0284  0.0283  0.0284
  0.0286  0.0285  0.0285  0.0287  0.0286  0.0283  0.0285  0.0286  0.0285  0.0285  0.0284  0.0284
  0.0289  0.0287  0.0286  0.0291  0.0288  0.0287  0.0287  0.0289  0.0286  0.0287  0.0285  0.0286
    0.8395   29.7686   15.8890   -1.6068   -7.8051    1.9925
   -2.8717    9.6530    2.7754    7.4443   -9.0629  -17.3368
eta,q 0.97167  7.56935

---------------------------------------------------------------------
imgreg_4dfp /opt/freesurfer/average/711-2C_as_mni_average_305 /opt/freesurfer/average/711-2B_as_mni_average_305_mask talsrcimg_g11 none talsrcimg_to_711-2C_as_mni_average_305_t4 2311
---------------------------------------------------------------------

freesurfer imgreg_4dfp.c
/opt/freesurfer/average/711-2C_as_mni_average_305.4dfp.img
       256       256       256         1
  1.000000  1.000000  1.000000
orientation T byte_order littleendian
Reading image: /opt/freesurfer/average/711-2C_as_mni_average_305.4dfp.img
dimensions:      256       256       256
mmppix:       1.0000   -1.0000   -1.0000
center:     128.0000 -129.0000 -129.0000
/opt/freesurfer/average/711-2B_as_mni_average_305_mask.4dfp.img
       256       256       256         1
  1.000000  1.000000  1.000000
orientation T byte_order littleendian
Reading mask: /opt/freesurfer/average/711-2B_as_mni_average_305_mask.4dfp.img (2306576 pixels)
talsrcimg_g11.4dfp.img
       256       256       256         1
  1.000000  1.000000  1.000000
orientation T byte_order littleendian
Reading image: talsrcimg_g11.4dfp.img
dimensions:      256       256       256
mmppix:       1.0000   -1.0000   -1.0000
center:     128.0000 -129.0000 -129.0000
fimgreg.f
image alignment mode   2311 decimal      907 hex
parameters
    0.8395   29.7686   15.8890   -1.6068   -7.8051    1.9925
   -2.8717    9.6530    2.7754    7.4443   -9.0629  -17.3368
eta,q 0.97167  7.56934
niter,ni,del,rscale     5    3    5.0000    0.8000
parameters
    0.8128   29.7264   15.9092   -1.7781   -8.2565    0.9764
   -2.7476    9.3175    2.8179    7.6190   -9.4307  -17.3823
eta,q 0.97147  7.53056
  0.0300  0.0294  0.0291  0.0305  0.0295  0.0289  0.0298  0.0302  0.0295  0.0300  0.0291  0.0292
  0.0291  0.0288  0.0287  0.0295  0.0289  0.0288  0.0291  0.0292  0.0289  0.0291  0.0287  0.0288
  0.0285  0.0285  0.0284  0.0286  0.0285  0.0286  0.0287  0.0286  0.0286  0.0286  0.0286  0.0286
  0.0283  0.0283  0.0283  0.0283  0.0283  0.0283  0.0285  0.0285  0.0285  0.0285  0.0285  0.0285
  0.0285  0.0285  0.0284  0.0287  0.0285  0.0283  0.0287  0.0289  0.0286  0.0287  0.0286  0.0286
  0.0291  0.0288  0.0287  0.0296  0.0291  0.0292  0.0290  0.0296  0.0289  0.0291  0.0289  0.0288
  0.0301  0.0295  0.0291  0.0310  0.0302  0.0309  0.0297  0.0308  0.0294  0.0297  0.0292  0.0292
niter,ni,del,rscale     4    3    5.0000    0.7000
parameters
    0.8364   29.8290   15.9060   -1.6072   -8.0184    0.7921
   -2.7847    9.3768    2.8375    7.5777   -9.4595  -17.3824
eta,q 0.97148  7.53650
  0.0298  0.0294  0.0290  0.0304  0.0296  0.0289  0.0295  0.0301  0.0292  0.0296  0.0290  0.0291
  0.0291  0.0290  0.0287  0.0295  0.0291  0.0288  0.0289  0.0292  0.0288  0.0289  0.0287  0.0287
  0.0287  0.0287  0.0286  0.0288  0.0287  0.0287  0.0286  0.0287  0.0286  0.0286  0.0286  0.0286
  0.0285  0.0285  0.0285  0.0285  0.0285  0.0285  0.0285  0.0285  0.0285  0.0285  0.0285  0.0285
  0.0286  0.0286  0.0286  0.0287  0.0285  0.0283  0.0286  0.0287  0.0286  0.0287  0.0286  0.0286
  0.0290  0.0288  0.0287  0.0292  0.0288  0.0285  0.0290  0.0292  0.0288  0.0290  0.0287  0.0288
  0.0297  0.0292  0.0290  0.0302  0.0295  0.0294  0.0295  0.0300  0.0292  0.0295  0.0290  0.0290
niter,ni,del,rscale     3    3    5.0000    0.6000
parameters
    0.8405   29.8347   15.8980   -1.5610   -7.8858    1.3684
   -2.8435    9.5212    2.8168    7.6022   -9.2404  -17.4111
eta,q 0.97156  7.55606
  0.0294  0.0291  0.0288  0.0299  0.0293  0.0289  0.0292  0.0298  0.0290  0.0293  0.0289  0.0289
  0.0289  0.0288  0.0287  0.0292  0.0289  0.0288  0.0287  0.0291  0.0287  0.0288  0.0286  0.0286
  0.0286  0.0286  0.0286  0.0287  0.0287  0.0287  0.0285  0.0286  0.0285  0.0285  0.0285  0.0285
  0.0285  0.0285  0.0285  0.0285  0.0285  0.0285  0.0284  0.0284  0.0284  0.0284  0.0284  0.0284
  0.0286  0.0286  0.0286  0.0287  0.0285  0.0284  0.0285  0.0285  0.0285  0.0286  0.0285  0.0285
  0.0289  0.0288  0.0287  0.0291  0.0288  0.0284  0.0288  0.0289  0.0287  0.0288  0.0286  0.0286
  0.0294  0.0291  0.0288  0.0298  0.0293  0.0289  0.0292  0.0296  0.0290  0.0292  0.0288  0.0288
niter,ni,del,rscale     2    3    5.0000    0.5000
parameters
    0.8267   29.8103   15.8498   -1.5824   -7.9112    1.7998
   -2.8564    9.5781    2.7980    7.6029   -9.0516  -17.4677
eta,q 0.97164  7.56384
  0.0291  0.0288  0.0287  0.0294  0.0289  0.0288  0.0289  0.0294  0.0287  0.0290  0.0287  0.0287
  0.0287  0.0286  0.0285  0.0289  0.0287  0.0287  0.0286  0.0288  0.0285  0.0286  0.0285  0.0285
  0.0285  0.0285  0.0284  0.0285  0.0285  0.0286  0.0284  0.0285  0.0284  0.0284  0.0284  0.0284
  0.0284  0.0284  0.0284  0.0284  0.0284  0.0284  0.0284  0.0284  0.0284  0.0284  0.0284  0.0284
  0.0285  0.0285  0.0285  0.0286  0.0285  0.0283  0.0284  0.0285  0.0284  0.0285  0.0284  0.0284
  0.0287  0.0286  0.0286  0.0289  0.0287  0.0284  0.0286  0.0288  0.0285  0.0286  0.0285  0.0285
  0.0291  0.0289  0.0287  0.0295  0.0290  0.0288  0.0289  0.0293  0.0288  0.0289  0.0286  0.0287
niter,ni,del,rscale     1    3    5.0000    0.4000
parameters
    0.8096   29.7901   15.8342   -1.6179   -7.9453    2.2173
   -2.8683    9.6236    2.7650    7.5884   -8.9074  -17.4561
eta,q 0.97169  7.57008
  0.0288  0.0286  0.0285  0.0290  0.0287  0.0287  0.0286  0.0290  0.0286  0.0287  0.0285  0.0285
  0.0285  0.0285  0.0284  0.0287  0.0285  0.0286  0.0285  0.0286  0.0284  0.0285  0.0284  0.0284
  0.0284  0.0284  0.0284  0.0284  0.0284  0.0285  0.0283  0.0284  0.0283  0.0283  0.0283  0.0283
  0.0284  0.0284  0.0284  0.0284  0.0284  0.0284  0.0283  0.0283  0.0283  0.0283  0.0283  0.0283
  0.0284  0.0284  0.0284  0.0285  0.0284  0.0283  0.0284  0.0284  0.0283  0.0284  0.0283  0.0283
  0.0286  0.0285  0.0285  0.0287  0.0285  0.0283  0.0285  0.0286  0.0284  0.0285  0.0284  0.0284
  0.0288  0.0287  0.0285  0.0291  0.0287  0.0286  0.0287  0.0289  0.0286  0.0287  0.0285  0.0285
registration optimization eta report
parameter search radius
    0.8000    0.8000    0.8000    2.4000    2.4000    2.4000
    2.4000    2.4000    2.4000    2.4000    2.4000    2.4000
100000*second partial in parameter space
       68.       43.       28.       12.        6.        5.
        6.       11.        4.        7.        4.        4.
  0.0288  0.0286  0.0285  0.0290  0.0287  0.0287  0.0286  0.0290  0.0286  0.0287  0.0285  0.0285
  0.0285  0.0285  0.0284  0.0287  0.0285  0.0286  0.0285  0.0286  0.0284  0.0285  0.0284  0.0284
  0.0284  0.0284  0.0284  0.0284  0.0284  0.0285  0.0283  0.0284  0.0283  0.0283  0.0283  0.0283
  0.0284  0.0284  0.0284  0.0284  0.0284  0.0284  0.0283  0.0283  0.0283  0.0283  0.0283  0.0283
  0.0284  0.0284  0.0284  0.0285  0.0284  0.0283  0.0284  0.0284  0.0283  0.0284  0.0283  0.0283
  0.0286  0.0285  0.0285  0.0287  0.0285  0.0283  0.0285  0.0286  0.0284  0.0285  0.0284  0.0284
  0.0288  0.0287  0.0285  0.0291  0.0287  0.0286  0.0287  0.0289  0.0286  0.0287  0.0285  0.0285
    0.8096   29.7901   15.8342   -1.6179   -7.9453    2.2173
   -2.8683    9.6236    2.7650    7.5884   -8.9074  -17.4561
eta,q 0.97169  7.57008

---------------------------------------------------------------------
compute_vox2vox talsrcimg talsrcimg_to_711-2C_as_mni_average_305_t4 /opt/freesurfer/average/711-2C_as_mni_average_305
---------------------------------------------------------------------

freesurfer compute_vox2vox.c
Reading: talsrcimg.4dfp.ifh
Reading: talsrcimg_to_711-2C_as_mni_average_305_t4
Reading: /opt/freesurfer/average/711-2C_as_mni_average_305.4dfp.ifh
Writing: talsrcimg_to_711-2C_as_mni_average_305_t4_vox2vox.txt

start time Sun Nov 24 05:18:40 UTC 2024
end		time Sun Nov 24 05:19:35 UTC 2024

mpr2mni305 success

avi2talxfm orig_nu.mgz /opt/freesurfer/average/mni305.cor.mgz talsrcimg_to_711-2C_as_mni_average_305_t4_vox2vox.txt transforms/talairach.auto.xfm
avi2talxfm done
mv -f /scratch/tmp/fs_mp2rage_tests2/sourcedata/freesurfer_memprage/sub-fsm22db/mri/talsrcimg_to_711-2C_as_mni_average_305_t4_vox2vox.txt /scratch/tmp/fs_mp2rage_tests2/sourcedata/freesurfer_memprage/sub-fsm22db/mri/transforms/talsrcimg_to_711-2C_as_mni_average_305_t4_vox2vox.txt
lta_convert --src orig_nu.mgz --trg /opt/freesurfer/average/mni305.cor.mgz --inxfm transforms/talairach.auto.xfm --outlta transforms/talairach.auto.xfm.lta --subject fsaverage
7.3.2

--src: orig_nu.mgz src image (geometry).
--trg: /opt/freesurfer/average/mni305.cor.mgz trg image (geometry).
--inmni: transforms/talairach.auto.xfm input MNI/XFM transform.
--outlta: transforms/talairach.auto.xfm.lta output LTA.
--s: fsaverage subject name
 LTA read, type : 1
 1.00740  -0.09583   0.01322   1.41690;
 0.08147   0.95698   0.18401  -33.56176;
-0.03698  -0.07601   1.07074  -10.92850;
 0.00000   0.00000   0.00000   1.00000;
setting subject to fsaverage
Writing  LTA to file transforms/talairach.auto.xfm.lta...
lta_convert successful.
 
 
Started at Sun Nov 24 05:18:36 UTC 2024
Ended   at Sun Nov 24 05:19:36 UTC 2024
talairach_avi done
