status file for recon-all
Sun Nov 24 18:22:36 UTC 2024
#@# Tessellate lh Sun Nov 24 18:22:36 UTC 2024
#@# Smooth1 lh Sun Nov 24 18:22:49 UTC 2024
#@# Inflation1 lh Sun Nov 24 18:22:56 UTC 2024
#@# QSphere lh Sun Nov 24 18:23:25 UTC 2024
#@# Fix Topology lh Sun Nov 24 18:25:38 UTC 2024
#@# Smooth2 lh Sun Nov 24 18:39:18 UTC 2024
#@# Inflation2 lh Sun Nov 24 18:39:25 UTC 2024
#@# Curv .H and .K lh Sun Nov 24 18:39:50 UTC 2024
#@# Sphere lh Sun Nov 24 18:41:27 UTC 2024
#@# Surf Reg lh Sun Nov 24 18:46:38 UTC 2024
#@# Jacobian white lh Sun Nov 24 18:55:25 UTC 2024
#@# AvgCurv lh Sun Nov 24 18:55:27 UTC 2024
#@# Cortical Parc lh Sun Nov 24 18:55:28 UTC 2024
#@# white curv lh Sun Nov 24 19:10:46 UTC 2024
#@# white area lh Sun Nov 24 19:10:50 UTC 2024
#@# pial curv lh Sun Nov 24 19:10:52 UTC 2024
#@# pial area lh Sun Nov 24 19:10:56 UTC 2024
#@# thickness lh Sun Nov 24 19:10:58 UTC 2024
#@# area and vertex vol lh Sun Nov 24 19:12:02 UTC 2024
#@# Curvature Stats lh Sun Nov 24 19:12:05 UTC 2024
#@# Cortical Parc 2 lh Sun Nov 24 19:12:11 UTC 2024
#@# Cortical Parc 3 lh Sun Nov 24 19:12:43 UTC 2024
#@# WM/GM Contrast lh Sun Nov 24 19:13:07 UTC 2024
recon-all -s sub-fsm99tc finished without error at Sun Nov 24 19:13:14 UTC 2024



#New# invocation of recon-all 



status file for recon-all
Sun Nov 24 22:10:44 UTC 2024
#@# white curv lh Sun Nov 24 22:10:44 UTC 2024
#@# white area lh Sun Nov 24 22:10:44 UTC 2024
#@# pial curv lh Sun Nov 24 22:10:44 UTC 2024
#@# pial area lh Sun Nov 24 22:10:44 UTC 2024
#@# thickness lh Sun Nov 24 22:10:44 UTC 2024
#@# area and vertex vol lh Sun Nov 24 22:10:44 UTC 2024
#@# Parcellation Stats lh Sun Nov 24 22:10:44 UTC 2024
#@# Parcellation Stats 2 lh Sun Nov 24 22:12:16 UTC 2024
#@# Parcellation Stats 3 lh Sun Nov 24 22:13:01 UTC 2024
#@# BA_exvivo Labels lh Sun Nov 24 22:13:44 UTC 2024
recon-all -s sub-fsm99tc finished without error at Sun Nov 24 22:20:56 UTC 2024
