/scratch/tmp/fs_mp2rage_tests2/sourcedata/freesurfer_memprage/sub-fsm64ps/mri
/opt/freesurfer/bin/talairach_avi
--i orig_nu.mgz --xfm transforms/talairach.auto.xfm
talairach_avi 7.3.2
Linux elm.criugm.qc.ca 5.15.0-113-generic #123-Ubuntu SMP Mon Jun 10 08:16:17 UTC 2024 x86_64 x86_64 x86_64 GNU/Linux
Sun Nov 24 05:43:55 UTC 2024
mri_convert orig_nu.mgz talsrcimg.img 
reading from orig_nu.mgz...
TR=0.00, TE=0.00, TI=0.00, flip angle=0.00
i_ras = (-1, 1.86265e-09, 7.45058e-09)
j_ras = (7.45058e-09, 1.49012e-08, -1)
k_ras = (-9.31323e-10, 1, 0)
writing to talsrcimg.img...
Analyze Output Matrix
-1.00000   0.00000  -0.00000   126.35760;
 0.00000   0.00000   1.00000  -93.98292;
 0.00000  -1.00000   0.00000   92.47177;
 0.00000   0.00000   0.00000   1.00000;
--------------------
INFO: set hdr.hist.orient to -1
mpr2mni305 talsrcimg
Sun Nov 24 05:43:59 UTC 2024
/opt/freesurfer/bin/mpr2mni305 talsrcimg
mpr2mni305 7.3.2
target=711-2C_as_mni_average_305

---------------------------------------------------------------------
analyzeto4dfp talsrcimg -O0 -y
---------------------------------------------------------------------

freesurfer ifh2hdr.c
Sun Nov 24 05:43:59 2024
Writing: talsrcimg.4dfp.hdr
freesurfer analyzeto4dfp.c
Reading: talsrcimg.hdr
header size 348 bytes
hdr.dime.datatype	offset=70	value=2
hdr.dime.bitpix		offset=72	value=8
hdr.hist.orient		offset=252	value=-1
dimensionality     4
dimensions       256       256       256         1
Reading: talsrcimg.img
Writing: talsrcimg.4dfp.img
Writing: talsrcimg.4dfp.ifh
ifh2hdr talsrcimg -r0to239
ori=2

---------------------------------------------------------------------
gauss_4dfp talsrcimg 1.1
---------------------------------------------------------------------

freesurfer gauss_4dfp.c
Reading: talsrcimg.4dfp.img
Writing: talsrcimg_g11.4dfp.img
image dimensions 256 256 256 padded to 288 288 288
processing volume 1freesurfer ifh2hdr.c
Sun Nov 24 05:44:10 2024
Writing: talsrcimg_g11.4dfp.hdr

Writing: talsrcimg_g11.4dfp.ifh
including: talsrcimg.4dfp.img.rec in talsrcimg_g11.4dfp.img.rec

---------------------------------------------------------------------
imgreg_4dfp /opt/freesurfer/average/711-2C_as_mni_average_305 none talsrcimg_g11 none talsrcimg_to_711-2C_as_mni_average_305_t4 4355
---------------------------------------------------------------------

freesurfer imgreg_4dfp.c
/opt/freesurfer/average/711-2C_as_mni_average_305.4dfp.img
       256       256       256         1
  1.000000  1.000000  1.000000
orientation T byte_order littleendian
Reading image: /opt/freesurfer/average/711-2C_as_mni_average_305.4dfp.img
dimensions:      256       256       256
mmppix:       1.0000   -1.0000   -1.0000
center:     128.0000 -129.0000 -129.0000
talsrcimg_g11.4dfp.img
       256       256       256         1
  1.000000  1.000000  1.000000
orientation T byte_order littleendian
Reading image: talsrcimg_g11.4dfp.img
dimensions:      256       256       256
mmppix:       1.0000   -1.0000   -1.0000
center:     128.0000 -129.0000 -129.0000
t4_read: open error in t4_sub.f l:  41 t4_file(1:l)talsrcimg_to_711-2C_as_mni_average_305_t4 
t4_read: transform initialized to I4
rotation matrix determinant  1.000000
image alignment mode   4355 decimal     1103 hex
   -7.5000  -45.0000  -45.000010290.9639    8.6524
    0.0000  -45.0000  -45.000010785.9570    8.6587
    7.5000  -45.0000  -45.000010402.9473    8.6589
   -7.5000  -37.5000  -45.000010442.2275    8.7589
    0.0000  -37.5000  -45.000010957.1230    8.7654
    7.5000  -37.5000  -45.000010555.0361    8.7667
   -7.5000  -30.0000  -45.000010773.5303    8.6002
    0.0000  -30.0000  -45.000011307.3184    8.6081
    7.5000  -30.0000  -45.000010873.1807    8.6058
   -7.5000  -22.5000  -45.000011117.5078    8.5329
    0.0000  -22.5000  -45.000011644.3652    8.5413
    7.5000  -22.5000  -45.000011171.8311    8.5365
   -7.5000  -15.0000  -45.000011441.0068    8.4697
    0.0000  -15.0000  -45.000011951.6543    8.4774
    7.5000  -15.0000  -45.000011408.4521    8.4729
   -7.5000   -7.5000  -45.000011842.9502    8.4162
    0.0000   -7.5000  -45.000012369.7324    8.4225
    7.5000   -7.5000  -45.000011756.8818    8.4204
   -7.5000    0.0000  -45.000012194.1699    8.3982
    0.0000    0.0000  -45.000012764.5840    8.4038
    7.5000    0.0000  -45.000012096.9199    8.4034
   -7.5000    7.5000  -45.000011672.1836    8.6074
    0.0000    7.5000  -45.000012223.6621    8.6137
    7.5000    7.5000  -45.000011565.2656    8.6146
   -7.5000   15.0000  -45.000011223.9746    8.9649
    0.0000   15.0000  -45.000011759.8662    8.9709
    7.5000   15.0000  -45.000011069.8398    8.9705
   -7.5000   22.5000  -45.000010763.0820    9.3842
    0.0000   22.5000  -45.000011252.2383    9.3890
    7.5000   22.5000  -45.000010579.5127    9.3864
   -7.5000   30.0000  -45.000010273.2295    9.6992
    0.0000   30.0000  -45.000010716.8027    9.7000
    7.5000   30.0000  -45.000010058.5312    9.6978
   -7.5000   37.5000  -45.000010072.1592   10.0959
    0.0000   37.5000  -45.000010512.0713   10.0931
    7.5000   37.5000  -45.0000 9844.9834   10.0946
   -7.5000   45.0000  -45.0000 9413.1826   10.1878
    0.0000   45.0000  -45.0000 9850.9170   10.1835
    7.5000   45.0000  -45.0000 9208.0664   10.1879
   -7.5000  -45.0000  -37.500010697.8379    8.6305
    0.0000  -45.0000  -37.500011208.9180    8.6382
    7.5000  -45.0000  -37.500010809.3350    8.6375
   -7.5000  -37.5000  -37.500010873.3828    8.7362
    0.0000  -37.5000  -37.500011413.5381    8.7441
    7.5000  -37.5000  -37.500010993.0469    8.7439
   -7.5000  -30.0000  -37.500011271.2090    8.5776
    0.0000  -30.0000  -37.500011810.3350    8.5868
    7.5000  -30.0000  -37.500011352.3389    8.5826
   -7.5000  -22.5000  -37.500011649.8281    8.5098
    0.0000  -22.5000  -37.500012188.2344    8.5200
    7.5000  -22.5000  -37.500011689.0400    8.5135
   -7.5000  -15.0000  -37.500012007.1191    8.4466
    0.0000  -15.0000  -37.500012526.3496    8.4562
    7.5000  -15.0000  -37.500011954.1895    8.4507
   -7.5000   -7.5000  -37.500012446.5713    8.3941
    0.0000   -7.5000  -37.500012989.9082    8.4020
    7.5000   -7.5000  -37.500012345.0254    8.3991
   -7.5000    0.0000  -37.500012788.8076    8.3766
    0.0000    0.0000  -37.500013377.7002    8.3835
    7.5000    0.0000  -37.500012671.0664    8.3825
   -7.5000    7.5000  -37.500012228.3486    8.5845
    0.0000    7.5000  -37.500012813.7031    8.5921
    7.5000    7.5000  -37.500012089.7295    8.5916
   -7.5000   15.0000  -37.500011714.0459    8.9406
    0.0000   15.0000  -37.500012281.3662    8.9482
    7.5000   15.0000  -37.500011556.0977    8.9458
   -7.5000   22.5000  -37.500011203.5498    9.3597
    0.0000   22.5000  -37.500011709.5518    9.3668
    7.5000   22.5000  -37.500011023.9346    9.3623
   -7.5000   30.0000  -37.500010673.8594    9.6776
    0.0000   30.0000  -37.500011139.7812    9.6810
    7.5000   30.0000  -37.500010453.6055    9.6772
   -7.5000   37.5000  -37.500010460.8301   10.0762
    0.0000   37.5000  -37.500010912.3154   10.0762
    7.5000   37.5000  -37.500010208.7080   10.0766
   -7.5000   45.0000  -37.5000 9758.4170   10.1711
    0.0000   45.0000  -37.500010200.5254   10.1693
    7.5000   45.0000  -37.5000 9537.9102   10.1728
   -7.5000  -45.0000  -30.000011354.6191    8.9670
    0.0000  -45.0000  -30.000011860.0977    8.9754
    7.5000  -45.0000  -30.000011449.5166    8.9741
   -7.5000  -37.5000  -30.000011558.1445    9.0767
    0.0000  -37.5000  -30.000012086.1826    9.0857
    7.5000  -37.5000  -30.000011656.0137    9.0850
   -7.5000  -30.0000  -30.000011972.5752    8.9121
    0.0000  -30.0000  -30.000012496.5117    8.9232
    7.5000  -30.0000  -30.000012022.2021    8.9188
   -7.5000  -22.5000  -30.000012365.1377    8.8396
    0.0000  -22.5000  -30.000012908.4580    8.8521
    7.5000  -22.5000  -30.000012380.1797    8.8460
   -7.5000  -15.0000  -30.000012753.0752    8.7722
    0.0000  -15.0000  -30.000013291.9922    8.7837
    7.5000  -15.0000  -30.000012687.0859    8.7788
   -7.5000   -7.5000  -30.000013237.8135    8.7183
    0.0000   -7.5000  -30.000013799.4922    8.7273
    7.5000   -7.5000  -30.000013123.2529    8.7245
   -7.5000    0.0000  -30.000013596.7295    8.7016
    0.0000    0.0000  -30.000014206.6230    8.7093
    7.5000    0.0000  -30.000013452.4961    8.7078
   -7.5000    7.5000  -30.000012985.7227    8.9179
    0.0000    7.5000  -30.000013594.0215    8.9265
    7.5000    7.5000  -30.000012799.9590    8.9254
   -7.5000   15.0000  -30.000012401.3320    9.2865
    0.0000   15.0000  -30.000012959.8984    9.2958
    7.5000   15.0000  -30.000012214.4678    9.2935
   -7.5000   22.5000  -30.000011854.0146    9.7196
    0.0000   22.5000  -30.000012354.7363    9.7288
    7.5000   22.5000  -30.000011669.7480    9.7248
   -7.5000   30.0000  -30.000011270.3682   10.0522
    0.0000   30.0000  -30.000011737.8330   10.0575
    7.5000   30.0000  -30.000011072.0879   10.0549
   -7.5000   37.5000  -30.000011020.8340   10.4700
    0.0000   37.5000  -30.000011487.4395   10.4707
    7.5000   37.5000  -30.000010797.6045   10.4716
   -7.5000   45.0000  -30.000010239.2031   10.5798
    0.0000   45.0000  -30.000010693.6348   10.5781
    7.5000   45.0000  -30.000010035.3545   10.5811
   -7.5000  -45.0000  -22.500012002.2051    9.2448
    0.0000  -45.0000  -22.500012516.5742    9.2522
    7.5000  -45.0000  -22.500012058.7871    9.2514
   -7.5000  -37.5000  -22.500012227.3203    9.3581
    0.0000  -37.5000  -22.500012738.1211    9.3668
    7.5000  -37.5000  -22.500012262.2334    9.3672
   -7.5000  -30.0000  -22.500012633.9131    9.1894
    0.0000  -30.0000  -22.500013140.2051    9.2011
    7.5000  -30.0000  -22.500012628.9863    9.1986
   -7.5000  -22.5000  -22.500013063.6963    9.1131
    0.0000  -22.5000  -22.500013572.3809    9.1262
    7.5000  -22.5000  -22.500013008.3008    9.1226
   -7.5000  -15.0000  -22.500013458.5010    9.0419
    0.0000  -15.0000  -22.500014000.3125    9.0533
    7.5000  -15.0000  -22.500013357.2490    9.0504
   -7.5000   -7.5000  -22.500013993.5850    8.9860
    0.0000   -7.5000  -22.500014558.4170    8.9942
    7.5000   -7.5000  -22.500013852.2822    8.9924
   -7.5000    0.0000  -22.500014401.8418    8.9699
    0.0000    0.0000  -22.500015058.4404    8.9767
    7.5000    0.0000  -22.500014270.8252    8.9756
   -7.5000    7.5000  -22.500013752.2764    9.1934
    0.0000    7.5000  -22.500014387.8330    9.2018
    7.5000    7.5000  -22.500013567.8916    9.2017
   -7.5000   15.0000  -22.500013139.7490    9.5717
    0.0000   15.0000  -22.500013646.0205    9.5814
    7.5000   15.0000  -22.500012930.5234    9.5812
   -7.5000   22.5000  -22.500012559.8652   10.0168
    0.0000   22.5000  -22.500012975.0156   10.0260
    7.5000   22.5000  -22.500012349.9805   10.0247
   -7.5000   30.0000  -22.500011919.2051   10.3601
    0.0000   30.0000  -22.500012320.8633   10.3645
    7.5000   30.0000  -22.500011720.8369   10.3650
   -7.5000   37.5000  -22.500011591.9033   10.7929
    0.0000   37.5000  -22.500012009.5225   10.7913
    7.5000   37.5000  -22.500011393.9678   10.7941
   -7.5000   45.0000  -22.500010756.2559   10.9170
    0.0000   45.0000  -22.500011172.6680   10.9126
    7.5000   45.0000  -22.500010571.4219   10.9163
   -7.5000  -45.0000  -15.000012568.8281    9.4303
    0.0000  -45.0000  -15.000013104.7734    9.4362
    7.5000  -45.0000  -15.000012602.3164    9.4366
   -7.5000  -37.5000  -15.000012815.0557    9.5454
    0.0000  -37.5000  -15.000013322.6797    9.5526
    7.5000  -37.5000  -15.000012799.4434    9.5548
   -7.5000  -30.0000  -15.000013261.6123    9.3742
    0.0000  -30.0000  -15.000013753.1025    9.3846
    7.5000  -30.0000  -15.000013180.6992    9.3844
   -7.5000  -22.5000  -15.000013695.9629    9.2967
    0.0000  -22.5000  -15.000014188.9971    9.3082
    7.5000  -22.5000  -15.000013569.5762    9.3066
   -7.5000  -15.0000  -15.000014100.8223    9.2237
    0.0000  -15.0000  -15.000014572.3330    9.2335
    7.5000  -15.0000  -15.000013905.8828    9.2320
   -7.5000   -7.5000  -15.000014603.9062    9.1659
    0.0000   -7.5000  -15.000015114.6963    9.1725
    7.5000   -7.5000  -15.000014441.9307    9.1719
   -7.5000    0.0000  -15.000015136.7676    9.1492
    0.0000    0.0000  -15.000015827.3828    9.1545
    7.5000    0.0000  -15.000015036.5352    9.1545
   -7.5000    7.5000  -15.000014581.1904    9.3767
    0.0000    7.5000  -15.000015226.9854    9.3837
    7.5000    7.5000  -15.000014369.3633    9.3854
   -7.5000   15.0000  -15.000013945.8018    9.7612
    0.0000   15.0000  -15.000014384.0283    9.7694
    7.5000   15.0000  -15.000013670.4307    9.7716
   -7.5000   22.5000  -15.000013252.7549   10.2159
    0.0000   22.5000  -15.000013578.2656   10.2228
    7.5000   22.5000  -15.000013020.2480   10.2238
   -7.5000   30.0000  -15.000012492.7910   10.5672
    0.0000   30.0000  -15.000012832.0996   10.5690
    7.5000   30.0000  -15.000012331.7314   10.5717
   -7.5000   37.5000  -15.000012136.6104   11.0093
    0.0000   37.5000  -15.000012507.8018   11.0049
    7.5000   37.5000  -15.000012000.0703   11.0093
   -7.5000   45.0000  -15.000011284.7236   11.1425
    0.0000   45.0000  -15.000011678.3184   11.1355
    7.5000   45.0000  -15.000011142.0635   11.1404
   -7.5000  -45.0000   -7.500013134.5107    9.5054
    0.0000  -45.0000   -7.500013662.1953    9.5107
    7.5000  -45.0000   -7.500013165.8154    9.5118
   -7.5000  -37.5000   -7.500013354.7383    9.6201
    0.0000  -37.5000   -7.500013860.6719    9.6261
    7.5000  -37.5000   -7.500013346.7090    9.6289
   -7.5000  -30.0000   -7.500013801.7930    9.4480
    0.0000  -30.0000   -7.500014315.1885    9.4564
    7.5000  -30.0000   -7.500013756.1318    9.4562
   -7.5000  -22.5000   -7.500014232.0771    9.3722
    0.0000  -22.5000   -7.500014720.7402    9.3814
    7.5000  -22.5000   -7.500014112.3877    9.3791
   -7.5000  -15.0000   -7.500014595.0840    9.3006
    0.0000  -15.0000   -7.500015056.7393    9.3085
    7.5000  -15.0000   -7.500014431.7832    9.3062
   -7.5000   -7.5000   -7.500015074.8057    9.2418
    0.0000   -7.5000   -7.500015538.9287    9.2475
    7.5000   -7.5000   -7.500014962.7422    9.2467
   -7.5000    0.0000   -7.500015746.3262    9.2229
    0.0000    0.0000   -7.500016382.0010    9.2277
    7.5000    0.0000   -7.500015632.1875    9.2282
   -7.5000    7.5000   -7.500015366.8291    9.4504
    0.0000    7.5000   -7.500016052.4404    9.4563
    7.5000    7.5000   -7.500015174.5439    9.4586
   -7.5000   15.0000   -7.500014713.2461    9.8376
    0.0000   15.0000   -7.500015176.4658    9.8439
    7.5000   15.0000   -7.500014512.9141    9.8459
   -7.5000   22.5000   -7.500013860.2529   10.2977
    0.0000   22.5000   -7.500014178.6904   10.3022
    7.5000   22.5000   -7.500013740.8369   10.3026
   -7.5000   30.0000   -7.500013013.1143   10.6559
    0.0000   30.0000   -7.500013334.4277   10.6557
    7.5000   30.0000   -7.500012926.9326   10.6569
   -7.5000   37.5000   -7.500012657.4951   11.1019
    0.0000   37.5000   -7.500013048.6387   11.0967
    7.5000   37.5000   -7.500012550.6367   11.1005
   -7.5000   45.0000   -7.500011777.8779   11.2376
    0.0000   45.0000   -7.500012242.9434   11.2304
    7.5000   45.0000   -7.500011650.5830   11.2358
   -7.5000  -45.0000    0.000013499.5566    9.5005
    0.0000  -45.0000    0.000014047.8203    9.5068
    7.5000  -45.0000    0.000013550.0957    9.5072
   -7.5000  -37.5000    0.000013738.4111    9.6137
    0.0000  -37.5000    0.000014284.2217    9.6201
    7.5000  -37.5000    0.000013750.0420    9.6216
   -7.5000  -30.0000    0.000014203.7217    9.4413
    0.0000  -30.0000    0.000014750.9375    9.4492
    7.5000  -30.0000    0.000014181.6416    9.4467
   -7.5000  -22.5000    0.000014624.3799    9.3672
    0.0000  -22.5000    0.000015126.5771    9.3758
    7.5000  -22.5000    0.000014544.9316    9.3706
   -7.5000  -15.0000    0.000015004.4072    9.2975
    0.0000  -15.0000    0.000015446.8760    9.3054
    7.5000  -15.0000    0.000014909.8818    9.3006
   -7.5000   -7.5000    0.000015494.2891    9.2388
    0.0000   -7.5000    0.000015892.3594    9.2452
    7.5000   -7.5000    0.000015420.2510    9.2430
   -7.5000    0.0000    0.000016209.7480    9.2187
    0.0000    0.0000    0.000016719.1016    9.2244
    7.5000    0.0000    0.000016084.0537    9.2242
   -7.5000    7.5000    0.000015915.5518    9.4442
    0.0000    7.5000    0.000016539.3652    9.4505
    7.5000    7.5000    0.000015735.5420    9.4516
   -7.5000   15.0000    0.000015220.1387    9.8309
    0.0000   15.0000    0.000015917.8379    9.8368
    7.5000   15.0000    0.000015211.4258    9.8364
   -7.5000   22.5000    0.000014366.4043   10.2925
    0.0000   22.5000    0.000015071.4961   10.2971
    7.5000   22.5000    0.000014408.7627   10.2943
   -7.5000   30.0000    0.000013491.4951   10.6562
    0.0000   30.0000    0.000014195.8789   10.6566
    7.5000   30.0000    0.000013441.3564   10.6541
   -7.5000   37.5000    0.000013104.6572   11.1039
    0.0000   37.5000    0.000013814.9639   11.1006
    7.5000   37.5000    0.000012976.8311   11.1021
   -7.5000   45.0000    0.000012139.5283   11.2404
    0.0000   45.0000    0.000012805.9639   11.2356
    7.5000   45.0000    0.000011980.4541   11.2401
   -7.5000  -45.0000    7.500012916.7920    9.5148
    0.0000  -45.0000    7.500013451.7939    9.5227
    7.5000  -45.0000    7.500012942.5605    9.5218
   -7.5000  -37.5000    7.500013136.0947    9.6285
    0.0000  -37.5000    7.500013642.2168    9.6365
    7.5000  -37.5000    7.500013111.0088    9.6362
   -7.5000  -30.0000    7.500013547.3418    9.4551
    0.0000  -30.0000    7.500014033.5059    9.4647
    7.5000  -30.0000    7.500013487.5527    9.4600
   -7.5000  -22.5000    7.500013925.9033    9.3804
    0.0000  -22.5000    7.500014413.6729    9.3911
    7.5000  -22.5000    7.500013865.8867    9.3840
   -7.5000  -15.0000    7.500014293.8623    9.3106
    0.0000  -15.0000    7.500014786.4883    9.3206
    7.5000  -15.0000    7.500014261.4980    9.3146
   -7.5000   -7.5000    7.500014784.0781    9.2528
    0.0000   -7.5000    7.500015286.3828    9.2610
    7.5000   -7.5000    7.500014748.5186    9.2578
   -7.5000    0.0000    7.500015474.9316    9.2333
    0.0000    0.0000    7.500016090.9961    9.2405
    7.5000    0.0000    7.500015367.2432    9.2392
   -7.5000    7.5000    7.500015085.9521    9.4593
    0.0000    7.5000    7.500015758.5518    9.4670
    7.5000    7.5000    7.500014958.4502    9.4664
   -7.5000   15.0000    7.500014362.7490    9.8469
    0.0000   15.0000    7.500015033.2871    9.8545
    7.5000   15.0000    7.500014355.4590    9.8518
   -7.5000   22.5000    7.500013616.4805   10.3084
    0.0000   22.5000    7.500014263.1533   10.3156
    7.5000   22.5000    7.500013595.2129   10.3105
   -7.5000   30.0000    7.500012829.3613   10.6748
    0.0000   30.0000    7.500013466.9639   10.6780
    7.5000   30.0000    7.500012744.5439   10.6736
   -7.5000   37.5000    7.500012398.6533   11.1249
    0.0000   37.5000    7.500013013.4746   11.1245
    7.5000   37.5000    7.500012308.6729   11.1245
   -7.5000   45.0000    7.500011456.4668   11.2631
    0.0000   45.0000    7.500011983.1719   11.2608
    7.5000   45.0000    7.500011354.7012   11.2641
   -7.5000  -45.0000   15.000012187.9160    9.5368
    0.0000  -45.0000   15.000012696.4785    9.5452
    7.5000  -45.0000   15.000012209.2578    9.5437
   -7.5000  -37.5000   15.000012389.2832    9.6521
    0.0000  -37.5000   15.000012888.8857    9.6612
    7.5000  -37.5000   15.000012382.4326    9.6603
   -7.5000  -30.0000   15.000012788.2334    9.4785
    0.0000  -30.0000   15.000013302.4941    9.4899
    7.5000  -30.0000   15.000012761.4238    9.4851
   -7.5000  -22.5000   15.000013211.2988    9.4019
    0.0000  -22.5000   15.000013748.0576    9.4147
    7.5000  -22.5000   15.000013166.5781    9.4081
   -7.5000  -15.0000   15.000013588.3389    9.3303
    0.0000  -15.0000   15.000014162.5889    9.3421
    7.5000  -15.0000   15.000013575.1670    9.3368
   -7.5000   -7.5000   15.000014071.0918    9.2730
    0.0000   -7.5000   15.000014660.8955    9.2821
    7.5000   -7.5000   15.000014052.7705    9.2790
   -7.5000    0.0000   15.000014662.4404    9.2552
    0.0000    0.0000   15.000015287.9365    9.2629
    7.5000    0.0000   15.000014555.3271    9.2612
   -7.5000    7.5000   15.000014153.1094    9.4832
    0.0000    7.5000   15.000014733.9619    9.4919
    7.5000    7.5000   15.000014059.9033    9.4906
   -7.5000   15.0000   15.000013370.1875    9.8719
    0.0000   15.0000   15.000013868.3838    9.8814
    7.5000   15.0000   15.000013338.8018    9.8787
   -7.5000   22.5000   15.000012633.5996   10.3329
    0.0000   22.5000   15.000013084.2812   10.3423
    7.5000   22.5000   15.000012575.5908   10.3378
   -7.5000   30.0000   15.000011905.7627   10.6992
    0.0000   30.0000   15.000012323.2578   10.7044
    7.5000   30.0000   15.000011821.3594   10.7013
   -7.5000   37.5000   15.000011520.4033   11.1523
    0.0000   37.5000   15.000011944.8926   11.1526
    7.5000   37.5000   15.000011463.3193   11.1532
   -7.5000   45.0000   15.000010663.9795   11.2937
    0.0000   45.0000   15.000011074.5459   11.2916
    7.5000   45.0000   15.000010602.0918   11.2945
   -7.5000  -45.0000   22.500011412.3545    9.6034
    0.0000  -45.0000   22.500011895.6416    9.6106
    7.5000  -45.0000   22.500011429.7725    9.6098
   -7.5000  -37.5000   22.500011616.5244    9.7206
    0.0000  -37.5000   22.500012107.6748    9.7292
    7.5000  -37.5000   22.500011617.1729    9.7296
   -7.5000  -30.0000   22.500012013.9121    9.5463
    0.0000  -30.0000   22.500012499.8467    9.5581
    7.5000  -30.0000   22.500011995.3379    9.5555
   -7.5000  -22.5000   22.500012432.2090    9.4679
    0.0000  -22.5000   22.500012913.2217    9.4811
    7.5000  -22.5000   22.500012375.6689    9.4774
   -7.5000  -15.0000   22.500012790.0205    9.3941
    0.0000  -15.0000   22.500013276.3281    9.4055
    7.5000  -15.0000   22.500012708.6631    9.4026
   -7.5000   -7.5000   22.500013192.1904    9.3360
    0.0000   -7.5000   22.500013704.8252    9.3441
    7.5000   -7.5000   22.500013107.4258    9.3423
   -7.5000    0.0000   22.500013631.3809    9.3193
    0.0000    0.0000   22.500014208.1865    9.3260
    7.5000    0.0000   22.500013526.4141    9.3248
   -7.5000    7.5000   22.500013053.8525    9.5505
    0.0000    7.5000   22.500013588.6855    9.5589
    7.5000    7.5000   22.500012987.6055    9.5588
   -7.5000   15.0000   22.500012331.9160    9.9415
    0.0000   15.0000   22.500012798.6719    9.9511
    7.5000   15.0000   22.500012299.3916    9.9508
   -7.5000   22.5000   22.500011648.3770   10.4033
    0.0000   22.5000   22.500012065.7461   10.4123
    7.5000   22.5000   22.500011579.9941   10.4109
   -7.5000   30.0000   22.500010966.4336   10.7666
    0.0000   30.0000   22.500011338.5059   10.7708
    7.5000   30.0000   22.500010888.2773   10.7711
   -7.5000   37.5000   22.500010637.7783   11.2201
    0.0000   37.5000   22.500011027.3604   11.2181
    7.5000   37.5000   22.500010580.4922   11.2208
   -7.5000   45.0000   22.5000 9855.4727   11.3612
    0.0000   45.0000   22.500010226.0859   11.3564
    7.5000   45.0000   22.5000 9806.8320   11.3600
   -7.5000  -45.0000   30.000010594.1504    9.7559
    0.0000  -45.0000   30.000011025.1729    9.7615
    7.5000  -45.0000   30.000010620.2422    9.7623
   -7.5000  -37.5000   30.000010784.2812    9.8725
    0.0000  -37.5000   30.000011194.1309    9.8796
    7.5000  -37.5000   30.000010784.9033    9.8821
   -7.5000  -30.0000   30.000011162.8838    9.6951
    0.0000  -30.0000   30.000011548.2119    9.7056
    7.5000  -30.0000   30.000011125.1064    9.7058
   -7.5000  -22.5000   30.000011529.1787    9.6164
    0.0000  -22.5000   30.000011913.7275    9.6283
    7.5000  -22.5000   30.000011459.3008    9.6269
   -7.5000  -15.0000   30.000011840.1436    9.5417
    0.0000  -15.0000   30.000012254.9365    9.5516
    7.5000  -15.0000   30.000011746.5938    9.5505
   -7.5000   -7.5000   30.000012196.1924    9.4819
    0.0000   -7.5000   30.000012643.4482    9.4884
    7.5000   -7.5000   30.000012076.7861    9.4882
   -7.5000    0.0000   30.000012543.2666    9.4645
    0.0000    0.0000   30.000013064.5840    9.4698
    7.5000    0.0000   30.000012423.6357    9.4701
   -7.5000    7.5000   30.000011975.0273    9.6984
    0.0000    7.5000   30.000012461.4463    9.7054
    7.5000    7.5000   30.000011907.4395    9.7074
   -7.5000   15.0000   30.000011333.4443   10.0955
    0.0000   15.0000   30.000011758.9238   10.1037
    7.5000   15.0000   30.000011286.5400   10.1063
   -7.5000   22.5000   30.000010713.0410   10.5671
    0.0000   22.5000   30.000011100.0186   10.5739
    7.5000   22.5000   30.000010641.9297   10.5752
   -7.5000   30.0000   30.000010098.0254   10.9360
    0.0000   30.0000   30.000010445.1934   10.9376
    7.5000   30.0000   30.000010024.0469   10.9405
   -7.5000   37.5000   30.0000 9816.0908   11.3973
    0.0000   37.5000   30.000010166.7070   11.3923
    7.5000   37.5000   30.0000 9741.0010   11.3970
   -7.5000   45.0000   30.0000 9123.9219   11.5412
    0.0000   45.0000   30.0000 9460.4287   11.5334
    7.5000   45.0000   30.0000 9028.4219   11.5386
   -7.5000  -45.0000   37.500010149.3408    9.9366
    0.0000  -45.0000   37.500010556.4512    9.9409
    7.5000  -45.0000   37.500010155.2295    9.9420
   -7.5000  -37.5000   37.500010315.5420   10.0440
    0.0000  -37.5000   37.500010709.0527   10.0492
    7.5000  -37.5000   37.500010293.4395   10.0519
   -7.5000  -30.0000   37.500010669.1855    9.8633
    0.0000  -30.0000   37.500011055.3281    9.8712
    7.5000  -30.0000   37.500010625.1709    9.8709
   -7.5000  -22.5000   37.500010997.7490    9.7877
    0.0000  -22.5000   37.500011388.7090    9.7967
    7.5000  -22.5000   37.500010937.1953    9.7943
   -7.5000  -15.0000   37.500011312.6182    9.7162
    0.0000  -15.0000   37.500011714.9443    9.7239
    7.5000  -15.0000   37.500011224.3564    9.7215
   -7.5000   -7.5000   37.500011679.0029    9.6564
    0.0000   -7.5000   37.500012095.6133    9.6615
    7.5000   -7.5000   37.500011554.9385    9.6607
   -7.5000    0.0000   37.500011985.6631    9.6367
    0.0000    0.0000   37.500012445.4854    9.6406
    7.5000    0.0000   37.500011870.5557    9.6411
   -7.5000    7.5000   37.500011417.9648    9.8653
    0.0000    7.5000   37.500011836.2480    9.8704
    7.5000    7.5000   37.500011333.0156    9.8726
   -7.5000   15.0000   37.500010814.6816   10.2619
    0.0000   15.0000   37.500011180.0576   10.2674
    7.5000   15.0000   37.500010736.6162   10.2694
   -7.5000   22.5000   37.500010233.9580   10.7399
    0.0000   22.5000   37.500010578.7139   10.7438
    7.5000   22.5000   37.500010151.0723   10.7438
   -7.5000   30.0000   37.5000 9666.9902   11.1174
    0.0000   30.0000   37.5000 9984.6152   11.1160
    7.5000   30.0000   37.5000 9576.4600   11.1169
   -7.5000   37.5000   37.5000 9399.8643   11.5890
    0.0000   37.5000   37.5000 9714.6426   11.5821
    7.5000   37.5000   37.5000 9300.8252   11.5855
   -7.5000   45.0000   37.5000 8744.4336   11.7378
    0.0000   45.0000   37.5000 9047.0576   11.7286
    7.5000   45.0000   37.5000 8632.7383   11.7337
   -7.5000  -45.0000   45.0000 9337.4209   10.2273
    0.0000  -45.0000   45.0000 9736.9229   10.2328
    7.5000  -45.0000   45.0000 9355.6143   10.2333
   -7.5000  -37.5000   45.0000 9470.8184   10.3227
    0.0000  -37.5000   45.0000 9864.6260   10.3284
    7.5000  -37.5000   45.0000 9473.2373   10.3300
   -7.5000  -30.0000   45.0000 9802.2080   10.1360
    0.0000  -30.0000   45.000010187.2627   10.1438
    7.5000  -30.0000   45.0000 9788.1689   10.1413
   -7.5000  -22.5000   45.000010114.9688   10.0625
    0.0000  -22.5000   45.000010496.9111   10.0714
    7.5000  -22.5000   45.000010088.7861   10.0662
   -7.5000  -15.0000   45.000010426.2539    9.9926
    0.0000  -15.0000   45.000010809.2637   10.0005
    7.5000  -15.0000   45.000010377.0742    9.9958
   -7.5000   -7.5000   45.000010778.1064    9.9320
    0.0000   -7.5000   45.000011153.5137    9.9379
    7.5000   -7.5000   45.000010656.8789    9.9357
   -7.5000    0.0000   45.000011038.6035    9.9103
    0.0000    0.0000   45.000011432.5996    9.9152
    7.5000    0.0000   45.000010925.6846    9.9151
   -7.5000    7.5000   45.000010468.9414   10.1343
    0.0000    7.5000   45.000010836.5840   10.1399
    7.5000    7.5000   45.000010381.6191   10.1411
   -7.5000   15.0000   45.0000 9921.3408   10.5312
    0.0000   15.0000   45.000010243.3477   10.5365
    7.5000   15.0000   45.0000 9825.1719   10.5359
   -7.5000   22.5000   45.0000 9396.1562   11.0123
    0.0000   22.5000   45.0000 9691.4629   11.0163
    7.5000   22.5000   45.0000 9299.3496   11.0128
   -7.5000   30.0000   45.0000 8879.6982   11.3908
    0.0000   30.0000   45.0000 9152.9141   11.3897
    7.5000   30.0000   45.0000 8784.0420   11.3866
   -7.5000   37.5000   45.0000 8638.9082   11.8640
    0.0000   37.5000   45.0000 8902.0146   11.8583
    7.5000   37.5000   45.0000 8522.3145   11.8590
   -7.5000   45.0000   45.0000 8008.2993   12.0254
    0.0000   45.0000   45.0000 8265.5723   12.0178
    7.5000   45.0000   45.0000 7894.5771   12.0215

---------------------------------------------------------------------
imgreg_4dfp /opt/freesurfer/average/711-2C_as_mni_average_305 /opt/freesurfer/average/711-2B_as_mni_average_305_mask talsrcimg_g11 none talsrcimg_to_711-2C_as_mni_average_305_t4 4355
---------------------------------------------------------------------

freesurfer imgreg_4dfp.c
/opt/freesurfer/average/711-2C_as_mni_average_305.4dfp.img
       256       256       256         1
  1.000000  1.000000  1.000000
orientation T byte_order littleendian
Reading image: /opt/freesurfer/average/711-2C_as_mni_average_305.4dfp.img
dimensions:      256       256       256
mmppix:       1.0000   -1.0000   -1.0000
center:     128.0000 -129.0000 -129.0000
/opt/freesurfer/average/711-2B_as_mni_average_305_mask.4dfp.img
       256       256       256         1
  1.000000  1.000000  1.000000
orientation T byte_order littleendian
Reading mask: /opt/freesurfer/average/711-2B_as_mni_average_305_mask.4dfp.img (2306576 pixels)
talsrcimg_g11.4dfp.img
       256       256       256         1
  1.000000  1.000000  1.000000
orientation T byte_order littleendian
Reading image: talsrcimg_g11.4dfp.img
dimensions:      256       256       256
mmppix:       1.0000   -1.0000   -1.0000
center:     128.0000 -129.0000 -129.0000
rotation matrix determinant  1.000000
image alignment mode   4355 decimal     1103 hex
   -7.5000  -45.0000  -45.0000 2324.5317   11.7756
    0.0000  -45.0000  -45.0000 2342.4280   11.7307
    7.5000  -45.0000  -45.0000 2328.0183   11.8446
   -7.5000  -37.5000  -45.0000 2343.4092   11.6021
    0.0000  -37.5000  -45.0000 2366.2566   11.5528
    7.5000  -37.5000  -45.0000 2348.2327   11.6566
   -7.5000  -30.0000  -45.0000 2366.9988   11.4292
    0.0000  -30.0000  -45.0000 2390.1541   11.4232
    7.5000  -30.0000  -45.0000 2373.2351   11.4841
   -7.5000  -22.5000  -45.0000 2398.9736   11.2658
    0.0000  -22.5000  -45.0000 2419.1567   11.2684
    7.5000  -22.5000  -45.0000 2403.0044   11.3189
   -7.5000  -15.0000  -45.0000 2420.0112   11.1260
    0.0000  -15.0000  -45.0000 2438.2446   11.1178
    7.5000  -15.0000  -45.0000 2419.7805   11.1553
   -7.5000   -7.5000  -45.0000 2430.9297   11.0166
    0.0000   -7.5000  -45.0000 2455.7422   10.9977
    7.5000   -7.5000  -45.0000 2430.4033   11.0326
   -7.5000    0.0000  -45.0000 2440.2749   10.9936
    0.0000    0.0000  -45.0000 2461.6643   10.9523
    7.5000    0.0000  -45.0000 2432.5552   11.0000
   -7.5000    7.5000  -45.0000 2440.7390   10.9807
    0.0000    7.5000  -45.0000 2455.1880   10.9644
    7.5000    7.5000  -45.0000 2429.8743   11.0187
   -7.5000   15.0000  -45.0000 2435.9858   11.0746
    0.0000   15.0000  -45.0000 2449.6833   11.0930
    7.5000   15.0000  -45.0000 2420.6653   11.1349
   -7.5000   22.5000  -45.0000 2418.8545   11.2977
    0.0000   22.5000  -45.0000 2432.7043   11.3247
    7.5000   22.5000  -45.0000 2403.6528   11.3892
   -7.5000   30.0000  -45.0000 2388.6301   11.7405
    0.0000   30.0000  -45.0000 2397.7429   11.7485
    7.5000   30.0000  -45.0000 2373.5781   11.8267
   -7.5000   37.5000  -45.0000 2334.7329   12.3090
    0.0000   37.5000  -45.0000 2346.6575   12.2901
    7.5000   37.5000  -45.0000 2322.7366   12.4000
   -7.5000   45.0000  -45.0000 2260.3738   13.0140
    0.0000   45.0000  -45.0000 2271.4946   12.9993
    7.5000   45.0000  -45.0000 2247.7136   13.1296
   -7.5000  -45.0000  -37.5000 2410.9995   10.9284
    0.0000  -45.0000  -37.5000 2431.0940   10.8527
    7.5000  -45.0000  -37.5000 2416.8479   10.9483
   -7.5000  -37.5000  -37.5000 2430.2476   10.7875
    0.0000  -37.5000  -37.5000 2454.9456   10.7389
    7.5000  -37.5000  -37.5000 2440.0645   10.8338
   -7.5000  -30.0000  -37.5000 2460.7012   10.6531
    0.0000  -30.0000  -37.5000 2483.6462   10.6311
    7.5000  -30.0000  -37.5000 2468.0222   10.6965
   -7.5000  -22.5000  -37.5000 2488.5918   10.5009
    0.0000  -22.5000  -37.5000 2512.2385   10.4922
    7.5000  -22.5000  -37.5000 2492.1353   10.5302
   -7.5000  -15.0000  -37.5000 2505.0413   10.3519
    0.0000  -15.0000  -37.5000 2525.4832   10.3223
    7.5000  -15.0000  -37.5000 2504.0029   10.3674
   -7.5000   -7.5000  -37.5000 2519.3384   10.2566
    0.0000   -7.5000  -37.5000 2540.3896   10.2282
    7.5000   -7.5000  -37.5000 2518.4207   10.2606
   -7.5000    0.0000  -37.5000 2532.1738   10.2402
    0.0000    0.0000  -37.5000 2548.4795   10.1920
    7.5000    0.0000  -37.5000 2525.7966   10.2382
   -7.5000    7.5000  -37.5000 2537.8806   10.2615
    0.0000    7.5000  -37.5000 2553.9238   10.2166
    7.5000    7.5000  -37.5000 2523.9302   10.2562
   -7.5000   15.0000  -37.5000 2532.6270   10.3493
    0.0000   15.0000  -37.5000 2547.8054   10.3641
    7.5000   15.0000  -37.5000 2511.2261   10.3987
   -7.5000   22.5000  -37.5000 2515.2903   10.6020
    0.0000   22.5000  -37.5000 2529.7324   10.6257
    7.5000   22.5000  -37.5000 2496.4363   10.6917
   -7.5000   30.0000  -37.5000 2479.5083   11.0241
    0.0000   30.0000  -37.5000 2493.6638   11.0257
    7.5000   30.0000  -37.5000 2463.7954   11.1125
   -7.5000   37.5000  -37.5000 2421.0520   11.5542
    0.0000   37.5000  -37.5000 2434.9119   11.5557
    7.5000   37.5000  -37.5000 2404.4641   11.6573
   -7.5000   45.0000  -37.5000 2340.2764   12.2194
    0.0000   45.0000  -37.5000 2353.8999   12.1896
    7.5000   45.0000  -37.5000 2329.6340   12.3252
   -7.5000  -45.0000  -30.0000 2547.0039   10.5675
    0.0000  -45.0000  -30.0000 2564.8015   10.4749
    7.5000  -45.0000  -30.0000 2552.5100   10.5789
   -7.5000  -37.5000  -30.0000 2564.9634   10.4370
    0.0000  -37.5000  -30.0000 2586.1477   10.3813
    7.5000  -37.5000  -30.0000 2576.4172   10.4789
   -7.5000  -30.0000  -30.0000 2593.8296   10.3115
    0.0000  -30.0000  -30.0000 2615.6104   10.2579
    7.5000  -30.0000  -30.0000 2599.4089   10.3466
   -7.5000  -22.5000  -30.0000 2617.2920   10.1357
    0.0000  -22.5000  -30.0000 2639.7124   10.1005
    7.5000  -22.5000  -30.0000 2623.8843   10.1769
   -7.5000  -15.0000  -30.0000 2633.5005    9.9756
    0.0000  -15.0000  -30.0000 2657.4360    9.9331
    7.5000  -15.0000  -30.0000 2633.5884   10.0118
   -7.5000   -7.5000  -30.0000 2650.1047    9.9021
    0.0000   -7.5000  -30.0000 2669.4153    9.8479
    7.5000   -7.5000  -30.0000 2648.2998    9.9243
   -7.5000    0.0000  -30.0000 2664.8162    9.9209
    0.0000    0.0000  -30.0000 2682.0659    9.8676
    7.5000    0.0000  -30.0000 2659.0288    9.9316
   -7.5000    7.5000  -30.0000 2671.6602    9.9474
    0.0000    7.5000  -30.0000 2693.4375    9.8742
    7.5000    7.5000  -30.0000 2660.0549    9.9473
   -7.5000   15.0000  -30.0000 2665.4307   10.0285
    0.0000   15.0000  -30.0000 2684.8992    9.9983
    7.5000   15.0000  -30.0000 2649.4272   10.0914
   -7.5000   22.5000  -30.0000 2653.4480   10.3045
    0.0000   22.5000  -30.0000 2672.2893   10.2838
    7.5000   22.5000  -30.0000 2638.9973   10.4053
   -7.5000   30.0000  -30.0000 2616.4678   10.7355
    0.0000   30.0000  -30.0000 2634.4797   10.6905
    7.5000   30.0000  -30.0000 2602.6123   10.8306
   -7.5000   37.5000  -30.0000 2553.7898   11.2597
    0.0000   37.5000  -30.0000 2570.2778   11.2214
    7.5000   37.5000  -30.0000 2539.9766   11.3636
   -7.5000   45.0000  -30.0000 2467.3850   11.9173
    0.0000   45.0000  -30.0000 2480.7986   11.8470
    7.5000   45.0000  -30.0000 2455.3518   12.0357
   -7.5000  -45.0000  -22.5000 2649.9187   10.2191
    0.0000  -45.0000  -22.5000 2671.3843   10.1001
    7.5000  -45.0000  -22.5000 2653.1582   10.2150
   -7.5000  -37.5000  -22.5000 2664.4958   10.0879
    0.0000  -37.5000  -22.5000 2686.0972    9.9889
    7.5000  -37.5000  -22.5000 2672.7773   10.1046
   -7.5000  -30.0000  -22.5000 2685.0127    9.9178
    0.0000  -30.0000  -22.5000 2706.1118    9.8310
    7.5000  -30.0000  -22.5000 2692.0908    9.9605
   -7.5000  -22.5000  -22.5000 2707.0063    9.7357
    0.0000  -22.5000  -22.5000 2728.8994    9.6713
    7.5000  -22.5000  -22.5000 2716.2319    9.7867
   -7.5000  -15.0000  -22.5000 2727.9993    9.5649
    0.0000  -15.0000  -22.5000 2753.1438    9.4933
    7.5000  -15.0000  -22.5000 2732.9321    9.6224
   -7.5000   -7.5000  -22.5000 2749.4871    9.4987
    0.0000   -7.5000  -22.5000 2769.4062    9.4223
    7.5000   -7.5000  -22.5000 2747.8008    9.5502
   -7.5000    0.0000  -22.5000 2765.1018    9.5594
    0.0000    0.0000  -22.5000 2784.0481    9.4818
    7.5000    0.0000  -22.5000 2761.1797    9.5956
   -7.5000    7.5000  -22.5000 2774.6711    9.6024
    0.0000    7.5000  -22.5000 2801.5398    9.5052
    7.5000    7.5000  -22.5000 2767.7703    9.6329
   -7.5000   15.0000  -22.5000 2773.3625    9.6782
    0.0000   15.0000  -22.5000 2793.8914    9.5651
    7.5000   15.0000  -22.5000 2757.5393    9.7635
   -7.5000   22.5000  -22.5000 2767.9751    9.9838
    0.0000   22.5000  -22.5000 2777.8677    9.8517
    7.5000   22.5000  -22.5000 2748.2793   10.0955
   -7.5000   30.0000  -22.5000 2724.8523   10.4254
    0.0000   30.0000  -22.5000 2738.0659   10.2731
    7.5000   30.0000  -22.5000 2707.4600   10.5121
   -7.5000   37.5000  -22.5000 2650.8286   10.9412
    0.0000   37.5000  -22.5000 2662.7341   10.8159
    7.5000   37.5000  -22.5000 2639.5967   11.0253
   -7.5000   45.0000  -22.5000 2554.7700   11.5979
    0.0000   45.0000  -22.5000 2564.6750   11.4950
    7.5000   45.0000  -22.5000 2546.5869   11.7131
   -7.5000  -45.0000  -15.0000 2710.0901    9.9009
    0.0000  -45.0000  -15.0000 2731.1394    9.7608
    7.5000  -45.0000  -15.0000 2715.8215    9.9165
   -7.5000  -37.5000  -15.0000 2719.8809    9.7580
    0.0000  -37.5000  -15.0000 2740.9814    9.6156
    7.5000  -37.5000  -15.0000 2727.8792    9.7605
   -7.5000  -30.0000  -15.0000 2738.2498    9.5996
    0.0000  -30.0000  -15.0000 2760.3821    9.4581
    7.5000  -30.0000  -15.0000 2745.8940    9.6054
   -7.5000  -22.5000  -15.0000 2760.9287    9.4171
    0.0000  -22.5000  -15.0000 2785.2283    9.2710
    7.5000  -22.5000  -15.0000 2767.2783    9.4272
   -7.5000  -15.0000  -15.0000 2785.4102    9.2323
    0.0000  -15.0000  -15.0000 2810.6831    9.0925
    7.5000  -15.0000  -15.0000 2782.9768    9.2658
   -7.5000   -7.5000  -15.0000 2810.2759    9.1572
    0.0000   -7.5000  -15.0000 2830.4397    9.0233
    7.5000   -7.5000  -15.0000 2803.7129    9.2164
   -7.5000    0.0000  -15.0000 2833.0479    9.2447
    0.0000    0.0000  -15.0000 2851.3633    9.1027
    7.5000    0.0000  -15.0000 2828.2222    9.2903
   -7.5000    7.5000  -15.0000 2850.2451    9.3652
    0.0000    7.5000  -15.0000 2875.4607    9.2373
    7.5000    7.5000  -15.0000 2840.7156    9.3925
   -7.5000   15.0000  -15.0000 2851.7900    9.4159
    0.0000   15.0000  -15.0000 2868.7681    9.2245
    7.5000   15.0000  -15.0000 2827.6184    9.4905
   -7.5000   22.5000  -15.0000 2834.1272    9.7116
    0.0000   22.5000  -15.0000 2837.9797    9.4723
    7.5000   22.5000  -15.0000 2806.8079    9.8307
   -7.5000   30.0000  -15.0000 2781.0718   10.1464
    0.0000   30.0000  -15.0000 2785.2759    9.9141
    7.5000   30.0000  -15.0000 2756.2063   10.2574
   -7.5000   37.5000  -15.0000 2704.7683   10.6678
    0.0000   37.5000  -15.0000 2709.3191   10.4701
    7.5000   37.5000  -15.0000 2689.1362   10.7814
   -7.5000   45.0000  -15.0000 2601.3899   11.3239
    0.0000   45.0000  -15.0000 2608.6194   11.1564
    7.5000   45.0000  -15.0000 2593.9490   11.4688
   -7.5000  -45.0000   -7.5000 2746.7290    9.6587
    0.0000  -45.0000   -7.5000 2772.7732    9.4706
    7.5000  -45.0000   -7.5000 2753.6511    9.6782
   -7.5000  -37.5000   -7.5000 2754.2190    9.5035
    0.0000  -37.5000   -7.5000 2779.9880    9.3028
    7.5000  -37.5000   -7.5000 2762.4954    9.5041
   -7.5000  -30.0000   -7.5000 2770.1963    9.3224
    0.0000  -30.0000   -7.5000 2791.4844    9.1454
    7.5000  -30.0000   -7.5000 2776.8552    9.3241
   -7.5000  -22.5000   -7.5000 2789.6482    9.1263
    0.0000  -22.5000   -7.5000 2812.3984    8.9669
    7.5000  -22.5000   -7.5000 2791.0847    9.1439
   -7.5000  -15.0000   -7.5000 2813.4097    8.9444
    0.0000  -15.0000   -7.5000 2838.6904    8.7914
    7.5000  -15.0000   -7.5000 2807.8115    8.9771
   -7.5000   -7.5000   -7.5000 2840.1851    8.8753
    0.0000   -7.5000   -7.5000 2859.9565    8.7344
    7.5000   -7.5000   -7.5000 2831.9902    8.9403
   -7.5000    0.0000   -7.5000 2868.3518    8.9847
    0.0000    0.0000   -7.5000 2886.5435    8.8325
    7.5000    0.0000   -7.5000 2859.9399    9.0350
   -7.5000    7.5000   -7.5000 2892.1711    9.2400
    0.0000    7.5000   -7.5000 2911.6079    9.0851
    7.5000    7.5000   -7.5000 2879.8398    9.2524
   -7.5000   15.0000   -7.5000 2892.3386    9.3285
    0.0000   15.0000   -7.5000 2906.5186    9.1646
    7.5000   15.0000   -7.5000 2869.1997    9.4256
   -7.5000   22.5000   -7.5000 2865.7019    9.5557
    0.0000   22.5000   -7.5000 2865.4771    9.3214
    7.5000   22.5000   -7.5000 2841.3240    9.7079
   -7.5000   30.0000   -7.5000 2799.6704    9.8972
    0.0000   30.0000   -7.5000 2801.5571    9.7076
    7.5000   30.0000   -7.5000 2776.7422   10.0963
   -7.5000   37.5000   -7.5000 2719.9326   10.4088
    0.0000   37.5000   -7.5000 2726.3818   10.2673
    7.5000   37.5000   -7.5000 2698.3137   10.5986
   -7.5000   45.0000   -7.5000 2610.3086   11.1216
    0.0000   45.0000   -7.5000 2625.9929   11.0382
    7.5000   45.0000   -7.5000 2602.0410   11.2533
   -7.5000  -45.0000    0.0000 2773.6958    9.5285
    0.0000  -45.0000    0.0000 2798.5208    9.3518
    7.5000  -45.0000    0.0000 2778.0532    9.5397
   -7.5000  -37.5000    0.0000 2779.3708    9.3611
    0.0000  -37.5000    0.0000 2807.0212    9.1864
    7.5000  -37.5000    0.0000 2782.5952    9.3718
   -7.5000  -30.0000    0.0000 2788.9819    9.1763
    0.0000  -30.0000    0.0000 2815.0698    9.0218
    7.5000  -30.0000    0.0000 2790.5774    9.2035
   -7.5000  -22.5000    0.0000 2802.9287    8.9844
    0.0000  -22.5000    0.0000 2825.8757    8.8372
    7.5000  -22.5000    0.0000 2798.3333    9.0304
   -7.5000  -15.0000    0.0000 2824.2903    8.8385
    0.0000  -15.0000    0.0000 2843.0588    8.6760
    7.5000  -15.0000    0.0000 2815.4568    8.8888
   -7.5000   -7.5000    0.0000 2848.9841    8.8009
    0.0000   -7.5000    0.0000 2864.8250    8.6312
    7.5000   -7.5000    0.0000 2834.4636    8.8774
   -7.5000    0.0000    0.0000 2881.1455    8.9539
    0.0000    0.0000    0.0000 2893.8049    8.7697
    7.5000    0.0000    0.0000 2862.0891    9.0100
   -7.5000    7.5000    0.0000 2903.5554    9.2622
    0.0000    7.5000    0.0000 2922.9648    9.1125
    7.5000    7.5000    0.0000 2886.1790    9.3047
   -7.5000   15.0000    0.0000 2895.2505    9.4630
    0.0000   15.0000    0.0000 2919.3357    9.3778
    7.5000   15.0000    0.0000 2878.7000    9.6112
   -7.5000   22.5000    0.0000 2863.2236    9.6419
    0.0000   22.5000    0.0000 2878.0562    9.6198
    7.5000   22.5000    0.0000 2845.9968    9.8899
   -7.5000   30.0000    0.0000 2795.8457    9.9354
    0.0000   30.0000    0.0000 2813.3560    9.9307
    7.5000   30.0000    0.0000 2776.1042   10.1400
   -7.5000   37.5000    0.0000 2709.1450   10.4560
    0.0000   37.5000    0.0000 2731.4319   10.4205
    7.5000   37.5000    0.0000 2693.3098   10.5794
   -7.5000   45.0000    0.0000 2600.1101   11.1777
    0.0000   45.0000    0.0000 2621.5317   11.1438
    7.5000   45.0000    0.0000 2589.7695   11.2345
   -7.5000  -45.0000    7.5000 2783.7004    9.5772
    0.0000  -45.0000    7.5000 2809.6113    9.4253
    7.5000  -45.0000    7.5000 2781.1584    9.5831
   -7.5000  -37.5000    7.5000 2793.4827    9.3795
    0.0000  -37.5000    7.5000 2820.7231    9.1978
    7.5000  -37.5000    7.5000 2788.1516    9.3872
   -7.5000  -30.0000    7.5000 2795.1821    9.1782
    0.0000  -30.0000    7.5000 2823.7251    8.9979
    7.5000  -30.0000    7.5000 2792.5859    9.1928
   -7.5000  -22.5000    7.5000 2804.9114    9.0114
    0.0000  -22.5000    7.5000 2827.3228    8.8508
    7.5000  -22.5000    7.5000 2797.9421    9.0568
   -7.5000  -15.0000    7.5000 2818.2537    8.9116
    0.0000  -15.0000    7.5000 2836.4573    8.7869
    7.5000  -15.0000    7.5000 2810.4360    9.0041
   -7.5000   -7.5000    7.5000 2842.1172    8.9299
    0.0000   -7.5000    7.5000 2857.0083    8.8366
    7.5000   -7.5000    7.5000 2824.4670    9.0466
   -7.5000    0.0000    7.5000 2865.7139    9.1281
    0.0000    0.0000    7.5000 2882.6289    9.0536
    7.5000    0.0000    7.5000 2844.9312    9.2399
   -7.5000    7.5000    7.5000 2881.5852    9.4477
    0.0000    7.5000    7.5000 2907.1519    9.4048
    7.5000    7.5000    7.5000 2863.5242    9.5563
   -7.5000   15.0000    7.5000 2869.3040    9.6287
    0.0000   15.0000    7.5000 2896.2954    9.6326
    7.5000   15.0000    7.5000 2849.8564    9.8356
   -7.5000   22.5000    7.5000 2837.0100    9.8650
    0.0000   22.5000    7.5000 2850.9641    9.8729
    7.5000   22.5000    7.5000 2817.1016   10.1225
   -7.5000   30.0000    7.5000 2769.5178   10.2848
    0.0000   30.0000    7.5000 2783.4265   10.2745
    7.5000   30.0000    7.5000 2746.6357   10.4530
   -7.5000   37.5000    7.5000 2677.3350   10.8120
    0.0000   37.5000    7.5000 2696.2556   10.7953
    7.5000   37.5000    7.5000 2662.5833   10.9608
   -7.5000   45.0000    7.5000 2570.6863   11.4631
    0.0000   45.0000    7.5000 2586.8201   11.4346
    7.5000   45.0000    7.5000 2555.8911   11.5848
   -7.5000  -45.0000   15.0000 2767.9119    9.7621
    0.0000  -45.0000   15.0000 2788.9895    9.6186
    7.5000  -45.0000   15.0000 2766.0681    9.7628
   -7.5000  -37.5000   15.0000 2776.4575    9.5777
    0.0000  -37.5000   15.0000 2799.4907    9.4202
    7.5000  -37.5000   15.0000 2772.0044    9.5819
   -7.5000  -30.0000   15.0000 2777.8838    9.3793
    0.0000  -30.0000   15.0000 2797.1160    9.2381
    7.5000  -30.0000   15.0000 2772.1948    9.4205
   -7.5000  -22.5000   15.0000 2788.1565    9.2599
    0.0000  -22.5000   15.0000 2806.0972    9.1614
    7.5000  -22.5000   15.0000 2779.1729    9.3403
   -7.5000  -15.0000   15.0000 2800.3147    9.1979
    0.0000  -15.0000   15.0000 2820.1685    9.1515
    7.5000  -15.0000   15.0000 2787.6489    9.3331
   -7.5000   -7.5000   15.0000 2815.5439    9.2374
    0.0000   -7.5000   15.0000 2838.2375    9.2091
    7.5000   -7.5000   15.0000 2801.8281    9.3856
   -7.5000    0.0000   15.0000 2832.0586    9.4257
    0.0000    0.0000   15.0000 2856.3445    9.3668
    7.5000    0.0000   15.0000 2817.1357    9.5235
   -7.5000    7.5000   15.0000 2840.9285    9.7159
    0.0000    7.5000   15.0000 2870.2207    9.6512
    7.5000    7.5000   15.0000 2828.8135    9.8017
   -7.5000   15.0000   15.0000 2817.1182    9.8387
    0.0000   15.0000   15.0000 2839.9644    9.8141
    7.5000   15.0000   15.0000 2803.1750   10.0468
   -7.5000   22.5000   15.0000 2780.4023   10.1709
    0.0000   22.5000   15.0000 2794.5142   10.1081
    7.5000   22.5000   15.0000 2763.0244   10.3408
   -7.5000   30.0000   15.0000 2715.8345   10.6514
    0.0000   30.0000   15.0000 2732.3152   10.5780
    7.5000   30.0000   15.0000 2694.6294   10.7775
   -7.5000   37.5000   15.0000 2626.4456   11.2210
    0.0000   37.5000   15.0000 2646.7625   11.1364
    7.5000   37.5000   15.0000 2611.5000   11.3443
   -7.5000   45.0000   15.0000 2517.0972   11.9094
    0.0000   45.0000   15.0000 2535.6580   11.8579
    7.5000   45.0000   15.0000 2504.1851   12.0538
   -7.5000  -45.0000   22.5000 2738.2744   10.1430
    0.0000  -45.0000   22.5000 2754.2632   10.0075
    7.5000  -45.0000   22.5000 2734.1951   10.1378
   -7.5000  -37.5000   22.5000 2747.8347    9.9640
    0.0000  -37.5000   22.5000 2761.5510    9.8428
    7.5000  -37.5000   22.5000 2741.5134    9.9881
   -7.5000  -30.0000   22.5000 2750.6233    9.7947
    0.0000  -30.0000   22.5000 2764.1660    9.6858
    7.5000  -30.0000   22.5000 2745.6670    9.8592
   -7.5000  -22.5000   22.5000 2760.1855    9.6978
    0.0000  -22.5000   22.5000 2775.4016    9.6174
    7.5000  -22.5000   22.5000 2752.9478    9.7952
   -7.5000  -15.0000   22.5000 2767.3374    9.6299
    0.0000  -15.0000   22.5000 2785.6096    9.5891
    7.5000  -15.0000   22.5000 2754.9670    9.7575
   -7.5000   -7.5000   22.5000 2774.0608    9.6649
    0.0000   -7.5000   22.5000 2800.1934    9.6114
    7.5000   -7.5000   22.5000 2763.5498    9.7843
   -7.5000    0.0000   22.5000 2783.6372    9.8158
    0.0000    0.0000   22.5000 2814.2661    9.7535
    7.5000    0.0000   22.5000 2773.3125    9.9168
   -7.5000    7.5000   22.5000 2784.8364   10.0730
    0.0000    7.5000   22.5000 2812.8237   10.0039
    7.5000    7.5000   22.5000 2769.5464   10.1710
   -7.5000   15.0000   22.5000 2753.0264   10.2294
    0.0000   15.0000   22.5000 2770.8188   10.1864
    7.5000   15.0000   22.5000 2736.6660   10.4069
   -7.5000   22.5000   22.5000 2703.6250   10.6363
    0.0000   22.5000   22.5000 2720.2573   10.5584
    7.5000   22.5000   22.5000 2684.6384   10.7537
   -7.5000   30.0000   22.5000 2641.3054   11.1249
    0.0000   30.0000   22.5000 2652.8848   11.0531
    7.5000   30.0000   22.5000 2622.3916   11.2368
   -7.5000   37.5000   22.5000 2561.8455   11.7247
    0.0000   37.5000   22.5000 2578.5491   11.6402
    7.5000   37.5000   22.5000 2548.0630   11.8422
   -7.5000   45.0000   22.5000 2463.4397   12.4264
    0.0000   45.0000   22.5000 2481.5757   12.3673
    7.5000   45.0000   22.5000 2450.9346   12.5630
   -7.5000  -45.0000   30.0000 2688.8772   10.6775
    0.0000  -45.0000   30.0000 2700.0525   10.5626
    7.5000  -45.0000   30.0000 2686.4343   10.6822
   -7.5000  -37.5000   30.0000 2695.2146   10.5038
    0.0000  -37.5000   30.0000 2706.3848   10.3691
    7.5000  -37.5000   30.0000 2693.7842   10.5143
   -7.5000  -30.0000   30.0000 2701.1165   10.3373
    0.0000  -30.0000   30.0000 2710.1992   10.2164
    7.5000  -30.0000   30.0000 2700.9915   10.3735
   -7.5000  -22.5000   30.0000 2709.1128   10.2311
    0.0000  -22.5000   30.0000 2723.5981   10.1172
    7.5000  -22.5000   30.0000 2708.7693   10.2897
   -7.5000  -15.0000   30.0000 2710.4978   10.1624
    0.0000  -15.0000   30.0000 2733.7661   10.0737
    7.5000  -15.0000   30.0000 2706.1465   10.2569
   -7.5000   -7.5000   30.0000 2718.2490   10.1727
    0.0000   -7.5000   30.0000 2742.9592   10.1047
    7.5000   -7.5000   30.0000 2707.2837   10.2679
   -7.5000    0.0000   30.0000 2716.0630   10.3345
    0.0000    0.0000   30.0000 2743.0757   10.2534
    7.5000    0.0000   30.0000 2703.6382   10.4106
   -7.5000    7.5000   30.0000 2704.5630   10.5378
    0.0000    7.5000   30.0000 2728.2427   10.4746
    7.5000    7.5000   30.0000 2688.0137   10.6493
   -7.5000   15.0000   30.0000 2668.8289   10.7658
    0.0000   15.0000   30.0000 2683.3535   10.7206
    7.5000   15.0000   30.0000 2653.1602   10.9110
   -7.5000   22.5000   30.0000 2616.4773   11.2117
    0.0000   22.5000   30.0000 2635.8599   11.1372
    7.5000   22.5000   30.0000 2600.9146   11.3221
   -7.5000   30.0000   30.0000 2558.8311   11.7420
    0.0000   30.0000   30.0000 2568.3992   11.6793
    7.5000   30.0000   30.0000 2542.1760   11.8457
   -7.5000   37.5000   30.0000 2485.3643   12.3705
    0.0000   37.5000   30.0000 2496.9050   12.2992
    7.5000   37.5000   30.0000 2472.2102   12.4751
   -7.5000   45.0000   30.0000 2399.5730   13.0667
    0.0000   45.0000   30.0000 2413.6802   13.0034
    7.5000   45.0000   30.0000 2382.8638   13.1961
   -7.5000  -45.0000   37.5000 2631.0847   11.3290
    0.0000  -45.0000   37.5000 2644.7185   11.1876
    7.5000  -45.0000   37.5000 2631.2007   11.3061
   -7.5000  -37.5000   37.5000 2634.8091   11.1341
    0.0000  -37.5000   37.5000 2648.8408   10.9872
    7.5000  -37.5000   37.5000 2636.6152   11.1098
   -7.5000  -30.0000   37.5000 2639.1895   10.9691
    0.0000  -30.0000   37.5000 2651.5527   10.8277
    7.5000  -30.0000   37.5000 2641.3306   10.9542
   -7.5000  -22.5000   37.5000 2642.9600   10.8643
    0.0000  -22.5000   37.5000 2657.8049   10.7300
    7.5000  -22.5000   37.5000 2645.1272   10.8721
   -7.5000  -15.0000   37.5000 2646.1389   10.7992
    0.0000  -15.0000   37.5000 2663.6003   10.7127
    7.5000  -15.0000   37.5000 2644.7729   10.8691
   -7.5000   -7.5000   37.5000 2649.9749   10.8542
    0.0000   -7.5000   37.5000 2670.3198   10.7656
    7.5000   -7.5000   37.5000 2641.4160   10.9241
   -7.5000    0.0000   37.5000 2640.1992   10.9887
    0.0000    0.0000   37.5000 2661.5476   10.8926
    7.5000    0.0000   37.5000 2628.9929   11.0629
   -7.5000    7.5000   37.5000 2623.0757   11.1820
    0.0000    7.5000   37.5000 2638.2400   11.1046
    7.5000    7.5000   37.5000 2604.0083   11.2994
   -7.5000   15.0000   37.5000 2581.8862   11.4830
    0.0000   15.0000   37.5000 2589.9900   11.3873
    7.5000   15.0000   37.5000 2564.3018   11.5889
   -7.5000   22.5000   37.5000 2528.0449   11.9598
    0.0000   22.5000   37.5000 2541.8960   11.8605
    7.5000   22.5000   37.5000 2513.9348   12.0613
   -7.5000   30.0000   37.5000 2472.3142   12.5801
    0.0000   30.0000   37.5000 2480.5720   12.4854
    7.5000   30.0000   37.5000 2459.1755   12.6694
   -7.5000   37.5000   37.5000 2403.6140   13.2442
    0.0000   37.5000   37.5000 2406.9939   13.1709
    7.5000   37.5000   37.5000 2387.5127   13.3510
   -7.5000   45.0000   37.5000 2323.1904   13.9704
    0.0000   45.0000   37.5000 2330.6619   13.8921
    7.5000   45.0000   37.5000 2305.1499   14.0687
   -7.5000  -45.0000   45.0000 2563.5688   12.0914
    0.0000  -45.0000   45.0000 2584.3564   11.9466
    7.5000  -45.0000   45.0000 2569.2002   12.0704
   -7.5000  -37.5000   45.0000 2565.2759   11.8864
    0.0000  -37.5000   45.0000 2583.5430   11.7395
    7.5000  -37.5000   45.0000 2571.3005   11.8629
   -7.5000  -30.0000   45.0000 2568.3572   11.7290
    0.0000  -30.0000   45.0000 2585.7729   11.5830
    7.5000  -30.0000   45.0000 2573.6348   11.7110
   -7.5000  -22.5000   45.0000 2567.1875   11.6522
    0.0000  -22.5000   45.0000 2584.2673   11.5078
    7.5000  -22.5000   45.0000 2572.9482   11.6547
   -7.5000  -15.0000   45.0000 2568.1484   11.6239
    0.0000  -15.0000   45.0000 2584.8376   11.5061
    7.5000  -15.0000   45.0000 2569.1240   11.6587
   -7.5000   -7.5000   45.0000 2571.3542   11.6839
    0.0000   -7.5000   45.0000 2587.9341   11.5678
    7.5000   -7.5000   45.0000 2561.8015   11.7403
   -7.5000    0.0000   45.0000 2558.4158   11.8045
    0.0000    0.0000   45.0000 2574.4888   11.6876
    7.5000    0.0000   45.0000 2548.1577   11.8790
   -7.5000    7.5000   45.0000 2528.1040   12.0169
    0.0000    7.5000   45.0000 2540.9241   11.9238
    7.5000    7.5000   45.0000 2516.7888   12.1235
   -7.5000   15.0000   45.0000 2483.8162   12.3838
    0.0000   15.0000   45.0000 2493.1353   12.2541
    7.5000   15.0000   45.0000 2471.1372   12.4892
   -7.5000   22.5000   45.0000 2435.7756   12.9200
    0.0000   22.5000   45.0000 2443.9402   12.7906
    7.5000   22.5000   45.0000 2423.4692   13.0082
   -7.5000   30.0000   45.0000 2379.8750   13.5952
    0.0000   30.0000   45.0000 2384.3411   13.4857
    7.5000   30.0000   45.0000 2368.1545   13.6870
   -7.5000   37.5000   45.0000 2315.6150   14.3001
    0.0000   37.5000   45.0000 2313.5769   14.2059
    7.5000   37.5000   45.0000 2297.1965   14.4215
   -7.5000   45.0000   45.0000 2231.2029   15.0796
    0.0000   45.0000   45.0000 2237.5754   14.9651
    7.5000   45.0000   45.0000 2217.5615   15.1806

---------------------------------------------------------------------
imgreg_4dfp /opt/freesurfer/average/711-2C_as_mni_average_305 /opt/freesurfer/average/711-2B_as_mni_average_305_mask talsrcimg_g11 none talsrcimg_to_711-2C_as_mni_average_305_t4 1283
---------------------------------------------------------------------

freesurfer imgreg_4dfp.c
/opt/freesurfer/average/711-2C_as_mni_average_305.4dfp.img
       256       256       256         1
  1.000000  1.000000  1.000000
orientation T byte_order littleendian
Reading image: /opt/freesurfer/average/711-2C_as_mni_average_305.4dfp.img
dimensions:      256       256       256
mmppix:       1.0000   -1.0000   -1.0000
center:     128.0000 -129.0000 -129.0000
/opt/freesurfer/average/711-2B_as_mni_average_305_mask.4dfp.img
       256       256       256         1
  1.000000  1.000000  1.000000
orientation T byte_order littleendian
Reading mask: /opt/freesurfer/average/711-2B_as_mni_average_305_mask.4dfp.img (2306576 pixels)
talsrcimg_g11.4dfp.img
       256       256       256         1
  1.000000  1.000000  1.000000
orientation T byte_order littleendian
Reading image: talsrcimg_g11.4dfp.img
dimensions:      256       256       256
mmppix:       1.0000   -1.0000   -1.0000
center:     128.0000 -129.0000 -129.0000
rotation matrix determinant  1.000000
fimgreg.f
image alignment mode   1283 decimal      503 hex
parameters
    0.0000    7.5000    0.0000    0.0000    0.0000    0.0000
eta,q 0.91604  9.15568
niter,ni,del,rscale     5    3   12.0000    1.2000
parameter  2 -2.112268 -> -0.500000 qaram    1.1500
parameters
   -1.9238   10.9500    1.6339   -1.1902    0.9009    2.0240
eta,q 0.92341  9.23723
  0.0869  0.0886  0.0867  0.0795  0.0865  0.0816
  0.0830  0.0858  0.0852  0.0781  0.0818  0.0790
  0.0819  0.0837  0.0826  0.0775  0.0784  0.0775
  0.0832  0.0817  0.0793  0.0772  0.0773  0.0770
  0.0869  0.0800  0.0774  0.0783  0.0776  0.0766
  0.0908  0.0786  0.0790  0.0803  0.0796  0.0767
  0.0934  0.0774  0.0831  0.0815  0.0818  0.0776
niter,ni,del,rscale     5    3   12.0000    1.2000
parameters
   -1.2529   12.7936    0.9579   -2.0991    1.1407    2.5435
eta,q 0.92504  9.29765
  0.0904  0.0839  0.0826  0.0773  0.0835  0.0789
  0.0843  0.0813  0.0795  0.0760  0.0795  0.0770
  0.0790  0.0788  0.0765  0.0752  0.0763  0.0759
  0.0766  0.0765  0.0751  0.0752  0.0752  0.0751
  0.0772  0.0750  0.0774  0.0760  0.0760  0.0750
  0.0807  0.0761  0.0821  0.0770  0.0786  0.0759
  0.0856  0.0796  0.0871  0.0793  0.0823  0.0781
niter,ni,del,rscale     4    3   12.0000    1.2000
parameters
   -1.0761   12.8279    0.5799   -2.3882    1.3181    2.7144
eta,q 0.92504  9.28516
  0.0891  0.0829  0.0829  0.0776  0.0836  0.0787
  0.0830  0.0797  0.0800  0.0761  0.0797  0.0771
  0.0774  0.0768  0.0769  0.0753  0.0766  0.0760
  0.0750  0.0750  0.0750  0.0751  0.0750  0.0750
  0.0768  0.0759  0.0766  0.0758  0.0759  0.0750
  0.0818  0.0785  0.0811  0.0764  0.0789  0.0763
  0.0877  0.0837  0.0858  0.0780  0.0829  0.0789
niter,ni,del,rscale     3    3   12.0000    1.2000
parameters
   -1.0362   12.9237    0.3934   -2.5513    1.3925    2.7805
eta,q 0.92499  9.28369
  0.0888  0.0834  0.0832  0.0776  0.0835  0.0787
  0.0829  0.0799  0.0803  0.0761  0.0796  0.0772
  0.0773  0.0768  0.0772  0.0753  0.0766  0.0760
  0.0750  0.0750  0.0749  0.0751  0.0751  0.0750
  0.0772  0.0760  0.0761  0.0758  0.0761  0.0751
  0.0825  0.0788  0.0805  0.0764  0.0792  0.0765
  0.0885  0.0836  0.0851  0.0777  0.0833  0.0792
niter,ni,del,rscale     2    3   12.0000    1.2000
parameters
   -1.0344   12.9773    0.2983   -2.6212    1.4212    2.8044
eta,q 0.92496  9.28305
  0.0887  0.0835  0.0832  0.0777  0.0834  0.0787
  0.0830  0.0799  0.0804  0.0762  0.0795  0.0772
  0.0774  0.0768  0.0774  0.0753  0.0766  0.0760
  0.0750  0.0750  0.0750  0.0751  0.0751  0.0751
  0.0774  0.0762  0.0759  0.0758  0.0762  0.0751
  0.0827  0.0791  0.0801  0.0764  0.0793  0.0766
  0.0888  0.0839  0.0848  0.0776  0.0835  0.0793
niter,ni,del,rscale     1    3   12.0000    1.2000
parameters
   -1.0377   13.0088    0.2551   -2.6543    1.4319    2.8126
eta,q 0.92494  9.28313
  0.0887  0.0836  0.0833  0.0777  0.0834  0.0787
  0.0830  0.0799  0.0805  0.0762  0.0795  0.0772
  0.0774  0.0767  0.0775  0.0753  0.0766  0.0760
  0.0750  0.0750  0.0750  0.0751  0.0751  0.0751
  0.0774  0.0763  0.0757  0.0758  0.0762  0.0752
  0.0828  0.0792  0.0800  0.0764  0.0794  0.0766
  0.0889  0.0840  0.0846  0.0775  0.0835  0.0794
registration optimization eta report
parameter search radius
    6.0000    6.9000    6.0000    6.0000    6.0000    6.0000
100000*second partial in parameter space
       37.       18.       24.        7.       23.       11.
  0.0887  0.0836  0.0833  0.0777  0.0834  0.0787
  0.0830  0.0799  0.0805  0.0762  0.0795  0.0772
  0.0774  0.0767  0.0775  0.0753  0.0766  0.0760
  0.0750  0.0750  0.0750  0.0751  0.0751  0.0751
  0.0774  0.0763  0.0757  0.0758  0.0762  0.0752
  0.0828  0.0792  0.0800  0.0764  0.0794  0.0766
  0.0889  0.0840  0.0846  0.0775  0.0835  0.0794
   -1.0377   13.0088    0.2551   -2.6543    1.4319    2.8126
eta,q 0.92494  9.28313

---------------------------------------------------------------------
imgreg_4dfp /opt/freesurfer/average/711-2C_as_mni_average_305 /opt/freesurfer/average/711-2B_as_mni_average_305_mask talsrcimg_g11 none talsrcimg_to_711-2C_as_mni_average_305_t4 3335
---------------------------------------------------------------------

freesurfer imgreg_4dfp.c
/opt/freesurfer/average/711-2C_as_mni_average_305.4dfp.img
       256       256       256         1
  1.000000  1.000000  1.000000
orientation T byte_order littleendian
Reading image: /opt/freesurfer/average/711-2C_as_mni_average_305.4dfp.img
dimensions:      256       256       256
mmppix:       1.0000   -1.0000   -1.0000
center:     128.0000 -129.0000 -129.0000
/opt/freesurfer/average/711-2B_as_mni_average_305_mask.4dfp.img
       256       256       256         1
  1.000000  1.000000  1.000000
orientation T byte_order littleendian
Reading mask: /opt/freesurfer/average/711-2B_as_mni_average_305_mask.4dfp.img (2306576 pixels)
talsrcimg_g11.4dfp.img
       256       256       256         1
  1.000000  1.000000  1.000000
orientation T byte_order littleendian
Reading image: talsrcimg_g11.4dfp.img
dimensions:      256       256       256
mmppix:       1.0000   -1.0000   -1.0000
center:     128.0000 -129.0000 -129.0000
fimgreg.f
image alignment mode   3335 decimal      D07 hex
parameters
   -1.0377   13.0088    0.2551   -0.1517   -0.2219   -0.1385
   -4.7861   -2.7204    4.9054    4.5029    2.4988   -4.6295
eta,q 0.92022  9.34565
niter,ni,del,rscale     5    3    5.0000    1.2000
parameter  4-15.478692 ->  0.500000 qaram    1.1500
parameter  5  1.696495 ->  0.500000 qaram    1.1500
parameter  6  1.903103 ->  0.500000 qaram    1.1500
parameter  9  0.912070 ->  0.500000 qaram    1.1500
parameter 10  0.573763 ->  0.500000 qaram    1.1500
parameters
   -1.3571   13.5331    0.1518   -4.2917   -4.3619   -4.2785
   -4.4022   -3.0992    0.7654    0.3629    0.2174   -6.7162
eta,q 0.93641  9.13695
  0.0803  0.0813  0.0805  0.0689  0.0682  0.0627  0.0671  0.0685  0.0644  0.0642  0.0641  0.0641
  0.0800  0.0806  0.0800  0.0722  0.0697  0.0644  0.0660  0.0667  0.0644  0.0638  0.0638  0.0637
  0.0798  0.0801  0.0798  0.0759  0.0712  0.0667  0.0652  0.0654  0.0646  0.0639  0.0637  0.0636
  0.0798  0.0798  0.0797  0.0797  0.0732  0.0701  0.0650  0.0649  0.0649  0.0645  0.0638  0.0637
  0.0799  0.0797  0.0799  0.0830  0.0761  0.0749  0.0651  0.0657  0.0654  0.0654  0.0641  0.0640
  0.0802  0.0800  0.0802  0.0861  0.0796  0.0795  0.0657  0.0672  0.0660  0.0668  0.0647  0.0645
  0.0808  0.0804  0.0806  0.0896  0.0828  0.0835  0.0667  0.0693  0.0667  0.0686  0.0656  0.0654
niter,ni,del,rscale     7    3    5.0000    1.2000
parameter  3  1.791001 ->  0.500000 qaram    1.1500
parameter  4  2.730117 ->  0.500000 qaram    1.3225
parameter  5  0.781516 ->  0.500000 qaram    1.3225
parameter  6  0.882071 ->  0.500000 qaram    1.3225
parameter 10 -0.626131 -> -0.500000 qaram    1.3225
parameters
   -1.4073   14.5529   -1.2282   -9.0527   -9.1229   -9.0395
   -3.5239   -2.1452   -0.9544    5.1239   -1.3766   -6.6750
eta,q 0.94788  8.65169
  0.0654  0.0655  0.0616  0.0540  0.0550  0.0523  0.0551  0.0567  0.0536  0.0570  0.0526  0.0531
  0.0644  0.0647  0.0619  0.0561  0.0553  0.0529  0.0541  0.0549  0.0531  0.0553  0.0523  0.0525
  0.0638  0.0641  0.0625  0.0587  0.0558  0.0541  0.0534  0.0537  0.0530  0.0540  0.0521  0.0522
  0.0636  0.0636  0.0633  0.0620  0.0567  0.0554  0.0532  0.0531  0.0531  0.0530  0.0522  0.0521
  0.0639  0.0633  0.0643  0.0661  0.0585  0.0577  0.0532  0.0532  0.0533  0.0524  0.0524  0.0522
  0.0645  0.0634  0.0654  0.0701  0.0612  0.0614  0.0536  0.0538  0.0537  0.0522  0.0527  0.0525
  0.0655  0.0638  0.0665  0.0739  0.0645  0.0662  0.0543  0.0552  0.0542  0.0526  0.0532  0.0530
niter,ni,del,rscale     7    3    5.0000    1.2000
parameter  2 -1.530714 -> -0.500000 qaram    1.1500
parameter  3  1.772636 ->  0.500000 qaram    1.3225
parameter  4  1.092424 ->  0.500000 qaram    1.5209
parameters
   -1.5264   15.9329   -2.8152  -14.5279  -13.1988  -13.0297
   -3.0485   -2.2511    0.7699    6.3992   -2.4577   -7.2719
eta,q 0.95602  8.16665
  0.0537  0.0559  0.0484  0.0449  0.0459  0.0452  0.0467  0.0473  0.0465  0.0479  0.0446  0.0447
  0.0528  0.0545  0.0490  0.0454  0.0453  0.0442  0.0454  0.0456  0.0454  0.0460  0.0442  0.0442
  0.0522  0.0532  0.0498  0.0468  0.0452  0.0442  0.0445  0.0445  0.0445  0.0447  0.0440  0.0440
  0.0521  0.0521  0.0508  0.0492  0.0457  0.0452  0.0441  0.0441  0.0441  0.0440  0.0440  0.0440
  0.0524  0.0513  0.0519  0.0523  0.0467  0.0460  0.0443  0.0445  0.0441  0.0441  0.0442  0.0441
  0.0530  0.0506  0.0533  0.0562  0.0484  0.0478  0.0450  0.0457  0.0444  0.0448  0.0445  0.0445
  0.0540  0.0502  0.0549  0.0607  0.0514  0.0524  0.0461  0.0475  0.0451  0.0463  0.0450  0.0450
niter,ni,del,rscale     7    3    5.0000    1.2000
parameter  2 -1.451795 -> -0.500000 qaram    1.3225
parameter  3  0.778698 ->  0.500000 qaram    1.5209
parameters
   -1.6016   17.5199   -4.6402  -18.9115  -13.8534  -14.9376
   -3.6016   -1.6888    1.5297    9.2564   -2.5977   -9.4050
eta,q 0.96021  7.93611
  0.0461  0.0492  0.0413  0.0423  0.0429  0.0423  0.0424  0.0439  0.0425  0.0449  0.0406  0.0404
  0.0449  0.0472  0.0412  0.0410  0.0415  0.0410  0.0411  0.0420  0.0413  0.0426  0.0402  0.0400
  0.0442  0.0455  0.0415  0.0405  0.0406  0.0402  0.0403  0.0408  0.0405  0.0410  0.0400  0.0398
  0.0440  0.0440  0.0421  0.0412  0.0405  0.0404  0.0402  0.0402  0.0401  0.0401  0.0399  0.0399
  0.0443  0.0428  0.0432  0.0433  0.0411  0.0415  0.0406  0.0403  0.0402  0.0399  0.0400  0.0403
  0.0451  0.0419  0.0445  0.0465  0.0421  0.0425  0.0417  0.0413  0.0408  0.0403  0.0403  0.0409
  0.0463  0.0414  0.0461  0.0505  0.0435  0.0444  0.0431  0.0429  0.0418  0.0413  0.0407  0.0416
niter,ni,del,rscale     7    3    5.0000    1.2000
parameter  2 -1.170321 -> -0.500000 qaram    1.5209
parameters
   -1.6376   19.3450   -6.2223  -19.8182  -15.3449  -17.2581
   -3.9986   -1.5380    1.9985   14.0044   -3.5536  -11.9743
eta,q 0.96402  7.82312
  0.0420  0.0463  0.0381  0.0408  0.0394  0.0389  0.0392  0.0402  0.0392  0.0427  0.0366  0.0364
  0.0408  0.0438  0.0374  0.0391  0.0380  0.0376  0.0379  0.0385  0.0380  0.0402  0.0363  0.0361
  0.0400  0.0416  0.0373  0.0379  0.0372  0.0369  0.0371  0.0373  0.0372  0.0382  0.0361  0.0360
  0.0398  0.0398  0.0377  0.0373  0.0373  0.0372  0.0368  0.0368  0.0368  0.0368  0.0361  0.0361
  0.0401  0.0384  0.0387  0.0378  0.0382  0.0384  0.0373  0.0371  0.0370  0.0361  0.0362  0.0365
  0.0409  0.0375  0.0401  0.0397  0.0393  0.0396  0.0383  0.0382  0.0376  0.0362  0.0365  0.0371
  0.0421  0.0372  0.0419  0.0427  0.0411  0.0414  0.0397  0.0400  0.0388  0.0369  0.0369  0.0378
niter,ni,del,rscale     7    3    5.0000    1.2000
parameter  2 -0.820511 -> -0.500000 qaram    1.7490
parameter  3  0.548454 ->  0.500000 qaram    1.7490
parameter 10 -0.575510 -> -0.500000 qaram    1.5209
parameters
   -1.6452   21.4438   -8.3211  -19.9026  -17.6709  -20.1223
   -4.2069   -1.6023    2.1704   19.4796   -3.1101  -15.2709
eta,q 0.96897  7.69909
  0.0385  0.0444  0.0336  0.0369  0.0347  0.0344  0.0348  0.0357  0.0347  0.0391  0.0318  0.0314
  0.0371  0.0412  0.0331  0.0352  0.0334  0.0330  0.0335  0.0339  0.0335  0.0363  0.0315  0.0311
  0.0363  0.0384  0.0331  0.0338  0.0327  0.0323  0.0326  0.0327  0.0327  0.0340  0.0313  0.0310
  0.0360  0.0360  0.0338  0.0330  0.0330  0.0327  0.0323  0.0323  0.0323  0.0323  0.0313  0.0313
  0.0363  0.0344  0.0350  0.0332  0.0341  0.0343  0.0327  0.0327  0.0325  0.0314  0.0313  0.0317
  0.0371  0.0337  0.0367  0.0348  0.0355  0.0360  0.0337  0.0340  0.0333  0.0313  0.0314  0.0323
  0.0385  0.0341  0.0387  0.0376  0.0376  0.0382  0.0351  0.0358  0.0346  0.0319  0.0317  0.0331
niter,ni,del,rscale     7    3    5.0000    1.2000
parameter  2 -0.512998 -> -0.500000 qaram    2.0114
parameter 12  0.529994 ->  0.500000 qaram    1.1500
parameters
   -1.7397   23.8574  -10.1438  -20.2226  -21.3601  -21.4076
   -4.2297   -2.0383    1.9266   23.3595   -2.6876  -19.4109
eta,q 0.97313  7.55411
  0.0336  0.0416  0.0301  0.0325  0.0295  0.0316  0.0308  0.0316  0.0305  0.0369  0.0279  0.0271
  0.0321  0.0374  0.0289  0.0307  0.0285  0.0297  0.0293  0.0296  0.0291  0.0333  0.0275  0.0269
  0.0313  0.0337  0.0287  0.0294  0.0281  0.0283  0.0284  0.0284  0.0283  0.0303  0.0273  0.0269
  0.0310  0.0310  0.0295  0.0287  0.0287  0.0281  0.0280  0.0280  0.0280  0.0280  0.0272  0.0272
  0.0314  0.0296  0.0311  0.0290  0.0301  0.0294  0.0284  0.0287  0.0284  0.0272  0.0272  0.0276
  0.0325  0.0296  0.0333  0.0306  0.0318  0.0314  0.0294  0.0303  0.0293  0.0279  0.0274  0.0283
  0.0340  0.0311  0.0360  0.0334  0.0342  0.0339  0.0308  0.0325  0.0308  0.0299  0.0278  0.0292
niter,ni,del,rscale     7    3    5.0000    1.2000
parameters
   -1.8402   24.4602  -11.0229  -19.5137  -22.2676  -21.0486
   -3.9806   -2.3146    1.9332   24.8704   -3.0776  -21.7823
eta,q 0.97392  7.59085
  0.0298  0.0376  0.0291  0.0312  0.0293  0.0315  0.0294  0.0306  0.0294  0.0342  0.0269  0.0268
  0.0281  0.0327  0.0273  0.0292  0.0277  0.0291  0.0278  0.0283  0.0277  0.0305  0.0265  0.0263
  0.0271  0.0289  0.0265  0.0275  0.0266  0.0272  0.0267  0.0267  0.0267  0.0277  0.0263  0.0261
  0.0269  0.0269  0.0267  0.0264  0.0263  0.0263  0.0263  0.0263  0.0263  0.0263  0.0262  0.0262
  0.0273  0.0271  0.0278  0.0265  0.0271  0.0270  0.0266  0.0270  0.0267  0.0266  0.0263  0.0266
  0.0285  0.0295  0.0297  0.0279  0.0287  0.0286  0.0276  0.0288  0.0277  0.0283  0.0266  0.0273
  0.0303  0.0336  0.0322  0.0306  0.0306  0.0309  0.0290  0.0313  0.0294  0.0308  0.0271  0.0283
niter,ni,del,rscale     6    3    5.0000    1.2000
parameters
   -1.8596   24.6863  -11.1694  -19.3088  -22.7764  -20.7126
   -3.8131   -2.3831    1.9903   25.6709   -3.4043  -22.5944
eta,q 0.97400  7.61077
  0.0294  0.0361  0.0301  0.0308  0.0294  0.0313  0.0291  0.0308  0.0292  0.0334  0.0268  0.0271
  0.0276  0.0313  0.0278  0.0287  0.0276  0.0288  0.0275  0.0283  0.0275  0.0297  0.0264  0.0265
  0.0265  0.0277  0.0264  0.0270  0.0264  0.0269  0.0264  0.0266  0.0264  0.0271  0.0261  0.0261
  0.0261  0.0261  0.0261  0.0260  0.0260  0.0260  0.0260  0.0260  0.0260  0.0260  0.0260  0.0260
  0.0265  0.0269  0.0268  0.0263  0.0267  0.0266  0.0263  0.0267  0.0264  0.0267  0.0261  0.0263
  0.0277  0.0300  0.0283  0.0280  0.0282  0.0282  0.0273  0.0284  0.0275  0.0286  0.0264  0.0268
  0.0295  0.0346  0.0305  0.0310  0.0301  0.0307  0.0288  0.0309  0.0291  0.0313  0.0270  0.0277
niter,ni,del,rscale     5    3    5.0000    1.2000
parameters
   -1.8818   24.8316  -11.1681  -19.2628  -23.0347  -20.5582
   -3.7542   -2.4028    2.0414   25.9907   -3.5645  -22.8112
eta,q 0.97400  7.61591
  0.0294  0.0358  0.0304  0.0307  0.0295  0.0310  0.0290  0.0309  0.0292  0.0329  0.0268  0.0273
  0.0275  0.0310  0.0280  0.0286  0.0277  0.0286  0.0274  0.0283  0.0275  0.0292  0.0264  0.0266
  0.0264  0.0275  0.0265  0.0269  0.0264  0.0268  0.0263  0.0266  0.0264  0.0268  0.0261  0.0261
  0.0260  0.0260  0.0260  0.0260  0.0260  0.0260  0.0260  0.0260  0.0260  0.0260  0.0260  0.0260
  0.0264  0.0270  0.0266  0.0263  0.0266  0.0267  0.0264  0.0266  0.0264  0.0270  0.0261  0.0262
  0.0276  0.0301  0.0281  0.0281  0.0280  0.0282  0.0274  0.0284  0.0275  0.0290  0.0264  0.0267
  0.0295  0.0348  0.0303  0.0312  0.0299  0.0308  0.0289  0.0309  0.0292  0.0318  0.0269  0.0275
niter,ni,del,rscale     4    3    5.0000    1.2000
parameters
   -1.8952   24.9029  -11.1576  -19.2499  -23.1610  -20.5005
   -3.7367   -2.4057    2.0743   26.1029   -3.6218  -22.8785
eta,q 0.97399  7.61629
  0.0294  0.0356  0.0304  0.0307  0.0297  0.0309  0.0290  0.0310  0.0292  0.0326  0.0269  0.0274
  0.0275  0.0308  0.0280  0.0286  0.0278  0.0285  0.0274  0.0284  0.0275  0.0291  0.0264  0.0266
  0.0264  0.0273  0.0265  0.0270  0.0265  0.0267  0.0263  0.0266  0.0264  0.0267  0.0261  0.0262
  0.0260  0.0260  0.0260  0.0260  0.0260  0.0260  0.0260  0.0260  0.0260  0.0260  0.0260  0.0260
  0.0264  0.0271  0.0266  0.0263  0.0265  0.0267  0.0264  0.0267  0.0264  0.0271  0.0261  0.0262
  0.0276  0.0304  0.0281  0.0281  0.0279  0.0282  0.0274  0.0284  0.0275  0.0292  0.0264  0.0267
  0.0295  0.0351  0.0303  0.0313  0.0299  0.0309  0.0289  0.0309  0.0292  0.0320  0.0269  0.0274
niter,ni,del,rscale     3    3    5.0000    1.2000
parameters
   -1.9008   24.9337  -11.1540  -19.2437  -23.2115  -20.4869
   -3.7367   -2.4058    2.0839   26.1394   -3.6577  -22.8961
eta,q 0.97399  7.61596
  0.0294  0.0354  0.0304  0.0308  0.0297  0.0309  0.0290  0.0310  0.0292  0.0325  0.0269  0.0274
  0.0276  0.0307  0.0280  0.0286  0.0279  0.0285  0.0274  0.0284  0.0275  0.0290  0.0264  0.0266
  0.0264  0.0273  0.0265  0.0270  0.0265  0.0267  0.0264  0.0266  0.0264  0.0267  0.0261  0.0262
  0.0260  0.0260  0.0260  0.0260  0.0260  0.0260  0.0260  0.0260  0.0260  0.0260  0.0260  0.0260
  0.0264  0.0272  0.0266  0.0263  0.0265  0.0267  0.0264  0.0267  0.0264  0.0271  0.0261  0.0262
  0.0276  0.0305  0.0281  0.0281  0.0279  0.0282  0.0274  0.0284  0.0275  0.0293  0.0264  0.0266
  0.0295  0.0353  0.0303  0.0313  0.0298  0.0310  0.0289  0.0310  0.0292  0.0321  0.0269  0.0274
registration optimization eta report
parameter search radius
    2.4000    4.8273    4.1976   10.9503    9.5220    9.5220
    7.2000    7.2000    8.2800   10.9503    7.2000    8.2800
100000*second partial in parameter space
       60.       40.       24.        4.        4.        5.
        6.        9.        5.        5.        2.        2.
  0.0294  0.0354  0.0304  0.0308  0.0297  0.0309  0.0290  0.0310  0.0292  0.0325  0.0269  0.0274
  0.0276  0.0307  0.0280  0.0286  0.0279  0.0285  0.0274  0.0284  0.0275  0.0290  0.0264  0.0266
  0.0264  0.0273  0.0265  0.0270  0.0265  0.0267  0.0264  0.0266  0.0264  0.0267  0.0261  0.0262
  0.0260  0.0260  0.0260  0.0260  0.0260  0.0260  0.0260  0.0260  0.0260  0.0260  0.0260  0.0260
  0.0264  0.0272  0.0266  0.0263  0.0265  0.0267  0.0264  0.0267  0.0264  0.0271  0.0261  0.0262
  0.0276  0.0305  0.0281  0.0281  0.0279  0.0282  0.0274  0.0284  0.0275  0.0293  0.0264  0.0266
  0.0295  0.0353  0.0303  0.0313  0.0298  0.0310  0.0289  0.0310  0.0292  0.0321  0.0269  0.0274
   -1.9008   24.9337  -11.1540  -19.2437  -23.2115  -20.4869
   -3.7367   -2.4058    2.0839   26.1394   -3.6577  -22.8961
eta,q 0.97399  7.61596

---------------------------------------------------------------------
imgreg_4dfp /opt/freesurfer/average/711-2C_as_mni_average_305 /opt/freesurfer/average/711-2B_as_mni_average_305_mask talsrcimg_g11 none talsrcimg_to_711-2C_as_mni_average_305_t4 2311
---------------------------------------------------------------------

freesurfer imgreg_4dfp.c
/opt/freesurfer/average/711-2C_as_mni_average_305.4dfp.img
       256       256       256         1
  1.000000  1.000000  1.000000
orientation T byte_order littleendian
Reading image: /opt/freesurfer/average/711-2C_as_mni_average_305.4dfp.img
dimensions:      256       256       256
mmppix:       1.0000   -1.0000   -1.0000
center:     128.0000 -129.0000 -129.0000
/opt/freesurfer/average/711-2B_as_mni_average_305_mask.4dfp.img
       256       256       256         1
  1.000000  1.000000  1.000000
orientation T byte_order littleendian
Reading mask: /opt/freesurfer/average/711-2B_as_mni_average_305_mask.4dfp.img (2306576 pixels)
talsrcimg_g11.4dfp.img
       256       256       256         1
  1.000000  1.000000  1.000000
orientation T byte_order littleendian
Reading image: talsrcimg_g11.4dfp.img
dimensions:      256       256       256
mmppix:       1.0000   -1.0000   -1.0000
center:     128.0000 -129.0000 -129.0000
fimgreg.f
image alignment mode   2311 decimal      907 hex
parameters
   -1.9008   24.9337  -11.1540  -19.2437  -23.2115  -20.4869
   -3.7367   -2.4058    2.0839   26.1394   -3.6577  -22.8961
eta,q 0.97399  7.61596
niter,ni,del,rscale     5    3    5.0000    0.8000
parameters
   -1.9014   24.9558  -11.2305  -18.4300  -23.2694  -20.6106
   -3.7408   -2.3872    2.1430   25.6371   -3.8348  -22.8534
eta,q 0.97407  7.63738
  0.0276  0.0272  0.0266  0.0274  0.0271  0.0274  0.0274  0.0284  0.0272  0.0272  0.0263  0.0264
  0.0267  0.0266  0.0263  0.0268  0.0265  0.0266  0.0266  0.0271  0.0265  0.0264  0.0261  0.0262
  0.0262  0.0262  0.0261  0.0263  0.0261  0.0261  0.0261  0.0262  0.0261  0.0260  0.0260  0.0260
  0.0260  0.0260  0.0260  0.0260  0.0260  0.0260  0.0259  0.0259  0.0260  0.0259  0.0259  0.0259
  0.0262  0.0261  0.0261  0.0260  0.0261  0.0262  0.0261  0.0262  0.0261  0.0263  0.0260  0.0260
  0.0267  0.0265  0.0264  0.0262  0.0265  0.0268  0.0266  0.0271  0.0265  0.0269  0.0261  0.0261
  0.0276  0.0272  0.0268  0.0268  0.0271  0.0275  0.0274  0.0284  0.0271  0.0277  0.0264  0.0264
niter,ni,del,rscale     4    3    5.0000    0.7000
parameters
   -1.9011   24.8622  -11.2269  -18.2799  -23.1658  -20.7104
   -3.7573   -2.3458    2.1849   25.5029   -3.8530  -22.7763
eta,q 0.97409  7.64158
  0.0272  0.0267  0.0265  0.0269  0.0268  0.0271  0.0270  0.0279  0.0268  0.0270  0.0262  0.0263
  0.0265  0.0263  0.0262  0.0264  0.0263  0.0264  0.0264  0.0268  0.0263  0.0264  0.0261  0.0261
  0.0261  0.0260  0.0260  0.0261  0.0260  0.0260  0.0260  0.0261  0.0260  0.0260  0.0259  0.0260
  0.0259  0.0259  0.0259  0.0259  0.0259  0.0259  0.0259  0.0259  0.0259  0.0259  0.0259  0.0259
  0.0261  0.0261  0.0260  0.0260  0.0260  0.0261  0.0260  0.0261  0.0260  0.0261  0.0259  0.0259
  0.0265  0.0264  0.0262  0.0263  0.0263  0.0266  0.0264  0.0268  0.0263  0.0265  0.0261  0.0261
  0.0272  0.0270  0.0265  0.0268  0.0268  0.0272  0.0270  0.0278  0.0268  0.0272  0.0262  0.0263
niter,ni,del,rscale     3    3    5.0000    0.6000
parameters
   -1.8945   24.8243  -11.2459  -18.1999  -23.1136  -20.7887
   -3.7787   -2.3352    2.2039   25.4268   -3.8499  -22.7448
eta,q 0.97409  7.64280
  0.0268  0.0266  0.0263  0.0266  0.0266  0.0268  0.0267  0.0274  0.0266  0.0268  0.0261  0.0262
  0.0263  0.0262  0.0261  0.0262  0.0262  0.0263  0.0263  0.0266  0.0262  0.0263  0.0260  0.0260
  0.0260  0.0260  0.0259  0.0260  0.0260  0.0260  0.0260  0.0261  0.0260  0.0260  0.0259  0.0259
  0.0259  0.0259  0.0259  0.0259  0.0259  0.0259  0.0259  0.0259  0.0259  0.0259  0.0259  0.0259
  0.0260  0.0260  0.0260  0.0260  0.0260  0.0261  0.0260  0.0261  0.0260  0.0260  0.0259  0.0259
  0.0263  0.0262  0.0261  0.0262  0.0262  0.0264  0.0263  0.0266  0.0262  0.0263  0.0260  0.0260
  0.0268  0.0266  0.0263  0.0266  0.0265  0.0269  0.0267  0.0273  0.0266  0.0268  0.0261  0.0262
niter,ni,del,rscale     2    3    5.0000    0.5000
parameters
   -1.8915   24.8029  -11.2644  -18.1443  -23.0862  -20.8479
   -3.7753   -2.3350    2.2127   25.3874   -3.8521  -22.7276
eta,q 0.97410  7.64335
  0.0265  0.0264  0.0262  0.0264  0.0264  0.0266  0.0265  0.0269  0.0264  0.0265  0.0261  0.0261
  0.0262  0.0261  0.0260  0.0261  0.0261  0.0262  0.0262  0.0264  0.0261  0.0262  0.0260  0.0260
  0.0260  0.0260  0.0259  0.0260  0.0260  0.0260  0.0260  0.0260  0.0260  0.0260  0.0259  0.0259
  0.0259  0.0259  0.0259  0.0259  0.0259  0.0259  0.0259  0.0259  0.0259  0.0259  0.0259  0.0259
  0.0260  0.0260  0.0259  0.0259  0.0259  0.0260  0.0260  0.0260  0.0260  0.0260  0.0259  0.0259
  0.0262  0.0261  0.0260  0.0261  0.0261  0.0263  0.0262  0.0264  0.0261  0.0262  0.0260  0.0260
  0.0265  0.0264  0.0262  0.0264  0.0263  0.0266  0.0265  0.0269  0.0264  0.0265  0.0261  0.0261
niter,ni,del,rscale     1    3    5.0000    0.4000
parameters
   -1.8920   24.7949  -11.2797  -18.0995  -23.0774  -20.8912
   -3.7700   -2.3382    2.2161   25.3740   -3.8011  -22.6702
eta,q 0.97410  7.64331
  0.0263  0.0262  0.0261  0.0262  0.0262  0.0263  0.0263  0.0266  0.0262  0.0263  0.0260  0.0260
  0.0261  0.0260  0.0260  0.0261  0.0260  0.0261  0.0261  0.0262  0.0260  0.0261  0.0260  0.0260
  0.0259  0.0259  0.0259  0.0259  0.0259  0.0259  0.0259  0.0260  0.0259  0.0259  0.0259  0.0259
  0.0259  0.0259  0.0259  0.0259  0.0259  0.0259  0.0259  0.0259  0.0259  0.0259  0.0259  0.0259
  0.0259  0.0259  0.0259  0.0259  0.0259  0.0260  0.0259  0.0260  0.0259  0.0259  0.0259  0.0259
  0.0261  0.0260  0.0260  0.0260  0.0260  0.0261  0.0261  0.0262  0.0260  0.0261  0.0259  0.0260
  0.0263  0.0262  0.0261  0.0262  0.0262  0.0264  0.0263  0.0265  0.0262  0.0263  0.0260  0.0260
registration optimization eta report
parameter search radius
    0.8000    0.8000    0.8000    2.4000    2.4000    2.4000
    2.4000    2.4000    2.4000    2.4000    2.4000    2.4000
100000*second partial in parameter space
       64.       49.       28.        5.        5.        8.
        6.       11.        5.        7.        2.        2.
  0.0263  0.0262  0.0261  0.0262  0.0262  0.0263  0.0263  0.0266  0.0262  0.0263  0.0260  0.0260
  0.0261  0.0260  0.0260  0.0261  0.0260  0.0261  0.0261  0.0262  0.0260  0.0261  0.0260  0.0260
  0.0259  0.0259  0.0259  0.0259  0.0259  0.0259  0.0259  0.0260  0.0259  0.0259  0.0259  0.0259
  0.0259  0.0259  0.0259  0.0259  0.0259  0.0259  0.0259  0.0259  0.0259  0.0259  0.0259  0.0259
  0.0259  0.0259  0.0259  0.0259  0.0259  0.0260  0.0259  0.0260  0.0259  0.0259  0.0259  0.0259
  0.0261  0.0260  0.0260  0.0260  0.0260  0.0261  0.0261  0.0262  0.0260  0.0261  0.0259  0.0260
  0.0263  0.0262  0.0261  0.0262  0.0262  0.0264  0.0263  0.0265  0.0262  0.0263  0.0260  0.0260
   -1.8920   24.7949  -11.2797  -18.0995  -23.0774  -20.8912
   -3.7700   -2.3382    2.2161   25.3740   -3.8011  -22.6702
eta,q 0.97410  7.64331

---------------------------------------------------------------------
imgreg_4dfp /opt/freesurfer/average/711-2C_as_mni_average_305 /opt/freesurfer/average/711-2B_as_mni_average_305_mask talsrcimg_g11 none talsrcimg_to_711-2C_as_mni_average_305_t4 2311
---------------------------------------------------------------------

freesurfer imgreg_4dfp.c
/opt/freesurfer/average/711-2C_as_mni_average_305.4dfp.img
       256       256       256         1
  1.000000  1.000000  1.000000
orientation T byte_order littleendian
Reading image: /opt/freesurfer/average/711-2C_as_mni_average_305.4dfp.img
dimensions:      256       256       256
mmppix:       1.0000   -1.0000   -1.0000
center:     128.0000 -129.0000 -129.0000
/opt/freesurfer/average/711-2B_as_mni_average_305_mask.4dfp.img
       256       256       256         1
  1.000000  1.000000  1.000000
orientation T byte_order littleendian
Reading mask: /opt/freesurfer/average/711-2B_as_mni_average_305_mask.4dfp.img (2306576 pixels)
talsrcimg_g11.4dfp.img
       256       256       256         1
  1.000000  1.000000  1.000000
orientation T byte_order littleendian
Reading image: talsrcimg_g11.4dfp.img
dimensions:      256       256       256
mmppix:       1.0000   -1.0000   -1.0000
center:     128.0000 -129.0000 -129.0000
fimgreg.f
image alignment mode   2311 decimal      907 hex
parameters
   -1.8920   24.7949  -11.2797  -18.0995  -23.0774  -20.8912
   -3.7700   -2.3382    2.2161   25.3740   -3.8011  -22.6702
eta,q 0.97410  7.64330
niter,ni,del,rscale     5    3    5.0000    0.8000
parameters
   -1.8897   24.7877  -11.2767  -18.2769  -23.0658  -20.7726
   -3.7812   -2.3343    2.1922   25.4419   -3.8670  -22.7798
eta,q 0.97410  7.64206
  0.0275  0.0271  0.0266  0.0270  0.0270  0.0276  0.0273  0.0284  0.0271  0.0275  0.0263  0.0264
  0.0266  0.0264  0.0262  0.0264  0.0264  0.0267  0.0265  0.0270  0.0264  0.0266  0.0261  0.0261
  0.0261  0.0260  0.0260  0.0260  0.0260  0.0261  0.0261  0.0262  0.0260  0.0261  0.0260  0.0260
  0.0259  0.0259  0.0259  0.0259  0.0259  0.0259  0.0259  0.0259  0.0259  0.0259  0.0259  0.0259
  0.0261  0.0260  0.0260  0.0260  0.0260  0.0261  0.0261  0.0262  0.0260  0.0261  0.0259  0.0260
  0.0266  0.0265  0.0262  0.0265  0.0264  0.0267  0.0266  0.0270  0.0264  0.0266  0.0261  0.0261
  0.0275  0.0271  0.0266  0.0272  0.0270  0.0274  0.0273  0.0284  0.0271  0.0274  0.0264  0.0264
niter,ni,del,rscale     4    3    5.0000    0.7000
parameters
   -1.8890   24.8054  -11.2600  -18.2531  -23.0852  -20.7763
   -3.7818   -2.3286    2.2023   25.4377   -3.8737  -22.7516
eta,q 0.97410  7.64209
  0.0271  0.0269  0.0265  0.0268  0.0268  0.0272  0.0270  0.0278  0.0268  0.0271  0.0262  0.0263
  0.0265  0.0263  0.0262  0.0263  0.0263  0.0265  0.0264  0.0268  0.0263  0.0264  0.0261  0.0261
  0.0260  0.0260  0.0260  0.0260  0.0260  0.0260  0.0260  0.0261  0.0260  0.0260  0.0259  0.0260
  0.0259  0.0259  0.0259  0.0259  0.0259  0.0259  0.0259  0.0259  0.0259  0.0259  0.0259  0.0259
  0.0260  0.0260  0.0260  0.0260  0.0260  0.0261  0.0260  0.0261  0.0260  0.0261  0.0259  0.0259
  0.0265  0.0263  0.0261  0.0263  0.0263  0.0265  0.0264  0.0268  0.0263  0.0265  0.0261  0.0261
  0.0271  0.0268  0.0264  0.0268  0.0268  0.0271  0.0270  0.0278  0.0268  0.0271  0.0262  0.0263
niter,ni,del,rscale     3    3    5.0000    0.6000
parameters
   -1.8891   24.8069  -11.2615  -18.1969  -23.0957  -20.8160
   -3.7860   -2.3260    2.2110   25.4126   -3.8786  -22.7372
eta,q 0.97410  7.64224
  0.0268  0.0266  0.0263  0.0266  0.0265  0.0269  0.0267  0.0273  0.0266  0.0268  0.0261  0.0262
  0.0263  0.0262  0.0261  0.0262  0.0262  0.0263  0.0263  0.0266  0.0262  0.0263  0.0260  0.0260
  0.0260  0.0260  0.0259  0.0260  0.0260  0.0260  0.0260  0.0261  0.0260  0.0260  0.0259  0.0259
  0.0259  0.0259  0.0259  0.0259  0.0259  0.0259  0.0259  0.0259  0.0259  0.0259  0.0259  0.0259
  0.0260  0.0260  0.0259  0.0260  0.0260  0.0260  0.0260  0.0261  0.0260  0.0260  0.0259  0.0259
  0.0263  0.0262  0.0261  0.0262  0.0262  0.0264  0.0263  0.0266  0.0262  0.0263  0.0260  0.0260
  0.0268  0.0266  0.0263  0.0266  0.0266  0.0269  0.0267  0.0273  0.0266  0.0268  0.0262  0.0262
niter,ni,del,rscale     2    3    5.0000    0.5000
parameters
   -1.8904   24.7998  -11.2727  -18.1344  -23.0878  -20.8604
   -3.7803   -2.3295    2.2135   25.3873   -3.8652  -22.6978
eta,q 0.97410  7.64294
  0.0265  0.0264  0.0262  0.0264  0.0264  0.0266  0.0265  0.0269  0.0264  0.0265  0.0261  0.0261
  0.0262  0.0261  0.0260  0.0261  0.0261  0.0262  0.0262  0.0264  0.0261  0.0262  0.0260  0.0260
  0.0260  0.0260  0.0259  0.0260  0.0260  0.0260  0.0260  0.0260  0.0260  0.0260  0.0259  0.0259
  0.0259  0.0259  0.0259  0.0259  0.0259  0.0259  0.0259  0.0259  0.0259  0.0259  0.0259  0.0259
  0.0260  0.0260  0.0259  0.0259  0.0260  0.0260  0.0260  0.0260  0.0260  0.0260  0.0259  0.0259
  0.0262  0.0261  0.0260  0.0261  0.0261  0.0262  0.0262  0.0264  0.0261  0.0262  0.0260  0.0260
  0.0265  0.0264  0.0262  0.0264  0.0264  0.0266  0.0265  0.0269  0.0264  0.0265  0.0261  0.0261
niter,ni,del,rscale     1    3    5.0000    0.4000
parameters
   -1.8924   24.7913  -11.2802  -18.0985  -23.0758  -20.8942
   -3.7678   -2.3349    2.2161   25.3617   -3.8075  -22.6974
eta,q 0.97410  7.64329
  0.0263  0.0262  0.0261  0.0262  0.0262  0.0264  0.0263  0.0266  0.0262  0.0263  0.0260  0.0260
  0.0261  0.0260  0.0260  0.0260  0.0260  0.0261  0.0261  0.0262  0.0260  0.0261  0.0260  0.0260
  0.0259  0.0259  0.0259  0.0259  0.0259  0.0259  0.0259  0.0260  0.0259  0.0259  0.0259  0.0259
  0.0259  0.0259  0.0259  0.0259  0.0259  0.0259  0.0259  0.0259  0.0259  0.0259  0.0259  0.0259
  0.0259  0.0259  0.0259  0.0259  0.0259  0.0260  0.0259  0.0260  0.0259  0.0259  0.0259  0.0259
  0.0261  0.0260  0.0260  0.0260  0.0260  0.0261  0.0261  0.0262  0.0260  0.0261  0.0259  0.0260
  0.0263  0.0262  0.0261  0.0262  0.0262  0.0264  0.0263  0.0265  0.0262  0.0263  0.0260  0.0260
registration optimization eta report
parameter search radius
    0.8000    0.8000    0.8000    2.4000    2.4000    2.4000
    2.4000    2.4000    2.4000    2.4000    2.4000    2.4000
100000*second partial in parameter space
       64.       48.       28.        5.        5.        8.
        6.       11.        5.        7.        2.        2.
  0.0263  0.0262  0.0261  0.0262  0.0262  0.0264  0.0263  0.0266  0.0262  0.0263  0.0260  0.0260
  0.0261  0.0260  0.0260  0.0260  0.0260  0.0261  0.0261  0.0262  0.0260  0.0261  0.0260  0.0260
  0.0259  0.0259  0.0259  0.0259  0.0259  0.0259  0.0259  0.0260  0.0259  0.0259  0.0259  0.0259
  0.0259  0.0259  0.0259  0.0259  0.0259  0.0259  0.0259  0.0259  0.0259  0.0259  0.0259  0.0259
  0.0259  0.0259  0.0259  0.0259  0.0259  0.0260  0.0259  0.0260  0.0259  0.0259  0.0259  0.0259
  0.0261  0.0260  0.0260  0.0260  0.0260  0.0261  0.0261  0.0262  0.0260  0.0261  0.0259  0.0260
  0.0263  0.0262  0.0261  0.0262  0.0262  0.0264  0.0263  0.0265  0.0262  0.0263  0.0260  0.0260
   -1.8924   24.7913  -11.2802  -18.0985  -23.0758  -20.8942
   -3.7678   -2.3349    2.2161   25.3617   -3.8075  -22.6974
eta,q 0.97410  7.64329

---------------------------------------------------------------------
compute_vox2vox talsrcimg talsrcimg_to_711-2C_as_mni_average_305_t4 /opt/freesurfer/average/711-2C_as_mni_average_305
---------------------------------------------------------------------

freesurfer compute_vox2vox.c
Reading: talsrcimg.4dfp.ifh
Reading: talsrcimg_to_711-2C_as_mni_average_305_t4
Reading: /opt/freesurfer/average/711-2C_as_mni_average_305.4dfp.ifh
Writing: talsrcimg_to_711-2C_as_mni_average_305_t4_vox2vox.txt

start time Sun Nov 24 05:43:59 UTC 2024
end		time Sun Nov 24 05:44:53 UTC 2024

mpr2mni305 success

avi2talxfm orig_nu.mgz /opt/freesurfer/average/mni305.cor.mgz talsrcimg_to_711-2C_as_mni_average_305_t4_vox2vox.txt transforms/talairach.auto.xfm
avi2talxfm done
mv -f /scratch/tmp/fs_mp2rage_tests2/sourcedata/freesurfer_memprage/sub-fsm64ps/mri/talsrcimg_to_711-2C_as_mni_average_305_t4_vox2vox.txt /scratch/tmp/fs_mp2rage_tests2/sourcedata/freesurfer_memprage/sub-fsm64ps/mri/transforms/talsrcimg_to_711-2C_as_mni_average_305_t4_vox2vox.txt
lta_convert --src orig_nu.mgz --trg /opt/freesurfer/average/mni305.cor.mgz --inxfm transforms/talairach.auto.xfm --outlta transforms/talairach.auto.xfm.lta --subject fsaverage
7.3.2

--src: orig_nu.mgz src image (geometry).
--trg: /opt/freesurfer/average/mni305.cor.mgz trg image (geometry).
--inmni: transforms/talairach.auto.xfm input MNI/XFM transform.
--outlta: transforms/talairach.auto.xfm.lta output LTA.
--s: fsaverage subject name
 LTA read, type : 1
 1.21995   0.01539   0.06430   5.93684;
 0.04443   1.15544   0.34310  -23.04270;
-0.04979  -0.38139   1.18501   22.35422;
 0.00000   0.00000   0.00000   1.00000;
setting subject to fsaverage
Writing  LTA to file transforms/talairach.auto.xfm.lta...
lta_convert successful.
 
 
Started at Sun Nov 24 05:43:55 UTC 2024
Ended   at Sun Nov 24 05:44:54 UTC 2024
talairach_avi done
