status file for recon-all
Sun Nov 24 11:46:00 UTC 2024
#@# Tessellate lh Sun Nov 24 11:46:00 UTC 2024
#@# Smooth1 lh Sun Nov 24 11:46:13 UTC 2024
#@# Inflation1 lh Sun Nov 24 11:46:19 UTC 2024
#@# QSphere lh Sun Nov 24 11:46:40 UTC 2024
#@# Fix Topology lh Sun Nov 24 11:49:12 UTC 2024
#@# Smooth2 lh Sun Nov 24 12:02:51 UTC 2024
#@# Inflation2 lh Sun Nov 24 12:02:59 UTC 2024
#@# Curv .H and .K lh Sun Nov 24 12:03:25 UTC 2024
#@# Sphere lh Sun Nov 24 12:04:58 UTC 2024
#@# Surf Reg lh Sun Nov 24 12:11:35 UTC 2024
#@# Jacobian white lh Sun Nov 24 12:20:12 UTC 2024
#@# AvgCurv lh Sun Nov 24 12:20:15 UTC 2024
#@# Cortical Parc lh Sun Nov 24 12:20:17 UTC 2024
#@# white curv lh Sun Nov 24 12:39:49 UTC 2024
#@# white area lh Sun Nov 24 12:39:54 UTC 2024
#@# pial curv lh Sun Nov 24 12:39:56 UTC 2024
#@# pial area lh Sun Nov 24 12:40:01 UTC 2024
#@# thickness lh Sun Nov 24 12:40:03 UTC 2024
#@# area and vertex vol lh Sun Nov 24 12:41:23 UTC 2024
#@# Curvature Stats lh Sun Nov 24 12:41:27 UTC 2024
#@# Cortical Parc 2 lh Sun Nov 24 12:41:36 UTC 2024
#@# Cortical Parc 3 lh Sun Nov 24 12:42:15 UTC 2024
#@# WM/GM Contrast lh Sun Nov 24 12:42:44 UTC 2024
recon-all -s sub-fsm27uz finished without error at Sun Nov 24 12:42:52 UTC 2024



#New# invocation of recon-all 



status file for recon-all
Sun Nov 24 19:31:33 UTC 2024
#@# white curv lh Sun Nov 24 19:31:33 UTC 2024
#@# white area lh Sun Nov 24 19:31:33 UTC 2024
#@# pial curv lh Sun Nov 24 19:31:33 UTC 2024
#@# pial area lh Sun Nov 24 19:31:33 UTC 2024
#@# thickness lh Sun Nov 24 19:31:33 UTC 2024
#@# area and vertex vol lh Sun Nov 24 19:31:33 UTC 2024
#@# Parcellation Stats lh Sun Nov 24 19:31:33 UTC 2024
#@# Parcellation Stats 2 lh Sun Nov 24 19:33:00 UTC 2024
#@# Parcellation Stats 3 lh Sun Nov 24 19:33:38 UTC 2024
#@# BA_exvivo Labels lh Sun Nov 24 19:34:17 UTC 2024
recon-all -s sub-fsm27uz finished without error at Sun Nov 24 19:41:11 UTC 2024
