status file for recon-all
Sat Nov 23 15:13:01 UTC 2024
#@# MotionCor Sat Nov 23 15:13:07 UTC 2024
#@# Talairach Sat Nov 23 15:13:20 UTC 2024
#@# Talairach Failure Detection Sat Nov 23 15:20:25 UTC 2024
#@# Nu Intensity Correction Sat Nov 23 15:20:25 UTC 2024
#@# Intensity Normalization Sat Nov 23 15:27:24 UTC 2024
recon-all -s sub-fsm27uz finished without error at Sat Nov 23 15:30:34 UTC 2024



#New# invocation of recon-all 



status file for recon-all
Sat Nov 23 17:54:31 UTC 2024
#@# EM Registration Sat Nov 23 17:54:31 UTC 2024
recon-all -s sub-fsm27uz finished without error at Sat Nov 23 17:59:58 UTC 2024



#New# invocation of recon-all 



status file for recon-all
Sat Nov 23 21:14:25 UTC 2024
#@# CA Normalize Sat Nov 23 21:14:25 UTC 2024
#@# CA Reg Sat Nov 23 21:16:36 UTC 2024
#@# SubCort Seg Sat Nov 23 22:59:36 UTC 2024
#@# CC Seg Sun Nov 24 00:01:53 UTC 2024
#@# Merge ASeg Sun Nov 24 00:03:05 UTC 2024
#@# Intensity Normalization2 Sun Nov 24 00:03:05 UTC 2024
#@# Mask BFS Sun Nov 24 00:07:55 UTC 2024
#@# WM Segmentation Sun Nov 24 00:07:57 UTC 2024
#@# Fill Sun Nov 24 00:12:19 UTC 2024
recon-all -s sub-fsm27uz finished without error at Sun Nov 24 00:14:28 UTC 2024



#New# invocation of recon-all 



status file for recon-all
Sun Nov 24 12:57:20 UTC 2024
#@# white curv lh Sun Nov 24 12:57:20 UTC 2024
#@# white area lh Sun Nov 24 12:57:20 UTC 2024
#@# pial curv lh Sun Nov 24 12:57:20 UTC 2024
#@# pial area lh Sun Nov 24 12:57:20 UTC 2024
#@# thickness lh Sun Nov 24 12:57:21 UTC 2024
#@# area and vertex vol lh Sun Nov 24 12:57:21 UTC 2024
#@# white curv rh Sun Nov 24 12:57:21 UTC 2024
#@# white area rh Sun Nov 24 12:57:21 UTC 2024
#@# pial curv rh Sun Nov 24 12:57:21 UTC 2024
#@# pial area rh Sun Nov 24 12:57:21 UTC 2024
#@# thickness rh Sun Nov 24 12:57:21 UTC 2024
#@# area and vertex vol rh Sun Nov 24 12:57:21 UTC 2024
#@# Cortical ribbon mask Sun Nov 24 12:57:21 UTC 2024
recon-all -s sub-fsm27uz finished without error at Sun Nov 24 13:18:05 UTC 2024



#New# invocation of recon-all 



status file for recon-all
Sun Nov 24 19:41:55 UTC 2024
#@# white curv lh Sun Nov 24 19:41:55 UTC 2024
#@# white area lh Sun Nov 24 19:41:55 UTC 2024
#@# pial curv lh Sun Nov 24 19:41:55 UTC 2024
#@# pial area lh Sun Nov 24 19:41:55 UTC 2024
#@# thickness lh Sun Nov 24 19:41:55 UTC 2024
#@# area and vertex vol lh Sun Nov 24 19:41:55 UTC 2024
#@# white curv rh Sun Nov 24 19:41:55 UTC 2024
#@# white area rh Sun Nov 24 19:41:55 UTC 2024
#@# pial curv rh Sun Nov 24 19:41:55 UTC 2024
#@# pial area rh Sun Nov 24 19:41:55 UTC 2024
#@# thickness rh Sun Nov 24 19:41:55 UTC 2024
#@# area and vertex vol rh Sun Nov 24 19:41:55 UTC 2024
#@# Curvature Stats lh Sun Nov 24 19:41:55 UTC 2024
#@# Curvature Stats rh Sun Nov 24 19:42:03 UTC 2024
#@# Relabel Hypointensities Sun Nov 24 19:42:10 UTC 2024
#@# APas-to-ASeg Sun Nov 24 19:42:51 UTC 2024
#@# AParc-to-ASeg aparc Sun Nov 24 19:43:19 UTC 2024
#@# AParc-to-ASeg aparc.a2009s Sun Nov 24 19:45:15 UTC 2024
#@# AParc-to-ASeg aparc.DKTatlas Sun Nov 24 19:47:06 UTC 2024
#@# WMParc Sun Nov 24 19:48:55 UTC 2024
#@# ASeg Stats Sun Nov 24 19:54:55 UTC 2024
recon-all -s sub-fsm27uz finished without error at Sun Nov 24 19:56:26 UTC 2024
