/scratch/tmp/fs_mp2rage_tests/sourcedata/freesurfer_mp2rage/sub-fsm70qy/mri
/opt/freesurfer/bin/talairach_avi
--i orig_nu.mgz --xfm transforms/talairach.auto.xfm
talairach_avi 7.3.2
Linux elm.criugm.qc.ca 5.15.0-113-generic #123-Ubuntu SMP Mon Jun 10 08:16:17 UTC 2024 x86_64 x86_64 x86_64 GNU/Linux
Sat Nov 23 15:56:28 UTC 2024
mri_convert orig_nu.mgz talsrcimg.img 
reading from orig_nu.mgz...
TR=0.00, TE=0.00, TI=0.00, flip angle=0.00
i_ras = (-1, -5.58794e-09, 7.45058e-09)
j_ras = (7.45058e-09, 0, -1)
k_ras = (6.0536e-09, 1, 0)
writing to talsrcimg.img...
Analyze Output Matrix
-1.00000   0.00000   0.00000   142.11218;
-0.00000   0.00000   1.00000  -115.88571;
 0.00000  -1.00000   0.00000   101.40385;
 0.00000   0.00000   0.00000   1.00000;
--------------------
INFO: set hdr.hist.orient to -1
mpr2mni305 talsrcimg
Sat Nov 23 15:56:30 UTC 2024
/opt/freesurfer/bin/mpr2mni305 talsrcimg
mpr2mni305 7.3.2
target=711-2C_as_mni_average_305

---------------------------------------------------------------------
analyzeto4dfp talsrcimg -O0 -y
---------------------------------------------------------------------

freesurfer ifh2hdr.c
Sat Nov 23 15:56:30 2024
Writing: talsrcimg.4dfp.hdr
freesurfer analyzeto4dfp.c
Reading: talsrcimg.hdr
header size 348 bytes
hdr.dime.datatype	offset=70	value=2
hdr.dime.bitpix		offset=72	value=8
hdr.hist.orient		offset=252	value=-1
dimensionality     4
dimensions       256       256       256         1
Reading: talsrcimg.img
Writing: talsrcimg.4dfp.img
Writing: talsrcimg.4dfp.ifh
ifh2hdr talsrcimg -r0to241
ori=2

---------------------------------------------------------------------
gauss_4dfp talsrcimg 1.1
---------------------------------------------------------------------

freesurfer gauss_4dfp.c
Reading: talsrcimg.4dfp.img
Writing: talsrcimg_g11.4dfp.img
image dimensions 256 256 256 padded to 288 288 288
processing volume 1freesurfer ifh2hdr.c
Sat Nov 23 15:56:38 2024
Writing: talsrcimg_g11.4dfp.hdr

Writing: talsrcimg_g11.4dfp.ifh
including: talsrcimg.4dfp.img.rec in talsrcimg_g11.4dfp.img.rec

---------------------------------------------------------------------
imgreg_4dfp /opt/freesurfer/average/711-2C_as_mni_average_305 none talsrcimg_g11 none talsrcimg_to_711-2C_as_mni_average_305_t4 4355
---------------------------------------------------------------------

freesurfer imgreg_4dfp.c
/opt/freesurfer/average/711-2C_as_mni_average_305.4dfp.img
       256       256       256         1
  1.000000  1.000000  1.000000
orientation T byte_order littleendian
Reading image: /opt/freesurfer/average/711-2C_as_mni_average_305.4dfp.img
dimensions:      256       256       256
mmppix:       1.0000   -1.0000   -1.0000
center:     128.0000 -129.0000 -129.0000
talsrcimg_g11.4dfp.img
       256       256       256         1
  1.000000  1.000000  1.000000
orientation T byte_order littleendian
Reading image: talsrcimg_g11.4dfp.img
dimensions:      256       256       256
mmppix:       1.0000   -1.0000   -1.0000
center:     128.0000 -129.0000 -129.0000
t4_read: open error in t4_sub.f l:  41 t4_file(1:l)talsrcimg_to_711-2C_as_mni_average_305_t4 
t4_read: transform initialized to I4
rotation matrix determinant  1.000000
image alignment mode   4355 decimal     1103 hex
   -7.5000  -45.0000  -45.0000 8232.6211   11.2478
    0.0000  -45.0000  -45.0000 8550.9287   11.2655
    7.5000  -45.0000  -45.0000 8138.3779   11.2909
   -7.5000  -37.5000  -45.0000 8428.7490   11.1294
    0.0000  -37.5000  -45.0000 8755.9395   11.1534
    7.5000  -37.5000  -45.0000 8373.3887   11.1825
   -7.5000  -30.0000  -45.0000 8859.7627   10.9552
    0.0000  -30.0000  -45.0000 9195.5439   10.9845
    7.5000  -30.0000  -45.0000 8839.4678   11.0167
   -7.5000  -22.5000  -45.0000 9343.0869   10.8245
    0.0000  -22.5000  -45.0000 9693.0928   10.8542
    7.5000  -22.5000  -45.0000 9299.9814   10.8844
   -7.5000  -15.0000  -45.0000 9860.8477   10.7962
    0.0000  -15.0000  -45.000010240.5293   10.8210
    7.5000  -15.0000  -45.0000 9787.6729   10.8471
   -7.5000   -7.5000  -45.000010393.4551   10.7824
    0.0000   -7.5000  -45.000010789.2021   10.8000
    7.5000   -7.5000  -45.000010275.3906   10.8228
   -7.5000    0.0000  -45.000010845.8125   10.7791
    0.0000    0.0000  -45.000011287.9365   10.7948
    7.5000    0.0000  -45.000010710.7686   10.8175
   -7.5000    7.5000  -45.000010477.2617   10.8456
    0.0000    7.5000  -45.000010906.4229   10.8678
    7.5000    7.5000  -45.000010348.5088   10.8952
   -7.5000   15.0000  -45.000010040.7061   11.0691
    0.0000   15.0000  -45.000010455.6221   11.0990
    7.5000   15.0000  -45.0000 9919.8926   11.1314
   -7.5000   22.5000  -45.0000 9568.1104   11.3358
    0.0000   22.5000  -45.0000 9975.8232   11.3687
    7.5000   22.5000  -45.0000 9468.4727   11.3999
   -7.5000   30.0000  -45.0000 9059.6768   11.4475
    0.0000   30.0000  -45.0000 9438.2578   11.4776
    7.5000   30.0000  -45.0000 8932.6299   11.5048
   -7.5000   37.5000  -45.0000 8813.5020   11.7249
    0.0000   37.5000  -45.0000 9179.3535   11.7491
    7.5000   37.5000  -45.0000 8699.3848   11.7727
   -7.5000   45.0000  -45.0000 8260.4258   11.7473
    0.0000   45.0000  -45.0000 8622.1113   11.7674
    7.5000   45.0000  -45.0000 8173.9414   11.7899
   -7.5000  -45.0000  -37.5000 8674.0752   11.1625
    0.0000  -45.0000  -37.5000 9013.0303   11.1824
    7.5000  -45.0000  -37.5000 8624.4834   11.2125
   -7.5000  -37.5000  -37.5000 8835.6162   11.0460
    0.0000  -37.5000  -37.5000 9176.7080   11.0713
    7.5000  -37.5000  -37.5000 8833.9854   11.1041
   -7.5000  -30.0000  -37.5000 9328.3379   10.8774
    0.0000  -30.0000  -37.5000 9683.0713   10.9074
    7.5000  -30.0000  -37.5000 9353.4043   10.9427
   -7.5000  -22.5000  -37.5000 9882.5771   10.7491
    0.0000  -22.5000  -37.500010283.0918   10.7796
    7.5000  -22.5000  -37.5000 9882.7363   10.8134
   -7.5000  -15.0000  -37.500010493.6523   10.7192
    0.0000  -15.0000  -37.500010934.1807   10.7457
    7.5000  -15.0000  -37.500010444.6562   10.7764
   -7.5000   -7.5000  -37.500011084.2275   10.7034
    0.0000   -7.5000  -37.500011539.7266   10.7233
    7.5000   -7.5000  -37.500010995.6152   10.7510
   -7.5000    0.0000  -37.500011567.0156   10.6990
    0.0000    0.0000  -37.500012081.8438   10.7168
    7.5000    0.0000  -37.500011466.3525   10.7440
   -7.5000    7.5000  -37.500011166.8018   10.7665
    0.0000    7.5000  -37.500011633.8184   10.7901
    7.5000    7.5000  -37.500011049.2988   10.8209
   -7.5000   15.0000  -37.500010687.8984   10.9908
    0.0000   15.0000  -37.500011141.0391   11.0209
    7.5000   15.0000  -37.500010587.3916   11.0562
   -7.5000   22.5000  -37.500010150.6914   11.2549
    0.0000   22.5000  -37.500010606.6631   11.2887
    7.5000   22.5000  -37.500010077.3018   11.3237
   -7.5000   30.0000  -37.5000 9621.5391   11.3638
    0.0000   30.0000  -37.500010042.4971   11.3959
    7.5000   30.0000  -37.5000 9543.2295   11.4277
   -7.5000   37.5000  -37.5000 9370.2959   11.6358
    0.0000   37.5000  -37.5000 9773.3252   11.6632
    7.5000   37.5000  -37.5000 9282.1025   11.6922
   -7.5000   45.0000  -37.5000 8799.1953   11.6563
    0.0000   45.0000  -37.5000 9173.2041   11.6795
    7.5000   45.0000  -37.5000 8696.1846   11.7071
   -7.5000  -45.0000  -30.0000 9268.6553   11.5928
    0.0000  -45.0000  -30.0000 9624.2500   11.6141
    7.5000  -45.0000  -30.0000 9193.3779   11.6453
   -7.5000  -37.5000  -30.0000 9434.5449   11.4747
    0.0000  -37.5000  -30.0000 9801.1230   11.5002
    7.5000  -37.5000  -30.0000 9419.8086   11.5341
   -7.5000  -30.0000  -30.000010004.7139   11.3062
    0.0000  -30.0000  -30.000010418.6152   11.3353
    7.5000  -30.0000  -30.000010015.6602   11.3713
   -7.5000  -22.5000  -30.000010638.5049   11.1746
    0.0000  -22.5000  -30.000011096.2656   11.2040
    7.5000  -22.5000  -30.000010628.6650   11.2388
   -7.5000  -15.0000  -30.000011327.6719   11.1401
    0.0000  -15.0000  -30.000011820.1963   11.1663
    7.5000  -15.0000  -30.000011279.7041   11.1984
   -7.5000   -7.5000  -30.000011980.3340   11.1185
    0.0000   -7.5000  -30.000012485.5117   11.1393
    7.5000   -7.5000  -30.000011898.8105   11.1684
   -7.5000    0.0000  -30.000012478.8086   11.1114
    0.0000    0.0000  -30.000013047.6318   11.1305
    7.5000    0.0000  -30.000012392.4521   11.1589
   -7.5000    7.5000  -30.000012014.6582   11.1850
    0.0000    7.5000  -30.000012571.9414   11.2088
    7.5000    7.5000  -30.000011920.1758   11.2405
   -7.5000   15.0000  -30.000011518.8838   11.4247
    0.0000   15.0000  -30.000012043.9609   11.4538
    7.5000   15.0000  -30.000011426.2598   11.4900
   -7.5000   22.5000  -30.000010965.5449   11.7009
    0.0000   22.5000  -30.000011490.9580   11.7343
    7.5000   22.5000  -30.000010884.1279   11.7711
   -7.5000   30.0000  -30.000010388.0107   11.8142
    0.0000   30.0000  -30.000010879.9775   11.8468
    7.5000   30.0000  -30.000010302.4326   11.8801
   -7.5000   37.5000  -30.000010102.6221   12.0909
    0.0000   37.5000  -30.000010574.3740   12.1201
    7.5000   37.5000  -30.0000 9994.4824   12.1499
   -7.5000   45.0000  -30.0000 9461.4834   12.1171
    0.0000   45.0000  -30.0000 9882.3750   12.1427
    7.5000   45.0000  -30.0000 9310.4473   12.1714
   -7.5000  -45.0000  -22.5000 9881.8477   11.9871
    0.0000  -45.0000  -22.500010215.9824   12.0057
    7.5000  -45.0000  -22.5000 9800.9521   12.0308
   -7.5000  -37.5000  -22.500010089.5498   11.8688
    0.0000  -37.5000  -22.500010455.7119   11.8910
    7.5000  -37.5000  -22.500010076.6357   11.9195
   -7.5000  -30.0000  -22.500010747.1611   11.6970
    0.0000  -30.0000  -22.500011184.2119   11.7222
    7.5000  -30.0000  -22.500010736.0068   11.7527
   -7.5000  -22.5000  -22.500011456.1787   11.5614
    0.0000  -22.5000  -22.500011967.1416   11.5870
    7.5000  -22.5000  -22.500011414.8945   11.6156
   -7.5000  -15.0000  -22.500012196.7109   11.5236
    0.0000  -15.0000  -22.500012726.3359   11.5464
    7.5000  -15.0000  -22.500012132.4980   11.5716
   -7.5000   -7.5000  -22.500012908.7764   11.4979
    0.0000   -7.5000  -22.500013468.1436   11.5159
    7.5000   -7.5000  -22.500012816.6924   11.5385
   -7.5000    0.0000  -22.500013456.7061   11.4894
    0.0000    0.0000  -22.500014068.1445   11.5060
    7.5000    0.0000  -22.500013351.1152   11.5286
   -7.5000    7.5000  -22.500012944.9590   11.5686
    0.0000    7.5000  -22.500013560.7500   11.5892
    7.5000    7.5000  -22.500012844.1855   11.6156
   -7.5000   15.0000  -22.500012407.3213   11.8202
    0.0000   15.0000  -22.500012981.1904   11.8459
    7.5000   15.0000  -22.500012290.9287   11.8767
   -7.5000   22.5000  -22.500011854.4697   12.1077
    0.0000   22.5000  -22.500012401.9990   12.1380
    7.5000   22.5000  -22.500011697.1992   12.1688
   -7.5000   30.0000  -22.500011212.8379   12.2262
    0.0000   30.0000  -22.500011754.7324   12.2556
    7.5000   30.0000  -22.500011084.8965   12.2816
   -7.5000   37.5000  -22.500010860.3896   12.5088
    0.0000   37.5000  -22.500011412.3252   12.5347
    7.5000   37.5000  -22.500010731.9932   12.5566
   -7.5000   45.0000  -22.500010129.7178   12.5420
    0.0000   45.0000  -22.500010602.5381   12.5645
    7.5000   45.0000  -22.5000 9959.8320   12.5862
   -7.5000  -45.0000  -15.000010554.2656   12.2814
    0.0000  -45.0000  -15.000010892.2842   12.2969
    7.5000  -45.0000  -15.000010447.0107   12.3161
   -7.5000  -37.5000  -15.000010815.9893   12.1615
    0.0000  -37.5000  -15.000011197.3867   12.1814
    7.5000  -37.5000  -15.000010768.0703   12.2048
   -7.5000  -30.0000  -15.000011536.5449   11.9818
    0.0000  -30.0000  -15.000011981.8730   12.0055
    7.5000  -30.0000  -15.000011482.6680   12.0312
   -7.5000  -22.5000  -15.000012291.8594   11.8415
    0.0000  -22.5000  -15.000012812.7119   11.8656
    7.5000  -22.5000  -15.000012243.1611   11.8888
   -7.5000  -15.0000  -15.000013070.4043   11.8039
    0.0000  -15.0000  -15.000013619.8281   11.8246
    7.5000  -15.0000  -15.000013005.4326   11.8437
   -7.5000   -7.5000  -15.000013823.5947   11.7796
    0.0000   -7.5000  -15.000014432.3613   11.7949
    7.5000   -7.5000  -15.000013729.5693   11.8112
   -7.5000    0.0000  -15.000014431.9531   11.7724
    0.0000    0.0000  -15.000015064.9023   11.7861
    7.5000    0.0000  -15.000014315.0820   11.8031
   -7.5000    7.5000  -15.000013867.5977   11.8532
    0.0000    7.5000  -15.000014485.3633   11.8715
    7.5000    7.5000  -15.000013771.2080   11.8932
   -7.5000   15.0000  -15.000013329.5137   12.1084
    0.0000   15.0000  -15.000013904.8896   12.1332
    7.5000   15.0000  -15.000013167.4199   12.1593
   -7.5000   22.5000  -15.000012712.1670   12.4020
    0.0000   22.5000  -15.000013294.4863   12.4308
    7.5000   22.5000  -15.000012527.8857   12.4560
   -7.5000   30.0000  -15.000012024.6357   12.5266
    0.0000   30.0000  -15.000012610.0625   12.5535
    7.5000   30.0000  -15.000011871.6426   12.5732
   -7.5000   37.5000  -15.000011658.2666   12.8190
    0.0000   37.5000  -15.000012258.7910   12.8410
    7.5000   37.5000  -15.000011499.6680   12.8558
   -7.5000   45.0000  -15.000010824.2354   12.8607
    0.0000   45.0000  -15.000011350.9766   12.8791
    7.5000   45.0000  -15.000010651.3164   12.8941
   -7.5000  -45.0000   -7.500011368.1758   12.4217
    0.0000  -45.0000   -7.500011706.6484   12.4371
    7.5000  -45.0000   -7.500011233.1895   12.4574
   -7.5000  -37.5000   -7.500011659.4561   12.2982
    0.0000  -37.5000   -7.500012055.7100   12.3197
    7.5000  -37.5000   -7.500011587.8076   12.3444
   -7.5000  -30.0000   -7.500012431.1328   12.1103
    0.0000  -30.0000   -7.500012896.0322   12.1368
    7.5000  -30.0000   -7.500012346.6836   12.1646
   -7.5000  -22.5000   -7.500013239.1211   11.9671
    0.0000  -22.5000   -7.500013785.9199   11.9939
    7.5000  -22.5000   -7.500013163.4189   12.0193
   -7.5000  -15.0000   -7.500014079.0410   11.9327
    0.0000  -15.0000   -7.500014683.8496   11.9548
    7.5000  -15.0000   -7.500013984.2471   11.9755
   -7.5000   -7.5000   -7.500014849.1660   11.9133
    0.0000   -7.5000   -7.500015513.0469   11.9285
    7.5000   -7.5000   -7.500014724.5098   11.9460
   -7.5000    0.0000   -7.500015463.4248   11.9083
    0.0000    0.0000   -7.500016134.4590   11.9218
    7.5000    0.0000   -7.500015312.3760   11.9398
   -7.5000    7.5000   -7.500014939.1084   11.9866
    0.0000    7.5000   -7.500015572.4404   12.0065
    7.5000    7.5000   -7.500014757.3213   12.0295
   -7.5000   15.0000   -7.500014389.2051   12.2388
    0.0000   15.0000   -7.500015016.3145   12.2663
    7.5000   15.0000   -7.500014168.6416   12.2945
   -7.5000   22.5000   -7.500013682.6006   12.5321
    0.0000   22.5000   -7.500014324.6777   12.5629
    7.5000   22.5000   -7.500013488.5762   12.5897
   -7.5000   30.0000   -7.500012905.4717   12.6627
    0.0000   30.0000   -7.500013526.6562   12.6904
    7.5000   30.0000   -7.500012744.3398   12.7119
   -7.5000   37.5000   -7.500012455.7490   12.9654
    0.0000   37.5000   -7.500013108.6240   12.9868
    7.5000   37.5000   -7.500012332.5283   13.0038
   -7.5000   45.0000   -7.500011553.2822   13.0134
    0.0000   45.0000   -7.500012142.2578   13.0310
    7.5000   45.0000   -7.500011409.4639   13.0478
   -7.5000  -45.0000    0.000012095.5322   12.4294
    0.0000  -45.0000    0.000012473.9199   12.4477
    7.5000  -45.0000    0.000011954.1445   12.4741
   -7.5000  -37.5000    0.000012428.8096   12.3023
    0.0000  -37.5000    0.000012874.1885   12.3275
    7.5000  -37.5000    0.000012331.1104   12.3580
   -7.5000  -30.0000    0.000013237.0293   12.1110
    0.0000  -30.0000    0.000013783.2725   12.1421
    7.5000  -30.0000    0.000013145.7246   12.1758
   -7.5000  -22.5000    0.000014074.6748   11.9677
    0.0000  -22.5000    0.000014679.9375   11.9991
    7.5000  -22.5000    0.000014004.8994   12.0305
   -7.5000  -15.0000    0.000014985.4658   11.9361
    0.0000  -15.0000    0.000015613.6045   11.9622
    7.5000  -15.0000    0.000014872.3984   11.9892
   -7.5000   -7.5000    0.000015791.2500   11.9204
    0.0000   -7.5000    0.000016463.5449   11.9385
    7.5000   -7.5000    0.000015631.1396   11.9621
   -7.5000    0.0000    0.000016422.5605   11.9164
    0.0000    0.0000    0.000017089.2207   11.9325
    7.5000    0.0000    0.000016250.4248   11.9562
   -7.5000    7.5000    0.000015969.6680   11.9916
    0.0000    7.5000    0.000016660.3535   12.0150
    7.5000    7.5000    0.000015785.7021   12.0436
   -7.5000   15.0000    0.000015462.5039   12.2396
    0.0000   15.0000    0.000016252.3438   12.2712
    7.5000   15.0000    0.000015292.2012   12.3052
   -7.5000   22.5000    0.000014642.1641   12.5317
    0.0000   22.5000    0.000015417.3906   12.5663
    7.5000   22.5000    0.000014536.7959   12.5988
   -7.5000   30.0000    0.000013726.4180   12.6658
    0.0000   30.0000    0.000014367.2227   12.6974
    7.5000   30.0000    0.000013631.6807   12.7255
   -7.5000   37.5000    0.000013209.2686   12.9740
    0.0000   37.5000    0.000013849.7422   12.9991
    7.5000   37.5000    0.000013148.9111   13.0236
   -7.5000   45.0000    0.000012188.1807   13.0250
    0.0000   45.0000    0.000012814.1426   13.0457
    7.5000   45.0000    0.000012129.5840   13.0694
   -7.5000  -45.0000    7.500011777.7266   12.4139
    0.0000  -45.0000    7.500012167.3018   12.4359
    7.5000  -45.0000    7.500011690.3730   12.4685
   -7.5000  -37.5000    7.500012111.3398   12.2860
    0.0000  -37.5000    7.500012589.6338   12.3141
    7.5000  -37.5000    7.500012071.0244   12.3500
   -7.5000  -30.0000    7.500012897.8428   12.0983
    0.0000  -30.0000    7.500013482.3262   12.1317
    7.5000  -30.0000    7.500012907.8232   12.1704
   -7.5000  -22.5000    7.500013705.7549   11.9558
    0.0000  -22.5000    7.500014315.4805   11.9897
    7.5000  -22.5000    7.500013739.6836   12.0269
   -7.5000  -15.0000    7.500014548.1426   11.9228
    0.0000  -15.0000    7.500015184.8945   11.9520
    7.5000  -15.0000    7.500014571.8613   11.9858
   -7.5000   -7.5000    7.500015338.6162   11.9055
    0.0000   -7.5000    7.500015973.8379   11.9273
    7.5000   -7.5000    7.500015293.9629   11.9576
   -7.5000    0.0000    7.500016014.2832   11.9007
    0.0000    0.0000    7.500016683.0645   11.9203
    7.5000    0.0000    7.500015959.9893   11.9499
   -7.5000    7.5000    7.500015663.9854   11.9765
    0.0000    7.5000    7.500016498.7188   12.0027
    7.5000    7.5000    7.500015619.1475   12.0363
   -7.5000   15.0000    7.500015233.2148   12.2264
    0.0000   15.0000    7.500016190.6895   12.2599
    7.5000   15.0000    7.500015184.7275   12.2988
   -7.5000   22.5000    7.500014401.5459   12.5172
    0.0000   22.5000    7.500015090.9102   12.5547
    7.5000   22.5000    7.500014337.0303   12.5933
   -7.5000   30.0000    7.500013448.8740   12.6494
    0.0000   30.0000    7.500013985.6787   12.6849
    7.5000   30.0000    7.500013408.4355   12.7199
   -7.5000   37.5000    7.500012965.7188   12.9546
    0.0000   37.5000    7.500013543.9746   12.9847
    7.5000   37.5000    7.500013007.3154   13.0166
   -7.5000   45.0000    7.500011968.0879   13.0047
    0.0000   45.0000    7.500012564.1484   13.0304
    7.5000   45.0000    7.500011998.5889   13.0607
   -7.5000  -45.0000   15.000011356.8896   12.4179
    0.0000  -45.0000   15.000011743.4180   12.4404
    7.5000  -45.0000   15.000011256.5664   12.4736
   -7.5000  -37.5000   15.000011665.9570   12.2920
    0.0000  -37.5000   15.000012129.7783   12.3190
    7.5000  -37.5000   15.000011631.8379   12.3552
   -7.5000  -30.0000   15.000012416.2256   12.1112
    0.0000  -30.0000   15.000012959.1895   12.1421
    7.5000  -30.0000   15.000012443.9004   12.1806
   -7.5000  -22.5000   15.000013175.3643   11.9701
    0.0000  -22.5000   15.000013749.0303   12.0014
    7.5000  -22.5000   15.000013265.9795   12.0387
   -7.5000  -15.0000   15.000013996.9121   11.9331
    0.0000  -15.0000   15.000014566.0332   11.9610
    7.5000  -15.0000   15.000014084.9463   11.9954
   -7.5000   -7.5000   15.000014713.9863   11.9102
    0.0000   -7.5000   15.000015313.9307   11.9323
    7.5000   -7.5000   15.000014793.7471   11.9634
   -7.5000    0.0000   15.000015317.9453   11.9028
    0.0000    0.0000   15.000016007.5605   11.9230
    7.5000    0.0000   15.000015441.6836   11.9533
   -7.5000    7.5000   15.000014932.5596   11.9821
    0.0000    7.5000   15.000015787.0371   12.0074
    7.5000    7.5000   15.000015084.2764   12.0411
   -7.5000   15.0000   15.000014568.4570   12.2387
    0.0000   15.0000   15.000015453.3564   12.2696
    7.5000   15.0000   15.000014643.2441   12.3083
   -7.5000   22.5000   15.000013926.5332   12.5311
    0.0000   22.5000   15.000014522.8721   12.5668
    7.5000   22.5000   15.000013890.5762   12.6062
   -7.5000   30.0000   15.000013121.6514   12.6587
    0.0000   30.0000   15.000013604.9746   12.6935
    7.5000   30.0000   15.000013059.8506   12.7293
   -7.5000   37.5000   15.000012736.0771   12.9554
    0.0000   37.5000   15.000013281.4541   12.9864
    7.5000   37.5000   15.000012679.1494   13.0185
   -7.5000   45.0000   15.000011737.6328   13.0008
    0.0000   45.0000   15.000012257.8838   13.0280
    7.5000   45.0000   15.000011612.0732   13.0588
   -7.5000  -45.0000   22.500010900.4414   12.4464
    0.0000  -45.0000   22.500011275.3594   12.4656
    7.5000  -45.0000   22.500010797.5674   12.4917
   -7.5000  -37.5000   22.500011179.6514   12.3233
    0.0000  -37.5000   22.500011625.6611   12.3463
    7.5000  -37.5000   22.500011143.0762   12.3759
   -7.5000  -30.0000   22.500011864.7998   12.1446
    0.0000  -30.0000   22.500012383.9727   12.1707
    7.5000  -30.0000   22.500011922.1279   12.2025
   -7.5000  -22.5000   22.500012591.6895   12.0037
    0.0000  -22.5000   22.500013148.7783   12.0302
    7.5000  -22.5000   22.500012698.9355   12.0601
   -7.5000  -15.0000   22.500013329.4512   11.9645
    0.0000  -15.0000   22.500013919.7949   11.9881
    7.5000  -15.0000   22.500013473.1758   12.0144
   -7.5000   -7.5000   22.500013975.1992   11.9379
    0.0000   -7.5000   22.500014593.8193   11.9566
    7.5000   -7.5000   22.500014171.8926   11.9801
   -7.5000    0.0000   22.500014540.0977   11.9291
    0.0000    0.0000   22.500015255.2412   11.9463
    7.5000    0.0000   22.500014816.4941   11.9698
   -7.5000    7.5000   22.500014121.4150   12.0114
    0.0000    7.5000   22.500014947.7314   12.0327
    7.5000    7.5000   22.500014382.4092   12.0602
   -7.5000   15.0000   22.500013819.0742   12.2719
    0.0000   15.0000   22.500014554.0303   12.2985
    7.5000   15.0000   22.500013855.3965   12.3307
   -7.5000   22.5000   22.500013313.2266   12.5662
    0.0000   22.5000   22.500013865.3037   12.5976
    7.5000   22.5000   22.500013125.7656   12.6298
   -7.5000   30.0000   22.500012654.0137   12.6906
    0.0000   30.0000   22.500013178.8418   12.7211
    7.5000   30.0000   22.500012393.3770   12.7483
   -7.5000   37.5000   22.500012249.0303   12.9817
    0.0000   37.5000   22.500012806.4180   13.0086
    7.5000   37.5000   22.500011990.0889   13.0313
   -7.5000   45.0000   22.500011175.8496   13.0233
    0.0000   45.0000   22.500011690.6826   13.0467
    7.5000   45.0000   22.500010932.4473   13.0692
   -7.5000  -45.0000   30.000010356.6240   12.4772
    0.0000  -45.0000   30.000010731.0156   12.4930
    7.5000  -45.0000   30.000010288.3271   12.5127
   -7.5000  -37.5000   30.000010610.6064   12.3551
    0.0000  -37.5000   30.000011034.4414   12.3754
    7.5000  -37.5000   30.000010614.7021   12.3994
   -7.5000  -30.0000   30.000011238.3223   12.1721
    0.0000  -30.0000   30.000011731.7090   12.1962
    7.5000  -30.0000   30.000011329.7021   12.2225
   -7.5000  -22.5000   30.000011916.2480   12.0292
    0.0000  -22.5000   30.000012443.6104   12.0537
    7.5000  -22.5000   30.000012030.4131   12.0775
   -7.5000  -15.0000   30.000012631.8252   11.9908
    0.0000  -15.0000   30.000013198.6035   12.0118
    7.5000  -15.0000   30.000012757.7715   12.0314
   -7.5000   -7.5000   30.000013298.3877   11.9661
    0.0000   -7.5000   30.000013909.3984   11.9817
    7.5000   -7.5000   30.000013418.8418   11.9984
   -7.5000    0.0000   30.000013852.4248   11.9590
    0.0000    0.0000   30.000014539.5645   11.9729
    7.5000    0.0000   30.000014018.1172   11.9904
   -7.5000    7.5000   30.000013429.1182   12.0413
    0.0000    7.5000   30.000014122.3193   12.0599
    7.5000    7.5000   30.000013536.8613   12.0822
   -7.5000   15.0000   30.000012999.4600   12.2994
    0.0000   15.0000   30.000013542.3828   12.3247
    7.5000   15.0000   30.000012919.6299   12.3515
   -7.5000   22.5000   30.000012338.9365   12.5927
    0.0000   22.5000   30.000012790.3633   12.6219
    7.5000   22.5000   30.000012196.7158   12.6477
   -7.5000   30.0000   30.000011617.6475   12.7167
    0.0000   30.0000   30.000012060.0273   12.7440
    7.5000   30.0000   30.000011461.7139   12.7641
   -7.5000   37.5000   30.000011233.8721   13.0097
    0.0000   37.5000   30.000011740.3203   13.0321
    7.5000   37.5000   30.000011075.6172   13.0471
   -7.5000   45.0000   30.000010303.7412   13.0518
    0.0000   45.0000   30.000010792.3135   13.0706
    7.5000   45.0000   30.000010189.2051   13.0858
   -7.5000  -45.0000   37.500010154.0430   12.4985
    0.0000  -45.0000   37.500010530.4463   12.5140
    7.5000  -45.0000   37.500010093.5518   12.5350
   -7.5000  -37.5000   37.500010388.0225   12.3738
    0.0000  -37.5000   37.500010810.8906   12.3956
    7.5000  -37.5000   37.500010375.8877   12.4209
   -7.5000  -30.0000   37.500011003.7754   12.1841
    0.0000  -30.0000   37.500011484.2373   12.2109
    7.5000  -30.0000   37.500011028.3555   12.2393
   -7.5000  -22.5000   37.500011668.7568   12.0393
    0.0000  -22.5000   37.500012169.6953   12.0663
    7.5000  -22.5000   37.500011661.3779   12.0923
   -7.5000  -15.0000   37.500012367.6641   12.0045
    0.0000  -15.0000   37.500012900.5654   12.0267
    7.5000  -15.0000   37.500012343.5332   12.0480
   -7.5000   -7.5000   37.500013021.3945   11.9850
    0.0000   -7.5000   37.500013551.1797   12.0003
    7.5000   -7.5000   37.500012981.0957   12.0183
   -7.5000    0.0000   37.500013528.3506   11.9801
    0.0000    0.0000   37.500014081.3809   11.9937
    7.5000    0.0000   37.500013501.3037   12.0122
   -7.5000    7.5000   37.500013032.6729   12.0592
    0.0000    7.5000   37.500013581.0283   12.0793
    7.5000    7.5000   37.500013001.7461   12.1029
   -7.5000   15.0000   37.500012472.3926   12.3115
    0.0000   15.0000   37.500012919.9111   12.3393
    7.5000   15.0000   37.500012377.0137   12.3682
   -7.5000   22.5000   37.500011795.0850   12.6017
    0.0000   22.5000   37.500012174.2256   12.6328
    7.5000   22.5000   37.500011682.0029   12.6602
   -7.5000   30.0000   37.500011053.8086   12.7283
    0.0000   30.0000   37.500011411.4746   12.7563
    7.5000   30.0000   37.500010941.7773   12.7783
   -7.5000   37.5000   37.500010632.0615   13.0279
    0.0000   37.5000   37.500010994.9893   13.0495
    7.5000   37.5000   37.500010537.8252   13.0668
   -7.5000   45.0000   37.5000 9782.0693   13.0726
    0.0000   45.0000   37.500010160.5420   13.0903
    7.5000   45.0000   37.5000 9727.9102   13.1074
   -7.5000  -45.0000   45.0000 9514.0088   12.5314
    0.0000  -45.0000   45.0000 9849.5439   12.5498
    7.5000  -45.0000   45.0000 9358.6562   12.5771
   -7.5000  -37.5000   45.0000 9744.9082   12.4017
    0.0000  -37.5000   45.000010091.9443   12.4272
    7.5000  -37.5000   45.0000 9603.8291   12.4587
   -7.5000  -30.0000   45.000010310.0977   12.2061
    0.0000  -30.0000   45.000010701.3887   12.2377
    7.5000  -30.0000   45.000010172.5088   12.2724
   -7.5000  -22.5000   45.000010880.0215   12.0595
    0.0000  -22.5000   45.000011296.0254   12.0915
    7.5000  -22.5000   45.000010763.6338   12.1239
   -7.5000  -15.0000   45.000011473.5449   12.0272
    0.0000  -15.0000   45.000011916.2783   12.0537
    7.5000  -15.0000   45.000011404.5742   12.0817
   -7.5000   -7.5000   45.000012029.4629   12.0113
    0.0000   -7.5000   45.000012491.9990   12.0296
    7.5000   -7.5000   45.000011981.0596   12.0540
   -7.5000    0.0000   45.000012466.0801   12.0075
    0.0000    0.0000   45.000012952.3945   12.0236
    7.5000    0.0000   45.000012446.6992   12.0481
   -7.5000    7.5000   45.000011975.0908   12.0843
    0.0000    7.5000   45.000012425.3818   12.1080
    7.5000    7.5000   45.000011928.5430   12.1374
   -7.5000   15.0000   45.000011402.5371   12.3342
    0.0000   15.0000   45.000011793.9580   12.3663
    7.5000   15.0000   45.000011315.4688   12.4013
   -7.5000   22.5000   45.000010769.8213   12.6246
    0.0000   22.5000   45.000011113.2246   12.6599
    7.5000   22.5000   45.000010667.0225   12.6933
   -7.5000   30.0000   45.000010086.8643   12.7550
    0.0000   30.0000   45.000010413.1631   12.7871
    7.5000   30.0000   45.0000 9980.9014   12.8161
   -7.5000   37.5000   45.0000 9701.6055   13.0626
    0.0000   37.5000   45.000010025.1250   13.0879
    7.5000   37.5000   45.0000 9617.4883   13.1131
   -7.5000   45.0000   45.0000 8947.6777   13.1197
    0.0000   45.0000   45.0000 9279.5557   13.1404
    7.5000   45.0000   45.0000 8900.1982   13.1646

---------------------------------------------------------------------
imgreg_4dfp /opt/freesurfer/average/711-2C_as_mni_average_305 /opt/freesurfer/average/711-2B_as_mni_average_305_mask talsrcimg_g11 none talsrcimg_to_711-2C_as_mni_average_305_t4 4355
---------------------------------------------------------------------

freesurfer imgreg_4dfp.c
/opt/freesurfer/average/711-2C_as_mni_average_305.4dfp.img
       256       256       256         1
  1.000000  1.000000  1.000000
orientation T byte_order littleendian
Reading image: /opt/freesurfer/average/711-2C_as_mni_average_305.4dfp.img
dimensions:      256       256       256
mmppix:       1.0000   -1.0000   -1.0000
center:     128.0000 -129.0000 -129.0000
/opt/freesurfer/average/711-2B_as_mni_average_305_mask.4dfp.img
       256       256       256         1
  1.000000  1.000000  1.000000
orientation T byte_order littleendian
Reading mask: /opt/freesurfer/average/711-2B_as_mni_average_305_mask.4dfp.img (2306576 pixels)
talsrcimg_g11.4dfp.img
       256       256       256         1
  1.000000  1.000000  1.000000
orientation T byte_order littleendian
Reading image: talsrcimg_g11.4dfp.img
dimensions:      256       256       256
mmppix:       1.0000   -1.0000   -1.0000
center:     128.0000 -129.0000 -129.0000
rotation matrix determinant  1.000000
image alignment mode   4355 decimal     1103 hex
   -7.5000  -45.0000  -45.0000 2060.9360   17.9416
    0.0000  -45.0000  -45.0000 2051.2217   18.0712
    7.5000  -45.0000  -45.0000 2005.8232   18.4831
   -7.5000  -37.5000  -45.0000 2064.9353   17.6606
    0.0000  -37.5000  -45.0000 2057.6123   17.7297
    7.5000  -37.5000  -45.0000 2026.3646   18.0727
   -7.5000  -30.0000  -45.0000 2069.7805   17.3459
    0.0000  -30.0000  -45.0000 2058.3374   17.3571
    7.5000  -30.0000  -45.0000 2040.8444   17.7848
   -7.5000  -22.5000  -45.0000 2087.6011   17.0291
    0.0000  -22.5000  -45.0000 2078.2583   17.0594
    7.5000  -22.5000  -45.0000 2059.1519   17.4899
   -7.5000  -15.0000  -45.0000 2109.9558   16.7394
    0.0000  -15.0000  -45.0000 2104.4080   16.8129
    7.5000  -15.0000  -45.0000 2080.6472   17.1811
   -7.5000   -7.5000  -45.0000 2136.7024   16.5102
    0.0000   -7.5000  -45.0000 2133.7029   16.5521
    7.5000   -7.5000  -45.0000 2110.7097   16.8659
   -7.5000    0.0000  -45.0000 2157.1685   16.3255
    0.0000    0.0000  -45.0000 2155.2825   16.3510
    7.5000    0.0000  -45.0000 2134.1616   16.5823
   -7.5000    7.5000  -45.0000 2166.2666   16.1621
    0.0000    7.5000  -45.0000 2165.8467   16.1838
    7.5000    7.5000  -45.0000 2150.8191   16.3375
   -7.5000   15.0000  -45.0000 2166.5164   16.0275
    0.0000   15.0000  -45.0000 2170.9851   16.0956
    7.5000   15.0000  -45.0000 2155.0886   16.2041
   -7.5000   22.5000  -45.0000 2162.9480   16.0622
    0.0000   22.5000  -45.0000 2174.9072   16.0675
    7.5000   22.5000  -45.0000 2160.8777   16.2582
   -7.5000   30.0000  -45.0000 2152.6936   16.2354
    0.0000   30.0000  -45.0000 2165.8577   16.2785
    7.5000   30.0000  -45.0000 2142.0552   16.4976
   -7.5000   37.5000  -45.0000 2132.3774   16.7508
    0.0000   37.5000  -45.0000 2143.1611   16.7278
    7.5000   37.5000  -45.0000 2119.6047   16.9424
   -7.5000   45.0000  -45.0000 2088.1399   17.5406
    0.0000   45.0000  -45.0000 2102.4910   17.4206
    7.5000   45.0000  -45.0000 2086.6689   17.6128
   -7.5000  -45.0000  -37.5000 2155.0076   16.3866
    0.0000  -45.0000  -37.5000 2147.9907   16.4696
    7.5000  -45.0000  -37.5000 2110.1689   16.8725
   -7.5000  -37.5000  -37.5000 2156.6973   16.0266
    0.0000  -37.5000  -37.5000 2150.2422   16.1313
    7.5000  -37.5000  -37.5000 2128.0242   16.5219
   -7.5000  -30.0000  -37.5000 2165.0671   15.7070
    0.0000  -30.0000  -37.5000 2159.7764   15.8006
    7.5000  -30.0000  -37.5000 2142.7036   16.2197
   -7.5000  -22.5000  -37.5000 2186.4490   15.4440
    0.0000  -22.5000  -37.5000 2187.9536   15.5242
    7.5000  -22.5000  -37.5000 2161.3018   15.8939
   -7.5000  -15.0000  -37.5000 2216.5774   15.1996
    0.0000  -15.0000  -37.5000 2216.8364   15.2984
    7.5000  -15.0000  -37.5000 2186.3914   15.6228
   -7.5000   -7.5000  -37.5000 2251.2512   14.9806
    0.0000   -7.5000  -37.5000 2248.7483   15.0791
    7.5000   -7.5000  -37.5000 2222.9817   15.3311
   -7.5000    0.0000  -37.5000 2271.1411   14.8162
    0.0000    0.0000  -37.5000 2274.3706   14.9247
    7.5000    0.0000  -37.5000 2246.3660   15.0874
   -7.5000    7.5000  -37.5000 2283.0781   14.7005
    0.0000    7.5000  -37.5000 2281.0330   14.7689
    7.5000    7.5000  -37.5000 2256.9595   14.9015
   -7.5000   15.0000  -37.5000 2270.9041   14.6120
    0.0000   15.0000  -37.5000 2282.7173   14.6726
    7.5000   15.0000  -37.5000 2258.9180   14.8087
   -7.5000   22.5000  -37.5000 2261.2261   14.6674
    0.0000   22.5000  -37.5000 2277.6069   14.7206
    7.5000   22.5000  -37.5000 2255.1853   14.8588
   -7.5000   30.0000  -37.5000 2253.2722   14.8891
    0.0000   30.0000  -37.5000 2268.7617   14.9211
    7.5000   30.0000  -37.5000 2245.3093   15.0855
   -7.5000   37.5000  -37.5000 2235.9080   15.3028
    0.0000   37.5000  -37.5000 2252.5454   15.3281
    7.5000   37.5000  -37.5000 2231.4387   15.4543
   -7.5000   45.0000  -37.5000 2196.8511   15.9995
    0.0000   45.0000  -37.5000 2215.6294   15.9802
    7.5000   45.0000  -37.5000 2198.5371   16.0725
   -7.5000  -45.0000  -30.0000 2279.4578   15.5330
    0.0000  -45.0000  -30.0000 2272.6160   15.6041
    7.5000  -45.0000  -30.0000 2234.6423   15.9899
   -7.5000  -37.5000  -30.0000 2275.4692   15.1891
    0.0000  -37.5000  -30.0000 2277.6973   15.2373
    7.5000  -37.5000  -30.0000 2253.6501   15.6455
   -7.5000  -30.0000  -30.0000 2293.2297   14.9063
    0.0000  -30.0000  -30.0000 2294.7224   14.9554
    7.5000  -30.0000  -30.0000 2274.6914   15.3329
   -7.5000  -22.5000  -30.0000 2320.8201   14.6551
    0.0000  -22.5000  -30.0000 2324.4526   14.7863
    7.5000  -22.5000  -30.0000 2298.0017   15.0453
   -7.5000  -15.0000  -30.0000 2357.3899   14.3795
    0.0000  -15.0000  -30.0000 2357.6499   14.5086
    7.5000  -15.0000  -30.0000 2327.9719   14.7747
   -7.5000   -7.5000  -30.0000 2388.8062   14.1039
    0.0000   -7.5000  -30.0000 2390.9524   14.2421
    7.5000   -7.5000  -30.0000 2359.4868   14.4559
   -7.5000    0.0000  -30.0000 2406.7930   13.9238
    0.0000    0.0000  -30.0000 2412.8838   14.0368
    7.5000    0.0000  -30.0000 2383.2214   14.2124
   -7.5000    7.5000  -30.0000 2422.7920   13.8376
    0.0000    7.5000  -30.0000 2427.3757   13.9104
    7.5000    7.5000  -30.0000 2395.3218   14.0474
   -7.5000   15.0000  -30.0000 2421.8691   13.8348
    0.0000   15.0000  -30.0000 2432.3196   13.8640
    7.5000   15.0000  -30.0000 2403.8110   14.0218
   -7.5000   22.5000  -30.0000 2420.2610   13.9390
    0.0000   22.5000  -30.0000 2435.4805   13.9652
    7.5000   22.5000  -30.0000 2407.2244   14.1177
   -7.5000   30.0000  -30.0000 2409.0615   14.1992
    0.0000   30.0000  -30.0000 2427.7434   14.2222
    7.5000   30.0000  -30.0000 2403.8835   14.3412
   -7.5000   37.5000  -30.0000 2384.2178   14.5871
    0.0000   37.5000  -30.0000 2405.9150   14.5994
    7.5000   37.5000  -30.0000 2381.3059   14.6762
   -7.5000   45.0000  -30.0000 2343.2297   15.2471
    0.0000   45.0000  -30.0000 2368.2434   15.2131
    7.5000   45.0000  -30.0000 2341.8801   15.3020
   -7.5000  -45.0000  -22.5000 2376.4993   14.6701
    0.0000  -45.0000  -22.5000 2373.6763   14.7595
    7.5000  -45.0000  -22.5000 2343.4832   15.1690
   -7.5000  -37.5000  -22.5000 2374.7830   14.3382
    0.0000  -37.5000  -22.5000 2378.7854   14.3917
    7.5000  -37.5000  -22.5000 2360.5198   14.8141
   -7.5000  -30.0000  -22.5000 2394.0701   14.0622
    0.0000  -30.0000  -22.5000 2399.6650   14.1298
    7.5000  -30.0000  -22.5000 2380.8701   14.4575
   -7.5000  -22.5000  -22.5000 2432.8882   13.8060
    0.0000  -22.5000  -22.5000 2436.8320   13.8858
    7.5000  -22.5000  -22.5000 2408.7537   14.1372
   -7.5000  -15.0000  -22.5000 2469.5364   13.5383
    0.0000  -15.0000  -22.5000 2469.6633   13.6196
    7.5000  -15.0000  -22.5000 2442.0457   13.8309
   -7.5000   -7.5000  -22.5000 2505.7122   13.2819
    0.0000   -7.5000  -22.5000 2504.7922   13.3828
    7.5000   -7.5000  -22.5000 2477.9705   13.5699
   -7.5000    0.0000  -22.5000 2523.9446   13.0899
    0.0000    0.0000  -22.5000 2533.3816   13.1477
    7.5000    0.0000  -22.5000 2500.4570   13.2896
   -7.5000    7.5000  -22.5000 2539.1892   12.9767
    0.0000    7.5000  -22.5000 2553.8774   13.0129
    7.5000    7.5000  -22.5000 2525.5959   13.1534
   -7.5000   15.0000  -22.5000 2544.5276   13.0096
    0.0000   15.0000  -22.5000 2564.4758   13.0295
    7.5000   15.0000  -22.5000 2536.8435   13.1689
   -7.5000   22.5000  -22.5000 2557.0403   13.1211
    0.0000   22.5000  -22.5000 2572.1665   13.1427
    7.5000   22.5000  -22.5000 2542.9712   13.2856
   -7.5000   30.0000  -22.5000 2543.5579   13.4438
    0.0000   30.0000  -22.5000 2562.3088   13.4314
    7.5000   30.0000  -22.5000 2539.9583   13.5469
   -7.5000   37.5000  -22.5000 2513.5796   13.8542
    0.0000   37.5000  -22.5000 2535.8855   13.8144
    7.5000   37.5000  -22.5000 2516.0007   13.8954
   -7.5000   45.0000  -22.5000 2465.8135   14.4670
    0.0000   45.0000  -22.5000 2487.4131   14.4332
    7.5000   45.0000  -22.5000 2468.5249   14.5068
   -7.5000  -45.0000  -15.0000 2458.8477   13.8947
    0.0000  -45.0000  -15.0000 2452.8271   13.9257
    7.5000  -45.0000  -15.0000 2423.2292   14.3571
   -7.5000  -37.5000  -15.0000 2459.8860   13.5469
    0.0000  -37.5000  -15.0000 2461.0820   13.6002
    7.5000  -37.5000  -15.0000 2440.1841   13.9961
   -7.5000  -30.0000  -15.0000 2480.6470   13.2837
    0.0000  -30.0000  -15.0000 2482.8181   13.3316
    7.5000  -30.0000  -15.0000 2460.2673   13.6060
   -7.5000  -22.5000  -15.0000 2518.5579   12.9823
    0.0000  -22.5000  -15.0000 2520.1687   13.0485
    7.5000  -22.5000  -15.0000 2486.2798   13.2682
   -7.5000  -15.0000  -15.0000 2551.0320   12.7149
    0.0000  -15.0000  -15.0000 2550.0198   12.7519
    7.5000  -15.0000  -15.0000 2520.2336   12.9655
   -7.5000   -7.5000  -15.0000 2588.5740   12.4776
    0.0000   -7.5000  -15.0000 2591.2654   12.5126
    7.5000   -7.5000  -15.0000 2555.0183   12.7093
   -7.5000    0.0000  -15.0000 2608.5623   12.2993
    0.0000    0.0000  -15.0000 2621.4275   12.3029
    7.5000    0.0000  -15.0000 2584.7354   12.4843
   -7.5000    7.5000  -15.0000 2619.2017   12.2115
    0.0000    7.5000  -15.0000 2639.4175   12.2099
    7.5000    7.5000  -15.0000 2618.5491   12.3790
   -7.5000   15.0000  -15.0000 2635.7432   12.2286
    0.0000   15.0000  -15.0000 2657.7249   12.2154
    7.5000   15.0000  -15.0000 2636.8320   12.3864
   -7.5000   22.5000  -15.0000 2650.8350   12.3341
    0.0000   22.5000  -15.0000 2673.3235   12.3370
    7.5000   22.5000  -15.0000 2649.9094   12.4877
   -7.5000   30.0000  -15.0000 2641.9460   12.6652
    0.0000   30.0000  -15.0000 2665.6968   12.6593
    7.5000   30.0000  -15.0000 2649.3306   12.7636
   -7.5000   37.5000  -15.0000 2616.3862   13.0953
    0.0000   37.5000  -15.0000 2636.7031   13.0884
    7.5000   37.5000  -15.0000 2617.5286   13.1389
   -7.5000   45.0000  -15.0000 2560.6240   13.7075
    0.0000   45.0000  -15.0000 2584.8320   13.6875
    7.5000   45.0000  -15.0000 2570.1699   13.7564
   -7.5000  -45.0000   -7.5000 2539.1521   13.1542
    0.0000  -45.0000   -7.5000 2525.8215   13.1534
    7.5000  -45.0000   -7.5000 2500.1934   13.5724
   -7.5000  -37.5000   -7.5000 2541.4272   12.7927
    0.0000  -37.5000   -7.5000 2537.4094   12.8459
    7.5000  -37.5000   -7.5000 2515.2043   13.2018
   -7.5000  -30.0000   -7.5000 2556.7217   12.4767
    0.0000  -30.0000   -7.5000 2555.8684   12.5325
    7.5000  -30.0000   -7.5000 2529.3857   12.8193
   -7.5000  -22.5000   -7.5000 2587.7427   12.1768
    0.0000  -22.5000   -7.5000 2587.8689   12.2485
    7.5000  -22.5000   -7.5000 2560.4333   12.4920
   -7.5000  -15.0000   -7.5000 2620.0947   11.9313
    0.0000  -15.0000   -7.5000 2623.6182   11.9661
    7.5000  -15.0000   -7.5000 2588.5479   12.1897
   -7.5000   -7.5000   -7.5000 2649.7334   11.7213
    0.0000   -7.5000   -7.5000 2656.8647   11.7449
    7.5000   -7.5000   -7.5000 2622.0999   11.9414
   -7.5000    0.0000   -7.5000 2677.2461   11.5492
    0.0000    0.0000   -7.5000 2688.0156   11.5319
    7.5000    0.0000   -7.5000 2659.2241   11.7449
   -7.5000    7.5000   -7.5000 2700.5144   11.4962
    0.0000    7.5000   -7.5000 2720.8457   11.4828
    7.5000    7.5000   -7.5000 2700.8105   11.6578
   -7.5000   15.0000   -7.5000 2723.1606   11.5465
    0.0000   15.0000   -7.5000 2748.8374   11.5234
    7.5000   15.0000   -7.5000 2727.8584   11.6757
   -7.5000   22.5000   -7.5000 2738.8108   11.6225
    0.0000   22.5000   -7.5000 2766.7578   11.6337
    7.5000   22.5000   -7.5000 2740.2175   11.7790
   -7.5000   30.0000   -7.5000 2730.9683   11.8880
    0.0000   30.0000   -7.5000 2758.1985   11.9123
    7.5000   30.0000   -7.5000 2738.3901   12.0593
   -7.5000   37.5000   -7.5000 2694.6775   12.3106
    0.0000   37.5000   -7.5000 2719.0708   12.3578
    7.5000   37.5000   -7.5000 2707.8967   12.4735
   -7.5000   45.0000   -7.5000 2635.8459   12.9563
    0.0000   45.0000   -7.5000 2660.6482   12.9128
    7.5000   45.0000   -7.5000 2652.4663   13.0559
   -7.5000  -45.0000    0.0000 2611.0527   12.4979
    0.0000  -45.0000    0.0000 2596.4966   12.5316
    7.5000  -45.0000    0.0000 2563.8391   12.9185
   -7.5000  -37.5000    0.0000 2619.0852   12.1463
    0.0000  -37.5000    0.0000 2609.7793   12.1957
    7.5000  -37.5000    0.0000 2576.3833   12.5497
   -7.5000  -30.0000    0.0000 2629.6421   11.8444
    0.0000  -30.0000    0.0000 2625.4558   11.9213
    7.5000  -30.0000    0.0000 2590.2798   12.1813
   -7.5000  -22.5000    0.0000 2647.4814   11.5596
    0.0000  -22.5000    0.0000 2644.7024   11.6413
    7.5000  -22.5000    0.0000 2612.0149   11.8596
   -7.5000  -15.0000    0.0000 2672.0457   11.3123
    0.0000  -15.0000    0.0000 2670.4792   11.3563
    7.5000  -15.0000    0.0000 2638.2825   11.5870
   -7.5000   -7.5000    0.0000 2698.2632   11.1506
    0.0000   -7.5000    0.0000 2699.4822   11.1474
    7.5000   -7.5000    0.0000 2673.4448   11.3585
   -7.5000    0.0000    0.0000 2723.4609   10.9986
    0.0000    0.0000    0.0000 2734.2402   10.9813
    7.5000    0.0000    0.0000 2711.9749   11.1870
   -7.5000    7.5000    0.0000 2761.3960   10.9680
    0.0000    7.5000    0.0000 2782.3215   10.9422
    7.5000    7.5000    0.0000 2762.9858   11.1445
   -7.5000   15.0000    0.0000 2796.7771   11.0775
    0.0000   15.0000    0.0000 2825.9331   11.0677
    7.5000   15.0000    0.0000 2800.3831   11.2471
   -7.5000   22.5000    0.0000 2816.7710   11.1293
    0.0000   22.5000    0.0000 2849.6221   11.1291
    7.5000   22.5000    0.0000 2820.8396   11.3675
   -7.5000   30.0000    0.0000 2807.4463   11.3428
    0.0000   30.0000    0.0000 2830.4814   11.3367
    7.5000   30.0000    0.0000 2814.7324   11.6014
   -7.5000   37.5000    0.0000 2761.6699   11.7810
    0.0000   37.5000    0.0000 2776.1289   11.7497
    7.5000   37.5000    0.0000 2779.7144   11.9774
   -7.5000   45.0000    0.0000 2686.9026   12.4368
    0.0000   45.0000    0.0000 2705.7751   12.3248
    7.5000   45.0000    0.0000 2710.8862   12.5677
   -7.5000  -45.0000    7.5000 2660.3687   11.9675
    0.0000  -45.0000    7.5000 2646.1465   12.0103
    7.5000  -45.0000    7.5000 2619.9709   12.4270
   -7.5000  -37.5000    7.5000 2673.3625   11.6373
    0.0000  -37.5000    7.5000 2665.0417   11.7155
    7.5000  -37.5000    7.5000 2627.3574   12.0994
   -7.5000  -30.0000    7.5000 2678.1060   11.3503
    0.0000  -30.0000    7.5000 2678.6594   11.4536
    7.5000  -30.0000    7.5000 2642.7336   11.8068
   -7.5000  -22.5000    7.5000 2685.2649   11.1090
    0.0000  -22.5000    7.5000 2687.3479   11.1611
    7.5000  -22.5000    7.5000 2657.3091   11.4824
   -7.5000  -15.0000    7.5000 2704.2373   10.8902
    0.0000  -15.0000    7.5000 2705.6389   10.8929
    7.5000  -15.0000    7.5000 2680.8762   11.2141
   -7.5000   -7.5000    7.5000 2731.7820   10.7337
    0.0000   -7.5000    7.5000 2735.7515   10.6960
    7.5000   -7.5000    7.5000 2713.3306   10.9712
   -7.5000    0.0000    7.5000 2759.2041   10.6454
    0.0000    0.0000    7.5000 2773.3491   10.5912
    7.5000    0.0000    7.5000 2752.5134   10.8340
   -7.5000    7.5000    7.5000 2796.1833   10.6623
    0.0000    7.5000    7.5000 2819.5310   10.6114
    7.5000    7.5000    7.5000 2802.3950   10.8353
   -7.5000   15.0000    7.5000 2839.2375   10.8146
    0.0000   15.0000    7.5000 2870.6292   10.8114
    7.5000   15.0000    7.5000 2846.9316   10.9809
   -7.5000   22.5000    7.5000 2869.1538   10.8277
    0.0000   22.5000    7.5000 2901.9944   10.7957
    7.5000   22.5000    7.5000 2865.5298   11.0876
   -7.5000   30.0000    7.5000 2856.3225   11.0473
    0.0000   30.0000    7.5000 2875.1567   10.8505
    7.5000   30.0000    7.5000 2854.7805   11.2898
   -7.5000   37.5000    7.5000 2800.1587   11.5710
    0.0000   37.5000    7.5000 2818.3875   11.3592
    7.5000   37.5000    7.5000 2824.1487   11.7406
   -7.5000   45.0000    7.5000 2718.9602   12.2118
    0.0000   45.0000    7.5000 2737.2527   12.0552
    7.5000   45.0000    7.5000 2741.6438   12.3903
   -7.5000  -45.0000   15.0000 2688.2080   11.6903
    0.0000  -45.0000   15.0000 2677.5481   11.7315
    7.5000  -45.0000   15.0000 2636.8816   12.1448
   -7.5000  -37.5000   15.0000 2698.5981   11.3761
    0.0000  -37.5000   15.0000 2693.9465   11.4015
    7.5000  -37.5000   15.0000 2650.9209   11.8334
   -7.5000  -30.0000   15.0000 2702.3667   11.1111
    0.0000  -30.0000   15.0000 2702.5469   11.1159
    7.5000  -30.0000   15.0000 2665.2380   11.5155
   -7.5000  -22.5000   15.0000 2703.6584   10.8888
    0.0000  -22.5000   15.0000 2707.8972   10.8587
    7.5000  -22.5000   15.0000 2680.5642   11.2295
   -7.5000  -15.0000   15.0000 2717.0945   10.6912
    0.0000  -15.0000   15.0000 2718.7998   10.6416
    7.5000  -15.0000   15.0000 2698.6931   11.0055
   -7.5000   -7.5000   15.0000 2739.7644   10.5661
    0.0000   -7.5000   15.0000 2743.8713   10.4960
    7.5000   -7.5000   15.0000 2728.4688   10.7967
   -7.5000    0.0000   15.0000 2764.2422   10.5021
    0.0000    0.0000   15.0000 2780.4626   10.4159
    7.5000    0.0000   15.0000 2768.7502   10.6924
   -7.5000    7.5000   15.0000 2800.9800   10.5422
    0.0000    7.5000   15.0000 2818.1631   10.4665
    7.5000    7.5000   15.0000 2813.3218   10.7367
   -7.5000   15.0000   15.0000 2838.0737   10.7326
    0.0000   15.0000   15.0000 2867.3081   10.6869
    7.5000   15.0000   15.0000 2854.9819   10.9280
   -7.5000   22.5000   15.0000 2874.2249   10.9257
    0.0000   22.5000   15.0000 2898.9229   10.7575
    7.5000   22.5000   15.0000 2870.8831   11.0463
   -7.5000   30.0000   15.0000 2869.7078   11.1919
    0.0000   30.0000   15.0000 2888.9521   10.8879
    7.5000   30.0000   15.0000 2864.8215   11.2656
   -7.5000   37.5000   15.0000 2824.1155   11.6477
    0.0000   37.5000   15.0000 2844.8525   11.4065
    7.5000   37.5000   15.0000 2838.6941   11.7219
   -7.5000   45.0000   15.0000 2730.5032   12.2634
    0.0000   45.0000   15.0000 2742.5054   12.1016
    7.5000   45.0000   15.0000 2739.1790   12.3478
   -7.5000  -45.0000   22.5000 2702.9382   11.6647
    0.0000  -45.0000   22.5000 2691.9917   11.6860
    7.5000  -45.0000   22.5000 2640.1042   12.1072
   -7.5000  -37.5000   22.5000 2706.4924   11.3377
    0.0000  -37.5000   22.5000 2706.3538   11.3544
    7.5000  -37.5000   22.5000 2653.7659   11.7627
   -7.5000  -30.0000   22.5000 2703.4548   11.0421
    0.0000  -30.0000   22.5000 2709.3701   11.0296
    7.5000  -30.0000   22.5000 2664.4570   11.4566
   -7.5000  -22.5000   22.5000 2714.5791   10.8288
    0.0000  -22.5000   22.5000 2719.6948   10.7753
    7.5000  -22.5000   22.5000 2682.8235   11.1895
   -7.5000  -15.0000   22.5000 2722.4353   10.6654
    0.0000  -15.0000   22.5000 2730.4756   10.5804
    7.5000  -15.0000   22.5000 2698.6799   10.9704
   -7.5000   -7.5000   22.5000 2730.5791   10.5606
    0.0000   -7.5000   22.5000 2745.2937   10.4655
    7.5000   -7.5000   22.5000 2729.2546   10.8317
   -7.5000    0.0000   22.5000 2743.4392   10.5740
    0.0000    0.0000   22.5000 2768.2419   10.4960
    7.5000    0.0000   22.5000 2766.4155   10.8317
   -7.5000    7.5000   22.5000 2782.6055   10.7000
    0.0000    7.5000   22.5000 2800.8667   10.6685
    7.5000    7.5000   22.5000 2804.8862   10.9347
   -7.5000   15.0000   22.5000 2823.4089   10.9665
    0.0000   15.0000   22.5000 2846.8992   10.8944
    7.5000   15.0000   22.5000 2842.0730   11.1012
   -7.5000   22.5000   22.5000 2846.4417   11.2502
    0.0000   22.5000   22.5000 2867.1716   11.0354
    7.5000   22.5000   22.5000 2843.5662   11.2387
   -7.5000   30.0000   22.5000 2840.0471   11.6289
    0.0000   30.0000   22.5000 2861.2185   11.4294
    7.5000   30.0000   22.5000 2839.4697   11.5646
   -7.5000   37.5000   22.5000 2800.8442   12.0502
    0.0000   37.5000   22.5000 2825.5327   11.9036
    7.5000   37.5000   22.5000 2805.2341   11.9575
   -7.5000   45.0000   22.5000 2709.3887   12.5127
    0.0000   45.0000   22.5000 2726.2991   12.4224
    7.5000   45.0000   22.5000 2708.2036   12.4875
   -7.5000  -45.0000   30.0000 2691.1909   11.8389
    0.0000  -45.0000   30.0000 2679.8352   11.8893
    7.5000  -45.0000   30.0000 2627.2292   12.3581
   -7.5000  -37.5000   30.0000 2695.7065   11.4725
    0.0000  -37.5000   30.0000 2691.5601   11.5175
    7.5000  -37.5000   30.0000 2644.2275   11.9987
   -7.5000  -30.0000   30.0000 2690.1985   11.1603
    0.0000  -30.0000   30.0000 2697.4500   11.1812
    7.5000  -30.0000   30.0000 2657.1292   11.6739
   -7.5000  -22.5000   30.0000 2696.6233   10.9783
    0.0000  -22.5000   30.0000 2706.3887   10.9464
    7.5000  -22.5000   30.0000 2671.9131   11.4141
   -7.5000  -15.0000   30.0000 2702.9858   10.8783
    0.0000  -15.0000   30.0000 2719.9087   10.8024
    7.5000  -15.0000   30.0000 2692.4177   11.2237
   -7.5000   -7.5000   30.0000 2710.7888   10.8691
    0.0000   -7.5000   30.0000 2733.8047   10.8126
    7.5000   -7.5000   30.0000 2713.5605   11.1421
   -7.5000    0.0000   30.0000 2724.0664   10.9513
    0.0000    0.0000   30.0000 2748.5237   10.9011
    7.5000    0.0000   30.0000 2741.2949   11.1873
   -7.5000    7.5000   30.0000 2752.6914   11.1041
    0.0000    7.5000   30.0000 2771.5605   11.0573
    7.5000    7.5000   30.0000 2771.3364   11.2952
   -7.5000   15.0000   30.0000 2782.5833   11.3376
    0.0000   15.0000   30.0000 2803.1836   11.1839
    7.5000   15.0000   30.0000 2797.9038   11.4161
   -7.5000   22.5000   30.0000 2787.1152   11.5633
    0.0000   22.5000   30.0000 2811.8975   11.3503
    7.5000   22.5000   30.0000 2798.8936   11.6074
   -7.5000   30.0000   30.0000 2780.6182   11.9419
    0.0000   30.0000   30.0000 2798.0244   11.7383
    7.5000   30.0000   30.0000 2781.4260   11.9539
   -7.5000   37.5000   30.0000 2735.8704   12.4325
    0.0000   37.5000   30.0000 2758.4297   12.2567
    7.5000   37.5000   30.0000 2736.0195   12.3635
   -7.5000   45.0000   30.0000 2647.1128   13.0205
    0.0000   45.0000   30.0000 2667.0508   12.8799
    7.5000   45.0000   30.0000 2651.7820   12.9582
   -7.5000  -45.0000   37.5000 2662.1201   12.1801
    0.0000  -45.0000   37.5000 2653.7012   12.2613
    7.5000  -45.0000   37.5000 2603.6440   12.7629
   -7.5000  -37.5000   37.5000 2662.3550   11.8485
    0.0000  -37.5000   37.5000 2663.8132   11.9049
    7.5000  -37.5000   37.5000 2623.6904   12.3806
   -7.5000  -30.0000   37.5000 2663.0046   11.5656
    0.0000  -30.0000   37.5000 2671.2192   11.5996
    7.5000  -30.0000   37.5000 2638.9111   12.0611
   -7.5000  -22.5000   37.5000 2669.6704   11.4186
    0.0000  -22.5000   37.5000 2678.7695   11.4097
    7.5000  -22.5000   37.5000 2649.7402   11.8196
   -7.5000  -15.0000   37.5000 2675.3484   11.3469
    0.0000  -15.0000   37.5000 2693.2773   11.2871
    7.5000  -15.0000   37.5000 2665.7856   11.6347
   -7.5000   -7.5000   37.5000 2690.8606   11.3436
    0.0000   -7.5000   37.5000 2712.5854   11.2433
    7.5000   -7.5000   37.5000 2687.2966   11.5822
   -7.5000    0.0000   37.5000 2701.1194   11.4353
    0.0000    0.0000   37.5000 2724.6353   11.3293
    7.5000    0.0000   37.5000 2708.4275   11.6342
   -7.5000    7.5000   37.5000 2720.3518   11.6109
    0.0000    7.5000   37.5000 2742.5962   11.4913
    7.5000    7.5000   37.5000 2731.6646   11.7609
   -7.5000   15.0000   37.5000 2724.7810   11.8276
    0.0000   15.0000   37.5000 2751.4006   11.6137
    7.5000   15.0000   37.5000 2741.5796   11.9085
   -7.5000   22.5000   37.5000 2729.0300   12.0437
    0.0000   22.5000   37.5000 2743.7141   11.8108
    7.5000   22.5000   37.5000 2736.6692   12.1142
   -7.5000   30.0000   37.5000 2707.3862   12.4390
    0.0000   30.0000   37.5000 2717.6509   12.1909
    7.5000   30.0000   37.5000 2709.6165   12.4657
   -7.5000   37.5000   37.5000 2653.1509   12.9237
    0.0000   37.5000   37.5000 2666.9387   12.6969
    7.5000   37.5000   37.5000 2656.5503   12.9338
   -7.5000   45.0000   37.5000 2567.2849   13.5715
    0.0000   45.0000   37.5000 2587.2673   13.3581
    7.5000   45.0000   37.5000 2577.6421   13.5781
   -7.5000  -45.0000   45.0000 2611.3381   12.8227
    0.0000  -45.0000   45.0000 2613.7478   12.9080
    7.5000  -45.0000   45.0000 2558.6084   13.3498
   -7.5000  -37.5000   45.0000 2616.3892   12.5050
    0.0000  -37.5000   45.0000 2619.4497   12.5292
    7.5000  -37.5000   45.0000 2578.5977   12.9420
   -7.5000  -30.0000   45.0000 2616.6140   12.2030
    0.0000  -30.0000   45.0000 2627.2544   12.2190
    7.5000  -30.0000   45.0000 2592.9307   12.6174
   -7.5000  -22.5000   45.0000 2619.7268   12.0108
    0.0000  -22.5000   45.0000 2636.5928   12.0075
    7.5000  -22.5000   45.0000 2605.8076   12.3523
   -7.5000  -15.0000   45.0000 2626.4102   11.8858
    0.0000  -15.0000   45.0000 2649.4834   11.8249
    7.5000  -15.0000   45.0000 2623.5847   12.1768
   -7.5000   -7.5000   45.0000 2643.3997   11.8841
    0.0000   -7.5000   45.0000 2669.7249   11.7569
    7.5000   -7.5000   45.0000 2647.7458   12.1123
   -7.5000    0.0000   45.0000 2649.6729   11.9921
    0.0000    0.0000   45.0000 2675.4734   11.8368
    7.5000    0.0000   45.0000 2663.4512   12.1720
   -7.5000    7.5000   45.0000 2659.4744   12.1853
    0.0000    7.5000   45.0000 2687.4729   11.9884
    7.5000    7.5000   45.0000 2675.7073   12.3057
   -7.5000   15.0000   45.0000 2655.5925   12.4341
    0.0000   15.0000   45.0000 2684.7651   12.1770
    7.5000   15.0000   45.0000 2668.8850   12.4904
   -7.5000   22.5000   45.0000 2650.0713   12.7105
    0.0000   22.5000   45.0000 2664.2400   12.4829
    7.5000   22.5000   45.0000 2656.5378   12.7448
   -7.5000   30.0000   45.0000 2614.8706   13.1313
    0.0000   30.0000   45.0000 2633.0374   12.8677
    7.5000   30.0000   45.0000 2625.6294   13.0983
   -7.5000   37.5000   45.0000 2560.2021   13.6284
    0.0000   37.5000   45.0000 2576.7312   13.3844
    7.5000   37.5000   45.0000 2575.4954   13.6109
   -7.5000   45.0000   45.0000 2477.9016   14.2665
    0.0000   45.0000   45.0000 2504.0105   14.0786
    7.5000   45.0000   45.0000 2503.4878   14.3077

---------------------------------------------------------------------
imgreg_4dfp /opt/freesurfer/average/711-2C_as_mni_average_305 /opt/freesurfer/average/711-2B_as_mni_average_305_mask talsrcimg_g11 none talsrcimg_to_711-2C_as_mni_average_305_t4 1283
---------------------------------------------------------------------

freesurfer imgreg_4dfp.c
/opt/freesurfer/average/711-2C_as_mni_average_305.4dfp.img
       256       256       256         1
  1.000000  1.000000  1.000000
orientation T byte_order littleendian
Reading image: /opt/freesurfer/average/711-2C_as_mni_average_305.4dfp.img
dimensions:      256       256       256
mmppix:       1.0000   -1.0000   -1.0000
center:     128.0000 -129.0000 -129.0000
/opt/freesurfer/average/711-2B_as_mni_average_305_mask.4dfp.img
       256       256       256         1
  1.000000  1.000000  1.000000
orientation T byte_order littleendian
Reading mask: /opt/freesurfer/average/711-2B_as_mni_average_305_mask.4dfp.img (2306576 pixels)
talsrcimg_g11.4dfp.img
       256       256       256         1
  1.000000  1.000000  1.000000
orientation T byte_order littleendian
Reading image: talsrcimg_g11.4dfp.img
dimensions:      256       256       256
mmppix:       1.0000   -1.0000   -1.0000
center:     128.0000 -129.0000 -129.0000
rotation matrix determinant  1.000000
fimgreg.f
image alignment mode   1283 decimal      503 hex
parameters
    0.0000   22.5000    7.5000    0.0000    0.0000    0.0000
eta,q 0.90989 10.90311
niter,ni,del,rscale     5    3   12.0000    1.2000
parameter  3 -0.604241 -> -0.500000 qaram    1.1500
parameter  6  1.230937 ->  0.500000 qaram    1.1500
parameters
   -0.2047   22.2035   10.9500   -0.3218   -2.6050   -3.4500
eta,q 0.91592 10.80449
  0.1006  0.0929  0.0997  0.0894  0.0870  0.0836
  0.0935  0.0907  0.0937  0.0870  0.0869  0.0838
  0.0891  0.0893  0.0897  0.0863  0.0870  0.0851
  0.0888  0.0883  0.0885  0.0871  0.0869  0.0871
  0.0912  0.0887  0.0879  0.0873  0.0878  0.0894
  0.0959  0.0908  0.0862  0.0880  0.0911  0.0924
  0.1008  0.0947  0.0868  0.0892  0.0951  0.0953
niter,ni,del,rscale     6    3   12.0000    1.2000
parameters
    0.2784   22.2456   10.7423   -0.6550   -4.0831   -6.1144
eta,q 0.91629 10.80195
  0.0984  0.0902  0.0887  0.0851  0.0863  0.0853
  0.0918  0.0869  0.0865  0.0849  0.0852  0.0837
  0.0864  0.0841  0.0855  0.0854  0.0846  0.0838
  0.0841  0.0842  0.0842  0.0842  0.0844  0.0845
  0.0856  0.0853  0.0852  0.0840  0.0854  0.0855
  0.0896  0.0867  0.0865  0.0846  0.0873  0.0876
  0.0942  0.0897  0.0897  0.0862  0.0910  0.0904
niter,ni,del,rscale     5    3   12.0000    1.2000
parameters
    0.2657   21.9996   10.1525   -0.4467   -4.9949   -5.1516
eta,q 0.91601 10.87428
  0.0950  0.0889  0.0887  0.0855  0.0872  0.0879
  0.0898  0.0866  0.0861  0.0858  0.0850  0.0858
  0.0847  0.0850  0.0850  0.0855  0.0840  0.0840
  0.0837  0.0837  0.0838  0.0839  0.0838  0.0838
  0.0859  0.0840  0.0852  0.0835  0.0846  0.0842
  0.0897  0.0864  0.0873  0.0848  0.0869  0.0843
  0.0948  0.0908  0.0907  0.0865  0.0905  0.0860
niter,ni,del,rscale     4    3   12.0000    1.2000
parameters
    0.7247   21.4622   10.0794    1.4325   -5.1233   -4.3915
eta,q 0.91678 10.82955
  0.0954  0.0872  0.0910  0.0858  0.0874  0.0883
  0.0894  0.0854  0.0873  0.0856  0.0848  0.0864
  0.0849  0.0850  0.0859  0.0859  0.0834  0.0841
  0.0840  0.0843  0.0844  0.0844  0.0832  0.0832
  0.0850  0.0844  0.0857  0.0832  0.0836  0.0833
  0.0874  0.0859  0.0882  0.0840  0.0851  0.0844
  0.0920  0.0894  0.0908  0.0854  0.0877  0.0869
niter,ni,del,rscale     3    3   12.0000    1.2000
parameters
    1.1164   20.6741   10.6172    2.3747   -5.1778   -3.9202
eta,q 0.91758 10.79989
  0.0944  0.0876  0.0930  0.0870  0.0864  0.0885
  0.0889  0.0841  0.0883  0.0868  0.0842  0.0865
  0.0844  0.0826  0.0854  0.0848  0.0826  0.0840
  0.0832  0.0831  0.0826  0.0826  0.0826  0.0826
  0.0841  0.0851  0.0839  0.0832  0.0832  0.0824
  0.0868  0.0866  0.0876  0.0843  0.0842  0.0845
  0.0919  0.0893  0.0900  0.0860  0.0864  0.0880
niter,ni,del,rscale     2    3   12.0000    1.2000
parameters
    1.3723   20.4676   10.8127    2.7867   -5.2724   -3.6681
eta,q 0.91772 10.78614
  0.0928  0.0904  0.0920  0.0876  0.0860  0.0884
  0.0880  0.0855  0.0874  0.0864  0.0841  0.0861
  0.0839  0.0822  0.0839  0.0834  0.0824  0.0840
  0.0824  0.0824  0.0822  0.0823  0.0824  0.0824
  0.0828  0.0849  0.0845  0.0833  0.0831  0.0824
  0.0859  0.0874  0.0879  0.0844  0.0840  0.0847
  0.0919  0.0898  0.0901  0.0870  0.0862  0.0885
niter,ni,del,rscale     1    3   12.0000    1.2000
parameters
    1.5235   20.3720   10.8743    3.0034   -5.3389   -3.5398
eta,q 0.91780 10.78027
  0.0920  0.0913  0.0915  0.0878  0.0859  0.0883
  0.0878  0.0861  0.0871  0.0859  0.0841  0.0859
  0.0839  0.0824  0.0834  0.0828  0.0825  0.0838
  0.0823  0.0823  0.0822  0.0822  0.0823  0.0823
  0.0826  0.0848  0.0847  0.0832  0.0830  0.0824
  0.0859  0.0876  0.0879  0.0846  0.0840  0.0849
  0.0921  0.0903  0.0901  0.0874  0.0860  0.0887
registration optimization eta report
parameter search radius
    6.0000    6.0000    6.9000    6.0000    6.0000    6.9000
100000*second partial in parameter space
       27.       23.       17.       14.       10.       13.
  0.0920  0.0913  0.0915  0.0878  0.0859  0.0883
  0.0878  0.0861  0.0871  0.0859  0.0841  0.0859
  0.0839  0.0824  0.0834  0.0828  0.0825  0.0838
  0.0823  0.0823  0.0822  0.0822  0.0823  0.0823
  0.0826  0.0848  0.0847  0.0832  0.0830  0.0824
  0.0859  0.0876  0.0879  0.0846  0.0840  0.0849
  0.0921  0.0903  0.0901  0.0874  0.0860  0.0887
    1.5235   20.3720   10.8743    3.0034   -5.3389   -3.5398
eta,q 0.91780 10.78027

---------------------------------------------------------------------
imgreg_4dfp /opt/freesurfer/average/711-2C_as_mni_average_305 /opt/freesurfer/average/711-2B_as_mni_average_305_mask talsrcimg_g11 none talsrcimg_to_711-2C_as_mni_average_305_t4 3335
---------------------------------------------------------------------

freesurfer imgreg_4dfp.c
/opt/freesurfer/average/711-2C_as_mni_average_305.4dfp.img
       256       256       256         1
  1.000000  1.000000  1.000000
orientation T byte_order littleendian
Reading image: /opt/freesurfer/average/711-2C_as_mni_average_305.4dfp.img
dimensions:      256       256       256
mmppix:       1.0000   -1.0000   -1.0000
center:     128.0000 -129.0000 -129.0000
/opt/freesurfer/average/711-2B_as_mni_average_305_mask.4dfp.img
       256       256       256         1
  1.000000  1.000000  1.000000
orientation T byte_order littleendian
Reading mask: /opt/freesurfer/average/711-2B_as_mni_average_305_mask.4dfp.img (2306576 pixels)
talsrcimg_g11.4dfp.img
       256       256       256         1
  1.000000  1.000000  1.000000
orientation T byte_order littleendian
Reading image: talsrcimg_g11.4dfp.img
dimensions:      256       256       256
mmppix:       1.0000   -1.0000   -1.0000
center:     128.0000 -129.0000 -129.0000
fimgreg.f
image alignment mode   3335 decimal      D07 hex
parameters
    1.5235   20.3720   10.8743   -0.6238   -0.3580   -0.5706
    6.6523    8.9507   -6.1474   -5.8032   -9.3047    5.2168
eta,q 0.91529 10.84468
niter,ni,del,rscale     5    3    5.0000    1.2000
parameter  4  6.275317 ->  0.500000 qaram    1.1500
parameter  5  1.728999 ->  0.500000 qaram    1.1500
parameter  6********** ->  0.500000 qaram    1.1500
parameter  9  0.667037 ->  0.500000 qaram    1.1500
parameter 10  0.952776 ->  0.500000 qaram    1.1500
parameter 12  1.830997 ->  0.500000 qaram    1.1500
parameters
    0.9506   20.9249   10.9213   -4.7638   -4.4980   -4.7106
    4.4064    6.2076  -10.2874   -9.9432   -6.4440    1.0768
eta,q 0.93419 10.84204
  0.0855  0.0867  0.0858  0.0772  0.0753  0.0651  0.0704  0.0705  0.0690  0.0676  0.0686  0.0651
  0.0848  0.0857  0.0850  0.0791  0.0764  0.0686  0.0699  0.0694  0.0689  0.0675  0.0682  0.0656
  0.0846  0.0850  0.0846  0.0817  0.0778  0.0732  0.0696  0.0691  0.0689  0.0680  0.0678  0.0664
  0.0847  0.0846  0.0846  0.0846  0.0798  0.0768  0.0698  0.0697  0.0691  0.0689  0.0676  0.0674
  0.0851  0.0846  0.0848  0.0874  0.0824  0.0804  0.0703  0.0708  0.0693  0.0701  0.0674  0.0687
  0.0858  0.0848  0.0852  0.0902  0.0853  0.0841  0.0713  0.0725  0.0695  0.0716  0.0675  0.0701
  0.0870  0.0853  0.0855  0.0931  0.0882  0.0884  0.0726  0.0742  0.0697  0.0733  0.0677  0.0716
niter,ni,del,rscale     7    3    5.0000    1.2000
parameter  2 -1.222136 -> -0.500000 qaram    1.1500
parameter  3 -1.509587 -> -0.500000 qaram    1.1500
parameter  4  1.098029 ->  0.500000 qaram    1.3225
parameter  5  1.427386 ->  0.500000 qaram    1.3225
parameter  6  0.992768 ->  0.500000 qaram    1.3225
parameters
    1.3482   22.3049   12.3013   -9.5248   -9.2590   -9.4716
    7.6736    8.8253   -6.2899   -9.7758   -7.1317   -2.4321
eta,q 0.95029 10.70516
  0.0699  0.0706  0.0703  0.0571  0.0538  0.0501  0.0557  0.0585  0.0529  0.0538  0.0508  0.0504
  0.0680  0.0687  0.0681  0.0580  0.0547  0.0513  0.0540  0.0553  0.0518  0.0519  0.0503  0.0498
  0.0665  0.0671  0.0660  0.0593  0.0562  0.0525  0.0526  0.0528  0.0510  0.0506  0.0501  0.0497
  0.0658  0.0657  0.0642  0.0620  0.0583  0.0550  0.0517  0.0512  0.0505  0.0501  0.0501  0.0501
  0.0658  0.0647  0.0628  0.0664  0.0612  0.0599  0.0513  0.0505  0.0502  0.0504  0.0503  0.0508
  0.0665  0.0640  0.0617  0.0716  0.0647  0.0656  0.0513  0.0508  0.0501  0.0517  0.0505  0.0520
  0.0679  0.0637  0.0611  0.0763  0.0680  0.0713  0.0520  0.0525  0.0505  0.0535  0.0511  0.0535
niter,ni,del,rscale     7    3    5.0000    1.2000
parameter  2 -1.192169 -> -0.500000 qaram    1.3225
parameter 10 -0.712853 -> -0.500000 qaram    1.3225
parameters
    1.3481   23.8919   11.8865  -13.7259  -13.6806  -14.2209
    5.8878    8.6963   -6.3296   -5.0148   -7.1116   -2.9054
eta,q 0.95737 10.05117
  0.0527  0.0574  0.0487  0.0472  0.0468  0.0450  0.0459  0.0484  0.0461  0.0511  0.0436  0.0444
  0.0511  0.0545  0.0477  0.0466  0.0461  0.0443  0.0448  0.0463  0.0451  0.0484  0.0430  0.0434
  0.0501  0.0519  0.0472  0.0466  0.0459  0.0449  0.0443  0.0448  0.0444  0.0461  0.0427  0.0427
  0.0497  0.0497  0.0473  0.0472  0.0466  0.0459  0.0445  0.0443  0.0442  0.0442  0.0426  0.0426
  0.0500  0.0481  0.0478  0.0487  0.0484  0.0469  0.0453  0.0449  0.0445  0.0430  0.0427  0.0429
  0.0510  0.0471  0.0486  0.0523  0.0516  0.0501  0.0467  0.0465  0.0451  0.0426  0.0430  0.0436
  0.0527  0.0466  0.0497  0.0584  0.0555  0.0562  0.0485  0.0486  0.0461  0.0432  0.0435  0.0448
niter,ni,del,rscale     7    3    5.0000    1.2000
parameter  2 -1.181680 -> -0.500000 qaram    1.5209
parameters
    1.4083   25.7169   11.3811  -15.0232  -16.4536  -15.6226
    5.3210    8.5626   -6.3587   -1.0204   -7.5580   -6.4997
eta,q 0.96303  9.80077
  0.0461  0.0539  0.0405  0.0413  0.0404  0.0415  0.0409  0.0431  0.0409  0.0469  0.0381  0.0377
  0.0443  0.0496  0.0394  0.0398  0.0392  0.0396  0.0395  0.0407  0.0395  0.0432  0.0377  0.0371
  0.0431  0.0458  0.0389  0.0389  0.0387  0.0386  0.0387  0.0390  0.0387  0.0404  0.0374  0.0370
  0.0426  0.0426  0.0390  0.0389  0.0388  0.0386  0.0385  0.0384  0.0384  0.0384  0.0374  0.0374
  0.0430  0.0402  0.0396  0.0396  0.0400  0.0399  0.0390  0.0392  0.0387  0.0375  0.0375  0.0381
  0.0440  0.0387  0.0406  0.0408  0.0421  0.0412  0.0402  0.0409  0.0396  0.0377  0.0378  0.0391
  0.0458  0.0382  0.0422  0.0432  0.0454  0.0435  0.0419  0.0433  0.0409  0.0393  0.0383  0.0404
niter,ni,del,rscale     7    3    5.0000    1.2000
parameter  2 -0.779238 -> -0.500000 qaram    1.7490
parameters
    1.3650   27.8157   10.4755  -14.9573  -17.9167  -15.8561
    5.0056    8.5281   -6.1021    1.5978   -7.8608  -10.0391
eta,q 0.96787  9.74715
  0.0405  0.0514  0.0344  0.0366  0.0358  0.0377  0.0359  0.0385  0.0366  0.0427  0.0335  0.0328
  0.0386  0.0458  0.0334  0.0346  0.0342  0.0351  0.0344  0.0358  0.0348  0.0385  0.0330  0.0323
  0.0374  0.0409  0.0331  0.0334  0.0333  0.0335  0.0334  0.0338  0.0336  0.0351  0.0326  0.0322
  0.0370  0.0370  0.0334  0.0331  0.0331  0.0331  0.0331  0.0331  0.0331  0.0331  0.0325  0.0325
  0.0374  0.0343  0.0343  0.0337  0.0339  0.0342  0.0336  0.0339  0.0334  0.0325  0.0327  0.0333
  0.0387  0.0333  0.0358  0.0347  0.0357  0.0357  0.0347  0.0358  0.0345  0.0335  0.0331  0.0344
  0.0408  0.0341  0.0376  0.0364  0.0385  0.0378  0.0365  0.0386  0.0362  0.0361  0.0337  0.0357
niter,ni,del,rscale     7    3    5.0000    1.2000
parameters
    1.3044   28.8443   10.0112  -14.4672  -18.0415  -15.5792
    4.8037    8.6750   -6.1790    2.9936   -8.1357  -11.1497
eta,q 0.96876  9.81606
  0.0361  0.0460  0.0334  0.0353  0.0352  0.0369  0.0345  0.0373  0.0350  0.0402  0.0325  0.0328
  0.0339  0.0398  0.0321  0.0332  0.0333  0.0340  0.0329  0.0344  0.0331  0.0361  0.0318  0.0318
  0.0325  0.0350  0.0315  0.0318  0.0320  0.0321  0.0318  0.0323  0.0319  0.0330  0.0314  0.0313
  0.0321  0.0321  0.0315  0.0314  0.0314  0.0315  0.0315  0.0315  0.0315  0.0315  0.0313  0.0313
  0.0327  0.0316  0.0322  0.0319  0.0318  0.0324  0.0320  0.0321  0.0320  0.0316  0.0315  0.0318
  0.0342  0.0335  0.0334  0.0328  0.0332  0.0338  0.0331  0.0341  0.0332  0.0333  0.0320  0.0326
  0.0365  0.0371  0.0352  0.0344  0.0356  0.0360  0.0349  0.0369  0.0351  0.0364  0.0327  0.0338
niter,ni,del,rscale     6    3    5.0000    1.2000
parameters
    1.3264   29.0998    9.9335  -14.3303  -17.9862  -15.3449
    4.8090    8.8035   -6.1757    3.4244   -8.1912  -11.4204
eta,q 0.96877  9.85318
  0.0355  0.0420  0.0340  0.0348  0.0351  0.0365  0.0345  0.0370  0.0348  0.0387  0.0326  0.0332
  0.0332  0.0365  0.0324  0.0328  0.0332  0.0337  0.0328  0.0342  0.0329  0.0349  0.0319  0.0321
  0.0317  0.0327  0.0315  0.0315  0.0319  0.0318  0.0316  0.0321  0.0317  0.0323  0.0314  0.0314
  0.0312  0.0312  0.0312  0.0312  0.0312  0.0312  0.0313  0.0313  0.0313  0.0313  0.0312  0.0312
  0.0317  0.0322  0.0317  0.0318  0.0315  0.0322  0.0317  0.0319  0.0317  0.0319  0.0314  0.0316
  0.0331  0.0352  0.0327  0.0326  0.0329  0.0335  0.0328  0.0339  0.0330  0.0341  0.0319  0.0323
  0.0353  0.0395  0.0342  0.0345  0.0353  0.0358  0.0345  0.0366  0.0348  0.0375  0.0326  0.0334
niter,ni,del,rscale     5    3    5.0000    1.2000
parameters
    1.3405   29.1589    9.9472  -14.2928  -17.9724  -15.2347
    4.8205    8.8529   -6.1852    3.5338   -8.2022  -11.4745
eta,q 0.96875  9.86621
  0.0355  0.0411  0.0342  0.0347  0.0351  0.0363  0.0345  0.0368  0.0348  0.0383  0.0326  0.0334
  0.0332  0.0358  0.0326  0.0327  0.0332  0.0336  0.0328  0.0341  0.0329  0.0346  0.0319  0.0322
  0.0317  0.0324  0.0316  0.0315  0.0319  0.0317  0.0316  0.0320  0.0317  0.0322  0.0314  0.0315
  0.0312  0.0312  0.0312  0.0312  0.0312  0.0312  0.0313  0.0313  0.0313  0.0313  0.0313  0.0313
  0.0317  0.0325  0.0316  0.0318  0.0315  0.0322  0.0317  0.0320  0.0317  0.0320  0.0314  0.0316
  0.0331  0.0358  0.0326  0.0326  0.0330  0.0335  0.0328  0.0340  0.0330  0.0344  0.0319  0.0323
  0.0354  0.0403  0.0341  0.0346  0.0354  0.0359  0.0345  0.0367  0.0348  0.0379  0.0326  0.0333
niter,ni,del,rscale     4    3    5.0000    1.2000
parameters
    1.3470   29.1685    9.9654  -14.2864  -17.9732  -15.1924
    4.8316    8.8687   -6.1885    3.5520   -8.2067  -11.4803
eta,q 0.96874  9.86981
  0.0355  0.0409  0.0342  0.0347  0.0351  0.0363  0.0345  0.0368  0.0348  0.0381  0.0326  0.0334
  0.0332  0.0357  0.0326  0.0327  0.0333  0.0335  0.0328  0.0340  0.0329  0.0345  0.0319  0.0322
  0.0317  0.0323  0.0316  0.0315  0.0320  0.0317  0.0316  0.0320  0.0317  0.0321  0.0314  0.0315
  0.0313  0.0313  0.0313  0.0313  0.0313  0.0313  0.0313  0.0313  0.0313  0.0313  0.0313  0.0313
  0.0317  0.0326  0.0316  0.0318  0.0315  0.0323  0.0317  0.0320  0.0317  0.0321  0.0314  0.0316
  0.0332  0.0359  0.0326  0.0326  0.0330  0.0335  0.0328  0.0340  0.0330  0.0345  0.0319  0.0323
  0.0354  0.0405  0.0341  0.0347  0.0354  0.0360  0.0345  0.0368  0.0348  0.0381  0.0326  0.0333
registration optimization eta report
parameter search radius
    2.4000    4.1976    2.7600    9.5220    9.5220    9.5220
    7.2000    7.2000    8.2800    9.5220    7.2000    8.2800
100000*second partial in parameter space
       72.       53.       38.        4.        4.        5.
        6.       10.        5.        7.        3.        3.
  0.0355  0.0409  0.0342  0.0347  0.0351  0.0363  0.0345  0.0368  0.0348  0.0381  0.0326  0.0334
  0.0332  0.0357  0.0326  0.0327  0.0333  0.0335  0.0328  0.0340  0.0329  0.0345  0.0319  0.0322
  0.0317  0.0323  0.0316  0.0315  0.0320  0.0317  0.0316  0.0320  0.0317  0.0321  0.0314  0.0315
  0.0313  0.0313  0.0313  0.0313  0.0313  0.0313  0.0313  0.0313  0.0313  0.0313  0.0313  0.0313
  0.0317  0.0326  0.0316  0.0318  0.0315  0.0323  0.0317  0.0320  0.0317  0.0321  0.0314  0.0316
  0.0332  0.0359  0.0326  0.0326  0.0330  0.0335  0.0328  0.0340  0.0330  0.0345  0.0319  0.0323
  0.0354  0.0405  0.0341  0.0347  0.0354  0.0360  0.0345  0.0368  0.0348  0.0381  0.0326  0.0333
    1.3470   29.1685    9.9654  -14.2864  -17.9732  -15.1924
    4.8316    8.8687   -6.1885    3.5520   -8.2067  -11.4803
eta,q 0.96874  9.86981

---------------------------------------------------------------------
imgreg_4dfp /opt/freesurfer/average/711-2C_as_mni_average_305 /opt/freesurfer/average/711-2B_as_mni_average_305_mask talsrcimg_g11 none talsrcimg_to_711-2C_as_mni_average_305_t4 2311
---------------------------------------------------------------------

freesurfer imgreg_4dfp.c
/opt/freesurfer/average/711-2C_as_mni_average_305.4dfp.img
       256       256       256         1
  1.000000  1.000000  1.000000
orientation T byte_order littleendian
Reading image: /opt/freesurfer/average/711-2C_as_mni_average_305.4dfp.img
dimensions:      256       256       256
mmppix:       1.0000   -1.0000   -1.0000
center:     128.0000 -129.0000 -129.0000
/opt/freesurfer/average/711-2B_as_mni_average_305_mask.4dfp.img
       256       256       256         1
  1.000000  1.000000  1.000000
orientation T byte_order littleendian
Reading mask: /opt/freesurfer/average/711-2B_as_mni_average_305_mask.4dfp.img (2306576 pixels)
talsrcimg_g11.4dfp.img
       256       256       256         1
  1.000000  1.000000  1.000000
orientation T byte_order littleendian
Reading image: talsrcimg_g11.4dfp.img
dimensions:      256       256       256
mmppix:       1.0000   -1.0000   -1.0000
center:     128.0000 -129.0000 -129.0000
fimgreg.f
image alignment mode   2311 decimal      907 hex
parameters
    1.3470   29.1685    9.9654  -14.2864  -17.9732  -15.1924
    4.8316    8.8687   -6.1885    3.5520   -8.2067  -11.4803
eta,q 0.96874  9.86980
niter,ni,del,rscale     5    3    5.0000    0.8000
parameters
    1.3393   29.0602    9.9648  -14.6456  -17.3079  -15.6507
    4.8363    8.8439   -6.1148    3.4294   -8.4225  -11.5783
eta,q 0.96885  9.85779
  0.0332  0.0326  0.0323  0.0320  0.0326  0.0324  0.0327  0.0339  0.0325  0.0330  0.0317  0.0319
  0.0321  0.0318  0.0317  0.0315  0.0320  0.0317  0.0319  0.0324  0.0318  0.0320  0.0314  0.0315
  0.0315  0.0314  0.0314  0.0313  0.0315  0.0312  0.0313  0.0315  0.0313  0.0313  0.0312  0.0312
  0.0313  0.0313  0.0313  0.0313  0.0312  0.0312  0.0312  0.0312  0.0312  0.0311  0.0311  0.0311
  0.0315  0.0315  0.0314  0.0315  0.0312  0.0316  0.0313  0.0315  0.0313  0.0314  0.0313  0.0312
  0.0321  0.0321  0.0317  0.0318  0.0315  0.0322  0.0319  0.0325  0.0317  0.0321  0.0315  0.0315
  0.0332  0.0330  0.0323  0.0322  0.0321  0.0328  0.0327  0.0339  0.0324  0.0332  0.0318  0.0319
niter,ni,del,rscale     4    3    5.0000    0.7000
parameters
    1.3269   29.0242    9.8274  -14.8015  -17.1928  -15.9214
    4.8001    8.8234   -6.0202    3.4019   -8.5409  -11.5921
eta,q 0.96889  9.83801
  0.0326  0.0323  0.0318  0.0318  0.0321  0.0323  0.0323  0.0333  0.0322  0.0326  0.0316  0.0317
  0.0318  0.0317  0.0314  0.0314  0.0316  0.0316  0.0316  0.0321  0.0316  0.0318  0.0313  0.0314
  0.0313  0.0313  0.0312  0.0312  0.0313  0.0312  0.0312  0.0314  0.0312  0.0313  0.0311  0.0312
  0.0311  0.0311  0.0311  0.0311  0.0311  0.0311  0.0311  0.0311  0.0311  0.0311  0.0311  0.0311
  0.0313  0.0313  0.0313  0.0313  0.0312  0.0314  0.0313  0.0314  0.0312  0.0313  0.0312  0.0312
  0.0318  0.0318  0.0316  0.0315  0.0315  0.0319  0.0317  0.0321  0.0315  0.0318  0.0314  0.0314
  0.0327  0.0324  0.0321  0.0319  0.0320  0.0325  0.0323  0.0333  0.0321  0.0326  0.0316  0.0317
niter,ni,del,rscale     3    3    5.0000    0.6000
parameters
    1.3176   29.0332    9.7502  -14.9106  -17.1049  -16.0715
    4.7741    8.8112   -5.9592    3.4203   -8.6408  -11.6090
eta,q 0.96890  9.82843
  0.0322  0.0320  0.0316  0.0316  0.0318  0.0320  0.0320  0.0327  0.0319  0.0322  0.0314  0.0315
  0.0316  0.0315  0.0313  0.0313  0.0315  0.0315  0.0315  0.0318  0.0315  0.0316  0.0312  0.0313
  0.0312  0.0312  0.0311  0.0311  0.0312  0.0312  0.0312  0.0313  0.0312  0.0312  0.0311  0.0312
  0.0311  0.0311  0.0311  0.0311  0.0311  0.0311  0.0311  0.0311  0.0311  0.0311  0.0311  0.0311
  0.0312  0.0312  0.0312  0.0312  0.0311  0.0313  0.0312  0.0313  0.0312  0.0312  0.0311  0.0311
  0.0316  0.0315  0.0314  0.0314  0.0314  0.0316  0.0315  0.0319  0.0314  0.0316  0.0313  0.0313
  0.0322  0.0320  0.0318  0.0317  0.0318  0.0321  0.0320  0.0327  0.0318  0.0322  0.0315  0.0315
niter,ni,del,rscale     2    3    5.0000    0.5000
parameters
    1.3117   29.0374    9.7040  -14.9887  -17.0214  -16.1559
    4.7605    8.8196   -5.9186    3.4275   -8.7305  -11.6085
eta,q 0.96891  9.82434
  0.0319  0.0317  0.0315  0.0315  0.0316  0.0318  0.0317  0.0322  0.0316  0.0319  0.0313  0.0314
  0.0314  0.0314  0.0312  0.0313  0.0313  0.0314  0.0314  0.0316  0.0313  0.0314  0.0312  0.0312
  0.0312  0.0312  0.0311  0.0311  0.0312  0.0312  0.0312  0.0312  0.0312  0.0312  0.0311  0.0311
  0.0311  0.0311  0.0311  0.0311  0.0311  0.0311  0.0311  0.0311  0.0311  0.0311  0.0311  0.0311
  0.0312  0.0312  0.0312  0.0312  0.0311  0.0312  0.0312  0.0312  0.0311  0.0312  0.0311  0.0311
  0.0314  0.0314  0.0313  0.0313  0.0313  0.0315  0.0314  0.0316  0.0313  0.0314  0.0312  0.0312
  0.0319  0.0317  0.0315  0.0315  0.0316  0.0318  0.0317  0.0322  0.0316  0.0319  0.0314  0.0314
niter,ni,del,rscale     1    3    5.0000    0.4000
parameters
    1.3092   29.0375    9.6769  -15.0308  -16.9602  -16.2046
    4.7556    8.8280   -5.8743    3.4260   -8.8349  -11.5986
eta,q 0.96891  9.82325
  0.0316  0.0315  0.0313  0.0314  0.0314  0.0315  0.0315  0.0318  0.0314  0.0316  0.0312  0.0313
  0.0313  0.0313  0.0312  0.0312  0.0313  0.0313  0.0313  0.0314  0.0312  0.0313  0.0311  0.0312
  0.0311  0.0311  0.0311  0.0311  0.0311  0.0311  0.0311  0.0312  0.0311  0.0311  0.0311  0.0311
  0.0311  0.0311  0.0311  0.0311  0.0311  0.0311  0.0311  0.0311  0.0311  0.0311  0.0311  0.0311
  0.0311  0.0311  0.0311  0.0311  0.0311  0.0312  0.0311  0.0312  0.0311  0.0311  0.0311  0.0311
  0.0313  0.0313  0.0312  0.0312  0.0312  0.0313  0.0313  0.0314  0.0312  0.0313  0.0312  0.0312
  0.0316  0.0315  0.0314  0.0314  0.0314  0.0316  0.0315  0.0318  0.0314  0.0316  0.0313  0.0313
registration optimization eta report
parameter search radius
    0.8000    0.8000    0.8000    2.4000    2.4000    2.4000
    2.4000    2.4000    2.4000    2.4000    2.4000    2.4000
100000*second partial in parameter space
       76.       64.       40.        5.        5.        8.
        7.       13.        6.        9.        3.        3.
  0.0316  0.0315  0.0313  0.0314  0.0314  0.0315  0.0315  0.0318  0.0314  0.0316  0.0312  0.0313
  0.0313  0.0313  0.0312  0.0312  0.0313  0.0313  0.0313  0.0314  0.0312  0.0313  0.0311  0.0312
  0.0311  0.0311  0.0311  0.0311  0.0311  0.0311  0.0311  0.0312  0.0311  0.0311  0.0311  0.0311
  0.0311  0.0311  0.0311  0.0311  0.0311  0.0311  0.0311  0.0311  0.0311  0.0311  0.0311  0.0311
  0.0311  0.0311  0.0311  0.0311  0.0311  0.0312  0.0311  0.0312  0.0311  0.0311  0.0311  0.0311
  0.0313  0.0313  0.0312  0.0312  0.0312  0.0313  0.0313  0.0314  0.0312  0.0313  0.0312  0.0312
  0.0316  0.0315  0.0314  0.0314  0.0314  0.0316  0.0315  0.0318  0.0314  0.0316  0.0313  0.0313
    1.3092   29.0375    9.6769  -15.0308  -16.9602  -16.2046
    4.7556    8.8280   -5.8743    3.4260   -8.8349  -11.5986
eta,q 0.96891  9.82325

---------------------------------------------------------------------
imgreg_4dfp /opt/freesurfer/average/711-2C_as_mni_average_305 /opt/freesurfer/average/711-2B_as_mni_average_305_mask talsrcimg_g11 none talsrcimg_to_711-2C_as_mni_average_305_t4 2311
---------------------------------------------------------------------

freesurfer imgreg_4dfp.c
/opt/freesurfer/average/711-2C_as_mni_average_305.4dfp.img
       256       256       256         1
  1.000000  1.000000  1.000000
orientation T byte_order littleendian
Reading image: /opt/freesurfer/average/711-2C_as_mni_average_305.4dfp.img
dimensions:      256       256       256
mmppix:       1.0000   -1.0000   -1.0000
center:     128.0000 -129.0000 -129.0000
/opt/freesurfer/average/711-2B_as_mni_average_305_mask.4dfp.img
       256       256       256         1
  1.000000  1.000000  1.000000
orientation T byte_order littleendian
Reading mask: /opt/freesurfer/average/711-2B_as_mni_average_305_mask.4dfp.img (2306576 pixels)
talsrcimg_g11.4dfp.img
       256       256       256         1
  1.000000  1.000000  1.000000
orientation T byte_order littleendian
Reading image: talsrcimg_g11.4dfp.img
dimensions:      256       256       256
mmppix:       1.0000   -1.0000   -1.0000
center:     128.0000 -129.0000 -129.0000
fimgreg.f
image alignment mode   2311 decimal      907 hex
parameters
    1.3092   29.0375    9.6769  -15.0308  -16.9602  -16.2046
    4.7556    8.8280   -5.8743    3.4260   -8.8349  -11.5986
eta,q 0.96891  9.82325
niter,ni,del,rscale     5    3    5.0000    0.8000
parameters
    1.3141   29.0532    9.6761  -14.7977  -17.2046  -16.0987
    4.7606    8.8441   -5.8811    3.4354   -8.6161  -11.6385
eta,q 0.96890  9.82756
  0.0330  0.0327  0.0321  0.0322  0.0321  0.0328  0.0327  0.0339  0.0324  0.0330  0.0318  0.0318
  0.0320  0.0318  0.0315  0.0316  0.0316  0.0319  0.0318  0.0324  0.0317  0.0320  0.0314  0.0314
  0.0313  0.0313  0.0312  0.0312  0.0312  0.0313  0.0313  0.0315  0.0313  0.0313  0.0312  0.0312
  0.0311  0.0311  0.0311  0.0311  0.0311  0.0311  0.0311  0.0311  0.0311  0.0311  0.0311  0.0311
  0.0313  0.0313  0.0312  0.0312  0.0312  0.0313  0.0313  0.0314  0.0313  0.0313  0.0312  0.0312
  0.0320  0.0318  0.0316  0.0315  0.0317  0.0319  0.0318  0.0324  0.0317  0.0320  0.0314  0.0315
  0.0330  0.0326  0.0321  0.0319  0.0324  0.0326  0.0326  0.0339  0.0324  0.0330  0.0317  0.0319
niter,ni,del,rscale     4    3    5.0000    0.7000
parameters
    1.3140   29.0585    9.7056  -14.8273  -17.1622  -16.0960
    4.7571    8.8230   -5.9457    3.4422   -8.6007  -11.6447
eta,q 0.96890  9.82868
  0.0326  0.0323  0.0319  0.0319  0.0320  0.0324  0.0323  0.0332  0.0321  0.0326  0.0316  0.0317
  0.0318  0.0317  0.0315  0.0314  0.0316  0.0317  0.0316  0.0321  0.0315  0.0318  0.0313  0.0314
  0.0313  0.0312  0.0312  0.0312  0.0313  0.0312  0.0312  0.0314  0.0312  0.0313  0.0311  0.0312
  0.0311  0.0311  0.0311  0.0311  0.0311  0.0311  0.0311  0.0311  0.0311  0.0311  0.0311  0.0311
  0.0313  0.0312  0.0312  0.0312  0.0312  0.0313  0.0312  0.0314  0.0312  0.0313  0.0312  0.0312
  0.0318  0.0317  0.0314  0.0315  0.0315  0.0318  0.0316  0.0321  0.0316  0.0318  0.0313  0.0314
  0.0326  0.0323  0.0319  0.0318  0.0320  0.0324  0.0323  0.0333  0.0321  0.0326  0.0316  0.0317
niter,ni,del,rscale     3    3    5.0000    0.6000
parameters
    1.3142   29.0526    9.7006  -14.9111  -17.0986  -16.1327
    4.7578    8.8126   -5.9457    3.4451   -8.6541  -11.6410
eta,q 0.96891  9.82561
  0.0322  0.0320  0.0317  0.0317  0.0318  0.0321  0.0320  0.0327  0.0318  0.0322  0.0315  0.0315
  0.0316  0.0315  0.0313  0.0313  0.0314  0.0315  0.0315  0.0318  0.0314  0.0316  0.0312  0.0313
  0.0312  0.0312  0.0312  0.0311  0.0312  0.0312  0.0312  0.0313  0.0312  0.0312  0.0311  0.0312
  0.0311  0.0311  0.0311  0.0311  0.0311  0.0311  0.0311  0.0311  0.0311  0.0311  0.0311  0.0311
  0.0312  0.0312  0.0312  0.0312  0.0311  0.0312  0.0312  0.0313  0.0312  0.0312  0.0311  0.0311
  0.0316  0.0315  0.0314  0.0314  0.0314  0.0316  0.0315  0.0318  0.0314  0.0316  0.0313  0.0313
  0.0322  0.0320  0.0317  0.0317  0.0318  0.0321  0.0320  0.0327  0.0318  0.0322  0.0315  0.0315
niter,ni,del,rscale     2    3    5.0000    0.5000
parameters
    1.3118   29.0501    9.6853  -14.9885  -17.0372  -16.1793
    4.7576    8.8150   -5.9146    3.4390   -8.7189  -11.6163
eta,q 0.96891  9.82220
  0.0319  0.0317  0.0315  0.0315  0.0316  0.0318  0.0317  0.0322  0.0316  0.0319  0.0313  0.0314
  0.0314  0.0314  0.0313  0.0313  0.0313  0.0314  0.0314  0.0316  0.0313  0.0314  0.0312  0.0312
  0.0312  0.0312  0.0311  0.0311  0.0312  0.0312  0.0312  0.0312  0.0312  0.0312  0.0311  0.0311
  0.0311  0.0311  0.0311  0.0311  0.0311  0.0311  0.0311  0.0311  0.0311  0.0311  0.0311  0.0311
  0.0312  0.0312  0.0312  0.0312  0.0311  0.0312  0.0312  0.0312  0.0311  0.0312  0.0311  0.0311
  0.0314  0.0314  0.0313  0.0313  0.0313  0.0314  0.0314  0.0316  0.0313  0.0314  0.0312  0.0312
  0.0319  0.0317  0.0315  0.0315  0.0316  0.0318  0.0317  0.0322  0.0316  0.0319  0.0314  0.0314
niter,ni,del,rscale     1    3    5.0000    0.4000
parameters
    1.3090   29.0421    9.6696  -15.0351  -16.9560  -16.2101
    4.7532    8.8263   -5.8858    3.4311   -8.8141  -11.6019
eta,q 0.96891  9.82285
  0.0316  0.0315  0.0313  0.0314  0.0314  0.0316  0.0315  0.0318  0.0314  0.0316  0.0312  0.0313
  0.0313  0.0313  0.0312  0.0312  0.0313  0.0313  0.0313  0.0314  0.0312  0.0313  0.0312  0.0312
  0.0311  0.0311  0.0311  0.0311  0.0311  0.0311  0.0311  0.0312  0.0311  0.0311  0.0311  0.0311
  0.0311  0.0311  0.0311  0.0311  0.0311  0.0311  0.0311  0.0311  0.0311  0.0311  0.0311  0.0311
  0.0311  0.0311  0.0311  0.0311  0.0311  0.0312  0.0311  0.0312  0.0311  0.0311  0.0311  0.0311
  0.0313  0.0313  0.0312  0.0312  0.0312  0.0313  0.0313  0.0314  0.0312  0.0313  0.0312  0.0312
  0.0316  0.0315  0.0314  0.0314  0.0314  0.0316  0.0315  0.0318  0.0314  0.0316  0.0313  0.0313
registration optimization eta report
parameter search radius
    0.8000    0.8000    0.8000    2.4000    2.4000    2.4000
    2.4000    2.4000    2.4000    2.4000    2.4000    2.4000
100000*second partial in parameter space
       77.       65.       41.        5.        5.        8.
        7.       13.        6.        9.        3.        3.
  0.0316  0.0315  0.0313  0.0314  0.0314  0.0316  0.0315  0.0318  0.0314  0.0316  0.0312  0.0313
  0.0313  0.0313  0.0312  0.0312  0.0313  0.0313  0.0313  0.0314  0.0312  0.0313  0.0312  0.0312
  0.0311  0.0311  0.0311  0.0311  0.0311  0.0311  0.0311  0.0312  0.0311  0.0311  0.0311  0.0311
  0.0311  0.0311  0.0311  0.0311  0.0311  0.0311  0.0311  0.0311  0.0311  0.0311  0.0311  0.0311
  0.0311  0.0311  0.0311  0.0311  0.0311  0.0312  0.0311  0.0312  0.0311  0.0311  0.0311  0.0311
  0.0313  0.0313  0.0312  0.0312  0.0312  0.0313  0.0313  0.0314  0.0312  0.0313  0.0312  0.0312
  0.0316  0.0315  0.0314  0.0314  0.0314  0.0316  0.0315  0.0318  0.0314  0.0316  0.0313  0.0313
    1.3090   29.0421    9.6696  -15.0351  -16.9560  -16.2101
    4.7532    8.8263   -5.8858    3.4311   -8.8141  -11.6019
eta,q 0.96891  9.82285

---------------------------------------------------------------------
compute_vox2vox talsrcimg talsrcimg_to_711-2C_as_mni_average_305_t4 /opt/freesurfer/average/711-2C_as_mni_average_305
---------------------------------------------------------------------

freesurfer compute_vox2vox.c
Reading: talsrcimg.4dfp.ifh
Reading: talsrcimg_to_711-2C_as_mni_average_305_t4
Reading: /opt/freesurfer/average/711-2C_as_mni_average_305.4dfp.ifh
Writing: talsrcimg_to_711-2C_as_mni_average_305_t4_vox2vox.txt

start time Sat Nov 23 15:56:30 UTC 2024
end		time Sat Nov 23 15:57:18 UTC 2024

mpr2mni305 success

avi2talxfm orig_nu.mgz /opt/freesurfer/average/mni305.cor.mgz talsrcimg_to_711-2C_as_mni_average_305_t4_vox2vox.txt transforms/talairach.auto.xfm
avi2talxfm done
mv -f /scratch/tmp/fs_mp2rage_tests/sourcedata/freesurfer_mp2rage/sub-fsm70qy/mri/talsrcimg_to_711-2C_as_mni_average_305_t4_vox2vox.txt /scratch/tmp/fs_mp2rage_tests/sourcedata/freesurfer_mp2rage/sub-fsm70qy/mri/transforms/talsrcimg_to_711-2C_as_mni_average_305_t4_vox2vox.txt
lta_convert --src orig_nu.mgz --trg /opt/freesurfer/average/mni305.cor.mgz --inxfm transforms/talairach.auto.xfm --outlta transforms/talairach.auto.xfm.lta --subject fsaverage
7.3.2

--src: orig_nu.mgz src image (geometry).
--trg: /opt/freesurfer/average/mni305.cor.mgz trg image (geometry).
--inmni: transforms/talairach.auto.xfm input MNI/XFM transform.
--outlta: transforms/talairach.auto.xfm.lta output LTA.
--s: fsaverage subject name
 LTA read, type : 1
 1.15890  -0.11868  -0.08291  -14.00754;
 0.13252   1.17310   0.15631  -28.69178;
 0.07666  -0.05688   1.19185  -1.58986;
 0.00000   0.00000   0.00000   1.00000;
setting subject to fsaverage
Writing  LTA to file transforms/talairach.auto.xfm.lta...
lta_convert successful.
 
 
Started at Sat Nov 23 15:56:28 UTC 2024
Ended   at Sat Nov 23 15:57:18 UTC 2024
talairach_avi done
