/scratch/tmp/fs_mp2rage_tests/sourcedata/freesurfer_mp2rage/sub-fsm90ao/mri
/opt/freesurfer/bin/talairach_avi
--i orig_nu.mgz --xfm transforms/talairach.auto.xfm
talairach_avi 7.3.2
Linux elm.criugm.qc.ca 5.15.0-113-generic #123-Ubuntu SMP Mon Jun 10 08:16:17 UTC 2024 x86_64 x86_64 x86_64 GNU/Linux
Sat Nov 23 16:15:40 UTC 2024
mri_convert orig_nu.mgz talsrcimg.img 
reading from orig_nu.mgz...
TR=0.00, TE=0.00, TI=0.00, flip angle=0.00
i_ras = (-1, 1.39698e-09, 0)
j_ras = (-3.72529e-09, 1.49012e-08, -1)
k_ras = (2.79397e-09, 1, -7.45058e-09)
writing to talsrcimg.img...
Analyze Output Matrix
-1.00000  -0.00000   0.00000   129.96361;
 0.00000   0.00000   1.00000  -107.92027;
 0.00000  -1.00000  -0.00000   117.55169;
 0.00000   0.00000   0.00000   1.00000;
--------------------
INFO: set hdr.hist.orient to -1
mpr2mni305 talsrcimg
Sat Nov 23 16:15:43 UTC 2024
/opt/freesurfer/bin/mpr2mni305 talsrcimg
mpr2mni305 7.3.2
target=711-2C_as_mni_average_305

---------------------------------------------------------------------
analyzeto4dfp talsrcimg -O0 -y
---------------------------------------------------------------------

freesurfer ifh2hdr.c
Sat Nov 23 16:15:43 2024
Writing: talsrcimg.4dfp.hdr
freesurfer analyzeto4dfp.c
Reading: talsrcimg.hdr
header size 348 bytes
hdr.dime.datatype	offset=70	value=2
hdr.dime.bitpix		offset=72	value=8
hdr.hist.orient		offset=252	value=-1
dimensionality     4
dimensions       256       256       256         1
Reading: talsrcimg.img
Writing: talsrcimg.4dfp.img
Writing: talsrcimg.4dfp.ifh
ifh2hdr talsrcimg -r0to237
ori=2

---------------------------------------------------------------------
gauss_4dfp talsrcimg 1.1
---------------------------------------------------------------------

freesurfer gauss_4dfp.c
Reading: talsrcimg.4dfp.img
Writing: talsrcimg_g11.4dfp.img
image dimensions 256 256 256 padded to 288 288 288
processing volume 1freesurfer ifh2hdr.c
Sat Nov 23 16:15:51 2024
Writing: talsrcimg_g11.4dfp.hdr

Writing: talsrcimg_g11.4dfp.ifh
including: talsrcimg.4dfp.img.rec in talsrcimg_g11.4dfp.img.rec

---------------------------------------------------------------------
imgreg_4dfp /opt/freesurfer/average/711-2C_as_mni_average_305 none talsrcimg_g11 none talsrcimg_to_711-2C_as_mni_average_305_t4 4355
---------------------------------------------------------------------

freesurfer imgreg_4dfp.c
/opt/freesurfer/average/711-2C_as_mni_average_305.4dfp.img
       256       256       256         1
  1.000000  1.000000  1.000000
orientation T byte_order littleendian
Reading image: /opt/freesurfer/average/711-2C_as_mni_average_305.4dfp.img
dimensions:      256       256       256
mmppix:       1.0000   -1.0000   -1.0000
center:     128.0000 -129.0000 -129.0000
talsrcimg_g11.4dfp.img
       256       256       256         1
  1.000000  1.000000  1.000000
orientation T byte_order littleendian
Reading image: talsrcimg_g11.4dfp.img
dimensions:      256       256       256
mmppix:       1.0000   -1.0000   -1.0000
center:     128.0000 -129.0000 -129.0000
t4_read: open error in t4_sub.f l:  41 t4_file(1:l)talsrcimg_to_711-2C_as_mni_average_305_t4 
t4_read: transform initialized to I4
rotation matrix determinant  1.000000
image alignment mode   4355 decimal     1103 hex
   -7.5000  -45.0000  -45.0000 8180.4233   11.4982
    0.0000  -45.0000  -45.0000 8488.7637   11.4946
    7.5000  -45.0000  -45.0000 8113.2603   11.5008
   -7.5000  -37.5000  -45.0000 8394.6025   11.4468
    0.0000  -37.5000  -45.0000 8683.5859   11.4459
    7.5000  -37.5000  -45.0000 8304.1123   11.4500
   -7.5000  -30.0000  -45.0000 8733.4668   11.2862
    0.0000  -30.0000  -45.0000 9012.2617   11.2832
    7.5000  -30.0000  -45.0000 8647.7246   11.2837
   -7.5000  -22.5000  -45.0000 9138.0664   11.1922
    0.0000  -22.5000  -45.0000 9430.0635   11.1867
    7.5000  -22.5000  -45.0000 9008.6299   11.1867
   -7.5000  -15.0000  -45.0000 9630.5195   11.1615
    0.0000  -15.0000  -45.0000 9923.7090   11.1540
    7.5000  -15.0000  -45.0000 9459.8926   11.1552
   -7.5000   -7.5000  -45.000010113.9141   11.1476
    0.0000   -7.5000  -45.000010441.1729   11.1413
    7.5000   -7.5000  -45.0000 9924.3311   11.1448
   -7.5000    0.0000  -45.000010563.8779   11.1534
    0.0000    0.0000  -45.000010940.1201   11.1495
    7.5000    0.0000  -45.000010406.9004   11.1547
   -7.5000    7.5000  -45.000010233.7998   11.2464
    0.0000    7.5000  -45.000010577.0420   11.2446
    7.5000    7.5000  -45.000010047.8701   11.2480
   -7.5000   15.0000  -45.0000 9832.3428   11.5606
    0.0000   15.0000  -45.000010149.9580   11.5597
    7.5000   15.0000  -45.0000 9636.1768   11.5614
   -7.5000   22.5000  -45.0000 9412.1670   11.9020
    0.0000   22.5000  -45.0000 9732.7070   11.9002
    7.5000   22.5000  -45.0000 9227.0957   11.9030
   -7.5000   30.0000  -45.0000 8914.2549   12.0693
    0.0000   30.0000  -45.0000 9220.9092   12.0664
    7.5000   30.0000  -45.0000 8726.9414   12.0703
   -7.5000   37.5000  -45.0000 8708.3389   12.4091
    0.0000   37.5000  -45.0000 9004.2090   12.4063
    7.5000   37.5000  -45.0000 8503.5059   12.4124
   -7.5000   45.0000  -45.0000 8152.3984   12.4587
    0.0000   45.0000  -45.0000 8429.2129   12.4615
    7.5000   45.0000  -45.0000 7950.5083   12.4649
   -7.5000  -45.0000  -37.5000 8654.3340   11.4552
    0.0000  -45.0000  -37.5000 8941.3691   11.4540
    7.5000  -45.0000  -37.5000 8563.0771   11.4652
   -7.5000  -37.5000  -37.5000 8828.0957   11.4053
    0.0000  -37.5000  -37.5000 9116.0732   11.4063
    7.5000  -37.5000  -37.5000 8739.6621   11.4161
   -7.5000  -30.0000  -37.5000 9218.6133   11.2457
    0.0000  -30.0000  -37.5000 9493.2539   11.2452
    7.5000  -30.0000  -37.5000 9120.5801   11.2522
   -7.5000  -22.5000  -37.5000 9698.2568   11.1502
    0.0000  -22.5000  -37.500010004.5137   11.1479
    7.5000  -22.5000  -37.5000 9571.8066   11.1539
   -7.5000  -15.0000  -37.500010268.3018   11.1186
    0.0000  -15.0000  -37.500010606.2646   11.1146
    7.5000  -15.0000  -37.500010093.7803   11.1206
   -7.5000   -7.5000  -37.500010837.0361   11.1051
    0.0000   -7.5000  -37.500011214.0977   11.1019
    7.5000   -7.5000  -37.500010643.8447   11.1096
   -7.5000    0.0000  -37.500011336.3564   11.1118
    0.0000    0.0000  -37.500011739.1465   11.1101
    7.5000    0.0000  -37.500011136.1016   11.1198
   -7.5000    7.5000  -37.500010955.9434   11.2061
    0.0000    7.5000  -37.500011334.4238   11.2062
    7.5000    7.5000  -37.500010708.9756   11.2150
   -7.5000   15.0000  -37.500010524.5420   11.5205
    0.0000   15.0000  -37.500010899.5684   11.5218
    7.5000   15.0000  -37.500010283.1895   11.5296
   -7.5000   22.5000  -37.500010043.2383   11.8588
    0.0000   22.5000  -37.500010437.9424   11.8602
    7.5000   22.5000  -37.5000 9811.5381   11.8684
   -7.5000   30.0000  -37.5000 9485.9072   12.0196
    0.0000   30.0000  -37.5000 9850.8809   12.0211
    7.5000   30.0000  -37.5000 9284.9551   12.0301
   -7.5000   37.5000  -37.5000 9242.2100   12.3555
    0.0000   37.5000  -37.5000 9582.5420   12.3555
    7.5000   37.5000  -37.5000 9024.6240   12.3665
   -7.5000   45.0000  -37.5000 8648.4570   12.4061
    0.0000   45.0000  -37.5000 8953.7080   12.4102
    7.5000   45.0000  -37.5000 8419.1846   12.4180
   -7.5000  -45.0000  -30.0000 9247.2461   11.9106
    0.0000  -45.0000  -30.0000 9558.7334   11.9085
    7.5000  -45.0000  -30.0000 9139.8486   11.9273
   -7.5000  -37.5000  -30.0000 9417.0332   11.8564
    0.0000  -37.5000  -30.0000 9754.7295   11.8564
    7.5000  -37.5000  -30.0000 9330.9209   11.8743
   -7.5000  -30.0000  -30.0000 9888.0176   11.6866
    0.0000  -30.0000  -30.000010210.1562   11.6863
    7.5000  -30.0000  -30.0000 9783.6201   11.7011
   -7.5000  -22.5000  -30.000010453.5469   11.5849
    0.0000  -22.5000  -30.000010803.6953   11.5840
    7.5000  -22.5000  -30.000010326.1602   11.5971
   -7.5000  -15.0000  -30.000011112.2178   11.5540
    0.0000  -15.0000  -30.000011467.0332   11.5522
    7.5000  -15.0000  -30.000010926.7900   11.5645
   -7.5000   -7.5000  -30.000011738.6973   11.5440
    0.0000   -7.5000  -30.000012142.7402   11.5417
    7.5000   -7.5000  -30.000011527.7295   11.5560
   -7.5000    0.0000  -30.000012252.3389   11.5534
    0.0000    0.0000  -30.000012694.8057   11.5510
    7.5000    0.0000  -30.000012002.8574   11.5677
   -7.5000    7.5000  -30.000011821.1943   11.6499
    0.0000    7.5000  -30.000012220.4678   11.6490
    7.5000    7.5000  -30.000011535.9600   11.6656
   -7.5000   15.0000  -30.000011343.9424   11.9744
    0.0000   15.0000  -30.000011754.1494   11.9760
    7.5000   15.0000  -30.000011081.8262   11.9919
   -7.5000   22.5000  -30.000010838.0898   12.3195
    0.0000   22.5000  -30.000011245.5928   12.3227
    7.5000   22.5000  -30.000010570.8213   12.3386
   -7.5000   30.0000  -30.000010257.7051   12.4895
    0.0000   30.0000  -30.000010629.5039   12.4935
    7.5000   30.0000  -30.0000 9992.7676   12.5103
   -7.5000   37.5000  -30.0000 9972.8740   12.8434
    0.0000   37.5000  -30.000010329.0381   12.8445
    7.5000   37.5000  -30.0000 9668.4072   12.8639
   -7.5000   45.0000  -30.0000 9307.4912   12.9071
    0.0000   45.0000  -30.0000 9618.4902   12.9102
    7.5000   45.0000  -30.0000 9005.3740   12.9267
   -7.5000  -45.0000  -22.5000 9850.3467   12.3096
    0.0000  -45.0000  -22.500010207.0068   12.3045
    7.5000  -45.0000  -22.5000 9754.9395   12.3262
   -7.5000  -37.5000  -22.500010046.6240   12.2511
    0.0000  -37.5000  -22.500010408.5010   12.2489
    7.5000  -37.5000  -22.5000 9947.9688   12.2693
   -7.5000  -30.0000  -22.500010618.5898   12.0724
    0.0000  -30.0000  -22.500010965.0469   12.0703
    7.5000  -30.0000  -22.500010493.8818   12.0868
   -7.5000  -22.5000  -22.500011258.0986   11.9672
    0.0000  -22.5000  -22.500011640.7451   11.9649
    7.5000  -22.5000  -22.500011114.9863   11.9794
   -7.5000  -15.0000  -22.500011939.3340   11.9380
    0.0000  -15.0000  -22.500012350.5166   11.9345
    7.5000  -15.0000  -22.500011766.3076   11.9490
   -7.5000   -7.5000  -22.500012626.0137   11.9304
    0.0000   -7.5000  -22.500013069.7490   11.9259
    7.5000   -7.5000  -22.500012396.8926   11.9430
   -7.5000    0.0000  -22.500013179.4385   11.9411
    0.0000    0.0000  -22.500013663.5283   11.9359
    7.5000    0.0000  -22.500012890.8096   11.9554
   -7.5000    7.5000  -22.500012706.7920   12.0382
    0.0000    7.5000  -22.500013148.4502   12.0352
    7.5000    7.5000  -22.500012387.7080   12.0542
   -7.5000   15.0000  -22.500012221.6133   12.3707
    0.0000   15.0000  -22.500012656.0283   12.3708
    7.5000   15.0000  -22.500011899.7051   12.3891
   -7.5000   22.5000  -22.500011680.2588   12.7228
    0.0000   22.5000  -22.500012112.8711   12.7247
    7.5000   22.5000  -22.500011354.3193   12.7436
   -7.5000   30.0000  -22.500011070.9219   12.9055
    0.0000   30.0000  -22.500011478.3838   12.9073
    7.5000   30.0000  -22.500010696.5527   12.9276
   -7.5000   37.5000  -22.500010736.6846   13.2772
    0.0000   37.5000  -22.500011132.6855   13.2767
    7.5000   37.5000  -22.500010339.6709   13.3003
   -7.5000   45.0000  -22.5000 9961.5498   13.3512
    0.0000   45.0000  -22.500010326.8926   13.3525
    7.5000   45.0000  -22.5000 9599.3398   13.3739
   -7.5000  -45.0000  -15.000010509.0293   12.6101
    0.0000  -45.0000  -15.000010917.1064   12.6021
    7.5000  -45.0000  -15.000010437.3213   12.6196
   -7.5000  -37.5000  -15.000010748.7832   12.5505
    0.0000  -37.5000  -15.000011128.6406   12.5460
    7.5000  -37.5000  -15.000010661.7676   12.5613
   -7.5000  -30.0000  -15.000011374.1094   12.3662
    0.0000  -30.0000  -15.000011774.5400   12.3615
    7.5000  -30.0000  -15.000011271.7100   12.3721
   -7.5000  -22.5000  -15.000012082.1484   12.2590
    0.0000  -22.5000  -15.000012514.5996   12.2533
    7.5000  -22.5000  -15.000011939.5498   12.2628
   -7.5000  -15.0000  -15.000012800.0625   12.2290
    0.0000  -15.0000  -15.000013259.7656   12.2219
    7.5000  -15.0000  -15.000012633.0107   12.2329
   -7.5000   -7.5000  -15.000013493.4277   12.2220
    0.0000   -7.5000  -15.000014002.2656   12.2138
    7.5000   -7.5000  -15.000013287.0498   12.2280
   -7.5000    0.0000  -15.000014049.8379   12.2337
    0.0000    0.0000  -15.000014593.6436   12.2256
    7.5000    0.0000  -15.000013810.3350   12.2415
   -7.5000    7.5000  -15.000013557.8145   12.3325
    0.0000    7.5000  -15.000014043.4707   12.3273
    7.5000    7.5000  -15.000013240.5723   12.3414
   -7.5000   15.0000  -15.000013065.5566   12.6708
    0.0000   15.0000  -15.000013542.8945   12.6684
    7.5000   15.0000  -15.000012725.9795   12.6816
   -7.5000   22.5000  -15.000012451.0811   13.0302
    0.0000   22.5000  -15.000012932.4482   13.0291
    7.5000   22.5000  -15.000012094.2080   13.0437
   -7.5000   30.0000  -15.000011805.6709   13.2233
    0.0000   30.0000  -15.000012289.8945   13.2206
    7.5000   30.0000  -15.000011376.7246   13.2374
   -7.5000   37.5000  -15.000011446.9395   13.6069
    0.0000   37.5000  -15.000011919.3555   13.6037
    7.5000   37.5000  -15.000010999.2041   13.6240
   -7.5000   45.0000  -15.000010636.6064   13.6890
    0.0000   45.0000  -15.000011051.1953   13.6891
    7.5000   45.0000  -15.000010214.3301   13.7074
   -7.5000  -45.0000   -7.500011236.7842   12.7618
    0.0000  -45.0000   -7.500011647.0996   12.7550
    7.5000  -45.0000   -7.500011164.4541   12.7656
   -7.5000  -37.5000   -7.500011528.4023   12.7039
    0.0000  -37.5000   -7.500011919.4795   12.7006
    7.5000  -37.5000   -7.500011448.5400   12.7084
   -7.5000  -30.0000   -7.500012207.6533   12.5207
    0.0000  -30.0000   -7.500012636.3662   12.5157
    7.5000  -30.0000   -7.500012133.2676   12.5188
   -7.5000  -22.5000   -7.500012952.1475   12.4144
    0.0000  -22.5000   -7.500013412.5576   12.4074
    7.5000  -22.5000   -7.500012846.6113   12.4099
   -7.5000  -15.0000   -7.500013708.1846   12.3825
    0.0000  -15.0000   -7.500014207.1348   12.3735
    7.5000  -15.0000   -7.500013592.7607   12.3784
   -7.5000   -7.5000   -7.500014419.3721   12.3718
    0.0000   -7.5000   -7.500014978.8916   12.3632
    7.5000   -7.5000   -7.500014268.4268   12.3711
   -7.5000    0.0000   -7.500014998.0459   12.3813
    0.0000    0.0000   -7.500015570.8486   12.3744
    7.5000    0.0000   -7.500014809.2666   12.3838
   -7.5000    7.5000   -7.500014484.2578   12.4831
    0.0000    7.5000   -7.500015027.1885   12.4789
    7.5000    7.5000   -7.500014229.5381   12.4859
   -7.5000   15.0000   -7.500013974.7891   12.8278
    0.0000   15.0000   -7.500014529.5498   12.8254
    7.5000   15.0000   -7.500013658.6924   12.8306
   -7.5000   22.5000   -7.500013318.1826   13.1962
    0.0000   22.5000   -7.500013852.3037   13.1936
    7.5000   22.5000   -7.500012959.4561   13.2006
   -7.5000   30.0000   -7.500012590.4316   13.3948
    0.0000   30.0000   -7.500013129.1865   13.3903
    7.5000   30.0000   -7.500012167.6191   13.3994
   -7.5000   37.5000   -7.500012181.1387   13.7795
    0.0000   37.5000   -7.500012702.9443   13.7758
    7.5000   37.5000   -7.500011779.6631   13.7880
   -7.5000   45.0000   -7.500011305.9453   13.8635
    0.0000   45.0000   -7.500011789.6387   13.8654
    7.5000   45.0000   -7.500010900.3467   13.8753
   -7.5000  -45.0000    0.000011821.4375   12.7815
    0.0000  -45.0000    0.000012253.3467   12.7785
    7.5000  -45.0000    0.000011758.9463   12.7862
   -7.5000  -37.5000    0.000012204.0332   12.7267
    0.0000  -37.5000    0.000012614.1064   12.7266
    7.5000  -37.5000    0.000012124.6455   12.7319
   -7.5000  -30.0000    0.000012905.6689   12.5486
    0.0000  -30.0000    0.000013346.3467   12.5460
    7.5000  -30.0000    0.000012865.2783   12.5473
   -7.5000  -22.5000    0.000013632.4404   12.4443
    0.0000  -22.5000    0.000014098.1807   12.4389
    7.5000  -22.5000    0.000013608.0312   12.4396
   -7.5000  -15.0000    0.000014408.7344   12.4100
    0.0000  -15.0000    0.000014910.3408   12.4023
    7.5000  -15.0000    0.000014371.9746   12.4045
   -7.5000   -7.5000    0.000015122.7061   12.3941
    0.0000   -7.5000    0.000015673.9795   12.3878
    7.5000   -7.5000    0.000015046.8408   12.3925
   -7.5000    0.0000    0.000015739.8818   12.4002
    0.0000    0.0000    0.000016305.5625   12.3968
    7.5000    0.0000    0.000015606.3281   12.4033
   -7.5000    7.5000    0.000015298.7617   12.5053
    0.0000    7.5000    0.000015910.6426   12.5041
    7.5000    7.5000    0.000015114.9287   12.5086
   -7.5000   15.0000    0.000014835.1240   12.8558
    0.0000   15.0000    0.000015470.8457   12.8555
    7.5000   15.0000    0.000014590.2188   12.8582
   -7.5000   22.5000    0.000014141.4229   13.2323
    0.0000   22.5000    0.000014743.5703   13.2311
    7.5000   22.5000    0.000013867.8506   13.2349
   -7.5000   30.0000    0.000013392.3730   13.4288
    0.0000   30.0000    0.000013949.7178   13.4261
    7.5000   30.0000    0.000013060.6436   13.4314
   -7.5000   37.5000    0.000012935.0557   13.8072
    0.0000   37.5000    0.000013453.8066   13.8050
    7.5000   37.5000    0.000012611.6514   13.8128
   -7.5000   45.0000    0.000011910.4395   13.8897
    0.0000   45.0000    0.000012399.9482   13.8939
    7.5000   45.0000    0.000011597.9727   13.8987
   -7.5000  -45.0000    7.500011538.2363   12.7772
    0.0000  -45.0000    7.500011909.4238   12.7758
    7.5000  -45.0000    7.500011415.1465   12.7884
   -7.5000  -37.5000    7.500011909.8115   12.7228
    0.0000  -37.5000    7.500012305.4492   12.7239
    7.5000  -37.5000    7.500011806.1934   12.7349
   -7.5000  -30.0000    7.500012603.2744   12.5449
    0.0000  -30.0000    7.500013045.3633   12.5443
    7.5000  -30.0000    7.500012541.5146   12.5522
   -7.5000  -22.5000    7.500013294.5225   12.4383
    0.0000  -22.5000    7.500013746.6152   12.4358
    7.5000  -22.5000    7.500013277.5254   12.4425
   -7.5000  -15.0000    7.500013975.7334   12.4029
    0.0000  -15.0000    7.500014466.0000   12.3985
    7.5000  -15.0000    7.500013960.5898   12.4052
   -7.5000   -7.5000    7.500014574.2881   12.3876
    0.0000   -7.5000    7.500015059.7441   12.3840
    7.5000   -7.5000    7.500014534.1465   12.3927
   -7.5000    0.0000    7.500015173.4268   12.3950
    0.0000    0.0000    7.500015687.6055   12.3931
    7.5000    0.0000    7.500015091.3438   12.4040
   -7.5000    7.5000    7.500014928.6074   12.5013
    0.0000    7.5000    7.500015550.4814   12.5013
    7.5000    7.5000    7.500014774.7842   12.5113
   -7.5000   15.0000    7.500014512.6582   12.8530
    0.0000   15.0000    7.500015060.7705   12.8545
    7.5000   15.0000    7.500014364.4912   12.8632
   -7.5000   22.5000    7.500013732.0820   13.2272
    0.0000   22.5000    7.500014178.8457   13.2288
    7.5000   22.5000    7.500013647.8662   13.2379
   -7.5000   30.0000    7.500012998.2295   13.4170
    0.0000   30.0000    7.500013441.3672   13.4187
    7.5000   30.0000    7.500012863.6787   13.4287
   -7.5000   37.5000    7.500012586.9766   13.7926
    0.0000   37.5000    7.500013046.2207   13.7927
    7.5000   37.5000    7.500012432.3906   13.8050
   -7.5000   45.0000    7.500011584.7900   13.8769
    0.0000   45.0000    7.500012006.4990   13.8814
    7.5000   45.0000    7.500011397.7002   13.8903
   -7.5000  -45.0000   15.000011205.7832   12.7773
    0.0000  -45.0000   15.000011556.3262   12.7752
    7.5000  -45.0000   15.000011059.8994   12.7955
   -7.5000  -37.5000   15.000011525.7334   12.7195
    0.0000  -37.5000   15.000011907.7705   12.7197
    7.5000  -37.5000   15.000011405.5488   12.7389
   -7.5000  -30.0000   15.000012149.7129   12.5372
    0.0000  -30.0000   15.000012593.8018   12.5370
    7.5000  -30.0000   15.000012067.7373   12.5530
   -7.5000  -22.5000   15.000012821.8174   12.4281
    0.0000  -22.5000   15.000013295.9639   12.4273
    7.5000  -22.5000   15.000012762.5635   12.4414
   -7.5000  -15.0000   15.000013456.3086   12.3949
    0.0000  -15.0000   15.000013967.1943   12.3932
    7.5000  -15.0000   15.000013392.7188   12.4063
   -7.5000   -7.5000   15.000013942.0869   12.3842
    0.0000   -7.5000   15.000014444.6504   12.3819
    7.5000   -7.5000   15.000013934.1963   12.3973
   -7.5000    0.0000   15.000014479.7158   12.3942
    0.0000    0.0000   15.000014992.6416   12.3918
    7.5000    0.0000   15.000014435.9033   12.4098
   -7.5000    7.5000   15.000014214.1826   12.4981
    0.0000    7.5000   15.000014763.6016   12.4973
    7.5000    7.5000   15.000014119.0322   12.5152
   -7.5000   15.0000   15.000013805.1719   12.8467
    0.0000   15.0000   15.000014259.8037   12.8485
    7.5000   15.0000   15.000013768.2705   12.8656
   -7.5000   22.5000   15.000013117.4111   13.2131
    0.0000   22.5000   15.000013457.5010   13.2166
    7.5000   22.5000   15.000013154.2402   13.2337
   -7.5000   30.0000   15.000012461.7695   13.4013
    0.0000   30.0000   15.000012821.1289   13.4058
    7.5000   30.0000   15.000012421.7520   13.4238
   -7.5000   37.5000   15.000012165.0498   13.7803
    0.0000   37.5000   15.000012565.7373   13.7817
    7.5000   37.5000   15.000012018.8828   13.8025
   -7.5000   45.0000   15.000011226.8496   13.8666
    0.0000   45.0000   15.000011599.6641   13.8702
    7.5000   45.0000   15.000010983.3623   13.8879
   -7.5000  -45.0000   22.500010718.6260   12.7887
    0.0000  -45.0000   22.500011073.0684   12.7835
    7.5000  -45.0000   22.500010589.5059   12.8061
   -7.5000  -37.5000   22.500011004.9453   12.7278
    0.0000  -37.5000   22.500011408.6426   12.7254
    7.5000  -37.5000   22.500010875.8809   12.7468
   -7.5000  -30.0000   22.500011636.7266   12.5419
    0.0000  -30.0000   22.500012076.4834   12.5397
    7.5000  -30.0000   22.500011527.0166   12.5569
   -7.5000  -22.5000   22.500012276.5488   12.4325
    0.0000  -22.5000   22.500012738.1250   12.4301
    7.5000  -22.5000   22.500012180.9219   12.4453
   -7.5000  -15.0000   22.500012857.6807   12.4021
    0.0000  -15.0000   22.500013343.6621   12.3986
    7.5000  -15.0000   22.500012766.3340   12.4138
   -7.5000   -7.5000   22.500013311.0020   12.3944
    0.0000   -7.5000   22.500013782.6934   12.3897
    7.5000   -7.5000   22.500013268.9648   12.4076
   -7.5000    0.0000   22.500013822.6025   12.4055
    0.0000    0.0000   22.500014310.0859   12.4002
    7.5000    0.0000   22.500013788.6904   12.4205
   -7.5000    7.5000   22.500013418.8320   12.5064
    0.0000    7.5000   22.500013901.3525   12.5033
    7.5000    7.5000   22.500013402.2051   12.5231
   -7.5000   15.0000   22.500013017.7344   12.8518
    0.0000   15.0000   22.500013440.7930   12.8518
    7.5000   15.0000   22.500012961.5830   12.8709
   -7.5000   22.5000   22.500012512.1865   13.2125
    0.0000   22.5000   22.500012901.4961   13.2145
    7.5000   22.5000   22.500012429.3613   13.2341
   -7.5000   30.0000   22.500011946.8154   13.4032
    0.0000   30.0000   22.500012338.3662   13.4052
    7.5000   30.0000   22.500011773.8555   13.4263
   -7.5000   37.5000   22.500011616.3896   13.7871
    0.0000   37.5000   22.500012017.2480   13.7867
    7.5000   37.5000   22.500011344.4961   13.8112
   -7.5000   45.0000   22.500010624.7119   13.8728
    0.0000   45.0000   22.500010979.9814   13.8743
    7.5000   45.0000   22.500010318.1338   13.8966
   -7.5000  -45.0000   30.000010122.5225   12.8120
    0.0000  -45.0000   30.000010483.4648   12.8036
    7.5000  -45.0000   30.000010003.6143   12.8215
   -7.5000  -37.5000   30.000010385.8916   12.7513
    0.0000  -37.5000   30.000010778.1807   12.7466
    7.5000  -37.5000   30.000010262.4971   12.7622
   -7.5000  -30.0000   30.000010998.7168   12.5639
    0.0000  -30.0000   30.000011402.0176   12.5589
    7.5000  -30.0000   30.000010867.3799   12.5697
   -7.5000  -22.5000   30.000011572.5791   12.4549
    0.0000  -22.5000   30.000011995.8125   12.4489
    7.5000  -22.5000   30.000011467.4600   12.4585
   -7.5000  -15.0000   30.000012120.6641   12.4245
    0.0000  -15.0000   30.000012578.4268   12.4171
    7.5000  -15.0000   30.000012045.2051   12.4283
   -7.5000   -7.5000   30.000012620.1045   12.4174
    0.0000   -7.5000   30.000013098.7549   12.4090
    7.5000   -7.5000   30.000012573.0322   12.4233
   -7.5000    0.0000   30.000013157.5020   12.4293
    0.0000    0.0000   30.000013648.5322   12.4211
    7.5000    0.0000   30.000013094.9600   12.4372
   -7.5000    7.5000   30.000012740.7070   12.5300
    0.0000    7.5000   30.000013193.7041   12.5245
    7.5000    7.5000   30.000012676.0117   12.5389
   -7.5000   15.0000   30.000012276.9873   12.8738
    0.0000   15.0000   30.000012684.4580   12.8711
    7.5000   15.0000   30.000012155.6025   12.8844
   -7.5000   22.5000   30.000011732.9316   13.2329
    0.0000   22.5000   30.000012083.7568   13.2316
    7.5000   22.5000   30.000011561.1934   13.2463
   -7.5000   30.0000   30.000011113.8623   13.4263
    0.0000   30.0000   30.000011436.8770   13.4235
    7.5000   30.0000   30.000010886.6025   13.4403
   -7.5000   37.5000   30.000010736.7646   13.8129
    0.0000   37.5000   30.000011054.6787   13.8096
    7.5000   37.5000   30.000010463.1465   13.8300
   -7.5000   45.0000   30.0000 9839.5283   13.8982
    0.0000   45.0000   30.000010156.8994   13.8983
    7.5000   45.0000   30.0000 9562.8281   13.9166
   -7.5000  -45.0000   37.5000 9854.3047   12.8395
    0.0000  -45.0000   37.500010199.3076   12.8328
    7.5000  -45.0000   37.5000 9742.1973   12.8435
   -7.5000  -37.5000   37.500010084.4150   12.7813
    0.0000  -37.5000   37.500010469.0596   12.7780
    7.5000  -37.5000   37.5000 9979.0391   12.7860
   -7.5000  -30.0000   37.500010685.0303   12.5966
    0.0000  -30.0000   37.500011105.8125   12.5915
    7.5000  -30.0000   37.500010560.0898   12.5945
   -7.5000  -22.5000   37.500011263.5645   12.4895
    0.0000  -22.5000   37.500011703.0605   12.4823
    7.5000  -22.5000   37.500011154.3584   12.4848
   -7.5000  -15.0000   37.500011834.0098   12.4575
    0.0000  -15.0000   37.500012297.1572   12.4484
    7.5000  -15.0000   37.500011710.4131   12.4534
   -7.5000   -7.5000   37.500012372.9873   12.4469
    0.0000   -7.5000   37.500012848.2012   12.4382
    7.5000   -7.5000   37.500012259.8105   12.4463
   -7.5000    0.0000   37.500012859.1533   12.4566
    0.0000    0.0000   37.500013346.6699   12.4497
    7.5000    0.0000   37.500012728.9795   12.4593
   -7.5000    7.5000   37.500012356.8125   12.5595
    0.0000    7.5000   37.500012794.7461   12.5552
    7.5000    7.5000   37.500012222.8838   12.5623
   -7.5000   15.0000   37.500011810.6797   12.9062
    0.0000   15.0000   37.500012215.7676   12.9036
    7.5000   15.0000   37.500011666.6338   12.9088
   -7.5000   22.5000   37.500011233.1221   13.2703
    0.0000   22.5000   37.500011609.5400   13.2676
    7.5000   22.5000   37.500011083.0371   13.2745
   -7.5000   30.0000   37.500010549.4111   13.4649
    0.0000   30.0000   37.500010918.4258   13.4603
    7.5000   30.0000   37.500010428.3105   13.4694
   -7.5000   37.5000   37.500010150.9336   13.8481
    0.0000   37.5000   37.500010496.3721   13.8445
    7.5000   37.5000   37.5000 9994.0000   13.8567
   -7.5000   45.0000   37.5000 9360.3516   13.9314
    0.0000   45.0000   37.5000 9661.5146   13.9335
    7.5000   45.0000   37.5000 9172.3330   13.9432
   -7.5000  -45.0000   45.0000 9131.6777   12.8965
    0.0000  -45.0000   45.0000 9432.6621   12.8932
    7.5000  -45.0000   45.0000 9029.6133   12.9013
   -7.5000  -37.5000   45.0000 9378.5537   12.8415
    0.0000  -37.5000   45.0000 9713.9609   12.8410
    7.5000  -37.5000   45.0000 9260.3730   12.8466
   -7.5000  -30.0000   45.0000 9960.4072   12.6600
    0.0000  -30.0000   45.000010322.1924   12.6569
    7.5000  -30.0000   45.0000 9788.3164   12.6585
   -7.5000  -22.5000   45.000010523.4209   12.5537
    0.0000  -22.5000   45.000010914.2812   12.5477
    7.5000  -22.5000   45.000010350.2168   12.5486
   -7.5000  -15.0000   45.000011011.2461   12.5184
    0.0000  -15.0000   45.000011438.6914   12.5102
    7.5000  -15.0000   45.000010847.5107   12.5126
   -7.5000   -7.5000   45.000011485.4736   12.5016
    0.0000   -7.5000   45.000011947.9902   12.4950
    7.5000   -7.5000   45.000011321.3271   12.5001
   -7.5000    0.0000   45.000011880.1465   12.5081
    0.0000    0.0000   45.000012329.6113   12.5043
    7.5000    0.0000   45.000011715.1982   12.5112
   -7.5000    7.5000   45.000011385.2168   12.6164
    0.0000    7.5000   45.000011797.2949   12.6148
    7.5000    7.5000   45.000011239.9365   12.6196
   -7.5000   15.0000   45.000010865.5371   12.9734
    0.0000   15.0000   45.000011234.5869   12.9726
    7.5000   15.0000   45.000010717.3643   12.9755
   -7.5000   22.5000   45.000010300.8672   13.3487
    0.0000   22.5000   45.000010644.0654   13.3469
    7.5000   22.5000   45.000010147.2734   13.3509
   -7.5000   30.0000   45.0000 9654.1943   13.5421
    0.0000   30.0000   45.0000 9977.4443   13.5391
    7.5000   30.0000   45.0000 9512.5469   13.5445
   -7.5000   37.5000   45.0000 9266.4600   13.9227
    0.0000   37.5000   45.0000 9566.9854   13.9202
    7.5000   37.5000   45.0000 9132.7607   13.9282
   -7.5000   45.0000   45.0000 8567.5264   14.0155
    0.0000   45.0000   45.0000 8867.1035   14.0197
    7.5000   45.0000   45.0000 8420.6426   14.0245

---------------------------------------------------------------------
imgreg_4dfp /opt/freesurfer/average/711-2C_as_mni_average_305 /opt/freesurfer/average/711-2B_as_mni_average_305_mask talsrcimg_g11 none talsrcimg_to_711-2C_as_mni_average_305_t4 4355
---------------------------------------------------------------------

freesurfer imgreg_4dfp.c
/opt/freesurfer/average/711-2C_as_mni_average_305.4dfp.img
       256       256       256         1
  1.000000  1.000000  1.000000
orientation T byte_order littleendian
Reading image: /opt/freesurfer/average/711-2C_as_mni_average_305.4dfp.img
dimensions:      256       256       256
mmppix:       1.0000   -1.0000   -1.0000
center:     128.0000 -129.0000 -129.0000
/opt/freesurfer/average/711-2B_as_mni_average_305_mask.4dfp.img
       256       256       256         1
  1.000000  1.000000  1.000000
orientation T byte_order littleendian
Reading mask: /opt/freesurfer/average/711-2B_as_mni_average_305_mask.4dfp.img (2306576 pixels)
talsrcimg_g11.4dfp.img
       256       256       256         1
  1.000000  1.000000  1.000000
orientation T byte_order littleendian
Reading image: talsrcimg_g11.4dfp.img
dimensions:      256       256       256
mmppix:       1.0000   -1.0000   -1.0000
center:     128.0000 -129.0000 -129.0000
rotation matrix determinant  1.000000
image alignment mode   4355 decimal     1103 hex
   -7.5000  -45.0000  -45.0000 2028.4436   17.7625
    0.0000  -45.0000  -45.0000 2042.2418   17.7452
    7.5000  -45.0000  -45.0000 2011.8105   17.9385
   -7.5000  -37.5000  -45.0000 2035.3593   17.5882
    0.0000  -37.5000  -45.0000 2044.2435   17.5130
    7.5000  -37.5000  -45.0000 2016.6311   17.7333
   -7.5000  -30.0000  -45.0000 2034.8214   17.2419
    0.0000  -30.0000  -45.0000 2036.2561   17.1795
    7.5000  -30.0000  -45.0000 2023.6685   17.4529
   -7.5000  -22.5000  -45.0000 2044.7532   16.9421
    0.0000  -22.5000  -45.0000 2041.3008   16.8180
    7.5000  -22.5000  -45.0000 2026.7523   17.1570
   -7.5000  -15.0000  -45.0000 2070.3430   16.6527
    0.0000  -15.0000  -45.0000 2062.6565   16.5557
    7.5000  -15.0000  -45.0000 2038.9158   16.8287
   -7.5000   -7.5000  -45.0000 2099.3508   16.3751
    0.0000   -7.5000  -45.0000 2097.5012   16.2874
    7.5000   -7.5000  -45.0000 2070.2087   16.5505
   -7.5000    0.0000  -45.0000 2121.5703   16.1610
    0.0000    0.0000  -45.0000 2125.2607   16.1448
    7.5000    0.0000  -45.0000 2100.7034   16.3894
   -7.5000    7.5000  -45.0000 2137.6704   16.0776
    0.0000    7.5000  -45.0000 2141.7395   16.0464
    7.5000    7.5000  -45.0000 2117.7383   16.2705
   -7.5000   15.0000  -45.0000 2135.9556   16.0161
    0.0000   15.0000  -45.0000 2130.5488   16.0048
    7.5000   15.0000  -45.0000 2101.9561   16.2449
   -7.5000   22.5000  -45.0000 2125.1858   16.1119
    0.0000   22.5000  -45.0000 2123.8979   16.1075
    7.5000   22.5000  -45.0000 2100.7615   16.3650
   -7.5000   30.0000  -45.0000 2105.7383   16.3851
    0.0000   30.0000  -45.0000 2100.8406   16.3723
    7.5000   30.0000  -45.0000 2077.9363   16.6636
   -7.5000   37.5000  -45.0000 2081.7710   16.8838
    0.0000   37.5000  -45.0000 2084.5513   16.8390
    7.5000   37.5000  -45.0000 2048.9648   17.1919
   -7.5000   45.0000  -45.0000 2035.0779   17.7055
    0.0000   45.0000  -45.0000 2037.3312   17.6663
    7.5000   45.0000  -45.0000 2009.9009   18.0409
   -7.5000  -45.0000  -37.5000 2123.3716   16.1843
    0.0000  -45.0000  -37.5000 2122.6760   16.1382
    7.5000  -45.0000  -37.5000 2107.2380   16.4053
   -7.5000  -37.5000  -37.5000 2124.3540   15.9545
    0.0000  -37.5000  -37.5000 2121.2502   15.9038
    7.5000  -37.5000  -37.5000 2108.8018   16.1952
   -7.5000  -30.0000  -37.5000 2129.6448   15.6504
    0.0000  -30.0000  -37.5000 2119.4019   15.6181
    7.5000  -30.0000  -37.5000 2112.9041   15.9022
   -7.5000  -22.5000  -37.5000 2142.5764   15.3596
    0.0000  -22.5000  -37.5000 2135.5815   15.3079
    7.5000  -22.5000  -37.5000 2123.7324   15.5472
   -7.5000  -15.0000  -37.5000 2176.1047   15.1025
    0.0000  -15.0000  -37.5000 2167.0466   15.0448
    7.5000  -15.0000  -37.5000 2144.1230   15.2443
   -7.5000   -7.5000  -37.5000 2209.3562   14.8451
    0.0000   -7.5000  -37.5000 2209.0266   14.7784
    7.5000   -7.5000  -37.5000 2178.5884   15.0171
   -7.5000    0.0000  -37.5000 2239.6106   14.6879
    0.0000    0.0000  -37.5000 2236.0122   14.6667
    7.5000    0.0000  -37.5000 2205.1648   14.8754
   -7.5000    7.5000  -37.5000 2251.5679   14.6420
    0.0000    7.5000  -37.5000 2246.4768   14.6374
    7.5000    7.5000  -37.5000 2213.5923   14.7981
   -7.5000   15.0000  -37.5000 2241.7549   14.6727
    0.0000   15.0000  -37.5000 2238.2271   14.6618
    7.5000   15.0000  -37.5000 2208.7795   14.8495
   -7.5000   22.5000  -37.5000 2228.9492   14.8323
    0.0000   22.5000  -37.5000 2228.6570   14.8238
    7.5000   22.5000  -37.5000 2194.3093   14.9990
   -7.5000   30.0000  -37.5000 2202.8572   15.0417
    0.0000   30.0000  -37.5000 2201.7217   15.0661
    7.5000   30.0000  -37.5000 2176.1404   15.2455
   -7.5000   37.5000  -37.5000 2179.7710   15.4789
    0.0000   37.5000  -37.5000 2182.2754   15.4593
    7.5000   37.5000  -37.5000 2148.3782   15.7251
   -7.5000   45.0000  -37.5000 2132.8979   16.1869
    0.0000   45.0000  -37.5000 2135.7419   16.1879
    7.5000   45.0000  -37.5000 2102.9453   16.4469
   -7.5000  -45.0000  -30.0000 2242.2876   15.3492
    0.0000  -45.0000  -30.0000 2243.3467   15.2902
    7.5000  -45.0000  -30.0000 2223.3359   15.5361
   -7.5000  -37.5000  -30.0000 2237.5522   15.0657
    0.0000  -37.5000  -30.0000 2242.0203   15.0212
    7.5000  -37.5000  -30.0000 2228.9185   15.3306
   -7.5000  -30.0000  -30.0000 2247.5068   14.7446
    0.0000  -30.0000  -30.0000 2246.1152   14.7524
    7.5000  -30.0000  -30.0000 2232.1721   15.0239
   -7.5000  -22.5000  -30.0000 2266.4495   14.4913
    0.0000  -22.5000  -30.0000 2269.4001   14.4727
    7.5000  -22.5000  -30.0000 2251.1743   14.6514
   -7.5000  -15.0000  -30.0000 2301.1106   14.2436
    0.0000  -15.0000  -30.0000 2298.6277   14.1889
    7.5000  -15.0000  -30.0000 2279.6787   14.3574
   -7.5000   -7.5000  -30.0000 2344.3140   13.9736
    0.0000   -7.5000  -30.0000 2343.6619   13.9498
    7.5000   -7.5000  -30.0000 2313.8684   14.1354
   -7.5000    0.0000  -30.0000 2375.1321   13.7861
    0.0000    0.0000  -30.0000 2372.7437   13.7609
    7.5000    0.0000  -30.0000 2335.3982   13.9453
   -7.5000    7.5000  -30.0000 2392.7942   13.7548
    0.0000    7.5000  -30.0000 2383.6553   13.7391
    7.5000    7.5000  -30.0000 2347.8188   13.9230
   -7.5000   15.0000  -30.0000 2379.8865   13.8100
    0.0000   15.0000  -30.0000 2373.9648   13.8052
    7.5000   15.0000  -30.0000 2344.8032   13.9796
   -7.5000   22.5000  -30.0000 2372.5078   14.0166
    0.0000   22.5000  -30.0000 2375.9180   14.0235
    7.5000   22.5000  -30.0000 2333.6956   14.1741
   -7.5000   30.0000  -30.0000 2355.9749   14.3263
    0.0000   30.0000  -30.0000 2357.1858   14.3182
    7.5000   30.0000  -30.0000 2317.0925   14.4560
   -7.5000   37.5000  -30.0000 2328.3516   14.8180
    0.0000   37.5000  -30.0000 2328.4807   14.7822
    7.5000   37.5000  -30.0000 2284.1729   15.0003
   -7.5000   45.0000  -30.0000 2279.1738   15.5342
    0.0000   45.0000  -30.0000 2273.2727   15.4975
    7.5000   45.0000  -30.0000 2233.9563   15.7671
   -7.5000  -45.0000  -22.5000 2335.4915   14.4608
    0.0000  -45.0000  -22.5000 2344.8196   14.4201
    7.5000  -45.0000  -22.5000 2319.1362   14.7419
   -7.5000  -37.5000  -22.5000 2331.4412   14.1683
    0.0000  -37.5000  -22.5000 2342.4441   14.1182
    7.5000  -37.5000  -22.5000 2319.3816   14.4494
   -7.5000  -30.0000  -22.5000 2344.8254   13.8752
    0.0000  -30.0000  -22.5000 2351.5044   13.8323
    7.5000  -30.0000  -22.5000 2328.2676   14.1075
   -7.5000  -22.5000  -22.5000 2370.4678   13.6143
    0.0000  -22.5000  -22.5000 2374.5076   13.5595
    7.5000  -22.5000  -22.5000 2349.5835   13.7756
   -7.5000  -15.0000  -22.5000 2401.8384   13.3075
    0.0000  -15.0000  -22.5000 2406.7190   13.2767
    7.5000  -15.0000  -22.5000 2384.3074   13.4210
   -7.5000   -7.5000  -22.5000 2449.9292   13.0801
    0.0000   -7.5000  -22.5000 2452.4592   13.0692
    7.5000   -7.5000  -22.5000 2421.7695   13.2118
   -7.5000    0.0000  -22.5000 2487.1667   12.8457
    0.0000    0.0000  -22.5000 2486.9819   12.8839
    7.5000    0.0000  -22.5000 2445.8567   13.0262
   -7.5000    7.5000  -22.5000 2507.4634   12.8221
    0.0000    7.5000  -22.5000 2502.2549   12.8505
    7.5000    7.5000  -22.5000 2459.8420   13.0145
   -7.5000   15.0000  -22.5000 2503.3582   12.9231
    0.0000   15.0000  -22.5000 2497.4709   12.9603
    7.5000   15.0000  -22.5000 2464.0974   13.1015
   -7.5000   22.5000  -22.5000 2506.1960   13.1054
    0.0000   22.5000  -22.5000 2506.4236   13.1312
    7.5000   22.5000  -22.5000 2463.6003   13.2661
   -7.5000   30.0000  -22.5000 2487.6121   13.4588
    0.0000   30.0000  -22.5000 2496.4910   13.4631
    7.5000   30.0000  -22.5000 2445.9380   13.6127
   -7.5000   37.5000  -22.5000 2446.8447   14.0422
    0.0000   37.5000  -22.5000 2455.7102   14.0279
    7.5000   37.5000  -22.5000 2405.7185   14.1910
   -7.5000   45.0000  -22.5000 2388.6311   14.8198
    0.0000   45.0000  -22.5000 2394.1267   14.8142
    7.5000   45.0000  -22.5000 2340.3945   15.0273
   -7.5000  -45.0000  -15.0000 2409.8022   13.5995
    0.0000  -45.0000  -15.0000 2417.8562   13.5915
    7.5000  -45.0000  -15.0000 2397.9756   13.9198
   -7.5000  -37.5000  -15.0000 2412.4172   13.3294
    0.0000  -37.5000  -15.0000 2419.0220   13.3090
    7.5000  -37.5000  -15.0000 2401.3040   13.6200
   -7.5000  -30.0000  -15.0000 2423.2910   13.0536
    0.0000  -30.0000  -15.0000 2427.7190   13.0057
    7.5000  -30.0000  -15.0000 2409.1665   13.3029
   -7.5000  -22.5000  -15.0000 2450.7683   12.7673
    0.0000  -22.5000  -15.0000 2458.5625   12.7256
    7.5000  -22.5000  -15.0000 2430.9629   12.9348
   -7.5000  -15.0000  -15.0000 2482.0811   12.4601
    0.0000  -15.0000  -15.0000 2490.0068   12.4280
    7.5000  -15.0000  -15.0000 2466.6914   12.6042
   -7.5000   -7.5000  -15.0000 2526.1714   12.2050
    0.0000   -7.5000  -15.0000 2529.9058   12.2046
    7.5000   -7.5000  -15.0000 2501.4583   12.3868
   -7.5000    0.0000  -15.0000 2561.4851   12.0458
    0.0000    0.0000  -15.0000 2567.1013   12.0577
    7.5000    0.0000  -15.0000 2526.9170   12.2171
   -7.5000    7.5000  -15.0000 2586.6526   12.0000
    0.0000    7.5000  -15.0000 2591.3071   12.0246
    7.5000    7.5000  -15.0000 2544.4573   12.2144
   -7.5000   15.0000  -15.0000 2602.3896   12.0953
    0.0000   15.0000  -15.0000 2600.1262   12.1039
    7.5000   15.0000  -15.0000 2557.0605   12.2625
   -7.5000   22.5000  -15.0000 2601.7932   12.2966
    0.0000   22.5000  -15.0000 2602.6660   12.3033
    7.5000   22.5000  -15.0000 2560.8354   12.4809
   -7.5000   30.0000  -15.0000 2581.9998   12.6885
    0.0000   30.0000  -15.0000 2602.1641   12.7007
    7.5000   30.0000  -15.0000 2544.2117   12.8385
   -7.5000   37.5000  -15.0000 2538.5784   13.2718
    0.0000   37.5000  -15.0000 2556.9880   13.2881
    7.5000   37.5000  -15.0000 2500.9199   13.4033
   -7.5000   45.0000  -15.0000 2475.5974   14.0408
    0.0000   45.0000  -15.0000 2489.5610   14.0833
    7.5000   45.0000  -15.0000 2435.2842   14.2258
   -7.5000  -45.0000   -7.5000 2475.7446   12.8648
    0.0000  -45.0000   -7.5000 2478.1406   12.8334
    7.5000  -45.0000   -7.5000 2463.7468   13.1544
   -7.5000  -37.5000   -7.5000 2485.6235   12.5441
    0.0000  -37.5000   -7.5000 2482.3906   12.5147
    7.5000  -37.5000   -7.5000 2471.7732   12.8434
   -7.5000  -30.0000   -7.5000 2499.2964   12.2458
    0.0000  -30.0000   -7.5000 2498.3091   12.2109
    7.5000  -30.0000   -7.5000 2482.0427   12.5102
   -7.5000  -22.5000   -7.5000 2523.4346   11.9423
    0.0000  -22.5000   -7.5000 2527.2239   11.9198
    7.5000  -22.5000   -7.5000 2501.4534   12.1527
   -7.5000  -15.0000   -7.5000 2549.3730   11.6835
    0.0000  -15.0000   -7.5000 2551.2268   11.6382
    7.5000  -15.0000   -7.5000 2531.6479   11.8716
   -7.5000   -7.5000   -7.5000 2592.1877   11.4639
    0.0000   -7.5000   -7.5000 2597.2424   11.4101
    7.5000   -7.5000   -7.5000 2568.2258   11.6281
   -7.5000    0.0000   -7.5000 2626.8872   11.3456
    0.0000    0.0000   -7.5000 2638.4382   11.2871
    7.5000    0.0000   -7.5000 2601.5593   11.5058
   -7.5000    7.5000   -7.5000 2660.0098   11.3225
    0.0000    7.5000   -7.5000 2674.0378   11.2940
    7.5000    7.5000   -7.5000 2629.7405   11.5039
   -7.5000   15.0000   -7.5000 2692.3242   11.4043
    0.0000   15.0000   -7.5000 2698.8872   11.4065
    7.5000   15.0000   -7.5000 2644.7288   11.5690
   -7.5000   22.5000   -7.5000 2696.5659   11.6129
    0.0000   22.5000   -7.5000 2705.3770   11.6212
    7.5000   22.5000   -7.5000 2650.9866   11.7831
   -7.5000   30.0000   -7.5000 2666.2705   12.0292
    0.0000   30.0000   -7.5000 2695.3953   12.0059
    7.5000   30.0000   -7.5000 2629.1904   12.1513
   -7.5000   37.5000   -7.5000 2616.8213   12.5883
    0.0000   37.5000   -7.5000 2642.9392   12.5738
    7.5000   37.5000   -7.5000 2591.8079   12.7250
   -7.5000   45.0000   -7.5000 2546.8079   13.3078
    0.0000   45.0000   -7.5000 2562.1709   13.3009
    7.5000   45.0000   -7.5000 2519.1985   13.5121
   -7.5000  -45.0000    0.0000 2527.1021   12.3583
    0.0000  -45.0000    0.0000 2528.7380   12.3077
    7.5000  -45.0000    0.0000 2513.8425   12.6289
   -7.5000  -37.5000    0.0000 2549.9387   11.9998
    0.0000  -37.5000    0.0000 2547.4504   11.9353
    7.5000  -37.5000    0.0000 2530.8335   12.3135
   -7.5000  -30.0000    0.0000 2564.0957   11.6474
    0.0000  -30.0000    0.0000 2562.8433   11.5734
    7.5000  -30.0000    0.0000 2542.9890   11.9507
   -7.5000  -22.5000    0.0000 2575.8064   11.2993
    0.0000  -22.5000    0.0000 2577.2395   11.2589
    7.5000  -22.5000    0.0000 2558.5386   11.5834
   -7.5000  -15.0000    0.0000 2601.2090   11.0466
    0.0000  -15.0000    0.0000 2598.3513   10.9939
    7.5000  -15.0000    0.0000 2579.7041   11.2884
   -7.5000   -7.5000    0.0000 2643.5996   10.8799
    0.0000   -7.5000    0.0000 2647.4592   10.7882
    7.5000   -7.5000    0.0000 2618.0339   11.0385
   -7.5000    0.0000    0.0000 2682.5730   10.7852
    0.0000    0.0000    0.0000 2690.3105   10.6954
    7.5000    0.0000    0.0000 2654.4924   10.9311
   -7.5000    7.5000    0.0000 2716.4517   10.8191
    0.0000    7.5000    0.0000 2731.4575   10.7765
    7.5000    7.5000    0.0000 2690.7832   10.9917
   -7.5000   15.0000    0.0000 2759.9688   10.9288
    0.0000   15.0000    0.0000 2770.4714   10.9274
    7.5000   15.0000    0.0000 2714.6746   11.1258
   -7.5000   22.5000    0.0000 2779.7937   11.0935
    0.0000   22.5000    0.0000 2799.6616   11.0820
    7.5000   22.5000    0.0000 2724.0015   11.3172
   -7.5000   30.0000    0.0000 2758.2356   11.4875
    0.0000   30.0000    0.0000 2788.5610   11.4657
    7.5000   30.0000    0.0000 2711.2881   11.6775
   -7.5000   37.5000    0.0000 2689.8411   12.0821
    0.0000   37.5000    0.0000 2716.1006   12.0238
    7.5000   37.5000    0.0000 2666.8062   12.2433
   -7.5000   45.0000    0.0000 2597.7058   12.7509
    0.0000   45.0000    0.0000 2614.3267   12.6988
    7.5000   45.0000    0.0000 2581.3433   12.9705
   -7.5000  -45.0000    7.5000 2573.9314   12.0126
    0.0000  -45.0000    7.5000 2574.1414   11.9201
    7.5000  -45.0000    7.5000 2558.6313   12.2458
   -7.5000  -37.5000    7.5000 2599.0107   11.6749
    0.0000  -37.5000    7.5000 2597.8918   11.5761
    7.5000  -37.5000    7.5000 2579.8765   11.9506
   -7.5000  -30.0000    7.5000 2611.7415   11.3108
    0.0000  -30.0000    7.5000 2616.7466   11.2297
    7.5000  -30.0000    7.5000 2591.9583   11.6126
   -7.5000  -22.5000    7.5000 2615.1118   10.9421
    0.0000  -22.5000    7.5000 2621.7722   10.8391
    7.5000  -22.5000    7.5000 2601.7656   11.2409
   -7.5000  -15.0000    7.5000 2634.2168   10.6430
    0.0000  -15.0000    7.5000 2640.5901   10.5603
    7.5000  -15.0000    7.5000 2619.0879   10.9462
   -7.5000   -7.5000    7.5000 2674.5095   10.4619
    0.0000   -7.5000    7.5000 2678.4441   10.3613
    7.5000   -7.5000    7.5000 2646.9229   10.7064
   -7.5000    0.0000    7.5000 2716.2488   10.3974
    0.0000    0.0000    7.5000 2719.2930   10.2823
    7.5000    0.0000    7.5000 2679.3164   10.6071
   -7.5000    7.5000    7.5000 2755.2371   10.5107
    0.0000    7.5000    7.5000 2766.8376   10.4182
    7.5000    7.5000    7.5000 2720.7258   10.7181
   -7.5000   15.0000    7.5000 2795.6831   10.7074
    0.0000   15.0000    7.5000 2817.5647   10.6103
    7.5000   15.0000    7.5000 2755.6365   10.9105
   -7.5000   22.5000    7.5000 2833.5286   10.7556
    0.0000   22.5000    7.5000 2848.8491   10.6278
    7.5000   22.5000    7.5000 2769.6226   11.0840
   -7.5000   30.0000    7.5000 2825.1233   11.1106
    0.0000   30.0000    7.5000 2847.1616   10.9380
    7.5000   30.0000    7.5000 2759.3442   11.4442
   -7.5000   37.5000    7.5000 2745.9495   11.7728
    0.0000   37.5000    7.5000 2766.4470   11.6325
    7.5000   37.5000    7.5000 2707.3408   12.0528
   -7.5000   45.0000    7.5000 2633.3750   12.5477
    0.0000   45.0000    7.5000 2647.0540   12.4475
    7.5000   45.0000    7.5000 2610.4790   12.7926
   -7.5000  -45.0000   15.0000 2607.6726   11.8556
    0.0000  -45.0000   15.0000 2604.4062   11.7662
    7.5000  -45.0000   15.0000 2588.3062   12.0939
   -7.5000  -37.5000   15.0000 2626.5999   11.5194
    0.0000  -37.5000   15.0000 2628.2539   11.4221
    7.5000  -37.5000   15.0000 2611.7195   11.7570
   -7.5000  -30.0000   15.0000 2627.9680   11.1036
    0.0000  -30.0000   15.0000 2638.9304   10.9845
    7.5000  -30.0000   15.0000 2617.3982   11.3543
   -7.5000  -22.5000   15.0000 2638.3684   10.7078
    0.0000  -22.5000   15.0000 2649.2490   10.5939
    7.5000  -22.5000   15.0000 2627.1938   10.9914
   -7.5000  -15.0000   15.0000 2658.9492   10.4366
    0.0000  -15.0000   15.0000 2672.1921   10.3296
    7.5000  -15.0000   15.0000 2640.4526   10.7091
   -7.5000   -7.5000   15.0000 2686.5273   10.2762
    0.0000   -7.5000   15.0000 2699.3948   10.1708
    7.5000   -7.5000   15.0000 2661.0493   10.5418
   -7.5000    0.0000   15.0000 2720.2285   10.2513
    0.0000    0.0000   15.0000 2732.3145   10.1275
    7.5000    0.0000   15.0000 2686.4419   10.5001
   -7.5000    7.5000   15.0000 2758.1868   10.3939
    0.0000    7.5000   15.0000 2771.2986   10.2495
    7.5000    7.5000   15.0000 2724.4653   10.6204
   -7.5000   15.0000   15.0000 2791.7776   10.6180
    0.0000   15.0000   15.0000 2814.2346   10.4637
    7.5000   15.0000   15.0000 2759.6763   10.8440
   -7.5000   22.5000   15.0000 2820.1206   10.7858
    0.0000   22.5000   15.0000 2833.6643   10.5581
    7.5000   22.5000   15.0000 2781.3940   11.1076
   -7.5000   30.0000   15.0000 2814.6880   11.1604
    0.0000   30.0000   15.0000 2834.8533   10.9485
    7.5000   30.0000   15.0000 2766.1094   11.4827
   -7.5000   37.5000   15.0000 2751.7285   11.8535
    0.0000   37.5000   15.0000 2778.0769   11.6849
    7.5000   37.5000   15.0000 2708.4226   12.0905
   -7.5000   45.0000   15.0000 2638.8962   12.6338
    0.0000   45.0000   15.0000 2656.6184   12.5231
    7.5000   45.0000   15.0000 2606.5469   12.8006
   -7.5000  -45.0000   22.5000 2612.4250   11.8792
    0.0000  -45.0000   22.5000 2610.4321   11.7792
    7.5000  -45.0000   22.5000 2597.1082   12.0762
   -7.5000  -37.5000   22.5000 2630.6370   11.4829
    0.0000  -37.5000   22.5000 2636.7874   11.4067
    7.5000  -37.5000   22.5000 2615.2571   11.6857
   -7.5000  -30.0000   22.5000 2633.9084   11.0402
    0.0000  -30.0000   22.5000 2648.5332   10.9645
    7.5000  -30.0000   22.5000 2617.4670   11.2853
   -7.5000  -22.5000   22.5000 2645.4736   10.6498
    0.0000  -22.5000   22.5000 2663.6536   10.5428
    7.5000  -22.5000   22.5000 2629.6606   10.9535
   -7.5000  -15.0000   22.5000 2664.1829   10.3838
    0.0000  -15.0000   22.5000 2686.9026   10.2680
    7.5000  -15.0000   22.5000 2646.7732   10.6788
   -7.5000   -7.5000   22.5000 2682.3064   10.2651
    0.0000   -7.5000   22.5000 2703.4343   10.1165
    7.5000   -7.5000   22.5000 2660.9983   10.5578
   -7.5000    0.0000   22.5000 2707.8733   10.2988
    0.0000    0.0000   22.5000 2725.8594   10.1475
    7.5000    0.0000   22.5000 2680.1917   10.5929
   -7.5000    7.5000   22.5000 2739.7883   10.4913
    0.0000    7.5000   22.5000 2755.1643   10.3489
    7.5000    7.5000   22.5000 2718.5281   10.7663
   -7.5000   15.0000   22.5000 2770.8750   10.7563
    0.0000   15.0000   22.5000 2787.4075   10.5716
    7.5000   15.0000   22.5000 2739.4807   11.0301
   -7.5000   22.5000   22.5000 2785.1743   11.0539
    0.0000   22.5000   22.5000 2790.3459   10.9162
    7.5000   22.5000   22.5000 2752.8745   11.3439
   -7.5000   30.0000   22.5000 2769.9609   11.5448
    0.0000   30.0000   22.5000 2777.3647   11.4472
    7.5000   30.0000   22.5000 2733.7351   11.7769
   -7.5000   37.5000   22.5000 2715.4592   12.1833
    0.0000   37.5000   22.5000 2731.4231   12.1126
    7.5000   37.5000   22.5000 2677.6072   12.3361
   -7.5000   45.0000   22.5000 2603.6455   12.8523
    0.0000   45.0000   22.5000 2620.4033   12.7897
    7.5000   45.0000   22.5000 2575.5706   12.9848
   -7.5000  -45.0000   30.0000 2589.9968   12.1045
    0.0000  -45.0000   30.0000 2597.8357   12.0397
    7.5000  -45.0000   30.0000 2573.0647   12.2711
   -7.5000  -37.5000   30.0000 2606.1331   11.6845
    0.0000  -37.5000   30.0000 2620.6917   11.6068
    7.5000  -37.5000   30.0000 2585.7900   11.8400
   -7.5000  -30.0000   30.0000 2611.6108   11.2156
    0.0000  -30.0000   30.0000 2631.2412   11.1237
    7.5000  -30.0000   30.0000 2597.4089   11.4190
   -7.5000  -22.5000   30.0000 2622.6116   10.8178
    0.0000  -22.5000   30.0000 2641.7454   10.7141
    7.5000  -22.5000   30.0000 2602.8647   11.0725
   -7.5000  -15.0000   30.0000 2642.1289   10.5651
    0.0000  -15.0000   30.0000 2664.3250   10.4359
    7.5000  -15.0000   30.0000 2620.2239   10.8706
   -7.5000   -7.5000   30.0000 2662.2449   10.4918
    0.0000   -7.5000   30.0000 2680.5386   10.3826
    7.5000   -7.5000   30.0000 2639.4238   10.8295
   -7.5000    0.0000   30.0000 2686.3252   10.6220
    0.0000    0.0000   30.0000 2700.6746   10.5214
    7.5000    0.0000   30.0000 2656.3804   10.9468
   -7.5000    7.5000   30.0000 2710.2925   10.8719
    0.0000    7.5000   30.0000 2726.1453   10.7357
    7.5000    7.5000   30.0000 2686.3345   11.1466
   -7.5000   15.0000   30.0000 2725.4502   11.0926
    0.0000   15.0000   30.0000 2744.9761   10.9314
    7.5000   15.0000   30.0000 2696.7021   11.3611
   -7.5000   22.5000   30.0000 2727.2578   11.4338
    0.0000   22.5000   30.0000 2734.7722   11.3106
    7.5000   22.5000   30.0000 2696.8521   11.6872
   -7.5000   30.0000   30.0000 2699.9795   11.9597
    0.0000   30.0000   30.0000 2710.8140   11.8404
    7.5000   30.0000   30.0000 2671.2698   12.1356
   -7.5000   37.5000   30.0000 2636.3726   12.5766
    0.0000   37.5000   30.0000 2654.3584   12.4567
    7.5000   37.5000   30.0000 2607.7515   12.6880
   -7.5000   45.0000   30.0000 2534.4412   13.3355
    0.0000   45.0000   30.0000 2554.0466   13.2335
    7.5000   45.0000   30.0000 2505.1204   13.4264
   -7.5000  -45.0000   37.5000 2546.3823   12.5414
    0.0000  -45.0000   37.5000 2556.9458   12.4345
    7.5000  -45.0000   37.5000 2529.1370   12.6679
   -7.5000  -37.5000   37.5000 2557.0884   12.0716
    0.0000  -37.5000   37.5000 2576.1838   11.9883
    7.5000  -37.5000   37.5000 2538.7720   12.2108
   -7.5000  -30.0000   37.5000 2567.5361   11.6314
    0.0000  -30.0000   37.5000 2587.6892   11.5434
    7.5000  -30.0000   37.5000 2551.6516   11.7962
   -7.5000  -22.5000   37.5000 2579.6233   11.2878
    0.0000  -22.5000   37.5000 2595.7085   11.2314
    7.5000  -22.5000   37.5000 2564.6287   11.5360
   -7.5000  -15.0000   37.5000 2600.7654   11.0887
    0.0000  -15.0000   37.5000 2617.4749   11.0138
    7.5000  -15.0000   37.5000 2578.1611   11.3601
   -7.5000   -7.5000   37.5000 2627.0137   11.0445
    0.0000   -7.5000   37.5000 2644.4805   10.9841
    7.5000   -7.5000   37.5000 2599.0015   11.3313
   -7.5000    0.0000   37.5000 2647.2700   11.1648
    0.0000    0.0000   37.5000 2665.2808   11.0831
    7.5000    0.0000   37.5000 2615.5269   11.4388
   -7.5000    7.5000   37.5000 2661.8350   11.3384
    0.0000    7.5000   37.5000 2681.3230   11.2369
    7.5000    7.5000   37.5000 2633.3752   11.6212
   -7.5000   15.0000   37.5000 2663.2334   11.5874
    0.0000   15.0000   37.5000 2681.3752   11.4982
    7.5000   15.0000   37.5000 2633.7058   11.8594
   -7.5000   22.5000   37.5000 2656.4700   12.0003
    0.0000   22.5000   37.5000 2669.4988   11.9068
    7.5000   22.5000   37.5000 2630.0146   12.2346
   -7.5000   30.0000   37.5000 2616.5237   12.5021
    0.0000   30.0000   37.5000 2633.6975   12.4105
    7.5000   30.0000   37.5000 2594.0117   12.6918
   -7.5000   37.5000   37.5000 2546.4824   13.1147
    0.0000   37.5000   37.5000 2564.6365   12.9937
    7.5000   37.5000   37.5000 2518.7595   13.3049
   -7.5000   45.0000   37.5000 2452.4141   13.9310
    0.0000   45.0000   37.5000 2466.1062   13.8193
    7.5000   45.0000   37.5000 2425.2285   14.0688
   -7.5000  -45.0000   45.0000 2486.9966   13.2775
    0.0000  -45.0000   45.0000 2489.3359   13.0759
    7.5000  -45.0000   45.0000 2467.4966   13.3387
   -7.5000  -37.5000   45.0000 2501.3701   12.7852
    0.0000  -37.5000   45.0000 2510.7200   12.6393
    7.5000  -37.5000   45.0000 2478.2766   12.8740
   -7.5000  -30.0000   45.0000 2515.9624   12.3439
    0.0000  -30.0000   45.0000 2519.2371   12.2204
    7.5000  -30.0000   45.0000 2488.3687   12.4270
   -7.5000  -22.5000   45.0000 2527.0420   12.0148
    0.0000  -22.5000   45.0000 2533.2468   11.9458
    7.5000  -22.5000   45.0000 2501.0000   12.1914
   -7.5000  -15.0000   45.0000 2538.8215   11.7879
    0.0000  -15.0000   45.0000 2553.5000   11.7516
    7.5000  -15.0000   45.0000 2517.3086   12.0402
   -7.5000   -7.5000   45.0000 2566.2937   11.7350
    0.0000   -7.5000   45.0000 2587.9131   11.6875
    7.5000   -7.5000   45.0000 2536.1084   11.9814
   -7.5000    0.0000   45.0000 2581.2278   11.8272
    0.0000    0.0000   45.0000 2599.8955   11.7727
    7.5000    0.0000   45.0000 2549.0503   12.0827
   -7.5000    7.5000   45.0000 2591.9937   12.0156
    0.0000    7.5000   45.0000 2612.6931   11.9443
    7.5000    7.5000   45.0000 2562.6184   12.2647
   -7.5000   15.0000   45.0000 2588.5969   12.2887
    0.0000   15.0000   45.0000 2598.8650   12.2313
    7.5000   15.0000   45.0000 2561.8347   12.5309
   -7.5000   22.5000   45.0000 2570.0613   12.7389
    0.0000   22.5000   45.0000 2581.4136   12.6580
    7.5000   22.5000   45.0000 2546.4692   12.9412
   -7.5000   30.0000   45.0000 2521.2966   13.2647
    0.0000   30.0000   45.0000 2536.0598   13.1458
    7.5000   30.0000   45.0000 2502.7471   13.3986
   -7.5000   37.5000   45.0000 2454.3528   13.8977
    0.0000   37.5000   45.0000 2462.9805   13.7573
    7.5000   37.5000   45.0000 2430.4910   14.0589
   -7.5000   45.0000   45.0000 2372.5388   14.7492
    0.0000   45.0000   45.0000 2385.1628   14.6661
    7.5000   45.0000   45.0000 2345.8484   14.9300

---------------------------------------------------------------------
imgreg_4dfp /opt/freesurfer/average/711-2C_as_mni_average_305 /opt/freesurfer/average/711-2B_as_mni_average_305_mask talsrcimg_g11 none talsrcimg_to_711-2C_as_mni_average_305_t4 1283
---------------------------------------------------------------------

freesurfer imgreg_4dfp.c
/opt/freesurfer/average/711-2C_as_mni_average_305.4dfp.img
       256       256       256         1
  1.000000  1.000000  1.000000
orientation T byte_order littleendian
Reading image: /opt/freesurfer/average/711-2C_as_mni_average_305.4dfp.img
dimensions:      256       256       256
mmppix:       1.0000   -1.0000   -1.0000
center:     128.0000 -129.0000 -129.0000
/opt/freesurfer/average/711-2B_as_mni_average_305_mask.4dfp.img
       256       256       256         1
  1.000000  1.000000  1.000000
orientation T byte_order littleendian
Reading mask: /opt/freesurfer/average/711-2B_as_mni_average_305_mask.4dfp.img (2306576 pixels)
talsrcimg_g11.4dfp.img
       256       256       256         1
  1.000000  1.000000  1.000000
orientation T byte_order littleendian
Reading image: talsrcimg_g11.4dfp.img
dimensions:      256       256       256
mmppix:       1.0000   -1.0000   -1.0000
center:     128.0000 -129.0000 -129.0000
rotation matrix determinant  1.000000
fimgreg.f
image alignment mode   1283 decimal      503 hex
parameters
    0.0000   22.5000    7.5000    0.0000    0.0000    0.0000
eta,q 0.89370 10.68804
niter,ni,del,rscale     5    3   12.0000    1.2000
parameter  1  0.635850 ->  0.500000 qaram    1.1500
parameters
   -3.4500   24.7959    8.0381   -0.9910   -1.1283    1.3817
eta,q 0.89737 10.72581
  0.1032  0.1074  0.1128  0.1041  0.1030  0.1092
  0.1017  0.1046  0.1071  0.1044  0.1037  0.1078
  0.1038  0.1036  0.1028  0.1033  0.1038  0.1056
  0.1057  0.1012  0.1014  0.1022  0.1024  0.1034
  0.1091  0.1010  0.1026  0.1025  0.1023  0.1026
  0.1153  0.1024  0.1050  0.1049  0.1034  0.1039
  0.1242  0.1022  0.1091  0.1075  0.1057  0.1066
niter,ni,del,rscale     5    3   12.0000    1.2000
parameters
   -1.9966   27.7274    7.7467   -2.1573   -2.3485    1.3828
eta,q 0.89755 10.84637
  0.1217  0.1050  0.1134  0.1051  0.1038  0.1068
  0.1113  0.1054  0.1064  0.1039  0.1029  0.1058
  0.1052  0.1043  0.1022  0.1023  0.1026  0.1039
  0.1026  0.1029  0.1028  0.1025  0.1022  0.1025
  0.1026  0.1029  0.1056  0.1036  0.1026  0.1029
  0.1034  0.1025  0.1094  0.1060  0.1044  0.1049
  0.1102  0.1038  0.1135  0.1086  0.1065  0.1077
niter,ni,del,rscale     4    3   12.0000    1.2000
parameters
   -1.8609   26.5404    7.8535   -3.4412   -1.2848    1.4123
eta,q 0.89686 10.77840
  0.1156  0.1052  0.1118  0.1038  0.1048  0.1069
  0.1071  0.1042  0.1079  0.1049  0.1029  0.1056
  0.1020  0.1033  0.1046  0.1045  0.1035  0.1041
  0.1025  0.1025  0.1030  0.1030  0.1038  0.1032
  0.1027  0.1019  0.1041  0.1033  0.1025  0.1034
  0.1068  0.1057  0.1067  0.1049  0.1021  0.1049
  0.1139  0.1138  0.1118  0.1069  0.1042  0.1074
niter,ni,del,rscale     3    3   12.0000    1.2000
parameter  4  3.066693 ->  0.500000 qaram    1.1500
parameter  5  1.317729 ->  0.500000 qaram    1.1500
parameters
   -2.0388   26.0807    7.7750   -6.8912   -4.7348    1.6537
eta,q 0.89754 10.65613
  0.1143  0.1049  0.1110  0.1024  0.1013  0.1044
  0.1074  0.1041  0.1076  0.1033  0.1019  0.1040
  0.1033  0.1039  0.1050  0.1044  0.1041  0.1037
  0.1031  0.1032  0.1034  0.1035  0.1037  0.1026
  0.1021  0.1024  0.1039  0.1027  0.1026  0.1020
  0.1067  0.1033  0.1068  0.1033  0.1042  0.1027
  0.1174  0.1075  0.1125  0.1048  0.1072  0.1053
niter,ni,del,rscale     4    3   12.0000    1.2000
parameter  4-13.184558 -> -0.500000 qaram    1.3225
parameters
   -1.6697   25.4777    6.4715   -2.9237   -2.8321    1.9909
eta,q 0.89538 10.93070
  0.1154  0.1079  0.1061  0.1041  0.1095  0.1061
  0.1044  0.1058  0.1032  0.1033  0.1036  0.1049
  0.1006  0.1040  0.1028  0.1025  0.1002  0.1047
  0.1025  0.1031  0.1032  0.1030  0.1020  0.1047
  0.1046  0.1046  0.1035  0.1030  0.1048  0.1044
  0.1047  0.1075  0.1067  0.1016  0.1030  0.1043
  0.1102  0.1100  0.1118  0.1016  0.1020  0.1060
niter,ni,del,rscale     4    3   12.0000    1.2000
parameters
   -1.7886   27.2102    7.7197   -4.3926   -1.9576    1.3532
eta,q 0.89592 10.79266
  0.1154  0.1063  0.1156  0.1047  0.1078  0.1063
  0.1054  0.1052  0.1098  0.1045  0.1031  0.1055
  0.1016  0.1050  0.1061  0.1051  0.1027  0.1043
  0.1046  0.1045  0.1033  0.1029  0.1042  0.1040
  0.1041  0.1031  0.1033  0.1032  0.1029  0.1045
  0.1071  0.1023  0.1050  0.1057  0.1024  0.1059
  0.1147  0.1056  0.1086  0.1078  0.1054  0.1082
niter,ni,del,rscale     3    3   12.0000    1.2000
parameter  4  0.862153 ->  0.500000 qaram    1.5209
parameters
   -1.9948   26.0718    7.6953   -8.9552   -3.5742    0.0940
eta,q 0.89628 10.63428
  0.1132  0.1053  0.1102  0.1029  0.1044  0.1035
  0.1061  0.1047  0.1068  0.1028  0.1012  0.1039
  0.1030  0.1049  0.1055  0.1040  0.1028  0.1039
  0.1041  0.1040  0.1047  0.1047  0.1030  0.1033
  0.1025  0.1033  0.1039  0.1029  0.1020  0.1027
  0.1057  0.1052  0.1060  0.1037  0.1044  0.1037
  0.1159  0.1101  0.1115  0.1064  0.1083  0.1064
niter,ni,del,rscale     3    3   12.0000    1.2000
parameter  6  4.158312 -> -0.500000 qaram    1.1500
parameters
   -2.2077   25.0069    6.4958   -7.7528   -2.3286    3.5440
eta,q 0.89847 10.70494
  0.1130  0.1085  0.1072  0.1058  0.1098  0.1041
  0.1039  0.1056  0.1032  0.1036  0.1052  0.1035
  0.1012  0.1039  0.1032  0.1029  0.1036  0.1043
  0.1037  0.1035  0.1036  0.1034  0.1040  0.1038
  0.1028  0.1052  0.1042  0.1047  0.1032  0.1025
  0.1052  0.1097  0.1076  0.1036  0.1033  0.1014
  0.1139  0.1136  0.1119  0.1041  0.1060  0.1028
niter,ni,del,rscale     3    3   12.0000    1.2000
parameters
   -1.5820   24.9921    7.1710   -7.1865   -3.4490    1.6123
eta,q 0.89574 10.74375
  0.1199  0.1122  0.1109  0.1061  0.1053  0.1038
  0.1078  0.1078  0.1048  0.1030  0.1010  0.1049
  0.1011  0.1040  0.1025  0.1016  0.1021  0.1045
  0.1015  0.1021  0.1021  0.1022  0.1026  0.1028
  0.1021  0.1035  0.1025  0.1047  0.1019  0.1030
  0.1043  0.1083  0.1032  0.1035  0.1045  0.1065
  0.1129  0.1121  0.1070  0.1038  0.1077  0.1094
niter,ni,del,rscale     2    3   12.0000    1.2000
parameters
   -1.9600   25.2615    6.6978   -8.2509   -2.5225    0.6628
eta,q 0.89664 10.71207
  0.1131  0.1111  0.1075  0.1044  0.1092  0.1037
  0.1042  0.1076  0.1029  0.1026  0.1033  0.1039
  0.1012  0.1054  0.1022  0.1023  0.1018  0.1039
  0.1043  0.1039  0.1038  0.1034  0.1029  0.1028
  0.1029  0.1040  0.1036  0.1044  0.1022  0.1016
  0.1060  0.1073  0.1042  0.1028  0.1025  0.1033
  0.1155  0.1099  0.1088  0.1042  0.1053  0.1073
niter,ni,del,rscale     1    3   12.0000    1.2000
parameters
   -1.9926   25.0465    6.7105  -11.0329   -1.9952    0.3368
eta,q 0.89794 10.61814
  0.1151  0.1106  0.1097  0.1047  0.1086  0.1045
  0.1048  0.1069  0.1034  0.1025  0.1047  0.1036
  0.1017  0.1044  0.1020  0.1022  0.1030  0.1032
  0.1034  0.1034  0.1034  0.1034  0.1022  0.1018
  0.1016  0.1045  0.1038  0.1053  0.1012  0.1012
  0.1056  0.1081  0.1043  0.1042  0.1031  0.1028
  0.1151  0.1114  0.1084  0.1043  0.1073  0.1068
registration optimization eta report
parameter search radius
    6.9000    6.0000    6.0000    9.1253    6.9000    6.9000
100000*second partial in parameter space
       29.       21.       18.        1.       13.        8.
  0.1151  0.1106  0.1097  0.1047  0.1086  0.1045
  0.1048  0.1069  0.1034  0.1025  0.1047  0.1036
  0.1017  0.1044  0.1020  0.1022  0.1030  0.1032
  0.1034  0.1034  0.1034  0.1034  0.1022  0.1018
  0.1016  0.1045  0.1038  0.1053  0.1012  0.1012
  0.1056  0.1081  0.1043  0.1042  0.1031  0.1028
  0.1151  0.1114  0.1084  0.1043  0.1073  0.1068
   -1.9926   25.0465    6.7105  -11.0329   -1.9952    0.3368
eta,q 0.89794 10.61814

---------------------------------------------------------------------
imgreg_4dfp /opt/freesurfer/average/711-2C_as_mni_average_305 /opt/freesurfer/average/711-2B_as_mni_average_305_mask talsrcimg_g11 none talsrcimg_to_711-2C_as_mni_average_305_t4 3335
---------------------------------------------------------------------

freesurfer imgreg_4dfp.c
/opt/freesurfer/average/711-2C_as_mni_average_305.4dfp.img
       256       256       256         1
  1.000000  1.000000  1.000000
orientation T byte_order littleendian
Reading image: /opt/freesurfer/average/711-2C_as_mni_average_305.4dfp.img
dimensions:      256       256       256
mmppix:       1.0000   -1.0000   -1.0000
center:     128.0000 -129.0000 -129.0000
/opt/freesurfer/average/711-2B_as_mni_average_305_mask.4dfp.img
       256       256       256         1
  1.000000  1.000000  1.000000
orientation T byte_order littleendian
Reading mask: /opt/freesurfer/average/711-2B_as_mni_average_305_mask.4dfp.img (2306576 pixels)
talsrcimg_g11.4dfp.img
       256       256       256         1
  1.000000  1.000000  1.000000
orientation T byte_order littleendian
Reading image: talsrcimg_g11.4dfp.img
dimensions:      256       256       256
mmppix:       1.0000   -1.0000   -1.0000
center:     128.0000 -129.0000 -129.0000
fimgreg.f
image alignment mode   3335 decimal      D07 hex
parameters
   -1.9926   25.0465    6.7105   -0.0624   -1.8539   -1.9078
   -1.2433    3.3046    0.5875   19.1571   -3.4815  -19.1257
eta,q 0.90124 10.53374
niter,ni,del,rscale     5    3    5.0000    1.2000
parameter  4  1.839826 ->  0.500000 qaram    1.1500
parameter  5  4.577718 ->  0.500000 qaram    1.1500
parameter  6  1.037126 ->  0.500000 qaram    1.1500
parameter 10  2.447756 ->  0.500000 qaram    1.1500
parameter 11  0.588964 ->  0.500000 qaram    1.1500
parameter 12 -1.478814 -> -0.500000 qaram    1.1500
parameters
   -2.1634   24.9600    6.9769   -4.2024   -5.9939   -6.0478
   -2.7060    2.9330    1.1562   15.0171   -7.6215  -14.9857
eta,q 0.91618 10.29876
  0.1014  0.1000  0.1011  0.0925  0.0883  0.0859  0.0890  0.0895  0.0883  0.0839  0.0849  0.0874
  0.0998  0.0993  0.1000  0.0937  0.0896  0.0870  0.0878  0.0882  0.0879  0.0848  0.0848  0.0864
  0.0990  0.0988  0.0992  0.0959  0.0917  0.0884  0.0873  0.0874  0.0874  0.0858  0.0848  0.0856
  0.0988  0.0988  0.0987  0.0987  0.0942  0.0901  0.0873  0.0873  0.0873  0.0873  0.0850  0.0848
  0.0992  0.0990  0.0988  0.1019  0.0969  0.0935  0.0879  0.0875  0.0874  0.0890  0.0853  0.0841
  0.1004  0.0995  0.0994  0.1056  0.0992  0.0973  0.0893  0.0884  0.0876  0.0907  0.0857  0.0837
  0.1022  0.1001  0.1003  0.1096  0.1016  0.1026  0.0912  0.0902  0.0881  0.0925  0.0862  0.0836
niter,ni,del,rscale     7    3    5.0000    1.2000
parameter  2 -1.056862 -> -0.500000 qaram    1.1500
parameter  3 -0.866829 -> -0.500000 qaram    1.1500
parameter  4  1.354380 ->  0.500000 qaram    1.3225
parameter  5  2.004232 ->  0.500000 qaram    1.3225
parameter  6  1.363829 ->  0.500000 qaram    1.3225
parameter 10  3.531374 ->  0.500000 qaram    1.3225
parameters
   -1.4499   26.3400    8.3569   -8.9634  -10.7549  -10.8088
   -3.1887    3.8798    4.3663   10.2561   -4.4138  -12.3229
eta,q 0.93775 10.30275
  0.0889  0.0895  0.0853  0.0757  0.0711  0.0680  0.0713  0.0748  0.0700  0.0596  0.0657  0.0637
  0.0865  0.0871  0.0839  0.0766  0.0725  0.0686  0.0700  0.0724  0.0694  0.0619  0.0643  0.0629
  0.0848  0.0851  0.0827  0.0782  0.0743  0.0703  0.0691  0.0702  0.0689  0.0650  0.0633  0.0625
  0.0838  0.0835  0.0818  0.0809  0.0770  0.0729  0.0689  0.0689  0.0687  0.0687  0.0627  0.0623
  0.0835  0.0823  0.0812  0.0846  0.0805  0.0754  0.0694  0.0689  0.0687  0.0726  0.0623  0.0622
  0.0839  0.0816  0.0809  0.0885  0.0840  0.0785  0.0704  0.0702  0.0687  0.0767  0.0625  0.0623
  0.0852  0.0814  0.0808  0.0927  0.0872  0.0828  0.0720  0.0728  0.0687  0.0807  0.0631  0.0626
niter,ni,del,rscale     7    3    5.0000    1.2000
parameter  2 -1.509686 -> -0.500000 qaram    1.3225
parameter  3 -0.519978 -> -0.500000 qaram    1.3225
parameter  5  1.339340 ->  0.500000 qaram    1.5209
parameter 10  1.188960 ->  0.500000 qaram    1.5209
parameter 12 -2.365811 -> -0.500000 qaram    1.3225
parameters
   -1.8595   27.9270    9.9439  -12.7275  -16.2301  -11.4918
   -2.7406    4.1367    4.6711    4.7809   -4.5118   -7.5619
eta,q 0.95322 10.07727
  0.0655  0.0737  0.0624  0.0589  0.0517  0.0574  0.0567  0.0589  0.0552  0.0481  0.0500  0.0531
  0.0633  0.0694  0.0603  0.0577  0.0527  0.0556  0.0551  0.0561  0.0542  0.0484  0.0494  0.0516
  0.0622  0.0655  0.0589  0.0569  0.0545  0.0543  0.0539  0.0542  0.0535  0.0501  0.0490  0.0502
  0.0622  0.0621  0.0579  0.0572  0.0570  0.0532  0.0533  0.0533  0.0533  0.0533  0.0488  0.0488
  0.0634  0.0594  0.0573  0.0602  0.0606  0.0532  0.0535  0.0536  0.0534  0.0573  0.0488  0.0475
  0.0656  0.0574  0.0572  0.0657  0.0650  0.0557  0.0545  0.0552  0.0539  0.0618  0.0493  0.0465
  0.0688  0.0564  0.0578  0.0716  0.0691  0.0602  0.0560  0.0585  0.0549  0.0664  0.0502  0.0460
niter,ni,del,rscale     7    3    5.0000    1.2000
parameter  5  0.566486 ->  0.500000 qaram    1.7490
parameter 12 -0.555621 -> -0.500000 qaram    1.5209
parameters
   -1.8334   29.5062    9.5204  -13.2831  -22.5265  -10.7028
   -3.0479    4.3100    3.9506    2.6723   -3.9870   -2.0868
eta,q 0.95811  9.75379
  0.0518  0.0592  0.0475  0.0491  0.0442  0.0483  0.0463  0.0488  0.0452  0.0481  0.0439  0.0468
  0.0491  0.0540  0.0458  0.0470  0.0435  0.0458  0.0447  0.0459  0.0439  0.0442  0.0433  0.0451
  0.0474  0.0498  0.0450  0.0458  0.0439  0.0443  0.0436  0.0442  0.0433  0.0426  0.0429  0.0436
  0.0468  0.0468  0.0450  0.0449  0.0451  0.0435  0.0432  0.0432  0.0432  0.0432  0.0426  0.0426
  0.0473  0.0452  0.0457  0.0445  0.0477  0.0428  0.0437  0.0435  0.0437  0.0452  0.0426  0.0420
  0.0489  0.0453  0.0471  0.0466  0.0527  0.0436  0.0450  0.0452  0.0446  0.0487  0.0430  0.0419
  0.0516  0.0470  0.0491  0.0519  0.0582  0.0478  0.0469  0.0487  0.0461  0.0536  0.0437  0.0424
niter,ni,del,rscale     7    3    5.0000    1.2000
parameters
   -1.7126   29.4829   10.4338  -13.5598  -22.8989  -11.4667
   -2.8130    4.2899    3.0564    1.5469   -4.8190   -2.0689
eta,q 0.95852  9.65339
  0.0472  0.0486  0.0475  0.0453  0.0485  0.0457  0.0457  0.0475  0.0440  0.0494  0.0427  0.0451
  0.0444  0.0449  0.0450  0.0432  0.0448  0.0433  0.0438  0.0446  0.0427  0.0443  0.0420  0.0431
  0.0426  0.0426  0.0431  0.0420  0.0425  0.0422  0.0424  0.0427  0.0419  0.0416  0.0416  0.0418
  0.0419  0.0419  0.0419  0.0416  0.0416  0.0416  0.0419  0.0419  0.0419  0.0418  0.0415  0.0415
  0.0423  0.0428  0.0416  0.0413  0.0423  0.0415  0.0422  0.0424  0.0425  0.0440  0.0418  0.0419
  0.0437  0.0451  0.0422  0.0424  0.0447  0.0434  0.0434  0.0443  0.0437  0.0475  0.0424  0.0431
  0.0462  0.0486  0.0435  0.0469  0.0501  0.0488  0.0453  0.0479  0.0453  0.0522  0.0433  0.0450
niter,ni,del,rscale     6    3    5.0000    1.2000
parameters
   -1.6478   29.4135   10.7085  -13.6482  -22.8576  -11.2667
   -2.7117    4.2747    3.1694    1.3271   -4.9950   -1.9283
eta,q 0.95864  9.66110
  0.0465  0.0483  0.0454  0.0451  0.0491  0.0460  0.0452  0.0471  0.0445  0.0510  0.0430  0.0452
  0.0438  0.0445  0.0434  0.0429  0.0450  0.0433  0.0433  0.0441  0.0429  0.0454  0.0420  0.0432
  0.0421  0.0421  0.0420  0.0417  0.0424  0.0418  0.0419  0.0422  0.0418  0.0419  0.0415  0.0418
  0.0415  0.0415  0.0415  0.0414  0.0414  0.0414  0.0414  0.0414  0.0414  0.0414  0.0414  0.0414
  0.0419  0.0425  0.0416  0.0413  0.0421  0.0411  0.0418  0.0420  0.0418  0.0432  0.0416  0.0418
  0.0435  0.0450  0.0426  0.0421  0.0444  0.0419  0.0431  0.0439  0.0428  0.0465  0.0422  0.0430
  0.0460  0.0488  0.0443  0.0461  0.0495  0.0465  0.0450  0.0474  0.0444  0.0510  0.0431  0.0449
niter,ni,del,rscale     5    3    5.0000    1.2000
parameters
   -1.6546   29.3497   10.7759  -13.5836  -22.7896  -11.2368
   -2.6713    4.2498    3.2225    1.2019   -5.0371   -1.8548
eta,q 0.95869  9.67014
  0.0461  0.0484  0.0450  0.0452  0.0491  0.0458  0.0451  0.0471  0.0445  0.0512  0.0430  0.0451
  0.0435  0.0445  0.0430  0.0429  0.0450  0.0432  0.0431  0.0440  0.0428  0.0455  0.0420  0.0431
  0.0419  0.0421  0.0418  0.0417  0.0423  0.0417  0.0418  0.0421  0.0417  0.0420  0.0415  0.0417
  0.0414  0.0414  0.0413  0.0414  0.0413  0.0413  0.0413  0.0413  0.0413  0.0413  0.0413  0.0413
  0.0419  0.0424  0.0417  0.0411  0.0420  0.0410  0.0418  0.0420  0.0417  0.0431  0.0415  0.0418
  0.0436  0.0450  0.0428  0.0419  0.0443  0.0419  0.0431  0.0439  0.0428  0.0464  0.0421  0.0430
  0.0462  0.0488  0.0447  0.0458  0.0494  0.0468  0.0450  0.0473  0.0444  0.0509  0.0430  0.0450
niter,ni,del,rscale     4    3    5.0000    1.2000
parameters
   -1.6612   29.3150   10.8019  -13.5768  -22.7604  -11.2219
   -2.6514    4.2374    3.2392    1.1395   -5.0526   -1.8159
eta,q 0.95870  9.67254
  0.0461  0.0485  0.0449  0.0451  0.0491  0.0458  0.0450  0.0471  0.0444  0.0513  0.0430  0.0451
  0.0435  0.0446  0.0429  0.0429  0.0450  0.0431  0.0431  0.0440  0.0428  0.0456  0.0420  0.0431
  0.0419  0.0421  0.0417  0.0416  0.0423  0.0416  0.0418  0.0421  0.0417  0.0420  0.0415  0.0417
  0.0413  0.0413  0.0413  0.0413  0.0413  0.0413  0.0413  0.0413  0.0413  0.0413  0.0413  0.0413
  0.0419  0.0423  0.0417  0.0411  0.0420  0.0410  0.0417  0.0419  0.0417  0.0430  0.0415  0.0418
  0.0435  0.0449  0.0428  0.0419  0.0443  0.0419  0.0430  0.0439  0.0428  0.0464  0.0421  0.0431
  0.0462  0.0487  0.0448  0.0459  0.0495  0.0468  0.0450  0.0473  0.0444  0.0508  0.0430  0.0450
niter,ni,del,rscale     3    3    5.0000    1.2000
parameters
   -1.6648   29.2997   10.8127  -13.5665  -22.7464  -11.2183
   -2.6444    4.2313    3.2429    1.1088   -5.0554   -1.7953
eta,q 0.95871  9.67394
  0.0461  0.0486  0.0448  0.0451  0.0491  0.0458  0.0450  0.0471  0.0444  0.0514  0.0430  0.0451
  0.0435  0.0446  0.0429  0.0429  0.0450  0.0431  0.0431  0.0440  0.0428  0.0457  0.0420  0.0431
  0.0418  0.0421  0.0417  0.0416  0.0422  0.0416  0.0418  0.0421  0.0417  0.0420  0.0415  0.0417
  0.0413  0.0413  0.0413  0.0413  0.0413  0.0413  0.0413  0.0413  0.0413  0.0413  0.0413  0.0413
  0.0419  0.0423  0.0417  0.0411  0.0420  0.0410  0.0417  0.0419  0.0417  0.0430  0.0415  0.0418
  0.0435  0.0448  0.0428  0.0419  0.0443  0.0419  0.0430  0.0439  0.0428  0.0463  0.0421  0.0431
  0.0461  0.0486  0.0448  0.0459  0.0496  0.0468  0.0450  0.0473  0.0444  0.0508  0.0430  0.0450
registration optimization eta report
parameter search radius
    2.4000    3.1740    3.1740    9.5220   12.5928    9.5220
    7.2000    7.2000    7.2000   10.9503    8.2800   10.9503
100000*second partial in parameter space
       83.       72.       35.        5.        5.        6.
        7.       11.        6.        8.        2.        3.
  0.0461  0.0486  0.0448  0.0451  0.0491  0.0458  0.0450  0.0471  0.0444  0.0514  0.0430  0.0451
  0.0435  0.0446  0.0429  0.0429  0.0450  0.0431  0.0431  0.0440  0.0428  0.0457  0.0420  0.0431
  0.0418  0.0421  0.0417  0.0416  0.0422  0.0416  0.0418  0.0421  0.0417  0.0420  0.0415  0.0417
  0.0413  0.0413  0.0413  0.0413  0.0413  0.0413  0.0413  0.0413  0.0413  0.0413  0.0413  0.0413
  0.0419  0.0423  0.0417  0.0411  0.0420  0.0410  0.0417  0.0419  0.0417  0.0430  0.0415  0.0418
  0.0435  0.0448  0.0428  0.0419  0.0443  0.0419  0.0430  0.0439  0.0428  0.0463  0.0421  0.0431
  0.0461  0.0486  0.0448  0.0459  0.0496  0.0468  0.0450  0.0473  0.0444  0.0508  0.0430  0.0450
   -1.6648   29.2997   10.8127  -13.5665  -22.7464  -11.2183
   -2.6444    4.2313    3.2429    1.1088   -5.0554   -1.7953
eta,q 0.95871  9.67394

---------------------------------------------------------------------
imgreg_4dfp /opt/freesurfer/average/711-2C_as_mni_average_305 /opt/freesurfer/average/711-2B_as_mni_average_305_mask talsrcimg_g11 none talsrcimg_to_711-2C_as_mni_average_305_t4 2311
---------------------------------------------------------------------

freesurfer imgreg_4dfp.c
/opt/freesurfer/average/711-2C_as_mni_average_305.4dfp.img
       256       256       256         1
  1.000000  1.000000  1.000000
orientation T byte_order littleendian
Reading image: /opt/freesurfer/average/711-2C_as_mni_average_305.4dfp.img
dimensions:      256       256       256
mmppix:       1.0000   -1.0000   -1.0000
center:     128.0000 -129.0000 -129.0000
/opt/freesurfer/average/711-2B_as_mni_average_305_mask.4dfp.img
       256       256       256         1
  1.000000  1.000000  1.000000
orientation T byte_order littleendian
Reading mask: /opt/freesurfer/average/711-2B_as_mni_average_305_mask.4dfp.img (2306576 pixels)
talsrcimg_g11.4dfp.img
       256       256       256         1
  1.000000  1.000000  1.000000
orientation T byte_order littleendian
Reading image: talsrcimg_g11.4dfp.img
dimensions:      256       256       256
mmppix:       1.0000   -1.0000   -1.0000
center:     128.0000 -129.0000 -129.0000
fimgreg.f
image alignment mode   2311 decimal      907 hex
parameters
   -1.6648   29.2997   10.8127  -13.5665  -22.7464  -11.2183
   -2.6444    4.2313    3.2429    1.1088   -5.0554   -1.7953
eta,q 0.95871  9.67395
niter,ni,del,rscale     5    3    5.0000    0.8000
parameter  4 -0.601154 -> -0.500000 qaram    1.1500
parameter  6 -0.909032 -> -0.500000 qaram    1.1500
parameters
   -1.6655   29.2607   10.8329  -10.8065  -21.8432   -8.4583
   -2.3429    4.2037    3.5977    1.1337   -5.6922   -1.6964
eta,q 0.95972 10.07209
  0.0435  0.0432  0.0422  0.0421  0.0426  0.0424  0.0424  0.0439  0.0421  0.0426  0.0409  0.0412
  0.0423  0.0421  0.0417  0.0416  0.0418  0.0417  0.0414  0.0420  0.0412  0.0414  0.0405  0.0407
  0.0415  0.0415  0.0414  0.0414  0.0413  0.0414  0.0406  0.0408  0.0406  0.0406  0.0403  0.0404
  0.0413  0.0413  0.0413  0.0413  0.0411  0.0410  0.0403  0.0403  0.0403  0.0403  0.0403  0.0403
  0.0415  0.0416  0.0414  0.0412  0.0411  0.0405  0.0404  0.0407  0.0404  0.0405  0.0405  0.0404
  0.0423  0.0423  0.0417  0.0410  0.0413  0.0403  0.0410  0.0419  0.0409  0.0413  0.0408  0.0407
  0.0435  0.0434  0.0421  0.0412  0.0417  0.0406  0.0420  0.0441  0.0417  0.0426  0.0414  0.0411
niter,ni,del,rscale     6    3    5.0000    0.9000
parameters
   -1.7786   29.0072   10.9767  -12.0740  -21.4987   -9.5879
   -2.3201    4.2454    3.6420    0.7822   -5.5518   -1.0832
eta,q 0.95938  9.95905
  0.0432  0.0422  0.0421  0.0415  0.0421  0.0420  0.0429  0.0444  0.0426  0.0431  0.0416  0.0419
  0.0415  0.0410  0.0412  0.0410  0.0413  0.0415  0.0417  0.0424  0.0416  0.0416  0.0411  0.0413
  0.0405  0.0403  0.0405  0.0406  0.0407  0.0410  0.0409  0.0411  0.0409  0.0408  0.0407  0.0408
  0.0403  0.0403  0.0402  0.0402  0.0404  0.0404  0.0406  0.0406  0.0406  0.0406  0.0406  0.0406
  0.0408  0.0409  0.0403  0.0403  0.0405  0.0406  0.0409  0.0410  0.0408  0.0411  0.0407  0.0407
  0.0420  0.0420  0.0408  0.0419  0.0410  0.0420  0.0416  0.0422  0.0415  0.0422  0.0410  0.0409
  0.0440  0.0437  0.0417  0.0451  0.0418  0.0457  0.0429  0.0444  0.0425  0.0438  0.0415  0.0415
niter,ni,del,rscale     5    3    5.0000    0.8000
parameters
   -1.7393   28.9640   10.9000  -11.8756  -21.4314   -9.4464
   -2.3073    4.2714    3.6102    0.7491   -5.5874   -1.0501
eta,q 0.95948  9.98212
  0.0430  0.0426  0.0417  0.0417  0.0417  0.0420  0.0424  0.0436  0.0421  0.0428  0.0413  0.0414
  0.0417  0.0415  0.0411  0.0412  0.0411  0.0415  0.0414  0.0419  0.0412  0.0415  0.0408  0.0409
  0.0409  0.0408  0.0407  0.0409  0.0407  0.0412  0.0407  0.0409  0.0407  0.0408  0.0406  0.0406
  0.0406  0.0406  0.0406  0.0406  0.0406  0.0406  0.0405  0.0405  0.0405  0.0405  0.0405  0.0405
  0.0408  0.0409  0.0408  0.0403  0.0407  0.0404  0.0407  0.0408  0.0407  0.0408  0.0406  0.0406
  0.0415  0.0417  0.0413  0.0406  0.0410  0.0408  0.0413  0.0418  0.0412  0.0416  0.0409  0.0409
  0.0428  0.0428  0.0420  0.0421  0.0417  0.0425  0.0424  0.0436  0.0421  0.0429  0.0413  0.0414
niter,ni,del,rscale     4    3    5.0000    0.7000
parameters
   -1.7382   28.9513   10.9124  -11.4774  -21.3580   -8.9398
   -2.2885    4.2477    3.6431    0.8132   -5.6913   -1.0872
eta,q 0.95966 10.03670
  0.0423  0.0421  0.0415  0.0415  0.0414  0.0417  0.0418  0.0428  0.0416  0.0422  0.0409  0.0410
  0.0413  0.0412  0.0410  0.0411  0.0409  0.0414  0.0410  0.0415  0.0409  0.0412  0.0406  0.0406
  0.0407  0.0407  0.0407  0.0408  0.0406  0.0410  0.0405  0.0406  0.0405  0.0406  0.0404  0.0404
  0.0405  0.0405  0.0405  0.0405  0.0404  0.0404  0.0403  0.0403  0.0403  0.0403  0.0403  0.0403
  0.0407  0.0407  0.0406  0.0403  0.0405  0.0403  0.0405  0.0406  0.0405  0.0405  0.0404  0.0404
  0.0413  0.0413  0.0410  0.0405  0.0408  0.0406  0.0410  0.0415  0.0409  0.0411  0.0406  0.0407
  0.0423  0.0422  0.0415  0.0415  0.0413  0.0417  0.0418  0.0430  0.0416  0.0422  0.0410  0.0410
niter,ni,del,rscale     3    3    5.0000    0.6000
parameters
   -1.7431   28.9354   10.9762  -11.1288  -21.3027   -8.5613
   -2.2836    4.2319    3.6761    0.8430   -5.7820   -1.1416
eta,q 0.95979 10.07663
  0.0417  0.0416  0.0412  0.0412  0.0410  0.0415  0.0413  0.0422  0.0412  0.0416  0.0407  0.0407
  0.0410  0.0409  0.0408  0.0409  0.0406  0.0412  0.0407  0.0411  0.0407  0.0409  0.0404  0.0405
  0.0405  0.0405  0.0405  0.0406  0.0404  0.0407  0.0403  0.0405  0.0403  0.0404  0.0403  0.0403
  0.0403  0.0403  0.0403  0.0403  0.0403  0.0403  0.0402  0.0402  0.0402  0.0402  0.0402  0.0402
  0.0405  0.0405  0.0404  0.0402  0.0403  0.0403  0.0403  0.0404  0.0403  0.0403  0.0403  0.0403
  0.0410  0.0409  0.0406  0.0404  0.0406  0.0405  0.0407  0.0411  0.0406  0.0408  0.0405  0.0405
  0.0417  0.0416  0.0410  0.0412  0.0409  0.0414  0.0413  0.0423  0.0411  0.0416  0.0407  0.0408
niter,ni,del,rscale     2    3    5.0000    0.5000
parameters
   -1.7503   28.9304   11.0257  -10.8246  -21.2826   -8.2461
   -2.2833    4.2247    3.6952    0.8687   -5.8254   -1.2796
eta,q 0.95985 10.10713
  0.0412  0.0411  0.0408  0.0409  0.0407  0.0412  0.0409  0.0416  0.0408  0.0412  0.0405  0.0405
  0.0407  0.0406  0.0405  0.0407  0.0404  0.0409  0.0405  0.0408  0.0405  0.0406  0.0403  0.0403
  0.0403  0.0403  0.0403  0.0405  0.0402  0.0404  0.0403  0.0403  0.0402  0.0403  0.0402  0.0402
  0.0402  0.0402  0.0402  0.0402  0.0402  0.0402  0.0401  0.0402  0.0401  0.0401  0.0402  0.0402
  0.0403  0.0403  0.0403  0.0401  0.0402  0.0402  0.0402  0.0403  0.0402  0.0402  0.0402  0.0402
  0.0407  0.0406  0.0404  0.0403  0.0404  0.0404  0.0405  0.0408  0.0404  0.0406  0.0403  0.0404
  0.0412  0.0411  0.0407  0.0409  0.0406  0.0411  0.0410  0.0417  0.0408  0.0412  0.0405  0.0406
niter,ni,del,rscale     1    3    5.0000    0.4000
parameters
   -1.7588   28.9300   11.0659  -10.5671  -21.3169   -8.0396
   -2.2823    4.2199    3.7160    0.9040   -5.8607   -1.3821
eta,q 0.95988 10.12538
  0.0408  0.0407  0.0406  0.0407  0.0404  0.0409  0.0406  0.0411  0.0406  0.0408  0.0404  0.0404
  0.0404  0.0404  0.0403  0.0405  0.0403  0.0405  0.0404  0.0406  0.0403  0.0405  0.0402  0.0402
  0.0402  0.0402  0.0402  0.0403  0.0402  0.0402  0.0402  0.0403  0.0402  0.0402  0.0401  0.0401
  0.0402  0.0402  0.0402  0.0401  0.0401  0.0401  0.0401  0.0401  0.0401  0.0401  0.0401  0.0401
  0.0402  0.0402  0.0402  0.0401  0.0402  0.0402  0.0402  0.0402  0.0402  0.0402  0.0402  0.0402
  0.0405  0.0404  0.0403  0.0402  0.0403  0.0404  0.0404  0.0406  0.0403  0.0404  0.0402  0.0403
  0.0408  0.0407  0.0405  0.0407  0.0405  0.0407  0.0406  0.0411  0.0406  0.0408  0.0404  0.0404
registration optimization eta report
parameter search radius
    0.8000    0.8000    0.8000    2.7600    2.4000    2.7600
    2.4000    2.4000    2.4000    2.4000    2.4000    2.4000
100000*second partial in parameter space
      104.       88.       57.        7.        6.        9.
        9.       17.        8.       12.        4.        5.
  0.0408  0.0407  0.0406  0.0407  0.0404  0.0409  0.0406  0.0411  0.0406  0.0408  0.0404  0.0404
  0.0404  0.0404  0.0403  0.0405  0.0403  0.0405  0.0404  0.0406  0.0403  0.0405  0.0402  0.0402
  0.0402  0.0402  0.0402  0.0403  0.0402  0.0402  0.0402  0.0403  0.0402  0.0402  0.0401  0.0401
  0.0402  0.0402  0.0402  0.0401  0.0401  0.0401  0.0401  0.0401  0.0401  0.0401  0.0401  0.0401
  0.0402  0.0402  0.0402  0.0401  0.0402  0.0402  0.0402  0.0402  0.0402  0.0402  0.0402  0.0402
  0.0405  0.0404  0.0403  0.0402  0.0403  0.0404  0.0404  0.0406  0.0403  0.0404  0.0402  0.0403
  0.0408  0.0407  0.0405  0.0407  0.0405  0.0407  0.0406  0.0411  0.0406  0.0408  0.0404  0.0404
   -1.7588   28.9300   11.0659  -10.5671  -21.3169   -8.0396
   -2.2823    4.2199    3.7160    0.9040   -5.8607   -1.3821
eta,q 0.95988 10.12538

---------------------------------------------------------------------
imgreg_4dfp /opt/freesurfer/average/711-2C_as_mni_average_305 /opt/freesurfer/average/711-2B_as_mni_average_305_mask talsrcimg_g11 none talsrcimg_to_711-2C_as_mni_average_305_t4 2311
---------------------------------------------------------------------

freesurfer imgreg_4dfp.c
/opt/freesurfer/average/711-2C_as_mni_average_305.4dfp.img
       256       256       256         1
  1.000000  1.000000  1.000000
orientation T byte_order littleendian
Reading image: /opt/freesurfer/average/711-2C_as_mni_average_305.4dfp.img
dimensions:      256       256       256
mmppix:       1.0000   -1.0000   -1.0000
center:     128.0000 -129.0000 -129.0000
/opt/freesurfer/average/711-2B_as_mni_average_305_mask.4dfp.img
       256       256       256         1
  1.000000  1.000000  1.000000
orientation T byte_order littleendian
Reading mask: /opt/freesurfer/average/711-2B_as_mni_average_305_mask.4dfp.img (2306576 pixels)
talsrcimg_g11.4dfp.img
       256       256       256         1
  1.000000  1.000000  1.000000
orientation T byte_order littleendian
Reading image: talsrcimg_g11.4dfp.img
dimensions:      256       256       256
mmppix:       1.0000   -1.0000   -1.0000
center:     128.0000 -129.0000 -129.0000
fimgreg.f
image alignment mode   2311 decimal      907 hex
parameters
   -1.7588   28.9300   11.0659  -10.5671  -21.3169   -8.0396
   -2.2823    4.2199    3.7160    0.9040   -5.8607   -1.3821
eta,q 0.95988 10.12538
niter,ni,del,rscale     5    3    5.0000    0.8000
parameters
   -1.7801   28.9443   11.0408  -11.4360  -21.4041   -8.8053
   -2.2860    4.2145    3.6964    0.8003   -5.6850   -1.0603
eta,q 0.95969 10.04217
  0.0428  0.0424  0.0415  0.0412  0.0415  0.0415  0.0422  0.0436  0.0419  0.0426  0.0412  0.0413
  0.0413  0.0412  0.0408  0.0408  0.0408  0.0411  0.0412  0.0418  0.0410  0.0413  0.0407  0.0408
  0.0404  0.0404  0.0403  0.0404  0.0404  0.0405  0.0405  0.0407  0.0405  0.0406  0.0404  0.0405
  0.0401  0.0401  0.0401  0.0401  0.0403  0.0403  0.0403  0.0403  0.0403  0.0403  0.0403  0.0403
  0.0404  0.0404  0.0403  0.0403  0.0404  0.0404  0.0405  0.0406  0.0405  0.0406  0.0404  0.0404
  0.0414  0.0411  0.0408  0.0413  0.0409  0.0413  0.0412  0.0417  0.0410  0.0414  0.0407  0.0406
  0.0429  0.0423  0.0416  0.0433  0.0416  0.0437  0.0422  0.0437  0.0419  0.0428  0.0411  0.0411
niter,ni,del,rscale     4    3    5.0000    0.7000
parameters
   -1.7493   28.9278   10.9921  -11.1870  -21.3168   -8.6233
   -2.2845    4.2157    3.6660    0.8035   -5.7538   -1.1000
eta,q 0.95977 10.06932
  0.0423  0.0420  0.0413  0.0412  0.0412  0.0415  0.0417  0.0429  0.0415  0.0421  0.0409  0.0409
  0.0412  0.0410  0.0408  0.0409  0.0407  0.0411  0.0409  0.0415  0.0408  0.0411  0.0405  0.0406
  0.0406  0.0405  0.0404  0.0406  0.0404  0.0407  0.0404  0.0406  0.0404  0.0405  0.0403  0.0403
  0.0403  0.0403  0.0403  0.0403  0.0403  0.0403  0.0402  0.0402  0.0402  0.0402  0.0402  0.0402
  0.0405  0.0405  0.0404  0.0401  0.0403  0.0403  0.0404  0.0405  0.0404  0.0404  0.0403  0.0403
  0.0411  0.0411  0.0408  0.0404  0.0406  0.0406  0.0409  0.0414  0.0408  0.0411  0.0406  0.0406
  0.0421  0.0420  0.0415  0.0413  0.0412  0.0416  0.0417  0.0430  0.0415  0.0421  0.0409  0.0410
niter,ni,del,rscale     3    3    5.0000    0.6000
parameters
   -1.7523   28.9262   11.0147  -10.8927  -21.2956   -8.3159
   -2.2828    4.2095    3.6947    0.8359   -5.8137   -1.2131
eta,q 0.95984 10.09973
  0.0416  0.0415  0.0411  0.0410  0.0409  0.0413  0.0413  0.0423  0.0411  0.0416  0.0407  0.0407
  0.0409  0.0408  0.0406  0.0407  0.0405  0.0409  0.0407  0.0411  0.0406  0.0409  0.0404  0.0404
  0.0404  0.0404  0.0404  0.0405  0.0403  0.0405  0.0403  0.0404  0.0403  0.0404  0.0402  0.0402
  0.0402  0.0402  0.0402  0.0402  0.0402  0.0402  0.0402  0.0402  0.0402  0.0402  0.0402  0.0402
  0.0404  0.0404  0.0403  0.0401  0.0403  0.0402  0.0403  0.0404  0.0403  0.0403  0.0402  0.0402
  0.0409  0.0408  0.0406  0.0403  0.0405  0.0405  0.0407  0.0411  0.0406  0.0408  0.0404  0.0404
  0.0417  0.0415  0.0410  0.0410  0.0409  0.0411  0.0413  0.0423  0.0411  0.0416  0.0407  0.0407
niter,ni,del,rscale     2    3    5.0000    0.5000
parameters
   -1.7588   28.9280   11.0560  -10.6546  -21.3059   -8.1008
   -2.2870    4.2124    3.7028    0.8613   -5.8442   -1.3339
eta,q 0.95987 10.11971
  0.0412  0.0410  0.0408  0.0408  0.0406  0.0410  0.0409  0.0417  0.0408  0.0412  0.0405  0.0405
  0.0406  0.0406  0.0405  0.0406  0.0404  0.0406  0.0405  0.0408  0.0404  0.0406  0.0403  0.0403
  0.0403  0.0403  0.0402  0.0404  0.0402  0.0403  0.0402  0.0403  0.0402  0.0403  0.0402  0.0402
  0.0402  0.0402  0.0402  0.0402  0.0401  0.0401  0.0401  0.0401  0.0401  0.0401  0.0401  0.0401
  0.0403  0.0403  0.0402  0.0401  0.0402  0.0402  0.0402  0.0403  0.0402  0.0402  0.0402  0.0402
  0.0406  0.0406  0.0404  0.0403  0.0404  0.0404  0.0405  0.0408  0.0404  0.0406  0.0403  0.0403
  0.0412  0.0410  0.0407  0.0408  0.0406  0.0409  0.0409  0.0417  0.0408  0.0412  0.0405  0.0406
niter,ni,del,rscale     1    3    5.0000    0.4000
parameters
   -1.7662   28.9302   11.0814  -10.4567  -21.3320   -7.9933
   -2.2873    4.2181    3.7129    0.8989   -5.8609   -1.3965
eta,q 0.95989 10.13100
  0.0408  0.0407  0.0405  0.0406  0.0404  0.0407  0.0406  0.0411  0.0406  0.0408  0.0404  0.0404
  0.0404  0.0404  0.0403  0.0405  0.0403  0.0404  0.0404  0.0406  0.0403  0.0404  0.0402  0.0402
  0.0402  0.0402  0.0402  0.0403  0.0401  0.0402  0.0402  0.0402  0.0402  0.0402  0.0401  0.0401
  0.0401  0.0401  0.0401  0.0401  0.0401  0.0401  0.0401  0.0401  0.0401  0.0401  0.0401  0.0401
  0.0402  0.0402  0.0402  0.0401  0.0401  0.0402  0.0402  0.0402  0.0402  0.0402  0.0401  0.0401
  0.0404  0.0404  0.0403  0.0402  0.0403  0.0403  0.0404  0.0406  0.0403  0.0404  0.0402  0.0402
  0.0408  0.0407  0.0405  0.0406  0.0404  0.0406  0.0406  0.0411  0.0406  0.0408  0.0404  0.0404
registration optimization eta report
parameter search radius
    0.8000    0.8000    0.8000    2.4000    2.4000    2.4000
    2.4000    2.4000    2.4000    2.4000    2.4000    2.4000
100000*second partial in parameter space
      106.       89.       57.        8.        6.        9.
        9.       18.        8.       12.        5.        5.
  0.0408  0.0407  0.0405  0.0406  0.0404  0.0407  0.0406  0.0411  0.0406  0.0408  0.0404  0.0404
  0.0404  0.0404  0.0403  0.0405  0.0403  0.0404  0.0404  0.0406  0.0403  0.0404  0.0402  0.0402
  0.0402  0.0402  0.0402  0.0403  0.0401  0.0402  0.0402  0.0402  0.0402  0.0402  0.0401  0.0401
  0.0401  0.0401  0.0401  0.0401  0.0401  0.0401  0.0401  0.0401  0.0401  0.0401  0.0401  0.0401
  0.0402  0.0402  0.0402  0.0401  0.0401  0.0402  0.0402  0.0402  0.0402  0.0402  0.0401  0.0401
  0.0404  0.0404  0.0403  0.0402  0.0403  0.0403  0.0404  0.0406  0.0403  0.0404  0.0402  0.0402
  0.0408  0.0407  0.0405  0.0406  0.0404  0.0406  0.0406  0.0411  0.0406  0.0408  0.0404  0.0404
   -1.7662   28.9302   11.0814  -10.4567  -21.3320   -7.9933
   -2.2873    4.2181    3.7129    0.8989   -5.8609   -1.3965
eta,q 0.95989 10.13100

---------------------------------------------------------------------
compute_vox2vox talsrcimg talsrcimg_to_711-2C_as_mni_average_305_t4 /opt/freesurfer/average/711-2C_as_mni_average_305
---------------------------------------------------------------------

freesurfer compute_vox2vox.c
Reading: talsrcimg.4dfp.ifh
Reading: talsrcimg_to_711-2C_as_mni_average_305_t4
Reading: /opt/freesurfer/average/711-2C_as_mni_average_305.4dfp.ifh
Writing: talsrcimg_to_711-2C_as_mni_average_305_t4_vox2vox.txt

start time Sat Nov 23 16:15:43 UTC 2024
end		time Sat Nov 23 16:16:37 UTC 2024

mpr2mni305 success

avi2talxfm orig_nu.mgz /opt/freesurfer/average/mni305.cor.mgz talsrcimg_to_711-2C_as_mni_average_305_t4_vox2vox.txt transforms/talairach.auto.xfm
avi2talxfm done
mv -f /scratch/tmp/fs_mp2rage_tests/sourcedata/freesurfer_mp2rage/sub-fsm90ao/mri/talsrcimg_to_711-2C_as_mni_average_305_t4_vox2vox.txt /scratch/tmp/fs_mp2rage_tests/sourcedata/freesurfer_mp2rage/sub-fsm90ao/mri/transforms/talsrcimg_to_711-2C_as_mni_average_305_t4_vox2vox.txt
lta_convert --src orig_nu.mgz --trg /opt/freesurfer/average/mni305.cor.mgz --inxfm transforms/talairach.auto.xfm --outlta transforms/talairach.auto.xfm.lta --subject fsaverage
7.3.2

--src: orig_nu.mgz src image (geometry).
--trg: /opt/freesurfer/average/mni305.cor.mgz trg image (geometry).
--inmni: transforms/talairach.auto.xfm input MNI/XFM transform.
--outlta: transforms/talairach.auto.xfm.lta output LTA.
--s: fsaverage subject name
 LTA read, type : 1
 1.11212  -0.05129   0.03142   1.94156;
 0.07003   1.08346   0.02127  -35.07742;
-0.05329  -0.00996   1.26944  -21.92467;
 0.00000   0.00000   0.00000   1.00000;
setting subject to fsaverage
Writing  LTA to file transforms/talairach.auto.xfm.lta...
lta_convert successful.
 
 
Started at Sat Nov 23 16:15:40 UTC 2024
Ended   at Sat Nov 23 16:16:38 UTC 2024
talairach_avi done
