/scratch/tmp/fs_mp2rage_tests/sourcedata/freesurfer_mp2rage/sub-fsm40mn/mri
/opt/freesurfer/bin/talairach_avi
--i orig_nu.mgz --xfm transforms/talairach.auto.xfm
talairach_avi 7.3.2
Linux elm.criugm.qc.ca 5.15.0-113-generic #123-Ubuntu SMP Mon Jun 10 08:16:17 UTC 2024 x86_64 x86_64 x86_64 GNU/Linux
Sat Nov 23 15:22:52 UTC 2024
mri_convert orig_nu.mgz talsrcimg.img 
reading from orig_nu.mgz...
TR=0.00, TE=0.00, TI=0.00, flip angle=0.00
i_ras = (-1, -6.98492e-10, -4.65661e-10)
j_ras = (-4.65661e-10, -2.98023e-08, -1)
k_ras = (-2.32831e-10, 1, -2.98023e-08)
writing to talsrcimg.img...
Analyze Output Matrix
-1.00000  -0.00000  -0.00000   133.20886;
-0.00000  -0.00000   1.00000  -135.50743;
-0.00000  -1.00000  -0.00000   126.03526;
 0.00000   0.00000   0.00000   1.00000;
--------------------
INFO: set hdr.hist.orient to -1
mpr2mni305 talsrcimg
Sat Nov 23 15:22:54 UTC 2024
/opt/freesurfer/bin/mpr2mni305 talsrcimg
mpr2mni305 7.3.2
target=711-2C_as_mni_average_305

---------------------------------------------------------------------
analyzeto4dfp talsrcimg -O0 -y
---------------------------------------------------------------------

freesurfer ifh2hdr.c
Sat Nov 23 15:22:55 2024
Writing: talsrcimg.4dfp.hdr
freesurfer analyzeto4dfp.c
Reading: talsrcimg.hdr
header size 348 bytes
hdr.dime.datatype	offset=70	value=2
hdr.dime.bitpix		offset=72	value=8
hdr.hist.orient		offset=252	value=-1
dimensionality     4
dimensions       256       256       256         1
Reading: talsrcimg.img
Writing: talsrcimg.4dfp.img
Writing: talsrcimg.4dfp.ifh
ifh2hdr talsrcimg -r0to198
ori=2

---------------------------------------------------------------------
gauss_4dfp talsrcimg 1.1
---------------------------------------------------------------------

freesurfer gauss_4dfp.c
Reading: talsrcimg.4dfp.img
Writing: talsrcimg_g11.4dfp.img
image dimensions 256 256 256 padded to 288 288 288
processing volume 1freesurfer ifh2hdr.c
Sat Nov 23 15:23:02 2024
Writing: talsrcimg_g11.4dfp.hdr

Writing: talsrcimg_g11.4dfp.ifh
including: talsrcimg.4dfp.img.rec in talsrcimg_g11.4dfp.img.rec

---------------------------------------------------------------------
imgreg_4dfp /opt/freesurfer/average/711-2C_as_mni_average_305 none talsrcimg_g11 none talsrcimg_to_711-2C_as_mni_average_305_t4 4355
---------------------------------------------------------------------

freesurfer imgreg_4dfp.c
/opt/freesurfer/average/711-2C_as_mni_average_305.4dfp.img
       256       256       256         1
  1.000000  1.000000  1.000000
orientation T byte_order littleendian
Reading image: /opt/freesurfer/average/711-2C_as_mni_average_305.4dfp.img
dimensions:      256       256       256
mmppix:       1.0000   -1.0000   -1.0000
center:     128.0000 -129.0000 -129.0000
talsrcimg_g11.4dfp.img
       256       256       256         1
  1.000000  1.000000  1.000000
orientation T byte_order littleendian
Reading image: talsrcimg_g11.4dfp.img
dimensions:      256       256       256
mmppix:       1.0000   -1.0000   -1.0000
center:     128.0000 -129.0000 -129.0000
t4_read: open error in t4_sub.f l:  41 t4_file(1:l)talsrcimg_to_711-2C_as_mni_average_305_t4 
t4_read: transform initialized to I4
rotation matrix determinant  1.000000
image alignment mode   4355 decimal     1103 hex
   -7.5000  -45.0000  -45.0000 8694.5400   12.0055
    0.0000  -45.0000  -45.0000 8985.7031   12.0956
    7.5000  -45.0000  -45.0000 8588.1416   12.1209
   -7.5000  -37.5000  -45.0000 8882.0820   12.1096
    0.0000  -37.5000  -45.0000 9161.4736   12.1995
    7.5000  -37.5000  -45.0000 8760.6484   12.2256
   -7.5000  -30.0000  -45.0000 9244.9854   11.9979
    0.0000  -30.0000  -45.0000 9542.9531   12.0874
    7.5000  -30.0000  -45.0000 9101.8428   12.1133
   -7.5000  -22.5000  -45.0000 9528.4189   11.8927
    0.0000  -22.5000  -45.0000 9859.2617   11.9794
    7.5000  -22.5000  -45.0000 9382.2100   12.0019
   -7.5000  -15.0000  -45.0000 9754.1396   11.8010
    0.0000  -15.0000  -45.000010109.1611   11.8847
    7.5000  -15.0000  -45.0000 9599.9023   11.9034
   -7.5000   -7.5000  -45.0000 9987.7920   11.7313
    0.0000   -7.5000  -45.000010348.0479   11.8134
    7.5000   -7.5000  -45.0000 9821.0771   11.8301
   -7.5000    0.0000  -45.000010101.2266   11.6999
    0.0000    0.0000  -45.000010469.8184   11.7815
    7.5000    0.0000  -45.0000 9965.6797   11.7988
   -7.5000    7.5000  -45.0000 9577.2285   11.8695
    0.0000    7.5000  -45.0000 9890.2529   11.9524
    7.5000    7.5000  -45.0000 9425.3223   11.9722
   -7.5000   15.0000  -45.0000 9008.8574   12.1446
    0.0000   15.0000  -45.0000 9320.6230   12.2275
    7.5000   15.0000  -45.0000 8876.8281   12.2507
   -7.5000   22.5000  -45.0000 8458.3916   12.4982
    0.0000   22.5000  -45.0000 8707.0498   12.5799
    7.5000   22.5000  -45.0000 8321.7959   12.5999
   -7.5000   30.0000  -45.0000 7913.2075   12.7728
    0.0000   30.0000  -45.0000 8146.6479   12.8562
    7.5000   30.0000  -45.0000 7773.6011   12.8691
   -7.5000   37.5000  -45.0000 7705.5273   13.2469
    0.0000   37.5000  -45.0000 7919.9771   13.3336
    7.5000   37.5000  -45.0000 7530.2041   13.3412
   -7.5000   45.0000  -45.0000 7147.1309   13.4345
    0.0000   45.0000  -45.0000 7353.8936   13.5206
    7.5000   45.0000  -45.0000 6983.1675   13.5234
   -7.5000  -45.0000  -37.5000 9258.5518   11.7267
    0.0000  -45.0000  -37.5000 9556.1719   11.8093
    7.5000  -45.0000  -37.5000 9094.9697   11.8263
   -7.5000  -37.5000  -37.5000 9424.7734   11.8243
    0.0000  -37.5000  -37.5000 9735.7217   11.9063
    7.5000  -37.5000  -37.5000 9266.4893   11.9240
   -7.5000  -30.0000  -37.5000 9769.1943   11.7204
    0.0000  -30.0000  -37.500010119.8379   11.8013
    7.5000  -30.0000  -37.5000 9605.8633   11.8177
   -7.5000  -22.5000  -37.500010038.5371   11.6223
    0.0000  -22.5000  -37.500010443.8594   11.6999
    7.5000  -22.5000  -37.5000 9891.9365   11.7116
   -7.5000  -15.0000  -37.500010267.5664   11.5363
    0.0000  -15.0000  -37.500010668.6055   11.6111
    7.5000  -15.0000  -37.500010112.7549   11.6189
   -7.5000   -7.5000  -37.500010468.6641   11.4681
    0.0000   -7.5000  -37.500010863.6387   11.5423
    7.5000   -7.5000  -37.500010301.6729   11.5500
   -7.5000    0.0000  -37.500010556.2227   11.4336
    0.0000    0.0000  -37.500010951.3252   11.5083
    7.5000    0.0000  -37.500010419.4766   11.5183
   -7.5000    7.5000  -37.500010016.7100   11.5951
    0.0000    7.5000  -37.500010353.0820   11.6705
    7.5000    7.5000  -37.5000 9845.9033   11.6827
   -7.5000   15.0000  -37.5000 9416.0781   11.8612
    0.0000   15.0000  -37.5000 9759.0225   11.9355
    7.5000   15.0000  -37.5000 9262.4531   11.9483
   -7.5000   22.5000  -37.5000 8830.5400   12.1997
    0.0000   22.5000  -37.5000 9126.1377   12.2717
    7.5000   22.5000  -37.5000 8669.5127   12.2792
   -7.5000   30.0000  -37.5000 8230.3896   12.4589
    0.0000   30.0000  -37.5000 8486.1689   12.5321
    7.5000   30.0000  -37.5000 8069.3682   12.5330
   -7.5000   37.5000  -37.5000 7981.2280   12.9308
    0.0000   37.5000  -37.5000 8209.3877   13.0078
    7.5000   37.5000  -37.5000 7800.0981   13.0054
   -7.5000   45.0000  -37.5000 7396.6128   13.1204
    0.0000   45.0000  -37.5000 7618.7300   13.1974
    7.5000   45.0000  -37.5000 7241.9692   13.1907
   -7.5000  -45.0000  -30.0000 9968.3623   11.9500
    0.0000  -45.0000  -30.000010327.9883   12.0297
    7.5000  -45.0000  -30.0000 9792.8623   12.0404
   -7.5000  -37.5000  -30.000010134.9072   12.0435
    0.0000  -37.5000  -30.000010509.7646   12.1225
    7.5000  -37.5000  -30.0000 9962.6309   12.1339
   -7.5000  -30.0000  -30.000010483.7783   11.9405
    0.0000  -30.0000  -30.000010909.9668   12.0172
    7.5000  -30.0000  -30.000010322.4062   12.0266
   -7.5000  -22.5000  -30.000010789.6768   11.8456
    0.0000  -22.5000  -30.000011267.5498   11.9173
    7.5000  -22.5000  -30.000010634.2402   11.9214
   -7.5000  -15.0000  -30.000011013.0479   11.7623
    0.0000  -15.0000  -30.000011478.7715   11.8307
    7.5000  -15.0000  -30.000010860.3994   11.8308
   -7.5000   -7.5000  -30.000011206.2783   11.6951
    0.0000   -7.5000  -30.000011677.6709   11.7647
    7.5000   -7.5000  -30.000011073.3477   11.7656
   -7.5000    0.0000  -30.000011309.5498   11.6576
    0.0000    0.0000  -30.000011777.4805   11.7296
    7.5000    0.0000  -30.000011181.0654   11.7338
   -7.5000    7.5000  -30.000010690.4863   11.8153
    0.0000    7.5000  -30.000011103.8545   11.8880
    7.5000    7.5000  -30.000010518.6650   11.8942
   -7.5000   15.0000  -30.000010053.2002   12.0812
    0.0000   15.0000  -30.000010437.0615   12.1514
    7.5000   15.0000  -30.0000 9895.6230   12.1564
   -7.5000   22.5000  -30.0000 9419.0488   12.4190
    0.0000   22.5000  -30.0000 9759.3389   12.4845
    7.5000   22.5000  -30.0000 9246.2168   12.4832
   -7.5000   30.0000  -30.0000 8745.5781   12.6783
    0.0000   30.0000  -30.0000 9038.9375   12.7446
    7.5000   30.0000  -30.0000 8572.7842   12.7371
   -7.5000   37.5000  -30.0000 8439.7402   13.1528
    0.0000   37.5000  -30.0000 8725.9785   13.2241
    7.5000   37.5000  -30.0000 8289.8496   13.2141
   -7.5000   45.0000  -30.0000 7814.6528   13.3619
    0.0000   45.0000  -30.0000 8095.9043   13.4344
    7.5000   45.0000  -30.0000 7696.5757   13.4202
   -7.5000  -45.0000  -22.500010722.8604   12.1383
    0.0000  -45.0000  -22.500011127.9883   12.2185
    7.5000  -45.0000  -22.500010535.2568   12.2242
   -7.5000  -37.5000  -22.500010894.7021   12.2348
    0.0000  -37.5000  -22.500011340.0684   12.3152
    7.5000  -37.5000  -22.500010728.9727   12.3221
   -7.5000  -30.0000  -22.500011278.1875   12.1369
    0.0000  -30.0000  -22.500011767.2588   12.2145
    7.5000  -30.0000  -22.500011092.9092   12.2197
   -7.5000  -22.5000  -22.500011621.2383   12.0437
    0.0000  -22.5000  -22.500012134.7549   12.1143
    7.5000  -22.5000  -22.500011427.4902   12.1144
   -7.5000  -15.0000  -22.500011867.5439   11.9558
    0.0000  -15.0000  -22.500012382.4551   12.0218
    7.5000  -15.0000  -22.500011665.7617   12.0176
   -7.5000   -7.5000  -22.500012048.8447   11.8844
    0.0000   -7.5000  -22.500012587.0996   11.9524
    7.5000   -7.5000  -22.500011865.4736   11.9484
   -7.5000    0.0000  -22.500012134.6348   11.8468
    0.0000    0.0000  -22.500012669.0889   11.9192
    7.5000    0.0000  -22.500011970.5928   11.9186
   -7.5000    7.5000  -22.500011413.3545   12.0073
    0.0000    7.5000  -22.500011925.0137   12.0815
    7.5000    7.5000  -22.500011231.2793   12.0832
   -7.5000   15.0000  -22.500010724.4600   12.2772
    0.0000   15.0000  -22.500011182.1562   12.3482
    7.5000   15.0000  -22.500010545.0693   12.3494
   -7.5000   22.5000  -22.500010016.0020   12.6155
    0.0000   22.5000  -22.500010419.6445   12.6799
    7.5000   22.5000  -22.5000 9831.4336   12.6746
   -7.5000   30.0000  -22.5000 9285.8145   12.8686
    0.0000   30.0000  -22.5000 9642.9268   12.9329
    7.5000   30.0000  -22.5000 9099.4453   12.9203
   -7.5000   37.5000  -22.5000 8941.5469   13.3376
    0.0000   37.5000  -22.5000 9287.2529   13.4080
    7.5000   37.5000  -22.5000 8795.4453   13.3907
   -7.5000   45.0000  -22.5000 8284.9326   13.5667
    0.0000   45.0000  -22.5000 8608.7363   13.6402
    7.5000   45.0000  -22.5000 8153.3086   13.6200
   -7.5000  -45.0000  -15.000011596.4668   12.2762
    0.0000  -45.0000  -15.000012032.4844   12.3598
    7.5000  -45.0000  -15.000011394.3975   12.3722
   -7.5000  -37.5000  -15.000011808.5615   12.3770
    0.0000  -37.5000  -15.000012275.4707   12.4619
    7.5000  -37.5000  -15.000011590.7793   12.4748
   -7.5000  -30.0000  -15.000012242.9736   12.2788
    0.0000  -30.0000  -15.000012730.2715   12.3618
    7.5000  -30.0000  -15.000011992.2021   12.3729
   -7.5000  -22.5000  -15.000012595.5977   12.1819
    0.0000  -22.5000  -15.000013095.2041   12.2579
    7.5000  -22.5000  -15.000012335.3018   12.2651
   -7.5000  -15.0000  -15.000012805.4053   12.0891
    0.0000  -15.0000  -15.000013366.8867   12.1596
    7.5000  -15.0000  -15.000012560.6934   12.1634
   -7.5000   -7.5000  -15.000013003.5420   12.0173
    0.0000   -7.5000  -15.000013566.1582   12.0887
    7.5000   -7.5000  -15.000012735.7021   12.0920
   -7.5000    0.0000  -15.000013111.6094   11.9854
    0.0000    0.0000  -15.000013674.6094   12.0610
    7.5000    0.0000  -15.000012861.1387   12.0666
   -7.5000    7.5000  -15.000012299.7080   12.1498
    0.0000    7.5000  -15.000012854.3848   12.2285
    7.5000    7.5000  -15.000012053.6465   12.2358
   -7.5000   15.0000  -15.000011509.3047   12.4183
    0.0000   15.0000  -15.000012024.4922   12.4949
    7.5000   15.0000  -15.000011274.1641   12.5030
   -7.5000   22.5000  -15.000010714.0547   12.7527
    0.0000   22.5000  -15.000011192.7803   12.8233
    7.5000   22.5000  -15.000010495.2070   12.8263
   -7.5000   30.0000  -15.0000 9892.1621   12.9995
    0.0000   30.0000  -15.000010313.5039   13.0691
    7.5000   30.0000  -15.0000 9712.8428   13.0653
   -7.5000   37.5000  -15.0000 9480.5391   13.4693
    0.0000   37.5000  -15.0000 9876.2559   13.5446
    7.5000   37.5000  -15.0000 9346.1465   13.5350
   -7.5000   45.0000  -15.0000 8757.8496   13.7073
    0.0000   45.0000  -15.0000 9137.1162   13.7856
    7.5000   45.0000  -15.0000 8628.8838   13.7733
   -7.5000  -45.0000   -7.500012560.9746   12.3102
    0.0000  -45.0000   -7.500013031.0469   12.3958
    7.5000  -45.0000   -7.500012350.0791   12.4165
   -7.5000  -37.5000   -7.500012845.6904   12.4114
    0.0000  -37.5000   -7.500013332.4277   12.4987
    7.5000  -37.5000   -7.500012597.6016   12.5188
   -7.5000  -30.0000   -7.500013354.3770   12.3113
    0.0000  -30.0000   -7.500013865.1377   12.3988
    7.5000  -30.0000   -7.500013071.7920   12.4171
   -7.5000  -22.5000   -7.500013703.6455   12.2133
    0.0000  -22.5000   -7.500014235.4697   12.2958
    7.5000  -22.5000   -7.500013396.0811   12.3110
   -7.5000  -15.0000   -7.500013914.8418   12.1217
    0.0000  -15.0000   -7.500014479.6807   12.1992
    7.5000  -15.0000   -7.500013589.0352   12.2119
   -7.5000   -7.5000   -7.500014091.8457   12.0509
    0.0000   -7.5000   -7.500014678.2939   12.1269
    7.5000   -7.5000   -7.500013754.5039   12.1392
   -7.5000    0.0000   -7.500014214.0488   12.0212
    0.0000    0.0000   -7.500014813.5234   12.0989
    7.5000    0.0000   -7.500013891.4199   12.1123
   -7.5000    7.5000   -7.500013310.8330   12.1854
    0.0000    7.5000   -7.500013880.5957   12.2665
    7.5000    7.5000   -7.500013013.3428   12.2808
   -7.5000   15.0000   -7.500012390.9092   12.4495
    0.0000   15.0000   -7.500012951.5068   12.5306
    7.5000   15.0000   -7.500012131.8115   12.5465
   -7.5000   22.5000   -7.500011487.4043   12.7788
    0.0000   22.5000   -7.500012042.3652   12.8564
    7.5000   22.5000   -7.500011256.6777   12.8685
   -7.5000   30.0000   -7.500010587.4365   13.0239
    0.0000   30.0000   -7.500011094.9316   13.1006
    7.5000   30.0000   -7.500010404.4473   13.1069
   -7.5000   37.5000   -7.500010133.3076   13.4918
    0.0000   37.5000   -7.500010568.5713   13.5720
    7.5000   37.5000   -7.5000 9978.1777   13.5733
   -7.5000   45.0000   -7.5000 9318.5146   13.7260
    0.0000   45.0000   -7.5000 9702.1367   13.8066
    7.5000   45.0000   -7.5000 9172.1064   13.8046
   -7.5000  -45.0000    0.000013454.7178   12.2462
    0.0000  -45.0000    0.000014012.2637   12.3325
    7.5000  -45.0000    0.000013295.6338   12.3589
   -7.5000  -37.5000    0.000013830.7695   12.3461
    0.0000  -37.5000    0.000014401.1729   12.4336
    7.5000  -37.5000    0.000013605.7520   12.4601
   -7.5000  -30.0000    0.000014417.7949   12.2450
    0.0000  -30.0000    0.000015011.6895   12.3328
    7.5000  -30.0000    0.000014142.5664   12.3582
   -7.5000  -22.5000    0.000014772.7832   12.1461
    0.0000  -22.5000    0.000015340.2109   12.2301
    7.5000  -22.5000    0.000014464.9551   12.2519
   -7.5000  -15.0000    0.000014922.3262   12.0578
    0.0000  -15.0000    0.000015522.2432   12.1374
    7.5000  -15.0000    0.000014602.2646   12.1562
   -7.5000   -7.5000    0.000015093.0117   11.9898
    0.0000   -7.5000    0.000015710.6621   12.0676
    7.5000   -7.5000    0.000014781.2520   12.0857
   -7.5000    0.0000    0.000015235.0684   11.9605
    0.0000    0.0000    0.000015880.3867   12.0390
    7.5000    0.0000    0.000014928.6152   12.0580
   -7.5000    7.5000    0.000014279.6367   12.1226
    0.0000    7.5000    0.000014927.9902   12.2038
    7.5000    7.5000    0.000014017.3760   12.2245
   -7.5000   15.0000    0.000013290.4619   12.3814
    0.0000   15.0000    0.000013929.8096   12.4630
    7.5000   15.0000    0.000013030.1270   12.4858
   -7.5000   22.5000    0.000012275.9521   12.7038
    0.0000   22.5000    0.000012873.8105   12.7826
    7.5000   22.5000    0.000012040.7002   12.8021
   -7.5000   30.0000    0.000011298.0967   12.9468
    0.0000   30.0000    0.000011853.3027   13.0252
    7.5000   30.0000    0.000011094.5146   13.0386
   -7.5000   37.5000    0.000010832.0049   13.4087
    0.0000   37.5000    0.000011316.1250   13.4900
    7.5000   37.5000    0.000010623.5303   13.4996
   -7.5000   45.0000    0.0000 9915.0742   13.6378
    0.0000   45.0000    0.000010324.8545   13.7186
    7.5000   45.0000    0.0000 9754.2217   13.7241
   -7.5000  -45.0000    7.500013399.9414   12.2821
    0.0000  -45.0000    7.500013957.1006   12.3658
    7.5000  -45.0000    7.500013271.3145   12.3878
   -7.5000  -37.5000    7.500013753.8037   12.3791
    0.0000  -37.5000    7.500014337.6602   12.4630
    7.5000  -37.5000    7.500013566.0908   12.4859
   -7.5000  -30.0000    7.500014415.9785   12.2790
    0.0000  -30.0000    7.500015021.8291   12.3617
    7.5000  -30.0000    7.500014163.6152   12.3831
   -7.5000  -22.5000    7.500014772.1514   12.1827
    0.0000  -22.5000    7.500015370.4238   12.2612
    7.5000  -22.5000    7.500014523.6504   12.2775
   -7.5000  -15.0000    7.500014890.6299   12.0973
    0.0000  -15.0000    7.500015497.2539   12.1722
    7.5000  -15.0000    7.500014661.5059   12.1845
   -7.5000   -7.5000    7.500015055.1807   12.0290
    0.0000   -7.5000    7.500015681.8877   12.1037
    7.5000   -7.5000    7.500014819.6074   12.1160
   -7.5000    0.0000    7.500015175.8398   11.9943
    0.0000    0.0000    7.500015851.1260   12.0705
    7.5000    0.0000    7.500014923.0312   12.0853
   -7.5000    7.5000    7.500014212.8428   12.1542
    0.0000    7.5000    7.500014868.7109   12.2318
    7.5000    7.5000    7.500013971.9443   12.2492
   -7.5000   15.0000    7.500013221.7461   12.4170
    0.0000   15.0000    7.500013839.4971   12.4933
    7.5000   15.0000    7.500012970.5244   12.5112
   -7.5000   22.5000    7.500012229.8027   12.7437
    0.0000   22.5000    7.500012801.1016   12.8163
    7.5000   22.5000    7.500011970.9473   12.8290
   -7.5000   30.0000    7.500011265.0459   12.9926
    0.0000   30.0000    7.500011793.7178   13.0652
    7.5000   30.0000    7.500011029.1387   13.0716
   -7.5000   37.5000    7.500010796.5820   13.4546
    0.0000   37.5000    7.500011285.0723   13.5312
    7.5000   37.5000    7.500010564.0000   13.5351
   -7.5000   45.0000    7.5000 9881.5137   13.6848
    0.0000   45.0000    7.500010304.8779   13.7618
    7.5000   45.0000    7.5000 9680.1094   13.7616
   -7.5000  -45.0000   15.000013169.6016   12.3303
    0.0000  -45.0000   15.000013751.7822   12.4107
    7.5000  -45.0000   15.000013076.3848   12.4237
   -7.5000  -37.5000   15.000013447.5977   12.4259
    0.0000  -37.5000   15.000014076.3828   12.5058
    7.5000  -37.5000   15.000013338.9609   12.5206
   -7.5000  -30.0000   15.000014159.7910   12.3282
    0.0000  -30.0000   15.000014814.4092   12.4054
    7.5000  -30.0000   15.000014014.5342   12.4182
   -7.5000  -22.5000   15.000014667.7529   12.2347
    0.0000  -22.5000   15.000015305.5703   12.3062
    7.5000  -22.5000   15.000014501.5469   12.3126
   -7.5000  -15.0000   15.000014858.4990   12.1490
    0.0000  -15.0000   15.000015484.9150   12.2170
    7.5000  -15.0000   15.000014718.3223   12.2184
   -7.5000   -7.5000   15.000015019.8877   12.0788
    0.0000   -7.5000   15.000015612.2002   12.1485
    7.5000   -7.5000   15.000014828.5918   12.1506
   -7.5000    0.0000   15.000015042.9424   12.0402
    0.0000    0.0000   15.000015663.6182   12.1129
    7.5000    0.0000   15.000014816.4648   12.1194
   -7.5000    7.5000   15.000014025.1182   12.1996
    0.0000    7.5000   15.000014599.5244   12.2732
    7.5000    7.5000   15.000013787.8525   12.2827
   -7.5000   15.0000   15.000013035.9678   12.4679
    0.0000   15.0000   15.000013592.9512   12.5385
    7.5000   15.0000   15.000012790.4844   12.5471
   -7.5000   22.5000   15.000012080.3740   12.8003
    0.0000   22.5000   15.000012608.1064   12.8654
    7.5000   22.5000   15.000011816.8271   12.8667
   -7.5000   30.0000   15.000011115.9238   13.0530
    0.0000   30.0000   15.000011645.6055   13.1185
    7.5000   30.0000   15.000010888.8477   13.1125
   -7.5000   37.5000   15.000010638.8574   13.5162
    0.0000   37.5000   15.000011142.9219   13.5870
    7.5000   37.5000   15.000010421.3184   13.5788
   -7.5000   45.0000   15.0000 9727.7256   13.7496
    0.0000   45.0000   15.000010182.4346   13.8224
    7.5000   45.0000   15.0000 9534.3682   13.8113
   -7.5000  -45.0000   22.500012905.8379   12.3935
    0.0000  -45.0000   22.500013512.7334   12.4731
    7.5000  -45.0000   22.500012862.2383   12.4819
   -7.5000  -37.5000   22.500013099.9375   12.4913
    0.0000  -37.5000   22.500013740.5088   12.5709
    7.5000  -37.5000   22.500013061.1855   12.5812
   -7.5000  -30.0000   22.500013781.7607   12.3941
    0.0000  -30.0000   22.500014470.1836   12.4709
    7.5000  -30.0000   22.500013707.4717   12.4790
   -7.5000  -22.5000   22.500014471.8037   12.3004
    0.0000  -22.5000   22.500015189.5068   12.3704
    7.5000  -22.5000   22.500014340.8389   12.3727
   -7.5000  -15.0000   22.500014853.0498   12.2110
    0.0000  -15.0000   22.500015558.3477   12.2766
    7.5000  -15.0000   22.500014698.6055   12.2741
   -7.5000   -7.5000   22.500014959.7725   12.1385
    0.0000   -7.5000   22.500015579.7686   12.2060
    7.5000   -7.5000   22.500014732.4434   12.2042
   -7.5000    0.0000   22.500014867.1084   12.1007
    0.0000    0.0000   22.500015441.5674   12.1726
    7.5000    0.0000   22.500014608.8516   12.1749
   -7.5000    7.5000   22.500013804.3291   12.2629
    0.0000    7.5000   22.500014329.3857   12.3363
    7.5000    7.5000   22.500013535.4717   12.3412
   -7.5000   15.0000   22.500012799.8779   12.5350
    0.0000   15.0000   22.500013328.7207   12.6051
    7.5000   15.0000   22.500012532.6162   12.6093
   -7.5000   22.5000   22.500011830.3643   12.8725
    0.0000   22.5000   22.500012355.8984   12.9361
    7.5000   22.5000   22.500011559.0537   12.9331
   -7.5000   30.0000   22.500010896.2002   13.1260
    0.0000   30.0000   22.500011428.9131   13.1895
    7.5000   30.0000   22.500010670.0781   13.1790
   -7.5000   37.5000   22.500010397.0508   13.5946
    0.0000   37.5000   22.500010932.7109   13.6641
    7.5000   37.5000   22.500010191.8818   13.6496
   -7.5000   45.0000   22.5000 9472.8438   13.8331
    0.0000   45.0000   22.5000 9967.6230   13.9055
    7.5000   45.0000   22.5000 9288.4619   13.8891
   -7.5000  -45.0000   30.000012517.1885   12.4617
    0.0000  -45.0000   30.000013098.4580   12.5426
    7.5000  -45.0000   30.000012473.7373   12.5550
   -7.5000  -37.5000   30.000012675.3242   12.5657
    0.0000  -37.5000   30.000013257.9170   12.6477
    7.5000  -37.5000   30.000012632.4746   12.6601
   -7.5000  -30.0000   30.000013286.5479   12.4671
    0.0000  -30.0000   30.000013904.8623   12.5474
    7.5000  -30.0000   30.000013207.1582   12.5575
   -7.5000  -22.5000   30.000013941.9375   12.3695
    0.0000  -22.5000   30.000014660.3486   12.4431
    7.5000  -22.5000   30.000013795.9717   12.4492
   -7.5000  -15.0000   30.000014390.2646   12.2747
    0.0000  -15.0000   30.000015121.0674   12.3432
    7.5000  -15.0000   30.000014191.6914   12.3460
   -7.5000   -7.5000   30.000014466.8662   12.2003
    0.0000   -7.5000   30.000015137.3447   12.2695
    7.5000   -7.5000   30.000014241.7061   12.2725
   -7.5000    0.0000   30.000014334.4385   12.1670
    0.0000    0.0000   30.000014990.4053   12.2402
    7.5000    0.0000   30.000014116.1348   12.2455
   -7.5000    7.5000   30.000013338.9873   12.3348
    0.0000    7.5000   30.000013963.3584   12.4105
    7.5000    7.5000   30.000013120.7012   12.4174
   -7.5000   15.0000   30.000012357.1904   12.6091
    0.0000   15.0000   30.000012926.7471   12.6826
    7.5000   15.0000   30.000012142.7969   12.6898
   -7.5000   22.5000   30.000011393.1650   12.9488
    0.0000   22.5000   30.000011896.3477   13.0165
    7.5000   22.5000   30.000011174.0977   13.0181
   -7.5000   30.0000   30.000010494.9141   13.2011
    0.0000   30.0000   30.000010966.8086   13.2680
    7.5000   30.0000   30.000010300.3506   13.2630
   -7.5000   37.5000   30.000010027.9404   13.6772
    0.0000   37.5000   30.000010509.8799   13.7495
    7.5000   37.5000   30.0000 9840.1943   13.7392
   -7.5000   45.0000   30.0000 9096.8955   13.9225
    0.0000   45.0000   30.0000 9535.7520   13.9969
    7.5000   45.0000   30.0000 8937.6953   13.9842
   -7.5000  -45.0000   37.500012437.3789   12.4375
    0.0000  -45.0000   37.500012942.2295   12.5197
    7.5000  -45.0000   37.500012459.2803   12.5407
   -7.5000  -37.5000   37.500012615.2910   12.5472
    0.0000  -37.5000   37.500013126.7002   12.6311
    7.5000  -37.5000   37.500012641.3438   12.6516
   -7.5000  -30.0000   37.500013151.5205   12.4458
    0.0000  -30.0000   37.500013684.5605   12.5295
    7.5000  -30.0000   37.500013140.6846   12.5485
   -7.5000  -22.5000   37.500013750.8818   12.3436
    0.0000  -22.5000   37.500014358.6475   12.4219
    7.5000  -22.5000   37.500013689.4980   12.4379
   -7.5000  -15.0000   37.500014163.5127   12.2477
    0.0000  -15.0000   37.500014771.6035   12.3208
    7.5000  -15.0000   37.500014037.0361   12.3343
   -7.5000   -7.5000   37.500014226.1006   12.1751
    0.0000   -7.5000   37.500014801.9805   12.2472
    7.5000   -7.5000   37.500014107.6484   12.2600
   -7.5000    0.0000   37.500014151.4746   12.1467
    0.0000    0.0000   37.500014771.9170   12.2212
    7.5000    0.0000   37.500014031.8418   12.2347
   -7.5000    7.5000   37.500013209.8701   12.3168
    0.0000    7.5000   37.500013840.5479   12.3945
    7.5000    7.5000   37.500013092.3223   12.4091
   -7.5000   15.0000   37.500012225.6260   12.5867
    0.0000   15.0000   37.500012826.0547   12.6638
    7.5000   15.0000   37.500012083.6162   12.6805
   -7.5000   22.5000   37.500011249.2822   12.9204
    0.0000   22.5000   37.500011762.5029   12.9930
    7.5000   22.5000   37.500011078.5537   13.0061
   -7.5000   30.0000   37.500010347.8184   13.1694
    0.0000   30.0000   37.500010813.0996   13.2408
    7.5000   30.0000   37.500010171.8857   13.2478
   -7.5000   37.5000   37.5000 9876.3232   13.6464
    0.0000   37.5000   37.500010358.4189   13.7215
    7.5000   37.5000   37.5000 9712.0352   13.7231
   -7.5000   45.0000   37.5000 8950.3877   13.8919
    0.0000   45.0000   37.5000 9363.5938   13.9678
    7.5000   45.0000   37.5000 8821.7021   13.9657
   -7.5000  -45.0000   45.000011754.9316   12.4485
    0.0000  -45.0000   45.000012202.2656   12.5314
    7.5000  -45.0000   45.000011837.8867   12.5574
   -7.5000  -37.5000   45.000011926.8682   12.5591
    0.0000  -37.5000   45.000012378.4346   12.6432
    7.5000  -37.5000   45.000011993.3047   12.6693
   -7.5000  -30.0000   45.000012427.5322   12.4552
    0.0000  -30.0000   45.000012908.1797   12.5395
    7.5000  -30.0000   45.000012442.0781   12.5645
   -7.5000  -22.5000   45.000012948.3467   12.3522
    0.0000  -22.5000   45.000013494.2578   12.4325
    7.5000  -22.5000   45.000012932.8799   12.4538
   -7.5000  -15.0000   45.000013315.2578   12.2599
    0.0000  -15.0000   45.000013829.0029   12.3357
    7.5000  -15.0000   45.000013230.1084   12.3539
   -7.5000   -7.5000   45.000013418.2256   12.1887
    0.0000   -7.5000   45.000013905.5020   12.2630
    7.5000   -7.5000   45.000013320.2930   12.2805
   -7.5000    0.0000   45.000013372.5293   12.1583
    0.0000    0.0000   45.000013907.7998   12.2334
    7.5000    0.0000   45.000013292.9971   12.2518
   -7.5000    7.5000   45.000012457.2881   12.3274
    0.0000    7.5000   45.000013002.0088   12.4051
    7.5000    7.5000   45.000012376.2812   12.4251
   -7.5000   15.0000   45.000011507.0273   12.5973
    0.0000   15.0000   45.000012008.7432   12.6750
    7.5000   15.0000   45.000011392.9355   12.6973
   -7.5000   22.5000   45.000010579.6143   12.9335
    0.0000   22.5000   45.000011038.2783   13.0080
    7.5000   22.5000   45.000010466.3232   13.0267
   -7.5000   30.0000   45.0000 9736.4150   13.1898
    0.0000   30.0000   45.000010178.3389   13.2635
    7.5000   30.0000   45.0000 9592.0957   13.2759
   -7.5000   37.5000   45.0000 9261.6943   13.6724
    0.0000   37.5000   45.0000 9711.4912   13.7489
    7.5000   37.5000   45.0000 9112.1885   13.7572
   -7.5000   45.0000   45.0000 8386.7070   13.9275
    0.0000   45.0000   45.0000 8759.5166   14.0035
    7.5000   45.0000   45.0000 8269.4287   14.0073

---------------------------------------------------------------------
imgreg_4dfp /opt/freesurfer/average/711-2C_as_mni_average_305 /opt/freesurfer/average/711-2B_as_mni_average_305_mask talsrcimg_g11 none talsrcimg_to_711-2C_as_mni_average_305_t4 4355
---------------------------------------------------------------------

freesurfer imgreg_4dfp.c
/opt/freesurfer/average/711-2C_as_mni_average_305.4dfp.img
       256       256       256         1
  1.000000  1.000000  1.000000
orientation T byte_order littleendian
Reading image: /opt/freesurfer/average/711-2C_as_mni_average_305.4dfp.img
dimensions:      256       256       256
mmppix:       1.0000   -1.0000   -1.0000
center:     128.0000 -129.0000 -129.0000
/opt/freesurfer/average/711-2B_as_mni_average_305_mask.4dfp.img
       256       256       256         1
  1.000000  1.000000  1.000000
orientation T byte_order littleendian
Reading mask: /opt/freesurfer/average/711-2B_as_mni_average_305_mask.4dfp.img (2306576 pixels)
talsrcimg_g11.4dfp.img
       256       256       256         1
  1.000000  1.000000  1.000000
orientation T byte_order littleendian
Reading image: talsrcimg_g11.4dfp.img
dimensions:      256       256       256
mmppix:       1.0000   -1.0000   -1.0000
center:     128.0000 -129.0000 -129.0000
rotation matrix determinant  1.000000
image alignment mode   4355 decimal     1103 hex
   -7.5000  -45.0000  -45.0000 2155.2800   18.4292
    0.0000  -45.0000  -45.0000 2157.5645   18.4192
    7.5000  -45.0000  -45.0000 2124.3240   18.7685
   -7.5000  -37.5000  -45.0000 2169.2925   17.8696
    0.0000  -37.5000  -45.0000 2168.2302   17.9153
    7.5000  -37.5000  -45.0000 2141.9678   18.2292
   -7.5000  -30.0000  -45.0000 2182.9365   17.5744
    0.0000  -30.0000  -45.0000 2181.1062   17.6423
    7.5000  -30.0000  -45.0000 2152.4934   17.9361
   -7.5000  -22.5000  -45.0000 2182.9126   17.4083
    0.0000  -22.5000  -45.0000 2187.0000   17.4975
    7.5000  -22.5000  -45.0000 2158.0991   17.8359
   -7.5000  -15.0000  -45.0000 2174.4260   17.4960
    0.0000  -15.0000  -45.0000 2180.4136   17.6042
    7.5000  -15.0000  -45.0000 2151.8838   17.9384
   -7.5000   -7.5000  -45.0000 2171.0127   17.8344
    0.0000   -7.5000  -45.0000 2175.4062   17.9046
    7.5000   -7.5000  -45.0000 2140.6670   18.2738
   -7.5000    0.0000  -45.0000 2144.8811   18.4580
    0.0000    0.0000  -45.0000 2152.8574   18.4374
    7.5000    0.0000  -45.0000 2118.2124   18.8240
   -7.5000    7.5000  -45.0000 2114.8376   19.2942
    0.0000    7.5000  -45.0000 2118.8179   19.2603
    7.5000    7.5000  -45.0000 2083.5007   19.7124
   -7.5000   15.0000  -45.0000 2054.4021   20.4464
    0.0000   15.0000  -45.0000 2064.2002   20.4064
    7.5000   15.0000  -45.0000 2026.4164   20.8982
   -7.5000   22.5000  -45.0000 1987.4934   21.9459
    0.0000   22.5000  -45.0000 1992.9778   21.9177
    7.5000   22.5000  -45.0000 1969.7109   22.4303
   -7.5000   30.0000  -45.0000 1924.6510   23.9710
    0.0000   30.0000  -45.0000 1929.9358   23.8705
    7.5000   30.0000  -45.0000 1907.5182   24.4080
   -7.5000   37.5000  -45.0000 1861.5486   26.7066
    0.0000   37.5000  -45.0000 1866.1962   26.5817
    7.5000   37.5000  -45.0000 1841.0303   27.0065
   -7.5000   45.0000  -45.0000 1783.2190   30.3002
    0.0000   45.0000  -45.0000 1795.0707   30.1325
    7.5000   45.0000  -45.0000 1768.4642   30.4848
   -7.5000  -45.0000  -37.5000 2241.2019   16.8678
    0.0000  -45.0000  -37.5000 2247.5632   16.9366
    7.5000  -45.0000  -37.5000 2212.6375   17.1577
   -7.5000  -37.5000  -37.5000 2259.5376   16.4176
    0.0000  -37.5000  -37.5000 2261.7473   16.4791
    7.5000  -37.5000  -37.5000 2235.5308   16.7267
   -7.5000  -30.0000  -37.5000 2267.7390   16.1382
    0.0000  -30.0000  -37.5000 2269.7217   16.2679
    7.5000  -30.0000  -37.5000 2244.0168   16.5233
   -7.5000  -22.5000  -37.5000 2273.2793   16.0301
    0.0000  -22.5000  -37.5000 2283.7771   16.1515
    7.5000  -22.5000  -37.5000 2250.6326   16.4003
   -7.5000  -15.0000  -37.5000 2272.9302   16.0595
    0.0000  -15.0000  -37.5000 2280.4382   16.1999
    7.5000  -15.0000  -37.5000 2249.0500   16.4224
   -7.5000   -7.5000  -37.5000 2263.6040   16.3299
    0.0000   -7.5000  -37.5000 2268.7534   16.4269
    7.5000   -7.5000  -37.5000 2235.6023   16.6836
   -7.5000    0.0000  -37.5000 2229.8306   16.8710
    0.0000    0.0000  -37.5000 2241.2219   16.8865
    7.5000    0.0000  -37.5000 2204.9946   17.1724
   -7.5000    7.5000  -37.5000 2200.1951   17.7189
    0.0000    7.5000  -37.5000 2207.7046   17.6954
    7.5000    7.5000  -37.5000 2168.3538   17.9609
   -7.5000   15.0000  -37.5000 2139.6160   18.8050
    0.0000   15.0000  -37.5000 2156.2002   18.7906
    7.5000   15.0000  -37.5000 2115.6729   19.0728
   -7.5000   22.5000  -37.5000 2073.4189   20.1500
    0.0000   22.5000  -37.5000 2080.9011   20.1035
    7.5000   22.5000  -37.5000 2056.5925   20.4676
   -7.5000   30.0000  -37.5000 2005.2327   21.9374
    0.0000   30.0000  -37.5000 2008.2932   21.8310
    7.5000   30.0000  -37.5000 1987.6232   22.2226
   -7.5000   37.5000  -37.5000 1927.3883   24.4093
    0.0000   37.5000  -37.5000 1931.7382   24.2393
    7.5000   37.5000  -37.5000 1909.0277   24.6201
   -7.5000   45.0000  -37.5000 1835.7314   27.7166
    0.0000   45.0000  -37.5000 1852.2212   27.4087
    7.5000   45.0000  -37.5000 1826.1333   27.7408
   -7.5000  -45.0000  -30.0000 2364.5588   15.9866
    0.0000  -45.0000  -30.0000 2371.2251   16.0782
    7.5000  -45.0000  -30.0000 2339.4661   16.2456
   -7.5000  -37.5000  -30.0000 2389.9563   15.6413
    0.0000  -37.5000  -30.0000 2392.2751   15.7458
    7.5000  -37.5000  -30.0000 2361.8452   15.9595
   -7.5000  -30.0000  -30.0000 2395.7646   15.4094
    0.0000  -30.0000  -30.0000 2403.1021   15.5507
    7.5000  -30.0000  -30.0000 2370.4238   15.7298
   -7.5000  -22.5000  -30.0000 2411.8730   15.2654
    0.0000  -22.5000  -30.0000 2424.9229   15.3909
    7.5000  -22.5000  -30.0000 2386.7373   15.5481
   -7.5000  -15.0000  -30.0000 2415.1462   15.2876
    0.0000  -15.0000  -30.0000 2427.6072   15.3905
    7.5000  -15.0000  -30.0000 2387.1318   15.5482
   -7.5000   -7.5000  -30.0000 2407.6853   15.5646
    0.0000   -7.5000  -30.0000 2421.2354   15.6446
    7.5000   -7.5000  -30.0000 2384.5115   15.7697
   -7.5000    0.0000  -30.0000 2372.1855   16.0804
    0.0000    0.0000  -30.0000 2388.5413   16.1303
    7.5000    0.0000  -30.0000 2350.2090   16.2682
   -7.5000    7.5000  -30.0000 2327.8157   16.8727
    0.0000    7.5000  -30.0000 2345.7549   16.8650
    7.5000    7.5000  -30.0000 2305.5195   17.0033
   -7.5000   15.0000  -30.0000 2269.1240   17.8166
    0.0000   15.0000  -30.0000 2280.8269   17.8106
    7.5000   15.0000  -30.0000 2248.0269   18.0176
   -7.5000   22.5000  -30.0000 2205.2551   19.0463
    0.0000   22.5000  -30.0000 2212.3755   18.9898
    7.5000   22.5000  -30.0000 2186.3064   19.2459
   -7.5000   30.0000  -30.0000 2124.5620   20.7120
    0.0000   30.0000  -30.0000 2125.6143   20.6076
    7.5000   30.0000  -30.0000 2105.9189   20.8799
   -7.5000   37.5000  -30.0000 2039.8483   22.9353
    0.0000   37.5000  -30.0000 2049.7839   22.8210
    7.5000   37.5000  -30.0000 2029.3312   23.1303
   -7.5000   45.0000  -30.0000 1945.2423   25.9480
    0.0000   45.0000  -30.0000 1966.1506   25.7925
    7.5000   45.0000  -30.0000 1936.9136   26.0985
   -7.5000  -45.0000  -22.5000 2478.1418   15.1104
    0.0000  -45.0000  -22.5000 2480.5371   15.2361
    7.5000  -45.0000  -22.5000 2450.1626   15.3636
   -7.5000  -37.5000  -22.5000 2499.5212   14.8428
    0.0000  -37.5000  -22.5000 2508.7551   14.9462
    7.5000  -37.5000  -22.5000 2469.7590   15.1325
   -7.5000  -30.0000  -22.5000 2509.1936   14.6353
    0.0000  -30.0000  -22.5000 2522.0400   14.7557
    7.5000  -30.0000  -22.5000 2476.5044   14.8966
   -7.5000  -22.5000  -22.5000 2527.1489   14.4583
    0.0000  -22.5000  -22.5000 2541.3108   14.5614
    7.5000  -22.5000  -22.5000 2498.8845   14.6866
   -7.5000  -15.0000  -22.5000 2537.1580   14.4627
    0.0000  -15.0000  -22.5000 2553.0139   14.5457
    7.5000  -15.0000  -22.5000 2507.9595   14.6760
   -7.5000   -7.5000  -22.5000 2530.7371   14.7678
    0.0000   -7.5000  -22.5000 2551.4026   14.8562
    7.5000   -7.5000  -22.5000 2503.3315   14.9264
   -7.5000    0.0000  -22.5000 2489.3918   15.2265
    0.0000    0.0000  -22.5000 2507.0845   15.2917
    7.5000    0.0000  -22.5000 2463.4941   15.3872
   -7.5000    7.5000  -22.5000 2437.1519   15.9131
    0.0000    7.5000  -22.5000 2462.1787   15.9976
    7.5000    7.5000  -22.5000 2414.8430   16.0770
   -7.5000   15.0000  -22.5000 2372.9695   16.7603
    0.0000   15.0000  -22.5000 2383.9524   16.7982
    7.5000   15.0000  -22.5000 2355.0020   16.9075
   -7.5000   22.5000  -22.5000 2305.1270   17.8584
    0.0000   22.5000  -22.5000 2312.5000   17.8212
    7.5000   22.5000  -22.5000 2290.2954   17.9972
   -7.5000   30.0000  -22.5000 2220.1589   19.3954
    0.0000   30.0000  -22.5000 2222.9321   19.3410
    7.5000   30.0000  -22.5000 2200.8059   19.5301
   -7.5000   37.5000  -22.5000 2132.1672   21.4678
    0.0000   37.5000  -22.5000 2143.3696   21.4113
    7.5000   37.5000  -22.5000 2119.9988   21.5896
   -7.5000   45.0000  -22.5000 2037.3472   24.1957
    0.0000   45.0000  -22.5000 2056.8145   24.1137
    7.5000   45.0000  -22.5000 2023.7930   24.3775
   -7.5000  -45.0000  -15.0000 2568.8096   14.2758
    0.0000  -45.0000  -15.0000 2577.0327   14.3959
    7.5000  -45.0000  -15.0000 2541.1938   14.5182
   -7.5000  -37.5000  -15.0000 2585.2090   14.0265
    0.0000  -37.5000  -15.0000 2596.4673   14.1450
    7.5000  -37.5000  -15.0000 2554.6396   14.2862
   -7.5000  -30.0000  -15.0000 2600.7068   13.8255
    0.0000  -30.0000  -15.0000 2612.8579   13.9181
    7.5000  -30.0000  -15.0000 2562.5557   14.0345
   -7.5000  -22.5000  -15.0000 2612.2458   13.6599
    0.0000  -22.5000  -15.0000 2625.3103   13.7795
    7.5000  -22.5000  -15.0000 2583.0244   13.8853
   -7.5000  -15.0000  -15.0000 2614.3552   13.6973
    0.0000  -15.0000  -15.0000 2630.8987   13.7728
    7.5000  -15.0000  -15.0000 2590.6111   13.8899
   -7.5000   -7.5000  -15.0000 2608.9768   13.9734
    0.0000   -7.5000  -15.0000 2631.3418   14.0710
    7.5000   -7.5000  -15.0000 2582.8804   14.1044
   -7.5000    0.0000  -15.0000 2575.2710   14.3764
    0.0000    0.0000  -15.0000 2590.0728   14.4882
    7.5000    0.0000  -15.0000 2551.3210   14.5503
   -7.5000    7.5000  -15.0000 2525.3071   15.0118
    0.0000    7.5000  -15.0000 2544.8787   15.1086
    7.5000    7.5000  -15.0000 2500.9395   15.1810
   -7.5000   15.0000  -15.0000 2458.7083   15.8255
    0.0000   15.0000  -15.0000 2473.7769   15.9051
    7.5000   15.0000  -15.0000 2436.7131   15.9643
   -7.5000   22.5000  -15.0000 2390.3867   16.8211
    0.0000   22.5000  -15.0000 2401.4016   16.8472
    7.5000   22.5000  -15.0000 2368.9624   16.9792
   -7.5000   30.0000  -15.0000 2298.8481   18.2313
    0.0000   30.0000  -15.0000 2304.5813   18.2037
    7.5000   30.0000  -15.0000 2282.8391   18.3939
   -7.5000   37.5000  -15.0000 2204.8677   20.1038
    0.0000   37.5000  -15.0000 2212.0200   20.0850
    7.5000   37.5000  -15.0000 2193.8152   20.2468
   -7.5000   45.0000  -15.0000 2106.8882   22.6296
    0.0000   45.0000  -15.0000 2130.6438   22.5399
    7.5000   45.0000  -15.0000 2093.5117   22.7897
   -7.5000  -45.0000   -7.5000 2647.0364   13.4467
    0.0000  -45.0000   -7.5000 2653.6924   13.5210
    7.5000  -45.0000   -7.5000 2611.9587   13.6923
   -7.5000  -37.5000   -7.5000 2663.3293   13.2211
    0.0000  -37.5000   -7.5000 2672.8489   13.3027
    7.5000  -37.5000   -7.5000 2630.2332   13.4357
   -7.5000  -30.0000   -7.5000 2676.7942   13.0382
    0.0000  -30.0000   -7.5000 2689.6121   13.1070
    7.5000  -30.0000   -7.5000 2645.8013   13.2421
   -7.5000  -22.5000   -7.5000 2685.9734   12.9421
    0.0000  -22.5000   -7.5000 2698.3130   13.0149
    7.5000  -22.5000   -7.5000 2656.1401   13.1174
   -7.5000  -15.0000   -7.5000 2684.0957   12.9687
    0.0000  -15.0000   -7.5000 2693.7100   13.0668
    7.5000  -15.0000   -7.5000 2653.2891   13.1515
   -7.5000   -7.5000   -7.5000 2673.2898   13.1999
    0.0000   -7.5000   -7.5000 2691.5608   13.2938
    7.5000   -7.5000   -7.5000 2645.4099   13.3761
   -7.5000    0.0000   -7.5000 2648.7236   13.5991
    0.0000    0.0000   -7.5000 2666.2219   13.7112
    7.5000    0.0000   -7.5000 2626.4490   13.7742
   -7.5000    7.5000   -7.5000 2602.1943   14.1868
    0.0000    7.5000   -7.5000 2621.6956   14.2833
    7.5000    7.5000   -7.5000 2577.0344   14.3443
   -7.5000   15.0000   -7.5000 2532.6372   14.9421
    0.0000   15.0000   -7.5000 2550.1846   15.0513
    7.5000   15.0000   -7.5000 2509.8347   15.1311
   -7.5000   22.5000   -7.5000 2456.1848   15.9119
    0.0000   22.5000   -7.5000 2476.4744   15.9852
    7.5000   22.5000   -7.5000 2435.5317   16.0897
   -7.5000   30.0000   -7.5000 2364.0190   17.2068
    0.0000   30.0000   -7.5000 2377.3054   17.2502
    7.5000   30.0000   -7.5000 2352.4844   17.3826
   -7.5000   37.5000   -7.5000 2264.5059   18.9623
    0.0000   37.5000   -7.5000 2275.8274   18.9513
    7.5000   37.5000   -7.5000 2258.5708   19.1636
   -7.5000   45.0000   -7.5000 2155.2439   21.3221
    0.0000   45.0000   -7.5000 2172.3330   21.2473
    7.5000   45.0000   -7.5000 2149.1582   21.4561
   -7.5000  -45.0000    0.0000 2701.4609   12.6758
    0.0000  -45.0000    0.0000 2711.3293   12.7610
    7.5000  -45.0000    0.0000 2674.8257   12.9315
   -7.5000  -37.5000    0.0000 2724.9866   12.5218
    0.0000  -37.5000    0.0000 2736.8958   12.5626
    7.5000  -37.5000    0.0000 2697.0168   12.7340
   -7.5000  -30.0000    0.0000 2739.0376   12.4000
    0.0000  -30.0000    0.0000 2755.1326   12.4399
    7.5000  -30.0000    0.0000 2708.7068   12.5855
   -7.5000  -22.5000    0.0000 2742.3838   12.3127
    0.0000  -22.5000    0.0000 2763.5251   12.3546
    7.5000  -22.5000    0.0000 2714.6135   12.4819
   -7.5000  -15.0000    0.0000 2739.1826   12.3334
    0.0000  -15.0000    0.0000 2757.3115   12.3997
    7.5000  -15.0000    0.0000 2707.3591   12.5071
   -7.5000   -7.5000    0.0000 2728.7339   12.5636
    0.0000   -7.5000    0.0000 2746.7578   12.6417
    7.5000   -7.5000    0.0000 2708.1147   12.7493
   -7.5000    0.0000    0.0000 2699.6057   12.9622
    0.0000    0.0000    0.0000 2723.8418   13.0497
    7.5000    0.0000    0.0000 2689.2141   13.1501
   -7.5000    7.5000    0.0000 2657.4570   13.5615
    0.0000    7.5000    0.0000 2683.7429   13.6329
    7.5000    7.5000    0.0000 2646.5933   13.7465
   -7.5000   15.0000    0.0000 2595.0305   14.3050
    0.0000   15.0000    0.0000 2620.9741   14.3870
    7.5000   15.0000    0.0000 2577.7327   14.4686
   -7.5000   22.5000    0.0000 2513.5364   15.2305
    0.0000   22.5000    0.0000 2539.7144   15.2860
    7.5000   22.5000    0.0000 2498.1582   15.4035
   -7.5000   30.0000    0.0000 2417.9551   16.5029
    0.0000   30.0000    0.0000 2437.6506   16.5107
    7.5000   30.0000    0.0000 2409.4121   16.6300
   -7.5000   37.5000    0.0000 2318.1287   18.1458
    0.0000   37.5000    0.0000 2333.4260   18.1309
    7.5000   37.5000    0.0000 2310.2397   18.3321
   -7.5000   45.0000    0.0000 2190.2766   20.3183
    0.0000   45.0000    0.0000 2205.6614   20.2338
    7.5000   45.0000    0.0000 2190.7034   20.4623
   -7.5000  -45.0000    7.5000 2750.7690   12.0622
    0.0000  -45.0000    7.5000 2761.6855   12.1041
    7.5000  -45.0000    7.5000 2726.4873   12.3112
   -7.5000  -37.5000    7.5000 2765.2776   11.9279
    0.0000  -37.5000    7.5000 2778.3794   11.9505
    7.5000  -37.5000    7.5000 2738.9092   12.1521
   -7.5000  -30.0000    7.5000 2780.7751   11.8676
    0.0000  -30.0000    7.5000 2797.5046   11.8546
    7.5000  -30.0000    7.5000 2753.2910   12.0546
   -7.5000  -22.5000    7.5000 2788.6592   11.8272
    0.0000  -22.5000    7.5000 2818.1401   11.8094
    7.5000  -22.5000    7.5000 2764.4438   12.0277
   -7.5000  -15.0000    7.5000 2784.7385   11.8277
    0.0000  -15.0000    7.5000 2815.5276   11.8293
    7.5000  -15.0000    7.5000 2761.0964   12.0642
   -7.5000   -7.5000    7.5000 2774.0779   12.0801
    0.0000   -7.5000    7.5000 2799.5796   12.0805
    7.5000   -7.5000    7.5000 2754.7551   12.2975
   -7.5000    0.0000    7.5000 2741.7554   12.5461
    0.0000    0.0000    7.5000 2770.1589   12.5405
    7.5000    0.0000    7.5000 2728.9622   12.7267
   -7.5000    7.5000    7.5000 2700.4358   13.0901
    0.0000    7.5000    7.5000 2726.3381   13.1154
    7.5000    7.5000    7.5000 2688.3096   13.2683
   -7.5000   15.0000    7.5000 2641.3979   13.7593
    0.0000   15.0000    7.5000 2668.5330   13.7908
    7.5000   15.0000    7.5000 2623.1201   13.9752
   -7.5000   22.5000    7.5000 2559.2769   14.6700
    0.0000   22.5000    7.5000 2590.1948   14.6884
    7.5000   22.5000    7.5000 2548.0210   14.8851
   -7.5000   30.0000    7.5000 2460.9106   15.9645
    0.0000   30.0000    7.5000 2486.5098   15.9344
    7.5000   30.0000    7.5000 2452.8313   16.1148
   -7.5000   37.5000    7.5000 2359.8787   17.5932
    0.0000   37.5000    7.5000 2377.3660   17.5828
    7.5000   37.5000    7.5000 2351.3171   17.7426
   -7.5000   45.0000    7.5000 2224.4248   19.6474
    0.0000   45.0000    7.5000 2236.8940   19.5884
    7.5000   45.0000    7.5000 2224.8191   19.7537
   -7.5000  -45.0000   15.0000 2775.1821   11.5396
    0.0000  -45.0000   15.0000 2784.3647   11.5709
    7.5000  -45.0000   15.0000 2748.8489   11.8070
   -7.5000  -37.5000   15.0000 2782.6125   11.4459
    0.0000  -37.5000   15.0000 2796.7798   11.4423
    7.5000  -37.5000   15.0000 2759.0811   11.6822
   -7.5000  -30.0000   15.0000 2793.8040   11.4278
    0.0000  -30.0000   15.0000 2812.5554   11.4079
    7.5000  -30.0000   15.0000 2778.4231   11.6177
   -7.5000  -22.5000   15.0000 2809.7578   11.5359
    0.0000  -22.5000   15.0000 2837.2092   11.4794
    7.5000  -22.5000   15.0000 2792.2124   11.7370
   -7.5000  -15.0000   15.0000 2805.9104   11.6000
    0.0000  -15.0000   15.0000 2841.5027   11.5454
    7.5000  -15.0000   15.0000 2793.1721   11.8629
   -7.5000   -7.5000   15.0000 2800.4746   11.8107
    0.0000   -7.5000   15.0000 2826.2937   11.7209
    7.5000   -7.5000   15.0000 2784.1470   12.0493
   -7.5000    0.0000   15.0000 2767.6614   12.2506
    0.0000    0.0000   15.0000 2796.3091   12.1552
    7.5000    0.0000   15.0000 2754.1794   12.3804
   -7.5000    7.5000   15.0000 2722.7810   12.7464
    0.0000    7.5000   15.0000 2741.4507   12.7020
    7.5000    7.5000   15.0000 2707.5530   12.8645
   -7.5000   15.0000   15.0000 2658.3276   13.4278
    0.0000   15.0000   15.0000 2677.5662   13.3836
    7.5000   15.0000   15.0000 2643.2190   13.5871
   -7.5000   22.5000   15.0000 2583.3994   14.3847
    0.0000   22.5000   15.0000 2607.1514   14.3358
    7.5000   22.5000   15.0000 2572.3887   14.5185
   -7.5000   30.0000   15.0000 2482.0127   15.7397
    0.0000   30.0000   15.0000 2507.3521   15.6852
    7.5000   30.0000   15.0000 2478.2883   15.8193
   -7.5000   37.5000   15.0000 2378.5527   17.3411
    0.0000   37.5000   15.0000 2398.1133   17.2830
    7.5000   37.5000   15.0000 2374.6812   17.3853
   -7.5000   45.0000   15.0000 2247.5027   19.3455
    0.0000   45.0000   15.0000 2255.3320   19.2560
    7.5000   45.0000   15.0000 2241.1851   19.3197
   -7.5000  -45.0000   22.5000 2789.1912   11.1573
    0.0000  -45.0000   22.5000 2800.2908   11.1845
    7.5000  -45.0000   22.5000 2764.7500   11.4347
   -7.5000  -37.5000   22.5000 2794.6587   11.0838
    0.0000  -37.5000   22.5000 2809.8984   11.0619
    7.5000  -37.5000   22.5000 2778.6855   11.3402
   -7.5000  -30.0000   22.5000 2806.5354   11.1328
    0.0000  -30.0000   22.5000 2815.0251   11.1158
    7.5000  -30.0000   22.5000 2794.4668   11.3794
   -7.5000  -22.5000   22.5000 2821.8542   11.3973
    0.0000  -22.5000   22.5000 2842.2002   11.3787
    7.5000  -22.5000   22.5000 2814.4109   11.5856
   -7.5000  -15.0000   22.5000 2829.9978   11.6756
    0.0000  -15.0000   22.5000 2864.4155   11.6056
    7.5000  -15.0000   22.5000 2819.6042   11.8432
   -7.5000   -7.5000   22.5000 2830.2695   11.7812
    0.0000   -7.5000   22.5000 2860.1433   11.6725
    7.5000   -7.5000   22.5000 2811.1948   11.9621
   -7.5000    0.0000   22.5000 2791.3948   12.0866
    0.0000    0.0000   22.5000 2814.4121   11.9670
    7.5000    0.0000   22.5000 2778.3486   12.2187
   -7.5000    7.5000   22.5000 2738.4287   12.6029
    0.0000    7.5000   22.5000 2749.0654   12.5261
    7.5000    7.5000   22.5000 2723.1008   12.7112
   -7.5000   15.0000   22.5000 2668.6167   13.3053
    0.0000   15.0000   22.5000 2684.3303   13.2825
    7.5000   15.0000   22.5000 2653.7949   13.4186
   -7.5000   22.5000   22.5000 2589.9023   14.2811
    0.0000   22.5000   22.5000 2609.1812   14.2837
    7.5000   22.5000   22.5000 2575.8643   14.3658
   -7.5000   30.0000   22.5000 2493.2383   15.6199
    0.0000   30.0000   22.5000 2515.3191   15.6291
    7.5000   30.0000   22.5000 2483.5649   15.6823
   -7.5000   37.5000   22.5000 2373.3542   17.2403
    0.0000   37.5000   22.5000 2396.7280   17.2587
    7.5000   37.5000   22.5000 2371.8147   17.2772
   -7.5000   45.0000   22.5000 2251.1602   19.2412
    0.0000   45.0000   22.5000 2266.6265   19.2419
    7.5000   45.0000   22.5000 2243.6125   19.1945
   -7.5000  -45.0000   30.0000 2787.7747   10.8771
    0.0000  -45.0000   30.0000 2794.7803   10.8619
    7.5000  -45.0000   30.0000 2764.6553   11.1925
   -7.5000  -37.5000   30.0000 2796.4036   10.8332
    0.0000  -37.5000   30.0000 2805.9116   10.8408
    7.5000  -37.5000   30.0000 2781.4958   11.1699
   -7.5000  -30.0000   30.0000 2811.3733   11.0021
    0.0000  -30.0000   30.0000 2821.9719   10.9895
    7.5000  -30.0000   30.0000 2795.2217   11.2753
   -7.5000  -22.5000   30.0000 2825.7136   11.3354
    0.0000  -22.5000   30.0000 2849.0928   11.2895
    7.5000  -22.5000   30.0000 2813.8408   11.5260
   -7.5000  -15.0000   30.0000 2830.0217   11.6851
    0.0000  -15.0000   30.0000 2867.3655   11.6504
    7.5000  -15.0000   30.0000 2819.6353   11.8214
   -7.5000   -7.5000   30.0000 2824.8076   11.8361
    0.0000   -7.5000   30.0000 2863.8862   11.7785
    7.5000   -7.5000   30.0000 2806.8130   12.0077
   -7.5000    0.0000   30.0000 2786.8699   12.1237
    0.0000    0.0000   30.0000 2815.3120   12.0834
    7.5000    0.0000   30.0000 2772.7742   12.2943
   -7.5000    7.5000   30.0000 2743.6707   12.7056
    0.0000    7.5000   30.0000 2762.5315   12.7059
    7.5000    7.5000   30.0000 2725.6938   12.8336
   -7.5000   15.0000   30.0000 2665.9265   13.4738
    0.0000   15.0000   30.0000 2686.1865   13.4685
    7.5000   15.0000   30.0000 2648.2468   13.5746
   -7.5000   22.5000   30.0000 2575.9895   14.4451
    0.0000   22.5000   30.0000 2597.7314   14.4342
    7.5000   22.5000   30.0000 2562.2251   14.5293
   -7.5000   30.0000   30.0000 2479.2605   15.6540
    0.0000   30.0000   30.0000 2500.3823   15.6700
    7.5000   30.0000   30.0000 2467.2593   15.7399
   -7.5000   37.5000   30.0000 2365.2200   17.2076
    0.0000   37.5000   30.0000 2394.4824   17.2117
    7.5000   37.5000   30.0000 2363.4006   17.2979
   -7.5000   45.0000   30.0000 2242.5142   19.1851
    0.0000   45.0000   30.0000 2259.0122   19.1666
    7.5000   45.0000   30.0000 2236.4507   19.1954
   -7.5000  -45.0000   37.5000 2770.0752   10.8145
    0.0000  -45.0000   37.5000 2775.3296   10.7420
    7.5000  -45.0000   37.5000 2754.8467   11.1758
   -7.5000  -37.5000   37.5000 2790.7927   10.8346
    0.0000  -37.5000   37.5000 2799.3452   10.7697
    7.5000  -37.5000   37.5000 2775.7793   11.1770
   -7.5000  -30.0000   37.5000 2809.4634   10.9548
    0.0000  -30.0000   37.5000 2824.5537   10.8871
    7.5000  -30.0000   37.5000 2792.6938   11.2524
   -7.5000  -22.5000   37.5000 2825.9888   11.2745
    0.0000  -22.5000   37.5000 2852.4299   11.1861
    7.5000  -22.5000   37.5000 2810.4053   11.4987
   -7.5000  -15.0000   37.5000 2829.2136   11.6365
    0.0000  -15.0000   37.5000 2865.1599   11.5554
    7.5000  -15.0000   37.5000 2814.8606   11.8107
   -7.5000   -7.5000   37.5000 2813.5559   11.8999
    0.0000   -7.5000   37.5000 2845.7727   11.7734
    7.5000   -7.5000   37.5000 2802.4021   12.0811
   -7.5000    0.0000   37.5000 2771.2559   12.2898
    0.0000    0.0000   37.5000 2798.5679   12.2018
    7.5000    0.0000   37.5000 2761.3967   12.4396
   -7.5000    7.5000   37.5000 2723.9412   12.9100
    0.0000    7.5000   37.5000 2747.0220   12.9127
    7.5000    7.5000   37.5000 2715.7061   13.0682
   -7.5000   15.0000   37.5000 2643.4177   13.7353
    0.0000   15.0000   37.5000 2674.0530   13.7635
    7.5000   15.0000   37.5000 2633.1841   13.8678
   -7.5000   22.5000   37.5000 2547.5796   14.7246
    0.0000   22.5000   37.5000 2571.5464   14.7443
    7.5000   22.5000   37.5000 2533.2549   14.8432
   -7.5000   30.0000   37.5000 2443.5076   15.8899
    0.0000   30.0000   37.5000 2461.8259   15.9027
    7.5000   30.0000   37.5000 2427.8145   15.9930
   -7.5000   37.5000   37.5000 2342.5598   17.3748
    0.0000   37.5000   37.5000 2367.7812   17.3617
    7.5000   37.5000   37.5000 2338.5220   17.4568
   -7.5000   45.0000   37.5000 2218.3411   19.2493
    0.0000   45.0000   37.5000 2245.0598   19.2140
    7.5000   45.0000   37.5000 2224.7209   19.3219
   -7.5000  -45.0000   45.0000 2759.1321   10.9594
    0.0000  -45.0000   45.0000 2766.7183   10.8513
    7.5000  -45.0000   45.0000 2748.2603   11.3111
   -7.5000  -37.5000   45.0000 2774.6943   10.9749
    0.0000  -37.5000   45.0000 2786.9880   10.8689
    7.5000  -37.5000   45.0000 2759.1812   11.2930
   -7.5000  -30.0000   45.0000 2791.0413   11.1100
    0.0000  -30.0000   45.0000 2808.2549   11.0353
    7.5000  -30.0000   45.0000 2774.0383   11.3825
   -7.5000  -22.5000   45.0000 2807.0259   11.4088
    0.0000  -22.5000   45.0000 2833.3850   11.3270
    7.5000  -22.5000   45.0000 2791.7708   11.6063
   -7.5000  -15.0000   45.0000 2814.6851   11.7339
    0.0000  -15.0000   45.0000 2839.5012   11.6531
    7.5000  -15.0000   45.0000 2794.5254   11.9176
   -7.5000   -7.5000   45.0000 2795.3740   12.0833
    0.0000   -7.5000   45.0000 2813.7654   11.9673
    7.5000   -7.5000   45.0000 2774.7058   12.2829
   -7.5000    0.0000   45.0000 2745.2478   12.5615
    0.0000    0.0000   45.0000 2762.5300   12.4837
    7.5000    0.0000   45.0000 2736.3513   12.7294
   -7.5000    7.5000   45.0000 2682.9548   13.2491
    0.0000    7.5000   45.0000 2704.6567   13.1948
    7.5000    7.5000   45.0000 2678.2375   13.4111
   -7.5000   15.0000   45.0000 2598.3284   14.1073
    0.0000   15.0000   45.0000 2622.3850   14.0703
    7.5000   15.0000   45.0000 2593.4531   14.2107
   -7.5000   22.5000   45.0000 2501.9487   15.0841
    0.0000   22.5000   45.0000 2522.3074   15.1102
    7.5000   22.5000   45.0000 2495.3638   15.2209
   -7.5000   30.0000   45.0000 2401.4170   16.2915
    0.0000   30.0000   45.0000 2419.9595   16.3062
    7.5000   30.0000   45.0000 2385.8503   16.4260
   -7.5000   37.5000   45.0000 2304.6201   17.8134
    0.0000   37.5000   45.0000 2329.3210   17.7647
    7.5000   37.5000   45.0000 2289.2087   17.9128
   -7.5000   45.0000   45.0000 2185.9062   19.6024
    0.0000   45.0000   45.0000 2206.1270   19.5604
    7.5000   45.0000   45.0000 2182.3169   19.7344

---------------------------------------------------------------------
imgreg_4dfp /opt/freesurfer/average/711-2C_as_mni_average_305 /opt/freesurfer/average/711-2B_as_mni_average_305_mask talsrcimg_g11 none talsrcimg_to_711-2C_as_mni_average_305_t4 1283
---------------------------------------------------------------------

freesurfer imgreg_4dfp.c
/opt/freesurfer/average/711-2C_as_mni_average_305.4dfp.img
       256       256       256         1
  1.000000  1.000000  1.000000
orientation T byte_order littleendian
Reading image: /opt/freesurfer/average/711-2C_as_mni_average_305.4dfp.img
dimensions:      256       256       256
mmppix:       1.0000   -1.0000   -1.0000
center:     128.0000 -129.0000 -129.0000
/opt/freesurfer/average/711-2B_as_mni_average_305_mask.4dfp.img
       256       256       256         1
  1.000000  1.000000  1.000000
orientation T byte_order littleendian
Reading mask: /opt/freesurfer/average/711-2B_as_mni_average_305_mask.4dfp.img (2306576 pixels)
talsrcimg_g11.4dfp.img
       256       256       256         1
  1.000000  1.000000  1.000000
orientation T byte_order littleendian
Reading image: talsrcimg_g11.4dfp.img
dimensions:      256       256       256
mmppix:       1.0000   -1.0000   -1.0000
center:     128.0000 -129.0000 -129.0000
rotation matrix determinant  1.000000
fimgreg.f
image alignment mode   1283 decimal      503 hex
parameters
    0.0000  -15.0000   30.0000    0.0000    0.0000    0.0000
eta,q 0.89770 11.60143
niter,ni,del,rscale     5    3   12.0000    1.2000
parameter  2 -1.727278 -> -0.500000 qaram    1.1500
parameter  4  0.557371 ->  0.500000 qaram    1.1500
parameter  5  0.873324 -> -0.500000 qaram    1.1500
parameters
   -0.1535  -11.5500   28.4648   -3.4500    3.4500    0.9464
eta,q 0.89974 11.63195
  0.1085  0.1089  0.1021  0.0999  0.1012  0.1056
  0.1063  0.1094  0.1010  0.1001  0.1018  0.1029
  0.1066  0.1085  0.1005  0.1001  0.1013  0.1015
  0.1061  0.1057  0.1009  0.1001  0.1001  0.1005
  0.1062  0.1026  0.1016  0.1026  0.1009  0.1003
  0.1067  0.1013  0.1029  0.1057  0.0999  0.1013
  0.1087  0.1044  0.1044  0.1093  0.0990  0.1032
niter,ni,del,rscale     7    3   12.0000    1.2000
parameter  3 -0.512390 -> -0.500000 qaram    1.1500
parameter  4  1.617125 ->  0.500000 qaram    1.3225
parameter  6 -1.353341 ->  0.500000 qaram    1.1500
parameters
   -1.3488  -11.5409   31.9148   -7.4175    0.4305   -2.5036
eta,q 0.90229 11.81231
  0.1049  0.1064  0.1037  0.0954  0.0975  0.0958
  0.1008  0.1032  0.1004  0.0964  0.0986  0.0972
  0.1003  0.1016  0.0994  0.0979  0.0977  0.0988
  0.1003  0.1004  0.1004  0.0992  0.0966  0.0984
  0.1010  0.1006  0.1000  0.1000  0.0992  0.0967
  0.1059  0.1033  0.0991  0.1016  0.1021  0.0972
  0.1114  0.1066  0.0993  0.1054  0.1052  0.0996
niter,ni,del,rscale     7    3   12.0000    1.2000
parameter  2  2.101999 -> -0.500000 qaram    1.3225
parameter  4  4.677658 ->  0.500000 qaram    1.5209
parameters
   -2.3865   -7.5734   29.4002  -11.9801    0.5777    0.1083
eta,q 0.91111 11.76734
  0.0981  0.0981  0.0963  0.0839  0.0959  0.0956
  0.0972  0.0982  0.0949  0.0886  0.0927  0.0930
  0.0981  0.0994  0.0936  0.0907  0.0905  0.0912
  0.0977  0.0982  0.0944  0.0937  0.0895  0.0895
  0.0967  0.0959  0.0972  0.0992  0.0902  0.0890
  0.0974  0.0942  0.0999  0.1042  0.0926  0.0886
  0.1006  0.0970  0.1028  0.1073  0.0953  0.0908
niter,ni,del,rscale     7    3   12.0000    1.2000
parameter  4  5.767143 ->  0.500000 qaram    1.7490
parameters
   -0.5113   -7.7572   28.4408  -17.2272   -1.1120   -0.2769
eta,q 0.92021 11.87065
  0.1016  0.0974  0.0921  0.0775  0.0824  0.0844
  0.0943  0.0942  0.0904  0.0787  0.0812  0.0812
  0.0901  0.0899  0.0904  0.0845  0.0801  0.0799
  0.0889  0.0893  0.0893  0.0898  0.0799  0.0798
  0.0893  0.0901  0.0891  0.0921  0.0814  0.0804
  0.0891  0.0931  0.0920  0.0959  0.0840  0.0823
  0.0910  0.0995  0.0954  0.1023  0.0876  0.0854
niter,ni,del,rscale     7    3   12.0000    1.2000
parameter  4  0.843768 ->  0.500000 qaram    2.0114
parameters
   -0.4799   -5.9601   27.3725  -23.2612   -2.1950   -0.3421
eta,q 0.92488 11.78551
  0.0897  0.0953  0.0848  0.0772  0.0782  0.0809
  0.0840  0.0898  0.0824  0.0749  0.0763  0.0767
  0.0813  0.0843  0.0810  0.0751  0.0756  0.0750
  0.0798  0.0798  0.0795  0.0802  0.0745  0.0751
  0.0799  0.0796  0.0803  0.0875  0.0759  0.0743
  0.0837  0.0808  0.0848  0.0934  0.0781  0.0763
  0.0901  0.0874  0.0917  0.0975  0.0816  0.0819
niter,ni,del,rscale     7    3   12.0000    1.2000
parameter  3  0.613272 ->  0.500000 qaram    1.3225
parameters
    0.0374   -5.9153   23.4050  -28.5114   -2.3275   -0.3785
eta,q 0.92882 11.82485
  0.0861  0.0893  0.0729  0.0765  0.0770  0.0784
  0.0790  0.0829  0.0734  0.0715  0.0735  0.0730
  0.0750  0.0776  0.0749  0.0715  0.0718  0.0710
  0.0751  0.0753  0.0753  0.0739  0.0711  0.0712
  0.0751  0.0773  0.0757  0.0795  0.0718  0.0723
  0.0764  0.0825  0.0790  0.0865  0.0742  0.0743
  0.0825  0.0892  0.0862  0.0941  0.0772  0.0773
niter,ni,del,rscale     7    3   12.0000    1.2000
parameters
    0.0379   -5.0003   19.6949  -33.0102   -1.8460   -0.9618
eta,q 0.93742 11.69638
  0.0831  0.0881  0.0738  0.0706  0.0725  0.0715
  0.0769  0.0802  0.0675  0.0657  0.0676  0.0650
  0.0728  0.0734  0.0664  0.0630  0.0642  0.0621
  0.0712  0.0712  0.0711  0.0660  0.0630  0.0629
  0.0719  0.0721  0.0773  0.0728  0.0633  0.0652
  0.0764  0.0768  0.0809  0.0808  0.0657  0.0689
  0.0837  0.0812  0.0839  0.0902  0.0703  0.0727
niter,ni,del,rscale     6    3   12.0000    1.2000
parameters
   -0.2623   -3.4714   19.1431  -35.6499   -1.6254   -0.7433
eta,q 0.93946 11.79117
  0.0768  0.0900  0.0797  0.0700  0.0712  0.0713
  0.0699  0.0793  0.0710  0.0661  0.0658  0.0645
  0.0641  0.0692  0.0629  0.0615  0.0620  0.0609
  0.0626  0.0625  0.0605  0.0602  0.0606  0.0605
  0.0648  0.0609  0.0669  0.0672  0.0612  0.0614
  0.0713  0.0677  0.0754  0.0748  0.0643  0.0646
  0.0806  0.0761  0.0841  0.0813  0.0704  0.0691
niter,ni,del,rscale     5    3   12.0000    1.2000
parameters
   -0.6219   -2.4773   18.2174  -37.1375   -1.6590   -0.8250
eta,q 0.94203 11.80111
  0.0764  0.0862  0.0767  0.0741  0.0685  0.0685
  0.0681  0.0761  0.0660  0.0652  0.0639  0.0618
  0.0622  0.0664  0.0589  0.0602  0.0601  0.0584
  0.0605  0.0606  0.0596  0.0587  0.0580  0.0580
  0.0635  0.0606  0.0647  0.0635  0.0592  0.0597
  0.0710  0.0677  0.0733  0.0734  0.0633  0.0632
  0.0807  0.0774  0.0856  0.0816  0.0695  0.0679
niter,ni,del,rscale     4    3   12.0000    1.2000
parameters
   -0.7493   -2.1696   17.5938  -37.7891   -1.6101   -0.8284
eta,q 0.94319 11.78294
  0.0758  0.0810  0.0776  0.0768  0.0684  0.0682
  0.0666  0.0721  0.0663  0.0673  0.0637  0.0614
  0.0603  0.0644  0.0578  0.0608  0.0594  0.0575
  0.0580  0.0580  0.0577  0.0570  0.0568  0.0568
  0.0607  0.0607  0.0641  0.0621  0.0582  0.0586
  0.0678  0.0699  0.0723  0.0717  0.0626  0.0622
  0.0772  0.0788  0.0820  0.0803  0.0689  0.0673
niter,ni,del,rscale     3    3   12.0000    1.2000
parameters
   -0.7459   -2.2332   17.2697  -38.0828   -1.6006   -0.8012
eta,q 0.94336 11.77795
  0.0757  0.0785  0.0789  0.0776  0.0682  0.0683
  0.0661  0.0702  0.0679  0.0687  0.0637  0.0612
  0.0596  0.0627  0.0583  0.0607  0.0593  0.0573
  0.0568  0.0568  0.0569  0.0566  0.0566  0.0566
  0.0593  0.0609  0.0631  0.0616  0.0582  0.0583
  0.0663  0.0704  0.0720  0.0702  0.0628  0.0619
  0.0756  0.0801  0.0801  0.0795  0.0691  0.0672
niter,ni,del,rscale     2    3   12.0000    1.2000
parameters
   -0.7260   -2.3167   17.1103  -38.2123   -1.6092   -0.7866
eta,q 0.94335 11.77592
  0.0756  0.0782  0.0797  0.0779  0.0682  0.0683
  0.0661  0.0699  0.0690  0.0694  0.0637  0.0611
  0.0595  0.0625  0.0587  0.0607  0.0593  0.0572
  0.0566  0.0566  0.0567  0.0566  0.0566  0.0566
  0.0591  0.0605  0.0625  0.0613  0.0582  0.0582
  0.0661  0.0699  0.0717  0.0695  0.0629  0.0618
  0.0754  0.0802  0.0794  0.0791  0.0692  0.0673
niter,ni,del,rscale     1    3   12.0000    1.2000
parameters
   -0.7121   -2.3650   17.0349  -38.2686   -1.6147   -0.7798
eta,q 0.94333 11.77470
  0.0756  0.0783  0.0801  0.0781  0.0682  0.0683
  0.0661  0.0698  0.0696  0.0697  0.0638  0.0610
  0.0595  0.0625  0.0590  0.0608  0.0593  0.0572
  0.0567  0.0567  0.0567  0.0566  0.0567  0.0567
  0.0591  0.0601  0.0622  0.0611  0.0583  0.0582
  0.0661  0.0695  0.0716  0.0692  0.0630  0.0618
  0.0754  0.0801  0.0791  0.0789  0.0692  0.0674
registration optimization eta report
parameter search radius
    6.0000    7.9350    7.9350   12.0681    6.9000    6.9000
100000*second partial in parameter space
       51.       34.       35.       14.       24.       24.
  0.0756  0.0783  0.0801  0.0781  0.0682  0.0683
  0.0661  0.0698  0.0696  0.0697  0.0638  0.0610
  0.0595  0.0625  0.0590  0.0608  0.0593  0.0572
  0.0567  0.0567  0.0567  0.0566  0.0567  0.0567
  0.0591  0.0601  0.0622  0.0611  0.0583  0.0582
  0.0661  0.0695  0.0716  0.0692  0.0630  0.0618
  0.0754  0.0801  0.0791  0.0789  0.0692  0.0674
   -0.7121   -2.3650   17.0349  -38.2686   -1.6147   -0.7798
eta,q 0.94333 11.77470

---------------------------------------------------------------------
imgreg_4dfp /opt/freesurfer/average/711-2C_as_mni_average_305 /opt/freesurfer/average/711-2B_as_mni_average_305_mask talsrcimg_g11 none talsrcimg_to_711-2C_as_mni_average_305_t4 3335
---------------------------------------------------------------------

freesurfer imgreg_4dfp.c
/opt/freesurfer/average/711-2C_as_mni_average_305.4dfp.img
       256       256       256         1
  1.000000  1.000000  1.000000
orientation T byte_order littleendian
Reading image: /opt/freesurfer/average/711-2C_as_mni_average_305.4dfp.img
dimensions:      256       256       256
mmppix:       1.0000   -1.0000   -1.0000
center:     128.0000 -129.0000 -129.0000
/opt/freesurfer/average/711-2B_as_mni_average_305_mask.4dfp.img
       256       256       256         1
  1.000000  1.000000  1.000000
orientation T byte_order littleendian
Reading mask: /opt/freesurfer/average/711-2B_as_mni_average_305_mask.4dfp.img (2306576 pixels)
talsrcimg_g11.4dfp.img
       256       256       256         1
  1.000000  1.000000  1.000000
orientation T byte_order littleendian
Reading image: talsrcimg_g11.4dfp.img
dimensions:      256       256       256
mmppix:       1.0000   -1.0000   -1.0000
center:     128.0000 -129.0000 -129.0000
fimgreg.f
image alignment mode   3335 decimal      D07 hex
parameters
   -0.7121   -2.3650   17.0349   -0.0490  -21.4719  -21.5196
   -0.6766    3.0550   -1.3604   61.8990   -2.8178  -61.9103
eta,q 0.94567 11.60574
niter,ni,del,rscale     5    3    5.0000    1.2000
parameter  4  3.491437 ->  0.500000 qaram    1.1500
parameter  5  1.427713 ->  0.500000 qaram    1.1500
parameter 10  0.509122 ->  0.500000 qaram    1.1500
parameter 12 -1.012058 -> -0.500000 qaram    1.1500
parameters
   -0.8768   -1.7263   16.8273   -4.1890  -25.6119  -23.9910
    0.4876    2.3205   -0.0995   57.7590   -2.3532  -57.7703
eta,q 0.96008 11.49432
  0.0575  0.0586  0.0563  0.0448  0.0431  0.0462  0.0493  0.0495  0.0468  0.0436  0.0446  0.0509
  0.0555  0.0566  0.0549  0.0471  0.0440  0.0446  0.0466  0.0462  0.0453  0.0423  0.0434  0.0475
  0.0545  0.0552  0.0542  0.0504  0.0456  0.0438  0.0447  0.0440  0.0442  0.0423  0.0426  0.0445
  0.0543  0.0543  0.0541  0.0541  0.0480  0.0443  0.0438  0.0437  0.0436  0.0435  0.0422  0.0422
  0.0549  0.0541  0.0546  0.0577  0.0511  0.0465  0.0438  0.0451  0.0435  0.0458  0.0423  0.0406
  0.0562  0.0546  0.0557  0.0618  0.0548  0.0497  0.0447  0.0482  0.0441  0.0489  0.0430  0.0397
  0.0585  0.0557  0.0571  0.0662  0.0584  0.0533  0.0466  0.0524  0.0452  0.0526  0.0441  0.0393
niter,ni,del,rscale     7    3    5.0000    1.2000
parameter  4  0.679521 ->  0.500000 qaram    1.3225
parameters
   -0.9062   -1.2247   15.9483   -8.9500  -28.3860  -22.2185
    0.9184    2.1767    0.0384   58.1623   -3.1126  -55.0841
eta,q 0.96419 11.30559
  0.0451  0.0450  0.0405  0.0379  0.0382  0.0425  0.0409  0.0439  0.0392  0.0425  0.0376  0.0415
  0.0422  0.0426  0.0396  0.0371  0.0372  0.0402  0.0384  0.0398  0.0375  0.0398  0.0366  0.0387
  0.0405  0.0408  0.0393  0.0373  0.0367  0.0382  0.0367  0.0370  0.0364  0.0375  0.0360  0.0368
  0.0399  0.0399  0.0398  0.0393  0.0370  0.0367  0.0361  0.0360  0.0360  0.0360  0.0360  0.0359
  0.0406  0.0398  0.0408  0.0428  0.0382  0.0360  0.0364  0.0370  0.0364  0.0364  0.0364  0.0358
  0.0424  0.0405  0.0424  0.0466  0.0405  0.0367  0.0377  0.0401  0.0374  0.0385  0.0372  0.0362
  0.0454  0.0420  0.0445  0.0509  0.0440  0.0392  0.0399  0.0447  0.0389  0.0419  0.0384  0.0369
niter,ni,del,rscale     7    3    5.0000    1.2000
parameters
   -0.9360   -1.2558   16.2639  -10.1309  -28.4927  -22.0002
    1.0581    2.1673   -0.0897   58.0074   -3.5333  -54.3926
eta,q 0.96411 11.22502
  0.0415  0.0394  0.0394  0.0407  0.0389  0.0407  0.0401  0.0434  0.0387  0.0414  0.0374  0.0390
  0.0383  0.0374  0.0376  0.0382  0.0374  0.0385  0.0378  0.0394  0.0371  0.0390  0.0364  0.0371
  0.0364  0.0362  0.0364  0.0365  0.0363  0.0368  0.0363  0.0368  0.0362  0.0370  0.0360  0.0361
  0.0358  0.0358  0.0358  0.0358  0.0359  0.0359  0.0359  0.0359  0.0359  0.0359  0.0359  0.0359
  0.0365  0.0363  0.0359  0.0368  0.0362  0.0360  0.0363  0.0367  0.0363  0.0365  0.0362  0.0361
  0.0385  0.0376  0.0366  0.0403  0.0372  0.0376  0.0376  0.0394  0.0373  0.0389  0.0368  0.0367
  0.0417  0.0395  0.0379  0.0445  0.0393  0.0406  0.0397  0.0436  0.0389  0.0423  0.0376  0.0379
niter,ni,del,rscale     6    3    5.0000    1.2000
parameters
   -0.9224   -1.2366   16.3683  -10.3120  -28.4272  -21.9197
    1.0781    2.2011   -0.1910   57.9030   -3.5601  -54.2074
eta,q 0.96408 11.21237
  0.0415  0.0396  0.0389  0.0418  0.0390  0.0405  0.0400  0.0435  0.0387  0.0415  0.0375  0.0385
  0.0384  0.0376  0.0373  0.0390  0.0374  0.0383  0.0377  0.0395  0.0372  0.0391  0.0365  0.0369
  0.0365  0.0363  0.0363  0.0370  0.0364  0.0368  0.0363  0.0368  0.0362  0.0370  0.0360  0.0361
  0.0359  0.0359  0.0359  0.0359  0.0359  0.0359  0.0359  0.0359  0.0359  0.0359  0.0359  0.0359
  0.0365  0.0363  0.0361  0.0362  0.0361  0.0361  0.0364  0.0367  0.0363  0.0365  0.0361  0.0362
  0.0383  0.0375  0.0370  0.0388  0.0371  0.0378  0.0378  0.0393  0.0373  0.0388  0.0367  0.0369
  0.0414  0.0394  0.0384  0.0430  0.0391  0.0408  0.0398  0.0434  0.0389  0.0422  0.0374  0.0381
niter,ni,del,rscale     5    3    5.0000    1.2000
parameters
   -0.9160   -1.2297   16.4015  -10.3423  -28.4108  -21.8855
    1.0864    2.2105   -0.2190   57.8706   -3.5621  -54.1519
eta,q 0.96408 11.20965
  0.0415  0.0396  0.0387  0.0419  0.0390  0.0405  0.0400  0.0434  0.0388  0.0415  0.0375  0.0384
  0.0384  0.0376  0.0372  0.0391  0.0374  0.0383  0.0377  0.0394  0.0372  0.0391  0.0365  0.0368
  0.0365  0.0363  0.0362  0.0371  0.0364  0.0367  0.0363  0.0368  0.0362  0.0371  0.0360  0.0361
  0.0359  0.0359  0.0359  0.0359  0.0359  0.0359  0.0359  0.0359  0.0359  0.0359  0.0359  0.0359
  0.0365  0.0364  0.0362  0.0361  0.0361  0.0362  0.0364  0.0367  0.0363  0.0365  0.0361  0.0362
  0.0383  0.0376  0.0371  0.0386  0.0372  0.0378  0.0378  0.0393  0.0373  0.0387  0.0366  0.0370
  0.0414  0.0395  0.0386  0.0427  0.0392  0.0408  0.0398  0.0434  0.0388  0.0421  0.0374  0.0382
niter,ni,del,rscale     4    3    5.0000    1.2000
parameters
   -0.9143   -1.2257   16.4142  -10.3503  -28.4078  -21.8704
    1.0878    2.2122   -0.2273   57.8617   -3.5594  -54.1344
eta,q 0.96408 11.20897
  0.0414  0.0396  0.0387  0.0419  0.0389  0.0404  0.0399  0.0434  0.0388  0.0416  0.0375  0.0384
  0.0384  0.0376  0.0372  0.0391  0.0374  0.0383  0.0377  0.0394  0.0372  0.0392  0.0365  0.0368
  0.0365  0.0363  0.0362  0.0371  0.0364  0.0367  0.0363  0.0368  0.0362  0.0371  0.0360  0.0361
  0.0359  0.0359  0.0359  0.0359  0.0359  0.0359  0.0359  0.0359  0.0359  0.0359  0.0359  0.0359
  0.0365  0.0364  0.0362  0.0361  0.0362  0.0362  0.0364  0.0368  0.0363  0.0365  0.0361  0.0362
  0.0384  0.0376  0.0371  0.0386  0.0372  0.0379  0.0378  0.0393  0.0373  0.0387  0.0366  0.0370
  0.0414  0.0395  0.0386  0.0427  0.0392  0.0409  0.0399  0.0434  0.0388  0.0421  0.0374  0.0382
registration optimization eta report
parameter search radius
    2.4000    2.4000    2.4000    9.5220    8.2800    7.2000
    7.2000    7.2000    7.2000    8.2800    7.2000    8.2800
100000*second partial in parameter space
       95.       63.       47.        7.        5.        9.
        8.       14.        6.        8.        3.        4.
  0.0414  0.0396  0.0387  0.0419  0.0389  0.0404  0.0399  0.0434  0.0388  0.0416  0.0375  0.0384
  0.0384  0.0376  0.0372  0.0391  0.0374  0.0383  0.0377  0.0394  0.0372  0.0392  0.0365  0.0368
  0.0365  0.0363  0.0362  0.0371  0.0364  0.0367  0.0363  0.0368  0.0362  0.0371  0.0360  0.0361
  0.0359  0.0359  0.0359  0.0359  0.0359  0.0359  0.0359  0.0359  0.0359  0.0359  0.0359  0.0359
  0.0365  0.0364  0.0362  0.0361  0.0362  0.0362  0.0364  0.0368  0.0363  0.0365  0.0361  0.0362
  0.0384  0.0376  0.0371  0.0386  0.0372  0.0379  0.0378  0.0393  0.0373  0.0387  0.0366  0.0370
  0.0414  0.0395  0.0386  0.0427  0.0392  0.0409  0.0399  0.0434  0.0388  0.0421  0.0374  0.0382
   -0.9143   -1.2257   16.4142  -10.3503  -28.4078  -21.8704
    1.0878    2.2122   -0.2273   57.8617   -3.5594  -54.1344
eta,q 0.96408 11.20897

---------------------------------------------------------------------
imgreg_4dfp /opt/freesurfer/average/711-2C_as_mni_average_305 /opt/freesurfer/average/711-2B_as_mni_average_305_mask talsrcimg_g11 none talsrcimg_to_711-2C_as_mni_average_305_t4 2311
---------------------------------------------------------------------

freesurfer imgreg_4dfp.c
/opt/freesurfer/average/711-2C_as_mni_average_305.4dfp.img
       256       256       256         1
  1.000000  1.000000  1.000000
orientation T byte_order littleendian
Reading image: /opt/freesurfer/average/711-2C_as_mni_average_305.4dfp.img
dimensions:      256       256       256
mmppix:       1.0000   -1.0000   -1.0000
center:     128.0000 -129.0000 -129.0000
/opt/freesurfer/average/711-2B_as_mni_average_305_mask.4dfp.img
       256       256       256         1
  1.000000  1.000000  1.000000
orientation T byte_order littleendian
Reading mask: /opt/freesurfer/average/711-2B_as_mni_average_305_mask.4dfp.img (2306576 pixels)
talsrcimg_g11.4dfp.img
       256       256       256         1
  1.000000  1.000000  1.000000
orientation T byte_order littleendian
Reading image: talsrcimg_g11.4dfp.img
dimensions:      256       256       256
mmppix:       1.0000   -1.0000   -1.0000
center:     128.0000 -129.0000 -129.0000
fimgreg.f
image alignment mode   2311 decimal      907 hex
parameters
   -0.9143   -1.2257   16.4142  -10.3503  -28.4078  -21.8704
    1.0878    2.2122   -0.2273   57.8617   -3.5594  -54.1344
eta,q 0.96408 11.20897
niter,ni,del,rscale     5    3    5.0000    0.8000
parameters
   -0.9117   -1.2426   16.4148   -9.4161  -28.0819  -21.6716
    1.0290    2.2977   -0.1983   58.1069   -3.6058  -54.7600
eta,q 0.96428 11.29486
  0.0384  0.0376  0.0371  0.0380  0.0370  0.0381  0.0376  0.0396  0.0371  0.0385  0.0365  0.0363
  0.0370  0.0366  0.0365  0.0371  0.0364  0.0370  0.0366  0.0376  0.0364  0.0372  0.0360  0.0359
  0.0362  0.0361  0.0361  0.0364  0.0360  0.0362  0.0359  0.0362  0.0359  0.0362  0.0358  0.0357
  0.0359  0.0359  0.0359  0.0359  0.0358  0.0358  0.0358  0.0358  0.0357  0.0358  0.0357  0.0357
  0.0362  0.0361  0.0361  0.0358  0.0358  0.0358  0.0360  0.0361  0.0359  0.0359  0.0358  0.0359
  0.0370  0.0367  0.0365  0.0361  0.0361  0.0366  0.0366  0.0373  0.0364  0.0367  0.0361  0.0362
  0.0384  0.0376  0.0371  0.0370  0.0367  0.0380  0.0377  0.0394  0.0371  0.0381  0.0365  0.0367
niter,ni,del,rscale     4    3    5.0000    0.7000
parameters
   -0.9311   -1.2037   16.3915   -9.4074  -28.2715  -21.5705
    1.0035    2.3160   -0.1739   58.2853   -3.6218  -54.9205
eta,q 0.96432 11.29994
  0.0376  0.0371  0.0367  0.0371  0.0364  0.0375  0.0371  0.0387  0.0368  0.0379  0.0363  0.0362
  0.0365  0.0363  0.0361  0.0365  0.0360  0.0367  0.0363  0.0371  0.0362  0.0368  0.0360  0.0359
  0.0359  0.0359  0.0358  0.0360  0.0358  0.0360  0.0359  0.0360  0.0358  0.0361  0.0357  0.0357
  0.0357  0.0357  0.0357  0.0357  0.0357  0.0357  0.0357  0.0357  0.0357  0.0357  0.0357  0.0357
  0.0360  0.0358  0.0358  0.0358  0.0358  0.0358  0.0359  0.0360  0.0358  0.0359  0.0358  0.0358
  0.0366  0.0363  0.0362  0.0363  0.0361  0.0364  0.0364  0.0370  0.0362  0.0365  0.0360  0.0360
  0.0377  0.0369  0.0367  0.0373  0.0366  0.0375  0.0372  0.0386  0.0368  0.0376  0.0363  0.0363
niter,ni,del,rscale     3    3    5.0000    0.6000
parameters
   -0.9342   -1.1885   16.3867   -9.3228  -28.3818  -21.5039
    0.9764    2.3416   -0.1508   58.3609   -3.6074  -55.0411
eta,q 0.96433 11.30595
  0.0371  0.0367  0.0364  0.0368  0.0362  0.0371  0.0367  0.0379  0.0365  0.0373  0.0361  0.0361
  0.0363  0.0361  0.0360  0.0363  0.0359  0.0364  0.0362  0.0367  0.0360  0.0365  0.0359  0.0358
  0.0358  0.0358  0.0358  0.0359  0.0357  0.0359  0.0358  0.0359  0.0358  0.0359  0.0357  0.0357
  0.0357  0.0357  0.0357  0.0357  0.0357  0.0357  0.0357  0.0357  0.0357  0.0357  0.0357  0.0357
  0.0359  0.0358  0.0358  0.0357  0.0358  0.0358  0.0358  0.0359  0.0358  0.0358  0.0357  0.0357
  0.0363  0.0361  0.0360  0.0361  0.0360  0.0362  0.0362  0.0366  0.0360  0.0363  0.0359  0.0359
  0.0371  0.0366  0.0364  0.0368  0.0363  0.0371  0.0368  0.0379  0.0365  0.0372  0.0361  0.0361
niter,ni,del,rscale     2    3    5.0000    0.5000
parameters
   -0.9377   -1.1841   16.3794   -9.2452  -28.4725  -21.4419
    0.9588    2.3591   -0.1383   58.4051   -3.5772  -55.1738
eta,q 0.96434 11.31166
  0.0367  0.0364  0.0362  0.0365  0.0361  0.0367  0.0364  0.0372  0.0362  0.0368  0.0360  0.0359
  0.0361  0.0360  0.0359  0.0361  0.0358  0.0362  0.0360  0.0364  0.0359  0.0362  0.0358  0.0358
  0.0358  0.0358  0.0357  0.0358  0.0357  0.0358  0.0358  0.0358  0.0357  0.0358  0.0357  0.0357
  0.0357  0.0357  0.0357  0.0357  0.0357  0.0357  0.0357  0.0357  0.0357  0.0357  0.0357  0.0357
  0.0358  0.0358  0.0357  0.0357  0.0357  0.0357  0.0358  0.0358  0.0357  0.0358  0.0357  0.0357
  0.0361  0.0360  0.0359  0.0360  0.0359  0.0361  0.0360  0.0363  0.0359  0.0361  0.0358  0.0358
  0.0367  0.0363  0.0362  0.0365  0.0361  0.0367  0.0364  0.0372  0.0362  0.0368  0.0360  0.0360
niter,ni,del,rscale     1    3    5.0000    0.4000
parameters
   -0.9413   -1.1793   16.3692   -9.1789  -28.5513  -21.3741
    0.9367    2.3674   -0.1314   58.4433   -3.5438  -55.2845
eta,q 0.96434 11.31665
  0.0363  0.0361  0.0360  0.0362  0.0359  0.0363  0.0361  0.0367  0.0360  0.0364  0.0359  0.0358
  0.0359  0.0359  0.0358  0.0359  0.0358  0.0360  0.0359  0.0361  0.0358  0.0360  0.0358  0.0357
  0.0357  0.0357  0.0357  0.0358  0.0357  0.0358  0.0357  0.0358  0.0357  0.0358  0.0357  0.0357
  0.0357  0.0357  0.0357  0.0357  0.0357  0.0357  0.0357  0.0357  0.0357  0.0357  0.0357  0.0357
  0.0357  0.0357  0.0357  0.0357  0.0357  0.0357  0.0357  0.0358  0.0357  0.0357  0.0357  0.0357
  0.0360  0.0359  0.0358  0.0359  0.0358  0.0359  0.0359  0.0361  0.0358  0.0360  0.0358  0.0358
  0.0363  0.0361  0.0360  0.0362  0.0359  0.0363  0.0362  0.0367  0.0360  0.0364  0.0359  0.0359
registration optimization eta report
parameter search radius
    0.8000    0.8000    0.8000    2.4000    2.4000    2.4000
    2.4000    2.4000    2.4000    2.4000    2.4000    2.4000
100000*second partial in parameter space
      101.       67.       52.        9.        5.       11.
        9.       17.        6.       13.        4.        3.
  0.0363  0.0361  0.0360  0.0362  0.0359  0.0363  0.0361  0.0367  0.0360  0.0364  0.0359  0.0358
  0.0359  0.0359  0.0358  0.0359  0.0358  0.0360  0.0359  0.0361  0.0358  0.0360  0.0358  0.0357
  0.0357  0.0357  0.0357  0.0358  0.0357  0.0358  0.0357  0.0358  0.0357  0.0358  0.0357  0.0357
  0.0357  0.0357  0.0357  0.0357  0.0357  0.0357  0.0357  0.0357  0.0357  0.0357  0.0357  0.0357
  0.0357  0.0357  0.0357  0.0357  0.0357  0.0357  0.0357  0.0358  0.0357  0.0357  0.0357  0.0357
  0.0360  0.0359  0.0358  0.0359  0.0358  0.0359  0.0359  0.0361  0.0358  0.0360  0.0358  0.0358
  0.0363  0.0361  0.0360  0.0362  0.0359  0.0363  0.0362  0.0367  0.0360  0.0364  0.0359  0.0359
   -0.9413   -1.1793   16.3692   -9.1789  -28.5513  -21.3741
    0.9367    2.3674   -0.1314   58.4433   -3.5438  -55.2845
eta,q 0.96434 11.31665

---------------------------------------------------------------------
imgreg_4dfp /opt/freesurfer/average/711-2C_as_mni_average_305 /opt/freesurfer/average/711-2B_as_mni_average_305_mask talsrcimg_g11 none talsrcimg_to_711-2C_as_mni_average_305_t4 2311
---------------------------------------------------------------------

freesurfer imgreg_4dfp.c
/opt/freesurfer/average/711-2C_as_mni_average_305.4dfp.img
       256       256       256         1
  1.000000  1.000000  1.000000
orientation T byte_order littleendian
Reading image: /opt/freesurfer/average/711-2C_as_mni_average_305.4dfp.img
dimensions:      256       256       256
mmppix:       1.0000   -1.0000   -1.0000
center:     128.0000 -129.0000 -129.0000
/opt/freesurfer/average/711-2B_as_mni_average_305_mask.4dfp.img
       256       256       256         1
  1.000000  1.000000  1.000000
orientation T byte_order littleendian
Reading mask: /opt/freesurfer/average/711-2B_as_mni_average_305_mask.4dfp.img (2306576 pixels)
talsrcimg_g11.4dfp.img
       256       256       256         1
  1.000000  1.000000  1.000000
orientation T byte_order littleendian
Reading image: talsrcimg_g11.4dfp.img
dimensions:      256       256       256
mmppix:       1.0000   -1.0000   -1.0000
center:     128.0000 -129.0000 -129.0000
fimgreg.f
image alignment mode   2311 decimal      907 hex
parameters
   -0.9413   -1.1793   16.3692   -9.1789  -28.5513  -21.3741
    0.9367    2.3674   -0.1314   58.4433   -3.5438  -55.2845
eta,q 0.96434 11.31664
niter,ni,del,rscale     5    3    5.0000    0.8000
parameters
   -0.9352   -1.1596   16.3863   -9.5546  -28.5530  -21.5970
    0.9808    2.2992   -0.1261   58.4197   -3.5860  -54.8887
eta,q 0.96430 11.28493
  0.0383  0.0374  0.0370  0.0373  0.0368  0.0378  0.0376  0.0394  0.0371  0.0382  0.0365  0.0367
  0.0368  0.0364  0.0363  0.0365  0.0361  0.0368  0.0366  0.0374  0.0363  0.0370  0.0360  0.0361
  0.0359  0.0359  0.0358  0.0359  0.0358  0.0360  0.0359  0.0361  0.0359  0.0361  0.0358  0.0358
  0.0357  0.0357  0.0357  0.0357  0.0357  0.0357  0.0357  0.0357  0.0357  0.0357  0.0357  0.0357
  0.0360  0.0359  0.0358  0.0359  0.0358  0.0359  0.0359  0.0361  0.0359  0.0360  0.0358  0.0358
  0.0368  0.0364  0.0362  0.0367  0.0362  0.0369  0.0365  0.0375  0.0363  0.0369  0.0361  0.0360
  0.0382  0.0373  0.0369  0.0382  0.0367  0.0385  0.0376  0.0396  0.0371  0.0384  0.0365  0.0363
niter,ni,del,rscale     4    3    5.0000    0.7000
parameters
   -0.9297   -1.1792   16.3876   -9.4343  -28.4278  -21.5831
    0.9827    2.3211   -0.1357   58.3632   -3.6096  -54.9560
eta,q 0.96431 11.29556
  0.0377  0.0370  0.0367  0.0372  0.0365  0.0375  0.0372  0.0387  0.0368  0.0377  0.0363  0.0363
  0.0366  0.0362  0.0361  0.0365  0.0361  0.0366  0.0363  0.0371  0.0362  0.0367  0.0359  0.0359
  0.0359  0.0358  0.0358  0.0360  0.0358  0.0360  0.0358  0.0360  0.0358  0.0360  0.0357  0.0357
  0.0357  0.0357  0.0357  0.0357  0.0357  0.0357  0.0357  0.0357  0.0357  0.0357  0.0357  0.0357
  0.0359  0.0359  0.0358  0.0357  0.0358  0.0358  0.0359  0.0360  0.0358  0.0359  0.0358  0.0358
  0.0366  0.0363  0.0361  0.0362  0.0360  0.0365  0.0363  0.0370  0.0362  0.0367  0.0360  0.0360
  0.0376  0.0370  0.0367  0.0372  0.0364  0.0376  0.0371  0.0386  0.0368  0.0378  0.0363  0.0363
niter,ni,del,rscale     3    3    5.0000    0.6000
parameters
   -0.9332   -1.1824   16.3771   -9.3285  -28.4352  -21.5132
    0.9724    2.3411   -0.1403   58.3800   -3.6053  -55.0609
eta,q 0.96433 11.30452
  0.0371  0.0366  0.0364  0.0368  0.0363  0.0371  0.0367  0.0379  0.0365  0.0372  0.0361  0.0361
  0.0363  0.0361  0.0360  0.0363  0.0359  0.0364  0.0362  0.0367  0.0360  0.0364  0.0359  0.0358
  0.0358  0.0358  0.0358  0.0359  0.0357  0.0359  0.0358  0.0359  0.0358  0.0359  0.0357  0.0357
  0.0357  0.0357  0.0357  0.0357  0.0357  0.0357  0.0357  0.0357  0.0357  0.0357  0.0357  0.0357
  0.0359  0.0358  0.0358  0.0357  0.0357  0.0358  0.0358  0.0359  0.0358  0.0358  0.0357  0.0357
  0.0363  0.0361  0.0360  0.0361  0.0359  0.0362  0.0362  0.0366  0.0360  0.0364  0.0359  0.0359
  0.0371  0.0366  0.0364  0.0368  0.0363  0.0371  0.0368  0.0379  0.0365  0.0373  0.0361  0.0361
niter,ni,del,rscale     2    3    5.0000    0.5000
parameters
   -0.9378   -1.1830   16.3752   -9.2402  -28.4876  -21.4458
    0.9564    2.3549   -0.1394   58.4090   -3.5785  -55.1679
eta,q 0.96434 11.31104
  0.0367  0.0363  0.0362  0.0365  0.0361  0.0367  0.0364  0.0372  0.0362  0.0368  0.0360  0.0359
  0.0361  0.0360  0.0359  0.0361  0.0358  0.0362  0.0360  0.0364  0.0359  0.0362  0.0358  0.0358
  0.0358  0.0358  0.0357  0.0358  0.0357  0.0358  0.0358  0.0358  0.0357  0.0358  0.0357  0.0357
  0.0357  0.0357  0.0357  0.0357  0.0357  0.0357  0.0357  0.0357  0.0357  0.0357  0.0357  0.0357
  0.0358  0.0358  0.0357  0.0357  0.0357  0.0357  0.0357  0.0358  0.0357  0.0358  0.0357  0.0357
  0.0361  0.0360  0.0359  0.0360  0.0359  0.0361  0.0360  0.0364  0.0359  0.0362  0.0358  0.0358
  0.0367  0.0363  0.0362  0.0365  0.0361  0.0367  0.0364  0.0372  0.0362  0.0368  0.0360  0.0360
niter,ni,del,rscale     1    3    5.0000    0.4000
parameters
   -0.9412   -1.1803   16.3678   -9.1752  -28.5482  -21.3787
    0.9431    2.3673   -0.1223   58.4369   -3.5492  -55.2805
eta,q 0.96434 11.31647
  0.0363  0.0361  0.0360  0.0362  0.0359  0.0363  0.0361  0.0367  0.0360  0.0364  0.0359  0.0358
  0.0359  0.0359  0.0358  0.0359  0.0358  0.0360  0.0359  0.0361  0.0358  0.0360  0.0358  0.0357
  0.0357  0.0357  0.0357  0.0358  0.0357  0.0358  0.0357  0.0358  0.0357  0.0358  0.0357  0.0357
  0.0357  0.0357  0.0357  0.0357  0.0357  0.0357  0.0357  0.0357  0.0357  0.0357  0.0357  0.0357
  0.0357  0.0357  0.0357  0.0357  0.0357  0.0357  0.0357  0.0358  0.0357  0.0357  0.0357  0.0357
  0.0360  0.0359  0.0358  0.0359  0.0358  0.0359  0.0359  0.0361  0.0358  0.0360  0.0358  0.0358
  0.0363  0.0361  0.0360  0.0362  0.0359  0.0363  0.0362  0.0367  0.0360  0.0364  0.0359  0.0359
registration optimization eta report
parameter search radius
    0.8000    0.8000    0.8000    2.4000    2.4000    2.4000
    2.4000    2.4000    2.4000    2.4000    2.4000    2.4000
100000*second partial in parameter space
      101.       66.       52.        9.        5.       11.
        8.       17.        6.       13.        4.        3.
  0.0363  0.0361  0.0360  0.0362  0.0359  0.0363  0.0361  0.0367  0.0360  0.0364  0.0359  0.0358
  0.0359  0.0359  0.0358  0.0359  0.0358  0.0360  0.0359  0.0361  0.0358  0.0360  0.0358  0.0357
  0.0357  0.0357  0.0357  0.0358  0.0357  0.0358  0.0357  0.0358  0.0357  0.0358  0.0357  0.0357
  0.0357  0.0357  0.0357  0.0357  0.0357  0.0357  0.0357  0.0357  0.0357  0.0357  0.0357  0.0357
  0.0357  0.0357  0.0357  0.0357  0.0357  0.0357  0.0357  0.0358  0.0357  0.0357  0.0357  0.0357
  0.0360  0.0359  0.0358  0.0359  0.0358  0.0359  0.0359  0.0361  0.0358  0.0360  0.0358  0.0358
  0.0363  0.0361  0.0360  0.0362  0.0359  0.0363  0.0362  0.0367  0.0360  0.0364  0.0359  0.0359
   -0.9412   -1.1803   16.3678   -9.1752  -28.5482  -21.3787
    0.9431    2.3673   -0.1223   58.4369   -3.5492  -55.2805
eta,q 0.96434 11.31647

---------------------------------------------------------------------
compute_vox2vox talsrcimg talsrcimg_to_711-2C_as_mni_average_305_t4 /opt/freesurfer/average/711-2C_as_mni_average_305
---------------------------------------------------------------------

freesurfer compute_vox2vox.c
Reading: talsrcimg.4dfp.ifh
Reading: talsrcimg_to_711-2C_as_mni_average_305_t4
Reading: /opt/freesurfer/average/711-2C_as_mni_average_305.4dfp.ifh
Writing: talsrcimg_to_711-2C_as_mni_average_305_t4_vox2vox.txt

start time Sat Nov 23 15:22:54 UTC 2024
end		time Sat Nov 23 15:23:47 UTC 2024

mpr2mni305 success

avi2talxfm orig_nu.mgz /opt/freesurfer/average/mni305.cor.mgz talsrcimg_to_711-2C_as_mni_average_305_t4_vox2vox.txt transforms/talairach.auto.xfm
avi2talxfm done
mv -f /scratch/tmp/fs_mp2rage_tests/sourcedata/freesurfer_mp2rage/sub-fsm40mn/mri/talsrcimg_to_711-2C_as_mni_average_305_t4_vox2vox.txt /scratch/tmp/fs_mp2rage_tests/sourcedata/freesurfer_mp2rage/sub-fsm40mn/mri/transforms/talsrcimg_to_711-2C_as_mni_average_305_t4_vox2vox.txt
lta_convert --src orig_nu.mgz --trg /opt/freesurfer/average/mni305.cor.mgz --inxfm transforms/talairach.auto.xfm --outlta transforms/talairach.auto.xfm.lta --subject fsaverage
7.3.2

--src: orig_nu.mgz src image (geometry).
--trg: /opt/freesurfer/average/mni305.cor.mgz trg image (geometry).
--inmni: transforms/talairach.auto.xfm input MNI/XFM transform.
--outlta: transforms/talairach.auto.xfm.lta output LTA.
--s: fsaverage subject name
 LTA read, type : 1
 1.10043  -0.01418  -0.02550  -3.57581;
 0.03238   0.80712   0.62402  -5.67058;
-0.02460  -0.66013   0.88914   9.61490;
 0.00000   0.00000   0.00000   1.00000;
setting subject to fsaverage
Writing  LTA to file transforms/talairach.auto.xfm.lta...
lta_convert successful.
 
 
Started at Sat Nov 23 15:22:52 UTC 2024
Ended   at Sat Nov 23 15:23:48 UTC 2024
talairach_avi done
