status file for recon-all
Sat Nov 23 15:13:23 UTC 2024
#@# MotionCor Sat Nov 23 15:13:29 UTC 2024
#@# Talairach Sat Nov 23 15:13:43 UTC 2024
#@# Talairach Failure Detection Sat Nov 23 15:21:30 UTC 2024
#@# Nu Intensity Correction Sat Nov 23 15:21:30 UTC 2024
#@# Intensity Normalization Sat Nov 23 15:28:28 UTC 2024
recon-all -s sub-fsm30gy finished without error at Sat Nov 23 15:31:37 UTC 2024



#New# invocation of recon-all 



status file for recon-all
Sat Nov 23 17:54:37 UTC 2024
#@# EM Registration Sat Nov 23 17:54:37 UTC 2024
recon-all -s sub-fsm30gy finished without error at Sat Nov 23 18:00:14 UTC 2024



#New# invocation of recon-all 



status file for recon-all
Sat Nov 23 21:22:48 UTC 2024
#@# CA Normalize Sat Nov 23 21:22:48 UTC 2024
#@# CA Reg Sat Nov 23 21:25:16 UTC 2024
#@# SubCort Seg Sat Nov 23 23:25:00 UTC 2024
#@# CC Seg Sun Nov 24 00:17:17 UTC 2024
#@# Merge ASeg Sun Nov 24 00:18:24 UTC 2024
#@# Intensity Normalization2 Sun Nov 24 00:18:24 UTC 2024
#@# Mask BFS Sun Nov 24 00:23:27 UTC 2024
#@# WM Segmentation Sun Nov 24 00:23:30 UTC 2024
#@# Fill Sun Nov 24 00:28:17 UTC 2024
recon-all -s sub-fsm30gy finished without error at Sun Nov 24 00:30:45 UTC 2024



#New# invocation of recon-all 



status file for recon-all
Sun Nov 24 13:34:10 UTC 2024
#@# white curv lh Sun Nov 24 13:34:10 UTC 2024
#@# white area lh Sun Nov 24 13:34:10 UTC 2024
#@# pial curv lh Sun Nov 24 13:34:10 UTC 2024
#@# pial area lh Sun Nov 24 13:34:10 UTC 2024
#@# thickness lh Sun Nov 24 13:34:10 UTC 2024
#@# area and vertex vol lh Sun Nov 24 13:34:10 UTC 2024
#@# white curv rh Sun Nov 24 13:34:10 UTC 2024
#@# white area rh Sun Nov 24 13:34:10 UTC 2024
#@# pial curv rh Sun Nov 24 13:34:11 UTC 2024
#@# pial area rh Sun Nov 24 13:34:11 UTC 2024
#@# thickness rh Sun Nov 24 13:34:11 UTC 2024
#@# area and vertex vol rh Sun Nov 24 13:34:11 UTC 2024
#@# Cortical ribbon mask Sun Nov 24 13:34:11 UTC 2024
recon-all -s sub-fsm30gy finished without error at Sun Nov 24 13:50:09 UTC 2024



#New# invocation of recon-all 



status file for recon-all
Sun Nov 24 19:50:40 UTC 2024
#@# white curv lh Sun Nov 24 19:50:41 UTC 2024
#@# white area lh Sun Nov 24 19:50:41 UTC 2024
#@# pial curv lh Sun Nov 24 19:50:41 UTC 2024
#@# pial area lh Sun Nov 24 19:50:41 UTC 2024
#@# thickness lh Sun Nov 24 19:50:41 UTC 2024
#@# area and vertex vol lh Sun Nov 24 19:50:41 UTC 2024
#@# white curv rh Sun Nov 24 19:50:41 UTC 2024
#@# white area rh Sun Nov 24 19:50:41 UTC 2024
#@# pial curv rh Sun Nov 24 19:50:41 UTC 2024
#@# pial area rh Sun Nov 24 19:50:41 UTC 2024
#@# thickness rh Sun Nov 24 19:50:41 UTC 2024
#@# area and vertex vol rh Sun Nov 24 19:50:41 UTC 2024
#@# Curvature Stats lh Sun Nov 24 19:50:41 UTC 2024
#@# Curvature Stats rh Sun Nov 24 19:50:47 UTC 2024
#@# Relabel Hypointensities Sun Nov 24 19:50:53 UTC 2024
#@# APas-to-ASeg Sun Nov 24 19:51:30 UTC 2024
#@# AParc-to-ASeg aparc Sun Nov 24 19:51:54 UTC 2024
#@# AParc-to-ASeg aparc.a2009s Sun Nov 24 19:53:36 UTC 2024
#@# AParc-to-ASeg aparc.DKTatlas Sun Nov 24 19:55:33 UTC 2024
#@# WMParc Sun Nov 24 19:57:12 UTC 2024
#@# ASeg Stats Sun Nov 24 20:03:50 UTC 2024
recon-all -s sub-fsm30gy finished without error at Sun Nov 24 20:05:23 UTC 2024
