status file for recon-all
Mon Nov 25 06:40:00 UTC 2024
#@# Tessellate lh Mon Nov 25 06:40:00 UTC 2024
#@# Smooth1 lh Mon Nov 25 06:40:15 UTC 2024
#@# Inflation1 lh Mon Nov 25 06:40:24 UTC 2024
#@# QSphere lh Mon Nov 25 06:40:55 UTC 2024
#@# Fix Topology lh Mon Nov 25 06:44:22 UTC 2024
#@# Smooth2 lh Mon Nov 25 07:14:26 UTC 2024
#@# Inflation2 lh Mon Nov 25 07:14:35 UTC 2024
#@# Curv .H and .K lh Mon Nov 25 07:15:15 UTC 2024
#@# Sphere lh Mon Nov 25 07:17:40 UTC 2024
#@# Surf Reg lh Mon Nov 25 07:42:07 UTC 2024
#@# Jacobian white lh Mon Nov 25 08:09:30 UTC 2024
#@# AvgCurv lh Mon Nov 25 08:09:33 UTC 2024
#@# Cortical Parc lh Mon Nov 25 08:09:35 UTC 2024
#@# white curv lh Mon Nov 25 08:41:54 UTC 2024
#@# white area lh Mon Nov 25 08:42:00 UTC 2024
#@# pial curv lh Mon Nov 25 08:42:02 UTC 2024
#@# pial area lh Mon Nov 25 08:42:08 UTC 2024
#@# thickness lh Mon Nov 25 08:42:10 UTC 2024
#@# area and vertex vol lh Mon Nov 25 08:43:30 UTC 2024
#@# Curvature Stats lh Mon Nov 25 08:43:35 UTC 2024
#@# Cortical Parc 2 lh Mon Nov 25 08:43:42 UTC 2024
#@# Cortical Parc 3 lh Mon Nov 25 08:44:27 UTC 2024
#@# WM/GM Contrast lh Mon Nov 25 08:44:58 UTC 2024
recon-all -s sub-fsm22db finished without error at Mon Nov 25 08:45:08 UTC 2024



#New# invocation of recon-all 



status file for recon-all
Mon Nov 25 17:06:51 UTC 2024
#@# white curv lh Mon Nov 25 17:06:52 UTC 2024
#@# white area lh Mon Nov 25 17:06:52 UTC 2024
#@# pial curv lh Mon Nov 25 17:06:52 UTC 2024
#@# pial area lh Mon Nov 25 17:06:52 UTC 2024
#@# thickness lh Mon Nov 25 17:06:52 UTC 2024
#@# area and vertex vol lh Mon Nov 25 17:06:52 UTC 2024
#@# Parcellation Stats lh Mon Nov 25 17:06:52 UTC 2024
#@# Parcellation Stats 2 lh Mon Nov 25 17:08:29 UTC 2024
#@# Parcellation Stats 3 lh Mon Nov 25 17:09:18 UTC 2024
#@# BA_exvivo Labels lh Mon Nov 25 17:10:06 UTC 2024
recon-all -s sub-fsm22db finished without error at Mon Nov 25 17:16:42 UTC 2024
