status file for recon-all
Mon Nov 25 06:42:21 UTC 2024
#@# Tessellate rh Mon Nov 25 06:42:21 UTC 2024
#@# Smooth1 rh Mon Nov 25 06:42:38 UTC 2024
#@# Inflation1 rh Mon Nov 25 06:42:47 UTC 2024
#@# QSphere rh Mon Nov 25 06:43:30 UTC 2024
#@# Fix Topology rh Mon Nov 25 06:46:25 UTC 2024
#@# Smooth2 rh Mon Nov 25 07:15:39 UTC 2024
#@# Inflation2 rh Mon Nov 25 07:15:48 UTC 2024
#@# Curv .H and .K rh Mon Nov 25 07:16:38 UTC 2024
#@# Sphere rh Mon Nov 25 07:19:07 UTC 2024
#@# Surf Reg rh Mon Nov 25 07:43:37 UTC 2024
#@# Jacobian white rh Mon Nov 25 08:07:02 UTC 2024
#@# AvgCurv rh Mon Nov 25 08:07:05 UTC 2024
#@# Cortical Parc rh Mon Nov 25 08:07:07 UTC 2024
#@# white curv rh Mon Nov 25 08:42:06 UTC 2024
#@# white area rh Mon Nov 25 08:42:13 UTC 2024
#@# pial curv rh Mon Nov 25 08:42:15 UTC 2024
#@# pial area rh Mon Nov 25 08:42:21 UTC 2024
#@# thickness rh Mon Nov 25 08:42:23 UTC 2024
#@# area and vertex vol rh Mon Nov 25 08:43:43 UTC 2024
#@# Curvature Stats rh Mon Nov 25 08:43:47 UTC 2024
#@# Cortical Parc 2 rh Mon Nov 25 08:43:56 UTC 2024
#@# Cortical Parc 3 rh Mon Nov 25 08:44:43 UTC 2024
#@# WM/GM Contrast rh Mon Nov 25 08:45:16 UTC 2024
recon-all -s sub-fsm22db finished without error at Mon Nov 25 08:45:25 UTC 2024



#New# invocation of recon-all 



status file for recon-all
Mon Nov 25 17:08:40 UTC 2024
#@# white curv rh Mon Nov 25 17:08:40 UTC 2024
#@# white area rh Mon Nov 25 17:08:40 UTC 2024
#@# pial curv rh Mon Nov 25 17:08:40 UTC 2024
#@# pial area rh Mon Nov 25 17:08:40 UTC 2024
#@# thickness rh Mon Nov 25 17:08:40 UTC 2024
#@# area and vertex vol rh Mon Nov 25 17:08:40 UTC 2024
#@# Parcellation Stats rh Mon Nov 25 17:08:40 UTC 2024
#@# Parcellation Stats 2 rh Mon Nov 25 17:10:15 UTC 2024
#@# Parcellation Stats 3 rh Mon Nov 25 17:11:03 UTC 2024
#@# BA_exvivo Labels rh Mon Nov 25 17:11:49 UTC 2024
recon-all -s sub-fsm22db finished without error at Mon Nov 25 17:18:31 UTC 2024
