status file for recon-all
Sun Nov 24 16:02:09 UTC 2024
#@# Tessellate lh Sun Nov 24 16:02:09 UTC 2024
#@# Smooth1 lh Sun Nov 24 16:02:23 UTC 2024
#@# Inflation1 lh Sun Nov 24 16:02:29 UTC 2024
#@# QSphere lh Sun Nov 24 16:02:54 UTC 2024
#@# Fix Topology lh Sun Nov 24 16:05:12 UTC 2024
#@# Smooth2 lh Sun Nov 24 16:20:48 UTC 2024
#@# Inflation2 lh Sun Nov 24 16:20:55 UTC 2024
#@# Curv .H and .K lh Sun Nov 24 16:21:22 UTC 2024
#@# Sphere lh Sun Nov 24 16:22:53 UTC 2024
#@# Surf Reg lh Sun Nov 24 16:29:18 UTC 2024
#@# Jacobian white lh Sun Nov 24 16:38:29 UTC 2024
#@# AvgCurv lh Sun Nov 24 16:38:32 UTC 2024
#@# Cortical Parc lh Sun Nov 24 16:38:34 UTC 2024
#@# white curv lh Sun Nov 24 17:00:54 UTC 2024
#@# white area lh Sun Nov 24 17:00:59 UTC 2024
#@# pial curv lh Sun Nov 24 17:01:01 UTC 2024
#@# pial area lh Sun Nov 24 17:01:06 UTC 2024
#@# thickness lh Sun Nov 24 17:01:08 UTC 2024
#@# area and vertex vol lh Sun Nov 24 17:02:19 UTC 2024
#@# Curvature Stats lh Sun Nov 24 17:02:24 UTC 2024
#@# Cortical Parc 2 lh Sun Nov 24 17:02:30 UTC 2024
#@# Cortical Parc 3 lh Sun Nov 24 17:03:09 UTC 2024
#@# WM/GM Contrast lh Sun Nov 24 17:03:35 UTC 2024
recon-all -s sub-fsm76cw finished without error at Sun Nov 24 17:03:43 UTC 2024



#New# invocation of recon-all 



status file for recon-all
Sun Nov 24 20:42:49 UTC 2024
#@# white curv lh Sun Nov 24 20:42:50 UTC 2024
#@# white area lh Sun Nov 24 20:42:50 UTC 2024
#@# pial curv lh Sun Nov 24 20:42:50 UTC 2024
#@# pial area lh Sun Nov 24 20:42:50 UTC 2024
#@# thickness lh Sun Nov 24 20:42:50 UTC 2024
#@# area and vertex vol lh Sun Nov 24 20:42:50 UTC 2024
#@# Parcellation Stats lh Sun Nov 24 20:42:50 UTC 2024
#@# Parcellation Stats 2 lh Sun Nov 24 20:44:14 UTC 2024
#@# Parcellation Stats 3 lh Sun Nov 24 20:45:01 UTC 2024
#@# BA_exvivo Labels lh Sun Nov 24 20:45:46 UTC 2024
recon-all -s sub-fsm76cw finished without error at Sun Nov 24 20:53:41 UTC 2024
