status file for recon-all
Sat Nov 23 14:54:33 UTC 2024
#@# MotionCor Sat Nov 23 14:54:38 UTC 2024
#@# Talairach Sat Nov 23 14:54:52 UTC 2024
#@# Talairach Failure Detection Sat Nov 23 15:02:11 UTC 2024
#@# Nu Intensity Correction Sat Nov 23 15:02:11 UTC 2024
#@# Intensity Normalization Sat Nov 23 15:09:17 UTC 2024
recon-all -s sub-fsm14pu finished without error at Sat Nov 23 15:12:23 UTC 2024



#New# invocation of recon-all 



status file for recon-all
Sat Nov 23 17:48:47 UTC 2024
#@# EM Registration Sat Nov 23 17:48:47 UTC 2024
recon-all -s sub-fsm14pu finished without error at Sat Nov 23 17:55:36 UTC 2024



#New# invocation of recon-all 



status file for recon-all
Sat Nov 23 18:14:06 UTC 2024
#@# CA Normalize Sat Nov 23 18:14:06 UTC 2024
#@# CA Reg Sat Nov 23 18:16:24 UTC 2024
#@# SubCort Seg Sat Nov 23 19:59:56 UTC 2024
#@# CC Seg Sat Nov 23 21:01:11 UTC 2024
#@# Merge ASeg Sat Nov 23 21:02:36 UTC 2024
#@# Intensity Normalization2 Sat Nov 23 21:02:36 UTC 2024
#@# Mask BFS Sat Nov 23 21:07:27 UTC 2024
#@# WM Segmentation Sat Nov 23 21:07:29 UTC 2024
#@# Fill Sat Nov 23 21:11:57 UTC 2024
recon-all -s sub-fsm14pu finished without error at Sat Nov 23 21:14:20 UTC 2024



#New# invocation of recon-all 



status file for recon-all
Sun Nov 24 11:31:05 UTC 2024
#@# white curv lh Sun Nov 24 11:31:05 UTC 2024
#@# white area lh Sun Nov 24 11:31:05 UTC 2024
#@# pial curv lh Sun Nov 24 11:31:05 UTC 2024
#@# pial area lh Sun Nov 24 11:31:05 UTC 2024
#@# thickness lh Sun Nov 24 11:31:05 UTC 2024
#@# area and vertex vol lh Sun Nov 24 11:31:05 UTC 2024
#@# white curv rh Sun Nov 24 11:31:05 UTC 2024
#@# white area rh Sun Nov 24 11:31:05 UTC 2024
#@# pial curv rh Sun Nov 24 11:31:05 UTC 2024
#@# pial area rh Sun Nov 24 11:31:05 UTC 2024
#@# thickness rh Sun Nov 24 11:31:05 UTC 2024
#@# area and vertex vol rh Sun Nov 24 11:31:05 UTC 2024
#@# Cortical ribbon mask Sun Nov 24 11:31:05 UTC 2024
recon-all -s sub-fsm14pu finished without error at Sun Nov 24 11:45:33 UTC 2024



#New# invocation of recon-all 



status file for recon-all
Sun Nov 24 19:09:53 UTC 2024
#@# white curv lh Sun Nov 24 19:09:53 UTC 2024
#@# white area lh Sun Nov 24 19:09:53 UTC 2024
#@# pial curv lh Sun Nov 24 19:09:53 UTC 2024
#@# pial area lh Sun Nov 24 19:09:53 UTC 2024
#@# thickness lh Sun Nov 24 19:09:53 UTC 2024
#@# area and vertex vol lh Sun Nov 24 19:09:53 UTC 2024
#@# white curv rh Sun Nov 24 19:09:53 UTC 2024
#@# white area rh Sun Nov 24 19:09:53 UTC 2024
#@# pial curv rh Sun Nov 24 19:09:53 UTC 2024
#@# pial area rh Sun Nov 24 19:09:53 UTC 2024
#@# thickness rh Sun Nov 24 19:09:53 UTC 2024
#@# area and vertex vol rh Sun Nov 24 19:09:53 UTC 2024
#@# Curvature Stats lh Sun Nov 24 19:09:53 UTC 2024
#@# Curvature Stats rh Sun Nov 24 19:09:59 UTC 2024
#@# Relabel Hypointensities Sun Nov 24 19:10:05 UTC 2024
#@# APas-to-ASeg Sun Nov 24 19:10:41 UTC 2024
#@# AParc-to-ASeg aparc Sun Nov 24 19:11:02 UTC 2024
#@# AParc-to-ASeg aparc.a2009s Sun Nov 24 19:12:34 UTC 2024
#@# AParc-to-ASeg aparc.DKTatlas Sun Nov 24 19:14:25 UTC 2024
#@# WMParc Sun Nov 24 19:16:24 UTC 2024
#@# ASeg Stats Sun Nov 24 19:22:51 UTC 2024
recon-all -s sub-fsm14pu finished without error at Sun Nov 24 19:24:23 UTC 2024
