status file for recon-all
Sun Nov 24 10:15:40 UTC 2024
#@# Tessellate lh Sun Nov 24 10:15:40 UTC 2024
#@# Smooth1 lh Sun Nov 24 10:15:56 UTC 2024
#@# Inflation1 lh Sun Nov 24 10:16:03 UTC 2024
#@# QSphere lh Sun Nov 24 10:16:34 UTC 2024
#@# Fix Topology lh Sun Nov 24 10:20:34 UTC 2024
#@# Smooth2 lh Sun Nov 24 10:35:35 UTC 2024
#@# Inflation2 lh Sun Nov 24 10:35:43 UTC 2024
#@# Curv .H and .K lh Sun Nov 24 10:36:15 UTC 2024
#@# Sphere lh Sun Nov 24 10:37:59 UTC 2024
#@# Surf Reg lh Sun Nov 24 10:43:24 UTC 2024
#@# Jacobian white lh Sun Nov 24 10:52:37 UTC 2024
#@# AvgCurv lh Sun Nov 24 10:52:39 UTC 2024
#@# Cortical Parc lh Sun Nov 24 10:52:41 UTC 2024
#@# white curv lh Sun Nov 24 11:08:57 UTC 2024
#@# white area lh Sun Nov 24 11:09:02 UTC 2024
#@# pial curv lh Sun Nov 24 11:09:03 UTC 2024
#@# pial area lh Sun Nov 24 11:09:07 UTC 2024
#@# thickness lh Sun Nov 24 11:09:09 UTC 2024
#@# area and vertex vol lh Sun Nov 24 11:10:16 UTC 2024
#@# Curvature Stats lh Sun Nov 24 11:10:20 UTC 2024
#@# Cortical Parc 2 lh Sun Nov 24 11:10:27 UTC 2024
#@# Cortical Parc 3 lh Sun Nov 24 11:11:01 UTC 2024
#@# WM/GM Contrast lh Sun Nov 24 11:11:27 UTC 2024
recon-all -s sub-fsm14pu finished without error at Sun Nov 24 11:11:34 UTC 2024



#New# invocation of recon-all 



status file for recon-all
Sun Nov 24 18:49:47 UTC 2024
#@# white curv lh Sun Nov 24 18:49:47 UTC 2024
#@# white area lh Sun Nov 24 18:49:47 UTC 2024
#@# pial curv lh Sun Nov 24 18:49:47 UTC 2024
#@# pial area lh Sun Nov 24 18:49:48 UTC 2024
#@# thickness lh Sun Nov 24 18:49:48 UTC 2024
#@# area and vertex vol lh Sun Nov 24 18:49:48 UTC 2024
#@# Parcellation Stats lh Sun Nov 24 18:49:48 UTC 2024
#@# Parcellation Stats 2 lh Sun Nov 24 18:51:18 UTC 2024
#@# Parcellation Stats 3 lh Sun Nov 24 18:52:04 UTC 2024
#@# BA_exvivo Labels lh Sun Nov 24 18:52:49 UTC 2024
recon-all -s sub-fsm14pu finished without error at Sun Nov 24 19:00:01 UTC 2024
