/scratch/tmp/fs_mp2rage_tests2/sourcedata/freesurfer_memprage/sub-fsm40mn/mri
/opt/freesurfer/bin/talairach_avi
--i orig_nu.mgz --xfm transforms/talairach.auto.xfm
talairach_avi 7.3.2
Linux elm.criugm.qc.ca 5.15.0-113-generic #123-Ubuntu SMP Mon Jun 10 08:16:17 UTC 2024 x86_64 x86_64 x86_64 GNU/Linux
Sun Nov 24 05:39:41 UTC 2024
mri_convert orig_nu.mgz talsrcimg.img 
reading from orig_nu.mgz...
TR=0.00, TE=0.00, TI=0.00, flip angle=0.00
i_ras = (-1, 6.98492e-10, -4.65661e-10)
j_ras = (-4.65661e-10, 0, -1)
k_ras = (2.32831e-10, 1, 0)
writing to talsrcimg.img...
Analyze Output Matrix
-1.00000  -0.00000   0.00000   133.28952;
 0.00000   0.00000   1.00000  -103.72324;
-0.00000  -1.00000   0.00000   106.39871;
 0.00000   0.00000   0.00000   1.00000;
--------------------
INFO: set hdr.hist.orient to -1
mpr2mni305 talsrcimg
Sun Nov 24 05:39:44 UTC 2024
/opt/freesurfer/bin/mpr2mni305 talsrcimg
mpr2mni305 7.3.2
target=711-2C_as_mni_average_305

---------------------------------------------------------------------
analyzeto4dfp talsrcimg -O0 -y
---------------------------------------------------------------------

freesurfer ifh2hdr.c
Sun Nov 24 05:39:45 2024
Writing: talsrcimg.4dfp.hdr
freesurfer analyzeto4dfp.c
Reading: talsrcimg.hdr
header size 348 bytes
hdr.dime.datatype	offset=70	value=2
hdr.dime.bitpix		offset=72	value=8
hdr.hist.orient		offset=252	value=-1
dimensionality     4
dimensions       256       256       256         1
Reading: talsrcimg.img
Writing: talsrcimg.4dfp.img
Writing: talsrcimg.4dfp.ifh
ifh2hdr talsrcimg -r0to255
ori=2

---------------------------------------------------------------------
gauss_4dfp talsrcimg 1.1
---------------------------------------------------------------------

freesurfer gauss_4dfp.c
Reading: talsrcimg.4dfp.img
Writing: talsrcimg_g11.4dfp.img
image dimensions 256 256 256 padded to 288 288 288
processing volume 1freesurfer ifh2hdr.c
Sun Nov 24 05:39:56 2024
Writing: talsrcimg_g11.4dfp.hdr

Writing: talsrcimg_g11.4dfp.ifh
including: talsrcimg.4dfp.img.rec in talsrcimg_g11.4dfp.img.rec

---------------------------------------------------------------------
imgreg_4dfp /opt/freesurfer/average/711-2C_as_mni_average_305 none talsrcimg_g11 none talsrcimg_to_711-2C_as_mni_average_305_t4 4355
---------------------------------------------------------------------

freesurfer imgreg_4dfp.c
/opt/freesurfer/average/711-2C_as_mni_average_305.4dfp.img
       256       256       256         1
  1.000000  1.000000  1.000000
orientation T byte_order littleendian
Reading image: /opt/freesurfer/average/711-2C_as_mni_average_305.4dfp.img
dimensions:      256       256       256
mmppix:       1.0000   -1.0000   -1.0000
center:     128.0000 -129.0000 -129.0000
talsrcimg_g11.4dfp.img
       256       256       256         1
  1.000000  1.000000  1.000000
orientation T byte_order littleendian
Reading image: talsrcimg_g11.4dfp.img
dimensions:      256       256       256
mmppix:       1.0000   -1.0000   -1.0000
center:     128.0000 -129.0000 -129.0000
t4_read: open error in t4_sub.f l:  41 t4_file(1:l)talsrcimg_to_711-2C_as_mni_average_305_t4 
t4_read: transform initialized to I4
rotation matrix determinant  1.000000
image alignment mode   4355 decimal     1103 hex
   -7.5000  -45.0000  -45.000010321.6973    7.7351
    0.0000  -45.0000  -45.000010705.8730    7.7538
    7.5000  -45.0000  -45.000010165.8076    7.7606
   -7.5000  -37.5000  -45.000010615.7520    7.7836
    0.0000  -37.5000  -45.000011018.7822    7.8003
    7.5000  -37.5000  -45.000010469.3594    7.8044
   -7.5000  -30.0000  -45.000011212.3545    7.6968
    0.0000  -30.0000  -45.000011638.3086    7.7126
    7.5000  -30.0000  -45.000011052.7646    7.7153
   -7.5000  -22.5000  -45.000011781.0771    7.6521
    0.0000  -22.5000  -45.000012242.0791    7.6694
    7.5000  -22.5000  -45.000011618.5361    7.6732
   -7.5000  -15.0000  -45.000012244.6719    7.6116
    0.0000  -15.0000  -45.000012739.2432    7.6306
    7.5000  -15.0000  -45.000012066.7549    7.6368
   -7.5000   -7.5000  -45.000012632.5869    7.5830
    0.0000   -7.5000  -45.000013134.4053    7.6023
    7.5000   -7.5000  -45.000012417.7607    7.6093
   -7.5000    0.0000  -45.000012904.9551    7.5774
    0.0000    0.0000  -45.000013410.3643    7.5950
    7.5000    0.0000  -45.000012678.1406    7.6009
   -7.5000    7.5000  -45.000012260.4395    7.6956
    0.0000    7.5000  -45.000012773.9150    7.7118
    7.5000    7.5000  -45.000012047.6777    7.7154
   -7.5000   15.0000  -45.000011644.4209    7.8625
    0.0000   15.0000  -45.000012126.0254    7.8793
    7.5000   15.0000  -45.000011418.6514    7.8808
   -7.5000   22.5000  -45.000010996.6777    8.0553
    0.0000   22.5000  -45.000011449.3613    8.0741
    7.5000   22.5000  -45.000010774.7334    8.0753
   -7.5000   30.0000  -45.000010293.6270    8.1743
    0.0000   30.0000  -45.000010747.6523    8.1944
    7.5000   30.0000  -45.000010106.6035    8.1969
   -7.5000   37.5000  -45.0000 9967.6182    8.4279
    0.0000   37.5000  -45.000010415.5215    8.4484
    7.5000   37.5000  -45.0000 9791.2461    8.4522
   -7.5000   45.0000  -45.0000 9258.1270    8.5001
    0.0000   45.0000  -45.0000 9683.0273    8.5168
    7.5000   45.0000  -45.0000 9093.7725    8.5204
   -7.5000  -45.0000  -37.500010809.1650    7.6606
    0.0000  -45.0000  -37.500011232.8350    7.6807
    7.5000  -45.0000  -37.500010659.9639    7.6899
   -7.5000  -37.5000  -37.500011131.5078    7.7075
    0.0000  -37.5000  -37.500011556.5186    7.7252
    7.5000  -37.5000  -37.500010990.9072    7.7320
   -7.5000  -30.0000  -37.500011765.4824    7.6210
    0.0000  -30.0000  -37.500012224.5029    7.6386
    7.5000  -30.0000  -37.500011612.2812    7.6440
   -7.5000  -22.5000  -37.500012404.3418    7.5758
    0.0000  -22.5000  -37.500012890.1660    7.5961
    7.5000  -22.5000  -37.500012220.4658    7.6026
   -7.5000  -15.0000  -37.500012928.5479    7.5365
    0.0000  -15.0000  -37.500013443.9541    7.5589
    7.5000  -15.0000  -37.500012722.8809    7.5677
   -7.5000   -7.5000  -37.500013322.0029    7.5098
    0.0000   -7.5000  -37.500013842.9268    7.5317
    7.5000   -7.5000  -37.500013071.2373    7.5410
   -7.5000    0.0000  -37.500013573.3672    7.5046
    0.0000    0.0000  -37.500014081.1621    7.5236
    7.5000    0.0000  -37.500013291.9375    7.5318
   -7.5000    7.5000  -37.500012879.8486    7.6204
    0.0000    7.5000  -37.500013383.7256    7.6376
    7.5000    7.5000  -37.500012602.9170    7.6438
   -7.5000   15.0000  -37.500012201.0195    7.7831
    0.0000   15.0000  -37.500012681.9053    7.8018
    7.5000   15.0000  -37.500011919.7832    7.8060
   -7.5000   22.5000  -37.500011499.4365    7.9717
    0.0000   22.5000  -37.500011962.0693    7.9936
    7.5000   22.5000  -37.500011251.5801    7.9975
   -7.5000   30.0000  -37.500010747.2959    8.0873
    0.0000   30.0000  -37.500011206.9287    8.1114
    7.5000   30.0000  -37.500010535.4863    8.1163
   -7.5000   37.5000  -37.500010377.7314    8.3428
    0.0000   37.5000  -37.500010837.5371    8.3665
    7.5000   37.5000  -37.500010173.1807    8.3728
   -7.5000   45.0000  -37.5000 9605.1211    8.4188
    0.0000   45.0000  -37.500010047.9736    8.4373
    7.5000   45.0000  -37.5000 9422.0625    8.4431
   -7.5000  -45.0000  -30.000011489.1455    7.9213
    0.0000  -45.0000  -30.000011952.5059    7.9438
    7.5000  -45.0000  -30.000011346.6514    7.9558
   -7.5000  -37.5000  -30.000011844.7578    7.9687
    0.0000  -37.5000  -30.000012315.6689    7.9889
    7.5000  -37.5000  -30.000011707.9424    7.9986
   -7.5000  -30.0000  -30.000012526.2559    7.8785
    0.0000  -30.0000  -30.000013035.5371    7.8991
    7.5000  -30.0000  -30.000012376.4307    7.9079
   -7.5000  -22.5000  -30.000013230.4092    7.8312
    0.0000  -22.5000  -30.000013777.7520    7.8551
    7.5000  -22.5000  -30.000013048.4766    7.8652
   -7.5000  -15.0000  -30.000013821.6113    7.7913
    0.0000  -15.0000  -30.000014386.9219    7.8174
    7.5000  -15.0000  -30.000013582.3896    7.8293
   -7.5000   -7.5000  -30.000014244.7852    7.7658
    0.0000   -7.5000  -30.000014809.4092    7.7906
    7.5000   -7.5000  -30.000013959.4775    7.8026
   -7.5000    0.0000  -30.000014462.4678    7.7609
    0.0000    0.0000  -30.000014991.6660    7.7821
    7.5000    0.0000  -30.000014173.3252    7.7930
   -7.5000    7.5000  -30.000013650.0078    7.8793
    0.0000    7.5000  -30.000014174.9658    7.8989
    7.5000    7.5000  -30.000013387.9814    7.9079
   -7.5000   15.0000  -30.000012915.3154    8.0444
    0.0000   15.0000  -30.000013413.1426    8.0660
    7.5000   15.0000  -30.000012665.4277    8.0736
   -7.5000   22.5000  -30.000012160.1133    8.2374
    0.0000   22.5000  -30.000012647.8955    8.2631
    7.5000   22.5000  -30.000011930.9082    8.2706
   -7.5000   30.0000  -30.000011370.3506    8.3582
    0.0000   30.0000  -30.000011859.2773    8.3862
    7.5000   30.0000  -30.000011171.6338    8.3942
   -7.5000   37.5000  -30.000010974.9482    8.6227
    0.0000   37.5000  -30.000011455.8076    8.6494
    7.5000   37.5000  -30.000010758.1982    8.6588
   -7.5000   45.0000  -30.000010160.6670    8.7111
    0.0000   45.0000  -30.000010608.8096    8.7317
    7.5000   45.0000  -30.0000 9949.0645    8.7403
   -7.5000  -45.0000  -22.500012166.1055    8.1628
    0.0000  -45.0000  -22.500012659.0879    8.1857
    7.5000  -45.0000  -22.500012040.9209    8.1986
   -7.5000  -37.5000  -22.500012564.7520    8.2115
    0.0000  -37.5000  -22.500013071.9834    8.2330
    7.5000  -37.5000  -22.500012436.5684    8.2439
   -7.5000  -30.0000  -22.500013289.3984    8.1199
    0.0000  -30.0000  -22.500013837.4102    8.1420
    7.5000  -30.0000  -22.500013143.3730    8.1525
   -7.5000  -22.5000  -22.500014006.4971    8.0730
    0.0000  -22.5000  -22.500014594.6895    8.0977
    7.5000  -22.5000  -22.500013825.2656    8.1094
   -7.5000  -15.0000  -22.500014619.2705    8.0319
    0.0000  -15.0000  -22.500015240.9258    8.0577
    7.5000  -15.0000  -22.500014381.8066    8.0708
   -7.5000   -7.5000  -22.500015134.8115    8.0044
    0.0000   -7.5000  -22.500015748.0479    8.0288
    7.5000   -7.5000  -22.500014845.5840    8.0417
   -7.5000    0.0000  -22.500015378.2295    7.9982
    0.0000    0.0000  -22.500015936.8984    8.0198
    7.5000    0.0000  -22.500015110.9473    8.0315
   -7.5000    7.5000  -22.500014464.3398    8.1197
    0.0000    7.5000  -22.500014981.1250    8.1405
    7.5000    7.5000  -22.500014261.0107    8.1508
   -7.5000   15.0000  -22.500013679.0723    8.2898
    0.0000   15.0000  -22.500014178.5000    8.3129
    7.5000   15.0000  -22.500013468.4443    8.3221
   -7.5000   22.5000  -22.500012874.2637    8.4899
    0.0000   22.5000  -22.500013376.7646    8.5164
    7.5000   22.5000  -22.500012649.4404    8.5258
   -7.5000   30.0000  -22.500012026.8945    8.6167
    0.0000   30.0000  -22.500012529.3506    8.6443
    7.5000   30.0000  -22.500011823.1807    8.6537
   -7.5000   37.5000  -22.500011605.6084    8.8858
    0.0000   37.5000  -22.500012081.0957    8.9114
    7.5000   37.5000  -22.500011370.0977    8.9220
   -7.5000   45.0000  -22.500010744.4531    8.9838
    0.0000   45.0000  -22.500011191.8604    9.0041
    7.5000   45.0000  -22.500010491.1484    9.0143
   -7.5000  -45.0000  -15.000012858.6299    8.3372
    0.0000  -45.0000  -15.000013377.8145    8.3586
    7.5000  -45.0000  -15.000012749.2461    8.3697
   -7.5000  -37.5000  -15.000013254.3662    8.3880
    0.0000  -37.5000  -15.000013806.4209    8.4085
    7.5000  -37.5000  -15.000013154.8320    8.4174
   -7.5000  -30.0000  -15.000014006.0459    8.2959
    0.0000  -30.0000  -15.000014609.8359    8.3168
    7.5000  -30.0000  -15.000013896.0693    8.3252
   -7.5000  -22.5000  -15.000014723.6836    8.2489
    0.0000  -22.5000  -15.000015367.2588    8.2711
    7.5000  -22.5000  -15.000014595.0488    8.2807
   -7.5000  -15.0000  -15.000015341.7227    8.2059
    0.0000  -15.0000  -15.000016030.9512    8.2284
    7.5000  -15.0000  -15.000015187.8203    8.2395
   -7.5000   -7.5000  -15.000015920.4189    8.1760
    0.0000   -7.5000  -15.000016628.5859    8.1976
    7.5000   -7.5000  -15.000015719.2832    8.2087
   -7.5000    0.0000  -15.000016343.1221    8.1698
    0.0000    0.0000  -15.000017008.9512    8.1898
    7.5000    0.0000  -15.000016131.5820    8.1997
   -7.5000    7.5000  -15.000015443.1748    8.2945
    0.0000    7.5000  -15.000016027.5146    8.3143
    7.5000    7.5000  -15.000015264.5078    8.3227
   -7.5000   15.0000  -15.000014576.1738    8.4691
    0.0000   15.0000  -15.000015051.8506    8.4907
    7.5000   15.0000  -15.000014339.7598    8.4978
   -7.5000   22.5000  -15.000013604.0674    8.6728
    0.0000   22.5000  -15.000014084.7920    8.6967
    7.5000   22.5000  -15.000013369.8057    8.7040
   -7.5000   30.0000  -15.000012679.1709    8.8023
    0.0000   30.0000  -15.000013121.5039    8.8261
    7.5000   30.0000  -15.000012424.2109    8.8337
   -7.5000   37.5000  -15.000012213.3438    9.0739
    0.0000   37.5000  -15.000012647.4570    9.0960
    7.5000   37.5000  -15.000011924.7949    9.1049
   -7.5000   45.0000  -15.000011301.8838    9.1773
    0.0000   45.0000  -15.000011746.7510    9.1955
    7.5000   45.0000  -15.000011012.6152    9.2042
   -7.5000  -45.0000   -7.500013554.6572    8.4203
    0.0000  -45.0000   -7.500014116.2197    8.4399
    7.5000  -45.0000   -7.500013470.9697    8.4478
   -7.5000  -37.5000   -7.500013981.8838    8.4722
    0.0000  -37.5000   -7.500014591.2051    8.4905
    7.5000  -37.5000   -7.500013897.9570    8.4956
   -7.5000  -30.0000   -7.500014788.1992    8.3804
    0.0000  -30.0000   -7.500015450.2598    8.3983
    7.5000  -30.0000   -7.500014683.0625    8.4022
   -7.5000  -22.5000   -7.500015542.6172    8.3332
    0.0000  -22.5000   -7.500016227.3496    8.3519
    7.5000  -22.5000   -7.500015419.6963    8.3571
   -7.5000  -15.0000   -7.500016159.3535    8.2892
    0.0000  -15.0000   -7.500016896.2051    8.3086
    7.5000  -15.0000   -7.500016041.6611    8.3160
   -7.5000   -7.5000   -7.500016753.6367    8.2577
    0.0000   -7.5000   -7.500017549.3477    8.2772
    7.5000   -7.5000   -7.500016581.2793    8.2852
   -7.5000    0.0000   -7.500017332.4707    8.2515
    0.0000    0.0000   -7.500018174.7578    8.2698
    7.5000    0.0000   -7.500017065.6406    8.2766
   -7.5000    7.5000   -7.500016515.6738    8.3779
    0.0000    7.5000   -7.500017238.6250    8.3957
    7.5000    7.5000   -7.500016209.4746    8.4002
   -7.5000   15.0000   -7.500015480.5498    8.5554
    0.0000   15.0000   -7.500016045.5176    8.5741
    7.5000   15.0000   -7.500015155.2900    8.5768
   -7.5000   22.5000   -7.500014380.8018    8.7585
    0.0000   22.5000   -7.500014897.0205    8.7787
    7.5000   22.5000   -7.500014078.8281    8.7813
   -7.5000   30.0000   -7.500013366.2764    8.8877
    0.0000   30.0000   -7.500013842.4902    8.9080
    7.5000   30.0000   -7.500013063.6543    8.9118
   -7.5000   37.5000   -7.500012837.7236    9.1607
    0.0000   37.5000   -7.500013320.8184    9.1806
    7.5000   37.5000   -7.500012538.2363    9.1857
   -7.5000   45.0000   -7.500011851.1885    9.2653
    0.0000   45.0000   -7.500012324.1582    9.2819
    7.5000   45.0000   -7.500011564.0713    9.2870
   -7.5000  -45.0000    0.000014150.5088    8.4272
    0.0000  -45.0000    0.000014729.7520    8.4468
    7.5000  -45.0000    0.000014064.6553    8.4536
   -7.5000  -37.5000    0.000014583.3701    8.4792
    0.0000  -37.5000    0.000015196.6592    8.4967
    7.5000  -37.5000    0.000014475.2588    8.5004
   -7.5000  -30.0000    0.000015429.8828    8.3872
    0.0000  -30.0000    0.000016085.7051    8.4037
    7.5000  -30.0000    0.000015317.7607    8.4059
   -7.5000  -22.5000    0.000016206.7002    8.3389
    0.0000  -22.5000    0.000016907.1953    8.3569
    7.5000  -22.5000    0.000016121.6299    8.3603
   -7.5000  -15.0000    0.000016860.7168    8.2950
    0.0000  -15.0000    0.000017572.8574    8.3148
    7.5000  -15.0000    0.000016750.1289    8.3207
   -7.5000   -7.5000    0.000017423.9766    8.2640
    0.0000   -7.5000    0.000018173.3301    8.2842
    7.5000   -7.5000    0.000017285.4453    8.2912
   -7.5000    0.0000    0.000017940.0586    8.2583
    0.0000    0.0000    0.000018762.6895    8.2767
    7.5000    0.0000    0.000017711.4141    8.2826
   -7.5000    7.5000    0.000017075.0645    8.3849
    0.0000    7.5000    0.000017811.9551    8.4019
    7.5000    7.5000    0.000016813.4199    8.4051
   -7.5000   15.0000    0.000015972.3828    8.5626
    0.0000   15.0000    0.000016591.6855    8.5801
    7.5000   15.0000    0.000015724.0400    8.5809
   -7.5000   22.5000    0.000014863.2129    8.7633
    0.0000   22.5000    0.000015461.6279    8.7828
    7.5000   22.5000    0.000014625.8174    8.7833
   -7.5000   30.0000    0.000013854.7949    8.8911
    0.0000   30.0000    0.000014450.5156    8.9120
    7.5000   30.0000    0.000013605.6904    8.9139
   -7.5000   37.5000    0.000013312.3711    9.1655
    0.0000   37.5000    0.000013879.6523    9.1868
    7.5000   37.5000    0.000013048.4609    9.1902
   -7.5000   45.0000    0.000012267.8301    9.2707
    0.0000   45.0000    0.000012779.1885    9.2881
    7.5000   45.0000    0.000012000.5078    9.2914
   -7.5000  -45.0000    7.500013659.8877    8.4348
    0.0000  -45.0000    7.500014192.3447    8.4567
    7.5000  -45.0000    7.500013564.2617    8.4658
   -7.5000  -37.5000    7.500014019.4209    8.4860
    0.0000  -37.5000    7.500014568.3857    8.5052
    7.5000  -37.5000    7.500013938.5312    8.5116
   -7.5000  -30.0000    7.500014794.2803    8.3925
    0.0000  -30.0000    7.500015389.2500    8.4114
    7.5000  -30.0000    7.500014758.9092    8.4164
   -7.5000  -22.5000    7.500015564.8965    8.3431
    0.0000  -22.5000    7.500016187.2402    8.3647
    7.5000  -22.5000    7.500015564.1143    8.3709
   -7.5000  -15.0000    7.500016186.8350    8.2999
    0.0000  -15.0000    7.500016836.7090    8.3240
    7.5000  -15.0000    7.500016196.5508    8.3327
   -7.5000   -7.5000    7.500016694.3730    8.2707
    0.0000   -7.5000    7.500017357.8574    8.2944
    7.5000   -7.5000    7.500016640.5859    8.3038
   -7.5000    0.0000    7.500017145.8066    8.2654
    0.0000    0.0000    7.500017849.5293    8.2860
    7.5000    0.0000    7.500017004.6035    8.2942
   -7.5000    7.5000    7.500016289.3633    8.3916
    0.0000    7.5000    7.500016913.2344    8.4102
    7.5000    7.5000    7.500016119.3789    8.4161
   -7.5000   15.0000    7.500015234.9854    8.5682
    0.0000   15.0000    7.500015764.6992    8.5882
    7.5000   15.0000    7.500015080.5596    8.5919
   -7.5000   22.5000    7.500014190.9023    8.7689
    0.0000   22.5000    7.500014738.4805    8.7922
    7.5000   22.5000    7.500014035.9014    8.7956
   -7.5000   30.0000    7.500013247.9023    8.8976
    0.0000   30.0000    7.500013788.9844    8.9234
    7.5000   30.0000    7.500013059.3184    8.9278
   -7.5000   37.5000    7.500012719.1426    9.1750
    0.0000   37.5000    7.500013231.5586    9.2005
    7.5000   37.5000    7.500012491.5010    9.2064
   -7.5000   45.0000    7.500011713.7461    9.2825
    0.0000   45.0000    7.500012166.9199    9.3026
    7.5000   45.0000    7.500011459.6484    9.3079
   -7.5000  -45.0000   15.000012984.4424    8.4820
    0.0000  -45.0000   15.000013475.5107    8.5061
    7.5000  -45.0000   15.000012928.3779    8.5185
   -7.5000  -37.5000   15.000013305.0117    8.5329
    0.0000  -37.5000   15.000013818.3232    8.5546
    7.5000  -37.5000   15.000013285.7471    8.5646
   -7.5000  -30.0000   15.000014051.6523    8.4371
    0.0000  -30.0000   15.000014593.6143    8.4592
    7.5000  -30.0000   15.000014089.4980    8.4683
   -7.5000  -22.5000   15.000014783.2529    8.3866
    0.0000  -22.5000   15.000015369.0029    8.4123
    7.5000  -22.5000   15.000014851.5049    8.4228
   -7.5000  -15.0000   15.000015372.6494    8.3437
    0.0000  -15.0000   15.000015988.0117    8.3717
    7.5000  -15.0000   15.000015407.5859    8.3841
   -7.5000   -7.5000   15.000015845.7773    8.3160
    0.0000   -7.5000   15.000016466.7891    8.3426
    7.5000   -7.5000   15.000015810.5537    8.3552
   -7.5000    0.0000   15.000016237.7959    8.3107
    0.0000    0.0000   15.000016893.9629    8.3335
    7.5000    0.0000   15.000016141.8623    8.3447
   -7.5000    7.5000   15.000015393.4092    8.4374
    0.0000    7.5000   15.000015953.0166    8.4585
    7.5000    7.5000   15.000015260.8867    8.4678
   -7.5000   15.0000   15.000014435.6777    8.6143
    0.0000   15.0000   15.000014927.8037    8.6376
    7.5000   15.0000   15.000014298.8105    8.6453
   -7.5000   22.5000   15.000013459.6973    8.8184
    0.0000   22.5000   15.000013961.3545    8.8460
    7.5000   22.5000   15.000013330.3809    8.8538
   -7.5000   30.0000   15.000012527.4307    8.9512
    0.0000   30.0000   15.000013024.0986    8.9813
    7.5000   30.0000   15.000012380.9570    8.9896
   -7.5000   37.5000   15.000012009.1758    9.2332
    0.0000   37.5000   15.000012470.1426    9.2618
    7.5000   37.5000   15.000011821.9834    9.2715
   -7.5000   45.0000   15.000011051.8477    9.3451
    0.0000   45.0000   15.000011469.8008    9.3673
    7.5000   45.0000   15.000010841.8682    9.3761
   -7.5000  -45.0000   22.500012256.1475    8.5812
    0.0000  -45.0000   22.500012738.4775    8.6056
    7.5000  -45.0000   22.500012242.1367    8.6191
   -7.5000  -37.5000   22.500012589.8477    8.6332
    0.0000  -37.5000   22.500013085.2607    8.6561
    7.5000  -37.5000   22.500012595.9990    8.6676
   -7.5000  -30.0000   22.500013277.6523    8.5355
    0.0000  -30.0000   22.500013784.5566    8.5591
    7.5000  -30.0000   22.500013300.9375    8.5701
   -7.5000  -22.5000   22.500013938.2969    8.4852
    0.0000  -22.5000   22.500014467.6016    8.5115
    7.5000  -22.5000   22.500013965.4766    8.5237
   -7.5000  -15.0000   22.500014470.8379    8.4413
    0.0000  -15.0000   22.500015017.5596    8.4686
    7.5000  -15.0000   22.500014461.1514    8.4823
   -7.5000   -7.5000   22.500014856.7324    8.4123
    0.0000   -7.5000   22.500015431.0693    8.4381
    7.5000   -7.5000   22.500014810.6748    8.4515
   -7.5000    0.0000   22.500015187.1963    8.4061
    0.0000    0.0000   22.500015788.5205    8.4290
    7.5000    0.0000   22.500015102.5537    8.4413
   -7.5000    7.5000   22.500014384.5801    8.5355
    0.0000    7.5000   22.500014916.4619    8.5577
    7.5000    7.5000   22.500014282.9053    8.5685
   -7.5000   15.0000   22.500013536.3906    8.7165
    0.0000   15.0000   22.500014009.6025    8.7410
    7.5000   15.0000   22.500013403.6387    8.7506
   -7.5000   22.5000   22.500012644.3457    8.9279
    0.0000   22.5000   22.500013118.1299    8.9561
    7.5000   22.5000   22.500012512.9609    8.9658
   -7.5000   30.0000   22.500011721.2021    9.0670
    0.0000   30.0000   22.500012168.5098    9.0962
    7.5000   30.0000   22.500011605.2021    9.1060
   -7.5000   37.5000   22.500011195.8486    9.3543
    0.0000   37.5000   22.500011614.7295    9.3815
    7.5000   37.5000   22.500011065.3945    9.3926
   -7.5000   45.0000   22.500010288.7129    9.4710
    0.0000   45.0000   22.500010673.4082    9.4926
    7.5000   45.0000   22.500010140.4189    9.5033
   -7.5000  -45.0000   30.000011547.7598    8.7179
    0.0000  -45.0000   30.000011992.8477    8.7408
    7.5000  -45.0000   30.000011524.3281    8.7523
   -7.5000  -37.5000   30.000011851.5732    8.7731
    0.0000  -37.5000   30.000012303.1445    8.7950
    7.5000  -37.5000   30.000011805.6924    8.8044
   -7.5000  -30.0000   30.000012467.2285    8.6746
    0.0000  -30.0000   30.000012937.6133    8.6970
    7.5000  -30.0000   30.000012410.0449    8.7058
   -7.5000  -22.5000   30.000013053.7520    8.6246
    0.0000  -22.5000   30.000013532.7568    8.6485
    7.5000  -22.5000   30.000012988.3291    8.6585
   -7.5000  -15.0000   30.000013493.8848    8.5782
    0.0000  -15.0000   30.000014002.6562    8.6023
    7.5000  -15.0000   30.000013427.5508    8.6137
   -7.5000   -7.5000   30.000013817.6016    8.5452
    0.0000   -7.5000   30.000014346.0107    8.5682
    7.5000   -7.5000   30.000013736.8984    8.5796
   -7.5000    0.0000   30.000014068.3037    8.5376
    0.0000    0.0000   30.000014595.9971    8.5590
    7.5000    0.0000   30.000013969.5430    8.5692
   -7.5000    7.5000   30.000013273.0889    8.6722
    0.0000    7.5000   30.000013769.2852    8.6934
    7.5000    7.5000   30.000013185.1992    8.7021
   -7.5000   15.0000   30.000012505.8633    8.8614
    0.0000   15.0000   30.000012968.1533    8.8848
    7.5000   15.0000   30.000012397.4424    8.8922
   -7.5000   22.5000   30.000011656.8428    9.0816
    0.0000   22.5000   30.000012106.1416    9.1074
    7.5000   22.5000   30.000011569.4443    9.1148
   -7.5000   30.0000   30.000010787.3555    9.2267
    0.0000   30.0000   30.000011200.0869    9.2523
    7.5000   30.0000   30.000010725.0254    9.2599
   -7.5000   37.5000   30.000010290.0137    9.5203
    0.0000   37.5000   30.000010661.0293    9.5440
    7.5000   37.5000   30.000010206.4551    9.5529
   -7.5000   45.0000   30.0000 9421.2275    9.6424
    0.0000   45.0000   30.0000 9781.4150    9.6620
    7.5000   45.0000   30.0000 9333.6182    9.6708
   -7.5000  -45.0000   37.500011308.1299    8.9072
    0.0000  -45.0000   37.500011727.5664    8.9297
    7.5000  -45.0000   37.500011224.1943    8.9367
   -7.5000  -37.5000   37.500011555.5430    8.9657
    0.0000  -37.5000   37.500011976.2998    8.9868
    7.5000  -37.5000   37.500011441.4971    8.9910
   -7.5000  -30.0000   37.500012099.0176    8.8630
    0.0000  -30.0000   37.500012547.9141    8.8835
    7.5000  -30.0000   37.500011983.4316    8.8865
   -7.5000  -22.5000   37.500012602.1631    8.8103
    0.0000  -22.5000   37.500013083.5791    8.8316
    7.5000  -22.5000   37.500012488.3662    8.8359
   -7.5000  -15.0000   37.500013003.6904    8.7615
    0.0000  -15.0000   37.500013508.8027    8.7836
    7.5000  -15.0000   37.500012902.1074    8.7901
   -7.5000   -7.5000   37.500013296.2754    8.7265
    0.0000   -7.5000   37.500013818.3574    8.7488
    7.5000   -7.5000   37.500013183.2666    8.7559
   -7.5000    0.0000   37.500013478.6016    8.7196
    0.0000    0.0000   37.500013984.7500    8.7406
    7.5000    0.0000   37.500013376.2051    8.7465
   -7.5000    7.5000   37.500012657.0840    8.8604
    0.0000    7.5000   37.500013156.3301    8.8809
    7.5000    7.5000   37.500012588.1494    8.8844
   -7.5000   15.0000   37.500011909.7031    9.0586
    0.0000   15.0000   37.500012363.0469    9.0800
    7.5000   15.0000   37.500011831.0420    9.0815
   -7.5000   22.5000   37.500011102.9658    9.2863
    0.0000   22.5000   37.500011520.4756    9.3096
    7.5000   22.5000   37.500011043.7441    9.3107
   -7.5000   30.0000   37.500010271.3164    9.4390
    0.0000   30.0000   37.500010639.5068    9.4624
    7.5000   30.0000   37.500010237.8994    9.4646
   -7.5000   37.5000   37.5000 9793.7803    9.7469
    0.0000   37.5000   37.500010138.1396    9.7701
    7.5000   37.5000   37.5000 9735.3145    9.7735
   -7.5000   45.0000   37.5000 8959.7871    9.8794
    0.0000   45.0000   37.5000 9297.1660    9.8991
    7.5000   45.0000   37.5000 8904.1055    9.9025
   -7.5000  -45.0000   45.000010533.9863    9.1101
    0.0000  -45.0000   45.000010925.4443    9.1362
    7.5000  -45.0000   45.000010426.1045    9.1454
   -7.5000  -37.5000   45.000010713.1006    9.1732
    0.0000  -37.5000   45.000011096.1914    9.1967
    7.5000  -37.5000   45.000010594.1475    9.2024
   -7.5000  -30.0000   45.000011184.7354    9.0673
    0.0000  -30.0000   45.000011596.8428    9.0892
    7.5000  -30.0000   45.000011078.4434    9.0927
   -7.5000  -22.5000   45.000011630.4199    9.0122
    0.0000  -22.5000   45.000012056.0840    9.0355
    7.5000  -22.5000   45.000011524.8691    9.0400
   -7.5000  -15.0000   45.000011972.6436    8.9602
    0.0000  -15.0000   45.000012418.0762    8.9857
    7.5000  -15.0000   45.000011874.1943    8.9932
   -7.5000   -7.5000   45.000012215.4541    8.9215
    0.0000   -7.5000   45.000012686.0957    8.9480
    7.5000   -7.5000   45.000012114.3564    8.9569
   -7.5000    0.0000   45.000012350.2314    8.9132
    0.0000    0.0000   45.000012813.9932    8.9377
    7.5000    0.0000   45.000012252.8945    8.9457
   -7.5000    7.5000   45.000011575.2695    9.0626
    0.0000    7.5000   45.000012031.7910    9.0853
    7.5000    7.5000   45.000011515.2217    9.0903
   -7.5000   15.0000   45.000010868.8740    9.2741
    0.0000   15.0000   45.000011283.2012    9.2972
    7.5000   15.0000   45.000010823.4160    9.2992
   -7.5000   22.5000   45.000010121.3672    9.5133
    0.0000   22.5000   45.000010486.8369    9.5388
    7.5000   22.5000   45.000010081.5010    9.5400
   -7.5000   30.0000   45.0000 9365.6943    9.6728
    0.0000   30.0000   45.0000 9678.7842    9.7004
    7.5000   30.0000   45.0000 9324.0049    9.7033
   -7.5000   37.5000   45.0000 8930.7148    9.9951
    0.0000   37.5000   45.0000 9233.4824   10.0242
    7.5000   37.5000   45.0000 8883.2637   10.0293
   -7.5000   45.0000   45.0000 8189.3906   10.1459
    0.0000   45.0000   45.0000 8471.4053   10.1710
    7.5000   45.0000   45.0000 8143.9487   10.1765

---------------------------------------------------------------------
imgreg_4dfp /opt/freesurfer/average/711-2C_as_mni_average_305 /opt/freesurfer/average/711-2B_as_mni_average_305_mask talsrcimg_g11 none talsrcimg_to_711-2C_as_mni_average_305_t4 4355
---------------------------------------------------------------------

freesurfer imgreg_4dfp.c
/opt/freesurfer/average/711-2C_as_mni_average_305.4dfp.img
       256       256       256         1
  1.000000  1.000000  1.000000
orientation T byte_order littleendian
Reading image: /opt/freesurfer/average/711-2C_as_mni_average_305.4dfp.img
dimensions:      256       256       256
mmppix:       1.0000   -1.0000   -1.0000
center:     128.0000 -129.0000 -129.0000
/opt/freesurfer/average/711-2B_as_mni_average_305_mask.4dfp.img
       256       256       256         1
  1.000000  1.000000  1.000000
orientation T byte_order littleendian
Reading mask: /opt/freesurfer/average/711-2B_as_mni_average_305_mask.4dfp.img (2306576 pixels)
talsrcimg_g11.4dfp.img
       256       256       256         1
  1.000000  1.000000  1.000000
orientation T byte_order littleendian
Reading image: talsrcimg_g11.4dfp.img
dimensions:      256       256       256
mmppix:       1.0000   -1.0000   -1.0000
center:     128.0000 -129.0000 -129.0000
rotation matrix determinant  1.000000
image alignment mode   4355 decimal     1103 hex
   -7.5000  -45.0000  -45.0000 2471.1997   10.3662
    0.0000  -45.0000  -45.0000 2474.9729   10.3892
    7.5000  -45.0000  -45.0000 2440.8210   10.5244
   -7.5000  -37.5000  -45.0000 2505.6519   10.0343
    0.0000  -37.5000  -45.0000 2511.8093   10.0680
    7.5000  -37.5000  -45.0000 2481.9934   10.1783
   -7.5000  -30.0000  -45.0000 2539.5806    9.7378
    0.0000  -30.0000  -45.0000 2547.3313    9.7780
    7.5000  -30.0000  -45.0000 2514.9163    9.8752
   -7.5000  -22.5000  -45.0000 2566.7800    9.4879
    0.0000  -22.5000  -45.0000 2580.2803    9.5330
    7.5000  -22.5000  -45.0000 2546.8955    9.6276
   -7.5000  -15.0000  -45.0000 2591.0630    9.3114
    0.0000  -15.0000  -45.0000 2605.6897    9.3460
    7.5000  -15.0000  -45.0000 2569.6453    9.4488
   -7.5000   -7.5000  -45.0000 2610.6855    9.1971
    0.0000   -7.5000  -45.0000 2624.4878    9.2195
    7.5000   -7.5000  -45.0000 2580.9375    9.3209
   -7.5000    0.0000  -45.0000 2611.8030    9.1481
    0.0000    0.0000  -45.0000 2624.1377    9.1863
    7.5000    0.0000  -45.0000 2589.9944    9.2826
   -7.5000    7.5000  -45.0000 2607.8816    9.2310
    0.0000    7.5000  -45.0000 2620.7432    9.2500
    7.5000    7.5000  -45.0000 2589.0691    9.3513
   -7.5000   15.0000  -45.0000 2588.3403    9.4485
    0.0000   15.0000  -45.0000 2609.0562    9.4711
    7.5000   15.0000  -45.0000 2569.1797    9.5522
   -7.5000   22.5000  -45.0000 2549.4312    9.7610
    0.0000   22.5000  -45.0000 2564.3176    9.7944
    7.5000   22.5000  -45.0000 2530.8228    9.8900
   -7.5000   30.0000  -45.0000 2485.9976   10.2634
    0.0000   30.0000  -45.0000 2506.1641   10.2928
    7.5000   30.0000  -45.0000 2470.8799   10.3928
   -7.5000   37.5000  -45.0000 2406.1208   10.9614
    0.0000   37.5000  -45.0000 2423.1873   10.9888
    7.5000   37.5000  -45.0000 2394.5955   11.0881
   -7.5000   45.0000  -45.0000 2311.7065   11.8440
    0.0000   45.0000  -45.0000 2326.2153   11.8434
    7.5000   45.0000  -45.0000 2301.4609   11.9800
   -7.5000  -45.0000  -37.5000 2552.8098    9.6845
    0.0000  -45.0000  -37.5000 2558.3154    9.7151
    7.5000  -45.0000  -37.5000 2521.1404    9.8587
   -7.5000  -37.5000  -37.5000 2587.2134    9.3954
    0.0000  -37.5000  -37.5000 2593.1042    9.4514
    7.5000  -37.5000  -37.5000 2561.0928    9.5611
   -7.5000  -30.0000  -37.5000 2622.9292    9.1158
    0.0000  -30.0000  -37.5000 2631.3467    9.1392
    7.5000  -30.0000  -37.5000 2594.8835    9.2657
   -7.5000  -22.5000  -37.5000 2653.4626    8.9040
    0.0000  -22.5000  -37.5000 2665.5488    8.9202
    7.5000  -22.5000  -37.5000 2624.9856    9.0460
   -7.5000  -15.0000  -37.5000 2678.9136    8.7494
    0.0000  -15.0000  -37.5000 2692.7419    8.7668
    7.5000  -15.0000  -37.5000 2652.9341    8.8672
   -7.5000   -7.5000  -37.5000 2697.3059    8.6424
    0.0000   -7.5000  -37.5000 2709.5422    8.6580
    7.5000   -7.5000  -37.5000 2669.1069    8.7619
   -7.5000    0.0000  -37.5000 2698.6899    8.6023
    0.0000    0.0000  -37.5000 2709.5251    8.6125
    7.5000    0.0000  -37.5000 2670.8433    8.6987
   -7.5000    7.5000  -37.5000 2691.9668    8.6566
    0.0000    7.5000  -37.5000 2702.1345    8.6866
    7.5000    7.5000  -37.5000 2666.6855    8.7817
   -7.5000   15.0000  -37.5000 2670.9143    8.8441
    0.0000   15.0000  -37.5000 2688.8894    8.8672
    7.5000   15.0000  -37.5000 2649.6758    8.9717
   -7.5000   22.5000  -37.5000 2637.0613    9.1523
    0.0000   22.5000  -37.5000 2654.6685    9.1796
    7.5000   22.5000  -37.5000 2620.3894    9.2843
   -7.5000   30.0000  -37.5000 2577.1353    9.6257
    0.0000   30.0000  -37.5000 2594.9587    9.6504
    7.5000   30.0000  -37.5000 2559.2390    9.7585
   -7.5000   37.5000  -37.5000 2496.3633   10.2739
    0.0000   37.5000  -37.5000 2512.1294   10.3022
    7.5000   37.5000  -37.5000 2478.5203   10.4069
   -7.5000   45.0000  -37.5000 2393.0066   11.1045
    0.0000   45.0000  -37.5000 2411.3079   11.1126
    7.5000   45.0000  -37.5000 2380.3567   11.2430
   -7.5000  -45.0000  -30.0000 2675.3318    9.3833
    0.0000  -45.0000  -30.0000 2681.7617    9.4247
    7.5000  -45.0000  -30.0000 2641.8062    9.5829
   -7.5000  -37.5000  -30.0000 2711.6831    9.1087
    0.0000  -37.5000  -30.0000 2716.1902    9.1490
    7.5000  -37.5000  -30.0000 2682.3672    9.2843
   -7.5000  -30.0000  -30.0000 2743.9890    8.8508
    0.0000  -30.0000  -30.0000 2754.1194    8.8834
    7.5000  -30.0000  -30.0000 2715.5420    9.0096
   -7.5000  -22.5000  -30.0000 2778.8225    8.6506
    0.0000  -22.5000  -30.0000 2790.1436    8.6713
    7.5000  -22.5000  -30.0000 2750.8726    8.7944
   -7.5000  -15.0000  -30.0000 2804.9331    8.5105
    0.0000  -15.0000  -30.0000 2815.7166    8.5215
    7.5000  -15.0000  -30.0000 2776.5625    8.6477
   -7.5000   -7.5000  -30.0000 2822.6746    8.4405
    0.0000   -7.5000  -30.0000 2835.9666    8.4351
    7.5000   -7.5000  -30.0000 2790.2878    8.5555
   -7.5000    0.0000  -30.0000 2825.1089    8.3761
    0.0000    0.0000  -30.0000 2843.3450    8.3592
    7.5000    0.0000  -30.0000 2795.8311    8.5003
   -7.5000    7.5000  -30.0000 2821.7534    8.4116
    0.0000    7.5000  -30.0000 2834.5010    8.4180
    7.5000    7.5000  -30.0000 2791.5820    8.5572
   -7.5000   15.0000  -30.0000 2801.1445    8.5955
    0.0000   15.0000  -30.0000 2818.4089    8.5918
    7.5000   15.0000  -30.0000 2779.4211    8.7471
   -7.5000   22.5000  -30.0000 2764.4780    8.9188
    0.0000   22.5000  -30.0000 2785.3767    8.9264
    7.5000   22.5000  -30.0000 2752.0166    9.0764
   -7.5000   30.0000  -30.0000 2704.6343    9.4084
    0.0000   30.0000  -30.0000 2726.1729    9.4131
    7.5000   30.0000  -30.0000 2692.7673    9.5646
   -7.5000   37.5000  -30.0000 2626.4338   10.0386
    0.0000   37.5000  -30.0000 2646.9050   10.0503
    7.5000   37.5000  -30.0000 2608.8940   10.1965
   -7.5000   45.0000  -30.0000 2520.5046   10.8588
    0.0000   45.0000  -30.0000 2539.2349   10.8648
    7.5000   45.0000  -30.0000 2503.2258   11.0173
   -7.5000  -45.0000  -22.5000 2764.3354    9.0362
    0.0000  -45.0000  -22.5000 2770.3333    9.0743
    7.5000  -45.0000  -22.5000 2730.1282    9.2501
   -7.5000  -37.5000  -22.5000 2804.3770    8.7823
    0.0000  -37.5000  -22.5000 2809.9270    8.8103
    7.5000  -37.5000  -22.5000 2772.8877    8.9703
   -7.5000  -30.0000  -22.5000 2832.9714    8.5548
    0.0000  -30.0000  -22.5000 2842.7649    8.5660
    7.5000  -30.0000  -22.5000 2804.0098    8.7233
   -7.5000  -22.5000  -22.5000 2858.4294    8.3598
    0.0000  -22.5000  -22.5000 2868.7812    8.3582
    7.5000  -22.5000  -22.5000 2833.3452    8.5184
   -7.5000  -15.0000  -22.5000 2875.7212    8.2221
    0.0000  -15.0000  -22.5000 2890.5256    8.2125
    7.5000  -15.0000  -22.5000 2849.1460    8.3707
   -7.5000   -7.5000  -22.5000 2900.1697    8.1684
    0.0000   -7.5000  -22.5000 2914.9431    8.1406
    7.5000   -7.5000  -22.5000 2871.7454    8.3004
   -7.5000    0.0000  -22.5000 2908.6323    8.1461
    0.0000    0.0000  -22.5000 2929.6455    8.0994
    7.5000    0.0000  -22.5000 2881.9778    8.3028
   -7.5000    7.5000  -22.5000 2904.3555    8.1603
    0.0000    7.5000  -22.5000 2922.7346    8.1191
    7.5000    7.5000  -22.5000 2878.1624    8.3722
   -7.5000   15.0000  -22.5000 2887.0215    8.3450
    0.0000   15.0000  -22.5000 2904.5681    8.2961
    7.5000   15.0000  -22.5000 2868.1301    8.5403
   -7.5000   22.5000  -22.5000 2853.0718    8.7041
    0.0000   22.5000  -22.5000 2872.5596    8.6657
    7.5000   22.5000  -22.5000 2836.5774    8.8817
   -7.5000   30.0000  -22.5000 2795.5645    9.1741
    0.0000   30.0000  -22.5000 2815.4771    9.1527
    7.5000   30.0000  -22.5000 2780.3525    9.3518
   -7.5000   37.5000  -22.5000 2716.2229    9.7773
    0.0000   37.5000  -22.5000 2735.5381    9.7642
    7.5000   37.5000  -22.5000 2697.4644    9.9654
   -7.5000   45.0000  -22.5000 2606.4844   10.5967
    0.0000   45.0000  -22.5000 2627.7700   10.5711
    7.5000   45.0000  -22.5000 2590.6404   10.7868
   -7.5000  -45.0000  -15.0000 2825.0574    8.7365
    0.0000  -45.0000  -15.0000 2830.2126    8.7541
    7.5000  -45.0000  -15.0000 2787.8545    8.9454
   -7.5000  -37.5000  -15.0000 2853.5752    8.4991
    0.0000  -37.5000  -15.0000 2858.5752    8.4959
    7.5000  -37.5000  -15.0000 2822.2717    8.6767
   -7.5000  -30.0000  -15.0000 2875.0569    8.2540
    0.0000  -30.0000  -15.0000 2885.2126    8.2446
    7.5000  -30.0000  -15.0000 2847.1194    8.4271
   -7.5000  -22.5000  -15.0000 2895.6311    8.0679
    0.0000  -22.5000  -15.0000 2909.4260    8.0589
    7.5000  -22.5000  -15.0000 2872.9307    8.2379
   -7.5000  -15.0000  -15.0000 2906.5942    7.9509
    0.0000  -15.0000  -15.0000 2920.3801    7.9215
    7.5000  -15.0000  -15.0000 2888.5176    8.1073
   -7.5000   -7.5000  -15.0000 2924.8806    7.9151
    0.0000   -7.5000  -15.0000 2940.8269    7.8846
    7.5000   -7.5000  -15.0000 2912.8064    8.0626
   -7.5000    0.0000  -15.0000 2937.6113    7.9898
    0.0000    0.0000  -15.0000 2962.0649    7.9353
    7.5000    0.0000  -15.0000 2926.8481    8.1470
   -7.5000    7.5000  -15.0000 2941.4875    8.0614
    0.0000    7.5000  -15.0000 2967.8948    7.9969
    7.5000    7.5000  -15.0000 2925.5073    8.2710
   -7.5000   15.0000  -15.0000 2933.1304    8.2033
    0.0000   15.0000  -15.0000 2951.2642    8.1118
    7.5000   15.0000  -15.0000 2912.1477    8.4049
   -7.5000   22.5000  -15.0000 2896.6021    8.5450
    0.0000   22.5000  -15.0000 2917.4956    8.4562
    7.5000   22.5000  -15.0000 2880.5474    8.6758
   -7.5000   30.0000  -15.0000 2835.7930    8.9799
    0.0000   30.0000  -15.0000 2850.7649    8.9291
    7.5000   30.0000  -15.0000 2820.2993    9.1083
   -7.5000   37.5000  -15.0000 2750.4102    9.6040
    0.0000   37.5000  -15.0000 2768.0940    9.5494
    7.5000   37.5000  -15.0000 2736.9126    9.7400
   -7.5000   45.0000  -15.0000 2642.2437   10.4486
    0.0000   45.0000  -15.0000 2662.6919   10.4198
    7.5000   45.0000  -15.0000 2631.2664   10.5789
   -7.5000  -45.0000   -7.5000 2857.8027    8.4736
    0.0000  -45.0000   -7.5000 2861.6604    8.4789
    7.5000  -45.0000   -7.5000 2816.3691    8.6832
   -7.5000  -37.5000   -7.5000 2877.7024    8.2298
    0.0000  -37.5000   -7.5000 2884.5247    8.2228
    7.5000  -37.5000   -7.5000 2844.6152    8.4212
   -7.5000  -30.0000   -7.5000 2893.3030    7.9925
    0.0000  -30.0000   -7.5000 2905.0598    7.9847
    7.5000  -30.0000   -7.5000 2867.7449    8.1773
   -7.5000  -22.5000   -7.5000 2911.8191    7.8249
    0.0000  -22.5000   -7.5000 2924.8838    7.7975
    7.5000  -22.5000   -7.5000 2892.7354    7.9926
   -7.5000  -15.0000   -7.5000 2923.7087    7.7208
    0.0000  -15.0000   -7.5000 2935.9041    7.6869
    7.5000  -15.0000   -7.5000 2914.4353    7.8919
   -7.5000   -7.5000   -7.5000 2936.1003    7.7439
    0.0000   -7.5000   -7.5000 2951.8086    7.7051
    7.5000   -7.5000   -7.5000 2928.9326    7.9108
   -7.5000    0.0000   -7.5000 2951.6545    7.8856
    0.0000    0.0000   -7.5000 2973.3572    7.8475
    7.5000    0.0000   -7.5000 2946.4392    8.0161
   -7.5000    7.5000   -7.5000 2960.9983    8.0531
    0.0000    7.5000   -7.5000 2989.5410    7.9968
    7.5000    7.5000   -7.5000 2946.7415    8.1660
   -7.5000   15.0000   -7.5000 2956.9951    8.1537
    0.0000   15.0000   -7.5000 2979.2854    8.0684
    7.5000   15.0000   -7.5000 2935.5344    8.3031
   -7.5000   22.5000   -7.5000 2914.3464    8.4356
    0.0000   22.5000   -7.5000 2934.7083    8.3625
    7.5000   22.5000   -7.5000 2899.4321    8.5770
   -7.5000   30.0000   -7.5000 2850.5452    8.8932
    0.0000   30.0000   -7.5000 2864.4604    8.8373
    7.5000   30.0000   -7.5000 2834.4495    9.0191
   -7.5000   37.5000   -7.5000 2765.6074    9.5312
    0.0000   37.5000   -7.5000 2782.1594    9.4892
    7.5000   37.5000   -7.5000 2750.6348    9.6376
   -7.5000   45.0000   -7.5000 2649.7339   10.3836
    0.0000   45.0000   -7.5000 2671.0657   10.3665
    7.5000   45.0000   -7.5000 2638.9202   10.4837
   -7.5000  -45.0000    0.0000 2874.8235    8.2654
    0.0000  -45.0000    0.0000 2877.3696    8.2577
    7.5000  -45.0000    0.0000 2838.3064    8.4958
   -7.5000  -37.5000    0.0000 2885.3220    8.0242
    0.0000  -37.5000    0.0000 2889.6565    8.0084
    7.5000  -37.5000    0.0000 2852.4028    8.2244
   -7.5000  -30.0000    0.0000 2900.8765    7.8205
    0.0000  -30.0000    0.0000 2904.1440    7.7979
    7.5000  -30.0000    0.0000 2871.8013    8.0218
   -7.5000  -22.5000    0.0000 2914.7996    7.6814
    0.0000  -22.5000    0.0000 2921.0984    7.6485
    7.5000  -22.5000    0.0000 2895.3411    7.8862
   -7.5000  -15.0000    0.0000 2927.8059    7.6303
    0.0000  -15.0000    0.0000 2935.9417    7.6096
    7.5000  -15.0000    0.0000 2913.9727    7.8305
   -7.5000   -7.5000    0.0000 2940.1567    7.6946
    0.0000   -7.5000    0.0000 2956.6018    7.6540
    7.5000   -7.5000    0.0000 2927.2749    7.8723
   -7.5000    0.0000    0.0000 2952.2961    7.8338
    0.0000    0.0000    0.0000 2976.6812    7.7826
    7.5000    0.0000    0.0000 2939.7979    7.9993
   -7.5000    7.5000    0.0000 2957.7292    8.0250
    0.0000    7.5000    0.0000 2988.0977    7.9752
    7.5000    7.5000    0.0000 2943.4863    8.1524
   -7.5000   15.0000    0.0000 2945.5127    8.1786
    0.0000   15.0000    0.0000 2970.0815    8.1097
    7.5000   15.0000    0.0000 2925.9165    8.3331
   -7.5000   22.5000    0.0000 2904.7593    8.4884
    0.0000   22.5000    0.0000 2923.3401    8.4376
    7.5000   22.5000    0.0000 2889.5574    8.6346
   -7.5000   30.0000    0.0000 2844.2781    8.9988
    0.0000   30.0000    0.0000 2863.9858    8.9928
    7.5000   30.0000    0.0000 2825.6448    9.1239
   -7.5000   37.5000    0.0000 2753.4155    9.6681
    0.0000   37.5000    0.0000 2773.0146    9.6521
    7.5000   37.5000    0.0000 2735.6895    9.7689
   -7.5000   45.0000    0.0000 2633.1389   10.5102
    0.0000   45.0000    0.0000 2654.2068   10.5002
    7.5000   45.0000    0.0000 2618.1987   10.6022
   -7.5000  -45.0000    7.5000 2884.6667    8.1151
    0.0000  -45.0000    7.5000 2886.9624    8.0909
    7.5000  -45.0000    7.5000 2848.8374    8.3660
   -7.5000  -37.5000    7.5000 2888.5217    7.9041
    0.0000  -37.5000    7.5000 2889.5115    7.8658
    7.5000  -37.5000    7.5000 2855.9719    8.1429
   -7.5000  -30.0000    7.5000 2891.6753    7.7505
    0.0000  -30.0000    7.5000 2896.0764    7.7065
    7.5000  -30.0000    7.5000 2869.5554    7.9845
   -7.5000  -22.5000    7.5000 2906.3545    7.6670
    0.0000  -22.5000    7.5000 2914.7502    7.6156
    7.5000  -22.5000    7.5000 2890.3479    7.8994
   -7.5000  -15.0000    7.5000 2926.8513    7.6474
    0.0000  -15.0000    7.5000 2938.9849    7.6036
    7.5000  -15.0000    7.5000 2910.9546    7.8754
   -7.5000   -7.5000    7.5000 2937.8821    7.6917
    0.0000   -7.5000    7.5000 2956.5762    7.6428
    7.5000   -7.5000    7.5000 2922.2434    7.8958
   -7.5000    0.0000    7.5000 2949.3960    7.8531
    0.0000    0.0000    7.5000 2971.9617    7.7915
    7.5000    0.0000    7.5000 2930.8262    8.0224
   -7.5000    7.5000    7.5000 2950.2012    8.0547
    0.0000    7.5000    7.5000 2977.9429    7.9979
    7.5000    7.5000    7.5000 2931.4189    8.2033
   -7.5000   15.0000    7.5000 2931.0481    8.2744
    0.0000   15.0000    7.5000 2947.5579    8.1733
    7.5000   15.0000    7.5000 2913.8044    8.4359
   -7.5000   22.5000    7.5000 2881.6741    8.6354
    0.0000   22.5000    7.5000 2898.5205    8.5740
    7.5000   22.5000    7.5000 2869.4363    8.7715
   -7.5000   30.0000    7.5000 2815.2727    9.1848
    0.0000   30.0000    7.5000 2835.9868    9.1516
    7.5000   30.0000    7.5000 2802.9666    9.3093
   -7.5000   37.5000    7.5000 2719.5132    9.8762
    0.0000   37.5000    7.5000 2741.5779    9.8636
    7.5000   37.5000    7.5000 2705.5286    9.9852
   -7.5000   45.0000    7.5000 2597.9021   10.7179
    0.0000   45.0000    7.5000 2619.6206   10.7247
    7.5000   45.0000    7.5000 2584.4355   10.8254
   -7.5000  -45.0000   15.0000 2883.1475    8.0583
    0.0000  -45.0000   15.0000 2883.5083    8.0292
    7.5000  -45.0000   15.0000 2846.6667    8.3360
   -7.5000  -37.5000   15.0000 2878.8362    7.9035
    0.0000  -37.5000   15.0000 2885.2319    7.8655
    7.5000  -37.5000   15.0000 2850.2737    8.1796
   -7.5000  -30.0000   15.0000 2882.6802    7.8142
    0.0000  -30.0000   15.0000 2891.9919    7.7662
    7.5000  -30.0000   15.0000 2864.0906    8.0782
   -7.5000  -22.5000   15.0000 2896.9053    7.7700
    0.0000  -22.5000   15.0000 2908.2244    7.7230
    7.5000  -22.5000   15.0000 2880.9893    8.0173
   -7.5000  -15.0000   15.0000 2907.9329    7.7590
    0.0000  -15.0000   15.0000 2924.6421    7.7152
    7.5000  -15.0000   15.0000 2892.2839    7.9800
   -7.5000   -7.5000   15.0000 2918.5220    7.8459
    0.0000   -7.5000   15.0000 2937.9353    7.7981
    7.5000   -7.5000   15.0000 2901.2922    8.0420
   -7.5000    0.0000   15.0000 2928.5618    8.0058
    0.0000    0.0000   15.0000 2952.7693    7.9602
    7.5000    0.0000   15.0000 2909.0288    8.1655
   -7.5000    7.5000   15.0000 2924.6201    8.2252
    0.0000    7.5000   15.0000 2945.6790    8.1637
    7.5000    7.5000   15.0000 2904.8545    8.3748
   -7.5000   15.0000   15.0000 2895.8254    8.4916
    0.0000   15.0000   15.0000 2905.9731    8.4107
    7.5000   15.0000   15.0000 2877.0571    8.6426
   -7.5000   22.5000   15.0000 2838.7932    8.9099
    0.0000   22.5000   15.0000 2851.9714    8.8525
    7.5000   22.5000   15.0000 2828.5439    9.0383
   -7.5000   30.0000   15.0000 2766.0486    9.4803
    0.0000   30.0000   15.0000 2785.6411    9.4263
    7.5000   30.0000   15.0000 2758.9338    9.6008
   -7.5000   37.5000   15.0000 2669.3779   10.1751
    0.0000   37.5000   15.0000 2688.1160   10.1382
    7.5000   37.5000   15.0000 2661.1663   10.2834
   -7.5000   45.0000   15.0000 2551.4480   11.0166
    0.0000   45.0000   15.0000 2568.5542   11.0128
    7.5000   45.0000   15.0000 2540.1912   11.1292
   -7.5000  -45.0000   22.5000 2870.4592    8.1515
    0.0000  -45.0000   22.5000 2875.2808    8.1311
    7.5000  -45.0000   22.5000 2840.6318    8.4279
   -7.5000  -37.5000   22.5000 2874.4854    8.0610
    0.0000  -37.5000   22.5000 2883.6184    8.0364
    7.5000  -37.5000   22.5000 2852.8572    8.3417
   -7.5000  -30.0000   22.5000 2874.5610    8.0030
    0.0000  -30.0000   22.5000 2884.8381    7.9560
    7.5000  -30.0000   22.5000 2857.0603    8.2471
   -7.5000  -22.5000   22.5000 2878.2351    7.9769
    0.0000  -22.5000   22.5000 2888.7000    7.9266
    7.5000  -22.5000   22.5000 2861.3655    8.1857
   -7.5000  -15.0000   22.5000 2883.2151    8.0121
    0.0000  -15.0000   22.5000 2899.2925    7.9617
    7.5000  -15.0000   22.5000 2866.3708    8.1968
   -7.5000   -7.5000   22.5000 2885.5210    8.1027
    0.0000   -7.5000   22.5000 2902.3677    8.0590
    7.5000   -7.5000   22.5000 2869.0774    8.2752
   -7.5000    0.0000   22.5000 2886.6453    8.3010
    0.0000    0.0000   22.5000 2908.8899    8.2467
    7.5000    0.0000   22.5000 2869.2483    8.4451
   -7.5000    7.5000   22.5000 2875.3518    8.5526
    0.0000    7.5000   22.5000 2895.7417    8.4968
    7.5000    7.5000   22.5000 2857.8450    8.6909
   -7.5000   15.0000   22.5000 2838.8687    8.8725
    0.0000   15.0000   22.5000 2853.8564    8.7884
    7.5000   15.0000   22.5000 2826.4868    8.9923
   -7.5000   22.5000   22.5000 2780.0198    9.3300
    0.0000   22.5000   22.5000 2800.8159    9.2663
    7.5000   22.5000   22.5000 2772.5295    9.4272
   -7.5000   30.0000   22.5000 2702.6907    9.9164
    0.0000   30.0000   22.5000 2718.6582    9.8729
    7.5000   30.0000   22.5000 2699.8513   10.0151
   -7.5000   37.5000   22.5000 2610.7778   10.6116
    0.0000   37.5000   22.5000 2623.2759   10.5817
    7.5000   37.5000   22.5000 2605.4104   10.6995
   -7.5000   45.0000   22.5000 2498.1233   11.4525
    0.0000   45.0000   22.5000 2515.7124   11.4384
    7.5000   45.0000   22.5000 2493.3557   11.5608
   -7.5000  -45.0000   30.0000 2857.4495    8.3787
    0.0000  -45.0000   30.0000 2857.4924    8.3587
    7.5000  -45.0000   30.0000 2829.2126    8.6510
   -7.5000  -37.5000   30.0000 2861.6418    8.3413
    0.0000  -37.5000   30.0000 2865.7366    8.3050
    7.5000  -37.5000   30.0000 2835.2856    8.5815
   -7.5000  -30.0000   30.0000 2856.9026    8.3179
    0.0000  -30.0000   30.0000 2865.0732    8.2566
    7.5000  -30.0000   30.0000 2833.0842    8.5073
   -7.5000  -22.5000   30.0000 2854.0679    8.3155
    0.0000  -22.5000   30.0000 2863.0850    8.2509
    7.5000  -22.5000   30.0000 2834.1919    8.4869
   -7.5000  -15.0000   30.0000 2849.6775    8.3759
    0.0000  -15.0000   30.0000 2866.1826    8.3071
    7.5000  -15.0000   30.0000 2833.8408    8.5359
   -7.5000   -7.5000   30.0000 2841.1704    8.4976
    0.0000   -7.5000   30.0000 2859.3657    8.4419
    7.5000   -7.5000   30.0000 2825.5525    8.6325
   -7.5000    0.0000   30.0000 2830.2620    8.7100
    0.0000    0.0000   30.0000 2851.5994    8.6509
    7.5000    0.0000   30.0000 2814.3962    8.8354
   -7.5000    7.5000   30.0000 2805.8420    8.9904
    0.0000    7.5000   30.0000 2830.3687    8.9215
    7.5000    7.5000   30.0000 2791.8328    9.1130
   -7.5000   15.0000   30.0000 2766.3552    9.3682
    0.0000   15.0000   30.0000 2787.3457    9.2819
    7.5000   15.0000   30.0000 2755.9890    9.4615
   -7.5000   22.5000   30.0000 2705.5234    9.8680
    0.0000   22.5000   30.0000 2730.8252    9.7989
    7.5000   22.5000   30.0000 2702.2764    9.9412
   -7.5000   30.0000   30.0000 2627.7620   10.4993
    0.0000   30.0000   30.0000 2645.3164   10.4356
    7.5000   30.0000   30.0000 2629.5984   10.5573
   -7.5000   37.5000   30.0000 2540.4092   11.2283
    0.0000   37.5000   30.0000 2552.7329   11.1721
    7.5000   37.5000   30.0000 2541.1362   11.2565
   -7.5000   45.0000   30.0000 2430.8445   12.0641
    0.0000   45.0000   30.0000 2452.3877   12.0247
    7.5000   45.0000   30.0000 2430.5962   12.1228
   -7.5000  -45.0000   37.5000 2835.4946    8.7252
    0.0000  -45.0000   37.5000 2834.1208    8.7014
    7.5000  -45.0000   37.5000 2806.3455    8.9553
   -7.5000  -37.5000   37.5000 2833.9133    8.6976
    0.0000  -37.5000   37.5000 2837.3584    8.6643
    7.5000  -37.5000   37.5000 2804.5374    8.8960
   -7.5000  -30.0000   37.5000 2820.6360    8.7178
    0.0000  -30.0000   37.5000 2830.6709    8.6609
    7.5000  -30.0000   37.5000 2795.1064    8.8746
   -7.5000  -22.5000   37.5000 2807.9165    8.7530
    0.0000  -22.5000   37.5000 2820.6025    8.6956
    7.5000  -22.5000   37.5000 2788.3289    8.9034
   -7.5000  -15.0000   37.5000 2798.9597    8.8193
    0.0000  -15.0000   37.5000 2815.6440    8.7643
    7.5000  -15.0000   37.5000 2782.0903    8.9707
   -7.5000   -7.5000   37.5000 2784.9773    8.9681
    0.0000   -7.5000   37.5000 2802.7495    8.9065
    7.5000   -7.5000   37.5000 2767.1509    9.0967
   -7.5000    0.0000   37.5000 2764.1223    9.1991
    0.0000    0.0000   37.5000 2784.4985    9.1298
    7.5000    0.0000   37.5000 2750.0942    9.3187
   -7.5000    7.5000   37.5000 2732.5325    9.4898
    0.0000    7.5000   37.5000 2755.3838    9.4474
    7.5000    7.5000   37.5000 2721.6455    9.6243
   -7.5000   15.0000   37.5000 2689.3445    9.9156
    0.0000   15.0000   37.5000 2710.1819    9.8413
    7.5000   15.0000   37.5000 2679.2695   10.0259
   -7.5000   22.5000   37.5000 2633.0222   10.4831
    0.0000   22.5000   37.5000 2650.4810   10.3936
    7.5000   22.5000   37.5000 2628.9241   10.5471
   -7.5000   30.0000   37.5000 2553.7405   11.1441
    0.0000   30.0000   37.5000 2566.7026   11.0696
    7.5000   30.0000   37.5000 2560.5793   11.1973
   -7.5000   37.5000   37.5000 2466.3987   11.8913
    0.0000   37.5000   37.5000 2481.9641   11.8353
    7.5000   37.5000   37.5000 2468.2983   11.9436
   -7.5000   45.0000   37.5000 2365.9983   12.7708
    0.0000   45.0000   37.5000 2386.0925   12.7308
    7.5000   45.0000   37.5000 2362.5957   12.8233
   -7.5000  -45.0000   45.0000 2788.8306    9.1682
    0.0000  -45.0000   45.0000 2792.4695    9.1455
    7.5000  -45.0000   45.0000 2762.6365    9.3746
   -7.5000  -37.5000   45.0000 2782.3894    9.1641
    0.0000  -37.5000   45.0000 2785.4514    9.1268
    7.5000  -37.5000   45.0000 2757.4460    9.3377
   -7.5000  -30.0000   45.0000 2764.5513    9.1962
    0.0000  -30.0000   45.0000 2772.4666    9.1679
    7.5000  -30.0000   45.0000 2745.0771    9.3672
   -7.5000  -22.5000   45.0000 2746.0701    9.2618
    0.0000  -22.5000   45.0000 2755.2830    9.2208
    7.5000  -22.5000   45.0000 2728.8501    9.4160
   -7.5000  -15.0000   45.0000 2728.0784    9.3564
    0.0000  -15.0000   45.0000 2742.2495    9.3009
    7.5000  -15.0000   45.0000 2714.0879    9.4881
   -7.5000   -7.5000   45.0000 2710.1309    9.5234
    0.0000   -7.5000   45.0000 2726.1594    9.4568
    7.5000   -7.5000   45.0000 2696.3149    9.6464
   -7.5000    0.0000   45.0000 2686.4873    9.7627
    0.0000    0.0000   45.0000 2703.3713    9.7197
    7.5000    0.0000   45.0000 2670.3547    9.9072
   -7.5000    7.5000   45.0000 2649.9280   10.0965
    0.0000    7.5000   45.0000 2671.2390   10.0662
    7.5000    7.5000   45.0000 2639.2324   10.2508
   -7.5000   15.0000   45.0000 2604.8572   10.5618
    0.0000   15.0000   45.0000 2626.6433   10.4888
    7.5000   15.0000   45.0000 2597.3428   10.6739
   -7.5000   22.5000   45.0000 2550.3625   11.1451
    0.0000   22.5000   45.0000 2561.4241   11.0543
    7.5000   22.5000   45.0000 2547.9006   11.2214
   -7.5000   30.0000   45.0000 2476.6428   11.8318
    0.0000   30.0000   45.0000 2479.6929   11.7511
    7.5000   30.0000   45.0000 2473.1951   11.8957
   -7.5000   37.5000   45.0000 2389.7747   12.6426
    0.0000   37.5000   45.0000 2395.9507   12.5777
    7.5000   37.5000   45.0000 2385.1006   12.6936
   -7.5000   45.0000   45.0000 2289.1765   13.6246
    0.0000   45.0000   45.0000 2298.1482   13.5452
    7.5000   45.0000   45.0000 2285.0706   13.6754

---------------------------------------------------------------------
imgreg_4dfp /opt/freesurfer/average/711-2C_as_mni_average_305 /opt/freesurfer/average/711-2B_as_mni_average_305_mask talsrcimg_g11 none talsrcimg_to_711-2C_as_mni_average_305_t4 1283
---------------------------------------------------------------------

freesurfer imgreg_4dfp.c
/opt/freesurfer/average/711-2C_as_mni_average_305.4dfp.img
       256       256       256         1
  1.000000  1.000000  1.000000
orientation T byte_order littleendian
Reading image: /opt/freesurfer/average/711-2C_as_mni_average_305.4dfp.img
dimensions:      256       256       256
mmppix:       1.0000   -1.0000   -1.0000
center:     128.0000 -129.0000 -129.0000
/opt/freesurfer/average/711-2B_as_mni_average_305_mask.4dfp.img
       256       256       256         1
  1.000000  1.000000  1.000000
orientation T byte_order littleendian
Reading mask: /opt/freesurfer/average/711-2B_as_mni_average_305_mask.4dfp.img (2306576 pixels)
talsrcimg_g11.4dfp.img
       256       256       256         1
  1.000000  1.000000  1.000000
orientation T byte_order littleendian
Reading image: talsrcimg_g11.4dfp.img
dimensions:      256       256       256
mmppix:       1.0000   -1.0000   -1.0000
center:     128.0000 -129.0000 -129.0000
rotation matrix determinant  1.000000
fimgreg.f
image alignment mode   1283 decimal      503 hex
parameters
    0.0000    7.5000   -7.5000    0.0000    0.0000    0.0000
eta,q 0.93653  7.99302
niter,ni,del,rscale     5    3   12.0000    1.2000
parameter  4  1.915917 ->  0.500000 qaram    1.1500
parameters
   -0.4090    8.9645   -5.6601   -3.4500   -0.1389    0.6461
eta,q 0.93790  7.99722
  0.0709  0.0696  0.0723  0.0615  0.0649  0.0670
  0.0687  0.0679  0.0680  0.0621  0.0643  0.0654
  0.0659  0.0664  0.0650  0.0626  0.0625  0.0635
  0.0650  0.0646  0.0636  0.0637  0.0622  0.0622
  0.0667  0.0632  0.0638  0.0647  0.0634  0.0623
  0.0693  0.0641  0.0649  0.0659  0.0643  0.0638
  0.0729  0.0672  0.0652  0.0674  0.0649  0.0658
niter,ni,del,rscale     5    3   12.0000    1.2000
parameter  4-27.193951 ->  0.500000 qaram    1.3225
parameters
   -0.5136    9.6758   -4.7678   -7.4175   -0.3572    0.8658
eta,q 0.93950  7.95431
  0.0691  0.0679  0.0669  0.0588  0.0638  0.0649
  0.0661  0.0664  0.0635  0.0602  0.0626  0.0630
  0.0633  0.0643  0.0617  0.0615  0.0612  0.0614
  0.0621  0.0621  0.0617  0.0622  0.0605  0.0605
  0.0635  0.0616  0.0629  0.0636  0.0616  0.0609
  0.0661  0.0636  0.0638  0.0648  0.0628  0.0625
  0.0698  0.0669  0.0633  0.0659  0.0642  0.0645
niter,ni,del,rscale     5    3   12.0000    1.2000
parameter  4  6.317452 ->  0.500000 qaram    1.5209
parameters
   -0.7978   11.5198   -1.8075  -11.9801   -0.1707   -0.0476
eta,q 0.94447  7.98152
  0.0671  0.0662  0.0633  0.0523  0.0592  0.0580
  0.0642  0.0649  0.0617  0.0548  0.0581  0.0568
  0.0616  0.0626  0.0604  0.0571  0.0562  0.0559
  0.0605  0.0605  0.0599  0.0595  0.0553  0.0553
  0.0623  0.0599  0.0597  0.0618  0.0563  0.0560
  0.0650  0.0605  0.0593  0.0656  0.0577  0.0581
  0.0683  0.0628  0.0598  0.0678  0.0588  0.0609
niter,ni,del,rscale     5    3   12.0000    1.2000
parameter  2 -0.581238 -> -0.500000 qaram    1.1500
parameter  4  2.216420 ->  0.500000 qaram    1.7490
parameters
   -1.0821   14.9698   -2.9997  -17.2272   -0.2889    0.4931
eta,q 0.95301  7.98920
  0.0631  0.0639  0.0555  0.0455  0.0521  0.0521
  0.0592  0.0620  0.0553  0.0464  0.0500  0.0497
  0.0563  0.0585  0.0550  0.0497  0.0479  0.0481
  0.0555  0.0554  0.0541  0.0547  0.0472  0.0471
  0.0577  0.0541  0.0540  0.0586  0.0486  0.0470
  0.0607  0.0542  0.0560  0.0629  0.0502  0.0484
  0.0639  0.0557  0.0597  0.0682  0.0523  0.0509
niter,ni,del,rscale     6    3   12.0000    1.2000
parameter  4  0.636262 ->  0.500000 qaram    2.0114
parameters
   -1.0502   15.1137   -5.0146  -23.2612   -0.9504   -0.3059
eta,q 0.95565  7.98014
  0.0579  0.0570  0.0482  0.0462  0.0480  0.0478
  0.0528  0.0529  0.0473  0.0447  0.0467  0.0457
  0.0485  0.0490  0.0472  0.0447  0.0451  0.0446
  0.0470  0.0470  0.0469  0.0472  0.0444  0.0444
  0.0492  0.0474  0.0480  0.0519  0.0460  0.0451
  0.0529  0.0510  0.0512  0.0584  0.0478  0.0472
  0.0572  0.0575  0.0556  0.0627  0.0499  0.0506
niter,ni,del,rscale     6    3   12.0000    1.2000
parameter  3  0.848213 ->  0.500000 qaram    1.1500
parameters
   -0.7076   14.9319   -8.4646  -27.4941   -1.2580   -0.3361
eta,q 0.95831  7.98609
  0.0560  0.0517  0.0423  0.0453  0.0462  0.0466
  0.0515  0.0486  0.0421  0.0430  0.0440  0.0437
  0.0470  0.0458  0.0432  0.0417  0.0422  0.0420
  0.0444  0.0443  0.0444  0.0424  0.0417  0.0417
  0.0457  0.0451  0.0459  0.0461  0.0425  0.0425
  0.0497  0.0485  0.0479  0.0507  0.0447  0.0441
  0.0540  0.0533  0.0517  0.0574  0.0472  0.0463
niter,ni,del,rscale     6    3   12.0000    1.2000
parameters
   -0.6523   16.1534  -10.9112  -31.2077   -1.1096   -0.8192
eta,q 0.96247  7.98359
  0.0529  0.0527  0.0441  0.0430  0.0437  0.0432
  0.0484  0.0476  0.0402  0.0393  0.0407  0.0400
  0.0442  0.0434  0.0397  0.0377  0.0384  0.0378
  0.0417  0.0417  0.0417  0.0396  0.0377  0.0377
  0.0431  0.0419  0.0444  0.0425  0.0385  0.0394
  0.0478  0.0435  0.0471  0.0467  0.0404  0.0420
  0.0531  0.0470  0.0502  0.0537  0.0430  0.0444
niter,ni,del,rscale     5    3   12.0000    1.2000
parameters
   -0.8588   17.3423  -11.7061  -34.1412   -0.9383   -0.8280
eta,q 0.96442  8.01268
  0.0503  0.0511  0.0463  0.0414  0.0428  0.0426
  0.0449  0.0457  0.0393  0.0391  0.0396  0.0391
  0.0397  0.0406  0.0356  0.0359  0.0369  0.0365
  0.0375  0.0375  0.0368  0.0359  0.0356  0.0356
  0.0404  0.0368  0.0404  0.0405  0.0362  0.0366
  0.0462  0.0398  0.0445  0.0446  0.0387  0.0394
  0.0520  0.0450  0.0492  0.0488  0.0424  0.0424
niter,ni,del,rscale     4    3   12.0000    1.2000
parameters
   -0.9892   18.3515  -12.9601  -36.1306   -0.9273   -0.7960
eta,q 0.96626  8.03393
  0.0504  0.0492  0.0428  0.0425  0.0410  0.0410
  0.0441  0.0440  0.0367  0.0376  0.0378  0.0375
  0.0381  0.0391  0.0341  0.0343  0.0349  0.0349
  0.0356  0.0356  0.0350  0.0342  0.0337  0.0337
  0.0390  0.0353  0.0381  0.0371  0.0347  0.0349
  0.0453  0.0386  0.0435  0.0439  0.0374  0.0376
  0.0512  0.0442  0.0500  0.0492  0.0412  0.0406
niter,ni,del,rscale     3    3   12.0000    1.2000
parameters
   -1.1371   18.8309  -13.7477  -37.1200   -0.8731   -0.7095
eta,q 0.96731  8.02351
  0.0489  0.0470  0.0434  0.0443  0.0406  0.0405
  0.0423  0.0425  0.0361  0.0389  0.0373  0.0367
  0.0361  0.0375  0.0329  0.0345  0.0341  0.0339
  0.0337  0.0337  0.0334  0.0329  0.0327  0.0327
  0.0374  0.0346  0.0364  0.0355  0.0338  0.0339
  0.0439  0.0394  0.0411  0.0420  0.0367  0.0366
  0.0496  0.0450  0.0475  0.0487  0.0407  0.0399
niter,ni,del,rscale     2    3   12.0000    1.2000
parameters
   -1.2083   18.9619  -14.0740  -37.5503   -0.8433   -0.6747
eta,q 0.96757  8.01594
  0.0487  0.0459  0.0450  0.0453  0.0405  0.0402
  0.0419  0.0413  0.0371  0.0401  0.0372  0.0364
  0.0355  0.0362  0.0328  0.0348  0.0339  0.0335
  0.0327  0.0327  0.0326  0.0324  0.0324  0.0324
  0.0364  0.0346  0.0354  0.0349  0.0335  0.0337
  0.0429  0.0400  0.0401  0.0406  0.0367  0.0364
  0.0488  0.0458  0.0459  0.0479  0.0408  0.0398
niter,ni,del,rscale     1    3   12.0000    1.2000
parameters
   -1.2251   18.9773  -14.2203  -37.7449   -0.8384   -0.6624
eta,q 0.96764  8.01225
  0.0489  0.0455  0.0457  0.0456  0.0405  0.0401
  0.0420  0.0408  0.0378  0.0407  0.0372  0.0362
  0.0354  0.0358  0.0330  0.0350  0.0339  0.0334
  0.0324  0.0324  0.0324  0.0323  0.0324  0.0324
  0.0360  0.0344  0.0351  0.0347  0.0335  0.0337
  0.0426  0.0401  0.0398  0.0400  0.0367  0.0364
  0.0485  0.0463  0.0454  0.0476  0.0409  0.0398
registration optimization eta report
parameter search radius
    6.0000    6.9000    6.9000   12.0681    6.0000    6.0000
100000*second partial in parameter space
       43.       27.       27.        9.       22.       20.
  0.0489  0.0455  0.0457  0.0456  0.0405  0.0401
  0.0420  0.0408  0.0378  0.0407  0.0372  0.0362
  0.0354  0.0358  0.0330  0.0350  0.0339  0.0334
  0.0324  0.0324  0.0324  0.0323  0.0324  0.0324
  0.0360  0.0344  0.0351  0.0347  0.0335  0.0337
  0.0426  0.0401  0.0398  0.0400  0.0367  0.0364
  0.0485  0.0463  0.0454  0.0476  0.0409  0.0398
   -1.2251   18.9773  -14.2203  -37.7449   -0.8384   -0.6624
eta,q 0.96764  8.01225

---------------------------------------------------------------------
imgreg_4dfp /opt/freesurfer/average/711-2C_as_mni_average_305 /opt/freesurfer/average/711-2B_as_mni_average_305_mask talsrcimg_g11 none talsrcimg_to_711-2C_as_mni_average_305_t4 3335
---------------------------------------------------------------------

freesurfer imgreg_4dfp.c
/opt/freesurfer/average/711-2C_as_mni_average_305.4dfp.img
       256       256       256         1
  1.000000  1.000000  1.000000
orientation T byte_order littleendian
Reading image: /opt/freesurfer/average/711-2C_as_mni_average_305.4dfp.img
dimensions:      256       256       256
mmppix:       1.0000   -1.0000   -1.0000
center:     128.0000 -129.0000 -129.0000
/opt/freesurfer/average/711-2B_as_mni_average_305_mask.4dfp.img
       256       256       256         1
  1.000000  1.000000  1.000000
orientation T byte_order littleendian
Reading mask: /opt/freesurfer/average/711-2B_as_mni_average_305_mask.4dfp.img (2306576 pixels)
talsrcimg_g11.4dfp.img
       256       256       256         1
  1.000000  1.000000  1.000000
orientation T byte_order littleendian
Reading image: talsrcimg_g11.4dfp.img
dimensions:      256       256       256
mmppix:       1.0000   -1.0000   -1.0000
center:     128.0000 -129.0000 -129.0000
fimgreg.f
image alignment mode   3335 decimal      D07 hex
parameters
   -1.2251   18.9773  -14.2203   -0.0174  -20.9205  -20.9341
    0.0185    1.8646   -1.1560   61.1972   -1.4632  -61.2082
eta,q 0.96862  7.98252
niter,ni,del,rscale     5    3    5.0000    1.2000
parameter  4  2.410902 ->  0.500000 qaram    1.1500
parameter  5  1.050576 ->  0.500000 qaram    1.1500
parameter 12 -0.978762 -> -0.500000 qaram    1.1500
parameters
   -1.3571   19.6047  -14.5611   -4.1574  -25.0605  -22.8549
    0.7727    1.5687    0.2579   58.1896   -2.1286  -57.0682
eta,q 0.97733  7.82037
  0.0336  0.0341  0.0325  0.0247  0.0243  0.0266  0.0281  0.0293  0.0269  0.0252  0.0251  0.0289
  0.0323  0.0329  0.0316  0.0260  0.0247  0.0255  0.0264  0.0270  0.0258  0.0243  0.0244  0.0269
  0.0316  0.0319  0.0312  0.0284  0.0254  0.0248  0.0252  0.0252  0.0251  0.0240  0.0241  0.0252
  0.0314  0.0314  0.0312  0.0312  0.0266  0.0248  0.0247  0.0247  0.0247  0.0246  0.0240  0.0240
  0.0317  0.0312  0.0316  0.0340  0.0284  0.0259  0.0248  0.0254  0.0246  0.0260  0.0242  0.0231
  0.0326  0.0315  0.0324  0.0372  0.0307  0.0281  0.0256  0.0274  0.0250  0.0279  0.0248  0.0226
  0.0341  0.0323  0.0334  0.0409  0.0332  0.0309  0.0269  0.0302  0.0257  0.0301  0.0256  0.0224
niter,ni,del,rscale     7    3    5.0000    1.2000
parameter  4  0.530385 ->  0.500000 qaram    1.3225
parameters
   -1.3532   20.1333  -15.3828   -8.9184  -26.1773  -21.5896
    1.4449    1.6494    0.7807   58.5469   -2.9372  -55.5479
eta,q 0.97951  7.75494
  0.0262  0.0258  0.0232  0.0224  0.0231  0.0244  0.0240  0.0260  0.0229  0.0243  0.0217  0.0238
  0.0243  0.0243  0.0225  0.0212  0.0218  0.0230  0.0223  0.0234  0.0218  0.0228  0.0210  0.0222
  0.0231  0.0233  0.0223  0.0210  0.0210  0.0218  0.0212  0.0215  0.0209  0.0214  0.0206  0.0210
  0.0227  0.0227  0.0226  0.0223  0.0210  0.0209  0.0206  0.0206  0.0206  0.0206  0.0206  0.0205
  0.0231  0.0226  0.0232  0.0248  0.0215  0.0206  0.0207  0.0212  0.0207  0.0209  0.0209  0.0206
  0.0243  0.0230  0.0242  0.0275  0.0227  0.0212  0.0216  0.0231  0.0213  0.0221  0.0215  0.0211
  0.0262  0.0239  0.0254  0.0307  0.0247  0.0230  0.0230  0.0260  0.0224  0.0239  0.0223  0.0220
niter,ni,del,rscale     7    3    5.0000    1.2000
parameters
   -1.3131   20.0405  -15.0812   -8.9243  -26.2219  -21.6301
    1.3758    1.6836    0.7922   58.4456   -3.0183  -55.0951
eta,q 0.97952  7.73748
  0.0246  0.0227  0.0230  0.0261  0.0233  0.0236  0.0232  0.0258  0.0225  0.0238  0.0218  0.0230
  0.0224  0.0214  0.0217  0.0238  0.0218  0.0222  0.0218  0.0232  0.0214  0.0223  0.0210  0.0216
  0.0210  0.0207  0.0209  0.0217  0.0208  0.0211  0.0208  0.0213  0.0207  0.0210  0.0206  0.0207
  0.0205  0.0205  0.0205  0.0205  0.0205  0.0205  0.0205  0.0205  0.0205  0.0205  0.0205  0.0205
  0.0209  0.0208  0.0206  0.0210  0.0208  0.0206  0.0208  0.0211  0.0207  0.0210  0.0207  0.0207
  0.0222  0.0217  0.0211  0.0235  0.0217  0.0218  0.0218  0.0230  0.0214  0.0223  0.0211  0.0213
  0.0243  0.0230  0.0220  0.0266  0.0234  0.0241  0.0234  0.0258  0.0224  0.0241  0.0218  0.0224
niter,ni,del,rscale     6    3    5.0000    1.2000
parameters
   -1.3103   20.0426  -15.0184   -8.9102  -26.1021  -21.6070
    1.3464    1.6983    0.7641   58.3628   -2.9871  -54.9612
eta,q 0.97952  7.73735
  0.0244  0.0229  0.0225  0.0261  0.0234  0.0236  0.0233  0.0257  0.0224  0.0238  0.0218  0.0228
  0.0223  0.0216  0.0214  0.0238  0.0218  0.0222  0.0218  0.0232  0.0214  0.0223  0.0210  0.0215
  0.0209  0.0207  0.0207  0.0217  0.0208  0.0211  0.0208  0.0213  0.0207  0.0211  0.0206  0.0207
  0.0205  0.0205  0.0205  0.0205  0.0205  0.0205  0.0205  0.0205  0.0205  0.0205  0.0205  0.0205
  0.0209  0.0208  0.0207  0.0210  0.0208  0.0206  0.0208  0.0211  0.0207  0.0209  0.0207  0.0207
  0.0223  0.0216  0.0213  0.0234  0.0216  0.0218  0.0218  0.0230  0.0214  0.0222  0.0211  0.0214
  0.0244  0.0228  0.0223  0.0265  0.0233  0.0240  0.0234  0.0258  0.0224  0.0241  0.0217  0.0225
niter,ni,del,rscale     5    3    5.0000    1.2000
parameters
   -1.3101   20.0410  -14.9963   -8.9096  -26.0490  -21.5854
    1.3468    1.7011    0.7571   58.3286   -2.9732  -54.9084
eta,q 0.97952  7.73752
  0.0244  0.0228  0.0225  0.0260  0.0233  0.0236  0.0233  0.0257  0.0224  0.0238  0.0218  0.0227
  0.0223  0.0215  0.0213  0.0238  0.0218  0.0222  0.0218  0.0232  0.0214  0.0224  0.0210  0.0214
  0.0209  0.0207  0.0207  0.0217  0.0208  0.0211  0.0208  0.0212  0.0207  0.0211  0.0206  0.0207
  0.0205  0.0205  0.0205  0.0205  0.0205  0.0205  0.0205  0.0205  0.0205  0.0205  0.0205  0.0205
  0.0209  0.0208  0.0207  0.0210  0.0208  0.0206  0.0208  0.0211  0.0207  0.0209  0.0207  0.0208
  0.0223  0.0216  0.0213  0.0234  0.0217  0.0218  0.0218  0.0230  0.0214  0.0222  0.0211  0.0215
  0.0244  0.0228  0.0223  0.0265  0.0233  0.0240  0.0233  0.0258  0.0224  0.0240  0.0217  0.0226
registration optimization eta report
parameter search radius
    2.4000    2.4000    2.4000    9.5220    8.2800    7.2000
    7.2000    7.2000    7.2000    7.2000    7.2000    8.2800
100000*second partial in parameter space
       68.       41.       33.        6.        4.        6.
        5.       10.        4.        6.        2.        3.
  0.0244  0.0228  0.0225  0.0260  0.0233  0.0236  0.0233  0.0257  0.0224  0.0238  0.0218  0.0227
  0.0223  0.0215  0.0213  0.0238  0.0218  0.0222  0.0218  0.0232  0.0214  0.0224  0.0210  0.0214
  0.0209  0.0207  0.0207  0.0217  0.0208  0.0211  0.0208  0.0212  0.0207  0.0211  0.0206  0.0207
  0.0205  0.0205  0.0205  0.0205  0.0205  0.0205  0.0205  0.0205  0.0205  0.0205  0.0205  0.0205
  0.0209  0.0208  0.0207  0.0210  0.0208  0.0206  0.0208  0.0211  0.0207  0.0209  0.0207  0.0208
  0.0223  0.0216  0.0213  0.0234  0.0217  0.0218  0.0218  0.0230  0.0214  0.0222  0.0211  0.0215
  0.0244  0.0228  0.0223  0.0265  0.0233  0.0240  0.0233  0.0258  0.0224  0.0240  0.0217  0.0226
   -1.3101   20.0410  -14.9963   -8.9096  -26.0490  -21.5854
    1.3468    1.7011    0.7571   58.3286   -2.9732  -54.9084
eta,q 0.97952  7.73752

---------------------------------------------------------------------
imgreg_4dfp /opt/freesurfer/average/711-2C_as_mni_average_305 /opt/freesurfer/average/711-2B_as_mni_average_305_mask talsrcimg_g11 none talsrcimg_to_711-2C_as_mni_average_305_t4 2311
---------------------------------------------------------------------

freesurfer imgreg_4dfp.c
/opt/freesurfer/average/711-2C_as_mni_average_305.4dfp.img
       256       256       256         1
  1.000000  1.000000  1.000000
orientation T byte_order littleendian
Reading image: /opt/freesurfer/average/711-2C_as_mni_average_305.4dfp.img
dimensions:      256       256       256
mmppix:       1.0000   -1.0000   -1.0000
center:     128.0000 -129.0000 -129.0000
/opt/freesurfer/average/711-2B_as_mni_average_305_mask.4dfp.img
       256       256       256         1
  1.000000  1.000000  1.000000
orientation T byte_order littleendian
Reading mask: /opt/freesurfer/average/711-2B_as_mni_average_305_mask.4dfp.img (2306576 pixels)
talsrcimg_g11.4dfp.img
       256       256       256         1
  1.000000  1.000000  1.000000
orientation T byte_order littleendian
Reading image: talsrcimg_g11.4dfp.img
dimensions:      256       256       256
mmppix:       1.0000   -1.0000   -1.0000
center:     128.0000 -129.0000 -129.0000
fimgreg.f
image alignment mode   2311 decimal      907 hex
parameters
   -1.3101   20.0410  -14.9963   -8.9096  -26.0490  -21.5854
    1.3468    1.7011    0.7571   58.3286   -2.9732  -54.9084
eta,q 0.97952  7.73752
niter,ni,del,rscale     5    3    5.0000    0.8000
parameters
   -1.3164   20.0270  -15.0188   -8.3783  -26.0456  -21.2579
    1.3603    1.7896    0.7212   58.3360   -3.1193  -55.2522
eta,q 0.97961  7.76178
  0.0222  0.0215  0.0213  0.0227  0.0214  0.0221  0.0217  0.0232  0.0213  0.0223  0.0210  0.0210
  0.0213  0.0209  0.0208  0.0217  0.0209  0.0214  0.0210  0.0218  0.0208  0.0213  0.0206  0.0206
  0.0207  0.0206  0.0206  0.0209  0.0205  0.0208  0.0206  0.0208  0.0205  0.0207  0.0204  0.0204
  0.0205  0.0205  0.0205  0.0205  0.0204  0.0204  0.0204  0.0204  0.0204  0.0204  0.0204  0.0204
  0.0207  0.0206  0.0206  0.0205  0.0205  0.0204  0.0205  0.0207  0.0205  0.0206  0.0205  0.0205
  0.0213  0.0210  0.0209  0.0210  0.0209  0.0209  0.0210  0.0216  0.0208  0.0213  0.0207  0.0208
  0.0223  0.0216  0.0214  0.0221  0.0214  0.0219  0.0218  0.0231  0.0213  0.0223  0.0210  0.0212
niter,ni,del,rscale     4    3    5.0000    0.7000
parameters
   -1.3242   20.0791  -15.0022   -8.3420  -26.1270  -21.0989
    1.3658    1.8305    0.7256   58.4089   -3.2040  -55.3295
eta,q 0.97963  7.76728
  0.0218  0.0213  0.0211  0.0220  0.0211  0.0217  0.0214  0.0226  0.0211  0.0219  0.0208  0.0209
  0.0210  0.0208  0.0207  0.0212  0.0207  0.0211  0.0209  0.0214  0.0207  0.0211  0.0206  0.0206
  0.0205  0.0205  0.0205  0.0206  0.0205  0.0206  0.0205  0.0207  0.0204  0.0206  0.0204  0.0204
  0.0204  0.0204  0.0204  0.0204  0.0204  0.0204  0.0204  0.0204  0.0204  0.0204  0.0204  0.0204
  0.0206  0.0205  0.0205  0.0205  0.0205  0.0204  0.0205  0.0206  0.0205  0.0205  0.0204  0.0205
  0.0210  0.0207  0.0207  0.0210  0.0207  0.0208  0.0208  0.0213  0.0207  0.0211  0.0206  0.0206
  0.0218  0.0212  0.0211  0.0220  0.0211  0.0216  0.0214  0.0225  0.0211  0.0218  0.0209  0.0210
niter,ni,del,rscale     3    3    5.0000    0.6000
parameters
   -1.3288   20.1028  -14.9783   -8.3184  -26.2021  -20.9925
    1.3591    1.8620    0.6965   58.4429   -3.2368  -55.3823
eta,q 0.97964  7.76997
  0.0214  0.0210  0.0209  0.0216  0.0209  0.0214  0.0211  0.0220  0.0209  0.0215  0.0207  0.0208
  0.0208  0.0207  0.0206  0.0209  0.0206  0.0209  0.0207  0.0212  0.0206  0.0209  0.0205  0.0205
  0.0205  0.0204  0.0204  0.0205  0.0204  0.0205  0.0205  0.0206  0.0204  0.0205  0.0204  0.0204
  0.0204  0.0204  0.0204  0.0204  0.0204  0.0204  0.0204  0.0204  0.0204  0.0204  0.0204  0.0204
  0.0205  0.0204  0.0204  0.0205  0.0204  0.0204  0.0205  0.0205  0.0204  0.0205  0.0204  0.0204
  0.0208  0.0206  0.0206  0.0209  0.0206  0.0207  0.0207  0.0211  0.0206  0.0209  0.0205  0.0206
  0.0214  0.0210  0.0209  0.0216  0.0209  0.0213  0.0212  0.0220  0.0209  0.0215  0.0207  0.0208
niter,ni,del,rscale     2    3    5.0000    0.5000
parameters
   -1.3313   20.1152  -14.9646   -8.2859  -26.2573  -20.9076
    1.3638    1.8921    0.6857   58.4472   -3.2794  -55.4431
eta,q 0.97964  7.77228
  0.0211  0.0208  0.0207  0.0212  0.0207  0.0211  0.0209  0.0215  0.0207  0.0212  0.0206  0.0206
  0.0207  0.0206  0.0205  0.0208  0.0205  0.0207  0.0206  0.0209  0.0205  0.0207  0.0205  0.0205
  0.0204  0.0204  0.0204  0.0205  0.0204  0.0205  0.0204  0.0205  0.0204  0.0205  0.0204  0.0204
  0.0204  0.0204  0.0204  0.0204  0.0204  0.0204  0.0204  0.0204  0.0204  0.0204  0.0204  0.0204
  0.0204  0.0204  0.0204  0.0204  0.0204  0.0204  0.0204  0.0205  0.0204  0.0205  0.0204  0.0204
  0.0207  0.0205  0.0205  0.0207  0.0205  0.0206  0.0206  0.0209  0.0205  0.0207  0.0205  0.0205
  0.0211  0.0208  0.0207  0.0212  0.0208  0.0210  0.0209  0.0215  0.0207  0.0212  0.0206  0.0207
niter,ni,del,rscale     1    3    5.0000    0.4000
parameters
   -1.3344   20.1199  -14.9599   -8.2684  -26.3053  -20.8298
    1.3582    1.9195    0.6566   58.4525   -3.2796  -55.4974
eta,q 0.97965  7.77425
  0.0208  0.0206  0.0206  0.0209  0.0206  0.0208  0.0207  0.0211  0.0206  0.0209  0.0205  0.0205
  0.0206  0.0205  0.0205  0.0206  0.0205  0.0206  0.0205  0.0207  0.0205  0.0206  0.0204  0.0204
  0.0204  0.0204  0.0204  0.0204  0.0204  0.0204  0.0204  0.0205  0.0204  0.0204  0.0204  0.0204
  0.0204  0.0204  0.0204  0.0204  0.0204  0.0204  0.0204  0.0204  0.0204  0.0204  0.0204  0.0204
  0.0204  0.0204  0.0204  0.0204  0.0204  0.0204  0.0204  0.0204  0.0204  0.0204  0.0204  0.0204
  0.0206  0.0205  0.0205  0.0206  0.0205  0.0205  0.0205  0.0207  0.0205  0.0206  0.0204  0.0204
  0.0208  0.0206  0.0206  0.0209  0.0206  0.0208  0.0207  0.0211  0.0206  0.0209  0.0205  0.0205
registration optimization eta report
parameter search radius
    0.8000    0.8000    0.8000    2.4000    2.4000    2.4000
    2.4000    2.4000    2.4000    2.4000    2.4000    2.4000
100000*second partial in parameter space
       72.       43.       36.        9.        4.        8.
        6.       13.        4.        9.        3.        3.
  0.0208  0.0206  0.0206  0.0209  0.0206  0.0208  0.0207  0.0211  0.0206  0.0209  0.0205  0.0205
  0.0206  0.0205  0.0205  0.0206  0.0205  0.0206  0.0205  0.0207  0.0205  0.0206  0.0204  0.0204
  0.0204  0.0204  0.0204  0.0204  0.0204  0.0204  0.0204  0.0205  0.0204  0.0204  0.0204  0.0204
  0.0204  0.0204  0.0204  0.0204  0.0204  0.0204  0.0204  0.0204  0.0204  0.0204  0.0204  0.0204
  0.0204  0.0204  0.0204  0.0204  0.0204  0.0204  0.0204  0.0204  0.0204  0.0204  0.0204  0.0204
  0.0206  0.0205  0.0205  0.0206  0.0205  0.0205  0.0205  0.0207  0.0205  0.0206  0.0204  0.0204
  0.0208  0.0206  0.0206  0.0209  0.0206  0.0208  0.0207  0.0211  0.0206  0.0209  0.0205  0.0205
   -1.3344   20.1199  -14.9599   -8.2684  -26.3053  -20.8298
    1.3582    1.9195    0.6566   58.4525   -3.2796  -55.4974
eta,q 0.97965  7.77425

---------------------------------------------------------------------
imgreg_4dfp /opt/freesurfer/average/711-2C_as_mni_average_305 /opt/freesurfer/average/711-2B_as_mni_average_305_mask talsrcimg_g11 none talsrcimg_to_711-2C_as_mni_average_305_t4 2311
---------------------------------------------------------------------

freesurfer imgreg_4dfp.c
/opt/freesurfer/average/711-2C_as_mni_average_305.4dfp.img
       256       256       256         1
  1.000000  1.000000  1.000000
orientation T byte_order littleendian
Reading image: /opt/freesurfer/average/711-2C_as_mni_average_305.4dfp.img
dimensions:      256       256       256
mmppix:       1.0000   -1.0000   -1.0000
center:     128.0000 -129.0000 -129.0000
/opt/freesurfer/average/711-2B_as_mni_average_305_mask.4dfp.img
       256       256       256         1
  1.000000  1.000000  1.000000
orientation T byte_order littleendian
Reading mask: /opt/freesurfer/average/711-2B_as_mni_average_305_mask.4dfp.img (2306576 pixels)
talsrcimg_g11.4dfp.img
       256       256       256         1
  1.000000  1.000000  1.000000
orientation T byte_order littleendian
Reading image: talsrcimg_g11.4dfp.img
dimensions:      256       256       256
mmppix:       1.0000   -1.0000   -1.0000
center:     128.0000 -129.0000 -129.0000
fimgreg.f
image alignment mode   2311 decimal      907 hex
parameters
   -1.3344   20.1199  -14.9599   -8.2684  -26.3053  -20.8298
    1.3582    1.9195    0.6566   58.4525   -3.2796  -55.4974
eta,q 0.97965  7.77425
niter,ni,del,rscale     5    3    5.0000    0.8000
parameters
   -1.3215   20.1319  -14.9299   -8.4348  -26.2423  -21.0720
    1.3448    1.8378    0.7315   58.5132   -3.2340  -55.2305
eta,q 0.97963  7.76355
  0.0222  0.0215  0.0213  0.0223  0.0214  0.0218  0.0217  0.0230  0.0213  0.0223  0.0210  0.0212
  0.0212  0.0209  0.0208  0.0213  0.0208  0.0211  0.0210  0.0216  0.0208  0.0213  0.0207  0.0207
  0.0206  0.0205  0.0205  0.0206  0.0205  0.0206  0.0205  0.0207  0.0205  0.0207  0.0204  0.0205
  0.0204  0.0204  0.0204  0.0204  0.0204  0.0204  0.0204  0.0204  0.0204  0.0204  0.0204  0.0204
  0.0206  0.0205  0.0205  0.0206  0.0205  0.0205  0.0205  0.0207  0.0205  0.0206  0.0204  0.0204
  0.0212  0.0208  0.0208  0.0214  0.0208  0.0212  0.0210  0.0217  0.0208  0.0212  0.0207  0.0207
  0.0222  0.0214  0.0212  0.0227  0.0213  0.0223  0.0218  0.0233  0.0213  0.0222  0.0210  0.0210
niter,ni,del,rscale     4    3    5.0000    0.7000
parameters
   -1.3236   20.1191  -14.9443   -8.3760  -26.2241  -21.0650
    1.3450    1.8410    0.7046   58.4809   -3.2403  -55.2760
eta,q 0.97963  7.76550
  0.0218  0.0212  0.0211  0.0220  0.0211  0.0216  0.0214  0.0225  0.0211  0.0218  0.0209  0.0209
  0.0210  0.0207  0.0207  0.0212  0.0207  0.0210  0.0209  0.0214  0.0207  0.0211  0.0206  0.0206
  0.0205  0.0205  0.0204  0.0206  0.0204  0.0206  0.0205  0.0206  0.0204  0.0206  0.0204  0.0204
  0.0204  0.0204  0.0204  0.0204  0.0204  0.0204  0.0204  0.0204  0.0204  0.0204  0.0204  0.0204
  0.0205  0.0205  0.0205  0.0205  0.0205  0.0205  0.0205  0.0206  0.0205  0.0206  0.0204  0.0204
  0.0210  0.0208  0.0207  0.0210  0.0207  0.0209  0.0208  0.0214  0.0207  0.0211  0.0206  0.0206
  0.0218  0.0212  0.0211  0.0220  0.0211  0.0217  0.0214  0.0226  0.0211  0.0219  0.0208  0.0209
niter,ni,del,rscale     3    3    5.0000    0.6000
parameters
   -1.3293   20.1156  -14.9571   -8.3230  -26.2472  -20.9876
    1.3560    1.8681    0.6879   58.4617   -3.2555  -55.3530
eta,q 0.97964  7.76874
  0.0214  0.0210  0.0209  0.0216  0.0209  0.0213  0.0211  0.0220  0.0209  0.0215  0.0207  0.0208
  0.0208  0.0206  0.0206  0.0210  0.0206  0.0209  0.0207  0.0211  0.0206  0.0209  0.0205  0.0205
  0.0205  0.0204  0.0204  0.0205  0.0204  0.0205  0.0205  0.0206  0.0204  0.0205  0.0204  0.0204
  0.0204  0.0204  0.0204  0.0204  0.0204  0.0204  0.0204  0.0204  0.0204  0.0204  0.0204  0.0204
  0.0205  0.0204  0.0204  0.0205  0.0204  0.0204  0.0205  0.0205  0.0204  0.0205  0.0204  0.0204
  0.0208  0.0206  0.0206  0.0209  0.0206  0.0208  0.0207  0.0211  0.0206  0.0209  0.0205  0.0206
  0.0214  0.0210  0.0209  0.0216  0.0209  0.0213  0.0211  0.0220  0.0209  0.0215  0.0207  0.0208
niter,ni,del,rscale     2    3    5.0000    0.5000
parameters
   -1.3305   20.1176  -14.9598   -8.2857  -26.2747  -20.9119
    1.3543    1.8938    0.6824   58.4587   -3.2793  -55.4370
eta,q 0.97964  7.77188
  0.0211  0.0208  0.0207  0.0212  0.0207  0.0211  0.0209  0.0215  0.0207  0.0212  0.0206  0.0206
  0.0207  0.0206  0.0205  0.0208  0.0205  0.0207  0.0206  0.0209  0.0205  0.0207  0.0205  0.0205
  0.0204  0.0204  0.0204  0.0205  0.0204  0.0205  0.0204  0.0205  0.0204  0.0205  0.0204  0.0204
  0.0204  0.0204  0.0204  0.0204  0.0204  0.0204  0.0204  0.0204  0.0204  0.0204  0.0204  0.0204
  0.0204  0.0204  0.0204  0.0204  0.0204  0.0204  0.0204  0.0205  0.0204  0.0205  0.0204  0.0204
  0.0207  0.0206  0.0205  0.0207  0.0205  0.0206  0.0206  0.0209  0.0205  0.0207  0.0205  0.0205
  0.0211  0.0208  0.0207  0.0212  0.0208  0.0210  0.0209  0.0215  0.0207  0.0212  0.0206  0.0207
niter,ni,del,rscale     1    3    5.0000    0.4000
parameters
   -1.3347   20.1235  -14.9636   -8.2672  -26.2994  -20.8372
    1.3610    1.9190    0.6534   58.4550   -3.2778  -55.4948
eta,q 0.97965  7.77436
  0.0208  0.0206  0.0206  0.0209  0.0206  0.0208  0.0207  0.0211  0.0206  0.0209  0.0205  0.0205
  0.0206  0.0205  0.0205  0.0206  0.0205  0.0206  0.0205  0.0207  0.0205  0.0206  0.0204  0.0204
  0.0204  0.0204  0.0204  0.0204  0.0204  0.0204  0.0204  0.0205  0.0204  0.0204  0.0204  0.0204
  0.0204  0.0204  0.0204  0.0204  0.0204  0.0204  0.0204  0.0204  0.0204  0.0204  0.0204  0.0204
  0.0204  0.0204  0.0204  0.0204  0.0204  0.0204  0.0204  0.0204  0.0204  0.0204  0.0204  0.0204
  0.0206  0.0205  0.0205  0.0206  0.0205  0.0205  0.0205  0.0207  0.0205  0.0206  0.0204  0.0204
  0.0208  0.0206  0.0206  0.0209  0.0206  0.0208  0.0207  0.0211  0.0206  0.0209  0.0205  0.0205
registration optimization eta report
parameter search radius
    0.8000    0.8000    0.8000    2.4000    2.4000    2.4000
    2.4000    2.4000    2.4000    2.4000    2.4000    2.4000
100000*second partial in parameter space
       72.       43.       36.        9.        4.        8.
        6.       13.        4.        9.        3.        3.
  0.0208  0.0206  0.0206  0.0209  0.0206  0.0208  0.0207  0.0211  0.0206  0.0209  0.0205  0.0205
  0.0206  0.0205  0.0205  0.0206  0.0205  0.0206  0.0205  0.0207  0.0205  0.0206  0.0204  0.0204
  0.0204  0.0204  0.0204  0.0204  0.0204  0.0204  0.0204  0.0205  0.0204  0.0204  0.0204  0.0204
  0.0204  0.0204  0.0204  0.0204  0.0204  0.0204  0.0204  0.0204  0.0204  0.0204  0.0204  0.0204
  0.0204  0.0204  0.0204  0.0204  0.0204  0.0204  0.0204  0.0204  0.0204  0.0204  0.0204  0.0204
  0.0206  0.0205  0.0205  0.0206  0.0205  0.0205  0.0205  0.0207  0.0205  0.0206  0.0204  0.0204
  0.0208  0.0206  0.0206  0.0209  0.0206  0.0208  0.0207  0.0211  0.0206  0.0209  0.0205  0.0205
   -1.3347   20.1235  -14.9636   -8.2672  -26.2994  -20.8372
    1.3610    1.9190    0.6534   58.4550   -3.2778  -55.4948
eta,q 0.97965  7.77436

---------------------------------------------------------------------
compute_vox2vox talsrcimg talsrcimg_to_711-2C_as_mni_average_305_t4 /opt/freesurfer/average/711-2C_as_mni_average_305
---------------------------------------------------------------------

freesurfer compute_vox2vox.c
Reading: talsrcimg.4dfp.ifh
Reading: talsrcimg_to_711-2C_as_mni_average_305_t4
Reading: /opt/freesurfer/average/711-2C_as_mni_average_305.4dfp.ifh
Writing: talsrcimg_to_711-2C_as_mni_average_305_t4_vox2vox.txt

start time Sun Nov 24 05:39:44 UTC 2024
end		time Sun Nov 24 05:40:36 UTC 2024

mpr2mni305 success

avi2talxfm orig_nu.mgz /opt/freesurfer/average/mni305.cor.mgz talsrcimg_to_711-2C_as_mni_average_305_t4_vox2vox.txt transforms/talairach.auto.xfm
avi2talxfm done
mv -f /scratch/tmp/fs_mp2rage_tests2/sourcedata/freesurfer_memprage/sub-fsm40mn/mri/talsrcimg_to_711-2C_as_mni_average_305_t4_vox2vox.txt /scratch/tmp/fs_mp2rage_tests2/sourcedata/freesurfer_memprage/sub-fsm40mn/mri/transforms/talsrcimg_to_711-2C_as_mni_average_305_t4_vox2vox.txt
lta_convert --src orig_nu.mgz --trg /opt/freesurfer/average/mni305.cor.mgz --inxfm transforms/talairach.auto.xfm --outlta transforms/talairach.auto.xfm.lta --subject fsaverage
7.3.2

--src: orig_nu.mgz src image (geometry).
--trg: /opt/freesurfer/average/mni305.cor.mgz trg image (geometry).
--inmni: transforms/talairach.auto.xfm input MNI/XFM transform.
--outlta: transforms/talairach.auto.xfm.lta output LTA.
--s: fsaverage subject name
 LTA read, type : 1
 1.09004  -0.00743  -0.02572  -3.21538;
 0.02465   0.81166   0.61071  -7.11882;
-0.02922  -0.64370   0.87269   8.24352;
 0.00000   0.00000   0.00000   1.00000;
setting subject to fsaverage
Writing  LTA to file transforms/talairach.auto.xfm.lta...
lta_convert successful.
 
 
Started at Sun Nov 24 05:39:41 UTC 2024
Ended   at Sun Nov 24 05:40:37 UTC 2024
talairach_avi done
