status file for recon-all
Mon Nov 25 13:17:27 UTC 2024
#@# Tessellate lh Mon Nov 25 13:17:27 UTC 2024
#@# Smooth1 lh Mon Nov 25 13:17:42 UTC 2024
#@# Inflation1 lh Mon Nov 25 13:17:51 UTC 2024
#@# QSphere lh Mon Nov 25 13:18:23 UTC 2024
#@# Fix Topology lh Mon Nov 25 13:22:11 UTC 2024
#@# Smooth2 lh Mon Nov 25 13:59:03 UTC 2024
#@# Inflation2 lh Mon Nov 25 13:59:10 UTC 2024
#@# Curv .H and .K lh Mon Nov 25 13:59:49 UTC 2024
#@# Sphere lh Mon Nov 25 14:01:30 UTC 2024
#@# Surf Reg lh Mon Nov 25 14:14:47 UTC 2024
#@# Jacobian white lh Mon Nov 25 14:29:10 UTC 2024
#@# AvgCurv lh Mon Nov 25 14:29:12 UTC 2024
#@# Cortical Parc lh Mon Nov 25 14:29:14 UTC 2024
#@# white curv lh Mon Nov 25 14:53:59 UTC 2024
#@# white area lh Mon Nov 25 14:54:04 UTC 2024
#@# pial curv lh Mon Nov 25 14:54:06 UTC 2024
#@# pial area lh Mon Nov 25 14:54:11 UTC 2024
#@# thickness lh Mon Nov 25 14:54:12 UTC 2024
#@# area and vertex vol lh Mon Nov 25 14:55:17 UTC 2024
#@# Curvature Stats lh Mon Nov 25 14:55:21 UTC 2024
#@# Cortical Parc 2 lh Mon Nov 25 14:55:28 UTC 2024
#@# Cortical Parc 3 lh Mon Nov 25 14:56:00 UTC 2024
#@# WM/GM Contrast lh Mon Nov 25 14:56:24 UTC 2024
recon-all -s sub-fsm76cw finished without error at Mon Nov 25 14:56:31 UTC 2024



#New# invocation of recon-all 



status file for recon-all
Mon Nov 25 18:12:34 UTC 2024
#@# white curv lh Mon Nov 25 18:12:35 UTC 2024
#@# white area lh Mon Nov 25 18:12:35 UTC 2024
#@# pial curv lh Mon Nov 25 18:12:35 UTC 2024
#@# pial area lh Mon Nov 25 18:12:35 UTC 2024
#@# thickness lh Mon Nov 25 18:12:35 UTC 2024
#@# area and vertex vol lh Mon Nov 25 18:12:35 UTC 2024
#@# Parcellation Stats lh Mon Nov 25 18:12:35 UTC 2024
#@# Parcellation Stats 2 lh Mon Nov 25 18:13:40 UTC 2024
#@# Parcellation Stats 3 lh Mon Nov 25 18:14:14 UTC 2024
#@# BA_exvivo Labels lh Mon Nov 25 18:14:47 UTC 2024
recon-all -s sub-fsm76cw finished without error at Mon Nov 25 18:20:34 UTC 2024
