status file for recon-all
Sun Nov 24 05:55:17 UTC 2024
#@# MotionCor Sun Nov 24 05:55:23 UTC 2024
#@# Talairach Sun Nov 24 05:55:38 UTC 2024
#@# Talairach Failure Detection Sun Nov 24 06:03:12 UTC 2024
#@# Nu Intensity Correction Sun Nov 24 06:03:12 UTC 2024
#@# Intensity Normalization Sun Nov 24 06:10:27 UTC 2024
recon-all -s sub-fsm76cw finished without error at Sun Nov 24 06:13:51 UTC 2024



#New# invocation of recon-all 



status file for recon-all
Sun Nov 24 08:38:21 UTC 2024
#@# EM Registration Sun Nov 24 08:38:21 UTC 2024
recon-all -s sub-fsm76cw finished without error at Sun Nov 24 08:45:13 UTC 2024



#New# invocation of recon-all 



status file for recon-all
Sun Nov 24 19:34:40 UTC 2024
#@# CA Normalize Sun Nov 24 19:34:40 UTC 2024
#@# CA Reg Sun Nov 24 19:37:01 UTC 2024
#@# SubCort Seg Sun Nov 24 21:26:06 UTC 2024
#@# CC Seg Sun Nov 24 23:01:43 UTC 2024
#@# Merge ASeg Sun Nov 24 23:03:26 UTC 2024
#@# Intensity Normalization2 Sun Nov 24 23:03:26 UTC 2024
#@# Mask BFS Sun Nov 24 23:09:30 UTC 2024
#@# WM Segmentation Sun Nov 24 23:09:33 UTC 2024
#@# Fill Sun Nov 24 23:16:06 UTC 2024
recon-all -s sub-fsm76cw finished without error at Sun Nov 24 23:18:46 UTC 2024



#New# invocation of recon-all 



status file for recon-all
Mon Nov 25 14:56:47 UTC 2024
#@# white curv lh Mon Nov 25 14:56:47 UTC 2024
#@# white area lh Mon Nov 25 14:56:47 UTC 2024
#@# pial curv lh Mon Nov 25 14:56:47 UTC 2024
#@# pial area lh Mon Nov 25 14:56:47 UTC 2024
#@# thickness lh Mon Nov 25 14:56:48 UTC 2024
#@# area and vertex vol lh Mon Nov 25 14:56:48 UTC 2024
#@# white curv rh Mon Nov 25 14:56:48 UTC 2024
#@# white area rh Mon Nov 25 14:56:48 UTC 2024
#@# pial curv rh Mon Nov 25 14:56:48 UTC 2024
#@# pial area rh Mon Nov 25 14:56:48 UTC 2024
#@# thickness rh Mon Nov 25 14:56:48 UTC 2024
#@# area and vertex vol rh Mon Nov 25 14:56:48 UTC 2024
#@# Cortical ribbon mask Mon Nov 25 14:56:48 UTC 2024
recon-all -s sub-fsm76cw finished without error at Mon Nov 25 15:10:39 UTC 2024



#New# invocation of recon-all 



status file for recon-all
Mon Nov 25 18:22:12 UTC 2024
#@# white curv lh Mon Nov 25 18:22:13 UTC 2024
#@# white area lh Mon Nov 25 18:22:13 UTC 2024
#@# pial curv lh Mon Nov 25 18:22:13 UTC 2024
#@# pial area lh Mon Nov 25 18:22:13 UTC 2024
#@# thickness lh Mon Nov 25 18:22:13 UTC 2024
#@# area and vertex vol lh Mon Nov 25 18:22:13 UTC 2024
#@# white curv rh Mon Nov 25 18:22:13 UTC 2024
#@# white area rh Mon Nov 25 18:22:13 UTC 2024
#@# pial curv rh Mon Nov 25 18:22:13 UTC 2024
#@# pial area rh Mon Nov 25 18:22:13 UTC 2024
#@# thickness rh Mon Nov 25 18:22:13 UTC 2024
#@# area and vertex vol rh Mon Nov 25 18:22:13 UTC 2024
#@# Curvature Stats lh Mon Nov 25 18:22:13 UTC 2024
#@# Curvature Stats rh Mon Nov 25 18:22:19 UTC 2024
#@# Relabel Hypointensities Mon Nov 25 18:22:25 UTC 2024
#@# APas-to-ASeg Mon Nov 25 18:22:58 UTC 2024
#@# AParc-to-ASeg aparc Mon Nov 25 18:23:17 UTC 2024
#@# AParc-to-ASeg aparc.a2009s Mon Nov 25 18:24:41 UTC 2024
#@# AParc-to-ASeg aparc.DKTatlas Mon Nov 25 18:25:49 UTC 2024
#@# WMParc Mon Nov 25 18:27:04 UTC 2024
#@# ASeg Stats Mon Nov 25 18:32:43 UTC 2024
recon-all -s sub-fsm76cw finished without error at Mon Nov 25 18:34:12 UTC 2024
