/scratch/tmp/fs_mp2rage_tests2/sourcedata/freesurfer_memprage/sub-fsm23qf/mri
/opt/freesurfer/bin/talairach_avi
--i orig_nu.mgz --xfm transforms/talairach.auto.xfm
talairach_avi 7.3.2
Linux elm.criugm.qc.ca 5.15.0-113-generic #123-Ubuntu SMP Mon Jun 10 08:16:17 UTC 2024 x86_64 x86_64 x86_64 GNU/Linux
Sun Nov 24 05:18:59 UTC 2024
mri_convert orig_nu.mgz talsrcimg.img 
reading from orig_nu.mgz...
TR=0.00, TE=0.00, TI=0.00, flip angle=0.00
i_ras = (-1, 7.567e-10, -4.65661e-10)
j_ras = (0, -1.49012e-08, -1)
k_ras = (5.82077e-11, 1, 1.49012e-08)
writing to talsrcimg.img...
Analyze Output Matrix
-1.00000   0.00000   0.00000   132.83136;
 0.00000  -0.00000   1.00000  -118.05319;
-0.00000  -1.00000   0.00000   119.39507;
 0.00000   0.00000   0.00000   1.00000;
--------------------
INFO: set hdr.hist.orient to -1
mpr2mni305 talsrcimg
Sun Nov 24 05:19:03 UTC 2024
/opt/freesurfer/bin/mpr2mni305 talsrcimg
mpr2mni305 7.3.2
target=711-2C_as_mni_average_305

---------------------------------------------------------------------
analyzeto4dfp talsrcimg -O0 -y
---------------------------------------------------------------------

freesurfer ifh2hdr.c
Sun Nov 24 05:19:04 2024
Writing: talsrcimg.4dfp.hdr
freesurfer analyzeto4dfp.c
Reading: talsrcimg.hdr
header size 348 bytes
hdr.dime.datatype	offset=70	value=2
hdr.dime.bitpix		offset=72	value=8
hdr.hist.orient		offset=252	value=-1
dimensionality     4
dimensions       256       256       256         1
Reading: talsrcimg.img
Writing: talsrcimg.4dfp.img
Writing: talsrcimg.4dfp.ifh
ifh2hdr talsrcimg -r0to255
ori=2

---------------------------------------------------------------------
gauss_4dfp talsrcimg 1.1
---------------------------------------------------------------------

freesurfer gauss_4dfp.c
Reading: talsrcimg.4dfp.img
Writing: talsrcimg_g11.4dfp.img
image dimensions 256 256 256 padded to 288 288 288
processing volume 1freesurfer ifh2hdr.c
Sun Nov 24 05:19:15 2024
Writing: talsrcimg_g11.4dfp.hdr

Writing: talsrcimg_g11.4dfp.ifh
including: talsrcimg.4dfp.img.rec in talsrcimg_g11.4dfp.img.rec

---------------------------------------------------------------------
imgreg_4dfp /opt/freesurfer/average/711-2C_as_mni_average_305 none talsrcimg_g11 none talsrcimg_to_711-2C_as_mni_average_305_t4 4355
---------------------------------------------------------------------

freesurfer imgreg_4dfp.c
/opt/freesurfer/average/711-2C_as_mni_average_305.4dfp.img
       256       256       256         1
  1.000000  1.000000  1.000000
orientation T byte_order littleendian
Reading image: /opt/freesurfer/average/711-2C_as_mni_average_305.4dfp.img
dimensions:      256       256       256
mmppix:       1.0000   -1.0000   -1.0000
center:     128.0000 -129.0000 -129.0000
talsrcimg_g11.4dfp.img
       256       256       256         1
  1.000000  1.000000  1.000000
orientation T byte_order littleendian
Reading image: talsrcimg_g11.4dfp.img
dimensions:      256       256       256
mmppix:       1.0000   -1.0000   -1.0000
center:     128.0000 -129.0000 -129.0000
t4_read: open error in t4_sub.f l:  41 t4_file(1:l)talsrcimg_to_711-2C_as_mni_average_305_t4 
t4_read: transform initialized to I4
rotation matrix determinant  1.000000
image alignment mode   4355 decimal     1103 hex
   -7.5000  -45.0000  -45.0000 9623.6514   11.3738
    0.0000  -45.0000  -45.0000 9979.2012   11.4173
    7.5000  -45.0000  -45.0000 9588.3350   11.4042
   -7.5000  -37.5000  -45.0000 9807.5312   11.3654
    0.0000  -37.5000  -45.000010165.6074   11.4070
    7.5000  -37.5000  -45.0000 9767.6758   11.3918
   -7.5000  -30.0000  -45.000010211.3809   11.2188
    0.0000  -30.0000  -45.000010589.0732   11.2602
    7.5000  -30.0000  -45.000010192.5488   11.2451
   -7.5000  -22.5000  -45.000010669.8799   11.1119
    0.0000  -22.5000  -45.000011076.6592   11.1530
    7.5000  -22.5000  -45.000010656.6445   11.1397
   -7.5000  -15.0000  -45.000011131.2920   11.0640
    0.0000  -15.0000  -45.000011556.1055   11.1048
    7.5000  -15.0000  -45.000011101.7041   11.0930
   -7.5000   -7.5000  -45.000011543.7764   11.0333
    0.0000   -7.5000  -45.000011989.6807   11.0742
    7.5000   -7.5000  -45.000011499.8691   11.0620
   -7.5000    0.0000  -45.000011879.2314   11.0285
    0.0000    0.0000  -45.000012328.9170   11.0694
    7.5000    0.0000  -45.000011799.9043   11.0560
   -7.5000    7.5000  -45.000011297.4111   11.1580
    0.0000    7.5000  -45.000011735.8984   11.1983
    7.5000    7.5000  -45.000011213.2246   11.1831
   -7.5000   15.0000  -45.000010771.0156   11.4680
    0.0000   15.0000  -45.000011201.6670   11.5081
    7.5000   15.0000  -45.000010681.5254   11.4919
   -7.5000   22.5000  -45.000010286.1777   11.8393
    0.0000   22.5000  -45.000010704.6455   11.8772
    7.5000   22.5000  -45.000010159.8389   11.8594
   -7.5000   30.0000  -45.0000 9706.7734   12.0734
    0.0000   30.0000  -45.000010115.6436   12.1102
    7.5000   30.0000  -45.0000 9587.7207   12.0930
   -7.5000   37.5000  -45.0000 9497.2695   12.4839
    0.0000   37.5000  -45.0000 9884.6689   12.5231
    7.5000   37.5000  -45.0000 9367.9629   12.5061
   -7.5000   45.0000  -45.0000 8928.1514   12.5980
    0.0000   45.0000  -45.0000 9251.0801   12.6405
    7.5000   45.0000  -45.0000 8780.1963   12.6222
   -7.5000  -45.0000  -37.500010013.5625   11.3674
    0.0000  -45.0000  -37.500010411.3594   11.4093
    7.5000  -45.0000  -37.500010030.3281   11.3938
   -7.5000  -37.5000  -37.500010201.0479   11.3566
    0.0000  -37.5000  -37.500010596.4062   11.3977
    7.5000  -37.5000  -37.500010222.4766   11.3825
   -7.5000  -30.0000  -37.500010658.2070   11.2061
    0.0000  -30.0000  -37.500011069.1992   11.2467
    7.5000  -30.0000  -37.500010696.2012   11.2321
   -7.5000  -22.5000  -37.500011180.8271   11.0990
    0.0000  -22.5000  -37.500011608.4756   11.1380
    7.5000  -22.5000  -37.500011211.5146   11.1239
   -7.5000  -15.0000  -37.500011704.8291   11.0533
    0.0000  -15.0000  -37.500012145.9219   11.0910
    7.5000  -15.0000  -37.500011705.1660   11.0763
   -7.5000   -7.5000  -37.500012145.5781   11.0251
    0.0000   -7.5000  -37.500012617.0527   11.0633
    7.5000   -7.5000  -37.500012122.9756   11.0478
   -7.5000    0.0000  -37.500012477.1309   11.0207
    0.0000    0.0000  -37.500012975.5234   11.0603
    7.5000    0.0000  -37.500012435.5127   11.0448
   -7.5000    7.5000  -37.500011864.6494   11.1479
    0.0000    7.5000  -37.500012351.2100   11.1878
    7.5000    7.5000  -37.500011817.6367   11.1727
   -7.5000   15.0000  -37.500011298.3916   11.4554
    0.0000   15.0000  -37.500011787.3105   11.4952
    7.5000   15.0000  -37.500011230.1611   11.4798
   -7.5000   22.5000  -37.500010786.1729   11.8255
    0.0000   22.5000  -37.500011262.5049   11.8625
    7.5000   22.5000  -37.500010651.3018   11.8452
   -7.5000   30.0000  -37.500010197.9678   12.0592
    0.0000   30.0000  -37.500010677.8408   12.0941
    7.5000   30.0000  -37.500010049.6934   12.0765
   -7.5000   37.5000  -37.5000 9945.8418   12.4687
    0.0000   37.5000  -37.500010403.3203   12.5067
    7.5000   37.5000  -37.5000 9795.7100   12.4889
   -7.5000   45.0000  -37.5000 9309.3467   12.5825
    0.0000   45.0000  -37.5000 9709.9150   12.6260
    7.5000   45.0000  -37.5000 9153.6631   12.6079
   -7.5000  -45.0000  -30.000010628.2061   11.8169
    0.0000  -45.0000  -30.000011005.0381   11.8559
    7.5000  -45.0000  -30.000010616.3418   11.8370
   -7.5000  -37.5000  -30.000010817.6055   11.8060
    0.0000  -37.5000  -30.000011224.5781   11.8445
    7.5000  -37.5000  -30.000010828.5361   11.8277
   -7.5000  -30.0000  -30.000011322.4756   11.6477
    0.0000  -30.0000  -30.000011756.0361   11.6860
    7.5000  -30.0000  -30.000011363.2344   11.6703
   -7.5000  -22.5000  -30.000011883.9375   11.5348
    0.0000  -22.5000  -30.000012364.3555   11.5717
    7.5000  -22.5000  -30.000011934.3828   11.5554
   -7.5000  -15.0000  -30.000012442.9834   11.4868
    0.0000  -15.0000  -30.000012949.8457   11.5222
    7.5000  -15.0000  -30.000012478.4355   11.5038
   -7.5000   -7.5000  -30.000012932.6104   11.4588
    0.0000   -7.5000  -30.000013482.7061   11.4942
    7.5000   -7.5000  -30.000012950.7285   11.4747
   -7.5000    0.0000  -30.000013290.8486   11.4556
    0.0000    0.0000  -30.000013878.6162   11.4924
    7.5000    0.0000  -30.000013273.5703   11.4739
   -7.5000    7.5000  -30.000012614.7588   11.5883
    0.0000    7.5000  -30.000013175.7227   11.6258
    7.5000    7.5000  -30.000012573.0986   11.6092
   -7.5000   15.0000  -30.000012033.7988   11.9076
    0.0000   15.0000  -30.000012580.0371   11.9453
    7.5000   15.0000  -30.000011958.5449   11.9291
   -7.5000   22.5000  -30.000011445.4180   12.2901
    0.0000   22.5000  -30.000011981.7979   12.3254
    7.5000   22.5000  -30.000011323.1855   12.3068
   -7.5000   30.0000  -30.000010824.3467   12.5365
    0.0000   30.0000  -30.000011356.6963   12.5699
    7.5000   30.0000  -30.000010669.9111   12.5505
   -7.5000   37.5000  -30.000010520.7637   12.9632
    0.0000   37.5000  -30.000011062.4531   12.9999
    7.5000   37.5000  -30.000010378.3652   12.9792
   -7.5000   45.0000  -30.0000 9822.2578   13.0918
    0.0000   45.0000  -30.000010298.0752   13.1338
    7.5000   45.0000  -30.0000 9667.4229   13.1135
   -7.5000  -45.0000  -22.500011256.0566   12.1745
    0.0000  -45.0000  -22.500011637.2803   12.2118
    7.5000  -45.0000  -22.500011202.1670   12.1923
   -7.5000  -37.5000  -22.500011472.6191   12.1667
    0.0000  -37.5000  -22.500011865.7744   12.2024
    7.5000  -37.5000  -22.500011436.9375   12.1840
   -7.5000  -30.0000  -22.500012005.8281   12.0050
    0.0000  -30.0000  -22.500012434.6465   12.0413
    7.5000  -30.0000  -22.500012022.1445   12.0237
   -7.5000  -22.5000  -22.500012611.4570   11.8876
    0.0000  -22.5000  -22.500013109.3486   11.9241
    7.5000  -22.5000  -22.500012646.1328   11.9065
   -7.5000  -15.0000  -22.500013205.6582   11.8354
    0.0000  -15.0000  -22.500013770.4766   11.8715
    7.5000  -15.0000  -22.500013237.1270   11.8526
   -7.5000   -7.5000  -22.500013740.5908   11.8046
    0.0000   -7.5000  -22.500014342.8164   11.8400
    7.5000   -7.5000  -22.500013752.4033   11.8204
   -7.5000    0.0000  -22.500014100.6123   11.8015
    0.0000    0.0000  -22.500014701.3184   11.8367
    7.5000    0.0000  -22.500014070.8613   11.8178
   -7.5000    7.5000  -22.500013370.7500   11.9422
    0.0000    7.5000  -22.500013942.2090   11.9771
    7.5000    7.5000  -22.500013316.3672   11.9589
   -7.5000   15.0000  -22.500012733.3271   12.2751
    0.0000   15.0000  -22.500013311.9678   12.3102
    7.5000   15.0000  -22.500012670.1572   12.2922
   -7.5000   22.5000  -22.500012111.6660   12.6718
    0.0000   22.5000  -22.500012687.6152   12.7055
    7.5000   22.5000  -22.500012006.4541   12.6853
   -7.5000   30.0000  -22.500011453.1592   12.9283
    0.0000   30.0000  -22.500012026.4893   12.9622
    7.5000   30.0000  -22.500011324.6689   12.9414
   -7.5000   37.5000  -22.500011123.6543   13.3680
    0.0000   37.5000  -22.500011688.2285   13.4047
    7.5000   37.5000  -22.500010978.1406   13.3824
   -7.5000   45.0000  -22.500010358.1602   13.5097
    0.0000   45.0000  -22.500010881.6436   13.5489
    7.5000   45.0000  -22.500010210.8574   13.5267
   -7.5000  -45.0000  -15.000011806.0234   12.4159
    0.0000  -45.0000  -15.000012222.5068   12.4555
    7.5000  -45.0000  -15.000011729.2754   12.4381
   -7.5000  -37.5000  -15.000012034.8906   12.4107
    0.0000  -37.5000  -15.000012456.4873   12.4472
    7.5000  -37.5000  -15.000012000.1387   12.4281
   -7.5000  -30.0000  -15.000012594.0117   12.2490
    0.0000  -30.0000  -15.000013058.7549   12.2864
    7.5000  -30.0000  -15.000012615.5801   12.2676
   -7.5000  -22.5000  -15.000013214.5840   12.1291
    0.0000  -22.5000  -15.000013745.2441   12.1682
    7.5000  -22.5000  -15.000013261.9854   12.1507
   -7.5000  -15.0000  -15.000013818.8633   12.0733
    0.0000  -15.0000  -15.000014388.5859   12.1132
    7.5000  -15.0000  -15.000013864.6328   12.0966
   -7.5000   -7.5000  -15.000014375.6162   12.0390
    0.0000   -7.5000  -15.000014972.1221   12.0780
    7.5000   -7.5000  -15.000014397.9141   12.0613
   -7.5000    0.0000  -15.000014792.1543   12.0349
    0.0000    0.0000  -15.000015352.0078   12.0724
    7.5000    0.0000  -15.000014767.2949   12.0551
   -7.5000    7.5000  -15.000014107.8877   12.1816
    0.0000    7.5000  -15.000014683.9932   12.2172
    7.5000    7.5000  -15.000014055.4912   12.1983
   -7.5000   15.0000  -15.000013507.8857   12.5244
    0.0000   15.0000  -15.000014164.6768   12.5599
    7.5000   15.0000  -15.000013439.1953   12.5404
   -7.5000   22.5000  -15.000012896.4502   12.9318
    0.0000   22.5000  -15.000013490.8838   12.9664
    7.5000   22.5000  -15.000012776.0938   12.9448
   -7.5000   30.0000  -15.000012149.7158   13.1954
    0.0000   30.0000  -15.000012712.0205   13.2316
    7.5000   30.0000  -15.000012027.0020   13.2105
   -7.5000   37.5000  -15.000011773.5469   13.6442
    0.0000   37.5000  -15.000012313.6143   13.6829
    7.5000   37.5000  -15.000011643.2471   13.6609
   -7.5000   45.0000  -15.000010927.3447   13.7959
    0.0000   45.0000  -15.000011442.9443   13.8347
    7.5000   45.0000  -15.000010788.7578   13.8121
   -7.5000  -45.0000   -7.500012328.5068   12.5313
    0.0000  -45.0000   -7.500012754.4395   12.5764
    7.5000  -45.0000   -7.500012261.3770   12.5616
   -7.5000  -37.5000   -7.500012591.8232   12.5269
    0.0000  -37.5000   -7.500013039.9541   12.5688
    7.5000  -37.5000   -7.500012599.1904   12.5510
   -7.5000  -30.0000   -7.500013184.2588   12.3645
    0.0000  -30.0000   -7.500013661.9404   12.4070
    7.5000  -30.0000   -7.500013237.8975   12.3891
   -7.5000  -22.5000   -7.500013803.7803   12.2435
    0.0000  -22.5000   -7.500014312.5068   12.2872
    7.5000  -22.5000   -7.500013871.9023   12.2718
   -7.5000  -15.0000   -7.500014397.6709   12.1867
    0.0000  -15.0000   -7.500014918.4355   12.2312
    7.5000  -15.0000   -7.500014472.2812   12.2180
   -7.5000   -7.5000   -7.500014943.7783   12.1510
    0.0000   -7.5000   -7.500015495.3809   12.1951
    7.5000   -7.5000   -7.500015000.7754   12.1817
   -7.5000    0.0000   -7.500015392.8066   12.1461
    0.0000    0.0000   -7.500015929.3584   12.1888
    7.5000    0.0000   -7.500015414.0908   12.1738
   -7.5000    7.5000   -7.500014813.0400   12.2950
    0.0000    7.5000   -7.500015445.3730   12.3359
    7.5000    7.5000   -7.500014787.0557   12.3181
   -7.5000   15.0000   -7.500014224.7461   12.6426
    0.0000   15.0000   -7.500014846.1084   12.6832
    7.5000   15.0000   -7.500014189.4932   12.6642
   -7.5000   22.5000   -7.500013488.7646   13.0532
    0.0000   22.5000   -7.500013963.7969   13.0923
    7.5000   22.5000   -7.500013423.8242   13.0717
   -7.5000   30.0000   -7.500012717.0000   13.3215
    0.0000   30.0000   -7.500013149.4258   13.3614
    7.5000   30.0000   -7.500012618.0879   13.3417
   -7.5000   37.5000   -7.500012361.6318   13.7764
    0.0000   37.5000   -7.500012815.3896   13.8187
    7.5000   37.5000   -7.500012230.1143   13.7987
   -7.5000   45.0000   -7.500011431.9092   13.9323
    0.0000   45.0000   -7.500011898.2158   13.9755
    7.5000   45.0000   -7.500011317.5479   13.9541
   -7.5000  -45.0000    0.000012771.1660   12.5521
    0.0000  -45.0000    0.000013215.2090   12.6012
    7.5000  -45.0000    0.000012701.9531   12.5871
   -7.5000  -37.5000    0.000013055.8809   12.5457
    0.0000  -37.5000    0.000013541.8662   12.5926
    7.5000  -37.5000    0.000013050.5117   12.5763
   -7.5000  -30.0000    0.000013702.9932   12.3811
    0.0000  -30.0000    0.000014214.1982   12.4279
    7.5000  -30.0000    0.000013729.8066   12.4116
   -7.5000  -22.5000    0.000014375.8486   12.2604
    0.0000  -22.5000    0.000014890.5479   12.3068
    7.5000  -22.5000    0.000014389.8535   12.2925
   -7.5000  -15.0000    0.000014953.7148   12.2058
    0.0000  -15.0000    0.000015471.1318   12.2520
    7.5000  -15.0000    0.000014995.5020   12.2392
   -7.5000   -7.5000    0.000015457.8379   12.1712
    0.0000   -7.5000    0.000015960.4443   12.2175
    7.5000   -7.5000    0.000015507.2402   12.2044
   -7.5000    0.0000    0.000015866.5176   12.1658
    0.0000    0.0000    0.000016397.5273   12.2121
    7.5000    0.0000    0.000015920.5352   12.1977
   -7.5000    7.5000    0.000015303.5527   12.3126
    0.0000    7.5000    0.000015928.0781   12.3582
    7.5000    7.5000    0.000015316.9922   12.3418
   -7.5000   15.0000    0.000014702.4092   12.6590
    0.0000   15.0000    0.000015213.1084   12.7043
    7.5000   15.0000    0.000014754.4473   12.6868
   -7.5000   22.5000    0.000013874.3818   13.0685
    0.0000   22.5000    0.000014244.3965   13.1115
    7.5000   22.5000    0.000013941.9375   13.0924
   -7.5000   30.0000    0.000013131.3496   13.3403
    0.0000   30.0000    0.000013477.2861   13.3822
    7.5000   30.0000    0.000013131.3145   13.3637
   -7.5000   37.5000    0.000012806.0254   13.7975
    0.0000   37.5000    0.000013203.7021   13.8423
    7.5000   37.5000    0.000012751.5098   13.8241
   -7.5000   45.0000    0.000011870.6504   13.9542
    0.0000   45.0000    0.000012269.7158   14.0027
    7.5000   45.0000    0.000011796.8291   13.9833
   -7.5000  -45.0000    7.500012330.4639   12.5913
    0.0000  -45.0000    7.500012751.8574   12.6387
    7.5000  -45.0000    7.500012255.4463   12.6219
   -7.5000  -37.5000    7.500012593.7627   12.5813
    0.0000  -37.5000    7.500013038.3047   12.6277
    7.5000  -37.5000    7.500012563.1416   12.6112
   -7.5000  -30.0000    7.500013218.5586   12.4126
    0.0000  -30.0000    7.500013694.4346   12.4584
    7.5000  -30.0000    7.500013210.2725   12.4425
   -7.5000  -22.5000    7.500013831.8311   12.2919
    0.0000  -22.5000    7.500014350.5205   12.3360
    7.5000  -22.5000    7.500013823.2588   12.3206
   -7.5000  -15.0000    7.500014363.4541   12.2402
    0.0000  -15.0000    7.500014897.8721   12.2829
    7.5000  -15.0000    7.500014374.5508   12.2668
   -7.5000   -7.5000    7.500014830.3545   12.2084
    0.0000   -7.5000    7.500015339.1299   12.2515
    7.5000   -7.5000    7.500014881.5010   12.2347
   -7.5000    0.0000    7.500015237.0244   12.2034
    0.0000    0.0000    7.500015743.0791   12.2480
    7.5000    0.0000    7.500015300.8301   12.2313
   -7.5000    7.5000    7.500014647.2266   12.3471
    0.0000    7.5000    7.500015190.5312   12.3921
    7.5000    7.5000    7.500014743.4834   12.3757
   -7.5000   15.0000    7.500014147.4922   12.6905
    0.0000   15.0000    7.500014581.0049   12.7355
    7.5000   15.0000    7.500014240.5312   12.7188
   -7.5000   22.5000    7.500013483.8398   13.0986
    0.0000   22.5000    7.500013770.3271   13.1406
    7.5000   22.5000    7.500013558.3574   13.1218
   -7.5000   30.0000    7.500012724.5098   13.3690
    0.0000   30.0000    7.500012985.6436   13.4088
    7.5000   30.0000    7.500012739.3877   13.3897
   -7.5000   37.5000    7.500012384.6387   13.8247
    0.0000   37.5000    7.500012692.5625   13.8681
    7.5000   37.5000    7.500012336.2979   13.8489
   -7.5000   45.0000    7.500011441.8818   13.9800
    0.0000   45.0000    7.500011784.3633   14.0295
    7.5000   45.0000    7.500011371.2090   14.0101
   -7.5000  -45.0000   15.000011755.3711   12.6281
    0.0000  -45.0000   15.000012165.7666   12.6703
    7.5000  -45.0000   15.000011667.1611   12.6507
   -7.5000  -37.5000   15.000011989.9648   12.6165
    0.0000  -37.5000   15.000012416.5322   12.6582
    7.5000  -37.5000   15.000011947.4521   12.6408
   -7.5000  -30.0000   15.000012602.4141   12.4450
    0.0000  -30.0000   15.000013075.8740   12.4866
    7.5000  -30.0000   15.000012597.5107   12.4702
   -7.5000  -22.5000   15.000013195.3730   12.3227
    0.0000  -22.5000   15.000013698.8867   12.3627
    7.5000  -22.5000   15.000013221.9365   12.3457
   -7.5000  -15.0000   15.000013727.3721   12.2713
    0.0000  -15.0000   15.000014232.1865   12.3097
    7.5000  -15.0000   15.000013777.1123   12.2905
   -7.5000   -7.5000   15.000014215.0127   12.2416
    0.0000   -7.5000   15.000014693.7197   12.2800
    7.5000   -7.5000   15.000014293.2061   12.2597
   -7.5000    0.0000   15.000014625.2266   12.2383
    0.0000    0.0000   15.000015125.5732   12.2782
    7.5000    0.0000   15.000014707.9258   12.2590
   -7.5000    7.5000   15.000014024.8516   12.3812
    0.0000    7.5000   15.000014529.1689   12.4219
    7.5000    7.5000   15.000014115.9756   12.4046
   -7.5000   15.0000   15.000013479.7910   12.7232
    0.0000   15.0000   15.000013950.1533   12.7641
    7.5000   15.0000   15.000013498.0215   12.7474
   -7.5000   22.5000   15.000012881.9648   13.1296
    0.0000   22.5000   15.000013355.9443   13.1680
    7.5000   22.5000   15.000012827.3652   13.1488
   -7.5000   30.0000   15.000012187.6846   13.3970
    0.0000   30.0000   15.000012642.1777   13.4335
    7.5000   30.0000   15.000012070.3066   13.4134
   -7.5000   37.5000   15.000011782.3398   13.8509
    0.0000   37.5000   15.000012202.8242   13.8910
    7.5000   37.5000   15.000011631.2090   13.8696
   -7.5000   45.0000   15.000010821.5391   14.0057
    0.0000   45.0000   15.000011208.5850   14.0517
    7.5000   45.0000   15.000010705.4180   14.0308
   -7.5000  -45.0000   22.500011193.3809   12.6437
    0.0000  -45.0000   22.500011537.8584   12.6826
    7.5000  -45.0000   22.500011117.0898   12.6630
   -7.5000  -37.5000   22.500011406.9990   12.6345
    0.0000  -37.5000   22.500011741.6885   12.6719
    7.5000  -37.5000   22.500011362.0938   12.6534
   -7.5000  -30.0000   22.500011984.0215   12.4646
    0.0000  -30.0000   22.500012356.7793   12.5026
    7.5000  -30.0000   22.500011965.7842   12.4848
   -7.5000  -22.5000   22.500012543.7969   12.3411
    0.0000  -22.5000   22.500012979.5918   12.3793
    7.5000  -22.5000   22.500012552.2568   12.3616
   -7.5000  -15.0000   22.500013063.6191   12.2873
    0.0000  -15.0000   22.500013576.3574   12.3251
    7.5000  -15.0000   22.500013071.3320   12.3060
   -7.5000   -7.5000   22.500013560.6045   12.2564
    0.0000   -7.5000   22.500014134.1367   12.2933
    7.5000   -7.5000   22.500013562.6914   12.2736
   -7.5000    0.0000   22.500013954.4346   12.2537
    0.0000    0.0000   22.500014586.5225   12.2906
    7.5000    0.0000   22.500013940.9629   12.2715
   -7.5000    7.5000   22.500013337.3281   12.3995
    0.0000    7.5000   22.500013941.4473   12.4360
    7.5000    7.5000   22.500013295.9033   12.4177
   -7.5000   15.0000   22.500012671.7598   12.7443
    0.0000   15.0000   22.500013203.9023   12.7811
    7.5000   15.0000   22.500012612.9756   12.7630
   -7.5000   22.5000   22.500011960.9590   13.1522
    0.0000   22.5000   22.500012457.5137   13.1876
    7.5000   22.5000   22.500011903.5156   13.1672
   -7.5000   30.0000   22.500011205.5684   13.4156
    0.0000   30.0000   22.500011683.2168   13.4512
    7.5000   30.0000   22.500011124.1240   13.4303
   -7.5000   37.5000   22.500010853.2305   13.8668
    0.0000   37.5000   22.500011326.5586   13.9054
    7.5000   37.5000   22.500010764.4502   13.8829
   -7.5000   45.0000   22.500010032.7402   14.0209
    0.0000   45.0000   22.500010480.2471   14.0621
    7.5000   45.0000   22.5000 9961.0635   14.0397
   -7.5000  -45.0000   30.000010540.7764   12.6501
    0.0000  -45.0000   30.000010883.0137   12.6903
    7.5000  -45.0000   30.000010460.6416   12.6732
   -7.5000  -37.5000   30.000010723.2832   12.6451
    0.0000  -37.5000   30.000011068.1396   12.6821
    7.5000  -37.5000   30.000010649.2275   12.6634
   -7.5000  -30.0000   30.000011260.0957   12.4785
    0.0000  -30.0000   30.000011650.7510   12.5165
    7.5000  -30.0000   30.000011193.1006   12.4980
   -7.5000  -22.5000   30.000011778.5732   12.3547
    0.0000  -22.5000   30.000012214.0459   12.3944
    7.5000  -22.5000   30.000011707.0352   12.3772
   -7.5000  -15.0000   30.000012242.6650   12.2979
    0.0000  -15.0000   30.000012724.8809   12.3384
    7.5000  -15.0000   30.000012162.8682   12.3222
   -7.5000   -7.5000   30.000012642.6152   12.2643
    0.0000   -7.5000   30.000013158.8311   12.3040
    7.5000   -7.5000   30.000012568.3896   12.2876
   -7.5000    0.0000   30.000012959.1855   12.2617
    0.0000    0.0000   30.000013485.1338   12.2997
    7.5000    0.0000   30.000012884.8760   12.2828
   -7.5000    7.5000   30.000012315.1709   12.4117
    0.0000    7.5000   30.000012791.5820   12.4479
    7.5000    7.5000   30.000012240.4395   12.4293
   -7.5000   15.0000   30.000011676.8545   12.7617
    0.0000   15.0000   30.000012100.5752   12.7977
    7.5000   15.0000   30.000011594.6533   12.7785
   -7.5000   22.5000   30.000011031.5225   13.1721
    0.0000   22.5000   30.000011425.5586   13.2073
    7.5000   22.5000   30.000010947.8213   13.1859
   -7.5000   30.0000   30.000010313.9746   13.4324
    0.0000   30.0000   30.000010696.7754   13.4693
    7.5000   30.0000   30.000010233.4297   13.4484
   -7.5000   37.5000   30.0000 9981.5527   13.8822
    0.0000   37.5000   30.000010324.3447   13.9217
    7.5000   37.5000   30.0000 9909.5244   13.8999
   -7.5000   45.0000   30.0000 9253.6123   14.0352
    0.0000   45.0000   30.0000 9603.9619   14.0748
    7.5000   45.0000   30.0000 9195.8428   14.0524
   -7.5000  -45.0000   37.500010256.6152   12.7774
    0.0000  -45.0000   37.500010626.3447   12.8237
    7.5000  -45.0000   37.500010136.9668   12.8093
   -7.5000  -37.5000   37.500010413.0889   12.7742
    0.0000  -37.5000   37.500010778.4580   12.8172
    7.5000  -37.5000   37.500010283.9893   12.7996
   -7.5000  -30.0000   37.500010912.1807   12.6056
    0.0000  -30.0000   37.500011300.2500   12.6492
    7.5000  -30.0000   37.500010784.9365   12.6316
   -7.5000  -22.5000   37.500011374.0566   12.4793
    0.0000  -22.5000   37.500011776.1572   12.5242
    7.5000  -22.5000   37.500011253.5430   12.5091
   -7.5000  -15.0000   37.500011776.8066   12.4208
    0.0000  -15.0000   37.500012220.2949   12.4665
    7.5000  -15.0000   37.500011680.4902   12.4537
   -7.5000   -7.5000   37.500012124.3311   12.3855
    0.0000   -7.5000   37.500012597.2490   12.4307
    7.5000   -7.5000   37.500012055.4092   12.4178
   -7.5000    0.0000   37.500012396.9033   12.3825
    0.0000    0.0000   37.500012880.0264   12.4262
    7.5000    0.0000   37.500012328.7080   12.4116
   -7.5000    7.5000   37.500011760.8301   12.5372
    0.0000    7.5000   37.500012203.0078   12.5790
    7.5000    7.5000   37.500011698.0010   12.5615
   -7.5000   15.0000   37.500011165.4990   12.8971
    0.0000   15.0000   37.500011585.1582   12.9387
    7.5000   15.0000   37.500011088.9688   12.9199
   -7.5000   22.5000   37.500010562.3623   13.3145
    0.0000   22.5000   37.500010936.0771   13.3547
    7.5000   22.5000   37.500010473.5469   13.3343
   -7.5000   30.0000   37.5000 9889.6299   13.5804
    0.0000   30.0000   37.500010242.5537   13.6215
    7.5000   30.0000   37.5000 9803.4346   13.6021
   -7.5000   37.5000   37.5000 9589.2080   14.0405
    0.0000   37.5000   37.5000 9921.2295   14.0843
    7.5000   37.5000   37.5000 9496.5205   14.0646
   -7.5000   45.0000   37.5000 8893.2041   14.1998
    0.0000   45.0000   37.5000 9236.3398   14.2445
    7.5000   45.0000   37.5000 8814.0234   14.2233
   -7.5000  -45.0000   45.0000 9427.9668   12.9064
    0.0000  -45.0000   45.0000 9764.5625   12.9573
    7.5000  -45.0000   45.0000 9298.2158   12.9427
   -7.5000  -37.5000   45.0000 9544.8320   12.9014
    0.0000  -37.5000   45.0000 9886.3262   12.9500
    7.5000  -37.5000   45.0000 9427.7900   12.9332
   -7.5000  -30.0000   45.0000 9978.6787   12.7269
    0.0000  -30.0000   45.000010339.5654   12.7752
    7.5000  -30.0000   45.0000 9876.9160   12.7587
   -7.5000  -22.5000   45.000010388.2549   12.5992
    0.0000  -22.5000   45.000010768.4551   12.6471
    7.5000  -22.5000   45.000010305.6211   12.6326
   -7.5000  -15.0000   45.000010756.2178   12.5427
    0.0000  -15.0000   45.000011152.8125   12.5903
    7.5000  -15.0000   45.000010675.5908   12.5772
   -7.5000   -7.5000   45.000011099.6592   12.5082
    0.0000   -7.5000   45.000011504.8828   12.5560
    7.5000   -7.5000   45.000011029.7842   12.5425
   -7.5000    0.0000   45.000011326.8086   12.5045
    0.0000    0.0000   45.000011733.4736   12.5524
    7.5000    0.0000   45.000011253.7617   12.5375
   -7.5000    7.5000   45.000010743.2852   12.6604
    0.0000    7.5000   45.000011125.2490   12.7075
    7.5000    7.5000   45.000010677.1162   12.6907
   -7.5000   15.0000   45.000010180.5840   13.0280
    0.0000   15.0000   45.000010545.9658   13.0749
    7.5000   15.0000   45.000010121.4766   13.0571
   -7.5000   22.5000   45.0000 9617.0439   13.4513
    0.0000   22.5000   45.0000 9953.4551   13.4957
    7.5000   22.5000   45.0000 9554.9395   13.4761
   -7.5000   30.0000   45.0000 9006.4434   13.7262
    0.0000   30.0000   45.0000 9330.5303   13.7697
    7.5000   30.0000   45.0000 8946.3262   13.7504
   -7.5000   37.5000   45.0000 8738.2129   14.2001
    0.0000   37.5000   45.0000 9055.9844   14.2467
    7.5000   37.5000   45.0000 8677.6357   14.2274
   -7.5000   45.0000   45.0000 8136.2959   14.3763
    0.0000   45.0000   45.0000 8451.3447   14.4271
    7.5000   45.0000   45.0000 8075.0522   14.4064

---------------------------------------------------------------------
imgreg_4dfp /opt/freesurfer/average/711-2C_as_mni_average_305 /opt/freesurfer/average/711-2B_as_mni_average_305_mask talsrcimg_g11 none talsrcimg_to_711-2C_as_mni_average_305_t4 4355
---------------------------------------------------------------------

freesurfer imgreg_4dfp.c
/opt/freesurfer/average/711-2C_as_mni_average_305.4dfp.img
       256       256       256         1
  1.000000  1.000000  1.000000
orientation T byte_order littleendian
Reading image: /opt/freesurfer/average/711-2C_as_mni_average_305.4dfp.img
dimensions:      256       256       256
mmppix:       1.0000   -1.0000   -1.0000
center:     128.0000 -129.0000 -129.0000
/opt/freesurfer/average/711-2B_as_mni_average_305_mask.4dfp.img
       256       256       256         1
  1.000000  1.000000  1.000000
orientation T byte_order littleendian
Reading mask: /opt/freesurfer/average/711-2B_as_mni_average_305_mask.4dfp.img (2306576 pixels)
talsrcimg_g11.4dfp.img
       256       256       256         1
  1.000000  1.000000  1.000000
orientation T byte_order littleendian
Reading image: talsrcimg_g11.4dfp.img
dimensions:      256       256       256
mmppix:       1.0000   -1.0000   -1.0000
center:     128.0000 -129.0000 -129.0000
rotation matrix determinant  1.000000
image alignment mode   4355 decimal     1103 hex
   -7.5000  -45.0000  -45.0000 2229.0278   15.3511
    0.0000  -45.0000  -45.0000 2232.4709   15.3621
    7.5000  -45.0000  -45.0000 2202.7258   15.6444
   -7.5000  -37.5000  -45.0000 2231.5017   15.1488
    0.0000  -37.5000  -45.0000 2234.5056   15.1574
    7.5000  -37.5000  -45.0000 2210.4014   15.4299
   -7.5000  -30.0000  -45.0000 2238.4351   14.9850
    0.0000  -30.0000  -45.0000 2244.6270   14.9936
    7.5000  -30.0000  -45.0000 2222.3682   15.2403
   -7.5000  -22.5000  -45.0000 2259.2280   14.8171
    0.0000  -22.5000  -45.0000 2267.9712   14.8225
    7.5000  -22.5000  -45.0000 2246.9380   15.0207
   -7.5000  -15.0000  -45.0000 2282.9275   14.6470
    0.0000  -15.0000  -45.0000 2295.2307   14.6365
    7.5000  -15.0000  -45.0000 2274.1790   14.8571
   -7.5000   -7.5000  -45.0000 2307.0596   14.5208
    0.0000   -7.5000  -45.0000 2319.2737   14.5133
    7.5000   -7.5000  -45.0000 2302.2019   14.7359
   -7.5000    0.0000  -45.0000 2319.6614   14.4993
    0.0000    0.0000  -45.0000 2329.6511   14.4756
    7.5000    0.0000  -45.0000 2310.2148   14.6617
   -7.5000    7.5000  -45.0000 2314.9695   14.5109
    0.0000    7.5000  -45.0000 2328.7739   14.5219
    7.5000    7.5000  -45.0000 2309.2764   14.6314
   -7.5000   15.0000  -45.0000 2305.3708   14.5820
    0.0000   15.0000  -45.0000 2315.9976   14.6250
    7.5000   15.0000  -45.0000 2299.4829   14.6924
   -7.5000   22.5000  -45.0000 2294.6523   14.8713
    0.0000   22.5000  -45.0000 2312.4409   14.8565
    7.5000   22.5000  -45.0000 2285.2087   14.9558
   -7.5000   30.0000  -45.0000 2264.5952   15.2440
    0.0000   30.0000  -45.0000 2280.0405   15.2433
    7.5000   30.0000  -45.0000 2262.0730   15.3745
   -7.5000   37.5000  -45.0000 2231.0508   15.9096
    0.0000   37.5000  -45.0000 2248.8567   15.8473
    7.5000   37.5000  -45.0000 2232.0374   16.0229
   -7.5000   45.0000  -45.0000 2183.9768   16.8708
    0.0000   45.0000  -45.0000 2198.6604   16.7428
    7.5000   45.0000  -45.0000 2181.4885   16.9882
   -7.5000  -45.0000  -37.5000 2306.0239   14.1495
    0.0000  -45.0000  -37.5000 2312.2915   14.1853
    7.5000  -45.0000  -37.5000 2290.9299   14.4476
   -7.5000  -37.5000  -37.5000 2307.2949   13.9417
    0.0000  -37.5000  -37.5000 2318.1301   13.9405
    7.5000  -37.5000  -37.5000 2296.6091   14.2229
   -7.5000  -30.0000  -37.5000 2318.3762   13.7739
    0.0000  -30.0000  -37.5000 2331.6201   13.7799
    7.5000  -30.0000  -37.5000 2311.8096   14.0235
   -7.5000  -22.5000  -37.5000 2342.0938   13.6460
    0.0000  -22.5000  -37.5000 2354.7468   13.6298
    7.5000  -22.5000  -37.5000 2337.0242   13.8385
   -7.5000  -15.0000  -37.5000 2372.8345   13.4983
    0.0000  -15.0000  -37.5000 2384.5073   13.4872
    7.5000  -15.0000  -37.5000 2365.3052   13.6750
   -7.5000   -7.5000  -37.5000 2398.3862   13.3583
    0.0000   -7.5000  -37.5000 2408.3176   13.3585
    7.5000   -7.5000  -37.5000 2389.8188   13.5118
   -7.5000    0.0000  -37.5000 2413.1892   13.2670
    0.0000    0.0000  -37.5000 2424.6917   13.2844
    7.5000    0.0000  -37.5000 2406.5955   13.4163
   -7.5000    7.5000  -37.5000 2415.9167   13.2921
    0.0000    7.5000  -37.5000 2434.1934   13.3487
    7.5000    7.5000  -37.5000 2412.7302   13.4441
   -7.5000   15.0000  -37.5000 2405.7053   13.4395
    0.0000   15.0000  -37.5000 2428.6165   13.5202
    7.5000   15.0000  -37.5000 2403.9382   13.5610
   -7.5000   22.5000  -37.5000 2402.1362   13.6997
    0.0000   22.5000  -37.5000 2429.2920   13.7474
    7.5000   22.5000  -37.5000 2396.9907   13.7714
   -7.5000   30.0000  -37.5000 2380.1169   14.1135
    0.0000   30.0000  -37.5000 2407.1992   14.1948
    7.5000   30.0000  -37.5000 2373.0679   14.1969
   -7.5000   37.5000  -37.5000 2339.8955   14.7658
    0.0000   37.5000  -37.5000 2363.0183   14.7826
    7.5000   37.5000  -37.5000 2338.1658   14.8622
   -7.5000   45.0000  -37.5000 2283.4458   15.6921
    0.0000   45.0000  -37.5000 2305.8689   15.6804
    7.5000   45.0000  -37.5000 2283.3357   15.7831
   -7.5000  -45.0000  -30.0000 2433.1296   13.6014
    0.0000  -45.0000  -30.0000 2437.0740   13.6098
    7.5000  -45.0000  -30.0000 2417.8184   13.8550
   -7.5000  -37.5000  -30.0000 2435.6565   13.3875
    0.0000  -37.5000  -30.0000 2444.7241   13.3922
    7.5000  -37.5000  -30.0000 2426.3416   13.6070
   -7.5000  -30.0000  -30.0000 2447.3074   13.1920
    0.0000  -30.0000  -30.0000 2459.7388   13.1988
    7.5000  -30.0000  -30.0000 2442.7466   13.4019
   -7.5000  -22.5000  -30.0000 2470.0967   13.0018
    0.0000  -22.5000  -30.0000 2489.8818   13.0051
    7.5000  -22.5000  -30.0000 2466.6003   13.1786
   -7.5000  -15.0000  -30.0000 2500.6416   12.8206
    0.0000  -15.0000  -30.0000 2518.4150   12.8321
    7.5000  -15.0000  -30.0000 2498.2847   12.9864
   -7.5000   -7.5000  -30.0000 2529.9146   12.7253
    0.0000   -7.5000  -30.0000 2548.8320   12.7388
    7.5000   -7.5000  -30.0000 2527.1145   12.8615
   -7.5000    0.0000  -30.0000 2549.4453   12.6464
    0.0000    0.0000  -30.0000 2571.1758   12.6822
    7.5000    0.0000  -30.0000 2547.6038   12.7635
   -7.5000    7.5000  -30.0000 2559.1965   12.6736
    0.0000    7.5000  -30.0000 2582.2534   12.7075
    7.5000    7.5000  -30.0000 2557.3010   12.7899
   -7.5000   15.0000  -30.0000 2558.1560   12.8354
    0.0000   15.0000  -30.0000 2581.3135   12.8980
    7.5000   15.0000  -30.0000 2554.8213   12.9590
   -7.5000   22.5000  -30.0000 2552.7007   13.0679
    0.0000   22.5000  -30.0000 2580.5415   13.1478
    7.5000   22.5000  -30.0000 2547.6707   13.1891
   -7.5000   30.0000  -30.0000 2528.8569   13.5416
    0.0000   30.0000  -30.0000 2565.6138   13.6351
    7.5000   30.0000  -30.0000 2525.3809   13.6308
   -7.5000   37.5000  -30.0000 2481.2793   14.2182
    0.0000   37.5000  -30.0000 2516.0667   14.2720
    7.5000   37.5000  -30.0000 2485.8066   14.2787
   -7.5000   45.0000  -30.0000 2417.9062   15.1418
    0.0000   45.0000  -30.0000 2448.6912   15.1647
    7.5000   45.0000  -30.0000 2419.6580   15.2030
   -7.5000  -45.0000  -22.5000 2542.1626   12.9549
    0.0000  -45.0000  -22.5000 2543.7571   12.9092
    7.5000  -45.0000  -22.5000 2521.7646   13.1820
   -7.5000  -37.5000  -22.5000 2549.1008   12.7502
    0.0000  -37.5000  -22.5000 2554.8098   12.7281
    7.5000  -37.5000  -22.5000 2533.5891   12.9701
   -7.5000  -30.0000  -22.5000 2558.3938   12.5447
    0.0000  -30.0000  -22.5000 2568.1631   12.5180
    7.5000  -30.0000  -22.5000 2550.6074   12.7433
   -7.5000  -22.5000  -22.5000 2581.9131   12.3475
    0.0000  -22.5000  -22.5000 2599.4170   12.3227
    7.5000  -22.5000  -22.5000 2574.8967   12.5234
   -7.5000  -15.0000  -22.5000 2610.4497   12.1675
    0.0000  -15.0000  -22.5000 2629.0830   12.1556
    7.5000  -15.0000  -22.5000 2605.1230   12.3241
   -7.5000   -7.5000  -22.5000 2640.0757   12.0608
    0.0000   -7.5000  -22.5000 2658.9624   12.0642
    7.5000   -7.5000  -22.5000 2636.2637   12.1992
   -7.5000    0.0000  -22.5000 2658.1782   11.9967
    0.0000    0.0000  -22.5000 2677.8303   12.0026
    7.5000    0.0000  -22.5000 2656.6812   12.1188
   -7.5000    7.5000  -22.5000 2673.1321   12.0422
    0.0000    7.5000  -22.5000 2695.7502   12.0285
    7.5000    7.5000  -22.5000 2674.4688   12.1380
   -7.5000   15.0000  -22.5000 2679.6604   12.1804
    0.0000   15.0000  -22.5000 2707.6450   12.1961
    7.5000   15.0000  -22.5000 2681.2195   12.2962
   -7.5000   22.5000  -22.5000 2675.8643   12.4297
    0.0000   22.5000  -22.5000 2708.1497   12.4783
    7.5000   22.5000  -22.5000 2669.4573   12.5635
   -7.5000   30.0000  -22.5000 2651.8750   12.9149
    0.0000   30.0000  -22.5000 2690.6787   12.9614
    7.5000   30.0000  -22.5000 2646.1733   13.0175
   -7.5000   37.5000  -22.5000 2603.0720   13.5640
    0.0000   37.5000  -22.5000 2636.9705   13.6302
    7.5000   37.5000  -22.5000 2599.3542   13.6538
   -7.5000   45.0000  -22.5000 2527.4233   14.4364
    0.0000   45.0000  -22.5000 2557.3684   14.4736
    7.5000   45.0000  -22.5000 2524.9189   14.5338
   -7.5000  -45.0000  -15.0000 2617.6040   12.3278
    0.0000  -45.0000  -15.0000 2620.2598   12.2686
    7.5000  -45.0000  -15.0000 2595.0105   12.5494
   -7.5000  -37.5000  -15.0000 2626.3838   12.1226
    0.0000  -37.5000  -15.0000 2631.7729   12.0752
    7.5000  -37.5000  -15.0000 2608.3284   12.3466
   -7.5000  -30.0000  -15.0000 2639.6899   11.8958
    0.0000  -30.0000  -15.0000 2648.1736   11.8521
    7.5000  -30.0000  -15.0000 2626.1921   12.0978
   -7.5000  -22.5000  -15.0000 2662.0630   11.6960
    0.0000  -22.5000  -15.0000 2677.7678   11.6506
    7.5000  -22.5000  -15.0000 2648.9417   11.8719
   -7.5000  -15.0000  -15.0000 2683.0659   11.5322
    0.0000  -15.0000  -15.0000 2700.7717   11.5074
    7.5000  -15.0000  -15.0000 2675.9829   11.6959
   -7.5000   -7.5000  -15.0000 2707.3655   11.4487
    0.0000   -7.5000  -15.0000 2728.5552   11.4069
    7.5000   -7.5000  -15.0000 2704.1187   11.5775
   -7.5000    0.0000  -15.0000 2732.6738   11.3884
    0.0000    0.0000  -15.0000 2752.2788   11.3417
    7.5000    0.0000  -15.0000 2730.6250   11.5281
   -7.5000    7.5000  -15.0000 2757.9524   11.4364
    0.0000    7.5000  -15.0000 2781.1064   11.4020
    7.5000    7.5000  -15.0000 2754.3499   11.5753
   -7.5000   15.0000  -15.0000 2777.3132   11.6066
    0.0000   15.0000  -15.0000 2806.6753   11.5930
    7.5000   15.0000  -15.0000 2771.9512   11.7418
   -7.5000   22.5000  -15.0000 2780.3992   11.8715
    0.0000   22.5000  -15.0000 2812.3655   11.8786
    7.5000   22.5000  -15.0000 2767.0503   12.0384
   -7.5000   30.0000  -15.0000 2751.8672   12.3592
    0.0000   30.0000  -15.0000 2788.5173   12.3582
    7.5000   30.0000  -15.0000 2741.7527   12.5025
   -7.5000   37.5000  -15.0000 2692.8755   12.9750
    0.0000   37.5000  -15.0000 2726.1685   12.9691
    7.5000   37.5000  -15.0000 2682.0464   13.1082
   -7.5000   45.0000  -15.0000 2604.1055   13.7960
    0.0000   45.0000  -15.0000 2627.5718   13.7688
    7.5000   45.0000  -15.0000 2595.7209   13.8893
   -7.5000  -45.0000   -7.5000 2679.7668   11.7969
    0.0000  -45.0000   -7.5000 2684.9502   11.7349
    7.5000  -45.0000   -7.5000 2655.5051   12.0576
   -7.5000  -37.5000   -7.5000 2691.4944   11.6134
    0.0000  -37.5000   -7.5000 2698.7556   11.5574
    7.5000  -37.5000   -7.5000 2674.1860   11.8797
   -7.5000  -30.0000   -7.5000 2698.8164   11.3955
    0.0000  -30.0000   -7.5000 2709.8569   11.3585
    7.5000  -30.0000   -7.5000 2685.0088   11.6573
   -7.5000  -22.5000   -7.5000 2711.5151   11.1845
    0.0000  -22.5000   -7.5000 2724.7332   11.1305
    7.5000  -22.5000   -7.5000 2695.6882   11.4334
   -7.5000  -15.0000   -7.5000 2730.0601   11.0395
    0.0000  -15.0000   -7.5000 2743.6121   10.9734
    7.5000  -15.0000   -7.5000 2716.7529   11.2461
   -7.5000   -7.5000   -7.5000 2756.2690   10.9328
    0.0000   -7.5000   -7.5000 2776.4578   10.8576
    7.5000   -7.5000   -7.5000 2747.0481   11.1101
   -7.5000    0.0000   -7.5000 2784.9211   10.8857
    0.0000    0.0000   -7.5000 2810.7959   10.8074
    7.5000    0.0000   -7.5000 2780.3706   11.0641
   -7.5000    7.5000   -7.5000 2817.2417   10.9910
    0.0000    7.5000   -7.5000 2845.9932   10.9162
    7.5000    7.5000   -7.5000 2811.9697   11.1551
   -7.5000   15.0000   -7.5000 2842.4744   11.1933
    0.0000   15.0000   -7.5000 2880.3938   11.1365
    7.5000   15.0000   -7.5000 2836.6511   11.3514
   -7.5000   22.5000   -7.5000 2859.0510   11.3848
    0.0000   22.5000   -7.5000 2894.7026   11.2794
    7.5000   22.5000   -7.5000 2839.7634   11.5763
   -7.5000   30.0000   -7.5000 2827.3301   11.8449
    0.0000   30.0000   -7.5000 2857.5569   11.6951
    7.5000   30.0000   -7.5000 2813.2268   12.0119
   -7.5000   37.5000   -7.5000 2754.4436   12.5063
    0.0000   37.5000   -7.5000 2784.1921   12.3658
    7.5000   37.5000   -7.5000 2745.6313   12.6391
   -7.5000   45.0000   -7.5000 2646.3762   13.3004
    0.0000   45.0000   -7.5000 2668.7166   13.2246
    7.5000   45.0000   -7.5000 2641.6394   13.4096
   -7.5000  -45.0000    0.0000 2715.7820   11.4597
    0.0000  -45.0000    0.0000 2717.6416   11.4103
    7.5000  -45.0000    0.0000 2686.5305   11.7254
   -7.5000  -37.5000    0.0000 2728.0894   11.3015
    0.0000  -37.5000    0.0000 2739.4041   11.2410
    7.5000  -37.5000    0.0000 2711.2410   11.5508
   -7.5000  -30.0000    0.0000 2736.1489   11.1021
    0.0000  -30.0000    0.0000 2751.2214   11.0394
    7.5000  -30.0000    0.0000 2722.0525   11.3448
   -7.5000  -22.5000    0.0000 2748.1292   10.9079
    0.0000  -22.5000    0.0000 2767.4153   10.8345
    7.5000  -22.5000    0.0000 2732.8906   11.1452
   -7.5000  -15.0000    0.0000 2760.9434   10.7724
    0.0000  -15.0000    0.0000 2781.0508   10.6667
    7.5000  -15.0000    0.0000 2750.3513   10.9747
   -7.5000   -7.5000    0.0000 2783.5400   10.6655
    0.0000   -7.5000    0.0000 2805.4475   10.5412
    7.5000   -7.5000    0.0000 2775.3984   10.8484
   -7.5000    0.0000    0.0000 2808.4800   10.6289
    0.0000    0.0000    0.0000 2833.0498   10.5066
    7.5000    0.0000    0.0000 2804.1045   10.8096
   -7.5000    7.5000    0.0000 2842.5640   10.7704
    0.0000    7.5000    0.0000 2867.0159   10.6561
    7.5000    7.5000    0.0000 2837.2712   10.9333
   -7.5000   15.0000    0.0000 2864.9326   11.0278
    0.0000   15.0000    0.0000 2901.7537   10.9186
    7.5000   15.0000    0.0000 2866.3984   11.1845
   -7.5000   22.5000    0.0000 2879.0798   11.1974
    0.0000   22.5000    0.0000 2916.3733   10.9488
    7.5000   22.5000    0.0000 2874.7739   11.4359
   -7.5000   30.0000    0.0000 2861.9470   11.6505
    0.0000   30.0000    0.0000 2888.9832   11.4039
    7.5000   30.0000    0.0000 2853.1553   11.8663
   -7.5000   37.5000    0.0000 2780.5691   12.3451
    0.0000   37.5000    0.0000 2812.4050   12.1650
    7.5000   37.5000    0.0000 2781.8291   12.5061
   -7.5000   45.0000    0.0000 2662.8188   13.1894
    0.0000   45.0000    0.0000 2689.7825   13.0344
    7.5000   45.0000    0.0000 2667.3191   13.3090
   -7.5000  -45.0000    7.5000 2727.4783   11.3842
    0.0000  -45.0000    7.5000 2726.8296   11.3123
    7.5000  -45.0000    7.5000 2702.6707   11.5997
   -7.5000  -37.5000    7.5000 2745.7539   11.1891
    0.0000  -37.5000    7.5000 2751.3350   11.1092
    7.5000  -37.5000    7.5000 2725.1877   11.4205
   -7.5000  -30.0000    7.5000 2754.7808   10.9781
    0.0000  -30.0000    7.5000 2764.8855   10.8799
    7.5000  -30.0000    7.5000 2737.1306   11.1896
   -7.5000  -22.5000    7.5000 2766.4392   10.7736
    0.0000  -22.5000    7.5000 2782.8076   10.6731
    7.5000  -22.5000    7.5000 2750.5872   10.9774
   -7.5000  -15.0000    7.5000 2772.5964   10.6491
    0.0000  -15.0000    7.5000 2793.4668   10.5218
    7.5000  -15.0000    7.5000 2762.1082   10.8178
   -7.5000   -7.5000    7.5000 2790.0132   10.5727
    0.0000   -7.5000    7.5000 2812.7708   10.4427
    7.5000   -7.5000    7.5000 2786.0198   10.7605
   -7.5000    0.0000    7.5000 2811.4500   10.6034
    0.0000    0.0000    7.5000 2835.5227   10.4561
    7.5000    0.0000    7.5000 2809.1389   10.7854
   -7.5000    7.5000    7.5000 2840.5894   10.8055
    0.0000    7.5000    7.5000 2864.9673   10.6641
    7.5000    7.5000    7.5000 2843.9407   10.9852
   -7.5000   15.0000    7.5000 2864.7002   11.1013
    0.0000   15.0000    7.5000 2900.2500   10.9108
    7.5000   15.0000    7.5000 2872.8562   11.2645
   -7.5000   22.5000    7.5000 2876.4849   11.4563
    0.0000   22.5000    7.5000 2901.8691   11.1715
    7.5000   22.5000    7.5000 2879.8911   11.6185
   -7.5000   30.0000    7.5000 2852.3818   11.8940
    0.0000   30.0000    7.5000 2877.7188   11.6172
    7.5000   30.0000    7.5000 2850.6091   12.0501
   -7.5000   37.5000    7.5000 2783.1885   12.5286
    0.0000   37.5000    7.5000 2810.0127   12.2798
    7.5000   37.5000    7.5000 2778.5146   12.6491
   -7.5000   45.0000    7.5000 2662.2383   13.3350
    0.0000   45.0000    7.5000 2690.6055   13.1095
    7.5000   45.0000    7.5000 2667.9502   13.3904
   -7.5000  -45.0000   15.0000 2710.2966   11.4516
    0.0000  -45.0000   15.0000 2710.5449   11.3755
    7.5000  -45.0000   15.0000 2685.1650   11.6123
   -7.5000  -37.5000   15.0000 2725.0750   11.2438
    0.0000  -37.5000   15.0000 2730.5903   11.1650
    7.5000  -37.5000   15.0000 2705.0305   11.4427
   -7.5000  -30.0000   15.0000 2736.7114   11.0374
    0.0000  -30.0000   15.0000 2746.9304   10.9438
    7.5000  -30.0000   15.0000 2721.8853   11.2459
   -7.5000  -22.5000   15.0000 2750.8762   10.8480
    0.0000  -22.5000   15.0000 2765.4060   10.7624
    7.5000  -22.5000   15.0000 2736.1919   11.0607
   -7.5000  -15.0000   15.0000 2763.9182   10.7329
    0.0000  -15.0000   15.0000 2780.9011   10.6019
    7.5000  -15.0000   15.0000 2753.4534   10.9351
   -7.5000   -7.5000   15.0000 2782.1362   10.7089
    0.0000   -7.5000   15.0000 2797.6785   10.5605
    7.5000   -7.5000   15.0000 2778.4885   10.9189
   -7.5000    0.0000   15.0000 2801.9319   10.8249
    0.0000    0.0000   15.0000 2820.3494   10.6766
    7.5000    0.0000   15.0000 2800.3931   11.0104
   -7.5000    7.5000   15.0000 2823.4060   11.0592
    0.0000    7.5000   15.0000 2842.4053   10.9361
    7.5000    7.5000   15.0000 2825.1836   11.2183
   -7.5000   15.0000   15.0000 2837.0771   11.3621
    0.0000   15.0000   15.0000 2864.3093   11.1918
    7.5000   15.0000   15.0000 2836.0085   11.5138
   -7.5000   22.5000   15.0000 2833.0378   11.7589
    0.0000   22.5000   15.0000 2856.1433   11.6564
    7.5000   22.5000   15.0000 2832.1775   11.8813
   -7.5000   30.0000   15.0000 2794.2427   12.3274
    0.0000   30.0000   15.0000 2827.2458   12.2487
    7.5000   30.0000   15.0000 2793.8145   12.3787
   -7.5000   37.5000   15.0000 2725.6697   12.9214
    0.0000   37.5000   15.0000 2756.9138   12.8165
    7.5000   37.5000   15.0000 2723.5554   12.9546
   -7.5000   45.0000   15.0000 2620.6079   13.6470
    0.0000   45.0000   15.0000 2651.1213   13.4921
    7.5000   45.0000   15.0000 2622.1165   13.6645
   -7.5000  -45.0000   22.5000 2672.0461   11.7134
    0.0000  -45.0000   22.5000 2668.4009   11.6220
    7.5000  -45.0000   22.5000 2650.3181   11.8776
   -7.5000  -37.5000   22.5000 2684.5308   11.5279
    0.0000  -37.5000   22.5000 2683.8948   11.3976
    7.5000  -37.5000   22.5000 2670.8594   11.7140
   -7.5000  -30.0000   22.5000 2702.6821   11.3555
    0.0000  -30.0000   22.5000 2706.0623   11.2263
    7.5000  -30.0000   22.5000 2693.1628   11.5431
   -7.5000  -22.5000   22.5000 2717.5251   11.1944
    0.0000  -22.5000   22.5000 2729.5850   11.0886
    7.5000  -22.5000   22.5000 2713.2988   11.4016
   -7.5000  -15.0000   22.5000 2736.7769   11.0954
    0.0000  -15.0000   22.5000 2754.7500   11.0205
    7.5000  -15.0000   22.5000 2731.1184   11.3205
   -7.5000   -7.5000   22.5000 2760.3269   11.1206
    0.0000   -7.5000   22.5000 2782.1287   11.0620
    7.5000   -7.5000   22.5000 2752.7390   11.3350
   -7.5000    0.0000   22.5000 2772.4375   11.2458
    0.0000    0.0000   22.5000 2798.9097   11.2257
    7.5000    0.0000   22.5000 2766.9050   11.4454
   -7.5000    7.5000   22.5000 2783.4387   11.4832
    0.0000    7.5000   22.5000 2813.1748   11.4402
    7.5000    7.5000   22.5000 2780.6350   11.6453
   -7.5000   15.0000   22.5000 2779.2290   11.7727
    0.0000   15.0000   22.5000 2809.6829   11.6968
    7.5000   15.0000   22.5000 2774.6965   11.9168
   -7.5000   22.5000   22.5000 2763.5073   12.1701
    0.0000   22.5000   22.5000 2789.1719   12.1040
    7.5000   22.5000   22.5000 2760.5837   12.2802
   -7.5000   30.0000   22.5000 2715.9026   12.6842
    0.0000   30.0000   22.5000 2751.0200   12.6237
    7.5000   30.0000   22.5000 2714.2012   12.7483
   -7.5000   37.5000   22.5000 2649.5815   13.3375
    0.0000   37.5000   22.5000 2681.6296   13.2887
    7.5000   37.5000   22.5000 2651.1658   13.3923
   -7.5000   45.0000   22.5000 2553.6182   14.1563
    0.0000   45.0000   22.5000 2581.1667   14.0943
    7.5000   45.0000   22.5000 2551.6221   14.1939
   -7.5000  -45.0000   30.0000 2619.8679   12.2345
    0.0000  -45.0000   30.0000 2619.0356   12.1156
    7.5000  -45.0000   30.0000 2603.8320   12.4115
   -7.5000  -37.5000   30.0000 2637.9114   12.0698
    0.0000  -37.5000   30.0000 2633.5576   11.9596
    7.5000  -37.5000   30.0000 2623.5569   12.2403
   -7.5000  -30.0000   30.0000 2656.7378   11.9246
    0.0000  -30.0000   30.0000 2655.0391   11.8422
    7.5000  -30.0000   30.0000 2642.4275   12.1035
   -7.5000  -22.5000   30.0000 2671.6953   11.8124
    0.0000  -22.5000   30.0000 2679.5120   11.7639
    7.5000  -22.5000   30.0000 2659.7878   11.9988
   -7.5000  -15.0000   30.0000 2685.1216   11.7229
    0.0000  -15.0000   30.0000 2704.7107   11.6974
    7.5000  -15.0000   30.0000 2676.5645   11.9178
   -7.5000   -7.5000   30.0000 2705.1985   11.7289
    0.0000   -7.5000   30.0000 2731.1907   11.6882
    7.5000   -7.5000   30.0000 2697.5479   11.8971
   -7.5000    0.0000   30.0000 2716.3130   11.8308
    0.0000    0.0000   30.0000 2745.1812   11.7884
    7.5000    0.0000   30.0000 2711.1021   11.9831
   -7.5000    7.5000   30.0000 2719.1477   12.0460
    0.0000    7.5000   30.0000 2751.3608   11.9697
    7.5000    7.5000   30.0000 2719.7988   12.1771
   -7.5000   15.0000   30.0000 2710.7905   12.3503
    0.0000   15.0000   30.0000 2738.7004   12.2717
    7.5000   15.0000   30.0000 2706.5391   12.4643
   -7.5000   22.5000   30.0000 2688.4080   12.7995
    0.0000   22.5000   30.0000 2715.4104   12.7096
    7.5000   22.5000   30.0000 2684.4390   12.8856
   -7.5000   30.0000   30.0000 2633.9407   13.3153
    0.0000   30.0000   30.0000 2666.3940   13.2187
    7.5000   30.0000   30.0000 2634.7935   13.3530
   -7.5000   37.5000   30.0000 2572.3716   13.9728
    0.0000   37.5000   30.0000 2594.7712   13.8574
    7.5000   37.5000   30.0000 2574.4490   14.0289
   -7.5000   45.0000   30.0000 2484.7827   14.7757
    0.0000   45.0000   30.0000 2511.2451   14.6710
    7.5000   45.0000   30.0000 2486.2571   14.8341
   -7.5000  -45.0000   37.5000 2560.6318   13.0116
    0.0000  -45.0000   37.5000 2560.6072   12.9344
    7.5000  -45.0000   37.5000 2542.1143   13.1939
   -7.5000  -37.5000   37.5000 2579.4507   12.8306
    0.0000  -37.5000   37.5000 2579.8904   12.7520
    7.5000  -37.5000   37.5000 2559.0090   13.0109
   -7.5000  -30.0000   37.5000 2596.4824   12.6768
    0.0000  -30.0000   37.5000 2602.7896   12.6247
    7.5000  -30.0000   37.5000 2580.0791   12.8704
   -7.5000  -22.5000   37.5000 2612.5542   12.5610
    0.0000  -22.5000   37.5000 2621.6897   12.5125
    7.5000  -22.5000   37.5000 2597.9031   12.7448
   -7.5000  -15.0000   37.5000 2625.9646   12.4762
    0.0000  -15.0000   37.5000 2646.0386   12.4367
    7.5000  -15.0000   37.5000 2617.8979   12.6357
   -7.5000   -7.5000   37.5000 2638.0369   12.4544
    0.0000   -7.5000   37.5000 2662.5242   12.4191
    7.5000   -7.5000   37.5000 2633.8127   12.6003
   -7.5000    0.0000   37.5000 2644.7021   12.5613
    0.0000    0.0000   37.5000 2669.9180   12.4974
    7.5000    0.0000   37.5000 2642.4797   12.6784
   -7.5000    7.5000   37.5000 2640.6204   12.7745
    0.0000    7.5000   37.5000 2667.8066   12.7076
    7.5000    7.5000   37.5000 2642.9463   12.9052
   -7.5000   15.0000   37.5000 2628.4851   13.1057
    0.0000   15.0000   37.5000 2649.5369   13.0643
    7.5000   15.0000   37.5000 2626.3982   13.2369
   -7.5000   22.5000   37.5000 2596.8987   13.6355
    0.0000   22.5000   37.5000 2615.4785   13.5412
    7.5000   22.5000   37.5000 2593.9097   13.7212
   -7.5000   30.0000   37.5000 2542.7996   14.1916
    0.0000   30.0000   37.5000 2565.4341   14.1002
    7.5000   30.0000   37.5000 2547.2493   14.2639
   -7.5000   37.5000   37.5000 2486.5393   14.8757
    0.0000   37.5000   37.5000 2505.5103   14.7634
    7.5000   37.5000   37.5000 2485.7891   14.9444
   -7.5000   45.0000   37.5000 2409.2686   15.6870
    0.0000   45.0000   37.5000 2437.5652   15.5906
    7.5000   45.0000   37.5000 2407.4985   15.7584
   -7.5000  -45.0000   45.0000 2492.1936   13.9359
    0.0000  -45.0000   45.0000 2489.9419   13.8580
    7.5000  -45.0000   45.0000 2477.3091   14.1021
   -7.5000  -37.5000   45.0000 2504.4045   13.7192
    0.0000  -37.5000   45.0000 2505.6382   13.6319
    7.5000  -37.5000   45.0000 2489.8511   13.8746
   -7.5000  -30.0000   45.0000 2520.3779   13.5575
    0.0000  -30.0000   45.0000 2524.4465   13.4676
    7.5000  -30.0000   45.0000 2509.7837   13.7379
   -7.5000  -22.5000   45.0000 2535.8777   13.4540
    0.0000  -22.5000   45.0000 2547.3547   13.3930
    7.5000  -22.5000   45.0000 2526.7793   13.6373
   -7.5000  -15.0000   45.0000 2549.2148   13.3808
    0.0000  -15.0000   45.0000 2567.4033   13.3318
    7.5000  -15.0000   45.0000 2544.2979   13.5430
   -7.5000   -7.5000   45.0000 2560.9688   13.3889
    0.0000   -7.5000   45.0000 2580.9277   13.2974
    7.5000   -7.5000   45.0000 2559.6089   13.4992
   -7.5000    0.0000   45.0000 2560.8687   13.4706
    0.0000    0.0000   45.0000 2582.2961   13.3744
    7.5000    0.0000   45.0000 2563.4614   13.5692
   -7.5000    7.5000   45.0000 2553.2959   13.7112
    0.0000    7.5000   45.0000 2571.5242   13.6368
    7.5000    7.5000   45.0000 2556.8184   13.8180
   -7.5000   15.0000   45.0000 2534.2771   14.0865
    0.0000   15.0000   45.0000 2547.0859   14.0182
    7.5000   15.0000   45.0000 2537.3816   14.2079
   -7.5000   22.5000   45.0000 2494.2891   14.6562
    0.0000   22.5000   45.0000 2510.5432   14.5535
    7.5000   22.5000   45.0000 2495.6731   14.7657
   -7.5000   30.0000   45.0000 2443.0911   15.2723
    0.0000   30.0000   45.0000 2460.1484   15.1822
    7.5000   30.0000   45.0000 2447.5137   15.3448
   -7.5000   37.5000   45.0000 2390.7607   16.0160
    0.0000   37.5000   45.0000 2408.6074   15.9184
    7.5000   37.5000   45.0000 2392.6062   16.0827
   -7.5000   45.0000   45.0000 2322.9888   16.9147
    0.0000   45.0000   45.0000 2345.1389   16.7817
    7.5000   45.0000   45.0000 2322.1509   16.9619

---------------------------------------------------------------------
imgreg_4dfp /opt/freesurfer/average/711-2C_as_mni_average_305 /opt/freesurfer/average/711-2B_as_mni_average_305_mask talsrcimg_g11 none talsrcimg_to_711-2C_as_mni_average_305_t4 1283
---------------------------------------------------------------------

freesurfer imgreg_4dfp.c
/opt/freesurfer/average/711-2C_as_mni_average_305.4dfp.img
       256       256       256         1
  1.000000  1.000000  1.000000
orientation T byte_order littleendian
Reading image: /opt/freesurfer/average/711-2C_as_mni_average_305.4dfp.img
dimensions:      256       256       256
mmppix:       1.0000   -1.0000   -1.0000
center:     128.0000 -129.0000 -129.0000
/opt/freesurfer/average/711-2B_as_mni_average_305_mask.4dfp.img
       256       256       256         1
  1.000000  1.000000  1.000000
orientation T byte_order littleendian
Reading mask: /opt/freesurfer/average/711-2B_as_mni_average_305_mask.4dfp.img (2306576 pixels)
talsrcimg_g11.4dfp.img
       256       256       256         1
  1.000000  1.000000  1.000000
orientation T byte_order littleendian
Reading image: talsrcimg_g11.4dfp.img
dimensions:      256       256       256
mmppix:       1.0000   -1.0000   -1.0000
center:     128.0000 -129.0000 -129.0000
rotation matrix determinant  1.000000
fimgreg.f
image alignment mode   1283 decimal      503 hex
parameters
    0.0000   22.5000    0.0000    0.0000    0.0000    0.0000
eta,q 0.91481 10.90262
niter,ni,del,rscale     5    3   12.0000    1.2000
parameter  2  0.639968 ->  0.500000 qaram    1.1500
parameter  4 -2.343575 -> -0.500000 qaram    1.1500
parameters
   -0.3398   19.0500   -0.5531    3.4500    0.0803   -2.0355
eta,q 0.91785 10.99291
  0.0902  0.0852  0.0895  0.0873  0.0873  0.0839
  0.0875  0.0839  0.0874  0.0858  0.0856  0.0825
  0.0874  0.0843  0.0859  0.0846  0.0841  0.0822
  0.0868  0.0862  0.0840  0.0838  0.0827  0.0827
  0.0872  0.0886  0.0860  0.0834  0.0826  0.0841
  0.0890  0.0922  0.0894  0.0824  0.0847  0.0852
  0.0906  0.0956  0.0914  0.0816  0.0880  0.0865
niter,ni,del,rscale     6    3   12.0000    1.2000
parameters
   -0.6255   18.4147   -0.1469    5.2118    0.1483   -1.5571
eta,q 0.91895 10.98862
  0.0898  0.0899  0.0909  0.0850  0.0874  0.0869
  0.0852  0.0862  0.0868  0.0833  0.0853  0.0837
  0.0828  0.0828  0.0842  0.0829  0.0829  0.0816
  0.0822  0.0820  0.0818  0.0818  0.0810  0.0810
  0.0853  0.0839  0.0835  0.0809  0.0817  0.0816
  0.0880  0.0883  0.0866  0.0812  0.0846  0.0833
  0.0889  0.0936  0.0883  0.0832  0.0878  0.0848
niter,ni,del,rscale     5    3   12.0000    1.2000
parameters
   -0.6153   18.0598    0.1073    4.7337    0.3328   -1.4929
eta,q 0.91878 10.98186
  0.0901  0.0898  0.0921  0.0837  0.0879  0.0864
  0.0850  0.0865  0.0875  0.0831  0.0859  0.0833
  0.0824  0.0824  0.0833  0.0823  0.0835  0.0815
  0.0811  0.0811  0.0810  0.0811  0.0813  0.0812
  0.0837  0.0824  0.0841  0.0811  0.0818  0.0823
  0.0872  0.0868  0.0878  0.0828  0.0847  0.0840
  0.0881  0.0929  0.0894  0.0857  0.0880  0.0854
niter,ni,del,rscale     4    3   12.0000    1.2000
parameters
   -0.6345   18.0131    0.0938    4.7166    0.3952   -1.4824
eta,q 0.91880 10.98059
  0.0904  0.0905  0.0908  0.0841  0.0878  0.0863
  0.0855  0.0871  0.0867  0.0831  0.0857  0.0832
  0.0826  0.0832  0.0828  0.0824  0.0833  0.0815
  0.0812  0.0812  0.0812  0.0812  0.0812  0.0812
  0.0841  0.0823  0.0846  0.0809  0.0820  0.0823
  0.0876  0.0859  0.0879  0.0825  0.0850  0.0840
  0.0886  0.0920  0.0895  0.0850  0.0883  0.0854
niter,ni,del,rscale     3    3   12.0000    1.2000
parameters
   -0.6567   18.0177    0.0894    4.6825    0.4398   -1.4975
eta,q 0.91882 10.97951
  0.0904  0.0906  0.0909  0.0841  0.0878  0.0863
  0.0855  0.0872  0.0867  0.0830  0.0857  0.0832
  0.0826  0.0833  0.0828  0.0824  0.0832  0.0814
  0.0812  0.0812  0.0812  0.0812  0.0812  0.0812
  0.0842  0.0822  0.0845  0.0809  0.0820  0.0823
  0.0877  0.0858  0.0879  0.0825  0.0850  0.0840
  0.0886  0.0918  0.0895  0.0850  0.0883  0.0855
registration optimization eta report
parameter search radius
    6.0000    6.9000    6.0000    6.9000    6.0000    6.0000
100000*second partial in parameter space
       21.       20.       22.        7.       18.       13.
  0.0904  0.0906  0.0909  0.0841  0.0878  0.0863
  0.0855  0.0872  0.0867  0.0830  0.0857  0.0832
  0.0826  0.0833  0.0828  0.0824  0.0832  0.0814
  0.0812  0.0812  0.0812  0.0812  0.0812  0.0812
  0.0842  0.0822  0.0845  0.0809  0.0820  0.0823
  0.0877  0.0858  0.0879  0.0825  0.0850  0.0840
  0.0886  0.0918  0.0895  0.0850  0.0883  0.0855
   -0.6567   18.0177    0.0894    4.6825    0.4398   -1.4975
eta,q 0.91882 10.97951

---------------------------------------------------------------------
imgreg_4dfp /opt/freesurfer/average/711-2C_as_mni_average_305 /opt/freesurfer/average/711-2B_as_mni_average_305_mask talsrcimg_g11 none talsrcimg_to_711-2C_as_mni_average_305_t4 3335
---------------------------------------------------------------------

freesurfer imgreg_4dfp.c
/opt/freesurfer/average/711-2C_as_mni_average_305.4dfp.img
       256       256       256         1
  1.000000  1.000000  1.000000
orientation T byte_order littleendian
Reading image: /opt/freesurfer/average/711-2C_as_mni_average_305.4dfp.img
dimensions:      256       256       256
mmppix:       1.0000   -1.0000   -1.0000
center:     128.0000 -129.0000 -129.0000
/opt/freesurfer/average/711-2B_as_mni_average_305_mask.4dfp.img
       256       256       256         1
  1.000000  1.000000  1.000000
orientation T byte_order littleendian
Reading mask: /opt/freesurfer/average/711-2B_as_mni_average_305_mask.4dfp.img (2306576 pixels)
talsrcimg_g11.4dfp.img
       256       256       256         1
  1.000000  1.000000  1.000000
orientation T byte_order littleendian
Reading image: talsrcimg_g11.4dfp.img
dimensions:      256       256       256
mmppix:       1.0000   -1.0000   -1.0000
center:     128.0000 -129.0000 -129.0000
fimgreg.f
image alignment mode   3335 decimal      D07 hex
parameters
   -0.6567   18.0177    0.0894   -0.0371   -0.3662   -0.3367
    2.5419   -0.9782   -2.6132   -8.1406    0.7677    8.1632
eta,q 0.91618 10.92816
niter,ni,del,rscale     5    3    5.0000    1.2000
parameter  4  4.549457 ->  0.500000 qaram    1.1500
parameter  5  1.692540 ->  0.500000 qaram    1.1500
parameter  6  4.453861 ->  0.500000 qaram    1.1500
parameter  8  2.959077 ->  0.500000 qaram    1.1500
parameter 10  0.638984 ->  0.500000 qaram    1.1500
parameter 11  5.722354 ->  0.500000 qaram    1.1500
parameter 12  1.606616 ->  0.500000 qaram    1.1500
parameters
   -1.0648   18.6903    0.5117   -4.1771   -4.5062   -4.4767
    1.8436   -5.1182   -2.0645  -12.2806   -3.3723    4.0232
eta,q 0.93259 10.64390
  0.0848  0.0855  0.0847  0.0765  0.0751  0.0662  0.0720  0.0697  0.0710  0.0697  0.0682  0.0669
  0.0841  0.0847  0.0841  0.0788  0.0762  0.0700  0.0713  0.0699  0.0705  0.0695  0.0684  0.0673
  0.0838  0.0841  0.0837  0.0814  0.0776  0.0730  0.0710  0.0703  0.0701  0.0696  0.0689  0.0678
  0.0838  0.0837  0.0836  0.0836  0.0796  0.0765  0.0708  0.0708  0.0700  0.0700  0.0695  0.0685
  0.0842  0.0836  0.0837  0.0862  0.0822  0.0801  0.0711  0.0713  0.0701  0.0707  0.0700  0.0694
  0.0849  0.0838  0.0838  0.0894  0.0851  0.0847  0.0717  0.0718  0.0703  0.0716  0.0704  0.0704
  0.0858  0.0843  0.0841  0.0926  0.0881  0.0893  0.0725  0.0723  0.0707  0.0727  0.0710  0.0716
niter,ni,del,rscale     7    3    5.0000    1.2000
parameter  2 -1.324614 -> -0.500000 qaram    1.1500
parameter  3 -0.682686 -> -0.500000 qaram    1.1500
parameter  4  1.511869 ->  0.500000 qaram    1.3225
parameter  5  1.412184 ->  0.500000 qaram    1.3225
parameter  6  1.519022 ->  0.500000 qaram    1.3225
parameter  8 -1.264828 -> -0.500000 qaram    1.3225
parameters
   -0.1614   20.0703    1.8917   -8.9381   -9.2672   -9.2377
    4.0869   -0.3572    1.0765  -12.0079   -0.1877    2.0321
eta,q 0.95149 10.43498
  0.0704  0.0705  0.0686  0.0597  0.0570  0.0509  0.0549  0.0603  0.0512  0.0527  0.0532  0.0497
  0.0692  0.0692  0.0674  0.0607  0.0580  0.0525  0.0540  0.0575  0.0504  0.0507  0.0516  0.0489
  0.0682  0.0680  0.0664  0.0626  0.0593  0.0546  0.0534  0.0550  0.0498  0.0495  0.0502  0.0485
  0.0674  0.0670  0.0658  0.0654  0.0612  0.0584  0.0530  0.0528  0.0494  0.0491  0.0491  0.0486
  0.0670  0.0662  0.0655  0.0695  0.0638  0.0625  0.0528  0.0506  0.0492  0.0496  0.0487  0.0492
  0.0672  0.0657  0.0653  0.0736  0.0669  0.0675  0.0529  0.0491  0.0492  0.0506  0.0489  0.0502
  0.0680  0.0655  0.0653  0.0775  0.0702  0.0729  0.0535  0.0495  0.0496  0.0521  0.0499  0.0515
niter,ni,del,rscale     7    3    5.0000    1.2000
parameter  2 -1.516051 -> -0.500000 qaram    1.3225
parameter  4  0.522034 ->  0.500000 qaram    1.5209
parameter  5  0.574856 ->  0.500000 qaram    1.5209
parameter  6  0.534625 ->  0.500000 qaram    1.5209
parameter  7  0.572593 ->  0.500000 qaram    1.1500
parameter 10 -0.750088 -> -0.500000 qaram    1.3225
parameter 12 -0.716542 -> -0.500000 qaram    1.3225
parameters
   -0.7222   21.6573    1.4702  -14.4132  -14.7423  -14.7129
   -0.0531   -0.2157   -0.9968   -7.2469    0.3992    6.7931
eta,q 0.95949  9.84630
  0.0503  0.0541  0.0482  0.0465  0.0441  0.0435  0.0433  0.0476  0.0435  0.0495  0.0426  0.0447
  0.0488  0.0519  0.0467  0.0450  0.0439  0.0434  0.0429  0.0446  0.0429  0.0468  0.0419  0.0432
  0.0482  0.0500  0.0460  0.0443  0.0441  0.0433  0.0429  0.0433  0.0427  0.0444  0.0415  0.0421
  0.0485  0.0482  0.0460  0.0459  0.0447  0.0439  0.0434  0.0428  0.0428  0.0427  0.0413  0.0413
  0.0495  0.0468  0.0467  0.0504  0.0461  0.0476  0.0442  0.0433  0.0433  0.0416  0.0413  0.0407
  0.0510  0.0458  0.0481  0.0560  0.0487  0.0535  0.0452  0.0446  0.0441  0.0412  0.0417  0.0405
  0.0530  0.0453  0.0499  0.0604  0.0518  0.0600  0.0462  0.0472  0.0450  0.0414  0.0423  0.0407
niter,ni,del,rscale     7    3    5.0000    1.2000
parameter  2 -1.262751 -> -0.500000 qaram    1.5209
parameter  3  0.842855 ->  0.500000 qaram    1.3225
parameters
   -0.3401   23.4823   -0.1168  -14.2638  -16.3858  -18.1635
    0.9361    0.3325   -1.2913   -3.4739   -0.0073    3.5759
eta,q 0.96371  9.61564
  0.0431  0.0484  0.0368  0.0421  0.0401  0.0388  0.0404  0.0424  0.0385  0.0433  0.0375  0.0371
  0.0419  0.0454  0.0367  0.0400  0.0381  0.0375  0.0388  0.0393  0.0377  0.0403  0.0369  0.0365
  0.0410  0.0427  0.0371  0.0381  0.0368  0.0371  0.0376  0.0375  0.0372  0.0382  0.0366  0.0363
  0.0405  0.0404  0.0378  0.0368  0.0368  0.0367  0.0371  0.0370  0.0371  0.0371  0.0365  0.0365
  0.0405  0.0387  0.0389  0.0363  0.0378  0.0375  0.0372  0.0375  0.0373  0.0366  0.0367  0.0372
  0.0410  0.0376  0.0402  0.0382  0.0399  0.0437  0.0379  0.0387  0.0379  0.0367  0.0371  0.0381
  0.0419  0.0371  0.0419  0.0434  0.0432  0.0511  0.0391  0.0411  0.0388  0.0377  0.0377  0.0395
niter,ni,del,rscale     7    3    5.0000    1.2000
parameter  2 -0.962453 -> -0.500000 qaram    1.7490
parameter  3  0.530446 ->  0.500000 qaram    1.5209
parameters
   -0.2019   25.5811   -1.9418  -13.8066  -17.3182  -20.2758
    0.8884    0.4305   -1.3662    0.8225    0.6145   -0.7273
eta,q 0.96871  9.49662
  0.0388  0.0463  0.0333  0.0378  0.0365  0.0356  0.0352  0.0380  0.0342  0.0398  0.0332  0.0321
  0.0375  0.0425  0.0330  0.0357  0.0344  0.0337  0.0338  0.0347  0.0333  0.0365  0.0324  0.0314
  0.0367  0.0391  0.0330  0.0341  0.0331  0.0326  0.0328  0.0329  0.0327  0.0340  0.0320  0.0313
  0.0363  0.0363  0.0334  0.0329  0.0328  0.0327  0.0325  0.0325  0.0325  0.0325  0.0318  0.0318
  0.0364  0.0343  0.0343  0.0322  0.0335  0.0325  0.0329  0.0332  0.0328  0.0319  0.0319  0.0327
  0.0371  0.0332  0.0357  0.0336  0.0351  0.0356  0.0339  0.0347  0.0334  0.0319  0.0322  0.0340
  0.0383  0.0332  0.0374  0.0385  0.0383  0.0428  0.0352  0.0375  0.0343  0.0329  0.0328  0.0355
niter,ni,del,rscale     7    3    5.0000    1.2000
parameter  2 -0.520521 -> -0.500000 qaram    2.0114
parameters
   -0.2479   27.9948   -2.6493  -14.1253  -18.9334  -20.4033
    0.6873    0.1961   -1.6542    3.8258    0.5181   -3.3692
eta,q 0.97147  9.43689
  0.0338  0.0432  0.0317  0.0334  0.0326  0.0345  0.0322  0.0349  0.0310  0.0374  0.0301  0.0300
  0.0324  0.0385  0.0302  0.0314  0.0305  0.0318  0.0305  0.0315  0.0300  0.0336  0.0294  0.0289
  0.0316  0.0344  0.0294  0.0301  0.0293  0.0298  0.0295  0.0296  0.0293  0.0307  0.0289  0.0285
  0.0313  0.0313  0.0294  0.0293  0.0294  0.0292  0.0292  0.0292  0.0292  0.0292  0.0288  0.0288
  0.0316  0.0296  0.0304  0.0288  0.0304  0.0294  0.0297  0.0301  0.0295  0.0288  0.0290  0.0297
  0.0325  0.0296  0.0321  0.0305  0.0321  0.0305  0.0308  0.0321  0.0302  0.0295  0.0294  0.0309
  0.0340  0.0313  0.0344  0.0354  0.0354  0.0359  0.0324  0.0353  0.0313  0.0310  0.0302  0.0325
niter,ni,del,rscale     7    3    5.0000    1.2000
parameters
   -0.2348   28.3283   -2.7756  -14.2706  -18.8157  -19.8991
    0.6462    0.2577   -1.6009    4.9459    0.3646   -3.7611
eta,q 0.97144  9.48057
  0.0314  0.0390  0.0319  0.0328  0.0333  0.0344  0.0319  0.0349  0.0308  0.0348  0.0299  0.0311
  0.0299  0.0340  0.0301  0.0307  0.0310  0.0315  0.0301  0.0312  0.0296  0.0314  0.0292  0.0297
  0.0289  0.0302  0.0289  0.0292  0.0292  0.0294  0.0289  0.0291  0.0288  0.0292  0.0287  0.0288
  0.0285  0.0285  0.0285  0.0285  0.0285  0.0285  0.0285  0.0285  0.0285  0.0285  0.0286  0.0286
  0.0288  0.0293  0.0290  0.0281  0.0291  0.0284  0.0290  0.0293  0.0288  0.0290  0.0287  0.0291
  0.0298  0.0323  0.0304  0.0296  0.0306  0.0293  0.0302  0.0313  0.0296  0.0302  0.0292  0.0301
  0.0314  0.0365  0.0324  0.0344  0.0334  0.0344  0.0318  0.0345  0.0307  0.0321  0.0301  0.0315
niter,ni,del,rscale     6    3    5.0000    1.2000
parameters
   -0.2544   28.4329   -2.8744  -14.3000  -18.7568  -19.9193
    0.6313    0.2840   -1.5807    5.2273    0.3386   -3.8695
eta,q 0.97140  9.48506
  0.0314  0.0382  0.0318  0.0330  0.0334  0.0339  0.0320  0.0348  0.0308  0.0337  0.0300  0.0313
  0.0299  0.0333  0.0301  0.0308  0.0311  0.0311  0.0301  0.0311  0.0296  0.0306  0.0292  0.0298
  0.0289  0.0298  0.0290  0.0293  0.0293  0.0292  0.0289  0.0291  0.0288  0.0289  0.0288  0.0289
  0.0286  0.0286  0.0286  0.0286  0.0286  0.0286  0.0286  0.0286  0.0286  0.0286  0.0286  0.0286
  0.0289  0.0297  0.0290  0.0281  0.0291  0.0282  0.0291  0.0293  0.0288  0.0292  0.0287  0.0290
  0.0299  0.0329  0.0303  0.0295  0.0307  0.0296  0.0302  0.0313  0.0296  0.0307  0.0292  0.0300
  0.0315  0.0373  0.0322  0.0344  0.0336  0.0353  0.0319  0.0345  0.0307  0.0328  0.0300  0.0314
niter,ni,del,rscale     5    3    5.0000    1.2000
parameters
   -0.2543   28.4733   -2.9200  -14.3131  -18.7508  -19.9516
    0.6208    0.2932   -1.5829    5.3126    0.3312   -3.9013
eta,q 0.97139  9.48399
  0.0315  0.0380  0.0319  0.0330  0.0334  0.0339  0.0320  0.0348  0.0308  0.0335  0.0300  0.0314
  0.0299  0.0331  0.0302  0.0309  0.0311  0.0312  0.0302  0.0311  0.0296  0.0305  0.0293  0.0299
  0.0289  0.0297  0.0290  0.0293  0.0293  0.0292  0.0290  0.0291  0.0288  0.0288  0.0288  0.0289
  0.0286  0.0286  0.0286  0.0286  0.0286  0.0286  0.0286  0.0286  0.0286  0.0286  0.0286  0.0286
  0.0289  0.0299  0.0290  0.0281  0.0291  0.0282  0.0291  0.0294  0.0289  0.0293  0.0288  0.0290
  0.0299  0.0331  0.0302  0.0295  0.0308  0.0296  0.0303  0.0313  0.0296  0.0308  0.0292  0.0299
  0.0315  0.0374  0.0321  0.0344  0.0336  0.0354  0.0319  0.0346  0.0307  0.0329  0.0300  0.0313
niter,ni,del,rscale     4    3    5.0000    1.2000
parameters
   -0.2555   28.4907   -2.9352  -14.3139  -18.7567  -19.9643
    0.6222    0.2944   -1.5909    5.3408    0.3356   -3.9177
eta,q 0.97139  9.48332
  0.0315  0.0379  0.0320  0.0331  0.0334  0.0339  0.0320  0.0348  0.0308  0.0335  0.0300  0.0314
  0.0299  0.0330  0.0302  0.0309  0.0311  0.0312  0.0302  0.0311  0.0296  0.0304  0.0293  0.0299
  0.0290  0.0297  0.0291  0.0294  0.0293  0.0293  0.0290  0.0291  0.0289  0.0288  0.0288  0.0289
  0.0286  0.0286  0.0286  0.0286  0.0286  0.0286  0.0286  0.0286  0.0286  0.0286  0.0286  0.0286
  0.0289  0.0299  0.0290  0.0281  0.0291  0.0282  0.0291  0.0294  0.0289  0.0293  0.0288  0.0290
  0.0299  0.0332  0.0302  0.0295  0.0308  0.0296  0.0303  0.0313  0.0296  0.0308  0.0292  0.0299
  0.0315  0.0375  0.0321  0.0344  0.0337  0.0353  0.0319  0.0346  0.0307  0.0329  0.0300  0.0313
registration optimization eta report
parameter search radius
    2.4000    4.8273    3.6501   10.9503   10.9503   10.9503
    8.2800    9.5220    7.2000    9.5220    8.2800    9.5220
100000*second partial in parameter space
       50.       38.       25.        4.        4.        5.
        5.        7.        4.        5.        2.        3.
  0.0315  0.0379  0.0320  0.0331  0.0334  0.0339  0.0320  0.0348  0.0308  0.0335  0.0300  0.0314
  0.0299  0.0330  0.0302  0.0309  0.0311  0.0312  0.0302  0.0311  0.0296  0.0304  0.0293  0.0299
  0.0290  0.0297  0.0291  0.0294  0.0293  0.0293  0.0290  0.0291  0.0289  0.0288  0.0288  0.0289
  0.0286  0.0286  0.0286  0.0286  0.0286  0.0286  0.0286  0.0286  0.0286  0.0286  0.0286  0.0286
  0.0289  0.0299  0.0290  0.0281  0.0291  0.0282  0.0291  0.0294  0.0289  0.0293  0.0288  0.0290
  0.0299  0.0332  0.0302  0.0295  0.0308  0.0296  0.0303  0.0313  0.0296  0.0308  0.0292  0.0299
  0.0315  0.0375  0.0321  0.0344  0.0337  0.0353  0.0319  0.0346  0.0307  0.0329  0.0300  0.0313
   -0.2555   28.4907   -2.9352  -14.3139  -18.7567  -19.9643
    0.6222    0.2944   -1.5909    5.3408    0.3356   -3.9177
eta,q 0.97139  9.48332

---------------------------------------------------------------------
imgreg_4dfp /opt/freesurfer/average/711-2C_as_mni_average_305 /opt/freesurfer/average/711-2B_as_mni_average_305_mask talsrcimg_g11 none talsrcimg_to_711-2C_as_mni_average_305_t4 2311
---------------------------------------------------------------------

freesurfer imgreg_4dfp.c
/opt/freesurfer/average/711-2C_as_mni_average_305.4dfp.img
       256       256       256         1
  1.000000  1.000000  1.000000
orientation T byte_order littleendian
Reading image: /opt/freesurfer/average/711-2C_as_mni_average_305.4dfp.img
dimensions:      256       256       256
mmppix:       1.0000   -1.0000   -1.0000
center:     128.0000 -129.0000 -129.0000
/opt/freesurfer/average/711-2B_as_mni_average_305_mask.4dfp.img
       256       256       256         1
  1.000000  1.000000  1.000000
orientation T byte_order littleendian
Reading mask: /opt/freesurfer/average/711-2B_as_mni_average_305_mask.4dfp.img (2306576 pixels)
talsrcimg_g11.4dfp.img
       256       256       256         1
  1.000000  1.000000  1.000000
orientation T byte_order littleendian
Reading image: talsrcimg_g11.4dfp.img
dimensions:      256       256       256
mmppix:       1.0000   -1.0000   -1.0000
center:     128.0000 -129.0000 -129.0000
fimgreg.f
image alignment mode   2311 decimal      907 hex
parameters
   -0.2555   28.4907   -2.9352  -14.3139  -18.7567  -19.9643
    0.6222    0.2944   -1.5909    5.3408    0.3356   -3.9177
eta,q 0.97139  9.48332
niter,ni,del,rscale     5    3    5.0000    0.8000
parameter  4 -0.975453 -> -0.500000 qaram    1.1500
parameter  6 -1.045978 -> -0.500000 qaram    1.1500
parameters
   -0.2366   28.4000   -2.8573  -11.5539  -18.3720  -17.2043
    1.2259    0.4551   -1.0913    5.8897    0.9445   -3.3348
eta,q 0.97243  9.84157
  0.0299  0.0297  0.0294  0.0298  0.0294  0.0296  0.0293  0.0303  0.0289  0.0293  0.0286  0.0287
  0.0292  0.0290  0.0290  0.0292  0.0287  0.0289  0.0285  0.0288  0.0283  0.0285  0.0281  0.0281
  0.0288  0.0287  0.0287  0.0289  0.0283  0.0284  0.0279  0.0279  0.0278  0.0279  0.0277  0.0278
  0.0286  0.0286  0.0286  0.0286  0.0282  0.0282  0.0277  0.0276  0.0276  0.0276  0.0276  0.0276
  0.0287  0.0288  0.0287  0.0283  0.0282  0.0279  0.0277  0.0279  0.0277  0.0276  0.0276  0.0276
  0.0292  0.0292  0.0289  0.0281  0.0285  0.0276  0.0280  0.0286  0.0280  0.0280  0.0278  0.0278
  0.0299  0.0299  0.0292  0.0282  0.0290  0.0276  0.0286  0.0300  0.0285  0.0287  0.0282  0.0283
niter,ni,del,rscale     6    3    5.0000    0.9000
parameters
   -0.2725   28.1638   -2.9150  -12.4921  -18.0751  -18.2118
    0.9557    0.2574   -1.3426    5.3787    1.1894   -3.1331
eta,q 0.97205  9.73933
  0.0297  0.0287  0.0286  0.0293  0.0295  0.0292  0.0294  0.0303  0.0292  0.0293  0.0287  0.0291
  0.0285  0.0280  0.0279  0.0286  0.0286  0.0286  0.0286  0.0289  0.0285  0.0285  0.0283  0.0285
  0.0278  0.0276  0.0276  0.0280  0.0279  0.0282  0.0281  0.0282  0.0281  0.0281  0.0281  0.0281
  0.0276  0.0276  0.0275  0.0275  0.0277  0.0277  0.0280  0.0280  0.0280  0.0280  0.0280  0.0280
  0.0278  0.0279  0.0277  0.0277  0.0278  0.0276  0.0282  0.0283  0.0282  0.0282  0.0280  0.0281
  0.0286  0.0286  0.0281  0.0291  0.0283  0.0290  0.0288  0.0291  0.0287  0.0289  0.0282  0.0284
  0.0298  0.0295  0.0287  0.0319  0.0291  0.0322  0.0297  0.0307  0.0295  0.0300  0.0286  0.0289
niter,ni,del,rscale     5    3    5.0000    0.8000
parameters
   -0.2949   28.1061   -3.1312  -12.1433  -17.9463  -18.3862
    1.0940    0.2006   -1.3490    5.3415    1.2325   -3.0280
eta,q 0.97210  9.75133
  0.0294  0.0291  0.0285  0.0295  0.0291  0.0291  0.0293  0.0299  0.0290  0.0292  0.0285  0.0288
  0.0286  0.0284  0.0281  0.0289  0.0284  0.0285  0.0285  0.0287  0.0284  0.0285  0.0282  0.0283
  0.0281  0.0281  0.0279  0.0284  0.0280  0.0282  0.0281  0.0281  0.0280  0.0280  0.0280  0.0280
  0.0280  0.0280  0.0280  0.0279  0.0278  0.0279  0.0279  0.0279  0.0279  0.0279  0.0279  0.0279
  0.0281  0.0281  0.0281  0.0277  0.0280  0.0275  0.0280  0.0281  0.0280  0.0280  0.0279  0.0280
  0.0286  0.0286  0.0284  0.0281  0.0284  0.0281  0.0284  0.0288  0.0284  0.0285  0.0281  0.0283
  0.0295  0.0293  0.0288  0.0296  0.0290  0.0300  0.0291  0.0300  0.0290  0.0293  0.0285  0.0287
niter,ni,del,rscale     4    3    5.0000    0.7000
parameters
   -0.3018   28.1122   -3.1857  -11.8175  -17.9297  -18.1388
    1.1683    0.2030   -1.3174    5.4159    1.2352   -2.9886
eta,q 0.97223  9.78422
  0.0291  0.0288  0.0284  0.0292  0.0288  0.0289  0.0288  0.0295  0.0286  0.0289  0.0283  0.0285
  0.0284  0.0283  0.0281  0.0287  0.0282  0.0284  0.0283  0.0285  0.0282  0.0283  0.0280  0.0281
  0.0281  0.0280  0.0279  0.0283  0.0279  0.0282  0.0279  0.0280  0.0279  0.0279  0.0278  0.0278
  0.0279  0.0279  0.0279  0.0279  0.0278  0.0278  0.0278  0.0278  0.0278  0.0278  0.0278  0.0278
  0.0280  0.0280  0.0280  0.0277  0.0279  0.0275  0.0279  0.0280  0.0279  0.0279  0.0278  0.0278
  0.0284  0.0283  0.0282  0.0281  0.0282  0.0278  0.0282  0.0285  0.0281  0.0282  0.0280  0.0281
  0.0291  0.0288  0.0285  0.0292  0.0287  0.0291  0.0288  0.0295  0.0286  0.0288  0.0283  0.0284
niter,ni,del,rscale     3    3    5.0000    0.6000
parameters
   -0.3043   28.1102   -3.1992  -11.5779  -17.9518  -17.8415
    1.2044    0.2084   -1.2941    5.4883    1.2043   -3.0029
eta,q 0.97234  9.81224
  0.0287  0.0285  0.0282  0.0289  0.0284  0.0286  0.0284  0.0291  0.0283  0.0285  0.0281  0.0282
  0.0282  0.0281  0.0279  0.0285  0.0280  0.0283  0.0280  0.0283  0.0279  0.0281  0.0278  0.0279
  0.0279  0.0278  0.0278  0.0281  0.0278  0.0281  0.0278  0.0278  0.0277  0.0278  0.0277  0.0277
  0.0278  0.0278  0.0278  0.0278  0.0277  0.0277  0.0277  0.0277  0.0277  0.0277  0.0277  0.0277
  0.0279  0.0278  0.0278  0.0277  0.0278  0.0275  0.0277  0.0278  0.0277  0.0277  0.0277  0.0277
  0.0282  0.0281  0.0280  0.0280  0.0280  0.0277  0.0280  0.0283  0.0279  0.0280  0.0279  0.0279
  0.0287  0.0285  0.0282  0.0289  0.0284  0.0287  0.0284  0.0291  0.0283  0.0285  0.0281  0.0282
niter,ni,del,rscale     2    3    5.0000    0.5000
parameters
   -0.3037   28.1097   -3.1628  -11.3651  -18.0270  -17.4381
    1.2289    0.2146   -1.2728    5.5448    1.1632   -3.1216
eta,q 0.97245  9.84143
  0.0283  0.0282  0.0280  0.0285  0.0281  0.0284  0.0281  0.0287  0.0280  0.0282  0.0279  0.0279
  0.0280  0.0279  0.0278  0.0282  0.0278  0.0282  0.0278  0.0280  0.0278  0.0278  0.0277  0.0277
  0.0277  0.0277  0.0277  0.0279  0.0277  0.0279  0.0276  0.0277  0.0276  0.0276  0.0276  0.0276
  0.0277  0.0277  0.0277  0.0277  0.0276  0.0276  0.0275  0.0276  0.0276  0.0276  0.0276  0.0276
  0.0277  0.0277  0.0277  0.0276  0.0277  0.0274  0.0276  0.0277  0.0276  0.0276  0.0276  0.0276
  0.0279  0.0279  0.0278  0.0279  0.0279  0.0276  0.0278  0.0280  0.0277  0.0278  0.0277  0.0277
  0.0283  0.0281  0.0280  0.0285  0.0281  0.0283  0.0281  0.0286  0.0280  0.0281  0.0279  0.0280
niter,ni,del,rscale     1    3    5.0000    0.4000
parameters
   -0.3029   28.1139   -3.0686  -11.2179  -18.1363  -16.9409
    1.2469    0.2096   -1.2409    5.5966    1.1184   -3.1893
eta,q 0.97257  9.87022
  0.0280  0.0279  0.0278  0.0282  0.0278  0.0282  0.0278  0.0282  0.0277  0.0278  0.0277  0.0277
  0.0277  0.0277  0.0277  0.0279  0.0277  0.0280  0.0276  0.0278  0.0276  0.0276  0.0275  0.0275
  0.0276  0.0276  0.0276  0.0277  0.0276  0.0278  0.0275  0.0275  0.0275  0.0275  0.0275  0.0274
  0.0276  0.0276  0.0275  0.0275  0.0275  0.0275  0.0274  0.0274  0.0274  0.0274  0.0274  0.0274
  0.0276  0.0276  0.0276  0.0275  0.0276  0.0274  0.0275  0.0275  0.0275  0.0275  0.0275  0.0275
  0.0277  0.0277  0.0276  0.0277  0.0277  0.0275  0.0276  0.0278  0.0276  0.0276  0.0275  0.0275
  0.0280  0.0279  0.0277  0.0282  0.0279  0.0280  0.0278  0.0282  0.0277  0.0278  0.0277  0.0277
registration optimization eta report
parameter search radius
    0.8000    0.8000    0.8000    2.7600    2.4000    2.7600
    2.4000    2.4000    2.4000    2.4000    2.4000    2.4000
100000*second partial in parameter space
       69.       49.       37.        8.        6.        7.
        6.       14.        5.        7.        4.        4.
  0.0280  0.0279  0.0278  0.0282  0.0278  0.0282  0.0278  0.0282  0.0277  0.0278  0.0277  0.0277
  0.0277  0.0277  0.0277  0.0279  0.0277  0.0280  0.0276  0.0278  0.0276  0.0276  0.0275  0.0275
  0.0276  0.0276  0.0276  0.0277  0.0276  0.0278  0.0275  0.0275  0.0275  0.0275  0.0275  0.0274
  0.0276  0.0276  0.0275  0.0275  0.0275  0.0275  0.0274  0.0274  0.0274  0.0274  0.0274  0.0274
  0.0276  0.0276  0.0276  0.0275  0.0276  0.0274  0.0275  0.0275  0.0275  0.0275  0.0275  0.0275
  0.0277  0.0277  0.0276  0.0277  0.0277  0.0275  0.0276  0.0278  0.0276  0.0276  0.0275  0.0275
  0.0280  0.0279  0.0277  0.0282  0.0279  0.0280  0.0278  0.0282  0.0277  0.0278  0.0277  0.0277
   -0.3029   28.1139   -3.0686  -11.2179  -18.1363  -16.9409
    1.2469    0.2096   -1.2409    5.5966    1.1184   -3.1893
eta,q 0.97257  9.87022

---------------------------------------------------------------------
imgreg_4dfp /opt/freesurfer/average/711-2C_as_mni_average_305 /opt/freesurfer/average/711-2B_as_mni_average_305_mask talsrcimg_g11 none talsrcimg_to_711-2C_as_mni_average_305_t4 2311
---------------------------------------------------------------------

freesurfer imgreg_4dfp.c
/opt/freesurfer/average/711-2C_as_mni_average_305.4dfp.img
       256       256       256         1
  1.000000  1.000000  1.000000
orientation T byte_order littleendian
Reading image: /opt/freesurfer/average/711-2C_as_mni_average_305.4dfp.img
dimensions:      256       256       256
mmppix:       1.0000   -1.0000   -1.0000
center:     128.0000 -129.0000 -129.0000
/opt/freesurfer/average/711-2B_as_mni_average_305_mask.4dfp.img
       256       256       256         1
  1.000000  1.000000  1.000000
orientation T byte_order littleendian
Reading mask: /opt/freesurfer/average/711-2B_as_mni_average_305_mask.4dfp.img (2306576 pixels)
talsrcimg_g11.4dfp.img
       256       256       256         1
  1.000000  1.000000  1.000000
orientation T byte_order littleendian
Reading image: talsrcimg_g11.4dfp.img
dimensions:      256       256       256
mmppix:       1.0000   -1.0000   -1.0000
center:     128.0000 -129.0000 -129.0000
fimgreg.f
image alignment mode   2311 decimal      907 hex
parameters
   -0.3029   28.1139   -3.0686  -11.2179  -18.1363  -16.9409
    1.2469    0.2096   -1.2409    5.5966    1.1184   -3.1893
eta,q 0.97257  9.87021
niter,ni,del,rscale     5    3    5.0000    0.8000
parameters
   -0.3141   28.1344   -2.8340  -11.9249  -18.1569  -17.5149
    1.1114    0.2333   -1.3025    5.5084    1.2255   -3.0576
eta,q 0.97235  9.80713
  0.0293  0.0287  0.0288  0.0287  0.0288  0.0286  0.0289  0.0300  0.0287  0.0290  0.0284  0.0286
  0.0283  0.0280  0.0281  0.0282  0.0281  0.0283  0.0282  0.0287  0.0281  0.0283  0.0280  0.0281
  0.0276  0.0276  0.0276  0.0277  0.0276  0.0279  0.0278  0.0279  0.0278  0.0278  0.0277  0.0278
  0.0274  0.0274  0.0274  0.0274  0.0275  0.0275  0.0277  0.0276  0.0277  0.0277  0.0277  0.0277
  0.0276  0.0276  0.0275  0.0276  0.0276  0.0274  0.0278  0.0279  0.0278  0.0278  0.0277  0.0277
  0.0283  0.0280  0.0277  0.0286  0.0281  0.0283  0.0283  0.0286  0.0282  0.0283  0.0279  0.0280
  0.0293  0.0287  0.0281  0.0304  0.0288  0.0301  0.0291  0.0300  0.0288  0.0292  0.0283  0.0285
niter,ni,del,rscale     4    3    5.0000    0.7000
parameters
   -0.2968   28.0886   -3.0458  -11.6985  -18.0487  -17.6379
    1.1657    0.2225   -1.2932    5.4720    1.2054   -3.0343
eta,q 0.97237  9.81339
  0.0289  0.0286  0.0281  0.0288  0.0286  0.0285  0.0287  0.0295  0.0285  0.0287  0.0282  0.0283
  0.0282  0.0280  0.0278  0.0284  0.0281  0.0282  0.0281  0.0284  0.0280  0.0281  0.0279  0.0279
  0.0278  0.0277  0.0276  0.0280  0.0277  0.0280  0.0278  0.0278  0.0277  0.0278  0.0277  0.0277
  0.0277  0.0277  0.0277  0.0276  0.0276  0.0276  0.0276  0.0276  0.0276  0.0276  0.0276  0.0276
  0.0278  0.0278  0.0278  0.0275  0.0277  0.0274  0.0277  0.0278  0.0277  0.0277  0.0277  0.0277
  0.0282  0.0281  0.0281  0.0279  0.0280  0.0279  0.0281  0.0285  0.0280  0.0281  0.0279  0.0279
  0.0289  0.0287  0.0284  0.0288  0.0285  0.0291  0.0286  0.0295  0.0285  0.0288  0.0282  0.0283
niter,ni,del,rscale     3    3    5.0000    0.6000
parameters
   -0.3016   28.0975   -3.0978  -11.4376  -18.0499  -17.4356
    1.2096    0.2224   -1.2660    5.5117    1.1673   -3.0955
eta,q 0.97245  9.83712
  0.0286  0.0284  0.0281  0.0286  0.0283  0.0284  0.0283  0.0291  0.0282  0.0284  0.0280  0.0281
  0.0281  0.0279  0.0278  0.0282  0.0279  0.0282  0.0279  0.0282  0.0278  0.0280  0.0278  0.0278
  0.0277  0.0277  0.0277  0.0279  0.0277  0.0279  0.0277  0.0277  0.0276  0.0277  0.0276  0.0276
  0.0276  0.0276  0.0276  0.0276  0.0276  0.0276  0.0276  0.0276  0.0276  0.0276  0.0276  0.0276
  0.0277  0.0277  0.0277  0.0276  0.0277  0.0274  0.0276  0.0277  0.0276  0.0276  0.0276  0.0276
  0.0281  0.0279  0.0279  0.0278  0.0279  0.0277  0.0279  0.0282  0.0278  0.0279  0.0278  0.0278
  0.0286  0.0283  0.0281  0.0285  0.0283  0.0285  0.0283  0.0291  0.0282  0.0284  0.0280  0.0281
niter,ni,del,rscale     2    3    5.0000    0.5000
parameters
   -0.3017   28.1069   -3.0551  -11.2801  -18.1065  -17.0605
    1.2241    0.2222   -1.2448    5.5684    1.1223   -3.1631
eta,q 0.97255  9.86268
  0.0282  0.0281  0.0279  0.0283  0.0280  0.0282  0.0280  0.0286  0.0279  0.0281  0.0278  0.0278
  0.0279  0.0278  0.0277  0.0280  0.0277  0.0280  0.0277  0.0280  0.0277  0.0278  0.0276  0.0276
  0.0276  0.0276  0.0276  0.0277  0.0276  0.0278  0.0275  0.0276  0.0275  0.0275  0.0275  0.0275
  0.0276  0.0276  0.0276  0.0276  0.0275  0.0275  0.0275  0.0275  0.0275  0.0275  0.0275  0.0275
  0.0276  0.0276  0.0276  0.0275  0.0276  0.0274  0.0275  0.0276  0.0275  0.0275  0.0275  0.0275
  0.0279  0.0278  0.0277  0.0278  0.0278  0.0276  0.0277  0.0280  0.0277  0.0277  0.0276  0.0276
  0.0283  0.0280  0.0279  0.0283  0.0280  0.0282  0.0280  0.0286  0.0279  0.0281  0.0278  0.0279
niter,ni,del,rscale     1    3    5.0000    0.4000
parameters
   -0.2998   28.1133   -2.9386  -11.2056  -18.2130  -16.6131
    1.2336    0.2269   -1.2214    5.5886    1.0938   -3.2375
eta,q 0.97263  9.88563
  0.0279  0.0278  0.0278  0.0280  0.0277  0.0280  0.0277  0.0282  0.0277  0.0278  0.0276  0.0276
  0.0277  0.0276  0.0276  0.0277  0.0276  0.0279  0.0275  0.0277  0.0275  0.0276  0.0275  0.0275
  0.0275  0.0275  0.0275  0.0275  0.0275  0.0277  0.0274  0.0275  0.0274  0.0274  0.0274  0.0274
  0.0275  0.0275  0.0275  0.0275  0.0274  0.0275  0.0274  0.0274  0.0274  0.0274  0.0274  0.0274
  0.0275  0.0275  0.0275  0.0275  0.0275  0.0274  0.0274  0.0275  0.0274  0.0274  0.0274  0.0274
  0.0276  0.0276  0.0275  0.0276  0.0276  0.0275  0.0275  0.0277  0.0275  0.0275  0.0275  0.0275
  0.0279  0.0278  0.0276  0.0280  0.0278  0.0278  0.0277  0.0282  0.0277  0.0278  0.0276  0.0276
registration optimization eta report
parameter search radius
    0.8000    0.8000    0.8000    2.4000    2.4000    2.4000
    2.4000    2.4000    2.4000    2.4000    2.4000    2.4000
100000*second partial in parameter space
       72.       51.       39.        9.        6.        9.
        6.       14.        5.        7.        4.        4.
  0.0279  0.0278  0.0278  0.0280  0.0277  0.0280  0.0277  0.0282  0.0277  0.0278  0.0276  0.0276
  0.0277  0.0276  0.0276  0.0277  0.0276  0.0279  0.0275  0.0277  0.0275  0.0276  0.0275  0.0275
  0.0275  0.0275  0.0275  0.0275  0.0275  0.0277  0.0274  0.0275  0.0274  0.0274  0.0274  0.0274
  0.0275  0.0275  0.0275  0.0275  0.0274  0.0275  0.0274  0.0274  0.0274  0.0274  0.0274  0.0274
  0.0275  0.0275  0.0275  0.0275  0.0275  0.0274  0.0274  0.0275  0.0274  0.0274  0.0274  0.0274
  0.0276  0.0276  0.0275  0.0276  0.0276  0.0275  0.0275  0.0277  0.0275  0.0275  0.0275  0.0275
  0.0279  0.0278  0.0276  0.0280  0.0278  0.0278  0.0277  0.0282  0.0277  0.0278  0.0276  0.0276
   -0.2998   28.1133   -2.9386  -11.2056  -18.2130  -16.6131
    1.2336    0.2269   -1.2214    5.5886    1.0938   -3.2375
eta,q 0.97263  9.88563

---------------------------------------------------------------------
compute_vox2vox talsrcimg talsrcimg_to_711-2C_as_mni_average_305_t4 /opt/freesurfer/average/711-2C_as_mni_average_305
---------------------------------------------------------------------

freesurfer compute_vox2vox.c
Reading: talsrcimg.4dfp.ifh
Reading: talsrcimg_to_711-2C_as_mni_average_305_t4
Reading: /opt/freesurfer/average/711-2C_as_mni_average_305.4dfp.ifh
Writing: talsrcimg_to_711-2C_as_mni_average_305_t4_vox2vox.txt

start time Sun Nov 24 05:19:03 UTC 2024
end		time Sun Nov 24 05:20:13 UTC 2024

mpr2mni305 success

avi2talxfm orig_nu.mgz /opt/freesurfer/average/mni305.cor.mgz talsrcimg_to_711-2C_as_mni_average_305_t4_vox2vox.txt transforms/talairach.auto.xfm
avi2talxfm done
mv -f /scratch/tmp/fs_mp2rage_tests2/sourcedata/freesurfer_memprage/sub-fsm23qf/mri/talsrcimg_to_711-2C_as_mni_average_305_t4_vox2vox.txt /scratch/tmp/fs_mp2rage_tests2/sourcedata/freesurfer_memprage/sub-fsm23qf/mri/transforms/talsrcimg_to_711-2C_as_mni_average_305_t4_vox2vox.txt
lta_convert --src orig_nu.mgz --trg /opt/freesurfer/average/mni305.cor.mgz --inxfm transforms/talairach.auto.xfm --outlta transforms/talairach.auto.xfm.lta --subject fsaverage
7.3.2

--src: orig_nu.mgz src image (geometry).
--trg: /opt/freesurfer/average/mni305.cor.mgz trg image (geometry).
--inmni: transforms/talairach.auto.xfm input MNI/XFM transform.
--outlta: transforms/talairach.auto.xfm.lta output LTA.
--s: fsaverage subject name
 LTA read, type : 1
 1.12599  -0.00192  -0.01706  -3.64732;
-0.01408   1.19608   0.04756  -10.21289;
 0.01778  -0.08176   1.21918  -22.05484;
 0.00000   0.00000   0.00000   1.00000;
setting subject to fsaverage
Writing  LTA to file transforms/talairach.auto.xfm.lta...
lta_convert successful.
 
 
Started at Sun Nov 24 05:18:59 UTC 2024
Ended   at Sun Nov 24 05:20:14 UTC 2024
talairach_avi done
