status file for recon-all
Sun Nov 24 04:50:10 UTC 2024
#@# MotionCor Sun Nov 24 04:50:17 UTC 2024
#@# Talairach Sun Nov 24 04:50:35 UTC 2024
#@# Talairach Failure Detection Sun Nov 24 04:58:49 UTC 2024
#@# Nu Intensity Correction Sun Nov 24 04:58:50 UTC 2024
#@# Intensity Normalization Sun Nov 24 05:06:52 UTC 2024
recon-all -s sub-fsm08un finished without error at Sun Nov 24 05:10:51 UTC 2024



#New# invocation of recon-all 



status file for recon-all
Sun Nov 24 08:13:01 UTC 2024
#@# EM Registration Sun Nov 24 08:13:01 UTC 2024
recon-all -s sub-fsm08un finished without error at Sun Nov 24 08:18:50 UTC 2024



#New# invocation of recon-all 



status file for recon-all
Sun Nov 24 08:47:26 UTC 2024
#@# CA Normalize Sun Nov 24 08:47:26 UTC 2024
#@# CA Reg Sun Nov 24 08:50:14 UTC 2024
#@# SubCort Seg Sun Nov 24 10:33:41 UTC 2024
#@# CC Seg Sun Nov 24 11:59:48 UTC 2024
#@# Merge ASeg Sun Nov 24 12:01:05 UTC 2024
#@# Intensity Normalization2 Sun Nov 24 12:01:05 UTC 2024
#@# Mask BFS Sun Nov 24 12:06:43 UTC 2024
#@# WM Segmentation Sun Nov 24 12:06:45 UTC 2024
#@# Fill Sun Nov 24 12:12:23 UTC 2024
recon-all -s sub-fsm08un finished without error at Sun Nov 24 12:14:39 UTC 2024



#New# invocation of recon-all 



status file for recon-all
Mon Nov 25 03:53:06 UTC 2024
#@# white curv lh Mon Nov 25 03:53:06 UTC 2024
#@# white area lh Mon Nov 25 03:53:06 UTC 2024
#@# pial curv lh Mon Nov 25 03:53:06 UTC 2024
#@# pial area lh Mon Nov 25 03:53:06 UTC 2024
#@# thickness lh Mon Nov 25 03:53:06 UTC 2024
#@# area and vertex vol lh Mon Nov 25 03:53:06 UTC 2024
#@# white curv rh Mon Nov 25 03:53:07 UTC 2024
#@# white area rh Mon Nov 25 03:53:07 UTC 2024
#@# pial curv rh Mon Nov 25 03:53:07 UTC 2024
#@# pial area rh Mon Nov 25 03:53:07 UTC 2024
#@# thickness rh Mon Nov 25 03:53:07 UTC 2024
#@# area and vertex vol rh Mon Nov 25 03:53:07 UTC 2024
#@# Cortical ribbon mask Mon Nov 25 03:53:07 UTC 2024
recon-all -s sub-fsm08un finished without error at Mon Nov 25 04:06:37 UTC 2024



#New# invocation of recon-all 



status file for recon-all
Mon Nov 25 16:01:42 UTC 2024
#@# white curv lh Mon Nov 25 16:01:42 UTC 2024
#@# white area lh Mon Nov 25 16:01:42 UTC 2024
#@# pial curv lh Mon Nov 25 16:01:42 UTC 2024
#@# pial area lh Mon Nov 25 16:01:42 UTC 2024
#@# thickness lh Mon Nov 25 16:01:43 UTC 2024
#@# area and vertex vol lh Mon Nov 25 16:01:43 UTC 2024
#@# white curv rh Mon Nov 25 16:01:43 UTC 2024
#@# white area rh Mon Nov 25 16:01:43 UTC 2024
#@# pial curv rh Mon Nov 25 16:01:43 UTC 2024
#@# pial area rh Mon Nov 25 16:01:43 UTC 2024
#@# thickness rh Mon Nov 25 16:01:43 UTC 2024
#@# area and vertex vol rh Mon Nov 25 16:01:43 UTC 2024
#@# Curvature Stats lh Mon Nov 25 16:01:43 UTC 2024
#@# Curvature Stats rh Mon Nov 25 16:01:49 UTC 2024
#@# Relabel Hypointensities Mon Nov 25 16:01:55 UTC 2024
#@# APas-to-ASeg Mon Nov 25 16:02:30 UTC 2024
#@# AParc-to-ASeg aparc Mon Nov 25 16:02:53 UTC 2024
#@# AParc-to-ASeg aparc.a2009s Mon Nov 25 16:04:03 UTC 2024
#@# AParc-to-ASeg aparc.DKTatlas Mon Nov 25 16:05:13 UTC 2024
#@# WMParc Mon Nov 25 16:06:22 UTC 2024
#@# ASeg Stats Mon Nov 25 16:11:50 UTC 2024
recon-all -s sub-fsm08un finished without error at Mon Nov 25 16:13:12 UTC 2024
