status file for recon-all
Mon Nov 25 02:38:27 UTC 2024
#@# Tessellate lh Mon Nov 25 02:38:28 UTC 2024
#@# Smooth1 lh Mon Nov 25 02:38:43 UTC 2024
#@# Inflation1 lh Mon Nov 25 02:38:50 UTC 2024
#@# QSphere lh Mon Nov 25 02:39:12 UTC 2024
#@# Fix Topology lh Mon Nov 25 02:42:04 UTC 2024
#@# Smooth2 lh Mon Nov 25 02:56:32 UTC 2024
#@# Inflation2 lh Mon Nov 25 02:56:39 UTC 2024
#@# Curv .H and .K lh Mon Nov 25 02:57:14 UTC 2024
#@# Sphere lh Mon Nov 25 02:59:00 UTC 2024
#@# Surf Reg lh Mon Nov 25 03:05:01 UTC 2024
#@# Jacobian white lh Mon Nov 25 03:15:43 UTC 2024
#@# AvgCurv lh Mon Nov 25 03:15:45 UTC 2024
#@# Cortical Parc lh Mon Nov 25 03:15:48 UTC 2024
#@# white curv lh Mon Nov 25 03:44:03 UTC 2024
#@# white area lh Mon Nov 25 03:44:08 UTC 2024
#@# pial curv lh Mon Nov 25 03:44:09 UTC 2024
#@# pial area lh Mon Nov 25 03:44:14 UTC 2024
#@# thickness lh Mon Nov 25 03:44:17 UTC 2024
#@# area and vertex vol lh Mon Nov 25 03:45:30 UTC 2024
#@# Curvature Stats lh Mon Nov 25 03:45:35 UTC 2024
#@# Cortical Parc 2 lh Mon Nov 25 03:45:43 UTC 2024
#@# Cortical Parc 3 lh Mon Nov 25 03:46:21 UTC 2024
#@# WM/GM Contrast lh Mon Nov 25 03:46:53 UTC 2024
recon-all -s sub-fsm08un finished without error at Mon Nov 25 03:47:01 UTC 2024



#New# invocation of recon-all 



status file for recon-all
Mon Nov 25 15:45:24 UTC 2024
#@# white curv lh Mon Nov 25 15:45:24 UTC 2024
#@# white area lh Mon Nov 25 15:45:24 UTC 2024
#@# pial curv lh Mon Nov 25 15:45:24 UTC 2024
#@# pial area lh Mon Nov 25 15:45:24 UTC 2024
#@# thickness lh Mon Nov 25 15:45:24 UTC 2024
#@# area and vertex vol lh Mon Nov 25 15:45:25 UTC 2024
#@# Parcellation Stats lh Mon Nov 25 15:45:25 UTC 2024
#@# Parcellation Stats 2 lh Mon Nov 25 15:46:40 UTC 2024
#@# Parcellation Stats 3 lh Mon Nov 25 15:47:21 UTC 2024
#@# BA_exvivo Labels lh Mon Nov 25 15:48:00 UTC 2024
recon-all -s sub-fsm08un finished without error at Mon Nov 25 15:54:18 UTC 2024
