status file for recon-all
Mon Nov 25 14:19:43 UTC 2024
#@# Tessellate rh Mon Nov 25 14:19:43 UTC 2024
#@# Smooth1 rh Mon Nov 25 14:19:57 UTC 2024
#@# Inflation1 rh Mon Nov 25 14:20:04 UTC 2024
#@# QSphere rh Mon Nov 25 14:20:37 UTC 2024
#@# Fix Topology rh Mon Nov 25 14:23:42 UTC 2024
#@# Smooth2 rh Mon Nov 25 14:39:29 UTC 2024
#@# Inflation2 rh Mon Nov 25 14:39:37 UTC 2024
#@# Curv .H and .K rh Mon Nov 25 14:40:12 UTC 2024
#@# Sphere rh Mon Nov 25 14:42:03 UTC 2024
#@# Surf Reg rh Mon Nov 25 14:51:17 UTC 2024
#@# Jacobian white rh Mon Nov 25 15:00:20 UTC 2024
#@# AvgCurv rh Mon Nov 25 15:00:22 UTC 2024
#@# Cortical Parc rh Mon Nov 25 15:00:23 UTC 2024
#@# white curv rh Mon Nov 25 15:15:03 UTC 2024
#@# white area rh Mon Nov 25 15:15:08 UTC 2024
#@# pial curv rh Mon Nov 25 15:15:10 UTC 2024
#@# pial area rh Mon Nov 25 15:15:14 UTC 2024
#@# thickness rh Mon Nov 25 15:15:16 UTC 2024
#@# area and vertex vol rh Mon Nov 25 15:16:24 UTC 2024
#@# Curvature Stats rh Mon Nov 25 15:16:28 UTC 2024
#@# Cortical Parc 2 rh Mon Nov 25 15:16:34 UTC 2024
#@# Cortical Parc 3 rh Mon Nov 25 15:17:08 UTC 2024
#@# WM/GM Contrast rh Mon Nov 25 15:17:34 UTC 2024
recon-all -s sub-fsm84zy finished without error at Mon Nov 25 15:17:41 UTC 2024



#New# invocation of recon-all 



status file for recon-all
Mon Nov 25 18:23:29 UTC 2024
#@# white curv rh Mon Nov 25 18:23:29 UTC 2024
#@# white area rh Mon Nov 25 18:23:29 UTC 2024
#@# pial curv rh Mon Nov 25 18:23:30 UTC 2024
#@# pial area rh Mon Nov 25 18:23:30 UTC 2024
#@# thickness rh Mon Nov 25 18:23:30 UTC 2024
#@# area and vertex vol rh Mon Nov 25 18:23:30 UTC 2024
#@# Parcellation Stats rh Mon Nov 25 18:23:30 UTC 2024
#@# Parcellation Stats 2 rh Mon Nov 25 18:24:49 UTC 2024
#@# Parcellation Stats 3 rh Mon Nov 25 18:25:30 UTC 2024
#@# BA_exvivo Labels rh Mon Nov 25 18:26:09 UTC 2024
recon-all -s sub-fsm84zy finished without error at Mon Nov 25 18:32:14 UTC 2024
