status file for recon-all
Mon Nov 25 14:13:37 UTC 2024
#@# Tessellate lh Mon Nov 25 14:13:37 UTC 2024
#@# Smooth1 lh Mon Nov 25 14:13:53 UTC 2024
#@# Inflation1 lh Mon Nov 25 14:14:01 UTC 2024
#@# QSphere lh Mon Nov 25 14:14:36 UTC 2024
#@# Fix Topology lh Mon Nov 25 14:17:54 UTC 2024
#@# Smooth2 lh Mon Nov 25 14:32:55 UTC 2024
#@# Inflation2 lh Mon Nov 25 14:33:03 UTC 2024
#@# Curv .H and .K lh Mon Nov 25 14:33:36 UTC 2024
#@# Sphere lh Mon Nov 25 14:35:21 UTC 2024
#@# Surf Reg lh Mon Nov 25 14:46:50 UTC 2024
#@# Jacobian white lh Mon Nov 25 14:57:29 UTC 2024
#@# AvgCurv lh Mon Nov 25 14:57:32 UTC 2024
#@# Cortical Parc lh Mon Nov 25 14:57:33 UTC 2024
#@# white curv lh Mon Nov 25 15:12:43 UTC 2024
#@# white area lh Mon Nov 25 15:12:47 UTC 2024
#@# pial curv lh Mon Nov 25 15:12:49 UTC 2024
#@# pial area lh Mon Nov 25 15:12:54 UTC 2024
#@# thickness lh Mon Nov 25 15:12:56 UTC 2024
#@# area and vertex vol lh Mon Nov 25 15:14:03 UTC 2024
#@# Curvature Stats lh Mon Nov 25 15:14:08 UTC 2024
#@# Cortical Parc 2 lh Mon Nov 25 15:14:14 UTC 2024
#@# Cortical Parc 3 lh Mon Nov 25 15:14:49 UTC 2024
#@# WM/GM Contrast lh Mon Nov 25 15:15:13 UTC 2024
recon-all -s sub-fsm84zy finished without error at Mon Nov 25 15:15:20 UTC 2024



#New# invocation of recon-all 



status file for recon-all
Mon Nov 25 18:20:43 UTC 2024
#@# white curv lh Mon Nov 25 18:20:43 UTC 2024
#@# white area lh Mon Nov 25 18:20:43 UTC 2024
#@# pial curv lh Mon Nov 25 18:20:43 UTC 2024
#@# pial area lh Mon Nov 25 18:20:43 UTC 2024
#@# thickness lh Mon Nov 25 18:20:44 UTC 2024
#@# area and vertex vol lh Mon Nov 25 18:20:44 UTC 2024
#@# Parcellation Stats lh Mon Nov 25 18:20:44 UTC 2024
#@# Parcellation Stats 2 lh Mon Nov 25 18:22:03 UTC 2024
#@# Parcellation Stats 3 lh Mon Nov 25 18:22:46 UTC 2024
#@# BA_exvivo Labels lh Mon Nov 25 18:23:28 UTC 2024
recon-all -s sub-fsm84zy finished without error at Mon Nov 25 18:29:33 UTC 2024
