status file for recon-all
Sun Nov 24 05:58:01 UTC 2024
#@# MotionCor Sun Nov 24 05:58:07 UTC 2024
#@# Talairach Sun Nov 24 05:58:22 UTC 2024
#@# Talairach Failure Detection Sun Nov 24 06:05:56 UTC 2024
#@# Nu Intensity Correction Sun Nov 24 06:05:56 UTC 2024
#@# Intensity Normalization Sun Nov 24 06:13:14 UTC 2024
recon-all -s sub-fsm84zy finished without error at Sun Nov 24 06:17:08 UTC 2024



#New# invocation of recon-all 



status file for recon-all
Sun Nov 24 08:38:52 UTC 2024
#@# EM Registration Sun Nov 24 08:38:52 UTC 2024
recon-all -s sub-fsm84zy finished without error at Sun Nov 24 08:45:26 UTC 2024



#New# invocation of recon-all 



status file for recon-all
Sun Nov 24 19:47:59 UTC 2024
#@# CA Normalize Sun Nov 24 19:47:59 UTC 2024
#@# CA Reg Sun Nov 24 19:50:29 UTC 2024
#@# SubCort Seg Sun Nov 24 21:45:23 UTC 2024
#@# CC Seg Sun Nov 24 23:06:33 UTC 2024
#@# Merge ASeg Sun Nov 24 23:07:54 UTC 2024
#@# Intensity Normalization2 Sun Nov 24 23:07:54 UTC 2024
#@# Mask BFS Sun Nov 24 23:13:50 UTC 2024
#@# WM Segmentation Sun Nov 24 23:13:54 UTC 2024
#@# Fill Sun Nov 24 23:20:22 UTC 2024
recon-all -s sub-fsm84zy finished without error at Sun Nov 24 23:23:19 UTC 2024



#New# invocation of recon-all 



status file for recon-all
Mon Nov 25 15:17:56 UTC 2024
#@# white curv lh Mon Nov 25 15:17:56 UTC 2024
#@# white area lh Mon Nov 25 15:17:56 UTC 2024
#@# pial curv lh Mon Nov 25 15:17:56 UTC 2024
#@# pial area lh Mon Nov 25 15:17:56 UTC 2024
#@# thickness lh Mon Nov 25 15:17:56 UTC 2024
#@# area and vertex vol lh Mon Nov 25 15:17:56 UTC 2024
#@# white curv rh Mon Nov 25 15:17:56 UTC 2024
#@# white area rh Mon Nov 25 15:17:56 UTC 2024
#@# pial curv rh Mon Nov 25 15:17:56 UTC 2024
#@# pial area rh Mon Nov 25 15:17:56 UTC 2024
#@# thickness rh Mon Nov 25 15:17:56 UTC 2024
#@# area and vertex vol rh Mon Nov 25 15:17:56 UTC 2024
#@# Cortical ribbon mask Mon Nov 25 15:17:56 UTC 2024
recon-all -s sub-fsm84zy finished without error at Mon Nov 25 15:34:57 UTC 2024



#New# invocation of recon-all 



status file for recon-all
Mon Nov 25 18:32:24 UTC 2024
#@# white curv lh Mon Nov 25 18:32:25 UTC 2024
#@# white area lh Mon Nov 25 18:32:25 UTC 2024
#@# pial curv lh Mon Nov 25 18:32:25 UTC 2024
#@# pial area lh Mon Nov 25 18:32:25 UTC 2024
#@# thickness lh Mon Nov 25 18:32:25 UTC 2024
#@# area and vertex vol lh Mon Nov 25 18:32:25 UTC 2024
#@# white curv rh Mon Nov 25 18:32:25 UTC 2024
#@# white area rh Mon Nov 25 18:32:25 UTC 2024
#@# pial curv rh Mon Nov 25 18:32:25 UTC 2024
#@# pial area rh Mon Nov 25 18:32:25 UTC 2024
#@# thickness rh Mon Nov 25 18:32:25 UTC 2024
#@# area and vertex vol rh Mon Nov 25 18:32:25 UTC 2024
#@# Curvature Stats lh Mon Nov 25 18:32:25 UTC 2024
#@# Curvature Stats rh Mon Nov 25 18:32:30 UTC 2024
#@# Relabel Hypointensities Mon Nov 25 18:32:35 UTC 2024
#@# APas-to-ASeg Mon Nov 25 18:33:11 UTC 2024
#@# AParc-to-ASeg aparc Mon Nov 25 18:33:30 UTC 2024
#@# AParc-to-ASeg aparc.a2009s Mon Nov 25 18:35:27 UTC 2024
#@# AParc-to-ASeg aparc.DKTatlas Mon Nov 25 18:37:09 UTC 2024
#@# WMParc Mon Nov 25 18:39:08 UTC 2024
#@# ASeg Stats Mon Nov 25 18:44:53 UTC 2024
recon-all -s sub-fsm84zy finished without error at Mon Nov 25 18:46:19 UTC 2024
