/scratch/tmp/fs_mp2rage_tests/sourcedata/freesurfer_mp2rage/sub-fsm14pu/mri
/opt/freesurfer/bin/talairach_avi
--i orig_nu.mgz --xfm transforms/talairach.auto.xfm
talairach_avi 7.3.2
Linux elm.criugm.qc.ca 5.15.0-113-generic #123-Ubuntu SMP Mon Jun 10 08:16:17 UTC 2024 x86_64 x86_64 x86_64 GNU/Linux
Sat Nov 23 15:01:06 UTC 2024
mri_convert orig_nu.mgz talsrcimg.img 
reading from orig_nu.mgz...
TR=0.00, TE=0.00, TI=0.00, flip angle=0.00
i_ras = (-1, 6.98492e-09, 1.86265e-09)
j_ras = (0, 0, -1)
k_ras = (9.31323e-10, 1, 0)
writing to talsrcimg.img...
Analyze Output Matrix
-1.00000   0.00000   0.00000   125.45623;
 0.00000   0.00000   1.00000  -108.11509;
 0.00000  -1.00000   0.00000   103.75063;
 0.00000   0.00000   0.00000   1.00000;
--------------------
INFO: set hdr.hist.orient to -1
mpr2mni305 talsrcimg
Sat Nov 23 15:01:09 UTC 2024
/opt/freesurfer/bin/mpr2mni305 talsrcimg
mpr2mni305 7.3.2
target=711-2C_as_mni_average_305

---------------------------------------------------------------------
analyzeto4dfp talsrcimg -O0 -y
---------------------------------------------------------------------

freesurfer ifh2hdr.c
Sat Nov 23 15:01:09 2024
Writing: talsrcimg.4dfp.hdr
freesurfer analyzeto4dfp.c
Reading: talsrcimg.hdr
header size 348 bytes
hdr.dime.datatype	offset=70	value=2
hdr.dime.bitpix		offset=72	value=8
hdr.hist.orient		offset=252	value=-1
dimensionality     4
dimensions       256       256       256         1
Reading: talsrcimg.img
Writing: talsrcimg.4dfp.img
Writing: talsrcimg.4dfp.ifh
ifh2hdr talsrcimg -r0to242
ori=2

---------------------------------------------------------------------
gauss_4dfp talsrcimg 1.1
---------------------------------------------------------------------

freesurfer gauss_4dfp.c
Reading: talsrcimg.4dfp.img
Writing: talsrcimg_g11.4dfp.img
image dimensions 256 256 256 padded to 288 288 288
processing volume 1freesurfer ifh2hdr.c
Sat Nov 23 15:01:17 2024
Writing: talsrcimg_g11.4dfp.hdr

Writing: talsrcimg_g11.4dfp.ifh
including: talsrcimg.4dfp.img.rec in talsrcimg_g11.4dfp.img.rec

---------------------------------------------------------------------
imgreg_4dfp /opt/freesurfer/average/711-2C_as_mni_average_305 none talsrcimg_g11 none talsrcimg_to_711-2C_as_mni_average_305_t4 4355
---------------------------------------------------------------------

freesurfer imgreg_4dfp.c
/opt/freesurfer/average/711-2C_as_mni_average_305.4dfp.img
       256       256       256         1
  1.000000  1.000000  1.000000
orientation T byte_order littleendian
Reading image: /opt/freesurfer/average/711-2C_as_mni_average_305.4dfp.img
dimensions:      256       256       256
mmppix:       1.0000   -1.0000   -1.0000
center:     128.0000 -129.0000 -129.0000
talsrcimg_g11.4dfp.img
       256       256       256         1
  1.000000  1.000000  1.000000
orientation T byte_order littleendian
Reading image: talsrcimg_g11.4dfp.img
dimensions:      256       256       256
mmppix:       1.0000   -1.0000   -1.0000
center:     128.0000 -129.0000 -129.0000
t4_read: open error in t4_sub.f l:  41 t4_file(1:l)talsrcimg_to_711-2C_as_mni_average_305_t4 
t4_read: transform initialized to I4
rotation matrix determinant  1.000000
image alignment mode   4355 decimal     1103 hex
   -7.5000  -45.0000  -45.0000 9087.6299    8.8160
    0.0000  -45.0000  -45.0000 9403.9082    8.8134
    7.5000  -45.0000  -45.0000 9028.5703    8.8059
   -7.5000  -37.5000  -45.0000 9281.6455    8.8298
    0.0000  -37.5000  -45.0000 9608.4561    8.8225
    7.5000  -37.5000  -45.0000 9206.4170    8.8114
   -7.5000  -30.0000  -45.0000 9722.2891    8.6572
    0.0000  -30.0000  -45.000010057.8701    8.6468
    7.5000  -30.0000  -45.0000 9639.4971    8.6371
   -7.5000  -22.5000  -45.000010202.0605    8.5175
    0.0000  -22.5000  -45.000010575.9395    8.5080
    7.5000  -22.5000  -45.000010128.5225    8.5014
   -7.5000  -15.0000  -45.000010704.7930    8.4521
    0.0000  -15.0000  -45.000011099.2051    8.4460
    7.5000  -15.0000  -45.000010607.5137    8.4416
   -7.5000   -7.5000  -45.000011200.8086    8.4259
    0.0000   -7.5000  -45.000011615.0059    8.4229
    7.5000   -7.5000  -45.000011065.9746    8.4178
   -7.5000    0.0000  -45.000011619.0625    8.4248
    0.0000    0.0000  -45.000012057.5352    8.4218
    7.5000    0.0000  -45.000011435.7988    8.4142
   -7.5000    7.5000  -45.000011202.2451    8.5925
    0.0000    7.5000  -45.000011631.1426    8.5851
    7.5000    7.5000  -45.000010994.2480    8.5744
   -7.5000   15.0000  -45.000010732.0352    8.7987
    0.0000   15.0000  -45.000011121.7451    8.7868
    7.5000   15.0000  -45.000010487.9717    8.7748
   -7.5000   22.5000  -45.000010208.8115    9.0179
    0.0000   22.5000  -45.000010557.5010    9.0052
    7.5000   22.5000  -45.0000 9923.3828    8.9948
   -7.5000   30.0000  -45.0000 9644.1914    9.1459
    0.0000   30.0000  -45.0000 9988.0508    9.1355
    7.5000   30.0000  -45.0000 9359.4316    9.1261
   -7.5000   37.5000  -45.0000 9442.0625    9.4388
    0.0000   37.5000  -45.0000 9778.3203    9.4318
    7.5000   37.5000  -45.0000 9177.1055    9.4220
   -7.5000   45.0000  -45.0000 8862.4004    9.5063
    0.0000   45.0000  -45.0000 9190.7959    9.4987
    7.5000   45.0000  -45.0000 8627.4053    9.4889
   -7.5000  -45.0000  -37.5000 9607.0029    8.7696
    0.0000  -45.0000  -37.5000 9938.5684    8.7718
    7.5000  -45.0000  -37.5000 9514.0273    8.7642
   -7.5000  -37.5000  -37.5000 9833.5498    8.7810
    0.0000  -37.5000  -37.500010163.7188    8.7796
    7.5000  -37.5000  -37.5000 9734.2539    8.7688
   -7.5000  -30.0000  -37.500010334.8428    8.6125
    0.0000  -30.0000  -37.500010684.8955    8.6081
    7.5000  -30.0000  -37.500010221.2266    8.5990
   -7.5000  -22.5000  -37.500010862.3369    8.4783
    0.0000  -22.5000  -37.500011251.6992    8.4742
    7.5000  -22.5000  -37.500010751.9570    8.4679
   -7.5000  -15.0000  -37.500011392.9863    8.4154
    0.0000  -15.0000  -37.500011797.3428    8.4140
    7.5000  -15.0000  -37.500011268.1699    8.4098
   -7.5000   -7.5000  -37.500011904.2412    8.3868
    0.0000   -7.5000  -37.500012328.9561    8.3885
    7.5000   -7.5000  -37.500011744.1943    8.3833
   -7.5000    0.0000  -37.500012358.3311    8.3821
    0.0000    0.0000  -37.500012810.7432    8.3840
    7.5000    0.0000  -37.500012142.2373    8.3765
   -7.5000    7.5000  -37.500011918.5322    8.5465
    0.0000    7.5000  -37.500012366.0273    8.5447
    7.5000    7.5000  -37.500011677.6582    8.5344
   -7.5000   15.0000  -37.500011375.7461    8.7506
    0.0000   15.0000  -37.500011792.8252    8.7449
    7.5000   15.0000  -37.500011125.4307    8.7340
   -7.5000   22.5000  -37.500010763.0830    8.9714
    0.0000   22.5000  -37.500011155.8916    8.9651
    7.5000   22.5000  -37.500010484.9082    8.9558
   -7.5000   30.0000  -37.500010169.5996    9.1014
    0.0000   30.0000  -37.500010545.9043    9.0966
    7.5000   30.0000  -37.5000 9891.3252    9.0884
   -7.5000   37.5000  -37.5000 9958.2715    9.3896
    0.0000   37.5000  -37.500010333.9912    9.3883
    7.5000   37.5000  -37.5000 9703.9668    9.3799
   -7.5000   45.0000  -37.5000 9349.2861    9.4522
    0.0000   45.0000  -37.5000 9729.1650    9.4508
    7.5000   45.0000  -37.5000 9123.0273    9.4423
   -7.5000  -45.0000  -30.000010261.7598    9.1063
    0.0000  -45.0000  -30.000010623.9150    9.1060
    7.5000  -45.0000  -30.000010163.9688    9.0947
   -7.5000  -37.5000  -30.000010538.3730    9.1180
    0.0000  -37.5000  -30.000010895.5166    9.1150
    7.5000  -37.5000  -30.000010426.4697    9.1019
   -7.5000  -30.0000  -30.000011106.7090    8.9452
    0.0000  -30.0000  -30.000011480.7744    8.9410
    7.5000  -30.0000  -30.000010982.4805    8.9302
   -7.5000  -22.5000  -30.000011697.7686    8.8080
    0.0000  -22.5000  -30.000012114.3320    8.8050
    7.5000  -22.5000  -30.000011593.2021    8.7967
   -7.5000  -15.0000  -30.000012280.7393    8.7435
    0.0000  -15.0000  -30.000012732.5000    8.7427
    7.5000  -15.0000  -30.000012197.2539    8.7353
   -7.5000   -7.5000  -30.000012823.8564    8.7120
    0.0000   -7.5000  -30.000013297.8984    8.7127
    7.5000   -7.5000  -30.000012687.5137    8.7039
   -7.5000    0.0000  -30.000013320.7109    8.7051
    0.0000    0.0000  -30.000013832.7666    8.7051
    7.5000    0.0000  -30.000013109.4941    8.6944
   -7.5000    7.5000  -30.000012816.4707    8.8757
    0.0000    7.5000  -30.000013317.5518    8.8724
    7.5000    7.5000  -30.000012578.5391    8.8599
   -7.5000   15.0000  -30.000012177.4873    9.0860
    0.0000   15.0000  -30.000012646.6143    9.0805
    7.5000   15.0000  -30.000011948.0547    9.0682
   -7.5000   22.5000  -30.000011499.4795    9.3162
    0.0000   22.5000  -30.000011922.8369    9.3108
    7.5000   22.5000  -30.000011241.4082    9.2995
   -7.5000   30.0000  -30.000010883.7744    9.4547
    0.0000   30.0000  -30.000011290.8320    9.4499
    7.5000   30.0000  -30.000010598.7314    9.4383
   -7.5000   37.5000  -30.000010668.2490    9.7524
    0.0000   37.5000  -30.000011100.0254    9.7492
    7.5000   37.5000  -30.000010417.1318    9.7376
   -7.5000   45.0000  -30.000010014.2500    9.8215
    0.0000   45.0000  -30.000010440.7490    9.8167
    7.5000   45.0000  -30.0000 9813.1797    9.8062
   -7.5000  -45.0000  -22.500010928.8584    9.3987
    0.0000  -45.0000  -22.500011305.7129    9.3918
    7.5000  -45.0000  -22.500010850.3916    9.3777
   -7.5000  -37.5000  -22.500011255.8291    9.4151
    0.0000  -37.5000  -22.500011608.2246    9.4053
    7.5000  -37.5000  -22.500011154.8906    9.3899
   -7.5000  -30.0000  -22.500011909.1943    9.2391
    0.0000  -30.0000  -22.500012271.4404    9.2294
    7.5000  -30.0000  -22.500011795.4463    9.2164
   -7.5000  -22.5000  -22.500012546.0312    9.0956
    0.0000  -22.5000  -22.500012987.8389    9.0884
    7.5000  -22.5000  -22.500012465.9805    9.0777
   -7.5000  -15.0000  -22.500013191.6074    9.0256
    0.0000  -15.0000  -22.500013695.8525    9.0207
    7.5000  -15.0000  -22.500013118.7012    9.0105
   -7.5000   -7.5000  -22.500013746.7588    8.9916
    0.0000   -7.5000  -22.500014277.3408    8.9869
    7.5000   -7.5000  -22.500013642.6895    8.9752
   -7.5000    0.0000  -22.500014256.6377    8.9856
    0.0000    0.0000  -22.500014834.6084    8.9792
    7.5000    0.0000  -22.500014089.5059    8.9661
   -7.5000    7.5000  -22.500013708.0342    9.1653
    0.0000    7.5000  -22.500014280.7998    9.1554
    7.5000    7.5000  -22.500013516.5293    9.1407
   -7.5000   15.0000  -22.500013019.9316    9.3841
    0.0000   15.0000  -22.500013544.2676    9.3727
    7.5000   15.0000  -22.500012811.1699    9.3579
   -7.5000   22.5000  -22.500012291.0498    9.6196
    0.0000   22.5000  -22.500012756.2500    9.6091
    7.5000   22.5000  -22.500012047.0957    9.5945
   -7.5000   30.0000  -22.500011603.5625    9.7617
    0.0000   30.0000  -22.500012064.1719    9.7515
    7.5000   30.0000  -22.500011365.6211    9.7356
   -7.5000   37.5000  -22.500011367.3525   10.0687
    0.0000   37.5000  -22.500011865.0127   10.0582
    7.5000   37.5000  -22.500011161.8145   10.0425
   -7.5000   45.0000  -22.500010653.9727   10.1487
    0.0000   45.0000  -22.500011157.7461   10.1349
    7.5000   45.0000  -22.500010508.2920   10.1219
   -7.5000  -45.0000  -15.000011603.0830    9.6062
    0.0000  -45.0000  -15.000011967.8408    9.5944
    7.5000  -45.0000  -15.000011461.9131    9.5802
   -7.5000  -37.5000  -15.000011977.3818    9.6266
    0.0000  -37.5000  -15.000012335.0527    9.6107
    7.5000  -37.5000  -15.000011826.7666    9.5947
   -7.5000  -30.0000  -15.000012723.2090    9.4467
    0.0000  -30.0000  -15.000013126.9365    9.4306
    7.5000  -30.0000  -15.000012593.9404    9.4165
   -7.5000  -22.5000  -15.000013398.1973    9.2961
    0.0000  -22.5000  -15.000013874.8057    9.2833
    7.5000  -22.5000  -15.000013317.5166    9.2718
   -7.5000  -15.0000  -15.000014052.8672    9.2212
    0.0000  -15.0000  -15.000014596.5000    9.2113
    7.5000  -15.0000  -15.000013970.8643    9.2007
   -7.5000   -7.5000  -15.000014642.2051    9.1874
    0.0000   -7.5000  -15.000015213.2617    9.1780
    7.5000   -7.5000  -15.000014524.2510    9.1662
   -7.5000    0.0000  -15.000015216.3799    9.1848
    0.0000    0.0000  -15.000015828.7812    9.1733
    7.5000    0.0000  -15.000015001.6602    9.1600
   -7.5000    7.5000  -15.000014654.1816    9.3712
    0.0000    7.5000  -15.000015260.5488    9.3555
    7.5000    7.5000  -15.000014431.1904    9.3401
   -7.5000   15.0000  -15.000013900.6787    9.5967
    0.0000   15.0000  -15.000014473.2490    9.5786
    7.5000   15.0000  -15.000013705.2363    9.5623
   -7.5000   22.5000  -15.000013060.4463    9.8330
    0.0000   22.5000  -15.000013606.5254    9.8157
    7.5000   22.5000  -15.000012881.6602    9.7994
   -7.5000   30.0000  -15.000012328.7217    9.9756
    0.0000   30.0000  -15.000012856.6729    9.9595
    7.5000   30.0000  -15.000012140.8076    9.9418
   -7.5000   37.5000  -15.000012056.0947   10.2912
    0.0000   37.5000  -15.000012633.4912   10.2745
    7.5000   37.5000  -15.000011891.9824   10.2570
   -7.5000   45.0000  -15.000011320.6562   10.3830
    0.0000   45.0000  -15.000011882.3027   10.3626
    7.5000   45.0000  -15.000011180.4570   10.3480
   -7.5000  -45.0000   -7.500012336.5771    9.7073
    0.0000  -45.0000   -7.500012709.1406    9.6984
    7.5000  -45.0000   -7.500012149.8545    9.6864
   -7.5000  -37.5000   -7.500012744.0381    9.7269
    0.0000  -37.5000   -7.500013135.0996    9.7128
    7.5000  -37.5000   -7.500012563.6211    9.6979
   -7.5000  -30.0000   -7.500013546.3389    9.5421
    0.0000  -30.0000   -7.500014015.7129    9.5262
    7.5000  -30.0000   -7.500013398.4629    9.5128
   -7.5000  -22.5000   -7.500014273.0684    9.3885
    0.0000  -22.5000   -7.500014805.6611    9.3747
    7.5000  -22.5000   -7.500014144.7061    9.3644
   -7.5000  -15.0000   -7.500014999.0713    9.3134
    0.0000  -15.0000   -7.500015574.1582    9.3032
    7.5000  -15.0000   -7.500014841.0283    9.2947
   -7.5000   -7.5000   -7.500015598.1953    9.2823
    0.0000   -7.5000   -7.500016245.0889    9.2742
    7.5000   -7.5000   -7.500015470.8994    9.2648
   -7.5000    0.0000   -7.500016201.5410    9.2819
    0.0000    0.0000   -7.500016912.6074    9.2728
    7.5000    0.0000   -7.500016024.5107    9.2612
   -7.5000    7.5000   -7.500015664.2354    9.4687
    0.0000    7.5000   -7.500016373.1592    9.4548
    7.5000    7.5000   -7.500015416.3359    9.4405
   -7.5000   15.0000   -7.500014938.0010    9.6956
    0.0000   15.0000   -7.500015640.1396    9.6778
    7.5000   15.0000   -7.500014686.2432    9.6617
   -7.5000   22.5000   -7.500014004.5293    9.9305
    0.0000   22.5000   -7.500014680.7188    9.9124
    7.5000   22.5000   -7.500013866.6924    9.8970
   -7.5000   30.0000   -7.500013215.7568   10.0739
    0.0000   30.0000   -7.500013860.5957   10.0580
    7.5000   30.0000   -7.500013042.4473   10.0423
   -7.5000   37.5000   -7.500012959.7461   10.3957
    0.0000   37.5000   -7.500013608.2891   10.3812
    7.5000   37.5000   -7.500012697.7939   10.3653
   -7.5000   45.0000   -7.500012166.1152   10.4934
    0.0000   45.0000   -7.500012778.9072   10.4770
    7.5000   45.0000   -7.500011888.0918   10.4626
   -7.5000  -45.0000    0.000012954.0928    9.7249
    0.0000  -45.0000    0.000013394.6055    9.7228
    7.5000  -45.0000    0.000012772.3047    9.7127
   -7.5000  -37.5000    0.000013396.7334    9.7403
    0.0000  -37.5000    0.000013875.3594    9.7330
    7.5000  -37.5000    0.000013193.9922    9.7192
   -7.5000  -30.0000    0.000014284.2520    9.5535
    0.0000  -30.0000    0.000014846.8301    9.5427
    7.5000  -30.0000    0.000014092.2773    9.5304
   -7.5000  -22.5000    0.000015054.7783    9.4022
    0.0000  -22.5000    0.000015720.7773    9.3922
    7.5000  -22.5000    0.000014902.6855    9.3831
   -7.5000  -15.0000    0.000015805.6641    9.3305
    0.0000  -15.0000    0.000016537.9414    9.3241
    7.5000  -15.0000    0.000015651.4053    9.3174
   -7.5000   -7.5000    0.000016436.1523    9.3008
    0.0000   -7.5000    0.000017261.1797    9.2979
    7.5000   -7.5000    0.000016345.6494    9.2905
   -7.5000    0.0000    0.000017040.3477    9.2989
    0.0000    0.0000    0.000017923.9434    9.2963
    7.5000    0.0000    0.000016927.8652    9.2863
   -7.5000    7.5000    0.000016553.2598    9.4819
    0.0000    7.5000    0.000017391.4199    9.4745
    7.5000    7.5000    0.000016266.5400    9.4612
   -7.5000   15.0000    0.000016042.0771    9.7074
    0.0000   15.0000    0.000016863.3691    9.6950
    7.5000   15.0000    0.000015603.1836    9.6802
   -7.5000   22.5000    0.000015276.1895    9.9434
    0.0000   22.5000    0.000016046.7256    9.9300
    7.5000   22.5000    0.000014842.0898    9.9166
   -7.5000   30.0000    0.000014338.4805   10.0898
    0.0000   30.0000    0.000015005.8203   10.0788
    7.5000   30.0000    0.000013873.9092   10.0662
   -7.5000   37.5000    0.000013876.3184   10.4128
    0.0000   37.5000    0.000014506.7100   10.4056
    7.5000   37.5000    0.000013388.6533   10.3925
   -7.5000   45.0000    0.000012936.5371   10.5094
    0.0000   45.0000    0.000013527.2529   10.5021
    7.5000   45.0000    0.000012503.0977   10.4891
   -7.5000  -45.0000    7.500012572.8457    9.7339
    0.0000  -45.0000    7.500013060.8164    9.7358
    7.5000  -45.0000    7.500012451.9531    9.7255
   -7.5000  -37.5000    7.500012943.4932    9.7457
    0.0000  -37.5000    7.500013497.5342    9.7436
    7.5000  -37.5000    7.500012834.6426    9.7300
   -7.5000  -30.0000    7.500013780.2842    9.5598
    0.0000  -30.0000    7.500014451.3486    9.5544
    7.5000  -30.0000    7.500013698.9043    9.5427
   -7.5000  -22.5000    7.500014518.3750    9.4124
    0.0000  -22.5000    7.500015286.1982    9.4073
    7.5000  -22.5000    7.500014460.5479    9.3986
   -7.5000  -15.0000    7.500015250.8994    9.3437
    0.0000  -15.0000    7.500016040.4043    9.3417
    7.5000  -15.0000    7.500015192.7812    9.3350
   -7.5000   -7.5000    7.500015947.7686    9.3126
    0.0000   -7.5000    7.500016804.2363    9.3139
    7.5000   -7.5000    7.500015888.3916    9.3061
   -7.5000    0.0000    7.500016572.5859    9.3071
    0.0000    0.0000    7.500017461.1562    9.3086
    7.5000    0.0000    7.500016447.0254    9.2986
   -7.5000    7.5000    7.500016179.3115    9.4875
    0.0000    7.5000    7.500016986.0918    9.4850
    7.5000    7.5000    7.500015844.9473    9.4720
   -7.5000   15.0000    7.500015744.6543    9.7118
    0.0000   15.0000    7.500016595.1895    9.7051
    7.5000   15.0000    7.500015273.7979    9.6913
   -7.5000   22.5000    7.500015044.7295    9.9520
    0.0000   22.5000    7.500015857.6582    9.9444
    7.5000   22.5000    7.500014504.6855    9.9322
   -7.5000   30.0000    7.500014046.4697   10.1027
    0.0000   30.0000    7.500014699.4863   10.0966
    7.5000   30.0000    7.500013497.1113   10.0853
   -7.5000   37.5000    7.500013501.0508   10.4246
    0.0000   37.5000    7.500014088.7539   10.4224
    7.5000   37.5000    7.500013005.9102   10.4106
   -7.5000   45.0000    7.500012508.9219   10.5167
    0.0000   45.0000    7.500013094.5771   10.5144
    7.5000   45.0000    7.500012130.2480   10.5027
   -7.5000  -45.0000   15.000011984.3594    9.7393
    0.0000  -45.0000   15.000012468.9053    9.7391
    7.5000  -45.0000   15.000011947.5547    9.7266
   -7.5000  -37.5000   15.000012342.9541    9.7516
    0.0000  -37.5000   15.000012836.7764    9.7487
    7.5000  -37.5000   15.000012310.8945    9.7342
   -7.5000  -30.0000   15.000013160.2158    9.5677
    0.0000  -30.0000   15.000013747.1416    9.5633
    7.5000  -30.0000   15.000013137.8799    9.5513
   -7.5000  -22.5000   15.000013917.3330    9.4217
    0.0000  -22.5000   15.000014565.7051    9.4185
    7.5000  -22.5000   15.000013907.4717    9.4091
   -7.5000  -15.0000   15.000014669.1836    9.3530
    0.0000  -15.0000   15.000015350.8145    9.3522
    7.5000  -15.0000   15.000014622.1709    9.3437
   -7.5000   -7.5000   15.000015364.2812    9.3194
    0.0000   -7.5000   15.000016125.1416    9.3202
    7.5000   -7.5000   15.000015253.6777    9.3102
   -7.5000    0.0000   15.000015985.1602    9.3119
    0.0000    0.0000   15.000016776.6836    9.3120
    7.5000    0.0000   15.000015772.1250    9.3002
   -7.5000    7.5000   15.000015513.2451    9.4935
    0.0000    7.5000   15.000016335.7803    9.4902
    7.5000    7.5000   15.000015232.2627    9.4764
   -7.5000   15.0000   15.000014980.3135    9.7177
    0.0000   15.0000   15.000015860.4229    9.7119
    7.5000   15.0000   15.000014661.8350    9.6983
   -7.5000   22.5000   15.000014171.3877    9.9608
    0.0000   22.5000   15.000014961.1865    9.9552
    7.5000   22.5000   15.000013863.0566    9.9425
   -7.5000   30.0000   15.000013197.4209   10.1132
    0.0000   30.0000   15.000013855.8086   10.1081
    7.5000   30.0000   15.000012916.1055   10.0950
   -7.5000   37.5000   15.000012752.4619   10.4333
    0.0000   37.5000   15.000013380.6299   10.4301
    7.5000   37.5000   15.000012474.2432   10.4169
   -7.5000   45.0000   15.000011895.1445   10.5233
    0.0000   45.0000   15.000012496.6094   10.5183
    7.5000   45.0000   15.000011653.5381   10.5064
   -7.5000  -45.0000   22.500011330.4609    9.7552
    0.0000  -45.0000   22.500011759.2402    9.7482
    7.5000  -45.0000   22.500011290.3291    9.7336
   -7.5000  -37.5000   22.500011728.1689    9.7723
    0.0000  -37.5000   22.500012142.3740    9.7623
    7.5000  -37.5000   22.500011624.5078    9.7463
   -7.5000  -30.0000   22.500012580.9775    9.5896
    0.0000  -30.0000   22.500013043.8125    9.5797
    7.5000  -30.0000   22.500012424.2998    9.5662
   -7.5000  -22.5000   22.500013343.4580    9.4405
    0.0000  -22.5000   22.500013850.9629    9.4332
    7.5000  -22.5000   22.500013155.0342    9.4221
   -7.5000  -15.0000   22.500014032.9131    9.3679
    0.0000  -15.0000   22.500014563.1689    9.3629
    7.5000  -15.0000   22.500013798.4395    9.3524
   -7.5000   -7.5000   22.500014625.2148    9.3327
    0.0000   -7.5000   22.500015254.1230    9.3279
    7.5000   -7.5000   22.500014368.9170    9.3158
   -7.5000    0.0000   22.500015103.9951    9.3265
    0.0000    0.0000   22.500015823.4434    9.3200
    7.5000    0.0000   22.500014838.2539    9.3065
   -7.5000    7.5000   22.500014565.7129    9.5130
    0.0000    7.5000   22.500015298.8555    9.5030
    7.5000    7.5000   22.500014307.3467    9.4877
   -7.5000   15.0000   22.500013966.1221    9.7401
    0.0000   15.0000   22.500014734.9727    9.7285
    7.5000   15.0000   22.500013720.1143    9.7131
   -7.5000   22.5000   22.500013183.5908    9.9828
    0.0000   22.5000   22.500013825.3594    9.9720
    7.5000   22.5000   22.500012951.5557    9.9570
   -7.5000   30.0000   22.500012281.6719   10.1332
    0.0000   30.0000   22.500012854.1191   10.1228
    7.5000   30.0000   22.500012102.4668   10.1063
   -7.5000   37.5000   22.500011900.8848   10.4536
    0.0000   37.5000   22.500012483.7422   10.4428
    7.5000   37.5000   22.500011746.0195   10.4266
   -7.5000   45.0000   22.500011128.9482   10.5467
    0.0000   45.0000   22.500011687.6709   10.5326
    7.5000   45.0000   22.500010982.5547   10.5190
   -7.5000  -45.0000   30.000010742.4727    9.8329
    0.0000  -45.0000   30.000011104.0156    9.8210
    7.5000  -45.0000   30.000010604.6279    9.8063
   -7.5000  -37.5000   30.000011106.4082    9.8542
    0.0000  -37.5000   30.000011457.9375    9.8380
    7.5000  -37.5000   30.000010900.8418    9.8215
   -7.5000  -30.0000   30.000011883.0869    9.6682
    0.0000  -30.0000   30.000012289.9443    9.6518
    7.5000  -30.0000   30.000011633.2666    9.6373
   -7.5000  -22.5000   30.000012537.6992    9.5123
    0.0000  -22.5000   30.000012988.0205    9.4994
    7.5000  -22.5000   30.000012280.4297    9.4876
   -7.5000  -15.0000   30.000013094.9639    9.4349
    0.0000  -15.0000   30.000013573.0586    9.4250
    7.5000  -15.0000   30.000012837.2305    9.4142
   -7.5000   -7.5000   30.000013605.3008    9.4002
    0.0000   -7.5000   30.000014153.7119    9.3908
    7.5000   -7.5000   30.000013341.3916    9.3787
   -7.5000    0.0000   30.000013976.8789    9.3977
    0.0000    0.0000   30.000014599.6416    9.3861
    7.5000    0.0000   30.000013723.4121    9.3725
   -7.5000    7.5000   30.000013441.5586    9.5903
    0.0000    7.5000   30.000014078.4258    9.5743
    7.5000    7.5000   30.000013231.5645    9.5585
   -7.5000   15.0000   30.000012859.1953    9.8232
    0.0000   15.0000   30.000013497.8135    9.8047
    7.5000   15.0000   30.000012679.4180    9.7878
   -7.5000   22.5000   30.000012129.5176   10.0662
    0.0000   22.5000   30.000012643.8623   10.0486
    7.5000   22.5000   30.000011944.0723   10.0318
   -7.5000   30.0000   30.000011307.3105   10.2159
    0.0000   30.0000   30.000011792.1641   10.1997
    7.5000   30.0000   30.000011168.4150   10.1815
   -7.5000   37.5000   30.000010974.5352   10.5434
    0.0000   37.5000   30.000011467.3604   10.5264
    7.5000   37.5000   30.000010858.3076   10.5085
   -7.5000   45.0000   30.000010237.5449   10.6453
    0.0000   45.0000   30.000010716.9316   10.6245
    7.5000   45.0000   30.000010154.9727   10.6094
   -7.5000  -45.0000   37.500010545.0947    9.9571
    0.0000  -45.0000   37.500010865.5332    9.9485
    7.5000  -45.0000   37.500010316.7275    9.9366
   -7.5000  -37.5000   37.500010816.9922    9.9781
    0.0000  -37.5000   37.500011132.3721    9.9640
    7.5000  -37.5000   37.500010562.9453    9.9489
   -7.5000  -30.0000   37.500011458.3965    9.7844
    0.0000  -30.0000   37.500011835.4834    9.7682
    7.5000  -30.0000   37.500011216.3350    9.7548
   -7.5000  -22.5000   37.500012028.7783    9.6235
    0.0000  -22.5000   37.500012449.7129    9.6095
    7.5000  -22.5000   37.500011800.5439    9.5993
   -7.5000  -15.0000   37.500012522.5391    9.5448
    0.0000  -15.0000   37.500012977.5752    9.5347
    7.5000  -15.0000   37.500012318.6533    9.5264
   -7.5000   -7.5000   37.500012951.2529    9.5120
    0.0000   -7.5000   37.500013482.7354    9.5042
    7.5000   -7.5000   37.500012759.2266    9.4949
   -7.5000    0.0000   37.500013315.8877    9.5114
    0.0000    0.0000   37.500013892.3105    9.5025
    7.5000    0.0000   37.500013100.4121    9.4910
   -7.5000    7.5000   37.500012806.4814    9.7072
    0.0000    7.5000   37.500013385.2646    9.6933
    7.5000    7.5000   37.500012635.7656    9.6788
   -7.5000   15.0000   37.500012238.4111    9.9456
    0.0000   15.0000   37.500012813.3105    9.9273
    7.5000   15.0000   37.500012096.8135    9.9111
   -7.5000   22.5000   37.500011524.2920   10.1927
    0.0000   22.5000   37.500012010.2422   10.1741
    7.5000   22.5000   37.500011380.6895   10.1586
   -7.5000   30.0000   37.500010751.5029   10.3470
    0.0000   30.0000   37.500011209.6816   10.3309
    7.5000   30.0000   37.500010630.4023   10.3151
   -7.5000   37.5000   37.500010434.4814   10.6856
    0.0000   37.5000   37.500010896.3018   10.6712
    7.5000   37.5000   37.500010332.0996   10.6552
   -7.5000   45.0000   37.5000 9766.3652   10.7962
    0.0000   45.0000   37.500010179.9014   10.7797
    7.5000   45.0000   37.5000 9673.9805   10.7654
   -7.5000  -45.0000   45.0000 9789.8594   10.1186
    0.0000  -45.0000   45.000010099.9932   10.1150
    7.5000  -45.0000   45.0000 9622.4297   10.1024
   -7.5000  -37.5000   45.0000 9956.2236   10.1373
    0.0000  -37.5000   45.000010246.4805   10.1279
    7.5000  -37.5000   45.0000 9789.4512   10.1112
   -7.5000  -30.0000   45.000010480.7598    9.9351
    0.0000  -30.0000   45.000010795.3535    9.9218
    7.5000  -30.0000   45.000010337.5605    9.9068
   -7.5000  -22.5000   45.000010986.2178    9.7707
    0.0000  -22.5000   45.000011346.5723    9.7584
    7.5000  -22.5000   45.000010843.7793    9.7469
   -7.5000  -15.0000   45.000011441.4268    9.6922
    0.0000  -15.0000   45.000011852.4590    9.6840
    7.5000  -15.0000   45.000011298.1123    9.6750
   -7.5000   -7.5000   45.000011851.3115    9.6591
    0.0000   -7.5000   45.000012285.1309    9.6548
    7.5000   -7.5000   45.000011678.1016    9.6452
   -7.5000    0.0000   45.000012169.0762    9.6567
    0.0000    0.0000   45.000012662.0674    9.6527
    7.5000    0.0000   45.000011991.2510    9.6404
   -7.5000    7.5000   45.000011678.0010    9.8562
    0.0000    7.5000   45.000012193.6982    9.8468
    7.5000    7.5000   45.000011543.2500    9.8308
   -7.5000   15.0000   45.000011141.8896   10.1023
    0.0000   15.0000   45.000011638.9102   10.0871
    7.5000   15.0000   45.000011001.3008   10.0693
   -7.5000   22.5000   45.000010472.2207   10.3593
    0.0000   22.5000   45.000010925.1787   10.3430
    7.5000   22.5000   45.000010340.4414   10.3265
   -7.5000   30.0000   45.0000 9761.5293   10.5225
    0.0000   30.0000   45.000010199.3965   10.5089
    7.5000   30.0000   45.0000 9669.7090   10.4932
   -7.5000   37.5000   45.0000 9482.6562   10.8741
    0.0000   37.5000   45.0000 9908.8926   10.8647
    7.5000   37.5000   45.0000 9410.8545   10.8484
   -7.5000   45.0000   45.0000 8905.8818   10.9982
    0.0000   45.0000   45.0000 9282.2354   10.9885
    7.5000   45.0000   45.0000 8818.1328   10.9722

---------------------------------------------------------------------
imgreg_4dfp /opt/freesurfer/average/711-2C_as_mni_average_305 /opt/freesurfer/average/711-2B_as_mni_average_305_mask talsrcimg_g11 none talsrcimg_to_711-2C_as_mni_average_305_t4 4355
---------------------------------------------------------------------

freesurfer imgreg_4dfp.c
/opt/freesurfer/average/711-2C_as_mni_average_305.4dfp.img
       256       256       256         1
  1.000000  1.000000  1.000000
orientation T byte_order littleendian
Reading image: /opt/freesurfer/average/711-2C_as_mni_average_305.4dfp.img
dimensions:      256       256       256
mmppix:       1.0000   -1.0000   -1.0000
center:     128.0000 -129.0000 -129.0000
/opt/freesurfer/average/711-2B_as_mni_average_305_mask.4dfp.img
       256       256       256         1
  1.000000  1.000000  1.000000
orientation T byte_order littleendian
Reading mask: /opt/freesurfer/average/711-2B_as_mni_average_305_mask.4dfp.img (2306576 pixels)
talsrcimg_g11.4dfp.img
       256       256       256         1
  1.000000  1.000000  1.000000
orientation T byte_order littleendian
Reading image: talsrcimg_g11.4dfp.img
dimensions:      256       256       256
mmppix:       1.0000   -1.0000   -1.0000
center:     128.0000 -129.0000 -129.0000
rotation matrix determinant  1.000000
image alignment mode   4355 decimal     1103 hex
   -7.5000  -45.0000  -45.0000 2264.5029   13.9735
    0.0000  -45.0000  -45.0000 2261.1497   13.9714
    7.5000  -45.0000  -45.0000 2237.7949   14.2138
   -7.5000  -37.5000  -45.0000 2289.4417   13.5689
    0.0000  -37.5000  -45.0000 2284.4514   13.5831
    7.5000  -37.5000  -45.0000 2261.3206   13.8057
   -7.5000  -30.0000  -45.0000 2313.0996   13.2225
    0.0000  -30.0000  -45.0000 2303.0847   13.2571
    7.5000  -30.0000  -45.0000 2281.2981   13.4822
   -7.5000  -22.5000  -45.0000 2340.9138   13.0334
    0.0000  -22.5000  -45.0000 2331.5510   13.0789
    7.5000  -22.5000  -45.0000 2314.7659   13.2672
   -7.5000  -15.0000  -45.0000 2368.4885   12.9035
    0.0000  -15.0000  -45.0000 2359.3110   12.9636
    7.5000  -15.0000  -45.0000 2342.2861   13.1501
   -7.5000   -7.5000  -45.0000 2398.9299   12.7911
    0.0000   -7.5000  -45.0000 2387.2500   12.8380
    7.5000   -7.5000  -45.0000 2364.4248   13.0588
   -7.5000    0.0000  -45.0000 2414.5547   12.6650
    0.0000    0.0000  -45.0000 2407.0986   12.7293
    7.5000    0.0000  -45.0000 2374.7944   12.9373
   -7.5000    7.5000  -45.0000 2425.8669   12.5246
    0.0000    7.5000  -45.0000 2416.9919   12.5994
    7.5000    7.5000  -45.0000 2382.1013   12.8247
   -7.5000   15.0000  -45.0000 2435.7771   12.4055
    0.0000   15.0000  -45.0000 2426.8643   12.4723
    7.5000   15.0000  -45.0000 2389.0076   12.7186
   -7.5000   22.5000  -45.0000 2440.0010   12.4304
    0.0000   22.5000  -45.0000 2429.9651   12.4395
    7.5000   22.5000  -45.0000 2395.1262   12.7030
   -7.5000   30.0000  -45.0000 2428.2844   12.6574
    0.0000   30.0000  -45.0000 2424.4160   12.6949
    7.5000   30.0000  -45.0000 2379.5916   12.9369
   -7.5000   37.5000  -45.0000 2400.0955   13.1674
    0.0000   37.5000  -45.0000 2395.1694   13.1961
    7.5000   37.5000  -45.0000 2348.7874   13.4108
   -7.5000   45.0000  -45.0000 2344.6187   13.8308
    0.0000   45.0000  -45.0000 2349.7544   13.8678
    7.5000   45.0000  -45.0000 2295.1953   14.0721
   -7.5000  -45.0000  -37.5000 2347.0122   12.9995
    0.0000  -45.0000  -37.5000 2343.8940   13.0045
    7.5000  -45.0000  -37.5000 2317.7727   13.1811
   -7.5000  -37.5000  -37.5000 2369.8479   12.6243
    0.0000  -37.5000  -37.5000 2361.7200   12.6676
    7.5000  -37.5000  -37.5000 2343.7551   12.8861
   -7.5000  -30.0000  -37.5000 2399.6589   12.3321
    0.0000  -30.0000  -37.5000 2389.6760   12.3734
    7.5000  -30.0000  -37.5000 2371.4050   12.5945
   -7.5000  -22.5000  -37.5000 2431.5449   12.1412
    0.0000  -22.5000  -37.5000 2423.8330   12.2064
    7.5000  -22.5000  -37.5000 2400.6931   12.3930
   -7.5000  -15.0000  -37.5000 2463.5708   11.9929
    0.0000  -15.0000  -37.5000 2450.5562   12.0262
    7.5000  -15.0000  -37.5000 2427.5598   12.2358
   -7.5000   -7.5000  -37.5000 2490.3208   11.8832
    0.0000   -7.5000  -37.5000 2482.3984   11.9098
    7.5000   -7.5000  -37.5000 2453.6914   12.1218
   -7.5000    0.0000  -37.5000 2505.2456   11.7408
    0.0000    0.0000  -37.5000 2504.6729   11.7723
    7.5000    0.0000  -37.5000 2466.0103   11.9907
   -7.5000    7.5000  -37.5000 2520.0615   11.6122
    0.0000    7.5000  -37.5000 2519.3210   11.6495
    7.5000    7.5000  -37.5000 2485.1479   11.8540
   -7.5000   15.0000  -37.5000 2524.9324   11.5410
    0.0000   15.0000  -37.5000 2521.9292   11.5750
    7.5000   15.0000  -37.5000 2490.6968   11.7786
   -7.5000   22.5000  -37.5000 2525.2915   11.5820
    0.0000   22.5000  -37.5000 2520.0339   11.6268
    7.5000   22.5000  -37.5000 2483.1719   11.8205
   -7.5000   30.0000  -37.5000 2518.1909   11.8083
    0.0000   30.0000  -37.5000 2514.7556   11.8489
    7.5000   30.0000  -37.5000 2469.9326   12.0432
   -7.5000   37.5000  -37.5000 2495.6860   12.2487
    0.0000   37.5000  -37.5000 2494.3013   12.3036
    7.5000   37.5000  -37.5000 2448.4917   12.5050
   -7.5000   45.0000  -37.5000 2437.7036   12.8008
    0.0000   45.0000  -37.5000 2445.8259   12.8470
    7.5000   45.0000  -37.5000 2394.2307   13.0631
   -7.5000  -45.0000  -30.0000 2469.3140   12.5604
    0.0000  -45.0000  -30.0000 2467.7095   12.5583
    7.5000  -45.0000  -30.0000 2444.6086   12.7313
   -7.5000  -37.5000  -30.0000 2495.2205   12.2769
    0.0000  -37.5000  -30.0000 2491.6570   12.2798
    7.5000  -37.5000  -30.0000 2471.6550   12.4708
   -7.5000  -30.0000  -30.0000 2526.6389   11.9580
    0.0000  -30.0000  -30.0000 2519.8943   11.9834
    7.5000  -30.0000  -30.0000 2499.3657   12.1936
   -7.5000  -22.5000  -30.0000 2564.1794   11.7305
    0.0000  -22.5000  -30.0000 2558.7886   11.7948
    7.5000  -22.5000  -30.0000 2531.0789   12.0063
   -7.5000  -15.0000  -30.0000 2591.5186   11.5334
    0.0000  -15.0000  -30.0000 2584.5293   11.5807
    7.5000  -15.0000  -30.0000 2563.0425   11.8132
   -7.5000   -7.5000  -30.0000 2618.0522   11.4099
    0.0000   -7.5000  -30.0000 2614.2034   11.4497
    7.5000   -7.5000  -30.0000 2588.9302   11.6817
   -7.5000    0.0000  -30.0000 2638.9189   11.3118
    0.0000    0.0000  -30.0000 2639.1531   11.3038
    7.5000    0.0000  -30.0000 2601.8369   11.5365
   -7.5000    7.5000  -30.0000 2654.3381   11.2021
    0.0000    7.5000  -30.0000 2656.0623   11.1952
    7.5000    7.5000  -30.0000 2621.1567   11.4038
   -7.5000   15.0000  -30.0000 2654.9902   11.1437
    0.0000   15.0000  -30.0000 2659.3440   11.1199
    7.5000   15.0000  -30.0000 2623.4126   11.2991
   -7.5000   22.5000  -30.0000 2657.4297   11.1837
    0.0000   22.5000  -30.0000 2655.4109   11.2027
    7.5000   22.5000  -30.0000 2618.2764   11.3733
   -7.5000   30.0000  -30.0000 2650.4746   11.4430
    0.0000   30.0000  -30.0000 2653.7166   11.4593
    7.5000   30.0000  -30.0000 2608.9910   11.6355
   -7.5000   37.5000  -30.0000 2632.2864   11.8451
    0.0000   37.5000  -30.0000 2637.6216   11.8735
    7.5000   37.5000  -30.0000 2591.9084   12.0672
   -7.5000   45.0000  -30.0000 2575.2432   12.3580
    0.0000   45.0000  -30.0000 2587.7720   12.3785
    7.5000   45.0000  -30.0000 2540.2090   12.5989
   -7.5000  -45.0000  -22.5000 2575.2800   11.9995
    0.0000  -45.0000  -22.5000 2572.0774   11.9993
    7.5000  -45.0000  -22.5000 2551.7700   12.1926
   -7.5000  -37.5000  -22.5000 2600.6055   11.7198
    0.0000  -37.5000  -22.5000 2595.4910   11.7333
    7.5000  -37.5000  -22.5000 2574.4341   11.9542
   -7.5000  -30.0000  -22.5000 2626.4910   11.4179
    0.0000  -30.0000  -22.5000 2619.0669   11.4570
    7.5000  -30.0000  -22.5000 2596.0933   11.6869
   -7.5000  -22.5000  -22.5000 2660.5286   11.1911
    0.0000  -22.5000  -22.5000 2657.8081   11.2285
    7.5000  -22.5000  -22.5000 2632.0940   11.4957
   -7.5000  -15.0000  -22.5000 2691.1309   11.0358
    0.0000  -15.0000  -22.5000 2691.1228   11.0622
    7.5000  -15.0000  -22.5000 2665.2354   11.2911
   -7.5000   -7.5000  -22.5000 2711.1233   10.8869
    0.0000   -7.5000  -22.5000 2708.8101   10.9221
    7.5000   -7.5000  -22.5000 2683.9204   11.1508
   -7.5000    0.0000  -22.5000 2730.8823   10.7692
    0.0000    0.0000  -22.5000 2732.2319   10.7965
    7.5000    0.0000  -22.5000 2697.9690   11.0192
   -7.5000    7.5000  -22.5000 2753.5442   10.6948
    0.0000    7.5000  -22.5000 2754.6116   10.6757
    7.5000    7.5000  -22.5000 2715.9580   10.8954
   -7.5000   15.0000  -22.5000 2759.0081   10.6155
    0.0000   15.0000  -22.5000 2762.8179   10.6116
    7.5000   15.0000  -22.5000 2719.9138   10.8135
   -7.5000   22.5000  -22.5000 2764.2378   10.6600
    0.0000   22.5000  -22.5000 2765.2156   10.6710
    7.5000   22.5000  -22.5000 2720.7632   10.8855
   -7.5000   30.0000  -22.5000 2758.2004   10.9467
    0.0000   30.0000  -22.5000 2766.3506   10.9441
    7.5000   30.0000  -22.5000 2722.1401   11.1518
   -7.5000   37.5000  -22.5000 2737.4895   11.3226
    0.0000   37.5000  -22.5000 2752.0842   11.3351
    7.5000   37.5000  -22.5000 2707.5427   11.5630
   -7.5000   45.0000  -22.5000 2676.7593   11.8684
    0.0000   45.0000  -22.5000 2695.9043   11.8581
    7.5000   45.0000  -22.5000 2657.8555   12.0930
   -7.5000  -45.0000  -15.0000 2636.4871   11.4387
    0.0000  -45.0000  -15.0000 2640.7893   11.4401
    7.5000  -45.0000  -15.0000 2621.9375   11.6244
   -7.5000  -37.5000  -15.0000 2660.9397   11.2062
    0.0000  -37.5000  -15.0000 2662.3838   11.1935
    7.5000  -37.5000  -15.0000 2636.6401   11.4233
   -7.5000  -30.0000  -15.0000 2691.4590   10.9437
    0.0000  -30.0000  -15.0000 2688.5898   10.9606
    7.5000  -30.0000  -15.0000 2660.7083   11.2008
   -7.5000  -22.5000  -15.0000 2722.7019   10.7034
    0.0000  -22.5000  -15.0000 2721.5515   10.7281
    7.5000  -22.5000  -15.0000 2690.7832   10.9947
   -7.5000  -15.0000  -15.0000 2744.5332   10.5332
    0.0000  -15.0000  -15.0000 2746.4382   10.5426
    7.5000  -15.0000  -15.0000 2710.9263   10.7848
   -7.5000   -7.5000  -15.0000 2763.9736   10.3529
    0.0000   -7.5000  -15.0000 2762.0735   10.3808
    7.5000   -7.5000  -15.0000 2727.0178   10.6215
   -7.5000    0.0000  -15.0000 2780.4380   10.2908
    0.0000    0.0000  -15.0000 2780.7266   10.2830
    7.5000    0.0000  -15.0000 2744.2910   10.5015
   -7.5000    7.5000  -15.0000 2801.1270   10.2231
    0.0000    7.5000  -15.0000 2805.1956   10.2052
    7.5000    7.5000  -15.0000 2769.3833   10.4150
   -7.5000   15.0000  -15.0000 2817.8843   10.1476
    0.0000   15.0000  -15.0000 2825.7031   10.1411
    7.5000   15.0000  -15.0000 2782.3721   10.3725
   -7.5000   22.5000  -15.0000 2829.6902   10.1469
    0.0000   22.5000  -15.0000 2834.7849   10.1561
    7.5000   22.5000  -15.0000 2786.1069   10.4381
   -7.5000   30.0000  -15.0000 2829.8369   10.4386
    0.0000   30.0000  -15.0000 2839.2014   10.4396
    7.5000   30.0000  -15.0000 2795.2576   10.7183
   -7.5000   37.5000  -15.0000 2809.6150   10.8673
    0.0000   37.5000  -15.0000 2829.2427   10.8743
    7.5000   37.5000  -15.0000 2778.5879   11.1099
   -7.5000   45.0000  -15.0000 2750.9866   11.3902
    0.0000   45.0000  -15.0000 2775.5667   11.4026
    7.5000   45.0000  -15.0000 2729.5911   11.6038
   -7.5000  -45.0000   -7.5000 2685.1384   10.9601
    0.0000  -45.0000   -7.5000 2687.6228   10.9373
    7.5000  -45.0000   -7.5000 2667.1411   11.1112
   -7.5000  -37.5000   -7.5000 2705.3005   10.7605
    0.0000  -37.5000   -7.5000 2705.5356   10.7266
    7.5000  -37.5000   -7.5000 2677.7834   10.9405
   -7.5000  -30.0000   -7.5000 2723.1372   10.5465
    0.0000  -30.0000   -7.5000 2725.2122   10.5134
    7.5000  -30.0000   -7.5000 2694.4453   10.7388
   -7.5000  -22.5000   -7.5000 2747.4392   10.3061
    0.0000  -22.5000   -7.5000 2750.5718   10.2864
    7.5000  -22.5000   -7.5000 2716.3540   10.5260
   -7.5000  -15.0000   -7.5000 2772.9597   10.0976
    0.0000  -15.0000   -7.5000 2773.2542   10.0849
    7.5000  -15.0000   -7.5000 2734.7698   10.3194
   -7.5000   -7.5000   -7.5000 2789.2273    9.9403
    0.0000   -7.5000   -7.5000 2789.6660    9.9358
    7.5000   -7.5000   -7.5000 2756.4539   10.1923
   -7.5000    0.0000   -7.5000 2807.2566    9.8651
    0.0000    0.0000   -7.5000 2809.6760    9.8667
    7.5000    0.0000   -7.5000 2777.9451   10.1088
   -7.5000    7.5000   -7.5000 2829.1821    9.8537
    0.0000    7.5000   -7.5000 2833.8958    9.8342
    7.5000    7.5000   -7.5000 2802.2278   10.0446
   -7.5000   15.0000   -7.5000 2855.2312    9.8489
    0.0000   15.0000   -7.5000 2866.7654    9.8382
    7.5000   15.0000   -7.5000 2824.7776   10.0516
   -7.5000   22.5000   -7.5000 2870.7878    9.8449
    0.0000   22.5000   -7.5000 2886.9690    9.8746
    7.5000   22.5000   -7.5000 2842.6082   10.1487
   -7.5000   30.0000   -7.5000 2880.0029   10.1080
    0.0000   30.0000   -7.5000 2890.5107   10.1338
    7.5000   30.0000   -7.5000 2842.7263   10.4098
   -7.5000   37.5000   -7.5000 2859.7803   10.5424
    0.0000   37.5000   -7.5000 2884.6118   10.5561
    7.5000   37.5000   -7.5000 2828.3481   10.7315
   -7.5000   45.0000   -7.5000 2806.3496   11.0420
    0.0000   45.0000   -7.5000 2831.0149   11.0384
    7.5000   45.0000   -7.5000 2783.2949   11.1874
   -7.5000  -45.0000    0.0000 2719.2732   10.5863
    0.0000  -45.0000    0.0000 2724.9016   10.5375
    7.5000  -45.0000    0.0000 2700.1340   10.7232
   -7.5000  -37.5000    0.0000 2729.1765   10.4088
    0.0000  -37.5000    0.0000 2727.5784   10.3643
    7.5000  -37.5000    0.0000 2698.4995   10.5536
   -7.5000  -30.0000    0.0000 2738.0403   10.2114
    0.0000  -30.0000    0.0000 2738.2590   10.1886
    7.5000  -30.0000    0.0000 2708.8435   10.3894
   -7.5000  -22.5000    0.0000 2754.4500    9.9913
    0.0000  -22.5000    0.0000 2756.1887    9.9816
    7.5000  -22.5000    0.0000 2726.4758   10.1923
   -7.5000  -15.0000    0.0000 2771.7209    9.7800
    0.0000  -15.0000    0.0000 2776.1855    9.7713
    7.5000  -15.0000    0.0000 2746.1606   10.0248
   -7.5000   -7.5000    0.0000 2785.8054    9.6529
    0.0000   -7.5000    0.0000 2794.7158    9.6686
    7.5000   -7.5000    0.0000 2768.3420    9.9343
   -7.5000    0.0000    0.0000 2804.3455    9.6238
    0.0000    0.0000    0.0000 2816.2422    9.6274
    7.5000    0.0000    0.0000 2795.7383    9.8894
   -7.5000    7.5000    0.0000 2834.7771    9.6745
    0.0000    7.5000    0.0000 2849.2700    9.6643
    7.5000    7.5000    0.0000 2822.8018    9.8639
   -7.5000   15.0000    0.0000 2876.9873    9.8325
    0.0000   15.0000    0.0000 2889.9719    9.8075
    7.5000   15.0000    0.0000 2857.3696    9.9209
   -7.5000   22.5000    0.0000 2915.3296    9.9535
    0.0000   22.5000    0.0000 2936.0579    9.9186
    7.5000   22.5000    0.0000 2883.6870   10.0200
   -7.5000   30.0000    0.0000 2921.4224   10.0888
    0.0000   30.0000    0.0000 2937.0867   10.0807
    7.5000   30.0000    0.0000 2878.0442   10.2255
   -7.5000   37.5000    0.0000 2893.0085   10.3874
    0.0000   37.5000    0.0000 2914.8613   10.3571
    7.5000   37.5000    0.0000 2858.0686   10.4825
   -7.5000   45.0000    0.0000 2830.0730   10.8508
    0.0000   45.0000    0.0000 2854.4912   10.8226
    7.5000   45.0000    0.0000 2810.8306   10.9440
   -7.5000  -45.0000    7.5000 2745.0034   10.2641
    0.0000  -45.0000    7.5000 2754.0811   10.2461
    7.5000  -45.0000    7.5000 2727.3467   10.4417
   -7.5000  -37.5000    7.5000 2744.7188   10.0670
    0.0000  -37.5000    7.5000 2750.6226   10.0856
    7.5000  -37.5000    7.5000 2724.8284   10.3087
   -7.5000  -30.0000    7.5000 2747.6426    9.8871
    0.0000  -30.0000    7.5000 2754.9465    9.9228
    7.5000  -30.0000    7.5000 2729.7332   10.1644
   -7.5000  -22.5000    7.5000 2747.1848    9.7029
    0.0000  -22.5000    7.5000 2760.9795    9.7404
    7.5000  -22.5000    7.5000 2737.7244   10.0057
   -7.5000  -15.0000    7.5000 2752.0718    9.5937
    0.0000  -15.0000    7.5000 2762.4231    9.5921
    7.5000  -15.0000    7.5000 2744.7529    9.8811
   -7.5000   -7.5000    7.5000 2764.8044    9.6071
    0.0000   -7.5000    7.5000 2776.8335    9.6019
    7.5000   -7.5000    7.5000 2765.0229    9.8702
   -7.5000    0.0000    7.5000 2795.9709    9.6564
    0.0000    0.0000    7.5000 2805.9143    9.6459
    7.5000    0.0000    7.5000 2790.5444    9.8794
   -7.5000    7.5000    7.5000 2843.4875    9.7572
    0.0000    7.5000    7.5000 2850.8545    9.7085
    7.5000    7.5000    7.5000 2823.1777    9.8865
   -7.5000   15.0000    7.5000 2886.6030    9.9377
    0.0000   15.0000    7.5000 2905.0916    9.8754
    7.5000   15.0000    7.5000 2864.2971    9.9783
   -7.5000   22.5000    7.5000 2927.1709   10.0797
    0.0000   22.5000    7.5000 2954.4043   10.0307
    7.5000   22.5000    7.5000 2894.1223   10.0800
   -7.5000   30.0000    7.5000 2935.1743   10.1978
    0.0000   30.0000    7.5000 2958.0884   10.1356
    7.5000   30.0000    7.5000 2892.7883   10.2242
   -7.5000   37.5000    7.5000 2898.0308   10.4232
    0.0000   37.5000    7.5000 2922.2764   10.3453
    7.5000   37.5000    7.5000 2865.5857   10.4602
   -7.5000   45.0000    7.5000 2824.6504   10.8581
    0.0000   45.0000    7.5000 2848.0679   10.7699
    7.5000   45.0000    7.5000 2808.9192   10.9283
   -7.5000  -45.0000   15.0000 2757.6565   10.0340
    0.0000  -45.0000   15.0000 2770.2654   10.0174
    7.5000  -45.0000   15.0000 2745.8987   10.2578
   -7.5000  -37.5000   15.0000 2752.8816    9.8767
    0.0000  -37.5000   15.0000 2761.1477    9.8723
    7.5000  -37.5000   15.0000 2742.0991   10.1287
   -7.5000  -30.0000   15.0000 2751.8281    9.7776
    0.0000  -30.0000   15.0000 2764.1265    9.7807
    7.5000  -30.0000   15.0000 2748.5125   10.0573
   -7.5000  -22.5000   15.0000 2743.0725    9.6877
    0.0000  -22.5000   15.0000 2755.9358    9.6992
    7.5000  -22.5000   15.0000 2745.0151    9.9922
   -7.5000  -15.0000   15.0000 2745.4307    9.7130
    0.0000  -15.0000   15.0000 2751.3433    9.6843
    7.5000  -15.0000   15.0000 2743.8926    9.9877
   -7.5000   -7.5000   15.0000 2756.7363    9.7601
    0.0000   -7.5000   15.0000 2766.8452    9.7254
    7.5000   -7.5000   15.0000 2755.3865    9.9798
   -7.5000    0.0000   15.0000 2781.0256    9.8177
    0.0000    0.0000   15.0000 2792.3613    9.7698
    7.5000    0.0000   15.0000 2772.5291    9.9796
   -7.5000    7.5000   15.0000 2828.0256    9.8679
    0.0000    7.5000   15.0000 2840.2202    9.8079
    7.5000    7.5000   15.0000 2811.7212    9.9970
   -7.5000   15.0000   15.0000 2875.1746   10.0383
    0.0000   15.0000   15.0000 2888.8066    9.9842
    7.5000   15.0000   15.0000 2855.4011   10.1151
   -7.5000   22.5000   15.0000 2909.3975   10.1560
    0.0000   22.5000   15.0000 2934.3452   10.1231
    7.5000   22.5000   15.0000 2882.9478   10.2206
   -7.5000   30.0000   15.0000 2914.0752   10.2584
    0.0000   30.0000   15.0000 2939.1169   10.1562
    7.5000   30.0000   15.0000 2883.2229   10.3529
   -7.5000   37.5000   15.0000 2876.7551   10.5663
    0.0000   37.5000   15.0000 2903.2554   10.4196
    7.5000   37.5000   15.0000 2856.2332   10.6448
   -7.5000   45.0000   15.0000 2805.2097   11.0740
    0.0000   45.0000   15.0000 2827.4758   10.9688
    7.5000   45.0000   15.0000 2790.9763   11.1607
   -7.5000  -45.0000   22.5000 2750.7505   10.0219
    0.0000  -45.0000   22.5000 2762.6702    9.9541
    7.5000  -45.0000   22.5000 2749.0649   10.2041
   -7.5000  -37.5000   22.5000 2753.1621    9.9714
    0.0000  -37.5000   22.5000 2758.3945    9.9091
    7.5000  -37.5000   22.5000 2741.8730   10.1449
   -7.5000  -30.0000   22.5000 2755.3044   10.0055
    0.0000  -30.0000   22.5000 2764.8574    9.9749
    7.5000  -30.0000   22.5000 2743.4072   10.1753
   -7.5000  -22.5000   22.5000 2755.5664   10.0253
    0.0000  -22.5000   22.5000 2763.3010    9.9863
    7.5000  -22.5000   22.5000 2745.2070   10.1981
   -7.5000  -15.0000   22.5000 2748.9678   10.0267
    0.0000  -15.0000   22.5000 2747.9980    9.9781
    7.5000  -15.0000   22.5000 2733.7058   10.1947
   -7.5000   -7.5000   22.5000 2751.0269   10.0456
    0.0000   -7.5000   22.5000 2761.4548    9.9831
    7.5000   -7.5000   22.5000 2738.0630   10.1678
   -7.5000    0.0000   22.5000 2765.0513   10.0535
    0.0000    0.0000   22.5000 2775.8904    9.9974
    7.5000    0.0000   22.5000 2749.3176   10.1778
   -7.5000    7.5000   22.5000 2802.4021   10.1019
    0.0000    7.5000   22.5000 2811.6169   10.0361
    7.5000    7.5000   22.5000 2783.9094   10.2045
   -7.5000   15.0000   22.5000 2839.9546   10.2456
    0.0000   15.0000   22.5000 2853.8459   10.1778
    7.5000   15.0000   22.5000 2821.6169   10.3145
   -7.5000   22.5000   22.5000 2867.2056   10.3808
    0.0000   22.5000   22.5000 2887.8726   10.2991
    7.5000   22.5000   22.5000 2842.6572   10.4450
   -7.5000   30.0000   22.5000 2871.2417   10.5395
    0.0000   30.0000   22.5000 2885.5940   10.3453
    7.5000   30.0000   22.5000 2846.8694   10.6150
   -7.5000   37.5000   22.5000 2834.5979   10.8866
    0.0000   37.5000   22.5000 2857.2986   10.7234
    7.5000   37.5000   22.5000 2820.0330   10.9527
   -7.5000   45.0000   22.5000 2761.7556   11.4064
    0.0000   45.0000   22.5000 2781.2668   11.3038
    7.5000   45.0000   22.5000 2752.0115   11.4815
   -7.5000  -45.0000   30.0000 2731.5774   10.3177
    0.0000  -45.0000   30.0000 2737.2756   10.1506
    7.5000  -45.0000   30.0000 2728.7278   10.3906
   -7.5000  -37.5000   30.0000 2739.0591   10.3650
    0.0000  -37.5000   30.0000 2738.0210   10.2140
    7.5000  -37.5000   30.0000 2717.8181   10.4175
   -7.5000  -30.0000   30.0000 2745.5557   10.4581
    0.0000  -30.0000   30.0000 2753.4617   10.3640
    7.5000  -30.0000   30.0000 2723.9519   10.5087
   -7.5000  -22.5000   30.0000 2738.3557   10.4521
    0.0000  -22.5000   30.0000 2751.3311   10.3625
    7.5000  -22.5000   30.0000 2725.4980   10.5127
   -7.5000  -15.0000   30.0000 2726.6455   10.4040
    0.0000  -15.0000   30.0000 2732.8247   10.3228
    7.5000  -15.0000   30.0000 2714.7087   10.5146
   -7.5000   -7.5000   30.0000 2729.9175   10.4102
    0.0000   -7.5000   30.0000 2741.3970   10.3126
    7.5000   -7.5000   30.0000 2712.0461   10.4993
   -7.5000    0.0000   30.0000 2736.4780   10.4472
    0.0000    0.0000   30.0000 2751.2588   10.3287
    7.5000    0.0000   30.0000 2719.5732   10.4975
   -7.5000    7.5000   30.0000 2758.4509   10.4912
    0.0000    7.5000   30.0000 2769.4941   10.3922
    7.5000    7.5000   30.0000 2743.5454   10.5529
   -7.5000   15.0000   30.0000 2783.3535   10.5917
    0.0000   15.0000   30.0000 2797.3523   10.4890
    7.5000   15.0000   30.0000 2773.1282   10.6602
   -7.5000   22.5000   30.0000 2801.2090   10.7495
    0.0000   22.5000   30.0000 2817.3962   10.5668
    7.5000   22.5000   30.0000 2786.4194   10.8091
   -7.5000   30.0000   30.0000 2795.9722   10.9588
    0.0000   30.0000   30.0000 2811.4724   10.7452
    7.5000   30.0000   30.0000 2782.8540   11.0174
   -7.5000   37.5000   30.0000 2765.4390   11.3607
    0.0000   37.5000   30.0000 2780.5981   11.2079
    7.5000   37.5000   30.0000 2751.7805   11.4274
   -7.5000   45.0000   30.0000 2693.2000   11.9014
    0.0000   45.0000   30.0000 2711.5701   11.7941
    7.5000   45.0000   30.0000 2682.3567   11.9792
   -7.5000  -45.0000   37.5000 2708.6248   10.8297
    0.0000  -45.0000   37.5000 2714.2415   10.5928
    7.5000  -45.0000   37.5000 2689.4241   10.7974
   -7.5000  -37.5000   37.5000 2709.5618   10.8753
    0.0000  -37.5000   37.5000 2709.8855   10.6312
    7.5000  -37.5000   37.5000 2682.4766   10.8530
   -7.5000  -30.0000   37.5000 2704.1848   10.9119
    0.0000  -30.0000   37.5000 2713.8010   10.7283
    7.5000  -30.0000   37.5000 2686.0366   10.9071
   -7.5000  -22.5000   37.5000 2700.3167   10.8855
    0.0000  -22.5000   37.5000 2712.7910   10.7531
    7.5000  -22.5000   37.5000 2686.2268   10.9328
   -7.5000  -15.0000   37.5000 2692.1609   10.8545
    0.0000  -15.0000   37.5000 2699.8877   10.7267
    7.5000  -15.0000   37.5000 2679.7764   10.9465
   -7.5000   -7.5000   37.5000 2690.4089   10.8452
    0.0000   -7.5000   37.5000 2700.8606   10.7032
    7.5000   -7.5000   37.5000 2676.2410   10.9353
   -7.5000    0.0000   37.5000 2697.5166   10.8688
    0.0000    0.0000   37.5000 2709.4761   10.7272
    7.5000    0.0000   37.5000 2683.2158   10.9449
   -7.5000    7.5000   37.5000 2713.2571   10.9576
    0.0000    7.5000   37.5000 2726.4856   10.8213
    7.5000    7.5000   37.5000 2703.1646   11.0312
   -7.5000   15.0000   37.5000 2724.7607   11.0862
    0.0000   15.0000   37.5000 2744.4470   10.9284
    7.5000   15.0000   37.5000 2719.5342   11.1515
   -7.5000   22.5000   37.5000 2727.7583   11.2647
    0.0000   22.5000   37.5000 2748.4814   11.0706
    7.5000   22.5000   37.5000 2716.3313   11.3150
   -7.5000   30.0000   37.5000 2716.3337   11.5167
    0.0000   30.0000   37.5000 2730.3394   11.3411
    7.5000   30.0000   37.5000 2706.6399   11.5811
   -7.5000   37.5000   37.5000 2679.6292   11.9999
    0.0000   37.5000   37.5000 2696.1499   11.8512
    7.5000   37.5000   37.5000 2674.3042   12.0410
   -7.5000   45.0000   37.5000 2617.5889   12.5797
    0.0000   45.0000   37.5000 2637.0850   12.4434
    7.5000   45.0000   37.5000 2615.5828   12.6382
   -7.5000  -45.0000   45.0000 2659.7725   11.3973
    0.0000  -45.0000   45.0000 2661.6270   11.0956
    7.5000  -45.0000   45.0000 2645.2087   11.3134
   -7.5000  -37.5000   45.0000 2653.2688   11.3746
    0.0000  -37.5000   45.0000 2648.3052   11.0884
    7.5000  -37.5000   45.0000 2636.8059   11.3358
   -7.5000  -30.0000   45.0000 2643.4314   11.3714
    0.0000  -30.0000   45.0000 2642.9729   11.1189
    7.5000  -30.0000   45.0000 2633.2739   11.3516
   -7.5000  -22.5000   45.0000 2642.4175   11.3893
    0.0000  -22.5000   45.0000 2646.3022   11.1684
    7.5000  -22.5000   45.0000 2632.2844   11.4146
   -7.5000  -15.0000   45.0000 2639.5137   11.3739
    0.0000  -15.0000   45.0000 2646.8147   11.1875
    7.5000  -15.0000   45.0000 2627.0867   11.4331
   -7.5000   -7.5000   45.0000 2638.7520   11.3687
    0.0000   -7.5000   45.0000 2647.2178   11.1851
    7.5000   -7.5000   45.0000 2625.6311   11.4471
   -7.5000    0.0000   45.0000 2641.6128   11.3882
    0.0000    0.0000   45.0000 2657.9998   11.2250
    7.5000    0.0000   45.0000 2637.5916   11.4806
   -7.5000    7.5000   45.0000 2643.4668   11.5017
    0.0000    7.5000   45.0000 2667.6460   11.3361
    7.5000    7.5000   45.0000 2645.6516   11.5863
   -7.5000   15.0000   45.0000 2651.6311   11.6753
    0.0000   15.0000   45.0000 2678.0168   11.4912
    7.5000   15.0000   45.0000 2652.6760   11.7308
   -7.5000   22.5000   45.0000 2643.7695   11.8881
    0.0000   22.5000   45.0000 2668.1084   11.7441
    7.5000   22.5000   45.0000 2640.0505   11.9658
   -7.5000   30.0000   45.0000 2617.7393   12.2327
    0.0000   30.0000   45.0000 2638.4084   12.1007
    7.5000   30.0000   45.0000 2617.0605   12.3240
   -7.5000   37.5000   45.0000 2584.5005   12.7796
    0.0000   37.5000   45.0000 2604.6841   12.6573
    7.5000   37.5000   45.0000 2586.4907   12.8335
   -7.5000   45.0000   45.0000 2531.8230   13.3958
    0.0000   45.0000   45.0000 2552.9856   13.2981
    7.5000   45.0000   45.0000 2535.1118   13.4639

---------------------------------------------------------------------
imgreg_4dfp /opt/freesurfer/average/711-2C_as_mni_average_305 /opt/freesurfer/average/711-2B_as_mni_average_305_mask talsrcimg_g11 none talsrcimg_to_711-2C_as_mni_average_305_t4 1283
---------------------------------------------------------------------

freesurfer imgreg_4dfp.c
/opt/freesurfer/average/711-2C_as_mni_average_305.4dfp.img
       256       256       256         1
  1.000000  1.000000  1.000000
orientation T byte_order littleendian
Reading image: /opt/freesurfer/average/711-2C_as_mni_average_305.4dfp.img
dimensions:      256       256       256
mmppix:       1.0000   -1.0000   -1.0000
center:     128.0000 -129.0000 -129.0000
/opt/freesurfer/average/711-2B_as_mni_average_305_mask.4dfp.img
       256       256       256         1
  1.000000  1.000000  1.000000
orientation T byte_order littleendian
Reading mask: /opt/freesurfer/average/711-2B_as_mni_average_305_mask.4dfp.img (2306576 pixels)
talsrcimg_g11.4dfp.img
       256       256       256         1
  1.000000  1.000000  1.000000
orientation T byte_order littleendian
Reading image: talsrcimg_g11.4dfp.img
dimensions:      256       256       256
mmppix:       1.0000   -1.0000   -1.0000
center:     128.0000 -129.0000 -129.0000
rotation matrix determinant  1.000000
fimgreg.f
image alignment mode   1283 decimal      503 hex
parameters
    0.0000   30.0000    7.5000    0.0000    0.0000    0.0000
eta,q 0.92888 10.15574
niter,ni,del,rscale     5    3   12.0000    1.2000
parameter  4  5.521520 ->  0.500000 qaram    1.1500
parameters
   -1.7006   28.9046    8.4755   -3.4500   -2.5248   -0.3838
eta,q 0.93990 10.06925
  0.0751  0.0729  0.0724  0.0586  0.0619  0.0648
  0.0713  0.0694  0.0695  0.0605  0.0606  0.0619
  0.0684  0.0679  0.0682  0.0638  0.0602  0.0604
  0.0687  0.0677  0.0674  0.0674  0.0612  0.0602
  0.0740  0.0696  0.0677  0.0706  0.0634  0.0614
  0.0810  0.0732  0.0683  0.0745  0.0689  0.0629
  0.0896  0.0793  0.0698  0.0777  0.0756  0.0658
niter,ni,del,rscale     5    3   12.0000    1.2000
parameter  4  0.825385 ->  0.500000 qaram    1.3225
parameters
   -1.3141   28.7201    8.0590   -7.4175   -3.6276   -0.9202
eta,q 0.94292 10.09398
  0.0797  0.0722  0.0654  0.0577  0.0603  0.0612
  0.0673  0.0638  0.0629  0.0571  0.0577  0.0584
  0.0608  0.0593  0.0607  0.0573  0.0567  0.0574
  0.0601  0.0603  0.0600  0.0599  0.0571  0.0570
  0.0617  0.0640  0.0614  0.0656  0.0577  0.0574
  0.0664  0.0673  0.0637  0.0697  0.0603  0.0596
  0.0732  0.0703  0.0673  0.0740  0.0650  0.0635
niter,ni,del,rscale     5    3   12.0000    1.2000
parameter  4  0.711244 ->  0.500000 qaram    1.5209
parameters
   -0.6368   29.2138    6.3024  -11.9801   -4.9199   -0.5758
eta,q 0.94535 10.17734
  0.0763  0.0695  0.0603  0.0541  0.0572  0.0632
  0.0655  0.0623  0.0571  0.0546  0.0559  0.0595
  0.0581  0.0582  0.0559  0.0556  0.0551  0.0566
  0.0571  0.0573  0.0574  0.0559  0.0550  0.0548
  0.0577  0.0590  0.0599  0.0596  0.0559  0.0549
  0.0607  0.0623  0.0625  0.0651  0.0574  0.0579
  0.0685  0.0644  0.0665  0.0699  0.0622  0.0621
niter,ni,del,rscale     5    3   12.0000    1.2000
parameter  4  1.078201 ->  0.500000 qaram    1.7490
parameters
   -0.3502   31.8477    4.4693  -17.2272   -4.2894   -0.7358
eta,q 0.95403 10.11774
  0.0721  0.0682  0.0572  0.0484  0.0569  0.0534
  0.0635  0.0608  0.0540  0.0464  0.0517  0.0496
  0.0569  0.0561  0.0523  0.0478  0.0477  0.0469
  0.0546  0.0546  0.0533  0.0523  0.0459  0.0460
  0.0556  0.0537  0.0569  0.0576  0.0468  0.0469
  0.0604  0.0531  0.0614  0.0624  0.0487  0.0502
  0.0697  0.0547  0.0676  0.0653  0.0533  0.0544
niter,ni,del,rscale     5    3   12.0000    1.2000
parameters
   -0.8888   34.1326    3.0689  -20.7321   -3.8181   -0.7244
eta,q 0.96013 10.10382
  0.0636  0.0632  0.0507  0.0489  0.0506  0.0483
  0.0521  0.0553  0.0456  0.0416  0.0446  0.0444
  0.0460  0.0496  0.0437  0.0399  0.0408  0.0418
  0.0460  0.0456  0.0440  0.0434  0.0399  0.0399
  0.0490  0.0441  0.0482  0.0491  0.0396  0.0401
  0.0579  0.0444  0.0533  0.0561  0.0417  0.0436
  0.0708  0.0484  0.0592  0.0662  0.0481  0.0492
niter,ni,del,rscale     4    3   12.0000    1.2000
parameters
   -1.2397   34.4261    1.6569  -21.4323   -3.7593   -0.5493
eta,q 0.96315 10.06112
  0.0593  0.0551  0.0472  0.0537  0.0483  0.0480
  0.0462  0.0494  0.0401  0.0485  0.0424  0.0433
  0.0396  0.0439  0.0371  0.0393  0.0384  0.0395
  0.0399  0.0396  0.0393  0.0373  0.0370  0.0370
  0.0419  0.0399  0.0439  0.0441  0.0377  0.0375
  0.0502  0.0455  0.0499  0.0508  0.0413  0.0417
  0.0642  0.0545  0.0579  0.0575  0.0486  0.0478
niter,ni,del,rscale     3    3   12.0000    1.2000
parameters
   -1.3158   34.3594    1.5660  -21.6317   -3.7304   -0.5468
eta,q 0.96319 10.05269
  0.0598  0.0546  0.0522  0.0544  0.0483  0.0475
  0.0465  0.0477  0.0438  0.0501  0.0423  0.0427
  0.0380  0.0410  0.0380  0.0408  0.0383  0.0390
  0.0368  0.0368  0.0369  0.0368  0.0368  0.0368
  0.0389  0.0384  0.0398  0.0425  0.0375  0.0377
  0.0470  0.0468  0.0451  0.0495  0.0413  0.0421
  0.0611  0.0573  0.0521  0.0562  0.0488  0.0483
niter,ni,del,rscale     2    3   12.0000    1.2000
parameters
   -1.3223   34.3651    1.5476  -21.6989   -3.7245   -0.5515
eta,q 0.96319 10.05025
  0.0602  0.0550  0.0525  0.0546  0.0482  0.0475
  0.0468  0.0481  0.0439  0.0505  0.0423  0.0426
  0.0382  0.0412  0.0381  0.0412  0.0382  0.0390
  0.0368  0.0368  0.0368  0.0368  0.0368  0.0368
  0.0387  0.0380  0.0395  0.0420  0.0375  0.0377
  0.0465  0.0464  0.0447  0.0492  0.0414  0.0421
  0.0605  0.0571  0.0518  0.0559  0.0489  0.0483
registration optimization eta report
parameter search radius
    6.0000    6.0000    6.0000   10.4940    6.0000    6.0000
100000*second partial in parameter space
       67.       52.       42.       15.       33.       30.
  0.0602  0.0550  0.0525  0.0546  0.0482  0.0475
  0.0468  0.0481  0.0439  0.0505  0.0423  0.0426
  0.0382  0.0412  0.0381  0.0412  0.0382  0.0390
  0.0368  0.0368  0.0368  0.0368  0.0368  0.0368
  0.0387  0.0380  0.0395  0.0420  0.0375  0.0377
  0.0465  0.0464  0.0447  0.0492  0.0414  0.0421
  0.0605  0.0571  0.0518  0.0559  0.0489  0.0483
   -1.3223   34.3651    1.5476  -21.6989   -3.7245   -0.5515
eta,q 0.96319 10.05025

---------------------------------------------------------------------
imgreg_4dfp /opt/freesurfer/average/711-2C_as_mni_average_305 /opt/freesurfer/average/711-2B_as_mni_average_305_mask talsrcimg_g11 none talsrcimg_to_711-2C_as_mni_average_305_t4 3335
---------------------------------------------------------------------

freesurfer imgreg_4dfp.c
/opt/freesurfer/average/711-2C_as_mni_average_305.4dfp.img
       256       256       256         1
  1.000000  1.000000  1.000000
orientation T byte_order littleendian
Reading image: /opt/freesurfer/average/711-2C_as_mni_average_305.4dfp.img
dimensions:      256       256       256
mmppix:       1.0000   -1.0000   -1.0000
center:     128.0000 -129.0000 -129.0000
/opt/freesurfer/average/711-2B_as_mni_average_305_mask.4dfp.img
       256       256       256         1
  1.000000  1.000000  1.000000
orientation T byte_order littleendian
Reading mask: /opt/freesurfer/average/711-2B_as_mni_average_305_mask.4dfp.img (2306576 pixels)
talsrcimg_g11.4dfp.img
       256       256       256         1
  1.000000  1.000000  1.000000
orientation T byte_order littleendian
Reading image: talsrcimg_g11.4dfp.img
dimensions:      256       256       256
mmppix:       1.0000   -1.0000   -1.0000
center:     128.0000 -129.0000 -129.0000
fimgreg.f
image alignment mode   3335 decimal      D07 hex
parameters
   -1.3223   34.3651    1.5476   -0.2158   -7.0672   -7.2823
   -1.5073    6.3911   -0.9605   36.9131   -6.4958  -36.8948
eta,q 0.96459 10.10844
niter,ni,del,rscale     5    3    5.0000    1.2000
parameter  4  1.249695 ->  0.500000 qaram    1.1500
parameter  5  1.692781 ->  0.500000 qaram    1.1500
parameters
   -1.2753   34.5643    1.4401   -4.3558  -11.2072   -8.1533
   -0.6856    7.3875   -0.4432   35.9255   -5.5520  -33.3571
eta,q 0.97369 10.03789
  0.0402  0.0390  0.0378  0.0305  0.0263  0.0305  0.0324  0.0360  0.0307  0.0304  0.0291  0.0316
  0.0377  0.0371  0.0364  0.0306  0.0269  0.0288  0.0299  0.0318  0.0288  0.0284  0.0279  0.0295
  0.0360  0.0359  0.0356  0.0321  0.0285  0.0277  0.0282  0.0288  0.0276  0.0272  0.0272  0.0280
  0.0354  0.0354  0.0354  0.0354  0.0309  0.0272  0.0273  0.0273  0.0271  0.0271  0.0270  0.0270
  0.0358  0.0356  0.0358  0.0396  0.0335  0.0277  0.0275  0.0272  0.0273  0.0280  0.0270  0.0264
  0.0373  0.0364  0.0368  0.0435  0.0363  0.0296  0.0286  0.0291  0.0283  0.0300  0.0274  0.0264
  0.0399  0.0380  0.0383  0.0476  0.0394  0.0336  0.0306  0.0324  0.0298  0.0331  0.0281  0.0270
niter,ni,del,rscale     6    3    5.0000    1.2000
parameters
   -1.2211   34.4819    1.5506   -6.7797  -13.4116   -7.2431
   -0.3723    7.5175   -0.2107   35.7032   -5.6789  -33.6857
eta,q 0.97421  9.97370
  0.0322  0.0300  0.0292  0.0290  0.0285  0.0301  0.0299  0.0322  0.0289  0.0297  0.0270  0.0277
  0.0289  0.0279  0.0277  0.0274  0.0267  0.0280  0.0278  0.0288  0.0273  0.0277  0.0263  0.0266
  0.0269  0.0266  0.0267  0.0263  0.0259  0.0266  0.0264  0.0266  0.0262  0.0263  0.0259  0.0260
  0.0263  0.0263  0.0263  0.0263  0.0263  0.0259  0.0258  0.0258  0.0258  0.0258  0.0258  0.0258
  0.0269  0.0269  0.0265  0.0282  0.0278  0.0259  0.0261  0.0262  0.0261  0.0262  0.0259  0.0261
  0.0287  0.0283  0.0273  0.0323  0.0302  0.0265  0.0273  0.0284  0.0270  0.0278  0.0264  0.0269
  0.0315  0.0305  0.0288  0.0366  0.0330  0.0286  0.0293  0.0319  0.0285  0.0305  0.0271  0.0281
niter,ni,del,rscale     5    3    5.0000    1.2000
parameters
   -1.2582   34.5439    1.6149   -6.9252  -13.7157   -7.2168
   -0.3819    7.4756   -0.1857   35.8476   -5.7478  -33.7710
eta,q 0.97419  9.96488
  0.0306  0.0299  0.0283  0.0305  0.0302  0.0292  0.0295  0.0318  0.0287  0.0300  0.0270  0.0278
  0.0279  0.0277  0.0270  0.0285  0.0279  0.0274  0.0276  0.0285  0.0272  0.0279  0.0263  0.0267
  0.0263  0.0263  0.0262  0.0269  0.0263  0.0262  0.0263  0.0265  0.0262  0.0265  0.0259  0.0261
  0.0258  0.0258  0.0258  0.0258  0.0258  0.0258  0.0258  0.0258  0.0258  0.0258  0.0258  0.0258
  0.0264  0.0262  0.0260  0.0258  0.0265  0.0260  0.0263  0.0264  0.0262  0.0261  0.0259  0.0260
  0.0281  0.0274  0.0267  0.0279  0.0283  0.0269  0.0275  0.0285  0.0271  0.0274  0.0263  0.0268
  0.0308  0.0294  0.0281  0.0319  0.0309  0.0295  0.0296  0.0321  0.0287  0.0299  0.0271  0.0279
niter,ni,del,rscale     4    3    5.0000    1.2000
parameters
   -1.2663   34.5830    1.6044   -6.9096  -13.7837   -7.2212
   -0.3879    7.4690   -0.1838   35.9066   -5.7598  -33.8250
eta,q 0.97420  9.96527
  0.0306  0.0298  0.0281  0.0306  0.0304  0.0292  0.0295  0.0319  0.0287  0.0299  0.0270  0.0278
  0.0279  0.0276  0.0269  0.0286  0.0280  0.0274  0.0276  0.0286  0.0271  0.0278  0.0263  0.0267
  0.0263  0.0263  0.0261  0.0270  0.0264  0.0262  0.0262  0.0265  0.0261  0.0264  0.0259  0.0261
  0.0258  0.0258  0.0258  0.0258  0.0258  0.0258  0.0258  0.0258  0.0258  0.0258  0.0258  0.0258
  0.0264  0.0262  0.0260  0.0257  0.0264  0.0260  0.0262  0.0263  0.0262  0.0261  0.0259  0.0260
  0.0280  0.0275  0.0269  0.0277  0.0281  0.0269  0.0275  0.0285  0.0271  0.0275  0.0263  0.0268
  0.0307  0.0295  0.0283  0.0316  0.0306  0.0296  0.0296  0.0320  0.0286  0.0300  0.0270  0.0279
niter,ni,del,rscale     3    3    5.0000    1.2000
parameters
   -1.2682   34.5911    1.5938   -6.9036  -13.8083   -7.2244
   -0.3878    7.4671   -0.1851   35.9258   -5.7771  -33.8480
eta,q 0.97419  9.96553
  0.0307  0.0297  0.0281  0.0306  0.0304  0.0292  0.0295  0.0319  0.0287  0.0298  0.0270  0.0279
  0.0279  0.0276  0.0269  0.0286  0.0281  0.0274  0.0276  0.0286  0.0271  0.0278  0.0263  0.0267
  0.0263  0.0262  0.0261  0.0270  0.0264  0.0262  0.0262  0.0265  0.0261  0.0264  0.0259  0.0261
  0.0258  0.0258  0.0258  0.0258  0.0258  0.0258  0.0258  0.0258  0.0258  0.0258  0.0258  0.0258
  0.0264  0.0263  0.0260  0.0257  0.0263  0.0260  0.0262  0.0263  0.0262  0.0261  0.0259  0.0260
  0.0280  0.0276  0.0269  0.0277  0.0280  0.0269  0.0275  0.0285  0.0271  0.0275  0.0263  0.0268
  0.0306  0.0296  0.0283  0.0317  0.0306  0.0296  0.0296  0.0320  0.0286  0.0300  0.0270  0.0279
registration optimization eta report
parameter search radius
    2.4000    2.4000    2.4000    8.2800    8.2800    7.2000
    7.2000    7.2000    7.2000    7.2000    7.2000    7.2000
100000*second partial in parameter space
       84.       66.       41.        8.        7.        7.
        7.       12.        5.        8.        2.        4.
  0.0307  0.0297  0.0281  0.0306  0.0304  0.0292  0.0295  0.0319  0.0287  0.0298  0.0270  0.0279
  0.0279  0.0276  0.0269  0.0286  0.0281  0.0274  0.0276  0.0286  0.0271  0.0278  0.0263  0.0267
  0.0263  0.0262  0.0261  0.0270  0.0264  0.0262  0.0262  0.0265  0.0261  0.0264  0.0259  0.0261
  0.0258  0.0258  0.0258  0.0258  0.0258  0.0258  0.0258  0.0258  0.0258  0.0258  0.0258  0.0258
  0.0264  0.0263  0.0260  0.0257  0.0263  0.0260  0.0262  0.0263  0.0262  0.0261  0.0259  0.0260
  0.0280  0.0276  0.0269  0.0277  0.0280  0.0269  0.0275  0.0285  0.0271  0.0275  0.0263  0.0268
  0.0306  0.0296  0.0283  0.0317  0.0306  0.0296  0.0296  0.0320  0.0286  0.0300  0.0270  0.0279
   -1.2682   34.5911    1.5938   -6.9036  -13.8083   -7.2244
   -0.3878    7.4671   -0.1851   35.9258   -5.7771  -33.8480
eta,q 0.97419  9.96553

---------------------------------------------------------------------
imgreg_4dfp /opt/freesurfer/average/711-2C_as_mni_average_305 /opt/freesurfer/average/711-2B_as_mni_average_305_mask talsrcimg_g11 none talsrcimg_to_711-2C_as_mni_average_305_t4 2311
---------------------------------------------------------------------

freesurfer imgreg_4dfp.c
/opt/freesurfer/average/711-2C_as_mni_average_305.4dfp.img
       256       256       256         1
  1.000000  1.000000  1.000000
orientation T byte_order littleendian
Reading image: /opt/freesurfer/average/711-2C_as_mni_average_305.4dfp.img
dimensions:      256       256       256
mmppix:       1.0000   -1.0000   -1.0000
center:     128.0000 -129.0000 -129.0000
/opt/freesurfer/average/711-2B_as_mni_average_305_mask.4dfp.img
       256       256       256         1
  1.000000  1.000000  1.000000
orientation T byte_order littleendian
Reading mask: /opt/freesurfer/average/711-2B_as_mni_average_305_mask.4dfp.img (2306576 pixels)
talsrcimg_g11.4dfp.img
       256       256       256         1
  1.000000  1.000000  1.000000
orientation T byte_order littleendian
Reading image: talsrcimg_g11.4dfp.img
dimensions:      256       256       256
mmppix:       1.0000   -1.0000   -1.0000
center:     128.0000 -129.0000 -129.0000
fimgreg.f
image alignment mode   2311 decimal      907 hex
parameters
   -1.2682   34.5911    1.5938   -6.9036  -13.8083   -7.2244
   -0.3878    7.4671   -0.1851   35.9258   -5.7771  -33.8480
eta,q 0.97419  9.96553
niter,ni,del,rscale     5    3    5.0000    0.8000
parameters
   -1.2808   34.5826    1.6241   -5.8326  -13.8275   -6.8431
   -0.4386    7.5185   -0.2738   36.0901   -5.8216  -33.9024
eta,q 0.97443 10.01345
  0.0279  0.0275  0.0269  0.0282  0.0273  0.0273  0.0274  0.0286  0.0269  0.0276  0.0262  0.0264
  0.0267  0.0266  0.0263  0.0272  0.0264  0.0264  0.0264  0.0270  0.0262  0.0266  0.0258  0.0260
  0.0260  0.0260  0.0259  0.0264  0.0258  0.0258  0.0258  0.0260  0.0257  0.0259  0.0256  0.0257
  0.0258  0.0258  0.0258  0.0258  0.0256  0.0256  0.0256  0.0256  0.0256  0.0256  0.0256  0.0256
  0.0261  0.0260  0.0259  0.0256  0.0258  0.0257  0.0258  0.0258  0.0258  0.0257  0.0256  0.0256
  0.0268  0.0266  0.0262  0.0259  0.0264  0.0260  0.0264  0.0268  0.0263  0.0263  0.0258  0.0260
  0.0280  0.0276  0.0269  0.0269  0.0274  0.0269  0.0274  0.0286  0.0270  0.0275  0.0262  0.0266
niter,ni,del,rscale     4    3    5.0000    0.7000
parameters
   -1.2731   34.5788    1.6567   -5.8322  -13.8961   -6.7440
   -0.4305    7.5661   -0.3153   36.1634   -5.8604  -33.8767
eta,q 0.97444 10.01565
  0.0274  0.0269  0.0265  0.0272  0.0269  0.0267  0.0270  0.0279  0.0266  0.0271  0.0260  0.0262
  0.0264  0.0262  0.0260  0.0265  0.0262  0.0261  0.0262  0.0266  0.0260  0.0263  0.0257  0.0259
  0.0258  0.0257  0.0257  0.0259  0.0257  0.0257  0.0257  0.0259  0.0257  0.0258  0.0256  0.0257
  0.0256  0.0256  0.0256  0.0256  0.0256  0.0256  0.0256  0.0256  0.0256  0.0256  0.0256  0.0256
  0.0258  0.0257  0.0256  0.0256  0.0257  0.0257  0.0257  0.0257  0.0257  0.0257  0.0256  0.0256
  0.0263  0.0262  0.0259  0.0262  0.0262  0.0260  0.0262  0.0265  0.0261  0.0262  0.0258  0.0258
  0.0273  0.0270  0.0264  0.0274  0.0270  0.0267  0.0270  0.0279  0.0266  0.0271  0.0260  0.0263
niter,ni,del,rscale     3    3    5.0000    0.6000
parameters
   -1.2705   34.5859    1.6711   -5.7057  -13.9223   -6.6966
   -0.4517    7.6017   -0.3489   36.2008   -5.8996  -33.8258
eta,q 0.97446 10.01958
  0.0269  0.0266  0.0262  0.0269  0.0266  0.0264  0.0266  0.0273  0.0263  0.0267  0.0259  0.0261
  0.0261  0.0260  0.0259  0.0263  0.0260  0.0259  0.0260  0.0264  0.0259  0.0261  0.0257  0.0258
  0.0257  0.0257  0.0256  0.0258  0.0257  0.0257  0.0257  0.0258  0.0256  0.0257  0.0256  0.0256
  0.0256  0.0256  0.0256  0.0256  0.0256  0.0256  0.0255  0.0256  0.0255  0.0255  0.0255  0.0255
  0.0257  0.0257  0.0256  0.0256  0.0257  0.0256  0.0257  0.0257  0.0257  0.0256  0.0256  0.0256
  0.0261  0.0260  0.0258  0.0260  0.0260  0.0259  0.0260  0.0262  0.0259  0.0260  0.0257  0.0257
  0.0268  0.0266  0.0262  0.0268  0.0266  0.0264  0.0266  0.0273  0.0264  0.0267  0.0259  0.0261
niter,ni,del,rscale     2    3    5.0000    0.5000
parameters
   -1.2706   34.5903    1.6857   -5.6042  -13.9389   -6.6689
   -0.4697    7.6338   -0.3679   36.2320   -5.9085  -33.7566
eta,q 0.97447 10.02196
  0.0265  0.0263  0.0260  0.0265  0.0262  0.0261  0.0263  0.0267  0.0261  0.0263  0.0258  0.0259
  0.0259  0.0259  0.0258  0.0260  0.0259  0.0258  0.0259  0.0261  0.0258  0.0259  0.0256  0.0257
  0.0256  0.0256  0.0256  0.0257  0.0256  0.0256  0.0256  0.0257  0.0256  0.0256  0.0256  0.0256
  0.0255  0.0255  0.0255  0.0255  0.0255  0.0255  0.0255  0.0255  0.0255  0.0255  0.0255  0.0255
  0.0256  0.0256  0.0256  0.0256  0.0256  0.0256  0.0256  0.0256  0.0256  0.0256  0.0256  0.0256
  0.0260  0.0259  0.0257  0.0259  0.0259  0.0258  0.0259  0.0260  0.0258  0.0259  0.0256  0.0257
  0.0264  0.0262  0.0260  0.0264  0.0263  0.0261  0.0263  0.0267  0.0261  0.0264  0.0258  0.0259
niter,ni,del,rscale     1    3    5.0000    0.4000
parameters
   -1.2691   34.5932    1.7079   -5.5181  -13.9374   -6.6535
   -0.4807    7.6791   -0.3961   36.2509   -5.9173  -33.6794
eta,q 0.97447 10.02360
  0.0261  0.0260  0.0258  0.0261  0.0260  0.0259  0.0260  0.0263  0.0259  0.0260  0.0257  0.0258
  0.0258  0.0257  0.0257  0.0258  0.0257  0.0257  0.0257  0.0259  0.0257  0.0258  0.0256  0.0257
  0.0256  0.0256  0.0256  0.0256  0.0256  0.0256  0.0256  0.0256  0.0256  0.0256  0.0255  0.0256
  0.0255  0.0255  0.0255  0.0255  0.0255  0.0255  0.0255  0.0255  0.0255  0.0255  0.0255  0.0255
  0.0256  0.0256  0.0256  0.0256  0.0256  0.0256  0.0256  0.0256  0.0256  0.0256  0.0255  0.0255
  0.0258  0.0257  0.0257  0.0257  0.0257  0.0257  0.0257  0.0258  0.0257  0.0257  0.0256  0.0256
  0.0261  0.0260  0.0258  0.0261  0.0260  0.0259  0.0260  0.0263  0.0259  0.0261  0.0257  0.0258
registration optimization eta report
parameter search radius
    0.8000    0.8000    0.8000    2.4000    2.4000    2.4000
    2.4000    2.4000    2.4000    2.4000    2.4000    2.4000
100000*second partial in parameter space
       91.       72.       45.       10.        8.        7.
        8.       13.        6.        9.        3.        4.
  0.0261  0.0260  0.0258  0.0261  0.0260  0.0259  0.0260  0.0263  0.0259  0.0260  0.0257  0.0258
  0.0258  0.0257  0.0257  0.0258  0.0257  0.0257  0.0257  0.0259  0.0257  0.0258  0.0256  0.0257
  0.0256  0.0256  0.0256  0.0256  0.0256  0.0256  0.0256  0.0256  0.0256  0.0256  0.0255  0.0256
  0.0255  0.0255  0.0255  0.0255  0.0255  0.0255  0.0255  0.0255  0.0255  0.0255  0.0255  0.0255
  0.0256  0.0256  0.0256  0.0256  0.0256  0.0256  0.0256  0.0256  0.0256  0.0256  0.0255  0.0255
  0.0258  0.0257  0.0257  0.0257  0.0257  0.0257  0.0257  0.0258  0.0257  0.0257  0.0256  0.0256
  0.0261  0.0260  0.0258  0.0261  0.0260  0.0259  0.0260  0.0263  0.0259  0.0261  0.0257  0.0258
   -1.2691   34.5932    1.7079   -5.5181  -13.9374   -6.6535
   -0.4807    7.6791   -0.3961   36.2509   -5.9173  -33.6794
eta,q 0.97447 10.02360

---------------------------------------------------------------------
imgreg_4dfp /opt/freesurfer/average/711-2C_as_mni_average_305 /opt/freesurfer/average/711-2B_as_mni_average_305_mask talsrcimg_g11 none talsrcimg_to_711-2C_as_mni_average_305_t4 2311
---------------------------------------------------------------------

freesurfer imgreg_4dfp.c
/opt/freesurfer/average/711-2C_as_mni_average_305.4dfp.img
       256       256       256         1
  1.000000  1.000000  1.000000
orientation T byte_order littleendian
Reading image: /opt/freesurfer/average/711-2C_as_mni_average_305.4dfp.img
dimensions:      256       256       256
mmppix:       1.0000   -1.0000   -1.0000
center:     128.0000 -129.0000 -129.0000
/opt/freesurfer/average/711-2B_as_mni_average_305_mask.4dfp.img
       256       256       256         1
  1.000000  1.000000  1.000000
orientation T byte_order littleendian
Reading mask: /opt/freesurfer/average/711-2B_as_mni_average_305_mask.4dfp.img (2306576 pixels)
talsrcimg_g11.4dfp.img
       256       256       256         1
  1.000000  1.000000  1.000000
orientation T byte_order littleendian
Reading image: talsrcimg_g11.4dfp.img
dimensions:      256       256       256
mmppix:       1.0000   -1.0000   -1.0000
center:     128.0000 -129.0000 -129.0000
fimgreg.f
image alignment mode   2311 decimal      907 hex
parameters
   -1.2691   34.5932    1.7079   -5.5181  -13.9374   -6.6535
   -0.4807    7.6791   -0.3961   36.2509   -5.9173  -33.6794
eta,q 0.97447 10.02359
niter,ni,del,rscale     5    3    5.0000    0.8000
parameters
   -1.2436   34.6025    1.6998   -5.9692  -13.9248   -6.7994
   -0.4159    7.5876   -0.2894   36.0838   -5.7853  -33.8405
eta,q 0.97442 10.00751
  0.0280  0.0274  0.0267  0.0273  0.0274  0.0270  0.0274  0.0284  0.0270  0.0274  0.0262  0.0264
  0.0266  0.0264  0.0260  0.0265  0.0264  0.0262  0.0264  0.0269  0.0262  0.0264  0.0259  0.0260
  0.0258  0.0257  0.0257  0.0258  0.0258  0.0257  0.0258  0.0259  0.0257  0.0258  0.0256  0.0257
  0.0255  0.0255  0.0255  0.0255  0.0256  0.0256  0.0256  0.0256  0.0256  0.0256  0.0256  0.0256
  0.0258  0.0257  0.0257  0.0258  0.0257  0.0257  0.0258  0.0258  0.0257  0.0258  0.0256  0.0257
  0.0265  0.0263  0.0260  0.0268  0.0264  0.0262  0.0264  0.0269  0.0262  0.0265  0.0258  0.0260
  0.0278  0.0273  0.0267  0.0286  0.0274  0.0273  0.0273  0.0288  0.0269  0.0278  0.0262  0.0266
niter,ni,del,rscale     4    3    5.0000    0.7000
parameters
   -1.2638   34.5891    1.6732   -5.8261  -13.9000   -6.7465
   -0.4370    7.5745   -0.3093   36.1500   -5.8537  -33.8526
eta,q 0.97444 10.01504
  0.0273  0.0269  0.0264  0.0273  0.0269  0.0267  0.0270  0.0278  0.0266  0.0271  0.0260  0.0262
  0.0263  0.0262  0.0260  0.0265  0.0262  0.0261  0.0262  0.0266  0.0260  0.0263  0.0257  0.0259
  0.0257  0.0257  0.0257  0.0259  0.0257  0.0257  0.0257  0.0258  0.0257  0.0258  0.0256  0.0257
  0.0256  0.0256  0.0256  0.0256  0.0256  0.0256  0.0256  0.0256  0.0256  0.0256  0.0256  0.0256
  0.0258  0.0258  0.0257  0.0256  0.0257  0.0257  0.0257  0.0257  0.0257  0.0257  0.0256  0.0256
  0.0264  0.0262  0.0260  0.0261  0.0262  0.0260  0.0262  0.0265  0.0261  0.0262  0.0258  0.0258
  0.0274  0.0270  0.0265  0.0273  0.0269  0.0267  0.0270  0.0280  0.0266  0.0271  0.0260  0.0263
niter,ni,del,rscale     3    3    5.0000    0.6000
parameters
   -1.2695   34.5877    1.6774   -5.7031  -13.9186   -6.7045
   -0.4513    7.6008   -0.3426   36.1958   -5.8911  -33.8138
eta,q 0.97446 10.01918
  0.0268  0.0266  0.0262  0.0269  0.0266  0.0264  0.0266  0.0273  0.0263  0.0267  0.0259  0.0261
  0.0261  0.0260  0.0259  0.0263  0.0260  0.0259  0.0260  0.0263  0.0259  0.0261  0.0257  0.0258
  0.0257  0.0257  0.0256  0.0258  0.0257  0.0257  0.0257  0.0258  0.0256  0.0257  0.0256  0.0256
  0.0256  0.0256  0.0256  0.0256  0.0255  0.0255  0.0255  0.0255  0.0255  0.0255  0.0255  0.0255
  0.0257  0.0257  0.0256  0.0256  0.0257  0.0256  0.0257  0.0257  0.0257  0.0256  0.0256  0.0256
  0.0261  0.0260  0.0258  0.0260  0.0260  0.0259  0.0260  0.0262  0.0259  0.0260  0.0257  0.0257
  0.0269  0.0266  0.0262  0.0268  0.0266  0.0264  0.0266  0.0273  0.0264  0.0267  0.0259  0.0261
niter,ni,del,rscale     2    3    5.0000    0.5000
parameters
   -1.2700   34.5902    1.6911   -5.6044  -13.9360   -6.6714
   -0.4678    7.6359   -0.3620   36.2301   -5.9057  -33.7489
eta,q 0.97447 10.02170
  0.0265  0.0263  0.0260  0.0265  0.0262  0.0261  0.0263  0.0267  0.0261  0.0264  0.0258  0.0259
  0.0259  0.0259  0.0258  0.0260  0.0259  0.0258  0.0259  0.0261  0.0258  0.0259  0.0256  0.0257
  0.0256  0.0256  0.0256  0.0257  0.0256  0.0256  0.0256  0.0257  0.0256  0.0256  0.0256  0.0256
  0.0255  0.0255  0.0255  0.0255  0.0255  0.0255  0.0255  0.0255  0.0255  0.0255  0.0255  0.0255
  0.0256  0.0256  0.0256  0.0256  0.0256  0.0256  0.0256  0.0256  0.0256  0.0256  0.0256  0.0256
  0.0260  0.0259  0.0257  0.0259  0.0259  0.0258  0.0259  0.0260  0.0258  0.0259  0.0256  0.0257
  0.0264  0.0262  0.0260  0.0264  0.0263  0.0261  0.0263  0.0267  0.0261  0.0264  0.0258  0.0259
niter,ni,del,rscale     1    3    5.0000    0.4000
parameters
   -1.2697   34.5940    1.7069   -5.5196  -13.9352   -6.6556
   -0.4838    7.6786   -0.3970   36.2524   -5.9109  -33.6799
eta,q 0.97447 10.02355
  0.0261  0.0260  0.0258  0.0261  0.0260  0.0259  0.0260  0.0263  0.0259  0.0261  0.0257  0.0258
  0.0258  0.0257  0.0257  0.0258  0.0257  0.0257  0.0257  0.0259  0.0257  0.0258  0.0256  0.0257
  0.0256  0.0256  0.0256  0.0256  0.0256  0.0256  0.0256  0.0256  0.0256  0.0256  0.0255  0.0256
  0.0255  0.0255  0.0255  0.0255  0.0255  0.0255  0.0255  0.0255  0.0255  0.0255  0.0255  0.0255
  0.0256  0.0256  0.0256  0.0256  0.0256  0.0256  0.0256  0.0256  0.0256  0.0256  0.0255  0.0255
  0.0258  0.0257  0.0257  0.0257  0.0257  0.0257  0.0257  0.0258  0.0257  0.0257  0.0256  0.0256
  0.0261  0.0260  0.0258  0.0261  0.0260  0.0259  0.0260  0.0263  0.0259  0.0261  0.0257  0.0258
registration optimization eta report
parameter search radius
    0.8000    0.8000    0.8000    2.4000    2.4000    2.4000
    2.4000    2.4000    2.4000    2.4000    2.4000    2.4000
100000*second partial in parameter space
       91.       72.       46.       10.        8.        7.
        8.       13.        6.        9.        3.        4.
  0.0261  0.0260  0.0258  0.0261  0.0260  0.0259  0.0260  0.0263  0.0259  0.0261  0.0257  0.0258
  0.0258  0.0257  0.0257  0.0258  0.0257  0.0257  0.0257  0.0259  0.0257  0.0258  0.0256  0.0257
  0.0256  0.0256  0.0256  0.0256  0.0256  0.0256  0.0256  0.0256  0.0256  0.0256  0.0255  0.0256
  0.0255  0.0255  0.0255  0.0255  0.0255  0.0255  0.0255  0.0255  0.0255  0.0255  0.0255  0.0255
  0.0256  0.0256  0.0256  0.0256  0.0256  0.0256  0.0256  0.0256  0.0256  0.0256  0.0255  0.0255
  0.0258  0.0257  0.0257  0.0257  0.0257  0.0257  0.0257  0.0258  0.0257  0.0257  0.0256  0.0256
  0.0261  0.0260  0.0258  0.0261  0.0260  0.0259  0.0260  0.0263  0.0259  0.0261  0.0257  0.0258
   -1.2697   34.5940    1.7069   -5.5196  -13.9352   -6.6556
   -0.4838    7.6786   -0.3970   36.2524   -5.9109  -33.6799
eta,q 0.97447 10.02355

---------------------------------------------------------------------
compute_vox2vox talsrcimg talsrcimg_to_711-2C_as_mni_average_305_t4 /opt/freesurfer/average/711-2C_as_mni_average_305
---------------------------------------------------------------------

freesurfer compute_vox2vox.c
Reading: talsrcimg.4dfp.ifh
Reading: talsrcimg_to_711-2C_as_mni_average_305_t4
Reading: /opt/freesurfer/average/711-2C_as_mni_average_305.4dfp.ifh
Writing: talsrcimg_to_711-2C_as_mni_average_305_t4_vox2vox.txt

start time Sat Nov 23 15:01:09 UTC 2024
end		time Sat Nov 23 15:02:08 UTC 2024

mpr2mni305 success

avi2talxfm orig_nu.mgz /opt/freesurfer/average/mni305.cor.mgz talsrcimg_to_711-2C_as_mni_average_305_t4_vox2vox.txt transforms/talairach.auto.xfm
avi2talxfm done
mv -f /scratch/tmp/fs_mp2rage_tests/sourcedata/freesurfer_mp2rage/sub-fsm14pu/mri/talsrcimg_to_711-2C_as_mni_average_305_t4_vox2vox.txt /scratch/tmp/fs_mp2rage_tests/sourcedata/freesurfer_mp2rage/sub-fsm14pu/mri/transforms/talsrcimg_to_711-2C_as_mni_average_305_t4_vox2vox.txt
lta_convert --src orig_nu.mgz --trg /opt/freesurfer/average/mni305.cor.mgz --inxfm transforms/talairach.auto.xfm --outlta transforms/talairach.auto.xfm.lta --subject fsaverage
7.3.2

--src: orig_nu.mgz src image (geometry).
--trg: /opt/freesurfer/average/mni305.cor.mgz trg image (geometry).
--inmni: transforms/talairach.auto.xfm input MNI/XFM transform.
--outlta: transforms/talairach.auto.xfm.lta output LTA.
--s: fsaverage subject name
 LTA read, type : 1
 1.05349  -0.07722  -0.02430   6.96541;
 0.05943   0.92561   0.36255  -24.08738;
-0.02017  -0.39024   1.00909  -1.10059;
 0.00000   0.00000   0.00000   1.00000;
setting subject to fsaverage
Writing  LTA to file transforms/talairach.auto.xfm.lta...
lta_convert successful.
 
 
Started at Sat Nov 23 15:01:06 UTC 2024
Ended   at Sat Nov 23 15:02:09 UTC 2024
talairach_avi done
