Log file for defect2seg
Mon Nov 25 13:20:39 UTC 2024

setenv SUBJECTS_DIR /scratch/tmp/fs_mp2rage_tests2/sourcedata/freesurfer_memprage
cd /scratch/tmp/fs_mp2rage_tests2/sourcedata/freesurfer_memprage/sub-fsm79bf/scripts
/opt/freesurfer/bin/defect2seg --s sub-fsm79bf --rh-only --cortex

freesurfer-linux-ubuntu22_x86_64-7.3.2-20220804-6354275
defect2seg 7.3.2
Linux elm.criugm.qc.ca 5.15.0-113-generic #123-Ubuntu SMP Mon Jun 10 08:16:17 UTC 2024 x86_64 x86_64 x86_64 GNU/Linux
pid 2281538
mri_label2label --label-cortex /scratch/tmp/fs_mp2rage_tests2/sourcedata/freesurfer_memprage/sub-fsm79bf/surf/rh.orig.nofix /scratch/tmp/fs_mp2rage_tests2/sourcedata/freesurfer_memprage/sub-fsm79bf/mri/aseg.presurf.mgz 0 /scratch/tmp/fs_mp2rage_tests2/sourcedata/freesurfer_memprage/sub-fsm79bf/label/rh.nofix.cortex.label

 Generating cortex label... RemoveHipAmgy=0
 NucAccIsMedialWall=0
 mris->useRealRAS=0
25 non-cortical segments detected
only using segment with 7689 vertices
erasing segment 0 (vno[0] = 30565)
erasing segment 1 (vno[0] = 31677)
erasing segment 2 (vno[0] = 37229)
erasing segment 4 (vno[0] = 43954)
erasing segment 5 (vno[0] = 46048)
erasing segment 6 (vno[0] = 49221)
erasing segment 7 (vno[0] = 50632)
erasing segment 8 (vno[0] = 51449)
erasing segment 9 (vno[0] = 54518)
erasing segment 10 (vno[0] = 59833)
erasing segment 11 (vno[0] = 61174)
erasing segment 12 (vno[0] = 64839)
erasing segment 13 (vno[0] = 68807)
erasing segment 14 (vno[0] = 70866)
erasing segment 15 (vno[0] = 78525)
erasing segment 16 (vno[0] = 78544)
erasing segment 17 (vno[0] = 79418)
erasing segment 18 (vno[0] = 79585)
erasing segment 19 (vno[0] = 79600)
erasing segment 20 (vno[0] = 79613)
erasing segment 21 (vno[0] = 86397)
erasing segment 22 (vno[0] = 90788)
erasing segment 23 (vno[0] = 90834)
erasing segment 24 (vno[0] = 93457)
mri_label2vol --defects /scratch/tmp/fs_mp2rage_tests2/sourcedata/freesurfer_memprage/sub-fsm79bf/surf/rh.orig.nofix /scratch/tmp/fs_mp2rage_tests2/sourcedata/freesurfer_memprage/sub-fsm79bf/surf/rh.defect_labels /scratch/tmp/fs_mp2rage_tests2/sourcedata/freesurfer_memprage/sub-fsm79bf/mri/orig.mgz 2000 0 /scratch/tmp/fs_mp2rage_tests2/sourcedata/freesurfer_memprage/sub-fsm79bf/mri/rh.surface.defects.mgz /scratch/tmp/fs_mp2rage_tests2/sourcedata/freesurfer_memprage/sub-fsm79bf/label/rh.nofix.cortex.label
mri_label2vol supposed to be reproducible but seed not set
Contraining to label /scratch/tmp/fs_mp2rage_tests2/sourcedata/freesurfer_memprage/sub-fsm79bf/label/rh.nofix.cortex.label
Changing input type 0 to MRI_INT
Converting defects to volume: offset=2000, merge=0
Writing to /scratch/tmp/fs_mp2rage_tests2/sourcedata/freesurfer_memprage/sub-fsm79bf/mri/rh.surface.defects.mgz
mris_defects_pointset -s /scratch/tmp/fs_mp2rage_tests2/sourcedata/freesurfer_memprage/sub-fsm79bf/surf/rh.orig.nofix -d /scratch/tmp/fs_mp2rage_tests2/sourcedata/freesurfer_memprage/sub-fsm79bf/surf/rh.defect_labels -o /scratch/tmp/fs_mp2rage_tests2/sourcedata/freesurfer_memprage/sub-fsm79bf/surf/rh.defects.pointset --label /scratch/tmp/fs_mp2rage_tests2/sourcedata/freesurfer_memprage/sub-fsm79bf/label/rh.nofix.cortex.label
Reading in surface /scratch/tmp/fs_mp2rage_tests2/sourcedata/freesurfer_memprage/sub-fsm79bf/surf/rh.orig.nofix
Reading in defect segmentation /scratch/tmp/fs_mp2rage_tests2/sourcedata/freesurfer_memprage/sub-fsm79bf/surf/rh.defect_labels
Reading in label /scratch/tmp/fs_mp2rage_tests2/sourcedata/freesurfer_memprage/sub-fsm79bf/label/rh.nofix.cortex.label
#VMPC# mris_defects_pointset 701364
mris_defects_pointset done
 
Started at Mon Nov 25 13:20:38 UTC 2024 
Ended   at Mon Nov 25 13:21:41 UTC 2024
Defect2seg-Run-Time-Sec 63
Defect2seg-Run-Time-Min 1.26
Defect2seg-Run-Time-Hours 0.02
 
defect2seg Done
