status file for recon-all
Mon Nov 25 13:13:28 UTC 2024
#@# Tessellate rh Mon Nov 25 13:13:28 UTC 2024
#@# Smooth1 rh Mon Nov 25 13:13:47 UTC 2024
#@# Inflation1 rh Mon Nov 25 13:13:55 UTC 2024
#@# QSphere rh Mon Nov 25 13:14:20 UTC 2024
#@# Fix Topology rh Mon Nov 25 13:17:26 UTC 2024
#@# Smooth2 rh Mon Nov 25 13:36:35 UTC 2024
#@# Inflation2 rh Mon Nov 25 13:36:44 UTC 2024
#@# Curv .H and .K rh Mon Nov 25 13:37:18 UTC 2024
#@# Sphere rh Mon Nov 25 13:39:15 UTC 2024
#@# Surf Reg rh Mon Nov 25 13:48:07 UTC 2024
#@# Jacobian white rh Mon Nov 25 13:58:24 UTC 2024
#@# AvgCurv rh Mon Nov 25 13:58:26 UTC 2024
#@# Cortical Parc rh Mon Nov 25 13:58:27 UTC 2024
#@# white curv rh Mon Nov 25 14:18:51 UTC 2024
#@# white area rh Mon Nov 25 14:18:56 UTC 2024
#@# pial curv rh Mon Nov 25 14:18:57 UTC 2024
#@# pial area rh Mon Nov 25 14:19:02 UTC 2024
#@# thickness rh Mon Nov 25 14:19:03 UTC 2024
#@# area and vertex vol rh Mon Nov 25 14:20:09 UTC 2024
#@# Curvature Stats rh Mon Nov 25 14:20:13 UTC 2024
#@# Cortical Parc 2 rh Mon Nov 25 14:20:19 UTC 2024
#@# Cortical Parc 3 rh Mon Nov 25 14:20:56 UTC 2024
#@# WM/GM Contrast rh Mon Nov 25 14:21:21 UTC 2024
recon-all -s sub-fsm79bf finished without error at Mon Nov 25 14:21:28 UTC 2024



#New# invocation of recon-all 



status file for recon-all
Mon Nov 25 18:04:14 UTC 2024
#@# white curv rh Mon Nov 25 18:04:15 UTC 2024
#@# white area rh Mon Nov 25 18:04:15 UTC 2024
#@# pial curv rh Mon Nov 25 18:04:15 UTC 2024
#@# pial area rh Mon Nov 25 18:04:15 UTC 2024
#@# thickness rh Mon Nov 25 18:04:15 UTC 2024
#@# area and vertex vol rh Mon Nov 25 18:04:15 UTC 2024
#@# Parcellation Stats rh Mon Nov 25 18:04:15 UTC 2024
#@# Parcellation Stats 2 rh Mon Nov 25 18:05:14 UTC 2024
#@# Parcellation Stats 3 rh Mon Nov 25 18:05:44 UTC 2024
#@# BA_exvivo Labels rh Mon Nov 25 18:06:12 UTC 2024
recon-all -s sub-fsm79bf finished without error at Mon Nov 25 18:11:41 UTC 2024
