/scratch/tmp/fs_mp2rage_tests2/sourcedata/freesurfer_memprage/sub-fsm70qy/mri
/opt/freesurfer/bin/talairach_avi
--i orig_nu.mgz --xfm transforms/talairach.auto.xfm
talairach_avi 7.3.2
Linux elm.criugm.qc.ca 5.15.0-113-generic #123-Ubuntu SMP Mon Jun 10 08:16:17 UTC 2024 x86_64 x86_64 x86_64 GNU/Linux
Sun Nov 24 06:01:22 UTC 2024
mri_convert orig_nu.mgz talsrcimg.img 
reading from orig_nu.mgz...
TR=0.00, TE=0.00, TI=0.00, flip angle=0.00
i_ras = (-1, -4.65661e-10, 0)
j_ras = (0, -7.45058e-09, -1)
k_ras = (-4.65661e-10, 1, -7.45058e-09)
writing to talsrcimg.img...
Analyze Output Matrix
-1.00000   0.00000  -0.00000   142.11322;
-0.00000  -0.00000   1.00000  -115.88596;
 0.00000  -1.00000  -0.00000   101.40395;
 0.00000   0.00000   0.00000   1.00000;
--------------------
INFO: set hdr.hist.orient to -1
mpr2mni305 talsrcimg
Sun Nov 24 06:01:24 UTC 2024
/opt/freesurfer/bin/mpr2mni305 talsrcimg
mpr2mni305 7.3.2
target=711-2C_as_mni_average_305

---------------------------------------------------------------------
analyzeto4dfp talsrcimg -O0 -y
---------------------------------------------------------------------

freesurfer ifh2hdr.c
Sun Nov 24 06:01:25 2024
Writing: talsrcimg.4dfp.hdr
freesurfer analyzeto4dfp.c
Reading: talsrcimg.hdr
header size 348 bytes
hdr.dime.datatype	offset=70	value=2
hdr.dime.bitpix		offset=72	value=8
hdr.hist.orient		offset=252	value=-1
dimensionality     4
dimensions       256       256       256         1
Reading: talsrcimg.img
Writing: talsrcimg.4dfp.img
Writing: talsrcimg.4dfp.ifh
ifh2hdr talsrcimg -r0to255
ori=2

---------------------------------------------------------------------
gauss_4dfp talsrcimg 1.1
---------------------------------------------------------------------

freesurfer gauss_4dfp.c
Reading: talsrcimg.4dfp.img
Writing: talsrcimg_g11.4dfp.img
image dimensions 256 256 256 padded to 288 288 288
processing volume 1freesurfer ifh2hdr.c
Sun Nov 24 06:01:33 2024
Writing: talsrcimg_g11.4dfp.hdr

Writing: talsrcimg_g11.4dfp.ifh
including: talsrcimg.4dfp.img.rec in talsrcimg_g11.4dfp.img.rec

---------------------------------------------------------------------
imgreg_4dfp /opt/freesurfer/average/711-2C_as_mni_average_305 none talsrcimg_g11 none talsrcimg_to_711-2C_as_mni_average_305_t4 4355
---------------------------------------------------------------------

freesurfer imgreg_4dfp.c
/opt/freesurfer/average/711-2C_as_mni_average_305.4dfp.img
       256       256       256         1
  1.000000  1.000000  1.000000
orientation T byte_order littleendian
Reading image: /opt/freesurfer/average/711-2C_as_mni_average_305.4dfp.img
dimensions:      256       256       256
mmppix:       1.0000   -1.0000   -1.0000
center:     128.0000 -129.0000 -129.0000
talsrcimg_g11.4dfp.img
       256       256       256         1
  1.000000  1.000000  1.000000
orientation T byte_order littleendian
Reading image: talsrcimg_g11.4dfp.img
dimensions:      256       256       256
mmppix:       1.0000   -1.0000   -1.0000
center:     128.0000 -129.0000 -129.0000
t4_read: open error in t4_sub.f l:  41 t4_file(1:l)talsrcimg_to_711-2C_as_mni_average_305_t4 
t4_read: transform initialized to I4
rotation matrix determinant  1.000000
image alignment mode   4355 decimal     1103 hex
   -7.5000  -45.0000  -45.0000 8813.6338    9.6115
    0.0000  -45.0000  -45.0000 9125.2314    9.6251
    7.5000  -45.0000  -45.0000 8666.9355    9.6375
   -7.5000  -37.5000  -45.0000 8988.6875    9.5597
    0.0000  -37.5000  -45.0000 9296.1592    9.5726
    7.5000  -37.5000  -45.0000 8868.2822    9.5838
   -7.5000  -30.0000  -45.0000 9398.6777    9.4183
    0.0000  -30.0000  -45.0000 9730.5898    9.4334
    7.5000  -30.0000  -45.0000 9315.2412    9.4461
   -7.5000  -22.5000  -45.0000 9852.4453    9.3122
    0.0000  -22.5000  -45.000010204.7832    9.3312
    7.5000  -22.5000  -45.0000 9774.3516    9.3461
   -7.5000  -15.0000  -45.000010318.4209    9.2783
    0.0000  -15.0000  -45.000010708.0898    9.2989
    7.5000  -15.0000  -45.000010220.5996    9.3148
   -7.5000   -7.5000  -45.000010764.3281    9.2584
    0.0000   -7.5000  -45.000011178.8018    9.2759
    7.5000   -7.5000  -45.000010641.0889    9.2900
   -7.5000    0.0000  -45.000011166.1924    9.2527
    0.0000    0.0000  -45.000011601.3203    9.2658
    7.5000    0.0000  -45.000011028.3076    9.2772
   -7.5000    7.5000  -45.000010734.2861    9.3382
    0.0000    7.5000  -45.000011150.8369    9.3507
    7.5000    7.5000  -45.000010606.4805    9.3614
   -7.5000   15.0000  -45.000010264.2363    9.5701
    0.0000   15.0000  -45.000010677.8486    9.5853
    7.5000   15.0000  -45.000010144.5039    9.5979
   -7.5000   22.5000  -45.0000 9779.6895    9.8561
    0.0000   22.5000  -45.000010181.9287    9.8767
    7.5000   22.5000  -45.0000 9683.7656    9.8914
   -7.5000   30.0000  -45.0000 9267.5098   10.0355
    0.0000   30.0000  -45.0000 9641.3467   10.0588
    7.5000   30.0000  -45.0000 9152.3896   10.0744
   -7.5000   37.5000  -45.0000 9089.1416   10.3750
    0.0000   37.5000  -45.0000 9447.1406   10.3953
    7.5000   37.5000  -45.0000 8966.2705   10.4095
   -7.5000   45.0000  -45.0000 8583.7988   10.4607
    0.0000   45.0000  -45.0000 8938.1660   10.4768
    7.5000   45.0000  -45.0000 8478.2207   10.4881
   -7.5000  -45.0000  -37.5000 9326.7715    9.5377
    0.0000  -45.0000  -37.5000 9657.3652    9.5512
    7.5000  -45.0000  -37.5000 9213.4697    9.5655
   -7.5000  -37.5000  -37.5000 9491.8906    9.4893
    0.0000  -37.5000  -37.5000 9820.4043    9.5027
    7.5000  -37.5000  -37.5000 9404.0293    9.5145
   -7.5000  -30.0000  -37.5000 9979.3438    9.3503
    0.0000  -30.0000  -37.500010335.9092    9.3667
    7.5000  -30.0000  -37.5000 9915.7422    9.3803
   -7.5000  -22.5000  -37.500010496.6787    9.2460
    0.0000  -22.5000  -37.500010885.7061    9.2666
    7.5000  -22.5000  -37.500010428.0645    9.2839
   -7.5000  -15.0000  -37.500011028.5264    9.2119
    0.0000  -15.0000  -37.500011457.1826    9.2337
    7.5000  -15.0000  -37.500010925.1396    9.2529
   -7.5000   -7.5000  -37.500011503.7939    9.1900
    0.0000   -7.5000  -37.500011965.9453    9.2078
    7.5000   -7.5000  -37.500011400.9805    9.2250
   -7.5000    0.0000  -37.500011927.0693    9.1826
    0.0000    0.0000  -37.500012439.4746    9.1957
    7.5000    0.0000  -37.500011830.8916    9.2090
   -7.5000    7.5000  -37.500011447.9639    9.2694
    0.0000    7.5000  -37.500011923.0391    9.2823
    7.5000    7.5000  -37.500011354.1025    9.2936
   -7.5000   15.0000  -37.500010957.0518    9.5021
    0.0000   15.0000  -37.500011414.7988    9.5190
    7.5000   15.0000  -37.500010875.8467    9.5325
   -7.5000   22.5000  -37.500010412.9932    9.7857
    0.0000   22.5000  -37.500010866.4072    9.8086
    7.5000   22.5000  -37.500010342.0947    9.8264
   -7.5000   30.0000  -37.5000 9871.5166    9.9630
    0.0000   30.0000  -37.500010287.7598    9.9888
    7.5000   30.0000  -37.5000 9782.3701   10.0090
   -7.5000   37.5000  -37.5000 9686.9375   10.2973
    0.0000   37.5000  -37.500010076.6719   10.3195
    7.5000   37.5000  -37.5000 9569.7383   10.3380
   -7.5000   45.0000  -37.5000 9156.4756   10.3793
    0.0000   45.0000  -37.5000 9523.9346   10.3974
    7.5000   45.0000  -37.5000 9029.6592   10.4122
   -7.5000  -45.0000  -30.000010044.4980    9.8715
    0.0000  -45.0000  -30.000010395.4238    9.8852
    7.5000  -45.0000  -30.0000 9915.4248    9.9021
   -7.5000  -37.5000  -30.000010214.9307    9.8230
    0.0000  -37.5000  -30.000010583.6318    9.8376
    7.5000  -37.5000  -30.000010131.6992    9.8509
   -7.5000  -30.0000  -30.000010760.0342    9.6802
    0.0000  -30.0000  -30.000011166.3164    9.6987
    7.5000  -30.0000  -30.000010701.1211    9.7141
   -7.5000  -22.5000  -30.000011354.1592    9.5749
    0.0000  -22.5000  -30.000011789.8857    9.5972
    7.5000  -22.5000  -30.000011280.7109    9.6175
   -7.5000  -15.0000  -30.000011956.1025    9.5399
    0.0000  -15.0000  -30.000012415.1152    9.5624
    7.5000  -15.0000  -30.000011851.9756    9.5856
   -7.5000   -7.5000  -30.000012476.3184    9.5150
    0.0000   -7.5000  -30.000012974.6104    9.5327
    7.5000   -7.5000  -30.000012378.5918    9.5535
   -7.5000    0.0000  -30.000012922.2158    9.5046
    0.0000    0.0000  -30.000013477.8926    9.5180
    7.5000    0.0000  -30.000012842.7168    9.5335
   -7.5000    7.5000  -30.000012373.6523    9.5949
    0.0000    7.5000  -30.000012921.8203    9.6091
    7.5000    7.5000  -30.000012308.9258    9.6218
   -7.5000   15.0000  -30.000011866.7266    9.8394
    0.0000   15.0000  -30.000012382.7744    9.8585
    7.5000   15.0000  -30.000011800.0732    9.8740
   -7.5000   22.5000  -30.000011286.5039   10.1366
    0.0000   22.5000  -30.000011802.6309   10.1619
    7.5000   22.5000  -30.000011217.5449   10.1837
   -7.5000   30.0000  -30.000010673.8018   10.3260
    0.0000   30.0000  -30.000011157.6768   10.3536
    7.5000   30.0000  -30.000010586.2295   10.3792
   -7.5000   37.5000  -30.000010445.2451   10.6728
    0.0000   37.5000  -30.000010903.5439   10.6958
    7.5000   37.5000  -30.000010329.2422   10.7190
   -7.5000   45.0000  -30.0000 9847.4941   10.7642
    0.0000   45.0000  -30.000010287.1934   10.7840
    7.5000   45.0000  -30.0000 9727.1084   10.8026
   -7.5000  -45.0000  -22.500010773.4629   10.1659
    0.0000  -45.0000  -22.500011123.5029   10.1799
    7.5000  -45.0000  -22.500010638.1973   10.1970
   -7.5000  -37.5000  -22.500010960.3613   10.1168
    0.0000  -37.5000  -22.500011345.5771   10.1322
    7.5000  -37.5000  -22.500010880.7676   10.1458
   -7.5000  -30.0000  -22.500011575.5781    9.9686
    0.0000  -30.0000  -22.500012025.8496    9.9876
    7.5000  -30.0000  -22.500011506.4805   10.0034
   -7.5000  -22.5000  -22.500012230.6475    9.8604
    0.0000  -22.5000  -22.500012730.1689    9.8825
    7.5000  -22.5000  -22.500012145.5723    9.9031
   -7.5000  -15.0000  -22.500012891.1006    9.8244
    0.0000  -15.0000  -22.500013415.3467    9.8458
    7.5000  -15.0000  -22.500012788.2803    9.8693
   -7.5000   -7.5000  -22.500013488.0918    9.7984
    0.0000   -7.5000  -22.500014035.9541    9.8155
    7.5000   -7.5000  -22.500013369.2158    9.8365
   -7.5000    0.0000  -22.500013968.9424    9.7875
    0.0000    0.0000  -22.500014574.2510    9.8011
    7.5000    0.0000  -22.500013867.7744    9.8168
   -7.5000    7.5000  -22.500013370.6006    9.8812
    0.0000    7.5000  -22.500013958.7988    9.8961
    7.5000    7.5000  -22.500013279.4551    9.9092
   -7.5000   15.0000  -22.500012812.4473   10.1345
    0.0000   15.0000  -22.500013354.0693   10.1540
    7.5000   15.0000  -22.500012698.1445   10.1700
   -7.5000   22.5000  -22.500012202.0703   10.4437
    0.0000   22.5000  -22.500012732.4277   10.4685
    7.5000   22.5000  -22.500012068.5869   10.4907
   -7.5000   30.0000  -22.500011527.0205   10.6443
    0.0000   30.0000  -22.500012043.8037   10.6705
    7.5000   30.0000  -22.500011385.3896   10.6963
   -7.5000   37.5000  -22.500011220.3926   11.0040
    0.0000   37.5000  -22.500011746.9863   11.0254
    7.5000   37.5000  -22.500011083.9004   11.0487
   -7.5000   45.0000  -22.500010514.7607   11.1086
    0.0000   45.0000  -22.500011011.4629   11.1273
    7.5000   45.0000  -22.500010399.0586   11.1458
   -7.5000  -45.0000  -15.000011510.4512   10.3761
    0.0000  -45.0000  -15.000011882.5654   10.3904
    7.5000  -45.0000  -15.000011372.6104   10.4058
   -7.5000  -37.5000  -15.000011735.0283   10.3273
    0.0000  -37.5000  -15.000012144.0547   10.3423
    7.5000  -37.5000  -15.000011648.5908   10.3553
   -7.5000  -30.0000  -15.000012403.5840   10.1741
    0.0000  -30.0000  -15.000012863.9531   10.1917
    7.5000  -30.0000  -15.000012330.5791   10.2067
   -7.5000  -22.5000  -15.000013119.9004   10.0610
    0.0000  -22.5000  -15.000013632.6504   10.0814
    7.5000  -22.5000  -15.000013045.6514   10.1001
   -7.5000  -15.0000  -15.000013839.7666   10.0225
    0.0000  -15.0000  -15.000014401.1982   10.0429
    7.5000  -15.0000  -15.000013748.8086   10.0637
   -7.5000   -7.5000  -15.000014483.5293    9.9973
    0.0000   -7.5000  -15.000015078.5586   10.0143
    7.5000   -7.5000  -15.000014359.2783   10.0330
   -7.5000    0.0000  -15.000014990.2061    9.9888
    0.0000    0.0000  -15.000015623.3047   10.0026
    7.5000    0.0000  -15.000014877.1719   10.0168
   -7.5000    7.5000  -15.000014347.1719   10.0864
    0.0000    7.5000  -15.000014952.6494   10.1009
    7.5000    7.5000  -15.000014238.4844   10.1132
   -7.5000   15.0000  -15.000013741.3867   10.3450
    0.0000   15.0000  -15.000014300.6406   10.3628
    7.5000   15.0000  -15.000013585.2529   10.3778
   -7.5000   22.5000  -15.000013074.0029   10.6611
    0.0000   22.5000  -15.000013657.9668   10.6838
    7.5000   22.5000  -15.000012905.9717   10.7032
   -7.5000   30.0000  -15.000012349.8203   10.8692
    0.0000   30.0000  -15.000012904.7705   10.8929
    7.5000   30.0000  -15.000012185.7510   10.9148
   -7.5000   37.5000  -15.000012019.9160   11.2406
    0.0000   37.5000  -15.000012582.9961   11.2603
    7.5000   37.5000  -15.000011864.4326   11.2802
   -7.5000   45.0000  -15.000011227.1797   11.3593
    0.0000   45.0000  -15.000011762.1377   11.3760
    7.5000   45.0000  -15.000011099.2695   11.3915
   -7.5000  -45.0000   -7.500012324.0889   10.4736
    0.0000  -45.0000   -7.500012711.4082   10.4878
    7.5000  -45.0000   -7.500012189.8115   10.5008
   -7.5000  -37.5000   -7.500012578.1250   10.4256
    0.0000  -37.5000   -7.500013012.3857   10.4396
    7.5000  -37.5000   -7.500012486.9629   10.4513
   -7.5000  -30.0000   -7.500013315.4541   10.2700
    0.0000  -30.0000   -7.500013809.9307   10.2859
    7.5000  -30.0000   -7.500013225.5107   10.2993
   -7.5000  -22.5000   -7.500014092.9492   10.1527
    0.0000  -22.5000   -7.500014658.4531   10.1718
    7.5000  -22.5000   -7.500014005.1514   10.1877
   -7.5000  -15.0000   -7.500014852.1299   10.1120
    0.0000  -15.0000   -7.500015483.6826   10.1321
    7.5000  -15.0000   -7.500014767.9189   10.1492
   -7.5000   -7.5000   -7.500015509.3994   10.0879
    0.0000   -7.5000   -7.500016190.2900   10.1052
    7.5000   -7.5000   -7.500015387.8867   10.1204
   -7.5000    0.0000   -7.500016032.6426   10.0816
    0.0000    0.0000   -7.500016720.8281   10.0953
    7.5000    0.0000   -7.500015890.3594   10.1074
   -7.5000    7.5000   -7.500015380.0869   10.1819
    0.0000    7.5000   -7.500015995.6221   10.1954
    7.5000    7.5000   -7.500015202.8730   10.2065
   -7.5000   15.0000   -7.500014731.4541   10.4421
    0.0000   15.0000   -7.500015345.5781   10.4582
    7.5000   15.0000   -7.500014527.1904   10.4714
   -7.5000   22.5000   -7.500013988.6475   10.7584
    0.0000   22.5000   -7.500014629.9609   10.7793
    7.5000   22.5000   -7.500013816.1006   10.7952
   -7.5000   30.0000   -7.500013167.7803   10.9684
    0.0000   30.0000   -7.500013772.6367   10.9912
    7.5000   30.0000   -7.500013023.2217   11.0082
   -7.5000   37.5000   -7.500012783.0996   11.3461
    0.0000   37.5000   -7.500013401.1309   11.3658
    7.5000   37.5000   -7.500012650.8066   11.3813
   -7.5000   45.0000   -7.500011944.9736   11.4721
    0.0000   45.0000   -7.500012499.9072   11.4880
    7.5000   45.0000   -7.500011798.2363   11.5003
   -7.5000  -45.0000    0.000013031.0439   10.4765
    0.0000  -45.0000    0.000013464.2871   10.4907
    7.5000  -45.0000    0.000012894.0527   10.5032
   -7.5000  -37.5000    0.000013304.2832   10.4293
    0.0000  -37.5000    0.000013809.1865   10.4428
    7.5000  -37.5000    0.000013228.9434   10.4541
   -7.5000  -30.0000    0.000014092.7959   10.2741
    0.0000  -30.0000    0.000014655.9336   10.2898
    7.5000  -30.0000    0.000014037.9268   10.3027
   -7.5000  -22.5000    0.000014920.8223   10.1556
    0.0000  -22.5000    0.000015530.1719   10.1755
    7.5000  -22.5000    0.000014878.6006   10.1908
   -7.5000  -15.0000    0.000015726.6104   10.1141
    0.0000  -15.0000    0.000016378.6523   10.1356
    7.5000  -15.0000    0.000015666.9092   10.1520
   -7.5000   -7.5000    0.000016396.5117   10.0898
    0.0000   -7.5000    0.000017105.7129   10.1080
    7.5000   -7.5000    0.000016296.3945   10.1227
   -7.5000    0.0000    0.000016933.8672   10.0836
    0.0000    0.0000    0.000017619.5117   10.0973
    7.5000    0.0000    0.000016807.2441   10.1090
   -7.5000    7.5000    0.000016327.8574   10.1848
    0.0000    7.5000    0.000017005.6797   10.1979
    7.5000    7.5000    0.000016170.4531   10.2087
   -7.5000   15.0000    0.000015685.8721   10.4452
    0.0000   15.0000    0.000016488.7695   10.4612
    7.5000   15.0000    0.000015574.6396   10.4739
   -7.5000   22.5000    0.000014855.6387   10.7602
    0.0000   22.5000    0.000015603.2539   10.7818
    7.5000   22.5000    0.000014789.9053   10.7970
   -7.5000   30.0000    0.000013945.3662   10.9701
    0.0000   30.0000    0.000014546.5420   10.9945
    7.5000   30.0000    0.000013858.1748   11.0109
   -7.5000   37.5000    0.000013506.2646   11.3485
    0.0000   37.5000    0.000014104.3994   11.3698
    7.5000   37.5000    0.000013411.4033   11.3849
   -7.5000   45.0000    0.000012562.2695   11.4741
    0.0000   45.0000    0.000013154.3555   11.4911
    7.5000   45.0000    0.000012477.0664   11.5033
   -7.5000  -45.0000    7.500012707.3936   10.4856
    0.0000  -45.0000    7.500013138.5020   10.4997
    7.5000  -45.0000    7.500012598.3799   10.5149
   -7.5000  -37.5000    7.500012999.0029   10.4385
    0.0000  -37.5000    7.500013498.3125   10.4525
    7.5000  -37.5000    7.500012936.1826   10.4651
   -7.5000  -30.0000    7.500013764.0840   10.2843
    0.0000  -30.0000    7.500014333.9287   10.3016
    7.5000  -30.0000    7.500013740.5391   10.3160
   -7.5000  -22.5000    7.500014545.7412   10.1675
    0.0000  -22.5000    7.500015147.7627   10.1894
    7.5000  -22.5000    7.500014553.8877   10.2078
   -7.5000  -15.0000    7.500015304.4717   10.1268
    0.0000  -15.0000    7.500015917.1396   10.1500
    7.5000  -15.0000    7.500015310.2510   10.1705
   -7.5000   -7.5000    7.500015950.3965   10.1010
    0.0000   -7.5000    7.500016582.7578   10.1198
    7.5000   -7.5000    7.500015908.8770   10.1382
   -7.5000    0.0000    7.500016477.3789   10.0926
    0.0000    0.0000    7.500017114.9766   10.1064
    7.5000    0.0000    7.500016428.5430   10.1206
   -7.5000    7.5000    7.500015937.9082   10.1936
    0.0000    7.5000    7.500016737.7637   10.2072
    7.5000    7.5000    7.500015918.5811   10.2193
   -7.5000   15.0000    7.500015411.4521   10.4553
    0.0000   15.0000    7.500016265.5361   10.4731
    7.5000   15.0000    7.500015403.3945   10.4877
   -7.5000   22.5000    7.500014559.1377   10.7694
    0.0000   22.5000    7.500015160.3252   10.7937
    7.5000   22.5000    7.500014513.8242   10.8129
   -7.5000   30.0000    7.500013653.3242   10.9780
    0.0000   30.0000    7.500014136.3887   11.0056
    7.5000   30.0000    7.500013598.8350   11.0275
   -7.5000   37.5000    7.500013229.4033   11.3525
    0.0000   37.5000    7.500013765.4697   11.3763
    7.5000   37.5000    7.500013201.9248   11.3965
   -7.5000   45.0000    7.500012275.9893   11.4726
    0.0000   45.0000    7.500012815.7979   11.4922
    7.5000   45.0000    7.500012255.1865   11.5085
   -7.5000  -45.0000   15.000012297.8027   10.5062
    0.0000  -45.0000   15.000012716.3604   10.5203
    7.5000  -45.0000   15.000012182.7148   10.5382
   -7.5000  -37.5000   15.000012555.2461   10.4583
    0.0000  -37.5000   15.000013038.2637   10.4733
    7.5000  -37.5000   15.000012495.8594   10.4874
   -7.5000  -30.0000   15.000013289.1191   10.3046
    0.0000  -30.0000   15.000013824.1396   10.3238
    7.5000  -30.0000   15.000013283.8379   10.3401
   -7.5000  -22.5000   15.000014040.8008   10.1906
    0.0000  -22.5000   15.000014604.6328   10.2138
    7.5000  -22.5000   15.000014070.8877   10.2352
   -7.5000  -15.0000   15.000014765.8740   10.1514
    0.0000  -15.0000   15.000015345.7217   10.1747
    7.5000  -15.0000   15.000014805.8018   10.1992
   -7.5000   -7.5000   15.000015344.7158   10.1240
    0.0000   -7.5000   15.000015946.4170   10.1423
    7.5000   -7.5000   15.000015372.5430   10.1643
   -7.5000    0.0000   15.000015796.2549   10.1131
    0.0000    0.0000   15.000016431.4062   10.1269
    7.5000    0.0000   15.000015864.8398   10.1434
   -7.5000    7.5000   15.000015225.4248   10.2129
    0.0000    7.5000   15.000016011.2793   10.2275
    7.5000    7.5000   15.000015337.6631   10.2410
   -7.5000   15.0000   15.000014788.4365   10.4760
    0.0000   15.0000   15.000015533.6807   10.4959
    7.5000   15.0000   15.000014832.9326   10.5124
   -7.5000   22.5000   15.000014095.2471   10.7910
    0.0000   22.5000   15.000014589.4492   10.8174
    7.5000   22.5000   15.000014059.5850   10.8405
   -7.5000   30.0000   15.000013259.0244   10.9991
    0.0000   30.0000   15.000013694.8311   11.0279
    7.5000   30.0000   15.000013232.9141   11.0552
   -7.5000   37.5000   15.000012894.2002   11.3698
    0.0000   37.5000   15.000013370.1572   11.3940
    7.5000   37.5000   15.000012822.3271   11.4189
   -7.5000   45.0000   15.000011932.9707   11.4847
    0.0000   45.0000   15.000012387.4375   11.5056
    7.5000   45.0000   15.000011820.1816   11.5257
   -7.5000  -45.0000   22.500011792.5859   10.5429
    0.0000  -45.0000   22.500012203.3701   10.5571
    7.5000  -45.0000   22.500011688.3740   10.5752
   -7.5000  -37.5000   22.500012039.5020   10.4940
    0.0000  -37.5000   22.500012496.4609   10.5096
    7.5000  -37.5000   22.500011991.7393   10.5242
   -7.5000  -30.0000   22.500012746.7275   10.3392
    0.0000  -30.0000   22.500013247.5752   10.3586
    7.5000  -30.0000   22.500012739.0430   10.3753
   -7.5000  -22.5000   22.500013459.9990   10.2257
    0.0000  -22.5000   22.500014002.9570   10.2481
    7.5000  -22.5000   22.500013489.3281   10.2698
   -7.5000  -15.0000   22.500014099.2539   10.1871
    0.0000  -15.0000   22.500014690.1084   10.2090
    7.5000  -15.0000   22.500014167.0273   10.2336
   -7.5000   -7.5000   22.500014619.7627   10.1600
    0.0000   -7.5000   22.500015248.3682   10.1774
    7.5000   -7.5000   22.500014732.4209   10.1995
   -7.5000    0.0000   22.500015062.2520   10.1493
    0.0000    0.0000   22.500015747.8281   10.1631
    7.5000    0.0000   22.500015243.5098   10.1797
   -7.5000    7.5000   22.500014496.6270   10.2488
    0.0000    7.5000   22.500015238.9238   10.2639
    7.5000    7.5000   22.500014672.3877   10.2778
   -7.5000   15.0000   22.500014052.5840   10.5119
    0.0000   15.0000   22.500014673.5459   10.5319
    7.5000   15.0000   22.500014041.7979   10.5488
   -7.5000   22.5000   22.500013477.7266   10.8268
    0.0000   22.5000   22.500013992.0527   10.8523
    7.5000   22.5000   22.500013323.7607   10.8756
   -7.5000   30.0000   22.500012753.7510   11.0331
    0.0000   30.0000   22.500013270.4414   11.0601
    7.5000   30.0000   22.500012572.8848   11.0872
   -7.5000   37.5000   22.500012345.6982   11.4021
    0.0000   37.5000   22.500012849.1289   11.4242
    7.5000   37.5000   22.500012130.8428   11.4488
   -7.5000   45.0000   22.500011328.7266   11.5161
    0.0000   45.0000   22.500011774.0889   11.5355
    7.5000   45.0000   22.500011130.4199   11.5551
   -7.5000  -45.0000   30.000011221.6123   10.5878
    0.0000  -45.0000   30.000011613.7256   10.6022
    7.5000  -45.0000   30.000011135.9443   10.6187
   -7.5000  -37.5000   30.000011444.2910   10.5390
    0.0000  -37.5000   30.000011879.3096   10.5542
    7.5000  -37.5000   30.000011422.7422   10.5681
   -7.5000  -30.0000   30.000012091.8184   10.3820
    0.0000  -30.0000   30.000012579.6006   10.3998
    7.5000  -30.0000   30.000012106.1328   10.4158
   -7.5000  -22.5000   30.000012746.0420   10.2657
    0.0000  -22.5000   30.000013272.9219   10.2864
    7.5000  -22.5000   30.000012787.8789   10.3061
   -7.5000  -15.0000   30.000013362.3232   10.2262
    0.0000  -15.0000   30.000013940.8916   10.2469
    7.5000  -15.0000   30.000013430.3965   10.2687
   -7.5000   -7.5000   30.000013911.6025   10.2011
    0.0000   -7.5000   30.000014515.6582   10.2184
    7.5000   -7.5000   30.000013975.9912   10.2380
   -7.5000    0.0000   30.000014363.4531   10.1934
    0.0000    0.0000   30.000015022.7764   10.2073
    7.5000    0.0000   30.000014460.9277   10.2225
   -7.5000    7.5000   30.000013826.2881   10.2943
    0.0000    7.5000   30.000014472.5059   10.3090
    7.5000    7.5000   30.000013876.2842   10.3222
   -7.5000   15.0000   30.000013293.0459   10.5563
    0.0000   15.0000   30.000013797.8926   10.5745
    7.5000   15.0000   30.000013206.1494   10.5903
   -7.5000   22.5000   30.000012571.6982   10.8685
    0.0000   22.5000   30.000013017.1279   10.8916
    7.5000   22.5000   30.000012454.8223   10.9120
   -7.5000   30.0000   30.000011815.4287   11.0713
    0.0000   30.0000   30.000012263.3652   11.0957
    7.5000   30.0000   30.000011687.9785   11.1185
   -7.5000   37.5000   30.000011430.3623   11.4408
    0.0000   37.5000   30.000011897.7305   11.4611
    7.5000   37.5000   30.000011317.3545   11.4819
   -7.5000   45.0000   30.000010537.3613   11.5572
    0.0000   45.0000   30.000010980.0322   11.5744
    7.5000   45.0000   30.000010446.9863   11.5905
   -7.5000  -45.0000   37.500011051.5557   10.6247
    0.0000  -45.0000   37.500011439.1221   10.6395
    7.5000  -45.0000   37.500010956.0371   10.6538
   -7.5000  -37.5000   37.500011254.1465   10.5770
    0.0000  -37.5000   37.500011677.6133   10.5914
    7.5000  -37.5000   37.500011208.7158   10.6043
   -7.5000  -30.0000   37.500011863.4668   10.4181
    0.0000  -30.0000   37.500012343.2676   10.4346
    7.5000  -30.0000   37.500011842.9727   10.4492
   -7.5000  -22.5000   37.500012488.8730   10.2981
    0.0000  -22.5000   37.500013001.1357   10.3178
    7.5000  -22.5000   37.500012457.6826   10.3350
   -7.5000  -15.0000   37.500013105.7734   10.2569
    0.0000  -15.0000   37.500013638.2178   10.2777
    7.5000  -15.0000   37.500013053.6846   10.2961
   -7.5000   -7.5000   37.500013634.8516   10.2334
    0.0000   -7.5000   37.500014170.2568   10.2513
    7.5000   -7.5000   37.500013572.6514   10.2678
   -7.5000    0.0000   37.500014044.7197   10.2285
    0.0000    0.0000   37.500014605.5762   10.2427
    7.5000    0.0000   37.500013992.9814   10.2559
   -7.5000    7.5000   37.500013446.1328   10.3318
    0.0000    7.5000   37.500013997.4365   10.3458
    7.5000    7.5000   37.500013387.5078   10.3580
   -7.5000   15.0000   37.500012845.5898   10.5922
    0.0000   15.0000   37.500013295.5137   10.6090
    7.5000   15.0000   37.500012743.8584   10.6233
   -7.5000   22.5000   37.500012113.9707   10.8994
    0.0000   22.5000   37.500012518.9492   10.9212
    7.5000   22.5000   37.500012006.6846   10.9381
   -7.5000   30.0000   37.500011325.7217   11.0976
    0.0000   30.0000   37.500011721.2383   11.1213
    7.5000   30.0000   37.500011228.8818   11.1393
   -7.5000   37.5000   37.500010926.2021   11.4674
    0.0000   37.5000   37.500011313.8193   11.4878
    7.5000   37.5000   37.500010861.9316   11.5042
   -7.5000   45.0000   37.500010126.9199   11.5843
    0.0000   45.0000   37.500010498.1660   11.6007
    7.5000   45.0000   37.500010069.5059   11.6135
   -7.5000  -45.0000   45.000010364.4453   10.6594
    0.0000  -45.0000   45.000010719.9941   10.6744
    7.5000  -45.0000   45.000010202.0928   10.6886
   -7.5000  -37.5000   45.000010555.2402   10.6129
    0.0000  -37.5000   45.000010938.0781   10.6271
    7.5000  -37.5000   45.000010417.7178   10.6400
   -7.5000  -30.0000   45.000011124.4717   10.4537
    0.0000  -30.0000   45.000011544.7656   10.4704
    7.5000  -30.0000   45.000010995.6641   10.4848
   -7.5000  -22.5000   45.000011676.0664   10.3321
    0.0000  -22.5000   45.000012114.4863   10.3530
    7.5000  -22.5000   45.000011562.9238   10.3699
   -7.5000  -15.0000   45.000012201.8760   10.2902
    0.0000  -15.0000   45.000012661.0488   10.3128
    7.5000  -15.0000   45.000012100.2920   10.3308
   -7.5000   -7.5000   45.000012643.4062   10.2665
    0.0000   -7.5000   45.000013117.3330   10.2856
    7.5000   -7.5000   45.000012551.8389   10.3018
   -7.5000    0.0000   45.000012981.5176   10.2616
    0.0000    0.0000   45.000013483.6680   10.2761
    7.5000    0.0000   45.000012909.4336   10.2892
   -7.5000    7.5000   45.000012397.9521   10.3673
    0.0000    7.5000   45.000012874.2500   10.3811
    7.5000    7.5000   45.000012319.9639   10.3934
   -7.5000   15.0000   45.000011804.7480   10.6292
    0.0000   15.0000   45.000012224.1699   10.6461
    7.5000   15.0000   45.000011705.7744   10.6603
   -7.5000   22.5000   45.000011123.3525   10.9342
    0.0000   22.5000   45.000011512.6270   10.9570
    7.5000   22.5000   45.000011021.6875   10.9735
   -7.5000   30.0000   45.000010397.4873   11.1303
    0.0000   30.0000   45.000010753.2520   11.1560
    7.5000   30.0000   45.000010288.4473   11.1735
   -7.5000   37.5000   45.000010055.3975   11.5017
    0.0000   37.5000   45.000010395.7812   11.5240
    7.5000   37.5000   45.0000 9972.6113   11.5401
   -7.5000   45.0000   45.0000 9310.9551   11.6245
    0.0000   45.0000   45.0000 9658.8320   11.6422
    7.5000   45.0000   45.0000 9254.6270   11.6551

---------------------------------------------------------------------
imgreg_4dfp /opt/freesurfer/average/711-2C_as_mni_average_305 /opt/freesurfer/average/711-2B_as_mni_average_305_mask talsrcimg_g11 none talsrcimg_to_711-2C_as_mni_average_305_t4 4355
---------------------------------------------------------------------

freesurfer imgreg_4dfp.c
/opt/freesurfer/average/711-2C_as_mni_average_305.4dfp.img
       256       256       256         1
  1.000000  1.000000  1.000000
orientation T byte_order littleendian
Reading image: /opt/freesurfer/average/711-2C_as_mni_average_305.4dfp.img
dimensions:      256       256       256
mmppix:       1.0000   -1.0000   -1.0000
center:     128.0000 -129.0000 -129.0000
/opt/freesurfer/average/711-2B_as_mni_average_305_mask.4dfp.img
       256       256       256         1
  1.000000  1.000000  1.000000
orientation T byte_order littleendian
Reading mask: /opt/freesurfer/average/711-2B_as_mni_average_305_mask.4dfp.img (2306576 pixels)
talsrcimg_g11.4dfp.img
       256       256       256         1
  1.000000  1.000000  1.000000
orientation T byte_order littleendian
Reading image: talsrcimg_g11.4dfp.img
dimensions:      256       256       256
mmppix:       1.0000   -1.0000   -1.0000
center:     128.0000 -129.0000 -129.0000
rotation matrix determinant  1.000000
image alignment mode   4355 decimal     1103 hex
   -7.5000  -45.0000  -45.0000 2167.4319   15.9338
    0.0000  -45.0000  -45.0000 2154.3811   16.0178
    7.5000  -45.0000  -45.0000 2109.4922   16.2923
   -7.5000  -37.5000  -45.0000 2166.6902   15.7365
    0.0000  -37.5000  -45.0000 2154.9202   15.7672
    7.5000  -37.5000  -45.0000 2120.3230   16.0247
   -7.5000  -30.0000  -45.0000 2167.9636   15.4598
    0.0000  -30.0000  -45.0000 2161.0869   15.4379
    7.5000  -30.0000  -45.0000 2136.3445   15.7504
   -7.5000  -22.5000  -45.0000 2184.2883   15.1608
    0.0000  -22.5000  -45.0000 2180.9209   15.1513
    7.5000  -22.5000  -45.0000 2159.4014   15.4791
   -7.5000  -15.0000  -45.0000 2204.4966   14.9187
    0.0000  -15.0000  -45.0000 2203.3875   14.9425
    7.5000  -15.0000  -45.0000 2180.5876   15.2252
   -7.5000   -7.5000  -45.0000 2225.0540   14.7141
    0.0000   -7.5000  -45.0000 2224.6831   14.7467
    7.5000   -7.5000  -45.0000 2202.8481   14.9891
   -7.5000    0.0000  -45.0000 2239.6702   14.4860
    0.0000    0.0000  -45.0000 2238.3997   14.5204
    7.5000    0.0000  -45.0000 2219.7385   14.7077
   -7.5000    7.5000  -45.0000 2238.1875   14.3435
    0.0000    7.5000  -45.0000 2243.2832   14.3431
    7.5000    7.5000  -45.0000 2232.2542   14.4760
   -7.5000   15.0000  -45.0000 2231.5293   14.2755
    0.0000   15.0000  -45.0000 2236.3669   14.2903
    7.5000   15.0000  -45.0000 2226.8127   14.4043
   -7.5000   22.5000  -45.0000 2223.5381   14.4104
    0.0000   22.5000  -45.0000 2232.1008   14.3793
    7.5000   22.5000  -45.0000 2224.3652   14.5374
   -7.5000   30.0000  -45.0000 2211.3982   14.6815
    0.0000   30.0000  -45.0000 2219.6875   14.6831
    7.5000   30.0000  -45.0000 2203.1255   14.8472
   -7.5000   37.5000  -45.0000 2188.2649   15.1923
    0.0000   37.5000  -45.0000 2197.8376   15.1559
    7.5000   37.5000  -45.0000 2178.2253   15.3410
   -7.5000   45.0000  -45.0000 2142.7849   15.9620
    0.0000   45.0000  -45.0000 2154.4253   15.8716
    7.5000   45.0000  -45.0000 2139.2327   16.0643
   -7.5000  -45.0000  -37.5000 2256.0525   14.5029
    0.0000  -45.0000  -37.5000 2244.8723   14.5788
    7.5000  -45.0000  -37.5000 2207.5762   14.9067
   -7.5000  -37.5000  -37.5000 2252.9358   14.2510
    0.0000  -37.5000  -37.5000 2246.2695   14.2981
    7.5000  -37.5000  -37.5000 2218.7200   14.6228
   -7.5000  -30.0000  -37.5000 2262.8611   13.9842
    0.0000  -30.0000  -37.5000 2259.8391   14.0257
    7.5000  -30.0000  -37.5000 2237.6973   14.3369
   -7.5000  -22.5000  -37.5000 2285.3774   13.7532
    0.0000  -22.5000  -37.5000 2285.9827   13.7994
    7.5000  -22.5000  -37.5000 2262.0808   14.0755
   -7.5000  -15.0000  -37.5000 2311.1714   13.5090
    0.0000  -15.0000  -37.5000 2311.1257   13.5922
    7.5000  -15.0000  -37.5000 2284.1980   13.8402
   -7.5000   -7.5000  -37.5000 2335.4309   13.3046
    0.0000   -7.5000  -37.5000 2335.7280   13.3855
    7.5000   -7.5000  -37.5000 2311.9009   13.6148
   -7.5000    0.0000  -37.5000 2350.2981   13.1485
    0.0000    0.0000  -37.5000 2352.6064   13.2212
    7.5000    0.0000  -37.5000 2331.4456   13.3722
   -7.5000    7.5000  -37.5000 2354.1296   13.0217
    0.0000    7.5000  -37.5000 2355.2986   13.0588
    7.5000    7.5000  -37.5000 2336.6304   13.1906
   -7.5000   15.0000  -37.5000 2342.0911   13.0001
    0.0000   15.0000  -37.5000 2352.9648   13.0257
    7.5000   15.0000  -37.5000 2335.2100   13.1343
   -7.5000   22.5000  -37.5000 2329.7134   13.1541
    0.0000   22.5000  -37.5000 2341.8027   13.1583
    7.5000   22.5000  -37.5000 2325.2786   13.2882
   -7.5000   30.0000  -37.5000 2312.6917   13.4332
    0.0000   30.0000  -37.5000 2327.8301   13.4384
    7.5000   30.0000  -37.5000 2307.8330   13.5825
   -7.5000   37.5000  -37.5000 2289.7913   13.8920
    0.0000   37.5000  -37.5000 2302.6023   13.8772
    7.5000   37.5000  -37.5000 2285.2292   13.9972
   -7.5000   45.0000  -37.5000 2245.9905   14.5624
    0.0000   45.0000  -37.5000 2259.4199   14.5322
    7.5000   45.0000  -37.5000 2242.4763   14.6416
   -7.5000  -45.0000  -30.0000 2381.7668   13.7103
    0.0000  -45.0000  -30.0000 2374.9622   13.7687
    7.5000  -45.0000  -30.0000 2342.4651   14.0971
   -7.5000  -37.5000  -30.0000 2383.5955   13.4508
    0.0000  -37.5000  -30.0000 2380.9834   13.4690
    7.5000  -37.5000  -30.0000 2356.0920   13.8003
   -7.5000  -30.0000  -30.0000 2397.0598   13.2049
    0.0000  -30.0000  -30.0000 2400.8740   13.2503
    7.5000  -30.0000  -30.0000 2379.2263   13.5403
   -7.5000  -22.5000  -30.0000 2423.9956   12.9971
    0.0000  -22.5000  -30.0000 2428.6724   13.0832
    7.5000  -22.5000  -30.0000 2403.6448   13.3189
   -7.5000  -15.0000  -30.0000 2454.6914   12.7551
    0.0000  -15.0000  -30.0000 2455.0537   12.8544
    7.5000  -15.0000  -30.0000 2430.4739   13.0696
   -7.5000   -7.5000  -30.0000 2479.7126   12.5152
    0.0000   -7.5000  -30.0000 2481.0344   12.6041
    7.5000   -7.5000  -30.0000 2456.1250   12.7975
   -7.5000    0.0000  -30.0000 2494.9854   12.3600
    0.0000    0.0000  -30.0000 2498.2463   12.4240
    7.5000    0.0000  -30.0000 2475.9834   12.5764
   -7.5000    7.5000  -30.0000 2502.0725   12.2888
    0.0000    7.5000  -30.0000 2505.3936   12.3143
    7.5000    7.5000  -30.0000 2483.8218   12.4400
   -7.5000   15.0000  -30.0000 2500.3352   12.2931
    0.0000   15.0000  -30.0000 2512.4170   12.2924
    7.5000   15.0000  -30.0000 2487.4561   12.4285
   -7.5000   22.5000  -30.0000 2494.8066   12.4407
    0.0000   22.5000  -30.0000 2507.0662   12.4350
    7.5000   22.5000  -30.0000 2483.1943   12.5740
   -7.5000   30.0000  -30.0000 2472.6685   12.7610
    0.0000   30.0000  -30.0000 2486.7659   12.7567
    7.5000   30.0000  -30.0000 2464.8210   12.8780
   -7.5000   37.5000  -30.0000 2439.4866   13.2106
    0.0000   37.5000  -30.0000 2456.1406   13.1761
    7.5000   37.5000  -30.0000 2435.3218   13.2820
   -7.5000   45.0000  -30.0000 2391.2720   13.8734
    0.0000   45.0000  -30.0000 2410.8176   13.8498
    7.5000   45.0000  -30.0000 2388.9282   13.9446
   -7.5000  -45.0000  -22.5000 2481.9199   12.9080
    0.0000  -45.0000  -22.5000 2479.4910   12.9650
    7.5000  -45.0000  -22.5000 2453.6860   13.3174
   -7.5000  -37.5000  -22.5000 2485.8474   12.6457
    0.0000  -37.5000  -22.5000 2487.4929   12.6954
    7.5000  -37.5000  -22.5000 2466.2271   13.0078
   -7.5000  -30.0000  -22.5000 2505.8735   12.4109
    0.0000  -30.0000  -22.5000 2511.9333   12.4720
    7.5000  -30.0000  -22.5000 2489.3142   12.7253
   -7.5000  -22.5000  -22.5000 2539.5005   12.1872
    0.0000  -22.5000  -22.5000 2542.9419   12.2570
    7.5000  -22.5000  -22.5000 2518.0708   12.4742
   -7.5000  -15.0000  -22.5000 2570.6528   11.9631
    0.0000  -15.0000  -22.5000 2571.2788   12.0339
    7.5000  -15.0000  -22.5000 2546.8298   12.2229
   -7.5000   -7.5000  -22.5000 2599.5681   11.7568
    0.0000   -7.5000  -22.5000 2600.1484   11.8071
    7.5000   -7.5000  -22.5000 2578.4131   11.9828
   -7.5000    0.0000  -22.5000 2613.8818   11.6021
    0.0000    0.0000  -22.5000 2622.7534   11.6202
    7.5000    0.0000  -22.5000 2599.6912   11.7560
   -7.5000    7.5000  -22.5000 2622.0474   11.5103
    0.0000    7.5000  -22.5000 2634.0212   11.5077
    7.5000    7.5000  -22.5000 2614.3052   11.6323
   -7.5000   15.0000  -22.5000 2626.8921   11.5333
    0.0000   15.0000  -22.5000 2644.2544   11.5091
    7.5000   15.0000  -22.5000 2619.5327   11.6496
   -7.5000   22.5000  -22.5000 2632.7751   11.6723
    0.0000   22.5000  -22.5000 2642.8191   11.6657
    7.5000   22.5000  -22.5000 2618.9695   11.7979
   -7.5000   30.0000  -22.5000 2611.6233   12.0300
    0.0000   30.0000  -22.5000 2623.7698   11.9957
    7.5000   30.0000  -22.5000 2602.0798   12.1101
   -7.5000   37.5000  -22.5000 2570.1665   12.5026
    0.0000   37.5000  -22.5000 2588.1775   12.4463
    7.5000   37.5000  -22.5000 2569.2559   12.5361
   -7.5000   45.0000  -22.5000 2511.7693   13.1600
    0.0000   45.0000  -22.5000 2531.7930   13.1294
    7.5000   45.0000  -22.5000 2512.0591   13.1929
   -7.5000  -45.0000  -15.0000 2563.7605   12.1698
    0.0000  -45.0000  -15.0000 2557.9944   12.1963
    7.5000  -45.0000  -15.0000 2535.2227   12.5344
   -7.5000  -37.5000  -15.0000 2568.8684   11.9019
    0.0000  -37.5000  -15.0000 2570.4009   11.9281
    7.5000  -37.5000  -15.0000 2551.1531   12.2520
   -7.5000  -30.0000  -15.0000 2592.9229   11.6639
    0.0000  -30.0000  -15.0000 2594.4746   11.7111
    7.5000  -30.0000  -15.0000 2573.3584   11.9616
   -7.5000  -22.5000  -15.0000 2627.7065   11.4294
    0.0000  -22.5000  -15.0000 2628.2361   11.4795
    7.5000  -22.5000  -15.0000 2604.6794   11.7153
   -7.5000  -15.0000  -15.0000 2656.0574   11.2178
    0.0000  -15.0000  -15.0000 2658.8289   11.2461
    7.5000  -15.0000  -15.0000 2631.8086   11.4562
   -7.5000   -7.5000  -15.0000 2688.2156   11.0262
    0.0000   -7.5000  -15.0000 2691.4568   11.0321
    7.5000   -7.5000  -15.0000 2661.8474   11.2287
   -7.5000    0.0000  -15.0000 2702.3984   10.8784
    0.0000    0.0000  -15.0000 2713.0854   10.8770
    7.5000    0.0000  -15.0000 2688.8569   11.0331
   -7.5000    7.5000  -15.0000 2712.6765   10.7913
    0.0000    7.5000  -15.0000 2726.3367   10.7640
    7.5000    7.5000  -15.0000 2711.4338   10.9044
   -7.5000   15.0000  -15.0000 2721.8293   10.8139
    0.0000   15.0000  -15.0000 2740.1616   10.7752
    7.5000   15.0000  -15.0000 2722.2844   10.9067
   -7.5000   22.5000  -15.0000 2730.5293   10.9548
    0.0000   22.5000  -15.0000 2751.2253   10.9372
    7.5000   22.5000  -15.0000 2727.5256   11.0431
   -7.5000   30.0000  -15.0000 2715.1907   11.3024
    0.0000   30.0000  -15.0000 2731.2451   11.2874
    7.5000   30.0000  -15.0000 2714.3042   11.3722
   -7.5000   37.5000  -15.0000 2675.4795   11.7840
    0.0000   37.5000  -15.0000 2692.7383   11.7553
    7.5000   37.5000  -15.0000 2673.1787   11.8365
   -7.5000   45.0000  -15.0000 2609.6953   12.4410
    0.0000   45.0000  -15.0000 2631.2610   12.4113
    7.5000   45.0000  -15.0000 2611.9751   12.4994
   -7.5000  -45.0000   -7.5000 2641.6858   11.4739
    0.0000  -45.0000   -7.5000 2632.4636   11.4866
    7.5000  -45.0000   -7.5000 2603.9031   11.8150
   -7.5000  -37.5000   -7.5000 2649.5874   11.2213
    0.0000  -37.5000   -7.5000 2643.8052   11.2420
    7.5000  -37.5000   -7.5000 2622.2922   11.5338
   -7.5000  -30.0000   -7.5000 2671.1980   10.9630
    0.0000  -30.0000   -7.5000 2666.8982   11.0061
    7.5000  -30.0000   -7.5000 2645.1570   11.2464
   -7.5000  -22.5000   -7.5000 2699.4661   10.7438
    0.0000  -22.5000   -7.5000 2697.8806   10.7913
    7.5000  -22.5000   -7.5000 2673.2498   11.0013
   -7.5000  -15.0000   -7.5000 2724.5862   10.5543
    0.0000  -15.0000   -7.5000 2726.7393   10.5766
    7.5000  -15.0000   -7.5000 2700.6814   10.7628
   -7.5000   -7.5000   -7.5000 2750.1284   10.3706
    0.0000   -7.5000   -7.5000 2756.5525   10.3643
    7.5000   -7.5000   -7.5000 2730.6238   10.5521
   -7.5000    0.0000   -7.5000 2773.8916   10.2212
    0.0000    0.0000   -7.5000 2786.7683   10.1893
    7.5000    0.0000   -7.5000 2760.8293   10.3535
   -7.5000    7.5000   -7.5000 2795.1167   10.1396
    0.0000    7.5000   -7.5000 2809.6968   10.1053
    7.5000    7.5000   -7.5000 2794.1831   10.2550
   -7.5000   15.0000   -7.5000 2811.5200   10.1805
    0.0000   15.0000   -7.5000 2829.6055   10.1327
    7.5000   15.0000   -7.5000 2811.9993   10.2563
   -7.5000   22.5000   -7.5000 2823.5886   10.3058
    0.0000   22.5000   -7.5000 2849.7244   10.2925
    7.5000   22.5000   -7.5000 2820.7354   10.4016
   -7.5000   30.0000   -7.5000 2805.2148   10.6243
    0.0000   30.0000   -7.5000 2825.0886   10.6312
    7.5000   30.0000   -7.5000 2804.7087   10.7472
   -7.5000   37.5000   -7.5000 2760.2725   11.0786
    0.0000   37.5000   -7.5000 2780.3035   11.0885
    7.5000   37.5000   -7.5000 2762.8733   11.1974
   -7.5000   45.0000   -7.5000 2688.2039   11.7371
    0.0000   45.0000   -7.5000 2706.7852   11.6789
    7.5000   45.0000   -7.5000 2694.0347   11.8114
   -7.5000  -45.0000    0.0000 2714.7864   10.8987
    0.0000  -45.0000    0.0000 2701.7131   10.9152
    7.5000  -45.0000    0.0000 2665.9304   11.2306
   -7.5000  -37.5000    0.0000 2724.0869   10.6600
    0.0000  -37.5000    0.0000 2719.0818   10.6832
    7.5000  -37.5000    0.0000 2684.3245   10.9612
   -7.5000  -30.0000    0.0000 2739.7168   10.4331
    0.0000  -30.0000    0.0000 2736.1370   10.4609
    7.5000  -30.0000    0.0000 2703.4822   10.6921
   -7.5000  -22.5000    0.0000 2760.7603   10.2268
    0.0000  -22.5000    0.0000 2757.4675   10.2536
    7.5000  -22.5000    0.0000 2726.0657   10.4618
   -7.5000  -15.0000    0.0000 2781.3352   10.0401
    0.0000  -15.0000    0.0000 2776.6621   10.0435
    7.5000  -15.0000    0.0000 2750.8809   10.2456
   -7.5000   -7.5000    0.0000 2803.2798    9.8739
    0.0000   -7.5000    0.0000 2805.0056    9.8462
    7.5000   -7.5000    0.0000 2783.6807   10.0267
   -7.5000    0.0000    0.0000 2828.0525    9.7231
    0.0000    0.0000    0.0000 2839.6475    9.6749
    7.5000    0.0000    0.0000 2818.7246    9.8437
   -7.5000    7.5000    0.0000 2862.4395    9.6578
    0.0000    7.5000    0.0000 2876.7874    9.6120
    7.5000    7.5000    0.0000 2860.5198    9.7732
   -7.5000   15.0000    0.0000 2893.8496    9.7417
    0.0000   15.0000    0.0000 2913.1501    9.6925
    7.5000   15.0000    0.0000 2891.0112    9.8367
   -7.5000   22.5000    0.0000 2904.3987    9.8512
    0.0000   22.5000    0.0000 2936.6145    9.8242
    7.5000   22.5000    0.0000 2903.5139   10.0105
   -7.5000   30.0000    0.0000 2886.1528   10.1255
    0.0000   30.0000    0.0000 2901.7234   10.1228
    7.5000   30.0000    0.0000 2885.3318   10.3257
   -7.5000   37.5000    0.0000 2830.0823   10.5940
    0.0000   37.5000    0.0000 2844.6306   10.5380
    7.5000   37.5000    0.0000 2833.7151   10.7207
   -7.5000   45.0000    0.0000 2743.2297   11.2386
    0.0000   45.0000    0.0000 2758.8467   11.1262
    7.5000   45.0000    0.0000 2753.1228   11.3123
   -7.5000  -45.0000    7.5000 2771.1221   10.4710
    0.0000  -45.0000    7.5000 2757.7847   10.4917
    7.5000  -45.0000    7.5000 2721.2725   10.8084
   -7.5000  -37.5000    7.5000 2782.3970   10.2512
    0.0000  -37.5000    7.5000 2773.9348   10.2903
    7.5000  -37.5000    7.5000 2738.3433   10.5644
   -7.5000  -30.0000    7.5000 2792.1589   10.0437
    0.0000  -30.0000    7.5000 2789.6123   10.0785
    7.5000  -30.0000    7.5000 2754.6577   10.3312
   -7.5000  -22.5000    7.5000 2804.9685    9.8552
    0.0000  -22.5000    7.5000 2805.5632    9.8641
    7.5000  -22.5000    7.5000 2773.5923   10.1114
   -7.5000  -15.0000    7.5000 2820.3198    9.6869
    0.0000  -15.0000    7.5000 2820.7053    9.6578
    7.5000  -15.0000    7.5000 2795.7021    9.8995
   -7.5000   -7.5000    7.5000 2844.9360    9.5191
    0.0000   -7.5000    7.5000 2847.1045    9.4660
    7.5000   -7.5000    7.5000 2825.5295    9.6865
   -7.5000    0.0000    7.5000 2870.3660    9.3768
    0.0000    0.0000    7.5000 2878.6804    9.3021
    7.5000    0.0000    7.5000 2859.9043    9.5019
   -7.5000    7.5000    7.5000 2905.5999    9.3663
    0.0000    7.5000    7.5000 2921.9009    9.2753
    7.5000    7.5000    7.5000 2905.6929    9.4545
   -7.5000   15.0000    7.5000 2947.2490    9.4886
    0.0000   15.0000    7.5000 2967.3667    9.4610
    7.5000   15.0000    7.5000 2946.2358    9.5836
   -7.5000   22.5000    7.5000 2963.3472    9.5859
    0.0000   22.5000    7.5000 2992.2478    9.5116
    7.5000   22.5000    7.5000 2953.4761    9.7679
   -7.5000   30.0000    7.5000 2934.3516    9.8954
    0.0000   30.0000    7.5000 2950.5151    9.7010
    7.5000   30.0000    7.5000 2929.7251   10.0579
   -7.5000   37.5000    7.5000 2867.6780   10.3771
    0.0000   37.5000    7.5000 2882.9233   10.2077
    7.5000   37.5000    7.5000 2872.8171   10.5049
   -7.5000   45.0000    7.5000 2774.2324   10.9945
    0.0000   45.0000    7.5000 2791.0601   10.8375
    7.5000   45.0000    7.5000 2781.2837   11.0915
   -7.5000  -45.0000   15.0000 2803.3213   10.2269
    0.0000  -45.0000   15.0000 2790.4099   10.2552
    7.5000  -45.0000   15.0000 2747.5024   10.5762
   -7.5000  -37.5000   15.0000 2811.3000   10.0180
    0.0000  -37.5000   15.0000 2807.8635   10.0250
    7.5000  -37.5000   15.0000 2765.5356   10.3300
   -7.5000  -30.0000   15.0000 2819.4543    9.8249
    0.0000  -30.0000   15.0000 2821.6277    9.8072
    7.5000  -30.0000   15.0000 2782.7031   10.0964
   -7.5000  -22.5000   15.0000 2829.9387    9.6567
    0.0000  -22.5000   15.0000 2832.8699    9.6171
    7.5000  -22.5000   15.0000 2802.2515    9.8984
   -7.5000  -15.0000   15.0000 2844.0271    9.5014
    0.0000  -15.0000   15.0000 2844.4199    9.4555
    7.5000  -15.0000   15.0000 2821.2449    9.7206
   -7.5000   -7.5000   15.0000 2862.4822    9.3589
    0.0000   -7.5000   15.0000 2867.7207    9.2898
    7.5000   -7.5000   15.0000 2845.7637    9.5140
   -7.5000    0.0000   15.0000 2885.6187    9.2417
    0.0000    0.0000   15.0000 2893.4998    9.1383
    7.5000    0.0000   15.0000 2878.2498    9.3571
   -7.5000    7.5000   15.0000 2919.3145    9.2382
    0.0000    7.5000   15.0000 2933.4426    9.1381
    7.5000    7.5000   15.0000 2919.3953    9.3490
   -7.5000   15.0000   15.0000 2950.8289    9.3985
    0.0000   15.0000   15.0000 2972.1772    9.3274
    7.5000   15.0000   15.0000 2955.8948    9.5116
   -7.5000   22.5000   15.0000 2971.2646    9.6455
    0.0000   22.5000   15.0000 2992.8813    9.4574
    7.5000   22.5000   15.0000 2962.6458    9.7108
   -7.5000   30.0000   15.0000 2947.9167    9.9434
    0.0000   30.0000   15.0000 2965.8293    9.6885
    7.5000   30.0000   15.0000 2946.6116   10.0123
   -7.5000   37.5000   15.0000 2882.6926   10.4171
    0.0000   37.5000   15.0000 2896.9133   10.2157
    7.5000   37.5000   15.0000 2881.8662   10.4824
   -7.5000   45.0000   15.0000 2777.3013   11.0133
    0.0000   45.0000   15.0000 2787.5972   10.8502
    7.5000   45.0000   15.0000 2778.3965   11.0462
   -7.5000  -45.0000   22.5000 2810.9414   10.1605
    0.0000  -45.0000   22.5000 2805.1484   10.1774
    7.5000  -45.0000   22.5000 2754.3171   10.5153
   -7.5000  -37.5000   22.5000 2820.6223    9.9445
    0.0000  -37.5000   22.5000 2818.0327    9.9448
    7.5000  -37.5000   22.5000 2770.6489   10.2559
   -7.5000  -30.0000   22.5000 2828.9854    9.7413
    0.0000  -30.0000   22.5000 2829.0747    9.7153
    7.5000  -30.0000   22.5000 2783.5166   10.0380
   -7.5000  -22.5000   22.5000 2844.8401    9.5917
    0.0000  -22.5000   22.5000 2846.3242    9.5408
    7.5000  -22.5000   22.5000 2809.1519    9.8487
   -7.5000  -15.0000   22.5000 2851.0637    9.4532
    0.0000  -15.0000   22.5000 2860.8682    9.3906
    7.5000  -15.0000   22.5000 2828.0603    9.6964
   -7.5000   -7.5000   22.5000 2856.5366    9.3392
    0.0000   -7.5000   22.5000 2873.4541    9.2553
    7.5000   -7.5000   22.5000 2850.9290    9.5390
   -7.5000    0.0000   22.5000 2872.3740    9.2941
    0.0000    0.0000   22.5000 2889.2434    9.2169
    7.5000    0.0000   22.5000 2882.4424    9.4739
   -7.5000    7.5000   22.5000 2904.3855    9.3565
    0.0000    7.5000   22.5000 2921.3147    9.3049
    7.5000    7.5000   22.5000 2917.3923    9.5147
   -7.5000   15.0000   22.5000 2926.5955    9.5616
    0.0000   15.0000   22.5000 2947.9763    9.4588
    7.5000   15.0000   22.5000 2936.4546    9.6440
   -7.5000   22.5000   22.5000 2937.4529    9.8532
    0.0000   22.5000   22.5000 2955.7117    9.6905
    7.5000   22.5000   22.5000 2933.2781    9.8632
   -7.5000   30.0000   22.5000 2911.6379   10.2543
    0.0000   30.0000   22.5000 2934.4158   10.0919
    7.5000   30.0000   22.5000 2914.7405   10.2163
   -7.5000   37.5000   22.5000 2851.2495   10.6757
    0.0000   37.5000   22.5000 2872.4055   10.5331
    7.5000   37.5000   22.5000 2850.1538   10.6286
   -7.5000   45.0000   22.5000 2749.6133   11.1771
    0.0000   45.0000   22.5000 2758.6418   11.0669
    7.5000   45.0000   22.5000 2743.2566   11.1591
   -7.5000  -45.0000   30.0000 2796.4502   10.2734
    0.0000  -45.0000   30.0000 2783.3752   10.2986
    7.5000  -45.0000   30.0000 2734.7144   10.6589
   -7.5000  -37.5000   30.0000 2805.8574   10.0326
    0.0000  -37.5000   30.0000 2800.0935   10.0588
    7.5000  -37.5000   30.0000 2754.7551   10.4048
   -7.5000  -30.0000   30.0000 2812.7036    9.8249
    0.0000  -30.0000   30.0000 2812.4097    9.8143
    7.5000  -30.0000   30.0000 2768.7542   10.1638
   -7.5000  -22.5000   30.0000 2826.5322    9.6746
    0.0000  -22.5000   30.0000 2831.5015    9.6513
    7.5000  -22.5000   30.0000 2795.2156    9.9906
   -7.5000  -15.0000   30.0000 2830.1738    9.5954
    0.0000  -15.0000   30.0000 2847.7292    9.5459
    7.5000  -15.0000   30.0000 2818.7314    9.8601
   -7.5000   -7.5000   30.0000 2836.0171    9.5756
    0.0000   -7.5000   30.0000 2854.7571    9.5136
    7.5000   -7.5000   30.0000 2835.3333    9.7856
   -7.5000    0.0000   30.0000 2849.6150    9.6010
    0.0000    0.0000   30.0000 2866.9797    9.5604
    7.5000    0.0000   30.0000 2857.3838    9.7773
   -7.5000    7.5000   30.0000 2872.4556    9.6981
    0.0000    7.5000   30.0000 2889.9736    9.6437
    7.5000    7.5000   30.0000 2885.2417    9.8296
   -7.5000   15.0000   30.0000 2882.0247    9.9017
    0.0000   15.0000   30.0000 2905.6965    9.7400
    7.5000   15.0000   30.0000 2896.5762    9.9402
   -7.5000   22.5000   30.0000 2876.6709   10.1209
    0.0000   22.5000   30.0000 2894.9893    9.9535
    7.5000   22.5000   30.0000 2883.3398   10.1619
   -7.5000   30.0000   30.0000 2847.4160   10.5182
    0.0000   30.0000   30.0000 2868.1216   10.3312
    7.5000   30.0000   30.0000 2852.2144   10.5217
   -7.5000   37.5000   30.0000 2785.1604   10.9970
    0.0000   37.5000   30.0000 2802.6099   10.8315
    7.5000   37.5000   30.0000 2788.0769   10.9643
   -7.5000   45.0000   30.0000 2685.5332   11.5868
    0.0000   45.0000   30.0000 2696.4314   11.4554
    7.5000   45.0000   30.0000 2685.9307   11.5635
   -7.5000  -45.0000   37.5000 2768.7224   10.5473
    0.0000  -45.0000   37.5000 2754.6414   10.5967
    7.5000  -45.0000   37.5000 2709.8799   10.9605
   -7.5000  -37.5000   37.5000 2771.9292   10.3237
    0.0000  -37.5000   37.5000 2765.8232   10.3517
    7.5000  -37.5000   37.5000 2731.2239   10.6899
   -7.5000  -30.0000   37.5000 2775.5457   10.1330
    0.0000  -30.0000   37.5000 2775.7161   10.1334
    7.5000  -30.0000   37.5000 2746.7983   10.4480
   -7.5000  -22.5000   37.5000 2786.2793   10.0001
    0.0000  -22.5000   37.5000 2791.9353    9.9819
    7.5000  -22.5000   37.5000 2766.5022   10.2787
   -7.5000  -15.0000   37.5000 2796.8003    9.9566
    0.0000  -15.0000   37.5000 2812.0032    9.8932
    7.5000  -15.0000   37.5000 2785.9592   10.1703
   -7.5000   -7.5000   37.5000 2806.4199    9.9633
    0.0000   -7.5000   37.5000 2826.7107    9.8829
    7.5000   -7.5000   37.5000 2804.0491   10.1456
   -7.5000    0.0000   37.5000 2813.0981   10.0317
    0.0000    0.0000   37.5000 2834.1929    9.9412
    7.5000    0.0000   37.5000 2818.1230   10.1667
   -7.5000    7.5000   37.5000 2823.0269   10.1775
    0.0000    7.5000   37.5000 2849.4797   10.0426
    7.5000    7.5000   37.5000 2836.7864   10.2367
   -7.5000   15.0000   37.5000 2822.3164   10.3579
    0.0000   15.0000   37.5000 2849.2400   10.1640
    7.5000   15.0000   37.5000 2838.5168   10.3731
   -7.5000   22.5000   37.5000 2812.3306   10.5834
    0.0000   22.5000   37.5000 2826.7476   10.3974
    7.5000   22.5000   37.5000 2819.4263   10.6128
   -7.5000   30.0000   37.5000 2768.0251   10.9750
    0.0000   30.0000   37.5000 2782.8662   10.7732
    7.5000   30.0000   37.5000 2772.6135   10.9987
   -7.5000   37.5000   37.5000 2700.6572   11.4574
    0.0000   37.5000   37.5000 2713.8098   11.2651
    7.5000   37.5000   37.5000 2706.3442   11.4820
   -7.5000   45.0000   37.5000 2610.4470   12.0903
    0.0000   45.0000   37.5000 2623.2603   11.8875
    7.5000   45.0000   37.5000 2616.2136   12.0807
   -7.5000  -45.0000   45.0000 2713.1216   11.0343
    0.0000  -45.0000   45.0000 2711.0730   11.0783
    7.5000  -45.0000   45.0000 2666.8611   11.4115
   -7.5000  -37.5000   45.0000 2720.7876   10.8173
    0.0000  -37.5000   45.0000 2720.6572   10.8180
    7.5000  -37.5000   45.0000 2685.9563   11.1225
   -7.5000  -30.0000   45.0000 2726.0884   10.6069
    0.0000  -30.0000   45.0000 2732.4968   10.6029
    7.5000  -30.0000   45.0000 2702.0037   10.8740
   -7.5000  -22.5000   45.0000 2732.8264   10.4837
    0.0000  -22.5000   45.0000 2746.5322   10.4601
    7.5000  -22.5000   45.0000 2722.5698   10.7011
   -7.5000  -15.0000   45.0000 2744.1228   10.4178
    0.0000  -15.0000   45.0000 2763.1836   10.3593
    7.5000  -15.0000   45.0000 2741.2122   10.5989
   -7.5000   -7.5000   45.0000 2754.2429   10.4428
    0.0000   -7.5000   45.0000 2776.1565   10.3534
    7.5000   -7.5000   45.0000 2754.8555   10.5951
   -7.5000    0.0000   45.0000 2755.5513   10.5429
    0.0000    0.0000   45.0000 2779.9358   10.4162
    7.5000    0.0000   45.0000 2763.1992   10.6381
   -7.5000    7.5000   45.0000 2759.5266   10.7158
    0.0000    7.5000   45.0000 2789.3254   10.5499
    7.5000    7.5000   45.0000 2773.0176   10.7353
   -7.5000   15.0000   45.0000 2751.3315   10.9100
    0.0000   15.0000   45.0000 2778.1292   10.7281
    7.5000   15.0000   45.0000 2761.8762   10.9193
   -7.5000   22.5000   45.0000 2730.6396   11.1794
    0.0000   22.5000   45.0000 2746.9602   11.0154
    7.5000   22.5000   45.0000 2738.4060   11.1889
   -7.5000   30.0000   45.0000 2682.3005   11.5914
    0.0000   30.0000   45.0000 2696.3381   11.3992
    7.5000   30.0000   45.0000 2686.5073   11.5721
   -7.5000   37.5000   45.0000 2614.8015   12.1031
    0.0000   37.5000   45.0000 2626.6206   11.9227
    7.5000   37.5000   45.0000 2625.0325   12.0959
   -7.5000   45.0000   45.0000 2528.3054   12.7252
    0.0000   45.0000   45.0000 2546.3035   12.5448
    7.5000   45.0000   45.0000 2541.1704   12.7227

---------------------------------------------------------------------
imgreg_4dfp /opt/freesurfer/average/711-2C_as_mni_average_305 /opt/freesurfer/average/711-2B_as_mni_average_305_mask talsrcimg_g11 none talsrcimg_to_711-2C_as_mni_average_305_t4 1283
---------------------------------------------------------------------

freesurfer imgreg_4dfp.c
/opt/freesurfer/average/711-2C_as_mni_average_305.4dfp.img
       256       256       256         1
  1.000000  1.000000  1.000000
orientation T byte_order littleendian
Reading image: /opt/freesurfer/average/711-2C_as_mni_average_305.4dfp.img
dimensions:      256       256       256
mmppix:       1.0000   -1.0000   -1.0000
center:     128.0000 -129.0000 -129.0000
/opt/freesurfer/average/711-2B_as_mni_average_305_mask.4dfp.img
       256       256       256         1
  1.000000  1.000000  1.000000
orientation T byte_order littleendian
Reading mask: /opt/freesurfer/average/711-2B_as_mni_average_305_mask.4dfp.img (2306576 pixels)
talsrcimg_g11.4dfp.img
       256       256       256         1
  1.000000  1.000000  1.000000
orientation T byte_order littleendian
Reading image: talsrcimg_g11.4dfp.img
dimensions:      256       256       256
mmppix:       1.0000   -1.0000   -1.0000
center:     128.0000 -129.0000 -129.0000
rotation matrix determinant  1.000000
fimgreg.f
image alignment mode   1283 decimal      503 hex
parameters
    0.0000   22.5000   15.0000    0.0000    0.0000    0.0000
eta,q 0.93842  9.51658
niter,ni,del,rscale     5    3   12.0000    1.2000
parameter  3  0.689008 ->  0.500000 qaram    1.1500
parameter  6  0.604414 ->  0.500000 qaram    1.1500
parameters
    0.0797   20.3050   11.5500    1.5258   -2.5565   -3.4500
eta,q 0.94209  9.43305
  0.0691  0.0657  0.0607  0.0640  0.0599  0.0580
  0.0663  0.0634  0.0595  0.0617  0.0587  0.0579
  0.0648  0.0627  0.0604  0.0600  0.0585  0.0580
  0.0643  0.0642  0.0627  0.0591  0.0592  0.0585
  0.0645  0.0663  0.0644  0.0593  0.0606  0.0600
  0.0659  0.0679  0.0679  0.0596  0.0632  0.0622
  0.0690  0.0701  0.0726  0.0607  0.0657  0.0646
niter,ni,del,rscale     6    3   12.0000    1.2000
parameters
    0.5641   19.2448   11.3698    1.8440   -4.3198   -5.1293
eta,q 0.94290  9.45981
  0.0683  0.0614  0.0626  0.0591  0.0587  0.0584
  0.0636  0.0584  0.0597  0.0577  0.0575  0.0574
  0.0595  0.0571  0.0582  0.0577  0.0570  0.0571
  0.0579  0.0580  0.0573  0.0573  0.0573  0.0569
  0.0589  0.0595  0.0582  0.0571  0.0584  0.0575
  0.0615  0.0612  0.0595  0.0577  0.0601  0.0593
  0.0655  0.0642  0.0637  0.0588  0.0630  0.0615
niter,ni,del,rscale     5    3   12.0000    1.2000
parameters
    0.8695   19.2721   11.1600    1.9117   -5.0493   -4.6110
eta,q 0.94293  9.47642
  0.0673  0.0627  0.0634  0.0586  0.0598  0.0600
  0.0622  0.0595  0.0601  0.0581  0.0581  0.0586
  0.0580  0.0577  0.0585  0.0580  0.0572  0.0575
  0.0571  0.0573  0.0573  0.0573  0.0573  0.0572
  0.0587  0.0580  0.0581  0.0571  0.0580  0.0570
  0.0611  0.0595  0.0604  0.0579  0.0592  0.0578
  0.0650  0.0625  0.0646  0.0590  0.0613  0.0594
niter,ni,del,rscale     4    3   12.0000    1.2000
parameters
    1.2337   19.1643   10.9013    2.7253   -5.4480   -3.7233
eta,q 0.94323  9.47754
  0.0667  0.0625  0.0637  0.0589  0.0600  0.0605
  0.0617  0.0592  0.0599  0.0581  0.0580  0.0589
  0.0579  0.0575  0.0582  0.0580  0.0569  0.0575
  0.0571  0.0572  0.0572  0.0572  0.0570  0.0569
  0.0583  0.0581  0.0583  0.0569  0.0577  0.0568
  0.0604  0.0597  0.0609  0.0576  0.0588  0.0576
  0.0642  0.0625  0.0646  0.0584  0.0606  0.0592
niter,ni,del,rscale     3    3   12.0000    1.2000
parameters
    1.6405   18.7805   10.8521    3.3080   -5.6105   -3.1572
eta,q 0.94358  9.46855
  0.0661  0.0619  0.0643  0.0587  0.0601  0.0606
  0.0617  0.0584  0.0598  0.0580  0.0576  0.0589
  0.0579  0.0568  0.0579  0.0575  0.0564  0.0574
  0.0568  0.0568  0.0567  0.0567  0.0566  0.0565
  0.0577  0.0584  0.0578  0.0567  0.0573  0.0566
  0.0598  0.0600  0.0607  0.0574  0.0581  0.0578
  0.0639  0.0624  0.0640  0.0584  0.0600  0.0597
niter,ni,del,rscale     2    3   12.0000    1.2000
parameters
    1.8765   18.5980   10.8562    3.5445   -5.6992   -2.8708
eta,q 0.94370  9.46213
  0.0654  0.0625  0.0642  0.0585  0.0601  0.0605
  0.0612  0.0586  0.0597  0.0578  0.0574  0.0587
  0.0575  0.0566  0.0577  0.0572  0.0562  0.0572
  0.0564  0.0565  0.0564  0.0564  0.0564  0.0563
  0.0574  0.0582  0.0574  0.0565  0.0570  0.0565
  0.0597  0.0600  0.0605  0.0573  0.0579  0.0580
  0.0643  0.0621  0.0638  0.0586  0.0598  0.0601
niter,ni,del,rscale     1    3   12.0000    1.2000
parameters
    1.9880   18.5309   10.8538    3.5844   -5.7315   -2.7426
eta,q 0.94374  9.45993
  0.0649  0.0628  0.0642  0.0584  0.0602  0.0604
  0.0608  0.0587  0.0597  0.0577  0.0574  0.0586
  0.0572  0.0566  0.0576  0.0570  0.0561  0.0571
  0.0563  0.0563  0.0563  0.0563  0.0563  0.0563
  0.0573  0.0580  0.0573  0.0565  0.0569  0.0566
  0.0598  0.0599  0.0604  0.0573  0.0578  0.0582
  0.0646  0.0619  0.0638  0.0587  0.0598  0.0604
registration optimization eta report
parameter search radius
    6.0000    6.0000    6.9000    6.0000    6.0000    6.9000
100000*second partial in parameter space
       23.       16.       16.        6.       11.        9.
  0.0649  0.0628  0.0642  0.0584  0.0602  0.0604
  0.0608  0.0587  0.0597  0.0577  0.0574  0.0586
  0.0572  0.0566  0.0576  0.0570  0.0561  0.0571
  0.0563  0.0563  0.0563  0.0563  0.0563  0.0563
  0.0573  0.0580  0.0573  0.0565  0.0569  0.0566
  0.0598  0.0599  0.0604  0.0573  0.0578  0.0582
  0.0646  0.0619  0.0638  0.0587  0.0598  0.0604
    1.9880   18.5309   10.8538    3.5844   -5.7315   -2.7426
eta,q 0.94374  9.45993

---------------------------------------------------------------------
imgreg_4dfp /opt/freesurfer/average/711-2C_as_mni_average_305 /opt/freesurfer/average/711-2B_as_mni_average_305_mask talsrcimg_g11 none talsrcimg_to_711-2C_as_mni_average_305_t4 3335
---------------------------------------------------------------------

freesurfer imgreg_4dfp.c
/opt/freesurfer/average/711-2C_as_mni_average_305.4dfp.img
       256       256       256         1
  1.000000  1.000000  1.000000
orientation T byte_order littleendian
Reading image: /opt/freesurfer/average/711-2C_as_mni_average_305.4dfp.img
dimensions:      256       256       256
mmppix:       1.0000   -1.0000   -1.0000
center:     128.0000 -129.0000 -129.0000
/opt/freesurfer/average/711-2B_as_mni_average_305_mask.4dfp.img
       256       256       256         1
  1.000000  1.000000  1.000000
orientation T byte_order littleendian
Reading mask: /opt/freesurfer/average/711-2B_as_mni_average_305_mask.4dfp.img (2306576 pixels)
talsrcimg_g11.4dfp.img
       256       256       256         1
  1.000000  1.000000  1.000000
orientation T byte_order littleendian
Reading image: talsrcimg_g11.4dfp.img
dimensions:      256       256       256
mmppix:       1.0000   -1.0000   -1.0000
center:     128.0000 -129.0000 -129.0000
fimgreg.f
image alignment mode   3335 decimal      D07 hex
parameters
    1.9880   18.5309   10.8538   -0.6139   -0.3398   -0.6946
    5.3992    9.6566   -4.7610   -6.7217   -9.9867    6.2207
eta,q 0.94311  9.50730
niter,ni,del,rscale     5    3    5.0000    1.2000
parameter  2 -0.656729 -> -0.500000 qaram    1.1500
parameter  4  2.587386 ->  0.500000 qaram    1.1500
parameter  5  1.085294 ->  0.500000 qaram    1.1500
parameter  6  2.723469 ->  0.500000 qaram    1.1500
parameter 10  0.931976 ->  0.500000 qaram    1.1500
parameter 12  1.715250 ->  0.500000 qaram    1.1500
parameters
    1.5264   19.9109   11.3013   -4.7539   -4.4798   -4.8346
    3.9525    7.4513   -6.5933  -10.8617   -7.8291    2.0807
eta,q 0.95624  9.31707
  0.0577  0.0594  0.0580  0.0516  0.0504  0.0434  0.0468  0.0471  0.0459  0.0450  0.0460  0.0434
  0.0571  0.0584  0.0571  0.0526  0.0511  0.0454  0.0464  0.0461  0.0458  0.0450  0.0455  0.0436
  0.0569  0.0575  0.0566  0.0542  0.0518  0.0483  0.0461  0.0458  0.0457  0.0453  0.0452  0.0442
  0.0569  0.0568  0.0563  0.0563  0.0530  0.0513  0.0461  0.0461  0.0458  0.0457  0.0450  0.0450
  0.0572  0.0564  0.0564  0.0585  0.0549  0.0545  0.0464  0.0469  0.0458  0.0464  0.0450  0.0458
  0.0578  0.0563  0.0567  0.0607  0.0575  0.0582  0.0469  0.0481  0.0459  0.0472  0.0450  0.0468
  0.0588  0.0565  0.0570  0.0632  0.0603  0.0625  0.0478  0.0495  0.0461  0.0482  0.0453  0.0478
niter,ni,del,rscale     7    3    5.0000    1.2000
parameter  2 -1.230415 -> -0.500000 qaram    1.3225
parameter  3 -1.025000 -> -0.500000 qaram    1.1500
parameter  4  0.677838 ->  0.500000 qaram    1.3225
parameter  5  1.153491 ->  0.500000 qaram    1.3225
parameter  6  0.721902 ->  0.500000 qaram    1.3225
parameters
    1.6414   21.4979   12.6813   -9.5149   -9.2408   -9.5956
    6.9343    8.4261   -4.6386   -8.2646   -7.4035    0.4372
eta,q 0.96443  9.01211
  0.0461  0.0485  0.0466  0.0399  0.0368  0.0355  0.0384  0.0394  0.0371  0.0396  0.0364  0.0365
  0.0449  0.0468  0.0449  0.0396  0.0374  0.0361  0.0375  0.0377  0.0366  0.0379  0.0360  0.0360
  0.0441  0.0451  0.0434  0.0396  0.0383  0.0365  0.0367  0.0366  0.0362  0.0367  0.0357  0.0356
  0.0438  0.0438  0.0422  0.0409  0.0395  0.0376  0.0363  0.0360  0.0360  0.0359  0.0356  0.0356
  0.0439  0.0427  0.0413  0.0436  0.0413  0.0408  0.0360  0.0360  0.0359  0.0356  0.0357  0.0360
  0.0446  0.0421  0.0408  0.0469  0.0438  0.0454  0.0361  0.0366  0.0360  0.0360  0.0359  0.0367
  0.0457  0.0418  0.0407  0.0500  0.0466  0.0502  0.0365  0.0380  0.0363  0.0368  0.0363  0.0378
niter,ni,del,rscale     7    3    5.0000    1.2000
parameter  2 -1.174722 -> -0.500000 qaram    1.5209
parameter 10 -0.567419 -> -0.500000 qaram    1.3225
parameters
    1.5467   23.3229   12.3876  -11.1893  -13.9503  -12.6597
    5.2059    8.6306   -5.4426   -3.5036   -7.6016   -1.4501
eta,q 0.96896  8.63799
  0.0373  0.0420  0.0344  0.0354  0.0337  0.0333  0.0332  0.0348  0.0333  0.0381  0.0319  0.0321
  0.0364  0.0395  0.0339  0.0347  0.0328  0.0324  0.0325  0.0335  0.0326  0.0359  0.0314  0.0314
  0.0358  0.0374  0.0336  0.0340  0.0328  0.0322  0.0322  0.0326  0.0322  0.0338  0.0312  0.0311
  0.0356  0.0356  0.0335  0.0335  0.0337  0.0327  0.0322  0.0321  0.0321  0.0321  0.0311  0.0311
  0.0358  0.0342  0.0337  0.0337  0.0351  0.0329  0.0328  0.0324  0.0324  0.0312  0.0313  0.0316
  0.0365  0.0333  0.0342  0.0356  0.0373  0.0350  0.0337  0.0332  0.0331  0.0312  0.0315  0.0325
  0.0377  0.0330  0.0350  0.0390  0.0404  0.0401  0.0348  0.0346  0.0340  0.0320  0.0319  0.0336
niter,ni,del,rscale     7    3    5.0000    1.2000
parameter  2 -0.636381 -> -0.500000 qaram    1.7490
parameters
    1.5560   25.4218   11.9168  -11.7073  -15.1697  -13.1367
    5.0885    8.7700   -5.3848   -1.0249   -7.3888   -4.2343
eta,q 0.97147  8.58297
  0.0332  0.0399  0.0303  0.0311  0.0319  0.0316  0.0310  0.0321  0.0311  0.0361  0.0296  0.0293
  0.0320  0.0364  0.0296  0.0302  0.0305  0.0303  0.0301  0.0306  0.0301  0.0332  0.0291  0.0287
  0.0313  0.0334  0.0292  0.0296  0.0295  0.0294  0.0294  0.0296  0.0294  0.0308  0.0288  0.0285
  0.0310  0.0310  0.0292  0.0292  0.0292  0.0292  0.0292  0.0292  0.0292  0.0292  0.0287  0.0287
  0.0313  0.0296  0.0296  0.0290  0.0301  0.0296  0.0294  0.0295  0.0294  0.0287  0.0288  0.0293
  0.0320  0.0293  0.0304  0.0298  0.0317  0.0301  0.0301  0.0304  0.0300  0.0296  0.0291  0.0304
  0.0331  0.0301  0.0315  0.0324  0.0338  0.0326  0.0312  0.0319  0.0310  0.0317  0.0294  0.0316
niter,ni,del,rscale     7    3    5.0000    1.2000
parameters
    1.5421   26.0244   11.4868  -11.4592  -15.2233  -12.6576
    4.9509    8.9050   -5.3795    0.1336   -7.1837   -5.4168
eta,q 0.97187  8.63065
  0.0308  0.0368  0.0295  0.0304  0.0319  0.0314  0.0303  0.0314  0.0303  0.0346  0.0290  0.0296
  0.0296  0.0330  0.0288  0.0295  0.0303  0.0298  0.0292  0.0298  0.0293  0.0319  0.0286  0.0287
  0.0288  0.0301  0.0284  0.0288  0.0289  0.0287  0.0285  0.0288  0.0286  0.0296  0.0283  0.0282
  0.0285  0.0285  0.0284  0.0283  0.0283  0.0283  0.0283  0.0283  0.0283  0.0283  0.0282  0.0282
  0.0288  0.0286  0.0287  0.0281  0.0288  0.0285  0.0286  0.0286  0.0285  0.0284  0.0282  0.0286
  0.0296  0.0303  0.0295  0.0286  0.0302  0.0289  0.0293  0.0296  0.0293  0.0299  0.0285  0.0294
  0.0308  0.0333  0.0305  0.0309  0.0321  0.0312  0.0304  0.0313  0.0303  0.0324  0.0290  0.0307
niter,ni,del,rscale     6    3    5.0000    1.2000
parameters
    1.5144   26.2477   11.4210  -11.4565  -15.2862  -12.5071
    4.8939    8.9484   -5.4051    0.6386   -7.1658   -5.8519
eta,q 0.97194  8.64275
  0.0304  0.0355  0.0297  0.0302  0.0318  0.0312  0.0302  0.0312  0.0301  0.0339  0.0289  0.0298
  0.0291  0.0319  0.0288  0.0293  0.0302  0.0296  0.0291  0.0296  0.0291  0.0313  0.0285  0.0289
  0.0284  0.0293  0.0283  0.0286  0.0288  0.0285  0.0284  0.0285  0.0284  0.0291  0.0282  0.0282
  0.0281  0.0281  0.0281  0.0281  0.0281  0.0281  0.0281  0.0281  0.0281  0.0281  0.0281  0.0281
  0.0284  0.0287  0.0283  0.0279  0.0286  0.0283  0.0284  0.0284  0.0284  0.0285  0.0281  0.0284
  0.0293  0.0309  0.0289  0.0285  0.0301  0.0287  0.0291  0.0295  0.0291  0.0303  0.0284  0.0291
  0.0305  0.0342  0.0299  0.0310  0.0321  0.0315  0.0302  0.0312  0.0302  0.0330  0.0289  0.0303
niter,ni,del,rscale     5    3    5.0000    1.2000
parameters
    1.5125   26.3386   11.3941  -11.4456  -15.3009  -12.4733
    4.8872    8.9692   -5.4034    0.8393   -7.1766   -6.0257
eta,q 0.97195  8.64745
  0.0304  0.0351  0.0297  0.0302  0.0319  0.0311  0.0302  0.0311  0.0301  0.0335  0.0289  0.0299
  0.0291  0.0315  0.0288  0.0293  0.0302  0.0295  0.0291  0.0296  0.0291  0.0310  0.0285  0.0289
  0.0283  0.0290  0.0282  0.0285  0.0287  0.0284  0.0283  0.0285  0.0283  0.0290  0.0282  0.0283
  0.0281  0.0281  0.0281  0.0281  0.0281  0.0281  0.0281  0.0281  0.0281  0.0281  0.0280  0.0280
  0.0284  0.0288  0.0283  0.0278  0.0286  0.0282  0.0283  0.0284  0.0283  0.0286  0.0281  0.0283
  0.0292  0.0312  0.0289  0.0284  0.0301  0.0287  0.0291  0.0294  0.0290  0.0306  0.0284  0.0290
  0.0304  0.0345  0.0298  0.0310  0.0320  0.0316  0.0302  0.0312  0.0301  0.0333  0.0289  0.0301
niter,ni,del,rscale     4    3    5.0000    1.2000
parameters
    1.5132   26.3750   11.3786  -11.4403  -15.2981  -12.4588
    4.8793    8.9805   -5.3989    0.9182   -7.1951   -6.0980
eta,q 0.97196  8.64998
  0.0304  0.0350  0.0297  0.0302  0.0319  0.0311  0.0301  0.0311  0.0301  0.0334  0.0289  0.0300
  0.0291  0.0314  0.0288  0.0293  0.0302  0.0295  0.0291  0.0295  0.0290  0.0309  0.0285  0.0290
  0.0283  0.0289  0.0282  0.0285  0.0287  0.0284  0.0283  0.0285  0.0283  0.0289  0.0282  0.0283
  0.0280  0.0280  0.0280  0.0280  0.0280  0.0280  0.0280  0.0280  0.0280  0.0280  0.0280  0.0280
  0.0283  0.0289  0.0283  0.0278  0.0286  0.0282  0.0283  0.0284  0.0283  0.0287  0.0281  0.0283
  0.0291  0.0313  0.0288  0.0284  0.0301  0.0287  0.0291  0.0294  0.0290  0.0307  0.0284  0.0290
  0.0304  0.0347  0.0298  0.0310  0.0320  0.0316  0.0302  0.0312  0.0301  0.0334  0.0289  0.0301
registration optimization eta report
parameter search radius
    2.4000    4.1976    2.7600    9.5220    9.5220    9.5220
    7.2000    7.2000    7.2000    9.5220    7.2000    8.2800
100000*second partial in parameter space
       40.       38.       22.        3.        4.        4.
        4.        6.        4.        6.        2.        3.
  0.0304  0.0350  0.0297  0.0302  0.0319  0.0311  0.0301  0.0311  0.0301  0.0334  0.0289  0.0300
  0.0291  0.0314  0.0288  0.0293  0.0302  0.0295  0.0291  0.0295  0.0290  0.0309  0.0285  0.0290
  0.0283  0.0289  0.0282  0.0285  0.0287  0.0284  0.0283  0.0285  0.0283  0.0289  0.0282  0.0283
  0.0280  0.0280  0.0280  0.0280  0.0280  0.0280  0.0280  0.0280  0.0280  0.0280  0.0280  0.0280
  0.0283  0.0289  0.0283  0.0278  0.0286  0.0282  0.0283  0.0284  0.0283  0.0287  0.0281  0.0283
  0.0291  0.0313  0.0288  0.0284  0.0301  0.0287  0.0291  0.0294  0.0290  0.0307  0.0284  0.0290
  0.0304  0.0347  0.0298  0.0310  0.0320  0.0316  0.0302  0.0312  0.0301  0.0334  0.0289  0.0301
    1.5132   26.3750   11.3786  -11.4403  -15.2981  -12.4588
    4.8793    8.9805   -5.3989    0.9182   -7.1951   -6.0980
eta,q 0.97196  8.64998

---------------------------------------------------------------------
imgreg_4dfp /opt/freesurfer/average/711-2C_as_mni_average_305 /opt/freesurfer/average/711-2B_as_mni_average_305_mask talsrcimg_g11 none talsrcimg_to_711-2C_as_mni_average_305_t4 2311
---------------------------------------------------------------------

freesurfer imgreg_4dfp.c
/opt/freesurfer/average/711-2C_as_mni_average_305.4dfp.img
       256       256       256         1
  1.000000  1.000000  1.000000
orientation T byte_order littleendian
Reading image: /opt/freesurfer/average/711-2C_as_mni_average_305.4dfp.img
dimensions:      256       256       256
mmppix:       1.0000   -1.0000   -1.0000
center:     128.0000 -129.0000 -129.0000
/opt/freesurfer/average/711-2B_as_mni_average_305_mask.4dfp.img
       256       256       256         1
  1.000000  1.000000  1.000000
orientation T byte_order littleendian
Reading mask: /opt/freesurfer/average/711-2B_as_mni_average_305_mask.4dfp.img (2306576 pixels)
talsrcimg_g11.4dfp.img
       256       256       256         1
  1.000000  1.000000  1.000000
orientation T byte_order littleendian
Reading image: talsrcimg_g11.4dfp.img
dimensions:      256       256       256
mmppix:       1.0000   -1.0000   -1.0000
center:     128.0000 -129.0000 -129.0000
fimgreg.f
image alignment mode   2311 decimal      907 hex
parameters
    1.5132   26.3750   11.3786  -11.4403  -15.2981  -12.4588
    4.8793    8.9805   -5.3989    0.9182   -7.1951   -6.0980
eta,q 0.97196  8.64998
niter,ni,del,rscale     5    3    5.0000    0.8000
parameter  4 -0.667937 -> -0.500000 qaram    1.1500
parameters
    1.4949   26.3679   11.3676   -8.6803  -15.2970  -10.6011
    5.1595    8.8884   -4.9248    1.1562   -7.7666   -6.4719
eta,q 0.97223  8.87969
  0.0291  0.0292  0.0286  0.0289  0.0291  0.0288  0.0289  0.0294  0.0289  0.0296  0.0281  0.0284
  0.0285  0.0286  0.0283  0.0285  0.0284  0.0283  0.0284  0.0285  0.0283  0.0287  0.0279  0.0280
  0.0281  0.0282  0.0281  0.0282  0.0280  0.0280  0.0280  0.0280  0.0280  0.0281  0.0278  0.0278
  0.0280  0.0280  0.0280  0.0280  0.0278  0.0278  0.0278  0.0278  0.0278  0.0278  0.0278  0.0278
  0.0282  0.0282  0.0281  0.0279  0.0280  0.0278  0.0279  0.0280  0.0278  0.0279  0.0279  0.0279
  0.0286  0.0286  0.0283  0.0278  0.0284  0.0278  0.0282  0.0286  0.0281  0.0284  0.0281  0.0282
  0.0291  0.0292  0.0287  0.0279  0.0291  0.0279  0.0287  0.0296  0.0285  0.0293  0.0283  0.0287
niter,ni,del,rscale     5    3    5.0000    0.8000
parameters
    1.5673   26.5033   11.4669   -9.5223  -15.4438  -10.5420
    5.1046    9.0607   -4.8610    1.3658   -7.6240   -6.4936
eta,q 0.97217  8.84631
  0.0291  0.0291  0.0284  0.0286  0.0291  0.0283  0.0288  0.0295  0.0288  0.0296  0.0283  0.0286
  0.0284  0.0284  0.0281  0.0283  0.0284  0.0280  0.0283  0.0286  0.0283  0.0287  0.0280  0.0282
  0.0280  0.0280  0.0279  0.0280  0.0280  0.0279  0.0280  0.0281  0.0280  0.0281  0.0279  0.0279
  0.0278  0.0278  0.0278  0.0278  0.0278  0.0278  0.0278  0.0278  0.0278  0.0278  0.0278  0.0278
  0.0279  0.0278  0.0278  0.0278  0.0280  0.0278  0.0280  0.0279  0.0279  0.0280  0.0279  0.0279
  0.0282  0.0282  0.0280  0.0285  0.0285  0.0278  0.0283  0.0284  0.0283  0.0285  0.0280  0.0282
  0.0289  0.0287  0.0283  0.0299  0.0292  0.0284  0.0289  0.0293  0.0288  0.0294  0.0282  0.0286
niter,ni,del,rscale     4    3    5.0000    0.7000
parameters
    1.5878   26.4803   11.5690   -9.2860  -15.5377   -9.9482
    5.0789    9.0657   -4.8025    1.3670   -7.9176   -6.6141
eta,q 0.97221  8.88334
  0.0287  0.0287  0.0283  0.0286  0.0288  0.0282  0.0286  0.0291  0.0285  0.0291  0.0281  0.0283
  0.0282  0.0282  0.0281  0.0283  0.0283  0.0280  0.0282  0.0284  0.0281  0.0284  0.0279  0.0280
  0.0279  0.0279  0.0279  0.0281  0.0279  0.0278  0.0279  0.0280  0.0279  0.0280  0.0278  0.0279
  0.0278  0.0278  0.0278  0.0278  0.0278  0.0278  0.0278  0.0278  0.0278  0.0278  0.0278  0.0278
  0.0279  0.0279  0.0279  0.0277  0.0279  0.0278  0.0279  0.0279  0.0279  0.0279  0.0278  0.0279
  0.0282  0.0283  0.0280  0.0280  0.0283  0.0278  0.0282  0.0283  0.0281  0.0284  0.0280  0.0281
  0.0287  0.0288  0.0282  0.0287  0.0289  0.0281  0.0286  0.0291  0.0285  0.0291  0.0282  0.0284
niter,ni,del,rscale     3    3    5.0000    0.6000
parameters
    1.6224   26.5062   11.5748   -8.9208  -15.6187   -9.6830
    5.1251    9.0740   -4.6817    1.3663   -8.2240   -6.7449
eta,q 0.97226  8.90924
  0.0285  0.0285  0.0281  0.0285  0.0285  0.0280  0.0284  0.0288  0.0283  0.0287  0.0280  0.0281
  0.0281  0.0281  0.0279  0.0283  0.0281  0.0279  0.0280  0.0282  0.0280  0.0282  0.0278  0.0279
  0.0279  0.0279  0.0278  0.0280  0.0278  0.0278  0.0278  0.0279  0.0278  0.0279  0.0277  0.0278
  0.0278  0.0278  0.0278  0.0278  0.0277  0.0277  0.0277  0.0277  0.0277  0.0277  0.0277  0.0277
  0.0278  0.0278  0.0278  0.0277  0.0279  0.0277  0.0278  0.0278  0.0278  0.0278  0.0278  0.0278
  0.0281  0.0281  0.0279  0.0279  0.0281  0.0277  0.0280  0.0282  0.0280  0.0282  0.0279  0.0280
  0.0284  0.0284  0.0281  0.0285  0.0286  0.0280  0.0283  0.0288  0.0282  0.0287  0.0280  0.0282
niter,ni,del,rscale     2    3    5.0000    0.5000
parameters
    1.6455   26.5407   11.5316   -8.6430  -15.6354   -9.3085
    5.1410    9.0880   -4.5417    1.3271   -8.5297   -6.9966
eta,q 0.97231  8.93922
  0.0283  0.0282  0.0279  0.0284  0.0283  0.0279  0.0281  0.0285  0.0281  0.0283  0.0279  0.0279
  0.0280  0.0280  0.0278  0.0281  0.0280  0.0278  0.0279  0.0281  0.0279  0.0280  0.0278  0.0278
  0.0278  0.0278  0.0278  0.0279  0.0278  0.0277  0.0277  0.0278  0.0277  0.0278  0.0277  0.0277
  0.0277  0.0277  0.0277  0.0277  0.0277  0.0277  0.0277  0.0277  0.0277  0.0277  0.0277  0.0277
  0.0278  0.0278  0.0278  0.0277  0.0278  0.0277  0.0277  0.0278  0.0277  0.0278  0.0277  0.0277
  0.0279  0.0279  0.0279  0.0279  0.0280  0.0277  0.0279  0.0280  0.0278  0.0280  0.0278  0.0279
  0.0282  0.0282  0.0280  0.0283  0.0283  0.0279  0.0281  0.0285  0.0280  0.0284  0.0279  0.0280
niter,ni,del,rscale     1    3    5.0000    0.4000
parameters
    1.6601   26.5935   11.4832   -8.4155  -15.6277   -8.8560
    5.1298    9.1391   -4.3454    1.2704   -8.7852   -7.3689
eta,q 0.97236  8.97060
  0.0280  0.0280  0.0278  0.0282  0.0280  0.0278  0.0279  0.0282  0.0279  0.0280  0.0278  0.0278
  0.0278  0.0278  0.0277  0.0280  0.0278  0.0277  0.0278  0.0279  0.0278  0.0278  0.0277  0.0277
  0.0277  0.0277  0.0277  0.0278  0.0277  0.0277  0.0277  0.0277  0.0277  0.0277  0.0277  0.0276
  0.0277  0.0277  0.0277  0.0277  0.0277  0.0277  0.0276  0.0276  0.0276  0.0276  0.0276  0.0276
  0.0277  0.0277  0.0277  0.0277  0.0277  0.0276  0.0277  0.0277  0.0277  0.0277  0.0277  0.0277
  0.0278  0.0278  0.0278  0.0278  0.0278  0.0276  0.0278  0.0279  0.0277  0.0278  0.0277  0.0278
  0.0280  0.0279  0.0279  0.0281  0.0280  0.0278  0.0279  0.0282  0.0278  0.0281  0.0278  0.0279
registration optimization eta report
parameter search radius
    0.8000    0.8000    0.8000    2.7600    2.4000    2.4000
    2.4000    2.4000    2.4000    2.4000    2.4000    2.4000
100000*second partial in parameter space
       54.       46.       23.        6.        6.        2.
        5.       10.        4.        7.        3.        3.
  0.0280  0.0280  0.0278  0.0282  0.0280  0.0278  0.0279  0.0282  0.0279  0.0280  0.0278  0.0278
  0.0278  0.0278  0.0277  0.0280  0.0278  0.0277  0.0278  0.0279  0.0278  0.0278  0.0277  0.0277
  0.0277  0.0277  0.0277  0.0278  0.0277  0.0277  0.0277  0.0277  0.0277  0.0277  0.0277  0.0276
  0.0277  0.0277  0.0277  0.0277  0.0277  0.0277  0.0276  0.0276  0.0276  0.0276  0.0276  0.0276
  0.0277  0.0277  0.0277  0.0277  0.0277  0.0276  0.0277  0.0277  0.0277  0.0277  0.0277  0.0277
  0.0278  0.0278  0.0278  0.0278  0.0278  0.0276  0.0278  0.0279  0.0277  0.0278  0.0277  0.0278
  0.0280  0.0279  0.0279  0.0281  0.0280  0.0278  0.0279  0.0282  0.0278  0.0281  0.0278  0.0279
    1.6601   26.5935   11.4832   -8.4155  -15.6277   -8.8560
    5.1298    9.1391   -4.3454    1.2704   -8.7852   -7.3689
eta,q 0.97236  8.97060

---------------------------------------------------------------------
imgreg_4dfp /opt/freesurfer/average/711-2C_as_mni_average_305 /opt/freesurfer/average/711-2B_as_mni_average_305_mask talsrcimg_g11 none talsrcimg_to_711-2C_as_mni_average_305_t4 2311
---------------------------------------------------------------------

freesurfer imgreg_4dfp.c
/opt/freesurfer/average/711-2C_as_mni_average_305.4dfp.img
       256       256       256         1
  1.000000  1.000000  1.000000
orientation T byte_order littleendian
Reading image: /opt/freesurfer/average/711-2C_as_mni_average_305.4dfp.img
dimensions:      256       256       256
mmppix:       1.0000   -1.0000   -1.0000
center:     128.0000 -129.0000 -129.0000
/opt/freesurfer/average/711-2B_as_mni_average_305_mask.4dfp.img
       256       256       256         1
  1.000000  1.000000  1.000000
orientation T byte_order littleendian
Reading mask: /opt/freesurfer/average/711-2B_as_mni_average_305_mask.4dfp.img (2306576 pixels)
talsrcimg_g11.4dfp.img
       256       256       256         1
  1.000000  1.000000  1.000000
orientation T byte_order littleendian
Reading image: talsrcimg_g11.4dfp.img
dimensions:      256       256       256
mmppix:       1.0000   -1.0000   -1.0000
center:     128.0000 -129.0000 -129.0000
fimgreg.f
image alignment mode   2311 decimal      907 hex
parameters
    1.6601   26.5935   11.4832   -8.4155  -15.6277   -8.8560
    5.1298    9.1391   -4.3454    1.2704   -8.7852   -7.3689
eta,q 0.97236  8.97060
niter,ni,del,rscale     5    3    5.0000    0.8000
parameters
    1.6444   26.6490   11.4706   -9.0384  -15.4640  -10.0322
    5.0918    9.0949   -4.4503    1.5082   -8.3590   -6.9481
eta,q 0.97223  8.90044
  0.0290  0.0289  0.0283  0.0286  0.0291  0.0280  0.0288  0.0295  0.0287  0.0295  0.0283  0.0286
  0.0283  0.0282  0.0279  0.0283  0.0284  0.0279  0.0283  0.0285  0.0282  0.0287  0.0280  0.0282
  0.0278  0.0278  0.0277  0.0279  0.0279  0.0278  0.0279  0.0280  0.0279  0.0281  0.0278  0.0279
  0.0276  0.0276  0.0276  0.0276  0.0277  0.0277  0.0278  0.0278  0.0278  0.0278  0.0278  0.0278
  0.0278  0.0277  0.0277  0.0278  0.0278  0.0277  0.0279  0.0280  0.0279  0.0279  0.0278  0.0278
  0.0283  0.0281  0.0279  0.0285  0.0283  0.0283  0.0283  0.0286  0.0282  0.0284  0.0279  0.0280
  0.0291  0.0287  0.0283  0.0298  0.0289  0.0298  0.0288  0.0296  0.0288  0.0292  0.0281  0.0284
niter,ni,del,rscale     4    3    5.0000    0.7000
parameters
    1.6490   26.5555   11.4733   -8.9096  -15.4970  -10.0680
    5.0456    9.1039   -4.5432    1.4415   -8.2643   -6.7986
eta,q 0.97225  8.89789
  0.0287  0.0285  0.0282  0.0285  0.0288  0.0281  0.0285  0.0291  0.0284  0.0290  0.0281  0.0284
  0.0282  0.0281  0.0280  0.0283  0.0282  0.0279  0.0281  0.0284  0.0281  0.0283  0.0279  0.0281
  0.0279  0.0278  0.0278  0.0280  0.0279  0.0278  0.0278  0.0279  0.0278  0.0279  0.0278  0.0278
  0.0278  0.0278  0.0278  0.0278  0.0277  0.0277  0.0277  0.0277  0.0277  0.0277  0.0278  0.0277
  0.0279  0.0279  0.0278  0.0277  0.0279  0.0277  0.0278  0.0279  0.0278  0.0279  0.0278  0.0278
  0.0282  0.0282  0.0280  0.0280  0.0282  0.0277  0.0281  0.0283  0.0281  0.0283  0.0279  0.0280
  0.0287  0.0288  0.0282  0.0287  0.0288  0.0283  0.0286  0.0291  0.0285  0.0291  0.0281  0.0283
niter,ni,del,rscale     3    3    5.0000    0.6000
parameters
    1.6421   26.5451   11.4939   -8.6868  -15.5460   -9.6648
    5.0705    9.0885   -4.5181    1.3684   -8.4184   -6.9275
eta,q 0.97229  8.92444
  0.0284  0.0284  0.0281  0.0284  0.0285  0.0280  0.0283  0.0288  0.0283  0.0286  0.0280  0.0281
  0.0281  0.0280  0.0279  0.0281  0.0281  0.0279  0.0280  0.0282  0.0280  0.0281  0.0278  0.0279
  0.0278  0.0278  0.0278  0.0279  0.0278  0.0278  0.0278  0.0278  0.0278  0.0278  0.0277  0.0278
  0.0277  0.0277  0.0277  0.0277  0.0277  0.0277  0.0277  0.0277  0.0277  0.0277  0.0277  0.0277
  0.0278  0.0278  0.0278  0.0277  0.0278  0.0277  0.0278  0.0278  0.0278  0.0278  0.0278  0.0278
  0.0281  0.0280  0.0279  0.0279  0.0281  0.0277  0.0280  0.0282  0.0279  0.0282  0.0279  0.0279
  0.0285  0.0284  0.0281  0.0284  0.0285  0.0280  0.0283  0.0288  0.0282  0.0287  0.0280  0.0282
niter,ni,del,rscale     2    3    5.0000    0.5000
parameters
    1.6504   26.5749   11.4769   -8.4776  -15.5866   -9.3011
    5.1076    9.1044   -4.4234    1.3418   -8.6430   -7.1369
eta,q 0.97233  8.94912
  0.0282  0.0282  0.0279  0.0282  0.0282  0.0279  0.0281  0.0285  0.0281  0.0283  0.0279  0.0279
  0.0280  0.0279  0.0278  0.0280  0.0279  0.0278  0.0279  0.0281  0.0278  0.0280  0.0277  0.0278
  0.0278  0.0278  0.0277  0.0278  0.0277  0.0277  0.0277  0.0278  0.0277  0.0277  0.0277  0.0277
  0.0277  0.0277  0.0277  0.0277  0.0277  0.0277  0.0277  0.0277  0.0277  0.0277  0.0277  0.0277
  0.0278  0.0278  0.0277  0.0277  0.0278  0.0276  0.0277  0.0278  0.0277  0.0277  0.0277  0.0277
  0.0279  0.0279  0.0278  0.0278  0.0280  0.0276  0.0279  0.0280  0.0278  0.0280  0.0278  0.0278
  0.0282  0.0281  0.0279  0.0282  0.0283  0.0279  0.0281  0.0285  0.0280  0.0283  0.0279  0.0280
niter,ni,del,rscale     1    3    5.0000    0.4000
parameters
    1.6629   26.6161   11.4444   -8.3186  -15.5857   -8.8479
    5.1115    9.1524   -4.2884    1.2719   -8.8199   -7.4748
eta,q 0.97237  8.97700
  0.0280  0.0280  0.0278  0.0281  0.0280  0.0278  0.0279  0.0283  0.0279  0.0280  0.0278  0.0278
  0.0278  0.0278  0.0277  0.0279  0.0278  0.0277  0.0278  0.0279  0.0278  0.0278  0.0277  0.0277
  0.0277  0.0277  0.0277  0.0278  0.0277  0.0277  0.0277  0.0277  0.0277  0.0277  0.0276  0.0276
  0.0277  0.0277  0.0277  0.0277  0.0277  0.0277  0.0276  0.0276  0.0276  0.0276  0.0276  0.0276
  0.0277  0.0277  0.0277  0.0277  0.0277  0.0276  0.0277  0.0277  0.0277  0.0277  0.0277  0.0277
  0.0278  0.0278  0.0277  0.0278  0.0278  0.0276  0.0278  0.0279  0.0277  0.0278  0.0277  0.0278
  0.0280  0.0279  0.0278  0.0280  0.0280  0.0278  0.0279  0.0282  0.0278  0.0281  0.0278  0.0279
registration optimization eta report
parameter search radius
    0.8000    0.8000    0.8000    2.4000    2.4000    2.4000
    2.4000    2.4000    2.4000    2.4000    2.4000    2.4000
100000*second partial in parameter space
       56.       45.       25.        7.        6.        2.
        5.       10.        4.        7.        3.        3.
  0.0280  0.0280  0.0278  0.0281  0.0280  0.0278  0.0279  0.0283  0.0279  0.0280  0.0278  0.0278
  0.0278  0.0278  0.0277  0.0279  0.0278  0.0277  0.0278  0.0279  0.0278  0.0278  0.0277  0.0277
  0.0277  0.0277  0.0277  0.0278  0.0277  0.0277  0.0277  0.0277  0.0277  0.0277  0.0276  0.0276
  0.0277  0.0277  0.0277  0.0277  0.0277  0.0277  0.0276  0.0276  0.0276  0.0276  0.0276  0.0276
  0.0277  0.0277  0.0277  0.0277  0.0277  0.0276  0.0277  0.0277  0.0277  0.0277  0.0277  0.0277
  0.0278  0.0278  0.0277  0.0278  0.0278  0.0276  0.0278  0.0279  0.0277  0.0278  0.0277  0.0278
  0.0280  0.0279  0.0278  0.0280  0.0280  0.0278  0.0279  0.0282  0.0278  0.0281  0.0278  0.0279
    1.6629   26.6161   11.4444   -8.3186  -15.5857   -8.8479
    5.1115    9.1524   -4.2884    1.2719   -8.8199   -7.4748
eta,q 0.97237  8.97700

---------------------------------------------------------------------
compute_vox2vox talsrcimg talsrcimg_to_711-2C_as_mni_average_305_t4 /opt/freesurfer/average/711-2C_as_mni_average_305
---------------------------------------------------------------------

freesurfer compute_vox2vox.c
Reading: talsrcimg.4dfp.ifh
Reading: talsrcimg_to_711-2C_as_mni_average_305_t4
Reading: /opt/freesurfer/average/711-2C_as_mni_average_305.4dfp.ifh
Writing: talsrcimg_to_711-2C_as_mni_average_305_t4_vox2vox.txt

start time Sun Nov 24 06:01:24 UTC 2024
end		time Sun Nov 24 06:02:20 UTC 2024

mpr2mni305 success

avi2talxfm orig_nu.mgz /opt/freesurfer/average/mni305.cor.mgz talsrcimg_to_711-2C_as_mni_average_305_t4_vox2vox.txt transforms/talairach.auto.xfm
avi2talxfm done
mv -f /scratch/tmp/fs_mp2rage_tests2/sourcedata/freesurfer_memprage/sub-fsm70qy/mri/talsrcimg_to_711-2C_as_mni_average_305_t4_vox2vox.txt /scratch/tmp/fs_mp2rage_tests2/sourcedata/freesurfer_memprage/sub-fsm70qy/mri/transforms/talsrcimg_to_711-2C_as_mni_average_305_t4_vox2vox.txt
lta_convert --src orig_nu.mgz --trg /opt/freesurfer/average/mni305.cor.mgz --inxfm transforms/talairach.auto.xfm --outlta transforms/talairach.auto.xfm.lta --subject fsaverage
7.3.2

--src: orig_nu.mgz src image (geometry).
--trg: /opt/freesurfer/average/mni305.cor.mgz trg image (geometry).
--inmni: transforms/talairach.auto.xfm input MNI/XFM transform.
--outlta: transforms/talairach.auto.xfm.lta output LTA.
--s: fsaverage subject name
 LTA read, type : 1
 1.07694  -0.10709  -0.07469  -13.46330;
 0.10856   1.08492   0.08950  -28.07532;
 0.05308  -0.02179   1.17949   0.88492;
 0.00000   0.00000   0.00000   1.00000;
setting subject to fsaverage
Writing  LTA to file transforms/talairach.auto.xfm.lta...
lta_convert successful.
 
 
Started at Sun Nov 24 06:01:22 UTC 2024
Ended   at Sun Nov 24 06:02:21 UTC 2024
talairach_avi done
