status file for recon-all
Mon Nov 25 07:46:15 UTC 2024
#@# Tessellate lh Mon Nov 25 07:46:15 UTC 2024
#@# Smooth1 lh Mon Nov 25 07:46:33 UTC 2024
#@# Inflation1 lh Mon Nov 25 07:46:42 UTC 2024
#@# QSphere lh Mon Nov 25 07:47:14 UTC 2024
#@# Fix Topology lh Mon Nov 25 07:51:09 UTC 2024
#@# Smooth2 lh Mon Nov 25 08:11:48 UTC 2024
#@# Inflation2 lh Mon Nov 25 08:11:55 UTC 2024
#@# Curv .H and .K lh Mon Nov 25 08:12:29 UTC 2024
#@# Sphere lh Mon Nov 25 08:14:09 UTC 2024
#@# Surf Reg lh Mon Nov 25 08:21:00 UTC 2024
#@# Jacobian white lh Mon Nov 25 08:32:10 UTC 2024
#@# AvgCurv lh Mon Nov 25 08:32:12 UTC 2024
#@# Cortical Parc lh Mon Nov 25 08:32:14 UTC 2024
#@# white curv lh Mon Nov 25 08:54:52 UTC 2024
#@# white area lh Mon Nov 25 08:54:57 UTC 2024
#@# pial curv lh Mon Nov 25 08:55:00 UTC 2024
#@# pial area lh Mon Nov 25 08:55:04 UTC 2024
#@# thickness lh Mon Nov 25 08:55:07 UTC 2024
#@# area and vertex vol lh Mon Nov 25 08:56:37 UTC 2024
#@# Curvature Stats lh Mon Nov 25 08:56:43 UTC 2024
#@# Cortical Parc 2 lh Mon Nov 25 08:56:52 UTC 2024
#@# Cortical Parc 3 lh Mon Nov 25 08:57:34 UTC 2024
#@# WM/GM Contrast lh Mon Nov 25 08:58:08 UTC 2024
recon-all -s sub-fsm24dz finished without error at Mon Nov 25 08:58:18 UTC 2024



#New# invocation of recon-all 



status file for recon-all
Mon Nov 25 17:11:24 UTC 2024
#@# white curv lh Mon Nov 25 17:11:24 UTC 2024
#@# white area lh Mon Nov 25 17:11:24 UTC 2024
#@# pial curv lh Mon Nov 25 17:11:24 UTC 2024
#@# pial area lh Mon Nov 25 17:11:24 UTC 2024
#@# thickness lh Mon Nov 25 17:11:24 UTC 2024
#@# area and vertex vol lh Mon Nov 25 17:11:24 UTC 2024
#@# Parcellation Stats lh Mon Nov 25 17:11:24 UTC 2024
#@# Parcellation Stats 2 lh Mon Nov 25 17:12:27 UTC 2024
#@# Parcellation Stats 3 lh Mon Nov 25 17:12:59 UTC 2024
#@# BA_exvivo Labels lh Mon Nov 25 17:13:31 UTC 2024
recon-all -s sub-fsm24dz finished without error at Mon Nov 25 17:19:11 UTC 2024
