Log file for defect2seg
Sun Nov 24 14:44:51 UTC 2024

setenv SUBJECTS_DIR /scratch/tmp/fs_mp2rage_tests/sourcedata/freesurfer_mp2rage
cd /scratch/tmp/fs_mp2rage_tests/sourcedata/freesurfer_mp2rage/sub-fsm64ps/scripts
/opt/freesurfer/bin/defect2seg --s sub-fsm64ps --rh-only --cortex

freesurfer-linux-ubuntu22_x86_64-7.3.2-20220804-6354275
defect2seg 7.3.2
Linux elm.criugm.qc.ca 5.15.0-113-generic #123-Ubuntu SMP Mon Jun 10 08:16:17 UTC 2024 x86_64 x86_64 x86_64 GNU/Linux
pid 1983061
mri_label2label --label-cortex /scratch/tmp/fs_mp2rage_tests/sourcedata/freesurfer_mp2rage/sub-fsm64ps/surf/rh.orig.nofix /scratch/tmp/fs_mp2rage_tests/sourcedata/freesurfer_mp2rage/sub-fsm64ps/mri/aseg.presurf.mgz 0 /scratch/tmp/fs_mp2rage_tests/sourcedata/freesurfer_mp2rage/sub-fsm64ps/label/rh.nofix.cortex.label

 Generating cortex label... RemoveHipAmgy=0
 NucAccIsMedialWall=0
 mris->useRealRAS=0
14 non-cortical segments detected
only using segment with 6813 vertices
erasing segment 0 (vno[0] = 32333)
erasing segment 2 (vno[0] = 68665)
erasing segment 3 (vno[0] = 70481)
erasing segment 4 (vno[0] = 71331)
erasing segment 5 (vno[0] = 72187)
erasing segment 6 (vno[0] = 73835)
erasing segment 7 (vno[0] = 74621)
erasing segment 8 (vno[0] = 74625)
erasing segment 9 (vno[0] = 77216)
erasing segment 10 (vno[0] = 78874)
erasing segment 11 (vno[0] = 79812)
erasing segment 12 (vno[0] = 82198)
erasing segment 13 (vno[0] = 96020)
mri_label2vol --defects /scratch/tmp/fs_mp2rage_tests/sourcedata/freesurfer_mp2rage/sub-fsm64ps/surf/rh.orig.nofix /scratch/tmp/fs_mp2rage_tests/sourcedata/freesurfer_mp2rage/sub-fsm64ps/surf/rh.defect_labels /scratch/tmp/fs_mp2rage_tests/sourcedata/freesurfer_mp2rage/sub-fsm64ps/mri/orig.mgz 2000 0 /scratch/tmp/fs_mp2rage_tests/sourcedata/freesurfer_mp2rage/sub-fsm64ps/mri/rh.surface.defects.mgz /scratch/tmp/fs_mp2rage_tests/sourcedata/freesurfer_mp2rage/sub-fsm64ps/label/rh.nofix.cortex.label
mri_label2vol supposed to be reproducible but seed not set
Contraining to label /scratch/tmp/fs_mp2rage_tests/sourcedata/freesurfer_mp2rage/sub-fsm64ps/label/rh.nofix.cortex.label
Changing input type 0 to MRI_INT
Converting defects to volume: offset=2000, merge=0
Writing to /scratch/tmp/fs_mp2rage_tests/sourcedata/freesurfer_mp2rage/sub-fsm64ps/mri/rh.surface.defects.mgz
mris_defects_pointset -s /scratch/tmp/fs_mp2rage_tests/sourcedata/freesurfer_mp2rage/sub-fsm64ps/surf/rh.orig.nofix -d /scratch/tmp/fs_mp2rage_tests/sourcedata/freesurfer_mp2rage/sub-fsm64ps/surf/rh.defect_labels -o /scratch/tmp/fs_mp2rage_tests/sourcedata/freesurfer_mp2rage/sub-fsm64ps/surf/rh.defects.pointset --label /scratch/tmp/fs_mp2rage_tests/sourcedata/freesurfer_mp2rage/sub-fsm64ps/label/rh.nofix.cortex.label
Reading in surface /scratch/tmp/fs_mp2rage_tests/sourcedata/freesurfer_mp2rage/sub-fsm64ps/surf/rh.orig.nofix
Reading in defect segmentation /scratch/tmp/fs_mp2rage_tests/sourcedata/freesurfer_mp2rage/sub-fsm64ps/surf/rh.defect_labels
Reading in label /scratch/tmp/fs_mp2rage_tests/sourcedata/freesurfer_mp2rage/sub-fsm64ps/label/rh.nofix.cortex.label
#VMPC# mris_defects_pointset 686752
mris_defects_pointset done
 
Started at Sun Nov 24 14:44:51 UTC 2024 
Ended   at Sun Nov 24 14:45:24 UTC 2024
Defect2seg-Run-Time-Sec 33
Defect2seg-Run-Time-Min 0.66
Defect2seg-Run-Time-Hours 0.01
 
defect2seg Done
