status file for recon-all
Sat Nov 23 15:34:01 UTC 2024
#@# MotionCor Sat Nov 23 15:34:06 UTC 2024
#@# Talairach Sat Nov 23 15:34:19 UTC 2024
#@# Talairach Failure Detection Sat Nov 23 15:41:33 UTC 2024
#@# Nu Intensity Correction Sat Nov 23 15:41:33 UTC 2024
#@# Intensity Normalization Sat Nov 23 15:48:32 UTC 2024
recon-all -s sub-fsm64ps finished without error at Sat Nov 23 15:52:14 UTC 2024



#New# invocation of recon-all 



status file for recon-all
Sat Nov 23 18:00:29 UTC 2024
#@# EM Registration Sat Nov 23 18:00:29 UTC 2024
recon-all -s sub-fsm64ps finished without error at Sat Nov 23 18:05:12 UTC 2024



#New# invocation of recon-all 



status file for recon-all
Sun Nov 24 00:36:54 UTC 2024
#@# CA Normalize Sun Nov 24 00:36:54 UTC 2024
#@# CA Reg Sun Nov 24 00:39:07 UTC 2024
#@# SubCort Seg Sun Nov 24 02:33:53 UTC 2024
#@# CC Seg Sun Nov 24 03:30:16 UTC 2024
#@# Merge ASeg Sun Nov 24 03:31:31 UTC 2024
#@# Intensity Normalization2 Sun Nov 24 03:31:31 UTC 2024
#@# Mask BFS Sun Nov 24 03:37:19 UTC 2024
#@# WM Segmentation Sun Nov 24 03:37:22 UTC 2024
#@# Fill Sun Nov 24 03:42:37 UTC 2024
recon-all -s sub-fsm64ps finished without error at Sun Nov 24 03:45:15 UTC 2024



#New# invocation of recon-all 



status file for recon-all
Sun Nov 24 15:19:55 UTC 2024
#@# white curv lh Sun Nov 24 15:19:55 UTC 2024
#@# white area lh Sun Nov 24 15:19:55 UTC 2024
#@# pial curv lh Sun Nov 24 15:19:55 UTC 2024
#@# pial area lh Sun Nov 24 15:19:55 UTC 2024
#@# thickness lh Sun Nov 24 15:19:55 UTC 2024
#@# area and vertex vol lh Sun Nov 24 15:19:55 UTC 2024
#@# white curv rh Sun Nov 24 15:19:55 UTC 2024
#@# white area rh Sun Nov 24 15:19:55 UTC 2024
#@# pial curv rh Sun Nov 24 15:19:55 UTC 2024
#@# pial area rh Sun Nov 24 15:19:55 UTC 2024
#@# thickness rh Sun Nov 24 15:19:55 UTC 2024
#@# area and vertex vol rh Sun Nov 24 15:19:55 UTC 2024
#@# Cortical ribbon mask Sun Nov 24 15:19:55 UTC 2024
recon-all -s sub-fsm64ps finished without error at Sun Nov 24 15:27:25 UTC 2024



#New# invocation of recon-all 



status file for recon-all
Sun Nov 24 20:21:59 UTC 2024
#@# white curv lh Sun Nov 24 20:21:59 UTC 2024
#@# white area lh Sun Nov 24 20:21:59 UTC 2024
#@# pial curv lh Sun Nov 24 20:21:59 UTC 2024
#@# pial area lh Sun Nov 24 20:21:59 UTC 2024
#@# thickness lh Sun Nov 24 20:21:59 UTC 2024
#@# area and vertex vol lh Sun Nov 24 20:21:59 UTC 2024
#@# white curv rh Sun Nov 24 20:21:59 UTC 2024
#@# white area rh Sun Nov 24 20:21:59 UTC 2024
#@# pial curv rh Sun Nov 24 20:21:59 UTC 2024
#@# pial area rh Sun Nov 24 20:21:59 UTC 2024
#@# thickness rh Sun Nov 24 20:21:59 UTC 2024
#@# area and vertex vol rh Sun Nov 24 20:21:59 UTC 2024
#@# Curvature Stats lh Sun Nov 24 20:21:59 UTC 2024
#@# Curvature Stats rh Sun Nov 24 20:22:04 UTC 2024
#@# Relabel Hypointensities Sun Nov 24 20:22:10 UTC 2024
#@# APas-to-ASeg Sun Nov 24 20:22:44 UTC 2024
#@# AParc-to-ASeg aparc Sun Nov 24 20:23:09 UTC 2024
#@# AParc-to-ASeg aparc.a2009s Sun Nov 24 20:24:21 UTC 2024
#@# AParc-to-ASeg aparc.DKTatlas Sun Nov 24 20:25:25 UTC 2024
#@# WMParc Sun Nov 24 20:26:20 UTC 2024
#@# ASeg Stats Sun Nov 24 20:31:49 UTC 2024
recon-all -s sub-fsm64ps finished without error at Sun Nov 24 20:33:12 UTC 2024
