status file for recon-all
Sun Nov 24 14:38:24 UTC 2024
#@# Tessellate lh Sun Nov 24 14:38:24 UTC 2024
#@# Smooth1 lh Sun Nov 24 14:38:38 UTC 2024
#@# Inflation1 lh Sun Nov 24 14:38:43 UTC 2024
#@# QSphere lh Sun Nov 24 14:39:00 UTC 2024
#@# Fix Topology lh Sun Nov 24 14:40:47 UTC 2024
#@# Smooth2 lh Sun Nov 24 14:50:58 UTC 2024
#@# Inflation2 lh Sun Nov 24 14:51:04 UTC 2024
#@# Curv .H and .K lh Sun Nov 24 14:51:27 UTC 2024
#@# Sphere lh Sun Nov 24 14:52:41 UTC 2024
#@# Surf Reg lh Sun Nov 24 14:55:05 UTC 2024
#@# Jacobian white lh Sun Nov 24 15:00:52 UTC 2024
#@# AvgCurv lh Sun Nov 24 15:00:53 UTC 2024
#@# Cortical Parc lh Sun Nov 24 15:00:55 UTC 2024
#@# white curv lh Sun Nov 24 15:12:50 UTC 2024
#@# white area lh Sun Nov 24 15:12:53 UTC 2024
#@# pial curv lh Sun Nov 24 15:12:55 UTC 2024
#@# pial area lh Sun Nov 24 15:12:58 UTC 2024
#@# thickness lh Sun Nov 24 15:12:59 UTC 2024
#@# area and vertex vol lh Sun Nov 24 15:13:48 UTC 2024
#@# Curvature Stats lh Sun Nov 24 15:13:51 UTC 2024
#@# Cortical Parc 2 lh Sun Nov 24 15:13:56 UTC 2024
#@# Cortical Parc 3 lh Sun Nov 24 15:14:21 UTC 2024
#@# WM/GM Contrast lh Sun Nov 24 15:14:40 UTC 2024
recon-all -s sub-fsm64ps finished without error at Sun Nov 24 15:14:46 UTC 2024



#New# invocation of recon-all 



status file for recon-all
Sun Nov 24 20:08:16 UTC 2024
#@# white curv lh Sun Nov 24 20:08:16 UTC 2024
#@# white area lh Sun Nov 24 20:08:16 UTC 2024
#@# pial curv lh Sun Nov 24 20:08:16 UTC 2024
#@# pial area lh Sun Nov 24 20:08:16 UTC 2024
#@# thickness lh Sun Nov 24 20:08:16 UTC 2024
#@# area and vertex vol lh Sun Nov 24 20:08:16 UTC 2024
#@# Parcellation Stats lh Sun Nov 24 20:08:16 UTC 2024
#@# Parcellation Stats 2 lh Sun Nov 24 20:09:09 UTC 2024
#@# Parcellation Stats 3 lh Sun Nov 24 20:09:38 UTC 2024
#@# BA_exvivo Labels lh Sun Nov 24 20:10:07 UTC 2024
recon-all -s sub-fsm64ps finished without error at Sun Nov 24 20:16:31 UTC 2024
