status file for recon-all
Sun Nov 24 14:41:29 UTC 2024
#@# Tessellate rh Sun Nov 24 14:41:29 UTC 2024
#@# Smooth1 rh Sun Nov 24 14:41:41 UTC 2024
#@# Inflation1 rh Sun Nov 24 14:41:45 UTC 2024
#@# QSphere rh Sun Nov 24 14:42:02 UTC 2024
#@# Fix Topology rh Sun Nov 24 14:44:01 UTC 2024
#@# Smooth2 rh Sun Nov 24 14:54:23 UTC 2024
#@# Inflation2 rh Sun Nov 24 14:54:28 UTC 2024
#@# Curv .H and .K rh Sun Nov 24 14:54:47 UTC 2024
#@# Sphere rh Sun Nov 24 14:55:59 UTC 2024
#@# Surf Reg rh Sun Nov 24 14:58:29 UTC 2024
#@# Jacobian white rh Sun Nov 24 15:04:52 UTC 2024
#@# AvgCurv rh Sun Nov 24 15:04:54 UTC 2024
#@# Cortical Parc rh Sun Nov 24 15:04:55 UTC 2024
#@# white curv rh Sun Nov 24 15:17:37 UTC 2024
#@# white area rh Sun Nov 24 15:17:42 UTC 2024
#@# pial curv rh Sun Nov 24 15:17:43 UTC 2024
#@# pial area rh Sun Nov 24 15:17:47 UTC 2024
#@# thickness rh Sun Nov 24 15:17:49 UTC 2024
#@# area and vertex vol rh Sun Nov 24 15:18:39 UTC 2024
#@# Curvature Stats rh Sun Nov 24 15:18:42 UTC 2024
#@# Cortical Parc 2 rh Sun Nov 24 15:18:47 UTC 2024
#@# Cortical Parc 3 rh Sun Nov 24 15:19:13 UTC 2024
#@# WM/GM Contrast rh Sun Nov 24 15:19:38 UTC 2024
recon-all -s sub-fsm64ps finished without error at Sun Nov 24 15:19:44 UTC 2024



#New# invocation of recon-all 



status file for recon-all
Sun Nov 24 20:13:19 UTC 2024
#@# white curv rh Sun Nov 24 20:13:19 UTC 2024
#@# white area rh Sun Nov 24 20:13:19 UTC 2024
#@# pial curv rh Sun Nov 24 20:13:19 UTC 2024
#@# pial area rh Sun Nov 24 20:13:19 UTC 2024
#@# thickness rh Sun Nov 24 20:13:19 UTC 2024
#@# area and vertex vol rh Sun Nov 24 20:13:19 UTC 2024
#@# Parcellation Stats rh Sun Nov 24 20:13:19 UTC 2024
#@# Parcellation Stats 2 rh Sun Nov 24 20:14:11 UTC 2024
#@# Parcellation Stats 3 rh Sun Nov 24 20:14:42 UTC 2024
#@# BA_exvivo Labels rh Sun Nov 24 20:15:09 UTC 2024
recon-all -s sub-fsm64ps finished without error at Sun Nov 24 20:21:40 UTC 2024
