/scratch/tmp/fs_mp2rage_tests/sourcedata/freesurfer_mp2rage/sub-fsm42wk/mri
/opt/freesurfer/bin/talairach_avi
--i orig_nu.mgz --xfm transforms/talairach.auto.xfm
talairach_avi 7.3.2
Linux elm.criugm.qc.ca 5.15.0-113-generic #123-Ubuntu SMP Mon Jun 10 08:16:17 UTC 2024 x86_64 x86_64 x86_64 GNU/Linux
Sat Nov 23 15:36:59 UTC 2024
mri_convert orig_nu.mgz talsrcimg.img 
reading from orig_nu.mgz...
TR=0.00, TE=0.00, TI=0.00, flip angle=0.00
i_ras = (-1, 2.32831e-10, 0)
j_ras = (0, -7.45058e-09, -1)
k_ras = (-2.32831e-10, 1, 0)
writing to talsrcimg.img...
Analyze Output Matrix
-1.00000   0.00000  -0.00000   133.57901;
 0.00000  -0.00000   1.00000  -91.02504;
 0.00000  -1.00000   0.00000   93.22702;
 0.00000   0.00000   0.00000   1.00000;
--------------------
INFO: set hdr.hist.orient to -1
mpr2mni305 talsrcimg
Sat Nov 23 15:37:01 UTC 2024
/opt/freesurfer/bin/mpr2mni305 talsrcimg
mpr2mni305 7.3.2
target=711-2C_as_mni_average_305

---------------------------------------------------------------------
analyzeto4dfp talsrcimg -O0 -y
---------------------------------------------------------------------

freesurfer ifh2hdr.c
Sat Nov 23 15:37:02 2024
Writing: talsrcimg.4dfp.hdr
freesurfer analyzeto4dfp.c
Reading: talsrcimg.hdr
header size 348 bytes
hdr.dime.datatype	offset=70	value=2
hdr.dime.bitpix		offset=72	value=8
hdr.hist.orient		offset=252	value=-1
dimensionality     4
dimensions       256       256       256         1
Reading: talsrcimg.img
Writing: talsrcimg.4dfp.img
Writing: talsrcimg.4dfp.ifh
ifh2hdr talsrcimg -r0to255
ori=2

---------------------------------------------------------------------
gauss_4dfp talsrcimg 1.1
---------------------------------------------------------------------

freesurfer gauss_4dfp.c
Reading: talsrcimg.4dfp.img
Writing: talsrcimg_g11.4dfp.img
image dimensions 256 256 256 padded to 288 288 288
processing volume 1freesurfer ifh2hdr.c
Sat Nov 23 15:37:09 2024
Writing: talsrcimg_g11.4dfp.hdr

Writing: talsrcimg_g11.4dfp.ifh
including: talsrcimg.4dfp.img.rec in talsrcimg_g11.4dfp.img.rec

---------------------------------------------------------------------
imgreg_4dfp /opt/freesurfer/average/711-2C_as_mni_average_305 none talsrcimg_g11 none talsrcimg_to_711-2C_as_mni_average_305_t4 4355
---------------------------------------------------------------------

freesurfer imgreg_4dfp.c
/opt/freesurfer/average/711-2C_as_mni_average_305.4dfp.img
       256       256       256         1
  1.000000  1.000000  1.000000
orientation T byte_order littleendian
Reading image: /opt/freesurfer/average/711-2C_as_mni_average_305.4dfp.img
dimensions:      256       256       256
mmppix:       1.0000   -1.0000   -1.0000
center:     128.0000 -129.0000 -129.0000
talsrcimg_g11.4dfp.img
       256       256       256         1
  1.000000  1.000000  1.000000
orientation T byte_order littleendian
Reading image: talsrcimg_g11.4dfp.img
dimensions:      256       256       256
mmppix:       1.0000   -1.0000   -1.0000
center:     128.0000 -129.0000 -129.0000
t4_read: open error in t4_sub.f l:  41 t4_file(1:l)talsrcimg_to_711-2C_as_mni_average_305_t4 
t4_read: transform initialized to I4
rotation matrix determinant  1.000000
image alignment mode   4355 decimal     1103 hex
   -7.5000  -45.0000  -45.0000 9951.6797    8.9392
    0.0000  -45.0000  -45.000010388.8154    8.9563
    7.5000  -45.0000  -45.0000 9925.6328    8.9692
   -7.5000  -37.5000  -45.000010102.3760    8.9119
    0.0000  -37.5000  -45.000010514.1592    8.9272
    7.5000  -37.5000  -45.000010015.6211    8.9373
   -7.5000  -30.0000  -45.000010500.7871    8.6758
    0.0000  -30.0000  -45.000010897.3662    8.6907
    7.5000  -30.0000  -45.000010333.6094    8.7011
   -7.5000  -22.5000  -45.000010960.0859    8.5753
    0.0000  -22.5000  -45.000011333.2812    8.5933
    7.5000  -22.5000  -45.000010723.1475    8.6069
   -7.5000  -15.0000  -45.000011376.2051    8.5363
    0.0000  -15.0000  -45.000011771.9385    8.5569
    7.5000  -15.0000  -45.000011127.0361    8.5732
   -7.5000   -7.5000  -45.000011746.7354    8.5087
    0.0000   -7.5000  -45.000012180.1973    8.5280
    7.5000   -7.5000  -45.000011480.0557    8.5431
   -7.5000    0.0000  -45.000012084.1953    8.5009
    0.0000    0.0000  -45.000012538.8076    8.5161
    7.5000    0.0000  -45.000011793.3623    8.5275
   -7.5000    7.5000  -45.000011495.8506    8.6545
    0.0000    7.5000  -45.000011900.6064    8.6688
    7.5000    7.5000  -45.000011195.4199    8.6783
   -7.5000   15.0000  -45.000010878.5977    8.8910
    0.0000   15.0000  -45.000011259.5020    8.9094
    7.5000   15.0000  -45.000010562.2100    8.9205
   -7.5000   22.5000  -45.000010259.1074    9.1692
    0.0000   22.5000  -45.000010632.3213    9.1952
    7.5000   22.5000  -45.0000 9964.3457    9.2132
   -7.5000   30.0000  -45.0000 9661.0029    9.3594
    0.0000   30.0000  -45.000010020.9756    9.3910
    7.5000   30.0000  -45.0000 9376.8271    9.4129
   -7.5000   37.5000  -45.0000 9379.6240    9.6948
    0.0000   37.5000  -45.0000 9727.4648    9.7269
    7.5000   37.5000  -45.0000 9085.3994    9.7489
   -7.5000   45.0000  -45.0000 8793.9814    9.8150
    0.0000   45.0000  -45.0000 9101.3027    9.8443
    7.5000   45.0000  -45.0000 8521.0488    9.8648
   -7.5000  -45.0000  -37.500010323.2861    8.9132
    0.0000  -45.0000  -37.500010745.4844    8.9309
    7.5000  -45.0000  -37.500010277.0771    8.9452
   -7.5000  -37.5000  -37.500010505.8496    8.8902
    0.0000  -37.5000  -37.500010917.8164    8.9058
    7.5000  -37.5000  -37.500010404.0811    8.9183
   -7.5000  -30.0000  -37.500010949.9629    8.6602
    0.0000  -30.0000  -37.500011348.0605    8.6759
    7.5000  -30.0000  -37.500010769.6084    8.6884
   -7.5000  -22.5000  -37.500011454.0088    8.5612
    0.0000  -22.5000  -37.500011834.3682    8.5810
    7.5000  -22.5000  -37.500011199.9062    8.5956
   -7.5000  -15.0000  -37.500011877.1113    8.5194
    0.0000  -15.0000  -37.500012287.0107    8.5422
    7.5000  -15.0000  -37.500011615.9111    8.5585
   -7.5000   -7.5000  -37.500012243.6289    8.4871
    0.0000   -7.5000  -37.500012703.9424    8.5078
    7.5000   -7.5000  -37.500011972.1084    8.5231
   -7.5000    0.0000  -37.500012625.2285    8.4773
    0.0000    0.0000  -37.500013077.2666    8.4930
    7.5000    0.0000  -37.500012301.9209    8.5059
   -7.5000    7.5000  -37.500012036.1787    8.6340
    0.0000    7.5000  -37.500012450.7217    8.6486
    7.5000    7.5000  -37.500011656.1025    8.6604
   -7.5000   15.0000  -37.500011362.5830    8.8755
    0.0000   15.0000  -37.500011769.2090    8.8950
    7.5000   15.0000  -37.500010985.5137    8.9087
   -7.5000   22.5000  -37.500010729.8330    9.1537
    0.0000   22.5000  -37.500011109.0244    9.1819
    7.5000   22.5000  -37.500010378.7686    9.2013
   -7.5000   30.0000  -37.500010105.7246    9.3399
    0.0000   30.0000  -37.500010468.8359    9.3743
    7.5000   30.0000  -37.5000 9782.7041    9.3971
   -7.5000   37.5000  -37.5000 9815.6250    9.6693
    0.0000   37.5000  -37.500010164.9678    9.7042
    7.5000   37.5000  -37.5000 9530.5908    9.7279
   -7.5000   45.0000  -37.5000 9180.6201    9.7880
    0.0000   45.0000  -37.5000 9467.7627    9.8195
    7.5000   45.0000  -37.5000 8924.2324    9.8438
   -7.5000  -45.0000  -30.000010890.0869    9.2741
    0.0000  -45.0000  -30.000011321.6855    9.2924
    7.5000  -45.0000  -30.000010800.3486    9.3060
   -7.5000  -37.5000  -30.000011085.3535    9.2561
    0.0000  -37.5000  -30.000011507.5166    9.2715
    7.5000  -37.5000  -30.000010947.2314    9.2832
   -7.5000  -30.0000  -30.000011580.2051    9.0205
    0.0000  -30.0000  -30.000011967.9307    9.0357
    7.5000  -30.0000  -30.000011337.9453    9.0463
   -7.5000  -22.5000  -30.000012094.2949    8.9160
    0.0000  -22.5000  -30.000012477.5244    8.9361
    7.5000  -22.5000  -30.000011794.3896    8.9483
   -7.5000  -15.0000  -30.000012542.5332    8.8681
    0.0000  -15.0000  -30.000012946.9053    8.8920
    7.5000  -15.0000  -30.000012231.3877    8.9064
   -7.5000   -7.5000  -30.000012925.8516    8.8308
    0.0000   -7.5000  -30.000013376.6357    8.8529
    7.5000   -7.5000  -30.000012614.5811    8.8672
   -7.5000    0.0000  -30.000013364.7158    8.8210
    0.0000    0.0000  -30.000013810.4141    8.8374
    7.5000    0.0000  -30.000012967.1514    8.8498
   -7.5000    7.5000  -30.000012801.3779    8.9892
    0.0000    7.5000  -30.000013231.7129    9.0035
    7.5000    7.5000  -30.000012329.9717    9.0144
   -7.5000   15.0000  -30.000012136.8281    9.2449
    0.0000   15.0000  -30.000012561.2061    9.2643
    7.5000   15.0000  -30.000011654.6611    9.2765
   -7.5000   22.5000  -30.000011444.3945    9.5323
    0.0000   22.5000  -30.000011882.9697    9.5619
    7.5000   22.5000  -30.000011011.8994    9.5792
   -7.5000   30.0000  -30.000010754.4570    9.7221
    0.0000   30.0000  -30.000011172.9980    9.7602
    7.5000   30.0000  -30.000010391.1514    9.7819
   -7.5000   37.5000  -30.000010392.0830   10.0609
    0.0000   37.5000  -30.000010771.5713   10.0999
    7.5000   37.5000  -30.000010090.5566   10.1249
   -7.5000   45.0000  -30.0000 9667.8525   10.1930
    0.0000   45.0000  -30.0000 9997.7559   10.2278
    7.5000   45.0000  -30.0000 9420.3682   10.2537
   -7.5000  -45.0000  -22.500011458.1367    9.5894
    0.0000  -45.0000  -22.500011890.0371    9.6075
    7.5000  -45.0000  -22.500011320.2871    9.6188
   -7.5000  -37.5000  -22.500011662.5967    9.5732
    0.0000  -37.5000  -22.500012079.0732    9.5880
    7.5000  -37.5000  -22.500011463.6201    9.5956
   -7.5000  -30.0000  -22.500012177.2490    9.3281
    0.0000  -30.0000  -22.500012572.4551    9.3414
    7.5000  -30.0000  -22.500011882.4785    9.3472
   -7.5000  -22.5000  -22.500012704.6533    9.2173
    0.0000  -22.5000  -22.500013137.0967    9.2347
    7.5000  -22.5000  -22.500012405.1113    9.2429
   -7.5000  -15.0000  -22.500013187.9893    9.1657
    0.0000  -15.0000  -22.500013653.6328    9.1877
    7.5000  -15.0000  -22.500012847.9023    9.1994
   -7.5000   -7.5000  -22.500013617.8467    9.1284
    0.0000   -7.5000  -22.500014118.9453    9.1497
    7.5000   -7.5000  -22.500013213.9375    9.1623
   -7.5000    0.0000  -22.500014192.1943    9.1209
    0.0000    0.0000  -22.500014718.5713    9.1372
    7.5000    0.0000  -22.500013685.1426    9.1474
   -7.5000    7.5000  -22.500013765.8701    9.2962
    0.0000    7.5000  -22.500014307.6436    9.3099
    7.5000    7.5000  -22.500013133.2197    9.3170
   -7.5000   15.0000  -22.500013079.8906    9.5595
    0.0000   15.0000  -22.500013632.2373    9.5772
    7.5000   15.0000  -22.500012428.3057    9.5842
   -7.5000   22.5000  -22.500012248.1006    9.8543
    0.0000   22.5000  -22.500012778.6113    9.8817
    7.5000   22.5000  -22.500011673.1016    9.8947
   -7.5000   30.0000  -22.500011383.9824   10.0505
    0.0000   30.0000  -22.500011875.4053   10.0880
    7.5000   30.0000  -22.500010940.4209   10.1072
   -7.5000   37.5000  -22.500010967.5752   10.4027
    0.0000   37.5000  -22.500011398.3027   10.4421
    7.5000   37.5000  -22.500010597.0332   10.4660
   -7.5000   45.0000  -22.500010219.6787   10.5499
    0.0000   45.0000  -22.500010629.6953   10.5850
    7.5000   45.0000  -22.5000 9892.7090   10.6080
   -7.5000  -45.0000  -15.000011993.1914    9.8152
    0.0000  -45.0000  -15.000012476.8174    9.8328
    7.5000  -45.0000  -15.000011829.2207    9.8421
   -7.5000  -37.5000  -15.000012195.0879    9.7949
    0.0000  -37.5000  -15.000012679.3271    9.8097
    7.5000  -37.5000  -15.000011955.7783    9.8142
   -7.5000  -30.0000  -15.000012681.9092    9.5394
    0.0000  -30.0000  -15.000013147.7168    9.5519
    7.5000  -30.0000  -15.000012400.5586    9.5552
   -7.5000  -22.5000  -15.000013243.7510    9.4248
    0.0000  -22.5000  -15.000013730.0605    9.4404
    7.5000  -22.5000  -15.000012948.6797    9.4471
   -7.5000  -15.0000  -15.000013743.1787    9.3747
    0.0000  -15.0000  -15.000014265.6152    9.3945
    7.5000  -15.0000  -15.000013389.4072    9.4057
   -7.5000   -7.5000  -15.000014239.2021    9.3414
    0.0000   -7.5000  -15.000014792.2002    9.3612
    7.5000   -7.5000  -15.000013804.6055    9.3731
   -7.5000    0.0000  -15.000015008.7705    9.3358
    0.0000    0.0000  -15.000015641.4932    9.3516
    7.5000    0.0000  -15.000014384.0801    9.3599
   -7.5000    7.5000  -15.000014741.0088    9.5115
    0.0000    7.5000  -15.000015507.2754    9.5252
    7.5000    7.5000  -15.000013936.4648    9.5294
   -7.5000   15.0000  -15.000013927.1348    9.7752
    0.0000   15.0000  -15.000014683.0830    9.7920
    7.5000   15.0000  -15.000013135.8223    9.7958
   -7.5000   22.5000  -15.000012803.9492   10.0764
    0.0000   22.5000  -15.000013430.9619   10.1016
    7.5000   22.5000  -15.000012243.2793   10.1128
   -7.5000   30.0000  -15.000011823.3301   10.2834
    0.0000   30.0000  -15.000012367.2725   10.3178
    7.5000   30.0000  -15.000011410.6973   10.3358
   -7.5000   37.5000  -15.000011464.6230   10.6503
    0.0000   37.5000  -15.000011957.1875   10.6867
    7.5000   37.5000  -15.000011050.5430   10.7085
   -7.5000   45.0000  -15.000010721.8105   10.8083
    0.0000   45.0000  -15.000011208.4053   10.8414
    7.5000   45.0000  -15.000010343.7920   10.8598
   -7.5000  -45.0000   -7.500012521.7988    9.9167
    0.0000  -45.0000   -7.500013013.8945    9.9344
    7.5000  -45.0000   -7.500012392.1035    9.9447
   -7.5000  -37.5000   -7.500012718.5889    9.8894
    0.0000  -37.5000   -7.500013191.4541    9.9048
    7.5000  -37.5000   -7.500012542.1016    9.9109
   -7.5000  -30.0000   -7.500013177.0098    9.6278
    0.0000  -30.0000   -7.500013667.2490    9.6416
    7.5000  -30.0000   -7.500012962.6807    9.6477
   -7.5000  -22.5000   -7.500013771.2383    9.5137
    0.0000  -22.5000   -7.500014279.9062    9.5304
    7.5000  -22.5000   -7.500013490.6592    9.5406
   -7.5000  -15.0000   -7.500014266.9355    9.4682
    0.0000  -15.0000   -7.500014838.2627    9.4883
    7.5000  -15.0000   -7.500013936.7666    9.5024
   -7.5000   -7.5000   -7.500014813.6387    9.4387
    0.0000   -7.5000   -7.500015422.0430    9.4583
    7.5000   -7.5000   -7.500014391.1875    9.4718
   -7.5000    0.0000   -7.500015710.4102    9.4326
    0.0000    0.0000   -7.500016431.0215    9.4484
    7.5000    0.0000   -7.500015060.9414    9.4575
   -7.5000    7.5000   -7.500015551.4785    9.6041
    0.0000    7.5000   -7.500016495.0781    9.6185
    7.5000    7.5000   -7.500014678.2842    9.6242
   -7.5000   15.0000   -7.500014715.4922    9.8649
    0.0000   15.0000   -7.500015614.9326    9.8827
    7.5000   15.0000   -7.500013882.9355    9.8892
   -7.5000   22.5000   -7.500013464.9619   10.1702
    0.0000   22.5000   -7.500014157.5703   10.1959
    7.5000   22.5000   -7.500012905.6660   10.2105
   -7.5000   30.0000   -7.500012474.1055   10.3876
    0.0000   30.0000   -7.500013061.4082   10.4208
    7.5000   30.0000   -7.500012001.0791   10.4411
   -7.5000   37.5000   -7.500012133.1973   10.7639
    0.0000   37.5000   -7.500012709.9092   10.7982
    7.5000   37.5000   -7.500011605.0088   10.8197
   -7.5000   45.0000   -7.500011364.2471   10.9250
    0.0000   45.0000   -7.500011874.1445   10.9564
    7.5000   45.0000   -7.500010827.5449   10.9742
   -7.5000  -45.0000    0.000012882.1318    9.9199
    0.0000  -45.0000    0.000013345.9678    9.9382
    7.5000  -45.0000    0.000012770.1172    9.9520
   -7.5000  -37.5000    0.000013083.3359    9.8898
    0.0000  -37.5000    0.000013530.8359    9.9061
    7.5000  -37.5000    0.000012960.3301    9.9169
   -7.5000  -30.0000    0.000013591.9619    9.6296
    0.0000  -30.0000    0.000014053.5889    9.6454
    7.5000  -30.0000    0.000013441.2471    9.6567
   -7.5000  -22.5000    0.000014198.7324    9.5183
    0.0000  -22.5000    0.000014685.1543    9.5376
    7.5000  -22.5000    0.000013995.1816    9.5524
   -7.5000  -15.0000    0.000014715.5146    9.4748
    0.0000  -15.0000    0.000015258.5205    9.4970
    7.5000  -15.0000    0.000014451.1719    9.5146
   -7.5000   -7.5000    0.000015250.7578    9.4445
    0.0000   -7.5000    0.000015892.1943    9.4651
    7.5000   -7.5000    0.000014903.2441    9.4814
   -7.5000    0.0000    0.000016243.3828    9.4361
    0.0000    0.0000    0.000017024.7520    9.4523
    7.5000    0.0000    0.000015647.3496    9.4646
   -7.5000    7.5000    0.000016123.3965    9.6054
    0.0000    7.5000    0.000017102.1113    9.6207
    7.5000    7.5000    0.000015255.8711    9.6309
   -7.5000   15.0000    0.000015446.4424    9.8667
    0.0000   15.0000    0.000016397.3457    9.8864
    7.5000   15.0000    0.000014508.7188    9.8983
   -7.5000   22.5000    0.000014343.9072   10.1748
    0.0000   22.5000    0.000015154.0010   10.2028
    7.5000   22.5000    0.000013560.5967   10.2223
   -7.5000   30.0000    0.000013292.1123   10.3962
    0.0000   30.0000    0.000013989.6348   10.4304
    7.5000   30.0000    0.000012582.8828   10.4542
   -7.5000   37.5000    0.000012770.0703   10.7725
    0.0000   37.5000    0.000013434.5400   10.8073
    7.5000   37.5000    0.000012101.3496   10.8312
   -7.5000   45.0000    0.000011785.9424   10.9315
    0.0000   45.0000    0.000012333.0830   10.9636
    7.5000   45.0000    0.000011188.3584   10.9857
   -7.5000  -45.0000    7.500012357.5898    9.9125
    0.0000  -45.0000    7.500012802.9482    9.9315
    7.5000  -45.0000    7.500012265.6064    9.9472
   -7.5000  -37.5000    7.500012550.7520    9.8869
    0.0000  -37.5000    7.500012975.3926    9.9037
    7.5000  -37.5000    7.500012450.8975    9.9175
   -7.5000  -30.0000    7.500013032.2285    9.6324
    0.0000  -30.0000    7.500013491.4375    9.6494
    7.5000  -30.0000    7.500012921.8193    9.6631
   -7.5000  -22.5000    7.500013602.8877    9.5224
    0.0000  -22.5000    7.500014095.7031    9.5439
    7.5000  -22.5000    7.500013431.9111    9.5600
   -7.5000  -15.0000    7.500014130.3672    9.4759
    0.0000  -15.0000    7.500014687.3311    9.5006
    7.5000  -15.0000    7.500013893.8799    9.5185
   -7.5000   -7.5000    7.500014690.3555    9.4402
    0.0000   -7.5000    7.500015309.8936    9.4627
    7.5000   -7.5000    7.500014333.2412    9.4795
   -7.5000    0.0000    7.500015557.2207    9.4296
    0.0000    0.0000    7.500016274.9844    9.4465
    7.5000    0.0000    7.500015009.2432    9.4606
   -7.5000    7.5000    7.500015271.7051    9.6030
    0.0000    7.5000    7.500016084.8125    9.6187
    7.5000    7.5000    7.500014564.4814    9.6316
   -7.5000   15.0000    7.500014518.7900    9.8703
    0.0000   15.0000    7.500015250.6670    9.8914
    7.5000   15.0000    7.500013826.2334    9.9065
   -7.5000   22.5000    7.500013495.8291   10.1785
    0.0000   22.5000    7.500014148.5879   10.2093
    7.5000   22.5000    7.500012911.7246   10.2307
   -7.5000   30.0000    7.500012500.6475   10.3955
    0.0000   30.0000    7.500013123.2285   10.4332
    7.5000   30.0000    7.500012020.5488   10.4582
   -7.5000   37.5000    7.500011961.6924   10.7651
    0.0000   37.5000    7.500012551.6113   10.8034
    7.5000   37.5000    7.500011545.4131   10.8294
   -7.5000   45.0000    7.500011028.3457   10.9219
    0.0000   45.0000    7.500011538.5928   10.9566
    7.5000   45.0000    7.500010657.9062   10.9833
   -7.5000  -45.0000   15.000011641.0400    9.9179
    0.0000  -45.0000   15.000012158.4795    9.9370
    7.5000  -45.0000   15.000011613.2852    9.9515
   -7.5000  -37.5000   15.000011839.9824    9.8990
    0.0000  -37.5000   15.000012356.1943    9.9150
    7.5000  -37.5000   15.000011782.8887    9.9274
   -7.5000  -30.0000   15.000012331.2490    9.6478
    0.0000  -30.0000   15.000012866.3535    9.6638
    7.5000  -30.0000   15.000012243.3115    9.6750
   -7.5000  -22.5000   15.000012894.5811    9.5362
    0.0000  -22.5000   15.000013415.5176    9.5573
    7.5000  -22.5000   15.000012733.6328    9.5703
   -7.5000  -15.0000   15.000013385.3350    9.4850
    0.0000  -15.0000   15.000013904.4482    9.5102
    7.5000  -15.0000   15.000013172.1104    9.5254
   -7.5000   -7.5000   15.000013862.9854    9.4454
    0.0000   -7.5000   15.000014382.9453    9.4686
    7.5000   -7.5000   15.000013559.7432    9.4837
   -7.5000    0.0000   15.000014438.6777    9.4351
    0.0000    0.0000   15.000014969.8018    9.4522
    7.5000    0.0000   15.000014039.1045    9.4653
   -7.5000    7.5000   15.000013911.3223    9.6143
    0.0000    7.5000   15.000014436.5645    9.6292
    7.5000    7.5000   15.000013493.9854    9.6408
   -7.5000   15.0000   15.000013059.4600    9.8869
    0.0000   15.0000   15.000013514.0957    9.9073
    7.5000   15.0000   15.000012705.2861    9.9201
   -7.5000   22.5000   15.000012100.9502   10.1937
    0.0000   22.5000   15.000012524.2158   10.2249
    7.5000   22.5000   15.000011842.2627   10.2434
   -7.5000   30.0000   15.000011208.6787   10.4041
    0.0000   30.0000   15.000011625.9443   10.4444
    7.5000   30.0000   15.000011004.7236   10.4675
   -7.5000   37.5000   15.000010805.3965   10.7690
    0.0000   37.5000   15.000011212.8477   10.8103
    7.5000   37.5000   15.000010607.0508   10.8368
   -7.5000   45.0000   15.000010069.5332   10.9273
    0.0000   45.0000   15.000010435.3408   10.9642
    7.5000   45.0000   15.0000 9849.2266   10.9917
   -7.5000  -45.0000   22.500010851.7539    9.9520
    0.0000  -45.0000   22.500011371.1211    9.9705
    7.5000  -45.0000   22.500010846.2324    9.9821
   -7.5000  -37.5000   22.500011057.0527    9.9358
    0.0000  -37.5000   22.500011550.6621    9.9509
    7.5000  -37.5000   22.500011008.4443    9.9586
   -7.5000  -30.0000   22.500011482.3760    9.6816
    0.0000  -30.0000   22.500011965.2500    9.6952
    7.5000  -30.0000   22.500011392.8193    9.7011
   -7.5000  -22.5000   22.500011926.0537    9.5666
    0.0000  -22.5000   22.500012375.1895    9.5844
    7.5000  -22.5000   22.500011771.6914    9.5928
   -7.5000  -15.0000   22.500012302.0869    9.5130
    0.0000  -15.0000   22.500012731.3633    9.5356
    7.5000  -15.0000   22.500012109.0566    9.5477
   -7.5000   -7.5000   22.500012632.5049    9.4744
    0.0000   -7.5000   22.500013050.5498    9.4963
    7.5000   -7.5000   22.500012397.6562    9.5093
   -7.5000    0.0000   22.500013074.2549    9.4668
    0.0000    0.0000   22.500013477.6729    9.4834
    7.5000    0.0000   22.500012757.8936    9.4939
   -7.5000    7.5000   22.500012476.5967    9.6488
    0.0000    7.5000   22.500012855.3828    9.6628
    7.5000    7.5000   22.500012170.1025    9.6700
   -7.5000   15.0000   22.500011671.6836    9.9221
    0.0000   15.0000   22.500012003.1797    9.9402
    7.5000   15.0000   22.500011436.8867    9.9473
   -7.5000   22.5000   22.500010838.1094   10.2285
    0.0000   22.5000   22.500011162.0342   10.2566
    7.5000   22.5000   22.500010662.1699   10.2700
   -7.5000   30.0000   22.500010064.3447   10.4373
    0.0000   30.0000   22.500010390.4072   10.4760
    7.5000   30.0000   22.5000 9915.6377   10.4957
   -7.5000   37.5000   22.5000 9734.3359   10.8054
    0.0000   37.5000   22.500010034.8682   10.8461
    7.5000   37.5000   22.5000 9560.4189   10.8708
   -7.5000   45.0000   22.5000 9096.8477   10.9689
    0.0000   45.0000   22.5000 9401.0283   11.0052
    7.5000   45.0000   22.5000 8907.7119   11.0289
   -7.5000  -45.0000   30.000010001.9785   10.1649
    0.0000  -45.0000   30.000010456.1641   10.1837
    7.5000  -45.0000   30.0000 9980.0410   10.1937
   -7.5000  -37.5000   30.000010137.6084   10.1428
    0.0000  -37.5000   30.000010576.9893   10.1587
    7.5000  -37.5000   30.000010092.7637   10.1636
   -7.5000  -30.0000   30.000010491.1738    9.8734
    0.0000  -30.0000   30.000010900.9062    9.8869
    7.5000  -30.0000   30.000010414.8652    9.8906
   -7.5000  -22.5000   30.000010871.9717    9.7529
    0.0000  -22.5000   30.000011252.4150    9.7696
    7.5000  -22.5000   30.000010760.4355    9.7769
   -7.5000  -15.0000   30.000011231.4336    9.7007
    0.0000  -15.0000   30.000011593.9736    9.7217
    7.5000  -15.0000   30.000011069.5303    9.7338
   -7.5000   -7.5000   30.000011537.7314    9.6658
    0.0000   -7.5000   30.000011903.8213    9.6868
    7.5000   -7.5000   30.000011346.1484    9.6996
   -7.5000    0.0000   30.000011876.8945    9.6598
    0.0000    0.0000   30.000012221.2090    9.6767
    7.5000    0.0000   30.000011627.4316    9.6856
   -7.5000    7.5000   30.000011311.3496    9.8441
    0.0000    7.5000   30.000011620.7139    9.8588
    7.5000    7.5000   30.000011064.4756    9.8635
   -7.5000   15.0000   30.000010573.8916   10.1210
    0.0000   15.0000   30.000010872.7197   10.1390
    7.5000   15.0000   30.000010404.5869   10.1433
   -7.5000   22.5000   30.0000 9867.9990   10.4378
    0.0000   22.5000   30.000010156.3105   10.4647
    7.5000   22.5000   30.0000 9736.2139   10.4768
   -7.5000   30.0000   30.0000 9184.5166   10.6605
    0.0000   30.0000   30.0000 9476.9150   10.6971
    7.5000   30.0000   30.0000 9053.0596   10.7165
   -7.5000   37.5000   30.0000 8888.9248   11.0492
    0.0000   37.5000   30.0000 9180.1963   11.0880
    7.5000   37.5000   30.0000 8749.8398   11.1114
   -7.5000   45.0000   30.0000 8308.1572   11.2258
    0.0000   45.0000   30.0000 8626.1465   11.2613
    7.5000   45.0000   30.0000 8159.0127   11.2811
   -7.5000  -45.0000   37.5000 9458.7061   10.3983
    0.0000  -45.0000   37.5000 9869.2236   10.4179
    7.5000  -45.0000   37.5000 9424.5264   10.4291
   -7.5000  -37.5000   37.5000 9577.7285   10.3621
    0.0000  -37.5000   37.5000 9966.1191   10.3793
    7.5000  -37.5000   37.5000 9512.3018   10.3859
   -7.5000  -30.0000   37.5000 9924.0879   10.0784
    0.0000  -30.0000   37.500010293.7803   10.0938
    7.5000  -30.0000   37.5000 9833.4414   10.1005
   -7.5000  -22.5000   37.500010317.1191    9.9560
    0.0000  -22.5000   37.500010661.1084    9.9744
    7.5000  -22.5000   37.500010186.9902    9.9856
   -7.5000  -15.0000   37.500010628.6875    9.9086
    0.0000  -15.0000   37.500010989.2285    9.9306
    7.5000  -15.0000   37.500010487.5107    9.9461
   -7.5000   -7.5000   37.500010937.0459    9.8777
    0.0000   -7.5000   37.500011296.7119    9.8992
    7.5000   -7.5000   37.500010763.8438    9.9139
   -7.5000    0.0000   37.500011228.7793    9.8712
    0.0000    0.0000   37.500011571.6113    9.8887
    7.5000    0.0000   37.500010997.0176    9.8985
   -7.5000    7.5000   37.500010668.3594   10.0514
    0.0000    7.5000   37.500010977.3760   10.0675
    7.5000    7.5000   37.500010455.8857   10.0737
   -7.5000   15.0000   37.5000 9996.8281   10.3281
    0.0000   15.0000   37.500010313.1221   10.3480
    7.5000   15.0000   37.5000 9829.5293   10.3551
   -7.5000   22.5000   37.5000 9347.3184   10.6565
    0.0000   22.5000   37.5000 9657.8418   10.6848
    7.5000   22.5000   37.5000 9215.7295   10.7010
   -7.5000   30.0000   37.5000 8714.6816   10.8964
    0.0000   30.0000   37.5000 9025.8750   10.9328
    7.5000   30.0000   37.5000 8589.0791   10.9552
   -7.5000   37.5000   37.5000 8459.4893   11.3063
    0.0000   37.5000   37.5000 8768.6973   11.3442
    7.5000   37.5000   37.5000 8320.5830   11.3677
   -7.5000   45.0000   37.5000 7933.2051   11.4957
    0.0000   45.0000   37.5000 8239.2158   11.5307
    7.5000   45.0000   37.5000 7783.5200   11.5501
   -7.5000  -45.0000   45.0000 8686.3682   10.7581
    0.0000  -45.0000   45.0000 9053.2285   10.7800
    7.5000  -45.0000   45.0000 8647.9238   10.7961
   -7.5000  -37.5000   45.0000 8777.7861   10.7096
    0.0000  -37.5000   45.0000 9143.8613   10.7285
    7.5000  -37.5000   45.0000 8706.6035   10.7406
   -7.5000  -30.0000   45.0000 9091.0947   10.4107
    0.0000  -30.0000   45.0000 9454.6475   10.4284
    7.5000  -30.0000   45.0000 8985.0850   10.4406
   -7.5000  -22.5000   45.0000 9455.8955   10.2864
    0.0000  -22.5000   45.0000 9812.4541   10.3083
    7.5000  -22.5000   45.0000 9322.4443   10.3247
   -7.5000  -15.0000   45.0000 9764.2354   10.2415
    0.0000  -15.0000   45.000010149.7197   10.2675
    7.5000  -15.0000   45.0000 9625.6689   10.2876
   -7.5000   -7.5000   45.000010017.8027   10.2099
    0.0000   -7.5000   45.000010407.3701   10.2345
    7.5000   -7.5000   45.0000 9861.9941   10.2535
   -7.5000    0.0000   45.000010248.3887   10.2005
    0.0000    0.0000   45.000010630.9277   10.2198
    7.5000    0.0000   45.000010067.9258   10.2341
   -7.5000    7.5000   45.0000 9735.2822   10.3778
    0.0000    7.5000   45.000010069.9150   10.3954
    7.5000    7.5000   45.0000 9553.3730   10.4068
   -7.5000   15.0000   45.0000 9133.7656   10.6564
    0.0000   15.0000   45.0000 9479.2559   10.6787
    7.5000   15.0000   45.0000 8980.9658   10.6916
   -7.5000   22.5000   45.0000 8536.9180   10.9886
    0.0000   22.5000   45.0000 8869.4004   11.0207
    7.5000   22.5000   45.0000 8409.6924   11.0424
   -7.5000   30.0000   45.0000 7955.5010   11.2293
    0.0000   30.0000   45.0000 8261.5674   11.2693
    7.5000   30.0000   45.0000 7828.8271   11.2964
   -7.5000   37.5000   45.0000 7699.5879   11.6479
    0.0000   37.5000   45.0000 8002.7339   11.6890
    7.5000   37.5000   45.0000 7562.9355   11.7167
   -7.5000   45.0000   45.0000 7244.8799   11.8499
    0.0000   45.0000   45.0000 7523.9893   11.8879
    7.5000   45.0000   45.0000 7095.7603   11.9137

---------------------------------------------------------------------
imgreg_4dfp /opt/freesurfer/average/711-2C_as_mni_average_305 /opt/freesurfer/average/711-2B_as_mni_average_305_mask talsrcimg_g11 none talsrcimg_to_711-2C_as_mni_average_305_t4 4355
---------------------------------------------------------------------

freesurfer imgreg_4dfp.c
/opt/freesurfer/average/711-2C_as_mni_average_305.4dfp.img
       256       256       256         1
  1.000000  1.000000  1.000000
orientation T byte_order littleendian
Reading image: /opt/freesurfer/average/711-2C_as_mni_average_305.4dfp.img
dimensions:      256       256       256
mmppix:       1.0000   -1.0000   -1.0000
center:     128.0000 -129.0000 -129.0000
/opt/freesurfer/average/711-2B_as_mni_average_305_mask.4dfp.img
       256       256       256         1
  1.000000  1.000000  1.000000
orientation T byte_order littleendian
Reading mask: /opt/freesurfer/average/711-2B_as_mni_average_305_mask.4dfp.img (2306576 pixels)
talsrcimg_g11.4dfp.img
       256       256       256         1
  1.000000  1.000000  1.000000
orientation T byte_order littleendian
Reading image: talsrcimg_g11.4dfp.img
dimensions:      256       256       256
mmppix:       1.0000   -1.0000   -1.0000
center:     128.0000 -129.0000 -129.0000
rotation matrix determinant  1.000000
image alignment mode   4355 decimal     1103 hex
   -7.5000  -37.5000  -45.0000 2292.5459   11.7620
    0.0000  -37.5000  -45.0000 2304.4209   11.7249
    7.5000  -37.5000  -45.0000 2285.3228   11.7913
   -7.5000  -30.0000  -45.0000 2313.2576   11.8370
    0.0000  -30.0000  -45.0000 2323.6387   11.7943
    7.5000  -30.0000  -45.0000 2298.9722   11.8893
   -7.5000  -22.5000  -45.0000 2336.3347   11.9339
    0.0000  -22.5000  -45.0000 2339.2776   11.9256
    7.5000  -22.5000  -45.0000 2316.2842   12.0554
   -7.5000  -15.0000  -45.0000 2342.7688   12.0170
    0.0000  -15.0000  -45.0000 2347.9424   11.9910
    7.5000  -15.0000  -45.0000 2329.8782   12.1616
   -7.5000   -7.5000  -45.0000 2352.7979   12.0981
    0.0000   -7.5000  -45.0000 2358.5078   12.0512
    7.5000   -7.5000  -45.0000 2336.6753   12.2426
   -7.5000    0.0000  -45.0000 2359.6191   12.1509
    0.0000    0.0000  -45.0000 2365.4585   12.1139
    7.5000    0.0000  -45.0000 2343.4709   12.3165
   -7.5000    7.5000  -45.0000 2362.5535   12.1407
    0.0000    7.5000  -45.0000 2363.4189   12.0935
    7.5000    7.5000  -45.0000 2342.6235   12.3549
   -7.5000   15.0000  -45.0000 2359.4426   12.0762
    0.0000   15.0000  -45.0000 2355.5454   12.0922
    7.5000   15.0000  -45.0000 2337.2075   12.3535
   -7.5000   22.5000  -45.0000 2362.2039   12.2118
    0.0000   22.5000  -45.0000 2357.3169   12.2388
    7.5000   22.5000  -45.0000 2330.7871   12.5087
   -7.5000   30.0000  -45.0000 2347.0427   12.4738
    0.0000   30.0000  -45.0000 2347.2908   12.5436
    7.5000   30.0000  -45.0000 2310.3872   12.8163
   -7.5000   37.5000  -45.0000 2316.3623   12.9102
    0.0000   37.5000  -45.0000 2322.3279   13.0105
    7.5000   37.5000  -45.0000 2277.0051   13.2822
   -7.5000   45.0000  -45.0000 2263.6594   13.4869
    0.0000   45.0000  -45.0000 2267.4460   13.6073
    7.5000   45.0000  -45.0000 2220.2400   13.8488
   -7.5000   52.5000  -45.0000 2181.3252   14.2815
    0.0000   52.5000  -45.0000 2175.0322   14.4085
    7.5000   52.5000  -45.0000 2133.3750   14.6378
   -7.5000  -37.5000  -37.5000 2382.1365   10.9508
    0.0000  -37.5000  -37.5000 2392.5850   10.8925
    7.5000  -37.5000  -37.5000 2367.5447   11.0063
   -7.5000  -30.0000  -37.5000 2404.3513   11.0422
    0.0000  -30.0000  -37.5000 2413.6199   10.9845
    7.5000  -30.0000  -37.5000 2384.2202   11.0969
   -7.5000  -22.5000  -37.5000 2425.4929   11.0903
    0.0000  -22.5000  -37.5000 2430.8430   11.0552
    7.5000  -22.5000  -37.5000 2404.3545   11.2230
   -7.5000  -15.0000  -37.5000 2431.3257   11.1559
    0.0000  -15.0000  -37.5000 2430.5647   11.1317
    7.5000  -15.0000  -37.5000 2415.3545   11.3398
   -7.5000   -7.5000  -37.5000 2445.8074   11.2365
    0.0000   -7.5000  -37.5000 2443.0981   11.2156
    7.5000   -7.5000  -37.5000 2426.5007   11.4074
   -7.5000    0.0000  -37.5000 2458.2434   11.2818
    0.0000    0.0000  -37.5000 2460.5171   11.2717
    7.5000    0.0000  -37.5000 2441.7317   11.4408
   -7.5000    7.5000  -37.5000 2461.5146   11.3169
    0.0000    7.5000  -37.5000 2463.9663   11.2912
    7.5000    7.5000  -37.5000 2442.7095   11.4853
   -7.5000   15.0000  -37.5000 2453.9448   11.3029
    0.0000   15.0000  -37.5000 2453.5652   11.3316
    7.5000   15.0000  -37.5000 2427.6782   11.5219
   -7.5000   22.5000  -37.5000 2455.3718   11.4382
    0.0000   22.5000  -37.5000 2452.7371   11.4677
    7.5000   22.5000  -37.5000 2423.4351   11.7134
   -7.5000   30.0000  -37.5000 2435.3123   11.7088
    0.0000   30.0000  -37.5000 2437.3159   11.7575
    7.5000   30.0000  -37.5000 2401.3044   12.0274
   -7.5000   37.5000  -37.5000 2405.2422   12.1098
    0.0000   37.5000  -37.5000 2405.8484   12.1582
    7.5000   37.5000  -37.5000 2371.8833   12.4485
   -7.5000   45.0000  -37.5000 2350.7136   12.6203
    0.0000   45.0000  -37.5000 2345.4890   12.6762
    7.5000   45.0000  -37.5000 2313.0479   12.9856
   -7.5000   52.5000  -37.5000 2258.9722   13.3387
    0.0000   52.5000  -37.5000 2253.7190   13.3933
    7.5000   52.5000  -37.5000 2228.5574   13.6867
   -7.5000  -37.5000  -30.0000 2502.0989   10.6208
    0.0000  -37.5000  -30.0000 2514.6624   10.5610
    7.5000  -37.5000  -30.0000 2486.3569   10.6980
   -7.5000  -30.0000  -30.0000 2526.6042   10.7053
    0.0000  -30.0000  -30.0000 2536.7495   10.6078
    7.5000  -30.0000  -30.0000 2504.6338   10.7599
   -7.5000  -22.5000  -30.0000 2538.8621   10.7112
    0.0000  -22.5000  -30.0000 2547.2527   10.6482
    7.5000  -22.5000  -30.0000 2522.7158   10.8231
   -7.5000  -15.0000  -30.0000 2544.3347   10.7656
    0.0000  -15.0000  -30.0000 2549.8032   10.7228
    7.5000  -15.0000  -30.0000 2535.2388   10.9011
   -7.5000   -7.5000  -30.0000 2557.5815   10.8158
    0.0000   -7.5000  -30.0000 2564.9189   10.7891
    7.5000   -7.5000  -30.0000 2547.6309   10.9679
   -7.5000    0.0000  -30.0000 2576.2971   10.9068
    0.0000    0.0000  -30.0000 2582.7817   10.8916
    7.5000    0.0000  -30.0000 2562.1250   11.0678
   -7.5000    7.5000  -30.0000 2586.1658   11.0194
    0.0000    7.5000  -30.0000 2594.0032   10.9956
    7.5000    7.5000  -30.0000 2566.1211   11.1379
   -7.5000   15.0000  -30.0000 2581.5857   11.0288
    0.0000   15.0000  -30.0000 2585.7485   11.0445
    7.5000   15.0000  -30.0000 2552.0605   11.1901
   -7.5000   22.5000  -30.0000 2580.7385   11.1357
    0.0000   22.5000  -30.0000 2587.8433   11.1647
    7.5000   22.5000  -30.0000 2552.6716   11.3997
   -7.5000   30.0000  -30.0000 2557.1326   11.4209
    0.0000   30.0000  -30.0000 2564.8992   11.4434
    7.5000   30.0000  -30.0000 2530.2610   11.7069
   -7.5000   37.5000  -30.0000 2524.1848   11.7924
    0.0000   37.5000  -30.0000 2519.0293   11.8110
    7.5000   37.5000  -30.0000 2494.7798   12.0922
   -7.5000   45.0000  -30.0000 2460.6101   12.2911
    0.0000   45.0000  -30.0000 2453.2822   12.3060
    7.5000   45.0000  -30.0000 2434.5586   12.5956
   -7.5000   52.5000  -30.0000 2369.2234   13.0086
    0.0000   52.5000  -30.0000 2363.0964   13.0201
    7.5000   52.5000  -30.0000 2344.6721   13.3197
   -7.5000  -37.5000  -22.5000 2580.7314   10.2820
    0.0000  -37.5000  -22.5000 2591.7974   10.2112
    7.5000  -37.5000  -22.5000 2572.8884   10.3233
   -7.5000  -30.0000  -22.5000 2603.3486   10.3053
    0.0000  -30.0000  -22.5000 2614.0823   10.2243
    7.5000  -30.0000  -22.5000 2589.0500   10.3501
   -7.5000  -22.5000  -22.5000 2612.9268   10.2629
    0.0000  -22.5000  -22.5000 2626.4924   10.2048
    7.5000  -22.5000  -22.5000 2607.4434   10.3654
   -7.5000  -15.0000  -22.5000 2623.2419   10.3064
    0.0000  -15.0000  -22.5000 2636.2720   10.2865
    7.5000  -15.0000  -22.5000 2617.5488   10.4407
   -7.5000   -7.5000  -22.5000 2640.6436   10.3806
    0.0000   -7.5000  -22.5000 2651.9451   10.3968
    7.5000   -7.5000  -22.5000 2632.1414   10.5329
   -7.5000    0.0000  -22.5000 2664.1643   10.5714
    0.0000    0.0000  -22.5000 2675.0615   10.5829
    7.5000    0.0000  -22.5000 2644.4563   10.7125
   -7.5000    7.5000  -22.5000 2684.7708   10.7486
    0.0000    7.5000  -22.5000 2695.8713   10.7651
    7.5000    7.5000  -22.5000 2652.5806   10.8413
   -7.5000   15.0000  -22.5000 2679.5581   10.7677
    0.0000   15.0000  -22.5000 2684.6125   10.7834
    7.5000   15.0000  -22.5000 2638.3345   10.9070
   -7.5000   22.5000  -22.5000 2670.6528   10.7989
    0.0000   22.5000  -22.5000 2673.4216   10.8151
    7.5000   22.5000  -22.5000 2634.5842   11.0417
   -7.5000   30.0000  -22.5000 2637.4426   11.0240
    0.0000   30.0000  -22.5000 2643.6077   11.0277
    7.5000   30.0000  -22.5000 2608.2695   11.2736
   -7.5000   37.5000  -22.5000 2600.0271   11.3731
    0.0000   37.5000  -22.5000 2597.5857   11.3763
    7.5000   37.5000  -22.5000 2571.3247   11.6542
   -7.5000   45.0000  -22.5000 2542.0078   11.9469
    0.0000   45.0000  -22.5000 2535.9441   11.9126
    7.5000   45.0000  -22.5000 2513.1296   12.2550
   -7.5000   52.5000  -22.5000 2454.6292   12.7180
    0.0000   52.5000  -22.5000 2450.3215   12.6891
    7.5000   52.5000  -22.5000 2424.2473   13.0233
   -7.5000  -37.5000  -15.0000 2612.2666    9.9433
    0.0000  -37.5000  -15.0000 2638.3789    9.8708
    7.5000  -37.5000  -15.0000 2615.8420    9.9970
   -7.5000  -30.0000  -15.0000 2629.4019    9.9089
    0.0000  -30.0000  -15.0000 2647.4585    9.8432
    7.5000  -30.0000  -15.0000 2625.5024   10.0063
   -7.5000  -22.5000  -15.0000 2645.5898    9.8783
    0.0000  -22.5000  -15.0000 2659.3372    9.8143
    7.5000  -22.5000  -15.0000 2649.0750   10.0169
   -7.5000  -15.0000  -15.0000 2657.7690    9.9272
    0.0000  -15.0000  -15.0000 2668.4084    9.8838
    7.5000  -15.0000  -15.0000 2656.6157   10.0864
   -7.5000   -7.5000  -15.0000 2685.0681   10.0578
    0.0000   -7.5000  -15.0000 2694.0498   10.0477
    7.5000   -7.5000  -15.0000 2678.0430   10.2048
   -7.5000    0.0000  -15.0000 2711.5725   10.3064
    0.0000    0.0000  -15.0000 2720.9373   10.3215
    7.5000    0.0000  -15.0000 2694.4285   10.4416
   -7.5000    7.5000  -15.0000 2741.4900   10.5753
    0.0000    7.5000  -15.0000 2758.5088   10.6342
    7.5000    7.5000  -15.0000 2711.4001   10.6333
   -7.5000   15.0000  -15.0000 2736.3640   10.5683
    0.0000   15.0000  -15.0000 2751.2935   10.6402
    7.5000   15.0000  -15.0000 2686.9871   10.6692
   -7.5000   22.5000  -15.0000 2706.4602   10.4354
    0.0000   22.5000  -15.0000 2712.8394   10.4789
    7.5000   22.5000  -15.0000 2666.9377   10.7198
   -7.5000   30.0000  -15.0000 2664.9514   10.5928
    0.0000   30.0000  -15.0000 2666.9280   10.5800
    7.5000   30.0000  -15.0000 2633.8142   10.9360
   -7.5000   37.5000  -15.0000 2634.3921   11.0609
    0.0000   37.5000  -15.0000 2637.3152   11.0023
    7.5000   37.5000  -15.0000 2601.2502   11.3942
   -7.5000   45.0000  -15.0000 2577.7344   11.7246
    0.0000   45.0000  -15.0000 2581.0137   11.6675
    7.5000   45.0000  -15.0000 2550.7642   12.0031
   -7.5000   52.5000  -15.0000 2493.0681   12.5182
    0.0000   52.5000  -15.0000 2488.9036   12.4485
    7.5000   52.5000  -15.0000 2461.4446   12.7809
   -7.5000  -37.5000   -7.5000 2636.8662    9.6979
    0.0000  -37.5000   -7.5000 2653.8367    9.6013
    7.5000  -37.5000   -7.5000 2644.1846    9.8046
   -7.5000  -30.0000   -7.5000 2641.3311    9.6203
    0.0000  -30.0000   -7.5000 2653.3245    9.5358
    7.5000  -30.0000   -7.5000 2649.0486    9.7681
   -7.5000  -22.5000   -7.5000 2658.8855    9.5897
    0.0000  -22.5000   -7.5000 2667.3628    9.5513
    7.5000  -22.5000   -7.5000 2662.1267    9.7469
   -7.5000  -15.0000   -7.5000 2673.1067    9.6437
    0.0000  -15.0000   -7.5000 2681.8291    9.6354
    7.5000  -15.0000   -7.5000 2670.0535    9.8157
   -7.5000   -7.5000   -7.5000 2704.2986    9.8335
    0.0000   -7.5000   -7.5000 2711.8071    9.8340
    7.5000   -7.5000   -7.5000 2695.0662    9.9909
   -7.5000    0.0000   -7.5000 2743.2283   10.1479
    0.0000    0.0000   -7.5000 2754.2727   10.2033
    7.5000    0.0000   -7.5000 2723.9363   10.2774
   -7.5000    7.5000   -7.5000 2775.4646   10.4712
    0.0000    7.5000   -7.5000 2803.4841   10.5752
    7.5000    7.5000   -7.5000 2746.7332   10.5176
   -7.5000   15.0000   -7.5000 2771.7112   10.5200
    0.0000   15.0000   -7.5000 2809.7520   10.6723
    7.5000   15.0000   -7.5000 2722.2190   10.6002
   -7.5000   22.5000   -7.5000 2720.8110   10.2826
    0.0000   22.5000   -7.5000 2738.3079   10.3833
    7.5000   22.5000   -7.5000 2686.3210   10.6007
   -7.5000   30.0000   -7.5000 2690.5493   10.4186
    0.0000   30.0000   -7.5000 2691.9294   10.4409
    7.5000   30.0000   -7.5000 2652.1216   10.7873
   -7.5000   37.5000   -7.5000 2656.6594   10.9532
    0.0000   37.5000   -7.5000 2666.0239   10.9313
    7.5000   37.5000   -7.5000 2620.9146   11.2183
   -7.5000   45.0000   -7.5000 2596.0598   11.7030
    0.0000   45.0000   -7.5000 2596.0686   11.6506
    7.5000   45.0000   -7.5000 2562.9819   11.8585
   -7.5000   52.5000   -7.5000 2506.3569   12.5595
    0.0000   52.5000   -7.5000 2498.3777   12.4756
    7.5000   52.5000   -7.5000 2466.3513   12.6489
   -7.5000  -37.5000    0.0000 2643.7944    9.5672
    0.0000  -37.5000    0.0000 2650.3167    9.4558
    7.5000  -37.5000    0.0000 2640.3059    9.7133
   -7.5000  -30.0000    0.0000 2646.6902    9.5069
    0.0000  -30.0000    0.0000 2645.8457    9.4255
    7.5000  -30.0000    0.0000 2643.1633    9.6960
   -7.5000  -22.5000    0.0000 2661.8738    9.5163
    0.0000  -22.5000    0.0000 2661.6682    9.4788
    7.5000  -22.5000    0.0000 2658.4753    9.7178
   -7.5000  -15.0000    0.0000 2673.9495    9.6178
    0.0000  -15.0000    0.0000 2670.0181    9.5909
    7.5000  -15.0000    0.0000 2663.0422    9.8072
   -7.5000   -7.5000    0.0000 2707.9985    9.8423
    0.0000   -7.5000    0.0000 2706.5588    9.8683
    7.5000   -7.5000    0.0000 2694.3552   10.0641
   -7.5000    0.0000    0.0000 2751.8838   10.2370
    0.0000    0.0000    0.0000 2759.6338   10.3364
    7.5000    0.0000    0.0000 2730.9656   10.3912
   -7.5000    7.5000    0.0000 2797.4656   10.6978
    0.0000    7.5000    0.0000 2822.2231   10.8819
    7.5000    7.5000    0.0000 2761.8171   10.7367
   -7.5000   15.0000    0.0000 2803.2131   10.8081
    0.0000   15.0000    0.0000 2839.8230   11.0112
    7.5000   15.0000    0.0000 2735.1072   10.8403
   -7.5000   22.5000    0.0000 2758.6218   10.7113
    0.0000   22.5000    0.0000 2782.9922   10.8333
    7.5000   22.5000    0.0000 2701.6721   10.8745
   -7.5000   30.0000    0.0000 2711.8193   10.7783
    0.0000   30.0000    0.0000 2720.7979   10.8468
    7.5000   30.0000    0.0000 2661.3108   10.9847
   -7.5000   37.5000    0.0000 2661.7864   11.1520
    0.0000   37.5000    0.0000 2672.2000   11.1582
    7.5000   37.5000    0.0000 2621.2319   11.3221
   -7.5000   45.0000    0.0000 2586.6941   11.8270
    0.0000   45.0000    0.0000 2586.5876   11.8027
    7.5000   45.0000    0.0000 2551.4624   11.9681
   -7.5000   52.5000    0.0000 2494.4221   12.6611
    0.0000   52.5000    0.0000 2479.7393   12.6167
    7.5000   52.5000    0.0000 2453.2073   12.7598
   -7.5000  -37.5000    7.5000 2643.4109    9.6856
    0.0000  -37.5000    7.5000 2642.5215    9.5574
    7.5000  -37.5000    7.5000 2626.8628    9.8744
   -7.5000  -30.0000    7.5000 2645.4089    9.6526
    0.0000  -30.0000    7.5000 2641.1545    9.5670
    7.5000  -30.0000    7.5000 2637.2168    9.8817
   -7.5000  -22.5000    7.5000 2656.8687    9.7033
    0.0000  -22.5000    7.5000 2652.1011    9.6636
    7.5000  -22.5000    7.5000 2646.1174    9.9527
   -7.5000  -15.0000    7.5000 2675.6262    9.8705
    0.0000  -15.0000    7.5000 2673.0610    9.8989
    7.5000  -15.0000    7.5000 2660.3694   10.1107
   -7.5000   -7.5000    7.5000 2710.2966   10.1901
    0.0000   -7.5000    7.5000 2710.0332   10.2787
    7.5000   -7.5000    7.5000 2684.0586   10.4002
   -7.5000    0.0000    7.5000 2755.8640   10.6378
    0.0000    0.0000    7.5000 2760.2810   10.7542
    7.5000    0.0000    7.5000 2718.3096   10.7846
   -7.5000    7.5000    7.5000 2799.0803   11.0782
    0.0000    7.5000    7.5000 2817.4341   11.2440
    7.5000    7.5000    7.5000 2745.0264   11.1490
   -7.5000   15.0000    7.5000 2787.2590   11.1813
    0.0000   15.0000    7.5000 2801.3120   11.2834
    7.5000   15.0000    7.5000 2723.8904   11.3104
   -7.5000   22.5000    7.5000 2751.0828   11.1654
    0.0000   22.5000    7.5000 2758.4373   11.2204
    7.5000   22.5000    7.5000 2694.9980   11.3830
   -7.5000   30.0000    7.5000 2696.3960   11.3556
    0.0000   30.0000    7.5000 2698.9675   11.4142
    7.5000   30.0000    7.5000 2650.0637   11.5903
   -7.5000   37.5000    7.5000 2631.4766   11.7378
    0.0000   37.5000    7.5000 2633.9673   11.7759
    7.5000   37.5000    7.5000 2589.5186   11.9308
   -7.5000   45.0000    7.5000 2556.8333   12.3205
    0.0000   45.0000    7.5000 2555.9382   12.3110
    7.5000   45.0000    7.5000 2513.9446   12.4936
   -7.5000   52.5000    7.5000 2460.3303   13.0757
    0.0000   52.5000    7.5000 2449.9792   13.0431
    7.5000   52.5000    7.5000 2411.3389   13.2010
   -7.5000  -37.5000   15.0000 2624.7258   10.0512
    0.0000  -37.5000   15.0000 2633.8391    9.9652
    7.5000  -37.5000   15.0000 2609.7878   10.2928
   -7.5000  -30.0000   15.0000 2632.8364   10.0793
    0.0000  -30.0000   15.0000 2638.6541   10.0498
    7.5000  -30.0000   15.0000 2625.2087   10.3528
   -7.5000  -22.5000   15.0000 2648.8406   10.2061
    0.0000  -22.5000   15.0000 2646.9617   10.1939
    7.5000  -22.5000   15.0000 2636.3843   10.4656
   -7.5000  -15.0000   15.0000 2666.9663   10.3963
    0.0000  -15.0000   15.0000 2665.3928   10.4285
    7.5000  -15.0000   15.0000 2649.1123   10.6784
   -7.5000   -7.5000   15.0000 2694.5933   10.7227
    0.0000   -7.5000   15.0000 2692.6814   10.7723
    7.5000   -7.5000   15.0000 2668.7388   10.9572
   -7.5000    0.0000   15.0000 2722.9790   11.0931
    0.0000    0.0000   15.0000 2723.7039   11.1467
    7.5000    0.0000   15.0000 2691.9360   11.2832
   -7.5000    7.5000   15.0000 2746.1577   11.3991
    0.0000    7.5000   15.0000 2751.0569   11.4499
    7.5000    7.5000   15.0000 2709.9084   11.5874
   -7.5000   15.0000   15.0000 2720.2424   11.4539
    0.0000   15.0000   15.0000 2723.0103   11.4442
    7.5000   15.0000   15.0000 2681.0413   11.7137
   -7.5000   22.5000   15.0000 2692.7090   11.5839
    0.0000   22.5000   15.0000 2690.4167   11.5636
    7.5000   22.5000   15.0000 2659.2661   11.9063
   -7.5000   30.0000   15.0000 2632.4058   11.9122
    0.0000   30.0000   15.0000 2634.7419   11.8888
    7.5000   30.0000   15.0000 2605.1855   12.2335
   -7.5000   37.5000   15.0000 2565.5239   12.4186
    0.0000   37.5000   15.0000 2567.6216   12.3909
    7.5000   37.5000   15.0000 2537.8977   12.6820
   -7.5000   45.0000   15.0000 2494.9250   13.0829
    0.0000   45.0000   15.0000 2496.3562   13.0266
    7.5000   45.0000   15.0000 2456.2559   13.2976
   -7.5000   52.5000   15.0000 2408.4946   13.8661
    0.0000   52.5000   15.0000 2403.4661   13.8422
    7.5000   52.5000   15.0000 2362.8750   14.0437
   -7.5000  -37.5000   22.5000 2609.5557   10.6700
    0.0000  -37.5000   22.5000 2622.4529   10.6138
    7.5000  -37.5000   22.5000 2602.4639   10.9565
   -7.5000  -30.0000   22.5000 2618.0571   10.6965
    0.0000  -30.0000   22.5000 2623.6826   10.6508
    7.5000  -30.0000   22.5000 2611.5422   11.0110
   -7.5000  -22.5000   22.5000 2623.6934   10.7553
    0.0000  -22.5000   22.5000 2622.2905   10.7253
    7.5000  -22.5000   22.5000 2616.2617   11.0524
   -7.5000  -15.0000   22.5000 2635.7507   10.9239
    0.0000  -15.0000   22.5000 2630.3083   10.9078
    7.5000  -15.0000   22.5000 2621.8767   11.2400
   -7.5000   -7.5000   22.5000 2656.5938   11.2013
    0.0000   -7.5000   22.5000 2647.4136   11.1596
    7.5000   -7.5000   22.5000 2636.8401   11.4820
   -7.5000    0.0000   22.5000 2676.0171   11.5425
    0.0000    0.0000   22.5000 2666.4587   11.5085
    7.5000    0.0000   22.5000 2651.2620   11.7931
   -7.5000    7.5000   22.5000 2683.5039   11.7706
    0.0000    7.5000   22.5000 2677.6553   11.7261
    7.5000    7.5000   22.5000 2655.4785   12.0097
   -7.5000   15.0000   22.5000 2649.7683   11.8603
    0.0000   15.0000   22.5000 2643.1362   11.8071
    7.5000   15.0000   22.5000 2625.3643   12.1658
   -7.5000   22.5000   22.5000 2619.3447   12.1310
    0.0000   22.5000   22.5000 2616.4880   12.0607
    7.5000   22.5000   22.5000 2597.7209   12.4432
   -7.5000   30.0000   22.5000 2560.9893   12.5629
    0.0000   30.0000   22.5000 2568.2986   12.4805
    7.5000   30.0000   22.5000 2547.1460   12.8758
   -7.5000   37.5000   22.5000 2504.1882   13.1482
    0.0000   37.5000   22.5000 2503.8303   13.0491
    7.5000   37.5000   22.5000 2481.9365   13.4067
   -7.5000   45.0000   22.5000 2434.5593   13.8746
    0.0000   45.0000   22.5000 2436.0176   13.7626
    7.5000   45.0000   22.5000 2400.7271   14.0963
   -7.5000   52.5000   22.5000 2341.0002   14.6913
    0.0000   52.5000   22.5000 2341.7913   14.6154
    7.5000   52.5000   22.5000 2303.2810   14.8854
   -7.5000  -37.5000   30.0000 2565.9243   11.3525
    0.0000  -37.5000   30.0000 2583.8064   11.2685
    7.5000  -37.5000   30.0000 2568.6335   11.6044
   -7.5000  -30.0000   30.0000 2570.0627   11.3402
    0.0000  -30.0000   30.0000 2581.0129   11.2452
    7.5000  -30.0000   30.0000 2568.1550   11.6307
   -7.5000  -22.5000   30.0000 2572.7490   11.3661
    0.0000  -22.5000   30.0000 2575.7246   11.2773
    7.5000  -22.5000   30.0000 2567.5906   11.6468
   -7.5000  -15.0000   30.0000 2585.4688   11.5052
    0.0000  -15.0000   30.0000 2582.7317   11.4250
    7.5000  -15.0000   30.0000 2568.4043   11.8056
   -7.5000   -7.5000   30.0000 2597.2009   11.7342
    0.0000   -7.5000   30.0000 2593.7849   11.6722
    7.5000   -7.5000   30.0000 2576.1084   12.0350
   -7.5000    0.0000   30.0000 2596.6875   12.0109
    0.0000    0.0000   30.0000 2596.3003   11.9537
    7.5000    0.0000   30.0000 2574.8855   12.3348
   -7.5000    7.5000   30.0000 2591.1423   12.2722
    0.0000    7.5000   30.0000 2588.9810   12.1686
    7.5000    7.5000   30.0000 2571.7307   12.5566
   -7.5000   15.0000   30.0000 2556.6389   12.4152
    0.0000   15.0000   30.0000 2555.1460   12.3666
    7.5000   15.0000   30.0000 2541.8418   12.7381
   -7.5000   22.5000   30.0000 2535.9351   12.8011
    0.0000   22.5000   30.0000 2530.8428   12.6992
    7.5000   22.5000   30.0000 2521.6472   13.0817
   -7.5000   30.0000   30.0000 2481.9661   13.3029
    0.0000   30.0000   30.0000 2487.0874   13.1936
    7.5000   30.0000   30.0000 2471.4180   13.5766
   -7.5000   37.5000   30.0000 2429.6274   13.9661
    0.0000   37.5000   30.0000 2431.8413   13.8444
    7.5000   37.5000   30.0000 2413.2446   14.2141
   -7.5000   45.0000   30.0000 2362.1338   14.6748
    0.0000   45.0000   30.0000 2372.6902   14.5697
    7.5000   45.0000   30.0000 2334.4756   14.9227
   -7.5000   52.5000   30.0000 2270.1140   15.5090
    0.0000   52.5000   30.0000 2280.6245   15.4252
    7.5000   52.5000   30.0000 2237.4094   15.7373
   -7.5000  -37.5000   37.5000 2514.6567   12.0663
    0.0000  -37.5000   37.5000 2531.5996   11.9512
    7.5000  -37.5000   37.5000 2516.5566   12.2700
   -7.5000  -30.0000   37.5000 2524.3154   12.0194
    0.0000  -30.0000   37.5000 2537.2644   11.9065
    7.5000  -30.0000   37.5000 2519.5889   12.2606
   -7.5000  -22.5000   37.5000 2523.8262   12.0295
    0.0000  -22.5000   37.5000 2527.8035   11.9318
    7.5000  -22.5000   37.5000 2512.2078   12.2906
   -7.5000  -15.0000   37.5000 2521.9905   12.1425
    0.0000  -15.0000   37.5000 2525.7378   12.0631
    7.5000  -15.0000   37.5000 2506.0540   12.4194
   -7.5000   -7.5000   37.5000 2527.0825   12.4221
    0.0000   -7.5000   37.5000 2526.6028   12.3158
    7.5000   -7.5000   37.5000 2509.8657   12.6752
   -7.5000    0.0000   37.5000 2519.9438   12.6706
    0.0000    0.0000   37.5000 2517.6357   12.5960
    7.5000    0.0000   37.5000 2500.0503   12.9339
   -7.5000    7.5000   37.5000 2508.1619   12.8824
    0.0000    7.5000   37.5000 2503.4473   12.8397
    7.5000    7.5000   37.5000 2484.0764   13.1896
   -7.5000   15.0000   37.5000 2475.2231   13.1273
    0.0000   15.0000   37.5000 2471.2249   13.1146
    7.5000   15.0000   37.5000 2452.1362   13.4109
   -7.5000   22.5000   37.5000 2450.0537   13.6298
    0.0000   22.5000   37.5000 2442.6047   13.5539
    7.5000   22.5000   37.5000 2429.8369   13.8748
   -7.5000   30.0000   37.5000 2402.1660   14.2309
    0.0000   30.0000   37.5000 2407.8484   14.1487
    7.5000   30.0000   37.5000 2382.8169   14.4867
   -7.5000   37.5000   37.5000 2356.8721   14.9642
    0.0000   37.5000   37.5000 2358.9670   14.8745
    7.5000   37.5000   37.5000 2332.6479   15.1834
   -7.5000   45.0000   37.5000 2294.5376   15.6586
    0.0000   45.0000   37.5000 2299.0278   15.5823
    7.5000   45.0000   37.5000 2264.6145   15.9374
   -7.5000   52.5000   37.5000 2194.8469   16.5339
    0.0000   52.5000   37.5000 2203.2788   16.4409
    7.5000   52.5000   37.5000 2165.3916   16.7628
   -7.5000  -37.5000   45.0000 2454.2698   12.8727
    0.0000  -37.5000   45.0000 2468.7815   12.7833
    7.5000  -37.5000   45.0000 2449.8083   13.0857
   -7.5000  -30.0000   45.0000 2456.3821   12.7951
    0.0000  -30.0000   45.0000 2467.0242   12.7078
    7.5000  -30.0000   45.0000 2446.9993   13.0191
   -7.5000  -22.5000   45.0000 2455.5779   12.8054
    0.0000  -22.5000   45.0000 2459.3423   12.7230
    7.5000  -22.5000   45.0000 2439.9600   13.0318
   -7.5000  -15.0000   45.0000 2452.5942   12.9708
    0.0000  -15.0000   45.0000 2455.8196   12.8803
    7.5000  -15.0000   45.0000 2436.2722   13.2023
   -7.5000   -7.5000   45.0000 2449.2581   13.2400
    0.0000   -7.5000   45.0000 2451.1355   13.1624
    7.5000   -7.5000   45.0000 2429.9260   13.4771
   -7.5000    0.0000   45.0000 2433.0544   13.5061
    0.0000    0.0000   45.0000 2431.8755   13.4336
    7.5000    0.0000   45.0000 2411.5940   13.7607
   -7.5000    7.5000   45.0000 2412.2922   13.7786
    0.0000    7.5000   45.0000 2413.3865   13.7443
    7.5000    7.5000   45.0000 2392.4797   14.0410
   -7.5000   15.0000   45.0000 2381.1206   14.0618
    0.0000   15.0000   45.0000 2379.9146   14.0753
    7.5000   15.0000   45.0000 2360.4836   14.3726
   -7.5000   22.5000   45.0000 2344.6682   14.6884
    0.0000   22.5000   45.0000 2344.6880   14.6387
    7.5000   22.5000   45.0000 2324.2463   14.9419
   -7.5000   30.0000   45.0000 2303.1721   15.3822
    0.0000   30.0000   45.0000 2306.8689   15.3467
    7.5000   30.0000   45.0000 2281.4421   15.6373
   -7.5000   37.5000   45.0000 2254.6609   16.1458
    0.0000   37.5000   45.0000 2261.1250   16.1223
    7.5000   37.5000   45.0000 2226.7476   16.3573
   -7.5000   45.0000   45.0000 2201.3940   16.9050
    0.0000   45.0000   45.0000 2205.4922   16.9027
    7.5000   45.0000   45.0000 2166.9446   17.1851
   -7.5000   52.5000   45.0000 2104.9001   17.7692
    0.0000   52.5000   45.0000 2107.6438   17.7750
    7.5000   52.5000   45.0000 2073.0229   18.0874

---------------------------------------------------------------------
imgreg_4dfp /opt/freesurfer/average/711-2C_as_mni_average_305 /opt/freesurfer/average/711-2B_as_mni_average_305_mask talsrcimg_g11 none talsrcimg_to_711-2C_as_mni_average_305_t4 1283
---------------------------------------------------------------------

freesurfer imgreg_4dfp.c
/opt/freesurfer/average/711-2C_as_mni_average_305.4dfp.img
       256       256       256         1
  1.000000  1.000000  1.000000
orientation T byte_order littleendian
Reading image: /opt/freesurfer/average/711-2C_as_mni_average_305.4dfp.img
dimensions:      256       256       256
mmppix:       1.0000   -1.0000   -1.0000
center:     128.0000 -129.0000 -129.0000
/opt/freesurfer/average/711-2B_as_mni_average_305_mask.4dfp.img
       256       256       256         1
  1.000000  1.000000  1.000000
orientation T byte_order littleendian
Reading mask: /opt/freesurfer/average/711-2B_as_mni_average_305_mask.4dfp.img (2306576 pixels)
talsrcimg_g11.4dfp.img
       256       256       256         1
  1.000000  1.000000  1.000000
orientation T byte_order littleendian
Reading image: talsrcimg_g11.4dfp.img
dimensions:      256       256       256
mmppix:       1.0000   -1.0000   -1.0000
center:     128.0000 -129.0000 -129.0000
rotation matrix determinant  1.000000
fimgreg.f
image alignment mode   1283 decimal      503 hex
parameters
    0.0000   15.0000    0.0000    0.0000    0.0000    0.0000
eta,q 0.89146 11.18039
niter,ni,del,rscale     5    3   12.0000    1.2000
parameters
   -1.9496   13.1954    0.2522   -2.5248   -0.1784    0.3084
eta,q 0.90670 11.23844
  0.1104  0.1027  0.1109  0.0943  0.1042  0.0985
  0.1023  0.0976  0.1037  0.0939  0.0993  0.0942
  0.0953  0.0938  0.0964  0.0930  0.0955  0.0925
  0.0987  0.0951  0.0933  0.0931  0.0932  0.0932
  0.1125  0.1024  0.0975  0.0959  0.0936  0.0942
  0.1247  0.1108  0.1021  0.1014  0.0993  0.0947
  0.1349  0.1197  0.1077  0.1063  0.1071  0.0962
niter,ni,del,rscale     4    3   12.0000    1.2000
parameters
   -2.1696   13.3851    0.4069   -3.1342    0.1462    0.1606
eta,q 0.90666 11.24236
  0.1152  0.1079  0.1071  0.0973  0.1055  0.0973
  0.1062  0.1018  0.1004  0.0946  0.1010  0.0939
  0.0987  0.0973  0.0941  0.0940  0.0970  0.0927
  0.0933  0.0936  0.0933  0.0935  0.0937  0.0934
  0.0970  0.0937  0.0960  0.0936  0.0933  0.0943
  0.1092  0.0997  0.0984  0.0954  0.0977  0.0948
  0.1189  0.1077  0.1057  0.1005  0.1051  0.0968
niter,ni,del,rscale     3    3   12.0000    1.2000
parameters
   -2.3780   13.4423    0.4696   -3.0130    0.4640    0.0677
eta,q 0.90699 11.22735
  0.1157  0.1078  0.1062  0.0983  0.1057  0.0976
  0.1068  0.1011  0.0998  0.0954  0.1012  0.0940
  0.0991  0.0969  0.0941  0.0941  0.0970  0.0925
  0.0933  0.0934  0.0933  0.0934  0.0933  0.0931
  0.0973  0.0938  0.0957  0.0931  0.0931  0.0942
  0.1096  0.1003  0.0983  0.0943  0.0978  0.0949
  0.1193  0.1085  0.1059  0.0988  0.1053  0.0968
niter,ni,del,rscale     2    3   12.0000    1.2000
parameters
   -2.5333   13.3888    0.4952   -2.8625    0.7057    0.0264
eta,q 0.90710 11.21384
  0.1161  0.1075  0.1065  0.0986  0.1056  0.0978
  0.1070  0.1009  0.1001  0.0958  0.1012  0.0942
  0.0990  0.0966  0.0942  0.0944  0.0969  0.0925
  0.0930  0.0932  0.0933  0.0933  0.0932  0.0929
  0.0969  0.0941  0.0957  0.0929  0.0932  0.0941
  0.1092  0.1010  0.0987  0.0943  0.0982  0.0950
  0.1190  0.1091  0.1066  0.0991  0.1058  0.0970
niter,ni,del,rscale     1    3   12.0000    1.2000
parameters
   -2.6466   13.3480    0.5028   -2.7705    0.8852    0.0045
eta,q 0.90714 11.20476
  0.1165  0.1075  0.1068  0.0987  0.1056  0.0980
  0.1072  0.1010  0.1002  0.0959  0.1011  0.0943
  0.0991  0.0966  0.0942  0.0945  0.0968  0.0925
  0.0929  0.0931  0.0931  0.0931  0.0931  0.0929
  0.0968  0.0940  0.0956  0.0928  0.0933  0.0940
  0.1090  0.1009  0.0990  0.0945  0.0985  0.0950
  0.1188  0.1090  0.1070  0.0996  0.1061  0.0971
registration optimization eta report
parameter search radius
    6.0000    6.0000    6.0000    6.0000    6.0000    6.0000
100000*second partial in parameter space
       65.       41.       38.       17.       35.       13.
  0.1165  0.1075  0.1068  0.0987  0.1056  0.0980
  0.1072  0.1010  0.1002  0.0959  0.1011  0.0943
  0.0991  0.0966  0.0942  0.0945  0.0968  0.0925
  0.0929  0.0931  0.0931  0.0931  0.0931  0.0929
  0.0968  0.0940  0.0956  0.0928  0.0933  0.0940
  0.1090  0.1009  0.0990  0.0945  0.0985  0.0950
  0.1188  0.1090  0.1070  0.0996  0.1061  0.0971
   -2.6466   13.3480    0.5028   -2.7705    0.8852    0.0045
eta,q 0.90714 11.20476

---------------------------------------------------------------------
imgreg_4dfp /opt/freesurfer/average/711-2C_as_mni_average_305 /opt/freesurfer/average/711-2B_as_mni_average_305_mask talsrcimg_g11 none talsrcimg_to_711-2C_as_mni_average_305_t4 3335
---------------------------------------------------------------------

freesurfer imgreg_4dfp.c
/opt/freesurfer/average/711-2C_as_mni_average_305.4dfp.img
       256       256       256         1
  1.000000  1.000000  1.000000
orientation T byte_order littleendian
Reading image: /opt/freesurfer/average/711-2C_as_mni_average_305.4dfp.img
dimensions:      256       256       256
mmppix:       1.0000   -1.0000   -1.0000
center:     128.0000 -129.0000 -129.0000
/opt/freesurfer/average/711-2B_as_mni_average_305_mask.4dfp.img
       256       256       256         1
  1.000000  1.000000  1.000000
orientation T byte_order littleendian
Reading mask: /opt/freesurfer/average/711-2B_as_mni_average_305_mask.4dfp.img (2306576 pixels)
talsrcimg_g11.4dfp.img
       256       256       256         1
  1.000000  1.000000  1.000000
orientation T byte_order littleendian
Reading image: talsrcimg_g11.4dfp.img
dimensions:      256       256       256
mmppix:       1.0000   -1.0000   -1.0000
center:     128.0000 -129.0000 -129.0000
fimgreg.f
image alignment mode   3335 decimal      D07 hex
parameters
   -2.6466   13.3480    0.5028   -0.0119   -0.1169   -0.1288
    0.0669   -1.5435    0.0078    4.8335    1.5449   -4.8331
eta,q 0.90091 11.24351
niter,ni,del,rscale     5    3    5.0000    1.2000
parameter  4  1.067592 ->  0.500000 qaram    1.1500
parameter  5  1.136409 ->  0.500000 qaram    1.1500
parameter  6  0.974839 ->  0.500000 qaram    1.1500
parameter 12  0.572502 ->  0.500000 qaram    1.1500
parameters
   -2.5720   14.2982    1.1233   -4.1519   -4.2569   -4.2688
   -0.1357   -0.2656    0.1418    3.2723   -0.2099   -8.9731
eta,q 0.91861 11.38403
  0.1052  0.1035  0.1003  0.0902  0.0850  0.0816  0.0849  0.0890  0.0832  0.0834  0.0824  0.0813
  0.1020  0.1017  0.0996  0.0915  0.0866  0.0817  0.0832  0.0856  0.0825  0.0825  0.0818  0.0814
  0.0999  0.1002  0.0991  0.0939  0.0888  0.0829  0.0822  0.0832  0.0820  0.0818  0.0816  0.0814
  0.0991  0.0991  0.0985  0.0982  0.0921  0.0871  0.0819  0.0819  0.0817  0.0817  0.0817  0.0816
  0.0997  0.0985  0.0982  0.1056  0.0974  0.0934  0.0824  0.0818  0.0819  0.0824  0.0821  0.0821
  0.1016  0.0987  0.0984  0.1144  0.1044  0.0999  0.0835  0.0828  0.0824  0.0840  0.0827  0.0829
  0.1044  0.0998  0.0993  0.1225  0.1112  0.1063  0.0852  0.0855  0.0832  0.0866  0.0836  0.0841
niter,ni,del,rscale     7    3    5.0000    1.2000
parameter  3  3.922446 ->  0.500000 qaram    1.1500
parameter  5  0.524952 ->  0.500000 qaram    1.3225
parameter  6  0.637573 ->  0.500000 qaram    1.3225
parameters
   -2.6031   14.6511   -0.2567   -7.0166   -9.0179   -9.0298
   -0.4379    0.4376   -0.1555    5.4248   -2.1666   -9.5165
eta,q 0.92451 10.89592
  0.0845  0.0834  0.0761  0.0794  0.0767  0.0748  0.0783  0.0797  0.0767  0.0774  0.0759  0.0765
  0.0827  0.0824  0.0775  0.0783  0.0768  0.0755  0.0768  0.0777  0.0761  0.0766  0.0756  0.0758
  0.0817  0.0817  0.0794  0.0778  0.0770  0.0760  0.0760  0.0763  0.0757  0.0761  0.0755  0.0755
  0.0814  0.0814  0.0813  0.0780  0.0778  0.0768  0.0757  0.0757  0.0757  0.0757  0.0756  0.0755
  0.0818  0.0814  0.0834  0.0794  0.0793  0.0791  0.0761  0.0759  0.0759  0.0756  0.0758  0.0757
  0.0828  0.0817  0.0856  0.0842  0.0827  0.0837  0.0772  0.0769  0.0763  0.0757  0.0761  0.0761
  0.0846  0.0825  0.0881  0.0932  0.0892  0.0898  0.0786  0.0784  0.0768  0.0762  0.0767  0.0768
niter,ni,del,rscale     7    3    5.0000    1.2000
parameter  2 -0.786313 -> -0.500000 qaram    1.1500
parameter  3  8.214982 ->  0.500000 qaram    1.3225
parameters
   -2.4673   16.0311   -1.8437   -7.2943  -12.9598  -13.3396
   -0.6679    0.4185    0.5681    7.6559   -3.1233  -10.2541
eta,q 0.93085 10.53512
  0.0785  0.0786  0.0683  0.0735  0.0708  0.0703  0.0722  0.0732  0.0710  0.0723  0.0699  0.0707
  0.0769  0.0774  0.0700  0.0721  0.0702  0.0693  0.0706  0.0711  0.0701  0.0711  0.0695  0.0697
  0.0759  0.0763  0.0722  0.0711  0.0703  0.0697  0.0697  0.0698  0.0696  0.0701  0.0692  0.0692
  0.0755  0.0755  0.0747  0.0706  0.0706  0.0702  0.0694  0.0694  0.0694  0.0694  0.0692  0.0692
  0.0756  0.0749  0.0771  0.0706  0.0716  0.0719  0.0698  0.0699  0.0695  0.0692  0.0694  0.0695
  0.0765  0.0747  0.0795  0.0714  0.0732  0.0752  0.0710  0.0713  0.0699  0.0695  0.0698  0.0703
  0.0779  0.0748  0.0819  0.0750  0.0773  0.0806  0.0725  0.0731  0.0704  0.0702  0.0703  0.0712
niter,ni,del,rscale     7    3    5.0000    1.2000
parameter  2 -0.838841 -> -0.500000 qaram    1.3225
parameter  3  2.379113 ->  0.500000 qaram    1.5209
parameter 10 -0.816029 -> -0.500000 qaram    1.1500
parameters
   -2.5654   17.6181   -3.6687   -6.5531  -14.6164  -15.8583
   -0.7488    0.3739    1.4477   11.7959   -3.4423  -11.3282
eta,q 0.93775 10.47919
  0.0717  0.0742  0.0619  0.0673  0.0657  0.0657  0.0664  0.0672  0.0652  0.0679  0.0633  0.0636
  0.0702  0.0722  0.0635  0.0658  0.0645  0.0643  0.0647  0.0651  0.0643  0.0662  0.0627  0.0628
  0.0694  0.0705  0.0656  0.0647  0.0640  0.0635  0.0637  0.0638  0.0637  0.0647  0.0624  0.0623
  0.0691  0.0691  0.0679  0.0641  0.0640  0.0639  0.0634  0.0634  0.0634  0.0634  0.0623  0.0623
  0.0695  0.0683  0.0706  0.0639  0.0645  0.0648  0.0638  0.0639  0.0635  0.0626  0.0625  0.0627
  0.0705  0.0678  0.0738  0.0643  0.0656  0.0668  0.0649  0.0653  0.0639  0.0623  0.0629  0.0634
  0.0722  0.0679  0.0771  0.0668  0.0677  0.0718  0.0664  0.0672  0.0645  0.0624  0.0634  0.0645
niter,ni,del,rscale     7    3    5.0000    1.2000
parameter  2 -0.840690 -> -0.500000 qaram    1.5209
parameter  3  1.438064 ->  0.500000 qaram    1.7490
parameter 10 -0.987987 -> -0.500000 qaram    1.3225
parameters
   -2.5982   19.4432   -5.7675   -5.7334  -17.2503  -18.1657
   -1.0212    0.4993    1.8621   16.5569   -3.2954  -14.5403
eta,q 0.94670 10.41728
  0.0651  0.0696  0.0547  0.0598  0.0574  0.0581  0.0584  0.0597  0.0576  0.0627  0.0547  0.0540
  0.0635  0.0667  0.0559  0.0582  0.0564  0.0566  0.0568  0.0575  0.0566  0.0601  0.0541  0.0534
  0.0626  0.0643  0.0578  0.0571  0.0560  0.0558  0.0560  0.0562  0.0560  0.0577  0.0537  0.0533
  0.0623  0.0623  0.0604  0.0563  0.0562  0.0560  0.0558  0.0557  0.0557  0.0557  0.0536  0.0536
  0.0626  0.0609  0.0638  0.0560  0.0569  0.0567  0.0561  0.0560  0.0558  0.0542  0.0537  0.0543
  0.0636  0.0603  0.0679  0.0561  0.0584  0.0590  0.0572  0.0574  0.0564  0.0535  0.0541  0.0552
  0.0653  0.0605  0.0723  0.0594  0.0608  0.0643  0.0587  0.0594  0.0572  0.0535  0.0546  0.0565
niter,ni,del,rscale     7    3    5.0000    1.2000
parameter  2 -0.518406 -> -0.500000 qaram    1.7490
parameter  3  0.840021 ->  0.500000 qaram    2.0114
parameter 12  1.109690 ->  0.500000 qaram    1.3225
parameters
   -2.5240   21.5420   -8.1812   -4.8371  -18.8918  -19.1979
   -1.2391    0.5518    2.1491   21.2982   -2.1180  -19.3013
eta,q 0.95475 10.50311
  0.0568  0.0640  0.0482  0.0520  0.0502  0.0521  0.0506  0.0524  0.0503  0.0574  0.0473  0.0451
  0.0549  0.0596  0.0481  0.0504  0.0488  0.0498  0.0491  0.0499  0.0490  0.0535  0.0469  0.0451
  0.0537  0.0560  0.0492  0.0492  0.0481  0.0482  0.0482  0.0485  0.0482  0.0503  0.0467  0.0457
  0.0533  0.0533  0.0516  0.0483  0.0480  0.0480  0.0479  0.0479  0.0479  0.0479  0.0466  0.0466
  0.0536  0.0518  0.0553  0.0476  0.0487  0.0483  0.0483  0.0483  0.0481  0.0467  0.0466  0.0479
  0.0546  0.0518  0.0599  0.0476  0.0503  0.0500  0.0494  0.0499  0.0488  0.0469  0.0467  0.0493
  0.0564  0.0533  0.0654  0.0518  0.0527  0.0562  0.0510  0.0522  0.0500  0.0481  0.0469  0.0508
niter,ni,del,rscale     7    3    5.0000    1.2000
parameter 12  0.580600 ->  0.500000 qaram    1.5209
parameters
   -2.4897   21.4281  -10.1389   -4.2391  -17.9431  -19.6937
   -0.9270    0.7043    2.0601   23.1555   -2.3736  -24.7765
eta,q 0.95718 10.68577
  0.0494  0.0548  0.0468  0.0482  0.0477  0.0497  0.0472  0.0491  0.0464  0.0517  0.0442  0.0434
  0.0471  0.0498  0.0446  0.0465  0.0456  0.0468  0.0454  0.0462  0.0450  0.0480  0.0439  0.0428
  0.0457  0.0464  0.0440  0.0452  0.0443  0.0448  0.0443  0.0446  0.0442  0.0453  0.0437  0.0430
  0.0453  0.0453  0.0453  0.0440  0.0438  0.0437  0.0439  0.0439  0.0439  0.0439  0.0436  0.0436
  0.0457  0.0466  0.0483  0.0429  0.0439  0.0431  0.0441  0.0442  0.0442  0.0437  0.0437  0.0447
  0.0470  0.0504  0.0529  0.0434  0.0447  0.0457  0.0451  0.0458  0.0451  0.0447  0.0439  0.0461
  0.0491  0.0561  0.0588  0.0489  0.0464  0.0537  0.0467  0.0488  0.0465  0.0475  0.0443  0.0478
niter,ni,del,rscale     7    3    5.0000    1.2000
parameters
   -2.4035   21.4841  -10.7576   -4.2760  -18.0084  -19.9040
   -0.8901    0.6818    2.1384   24.2748   -2.8382  -24.4239
eta,q 0.95734 10.70193
  0.0474  0.0535  0.0495  0.0472  0.0460  0.0498  0.0461  0.0480  0.0455  0.0499  0.0435  0.0466
  0.0448  0.0480  0.0452  0.0455  0.0441  0.0464  0.0442  0.0448  0.0440  0.0461  0.0430  0.0443
  0.0434  0.0443  0.0429  0.0440  0.0430  0.0441  0.0431  0.0433  0.0431  0.0437  0.0427  0.0430
  0.0428  0.0428  0.0428  0.0426  0.0426  0.0426  0.0427  0.0427  0.0427  0.0427  0.0427  0.0426
  0.0432  0.0438  0.0446  0.0414  0.0428  0.0417  0.0430  0.0432  0.0430  0.0429  0.0428  0.0432
  0.0445  0.0474  0.0485  0.0431  0.0440  0.0447  0.0442  0.0449  0.0440  0.0442  0.0432  0.0443
  0.0468  0.0532  0.0539  0.0498  0.0462  0.0530  0.0460  0.0481  0.0454  0.0472  0.0437  0.0458
niter,ni,del,rscale     6    3    5.0000    1.2000
parameters
   -2.4365   21.5441  -10.8816   -4.2608  -17.9402  -20.0868
   -0.8638    0.6822    2.1690   24.2828   -2.8245  -24.4815
eta,q 0.95727 10.69996
  0.0468  0.0531  0.0512  0.0473  0.0460  0.0499  0.0461  0.0481  0.0455  0.0485  0.0437  0.0463
  0.0444  0.0478  0.0463  0.0455  0.0441  0.0466  0.0442  0.0448  0.0440  0.0452  0.0431  0.0441
  0.0431  0.0441  0.0434  0.0440  0.0430  0.0443  0.0431  0.0433  0.0430  0.0433  0.0428  0.0430
  0.0427  0.0427  0.0427  0.0426  0.0426  0.0426  0.0427  0.0427  0.0427  0.0427  0.0427  0.0427
  0.0432  0.0437  0.0439  0.0414  0.0428  0.0416  0.0430  0.0432  0.0431  0.0432  0.0428  0.0433
  0.0446  0.0472  0.0471  0.0430  0.0438  0.0448  0.0442  0.0449  0.0440  0.0450  0.0431  0.0445
  0.0470  0.0527  0.0519  0.0498  0.0461  0.0531  0.0460  0.0481  0.0454  0.0486  0.0436  0.0461
niter,ni,del,rscale     5    3    5.0000    1.2000
parameters
   -2.4401   21.5576  -10.9340   -4.2663  -17.9678  -20.1379
   -0.8539    0.6719    2.1752   24.3257   -2.8480  -24.5188
eta,q 0.95724 10.69720
  0.0470  0.0529  0.0514  0.0473  0.0460  0.0501  0.0461  0.0481  0.0455  0.0485  0.0437  0.0463
  0.0445  0.0477  0.0465  0.0456  0.0442  0.0467  0.0443  0.0448  0.0440  0.0452  0.0431  0.0442
  0.0432  0.0441  0.0436  0.0441  0.0431  0.0444  0.0431  0.0433  0.0431  0.0433  0.0428  0.0430
  0.0427  0.0427  0.0427  0.0427  0.0427  0.0427  0.0428  0.0428  0.0428  0.0428  0.0428  0.0428
  0.0432  0.0438  0.0439  0.0415  0.0429  0.0416  0.0431  0.0432  0.0431  0.0432  0.0429  0.0434
  0.0446  0.0474  0.0469  0.0431  0.0440  0.0445  0.0443  0.0449  0.0440  0.0450  0.0431  0.0445
  0.0470  0.0530  0.0517  0.0499  0.0463  0.0527  0.0461  0.0481  0.0454  0.0485  0.0437  0.0461
niter,ni,del,rscale     4    3    5.0000    1.2000
parameters
   -2.4426   21.5682  -10.9519   -4.2661  -17.9824  -20.1580
   -0.8492    0.6713    2.1825   24.3483   -2.8620  -24.5366
eta,q 0.95723 10.69642
  0.0470  0.0529  0.0516  0.0474  0.0461  0.0501  0.0461  0.0481  0.0455  0.0485  0.0437  0.0464
  0.0446  0.0477  0.0466  0.0456  0.0442  0.0467  0.0443  0.0449  0.0440  0.0452  0.0431  0.0442
  0.0432  0.0441  0.0436  0.0441  0.0431  0.0444  0.0431  0.0433  0.0431  0.0433  0.0428  0.0430
  0.0428  0.0428  0.0428  0.0428  0.0428  0.0428  0.0428  0.0428  0.0428  0.0428  0.0428  0.0428
  0.0432  0.0438  0.0438  0.0415  0.0429  0.0416  0.0431  0.0432  0.0431  0.0432  0.0429  0.0434
  0.0446  0.0474  0.0468  0.0431  0.0440  0.0445  0.0443  0.0449  0.0440  0.0450  0.0432  0.0445
  0.0470  0.0530  0.0515  0.0499  0.0463  0.0526  0.0461  0.0481  0.0454  0.0485  0.0437  0.0461
registration optimization eta report
parameter search radius
    2.4000    4.1976    4.8273    8.2800    9.5220    9.5220
    7.2000    7.2000    7.2000    9.5220    7.2000   10.9503
100000*second partial in parameter space
       74.       57.       38.        9.        4.       10.
        6.       11.        5.        6.        2.        3.
  0.0470  0.0529  0.0516  0.0474  0.0461  0.0501  0.0461  0.0481  0.0455  0.0485  0.0437  0.0464
  0.0446  0.0477  0.0466  0.0456  0.0442  0.0467  0.0443  0.0449  0.0440  0.0452  0.0431  0.0442
  0.0432  0.0441  0.0436  0.0441  0.0431  0.0444  0.0431  0.0433  0.0431  0.0433  0.0428  0.0430
  0.0428  0.0428  0.0428  0.0428  0.0428  0.0428  0.0428  0.0428  0.0428  0.0428  0.0428  0.0428
  0.0432  0.0438  0.0438  0.0415  0.0429  0.0416  0.0431  0.0432  0.0431  0.0432  0.0429  0.0434
  0.0446  0.0474  0.0468  0.0431  0.0440  0.0445  0.0443  0.0449  0.0440  0.0450  0.0432  0.0445
  0.0470  0.0530  0.0515  0.0499  0.0463  0.0526  0.0461  0.0481  0.0454  0.0485  0.0437  0.0461
   -2.4426   21.5682  -10.9519   -4.2661  -17.9824  -20.1580
   -0.8492    0.6713    2.1825   24.3483   -2.8620  -24.5366
eta,q 0.95723 10.69642

---------------------------------------------------------------------
imgreg_4dfp /opt/freesurfer/average/711-2C_as_mni_average_305 /opt/freesurfer/average/711-2B_as_mni_average_305_mask talsrcimg_g11 none talsrcimg_to_711-2C_as_mni_average_305_t4 2311
---------------------------------------------------------------------

freesurfer imgreg_4dfp.c
/opt/freesurfer/average/711-2C_as_mni_average_305.4dfp.img
       256       256       256         1
  1.000000  1.000000  1.000000
orientation T byte_order littleendian
Reading image: /opt/freesurfer/average/711-2C_as_mni_average_305.4dfp.img
dimensions:      256       256       256
mmppix:       1.0000   -1.0000   -1.0000
center:     128.0000 -129.0000 -129.0000
/opt/freesurfer/average/711-2B_as_mni_average_305_mask.4dfp.img
       256       256       256         1
  1.000000  1.000000  1.000000
orientation T byte_order littleendian
Reading mask: /opt/freesurfer/average/711-2B_as_mni_average_305_mask.4dfp.img (2306576 pixels)
talsrcimg_g11.4dfp.img
       256       256       256         1
  1.000000  1.000000  1.000000
orientation T byte_order littleendian
Reading image: talsrcimg_g11.4dfp.img
dimensions:      256       256       256
mmppix:       1.0000   -1.0000   -1.0000
center:     128.0000 -129.0000 -129.0000
fimgreg.f
image alignment mode   2311 decimal      907 hex
parameters
   -2.4426   21.5682  -10.9519   -4.2661  -17.9824  -20.1580
   -0.8492    0.6713    2.1825   24.3483   -2.8620  -24.5366
eta,q 0.95723 10.69642
niter,ni,del,rscale     5    3    5.0000    0.8000
parameter  4 -0.863403 -> -0.500000 qaram    1.1500
parameters
   -2.4520   21.6494  -11.0211   -1.5061  -17.4909  -17.8819
   -0.7209    0.6238    2.0170   24.5304   -2.4816  -25.5816
eta,q 0.95966 10.96016
  0.0446  0.0445  0.0436  0.0452  0.0425  0.0445  0.0427  0.0452  0.0418  0.0426  0.0420  0.0409
  0.0435  0.0436  0.0431  0.0444  0.0420  0.0434  0.0415  0.0425  0.0410  0.0415  0.0411  0.0405
  0.0429  0.0430  0.0428  0.0436  0.0417  0.0424  0.0408  0.0408  0.0405  0.0408  0.0406  0.0403
  0.0428  0.0428  0.0428  0.0428  0.0415  0.0415  0.0404  0.0404  0.0404  0.0404  0.0404  0.0404
  0.0430  0.0429  0.0429  0.0419  0.0415  0.0406  0.0405  0.0411  0.0406  0.0405  0.0405  0.0406
  0.0436  0.0434  0.0432  0.0414  0.0417  0.0405  0.0413  0.0427  0.0412  0.0412  0.0409  0.0411
  0.0446  0.0442  0.0438  0.0422  0.0422  0.0418  0.0426  0.0453  0.0420  0.0424  0.0415  0.0416
niter,ni,del,rscale     5    3    5.0000    0.8000
parameters
   -2.3324   21.6139  -10.6097   -2.6480  -17.4116  -17.9778
   -0.8178    0.6563    2.1265   24.7913   -2.6938  -25.4085
eta,q 0.95936 10.93717
  0.0440  0.0421  0.0429  0.0433  0.0415  0.0435  0.0425  0.0443  0.0422  0.0427  0.0415  0.0416
  0.0421  0.0411  0.0417  0.0421  0.0411  0.0425  0.0415  0.0422  0.0413  0.0417  0.0410  0.0411
  0.0409  0.0405  0.0408  0.0410  0.0408  0.0415  0.0409  0.0410  0.0408  0.0410  0.0407  0.0407
  0.0403  0.0403  0.0403  0.0402  0.0406  0.0406  0.0406  0.0407  0.0407  0.0407  0.0406  0.0406
  0.0406  0.0405  0.0402  0.0410  0.0406  0.0406  0.0408  0.0411  0.0408  0.0407  0.0408  0.0407
  0.0414  0.0412  0.0405  0.0444  0.0409  0.0418  0.0415  0.0422  0.0413  0.0413  0.0411  0.0410
  0.0431  0.0423  0.0411  0.0499  0.0415  0.0448  0.0427  0.0442  0.0420  0.0424  0.0416  0.0414
niter,ni,del,rscale     4    3    5.0000    0.7000
parameters
   -2.3264   21.5988  -10.6794   -2.5681  -17.2196  -17.8500
   -0.8114    0.6759    2.1207   24.7683   -2.7235  -25.5228
eta,q 0.95946 10.95581
  0.0425  0.0420  0.0417  0.0436  0.0413  0.0432  0.0420  0.0435  0.0417  0.0420  0.0413  0.0412
  0.0415  0.0413  0.0411  0.0426  0.0410  0.0423  0.0412  0.0418  0.0410  0.0413  0.0409  0.0408
  0.0409  0.0408  0.0407  0.0416  0.0407  0.0414  0.0407  0.0408  0.0407  0.0408  0.0406  0.0406
  0.0406  0.0406  0.0406  0.0406  0.0406  0.0406  0.0405  0.0405  0.0405  0.0405  0.0405  0.0405
  0.0408  0.0408  0.0408  0.0402  0.0406  0.0405  0.0406  0.0409  0.0407  0.0407  0.0407  0.0406
  0.0415  0.0413  0.0413  0.0413  0.0408  0.0414  0.0412  0.0418  0.0411  0.0412  0.0409  0.0409
  0.0425  0.0421  0.0419  0.0445  0.0413  0.0436  0.0421  0.0434  0.0417  0.0422  0.0413  0.0413
niter,ni,del,rscale     3    3    5.0000    0.6000
parameters
   -2.3211   21.5992  -10.6627   -2.2569  -17.1836  -17.6586
   -0.7751    0.6692    2.0773   24.7876   -2.6653  -25.5652
eta,q 0.95964 10.97439
  0.0420  0.0416  0.0415  0.0430  0.0409  0.0426  0.0415  0.0427  0.0412  0.0415  0.0411  0.0409
  0.0412  0.0410  0.0409  0.0422  0.0407  0.0418  0.0409  0.0414  0.0407  0.0409  0.0406  0.0406
  0.0407  0.0407  0.0406  0.0413  0.0405  0.0410  0.0405  0.0406  0.0404  0.0405  0.0404  0.0404
  0.0405  0.0405  0.0405  0.0405  0.0404  0.0404  0.0404  0.0404  0.0404  0.0404  0.0404  0.0404
  0.0407  0.0407  0.0406  0.0402  0.0404  0.0404  0.0404  0.0406  0.0405  0.0405  0.0404  0.0404
  0.0412  0.0410  0.0409  0.0409  0.0406  0.0410  0.0408  0.0414  0.0408  0.0408  0.0407  0.0406
  0.0420  0.0416  0.0414  0.0431  0.0410  0.0427  0.0415  0.0427  0.0412  0.0416  0.0410  0.0409
niter,ni,del,rscale     2    3    5.0000    0.5000
parameters
   -2.3140   21.6138  -10.6010   -1.9973  -17.1983  -17.4532
   -0.7372    0.6538    2.0449   24.7998   -2.6266  -25.5670
eta,q 0.95977 10.98750
  0.0414  0.0411  0.0411  0.0424  0.0406  0.0420  0.0411  0.0420  0.0408  0.0411  0.0408  0.0406
  0.0408  0.0407  0.0407  0.0416  0.0405  0.0414  0.0406  0.0410  0.0405  0.0406  0.0404  0.0404
  0.0405  0.0404  0.0405  0.0409  0.0403  0.0407  0.0403  0.0404  0.0403  0.0403  0.0403  0.0403
  0.0404  0.0404  0.0404  0.0404  0.0403  0.0403  0.0402  0.0402  0.0402  0.0402  0.0402  0.0402
  0.0404  0.0404  0.0404  0.0401  0.0403  0.0403  0.0403  0.0404  0.0403  0.0403  0.0403  0.0403
  0.0408  0.0407  0.0406  0.0407  0.0404  0.0408  0.0406  0.0410  0.0405  0.0406  0.0405  0.0404
  0.0414  0.0411  0.0409  0.0423  0.0407  0.0419  0.0411  0.0420  0.0409  0.0411  0.0407  0.0406
niter,ni,del,rscale     1    3    5.0000    0.4000
parameters
   -2.3122   21.6273  -10.5262   -1.7791  -17.2269  -17.2806
   -0.6864    0.6328    2.0027   24.8024   -2.5871  -25.5425
eta,q 0.95987 10.99546
  0.0409  0.0407  0.0407  0.0417  0.0404  0.0414  0.0407  0.0413  0.0405  0.0407  0.0405  0.0404
  0.0405  0.0405  0.0405  0.0411  0.0403  0.0409  0.0404  0.0406  0.0403  0.0404  0.0403  0.0402
  0.0403  0.0403  0.0403  0.0406  0.0402  0.0404  0.0402  0.0402  0.0402  0.0402  0.0402  0.0402
  0.0402  0.0402  0.0402  0.0402  0.0401  0.0402  0.0401  0.0401  0.0401  0.0401  0.0401  0.0401
  0.0403  0.0403  0.0403  0.0401  0.0402  0.0402  0.0402  0.0403  0.0402  0.0402  0.0402  0.0402
  0.0405  0.0404  0.0404  0.0405  0.0403  0.0405  0.0404  0.0407  0.0403  0.0404  0.0403  0.0402
  0.0409  0.0407  0.0406  0.0416  0.0404  0.0412  0.0407  0.0413  0.0405  0.0407  0.0405  0.0404
registration optimization eta report
parameter search radius
    0.8000    0.8000    0.8000    2.7600    2.4000    2.4000
    2.4000    2.4000    2.4000    2.4000    2.4000    2.4000
100000*second partial in parameter space
      113.       75.       67.       19.        4.       21.
       10.       21.        7.       10.        6.        4.
  0.0409  0.0407  0.0407  0.0417  0.0404  0.0414  0.0407  0.0413  0.0405  0.0407  0.0405  0.0404
  0.0405  0.0405  0.0405  0.0411  0.0403  0.0409  0.0404  0.0406  0.0403  0.0404  0.0403  0.0402
  0.0403  0.0403  0.0403  0.0406  0.0402  0.0404  0.0402  0.0402  0.0402  0.0402  0.0402  0.0402
  0.0402  0.0402  0.0402  0.0402  0.0401  0.0402  0.0401  0.0401  0.0401  0.0401  0.0401  0.0401
  0.0403  0.0403  0.0403  0.0401  0.0402  0.0402  0.0402  0.0403  0.0402  0.0402  0.0402  0.0402
  0.0405  0.0404  0.0404  0.0405  0.0403  0.0405  0.0404  0.0407  0.0403  0.0404  0.0403  0.0402
  0.0409  0.0407  0.0406  0.0416  0.0404  0.0412  0.0407  0.0413  0.0405  0.0407  0.0405  0.0404
   -2.3122   21.6273  -10.5262   -1.7791  -17.2269  -17.2806
   -0.6864    0.6328    2.0027   24.8024   -2.5871  -25.5425
eta,q 0.95987 10.99546

---------------------------------------------------------------------
imgreg_4dfp /opt/freesurfer/average/711-2C_as_mni_average_305 /opt/freesurfer/average/711-2B_as_mni_average_305_mask talsrcimg_g11 none talsrcimg_to_711-2C_as_mni_average_305_t4 2311
---------------------------------------------------------------------

freesurfer imgreg_4dfp.c
/opt/freesurfer/average/711-2C_as_mni_average_305.4dfp.img
       256       256       256         1
  1.000000  1.000000  1.000000
orientation T byte_order littleendian
Reading image: /opt/freesurfer/average/711-2C_as_mni_average_305.4dfp.img
dimensions:      256       256       256
mmppix:       1.0000   -1.0000   -1.0000
center:     128.0000 -129.0000 -129.0000
/opt/freesurfer/average/711-2B_as_mni_average_305_mask.4dfp.img
       256       256       256         1
  1.000000  1.000000  1.000000
orientation T byte_order littleendian
Reading mask: /opt/freesurfer/average/711-2B_as_mni_average_305_mask.4dfp.img (2306576 pixels)
talsrcimg_g11.4dfp.img
       256       256       256         1
  1.000000  1.000000  1.000000
orientation T byte_order littleendian
Reading image: talsrcimg_g11.4dfp.img
dimensions:      256       256       256
mmppix:       1.0000   -1.0000   -1.0000
center:     128.0000 -129.0000 -129.0000
fimgreg.f
image alignment mode   2311 decimal      907 hex
parameters
   -2.3122   21.6273  -10.5262   -1.7791  -17.2269  -17.2806
   -0.6864    0.6328    2.0027   24.8024   -2.5871  -25.5425
eta,q 0.95987 10.99546
niter,ni,del,rscale     5    3    5.0000    0.8000
parameters
   -2.3246   21.6157  -10.4167   -2.5169  -17.5557  -17.7641
   -0.8395    0.6803    2.1330   24.7513   -2.6843  -25.2603
eta,q 0.95945 10.93902
  0.0432  0.0420  0.0421  0.0429  0.0412  0.0433  0.0423  0.0444  0.0421  0.0424  0.0415  0.0416
  0.0415  0.0410  0.0410  0.0418  0.0408  0.0422  0.0414  0.0422  0.0413  0.0415  0.0409  0.0410
  0.0405  0.0403  0.0404  0.0408  0.0405  0.0411  0.0408  0.0409  0.0407  0.0408  0.0406  0.0407
  0.0401  0.0401  0.0401  0.0401  0.0404  0.0404  0.0405  0.0405  0.0405  0.0405  0.0405  0.0405
  0.0405  0.0403  0.0403  0.0405  0.0405  0.0407  0.0407  0.0410  0.0407  0.0407  0.0407  0.0406
  0.0415  0.0410  0.0408  0.0427  0.0408  0.0424  0.0415  0.0421  0.0412  0.0414  0.0410  0.0409
  0.0433  0.0421  0.0416  0.0470  0.0416  0.0459  0.0427  0.0441  0.0419  0.0426  0.0415  0.0413
niter,ni,del,rscale     4    3    5.0000    0.7000
parameters
   -2.3142   21.5992  -10.5993   -2.2753  -17.2964  -17.8190
   -0.8160    0.6807    2.0954   24.7493   -2.6702  -25.4197
eta,q 0.95958 10.95977
  0.0425  0.0419  0.0414  0.0430  0.0412  0.0430  0.0420  0.0435  0.0416  0.0420  0.0413  0.0411
  0.0414  0.0412  0.0408  0.0422  0.0408  0.0421  0.0412  0.0417  0.0409  0.0412  0.0408  0.0407
  0.0408  0.0407  0.0406  0.0413  0.0406  0.0411  0.0406  0.0407  0.0405  0.0406  0.0405  0.0405
  0.0406  0.0405  0.0405  0.0405  0.0404  0.0404  0.0404  0.0404  0.0404  0.0404  0.0404  0.0404
  0.0407  0.0407  0.0408  0.0402  0.0404  0.0404  0.0405  0.0408  0.0406  0.0406  0.0405  0.0405
  0.0414  0.0412  0.0413  0.0410  0.0406  0.0415  0.0410  0.0418  0.0410  0.0411  0.0408  0.0408
  0.0425  0.0420  0.0420  0.0432  0.0411  0.0439  0.0420  0.0434  0.0416  0.0420  0.0412  0.0411
niter,ni,del,rscale     3    3    5.0000    0.6000
parameters
   -2.3134   21.6026  -10.6293   -2.0273  -17.2371  -17.6674
   -0.7739    0.6665    2.0522   24.7826   -2.6264  -25.5017
eta,q 0.95972 10.97625
  0.0419  0.0415  0.0413  0.0425  0.0409  0.0425  0.0415  0.0427  0.0411  0.0415  0.0410  0.0408
  0.0411  0.0409  0.0408  0.0418  0.0406  0.0417  0.0409  0.0413  0.0407  0.0409  0.0406  0.0405
  0.0406  0.0405  0.0405  0.0410  0.0404  0.0409  0.0404  0.0405  0.0404  0.0405  0.0403  0.0403
  0.0404  0.0404  0.0404  0.0404  0.0403  0.0403  0.0403  0.0403  0.0403  0.0403  0.0403  0.0403
  0.0406  0.0405  0.0405  0.0402  0.0404  0.0403  0.0404  0.0406  0.0404  0.0404  0.0404  0.0404
  0.0411  0.0409  0.0409  0.0408  0.0405  0.0410  0.0407  0.0414  0.0407  0.0408  0.0406  0.0405
  0.0419  0.0415  0.0414  0.0425  0.0409  0.0427  0.0415  0.0427  0.0412  0.0415  0.0409  0.0408
niter,ni,del,rscale     2    3    5.0000    0.5000
parameters
   -2.3105   21.6170  -10.5823   -1.8288  -17.2388  -17.4681
   -0.7251    0.6492    2.0226   24.7982   -2.5889  -25.5178
eta,q 0.95982 10.98760
  0.0414  0.0410  0.0410  0.0419  0.0406  0.0420  0.0410  0.0420  0.0408  0.0410  0.0407  0.0406
  0.0408  0.0406  0.0406  0.0413  0.0404  0.0413  0.0406  0.0410  0.0404  0.0406  0.0404  0.0403
  0.0404  0.0404  0.0404  0.0407  0.0403  0.0407  0.0403  0.0403  0.0402  0.0403  0.0402  0.0402
  0.0403  0.0403  0.0403  0.0403  0.0402  0.0402  0.0402  0.0402  0.0402  0.0402  0.0402  0.0402
  0.0404  0.0404  0.0403  0.0402  0.0402  0.0402  0.0402  0.0404  0.0403  0.0402  0.0402  0.0402
  0.0407  0.0406  0.0405  0.0407  0.0404  0.0407  0.0405  0.0410  0.0405  0.0405  0.0404  0.0403
  0.0414  0.0410  0.0409  0.0419  0.0406  0.0418  0.0410  0.0420  0.0408  0.0410  0.0407  0.0405
niter,ni,del,rscale     1    3    5.0000    0.4000
parameters
   -2.3124   21.6306  -10.5126   -1.6636  -17.2591  -17.2897
   -0.6807    0.6246    1.9821   24.7983   -2.5450  -25.5023
eta,q 0.95990 10.99474
  0.0409  0.0407  0.0407  0.0414  0.0404  0.0414  0.0407  0.0413  0.0405  0.0407  0.0405  0.0403
  0.0405  0.0404  0.0404  0.0409  0.0402  0.0409  0.0404  0.0406  0.0403  0.0404  0.0403  0.0402
  0.0403  0.0402  0.0402  0.0405  0.0402  0.0404  0.0402  0.0402  0.0401  0.0402  0.0401  0.0401
  0.0402  0.0402  0.0402  0.0402  0.0401  0.0401  0.0401  0.0401  0.0401  0.0401  0.0401  0.0401
  0.0402  0.0402  0.0402  0.0401  0.0401  0.0401  0.0401  0.0403  0.0401  0.0402  0.0401  0.0401
  0.0405  0.0404  0.0403  0.0405  0.0402  0.0405  0.0403  0.0407  0.0403  0.0403  0.0403  0.0402
  0.0409  0.0406  0.0405  0.0413  0.0404  0.0412  0.0407  0.0414  0.0405  0.0407  0.0404  0.0403
registration optimization eta report
parameter search radius
    0.8000    0.8000    0.8000    2.4000    2.4000    2.4000
    2.4000    2.4000    2.4000    2.4000    2.4000    2.4000
100000*second partial in parameter space
      117.       75.       67.       20.        4.       21.
       10.       21.        7.       10.        6.        4.
  0.0409  0.0407  0.0407  0.0414  0.0404  0.0414  0.0407  0.0413  0.0405  0.0407  0.0405  0.0403
  0.0405  0.0404  0.0404  0.0409  0.0402  0.0409  0.0404  0.0406  0.0403  0.0404  0.0403  0.0402
  0.0403  0.0402  0.0402  0.0405  0.0402  0.0404  0.0402  0.0402  0.0401  0.0402  0.0401  0.0401
  0.0402  0.0402  0.0402  0.0402  0.0401  0.0401  0.0401  0.0401  0.0401  0.0401  0.0401  0.0401
  0.0402  0.0402  0.0402  0.0401  0.0401  0.0401  0.0401  0.0403  0.0401  0.0402  0.0401  0.0401
  0.0405  0.0404  0.0403  0.0405  0.0402  0.0405  0.0403  0.0407  0.0403  0.0403  0.0403  0.0402
  0.0409  0.0406  0.0405  0.0413  0.0404  0.0412  0.0407  0.0414  0.0405  0.0407  0.0404  0.0403
   -2.3124   21.6306  -10.5126   -1.6636  -17.2591  -17.2897
   -0.6807    0.6246    1.9821   24.7983   -2.5450  -25.5023
eta,q 0.95990 10.99474

---------------------------------------------------------------------
compute_vox2vox talsrcimg talsrcimg_to_711-2C_as_mni_average_305_t4 /opt/freesurfer/average/711-2C_as_mni_average_305
---------------------------------------------------------------------

freesurfer compute_vox2vox.c
Reading: talsrcimg.4dfp.ifh
Reading: talsrcimg_to_711-2C_as_mni_average_305_t4
Reading: /opt/freesurfer/average/711-2C_as_mni_average_305.4dfp.ifh
Writing: talsrcimg_to_711-2C_as_mni_average_305_t4_vox2vox.txt

start time Sat Nov 23 15:37:01 UTC 2024
end		time Sat Nov 23 15:37:52 UTC 2024

mpr2mni305 success

avi2talxfm orig_nu.mgz /opt/freesurfer/average/mni305.cor.mgz talsrcimg_to_711-2C_as_mni_average_305_t4_vox2vox.txt transforms/talairach.auto.xfm
avi2talxfm done
mv -f /scratch/tmp/fs_mp2rage_tests/sourcedata/freesurfer_mp2rage/sub-fsm42wk/mri/talsrcimg_to_711-2C_as_mni_average_305_t4_vox2vox.txt /scratch/tmp/fs_mp2rage_tests/sourcedata/freesurfer_mp2rage/sub-fsm42wk/mri/transforms/talsrcimg_to_711-2C_as_mni_average_305_t4_vox2vox.txt
lta_convert --src orig_nu.mgz --trg /opt/freesurfer/average/mni305.cor.mgz --inxfm transforms/talairach.auto.xfm --outlta transforms/talairach.auto.xfm.lta --subject fsaverage
7.3.2

--src: orig_nu.mgz src image (geometry).
--trg: /opt/freesurfer/average/mni305.cor.mgz trg image (geometry).
--inmni: transforms/talairach.auto.xfm input MNI/XFM transform.
--outlta: transforms/talairach.auto.xfm.lta output LTA.
--s: fsaverage subject name
 LTA read, type : 1
 1.01656  -0.00932   0.00549  -1.97977;
 0.02176   1.10656   0.34124  -25.50565;
-0.03087  -0.33143   1.10619   24.48439;
 0.00000   0.00000   0.00000   1.00000;
setting subject to fsaverage
Writing  LTA to file transforms/talairach.auto.xfm.lta...
lta_convert successful.
 
 
Started at Sat Nov 23 15:36:59 UTC 2024
Ended   at Sat Nov 23 15:37:53 UTC 2024
talairach_avi done
