Log file for defect2seg
Sat Nov 23 03:04:18 UTC 2024

setenv SUBJECTS_DIR /scratch/tmp/fs_mp2rage_tests/sourcedata/freesurfer_mp2rage
cd /scratch/tmp/fs_mp2rage_tests/sourcedata/freesurfer_mp2rage/sub-fsm02cd/scripts
/opt/freesurfer/bin/defect2seg --s sub-fsm02cd --rh-only --cortex

freesurfer-linux-ubuntu22_x86_64-7.3.2-20220804-6354275
defect2seg 7.3.2
Linux elm.criugm.qc.ca 5.15.0-113-generic #123-Ubuntu SMP Mon Jun 10 08:16:17 UTC 2024 x86_64 x86_64 x86_64 GNU/Linux
pid 1727922
mri_label2label --label-cortex /scratch/tmp/fs_mp2rage_tests/sourcedata/freesurfer_mp2rage/sub-fsm02cd/surf/rh.orig.nofix /scratch/tmp/fs_mp2rage_tests/sourcedata/freesurfer_mp2rage/sub-fsm02cd/mri/aseg.presurf.mgz 0 /scratch/tmp/fs_mp2rage_tests/sourcedata/freesurfer_mp2rage/sub-fsm02cd/label/rh.nofix.cortex.label

 Generating cortex label... RemoveHipAmgy=0
 NucAccIsMedialWall=0
 mris->useRealRAS=0
13 non-cortical segments detected
only using segment with 7157 vertices
erasing segment 0 (vno[0] = 28061)
erasing segment 2 (vno[0] = 51513)
erasing segment 3 (vno[0] = 51547)
erasing segment 4 (vno[0] = 55846)
erasing segment 5 (vno[0] = 77329)
erasing segment 6 (vno[0] = 82678)
erasing segment 7 (vno[0] = 89820)
erasing segment 8 (vno[0] = 89869)
erasing segment 9 (vno[0] = 89899)
erasing segment 10 (vno[0] = 93382)
erasing segment 11 (vno[0] = 93425)
erasing segment 12 (vno[0] = 110053)
mri_label2vol --defects /scratch/tmp/fs_mp2rage_tests/sourcedata/freesurfer_mp2rage/sub-fsm02cd/surf/rh.orig.nofix /scratch/tmp/fs_mp2rage_tests/sourcedata/freesurfer_mp2rage/sub-fsm02cd/surf/rh.defect_labels /scratch/tmp/fs_mp2rage_tests/sourcedata/freesurfer_mp2rage/sub-fsm02cd/mri/orig.mgz 2000 0 /scratch/tmp/fs_mp2rage_tests/sourcedata/freesurfer_mp2rage/sub-fsm02cd/mri/rh.surface.defects.mgz /scratch/tmp/fs_mp2rage_tests/sourcedata/freesurfer_mp2rage/sub-fsm02cd/label/rh.nofix.cortex.label
mri_label2vol supposed to be reproducible but seed not set
Contraining to label /scratch/tmp/fs_mp2rage_tests/sourcedata/freesurfer_mp2rage/sub-fsm02cd/label/rh.nofix.cortex.label
Changing input type 0 to MRI_INT
Converting defects to volume: offset=2000, merge=0
Writing to /scratch/tmp/fs_mp2rage_tests/sourcedata/freesurfer_mp2rage/sub-fsm02cd/mri/rh.surface.defects.mgz
mris_defects_pointset -s /scratch/tmp/fs_mp2rage_tests/sourcedata/freesurfer_mp2rage/sub-fsm02cd/surf/rh.orig.nofix -d /scratch/tmp/fs_mp2rage_tests/sourcedata/freesurfer_mp2rage/sub-fsm02cd/surf/rh.defect_labels -o /scratch/tmp/fs_mp2rage_tests/sourcedata/freesurfer_mp2rage/sub-fsm02cd/surf/rh.defects.pointset --label /scratch/tmp/fs_mp2rage_tests/sourcedata/freesurfer_mp2rage/sub-fsm02cd/label/rh.nofix.cortex.label
Reading in surface /scratch/tmp/fs_mp2rage_tests/sourcedata/freesurfer_mp2rage/sub-fsm02cd/surf/rh.orig.nofix
Reading in defect segmentation /scratch/tmp/fs_mp2rage_tests/sourcedata/freesurfer_mp2rage/sub-fsm02cd/surf/rh.defect_labels
Reading in label /scratch/tmp/fs_mp2rage_tests/sourcedata/freesurfer_mp2rage/sub-fsm02cd/label/rh.nofix.cortex.label
#VMPC# mris_defects_pointset 670372
mris_defects_pointset done
 
Started at Sat Nov 23 03:04:17 UTC 2024 
Ended   at Sat Nov 23 03:04:52 UTC 2024
Defect2seg-Run-Time-Sec 35
Defect2seg-Run-Time-Min 0.70
Defect2seg-Run-Time-Hours 0.01
 
defect2seg Done
