status file for recon-all
Sat Nov 23 15:54:37 UTC 2024
#@# MotionCor Sat Nov 23 15:54:42 UTC 2024
#@# Talairach Sat Nov 23 15:54:55 UTC 2024
#@# Talairach Failure Detection Sat Nov 23 16:02:05 UTC 2024
#@# Nu Intensity Correction Sat Nov 23 16:02:05 UTC 2024
#@# Intensity Normalization Sat Nov 23 16:09:09 UTC 2024
recon-all -s sub-fsm85fp finished without error at Sat Nov 23 16:12:39 UTC 2024



#New# invocation of recon-all 



status file for recon-all
Sat Nov 23 18:05:43 UTC 2024
#@# EM Registration Sat Nov 23 18:05:43 UTC 2024
recon-all -s sub-fsm85fp finished without error at Sat Nov 23 18:10:14 UTC 2024



#New# invocation of recon-all 



status file for recon-all
Sun Nov 24 04:09:29 UTC 2024
#@# CA Normalize Sun Nov 24 04:09:30 UTC 2024
#@# CA Reg Sun Nov 24 04:11:59 UTC 2024
#@# SubCort Seg Sun Nov 24 06:09:06 UTC 2024
#@# CC Seg Sun Nov 24 07:18:58 UTC 2024
#@# Merge ASeg Sun Nov 24 07:20:14 UTC 2024
#@# Intensity Normalization2 Sun Nov 24 07:20:14 UTC 2024
#@# Mask BFS Sun Nov 24 07:26:16 UTC 2024
#@# WM Segmentation Sun Nov 24 07:26:19 UTC 2024
#@# Fill Sun Nov 24 07:32:11 UTC 2024
recon-all -s sub-fsm85fp finished without error at Sun Nov 24 07:34:50 UTC 2024



#New# invocation of recon-all 



status file for recon-all
Sun Nov 24 17:47:59 UTC 2024
#@# white curv lh Sun Nov 24 17:47:59 UTC 2024
#@# white area lh Sun Nov 24 17:47:59 UTC 2024
#@# pial curv lh Sun Nov 24 17:47:59 UTC 2024
#@# pial area lh Sun Nov 24 17:47:59 UTC 2024
#@# thickness lh Sun Nov 24 17:47:59 UTC 2024
#@# area and vertex vol lh Sun Nov 24 17:47:59 UTC 2024
#@# white curv rh Sun Nov 24 17:47:59 UTC 2024
#@# white area rh Sun Nov 24 17:47:59 UTC 2024
#@# pial curv rh Sun Nov 24 17:47:59 UTC 2024
#@# pial area rh Sun Nov 24 17:47:59 UTC 2024
#@# thickness rh Sun Nov 24 17:47:59 UTC 2024
#@# area and vertex vol rh Sun Nov 24 17:47:59 UTC 2024
#@# Cortical ribbon mask Sun Nov 24 17:47:59 UTC 2024
recon-all -s sub-fsm85fp finished without error at Sun Nov 24 18:03:44 UTC 2024



#New# invocation of recon-all 



status file for recon-all
Sun Nov 24 21:20:15 UTC 2024
#@# white curv lh Sun Nov 24 21:20:15 UTC 2024
#@# white area lh Sun Nov 24 21:20:15 UTC 2024
#@# pial curv lh Sun Nov 24 21:20:15 UTC 2024
#@# pial area lh Sun Nov 24 21:20:15 UTC 2024
#@# thickness lh Sun Nov 24 21:20:15 UTC 2024
#@# area and vertex vol lh Sun Nov 24 21:20:16 UTC 2024
#@# white curv rh Sun Nov 24 21:20:16 UTC 2024
#@# white area rh Sun Nov 24 21:20:16 UTC 2024
#@# pial curv rh Sun Nov 24 21:20:16 UTC 2024
#@# pial area rh Sun Nov 24 21:20:16 UTC 2024
#@# thickness rh Sun Nov 24 21:20:16 UTC 2024
#@# area and vertex vol rh Sun Nov 24 21:20:16 UTC 2024
#@# Curvature Stats lh Sun Nov 24 21:20:16 UTC 2024
#@# Curvature Stats rh Sun Nov 24 21:20:23 UTC 2024
#@# Relabel Hypointensities Sun Nov 24 21:20:31 UTC 2024
#@# APas-to-ASeg Sun Nov 24 21:21:10 UTC 2024
#@# AParc-to-ASeg aparc Sun Nov 24 21:21:34 UTC 2024
#@# AParc-to-ASeg aparc.a2009s Sun Nov 24 21:23:47 UTC 2024
#@# AParc-to-ASeg aparc.DKTatlas Sun Nov 24 21:25:44 UTC 2024
#@# WMParc Sun Nov 24 21:27:48 UTC 2024
#@# ASeg Stats Sun Nov 24 21:33:45 UTC 2024
recon-all -s sub-fsm85fp finished without error at Sun Nov 24 21:35:16 UTC 2024
