/scratch/tmp/fs_mp2rage_tests/sourcedata/freesurfer_mp2rage/sub-fsm50ww/mri
/opt/freesurfer/bin/talairach_avi
--i orig_nu.mgz --xfm transforms/talairach.auto.xfm
talairach_avi 7.3.2
Linux elm.criugm.qc.ca 5.15.0-113-generic #123-Ubuntu SMP Mon Jun 10 08:16:17 UTC 2024 x86_64 x86_64 x86_64 GNU/Linux
Sat Nov 23 15:37:38 UTC 2024
mri_convert orig_nu.mgz talsrcimg.img 
reading from orig_nu.mgz...
TR=0.00, TE=0.00, TI=0.00, flip angle=0.00
i_ras = (-1, -6.40284e-10, -7.45058e-09)
j_ras = (-7.45058e-09, 4.65661e-10, -1)
k_ras = (5.82077e-10, 1, 4.65661e-10)
writing to talsrcimg.img...
Analyze Output Matrix
-1.00000  -0.00000   0.00000   128.98862;
-0.00000   0.00000   1.00000  -81.99061;
-0.00000  -1.00000   0.00000   101.81017;
 0.00000   0.00000   0.00000   1.00000;
--------------------
INFO: set hdr.hist.orient to -1
mpr2mni305 talsrcimg
Sat Nov 23 15:37:39 UTC 2024
/opt/freesurfer/bin/mpr2mni305 talsrcimg
mpr2mni305 7.3.2
target=711-2C_as_mni_average_305

---------------------------------------------------------------------
analyzeto4dfp talsrcimg -O0 -y
---------------------------------------------------------------------

freesurfer ifh2hdr.c
Sat Nov 23 15:37:40 2024
Writing: talsrcimg.4dfp.hdr
freesurfer analyzeto4dfp.c
Reading: talsrcimg.hdr
header size 348 bytes
hdr.dime.datatype	offset=70	value=2
hdr.dime.bitpix		offset=72	value=8
hdr.hist.orient		offset=252	value=-1
dimensionality     4
dimensions       256       256       256         1
Reading: talsrcimg.img
Writing: talsrcimg.4dfp.img
Writing: talsrcimg.4dfp.ifh
ifh2hdr talsrcimg -r0to238
ori=2

---------------------------------------------------------------------
gauss_4dfp talsrcimg 1.1
---------------------------------------------------------------------

freesurfer gauss_4dfp.c
Reading: talsrcimg.4dfp.img
Writing: talsrcimg_g11.4dfp.img
image dimensions 256 256 256 padded to 288 288 288
processing volume 1freesurfer ifh2hdr.c
Sat Nov 23 15:37:48 2024
Writing: talsrcimg_g11.4dfp.hdr

Writing: talsrcimg_g11.4dfp.ifh
including: talsrcimg.4dfp.img.rec in talsrcimg_g11.4dfp.img.rec

---------------------------------------------------------------------
imgreg_4dfp /opt/freesurfer/average/711-2C_as_mni_average_305 none talsrcimg_g11 none talsrcimg_to_711-2C_as_mni_average_305_t4 4355
---------------------------------------------------------------------

freesurfer imgreg_4dfp.c
/opt/freesurfer/average/711-2C_as_mni_average_305.4dfp.img
       256       256       256         1
  1.000000  1.000000  1.000000
orientation T byte_order littleendian
Reading image: /opt/freesurfer/average/711-2C_as_mni_average_305.4dfp.img
dimensions:      256       256       256
mmppix:       1.0000   -1.0000   -1.0000
center:     128.0000 -129.0000 -129.0000
talsrcimg_g11.4dfp.img
       256       256       256         1
  1.000000  1.000000  1.000000
orientation T byte_order littleendian
Reading image: talsrcimg_g11.4dfp.img
dimensions:      256       256       256
mmppix:       1.0000   -1.0000   -1.0000
center:     128.0000 -129.0000 -129.0000
t4_read: open error in t4_sub.f l:  41 t4_file(1:l)talsrcimg_to_711-2C_as_mni_average_305_t4 
t4_read: transform initialized to I4
rotation matrix determinant  1.000000
image alignment mode   4355 decimal     1103 hex
   -7.5000  -45.0000  -45.0000 9624.5918    9.3048
    0.0000  -45.0000  -45.000010100.9678    9.3254
    7.5000  -45.0000  -45.0000 9737.5830    9.3396
   -7.5000  -37.5000  -45.0000 9900.6719    9.2714
    0.0000  -37.5000  -45.000010394.0869    9.2891
    7.5000  -37.5000  -45.0000 9970.3467    9.3030
   -7.5000  -30.0000  -45.000010492.6328    9.1421
    0.0000  -30.0000  -45.000011025.8848    9.1550
    7.5000  -30.0000  -45.000010553.5859    9.1632
   -7.5000  -22.5000  -45.000011087.7744    9.0367
    0.0000  -22.5000  -45.000011649.4297    9.0485
    7.5000  -22.5000  -45.000011143.6182    9.0518
   -7.5000  -15.0000  -45.000011648.7754    9.0070
    0.0000  -15.0000  -45.000012207.5986    9.0217
    7.5000  -15.0000  -45.000011668.0293    9.0246
   -7.5000   -7.5000  -45.000012144.8105    8.9800
    0.0000   -7.5000  -45.000012686.3721    8.9988
    7.5000   -7.5000  -45.000012121.4473    9.0070
   -7.5000    0.0000  -45.000012504.5986    8.9668
    0.0000    0.0000  -45.000013055.5205    8.9868
    7.5000    0.0000  -45.000012449.9688    8.9999
   -7.5000    7.5000  -45.000011952.3242    9.0612
    0.0000    7.5000  -45.000012454.3506    9.0784
    7.5000    7.5000  -45.000011869.6816    9.0916
   -7.5000   15.0000  -45.000011376.3115    9.2922
    0.0000   15.0000  -45.000011840.9434    9.3057
    7.5000   15.0000  -45.000011264.3857    9.3143
   -7.5000   22.5000  -45.000010714.3916    9.5359
    0.0000   22.5000  -45.000011140.8379    9.5471
    7.5000   22.5000  -45.000010580.9121    9.5507
   -7.5000   30.0000  -45.000010011.7861    9.6790
    0.0000   30.0000  -45.000010422.8477    9.6938
    7.5000   30.0000  -45.0000 9885.2725    9.6971
   -7.5000   37.5000  -45.0000 9716.7871    9.9726
    0.0000   37.5000  -45.000010123.6143    9.9918
    7.5000   37.5000  -45.0000 9600.7012   10.0018
   -7.5000   45.0000  -45.0000 9166.5654   10.0517
    0.0000   45.0000  -45.0000 9519.6689   10.0718
    7.5000   45.0000  -45.0000 9044.5039   10.0887
   -7.5000  -45.0000  -37.500010055.8936    9.2972
    0.0000  -45.0000  -37.500010560.7148    9.3178
    7.5000  -45.0000  -37.500010141.1367    9.3306
   -7.5000  -37.5000  -37.500010364.5723    9.2599
    0.0000  -37.5000  -37.500010875.9336    9.2781
    7.5000  -37.5000  -37.500010403.4004    9.2906
   -7.5000  -30.0000  -37.500010982.2266    9.1286
    0.0000  -30.0000  -37.500011536.9336    9.1424
    7.5000  -30.0000  -37.500011047.2764    9.1501
   -7.5000  -22.5000  -37.500011623.5439    9.0265
    0.0000  -22.5000  -37.500012218.2012    9.0391
    7.5000  -22.5000  -37.500011679.9395    9.0424
   -7.5000  -15.0000  -37.500012209.7676    9.0015
    0.0000  -15.0000  -37.500012795.4883    9.0166
    7.5000  -15.0000  -37.500012240.2910    9.0195
   -7.5000   -7.5000  -37.500012709.3096    8.9755
    0.0000   -7.5000  -37.500013289.4980    8.9943
    7.5000   -7.5000  -37.500012698.8154    9.0018
   -7.5000    0.0000  -37.500013104.2734    8.9597
    0.0000    0.0000  -37.500013702.7686    8.9797
    7.5000    0.0000  -37.500013052.2373    8.9915
   -7.5000    7.5000  -37.500012531.7061    9.0498
    0.0000    7.5000  -37.500013079.7773    9.0674
    7.5000    7.5000  -37.500012451.3926    9.0792
   -7.5000   15.0000  -37.500011901.0098    9.2805
    0.0000   15.0000  -37.500012426.5771    9.2945
    7.5000   15.0000  -37.500011773.4756    9.3024
   -7.5000   22.5000  -37.500011206.0234    9.5290
    0.0000   22.5000  -37.500011694.6592    9.5407
    7.5000   22.5000  -37.500011055.1826    9.5439
   -7.5000   30.0000  -37.500010478.7705    9.6771
    0.0000   30.0000  -37.500010926.8721    9.6922
    7.5000   30.0000  -37.500010305.2480    9.6951
   -7.5000   37.5000  -37.500010155.1416    9.9731
    0.0000   37.5000  -37.500010576.2979    9.9931
    7.5000   37.5000  -37.5000 9972.4102   10.0024
   -7.5000   45.0000  -37.5000 9565.2090   10.0520
    0.0000   45.0000  -37.5000 9909.6592   10.0724
    7.5000   45.0000  -37.5000 9358.6445   10.0878
   -7.5000  -45.0000  -30.000010674.1318    9.6935
    0.0000  -45.0000  -30.000011203.4043    9.7139
    7.5000  -45.0000  -30.000010754.1504    9.7230
   -7.5000  -37.5000  -30.000011023.9102    9.6536
    0.0000  -37.5000  -30.000011539.2568    9.6722
    7.5000  -37.5000  -30.000011034.2891    9.6813
   -7.5000  -30.0000  -30.000011668.1416    9.5140
    0.0000  -30.0000  -30.000012261.8506    9.5282
    7.5000  -30.0000  -30.000011708.7031    9.5334
   -7.5000  -22.5000  -30.000012336.3389    9.4071
    0.0000  -22.5000  -30.000012960.1055    9.4199
    7.5000  -22.5000  -30.000012377.0674    9.4218
   -7.5000  -15.0000  -30.000012940.9316    9.3826
    0.0000  -15.0000  -30.000013558.1504    9.3975
    7.5000  -15.0000  -30.000012956.0117    9.3993
   -7.5000   -7.5000  -30.000013468.1855    9.3574
    0.0000   -7.5000  -30.000014086.0049    9.3762
    7.5000   -7.5000  -30.000013445.1924    9.3816
   -7.5000    0.0000  -30.000013901.8545    9.3414
    0.0000    0.0000  -30.000014560.8623    9.3616
    7.5000    0.0000  -30.000013834.9170    9.3700
   -7.5000    7.5000  -30.000013342.2070    9.4343
    0.0000    7.5000  -30.000013953.1133    9.4522
    7.5000    7.5000  -30.000013262.0449    9.4607
   -7.5000   15.0000  -30.000012655.7559    9.6747
    0.0000   15.0000  -30.000013249.0498    9.6889
    7.5000   15.0000  -30.000012513.7275    9.6940
   -7.5000   22.5000  -30.000011901.9678    9.9352
    0.0000   22.5000  -30.000012437.6143    9.9467
    7.5000   22.5000  -30.000011713.7500    9.9480
   -7.5000   30.0000  -30.000011126.3037   10.0946
    0.0000   30.0000  -30.000011597.5225   10.1099
    7.5000   30.0000  -30.000010872.4834   10.1113
   -7.5000   37.5000  -30.000010788.3691   10.4065
    0.0000   37.5000  -30.000011211.9844   10.4272
    7.5000   37.5000  -30.000010516.9932   10.4341
   -7.5000   45.0000  -30.000010107.1475   10.4983
    0.0000   45.0000  -30.000010474.1289   10.5187
    7.5000   45.0000  -30.0000 9861.2646   10.5300
   -7.5000  -45.0000  -22.500011302.3779   10.0207
    0.0000  -45.0000  -22.500011852.6562   10.0401
    7.5000  -45.0000  -22.500011391.0439   10.0470
   -7.5000  -37.5000  -22.500011656.2607    9.9843
    0.0000  -37.5000  -22.500012216.4160   10.0017
    7.5000  -37.5000  -22.500011695.1230   10.0087
   -7.5000  -30.0000  -22.500012320.6660    9.8399
    0.0000  -30.0000  -22.500012952.5645    9.8526
    7.5000  -30.0000  -22.500012407.1152    9.8556
   -7.5000  -22.5000  -22.500012984.8672    9.7250
    0.0000  -22.5000  -22.500013664.6953    9.7362
    7.5000  -22.5000  -22.500013062.7119    9.7364
   -7.5000  -15.0000  -22.500013601.7754    9.6952
    0.0000  -15.0000  -22.500014302.3916    9.7088
    7.5000  -15.0000  -22.500013686.6562    9.7094
   -7.5000   -7.5000  -22.500014163.6543    9.6699
    0.0000   -7.5000  -22.500014868.1709    9.6877
    7.5000   -7.5000  -22.500014223.2988    9.6916
   -7.5000    0.0000  -22.500014658.5244    9.6573
    0.0000    0.0000  -22.500015401.3926    9.6766
    7.5000    0.0000  -22.500014673.8203    9.6832
   -7.5000    7.5000  -22.500014141.9727    9.7578
    0.0000    7.5000  -22.500014836.4385    9.7746
    7.5000    7.5000  -22.500014095.4473    9.7810
   -7.5000   15.0000  -22.500013509.2061   10.0075
    0.0000   15.0000  -22.500014179.9238   10.0201
    7.5000   15.0000  -22.500013355.2549   10.0230
   -7.5000   22.5000  -22.500012714.9658   10.2734
    0.0000   22.5000  -22.500013289.3135   10.2830
    7.5000   22.5000  -22.500012433.3604   10.2822
   -7.5000   30.0000  -22.500011890.4756   10.4372
    0.0000   30.0000  -22.500012362.1523   10.4515
    7.5000   30.0000  -22.500011510.8271   10.4519
   -7.5000   37.5000  -22.500011460.4971   10.7607
    0.0000   37.5000  -22.500011877.8740   10.7801
    7.5000   37.5000  -22.500011079.9453   10.7852
   -7.5000   45.0000  -22.500010700.9102   10.8658
    0.0000   45.0000  -22.500011079.3408   10.8846
    7.5000   45.0000  -22.500010364.4961   10.8934
   -7.5000  -45.0000  -15.000011885.4131   10.2348
    0.0000  -45.0000  -15.000012493.8779   10.2547
    7.5000  -45.0000  -15.000012009.7393   10.2631
   -7.5000  -37.5000  -15.000012219.7559   10.2034
    0.0000  -37.5000  -15.000012871.1387   10.2204
    7.5000  -37.5000  -15.000012349.9365   10.2290
   -7.5000  -30.0000  -15.000012918.1152   10.0592
    0.0000  -30.0000  -15.000013618.9570   10.0705
    7.5000  -30.0000  -15.000013093.2881   10.0739
   -7.5000  -22.5000  -15.000013595.0527    9.9392
    0.0000  -22.5000  -15.000014322.5869    9.9488
    7.5000  -22.5000  -15.000013778.1475    9.9487
   -7.5000  -15.0000  -15.000014240.6416    9.9036
    0.0000  -15.0000  -15.000015030.1934    9.9164
    7.5000  -15.0000  -15.000014428.3838    9.9166
   -7.5000   -7.5000  -15.000014835.1553    9.8758
    0.0000   -7.5000  -15.000015660.1328    9.8936
    7.5000   -7.5000  -15.000014983.4590    9.8979
   -7.5000    0.0000  -15.000015402.0693    9.8649
    0.0000    0.0000  -15.000016201.7451    9.8844
    7.5000    0.0000  -15.000015440.8877    9.8925
   -7.5000    7.5000  -15.000014972.3311    9.9729
    0.0000    7.5000  -15.000015724.6553    9.9893
    7.5000    7.5000  -15.000014889.3535    9.9973
   -7.5000   15.0000  -15.000014568.7764   10.2303
    0.0000   15.0000  -15.000015330.8398   10.2417
    7.5000   15.0000  -15.000014254.1904   10.2452
   -7.5000   22.5000  -15.000013769.7100   10.4985
    0.0000   22.5000  -15.000014408.1836   10.5067
    7.5000   22.5000  -15.000013263.0225   10.5059
   -7.5000   30.0000  -15.000012697.3203   10.6635
    0.0000   30.0000  -15.000013250.6680   10.6770
    7.5000   30.0000  -15.000012210.1533   10.6772
   -7.5000   37.5000  -15.000012153.9580   10.9918
    0.0000   37.5000  -15.000012670.1201   11.0100
    7.5000   37.5000  -15.000011689.2881   11.0155
   -7.5000   45.0000  -15.000011283.0010   11.1046
    0.0000   45.0000  -15.000011788.1650   11.1231
    7.5000   45.0000  -15.000010905.1543   11.1335
   -7.5000  -45.0000   -7.500012418.3916   10.3287
    0.0000  -45.0000   -7.500013103.9893   10.3500
    7.5000  -45.0000   -7.500012615.2148   10.3626
   -7.5000  -37.5000   -7.500012787.0957   10.2976
    0.0000  -37.5000   -7.500013496.5664   10.3153
    7.5000  -37.5000   -7.500012953.0117   10.3280
   -7.5000  -30.0000   -7.500013521.8320   10.1547
    0.0000  -30.0000   -7.500014276.3369   10.1667
    7.5000  -30.0000   -7.500013697.1133   10.1731
   -7.5000  -22.5000   -7.500014231.1328   10.0349
    0.0000  -22.5000   -7.500015019.0889   10.0455
    7.5000  -22.5000   -7.500014410.5332   10.0469
   -7.5000  -15.0000   -7.500014925.7705    9.9984
    0.0000  -15.0000   -7.500015759.9512   10.0125
    7.5000  -15.0000   -7.500015108.1865   10.0138
   -7.5000   -7.5000   -7.500015566.8770    9.9684
    0.0000   -7.5000   -7.500016403.9102    9.9874
    7.5000   -7.5000   -7.500015693.5830    9.9942
   -7.5000    0.0000   -7.500016175.5498    9.9562
    0.0000    0.0000   -7.500017022.7852    9.9768
    7.5000    0.0000   -7.500016216.4678    9.9886
   -7.5000    7.5000   -7.500015883.9053   10.0656
    0.0000    7.5000   -7.500016741.1504   10.0829
    7.5000    7.5000   -7.500015730.0928   10.0948
   -7.5000   15.0000   -7.500015557.3008   10.3259
    0.0000   15.0000   -7.500016561.4805   10.3384
    7.5000   15.0000   -7.500015174.2012   10.3451
   -7.5000   22.5000   -7.500014662.7754   10.5946
    0.0000   22.5000   -7.500015632.2773   10.6041
    7.5000   22.5000   -7.500014201.0557   10.6057
   -7.5000   30.0000   -7.500013467.9277   10.7614
    0.0000   30.0000   -7.500014338.4014   10.7759
    7.5000   30.0000   -7.500013024.1074   10.7776
   -7.5000   37.5000   -7.500012815.3369   11.0908
    0.0000   37.5000   -7.500013608.6943   11.1097
    7.5000   37.5000   -7.500012386.0254   11.1178
   -7.5000   45.0000   -7.500011860.9746   11.2049
    0.0000   45.0000   -7.500012563.9033   11.2248
    7.5000   45.0000   -7.500011498.2305   11.2398
   -7.5000  -45.0000    0.000012889.0449   10.3445
    0.0000  -45.0000    0.000013496.6406   10.3670
    7.5000  -45.0000    0.000013003.4746   10.3825
   -7.5000  -37.5000    0.000013300.9531   10.3095
    0.0000  -37.5000    0.000013902.5977   10.3287
    7.5000  -37.5000    0.000013362.8730   10.3439
   -7.5000  -30.0000    0.000014105.6494   10.1661
    0.0000  -30.0000    0.000014733.3008   10.1800
    7.5000  -30.0000    0.000014170.8896   10.1891
   -7.5000  -22.5000    0.000014864.1582   10.0495
    0.0000  -22.5000    0.000015554.7305   10.0624
    7.5000  -22.5000    0.000014955.0615   10.0659
   -7.5000  -15.0000    0.000015568.8008   10.0166
    0.0000  -15.0000    0.000016390.7012   10.0327
    7.5000  -15.0000    0.000015720.6807   10.0358
   -7.5000   -7.5000    0.000016202.8633    9.9863
    0.0000   -7.5000    0.000017170.1680   10.0068
    7.5000   -7.5000    0.000016408.8340   10.0157
   -7.5000    0.0000    0.000016750.1973    9.9712
    0.0000    0.0000    0.000017886.1035    9.9929
    7.5000    0.0000    0.000016976.1562   10.0073
   -7.5000    7.5000    0.000016328.7090   10.0772
    0.0000    7.5000    0.000017563.0137   10.0958
    7.5000    7.5000    0.000016416.4102   10.1103
   -7.5000   15.0000    0.000015815.6504   10.3370
    0.0000   15.0000    0.000017187.6035   10.3515
    7.5000   15.0000    0.000015734.2158   10.3610
   -7.5000   22.5000    0.000014898.9893   10.6083
    0.0000   22.5000    0.000016215.8955   10.6204
    7.5000   22.5000    0.000014748.6270   10.6243
   -7.5000   30.0000    0.000013837.1680   10.7786
    0.0000   30.0000    0.000015005.3252   10.7948
    7.5000   30.0000    0.000013583.9805   10.7983
   -7.5000   37.5000    0.000013271.5713   11.1088
    0.0000   37.5000    0.000014266.3535   11.1296
    7.5000   37.5000    0.000012909.8125   11.1404
   -7.5000   45.0000    0.000012252.4229   11.2215
    0.0000   45.0000    0.000013055.4678   11.2433
    7.5000   45.0000    0.000011916.9424   11.2619
   -7.5000  -45.0000    7.500012406.3955   10.3598
    0.0000  -45.0000    7.500012910.1406   10.3828
    7.5000  -45.0000    7.500012406.1250   10.3971
   -7.5000  -37.5000    7.500012787.0254   10.3197
    0.0000  -37.5000    7.500013353.9619   10.3401
    7.5000  -37.5000    7.500012792.7949   10.3542
   -7.5000  -30.0000    7.500013567.2705   10.1735
    0.0000  -30.0000    7.500014222.2461   10.1891
    7.5000  -30.0000    7.500013637.4990   10.1978
   -7.5000  -22.5000    7.500014266.3330   10.0602
    0.0000  -22.5000    7.500015053.8379   10.0744
    7.5000  -22.5000    7.500014458.9258   10.0781
   -7.5000  -15.0000    7.500014924.4570   10.0324
    0.0000  -15.0000    7.500015856.0918   10.0493
    7.5000  -15.0000    7.500015182.1475   10.0526
   -7.5000   -7.5000    7.500015457.1064   10.0031
    0.0000   -7.5000    7.500016481.6211   10.0242
    7.5000   -7.5000    7.500015722.5684   10.0326
   -7.5000    0.0000    7.500015886.4326    9.9852
    0.0000    0.0000    7.500016957.4004   10.0076
    7.5000    0.0000    7.500016156.4238   10.0208
   -7.5000    7.5000    7.500015339.0889   10.0865
    0.0000    7.5000    7.500016362.8457   10.1062
    7.5000    7.5000    7.500015464.9883   10.1195
   -7.5000   15.0000    7.500014701.2646   10.3459
    0.0000   15.0000    7.500015753.8398   10.3617
    7.5000   15.0000    7.500014729.5234   10.3706
   -7.5000   22.5000    7.500013801.1572   10.6224
    0.0000   22.5000    7.500014752.6514   10.6356
    7.5000   22.5000    7.500013802.9131   10.6393
   -7.5000   30.0000    7.500012856.3994   10.7981
    0.0000   30.0000    7.500013692.3252   10.8150
    7.5000   30.0000    7.500012788.8662   10.8182
   -7.5000   37.5000    7.500012384.4805   11.1310
    0.0000   37.5000    7.500013151.1465   11.1533
    7.5000   37.5000    7.500012251.1494   11.1636
   -7.5000   45.0000    7.500011490.5225   11.2433
    0.0000   45.0000    7.500012157.3203   11.2662
    7.5000   45.0000    7.500011337.2705   11.2834
   -7.5000  -45.0000   15.000011716.8242   10.3858
    0.0000  -45.0000   15.000012323.2783   10.4077
    7.5000  -45.0000   15.000011833.7715   10.4176
   -7.5000  -37.5000   15.000012069.3613   10.3436
    0.0000  -37.5000   15.000012739.0205   10.3636
    7.5000  -37.5000   15.000012205.7949   10.3735
   -7.5000  -30.0000   15.000012805.5195   10.1941
    0.0000  -30.0000   15.000013533.7119   10.2096
    7.5000  -30.0000   15.000012982.9561   10.2152
   -7.5000  -22.5000   15.000013464.6240   10.0798
    0.0000  -22.5000   15.000014239.0732   10.0937
    7.5000  -22.5000   15.000013675.6387   10.0958
   -7.5000  -15.0000   15.000014057.3623   10.0536
    0.0000  -15.0000   15.000014851.5273   10.0698
    7.5000  -15.0000   15.000014240.0420   10.0718
   -7.5000   -7.5000   15.000014516.2373   10.0266
    0.0000   -7.5000   15.000015300.9160   10.0469
    7.5000   -7.5000   15.000014666.1299   10.0527
   -7.5000    0.0000   15.000014859.4873   10.0094
    0.0000    0.0000   15.000015642.9873   10.0311
    7.5000    0.0000   15.000015003.2832   10.0403
   -7.5000    7.5000   15.000014231.0615   10.1092
    0.0000    7.5000   15.000014959.7061   10.1284
    7.5000    7.5000   15.000014293.6338   10.1376
   -7.5000   15.0000   15.000013514.7520   10.3678
    0.0000   15.0000   15.000014247.1738   10.3831
    7.5000   15.0000   15.000013570.4609   10.3887
   -7.5000   22.5000   15.000012633.9229   10.6459
    0.0000   22.5000   15.000013302.9912   10.6583
    7.5000   22.5000   15.000012701.0059   10.6598
   -7.5000   30.0000   15.000011762.2109   10.8236
    0.0000   30.0000   15.000012362.3125   10.8401
    7.5000   30.0000   15.000011764.5840   10.8417
   -7.5000   37.5000   15.000011327.4844   11.1596
    0.0000   37.5000   15.000011906.0322   11.1819
    7.5000   37.5000   15.000011287.6748   11.1893
   -7.5000   45.0000   15.000010548.3311   11.2746
    0.0000   45.0000   15.000011073.4463   11.2965
    7.5000   45.0000   15.000010481.4297   11.3087
   -7.5000  -45.0000   22.500010977.2217   10.5095
    0.0000  -45.0000   22.500011606.1543   10.5304
    7.5000  -45.0000   22.500011134.0469   10.5379
   -7.5000  -37.5000   22.500011322.8555   10.4705
    0.0000  -37.5000   22.500011935.7949   10.4891
    7.5000  -37.5000   22.500011437.0527   10.4969
   -7.5000  -30.0000   22.500012003.3701   10.3177
    0.0000  -30.0000   22.500012624.0098   10.3313
    7.5000  -30.0000   22.500012103.0693   10.3348
   -7.5000  -22.5000   22.500012589.9902   10.1963
    0.0000  -22.5000   22.500013195.4219   10.2082
    7.5000  -22.5000   22.500012677.7451   10.2088
   -7.5000  -15.0000   22.500013102.5938   10.1651
    0.0000  -15.0000   22.500013706.8906   10.1796
    7.5000  -15.0000   22.500013174.1201   10.1805
   -7.5000   -7.5000   22.500013527.2109   10.1384
    0.0000   -7.5000   22.500014118.0801   10.1575
    7.5000   -7.5000   22.500013606.9727   10.1618
   -7.5000    0.0000   22.500013836.2881   10.1251
    0.0000    0.0000   22.500014456.7627   10.1458
    7.5000    0.0000   22.500013918.9160   10.1529
   -7.5000    7.5000   22.500013200.2227   10.2309
    0.0000    7.5000   22.500013821.7217   10.2488
    7.5000    7.5000   22.500013236.0635   10.2560
   -7.5000   15.0000   22.500012495.8896   10.4948
    0.0000   15.0000   22.500013093.7314   10.5082
    7.5000   15.0000   22.500012539.3496   10.5117
   -7.5000   22.5000   22.500011657.9082   10.7746
    0.0000   22.5000   22.500012198.6670   10.7847
    7.5000   22.5000   22.500011694.0322   10.7842
   -7.5000   30.0000   22.500010831.2402   10.9529
    0.0000   30.0000   22.500011327.4590   10.9680
    7.5000   30.0000   22.500010843.1650   10.9686
   -7.5000   37.5000   22.500010466.5918   11.2962
    0.0000   37.5000   22.500010939.3643   11.3168
    7.5000   37.5000   22.500010421.1904   11.3225
   -7.5000   45.0000   22.5000 9762.3027   11.4197
    0.0000   45.0000   22.500010188.8252   11.4399
    7.5000   45.0000   22.5000 9668.8291   11.4495
   -7.5000  -45.0000   30.000010214.2363   10.6786
    0.0000  -45.0000   30.000010748.8848   10.7000
    7.5000  -45.0000   30.000010281.9111   10.7097
   -7.5000  -37.5000   30.000010503.5762   10.6436
    0.0000  -37.5000   30.000011023.2656   10.6619
    7.5000  -37.5000   30.000010535.1006   10.6718
   -7.5000  -30.0000   30.000011085.6172   10.4899
    0.0000  -30.0000   30.000011630.6768   10.5022
    7.5000  -30.0000   30.000011127.3066   10.5062
   -7.5000  -22.5000   30.000011621.1436   10.3621
    0.0000  -22.5000   30.000012146.0049   10.3726
    7.5000  -22.5000   30.000011642.5020   10.3726
   -7.5000  -15.0000   30.000012102.9209   10.3244
    0.0000  -15.0000   30.000012620.4033   10.3383
    7.5000  -15.0000   30.000012109.3770   10.3386
   -7.5000   -7.5000   30.000012486.2178   10.2948
    0.0000   -7.5000   30.000013014.0518   10.3138
    7.5000   -7.5000   30.000012517.6211   10.3189
   -7.5000    0.0000   30.000012798.5322   10.2829
    0.0000    0.0000   30.000013348.7129   10.3039
    7.5000    0.0000   30.000012813.7588   10.3131
   -7.5000    7.5000   30.000012176.3730   10.3971
    0.0000    7.5000   30.000012708.9189   10.4148
    7.5000    7.5000   30.000012160.8008   10.4239
   -7.5000   15.0000   30.000011476.2900   10.6704
    0.0000   15.0000   30.000011982.1982   10.6829
    7.5000   15.0000   30.000011485.0498   10.6870
   -7.5000   22.5000   30.000010679.1328   10.9544
    0.0000   22.5000   30.000011132.0703   10.9634
    7.5000   22.5000   30.000010686.7939   10.9627
   -7.5000   30.0000   30.0000 9946.0615   11.1346
    0.0000   30.0000   30.000010352.4395   11.1491
    7.5000   30.0000   30.0000 9902.1260   11.1496
   -7.5000   37.5000   30.0000 9636.4258   11.4857
    0.0000   37.5000   30.000010028.4912   11.5053
    7.5000   37.5000   30.0000 9566.7695   11.5116
   -7.5000   45.0000   30.0000 9015.0479   11.6175
    0.0000   45.0000   30.0000 9375.2959   11.6375
    7.5000   45.0000   30.0000 8900.4424   11.6495
   -7.5000  -45.0000   37.5000 9840.9834   10.9228
    0.0000  -45.0000   37.500010347.4619   10.9467
    7.5000  -45.0000   37.5000 9908.5742   10.9623
   -7.5000  -37.5000   37.500010072.3057   10.8855
    0.0000  -37.5000   37.500010581.9863   10.9056
    7.5000  -37.5000   37.500010128.3525   10.9215
   -7.5000  -30.0000   37.500010601.3799   10.7296
    0.0000  -30.0000   37.500011120.4629   10.7433
    7.5000  -30.0000   37.500010653.5908   10.7520
   -7.5000  -22.5000   37.500011105.8799   10.5996
    0.0000  -22.5000   37.500011612.8740   10.6115
    7.5000  -22.5000   37.500011131.8740   10.6145
   -7.5000  -15.0000   37.500011568.3154   10.5609
    0.0000  -15.0000   37.500012070.9492   10.5764
    7.5000  -15.0000   37.500011580.1973   10.5791
   -7.5000   -7.5000   37.500011940.9629   10.5269
    0.0000   -7.5000   37.500012459.4619   10.5480
    7.5000   -7.5000   37.500011957.6934   10.5568
   -7.5000    0.0000   37.500012222.5576   10.5114
    0.0000    0.0000   37.500012755.9395   10.5344
    7.5000    0.0000   37.500012237.1914   10.5490
   -7.5000    7.5000   37.500011597.1602   10.6287
    0.0000    7.5000   37.500012090.2490   10.6482
    7.5000    7.5000   37.500011565.5977   10.6631
   -7.5000   15.0000   37.500010931.1455   10.9129
    0.0000   15.0000   37.500011375.9971   10.9270
    7.5000   15.0000   37.500010893.7637   10.9362
   -7.5000   22.5000   37.500010159.0693   11.2088
    0.0000   22.5000   37.500010575.4619   11.2195
    7.5000   22.5000   37.500010129.3408   11.2226
   -7.5000   30.0000   37.5000 9469.9150   11.3998
    0.0000   30.0000   37.5000 9847.8447   11.4160
    7.5000   30.0000   37.5000 9398.3623   11.4191
   -7.5000   37.5000   37.5000 9195.5898   11.7644
    0.0000   37.5000   37.5000 9560.2695   11.7857
    7.5000   37.5000   37.5000 9106.5293   11.7963
   -7.5000   45.0000   37.5000 8617.4141   11.9051
    0.0000   45.0000   37.5000 8953.3926   11.9278
    7.5000   45.0000   37.5000 8502.5811   11.9466
   -7.5000  -45.0000   45.0000 9111.2793   11.2735
    0.0000  -45.0000   45.0000 9599.0391   11.2993
    7.5000  -45.0000   45.0000 9210.1553   11.3173
   -7.5000  -37.5000   45.0000 9280.5732   11.2278
    0.0000  -37.5000   45.0000 9787.4814   11.2494
    7.5000  -37.5000   45.0000 9378.7217   11.2676
   -7.5000  -30.0000   45.0000 9746.4971   11.0631
    0.0000  -30.0000   45.000010251.4277   11.0787
    7.5000  -30.0000   45.0000 9824.5137   11.0895
   -7.5000  -22.5000   45.000010210.6064   10.9329
    0.0000  -22.5000   45.000010683.8184   10.9474
    7.5000  -22.5000   45.000010226.6602   10.9511
   -7.5000  -15.0000   45.000010628.4307   10.9017
    0.0000  -15.0000   45.000011105.3848   10.9202
    7.5000  -15.0000   45.000010624.2812   10.9229
   -7.5000   -7.5000   45.000010980.0039   10.8678
    0.0000   -7.5000   45.000011475.6455   10.8916
    7.5000   -7.5000   45.000010963.6543   10.9013
   -7.5000    0.0000   45.000011211.7842   10.8459
    0.0000    0.0000   45.000011744.2422   10.8710
    7.5000    0.0000   45.000011204.2939   10.8877
   -7.5000    7.5000   45.000010620.5205   10.9548
    0.0000    7.5000   45.000011088.1943   10.9757
    7.5000    7.5000   45.000010586.0078   10.9929
   -7.5000   15.0000   45.0000 9992.6201   11.2392
    0.0000   15.0000   45.000010410.1523   11.2553
    7.5000   15.0000   45.0000 9956.6445   11.2666
   -7.5000   22.5000   45.0000 9315.9668   11.5587
    0.0000   22.5000   45.0000 9702.1045   11.5722
    7.5000   22.5000   45.0000 9271.4170   11.5761
   -7.5000   30.0000   45.0000 8654.7861   11.7631
    0.0000   30.0000   45.0000 8999.4268   11.7818
    7.5000   30.0000   45.0000 8583.2959   11.7847
   -7.5000   37.5000   45.0000 8410.5400   12.1378
    0.0000   37.5000   45.0000 8730.2373   12.1622
    7.5000   37.5000   45.0000 8298.8584   12.1739
   -7.5000   45.0000   45.0000 7889.6406   12.2805
    0.0000   45.0000   45.0000 8190.4458   12.3059
    7.5000   45.0000   45.0000 7749.0166   12.3279

---------------------------------------------------------------------
imgreg_4dfp /opt/freesurfer/average/711-2C_as_mni_average_305 /opt/freesurfer/average/711-2B_as_mni_average_305_mask talsrcimg_g11 none talsrcimg_to_711-2C_as_mni_average_305_t4 4355
---------------------------------------------------------------------

freesurfer imgreg_4dfp.c
/opt/freesurfer/average/711-2C_as_mni_average_305.4dfp.img
       256       256       256         1
  1.000000  1.000000  1.000000
orientation T byte_order littleendian
Reading image: /opt/freesurfer/average/711-2C_as_mni_average_305.4dfp.img
dimensions:      256       256       256
mmppix:       1.0000   -1.0000   -1.0000
center:     128.0000 -129.0000 -129.0000
/opt/freesurfer/average/711-2B_as_mni_average_305_mask.4dfp.img
       256       256       256         1
  1.000000  1.000000  1.000000
orientation T byte_order littleendian
Reading mask: /opt/freesurfer/average/711-2B_as_mni_average_305_mask.4dfp.img (2306576 pixels)
talsrcimg_g11.4dfp.img
       256       256       256         1
  1.000000  1.000000  1.000000
orientation T byte_order littleendian
Reading image: talsrcimg_g11.4dfp.img
dimensions:      256       256       256
mmppix:       1.0000   -1.0000   -1.0000
center:     128.0000 -129.0000 -129.0000
rotation matrix determinant  1.000000
image alignment mode   4355 decimal     1103 hex
   -7.5000  -45.0000  -45.0000 2287.7607   13.2374
    0.0000  -45.0000  -45.0000 2315.2935   13.1496
    7.5000  -45.0000  -45.0000 2326.6555   13.1000
   -7.5000  -37.5000  -45.0000 2300.5586   13.0755
    0.0000  -37.5000  -45.0000 2327.8411   12.9617
    7.5000  -37.5000  -45.0000 2328.0012   12.9517
   -7.5000  -30.0000  -45.0000 2321.9851   12.9605
    0.0000  -30.0000  -45.0000 2350.7668   12.8388
    7.5000  -30.0000  -45.0000 2345.5034   12.8235
   -7.5000  -22.5000  -45.0000 2354.3474   12.9066
    0.0000  -22.5000  -45.0000 2379.3699   12.7762
    7.5000  -22.5000  -45.0000 2367.0928   12.7621
   -7.5000  -15.0000  -45.0000 2379.1243   12.8586
    0.0000  -15.0000  -45.0000 2401.9561   12.6974
    7.5000  -15.0000  -45.0000 2383.2795   12.7080
   -7.5000   -7.5000  -45.0000 2402.6860   12.7354
    0.0000   -7.5000  -45.0000 2416.0029   12.6213
    7.5000   -7.5000  -45.0000 2396.1804   12.7016
   -7.5000    0.0000  -45.0000 2416.0354   12.6570
    0.0000    0.0000  -45.0000 2425.2703   12.5180
    7.5000    0.0000  -45.0000 2407.4478   12.6315
   -7.5000    7.5000  -45.0000 2438.9465   12.6092
    0.0000    7.5000  -45.0000 2433.4717   12.4814
    7.5000    7.5000  -45.0000 2421.4973   12.5740
   -7.5000   15.0000  -45.0000 2454.3306   12.5465
    0.0000   15.0000  -45.0000 2441.3628   12.4767
    7.5000   15.0000  -45.0000 2427.4111   12.6109
   -7.5000   22.5000  -45.0000 2461.5374   12.5801
    0.0000   22.5000  -45.0000 2446.9165   12.5314
    7.5000   22.5000  -45.0000 2427.3870   12.7318
   -7.5000   30.0000  -45.0000 2453.6978   12.8372
    0.0000   30.0000  -45.0000 2442.7671   12.8406
    7.5000   30.0000  -45.0000 2419.2117   13.0148
   -7.5000   37.5000  -45.0000 2429.0601   13.2808
    0.0000   37.5000  -45.0000 2422.4509   13.3129
    7.5000   37.5000  -45.0000 2390.7344   13.4847
   -7.5000   45.0000  -45.0000 2383.3069   13.9048
    0.0000   45.0000  -45.0000 2372.7927   13.9863
    7.5000   45.0000  -45.0000 2342.8159   14.1836
   -7.5000  -45.0000  -37.5000 2367.2466   12.3915
    0.0000  -45.0000  -37.5000 2399.4504   12.2800
    7.5000  -45.0000  -37.5000 2403.6501   12.2310
   -7.5000  -37.5000  -37.5000 2381.6050   12.2184
    0.0000  -37.5000  -37.5000 2412.6316   12.0923
    7.5000  -37.5000  -37.5000 2408.5889   12.0772
   -7.5000  -30.0000  -37.5000 2400.6917   12.0896
    0.0000  -30.0000  -37.5000 2431.3879   11.9619
    7.5000  -30.0000  -37.5000 2423.4165   11.9722
   -7.5000  -22.5000  -37.5000 2432.6516   12.0224
    0.0000  -22.5000  -37.5000 2458.4602   11.8995
    7.5000  -22.5000  -37.5000 2447.0928   11.9401
   -7.5000  -15.0000  -37.5000 2456.3074   11.9545
    0.0000  -15.0000  -37.5000 2476.3162   11.8283
    7.5000  -15.0000  -37.5000 2462.9485   11.9056
   -7.5000   -7.5000  -37.5000 2475.5640   11.8654
    0.0000   -7.5000  -37.5000 2490.5288   11.7603
    7.5000   -7.5000  -37.5000 2473.0593   11.8515
   -7.5000    0.0000  -37.5000 2493.5518   11.8014
    0.0000    0.0000  -37.5000 2502.3643   11.6891
    7.5000    0.0000  -37.5000 2485.8726   11.7839
   -7.5000    7.5000  -37.5000 2517.5969   11.7335
    0.0000    7.5000  -37.5000 2518.5793   11.6571
    7.5000    7.5000  -37.5000 2504.5017   11.7303
   -7.5000   15.0000  -37.5000 2534.2603   11.7060
    0.0000   15.0000  -37.5000 2524.7954   11.6530
    7.5000   15.0000  -37.5000 2508.6194   11.7360
   -7.5000   22.5000  -37.5000 2547.7461   11.7719
    0.0000   22.5000  -37.5000 2533.6619   11.7599
    7.5000   22.5000  -37.5000 2511.1846   11.8821
   -7.5000   30.0000  -37.5000 2537.7778   12.0399
    0.0000   30.0000  -37.5000 2530.2627   12.0588
    7.5000   30.0000  -37.5000 2498.8342   12.2179
   -7.5000   37.5000  -37.5000 2509.1621   12.4727
    0.0000   37.5000  -37.5000 2503.7681   12.4928
    7.5000   37.5000  -37.5000 2474.4907   12.6527
   -7.5000   45.0000  -37.5000 2467.5403   13.0659
    0.0000   45.0000  -37.5000 2454.1658   13.0860
    7.5000   45.0000  -37.5000 2422.9126   13.2543
   -7.5000  -45.0000  -30.0000 2491.4509   12.0671
    0.0000  -45.0000  -30.0000 2524.5820   11.9117
    7.5000  -45.0000  -30.0000 2529.5894   11.8906
   -7.5000  -37.5000  -30.0000 2506.1809   11.9140
    0.0000  -37.5000  -30.0000 2535.2908   11.7722
    7.5000  -37.5000  -30.0000 2535.3313   11.7395
   -7.5000  -30.0000  -30.0000 2516.6355   11.7757
    0.0000  -30.0000  -30.0000 2552.8838   11.6655
    7.5000  -30.0000  -30.0000 2543.9402   11.6467
   -7.5000  -22.5000  -30.0000 2539.7791   11.6751
    0.0000  -22.5000  -30.0000 2573.4119   11.5664
    7.5000  -22.5000  -30.0000 2562.1326   11.5887
   -7.5000  -15.0000  -30.0000 2557.3796   11.6040
    0.0000  -15.0000  -30.0000 2581.8723   11.4677
    7.5000  -15.0000  -30.0000 2573.2031   11.5302
   -7.5000   -7.5000  -30.0000 2581.6584   11.5073
    0.0000   -7.5000  -30.0000 2597.5464   11.3991
    7.5000   -7.5000  -30.0000 2587.7405   11.4954
   -7.5000    0.0000  -30.0000 2609.8198   11.4645
    0.0000    0.0000  -30.0000 2617.1245   11.3843
    7.5000    0.0000  -30.0000 2602.4045   11.4341
   -7.5000    7.5000  -30.0000 2635.1731   11.4134
    0.0000    7.5000  -30.0000 2637.5381   11.3392
    7.5000    7.5000  -30.0000 2630.0803   11.4040
   -7.5000   15.0000  -30.0000 2655.4810   11.4176
    0.0000   15.0000  -30.0000 2647.4941   11.3483
    7.5000   15.0000  -30.0000 2634.7244   11.3846
   -7.5000   22.5000  -30.0000 2675.6392   11.4891
    0.0000   22.5000  -30.0000 2667.3374   11.4459
    7.5000   22.5000  -30.0000 2640.5491   11.5127
   -7.5000   30.0000  -30.0000 2670.4392   11.7814
    0.0000   30.0000  -30.0000 2663.0422   11.7424
    7.5000   30.0000  -30.0000 2626.3394   11.8745
   -7.5000   37.5000  -30.0000 2642.4209   12.2322
    0.0000   37.5000  -30.0000 2635.1453   12.2101
    7.5000   37.5000  -30.0000 2603.7664   12.3439
   -7.5000   45.0000  -30.0000 2587.7637   12.7926
    0.0000   45.0000  -30.0000 2579.0017   12.8000
    7.5000   45.0000  -30.0000 2550.2954   12.9614
   -7.5000  -45.0000  -22.5000 2584.5623   11.6690
    0.0000  -45.0000  -22.5000 2610.7502   11.4709
    7.5000  -45.0000  -22.5000 2617.4490   11.4539
   -7.5000  -37.5000  -22.5000 2589.2439   11.5397
    0.0000  -37.5000  -22.5000 2620.7498   11.3686
    7.5000  -37.5000  -22.5000 2621.8083   11.3377
   -7.5000  -30.0000  -22.5000 2596.1631   11.4055
    0.0000  -30.0000  -22.5000 2632.9648   11.2584
    7.5000  -30.0000  -22.5000 2627.6389   11.2606
   -7.5000  -22.5000  -22.5000 2612.1140   11.2986
    0.0000  -22.5000  -22.5000 2643.7900   11.1308
    7.5000  -22.5000  -22.5000 2642.2749   11.1606
   -7.5000  -15.0000  -22.5000 2625.1494   11.1973
    0.0000  -15.0000  -22.5000 2652.1406   11.0425
    7.5000  -15.0000  -22.5000 2655.6711   11.0784
   -7.5000   -7.5000  -22.5000 2655.2058   11.1133
    0.0000   -7.5000  -22.5000 2672.4736   10.9858
    7.5000   -7.5000  -22.5000 2672.9304   11.0377
   -7.5000    0.0000  -22.5000 2696.0923   11.0647
    0.0000    0.0000  -22.5000 2703.1917   10.9513
    7.5000    0.0000  -22.5000 2694.0781   11.0085
   -7.5000    7.5000  -22.5000 2727.1587   11.1012
    0.0000    7.5000  -22.5000 2731.3486   10.9901
    7.5000    7.5000  -22.5000 2723.7090   11.0210
   -7.5000   15.0000  -22.5000 2757.2063   11.1644
    0.0000   15.0000  -22.5000 2751.5769   11.0969
    7.5000   15.0000  -22.5000 2736.4573   11.0770
   -7.5000   22.5000  -22.5000 2781.4783   11.2395
    0.0000   22.5000  -22.5000 2771.2075   11.1544
    7.5000   22.5000  -22.5000 2743.6204   11.2017
   -7.5000   30.0000  -22.5000 2779.1431   11.5097
    0.0000   30.0000  -22.5000 2765.5403   11.4022
    7.5000   30.0000  -22.5000 2725.8237   11.5124
   -7.5000   37.5000  -22.5000 2743.9255   11.9302
    0.0000   37.5000  -22.5000 2731.2927   11.8468
    7.5000   37.5000  -22.5000 2697.7231   11.9875
   -7.5000   45.0000  -22.5000 2679.9165   12.4710
    0.0000   45.0000  -22.5000 2676.1436   12.3813
    7.5000   45.0000  -22.5000 2646.4248   12.5800
   -7.5000  -45.0000  -15.0000 2637.7949   11.3189
    0.0000  -45.0000  -15.0000 2671.2483   11.0926
    7.5000  -45.0000  -15.0000 2675.0901   11.0238
   -7.5000  -37.5000  -15.0000 2637.0859   11.1724
    0.0000  -37.5000  -15.0000 2672.6594   10.9649
    7.5000  -37.5000  -15.0000 2673.4365   10.9210
   -7.5000  -30.0000  -15.0000 2637.8467   11.0405
    0.0000  -30.0000  -15.0000 2671.4253   10.8459
    7.5000  -30.0000  -15.0000 2672.6267   10.8558
   -7.5000  -22.5000  -15.0000 2650.6816   10.9290
    0.0000  -22.5000  -15.0000 2674.3835   10.7389
    7.5000  -22.5000  -15.0000 2679.8230   10.7602
   -7.5000  -15.0000  -15.0000 2662.6838   10.8236
    0.0000  -15.0000  -15.0000 2681.6252   10.6528
    7.5000  -15.0000  -15.0000 2686.3455   10.6802
   -7.5000   -7.5000  -15.0000 2697.4675   10.7684
    0.0000   -7.5000  -15.0000 2711.4302   10.5981
    7.5000   -7.5000  -15.0000 2704.8264   10.6396
   -7.5000    0.0000  -15.0000 2742.7471   10.7450
    0.0000    0.0000  -15.0000 2742.1204   10.5903
    7.5000    0.0000  -15.0000 2731.5964   10.6314
   -7.5000    7.5000  -15.0000 2789.4360   10.8661
    0.0000    7.5000  -15.0000 2786.7964   10.7275
    7.5000    7.5000  -15.0000 2770.1448   10.7076
   -7.5000   15.0000  -15.0000 2832.7378   11.0885
    0.0000   15.0000  -15.0000 2826.7388   10.9510
    7.5000   15.0000  -15.0000 2801.6890   10.8733
   -7.5000   22.5000  -15.0000 2855.6282   11.2269
    0.0000   22.5000  -15.0000 2846.2993   11.1116
    7.5000   22.5000  -15.0000 2809.0190   11.0374
   -7.5000   30.0000  -15.0000 2838.6663   11.3237
    0.0000   30.0000  -15.0000 2824.8877   11.2158
    7.5000   30.0000  -15.0000 2784.2185   11.2233
   -7.5000   37.5000  -15.0000 2804.2927   11.6212
    0.0000   37.5000  -15.0000 2782.8645   11.5229
    7.5000   37.5000  -15.0000 2740.6824   11.6383
   -7.5000   45.0000  -15.0000 2730.1956   12.1561
    0.0000   45.0000  -15.0000 2721.8276   12.0586
    7.5000   45.0000  -15.0000 2687.2678   12.2410
   -7.5000  -45.0000   -7.5000 2668.0603   10.9424
    0.0000  -45.0000   -7.5000 2704.7273   10.7102
    7.5000  -45.0000   -7.5000 2711.3450   10.6575
   -7.5000  -37.5000   -7.5000 2668.1338   10.8189
    0.0000  -37.5000   -7.5000 2699.4099   10.5936
    7.5000  -37.5000   -7.5000 2707.4204   10.5563
   -7.5000  -30.0000   -7.5000 2660.0649   10.7106
    0.0000  -30.0000   -7.5000 2687.2651   10.4822
    7.5000  -30.0000   -7.5000 2692.3416   10.4669
   -7.5000  -22.5000   -7.5000 2668.7913   10.6166
    0.0000  -22.5000   -7.5000 2689.2429   10.3963
    7.5000  -22.5000   -7.5000 2684.0078   10.3957
   -7.5000  -15.0000   -7.5000 2681.9487   10.5459
    0.0000  -15.0000   -7.5000 2691.8130   10.3479
    7.5000  -15.0000   -7.5000 2688.7717   10.3664
   -7.5000   -7.5000   -7.5000 2723.5835   10.5192
    0.0000   -7.5000   -7.5000 2719.8906   10.3609
    7.5000   -7.5000   -7.5000 2705.7456   10.3583
   -7.5000    0.0000   -7.5000 2771.2712   10.5660
    0.0000    0.0000   -7.5000 2756.4231   10.4242
    7.5000    0.0000   -7.5000 2740.1367   10.4387
   -7.5000    7.5000   -7.5000 2825.0378   10.7656
    0.0000    7.5000   -7.5000 2812.5549   10.6860
    7.5000    7.5000   -7.5000 2789.9221   10.6253
   -7.5000   15.0000   -7.5000 2875.0168   11.0900
    0.0000   15.0000   -7.5000 2877.9543   11.0681
    7.5000   15.0000   -7.5000 2839.9941   10.8615
   -7.5000   22.5000   -7.5000 2901.7468   11.2535
    0.0000   22.5000   -7.5000 2914.7009   11.2738
    7.5000   22.5000   -7.5000 2853.5706   11.0030
   -7.5000   30.0000   -7.5000 2867.5625   11.1941
    0.0000   30.0000   -7.5000 2870.8992   11.2565
    7.5000   30.0000   -7.5000 2808.9446   11.1526
   -7.5000   37.5000   -7.5000 2813.6396   11.4050
    0.0000   37.5000   -7.5000 2807.7998   11.4656
    7.5000   37.5000   -7.5000 2756.6562   11.4837
   -7.5000   45.0000   -7.5000 2732.2886   11.9644
    0.0000   45.0000   -7.5000 2728.6638   11.9941
    7.5000   45.0000   -7.5000 2696.1038   12.0401
   -7.5000  -45.0000    0.0000 2681.1189   10.7908
    0.0000  -45.0000    0.0000 2708.8811   10.4900
    7.5000  -45.0000    0.0000 2721.5439   10.4694
   -7.5000  -37.5000    0.0000 2685.9744   10.7266
    0.0000  -37.5000    0.0000 2705.8459   10.3941
    7.5000  -37.5000    0.0000 2712.2974   10.3776
   -7.5000  -30.0000    0.0000 2684.2368   10.6083
    0.0000  -30.0000    0.0000 2692.9175   10.2887
    7.5000  -30.0000    0.0000 2689.6987   10.3140
   -7.5000  -22.5000    0.0000 2690.8406   10.5362
    0.0000  -22.5000    0.0000 2686.3606   10.2521
    7.5000  -22.5000    0.0000 2678.7573   10.3009
   -7.5000  -15.0000    0.0000 2701.9961   10.5190
    0.0000  -15.0000    0.0000 2693.1108   10.3121
    7.5000  -15.0000    0.0000 2680.8535   10.3371
   -7.5000   -7.5000    0.0000 2740.1150   10.5183
    0.0000   -7.5000    0.0000 2728.8030   10.4318
    7.5000   -7.5000    0.0000 2706.9905   10.4420
   -7.5000    0.0000    0.0000 2780.3208   10.5773
    0.0000    0.0000    0.0000 2773.8188   10.5816
    7.5000    0.0000    0.0000 2745.0657   10.5740
   -7.5000    7.5000    0.0000 2827.3093   10.7626
    0.0000    7.5000    0.0000 2825.4006   10.8639
    7.5000    7.5000    0.0000 2790.4939   10.7582
   -7.5000   15.0000    0.0000 2864.1143   11.0872
    0.0000   15.0000    0.0000 2879.2014   11.2498
    7.5000   15.0000    0.0000 2837.8508   10.9907
   -7.5000   22.5000    0.0000 2879.0811   11.2116
    0.0000   22.5000    0.0000 2898.5906   11.3852
    7.5000   22.5000    0.0000 2847.9773   11.1573
   -7.5000   30.0000    0.0000 2857.9368   11.2898
    0.0000   30.0000    0.0000 2869.5815   11.4616
    7.5000   30.0000    0.0000 2808.5220   11.3685
   -7.5000   37.5000    0.0000 2807.0105   11.5871
    0.0000   37.5000    0.0000 2807.9753   11.6731
    7.5000   37.5000    0.0000 2747.3323   11.6845
   -7.5000   45.0000    0.0000 2712.5007   12.1379
    0.0000   45.0000    0.0000 2707.8252   12.1706
    7.5000   45.0000    0.0000 2674.8311   12.1806
   -7.5000  -45.0000    7.5000 2697.5859   10.8684
    0.0000  -45.0000    7.5000 2703.5500   10.4929
    7.5000  -45.0000    7.5000 2710.4551   10.4637
   -7.5000  -37.5000    7.5000 2705.6592   10.8032
    0.0000  -37.5000    7.5000 2704.3667   10.4790
    7.5000  -37.5000    7.5000 2695.7524   10.4669
   -7.5000  -30.0000    7.5000 2696.8289   10.7040
    0.0000  -30.0000    7.5000 2702.6099   10.4634
    7.5000  -30.0000    7.5000 2688.5437   10.5112
   -7.5000  -22.5000    7.5000 2698.4607   10.6725
    0.0000  -22.5000    7.5000 2697.8457   10.4847
    7.5000  -22.5000    7.5000 2685.4214   10.5678
   -7.5000  -15.0000    7.5000 2708.4353   10.6976
    0.0000  -15.0000    7.5000 2704.7319   10.5902
    7.5000  -15.0000    7.5000 2687.4517   10.6690
   -7.5000   -7.5000    7.5000 2742.1621   10.7311
    0.0000   -7.5000    7.5000 2729.9614   10.7099
    7.5000   -7.5000    7.5000 2698.1599   10.7864
   -7.5000    0.0000    7.5000 2770.6648   10.7959
    0.0000    0.0000    7.5000 2760.5935   10.8557
    7.5000    0.0000    7.5000 2731.9128   10.8957
   -7.5000    7.5000    7.5000 2811.5923   10.9843
    0.0000    7.5000    7.5000 2801.4121   11.0847
    7.5000    7.5000    7.5000 2774.3181   11.0737
   -7.5000   15.0000    7.5000 2843.5754   11.2710
    0.0000   15.0000    7.5000 2841.9114   11.3383
    7.5000   15.0000    7.5000 2815.3367   11.2704
   -7.5000   22.5000    7.5000 2852.5623   11.3629
    0.0000   22.5000    7.5000 2856.9436   11.4504
    7.5000   22.5000    7.5000 2824.3391   11.4566
   -7.5000   30.0000    7.5000 2827.6648   11.6035
    0.0000   30.0000    7.5000 2831.8369   11.6647
    7.5000   30.0000    7.5000 2788.1858   11.7675
   -7.5000   37.5000    7.5000 2770.7554   12.0017
    0.0000   37.5000    7.5000 2768.3423   12.0341
    7.5000   37.5000    7.5000 2718.1172   12.1566
   -7.5000   45.0000    7.5000 2672.7029   12.5936
    0.0000   45.0000    7.5000 2666.5874   12.5892
    7.5000   45.0000    7.5000 2637.7661   12.7068
   -7.5000  -45.0000   15.0000 2680.0112   11.1023
    0.0000  -45.0000   15.0000 2696.3513   10.7625
    7.5000  -45.0000   15.0000 2695.5969   10.7103
   -7.5000  -37.5000   15.0000 2691.9907   11.0758
    0.0000  -37.5000   15.0000 2699.0671   10.7975
    7.5000  -37.5000   15.0000 2688.0383   10.7895
   -7.5000  -30.0000   15.0000 2685.5955   11.0122
    0.0000  -30.0000   15.0000 2695.9431   10.8305
    7.5000  -30.0000   15.0000 2683.9963   10.8811
   -7.5000  -22.5000   15.0000 2685.9583   10.9714
    0.0000  -22.5000   15.0000 2691.7144   10.8326
    7.5000  -22.5000   15.0000 2681.3394   10.9477
   -7.5000  -15.0000   15.0000 2700.7087   10.9876
    0.0000  -15.0000   15.0000 2696.9160   10.8728
    7.5000  -15.0000   15.0000 2679.1328   11.0038
   -7.5000   -7.5000   15.0000 2726.9304   11.0496
    0.0000   -7.5000   15.0000 2711.0105   10.9813
    7.5000   -7.5000   15.0000 2687.8533   11.1011
   -7.5000    0.0000   15.0000 2749.4055   11.1200
    0.0000    0.0000   15.0000 2734.1121   11.0672
    7.5000    0.0000   15.0000 2710.2732   11.1788
   -7.5000    7.5000   15.0000 2781.4548   11.2751
    0.0000    7.5000   15.0000 2769.5579   11.2490
    7.5000    7.5000   15.0000 2744.1921   11.3211
   -7.5000   15.0000   15.0000 2801.9695   11.4258
    0.0000   15.0000   15.0000 2796.7251   11.4105
    7.5000   15.0000   15.0000 2771.3147   11.4997
   -7.5000   22.5000   15.0000 2801.9468   11.5562
    0.0000   22.5000   15.0000 2795.8574   11.6037
    7.5000   22.5000   15.0000 2767.5234   11.7233
   -7.5000   30.0000   15.0000 2771.5403   11.9091
    0.0000   30.0000   15.0000 2759.4631   11.9447
    7.5000   30.0000   15.0000 2729.6011   12.1164
   -7.5000   37.5000   15.0000 2709.8813   12.3816
    0.0000   37.5000   15.0000 2701.2217   12.4012
    7.5000   37.5000   15.0000 2663.1060   12.5832
   -7.5000   45.0000   15.0000 2622.8057   13.0302
    0.0000   45.0000   15.0000 2617.2129   13.0289
    7.5000   45.0000   15.0000 2585.4614   13.2201
   -7.5000  -45.0000   22.5000 2653.6174   11.5185
    0.0000  -45.0000   22.5000 2681.6445   11.1751
    7.5000  -45.0000   22.5000 2672.3997   11.1283
   -7.5000  -37.5000   22.5000 2668.7883   11.4828
    0.0000  -37.5000   22.5000 2681.6553   11.1842
    7.5000  -37.5000   22.5000 2667.0842   11.1888
   -7.5000  -30.0000   22.5000 2665.6843   11.4613
    0.0000  -30.0000   22.5000 2672.9102   11.1982
    7.5000  -30.0000   22.5000 2661.0449   11.2504
   -7.5000  -22.5000   22.5000 2667.5120   11.4091
    0.0000  -22.5000   22.5000 2666.5618   11.1884
    7.5000  -22.5000   22.5000 2656.6497   11.3011
   -7.5000  -15.0000   22.5000 2677.6746   11.3741
    0.0000  -15.0000   22.5000 2669.9673   11.1930
    7.5000  -15.0000   22.5000 2655.1614   11.3451
   -7.5000   -7.5000   22.5000 2697.9556   11.3898
    0.0000   -7.5000   22.5000 2681.1484   11.2601
    7.5000   -7.5000   22.5000 2669.9346   11.4223
   -7.5000    0.0000   22.5000 2716.0078   11.4547
    0.0000    0.0000   22.5000 2701.4895   11.3471
    7.5000    0.0000   22.5000 2686.1433   11.5208
   -7.5000    7.5000   22.5000 2737.9482   11.5995
    0.0000    7.5000   22.5000 2723.1477   11.5122
    7.5000    7.5000   22.5000 2702.7759   11.6820
   -7.5000   15.0000   22.5000 2742.8196   11.7564
    0.0000   15.0000   22.5000 2730.8257   11.7138
    7.5000   15.0000   22.5000 2710.6182   11.8839
   -7.5000   22.5000   22.5000 2736.5254   11.9520
    0.0000   22.5000   22.5000 2720.2375   11.9805
    7.5000   22.5000   22.5000 2692.9487   12.1531
   -7.5000   30.0000   22.5000 2693.7676   12.3672
    0.0000   30.0000   22.5000 2679.8953   12.3882
    7.5000   30.0000   22.5000 2654.3848   12.5842
   -7.5000   37.5000   22.5000 2639.2222   12.8826
    0.0000   37.5000   22.5000 2629.3137   12.8923
    7.5000   37.5000   22.5000 2597.9973   13.0834
   -7.5000   45.0000   22.5000 2557.7554   13.5776
    0.0000   45.0000   22.5000 2551.8274   13.5731
    7.5000   45.0000   22.5000 2523.9143   13.7740
   -7.5000  -45.0000   30.0000 2614.1218   12.0935
    0.0000  -45.0000   30.0000 2633.0417   11.6861
    7.5000  -45.0000   30.0000 2618.6992   11.6014
   -7.5000  -37.5000   30.0000 2629.1738   11.9906
    0.0000  -37.5000   30.0000 2633.6213   11.6257
    7.5000  -37.5000   30.0000 2620.0925   11.6000
   -7.5000  -30.0000   30.0000 2624.9751   11.9760
    0.0000  -30.0000   30.0000 2626.8545   11.6178
    7.5000  -30.0000   30.0000 2621.2292   11.6742
   -7.5000  -22.5000   30.0000 2631.4832   11.9185
    0.0000  -22.5000   30.0000 2623.8037   11.5935
    7.5000  -22.5000   30.0000 2617.1653   11.7307
   -7.5000  -15.0000   30.0000 2642.0742   11.8313
    0.0000  -15.0000   30.0000 2630.9824   11.5677
    7.5000  -15.0000   30.0000 2615.7009   11.7770
   -7.5000   -7.5000   30.0000 2656.4863   11.7942
    0.0000   -7.5000   30.0000 2640.5005   11.6067
    7.5000   -7.5000   30.0000 2631.1064   11.8267
   -7.5000    0.0000   30.0000 2670.1975   11.8873
    0.0000    0.0000   30.0000 2652.1304   11.7364
    7.5000    0.0000   30.0000 2639.7888   11.9735
   -7.5000    7.5000   30.0000 2675.2178   12.0859
    0.0000    7.5000   30.0000 2661.9814   11.9554
    7.5000    7.5000   30.0000 2641.4919   12.1799
   -7.5000   15.0000   30.0000 2667.0984   12.3173
    0.0000   15.0000   30.0000 2650.1572   12.2122
    7.5000   15.0000   30.0000 2630.9026   12.4902
   -7.5000   22.5000   30.0000 2652.5244   12.5609
    0.0000   22.5000   30.0000 2629.9255   12.5363
    7.5000   22.5000   30.0000 2609.8225   12.7851
   -7.5000   30.0000   30.0000 2610.4597   13.0374
    0.0000   30.0000   30.0000 2597.4141   12.9854
    7.5000   30.0000   30.0000 2571.2366   13.2165
   -7.5000   37.5000   30.0000 2557.6277   13.5967
    0.0000   37.5000   30.0000 2551.6807   13.5843
    7.5000   37.5000   30.0000 2521.6174   13.8006
   -7.5000   45.0000   30.0000 2487.0471   14.3167
    0.0000   45.0000   30.0000 2479.2937   14.2693
    7.5000   45.0000   30.0000 2450.0129   14.5442
   -7.5000  -45.0000   37.5000 2562.2412   12.7955
    0.0000  -45.0000   37.5000 2574.0088   12.3541
    7.5000  -45.0000   37.5000 2562.5576   12.2667
   -7.5000  -37.5000   37.5000 2566.8857   12.6574
    0.0000  -37.5000   37.5000 2574.6113   12.2484
    7.5000  -37.5000   37.5000 2564.9336   12.2216
   -7.5000  -30.0000   37.5000 2564.9155   12.5917
    0.0000  -30.0000   37.5000 2568.5354   12.2064
    7.5000  -30.0000   37.5000 2563.8582   12.2314
   -7.5000  -22.5000   37.5000 2574.8901   12.5214
    0.0000  -22.5000   37.5000 2565.6091   12.1761
    7.5000  -22.5000   37.5000 2562.7871   12.2951
   -7.5000  -15.0000   37.5000 2587.0859   12.4317
    0.0000  -15.0000   37.5000 2572.8096   12.1526
    7.5000  -15.0000   37.5000 2563.7979   12.3524
   -7.5000   -7.5000   37.5000 2599.3013   12.3978
    0.0000   -7.5000   37.5000 2584.6714   12.1887
    7.5000   -7.5000   37.5000 2574.6602   12.4390
   -7.5000    0.0000   37.5000 2606.7036   12.4884
    0.0000    0.0000   37.5000 2591.8445   12.3590
    7.5000    0.0000   37.5000 2579.5334   12.6196
   -7.5000    7.5000   37.5000 2603.0452   12.7425
    0.0000    7.5000   37.5000 2589.6516   12.5919
    7.5000    7.5000   37.5000 2571.8291   12.8724
   -7.5000   15.0000   37.5000 2585.5630   13.0711
    0.0000   15.0000   37.5000 2568.3938   12.9425
    7.5000   15.0000   37.5000 2548.1038   13.2095
   -7.5000   22.5000   37.5000 2562.8174   13.4126
    0.0000   22.5000   37.5000 2540.6309   13.3400
    7.5000   22.5000   37.5000 2521.1812   13.5967
   -7.5000   30.0000   37.5000 2522.8982   13.9083
    0.0000   30.0000   37.5000 2512.6917   13.8490
    7.5000   30.0000   37.5000 2480.7097   14.1063
   -7.5000   37.5000   37.5000 2472.6592   14.4873
    0.0000   37.5000   37.5000 2467.5701   14.4719
    7.5000   37.5000   37.5000 2438.1047   14.7207
   -7.5000   45.0000   37.5000 2406.0649   15.2209
    0.0000   45.0000   37.5000 2398.4624   15.1735
    7.5000   45.0000   37.5000 2365.0061   15.4880
   -7.5000  -45.0000   45.0000 2500.0989   13.6830
    0.0000  -45.0000   45.0000 2511.6555   13.2365
    7.5000  -45.0000   45.0000 2503.5422   13.1166
   -7.5000  -37.5000   45.0000 2499.2046   13.4796
    0.0000  -37.5000   45.0000 2509.8203   13.0797
    7.5000  -37.5000   45.0000 2499.1409   13.0339
   -7.5000  -30.0000   45.0000 2494.2119   13.3808
    0.0000  -30.0000   45.0000 2498.8787   13.0066
    7.5000  -30.0000   45.0000 2493.9871   13.0153
   -7.5000  -22.5000   45.0000 2504.5149   13.2690
    0.0000  -22.5000   45.0000 2496.1379   12.9353
    7.5000  -22.5000   45.0000 2488.5750   13.0192
   -7.5000  -15.0000   45.0000 2512.8394   13.2189
    0.0000  -15.0000   45.0000 2500.1125   12.9373
    7.5000  -15.0000   45.0000 2491.0342   13.0962
   -7.5000   -7.5000   45.0000 2526.0427   13.2191
    0.0000   -7.5000   45.0000 2512.9570   13.0114
    7.5000   -7.5000   45.0000 2501.0007   13.2220
   -7.5000    0.0000   45.0000 2528.6108   13.3436
    0.0000    0.0000   45.0000 2520.8672   13.1831
    7.5000    0.0000   45.0000 2498.6421   13.4137
   -7.5000    7.5000   45.0000 2524.9797   13.6237
    0.0000    7.5000   45.0000 2508.6587   13.4909
    7.5000    7.5000   45.0000 2487.9336   13.7294
   -7.5000   15.0000   45.0000 2495.1687   14.0199
    0.0000   15.0000   45.0000 2478.1118   13.9208
    7.5000   15.0000   45.0000 2460.6958   14.1305
   -7.5000   22.5000   45.0000 2464.2654   14.4674
    0.0000   22.5000   45.0000 2443.2510   14.4095
    7.5000   22.5000   45.0000 2432.3997   14.6281
   -7.5000   30.0000   45.0000 2417.8862   15.0372
    0.0000   30.0000   45.0000 2408.8101   14.9893
    7.5000   30.0000   45.0000 2387.5491   15.2113
   -7.5000   37.5000   45.0000 2374.6409   15.6912
    0.0000   37.5000   45.0000 2368.0098   15.6293
    7.5000   37.5000   45.0000 2338.6797   15.8528
   -7.5000   45.0000   45.0000 2310.0896   16.4487
    0.0000   45.0000   45.0000 2306.6968   16.3966
    7.5000   45.0000   45.0000 2268.2085   16.6419

---------------------------------------------------------------------
imgreg_4dfp /opt/freesurfer/average/711-2C_as_mni_average_305 /opt/freesurfer/average/711-2B_as_mni_average_305_mask talsrcimg_g11 none talsrcimg_to_711-2C_as_mni_average_305_t4 1283
---------------------------------------------------------------------

freesurfer imgreg_4dfp.c
/opt/freesurfer/average/711-2C_as_mni_average_305.4dfp.img
       256       256       256         1
  1.000000  1.000000  1.000000
orientation T byte_order littleendian
Reading image: /opt/freesurfer/average/711-2C_as_mni_average_305.4dfp.img
dimensions:      256       256       256
mmppix:       1.0000   -1.0000   -1.0000
center:     128.0000 -129.0000 -129.0000
/opt/freesurfer/average/711-2B_as_mni_average_305_mask.4dfp.img
       256       256       256         1
  1.000000  1.000000  1.000000
orientation T byte_order littleendian
Reading mask: /opt/freesurfer/average/711-2B_as_mni_average_305_mask.4dfp.img (2306576 pixels)
talsrcimg_g11.4dfp.img
       256       256       256         1
  1.000000  1.000000  1.000000
orientation T byte_order littleendian
Reading image: talsrcimg_g11.4dfp.img
dimensions:      256       256       256
mmppix:       1.0000   -1.0000   -1.0000
center:     128.0000 -129.0000 -129.0000
rotation matrix determinant  1.000000
fimgreg.f
image alignment mode   1283 decimal      503 hex
parameters
    0.0000   22.5000   -7.5000    0.0000    0.0000    0.0000
eta,q 0.91390 11.36611
niter,ni,del,rscale     5    3   12.0000    1.2000
parameter  1  0.596122 ->  0.500000 qaram    1.1500
parameter  4  0.699751 ->  0.500000 qaram    1.1500
parameter  5 -0.525435 -> -0.500000 qaram    1.1500
parameter  6 -1.407507 -> -0.500000 qaram    1.1500
parameters
   -3.4500   22.5368   -5.5846   -3.4500    3.4500    3.4500
eta,q 0.93036 11.45717
  0.0868  0.0880  0.0982  0.0790  0.0944  0.0921
  0.0801  0.0836  0.0888  0.0777  0.0883  0.0863
  0.0784  0.0796  0.0805  0.0773  0.0825  0.0802
  0.0850  0.0783  0.0783  0.0796  0.0773  0.0753
  0.0959  0.0800  0.0797  0.0826  0.0756  0.0718
  0.1035  0.0831  0.0806  0.0837  0.0756  0.0690
  0.1066  0.0878  0.0816  0.0861  0.0779  0.0676
niter,ni,del,rscale     7    3   12.0000    1.2000
parameter  6 -0.592759 -> -0.500000 qaram    1.3225
parameters
   -3.4400   23.8895   -4.7801   -5.5785    3.4334    7.4175
eta,q 0.93552 11.40839
  0.0955  0.0831  0.0824  0.0701  0.0801  0.0851
  0.0846  0.0765  0.0756  0.0691  0.0741  0.0778
  0.0741  0.0715  0.0713  0.0684  0.0699  0.0724
  0.0696  0.0696  0.0691  0.0686  0.0684  0.0684
  0.0742  0.0688  0.0687  0.0699  0.0690  0.0652
  0.0848  0.0698  0.0719  0.0721  0.0737  0.0647
  0.0951  0.0749  0.0768  0.0754  0.0809  0.0670
niter,ni,del,rscale     7    3   12.0000    1.2000
parameters
   -3.4527   24.7081   -5.3073   -7.8394    3.2614    6.8411
eta,q 0.93667 11.41912
  0.0946  0.0799  0.0745  0.0665  0.0787  0.0744
  0.0812  0.0744  0.0687  0.0635  0.0714  0.0698
  0.0691  0.0685  0.0650  0.0632  0.0655  0.0655
  0.0645  0.0645  0.0642  0.0640  0.0632  0.0632
  0.0693  0.0647  0.0669  0.0664  0.0655  0.0657
  0.0824  0.0680  0.0718  0.0696  0.0715  0.0721
  0.0940  0.0749  0.0783  0.0735  0.0812  0.0786
niter,ni,del,rscale     6    3   12.0000    1.2000
parameters
   -3.6165   25.9659   -5.5748   -9.2517    3.2078    6.8073
eta,q 0.93808 11.41737
  0.0948  0.0817  0.0741  0.0669  0.0773  0.0757
  0.0801  0.0758  0.0693  0.0633  0.0707  0.0685
  0.0671  0.0682  0.0647  0.0619  0.0653  0.0640
  0.0633  0.0632  0.0626  0.0627  0.0619  0.0619
  0.0704  0.0628  0.0637  0.0645  0.0636  0.0637
  0.0843  0.0663  0.0692  0.0678  0.0699  0.0691
  0.0954  0.0724  0.0784  0.0717  0.0792  0.0757
niter,ni,del,rscale     5    3   12.0000    1.2000
parameters
   -3.7520   26.5952   -5.8952   -9.8566    3.1936    6.8320
eta,q 0.93838 11.40521
  0.0944  0.0803  0.0729  0.0682  0.0764  0.0761
  0.0781  0.0735  0.0692  0.0640  0.0702  0.0678
  0.0647  0.0655  0.0646  0.0619  0.0653  0.0632
  0.0619  0.0617  0.0616  0.0618  0.0616  0.0616
  0.0698  0.0628  0.0632  0.0636  0.0628  0.0633
  0.0826  0.0681  0.0691  0.0660  0.0691  0.0684
  0.0935  0.0747  0.0779  0.0704  0.0781  0.0754
niter,ni,del,rscale     4    3   12.0000    1.2000
parameters
   -3.7386   26.8811   -6.0722  -10.1150    3.0995    6.8468
eta,q 0.93821 11.40052
  0.0952  0.0793  0.0730  0.0691  0.0757  0.0760
  0.0782  0.0721  0.0696  0.0645  0.0697  0.0676
  0.0647  0.0646  0.0650  0.0620  0.0651  0.0631
  0.0616  0.0616  0.0616  0.0617  0.0617  0.0618
  0.0690  0.0634  0.0629  0.0633  0.0629  0.0633
  0.0810  0.0693  0.0686  0.0655  0.0692  0.0682
  0.0915  0.0768  0.0768  0.0697  0.0780  0.0754
niter,ni,del,rscale     3    3   12.0000    1.2000
parameters
   -3.6938   27.0051   -6.1498  -10.2278    3.0107    6.8582
eta,q 0.93805 11.39878
  0.0953  0.0789  0.0733  0.0695  0.0756  0.0760
  0.0780  0.0714  0.0698  0.0647  0.0695  0.0676
  0.0648  0.0644  0.0654  0.0621  0.0651  0.0631
  0.0618  0.0619  0.0618  0.0619  0.0619  0.0620
  0.0689  0.0638  0.0627  0.0633  0.0629  0.0634
  0.0805  0.0700  0.0682  0.0654  0.0691  0.0681
  0.0910  0.0780  0.0762  0.0694  0.0778  0.0754
niter,ni,del,rscale     2    3   12.0000    1.2000
parameters
   -3.6610   27.0634   -6.1766  -10.2750    2.9552    6.8638
eta,q 0.93793 11.39844
  0.0950  0.0788  0.0735  0.0697  0.0757  0.0760
  0.0777  0.0712  0.0699  0.0649  0.0695  0.0676
  0.0648  0.0645  0.0655  0.0622  0.0652  0.0631
  0.0620  0.0620  0.0620  0.0620  0.0620  0.0621
  0.0689  0.0640  0.0627  0.0634  0.0629  0.0634
  0.0805  0.0704  0.0681  0.0655  0.0690  0.0681
  0.0909  0.0785  0.0760  0.0692  0.0775  0.0755
registration optimization eta report
parameter search radius
    6.9000    6.0000    6.0000    6.9000    6.9000    7.9350
100000*second partial in parameter space
       63.       45.       34.       16.       30.       22.
  0.0950  0.0788  0.0735  0.0697  0.0757  0.0760
  0.0777  0.0712  0.0699  0.0649  0.0695  0.0676
  0.0648  0.0645  0.0655  0.0622  0.0652  0.0631
  0.0620  0.0620  0.0620  0.0620  0.0620  0.0621
  0.0689  0.0640  0.0627  0.0634  0.0629  0.0634
  0.0805  0.0704  0.0681  0.0655  0.0690  0.0681
  0.0909  0.0785  0.0760  0.0692  0.0775  0.0755
   -3.6610   27.0634   -6.1766  -10.2750    2.9552    6.8638
eta,q 0.93793 11.39844

---------------------------------------------------------------------
imgreg_4dfp /opt/freesurfer/average/711-2C_as_mni_average_305 /opt/freesurfer/average/711-2B_as_mni_average_305_mask talsrcimg_g11 none talsrcimg_to_711-2C_as_mni_average_305_t4 3335
---------------------------------------------------------------------

freesurfer imgreg_4dfp.c
/opt/freesurfer/average/711-2C_as_mni_average_305.4dfp.img
       256       256       256         1
  1.000000  1.000000  1.000000
orientation T byte_order littleendian
Reading image: /opt/freesurfer/average/711-2C_as_mni_average_305.4dfp.img
dimensions:      256       256       256
mmppix:       1.0000   -1.0000   -1.0000
center:     128.0000 -129.0000 -129.0000
/opt/freesurfer/average/711-2B_as_mni_average_305_mask.4dfp.img
       256       256       256         1
  1.000000  1.000000  1.000000
orientation T byte_order littleendian
Reading mask: /opt/freesurfer/average/711-2B_as_mni_average_305_mask.4dfp.img (2306576 pixels)
talsrcimg_g11.4dfp.img
       256       256       256         1
  1.000000  1.000000  1.000000
orientation T byte_order littleendian
Reading image: talsrcimg_g11.4dfp.img
dimensions:      256       256       256
mmppix:       1.0000   -1.0000   -1.0000
center:     128.0000 -129.0000 -129.0000
fimgreg.f
image alignment mode   3335 decimal      D07 hex
parameters
   -3.6610   27.0634   -6.1766   -0.8487   -2.1990   -1.7346
  -10.8464   -7.1682   11.9351   17.1032    5.1555  -17.8136
eta,q 0.93796 11.46728
niter,ni,del,rscale     5    3    5.0000    1.2000
parameter  4  0.961909 ->  0.500000 qaram    1.1500
parameter  5  3.062463 ->  0.500000 qaram    1.1500
parameter  6  1.502413 ->  0.500000 qaram    1.1500
parameters
   -3.4833   26.8671   -6.4622   -4.9887   -6.3390   -5.8746
   -9.0496   -6.7731   11.6832   14.9175    2.9272  -14.8739
eta,q 0.95469 11.38568
  0.0675  0.0643  0.0637  0.0576  0.0493  0.0446  0.0520  0.0535  0.0492  0.0483  0.0466  0.0488
  0.0647  0.0629  0.0627  0.0578  0.0513  0.0459  0.0495  0.0496  0.0476  0.0465  0.0460  0.0475
  0.0628  0.0622  0.0621  0.0592  0.0543  0.0485  0.0476  0.0473  0.0466  0.0459  0.0457  0.0465
  0.0620  0.0620  0.0620  0.0620  0.0581  0.0521  0.0466  0.0464  0.0464  0.0464  0.0459  0.0457
  0.0624  0.0625  0.0624  0.0660  0.0623  0.0572  0.0464  0.0469  0.0468  0.0479  0.0465  0.0453
  0.0637  0.0635  0.0634  0.0710  0.0666  0.0624  0.0470  0.0488  0.0479  0.0504  0.0476  0.0455
  0.0661  0.0652  0.0649  0.0765  0.0705  0.0678  0.0484  0.0520  0.0497  0.0539  0.0492  0.0461
niter,ni,del,rscale     7    3    5.0000    1.2000
parameter  5  0.742920 ->  0.500000 qaram    1.3225
parameter  6  0.506689 ->  0.500000 qaram    1.3225
parameters
   -3.4203   26.9880   -6.8371   -6.6430  -11.1000  -10.6356
   -9.5007   -6.6904   11.7796   14.3823    2.5442  -14.4002
eta,q 0.95853 10.92127
  0.0507  0.0497  0.0472  0.0485  0.0431  0.0429  0.0448  0.0473  0.0445  0.0448  0.0427  0.0430
  0.0478  0.0475  0.0460  0.0467  0.0428  0.0417  0.0428  0.0441  0.0429  0.0428  0.0420  0.0422
  0.0460  0.0460  0.0453  0.0455  0.0435  0.0413  0.0417  0.0423  0.0418  0.0417  0.0416  0.0416
  0.0453  0.0453  0.0453  0.0452  0.0452  0.0429  0.0415  0.0415  0.0415  0.0415  0.0415  0.0415
  0.0458  0.0456  0.0459  0.0464  0.0483  0.0460  0.0422  0.0422  0.0418  0.0421  0.0417  0.0416
  0.0474  0.0468  0.0471  0.0493  0.0524  0.0507  0.0435  0.0441  0.0428  0.0436  0.0422  0.0419
  0.0502  0.0490  0.0490  0.0540  0.0570  0.0563  0.0455  0.0470  0.0443  0.0460  0.0430  0.0426
niter,ni,del,rscale     7    3    5.0000    1.2000
parameters
   -3.3734   27.6031   -7.3368   -6.2827  -13.1587  -11.3484
   -9.4909   -6.5794   11.9034   14.7867    2.3545  -15.0749
eta,q 0.95909 10.80289
  0.0466  0.0470  0.0426  0.0455  0.0436  0.0468  0.0447  0.0468  0.0438  0.0451  0.0421  0.0420
  0.0438  0.0444  0.0416  0.0435  0.0417  0.0435  0.0426  0.0437  0.0423  0.0428  0.0415  0.0414
  0.0421  0.0425  0.0411  0.0421  0.0408  0.0416  0.0413  0.0417  0.0413  0.0413  0.0411  0.0410
  0.0415  0.0415  0.0412  0.0411  0.0410  0.0408  0.0409  0.0409  0.0409  0.0409  0.0409  0.0409
  0.0420  0.0413  0.0419  0.0411  0.0420  0.0415  0.0414  0.0416  0.0412  0.0413  0.0411  0.0412
  0.0436  0.0419  0.0429  0.0425  0.0442  0.0447  0.0427  0.0435  0.0422  0.0424  0.0416  0.0417
  0.0462  0.0433  0.0443  0.0453  0.0481  0.0496  0.0446  0.0464  0.0436  0.0441  0.0423  0.0424
niter,ni,del,rscale     6    3    5.0000    1.2000
parameters
   -3.3718   27.8745   -7.4645   -6.1800  -13.4132  -11.5031
   -9.4480   -6.5854   11.9922   15.0935    2.2781  -15.3468
eta,q 0.95912 10.79576
  0.0459  0.0454  0.0428  0.0450  0.0449  0.0475  0.0447  0.0466  0.0438  0.0449  0.0421  0.0421
  0.0432  0.0432  0.0417  0.0431  0.0427  0.0439  0.0426  0.0435  0.0422  0.0426  0.0415  0.0414
  0.0415  0.0416  0.0410  0.0417  0.0412  0.0418  0.0412  0.0416  0.0412  0.0412  0.0411  0.0410
  0.0409  0.0409  0.0409  0.0408  0.0408  0.0408  0.0409  0.0409  0.0409  0.0409  0.0409  0.0409
  0.0415  0.0411  0.0412  0.0410  0.0414  0.0410  0.0413  0.0417  0.0412  0.0413  0.0410  0.0411
  0.0432  0.0420  0.0420  0.0425  0.0427  0.0440  0.0426  0.0436  0.0422  0.0424  0.0415  0.0416
  0.0458  0.0438  0.0432  0.0453  0.0456  0.0484  0.0445  0.0465  0.0436  0.0441  0.0422  0.0423
niter,ni,del,rscale     5    3    5.0000    1.2000
parameters
   -3.3807   27.9498   -7.5252   -6.1361  -13.4467  -11.5474
   -9.4387   -6.5991   12.0293   15.2058    2.2679  -15.4570
eta,q 0.95911 10.79811
  0.0458  0.0448  0.0429  0.0449  0.0451  0.0476  0.0447  0.0466  0.0437  0.0447  0.0421  0.0422
  0.0431  0.0427  0.0417  0.0431  0.0429  0.0440  0.0426  0.0434  0.0422  0.0424  0.0415  0.0415
  0.0414  0.0414  0.0411  0.0418  0.0414  0.0419  0.0412  0.0416  0.0412  0.0411  0.0411  0.0410
  0.0409  0.0409  0.0409  0.0409  0.0409  0.0409  0.0409  0.0409  0.0409  0.0409  0.0409  0.0409
  0.0415  0.0412  0.0412  0.0410  0.0414  0.0410  0.0414  0.0417  0.0412  0.0414  0.0410  0.0411
  0.0432  0.0424  0.0419  0.0425  0.0426  0.0438  0.0426  0.0436  0.0422  0.0425  0.0415  0.0416
  0.0458  0.0443  0.0431  0.0454  0.0453  0.0482  0.0445  0.0465  0.0436  0.0442  0.0422  0.0422
niter,ni,del,rscale     4    3    5.0000    1.2000
parameters
   -3.3837   27.9724   -7.5468   -6.1235  -13.4581  -11.5592
   -9.4354   -6.6066   12.0360   15.2462    2.2775  -15.4869
eta,q 0.95911 10.79898
  0.0458  0.0446  0.0430  0.0449  0.0451  0.0476  0.0447  0.0466  0.0437  0.0446  0.0421  0.0422
  0.0431  0.0426  0.0418  0.0431  0.0429  0.0441  0.0426  0.0435  0.0422  0.0424  0.0415  0.0415
  0.0414  0.0413  0.0411  0.0418  0.0414  0.0419  0.0412  0.0416  0.0412  0.0411  0.0411  0.0411
  0.0409  0.0409  0.0409  0.0409  0.0409  0.0409  0.0409  0.0409  0.0409  0.0409  0.0409  0.0409
  0.0415  0.0413  0.0411  0.0410  0.0414  0.0410  0.0414  0.0417  0.0412  0.0414  0.0410  0.0411
  0.0432  0.0425  0.0419  0.0426  0.0426  0.0438  0.0426  0.0436  0.0422  0.0425  0.0415  0.0416
  0.0458  0.0445  0.0430  0.0455  0.0453  0.0482  0.0446  0.0465  0.0437  0.0443  0.0422  0.0422
registration optimization eta report
parameter search radius
    2.4000    2.4000    2.4000    8.2800    9.5220    9.5220
    7.2000    7.2000    7.2000    7.2000    7.2000    7.2000
100000*second partial in parameter space
       85.       64.       37.        6.        5.        8.
        7.       11.        5.        7.        2.        2.
  0.0458  0.0446  0.0430  0.0449  0.0451  0.0476  0.0447  0.0466  0.0437  0.0446  0.0421  0.0422
  0.0431  0.0426  0.0418  0.0431  0.0429  0.0441  0.0426  0.0435  0.0422  0.0424  0.0415  0.0415
  0.0414  0.0413  0.0411  0.0418  0.0414  0.0419  0.0412  0.0416  0.0412  0.0411  0.0411  0.0411
  0.0409  0.0409  0.0409  0.0409  0.0409  0.0409  0.0409  0.0409  0.0409  0.0409  0.0409  0.0409
  0.0415  0.0413  0.0411  0.0410  0.0414  0.0410  0.0414  0.0417  0.0412  0.0414  0.0410  0.0411
  0.0432  0.0425  0.0419  0.0426  0.0426  0.0438  0.0426  0.0436  0.0422  0.0425  0.0415  0.0416
  0.0458  0.0445  0.0430  0.0455  0.0453  0.0482  0.0446  0.0465  0.0437  0.0443  0.0422  0.0422
   -3.3837   27.9724   -7.5468   -6.1235  -13.4581  -11.5592
   -9.4354   -6.6066   12.0360   15.2462    2.2775  -15.4869
eta,q 0.95911 10.79898

---------------------------------------------------------------------
imgreg_4dfp /opt/freesurfer/average/711-2C_as_mni_average_305 /opt/freesurfer/average/711-2B_as_mni_average_305_mask talsrcimg_g11 none talsrcimg_to_711-2C_as_mni_average_305_t4 2311
---------------------------------------------------------------------

freesurfer imgreg_4dfp.c
/opt/freesurfer/average/711-2C_as_mni_average_305.4dfp.img
       256       256       256         1
  1.000000  1.000000  1.000000
orientation T byte_order littleendian
Reading image: /opt/freesurfer/average/711-2C_as_mni_average_305.4dfp.img
dimensions:      256       256       256
mmppix:       1.0000   -1.0000   -1.0000
center:     128.0000 -129.0000 -129.0000
/opt/freesurfer/average/711-2B_as_mni_average_305_mask.4dfp.img
       256       256       256         1
  1.000000  1.000000  1.000000
orientation T byte_order littleendian
Reading mask: /opt/freesurfer/average/711-2B_as_mni_average_305_mask.4dfp.img (2306576 pixels)
talsrcimg_g11.4dfp.img
       256       256       256         1
  1.000000  1.000000  1.000000
orientation T byte_order littleendian
Reading image: talsrcimg_g11.4dfp.img
dimensions:      256       256       256
mmppix:       1.0000   -1.0000   -1.0000
center:     128.0000 -129.0000 -129.0000
fimgreg.f
image alignment mode   2311 decimal      907 hex
parameters
   -3.3837   27.9724   -7.5468   -6.1235  -13.4581  -11.5592
   -9.4354   -6.6066   12.0360   15.2462    2.2775  -15.4869
eta,q 0.95911 10.79898
niter,ni,del,rscale     5    3    5.0000    0.8000
parameters
   -3.3951   27.9756   -7.5677   -5.4324  -13.3745  -10.8553
   -9.5322   -6.6727   12.0277   15.1637    2.5086  -15.7692
eta,q 0.95933 10.88450
  0.0431  0.0426  0.0418  0.0427  0.0420  0.0428  0.0424  0.0432  0.0420  0.0423  0.0413  0.0413
  0.0419  0.0416  0.0413  0.0419  0.0413  0.0418  0.0414  0.0419  0.0413  0.0413  0.0410  0.0410
  0.0411  0.0411  0.0410  0.0413  0.0409  0.0412  0.0408  0.0410  0.0408  0.0408  0.0408  0.0407
  0.0409  0.0409  0.0409  0.0409  0.0408  0.0408  0.0407  0.0407  0.0407  0.0407  0.0407  0.0407
  0.0412  0.0411  0.0410  0.0408  0.0410  0.0406  0.0409  0.0410  0.0408  0.0409  0.0407  0.0408
  0.0419  0.0416  0.0413  0.0412  0.0413  0.0409  0.0415  0.0420  0.0413  0.0415  0.0409  0.0411
  0.0431  0.0426  0.0419  0.0420  0.0418  0.0421  0.0425  0.0433  0.0420  0.0423  0.0413  0.0415
niter,ni,del,rscale     4    3    5.0000    0.7000
parameters
   -3.4266   27.9331   -7.4851   -5.3198  -13.3793  -10.6509
   -9.5502   -6.6866   11.9624   15.0791    2.6447  -15.7516
eta,q 0.95939 10.89862
  0.0424  0.0419  0.0416  0.0420  0.0416  0.0421  0.0420  0.0426  0.0416  0.0418  0.0411  0.0412
  0.0414  0.0412  0.0411  0.0414  0.0410  0.0414  0.0412  0.0416  0.0411  0.0411  0.0409  0.0409
  0.0408  0.0408  0.0408  0.0409  0.0407  0.0410  0.0407  0.0409  0.0407  0.0407  0.0407  0.0407
  0.0407  0.0407  0.0407  0.0407  0.0407  0.0407  0.0406  0.0406  0.0406  0.0406  0.0406  0.0406
  0.0409  0.0408  0.0407  0.0407  0.0408  0.0405  0.0408  0.0409  0.0407  0.0408  0.0406  0.0407
  0.0415  0.0413  0.0410  0.0412  0.0411  0.0410  0.0412  0.0416  0.0411  0.0412  0.0408  0.0409
  0.0425  0.0421  0.0414  0.0420  0.0415  0.0421  0.0420  0.0427  0.0417  0.0418  0.0411  0.0412
niter,ni,del,rscale     3    3    5.0000    0.6000
parameters
   -3.4404   27.9123   -7.4480   -5.2450  -13.4485  -10.4447
   -9.5815   -6.6908   11.9395   15.0082    2.7460  -15.7065
eta,q 0.95944 10.90834
  0.0419  0.0416  0.0413  0.0416  0.0413  0.0417  0.0416  0.0421  0.0413  0.0415  0.0410  0.0410
  0.0412  0.0410  0.0409  0.0411  0.0409  0.0412  0.0410  0.0413  0.0409  0.0409  0.0408  0.0408
  0.0407  0.0407  0.0407  0.0408  0.0406  0.0409  0.0406  0.0408  0.0406  0.0406  0.0406  0.0406
  0.0406  0.0406  0.0406  0.0406  0.0406  0.0406  0.0406  0.0406  0.0406  0.0406  0.0406  0.0406
  0.0408  0.0407  0.0407  0.0407  0.0407  0.0405  0.0407  0.0407  0.0407  0.0407  0.0406  0.0406
  0.0412  0.0411  0.0409  0.0410  0.0409  0.0408  0.0410  0.0413  0.0409  0.0410  0.0407  0.0408
  0.0419  0.0416  0.0412  0.0416  0.0413  0.0417  0.0416  0.0421  0.0414  0.0415  0.0409  0.0410
niter,ni,del,rscale     2    3    5.0000    0.5000
parameters
   -3.4502   27.9013   -7.4120   -5.1723  -13.5232  -10.2375
   -9.6184   -6.6757   11.9065   14.9416    2.8250  -15.6828
eta,q 0.95947 10.91740
  0.0415  0.0412  0.0410  0.0413  0.0410  0.0414  0.0412  0.0416  0.0411  0.0411  0.0408  0.0409
  0.0409  0.0409  0.0408  0.0409  0.0407  0.0410  0.0408  0.0411  0.0408  0.0408  0.0407  0.0407
  0.0407  0.0406  0.0406  0.0407  0.0406  0.0408  0.0406  0.0407  0.0406  0.0406  0.0406  0.0406
  0.0406  0.0406  0.0406  0.0406  0.0406  0.0406  0.0405  0.0405  0.0405  0.0405  0.0405  0.0405
  0.0407  0.0406  0.0406  0.0406  0.0406  0.0405  0.0406  0.0406  0.0406  0.0406  0.0406  0.0406
  0.0410  0.0409  0.0407  0.0408  0.0408  0.0407  0.0409  0.0410  0.0408  0.0408  0.0406  0.0407
  0.0415  0.0413  0.0410  0.0413  0.0411  0.0413  0.0412  0.0416  0.0411  0.0412  0.0408  0.0409
niter,ni,del,rscale     1    3    5.0000    0.4000
parameters
   -3.4590   27.8948   -7.3650   -5.1149  -13.6000  -10.0105
   -9.6475   -6.6658   11.8876   14.8880    2.9007  -15.6655
eta,q 0.95951 10.92673
  0.0411  0.0410  0.0409  0.0410  0.0408  0.0411  0.0410  0.0412  0.0409  0.0409  0.0407  0.0407
  0.0408  0.0407  0.0407  0.0408  0.0407  0.0409  0.0407  0.0408  0.0407  0.0407  0.0406  0.0406
  0.0406  0.0406  0.0406  0.0406  0.0405  0.0407  0.0405  0.0406  0.0405  0.0405  0.0405  0.0405
  0.0405  0.0405  0.0405  0.0405  0.0405  0.0405  0.0405  0.0405  0.0405  0.0405  0.0405  0.0405
  0.0406  0.0406  0.0405  0.0406  0.0406  0.0405  0.0406  0.0406  0.0405  0.0406  0.0405  0.0405
  0.0408  0.0407  0.0406  0.0407  0.0407  0.0406  0.0407  0.0408  0.0407  0.0407  0.0406  0.0406
  0.0411  0.0410  0.0408  0.0410  0.0409  0.0410  0.0410  0.0412  0.0409  0.0409  0.0407  0.0407
registration optimization eta report
parameter search radius
    0.8000    0.8000    0.8000    2.4000    2.4000    2.4000
    2.4000    2.4000    2.4000    2.4000    2.4000    2.4000
100000*second partial in parameter space
       92.       70.       47.        8.        6.        9.
        8.       13.        6.        7.        3.        4.
  0.0411  0.0410  0.0409  0.0410  0.0408  0.0411  0.0410  0.0412  0.0409  0.0409  0.0407  0.0407
  0.0408  0.0407  0.0407  0.0408  0.0407  0.0409  0.0407  0.0408  0.0407  0.0407  0.0406  0.0406
  0.0406  0.0406  0.0406  0.0406  0.0405  0.0407  0.0405  0.0406  0.0405  0.0405  0.0405  0.0405
  0.0405  0.0405  0.0405  0.0405  0.0405  0.0405  0.0405  0.0405  0.0405  0.0405  0.0405  0.0405
  0.0406  0.0406  0.0405  0.0406  0.0406  0.0405  0.0406  0.0406  0.0405  0.0406  0.0405  0.0405
  0.0408  0.0407  0.0406  0.0407  0.0407  0.0406  0.0407  0.0408  0.0407  0.0407  0.0406  0.0406
  0.0411  0.0410  0.0408  0.0410  0.0409  0.0410  0.0410  0.0412  0.0409  0.0409  0.0407  0.0407
   -3.4590   27.8948   -7.3650   -5.1149  -13.6000  -10.0105
   -9.6475   -6.6658   11.8876   14.8880    2.9007  -15.6655
eta,q 0.95951 10.92673

---------------------------------------------------------------------
imgreg_4dfp /opt/freesurfer/average/711-2C_as_mni_average_305 /opt/freesurfer/average/711-2B_as_mni_average_305_mask talsrcimg_g11 none talsrcimg_to_711-2C_as_mni_average_305_t4 2311
---------------------------------------------------------------------

freesurfer imgreg_4dfp.c
/opt/freesurfer/average/711-2C_as_mni_average_305.4dfp.img
       256       256       256         1
  1.000000  1.000000  1.000000
orientation T byte_order littleendian
Reading image: /opt/freesurfer/average/711-2C_as_mni_average_305.4dfp.img
dimensions:      256       256       256
mmppix:       1.0000   -1.0000   -1.0000
center:     128.0000 -129.0000 -129.0000
/opt/freesurfer/average/711-2B_as_mni_average_305_mask.4dfp.img
       256       256       256         1
  1.000000  1.000000  1.000000
orientation T byte_order littleendian
Reading mask: /opt/freesurfer/average/711-2B_as_mni_average_305_mask.4dfp.img (2306576 pixels)
talsrcimg_g11.4dfp.img
       256       256       256         1
  1.000000  1.000000  1.000000
orientation T byte_order littleendian
Reading image: talsrcimg_g11.4dfp.img
dimensions:      256       256       256
mmppix:       1.0000   -1.0000   -1.0000
center:     128.0000 -129.0000 -129.0000
fimgreg.f
image alignment mode   2311 decimal      907 hex
parameters
   -3.4590   27.8948   -7.3650   -5.1149  -13.6000  -10.0105
   -9.6475   -6.6658   11.8876   14.8880    2.9007  -15.6655
eta,q 0.95951 10.92673
niter,ni,del,rscale     5    3    5.0000    0.8000
parameters
   -3.4423   27.8858   -7.3145   -5.3913  -13.3385  -10.5831
   -9.4959   -6.7018   11.8708   15.0411    2.6071  -15.6545
eta,q 0.95940 10.89608
  0.0429  0.0422  0.0418  0.0420  0.0419  0.0420  0.0425  0.0432  0.0420  0.0424  0.0412  0.0413
  0.0416  0.0413  0.0411  0.0413  0.0411  0.0413  0.0414  0.0418  0.0412  0.0413  0.0409  0.0410
  0.0407  0.0407  0.0407  0.0407  0.0407  0.0408  0.0408  0.0409  0.0407  0.0407  0.0407  0.0407
  0.0405  0.0405  0.0405  0.0405  0.0405  0.0405  0.0406  0.0406  0.0406  0.0406  0.0406  0.0406
  0.0408  0.0407  0.0406  0.0407  0.0407  0.0407  0.0408  0.0409  0.0408  0.0408  0.0407  0.0407
  0.0415  0.0413  0.0410  0.0414  0.0410  0.0418  0.0413  0.0419  0.0412  0.0413  0.0410  0.0410
  0.0428  0.0423  0.0416  0.0426  0.0416  0.0434  0.0422  0.0433  0.0420  0.0421  0.0414  0.0413
niter,ni,del,rscale     4    3    5.0000    0.7000
parameters
   -3.4381   27.8970   -7.4259   -5.3338  -13.3603  -10.6000
   -9.5309   -6.6986   11.9363   15.0324    2.6499  -15.6975
eta,q 0.95941 10.89935
  0.0424  0.0420  0.0413  0.0419  0.0415  0.0419  0.0420  0.0426  0.0417  0.0419  0.0411  0.0412
  0.0414  0.0412  0.0409  0.0413  0.0410  0.0413  0.0411  0.0416  0.0411  0.0411  0.0409  0.0409
  0.0408  0.0408  0.0407  0.0408  0.0407  0.0409  0.0407  0.0409  0.0407  0.0407  0.0407  0.0407
  0.0406  0.0406  0.0406  0.0406  0.0406  0.0406  0.0406  0.0406  0.0406  0.0406  0.0406  0.0406
  0.0408  0.0407  0.0408  0.0407  0.0407  0.0405  0.0408  0.0408  0.0407  0.0408  0.0406  0.0407
  0.0414  0.0412  0.0411  0.0411  0.0410  0.0411  0.0412  0.0416  0.0411  0.0412  0.0408  0.0409
  0.0424  0.0419  0.0416  0.0419  0.0415  0.0423  0.0419  0.0426  0.0416  0.0418  0.0411  0.0412
niter,ni,del,rscale     3    3    5.0000    0.6000
parameters
   -3.4426   27.9027   -7.4315   -5.2501  -13.4468  -10.4309
   -9.5769   -6.6907   11.9298   14.9873    2.7390  -15.6879
eta,q 0.95944 10.90800
  0.0419  0.0416  0.0412  0.0416  0.0413  0.0417  0.0416  0.0421  0.0413  0.0415  0.0410  0.0410
  0.0412  0.0410  0.0409  0.0411  0.0409  0.0412  0.0410  0.0413  0.0409  0.0409  0.0408  0.0408
  0.0407  0.0407  0.0407  0.0408  0.0406  0.0409  0.0406  0.0408  0.0406  0.0406  0.0406  0.0406
  0.0406  0.0406  0.0406  0.0406  0.0406  0.0406  0.0406  0.0406  0.0406  0.0406  0.0406  0.0406
  0.0407  0.0407  0.0407  0.0407  0.0407  0.0405  0.0407  0.0407  0.0407  0.0407  0.0406  0.0406
  0.0412  0.0410  0.0409  0.0410  0.0409  0.0409  0.0410  0.0413  0.0409  0.0410  0.0407  0.0408
  0.0419  0.0416  0.0412  0.0416  0.0413  0.0417  0.0416  0.0421  0.0413  0.0415  0.0409  0.0410
niter,ni,del,rscale     2    3    5.0000    0.5000
parameters
   -3.4505   27.8999   -7.4058   -5.1746  -13.5295  -10.2380
   -9.6168   -6.6745   11.9088   14.9350    2.8303  -15.6798
eta,q 0.95948 10.91666
  0.0415  0.0412  0.0410  0.0413  0.0410  0.0413  0.0412  0.0416  0.0411  0.0412  0.0408  0.0409
  0.0409  0.0409  0.0408  0.0409  0.0407  0.0410  0.0408  0.0411  0.0408  0.0408  0.0407  0.0407
  0.0406  0.0406  0.0406  0.0407  0.0406  0.0408  0.0406  0.0407  0.0406  0.0406  0.0406  0.0406
  0.0406  0.0406  0.0406  0.0406  0.0406  0.0405  0.0405  0.0405  0.0405  0.0405  0.0405  0.0405
  0.0407  0.0406  0.0406  0.0406  0.0406  0.0405  0.0406  0.0406  0.0406  0.0406  0.0405  0.0406
  0.0410  0.0409  0.0407  0.0408  0.0408  0.0407  0.0409  0.0410  0.0408  0.0408  0.0406  0.0407
  0.0415  0.0413  0.0410  0.0413  0.0411  0.0413  0.0412  0.0416  0.0411  0.0412  0.0408  0.0409
niter,ni,del,rscale     1    3    5.0000    0.4000
parameters
   -3.4590   27.8915   -7.3667   -5.1196  -13.5974  -10.0136
   -9.6519   -6.6646   11.8849   14.8900    2.9097  -15.6664
eta,q 0.95950 10.92656
  0.0411  0.0410  0.0409  0.0410  0.0408  0.0411  0.0410  0.0412  0.0409  0.0409  0.0407  0.0407
  0.0408  0.0407  0.0407  0.0408  0.0406  0.0409  0.0407  0.0408  0.0407  0.0407  0.0406  0.0406
  0.0406  0.0406  0.0406  0.0406  0.0405  0.0407  0.0405  0.0406  0.0405  0.0405  0.0405  0.0405
  0.0405  0.0405  0.0405  0.0405  0.0405  0.0405  0.0405  0.0405  0.0405  0.0405  0.0405  0.0405
  0.0406  0.0406  0.0405  0.0406  0.0406  0.0405  0.0406  0.0406  0.0405  0.0406  0.0405  0.0405
  0.0408  0.0407  0.0406  0.0407  0.0407  0.0406  0.0407  0.0408  0.0407  0.0407  0.0406  0.0406
  0.0411  0.0410  0.0408  0.0410  0.0409  0.0410  0.0410  0.0412  0.0409  0.0409  0.0407  0.0407
registration optimization eta report
parameter search radius
    0.8000    0.8000    0.8000    2.4000    2.4000    2.4000
    2.4000    2.4000    2.4000    2.4000    2.4000    2.4000
100000*second partial in parameter space
       92.       70.       47.        8.        6.        9.
        8.       13.        6.        7.        3.        4.
  0.0411  0.0410  0.0409  0.0410  0.0408  0.0411  0.0410  0.0412  0.0409  0.0409  0.0407  0.0407
  0.0408  0.0407  0.0407  0.0408  0.0406  0.0409  0.0407  0.0408  0.0407  0.0407  0.0406  0.0406
  0.0406  0.0406  0.0406  0.0406  0.0405  0.0407  0.0405  0.0406  0.0405  0.0405  0.0405  0.0405
  0.0405  0.0405  0.0405  0.0405  0.0405  0.0405  0.0405  0.0405  0.0405  0.0405  0.0405  0.0405
  0.0406  0.0406  0.0405  0.0406  0.0406  0.0405  0.0406  0.0406  0.0405  0.0406  0.0405  0.0405
  0.0408  0.0407  0.0406  0.0407  0.0407  0.0406  0.0407  0.0408  0.0407  0.0407  0.0406  0.0406
  0.0411  0.0410  0.0408  0.0410  0.0409  0.0410  0.0410  0.0412  0.0409  0.0409  0.0407  0.0407
   -3.4590   27.8915   -7.3667   -5.1196  -13.5974  -10.0136
   -9.6519   -6.6646   11.8849   14.8900    2.9097  -15.6664
eta,q 0.95950 10.92656

---------------------------------------------------------------------
compute_vox2vox talsrcimg talsrcimg_to_711-2C_as_mni_average_305_t4 /opt/freesurfer/average/711-2C_as_mni_average_305
---------------------------------------------------------------------

freesurfer compute_vox2vox.c
Reading: talsrcimg.4dfp.ifh
Reading: talsrcimg_to_711-2C_as_mni_average_305_t4
Reading: /opt/freesurfer/average/711-2C_as_mni_average_305.4dfp.ifh
Writing: talsrcimg_to_711-2C_as_mni_average_305_t4_vox2vox.txt

start time Sat Nov 23 15:37:39 UTC 2024
end		time Sat Nov 23 15:38:29 UTC 2024

mpr2mni305 success

avi2talxfm orig_nu.mgz /opt/freesurfer/average/mni305.cor.mgz talsrcimg_to_711-2C_as_mni_average_305_t4_vox2vox.txt transforms/talairach.auto.xfm
avi2talxfm done
mv -f /scratch/tmp/fs_mp2rage_tests/sourcedata/freesurfer_mp2rage/sub-fsm50ww/mri/talsrcimg_to_711-2C_as_mni_average_305_t4_vox2vox.txt /scratch/tmp/fs_mp2rage_tests/sourcedata/freesurfer_mp2rage/sub-fsm50ww/mri/transforms/talsrcimg_to_711-2C_as_mni_average_305_t4_vox2vox.txt
lta_convert --src orig_nu.mgz --trg /opt/freesurfer/average/mni305.cor.mgz --inxfm transforms/talairach.auto.xfm --outlta transforms/talairach.auto.xfm.lta --subject fsaverage
7.3.2

--src: orig_nu.mgz src image (geometry).
--trg: /opt/freesurfer/average/mni305.cor.mgz trg image (geometry).
--inmni: transforms/talairach.auto.xfm input MNI/XFM transform.
--outlta: transforms/talairach.auto.xfm.lta output LTA.
--s: fsaverage subject name
 LTA read, type : 1
 1.03647   0.05593   0.12592   1.34744;
-0.05664   1.07585   0.18875  -42.90282;
-0.13281  -0.19310   1.10752   6.22381;
 0.00000   0.00000   0.00000   1.00000;
setting subject to fsaverage
Writing  LTA to file transforms/talairach.auto.xfm.lta...
lta_convert successful.
 
 
Started at Sat Nov 23 15:37:37 UTC 2024
Ended   at Sat Nov 23 15:38:30 UTC 2024
talairach_avi done
