/scratch/tmp/fs_mp2rage_tests/sourcedata/freesurfer_mp2rage/sub-fsm23qf/mri
/opt/freesurfer/bin/talairach_avi
--i orig_nu.mgz --xfm transforms/talairach.auto.xfm
talairach_avi 7.3.2
Linux elm.criugm.qc.ca 5.15.0-113-generic #123-Ubuntu SMP Mon Jun 10 08:16:17 UTC 2024 x86_64 x86_64 x86_64 GNU/Linux
Sat Nov 23 15:18:39 UTC 2024
mri_convert orig_nu.mgz talsrcimg.img 
reading from orig_nu.mgz...
TR=0.00, TE=0.00, TI=0.00, flip angle=0.00
i_ras = (-1, 6.98492e-10, -4.65661e-10)
j_ras = (0, -1.49012e-08, -1)
k_ras = (5.82077e-11, 1, 1.49012e-08)
writing to talsrcimg.img...
Analyze Output Matrix
-1.00000   0.00000   0.00000   132.83133;
 0.00000  -0.00000   1.00000  -118.05321;
-0.00000  -1.00000   0.00000   119.39510;
 0.00000   0.00000   0.00000   1.00000;
--------------------
INFO: set hdr.hist.orient to -1
mpr2mni305 talsrcimg
Sat Nov 23 15:18:41 UTC 2024
/opt/freesurfer/bin/mpr2mni305 talsrcimg
mpr2mni305 7.3.2
target=711-2C_as_mni_average_305

---------------------------------------------------------------------
analyzeto4dfp talsrcimg -O0 -y
---------------------------------------------------------------------

freesurfer ifh2hdr.c
Sat Nov 23 15:18:42 2024
Writing: talsrcimg.4dfp.hdr
freesurfer analyzeto4dfp.c
Reading: talsrcimg.hdr
header size 348 bytes
hdr.dime.datatype	offset=70	value=2
hdr.dime.bitpix		offset=72	value=8
hdr.hist.orient		offset=252	value=-1
dimensionality     4
dimensions       256       256       256         1
Reading: talsrcimg.img
Writing: talsrcimg.4dfp.img
Writing: talsrcimg.4dfp.ifh
ifh2hdr talsrcimg -r0to225
ori=2

---------------------------------------------------------------------
gauss_4dfp talsrcimg 1.1
---------------------------------------------------------------------

freesurfer gauss_4dfp.c
Reading: talsrcimg.4dfp.img
Writing: talsrcimg_g11.4dfp.img
image dimensions 256 256 256 padded to 288 288 288
processing volume 1freesurfer ifh2hdr.c
Sat Nov 23 15:18:49 2024
Writing: talsrcimg_g11.4dfp.hdr

Writing: talsrcimg_g11.4dfp.ifh
including: talsrcimg.4dfp.img.rec in talsrcimg_g11.4dfp.img.rec

---------------------------------------------------------------------
imgreg_4dfp /opt/freesurfer/average/711-2C_as_mni_average_305 none talsrcimg_g11 none talsrcimg_to_711-2C_as_mni_average_305_t4 4355
---------------------------------------------------------------------

freesurfer imgreg_4dfp.c
/opt/freesurfer/average/711-2C_as_mni_average_305.4dfp.img
       256       256       256         1
  1.000000  1.000000  1.000000
orientation T byte_order littleendian
Reading image: /opt/freesurfer/average/711-2C_as_mni_average_305.4dfp.img
dimensions:      256       256       256
mmppix:       1.0000   -1.0000   -1.0000
center:     128.0000 -129.0000 -129.0000
talsrcimg_g11.4dfp.img
       256       256       256         1
  1.000000  1.000000  1.000000
orientation T byte_order littleendian
Reading image: talsrcimg_g11.4dfp.img
dimensions:      256       256       256
mmppix:       1.0000   -1.0000   -1.0000
center:     128.0000 -129.0000 -129.0000
t4_read: open error in t4_sub.f l:  41 t4_file(1:l)talsrcimg_to_711-2C_as_mni_average_305_t4 
t4_read: transform initialized to I4
rotation matrix determinant  1.000000
image alignment mode   4355 decimal     1103 hex
   -7.5000  -45.0000  -45.0000 9258.7578   11.1210
    0.0000  -45.0000  -45.0000 9588.9844   11.1451
    7.5000  -45.0000  -45.0000 9243.6650   11.1231
   -7.5000  -37.5000  -45.0000 9403.0586   11.1137
    0.0000  -37.5000  -45.0000 9738.6504   11.1325
    7.5000  -37.5000  -45.0000 9395.3398   11.1042
   -7.5000  -30.0000  -45.0000 9795.3877   10.9706
    0.0000  -30.0000  -45.000010145.0615   10.9881
    7.5000  -30.0000  -45.0000 9808.7070   10.9564
   -7.5000  -22.5000  -45.000010246.2881   10.8819
    0.0000  -22.5000  -45.000010621.3857   10.9020
    7.5000  -22.5000  -45.000010255.8672   10.8723
   -7.5000  -15.0000  -45.000010666.6680   10.8440
    0.0000  -15.0000  -45.000011065.9746   10.8677
    7.5000  -15.0000  -45.000010647.8955   10.8431
   -7.5000   -7.5000  -45.000011028.9570   10.8247
    0.0000   -7.5000  -45.000011462.4717   10.8499
    7.5000   -7.5000  -45.000010983.4043   10.8294
   -7.5000    0.0000  -45.000011303.7920   10.8320
    0.0000    0.0000  -45.000011738.9199   10.8552
    7.5000    0.0000  -45.000011217.8662   10.8339
   -7.5000    7.5000  -45.000010704.9033   10.9448
    0.0000    7.5000  -45.000011127.3047   10.9633
    7.5000    7.5000  -45.000010612.8174   10.9359
   -7.5000   15.0000  -45.000010169.3057   11.2415
    0.0000   15.0000  -45.000010590.0576   11.2569
    7.5000   15.0000  -45.000010063.3271   11.2243
   -7.5000   22.5000  -45.0000 9692.9043   11.5946
    0.0000   22.5000  -45.000010105.8877   11.6091
    7.5000   22.5000  -45.0000 9540.0225   11.5743
   -7.5000   30.0000  -45.0000 9130.3457   11.8169
    0.0000   30.0000  -45.0000 9538.3096   11.8353
    7.5000   30.0000  -45.0000 8978.0576   11.8033
   -7.5000   37.5000  -45.0000 8900.0293   12.2253
    0.0000   37.5000  -45.0000 9281.1748   12.2496
    7.5000   37.5000  -45.0000 8734.8252   12.2211
   -7.5000   45.0000  -45.0000 8330.2666   12.3556
    0.0000   45.0000  -45.0000 8637.2373   12.3824
    7.5000   45.0000  -45.0000 8142.5903   12.3530
   -7.5000  -45.0000  -37.5000 9596.9326   11.1294
    0.0000  -45.0000  -37.5000 9963.5293   11.1510
    7.5000  -45.0000  -37.5000 9642.0107   11.1242
   -7.5000  -37.5000  -37.5000 9758.4541   11.1214
    0.0000  -37.5000  -37.500010136.2441   11.1405
    7.5000  -37.5000  -37.5000 9824.4346   11.1101
   -7.5000  -30.0000  -37.500010216.9941   10.9755
    0.0000  -30.0000  -37.500010604.3145   10.9939
    7.5000  -30.0000  -37.500010293.6445   10.9617
   -7.5000  -22.5000  -37.500010731.8633   10.8853
    0.0000  -22.5000  -37.500011132.6709   10.9045
    7.5000  -22.5000  -37.500010777.3711   10.8739
   -7.5000  -15.0000  -37.500011211.6182   10.8479
    0.0000  -15.0000  -37.500011636.9688   10.8683
    7.5000  -15.0000  -37.500011221.5322   10.8409
   -7.5000   -7.5000  -37.500011594.3047   10.8308
    0.0000   -7.5000  -37.500012051.6240   10.8522
    7.5000   -7.5000  -37.500011587.2783   10.8273
   -7.5000    0.0000  -37.500011854.0225   10.8401
    0.0000    0.0000  -37.500012350.1885   10.8611
    7.5000    0.0000  -37.500011824.0039   10.8356
   -7.5000    7.5000  -37.500011223.9082   10.9520
    0.0000    7.5000  -37.500011715.7402   10.9708
    7.5000    7.5000  -37.500011178.2959   10.9414
   -7.5000   15.0000  -37.500010654.1533   11.2463
    0.0000   15.0000  -37.500011158.2998   11.2631
    7.5000   15.0000  -37.500010569.5078   11.2296
   -7.5000   22.5000  -37.500010167.6084   11.5964
    0.0000   22.5000  -37.500010652.4482   11.6122
    7.5000   22.5000  -37.500010000.5664   11.5777
   -7.5000   30.0000  -37.5000 9601.4082   11.8185
    0.0000   30.0000  -37.500010096.3193   11.8347
    7.5000   30.0000  -37.5000 9419.2842   11.8027
   -7.5000   37.5000  -37.5000 9338.0732   12.2287
    0.0000   37.5000  -37.5000 9808.3115   12.2510
    7.5000   37.5000  -37.5000 9156.7646   12.2206
   -7.5000   45.0000  -37.5000 8678.8662   12.3605
    0.0000   45.0000  -37.5000 9087.7637   12.3876
    7.5000   45.0000  -37.5000 8496.7793   12.3559
   -7.5000  -45.0000  -30.000010149.6426   11.5986
    0.0000  -45.0000  -30.000010502.5254   11.6163
    7.5000  -45.0000  -30.000010175.3467   11.5856
   -7.5000  -37.5000  -30.000010336.7334   11.5899
    0.0000  -37.5000  -30.000010723.0547   11.6060
    7.5000  -37.5000  -30.000010379.4863   11.5740
   -7.5000  -30.0000  -30.000010831.9736   11.4357
    0.0000  -30.0000  -30.000011257.4053   11.4516
    7.5000  -30.0000  -30.000010903.0762   11.4193
   -7.5000  -22.5000  -30.000011387.9541   11.3393
    0.0000  -22.5000  -30.000011859.5273   11.3562
    7.5000  -22.5000  -30.000011457.2832   11.3259
   -7.5000  -15.0000  -30.000011885.3301   11.2996
    0.0000  -15.0000  -30.000012387.6387   11.3174
    7.5000  -15.0000  -30.000011947.9668   11.2890
   -7.5000   -7.5000  -30.000012305.2393   11.2842
    0.0000   -7.5000  -30.000012852.0654   11.3023
    7.5000   -7.5000  -30.000012346.8223   11.2744
   -7.5000    0.0000  -30.000012577.6064   11.2968
    0.0000    0.0000  -30.000013167.3027   11.3143
    7.5000    0.0000  -30.000012573.0000   11.2854
   -7.5000    7.5000  -30.000011905.1367   11.4134
    0.0000    7.5000  -30.000012453.9863   11.4294
    7.5000    7.5000  -30.000011859.1836   11.3984
   -7.5000   15.0000  -30.000011341.4883   11.7182
    0.0000   15.0000  -30.000011890.0654   11.7323
    7.5000   15.0000  -30.000011249.0010   11.6990
   -7.5000   22.5000  -30.000010779.5400   12.0783
    0.0000   22.5000  -30.000011309.9668   12.0921
    7.5000   22.5000  -30.000010621.4014   12.0595
   -7.5000   30.0000  -30.000010176.0352   12.3106
    0.0000   30.0000  -30.000010713.9766   12.3240
    7.5000   30.0000  -30.0000 9985.6426   12.2947
   -7.5000   37.5000  -30.0000 9853.0186   12.7402
    0.0000   37.5000  -30.000010419.4512   12.7590
    7.5000   37.5000  -30.0000 9682.9219   12.7293
   -7.5000   45.0000  -30.0000 9139.1221   12.8918
    0.0000   45.0000  -30.0000 9629.2070   12.9145
    7.5000   45.0000  -30.0000 8953.8643   12.8819
   -7.5000  -45.0000  -22.500010741.4951   11.9798
    0.0000  -45.0000  -22.500011099.1602   11.9964
    7.5000  -45.0000  -22.500010723.0576   11.9679
   -7.5000  -37.5000  -22.500010957.7021   11.9708
    0.0000  -37.5000  -22.500011325.7666   11.9830
    7.5000  -37.5000  -22.500010947.7354   11.9525
   -7.5000  -30.0000  -22.500011473.3604   11.8125
    0.0000  -30.0000  -22.500011883.5430   11.8244
    7.5000  -30.0000  -22.500011517.4658   11.7934
   -7.5000  -22.5000  -22.500012065.4736   11.7132
    0.0000  -22.5000  -22.500012551.2451   11.7284
    7.5000  -22.5000  -22.500012123.6084   11.6997
   -7.5000  -15.0000  -22.500012583.2158   11.6715
    0.0000  -15.0000  -22.500013136.9043   11.6901
    7.5000  -15.0000  -22.500012642.8887   11.6638
   -7.5000   -7.5000  -22.500013042.0166   11.6552
    0.0000   -7.5000  -22.500013632.0195   11.6741
    7.5000   -7.5000  -22.500013082.6367   11.6486
   -7.5000    0.0000  -22.500013328.8945   11.6679
    0.0000    0.0000  -22.500013906.2031   11.6845
    7.5000    0.0000  -22.500013309.5312   11.6576
   -7.5000    7.5000  -22.500012624.5742   11.7892
    0.0000    7.5000  -22.500013178.5967   11.8014
    7.5000    7.5000  -22.500012557.5752   11.7720
   -7.5000   15.0000  -22.500012030.9727   12.1051
    0.0000   15.0000  -22.500012615.7520   12.1143
    7.5000   15.0000  -22.500011942.6133   12.0828
   -7.5000   22.5000  -22.500011438.3691   12.4775
    0.0000   22.5000  -22.500012008.4688   12.4875
    7.5000   22.5000  -22.500011294.5771   12.4568
   -7.5000   30.0000  -22.500010770.1250   12.7189
    0.0000   30.0000  -22.500011356.1143   12.7316
    7.5000   30.0000  -22.500010618.0918   12.7052
   -7.5000   37.5000  -22.500010429.3086   13.1622
    0.0000   37.5000  -22.500010999.2607   13.1796
    7.5000   37.5000  -22.500010263.2051   13.1527
   -7.5000   45.0000  -22.5000 9646.3906   13.3307
    0.0000   45.0000  -22.500010193.6660   13.3484
    7.5000   45.0000  -22.5000 9471.9961   13.3179
   -7.5000  -45.0000  -15.000011259.4209   12.2409
    0.0000  -45.0000  -15.000011652.8477   12.2604
    7.5000  -45.0000  -15.000011207.6797   12.2371
   -7.5000  -37.5000  -15.000011490.1436   12.2333
    0.0000  -37.5000  -15.000011874.2588   12.2450
    7.5000  -37.5000  -15.000011474.8311   12.2168
   -7.5000  -30.0000  -15.000012031.5557   12.0749
    0.0000  -30.0000  -15.000012450.4727   12.0854
    7.5000  -30.0000  -15.000012065.2090   12.0547
   -7.5000  -22.5000  -15.000012612.2871   11.9754
    0.0000  -22.5000  -15.000013112.0518   11.9911
    7.5000  -22.5000  -15.000012683.4902   11.9628
   -7.5000  -15.0000  -15.000013145.6055   11.9318
    0.0000  -15.0000  -15.000013692.0068   11.9536
    7.5000  -15.0000  -15.000013219.7383   11.9299
   -7.5000   -7.5000  -15.000013635.4873   11.9120
    0.0000   -7.5000  -15.000014200.1748   11.9351
    7.5000   -7.5000  -15.000013676.5361   11.9142
   -7.5000    0.0000  -15.000014002.5781   11.9226
    0.0000    0.0000  -15.000014528.6006   11.9417
    7.5000    0.0000  -15.000013980.5840   11.9195
   -7.5000    7.5000  -15.000013382.5381   12.0484
    0.0000    7.5000  -15.000013956.9600   12.0602
    7.5000    7.5000  -15.000013318.2627   12.0331
   -7.5000   15.0000  -15.000012836.1016   12.3753
    0.0000   15.0000  -15.000013488.8389   12.3823
    7.5000   15.0000  -15.000012727.9717   12.3515
   -7.5000   22.5000  -15.000012238.4473   12.7604
    0.0000   22.5000  -15.000012809.6885   12.7679
    7.5000   22.5000  -15.000012068.5225   12.7365
   -7.5000   30.0000  -15.000011475.5176   13.0092
    0.0000   30.0000  -15.000012010.1865   13.0237
    7.5000   30.0000  -15.000011330.6484   12.9969
   -7.5000   37.5000  -15.000011064.2207   13.4596
    0.0000   37.5000  -15.000011594.3506   13.4792
    7.5000   37.5000  -15.000010923.3135   13.4540
   -7.5000   45.0000  -15.000010200.5566   13.6359
    0.0000   45.0000  -15.000010727.7080   13.6533
    7.5000   45.0000  -15.000010052.3760   13.6256
   -7.5000  -45.0000   -7.500011745.3594   12.3720
    0.0000  -45.0000   -7.500012135.9912   12.3961
    7.5000  -45.0000   -7.500011716.0615   12.3746
   -7.5000  -37.5000   -7.500012031.1084   12.3657
    0.0000  -37.5000   -7.500012427.2529   12.3815
    7.5000  -37.5000   -7.500012057.4375   12.3528
   -7.5000  -30.0000   -7.500012591.8350   12.2074
    0.0000  -30.0000   -7.500013016.1094   12.2217
    7.5000  -30.0000   -7.500012656.4277   12.1889
   -7.5000  -22.5000   -7.500013160.3486   12.1082
    0.0000  -22.5000   -7.500013608.0557   12.1275
    7.5000  -22.5000   -7.500013239.0977   12.0972
   -7.5000  -15.0000   -7.500013684.8574   12.0644
    0.0000  -15.0000   -7.500014139.8867   12.0900
    7.5000  -15.0000   -7.500013776.1611   12.0659
   -7.5000   -7.5000   -7.500014167.7246   12.0424
    0.0000   -7.5000   -7.500014663.8262   12.0698
    7.5000   -7.5000   -7.500014237.1348   12.0501
   -7.5000    0.0000   -7.500014610.3164   12.0509
    0.0000    0.0000   -7.500015100.4316   12.0742
    7.5000    0.0000   -7.500014624.7734   12.0536
   -7.5000    7.5000   -7.500014102.4219   12.1788
    0.0000    7.5000   -7.500014726.1172   12.1946
    7.5000    7.5000   -7.500014066.0762   12.1668
   -7.5000   15.0000   -7.500013521.8037   12.5113
    0.0000   15.0000   -7.500014084.5254   12.5224
    7.5000   15.0000   -7.500013450.1191   12.4893
   -7.5000   22.5000   -7.500012805.7539   12.9022
    0.0000   22.5000   -7.500013213.7627   12.9131
    7.5000   22.5000   -7.500012683.4893   12.8777
   -7.5000   30.0000   -7.500012026.3672   13.1571
    0.0000   30.0000   -7.500012420.3955   13.1754
    7.5000   30.0000   -7.500011903.0713   13.1445
   -7.5000   37.5000   -7.500011646.3242   13.6120
    0.0000   37.5000   -7.500012075.4697   13.6361
    7.5000   37.5000   -7.500011510.7695   13.6088
   -7.5000   45.0000   -7.500010681.5596   13.7880
    0.0000   45.0000   -7.500011128.9971   13.8112
    7.5000   45.0000   -7.500010558.9775   13.7825
   -7.5000  -45.0000    0.000012148.1680   12.4061
    0.0000  -45.0000    0.000012551.5625   12.4329
    7.5000  -45.0000    0.000012108.9883   12.4084
   -7.5000  -37.5000    0.000012456.8311   12.3995
    0.0000  -37.5000    0.000012904.3809   12.4204
    7.5000  -37.5000    0.000012471.3105   12.3889
   -7.5000  -30.0000    0.000013058.3135   12.2397
    0.0000  -30.0000    0.000013530.0117   12.2593
    7.5000  -30.0000    0.000013111.6738   12.2240
   -7.5000  -22.5000    0.000013678.5762   12.1407
    0.0000  -22.5000    0.000014136.6533   12.1633
    7.5000  -22.5000    0.000013702.7695   12.1302
   -7.5000  -15.0000    0.000014168.4375   12.0982
    0.0000  -15.0000    0.000014613.8271   12.1248
    7.5000  -15.0000    0.000014220.7930   12.0973
   -7.5000   -7.5000    0.000014608.0068   12.0765
    0.0000   -7.5000    0.000015029.0771   12.1047
    7.5000   -7.5000    0.000014662.3877   12.0818
   -7.5000    0.0000    0.000015026.3428   12.0845
    0.0000    0.0000    0.000015518.4092   12.1104
    7.5000    0.0000    0.000015078.8730   12.0866
   -7.5000    7.5000    0.000014539.8457   12.2116
    0.0000    7.5000    0.000015128.1963   12.2322
    7.5000    7.5000    0.000014549.3154   12.2017
   -7.5000   15.0000    0.000013933.6885   12.5438
    0.0000   15.0000    0.000014379.9766   12.5611
    7.5000   15.0000    0.000013967.8271   12.5248
   -7.5000   22.5000    0.000013150.7568   12.9352
    0.0000   22.5000    0.000013446.2227   12.9515
    7.5000   22.5000    0.000013172.6719   12.9127
   -7.5000   30.0000    0.000012443.6855   13.1943
    0.0000   30.0000    0.000012737.4258   13.2149
    7.5000   30.0000    0.000012407.7549   13.1792
   -7.5000   37.5000    0.000012096.0186   13.6518
    0.0000   37.5000    0.000012461.4346   13.6790
    7.5000   37.5000    0.000012023.9473   13.6471
   -7.5000   45.0000    0.000011131.3184   13.8256
    0.0000   45.0000    0.000011494.8516   13.8556
    7.5000   45.0000    0.000011031.3398   13.8228
   -7.5000  -45.0000    7.500011735.8135   12.4304
    0.0000  -45.0000    7.500012114.1123   12.4545
    7.5000  -45.0000    7.500011680.5488   12.4246
   -7.5000  -37.5000    7.500012014.0771   12.4224
    0.0000  -37.5000    7.500012410.1123   12.4437
    7.5000  -37.5000    7.500012001.0566   12.4098
   -7.5000  -30.0000    7.500012585.3945   12.2594
    0.0000  -30.0000    7.500013024.0469   12.2800
    7.5000  -30.0000    7.500012593.0273   12.2440
   -7.5000  -22.5000    7.500013123.6924   12.1586
    0.0000  -22.5000    7.500013602.7090   12.1801
    7.5000  -22.5000    7.500013126.5859   12.1460
   -7.5000  -15.0000    7.500013552.0293   12.1167
    0.0000  -15.0000    7.500014037.1348   12.1395
    7.5000  -15.0000    7.500013584.9219   12.1090
   -7.5000   -7.5000    7.500013942.0879   12.0975
    0.0000   -7.5000    7.500014400.9170   12.1214
    7.5000   -7.5000    7.500014038.0234   12.0936
   -7.5000    0.0000    7.500014349.6113   12.1078
    0.0000    0.0000    7.500014836.8174   12.1313
    7.5000    0.0000    7.500014443.6895   12.1028
   -7.5000    7.5000    7.500013881.1006   12.2335
    0.0000    7.5000    7.500014369.1689   12.2545
    7.5000    7.5000    7.500013969.5117   12.2216
   -7.5000   15.0000    7.500013422.6611   12.5628
    0.0000   15.0000    7.500013771.5850   12.5816
    7.5000   15.0000    7.500013465.6357   12.5442
   -7.5000   22.5000    7.500012806.7754   12.9503
    0.0000   22.5000    7.500012995.4287   12.9680
    7.5000   22.5000    7.500012813.0654   12.9295
   -7.5000   30.0000    7.500012065.0049   13.2083
    0.0000   30.0000    7.500012240.2617   13.2265
    7.5000   30.0000    7.500012019.8721   13.1908
   -7.5000   37.5000    7.500011698.9238   13.6674
    0.0000   37.5000    7.500011940.9570   13.6924
    7.5000   37.5000    7.500011608.1816   13.6586
   -7.5000   45.0000    7.500010715.1846   13.8427
    0.0000   45.0000    7.500011026.7344   13.8731
    7.5000   45.0000    7.500010609.9434   13.8375
   -7.5000  -45.0000   15.000011176.4326   12.4471
    0.0000  -45.0000   15.000011562.6602   12.4660
    7.5000  -45.0000   15.000011105.9414   12.4331
   -7.5000  -37.5000   15.000011422.7031   12.4376
    0.0000  -37.5000   15.000011829.5400   12.4548
    7.5000  -37.5000   15.000011398.0762   12.4205
   -7.5000  -30.0000   15.000011983.4551   12.2719
    0.0000  -30.0000   15.000012422.9023   12.2890
    7.5000  -30.0000   15.000011993.8320   12.2544
   -7.5000  -22.5000   15.000012501.7549   12.1685
    0.0000  -22.5000   15.000012954.9277   12.1866
    7.5000  -22.5000   15.000012553.7832   12.1541
   -7.5000  -15.0000   15.000012942.4795   12.1260
    0.0000  -15.0000   15.000013384.6006   12.1452
    7.5000  -15.0000   15.000013014.1777   12.1147
   -7.5000   -7.5000   15.000013359.3320   12.1097
    0.0000   -7.5000   15.000013799.3828   12.1292
    7.5000   -7.5000   15.000013477.3164   12.0993
   -7.5000    0.0000   15.000013742.7891   12.1233
    0.0000    0.0000   15.000014212.1221   12.1421
    7.5000    0.0000   15.000013842.7676   12.1111
   -7.5000    7.5000   15.000013235.9502   12.2483
    0.0000    7.5000   15.000013696.8564   12.2654
    7.5000    7.5000   15.000013296.1191   12.2321
   -7.5000   15.0000   15.000012744.2822   12.5749
    0.0000   15.0000   15.000013170.6025   12.5900
    7.5000   15.0000   15.000012684.5312   12.5543
   -7.5000   22.5000   15.000012185.2139   12.9580
    0.0000   22.5000   15.000012603.9355   12.9729
    7.5000   22.5000   15.000012051.0859   12.9380
   -7.5000   30.0000   15.000011485.5117   13.2128
    0.0000   30.0000   15.000011888.4697   13.2273
    7.5000   30.0000   15.000011299.8379   13.1960
   -7.5000   37.5000   15.000011036.2881   13.6732
    0.0000   37.5000   15.000011406.6367   13.6935
    7.5000   37.5000   15.000010843.3291   13.6616
   -7.5000   45.0000   15.000010056.7314   13.8540
    0.0000   45.0000   15.000010415.5908   13.8784
    7.5000   45.0000   15.0000 9909.8145   13.8434
   -7.5000  -45.0000   22.500010634.8467   12.4393
    0.0000  -45.0000   22.500010949.7734   12.4565
    7.5000  -45.0000   22.500010577.2881   12.4269
   -7.5000  -37.5000   22.500010857.5518   12.4298
    0.0000  -37.5000   22.500011164.0107   12.4424
    7.5000  -37.5000   22.500010828.6992   12.4108
   -7.5000  -30.0000   22.500011390.2578   12.2650
    0.0000  -30.0000   22.500011739.4053   12.2773
    7.5000  -30.0000   22.500011389.4668   12.2452
   -7.5000  -22.5000   22.500011890.0215   12.1616
    0.0000  -22.5000   22.500012301.4932   12.1774
    7.5000  -22.5000   22.500011919.5186   12.1476
   -7.5000  -15.0000   22.500012325.7197   12.1184
    0.0000  -15.0000   22.500012823.7754   12.1377
    7.5000  -15.0000   22.500012347.3984   12.1104
   -7.5000   -7.5000   22.500012760.4258   12.1018
    0.0000   -7.5000   22.500013331.5420   12.1214
    7.5000   -7.5000   22.500012773.4062   12.0950
   -7.5000    0.0000   22.500013097.5889   12.1153
    0.0000    0.0000   22.500013727.0703   12.1325
    7.5000    0.0000   22.500013089.4102   12.1046
   -7.5000    7.5000   22.500012510.8535   12.2411
    0.0000    7.5000   22.500013089.7637   12.2538
    7.5000    7.5000   22.500012441.4502   12.2233
   -7.5000   15.0000   22.500011867.9951   12.5689
    0.0000   15.0000   22.500012362.0039   12.5784
    7.5000   15.0000   22.500011756.2881   12.5458
   -7.5000   22.5000   22.500011199.3789   12.9528
    0.0000   22.5000   22.500011654.5078   12.9631
    7.5000   22.5000   22.500011083.9287   12.9313
   -7.5000   30.0000   22.500010452.2109   13.2050
    0.0000   30.0000   22.500010882.0166   13.2181
    7.5000   30.0000   22.500010323.8408   13.1908
   -7.5000   37.5000   22.500010045.5039   13.6634
    0.0000   37.5000   22.500010480.5127   13.6815
    7.5000   37.5000   22.5000 9932.5029   13.6536
   -7.5000   45.0000   22.5000 9220.9863   13.8471
    0.0000   45.0000   22.5000 9644.1768   13.8656
    7.5000   45.0000   22.5000 9130.2793   13.8340
   -7.5000  -45.0000   30.000010003.9727   12.4239
    0.0000  -45.0000   30.000010327.9072   12.4436
    7.5000  -45.0000   30.0000 9926.8652   12.4201
   -7.5000  -37.5000   30.000010181.2197   12.4162
    0.0000  -37.5000   30.000010505.2930   12.4279
    7.5000  -37.5000   30.000010093.3359   12.3995
   -7.5000  -30.0000   30.000010669.7900   12.2549
    0.0000  -30.0000   30.000011041.2178   12.2654
    7.5000  -30.0000   30.000010589.1904   12.2343
   -7.5000  -22.5000   30.000011129.9219   12.1533
    0.0000  -22.5000   30.000011530.9795   12.1691
    7.5000  -22.5000   30.000011042.4062   12.1405
   -7.5000  -15.0000   30.000011503.3496   12.1090
    0.0000  -15.0000   30.000011958.2236   12.1310
    7.5000  -15.0000   30.000011416.4082   12.1070
   -7.5000   -7.5000   30.000011842.7559   12.0893
    0.0000   -7.5000   30.000012336.8242   12.1127
    7.5000   -7.5000   30.000011766.8916   12.0916
   -7.5000    0.0000   30.000012091.1484   12.1005
    0.0000    0.0000   30.000012596.3359   12.1198
    7.5000    0.0000   30.000012024.3926   12.0974
   -7.5000    7.5000   30.000011467.9102   12.2283
    0.0000    7.5000   30.000011911.0791   12.2402
    7.5000    7.5000   30.000011395.8447   12.2127
   -7.5000   15.0000   30.000010829.9395   12.5601
    0.0000   15.0000   30.000011214.2686   12.5670
    7.5000   15.0000   30.000010734.0820   12.5359
   -7.5000   22.5000   30.000010214.7646   12.9483
    0.0000   22.5000   30.000010568.2969   12.9558
    7.5000   22.5000   30.000010113.2676   12.9239
   -7.5000   30.0000   30.0000 9512.9697   13.1991
    0.0000   30.0000   30.0000 9855.5645   13.2138
    7.5000   30.0000   30.0000 9416.1699   13.1866
   -7.5000   37.5000   30.0000 9138.4756   13.6539
    0.0000   37.5000   30.0000 9450.0107   13.6737
    7.5000   37.5000   30.0000 9062.4561   13.6483
   -7.5000   45.0000   30.0000 8423.0000   13.8351
    0.0000   45.0000   30.0000 8744.1260   13.8527
    7.5000   45.0000   30.0000 8361.7520   13.8246
   -7.5000  -45.0000   37.5000 9705.5107   12.5632
    0.0000  -45.0000   37.500010063.5986   12.5878
    7.5000  -45.0000   37.5000 9571.3789   12.5659
   -7.5000  -37.5000   37.5000 9838.5010   12.5568
    0.0000  -37.5000   37.500010187.8945   12.5729
    7.5000  -37.5000   37.5000 9693.5332   12.5434
   -7.5000  -30.0000   37.500010278.6621   12.3937
    0.0000  -30.0000   37.500010637.6592   12.4081
    7.5000  -30.0000   37.500010138.0762   12.3745
   -7.5000  -22.5000   37.500010674.8057   12.2911
    0.0000  -22.5000   37.500011040.7656   12.3109
    7.5000  -22.5000   37.500010546.4609   12.2798
   -7.5000  -15.0000   37.500011003.1494   12.2459
    0.0000  -15.0000   37.500011413.7637   12.2721
    7.5000  -15.0000   37.500010915.0889   12.2474
   -7.5000   -7.5000   37.500011296.8809   12.2236
    0.0000   -7.5000   37.500011738.2002   12.2517
    7.5000   -7.5000   37.500011242.7656   12.2316
   -7.5000    0.0000   37.500011514.3311   12.2329
    0.0000    0.0000   37.500011961.0684   12.2567
    7.5000    0.0000   37.500011449.2969   12.2356
   -7.5000    7.5000   37.500010902.9746   12.3646
    0.0000    7.5000   37.500011296.8281   12.3805
    7.5000    7.5000   37.500010834.0283   12.3521
   -7.5000   15.0000   37.500010315.6934   12.7064
    0.0000   15.0000   37.500010675.1348   12.7175
    7.5000   15.0000   37.500010219.4961   12.6836
   -7.5000   22.5000   37.5000 9732.8916   13.1060
    0.0000   22.5000   37.500010049.8574   13.1170
    7.5000   22.5000   37.5000 9620.7178   13.0807
   -7.5000   30.0000   37.5000 9074.7949   13.3665
    0.0000   30.0000   37.5000 9374.5156   13.3853
    7.5000   30.0000   37.5000 8974.6992   13.3534
   -7.5000   37.5000   37.5000 8746.4082   13.8318
    0.0000   37.5000   37.5000 9029.7041   13.8566
    7.5000   37.5000   37.5000 8646.1230   13.8285
   -7.5000   45.0000   37.5000 8068.7070   14.0164
    0.0000   45.0000   37.5000 8367.9648   14.0403
    7.5000   45.0000   37.5000 7982.7324   14.0108
   -7.5000  -45.0000   45.0000 8879.5566   12.7081
    0.0000  -45.0000   45.0000 9202.8057   12.7359
    7.5000  -45.0000   45.0000 8762.0977   12.7093
   -7.5000  -37.5000   45.0000 8979.0850   12.7006
    0.0000  -37.5000   45.0000 9300.0674   12.7222
    7.5000  -37.5000   45.0000 8868.8125   12.6885
   -7.5000  -30.0000   45.0000 9354.1006   12.5313
    0.0000  -30.0000   45.0000 9689.1113   12.5515
    7.5000  -30.0000   45.0000 9260.2451   12.5140
   -7.5000  -22.5000   45.0000 9704.2959   12.4270
    0.0000  -22.5000   45.000010054.4111   12.4502
    7.5000  -22.5000   45.0000 9628.6230   12.4148
   -7.5000  -15.0000   45.000010020.9375   12.3826
    0.0000  -15.0000   45.000010377.9590   12.4099
    7.5000  -15.0000   45.0000 9948.3994   12.3804
   -7.5000   -7.5000   45.000010307.3848   12.3602
    0.0000   -7.5000   45.000010678.9307   12.3893
    7.5000   -7.5000   45.000010252.1387   12.3644
   -7.5000    0.0000   45.000010481.9893   12.3688
    0.0000    0.0000   45.000010848.6006   12.3956
    7.5000    0.0000   45.000010425.6572   12.3699
   -7.5000    7.5000   45.0000 9923.3525   12.5022
    0.0000    7.5000   45.000010264.6230   12.5235
    7.5000    7.5000   45.0000 9858.1885   12.4909
   -7.5000   15.0000   45.0000 9372.0186   12.8524
    0.0000   15.0000   45.0000 9691.8076   12.8701
    7.5000   15.0000   45.0000 9305.5537   12.8315
   -7.5000   22.5000   45.0000 8827.2861   13.2629
    0.0000   22.5000   45.0000 9121.7051   13.2794
    7.5000   22.5000   45.0000 8748.2080   13.2379
   -7.5000   30.0000   45.0000 8239.5234   13.5362
    0.0000   30.0000   45.0000 8516.2080   13.5573
    7.5000   30.0000   45.0000 8162.5610   13.5187
   -7.5000   37.5000   45.0000 7959.5151   14.0175
    0.0000   37.5000   45.0000 8227.3281   14.0458
    7.5000   37.5000   45.0000 7883.7065   14.0109
   -7.5000   45.0000   45.0000 7369.4385   14.2181
    0.0000   45.0000   45.0000 7643.0820   14.2497
    7.5000   45.0000   45.0000 7297.9243   14.2137

---------------------------------------------------------------------
imgreg_4dfp /opt/freesurfer/average/711-2C_as_mni_average_305 /opt/freesurfer/average/711-2B_as_mni_average_305_mask talsrcimg_g11 none talsrcimg_to_711-2C_as_mni_average_305_t4 4355
---------------------------------------------------------------------

freesurfer imgreg_4dfp.c
/opt/freesurfer/average/711-2C_as_mni_average_305.4dfp.img
       256       256       256         1
  1.000000  1.000000  1.000000
orientation T byte_order littleendian
Reading image: /opt/freesurfer/average/711-2C_as_mni_average_305.4dfp.img
dimensions:      256       256       256
mmppix:       1.0000   -1.0000   -1.0000
center:     128.0000 -129.0000 -129.0000
/opt/freesurfer/average/711-2B_as_mni_average_305_mask.4dfp.img
       256       256       256         1
  1.000000  1.000000  1.000000
orientation T byte_order littleendian
Reading mask: /opt/freesurfer/average/711-2B_as_mni_average_305_mask.4dfp.img (2306576 pixels)
talsrcimg_g11.4dfp.img
       256       256       256         1
  1.000000  1.000000  1.000000
orientation T byte_order littleendian
Reading image: talsrcimg_g11.4dfp.img
dimensions:      256       256       256
mmppix:       1.0000   -1.0000   -1.0000
center:     128.0000 -129.0000 -129.0000
rotation matrix determinant  1.000000
image alignment mode   4355 decimal     1103 hex
   -7.5000  -45.0000  -45.0000 2141.2275   14.6271
    0.0000  -45.0000  -45.0000 2143.8237   14.6013
    7.5000  -45.0000  -45.0000 2116.6455   14.8619
   -7.5000  -37.5000  -45.0000 2137.4199   14.4945
    0.0000  -37.5000  -45.0000 2141.1362   14.4666
    7.5000  -37.5000  -45.0000 2121.8201   14.7179
   -7.5000  -30.0000  -45.0000 2139.8669   14.3969
    0.0000  -30.0000  -45.0000 2148.0420   14.3624
    7.5000  -30.0000  -45.0000 2130.1077   14.5910
   -7.5000  -22.5000  -45.0000 2157.8677   14.2829
    0.0000  -22.5000  -45.0000 2169.4712   14.2638
    7.5000  -22.5000  -45.0000 2153.5581   14.4080
   -7.5000  -15.0000  -45.0000 2183.3477   14.1865
    0.0000  -15.0000  -45.0000 2198.9028   14.1510
    7.5000  -15.0000  -45.0000 2176.6089   14.3416
   -7.5000   -7.5000  -45.0000 2207.1116   14.1422
    0.0000   -7.5000  -45.0000 2223.3333   14.1209
    7.5000   -7.5000  -45.0000 2199.4619   14.3179
   -7.5000    0.0000  -45.0000 2215.3281   14.2031
    0.0000    0.0000  -45.0000 2229.0696   14.1754
    7.5000    0.0000  -45.0000 2203.1050   14.3263
   -7.5000    7.5000  -45.0000 2210.5247   14.2750
    0.0000    7.5000  -45.0000 2227.5320   14.3102
    7.5000    7.5000  -45.0000 2201.8586   14.3650
   -7.5000   15.0000  -45.0000 2200.4775   14.4096
    0.0000   15.0000  -45.0000 2214.3660   14.4826
    7.5000   15.0000  -45.0000 2192.4167   14.4763
   -7.5000   22.5000  -45.0000 2190.1138   14.7524
    0.0000   22.5000  -45.0000 2211.7402   14.7915
    7.5000   22.5000  -45.0000 2177.7180   14.7848
   -7.5000   30.0000  -45.0000 2159.0061   15.1755
    0.0000   30.0000  -45.0000 2179.9187   15.1789
    7.5000   30.0000  -45.0000 2158.3586   15.2533
   -7.5000   37.5000  -45.0000 2127.4565   15.8171
    0.0000   37.5000  -45.0000 2150.6511   15.7553
    7.5000   37.5000  -45.0000 2131.0342   15.8701
   -7.5000   45.0000  -45.0000 2085.6028   16.7299
    0.0000   45.0000  -45.0000 2104.4646   16.5958
    7.5000   45.0000  -45.0000 2080.0200   16.7913
   -7.5000  -45.0000  -37.5000 2214.8059   13.4788
    0.0000  -45.0000  -37.5000 2219.8342   13.4480
    7.5000  -45.0000  -37.5000 2200.1848   13.6981
   -7.5000  -37.5000  -37.5000 2209.8848   13.3217
    0.0000  -37.5000  -37.5000 2222.5151   13.2758
    7.5000  -37.5000  -37.5000 2204.3472   13.5346
   -7.5000  -30.0000  -37.5000 2219.2070   13.2097
    0.0000  -30.0000  -37.5000 2232.6843   13.1871
    7.5000  -30.0000  -37.5000 2216.8313   13.3947
   -7.5000  -22.5000  -37.5000 2240.8230   13.1320
    0.0000  -22.5000  -37.5000 2254.1196   13.0910
    7.5000  -22.5000  -37.5000 2235.1931   13.2416
   -7.5000  -15.0000  -37.5000 2268.4749   13.0475
    0.0000  -15.0000  -37.5000 2286.0012   13.0169
    7.5000  -15.0000  -37.5000 2262.1482   13.1525
   -7.5000   -7.5000  -37.5000 2293.0107   12.9642
    0.0000   -7.5000  -37.5000 2307.5386   12.9538
    7.5000   -7.5000  -37.5000 2285.1428   13.0569
   -7.5000    0.0000  -37.5000 2305.5098   12.9417
    0.0000    0.0000  -37.5000 2323.3752   12.9596
    7.5000    0.0000  -37.5000 2299.0833   13.0409
   -7.5000    7.5000  -37.5000 2307.2146   13.0378
    0.0000    7.5000  -37.5000 2334.0486   13.1195
    7.5000    7.5000  -37.5000 2305.7837   13.1610
   -7.5000   15.0000  -37.5000 2297.5916   13.2679
    0.0000   15.0000  -37.5000 2329.9636   13.3761
    7.5000   15.0000  -37.5000 2297.7539   13.3316
   -7.5000   22.5000  -37.5000 2297.2842   13.6030
    0.0000   22.5000  -37.5000 2334.6345   13.6831
    7.5000   22.5000  -37.5000 2294.3540   13.6058
   -7.5000   30.0000  -37.5000 2277.6470   14.0723
    0.0000   30.0000  -37.5000 2312.9221   14.1718
    7.5000   30.0000  -37.5000 2270.8560   14.0792
   -7.5000   37.5000  -37.5000 2238.6094   14.7205
    0.0000   37.5000  -37.5000 2268.8506   14.7718
    7.5000   37.5000  -37.5000 2236.3877   14.7721
   -7.5000   45.0000  -37.5000 2185.2319   15.6274
    0.0000   45.0000  -37.5000 2214.6184   15.6317
    7.5000   45.0000  -37.5000 2182.9705   15.6695
   -7.5000  -45.0000  -30.0000 2333.2449   12.9219
    0.0000  -45.0000  -30.0000 2337.9648   12.8877
    7.5000  -45.0000  -30.0000 2320.3225   13.0947
   -7.5000  -37.5000  -30.0000 2331.8630   12.7828
    0.0000  -37.5000  -30.0000 2344.5264   12.7539
    7.5000  -37.5000  -30.0000 2326.2598   12.9075
   -7.5000  -30.0000  -30.0000 2339.2585   12.6406
    0.0000  -30.0000  -30.0000 2356.8901   12.6027
    7.5000  -30.0000  -30.0000 2339.8914   12.7706
   -7.5000  -22.5000  -30.0000 2359.3743   12.4904
    0.0000  -22.5000  -30.0000 2386.2222   12.4597
    7.5000  -22.5000  -30.0000 2359.7327   12.5788
   -7.5000  -15.0000  -30.0000 2390.0271   12.3412
    0.0000  -15.0000  -30.0000 2414.5276   12.3501
    7.5000  -15.0000  -30.0000 2388.9482   12.4491
   -7.5000   -7.5000  -30.0000 2416.3621   12.3189
    0.0000   -7.5000  -30.0000 2439.1348   12.3411
    7.5000   -7.5000  -30.0000 2416.8591   12.4044
   -7.5000    0.0000  -30.0000 2433.5967   12.3181
    0.0000    0.0000  -30.0000 2460.6174   12.3618
    7.5000    0.0000  -30.0000 2433.0728   12.3938
   -7.5000    7.5000  -30.0000 2444.4734   12.4437
    0.0000    7.5000  -30.0000 2475.0452   12.4920
    7.5000    7.5000  -30.0000 2444.1172   12.5205
   -7.5000   15.0000  -30.0000 2447.3660   12.6828
    0.0000   15.0000  -30.0000 2478.5955   12.7681
    7.5000   15.0000  -30.0000 2447.1980   12.7607
   -7.5000   22.5000  -30.0000 2444.3745   13.0003
    0.0000   22.5000  -30.0000 2483.7839   13.1137
    7.5000   22.5000  -30.0000 2442.7104   13.0801
   -7.5000   30.0000  -30.0000 2419.5818   13.5436
    0.0000   30.0000  -30.0000 2469.7166   13.6770
    7.5000   30.0000  -30.0000 2420.9460   13.5894
   -7.5000   37.5000  -30.0000 2371.6638   14.2444
    0.0000   37.5000  -30.0000 2418.8396   14.3399
    7.5000   37.5000  -30.0000 2379.7397   14.2598
   -7.5000   45.0000  -30.0000 2310.7473   15.1509
    0.0000   45.0000  -30.0000 2352.8564   15.2144
    7.5000   45.0000  -30.0000 2314.4888   15.1746
   -7.5000  -45.0000  -22.5000 2438.3945   12.3115
    0.0000  -45.0000  -22.5000 2439.9158   12.1970
    7.5000  -45.0000  -22.5000 2421.7878   12.4214
   -7.5000  -37.5000  -22.5000 2443.1038   12.1741
    0.0000  -37.5000  -22.5000 2449.8535   12.1001
    7.5000  -37.5000  -22.5000 2430.3074   12.2868
   -7.5000  -30.0000  -22.5000 2448.7466   12.0031
    0.0000  -30.0000  -22.5000 2460.2395   11.9374
    7.5000  -30.0000  -22.5000 2445.4597   12.1094
   -7.5000  -22.5000  -22.5000 2466.6970   11.8301
    0.0000  -22.5000  -22.5000 2491.7549   11.7782
    7.5000  -22.5000  -22.5000 2466.7446   11.9271
   -7.5000  -15.0000  -22.5000 2493.4177   11.6800
    0.0000  -15.0000  -22.5000 2517.5925   11.6562
    7.5000  -15.0000  -22.5000 2494.2578   11.7894
   -7.5000   -7.5000  -22.5000 2519.9209   11.6732
    0.0000   -7.5000  -22.5000 2545.0847   11.6588
    7.5000   -7.5000  -22.5000 2522.8728   11.7543
   -7.5000    0.0000  -22.5000 2535.2861   11.6970
    0.0000    0.0000  -22.5000 2561.8135   11.6918
    7.5000    0.0000  -22.5000 2540.4077   11.7775
   -7.5000    7.5000  -22.5000 2553.3867   11.8496
    0.0000    7.5000  -22.5000 2584.1145   11.8225
    7.5000    7.5000  -22.5000 2557.9624   11.8856
   -7.5000   15.0000  -22.5000 2562.7908   12.0649
    0.0000   15.0000  -22.5000 2603.8711   12.0912
    7.5000   15.0000  -22.5000 2569.0747   12.1268
   -7.5000   22.5000  -22.5000 2561.3257   12.4033
    0.0000   22.5000  -22.5000 2606.6265   12.4694
    7.5000   22.5000  -22.5000 2558.2046   12.4880
   -7.5000   30.0000  -22.5000 2534.0242   12.9385
    0.0000   30.0000  -22.5000 2587.6655   13.0293
    7.5000   30.0000  -22.5000 2536.3533   13.0138
   -7.5000   37.5000  -22.5000 2485.0415   13.6013
    0.0000   37.5000  -22.5000 2530.6589   13.7386
    7.5000   37.5000  -22.5000 2488.9023   13.6858
   -7.5000   45.0000  -22.5000 2412.6453   14.4611
    0.0000   45.0000  -22.5000 2454.7766   14.5467
    7.5000   45.0000  -22.5000 2414.9971   14.5545
   -7.5000  -45.0000  -15.0000 2510.7000   11.6637
    0.0000  -45.0000  -15.0000 2509.6567   11.5505
    7.5000  -45.0000  -15.0000 2489.0195   11.8164
   -7.5000  -37.5000  -15.0000 2516.1743   11.5339
    0.0000  -37.5000  -15.0000 2518.5476   11.4308
    7.5000  -37.5000  -15.0000 2498.9714   11.6885
   -7.5000  -30.0000  -15.0000 2525.4604   11.3398
    0.0000  -30.0000  -15.0000 2532.6270   11.2427
    7.5000  -30.0000  -15.0000 2513.9155   11.4693
   -7.5000  -22.5000  -15.0000 2542.0525   11.1704
    0.0000  -22.5000  -15.0000 2560.5530   11.0773
    7.5000  -22.5000  -15.0000 2534.3452   11.2836
   -7.5000  -15.0000  -15.0000 2563.9607   11.0526
    0.0000  -15.0000  -15.0000 2585.1509   10.9957
    7.5000  -15.0000  -15.0000 2562.3550   11.1660
   -7.5000   -7.5000  -15.0000 2583.9346   11.0573
    0.0000   -7.5000  -15.0000 2610.6992   10.9819
    7.5000   -7.5000  -15.0000 2587.4690   11.1247
   -7.5000    0.0000  -15.0000 2603.7175   11.0946
    0.0000    0.0000  -15.0000 2630.1716   11.0218
    7.5000    0.0000  -15.0000 2609.1213   11.1881
   -7.5000    7.5000  -15.0000 2630.3154   11.2592
    0.0000    7.5000  -15.0000 2662.2134   11.2057
    7.5000    7.5000  -15.0000 2633.7375   11.3418
   -7.5000   15.0000  -15.0000 2654.1606   11.5020
    0.0000   15.0000  -15.0000 2694.4189   11.4778
    7.5000   15.0000  -15.0000 2653.2112   11.5802
   -7.5000   22.5000  -15.0000 2658.3276   11.8434
    0.0000   22.5000  -15.0000 2701.9141   11.8460
    7.5000   22.5000  -15.0000 2650.7373   11.9585
   -7.5000   30.0000  -15.0000 2626.6594   12.3633
    0.0000   30.0000  -15.0000 2675.2783   12.3778
    7.5000   30.0000  -15.0000 2624.8638   12.4933
   -7.5000   37.5000  -15.0000 2565.4880   13.0182
    0.0000   37.5000  -15.0000 2609.3098   13.0307
    7.5000   37.5000  -15.0000 2562.6196   13.1551
   -7.5000   45.0000  -15.0000 2481.2063   13.8264
    0.0000   45.0000  -15.0000 2512.9170   13.8464
    7.5000   45.0000  -15.0000 2479.0532   13.9243
   -7.5000  -45.0000   -7.5000 2572.6516   11.1376
    0.0000  -45.0000   -7.5000 2575.2588   11.0248
    7.5000  -45.0000   -7.5000 2554.1333   11.3505
   -7.5000  -37.5000   -7.5000 2581.5886   11.0279
    0.0000  -37.5000   -7.5000 2587.1248   10.9132
    7.5000  -37.5000   -7.5000 2569.1360   11.2388
   -7.5000  -30.0000   -7.5000 2583.9192   10.8323
    0.0000  -30.0000   -7.5000 2592.9812   10.7458
    7.5000  -30.0000   -7.5000 2574.7185   11.0424
   -7.5000  -22.5000   -7.5000 2589.8235   10.6421
    0.0000  -22.5000   -7.5000 2601.2571   10.5417
    7.5000  -22.5000   -7.5000 2578.1516   10.8415
   -7.5000  -15.0000   -7.5000 2608.5154   10.5589
    0.0000  -15.0000   -7.5000 2619.7705   10.4451
    7.5000  -15.0000   -7.5000 2598.4995   10.7086
   -7.5000   -7.5000   -7.5000 2629.7290   10.5339
    0.0000   -7.5000   -7.5000 2654.8586   10.4130
    7.5000   -7.5000   -7.5000 2627.3953   10.6619
   -7.5000    0.0000   -7.5000 2653.3923   10.5989
    0.0000    0.0000   -7.5000 2685.4436   10.4746
    7.5000    0.0000   -7.5000 2655.9512   10.7286
   -7.5000    7.5000   -7.5000 2683.4912   10.8410
    0.0000    7.5000   -7.5000 2719.6404   10.7258
    7.5000    7.5000   -7.5000 2683.5332   10.9442
   -7.5000   15.0000   -7.5000 2712.5872   11.0945
    0.0000   15.0000   -7.5000 2756.5801   10.9932
    7.5000   15.0000   -7.5000 2708.6682   11.1979
   -7.5000   22.5000   -7.5000 2733.8645   11.3124
    0.0000   22.5000   -7.5000 2774.6123   11.1440
    7.5000   22.5000   -7.5000 2714.0872   11.4618
   -7.5000   30.0000   -7.5000 2700.9219   11.8134
    0.0000   30.0000   -7.5000 2740.5720   11.6173
    7.5000   30.0000   -7.5000 2691.5496   11.9644
   -7.5000   37.5000   -7.5000 2625.3760   12.5305
    0.0000   37.5000   -7.5000 2664.3630   12.3890
    7.5000   37.5000   -7.5000 2625.2759   12.6638
   -7.5000   45.0000   -7.5000 2518.2009   13.3240
    0.0000   45.0000   -7.5000 2542.9871   13.2793
    7.5000   45.0000   -7.5000 2519.5784   13.4525
   -7.5000  -45.0000    0.0000 2609.0952   10.7993
    0.0000  -45.0000    0.0000 2609.5671   10.6975
    7.5000  -45.0000    0.0000 2585.9182   11.0147
   -7.5000  -37.5000    0.0000 2616.8225   10.7227
    0.0000  -37.5000    0.0000 2629.9316   10.6135
    7.5000  -37.5000    0.0000 2605.7646   10.9164
   -7.5000  -30.0000    0.0000 2619.3274   10.5516
    0.0000  -30.0000    0.0000 2635.7161   10.4438
    7.5000  -30.0000    0.0000 2609.7795   10.7288
   -7.5000  -22.5000    0.0000 2625.3000   10.3809
    0.0000  -22.5000    0.0000 2646.0554   10.2586
    7.5000  -22.5000    0.0000 2616.4966   10.5594
   -7.5000  -15.0000    0.0000 2634.8574   10.2996
    0.0000  -15.0000    0.0000 2656.0847   10.1402
    7.5000  -15.0000    0.0000 2629.8921   10.4336
   -7.5000   -7.5000    0.0000 2652.4392   10.2722
    0.0000   -7.5000    0.0000 2675.0588   10.0933
    7.5000   -7.5000    0.0000 2648.0281   10.4098
   -7.5000    0.0000    0.0000 2670.3843   10.3628
    0.0000    0.0000    0.0000 2699.4019   10.1841
    7.5000    0.0000    0.0000 2670.8755   10.4889
   -7.5000    7.5000    0.0000 2699.6379   10.6583
    0.0000    7.5000    0.0000 2728.0408   10.4904
    7.5000    7.5000    0.0000 2700.7021   10.7502
   -7.5000   15.0000    0.0000 2725.6033   10.9638
    0.0000   15.0000    0.0000 2767.2246   10.7682
    7.5000   15.0000    0.0000 2730.1438   11.0675
   -7.5000   22.5000    0.0000 2746.5918   11.1574
    0.0000   22.5000    0.0000 2789.3037   10.8146
    7.5000   22.5000    0.0000 2743.6531   11.3548
   -7.5000   30.0000    0.0000 2736.0029   11.6555
    0.0000   30.0000    0.0000 2772.7507   11.3518
    7.5000   30.0000    0.0000 2729.4661   11.8466
   -7.5000   37.5000    0.0000 2654.3162   12.4190
    0.0000   37.5000    0.0000 2694.0742   12.1964
    7.5000   37.5000    0.0000 2659.8691   12.5878
   -7.5000   45.0000    0.0000 2534.2188   13.2848
    0.0000   45.0000    0.0000 2567.4663   13.1206
    7.5000   45.0000    0.0000 2546.2239   13.4179
   -7.5000  -45.0000    7.5000 2622.8086   10.7408
    0.0000  -45.0000    7.5000 2622.4619   10.6021
    7.5000  -45.0000    7.5000 2601.6243   10.8743
   -7.5000  -37.5000    7.5000 2635.0525   10.6113
    0.0000  -37.5000    7.5000 2639.5083   10.4755
    7.5000  -37.5000    7.5000 2619.6926   10.7765
   -7.5000  -30.0000    7.5000 2637.2129   10.4345
    0.0000  -30.0000    7.5000 2647.5588   10.2812
    7.5000  -30.0000    7.5000 2622.4973   10.5768
   -7.5000  -22.5000    7.5000 2642.5793   10.2494
    0.0000  -22.5000    7.5000 2660.0691   10.1075
    7.5000  -22.5000    7.5000 2631.1721   10.3949
   -7.5000  -15.0000    7.5000 2643.2170   10.1825
    0.0000  -15.0000    7.5000 2667.7986   10.0128
    7.5000  -15.0000    7.5000 2637.1953   10.2921
   -7.5000   -7.5000    7.5000 2652.8103   10.1985
    0.0000   -7.5000    7.5000 2680.5781   10.0309
    7.5000   -7.5000    7.5000 2655.2588   10.3449
   -7.5000    0.0000    7.5000 2669.7104   10.3708
    0.0000    0.0000    7.5000 2698.2185   10.1628
    7.5000    0.0000    7.5000 2672.5564   10.4947
   -7.5000    7.5000    7.5000 2696.0813   10.7289
    0.0000    7.5000    7.5000 2721.4258   10.5224
    7.5000    7.5000    7.5000 2703.6313   10.8497
   -7.5000   15.0000    7.5000 2725.3599   11.1085
    0.0000   15.0000    7.5000 2760.7769   10.8055
    7.5000   15.0000    7.5000 2733.7698   11.2021
   -7.5000   22.5000    7.5000 2745.6658   11.5174
    0.0000   22.5000    7.5000 2770.0137   11.1339
    7.5000   22.5000    7.5000 2747.8813   11.6087
   -7.5000   30.0000    7.5000 2723.7332   11.9809
    0.0000   30.0000    7.5000 2747.7256   11.6243
    7.5000   30.0000    7.5000 2723.7422   12.1063
   -7.5000   37.5000    7.5000 2656.2632   12.6712
    0.0000   37.5000    7.5000 2685.2959   12.3627
    7.5000   37.5000    7.5000 2655.3218   12.7879
   -7.5000   45.0000    7.5000 2532.4380   13.5042
    0.0000   45.0000    7.5000 2569.8208   13.2631
    7.5000   45.0000    7.5000 2546.0916   13.5568
   -7.5000  -45.0000   15.0000 2601.4468   10.8171
    0.0000  -45.0000   15.0000 2603.5161   10.6979
    7.5000  -45.0000   15.0000 2577.5327   10.9135
   -7.5000  -37.5000   15.0000 2612.1313   10.6900
    0.0000  -37.5000   15.0000 2617.7373   10.5648
    7.5000  -37.5000   15.0000 2591.0623   10.8276
   -7.5000  -30.0000   15.0000 2615.0979   10.5151
    0.0000  -30.0000   15.0000 2627.4568   10.3623
    7.5000  -30.0000   15.0000 2602.2783   10.6610
   -7.5000  -22.5000   15.0000 2624.5706   10.3415
    0.0000  -22.5000   15.0000 2637.5461   10.2039
    7.5000  -22.5000   15.0000 2611.4302   10.5030
   -7.5000  -15.0000   15.0000 2632.8296   10.2888
    0.0000  -15.0000   15.0000 2646.8479   10.1036
    7.5000  -15.0000   15.0000 2623.9604   10.4395
   -7.5000   -7.5000   15.0000 2645.1450   10.3790
    0.0000   -7.5000   15.0000 2662.2498   10.1733
    7.5000   -7.5000   15.0000 2647.1201   10.5363
   -7.5000    0.0000   15.0000 2657.2966   10.6321
    0.0000    0.0000   15.0000 2676.1096   10.4267
    7.5000    0.0000   15.0000 2662.0483   10.7583
   -7.5000    7.5000   15.0000 2677.7578   10.9978
    0.0000    7.5000   15.0000 2700.4141   10.8124
    7.5000    7.5000   15.0000 2684.2195   11.1003
   -7.5000   15.0000   15.0000 2697.0232   11.3719
    0.0000   15.0000   15.0000 2726.7705   11.1611
    7.5000   15.0000   15.0000 2694.2444   11.4630
   -7.5000   22.5000   15.0000 2696.3945   11.8790
    0.0000   22.5000   15.0000 2723.4773   11.7327
    7.5000   22.5000   15.0000 2696.7817   11.9267
   -7.5000   30.0000   15.0000 2658.6931   12.4888
    0.0000   30.0000   15.0000 2694.3818   12.3899
    7.5000   30.0000   15.0000 2659.0139   12.5012
   -7.5000   37.5000   15.0000 2590.8115   13.1435
    0.0000   37.5000   15.0000 2624.7551   13.0137
    7.5000   37.5000   15.0000 2593.5710   13.1609
   -7.5000   45.0000   15.0000 2485.4851   13.8884
    0.0000   45.0000   15.0000 2523.2542   13.7146
    7.5000   45.0000   15.0000 2491.8376   13.8875
   -7.5000  -45.0000   22.5000 2562.2017   11.1253
    0.0000  -45.0000   22.5000 2556.0291   10.9726
    7.5000  -45.0000   22.5000 2540.3169   11.2326
   -7.5000  -37.5000   22.5000 2569.3582   11.0220
    0.0000  -37.5000   22.5000 2567.1177   10.8332
    7.5000  -37.5000   22.5000 2555.0391   11.1618
   -7.5000  -30.0000   22.5000 2580.0232   10.8837
    0.0000  -30.0000   22.5000 2584.0115   10.6982
    7.5000  -30.0000   22.5000 2572.1189   11.0156
   -7.5000  -22.5000   22.5000 2588.7405   10.7446
    0.0000  -22.5000   22.5000 2601.2664   10.5971
    7.5000  -22.5000   22.5000 2587.7817   10.9018
   -7.5000  -15.0000   22.5000 2602.0344   10.7068
    0.0000  -15.0000   22.5000 2621.1755   10.5967
    7.5000  -15.0000   22.5000 2597.5100   10.8725
   -7.5000   -7.5000   22.5000 2622.2698   10.8375
    0.0000   -7.5000   22.5000 2649.7419   10.7383
    7.5000   -7.5000   22.5000 2617.4307   10.9927
   -7.5000    0.0000   22.5000 2629.4690   11.0855
    0.0000    0.0000   22.5000 2662.0005   11.0265
    7.5000    0.0000   22.5000 2628.5693   11.2391
   -7.5000    7.5000   22.5000 2638.7703   11.4141
    0.0000    7.5000   22.5000 2676.3406   11.3346
    7.5000    7.5000   22.5000 2637.5713   11.5315
   -7.5000   15.0000   22.5000 2641.4629   11.7855
    0.0000   15.0000   22.5000 2673.0757   11.6712
    7.5000   15.0000   22.5000 2633.6406   11.8679
   -7.5000   22.5000   22.5000 2628.8467   12.2862
    0.0000   22.5000   22.5000 2660.3684   12.1888
    7.5000   22.5000   22.5000 2624.7654   12.3206
   -7.5000   30.0000   22.5000 2578.2483   12.8580
    0.0000   30.0000   22.5000 2618.6733   12.7806
    7.5000   30.0000   22.5000 2579.3848   12.8655
   -7.5000   37.5000   22.5000 2508.2812   13.5768
    0.0000   37.5000   22.5000 2546.9348   13.5229
    7.5000   37.5000   22.5000 2517.7629   13.6008
   -7.5000   45.0000   22.5000 2411.7229   14.4408
    0.0000   45.0000   22.5000 2447.8003   14.3887
    7.5000   45.0000   22.5000 2415.5903   14.4510
   -7.5000  -45.0000   30.0000 2506.9045   11.7075
    0.0000  -45.0000   30.0000 2505.4275   11.5319
    7.5000  -45.0000   30.0000 2491.9771   11.8114
   -7.5000  -37.5000   30.0000 2520.2107   11.6255
    0.0000  -37.5000   30.0000 2515.8320   11.4542
    7.5000  -37.5000   30.0000 2501.1580   11.7207
   -7.5000  -30.0000   30.0000 2530.7683   11.5161
    0.0000  -30.0000   30.0000 2532.3081   11.3843
    7.5000  -30.0000   30.0000 2514.6907   11.6273
   -7.5000  -22.5000   30.0000 2540.2195   11.4190
    0.0000  -22.5000   30.0000 2550.7278   11.3445
    7.5000  -22.5000   30.0000 2528.4600   11.5558
   -7.5000  -15.0000   30.0000 2547.2163   11.3826
    0.0000  -15.0000   30.0000 2570.2336   11.3380
    7.5000  -15.0000   30.0000 2538.4075   11.5337
   -7.5000   -7.5000   30.0000 2563.0461   11.4870
    0.0000   -7.5000   30.0000 2596.4001   11.4210
    7.5000   -7.5000   30.0000 2557.5022   11.6032
   -7.5000    0.0000   30.0000 2568.6453   11.6893
    0.0000    0.0000   30.0000 2606.4312   11.6213
    7.5000    0.0000   30.0000 2568.6531   11.8053
   -7.5000    7.5000   30.0000 2574.9607   11.9810
    0.0000    7.5000   30.0000 2612.5740   11.8784
    7.5000    7.5000   30.0000 2577.5654   12.0717
   -7.5000   15.0000   30.0000 2569.6560   12.3709
    0.0000   15.0000   30.0000 2600.0278   12.2546
    7.5000   15.0000   30.0000 2564.9639   12.4363
   -7.5000   22.5000   30.0000 2551.3186   12.9052
    0.0000   22.5000   30.0000 2586.2668   12.7850
    7.5000   22.5000   30.0000 2547.3149   12.9289
   -7.5000   30.0000   30.0000 2495.4861   13.4750
    0.0000   30.0000   30.0000 2535.6428   13.3485
    7.5000   30.0000   30.0000 2498.6978   13.4434
   -7.5000   37.5000   30.0000 2432.3210   14.2028
    0.0000   37.5000   30.0000 2462.2000   14.0589
    7.5000   37.5000   30.0000 2439.0386   14.2142
   -7.5000   45.0000   30.0000 2343.9409   15.0782
    0.0000   45.0000   30.0000 2379.2781   14.9855
    7.5000   45.0000   30.0000 2351.0090   15.1132
   -7.5000  -45.0000   37.5000 2445.5698   12.5295
    0.0000  -45.0000   37.5000 2447.2639   12.4118
    7.5000  -45.0000   37.5000 2426.3196   12.6177
   -7.5000  -37.5000   37.5000 2458.2346   12.4224
    0.0000  -37.5000   37.5000 2462.4355   12.2958
    7.5000  -37.5000   37.5000 2436.9255   12.5138
   -7.5000  -30.0000   37.5000 2470.2292   12.3107
    0.0000  -30.0000   37.5000 2478.9636   12.2153
    7.5000  -30.0000   37.5000 2452.1094   12.4273
   -7.5000  -22.5000   37.5000 2480.9187   12.2252
    0.0000  -22.5000   37.5000 2490.6914   12.1376
    7.5000  -22.5000   37.5000 2465.0381   12.3430
   -7.5000  -15.0000   37.5000 2485.2451   12.1974
    0.0000  -15.0000   37.5000 2509.7747   12.1341
    7.5000  -15.0000   37.5000 2478.7502   12.2979
   -7.5000   -7.5000   37.5000 2492.6033   12.2472
    0.0000   -7.5000   37.5000 2522.2283   12.1932
    7.5000   -7.5000   37.5000 2492.5000   12.3521
   -7.5000    0.0000   37.5000 2495.6050   12.4540
    0.0000    0.0000   37.5000 2530.7637   12.3482
    7.5000    0.0000   37.5000 2497.0964   12.5233
   -7.5000    7.5000   37.5000 2496.8098   12.7165
    0.0000    7.5000   37.5000 2528.4541   12.6280
    7.5000    7.5000   37.5000 2499.1160   12.8262
   -7.5000   15.0000   37.5000 2486.6348   13.1305
    0.0000   15.0000   37.5000 2510.4934   13.0513
    7.5000   15.0000   37.5000 2483.6943   13.2166
   -7.5000   22.5000   37.5000 2457.5930   13.7356
    0.0000   22.5000   37.5000 2480.8647   13.5938
    7.5000   22.5000   37.5000 2453.0198   13.7529
   -7.5000   30.0000   37.5000 2403.6008   14.3454
    0.0000   30.0000   37.5000 2430.7532   14.2167
    7.5000   30.0000   37.5000 2407.4412   14.3800
   -7.5000   37.5000   37.5000 2349.5149   15.1016
    0.0000   37.5000   37.5000 2373.1880   14.9656
    7.5000   37.5000   37.5000 2352.5813   15.1499
   -7.5000   45.0000   37.5000 2275.7480   16.0172
    0.0000   45.0000   37.5000 2311.8445   15.9314
    7.5000   45.0000   37.5000 2276.7825   16.0841
   -7.5000  -45.0000   45.0000 2374.8516   13.4900
    0.0000  -45.0000   45.0000 2370.5547   13.3474
    7.5000  -45.0000   45.0000 2357.9182   13.5422
   -7.5000  -37.5000   45.0000 2382.5906   13.3434
    0.0000  -37.5000   45.0000 2383.8767   13.1998
    7.5000  -37.5000   45.0000 2365.7061   13.3961
   -7.5000  -30.0000   45.0000 2392.1450   13.2278
    0.0000  -30.0000   45.0000 2395.1606   13.0804
    7.5000  -30.0000   45.0000 2380.2170   13.3282
   -7.5000  -22.5000   45.0000 2399.8027   13.1655
    0.0000  -22.5000   45.0000 2411.7319   13.0600
    7.5000  -22.5000   45.0000 2390.4695   13.2678
   -7.5000  -15.0000   45.0000 2405.3730   13.1772
    0.0000  -15.0000   45.0000 2426.8723   13.0754
    7.5000  -15.0000   45.0000 2403.7607   13.2330
   -7.5000   -7.5000   45.0000 2412.6641   13.2441
    0.0000   -7.5000   45.0000 2435.4316   13.0942
    7.5000   -7.5000   45.0000 2414.9976   13.2732
   -7.5000    0.0000   45.0000 2410.2981   13.3857
    0.0000    0.0000   45.0000 2437.2273   13.2406
    7.5000    0.0000   45.0000 2417.3430   13.4234
   -7.5000    7.5000   45.0000 2406.7102   13.6774
    0.0000    7.5000   45.0000 2425.1824   13.5662
    7.5000    7.5000   45.0000 2410.8933   13.7348
   -7.5000   15.0000   45.0000 2386.4539   14.1193
    0.0000   15.0000   45.0000 2402.3884   14.0096
    7.5000   15.0000   45.0000 2390.9194   14.1765
   -7.5000   22.5000   45.0000 2349.8689   14.7732
    0.0000   22.5000   45.0000 2366.4199   14.6280
    7.5000   22.5000   45.0000 2348.1812   14.8197
   -7.5000   30.0000   45.0000 2297.2776   15.4765
    0.0000   30.0000   45.0000 2313.4795   15.3519
    7.5000   30.0000   45.0000 2297.4448   15.4985
   -7.5000   37.5000   45.0000 2248.5210   16.3009
    0.0000   37.5000   45.0000 2267.3909   16.1853
    7.5000   37.5000   45.0000 2249.9668   16.3670
   -7.5000   45.0000   45.0000 2182.5935   17.3350
    0.0000   45.0000   45.0000 2209.2483   17.1795
    7.5000   45.0000   45.0000 2183.1873   17.3830

---------------------------------------------------------------------
imgreg_4dfp /opt/freesurfer/average/711-2C_as_mni_average_305 /opt/freesurfer/average/711-2B_as_mni_average_305_mask talsrcimg_g11 none talsrcimg_to_711-2C_as_mni_average_305_t4 1283
---------------------------------------------------------------------

freesurfer imgreg_4dfp.c
/opt/freesurfer/average/711-2C_as_mni_average_305.4dfp.img
       256       256       256         1
  1.000000  1.000000  1.000000
orientation T byte_order littleendian
Reading image: /opt/freesurfer/average/711-2C_as_mni_average_305.4dfp.img
dimensions:      256       256       256
mmppix:       1.0000   -1.0000   -1.0000
center:     128.0000 -129.0000 -129.0000
/opt/freesurfer/average/711-2B_as_mni_average_305_mask.4dfp.img
       256       256       256         1
  1.000000  1.000000  1.000000
orientation T byte_order littleendian
Reading mask: /opt/freesurfer/average/711-2B_as_mni_average_305_mask.4dfp.img (2306576 pixels)
talsrcimg_g11.4dfp.img
       256       256       256         1
  1.000000  1.000000  1.000000
orientation T byte_order littleendian
Reading image: talsrcimg_g11.4dfp.img
dimensions:      256       256       256
mmppix:       1.0000   -1.0000   -1.0000
center:     128.0000 -129.0000 -129.0000
rotation matrix determinant  1.000000
fimgreg.f
image alignment mode   1283 decimal      503 hex
parameters
    0.0000   22.5000    0.0000    0.0000    0.0000    0.0000
eta,q 0.87365 10.76172
niter,ni,del,rscale     5    3   12.0000    1.2000
parameter  1  1.522483 ->  0.500000 qaram    1.1500
parameter  4  0.964605 -> -0.500000 qaram    1.1500
parameter  6  0.667488 ->  0.500000 qaram    1.1500
parameters
   -3.4500   21.3085   -1.3365    3.4500    2.5793   -3.4500
eta,q 0.87765 10.86593
  0.1303  0.1268  0.1319  0.1284  0.1329  0.1229
  0.1272  0.1267  0.1300  0.1285  0.1292  0.1222
  0.1295  0.1266  0.1274  0.1276  0.1266  0.1228
  0.1305  0.1266  0.1267  0.1259  0.1240  0.1238
  0.1295  0.1260  0.1307  0.1255  0.1236  0.1249
  0.1296  0.1265  0.1346  0.1231  0.1244  0.1268
  0.1296  0.1295  0.1377  0.1203  0.1249  0.1294
niter,ni,del,rscale     7    3   12.0000    1.2000
parameters
   -2.1479   18.7594   -1.3713    6.4919    1.7203   -1.8259
eta,q 0.88154 10.84730
  0.1466  0.1233  0.1280  0.1280  0.1237  0.1306
  0.1330  0.1211  0.1254  0.1233  0.1218  0.1258
  0.1242  0.1214  0.1238  0.1219  0.1196  0.1214
  0.1223  0.1224  0.1212  0.1212  0.1192  0.1190
  0.1236  0.1241  0.1212  0.1194  0.1208  0.1185
  0.1291  0.1259  0.1251  0.1196  0.1236  0.1205
  0.1303  0.1287  0.1293  0.1209  0.1276  0.1234
niter,ni,del,rscale     6    3   12.0000    1.2000
parameters
   -1.1511   18.7493   -0.4868    5.5893    0.8877   -0.9825
eta,q 0.88097 10.86949
  0.1384  0.1274  0.1338  0.1241  0.1243  0.1297
  0.1250  0.1229  0.1305  0.1232  0.1225  0.1239
  0.1187  0.1198  0.1248  0.1206  0.1196  0.1201
  0.1185  0.1193  0.1193  0.1188  0.1190  0.1187
  0.1215  0.1206  0.1200  0.1209  0.1212  0.1202
  0.1253  0.1234  0.1247  0.1249  0.1247  0.1225
  0.1253  0.1269  0.1292  0.1282  0.1282  0.1245
niter,ni,del,rscale     5    3   12.0000    1.2000
parameters
   -0.5525   18.6920   -0.5644    5.3258    0.1018   -0.6335
eta,q 0.87975 10.89285
  0.1334  0.1297  0.1310  0.1260  0.1244  0.1287
  0.1224  0.1243  0.1279  0.1245  0.1235  0.1232
  0.1185  0.1200  0.1231  0.1224  0.1214  0.1203
  0.1190  0.1194  0.1194  0.1194  0.1196  0.1200
  0.1217  0.1215  0.1224  0.1199  0.1211  0.1219
  0.1248  0.1254  0.1280  0.1239  0.1249  0.1236
  0.1252  0.1290  0.1320  0.1291  0.1289  0.1257
niter,ni,del,rscale     4    3   12.0000    1.2000
parameters
   -0.1501   18.5904   -0.6625    5.5051   -0.7195   -0.4904
eta,q 0.87910 10.91362
  0.1311  0.1298  0.1300  0.1271  0.1238  0.1280
  0.1217  0.1249  0.1278  0.1253  0.1230  0.1232
  0.1195  0.1208  0.1239  0.1234  0.1221  0.1208
  0.1202  0.1203  0.1203  0.1204  0.1202  0.1208
  0.1219  0.1220  0.1228  0.1199  0.1207  0.1223
  0.1240  0.1258  0.1276  0.1231  0.1239  0.1238
  0.1257  0.1298  0.1314  0.1286  0.1285  0.1263
niter,ni,del,rscale     3    3   12.0000    1.2000
parameters
    0.1330   18.4703   -0.6202    5.7602   -1.3135   -0.3493
eta,q 0.87890 10.91949
  0.1296  0.1296  0.1299  0.1273  0.1237  0.1278
  0.1217  0.1250  0.1280  0.1260  0.1225  0.1234
  0.1205  0.1212  0.1242  0.1238  0.1221  0.1212
  0.1209  0.1208  0.1208  0.1208  0.1205  0.1210
  0.1211  0.1223  0.1231  0.1201  0.1202  0.1219
  0.1232  0.1257  0.1268  0.1233  0.1227  0.1235
  0.1264  0.1298  0.1306  0.1288  0.1273  0.1267
niter,ni,del,rscale     2    3   12.0000    1.2000
parameters
    0.2967   18.4015   -0.5263    5.9464   -1.5954   -0.2256
eta,q 0.87897 10.92055
  0.1286  0.1298  0.1298  0.1277  0.1240  0.1277
  0.1221  0.1251  0.1282  0.1265  0.1223  0.1236
  0.1213  0.1213  0.1240  0.1241  0.1218  0.1212
  0.1211  0.1210  0.1209  0.1209  0.1207  0.1210
  0.1201  0.1225  0.1235  0.1205  0.1202  0.1216
  0.1229  0.1257  0.1264  0.1240  0.1219  0.1234
  0.1273  0.1296  0.1304  0.1293  0.1261  0.1269
niter,ni,del,rscale     1    3   12.0000    1.2000
parameters
    0.3899   18.3772   -0.4578    6.0487   -1.6739   -0.1357
eta,q 0.87906 10.92043
  0.1283  0.1300  0.1300  0.1279  0.1241  0.1277
  0.1224  0.1253  0.1283  0.1267  0.1222  0.1236
  0.1215  0.1214  0.1237  0.1241  0.1217  0.1211
  0.1210  0.1209  0.1209  0.1209  0.1209  0.1209
  0.1196  0.1226  0.1236  0.1209  0.1201  0.1215
  0.1228  0.1258  0.1264  0.1245  0.1215  0.1235
  0.1279  0.1295  0.1307  0.1298  0.1254  0.1271
registration optimization eta report
parameter search radius
    6.9000    6.0000    6.0000    6.9000    6.0000    6.9000
100000*second partial in parameter space
       17.       24.       23.       16.       11.       14.
  0.1283  0.1300  0.1300  0.1279  0.1241  0.1277
  0.1224  0.1253  0.1283  0.1267  0.1222  0.1236
  0.1215  0.1214  0.1237  0.1241  0.1217  0.1211
  0.1210  0.1209  0.1209  0.1209  0.1209  0.1209
  0.1196  0.1226  0.1236  0.1209  0.1201  0.1215
  0.1228  0.1258  0.1264  0.1245  0.1215  0.1235
  0.1279  0.1295  0.1307  0.1298  0.1254  0.1271
    0.3899   18.3772   -0.4578    6.0487   -1.6739   -0.1357
eta,q 0.87906 10.92043

---------------------------------------------------------------------
imgreg_4dfp /opt/freesurfer/average/711-2C_as_mni_average_305 /opt/freesurfer/average/711-2B_as_mni_average_305_mask talsrcimg_g11 none talsrcimg_to_711-2C_as_mni_average_305_t4 3335
---------------------------------------------------------------------

freesurfer imgreg_4dfp.c
/opt/freesurfer/average/711-2C_as_mni_average_305.4dfp.img
       256       256       256         1
  1.000000  1.000000  1.000000
orientation T byte_order littleendian
Reading image: /opt/freesurfer/average/711-2C_as_mni_average_305.4dfp.img
dimensions:      256       256       256
mmppix:       1.0000   -1.0000   -1.0000
center:     128.0000 -129.0000 -129.0000
/opt/freesurfer/average/711-2B_as_mni_average_305_mask.4dfp.img
       256       256       256         1
  1.000000  1.000000  1.000000
orientation T byte_order littleendian
Reading mask: /opt/freesurfer/average/711-2B_as_mni_average_305_mask.4dfp.img (2306576 pixels)
talsrcimg_g11.4dfp.img
       256       256       256         1
  1.000000  1.000000  1.000000
orientation T byte_order littleendian
Reading image: talsrcimg_g11.4dfp.img
dimensions:      256       256       256
mmppix:       1.0000   -1.0000   -1.0000
center:     128.0000 -129.0000 -129.0000
fimgreg.f
image alignment mode   3335 decimal      D07 hex
parameters
    0.3899   18.3772   -0.4578   -0.0430   -0.5577   -0.5992
    0.5433    2.8800   -0.2367  -10.5442   -2.9212   10.5329
eta,q 0.87568 10.80066
niter,ni,del,rscale     5    3    5.0000    1.2000
parameter  4 63.315521 ->  0.500000 qaram    1.1500
parameter  5  4.880630 ->  0.500000 qaram    1.1500
parameter  6  5.080604 ->  0.500000 qaram    1.1500
parameter  8  4.057890 ->  0.500000 qaram    1.1500
parameter 11  3.611449 ->  0.500000 qaram    1.1500
parameter 12  1.955059 ->  0.500000 qaram    1.1500
parameters
    0.0539   19.2401   -0.9694   -4.1830   -4.6977   -4.7392
   -0.6643   -1.2600   -2.1103  -13.6725   -7.0612    6.3929
eta,q 0.89785 10.67133
  0.1254  0.1258  0.1246  0.1149  0.1116  0.1030  0.1091  0.1042  0.1059  0.1057  0.1037  0.1013
  0.1247  0.1251  0.1243  0.1182  0.1137  0.1067  0.1081  0.1051  0.1055  0.1050  0.1039  0.1019
  0.1244  0.1246  0.1242  0.1215  0.1163  0.1105  0.1076  0.1063  0.1054  0.1049  0.1043  0.1029
  0.1243  0.1243  0.1242  0.1242  0.1192  0.1143  0.1076  0.1075  0.1054  0.1054  0.1049  0.1040
  0.1246  0.1243  0.1244  0.1268  0.1222  0.1184  0.1081  0.1089  0.1057  0.1062  0.1056  0.1053
  0.1253  0.1243  0.1246  0.1302  0.1252  0.1231  0.1091  0.1104  0.1062  0.1075  0.1062  0.1069
  0.1263  0.1245  0.1250  0.1336  0.1284  0.1281  0.1105  0.1118  0.1069  0.1089  0.1066  0.1086
niter,ni,del,rscale     7    3    5.0000    1.2000
parameter  1 -0.582462 -> -0.500000 qaram    1.1500
parameter  2 -0.936895 -> -0.500000 qaram    1.1500
parameter  4  1.829541 ->  0.500000 qaram    1.3225
parameter  5  2.045658 ->  0.500000 qaram    1.3225
parameter  6  2.200730 ->  0.500000 qaram    1.3225
parameter  8 -0.689085 -> -0.500000 qaram    1.3225
parameter  9 -0.550580 -> -0.500000 qaram    1.1500
parameter 11 -0.823095 -> -0.500000 qaram    1.3225
parameter 12  0.878699 ->  0.500000 qaram    1.3225
parameters
    1.4339   20.6201    0.2164   -8.9440   -9.4587   -9.5002
   -0.5519    3.5010    2.0297  -13.4347   -2.3002    1.6319
eta,q 0.92448 10.74158
  0.1071  0.1047  0.1034  0.0912  0.0868  0.0779  0.0839  0.0895  0.0819  0.0823  0.0830  0.0756
  0.1049  0.1033  0.1020  0.0929  0.0883  0.0805  0.0825  0.0862  0.0806  0.0803  0.0814  0.0754
  0.1033  0.1021  0.1009  0.0957  0.0906  0.0839  0.0816  0.0835  0.0797  0.0789  0.0799  0.0760
  0.1022  0.1012  0.1003  0.1000  0.0936  0.0888  0.0813  0.0813  0.0790  0.0785  0.0785  0.0772
  0.1015  0.1006  0.1000  0.1054  0.0969  0.0940  0.0816  0.0796  0.0786  0.0790  0.0775  0.0789
  0.1013  0.1002  0.1001  0.1109  0.1006  0.0995  0.0825  0.0790  0.0785  0.0801  0.0772  0.0810
  0.1018  0.1002  0.1003  0.1160  0.1046  0.1059  0.0837  0.0801  0.0789  0.0817  0.0776  0.0834
niter,ni,del,rscale     7    3    5.0000    1.2000
parameter  2 -0.935012 -> -0.500000 qaram    1.3225
parameter  4  0.773595 ->  0.500000 qaram    1.5209
parameter  5  0.873768 ->  0.500000 qaram    1.5209
parameter  6  0.626676 ->  0.500000 qaram    1.5209
parameter 10 -0.962841 -> -0.500000 qaram    1.1500
parameter 12 -0.549793 -> -0.500000 qaram    1.5209
parameters
    0.4606   22.2071    0.4671  -14.4191  -14.9339  -14.9753
    0.1333    0.9707    0.8769   -9.2947   -0.9385    7.1070
eta,q 0.93902 10.31575
  0.0776  0.0823  0.0762  0.0689  0.0657  0.0644  0.0679  0.0680  0.0654  0.0705  0.0651  0.0668
  0.0752  0.0794  0.0741  0.0684  0.0661  0.0643  0.0661  0.0644  0.0643  0.0679  0.0632  0.0646
  0.0745  0.0767  0.0727  0.0688  0.0669  0.0645  0.0649  0.0636  0.0637  0.0655  0.0622  0.0629
  0.0755  0.0744  0.0722  0.0722  0.0684  0.0663  0.0643  0.0643  0.0636  0.0636  0.0617  0.0617
  0.0780  0.0728  0.0724  0.0799  0.0711  0.0712  0.0645  0.0665  0.0641  0.0623  0.0618  0.0611
  0.0814  0.0721  0.0732  0.0882  0.0745  0.0781  0.0654  0.0703  0.0652  0.0616  0.0624  0.0610
  0.0854  0.0722  0.0747  0.0945  0.0787  0.0858  0.0668  0.0763  0.0668  0.0615  0.0635  0.0615
niter,ni,del,rscale     7    3    5.0000    1.2000
parameter  2 -0.809751 -> -0.500000 qaram    1.5209
parameter  3  0.693005 ->  0.500000 qaram    1.1500
parameter 10 -0.582845 -> -0.500000 qaram    1.3225
parameter 12  0.517051 ->  0.500000 qaram    1.7490
parameters
    0.1144   24.0322   -0.9129  -16.2392  -18.7884  -19.2070
    0.2271    0.5450   -0.5238   -4.5337   -0.4339    0.8106
eta,q 0.94600  9.68800
  0.0646  0.0703  0.0578  0.0628  0.0594  0.0586  0.0599  0.0637  0.0581  0.0652  0.0574  0.0550
  0.0624  0.0665  0.0576  0.0600  0.0577  0.0565  0.0580  0.0595  0.0569  0.0613  0.0560  0.0541
  0.0612  0.0634  0.0579  0.0583  0.0572  0.0564  0.0567  0.0570  0.0562  0.0582  0.0552  0.0541
  0.0610  0.0610  0.0586  0.0576  0.0579  0.0572  0.0563  0.0563  0.0563  0.0561  0.0549  0.0549
  0.0619  0.0592  0.0596  0.0580  0.0595  0.0592  0.0568  0.0578  0.0570  0.0551  0.0552  0.0563
  0.0639  0.0585  0.0611  0.0624  0.0627  0.0666  0.0580  0.0608  0.0582  0.0550  0.0558  0.0581
  0.0672  0.0588  0.0630  0.0714  0.0669  0.0756  0.0596  0.0647  0.0598  0.0554  0.0568  0.0604
niter,ni,del,rscale     7    3    5.0000    1.2000
parameter  2 -0.939635 -> -0.500000 qaram    1.7490
parameter  3  0.567242 ->  0.500000 qaram    1.3225
parameter 10 -0.501418 -> -0.500000 qaram    1.5209
parameters
    0.0168   26.1310   -2.4999  -16.1547  -20.7780  -20.4209
    0.3615    0.3274   -0.8544    0.9414    0.5800   -1.0373
eta,q 0.95399  9.55167
  0.0588  0.0689  0.0493  0.0552  0.0525  0.0550  0.0520  0.0569  0.0514  0.0620  0.0497  0.0503
  0.0561  0.0634  0.0486  0.0516  0.0498  0.0510  0.0498  0.0520  0.0495  0.0563  0.0481  0.0475
  0.0544  0.0583  0.0487  0.0493  0.0484  0.0483  0.0484  0.0490  0.0483  0.0515  0.0469  0.0461
  0.0540  0.0540  0.0496  0.0486  0.0486  0.0483  0.0480  0.0480  0.0480  0.0480  0.0463  0.0462
  0.0548  0.0508  0.0511  0.0487  0.0502  0.0498  0.0485  0.0496  0.0485  0.0463  0.0464  0.0478
  0.0566  0.0493  0.0532  0.0503  0.0528  0.0526  0.0498  0.0530  0.0499  0.0465  0.0472  0.0501
  0.0595  0.0497  0.0557  0.0559  0.0566  0.0599  0.0516  0.0573  0.0519  0.0482  0.0486  0.0528
niter,ni,del,rscale     7    3    5.0000    1.2000
parameters
   -0.0863   28.1794   -3.1805  -15.9809  -21.5891  -20.5717
    0.2034    0.1008   -1.0676    2.9434    0.5603   -2.6479
eta,q 0.95742  9.55198
  0.0516  0.0650  0.0460  0.0501  0.0487  0.0517  0.0470  0.0527  0.0468  0.0573  0.0459  0.0476
  0.0484  0.0576  0.0440  0.0462  0.0453  0.0471  0.0447  0.0473  0.0446  0.0503  0.0443  0.0446
  0.0465  0.0510  0.0431  0.0436  0.0433  0.0438  0.0432  0.0439  0.0432  0.0452  0.0431  0.0428
  0.0460  0.0460  0.0432  0.0430  0.0430  0.0429  0.0429  0.0429  0.0428  0.0428  0.0428  0.0428
  0.0469  0.0434  0.0445  0.0432  0.0443  0.0440  0.0435  0.0446  0.0435  0.0433  0.0431  0.0444
  0.0491  0.0438  0.0468  0.0447  0.0468  0.0463  0.0451  0.0483  0.0450  0.0459  0.0443  0.0471
  0.0524  0.0469  0.0498  0.0504  0.0504  0.0530  0.0472  0.0533  0.0470  0.0492  0.0459  0.0501
niter,ni,del,rscale     6    3    5.0000    1.2000
parameters
   -0.0734   28.5707   -3.3276  -15.9558  -21.6579  -20.4807
    0.1169    0.1116   -1.0293    3.8356    0.4896   -3.0729
eta,q 0.95738  9.57015
  0.0491  0.0559  0.0468  0.0495  0.0491  0.0516  0.0468  0.0528  0.0466  0.0544  0.0456  0.0486
  0.0456  0.0495  0.0444  0.0455  0.0454  0.0470  0.0444  0.0472  0.0444  0.0479  0.0441  0.0455
  0.0433  0.0447  0.0429  0.0431  0.0432  0.0435  0.0429  0.0438  0.0430  0.0438  0.0430  0.0432
  0.0426  0.0426  0.0425  0.0425  0.0425  0.0425  0.0425  0.0425  0.0425  0.0425  0.0426  0.0426
  0.0433  0.0433  0.0432  0.0428  0.0435  0.0434  0.0432  0.0440  0.0431  0.0439  0.0430  0.0438
  0.0455  0.0466  0.0450  0.0444  0.0457  0.0455  0.0447  0.0476  0.0444  0.0468  0.0441  0.0462
  0.0490  0.0518  0.0477  0.0502  0.0491  0.0521  0.0468  0.0525  0.0464  0.0502  0.0458  0.0492
niter,ni,del,rscale     5    3    5.0000    1.2000
parameters
   -0.0646   28.7506   -3.4063  -15.9679  -21.7762  -20.5383
    0.0652    0.1296   -0.9938    4.1928    0.4379   -3.2049
eta,q 0.95734  9.56292
  0.0491  0.0546  0.0470  0.0495  0.0490  0.0514  0.0469  0.0528  0.0466  0.0531  0.0456  0.0489
  0.0456  0.0485  0.0447  0.0456  0.0454  0.0468  0.0445  0.0472  0.0444  0.0470  0.0441  0.0457
  0.0434  0.0443  0.0431  0.0431  0.0432  0.0434  0.0430  0.0438  0.0430  0.0434  0.0430  0.0434
  0.0426  0.0426  0.0426  0.0426  0.0426  0.0426  0.0426  0.0426  0.0426  0.0426  0.0427  0.0427
  0.0434  0.0437  0.0432  0.0429  0.0436  0.0434  0.0432  0.0440  0.0431  0.0444  0.0430  0.0437
  0.0455  0.0473  0.0449  0.0445  0.0457  0.0457  0.0447  0.0475  0.0445  0.0473  0.0441  0.0461
  0.0490  0.0526  0.0476  0.0504  0.0491  0.0524  0.0468  0.0524  0.0464  0.0507  0.0457  0.0490
niter,ni,del,rscale     4    3    5.0000    1.2000
parameters
   -0.0576   28.8445   -3.4628  -15.9673  -21.8625  -20.6152
    0.0345    0.1437   -0.9771    4.3558    0.4122   -3.2469
eta,q 0.95731  9.55418
  0.0491  0.0540  0.0471  0.0496  0.0490  0.0513  0.0469  0.0528  0.0465  0.0526  0.0457  0.0490
  0.0456  0.0481  0.0447  0.0456  0.0454  0.0468  0.0445  0.0473  0.0444  0.0466  0.0442  0.0458
  0.0434  0.0441  0.0432  0.0432  0.0432  0.0435  0.0430  0.0439  0.0431  0.0432  0.0431  0.0435
  0.0427  0.0427  0.0427  0.0427  0.0427  0.0427  0.0427  0.0426  0.0426  0.0426  0.0427  0.0427
  0.0434  0.0439  0.0432  0.0430  0.0436  0.0435  0.0433  0.0441  0.0432  0.0445  0.0430  0.0437
  0.0456  0.0476  0.0449  0.0446  0.0457  0.0457  0.0448  0.0476  0.0445  0.0474  0.0441  0.0460
  0.0490  0.0529  0.0475  0.0503  0.0490  0.0524  0.0468  0.0524  0.0464  0.0508  0.0457  0.0490
niter,ni,del,rscale     3    3    5.0000    1.2000
parameters
   -0.0521   28.8990   -3.5027  -15.9701  -21.9255  -20.6802
    0.0186    0.1508   -0.9694    4.4476    0.4000   -3.2597
eta,q 0.95730  9.54646
  0.0491  0.0537  0.0472  0.0496  0.0490  0.0513  0.0470  0.0527  0.0465  0.0524  0.0457  0.0490
  0.0456  0.0479  0.0448  0.0456  0.0454  0.0468  0.0446  0.0472  0.0444  0.0465  0.0442  0.0459
  0.0434  0.0440  0.0432  0.0432  0.0433  0.0435  0.0431  0.0439  0.0431  0.0432  0.0431  0.0435
  0.0427  0.0427  0.0427  0.0427  0.0427  0.0427  0.0427  0.0427  0.0427  0.0427  0.0427  0.0427
  0.0434  0.0440  0.0432  0.0430  0.0436  0.0435  0.0433  0.0441  0.0432  0.0446  0.0431  0.0437
  0.0456  0.0477  0.0449  0.0446  0.0457  0.0457  0.0448  0.0476  0.0445  0.0475  0.0441  0.0460
  0.0490  0.0530  0.0475  0.0503  0.0490  0.0524  0.0468  0.0524  0.0464  0.0508  0.0457  0.0490
niter,ni,del,rscale     2    3    5.0000    1.2000
parameters
   -0.0500   28.9348   -3.5302  -15.9697  -21.9680  -20.7268
    0.0103    0.1553   -0.9650    4.5041    0.3906   -3.2610
eta,q 0.95729  9.54109
  0.0491  0.0536  0.0472  0.0496  0.0490  0.0514  0.0470  0.0527  0.0465  0.0522  0.0457  0.0491
  0.0456  0.0478  0.0448  0.0456  0.0455  0.0468  0.0446  0.0473  0.0444  0.0464  0.0442  0.0459
  0.0434  0.0440  0.0433  0.0432  0.0433  0.0435  0.0431  0.0439  0.0431  0.0432  0.0431  0.0436
  0.0427  0.0427  0.0427  0.0427  0.0427  0.0427  0.0427  0.0427  0.0427  0.0427  0.0427  0.0427
  0.0435  0.0441  0.0432  0.0430  0.0437  0.0435  0.0433  0.0441  0.0432  0.0446  0.0431  0.0437
  0.0456  0.0477  0.0449  0.0446  0.0457  0.0457  0.0448  0.0476  0.0445  0.0475  0.0442  0.0460
  0.0491  0.0531  0.0475  0.0503  0.0489  0.0524  0.0468  0.0524  0.0464  0.0508  0.0457  0.0489
registration optimization eta report
parameter search radius
    2.7600    4.1976    3.1740   10.9503   10.9503   10.9503
    7.2000    9.5220    8.2800   10.9503    9.5220   12.5928
100000*second partial in parameter space
       84.       60.       46.        6.        5.        8.
        8.       11.        5.        7.        3.        4.
  0.0491  0.0536  0.0472  0.0496  0.0490  0.0514  0.0470  0.0527  0.0465  0.0522  0.0457  0.0491
  0.0456  0.0478  0.0448  0.0456  0.0455  0.0468  0.0446  0.0473  0.0444  0.0464  0.0442  0.0459
  0.0434  0.0440  0.0433  0.0432  0.0433  0.0435  0.0431  0.0439  0.0431  0.0432  0.0431  0.0436
  0.0427  0.0427  0.0427  0.0427  0.0427  0.0427  0.0427  0.0427  0.0427  0.0427  0.0427  0.0427
  0.0435  0.0441  0.0432  0.0430  0.0437  0.0435  0.0433  0.0441  0.0432  0.0446  0.0431  0.0437
  0.0456  0.0477  0.0449  0.0446  0.0457  0.0457  0.0448  0.0476  0.0445  0.0475  0.0442  0.0460
  0.0491  0.0531  0.0475  0.0503  0.0489  0.0524  0.0468  0.0524  0.0464  0.0508  0.0457  0.0489
   -0.0500   28.9348   -3.5302  -15.9697  -21.9680  -20.7268
    0.0103    0.1553   -0.9650    4.5041    0.3906   -3.2610
eta,q 0.95729  9.54109

---------------------------------------------------------------------
imgreg_4dfp /opt/freesurfer/average/711-2C_as_mni_average_305 /opt/freesurfer/average/711-2B_as_mni_average_305_mask talsrcimg_g11 none talsrcimg_to_711-2C_as_mni_average_305_t4 2311
---------------------------------------------------------------------

freesurfer imgreg_4dfp.c
/opt/freesurfer/average/711-2C_as_mni_average_305.4dfp.img
       256       256       256         1
  1.000000  1.000000  1.000000
orientation T byte_order littleendian
Reading image: /opt/freesurfer/average/711-2C_as_mni_average_305.4dfp.img
dimensions:      256       256       256
mmppix:       1.0000   -1.0000   -1.0000
center:     128.0000 -129.0000 -129.0000
/opt/freesurfer/average/711-2B_as_mni_average_305_mask.4dfp.img
       256       256       256         1
  1.000000  1.000000  1.000000
orientation T byte_order littleendian
Reading mask: /opt/freesurfer/average/711-2B_as_mni_average_305_mask.4dfp.img (2306576 pixels)
talsrcimg_g11.4dfp.img
       256       256       256         1
  1.000000  1.000000  1.000000
orientation T byte_order littleendian
Reading image: talsrcimg_g11.4dfp.img
dimensions:      256       256       256
mmppix:       1.0000   -1.0000   -1.0000
center:     128.0000 -129.0000 -129.0000
fimgreg.f
image alignment mode   2311 decimal      907 hex
parameters
   -0.0500   28.9348   -3.5302  -15.9697  -21.9680  -20.7268
    0.0103    0.1553   -0.9650    4.5041    0.3906   -3.2610
eta,q 0.95729  9.54109
niter,ni,del,rscale     5    3    5.0000    0.8000
parameters
   -0.0580   28.8966   -3.4978  -15.5800  -22.2623  -20.4366
   -0.0951   -0.0135   -1.0498    3.3618    0.5771   -3.0979
eta,q 0.95739  9.55995
  0.0449  0.0443  0.0440  0.0437  0.0439  0.0445  0.0447  0.0453  0.0441  0.0439  0.0435  0.0439
  0.0437  0.0434  0.0433  0.0430  0.0432  0.0434  0.0436  0.0439  0.0434  0.0430  0.0430  0.0432
  0.0429  0.0429  0.0429  0.0427  0.0428  0.0428  0.0429  0.0431  0.0429  0.0426  0.0427  0.0427
  0.0427  0.0427  0.0427  0.0427  0.0427  0.0427  0.0428  0.0428  0.0428  0.0428  0.0426  0.0426
  0.0430  0.0429  0.0428  0.0428  0.0429  0.0431  0.0431  0.0431  0.0430  0.0434  0.0427  0.0427
  0.0437  0.0435  0.0432  0.0430  0.0434  0.0434  0.0437  0.0442  0.0434  0.0444  0.0429  0.0431
  0.0449  0.0445  0.0439  0.0432  0.0442  0.0438  0.0448  0.0457  0.0442  0.0456  0.0434  0.0437
niter,ni,del,rscale     4    3    5.0000    0.7000
parameters
   -0.0363   28.7057   -3.2858  -15.5796  -22.1021  -20.3891
   -0.0882   -0.0380   -1.1518    3.0444    0.6289   -3.0831
eta,q 0.95746  9.56909
  0.0443  0.0436  0.0438  0.0432  0.0437  0.0438  0.0441  0.0447  0.0436  0.0441  0.0432  0.0434
  0.0434  0.0429  0.0432  0.0427  0.0431  0.0430  0.0432  0.0436  0.0430  0.0431  0.0428  0.0429
  0.0428  0.0426  0.0428  0.0425  0.0427  0.0425  0.0427  0.0428  0.0427  0.0426  0.0426  0.0426
  0.0426  0.0426  0.0426  0.0426  0.0426  0.0426  0.0426  0.0426  0.0426  0.0426  0.0425  0.0425
  0.0428  0.0429  0.0426  0.0427  0.0426  0.0428  0.0428  0.0428  0.0427  0.0429  0.0426  0.0426
  0.0433  0.0435  0.0428  0.0428  0.0430  0.0432  0.0432  0.0436  0.0431  0.0436  0.0428  0.0429
  0.0442  0.0443  0.0432  0.0431  0.0436  0.0435  0.0441  0.0448  0.0437  0.0445  0.0432  0.0434
niter,ni,del,rscale     3    3    5.0000    0.6000
parameters
   -0.0418   28.6056   -3.2333  -15.8865  -22.0063  -20.5404
   -0.1130   -0.0174   -1.2211    2.8538    0.6215   -3.0233
eta,q 0.95753  9.53957
  0.0438  0.0434  0.0433  0.0428  0.0434  0.0434  0.0436  0.0442  0.0433  0.0437  0.0430  0.0432
  0.0431  0.0429  0.0429  0.0426  0.0429  0.0428  0.0430  0.0433  0.0428  0.0430  0.0427  0.0428
  0.0427  0.0426  0.0426  0.0425  0.0426  0.0425  0.0426  0.0427  0.0426  0.0426  0.0425  0.0426
  0.0425  0.0425  0.0425  0.0425  0.0425  0.0425  0.0425  0.0425  0.0425  0.0425  0.0425  0.0425
  0.0427  0.0427  0.0426  0.0426  0.0426  0.0428  0.0426  0.0427  0.0426  0.0427  0.0425  0.0425
  0.0431  0.0431  0.0428  0.0427  0.0428  0.0431  0.0430  0.0432  0.0429  0.0432  0.0427  0.0427
  0.0438  0.0437  0.0432  0.0429  0.0433  0.0433  0.0436  0.0442  0.0433  0.0439  0.0430  0.0431
niter,ni,del,rscale     2    3    5.0000    0.5000
parameters
   -0.0499   28.5722   -3.2570  -16.1656  -21.9625  -20.8077
   -0.1312   -0.0035   -1.2466    2.7606    0.5648   -2.9765
eta,q 0.95759  9.50248
  0.0433  0.0431  0.0429  0.0427  0.0430  0.0431  0.0432  0.0437  0.0430  0.0433  0.0428  0.0429
  0.0428  0.0428  0.0427  0.0425  0.0427  0.0426  0.0428  0.0430  0.0427  0.0428  0.0426  0.0426
  0.0426  0.0425  0.0425  0.0425  0.0425  0.0424  0.0425  0.0426  0.0425  0.0425  0.0424  0.0425
  0.0425  0.0425  0.0425  0.0425  0.0424  0.0424  0.0424  0.0424  0.0424  0.0424  0.0424  0.0424
  0.0426  0.0426  0.0425  0.0425  0.0425  0.0426  0.0425  0.0425  0.0425  0.0426  0.0425  0.0425
  0.0429  0.0428  0.0427  0.0426  0.0427  0.0429  0.0428  0.0430  0.0427  0.0429  0.0426  0.0426
  0.0434  0.0432  0.0430  0.0428  0.0430  0.0432  0.0432  0.0437  0.0430  0.0434  0.0428  0.0429
niter,ni,del,rscale     1    3    5.0000    0.4000
parameters
   -0.0555   28.5740   -3.3192  -16.3421  -21.9290  -21.0369
   -0.1617    0.0142   -1.2566    2.7265    0.5044   -2.9408
eta,q 0.95761  9.47613
  0.0430  0.0429  0.0427  0.0426  0.0428  0.0428  0.0429  0.0432  0.0428  0.0430  0.0426  0.0427
  0.0427  0.0426  0.0425  0.0425  0.0426  0.0426  0.0426  0.0428  0.0426  0.0426  0.0425  0.0425
  0.0425  0.0425  0.0424  0.0424  0.0425  0.0424  0.0424  0.0425  0.0424  0.0425  0.0424  0.0424
  0.0424  0.0424  0.0424  0.0424  0.0424  0.0424  0.0424  0.0424  0.0424  0.0424  0.0424  0.0424
  0.0425  0.0425  0.0425  0.0425  0.0424  0.0425  0.0425  0.0425  0.0424  0.0425  0.0424  0.0424
  0.0427  0.0426  0.0426  0.0425  0.0426  0.0427  0.0427  0.0428  0.0426  0.0427  0.0425  0.0425
  0.0430  0.0429  0.0428  0.0426  0.0428  0.0430  0.0429  0.0432  0.0428  0.0430  0.0426  0.0427
registration optimization eta report
parameter search radius
    0.8000    0.8000    0.8000    2.4000    2.4000    2.4000
    2.4000    2.4000    2.4000    2.4000    2.4000    2.4000
100000*second partial in parameter space
       91.       71.       51.        3.        6.        9.
        9.       15.        6.       10.        4.        5.
  0.0430  0.0429  0.0427  0.0426  0.0428  0.0428  0.0429  0.0432  0.0428  0.0430  0.0426  0.0427
  0.0427  0.0426  0.0425  0.0425  0.0426  0.0426  0.0426  0.0428  0.0426  0.0426  0.0425  0.0425
  0.0425  0.0425  0.0424  0.0424  0.0425  0.0424  0.0424  0.0425  0.0424  0.0425  0.0424  0.0424
  0.0424  0.0424  0.0424  0.0424  0.0424  0.0424  0.0424  0.0424  0.0424  0.0424  0.0424  0.0424
  0.0425  0.0425  0.0425  0.0425  0.0424  0.0425  0.0425  0.0425  0.0424  0.0425  0.0424  0.0424
  0.0427  0.0426  0.0426  0.0425  0.0426  0.0427  0.0427  0.0428  0.0426  0.0427  0.0425  0.0425
  0.0430  0.0429  0.0428  0.0426  0.0428  0.0430  0.0429  0.0432  0.0428  0.0430  0.0426  0.0427
   -0.0555   28.5740   -3.3192  -16.3421  -21.9290  -21.0369
   -0.1617    0.0142   -1.2566    2.7265    0.5044   -2.9408
eta,q 0.95761  9.47613

---------------------------------------------------------------------
imgreg_4dfp /opt/freesurfer/average/711-2C_as_mni_average_305 /opt/freesurfer/average/711-2B_as_mni_average_305_mask talsrcimg_g11 none talsrcimg_to_711-2C_as_mni_average_305_t4 2311
---------------------------------------------------------------------

freesurfer imgreg_4dfp.c
/opt/freesurfer/average/711-2C_as_mni_average_305.4dfp.img
       256       256       256         1
  1.000000  1.000000  1.000000
orientation T byte_order littleendian
Reading image: /opt/freesurfer/average/711-2C_as_mni_average_305.4dfp.img
dimensions:      256       256       256
mmppix:       1.0000   -1.0000   -1.0000
center:     128.0000 -129.0000 -129.0000
/opt/freesurfer/average/711-2B_as_mni_average_305_mask.4dfp.img
       256       256       256         1
  1.000000  1.000000  1.000000
orientation T byte_order littleendian
Reading mask: /opt/freesurfer/average/711-2B_as_mni_average_305_mask.4dfp.img (2306576 pixels)
talsrcimg_g11.4dfp.img
       256       256       256         1
  1.000000  1.000000  1.000000
orientation T byte_order littleendian
Reading image: talsrcimg_g11.4dfp.img
dimensions:      256       256       256
mmppix:       1.0000   -1.0000   -1.0000
center:     128.0000 -129.0000 -129.0000
fimgreg.f
image alignment mode   2311 decimal      907 hex
parameters
   -0.0555   28.5740   -3.3192  -16.3421  -21.9290  -21.0369
   -0.1617    0.0142   -1.2566    2.7265    0.5044   -2.9408
eta,q 0.95761  9.47612
niter,ni,del,rscale     5    3    5.0000    0.8000
parameters
   -0.0523   28.6046   -3.3910  -15.6450  -22.0007  -20.5087
    0.0049   -0.0427   -1.1123    2.9819    0.6150   -3.0306
eta,q 0.95748  9.56033
  0.0447  0.0443  0.0436  0.0437  0.0438  0.0447  0.0447  0.0454  0.0441  0.0451  0.0434  0.0437
  0.0434  0.0432  0.0429  0.0429  0.0431  0.0434  0.0435  0.0438  0.0432  0.0437  0.0429  0.0430
  0.0427  0.0426  0.0425  0.0425  0.0426  0.0426  0.0427  0.0428  0.0427  0.0428  0.0426  0.0426
  0.0424  0.0424  0.0424  0.0424  0.0424  0.0424  0.0425  0.0425  0.0425  0.0425  0.0425  0.0425
  0.0427  0.0426  0.0426  0.0425  0.0426  0.0428  0.0427  0.0429  0.0427  0.0428  0.0426  0.0427
  0.0434  0.0432  0.0430  0.0427  0.0431  0.0432  0.0433  0.0439  0.0431  0.0435  0.0429  0.0431
  0.0447  0.0441  0.0438  0.0430  0.0439  0.0436  0.0444  0.0455  0.0439  0.0445  0.0433  0.0437
niter,ni,del,rscale     4    3    5.0000    0.7000
parameters
   -0.0541   28.6098   -3.2650  -15.5352  -22.0137  -20.3797
   -0.0419   -0.0568   -1.1506    2.9346    0.6558   -3.0619
eta,q 0.95748  9.57621
  0.0442  0.0439  0.0436  0.0432  0.0436  0.0439  0.0440  0.0447  0.0436  0.0443  0.0432  0.0434
  0.0433  0.0431  0.0431  0.0426  0.0430  0.0430  0.0432  0.0435  0.0430  0.0433  0.0428  0.0429
  0.0427  0.0427  0.0427  0.0425  0.0426  0.0425  0.0427  0.0428  0.0426  0.0427  0.0426  0.0426
  0.0425  0.0425  0.0425  0.0425  0.0425  0.0425  0.0425  0.0425  0.0425  0.0425  0.0425  0.0425
  0.0427  0.0427  0.0426  0.0426  0.0426  0.0428  0.0427  0.0428  0.0427  0.0428  0.0426  0.0426
  0.0433  0.0431  0.0428  0.0428  0.0430  0.0431  0.0432  0.0435  0.0431  0.0434  0.0428  0.0429
  0.0442  0.0439  0.0433  0.0430  0.0436  0.0435  0.0441  0.0448  0.0437  0.0443  0.0431  0.0434
niter,ni,del,rscale     3    3    5.0000    0.6000
parameters
   -0.0472   28.5748   -3.2186  -15.9052  -21.9844  -20.5334
   -0.1046   -0.0225   -1.2308    2.8186    0.6285   -3.0027
eta,q 0.95753  9.53938
  0.0438  0.0435  0.0433  0.0428  0.0433  0.0434  0.0436  0.0442  0.0433  0.0437  0.0430  0.0432
  0.0431  0.0429  0.0429  0.0426  0.0429  0.0428  0.0429  0.0433  0.0428  0.0430  0.0427  0.0428
  0.0427  0.0426  0.0426  0.0425  0.0426  0.0425  0.0426  0.0427  0.0425  0.0426  0.0425  0.0425
  0.0425  0.0425  0.0425  0.0425  0.0425  0.0425  0.0425  0.0425  0.0425  0.0425  0.0425  0.0425
  0.0426  0.0427  0.0426  0.0426  0.0426  0.0427  0.0426  0.0426  0.0426  0.0427  0.0425  0.0425
  0.0431  0.0430  0.0428  0.0427  0.0428  0.0431  0.0430  0.0432  0.0429  0.0432  0.0427  0.0427
  0.0438  0.0436  0.0432  0.0429  0.0433  0.0433  0.0436  0.0442  0.0433  0.0439  0.0430  0.0431
niter,ni,del,rscale     2    3    5.0000    0.5000
parameters
   -0.0524   28.5632   -3.2545  -16.1761  -21.9547  -20.8021
   -0.1295   -0.0047   -1.2502    2.7505    0.5610   -2.9698
eta,q 0.95758  9.50236
  0.0434  0.0432  0.0429  0.0427  0.0430  0.0431  0.0432  0.0437  0.0430  0.0433  0.0428  0.0429
  0.0429  0.0428  0.0427  0.0425  0.0427  0.0426  0.0428  0.0430  0.0427  0.0428  0.0426  0.0426
  0.0426  0.0425  0.0425  0.0425  0.0425  0.0424  0.0425  0.0426  0.0425  0.0425  0.0424  0.0425
  0.0425  0.0425  0.0425  0.0425  0.0424  0.0424  0.0424  0.0424  0.0424  0.0424  0.0424  0.0424
  0.0426  0.0426  0.0425  0.0425  0.0425  0.0426  0.0425  0.0425  0.0425  0.0426  0.0425  0.0425
  0.0429  0.0428  0.0427  0.0426  0.0427  0.0429  0.0428  0.0430  0.0427  0.0429  0.0426  0.0426
  0.0434  0.0432  0.0430  0.0428  0.0430  0.0432  0.0432  0.0437  0.0430  0.0434  0.0428  0.0429
niter,ni,del,rscale     1    3    5.0000    0.4000
parameters
   -0.0581   28.5698   -3.3191  -16.3526  -21.9269  -21.0357
   -0.1587    0.0115   -1.2532    2.7203    0.5073   -2.9511
eta,q 0.95761  9.47543
  0.0430  0.0429  0.0427  0.0426  0.0428  0.0428  0.0429  0.0432  0.0428  0.0430  0.0426  0.0427
  0.0427  0.0426  0.0425  0.0425  0.0426  0.0425  0.0426  0.0428  0.0426  0.0426  0.0425  0.0425
  0.0425  0.0425  0.0424  0.0424  0.0425  0.0424  0.0424  0.0425  0.0424  0.0425  0.0424  0.0424
  0.0424  0.0424  0.0424  0.0424  0.0424  0.0424  0.0424  0.0424  0.0424  0.0424  0.0424  0.0424
  0.0425  0.0425  0.0425  0.0425  0.0424  0.0425  0.0425  0.0425  0.0424  0.0425  0.0424  0.0424
  0.0427  0.0426  0.0426  0.0425  0.0426  0.0427  0.0427  0.0428  0.0426  0.0427  0.0425  0.0425
  0.0430  0.0429  0.0428  0.0426  0.0428  0.0430  0.0429  0.0432  0.0428  0.0430  0.0426  0.0427
registration optimization eta report
parameter search radius
    0.8000    0.8000    0.8000    2.4000    2.4000    2.4000
    2.4000    2.4000    2.4000    2.4000    2.4000    2.4000
100000*second partial in parameter space
       90.       71.       50.        3.        6.        9.
        9.       15.        6.       10.        4.        5.
  0.0430  0.0429  0.0427  0.0426  0.0428  0.0428  0.0429  0.0432  0.0428  0.0430  0.0426  0.0427
  0.0427  0.0426  0.0425  0.0425  0.0426  0.0425  0.0426  0.0428  0.0426  0.0426  0.0425  0.0425
  0.0425  0.0425  0.0424  0.0424  0.0425  0.0424  0.0424  0.0425  0.0424  0.0425  0.0424  0.0424
  0.0424  0.0424  0.0424  0.0424  0.0424  0.0424  0.0424  0.0424  0.0424  0.0424  0.0424  0.0424
  0.0425  0.0425  0.0425  0.0425  0.0424  0.0425  0.0425  0.0425  0.0424  0.0425  0.0424  0.0424
  0.0427  0.0426  0.0426  0.0425  0.0426  0.0427  0.0427  0.0428  0.0426  0.0427  0.0425  0.0425
  0.0430  0.0429  0.0428  0.0426  0.0428  0.0430  0.0429  0.0432  0.0428  0.0430  0.0426  0.0427
   -0.0581   28.5698   -3.3191  -16.3526  -21.9269  -21.0357
   -0.1587    0.0115   -1.2532    2.7203    0.5073   -2.9511
eta,q 0.95761  9.47543

---------------------------------------------------------------------
compute_vox2vox talsrcimg talsrcimg_to_711-2C_as_mni_average_305_t4 /opt/freesurfer/average/711-2C_as_mni_average_305
---------------------------------------------------------------------

freesurfer compute_vox2vox.c
Reading: talsrcimg.4dfp.ifh
Reading: talsrcimg_to_711-2C_as_mni_average_305_t4
Reading: /opt/freesurfer/average/711-2C_as_mni_average_305.4dfp.ifh
Writing: talsrcimg_to_711-2C_as_mni_average_305_t4_vox2vox.txt

start time Sat Nov 23 15:18:41 UTC 2024
end		time Sat Nov 23 15:19:47 UTC 2024

mpr2mni305 success

avi2talxfm orig_nu.mgz /opt/freesurfer/average/mni305.cor.mgz talsrcimg_to_711-2C_as_mni_average_305_t4_vox2vox.txt transforms/talairach.auto.xfm
avi2talxfm done
mv -f /scratch/tmp/fs_mp2rage_tests/sourcedata/freesurfer_mp2rage/sub-fsm23qf/mri/talsrcimg_to_711-2C_as_mni_average_305_t4_vox2vox.txt /scratch/tmp/fs_mp2rage_tests/sourcedata/freesurfer_mp2rage/sub-fsm23qf/mri/transforms/talsrcimg_to_711-2C_as_mni_average_305_t4_vox2vox.txt
lta_convert --src orig_nu.mgz --trg /opt/freesurfer/average/mni305.cor.mgz --inxfm transforms/talairach.auto.xfm --outlta transforms/talairach.auto.xfm.lta --subject fsaverage
7.3.2

--src: orig_nu.mgz src image (geometry).
--trg: /opt/freesurfer/average/mni305.cor.mgz trg image (geometry).
--inmni: transforms/talairach.auto.xfm input MNI/XFM transform.
--outlta: transforms/talairach.auto.xfm.lta output LTA.
--s: fsaverage subject name
 LTA read, type : 1
 1.19553  -0.00026   0.00242  -4.55519;
-0.00695   1.26475   0.04779  -10.26254;
 0.01943  -0.04407   1.27922  -24.04160;
 0.00000   0.00000   0.00000   1.00000;
setting subject to fsaverage
Writing  LTA to file transforms/talairach.auto.xfm.lta...
lta_convert successful.
 
 
Started at Sat Nov 23 15:18:39 UTC 2024
Ended   at Sat Nov 23 15:19:48 UTC 2024
talairach_avi done
