/scratch/tmp/fs_mp2rage_tests2/sourcedata/freesurfer_memprage/sub-fsm02cd/mri
/opt/freesurfer/bin/talairach_avi
--i orig_nu.mgz --xfm transforms/talairach.auto.xfm
talairach_avi 7.3.2
Linux elm.criugm.qc.ca 5.15.0-113-generic #123-Ubuntu SMP Mon Jun 10 08:16:17 UTC 2024 x86_64 x86_64 x86_64 GNU/Linux
Sun Nov 24 04:57:25 UTC 2024
mri_convert orig_nu.mgz talsrcimg.img 
reading from orig_nu.mgz...
TR=0.00, TE=0.00, TI=0.00, flip angle=0.00
i_ras = (-1, 0, 0)
j_ras = (3.72529e-09, 0, -1)
k_ras = (-1.86265e-09, 1, 2.98023e-08)
writing to talsrcimg.img...
Analyze Output Matrix
-1.00000   0.00000  -0.00000   133.89331;
 0.00000   0.00000   1.00000  -118.69283;
 0.00000  -1.00000   0.00000   160.80202;
 0.00000   0.00000   0.00000   1.00000;
--------------------
INFO: set hdr.hist.orient to -1
mpr2mni305 talsrcimg
Sun Nov 24 04:57:28 UTC 2024
/opt/freesurfer/bin/mpr2mni305 talsrcimg
mpr2mni305 7.3.2
target=711-2C_as_mni_average_305

---------------------------------------------------------------------
analyzeto4dfp talsrcimg -O0 -y
---------------------------------------------------------------------

freesurfer ifh2hdr.c
Sun Nov 24 04:57:29 2024
Writing: talsrcimg.4dfp.hdr
freesurfer analyzeto4dfp.c
Reading: talsrcimg.hdr
header size 348 bytes
hdr.dime.datatype	offset=70	value=2
hdr.dime.bitpix		offset=72	value=8
hdr.hist.orient		offset=252	value=-1
dimensionality     4
dimensions       256       256       256         1
Reading: talsrcimg.img
Writing: talsrcimg.4dfp.img
Writing: talsrcimg.4dfp.ifh
ifh2hdr talsrcimg -r0to255
ori=2

---------------------------------------------------------------------
gauss_4dfp talsrcimg 1.1
---------------------------------------------------------------------

freesurfer gauss_4dfp.c
Reading: talsrcimg.4dfp.img
Writing: talsrcimg_g11.4dfp.img
image dimensions 256 256 256 padded to 288 288 288
processing volume 1freesurfer ifh2hdr.c
Sun Nov 24 04:57:42 2024
Writing: talsrcimg_g11.4dfp.hdr

Writing: talsrcimg_g11.4dfp.ifh
including: talsrcimg.4dfp.img.rec in talsrcimg_g11.4dfp.img.rec

---------------------------------------------------------------------
imgreg_4dfp /opt/freesurfer/average/711-2C_as_mni_average_305 none talsrcimg_g11 none talsrcimg_to_711-2C_as_mni_average_305_t4 4355
---------------------------------------------------------------------

freesurfer imgreg_4dfp.c
/opt/freesurfer/average/711-2C_as_mni_average_305.4dfp.img
       256       256       256         1
  1.000000  1.000000  1.000000
orientation T byte_order littleendian
Reading image: /opt/freesurfer/average/711-2C_as_mni_average_305.4dfp.img
dimensions:      256       256       256
mmppix:       1.0000   -1.0000   -1.0000
center:     128.0000 -129.0000 -129.0000
talsrcimg_g11.4dfp.img
       256       256       256         1
  1.000000  1.000000  1.000000
orientation T byte_order littleendian
Reading image: talsrcimg_g11.4dfp.img
dimensions:      256       256       256
mmppix:       1.0000   -1.0000   -1.0000
center:     128.0000 -129.0000 -129.0000
t4_read: open error in t4_sub.f l:  41 t4_file(1:l)talsrcimg_to_711-2C_as_mni_average_305_t4 
t4_read: transform initialized to I4
rotation matrix determinant  1.000000
image alignment mode   4355 decimal     1103 hex
   -7.5000  -45.0000  -45.0000 8870.3193   10.8941
    0.0000  -45.0000  -45.0000 9190.6162   10.8840
    7.5000  -45.0000  -45.0000 8783.1592   10.8977
   -7.5000  -37.5000  -45.0000 9059.4111   11.0708
    0.0000  -37.5000  -45.0000 9394.2236   11.0585
    7.5000  -37.5000  -45.0000 8957.3291   11.0683
   -7.5000  -30.0000  -45.0000 9443.6992   11.0269
    0.0000  -30.0000  -45.0000 9779.4492   11.0134
    7.5000  -30.0000  -45.0000 9298.9521   11.0176
   -7.5000  -22.5000  -45.0000 9748.1094   10.9678
    0.0000  -22.5000  -45.000010087.8037   10.9562
    7.5000  -22.5000  -45.0000 9571.6191   10.9607
   -7.5000  -15.0000  -45.0000 9899.8779   10.8976
    0.0000  -15.0000  -45.000010255.1914   10.8893
    7.5000  -15.0000  -45.0000 9727.9932   10.8989
   -7.5000   -7.5000  -45.000010053.3594   10.8416
    0.0000   -7.5000  -45.000010409.8418   10.8339
    7.5000   -7.5000  -45.0000 9891.6514   10.8482
   -7.5000    0.0000  -45.000010067.4746   10.8317
    0.0000    0.0000  -45.000010432.4746   10.8216
    7.5000    0.0000  -45.0000 9929.1367   10.8355
   -7.5000    7.5000  -45.0000 9419.5391   11.0234
    0.0000    7.5000  -45.0000 9763.7051   11.0111
    7.5000    7.5000  -45.0000 9297.5625   11.0212
   -7.5000   15.0000  -45.0000 8785.9854   11.3363
    0.0000   15.0000  -45.0000 9089.7568   11.3263
    7.5000   15.0000  -45.0000 8673.6475   11.3334
   -7.5000   22.5000  -45.0000 8166.6250   11.6982
    0.0000   22.5000  -45.0000 8453.7666   11.6906
    7.5000   22.5000  -45.0000 8063.4771   11.7029
   -7.5000   30.0000  -45.0000 7554.1147   11.9608
    0.0000   30.0000  -45.0000 7838.4150   11.9584
    7.5000   30.0000  -45.0000 7480.9268   11.9788
   -7.5000   37.5000  -45.0000 7323.7056   12.4421
    0.0000   37.5000  -45.0000 7581.8735   12.4392
    7.5000   37.5000  -45.0000 7241.7988   12.4628
   -7.5000   45.0000  -45.0000 6878.1421   12.6976
    0.0000   45.0000  -45.0000 7123.1313   12.6893
    7.5000   45.0000  -45.0000 6793.5806   12.7117
   -7.5000  -45.0000  -37.5000 9535.2041   10.7570
    0.0000  -45.0000  -37.5000 9885.4111   10.7459
    7.5000  -45.0000  -37.5000 9437.9775   10.7556
   -7.5000  -37.5000  -37.5000 9755.3457   10.9278
    0.0000  -37.5000  -37.500010126.2061   10.9146
    7.5000  -37.5000  -37.5000 9637.5361   10.9209
   -7.5000  -30.0000  -37.500010133.7793   10.8797
    0.0000  -30.0000  -37.500010510.6230   10.8659
    7.5000  -30.0000  -37.5000 9990.7188   10.8681
   -7.5000  -22.5000  -37.500010425.9287   10.8184
    0.0000  -22.5000  -37.500010794.6357   10.8067
    7.5000  -22.5000  -37.500010260.5684   10.8098
   -7.5000  -15.0000  -37.500010584.7705   10.7511
    0.0000  -15.0000  -37.500010991.3682   10.7421
    7.5000  -15.0000  -37.500010411.4004   10.7496
   -7.5000   -7.5000  -37.500010722.4932   10.7009
    0.0000   -7.5000  -37.500011113.3320   10.6920
    7.5000   -7.5000  -37.500010531.7607   10.7030
   -7.5000    0.0000  -37.500010742.3135   10.6937
    0.0000    0.0000  -37.500011142.6230   10.6825
    7.5000    0.0000  -37.500010556.3848   10.6925
   -7.5000    7.5000  -37.500010030.3975   10.8793
    0.0000    7.5000  -37.500010433.1387   10.8661
    7.5000    7.5000  -37.5000 9884.8740   10.8727
   -7.5000   15.0000  -37.5000 9344.0303   11.1805
    0.0000   15.0000  -37.5000 9728.5898   11.1696
    7.5000   15.0000  -37.5000 9225.3057   11.1745
   -7.5000   22.5000  -37.5000 8666.7617   11.5311
    0.0000   22.5000  -37.5000 9032.9170   11.5226
    7.5000   22.5000  -37.5000 8565.8906   11.5317
   -7.5000   30.0000  -37.5000 8014.5210   11.7905
    0.0000   30.0000  -37.5000 8344.5293   11.7854
    7.5000   30.0000  -37.5000 7909.6929   11.8001
   -7.5000   37.5000  -37.5000 7720.3789   12.2701
    0.0000   37.5000  -37.5000 8045.0547   12.2635
    7.5000   37.5000  -37.5000 7625.5557   12.2800
   -7.5000   45.0000  -37.5000 7231.3208   12.5285
    0.0000   45.0000  -37.5000 7522.1426   12.5172
    7.5000   45.0000  -37.5000 7143.5435   12.5305
   -7.5000  -45.0000  -30.000010380.4746   11.1075
    0.0000  -45.0000  -30.000010770.6230   11.0953
    7.5000  -45.0000  -30.000010263.9922   11.0996
   -7.5000  -37.5000  -30.000010641.4580   11.2791
    0.0000  -37.5000  -30.000011025.8926   11.2655
    7.5000  -37.5000  -30.000010483.3271   11.2668
   -7.5000  -30.0000  -30.000011040.0986   11.2253
    0.0000  -30.0000  -30.000011432.4170   11.2124
    7.5000  -30.0000  -30.000010849.3623   11.2114
   -7.5000  -22.5000  -30.000011319.2520   11.1612
    0.0000  -22.5000  -30.000011722.6670   11.1500
    7.5000  -22.5000  -30.000011103.8262   11.1514
   -7.5000  -15.0000  -30.000011496.8291   11.0948
    0.0000  -15.0000  -30.000011952.5957   11.0850
    7.5000  -15.0000  -30.000011299.8896   11.0905
   -7.5000   -7.5000  -30.000011622.1338   11.0472
    0.0000   -7.5000  -30.000012054.5254   11.0369
    7.5000   -7.5000  -30.000011407.0322   11.0439
   -7.5000    0.0000  -30.000011611.3691   11.0414
    0.0000    0.0000  -30.000012056.9443   11.0290
    7.5000    0.0000  -30.000011384.5811   11.0337
   -7.5000    7.5000  -30.000010816.2988   11.2284
    0.0000    7.5000  -30.000011246.5303   11.2148
    7.5000    7.5000  -30.000010628.8398   11.2165
   -7.5000   15.0000  -30.000010079.3027   11.5332
    0.0000   15.0000  -30.000010484.4609   11.5224
    7.5000   15.0000  -30.0000 9916.7148   11.5241
   -7.5000   22.5000  -30.0000 9330.3018   11.8928
    0.0000   22.5000  -30.0000 9745.7832   11.8843
    7.5000   22.5000  -30.0000 9203.8047   11.8906
   -7.5000   30.0000  -30.0000 8596.4492   12.1641
    0.0000   30.0000  -30.0000 8961.7617   12.1567
    7.5000   30.0000  -30.0000 8484.9551   12.1677
   -7.5000   37.5000  -30.0000 8260.0498   12.6622
    0.0000   37.5000  -30.0000 8637.2314   12.6529
    7.5000   37.5000  -30.0000 8166.7451   12.6641
   -7.5000   45.0000  -30.0000 7688.6074   12.9394
    0.0000   45.0000  -30.0000 8041.1484   12.9261
    7.5000   45.0000  -30.0000 7628.5278   12.9334
   -7.5000  -45.0000  -22.500011222.2109   11.4560
    0.0000  -45.0000  -22.500011660.3398   11.4459
    7.5000  -45.0000  -22.500011133.1240   11.4495
   -7.5000  -37.5000  -22.500011493.4248   11.6309
    0.0000  -37.5000  -22.500011959.1064   11.6200
    7.5000  -37.5000  -22.500011368.7422   11.6205
   -7.5000  -30.0000  -22.500011933.0781   11.5737
    0.0000  -30.0000  -22.500012421.5615   11.5636
    7.5000  -30.0000  -22.500011773.6182   11.5624
   -7.5000  -22.5000  -22.500012252.9893   11.5066
    0.0000  -22.5000  -22.500012742.7471   11.4982
    7.5000  -22.5000  -22.500012064.7686   11.5000
   -7.5000  -15.0000  -22.500012471.4395   11.4390
    0.0000  -15.0000  -22.500012984.6680   11.4316
    7.5000  -15.0000  -22.500012265.6709   11.4377
   -7.5000   -7.5000  -22.500012578.5840   11.3921
    0.0000   -7.5000  -22.500013080.5518   11.3839
    7.5000   -7.5000  -22.500012354.2627   11.3908
   -7.5000    0.0000  -22.500012559.2373   11.3876
    0.0000    0.0000  -22.500013045.4160   11.3773
    7.5000    0.0000  -22.500012314.9404   11.3815
   -7.5000    7.5000  -22.500011668.5596   11.5788
    0.0000    7.5000  -22.500012131.6133   11.5678
    7.5000    7.5000  -22.500011421.8535   11.5688
   -7.5000   15.0000  -22.500010856.4385   11.8899
    0.0000   15.0000  -22.500011322.4287   11.8821
    7.5000   15.0000  -22.500010653.6670   11.8835
   -7.5000   22.5000  -22.500010042.3848   12.2591
    0.0000   22.5000  -22.500010501.1572   12.2539
    7.5000   22.5000  -22.5000 9885.3936   12.2615
   -7.5000   30.0000  -22.5000 9234.7090   12.5424
    0.0000   30.0000  -22.5000 9663.9775   12.5384
    7.5000   30.0000  -22.5000 9120.7158   12.5519
   -7.5000   37.5000  -22.5000 8878.5146   13.0585
    0.0000   37.5000  -22.5000 9299.9170   13.0534
    7.5000   37.5000  -22.5000 8777.9531   13.0673
   -7.5000   45.0000  -22.5000 8213.0518   13.3489
    0.0000   45.0000  -22.5000 8613.9082   13.3403
    7.5000   45.0000  -22.5000 8136.6387   13.3527
   -7.5000  -45.0000  -15.000012133.3506   11.7013
    0.0000  -45.0000  -15.000012619.3154   11.6934
    7.5000  -45.0000  -15.000012024.2773   11.6989
   -7.5000  -37.5000  -15.000012416.6152   11.8815
    0.0000  -37.5000  -15.000012939.0938   11.8727
    7.5000  -37.5000  -15.000012298.7793   11.8745
   -7.5000  -30.0000  -15.000012885.8174   11.8274
    0.0000  -30.0000  -15.000013448.2109   11.8188
    7.5000  -30.0000  -15.000012756.9424   11.8177
   -7.5000  -22.5000  -15.000013230.7744   11.7612
    0.0000  -22.5000  -15.000013790.5938   11.7540
    7.5000  -22.5000  -15.000013048.8242   11.7555
   -7.5000  -15.0000  -15.000013488.2168   11.6904
    0.0000  -15.0000  -15.000014030.5674   11.6848
    7.5000  -15.0000  -15.000013236.3428   11.6910
   -7.5000   -7.5000  -15.000013577.6357   11.6382
    0.0000   -7.5000  -15.000014128.4580   11.6323
    7.5000   -7.5000  -15.000013302.0586   11.6404
   -7.5000    0.0000  -15.000013560.3584   11.6315
    0.0000    0.0000  -15.000014102.5732   11.6234
    7.5000    0.0000  -15.000013245.9961   11.6294
   -7.5000    7.5000  -15.000012567.2842   11.8282
    0.0000    7.5000  -15.000013068.3936   11.8194
    7.5000    7.5000  -15.000012266.2891   11.8217
   -7.5000   15.0000  -15.000011671.5635   12.1485
    0.0000   15.0000  -15.000012178.3203   12.1428
    7.5000   15.0000  -15.000011429.4609   12.1444
   -7.5000   22.5000  -15.000010781.5156   12.5249
    0.0000   22.5000  -15.000011260.7158   12.5217
    7.5000   22.5000  -15.000010601.2158   12.5304
   -7.5000   30.0000  -15.0000 9895.9277   12.8139
    0.0000   30.0000  -15.000010365.6064   12.8138
    7.5000   30.0000  -15.0000 9782.6348   12.8300
   -7.5000   37.5000  -15.0000 9490.6816   13.3386
    0.0000   37.5000  -15.0000 9946.3301   13.3381
    7.5000   37.5000  -15.0000 9384.4268   13.3559
   -7.5000   45.0000  -15.0000 8749.5322   13.6386
    0.0000   45.0000  -15.0000 9166.1582   13.6345
    7.5000   45.0000  -15.0000 8658.8936   13.6534
   -7.5000  -45.0000   -7.500013104.3828   11.8103
    0.0000  -45.0000   -7.500013636.3311   11.8037
    7.5000  -45.0000   -7.500013005.5537   11.8130
   -7.5000  -37.5000   -7.500013418.7354   11.9941
    0.0000  -37.5000   -7.500013998.1914   11.9859
    7.5000  -37.5000   -7.500013310.8945   11.9913
   -7.5000  -30.0000   -7.500013972.1777   11.9458
    0.0000  -30.0000   -7.500014569.9219   11.9366
    7.5000  -30.0000   -7.500013819.6104   11.9371
   -7.5000  -22.5000   -7.500014351.2178   11.8826
    0.0000  -22.5000   -7.500014949.3193   11.8748
    7.5000  -22.5000   -7.500014121.9551   11.8764
   -7.5000  -15.0000   -7.500014578.1777   11.8090
    0.0000  -15.0000   -7.500015175.4775   11.8039
    7.5000  -15.0000   -7.500014286.1758   11.8106
   -7.5000   -7.5000   -7.500014655.2598   11.7505
    0.0000   -7.5000   -7.500015260.0479   11.7459
    7.5000   -7.5000   -7.500014300.7773   11.7565
   -7.5000    0.0000   -7.500014636.9658   11.7400
    0.0000    0.0000   -7.500015254.4902   11.7331
    7.5000    0.0000   -7.500014255.9482   11.7428
   -7.5000    7.5000   -7.500013561.1182   11.9404
    0.0000    7.5000   -7.500014140.3799   11.9321
    7.5000    7.5000   -7.500013195.1514   11.9379
   -7.5000   15.0000   -7.500012565.0254   12.2680
    0.0000   15.0000   -7.500013107.2285   12.2623
    7.5000   15.0000   -7.500012263.4473   12.2656
   -7.5000   22.5000   -7.500011573.2598   12.6454
    0.0000   22.5000   -7.500012086.4219   12.6422
    7.5000   22.5000   -7.500011348.8857   12.6518
   -7.5000   30.0000   -7.500010582.4619   12.9337
    0.0000   30.0000   -7.500011108.3418   12.9356
    7.5000   30.0000   -7.500010443.5742   12.9535
   -7.5000   37.5000   -7.500010143.5908   13.4577
    0.0000   37.5000   -7.500010651.6133   13.4598
    7.5000   37.5000   -7.500010019.2959   13.4806
   -7.5000   45.0000   -7.5000 9351.1543   13.7646
    0.0000   45.0000   -7.5000 9817.5977   13.7624
    7.5000   45.0000   -7.5000 9242.9014   13.7845
   -7.5000  -45.0000    0.000014073.5098   11.8121
    0.0000  -45.0000    0.000014641.3828   11.8039
    7.5000  -45.0000    0.000013925.9287   11.8155
   -7.5000  -37.5000    0.000014393.8242   11.9964
    0.0000  -37.5000    0.000015003.6396   11.9860
    7.5000  -37.5000    0.000014228.0225   11.9938
   -7.5000  -30.0000    0.000015036.3721   11.9501
    0.0000  -30.0000    0.000015656.4102   11.9386
    7.5000  -30.0000    0.000014788.5977   11.9405
   -7.5000  -22.5000    0.000015473.2207   11.8883
    0.0000  -22.5000    0.000016114.6953   11.8786
    7.5000  -22.5000    0.000015162.8105   11.8807
   -7.5000  -15.0000    0.000015667.4775   11.8144
    0.0000  -15.0000    0.000016317.5742   11.8079
    7.5000  -15.0000    0.000015302.3838   11.8150
   -7.5000   -7.5000    0.000015727.4961   11.7540
    0.0000   -7.5000    0.000016364.3115   11.7481
    7.5000   -7.5000    0.000015243.0771   11.7602
   -7.5000    0.0000    0.000015690.2979   11.7419
    0.0000    0.0000    0.000016316.0977   11.7335
    7.5000    0.0000    0.000015178.7705   11.7455
   -7.5000    7.5000    0.000014474.0322   11.9427
    0.0000    7.5000    0.000015072.5947   11.9324
    7.5000    7.5000    0.000014036.6924   11.9405
   -7.5000   15.0000    0.000013373.0352   12.2716
    0.0000   15.0000    0.000013914.0117   12.2639
    7.5000   15.0000    0.000013019.1748   12.2688
   -7.5000   22.5000    0.000012293.1592   12.6476
    0.0000   22.5000    0.000012818.4668   12.6425
    7.5000   22.5000    0.000012023.7676   12.6523
   -7.5000   30.0000    0.000011264.1963   12.9337
    0.0000   30.0000    0.000011821.8457   12.9340
    7.5000   30.0000    0.000011094.8164   12.9511
   -7.5000   37.5000    0.000010784.1777   13.4551
    0.0000   37.5000    0.000011335.7812   13.4550
    7.5000   37.5000    0.000010619.5195   13.4754
   -7.5000   45.0000    0.0000 9908.6553   13.7666
    0.0000   45.0000    0.000010418.5703   13.7614
    7.5000   45.0000    0.0000 9775.9004   13.7809
   -7.5000  -45.0000    7.500013992.7207   11.8246
    0.0000  -45.0000    7.500014529.1602   11.8137
    7.5000  -45.0000    7.500013798.2617   11.8233
   -7.5000  -37.5000    7.500014254.0820   12.0080
    0.0000  -37.5000    7.500014817.7480   11.9952
    7.5000  -37.5000    7.500014039.3027   12.0012
   -7.5000  -30.0000    7.500014881.8955   11.9570
    0.0000  -30.0000    7.500015461.5957   11.9439
    7.5000  -30.0000    7.500014585.9473   11.9455
   -7.5000  -22.5000    7.500015387.7012   11.8925
    0.0000  -22.5000    7.500015999.1045   11.8816
    7.5000  -22.5000    7.500015041.5059   11.8841
   -7.5000  -15.0000    7.500015668.5078   11.8203
    0.0000  -15.0000    7.500016295.7842   11.8120
    7.5000  -15.0000    7.500015215.2510   11.8191
   -7.5000   -7.5000    7.500015693.0713   11.7644
    0.0000   -7.5000    7.500016236.8105   11.7559
    7.5000   -7.5000    7.500015146.8525   11.7668
   -7.5000    0.0000    7.500015543.1377   11.7545
    0.0000    0.0000    7.500016095.5332   11.7435
    7.5000    0.0000    7.500015012.5840   11.7535
   -7.5000    7.5000    7.500014299.2295   11.9544
    0.0000    7.5000    7.500014821.0332   11.9415
    7.5000    7.5000    7.500013863.9873   11.9480
   -7.5000   15.0000    7.500013203.0195   12.2807
    0.0000   15.0000    7.500013689.1670   12.2707
    7.5000   15.0000    7.500012832.6836   12.2753
   -7.5000   22.5000    7.500012122.0918   12.6568
    0.0000   22.5000    7.500012603.8262   12.6496
    7.5000   22.5000    7.500011820.8223   12.6584
   -7.5000   30.0000    7.500011154.0068   12.9452
    0.0000   30.0000    7.500011663.2881   12.9414
    7.5000   30.0000    7.500010932.9053   12.9560
   -7.5000   37.5000    7.500010632.6465   13.4709
    0.0000   37.5000    7.500011155.8936   13.4653
    7.5000   37.5000    7.500010437.5498   13.4818
   -7.5000   45.0000    7.5000 9753.9541   13.7856
    0.0000   45.0000    7.500010228.1504   13.7749
    7.5000   45.0000    7.5000 9574.5537   13.7879
   -7.5000  -45.0000   15.000013635.0830   11.8479
    0.0000  -45.0000   15.000014165.1406   11.8358
    7.5000  -45.0000   15.000013481.1934   11.8417
   -7.5000  -37.5000   15.000013872.2520   12.0294
    0.0000  -37.5000   15.000014406.1143   12.0159
    7.5000  -37.5000   15.000013681.5088   12.0185
   -7.5000  -30.0000   15.000014497.3389   11.9724
    0.0000  -30.0000   15.000015025.5449   11.9595
    7.5000  -30.0000   15.000014233.1045   11.9597
   -7.5000  -22.5000   15.000015150.3193   11.9045
    0.0000  -22.5000   15.000015781.3145   11.8939
    7.5000  -22.5000   15.000014757.1924   11.8965
   -7.5000  -15.0000   15.000015651.2256   11.8345
    0.0000  -15.0000   15.000016209.4404   11.8256
    7.5000  -15.0000   15.000015081.9268   11.8324
   -7.5000   -7.5000   15.000015666.2822   11.7843
    0.0000   -7.5000   15.000016067.5635   11.7746
    7.5000   -7.5000   15.000015057.1416   11.7832
   -7.5000    0.0000   15.000015479.4785   11.7779
    0.0000    0.0000   15.000015852.7275   11.7657
    7.5000    0.0000   15.000014897.0283   11.7721
   -7.5000    7.5000   15.000014158.1855   11.9758
    0.0000    7.5000   15.000014564.7510   11.9622
    7.5000    7.5000   15.000013671.3770   11.9652
   -7.5000   15.0000   15.000012992.3135   12.2984
    0.0000   15.0000   15.000013411.5469   12.2880
    7.5000   15.0000   15.000012575.2031   12.2909
   -7.5000   22.5000   15.000011919.4023   12.6765
    0.0000   22.5000   15.000012336.9121   12.6689
    7.5000   22.5000   15.000011537.5723   12.6767
   -7.5000   30.0000   15.000010931.4990   12.9696
    0.0000   30.0000   15.000011372.8975   12.9635
    7.5000   30.0000   15.000010639.4717   12.9764
   -7.5000   37.5000   15.000010384.6543   13.5014
    0.0000   37.5000   15.000010831.3779   13.4932
    7.5000   37.5000   15.000010135.7607   13.5066
   -7.5000   45.0000   15.0000 9478.3662   13.8164
    0.0000   45.0000   15.0000 9889.3516   13.8037
    7.5000   45.0000   15.0000 9279.7725   13.8133
   -7.5000  -45.0000   22.500013099.6523   11.8693
    0.0000  -45.0000   22.500013674.9443   11.8587
    7.5000  -45.0000   22.500013046.9688   11.8627
   -7.5000  -37.5000   22.500013275.5830   12.0509
    0.0000  -37.5000   22.500013831.1846   12.0393
    7.5000  -37.5000   22.500013206.0791   12.0401
   -7.5000  -30.0000   22.500013884.0020   11.9922
    0.0000  -30.0000   22.500014445.4180   11.9815
    7.5000  -30.0000   22.500013777.9990   11.9803
   -7.5000  -22.5000   22.500014559.0898   11.9231
    0.0000  -22.5000   22.500015207.3174   11.9143
    7.5000  -22.5000   22.500014293.7363   11.9162
   -7.5000  -15.0000   22.500015071.2402   11.8532
    0.0000  -15.0000   22.500015598.4346   11.8456
    7.5000  -15.0000   22.500014610.6465   11.8520
   -7.5000   -7.5000   22.500015292.3828   11.8045
    0.0000   -7.5000   22.500015648.3682   11.7960
    7.5000   -7.5000   22.500014705.0684   11.8033
   -7.5000    0.0000   22.500015224.8564   11.7995
    0.0000    0.0000   22.500015505.5107   11.7888
    7.5000    0.0000   22.500014526.0410   11.7933
   -7.5000    7.5000   22.500013845.5918   11.9972
    0.0000    7.5000   22.500014129.4512   11.9856
    7.5000    7.5000   22.500013216.2480   11.9868
   -7.5000   15.0000   22.500012572.9434   12.3191
    0.0000   15.0000   22.500012894.2773   12.3108
    7.5000   15.0000   22.500012080.8350   12.3124
   -7.5000   22.5000   22.500011474.6182   12.6994
    0.0000   22.5000   22.500011824.0947   12.6939
    7.5000   22.5000   22.500011090.6611   12.7018
   -7.5000   30.0000   22.500010536.2139   12.9959
    0.0000   30.0000   22.500010927.8193   12.9918
    7.5000   30.0000   22.500010258.5215   13.0059
   -7.5000   37.5000   22.500010029.5449   13.5317
    0.0000   37.5000   22.500010461.2402   13.5265
    7.5000   37.5000   22.5000 9808.3662   13.5410
   -7.5000   45.0000   22.5000 9118.5137   13.8449
    0.0000   45.0000   22.5000 9535.8535   13.8360
    7.5000   45.0000   22.5000 8940.9023   13.8491
   -7.5000  -45.0000   30.000012495.8574   11.8833
    0.0000  -45.0000   30.000013034.8848   11.8753
    7.5000  -45.0000   30.000012537.1777   11.8808
   -7.5000  -37.5000   30.000012663.2695   12.0676
    0.0000  -37.5000   30.000013233.6270   12.0588
    7.5000  -37.5000   30.000012707.7588   12.0606
   -7.5000  -30.0000   30.000013279.7490   12.0130
    0.0000  -30.0000   30.000013886.6602   12.0043
    7.5000  -30.0000   30.000013236.9199   12.0031
   -7.5000  -22.5000   30.000013849.1172   11.9456
    0.0000  -22.5000   30.000014510.1025   11.9383
    7.5000  -22.5000   30.000013672.1953   11.9399
   -7.5000  -15.0000   30.000014190.2598   11.8736
    0.0000  -15.0000   30.000014755.0186   11.8679
    7.5000  -15.0000   30.000013849.5928   11.8742
   -7.5000   -7.5000   30.000014332.9971   11.8206
    0.0000   -7.5000   30.000014858.1494   11.8146
    7.5000   -7.5000   30.000013883.3105   11.8229
   -7.5000    0.0000   30.000014311.7900   11.8138
    0.0000    0.0000   30.000014857.1885   11.8057
    7.5000    0.0000   30.000013767.1602   11.8117
   -7.5000    7.5000   30.000013117.4756   12.0139
    0.0000    7.5000   30.000013599.4102   12.0050
    7.5000    7.5000   30.000012617.6523   12.0073
   -7.5000   15.0000   30.000011930.9180   12.3398
    0.0000   15.0000   30.000012363.7773   12.3340
    7.5000   15.0000   30.000011534.2275   12.3357
   -7.5000   22.5000   30.000010880.9258   12.7215
    0.0000   22.5000   30.000011267.8555   12.7182
    7.5000   22.5000   30.000010579.3516   12.7271
   -7.5000   30.0000   30.0000 9998.6396   13.0175
    0.0000   30.0000   30.000010348.8896   13.0174
    7.5000   30.0000   30.0000 9772.0977   13.0339
   -7.5000   37.5000   30.0000 9502.7217   13.5525
    0.0000   37.5000   30.0000 9868.1924   13.5520
    7.5000   37.5000   30.0000 9323.3916   13.5702
   -7.5000   45.0000   30.0000 8608.8926   13.8637
    0.0000   45.0000   30.0000 8938.3369   13.8597
    7.5000   45.0000   30.0000 8484.9629   13.8790
   -7.5000  -45.0000   37.500012330.9580   11.8791
    0.0000  -45.0000   37.500012930.3232   11.8724
    7.5000  -45.0000   37.500012375.3496   11.8819
   -7.5000  -37.5000   37.500012566.5430   12.0663
    0.0000  -37.5000   37.500013164.8818   12.0580
    7.5000  -37.5000   37.500012539.1895   12.0635
   -7.5000  -30.0000   37.500013121.0889   12.0184
    0.0000  -30.0000   37.500013729.0625   12.0091
    7.5000  -30.0000   37.500013026.2266   12.0096
   -7.5000  -22.5000   37.500013580.7920   11.9546
    0.0000  -22.5000   37.500014154.3828   11.9468
    7.5000  -22.5000   37.500013387.5312   11.9483
   -7.5000  -15.0000   37.500013786.1709   11.8803
    0.0000  -15.0000   37.500014262.4375   11.8751
    7.5000  -15.0000   37.500013531.9697   11.8819
   -7.5000   -7.5000   37.500013799.1191   11.8211
    0.0000   -7.5000   37.500014293.2363   11.8165
    7.5000   -7.5000   37.500013540.0674   11.8272
   -7.5000    0.0000   37.500013719.3271   11.8104
    0.0000    0.0000   37.500014220.8027   11.8035
    7.5000    0.0000   37.500013448.8936   11.8134
   -7.5000    7.5000   37.500012589.2334   12.0129
    0.0000    7.5000   37.500013069.7129   12.0045
    7.5000    7.5000   37.500012349.3789   12.0105
   -7.5000   15.0000   37.500011530.7285   12.3437
    0.0000   15.0000   37.500011970.9834   12.3379
    7.5000   15.0000   37.500011338.6504   12.3413
   -7.5000   22.5000   37.500010549.6572   12.7241
    0.0000   22.5000   37.500010963.6240   12.7209
    7.5000   22.5000   37.500010389.3896   12.7306
   -7.5000   30.0000   37.5000 9714.9980   13.0151
    0.0000   30.0000   37.500010110.1465   13.0170
    7.5000   30.0000   37.5000 9565.3096   13.0351
   -7.5000   37.5000   37.5000 9194.8789   13.5433
    0.0000   37.5000   37.5000 9584.6504   13.5455
    7.5000   37.5000   37.5000 9078.6855   13.5666
   -7.5000   45.0000   37.5000 8318.4990   13.8556
    0.0000   45.0000   37.5000 8687.3457   13.8534
    7.5000   45.0000   37.5000 8241.8018   13.8758
   -7.5000  -45.0000   45.000011599.4336   11.8749
    0.0000  -45.0000   45.000012120.3281   11.8671
    7.5000  -45.0000   45.000011581.8545   11.8788
   -7.5000  -37.5000   45.000011771.6260   12.0626
    0.0000  -37.5000   45.000012280.4385   12.0525
    7.5000  -37.5000   45.000011716.1240   12.0601
   -7.5000  -30.0000   45.000012228.4551   12.0170
    0.0000  -30.0000   45.000012733.1523   12.0058
    7.5000  -30.0000   45.000012136.9746   12.0074
   -7.5000  -22.5000   45.000012564.6211   11.9547
    0.0000  -22.5000   45.000013033.9053   11.9453
    7.5000  -22.5000   45.000012417.5635   11.9471
   -7.5000  -15.0000   45.000012673.7930   11.8799
    0.0000  -15.0000   45.000013113.5762   11.8738
    7.5000  -15.0000   45.000012522.6924   11.8808
   -7.5000   -7.5000   45.000012675.7959   11.8190
    0.0000   -7.5000   45.000013140.0654   11.8135
    7.5000   -7.5000   45.000012540.6904   11.8256
   -7.5000    0.0000   45.000012568.1504   11.8068
    0.0000    0.0000   45.000013048.3154   11.7988
    7.5000    0.0000   45.000012434.0635   11.8108
   -7.5000    7.5000   45.000011547.9639   12.0094
    0.0000    7.5000   45.000012001.1211   11.9992
    7.5000    7.5000   45.000011426.3320   12.0073
   -7.5000   15.0000   45.000010622.1650   12.3418
    0.0000   15.0000   45.000011023.0732   12.3342
    7.5000   15.0000   45.000010506.1387   12.3389
   -7.5000   22.5000   45.0000 9743.4395   12.7222
    0.0000   22.5000   45.000010112.8418   12.7172
    7.5000   22.5000   45.0000 9634.7158   12.7269
   -7.5000   30.0000   45.0000 8967.9707   13.0120
    0.0000   30.0000   45.0000 9332.2617   13.0125
    7.5000   30.0000   45.0000 8891.5898   13.0297
   -7.5000   37.5000   45.0000 8484.8750   13.5405
    0.0000   37.5000   45.0000 8847.0615   13.5407
    7.5000   37.5000   45.0000 8425.7041   13.5613
   -7.5000   45.0000   45.0000 7669.6553   13.8669
    0.0000   45.0000   45.0000 8021.1836   13.8619
    7.5000   45.0000   45.0000 7645.8027   13.8816

---------------------------------------------------------------------
imgreg_4dfp /opt/freesurfer/average/711-2C_as_mni_average_305 /opt/freesurfer/average/711-2B_as_mni_average_305_mask talsrcimg_g11 none talsrcimg_to_711-2C_as_mni_average_305_t4 4355
---------------------------------------------------------------------

freesurfer imgreg_4dfp.c
/opt/freesurfer/average/711-2C_as_mni_average_305.4dfp.img
       256       256       256         1
  1.000000  1.000000  1.000000
orientation T byte_order littleendian
Reading image: /opt/freesurfer/average/711-2C_as_mni_average_305.4dfp.img
dimensions:      256       256       256
mmppix:       1.0000   -1.0000   -1.0000
center:     128.0000 -129.0000 -129.0000
/opt/freesurfer/average/711-2B_as_mni_average_305_mask.4dfp.img
       256       256       256         1
  1.000000  1.000000  1.000000
orientation T byte_order littleendian
Reading mask: /opt/freesurfer/average/711-2B_as_mni_average_305_mask.4dfp.img (2306576 pixels)
talsrcimg_g11.4dfp.img
       256       256       256         1
  1.000000  1.000000  1.000000
orientation T byte_order littleendian
Reading image: talsrcimg_g11.4dfp.img
dimensions:      256       256       256
mmppix:       1.0000   -1.0000   -1.0000
center:     128.0000 -129.0000 -129.0000
rotation matrix determinant  1.000000
image alignment mode   4355 decimal     1103 hex
   -7.5000  -52.5000  -45.0000 2099.9175   16.4139
    0.0000  -52.5000  -45.0000 2103.9280   16.3773
    7.5000  -52.5000  -45.0000 2083.7473   16.6233
   -7.5000  -45.0000  -45.0000 2122.8020   16.1304
    0.0000  -45.0000  -45.0000 2128.5759   16.1176
    7.5000  -45.0000  -45.0000 2113.1035   16.3252
   -7.5000  -37.5000  -45.0000 2143.3142   15.8737
    0.0000  -37.5000  -45.0000 2151.8413   15.8947
    7.5000  -37.5000  -45.0000 2133.0564   16.1015
   -7.5000  -30.0000  -45.0000 2160.8752   15.6933
    0.0000  -30.0000  -45.0000 2164.5093   15.6952
    7.5000  -30.0000  -45.0000 2143.4111   15.8882
   -7.5000  -22.5000  -45.0000 2165.7812   15.5855
    0.0000  -22.5000  -45.0000 2166.0037   15.5312
    7.5000  -22.5000  -45.0000 2150.3662   15.7729
   -7.5000  -15.0000  -45.0000 2154.2168   15.5535
    0.0000  -15.0000  -45.0000 2162.4414   15.4809
    7.5000  -15.0000  -45.0000 2151.2478   15.7818
   -7.5000   -7.5000  -45.0000 2150.2446   15.8415
    0.0000   -7.5000  -45.0000 2162.9158   15.7555
    7.5000   -7.5000  -45.0000 2149.7834   16.0050
   -7.5000    0.0000  -45.0000 2126.4607   16.3641
    0.0000    0.0000  -45.0000 2137.2800   16.2599
    7.5000    0.0000  -45.0000 2122.4155   16.5064
   -7.5000    7.5000  -45.0000 2090.7544   17.2181
    0.0000    7.5000  -45.0000 2107.4744   17.0647
    7.5000    7.5000  -45.0000 2094.7122   17.2887
   -7.5000   15.0000  -45.0000 2044.1257   18.3297
    0.0000   15.0000  -45.0000 2052.8606   18.1595
    7.5000   15.0000  -45.0000 2038.6605   18.4136
   -7.5000   22.5000  -45.0000 1979.9537   19.7509
    0.0000   22.5000  -45.0000 1988.2400   19.5427
    7.5000   22.5000  -45.0000 1969.5818   19.8067
   -7.5000   30.0000  -45.0000 1888.3921   21.6297
    0.0000   30.0000  -45.0000 1904.2648   21.3852
    7.5000   30.0000  -45.0000 1885.7543   21.7794
   -7.5000   37.5000  -45.0000 1790.0387   24.2593
    0.0000   37.5000  -45.0000 1804.2474   24.0028
    7.5000   37.5000  -45.0000 1789.7217   24.3919
   -7.5000  -52.5000  -37.5000 2203.8496   14.8623
    0.0000  -52.5000  -37.5000 2210.0771   14.8715
    7.5000  -52.5000  -37.5000 2182.3572   15.1170
   -7.5000  -45.0000  -37.5000 2231.6963   14.6291
    0.0000  -45.0000  -37.5000 2238.0781   14.6445
    7.5000  -45.0000  -37.5000 2218.7673   14.8573
   -7.5000  -37.5000  -37.5000 2252.2815   14.4394
    0.0000  -37.5000  -37.5000 2263.0354   14.4686
    7.5000  -37.5000  -37.5000 2246.2739   14.6602
   -7.5000  -30.0000  -37.5000 2257.8948   14.3158
    0.0000  -30.0000  -37.5000 2265.4255   14.3423
    7.5000  -30.0000  -37.5000 2256.2761   14.5153
   -7.5000  -22.5000  -37.5000 2263.2664   14.2546
    0.0000  -22.5000  -37.5000 2266.8171   14.2646
    7.5000  -22.5000  -37.5000 2259.3271   14.4120
   -7.5000  -15.0000  -37.5000 2250.7566   14.3061
    0.0000  -15.0000  -37.5000 2261.0068   14.2746
    7.5000  -15.0000  -37.5000 2254.9856   14.4447
   -7.5000   -7.5000  -37.5000 2247.4756   14.5068
    0.0000   -7.5000  -37.5000 2262.1731   14.4373
    7.5000   -7.5000  -37.5000 2248.9817   14.6227
   -7.5000    0.0000  -37.5000 2228.6936   14.8993
    0.0000    0.0000  -37.5000 2243.3691   14.8523
    7.5000    0.0000  -37.5000 2226.3037   15.0357
   -7.5000    7.5000  -37.5000 2192.3862   15.6426
    0.0000    7.5000  -37.5000 2211.5833   15.5639
    7.5000    7.5000  -37.5000 2192.3333   15.7505
   -7.5000   15.0000  -37.5000 2137.3965   16.6448
    0.0000   15.0000  -37.5000 2156.9138   16.5670
    7.5000   15.0000  -37.5000 2137.5942   16.7668
   -7.5000   22.5000  -37.5000 2067.7910   18.0035
    0.0000   22.5000  -37.5000 2085.4900   17.8960
    7.5000   22.5000  -37.5000 2068.0366   18.0884
   -7.5000   30.0000  -37.5000 1980.7611   19.7418
    0.0000   30.0000  -37.5000 1993.5936   19.5967
    7.5000   30.0000  -37.5000 1979.8905   19.9057
   -7.5000   37.5000  -37.5000 1875.4026   22.1466
    0.0000   37.5000  -37.5000 1891.9928   21.8932
    7.5000   37.5000  -37.5000 1871.7704   22.2791
   -7.5000  -52.5000  -30.0000 2353.3342   13.9915
    0.0000  -52.5000  -30.0000 2362.7361   14.0368
    7.5000  -52.5000  -30.0000 2331.3540   14.2588
   -7.5000  -45.0000  -30.0000 2391.0444   13.8160
    0.0000  -45.0000  -30.0000 2397.5654   13.8547
    7.5000  -45.0000  -30.0000 2371.9915   14.0217
   -7.5000  -37.5000  -30.0000 2414.5327   13.6413
    0.0000  -37.5000  -30.0000 2419.3494   13.6919
    7.5000  -37.5000  -30.0000 2398.5310   13.8187
   -7.5000  -30.0000  -30.0000 2419.3250   13.5359
    0.0000  -30.0000  -30.0000 2421.3450   13.5761
    7.5000  -30.0000  -30.0000 2401.5923   13.6927
   -7.5000  -22.5000  -30.0000 2412.6699   13.4784
    0.0000  -22.5000  -30.0000 2422.0278   13.5086
    7.5000  -22.5000  -30.0000 2400.5159   13.6565
   -7.5000  -15.0000  -30.0000 2404.9680   13.5379
    0.0000  -15.0000  -30.0000 2418.8567   13.5418
    7.5000  -15.0000  -30.0000 2396.8489   13.6799
   -7.5000   -7.5000  -30.0000 2398.7456   13.7199
    0.0000   -7.5000  -30.0000 2409.1968   13.6967
    7.5000   -7.5000  -30.0000 2389.7915   13.8434
   -7.5000    0.0000  -30.0000 2370.4036   14.0677
    0.0000    0.0000  -30.0000 2385.9854   14.0935
    7.5000    0.0000  -30.0000 2364.5471   14.2075
   -7.5000    7.5000  -30.0000 2332.4578   14.7872
    0.0000    7.5000  -30.0000 2350.0652   14.7644
    7.5000    7.5000  -30.0000 2330.7781   14.8894
   -7.5000   15.0000  -30.0000 2273.5239   15.7410
    0.0000   15.0000  -30.0000 2291.2009   15.7072
    7.5000   15.0000  -30.0000 2274.1240   15.8409
   -7.5000   22.5000  -30.0000 2200.1187   17.0565
    0.0000   22.5000  -30.0000 2218.0920   16.9586
    7.5000   22.5000  -30.0000 2198.2458   17.1061
   -7.5000   30.0000  -30.0000 2109.0479   18.7353
    0.0000   30.0000  -30.0000 2117.5356   18.6459
    7.5000   30.0000  -30.0000 2100.5439   18.8412
   -7.5000   37.5000  -30.0000 1997.5299   20.9461
    0.0000   37.5000  -30.0000 2008.9285   20.7674
    7.5000   37.5000  -30.0000 1988.0509   21.0175
   -7.5000  -52.5000  -22.5000 2486.3242   13.0451
    0.0000  -52.5000  -22.5000 2488.5024   13.0858
    7.5000  -52.5000  -22.5000 2454.5435   13.2763
   -7.5000  -45.0000  -22.5000 2516.3564   12.8658
    0.0000  -45.0000  -22.5000 2520.3630   12.9322
    7.5000  -45.0000  -22.5000 2491.4531   13.0920
   -7.5000  -37.5000  -22.5000 2537.7092   12.7058
    0.0000  -37.5000  -22.5000 2542.6472   12.7608
    7.5000  -37.5000  -22.5000 2514.7671   12.8911
   -7.5000  -30.0000  -22.5000 2544.8572   12.6005
    0.0000  -30.0000  -22.5000 2549.7046   12.6296
    7.5000  -30.0000  -22.5000 2525.4993   12.7584
   -7.5000  -22.5000  -22.5000 2549.7361   12.5746
    0.0000  -22.5000  -22.5000 2558.3809   12.6025
    7.5000  -22.5000  -22.5000 2529.7317   12.7461
   -7.5000  -15.0000  -22.5000 2547.9534   12.6691
    0.0000  -15.0000  -22.5000 2558.2727   12.6932
    7.5000  -15.0000  -22.5000 2527.8677   12.8131
   -7.5000   -7.5000  -22.5000 2532.7739   12.8634
    0.0000   -7.5000  -22.5000 2543.2126   12.8731
    7.5000   -7.5000  -22.5000 2517.9343   12.9829
   -7.5000    0.0000  -22.5000 2499.5098   13.2452
    0.0000    0.0000  -22.5000 2517.5486   13.2489
    7.5000    0.0000  -22.5000 2492.1978   13.3401
   -7.5000    7.5000  -22.5000 2457.9229   13.9016
    0.0000    7.5000  -22.5000 2476.1106   13.8654
    7.5000    7.5000  -22.5000 2448.6685   13.9725
   -7.5000   15.0000  -22.5000 2394.3499   14.7912
    0.0000   15.0000  -22.5000 2415.1831   14.7746
    7.5000   15.0000  -22.5000 2387.1484   14.8574
   -7.5000   22.5000  -22.5000 2318.3247   15.9777
    0.0000   22.5000  -22.5000 2335.6343   15.9561
    7.5000   22.5000  -22.5000 2307.5291   16.0662
   -7.5000   30.0000  -22.5000 2217.2615   17.5404
    0.0000   30.0000  -22.5000 2226.3906   17.5098
    7.5000   30.0000  -22.5000 2204.5103   17.6413
   -7.5000   37.5000  -22.5000 2099.9133   19.6169
    0.0000   37.5000  -22.5000 2114.3062   19.5599
    7.5000   37.5000  -22.5000 2086.2439   19.6995
   -7.5000  -52.5000  -15.0000 2587.6846   12.1671
    0.0000  -52.5000  -15.0000 2587.5642   12.1990
    7.5000  -52.5000  -15.0000 2549.0037   12.3785
   -7.5000  -45.0000  -15.0000 2618.3345   11.9688
    0.0000  -45.0000  -15.0000 2619.3923   12.0106
    7.5000  -45.0000  -15.0000 2582.0410   12.1783
   -7.5000  -37.5000  -15.0000 2635.3196   11.8360
    0.0000  -37.5000  -15.0000 2639.2874   11.8796
    7.5000  -37.5000  -15.0000 2609.2605   11.9884
   -7.5000  -30.0000  -15.0000 2642.2014   11.7573
    0.0000  -30.0000  -15.0000 2651.1055   11.7796
    7.5000  -30.0000  -15.0000 2625.5549   11.8762
   -7.5000  -22.5000  -15.0000 2651.2419   11.7416
    0.0000  -22.5000  -15.0000 2662.7036   11.7366
    7.5000  -22.5000  -15.0000 2631.6003   11.8552
   -7.5000  -15.0000  -15.0000 2658.7380   11.8214
    0.0000  -15.0000  -15.0000 2665.5515   11.8155
    7.5000  -15.0000  -15.0000 2635.4146   11.9336
   -7.5000   -7.5000  -15.0000 2645.1514   12.0264
    0.0000   -7.5000  -15.0000 2653.4041   12.0169
    7.5000   -7.5000  -15.0000 2627.9314   12.1100
   -7.5000    0.0000  -15.0000 2614.8691   12.4083
    0.0000    0.0000  -15.0000 2630.8530   12.3932
    7.5000    0.0000  -15.0000 2598.0073   12.4944
   -7.5000    7.5000  -15.0000 2567.4292   13.0344
    0.0000    7.5000  -15.0000 2585.8052   12.9862
    7.5000    7.5000  -15.0000 2553.2507   13.0808
   -7.5000   15.0000  -15.0000 2497.4529   13.8630
    0.0000   15.0000  -15.0000 2518.4368   13.8296
    7.5000   15.0000  -15.0000 2486.3867   13.9012
   -7.5000   22.5000  -15.0000 2413.1333   14.9480
    0.0000   22.5000  -15.0000 2426.8618   14.9461
    7.5000   22.5000  -15.0000 2399.8877   15.0441
   -7.5000   30.0000  -15.0000 2303.5435   16.4251
    0.0000   30.0000  -15.0000 2315.0339   16.4090
    7.5000   30.0000  -15.0000 2290.3665   16.5247
   -7.5000   37.5000  -15.0000 2176.9299   18.3237
    0.0000   37.5000  -15.0000 2192.6641   18.2836
    7.5000   37.5000  -15.0000 2164.8245   18.4333
   -7.5000  -52.5000   -7.5000 2662.6130   11.3461
    0.0000  -52.5000   -7.5000 2665.8484   11.3693
    7.5000  -52.5000   -7.5000 2628.1318   11.5742
   -7.5000  -45.0000   -7.5000 2692.6294   11.1593
    0.0000  -45.0000   -7.5000 2694.8579   11.1644
    7.5000  -45.0000   -7.5000 2659.7524   11.3721
   -7.5000  -37.5000   -7.5000 2713.6792   11.0325
    0.0000  -37.5000   -7.5000 2722.3049   11.0513
    7.5000  -37.5000   -7.5000 2694.5779   11.1989
   -7.5000  -30.0000   -7.5000 2728.5222   10.9587
    0.0000  -30.0000   -7.5000 2740.2324   10.9784
    7.5000  -30.0000   -7.5000 2715.1267   11.0744
   -7.5000  -22.5000   -7.5000 2739.8281   10.9770
    0.0000  -22.5000   -7.5000 2751.5234   10.9792
    7.5000  -22.5000   -7.5000 2726.2097   11.0798
   -7.5000  -15.0000   -7.5000 2748.2498   11.0232
    0.0000  -15.0000   -7.5000 2761.8354   11.0199
    7.5000  -15.0000   -7.5000 2732.1072   11.1374
   -7.5000   -7.5000   -7.5000 2741.8623   11.1983
    0.0000   -7.5000   -7.5000 2756.0776   11.2099
    7.5000   -7.5000   -7.5000 2720.9553   11.3049
   -7.5000    0.0000   -7.5000 2711.9441   11.5945
    0.0000    0.0000   -7.5000 2734.0464   11.5865
    7.5000    0.0000   -7.5000 2695.5400   11.6575
   -7.5000    7.5000   -7.5000 2663.9729   12.1940
    0.0000    7.5000   -7.5000 2687.6580   12.1587
    7.5000    7.5000   -7.5000 2646.6023   12.2669
   -7.5000   15.0000   -7.5000 2584.8125   12.9824
    0.0000   15.0000   -7.5000 2607.8035   12.9584
    7.5000   15.0000   -7.5000 2574.0806   13.0491
   -7.5000   22.5000   -7.5000 2489.9619   14.0212
    0.0000   22.5000   -7.5000 2504.0913   14.0076
    7.5000   22.5000   -7.5000 2479.6318   14.1245
   -7.5000   30.0000   -7.5000 2362.4912   15.4560
    0.0000   30.0000   -7.5000 2384.4258   15.4321
    7.5000   30.0000   -7.5000 2356.9282   15.5488
   -7.5000   37.5000   -7.5000 2235.0403   17.2154
    0.0000   37.5000   -7.5000 2254.0876   17.2201
    7.5000   37.5000   -7.5000 2229.9333   17.3391
   -7.5000  -52.5000    0.0000 2719.2795   10.7069
    0.0000  -52.5000    0.0000 2723.1018   10.7528
    7.5000  -52.5000    0.0000 2690.9834   10.9495
   -7.5000  -45.0000    0.0000 2744.2979   10.5165
    0.0000  -45.0000    0.0000 2754.4463   10.5273
    7.5000  -45.0000    0.0000 2723.1235   10.7309
   -7.5000  -37.5000    0.0000 2775.1697   10.3803
    0.0000  -37.5000    0.0000 2788.3064   10.3886
    7.5000  -37.5000    0.0000 2760.8284   10.5737
   -7.5000  -30.0000    0.0000 2795.4277   10.3400
    0.0000  -30.0000    0.0000 2816.4504   10.3137
    7.5000  -30.0000    0.0000 2788.3655   10.4669
   -7.5000  -22.5000    0.0000 2816.7861   10.3569
    0.0000  -22.5000    0.0000 2833.8826   10.3533
    7.5000  -22.5000    0.0000 2805.3484   10.4637
   -7.5000  -15.0000    0.0000 2829.7363   10.4233
    0.0000  -15.0000    0.0000 2849.9978   10.4234
    7.5000  -15.0000    0.0000 2813.0381   10.5298
   -7.5000   -7.5000    0.0000 2831.7126   10.5366
    0.0000   -7.5000    0.0000 2849.5972   10.5497
    7.5000   -7.5000    0.0000 2805.3254   10.6520
   -7.5000    0.0000    0.0000 2794.8884   10.9267
    0.0000    0.0000    0.0000 2819.0879   10.9107
    7.5000    0.0000    0.0000 2780.0115   11.0140
   -7.5000    7.5000    0.0000 2733.7153   11.5217
    0.0000    7.5000    0.0000 2760.5110   11.4694
    7.5000    7.5000    0.0000 2728.4268   11.5820
   -7.5000   15.0000    0.0000 2644.5930   12.2941
    0.0000   15.0000    0.0000 2667.1191   12.2557
    7.5000   15.0000    0.0000 2641.8416   12.3828
   -7.5000   22.5000    0.0000 2542.4924   13.3485
    0.0000   22.5000    0.0000 2559.9163   13.2872
    7.5000   22.5000    0.0000 2537.4019   13.4305
   -7.5000   30.0000    0.0000 2413.0557   14.7102
    0.0000   30.0000    0.0000 2436.8613   14.6657
    7.5000   30.0000    0.0000 2410.5801   14.8265
   -7.5000   37.5000    0.0000 2283.5566   16.4530
    0.0000   37.5000    0.0000 2304.2898   16.4086
    7.5000   37.5000    0.0000 2278.9663   16.5672
   -7.5000  -52.5000    7.5000 2767.7007   10.2023
    0.0000  -52.5000    7.5000 2772.4421   10.2366
    7.5000  -52.5000    7.5000 2736.1750   10.4722
   -7.5000  -45.0000    7.5000 2788.9028   10.0238
    0.0000  -45.0000    7.5000 2800.7219   10.0258
    7.5000  -45.0000    7.5000 2767.4690   10.2496
   -7.5000  -37.5000    7.5000 2820.3843    9.8945
    0.0000  -37.5000    7.5000 2833.7148    9.8786
    7.5000  -37.5000    7.5000 2807.0476   10.0939
   -7.5000  -30.0000    7.5000 2847.4304    9.8387
    0.0000  -30.0000    7.5000 2870.5798    9.8161
    7.5000  -30.0000    7.5000 2838.6030    9.9960
   -7.5000  -22.5000    7.5000 2878.5598    9.9047
    0.0000  -22.5000    7.5000 2901.8101    9.8854
    7.5000  -22.5000    7.5000 2866.6511   10.0258
   -7.5000  -15.0000    7.5000 2902.1741   10.0216
    0.0000  -15.0000    7.5000 2933.1028   10.0029
    7.5000  -15.0000    7.5000 2883.3247   10.1428
   -7.5000   -7.5000    7.5000 2904.8909   10.1201
    0.0000   -7.5000    7.5000 2934.8291   10.0745
    7.5000   -7.5000    7.5000 2875.8049   10.2554
   -7.5000    0.0000    7.5000 2858.9045   10.4982
    0.0000    0.0000    7.5000 2884.0464   10.4320
    7.5000    0.0000    7.5000 2840.3125   10.5928
   -7.5000    7.5000    7.5000 2788.7690   11.0631
    0.0000    7.5000    7.5000 2811.1787   10.9707
    7.5000    7.5000    7.5000 2785.7629   11.1444
   -7.5000   15.0000    7.5000 2694.8806   11.8407
    0.0000   15.0000    7.5000 2717.1401   11.7288
    7.5000   15.0000    7.5000 2694.5117   11.9410
   -7.5000   22.5000    7.5000 2581.4773   12.8803
    0.0000   22.5000    7.5000 2601.0518   12.7772
    7.5000   22.5000    7.5000 2575.2002   13.0060
   -7.5000   30.0000    7.5000 2448.9304   14.2341
    0.0000   30.0000    7.5000 2470.5869   14.1609
    7.5000   30.0000    7.5000 2444.7046   14.3653
   -7.5000   37.5000    7.5000 2313.3640   15.9279
    0.0000   37.5000    7.5000 2336.3274   15.8732
    7.5000   37.5000    7.5000 2309.6948   16.0491
   -7.5000  -52.5000   15.0000 2797.4609    9.7891
    0.0000  -52.5000   15.0000 2801.1562    9.8091
    7.5000  -52.5000   15.0000 2763.5527   10.0768
   -7.5000  -45.0000   15.0000 2818.9788    9.6324
    0.0000  -45.0000   15.0000 2827.4177    9.6187
    7.5000  -45.0000   15.0000 2793.1694    9.8814
   -7.5000  -37.5000   15.0000 2854.0559    9.5360
    0.0000  -37.5000   15.0000 2866.4880    9.5033
    7.5000  -37.5000   15.0000 2833.2627    9.7423
   -7.5000  -30.0000   15.0000 2883.6785    9.4995
    0.0000  -30.0000   15.0000 2901.0491    9.4508
    7.5000  -30.0000   15.0000 2863.7207    9.7000
   -7.5000  -22.5000   15.0000 2924.4404    9.6053
    0.0000  -22.5000   15.0000 2947.3020    9.5467
    7.5000  -22.5000   15.0000 2900.7722    9.7765
   -7.5000  -15.0000   15.0000 2955.9148    9.8283
    0.0000  -15.0000   15.0000 2989.7976    9.7692
    7.5000  -15.0000   15.0000 2925.5496    9.9626
   -7.5000   -7.5000   15.0000 2959.7402   10.0233
    0.0000   -7.5000   15.0000 2994.8374    9.8524
    7.5000   -7.5000   15.0000 2925.0132   10.1567
   -7.5000    0.0000   15.0000 2906.5415   10.3333
    0.0000    0.0000   15.0000 2929.7639   10.1383
    7.5000    0.0000   15.0000 2876.6558   10.4643
   -7.5000    7.5000   15.0000 2817.0823   10.8847
    0.0000    7.5000   15.0000 2834.4646   10.7084
    7.5000    7.5000   15.0000 2807.9072   10.9702
   -7.5000   15.0000   15.0000 2713.1257   11.6180
    0.0000   15.0000   15.0000 2731.6738   11.4528
    7.5000   15.0000   15.0000 2710.8010   11.6739
   -7.5000   22.5000   15.0000 2596.1729   12.6684
    0.0000   22.5000   15.0000 2613.3416   12.5026
    7.5000   22.5000   15.0000 2587.7178   12.7183
   -7.5000   30.0000   15.0000 2466.5376   13.9948
    0.0000   30.0000   15.0000 2480.8618   13.8470
    7.5000   30.0000   15.0000 2456.5032   14.0680
   -7.5000   37.5000   15.0000 2328.5198   15.6878
    0.0000   37.5000   15.0000 2340.9988   15.5436
    7.5000   37.5000   15.0000 2319.5876   15.7515
   -7.5000  -52.5000   22.5000 2821.3406    9.5421
    0.0000  -52.5000   22.5000 2826.3857    9.5513
    7.5000  -52.5000   22.5000 2786.6997    9.8589
   -7.5000  -45.0000   22.5000 2834.4004    9.3938
    0.0000  -45.0000   22.5000 2844.4399    9.3777
    7.5000  -45.0000   22.5000 2807.5361    9.6788
   -7.5000  -37.5000   22.5000 2861.8501    9.3062
    0.0000  -37.5000   22.5000 2877.5171    9.2750
    7.5000  -37.5000   22.5000 2842.5845    9.5793
   -7.5000  -30.0000   22.5000 2892.8105    9.3023
    0.0000  -30.0000   22.5000 2911.9910    9.2370
    7.5000  -30.0000   22.5000 2880.1973    9.5558
   -7.5000  -22.5000   22.5000 2938.8696    9.4852
    0.0000  -22.5000   22.5000 2959.9060    9.4020
    7.5000  -22.5000   22.5000 2917.1460    9.7219
   -7.5000  -15.0000   22.5000 2975.4607    9.7756
    0.0000  -15.0000   22.5000 3001.2642    9.6825
    7.5000  -15.0000   22.5000 2936.2576    9.9303
   -7.5000   -7.5000   22.5000 2977.0718   10.0482
    0.0000   -7.5000   22.5000 3005.2244    9.8828
    7.5000   -7.5000   22.5000 2927.4780   10.1774
   -7.5000    0.0000   22.5000 2919.0613   10.3688
    0.0000    0.0000   22.5000 2941.7122   10.1573
    7.5000    0.0000   22.5000 2879.3840   10.4880
   -7.5000    7.5000   22.5000 2824.1194   10.7965
    0.0000    7.5000   22.5000 2842.3677   10.6196
    7.5000    7.5000   22.5000 2807.4243   10.8835
   -7.5000   15.0000   22.5000 2710.3862   11.5204
    0.0000   15.0000   22.5000 2723.9128   11.3581
    7.5000   15.0000   22.5000 2701.9785   11.5898
   -7.5000   22.5000   22.5000 2592.5850   12.5560
    0.0000   22.5000   22.5000 2601.4524   12.4197
    7.5000   22.5000   22.5000 2583.7358   12.5875
   -7.5000   30.0000   22.5000 2462.4277   13.8650
    0.0000   30.0000   22.5000 2475.4905   13.7835
    7.5000   30.0000   22.5000 2451.4460   13.9329
   -7.5000   37.5000   22.5000 2325.6714   15.5475
    0.0000   37.5000   22.5000 2339.3479   15.5224
    7.5000   37.5000   22.5000 2314.5513   15.6378
   -7.5000  -52.5000   30.0000 2830.1675    9.4753
    0.0000  -52.5000   30.0000 2835.5955    9.4664
    7.5000  -52.5000   30.0000 2793.8806    9.8307
   -7.5000  -45.0000   30.0000 2832.7007    9.3816
    0.0000  -45.0000   30.0000 2841.6101    9.3584
    7.5000  -45.0000   30.0000 2814.1294    9.7082
   -7.5000  -37.5000   30.0000 2852.9958    9.3719
    0.0000  -37.5000   30.0000 2870.9543    9.3229
    7.5000  -37.5000   30.0000 2844.5405    9.6596
   -7.5000  -30.0000   30.0000 2883.1301    9.4160
    0.0000  -30.0000   30.0000 2907.0315    9.3777
    7.5000  -30.0000   30.0000 2873.8137    9.6884
   -7.5000  -22.5000   30.0000 2924.2456    9.6207
    0.0000  -22.5000   30.0000 2951.0654    9.5821
    7.5000  -22.5000   30.0000 2906.8430    9.8301
   -7.5000  -15.0000   30.0000 2947.9348    9.8740
    0.0000  -15.0000   30.0000 2979.1506    9.8165
    7.5000  -15.0000   30.0000 2914.4746   10.0268
   -7.5000   -7.5000   30.0000 2943.5081   10.1307
    0.0000   -7.5000   30.0000 2967.7820   10.0559
    7.5000   -7.5000   30.0000 2904.1270   10.3105
   -7.5000    0.0000   30.0000 2886.1731   10.5003
    0.0000    0.0000   30.0000 2913.1292   10.4575
    7.5000    0.0000   30.0000 2854.6941   10.6407
   -7.5000    7.5000   30.0000 2801.7092   11.0472
    0.0000    7.5000   30.0000 2821.7783   11.0163
    7.5000    7.5000   30.0000 2781.1562   11.1661
   -7.5000   15.0000   30.0000 2685.1851   11.8044
    0.0000   15.0000   30.0000 2700.5552   11.7574
    7.5000   15.0000   30.0000 2669.8066   11.8953
   -7.5000   22.5000   30.0000 2568.5264   12.7492
    0.0000   22.5000   30.0000 2577.4961   12.6814
    7.5000   22.5000   30.0000 2557.4075   12.8122
   -7.5000   30.0000   30.0000 2437.5701   13.9807
    0.0000   30.0000   30.0000 2445.7815   13.8947
    7.5000   30.0000   30.0000 2431.1438   14.0406
   -7.5000   37.5000   30.0000 2302.9719   15.5501
    0.0000   37.5000   30.0000 2313.9529   15.4876
    7.5000   37.5000   30.0000 2291.4636   15.6384
   -7.5000  -52.5000   37.5000 2817.9160    9.6106
    0.0000  -52.5000   37.5000 2824.1526    9.6223
    7.5000  -52.5000   37.5000 2786.0015   10.0067
   -7.5000  -45.0000   37.5000 2826.2227    9.5707
    0.0000  -45.0000   37.5000 2838.9316    9.5680
    7.5000  -45.0000   37.5000 2805.1206    9.9090
   -7.5000  -37.5000   37.5000 2843.6279    9.6195
    0.0000  -37.5000   37.5000 2864.5088    9.5962
    7.5000  -37.5000   37.5000 2829.4954    9.9024
   -7.5000  -30.0000   37.5000 2862.4434    9.7490
    0.0000  -30.0000   37.5000 2887.2307    9.7106
    7.5000  -30.0000   37.5000 2854.0125    9.9701
   -7.5000  -22.5000   37.5000 2893.2798    9.9454
    0.0000  -22.5000   37.5000 2915.0354    9.8873
    7.5000  -22.5000   37.5000 2876.2622   10.0982
   -7.5000  -15.0000   37.5000 2900.2832   10.1686
    0.0000  -15.0000   37.5000 2922.5698   10.0314
    7.5000  -15.0000   37.5000 2877.4946   10.3347
   -7.5000   -7.5000   37.5000 2883.2693   10.4502
    0.0000   -7.5000   37.5000 2903.3047   10.3420
    7.5000   -7.5000   37.5000 2864.1833   10.6323
   -7.5000    0.0000   37.5000 2830.4265   10.8777
    0.0000    0.0000   37.5000 2853.1560   10.7584
    7.5000    0.0000   37.5000 2816.6965   11.0309
   -7.5000    7.5000   37.5000 2751.9866   11.4626
    0.0000    7.5000   37.5000 2769.4773   11.3731
    7.5000    7.5000   37.5000 2735.8828   11.5948
   -7.5000   15.0000   37.5000 2646.5701   12.2483
    0.0000   15.0000   37.5000 2653.4407   12.1614
    7.5000   15.0000   37.5000 2630.6785   12.3421
   -7.5000   22.5000   37.5000 2527.4307   13.1881
    0.0000   22.5000   37.5000 2535.9358   13.1566
    7.5000   22.5000   37.5000 2518.7983   13.3009
   -7.5000   30.0000   37.5000 2402.4114   14.3606
    0.0000   30.0000   37.5000 2410.7026   14.3337
    7.5000   30.0000   37.5000 2391.1448   14.4597
   -7.5000   37.5000   37.5000 2262.8845   15.8511
    0.0000   37.5000   37.5000 2271.0625   15.8355
    7.5000   37.5000   37.5000 2251.7021   15.9583
   -7.5000  -52.5000   45.0000 2787.0796    9.9052
    0.0000  -52.5000   45.0000 2794.3440    9.9428
    7.5000  -52.5000   45.0000 2753.1030   10.3244
   -7.5000  -45.0000   45.0000 2799.7910    9.8746
    0.0000  -45.0000   45.0000 2814.4534    9.8726
    7.5000  -45.0000   45.0000 2774.2180   10.2336
   -7.5000  -37.5000   45.0000 2820.1809    9.9523
    0.0000  -37.5000   45.0000 2835.4531    9.8972
    7.5000  -37.5000   45.0000 2799.5166   10.2377
   -7.5000  -30.0000   45.0000 2834.4854   10.1216
    0.0000  -30.0000   45.0000 2850.7395   10.0380
    7.5000  -30.0000   45.0000 2814.5396   10.3236
   -7.5000  -22.5000   45.0000 2845.2244   10.3304
    0.0000  -22.5000   45.0000 2861.7039   10.2138
    7.5000  -22.5000   45.0000 2823.7732   10.4869
   -7.5000  -15.0000   45.0000 2831.1992   10.5607
    0.0000  -15.0000   45.0000 2850.4963   10.4454
    7.5000  -15.0000   45.0000 2815.0957   10.7371
   -7.5000   -7.5000   45.0000 2808.8218   10.8873
    0.0000   -7.5000   45.0000 2826.4133   10.7949
    7.5000   -7.5000   45.0000 2795.7083   11.0799
   -7.5000    0.0000   45.0000 2756.6069   11.3711
    0.0000    0.0000   45.0000 2775.2234   11.2498
    7.5000    0.0000   45.0000 2744.0540   11.5448
   -7.5000    7.5000   45.0000 2678.5552   11.9940
    0.0000    7.5000   45.0000 2694.6421   11.8782
    7.5000    7.5000   45.0000 2662.5330   12.1550
   -7.5000   15.0000   45.0000 2577.5083   12.8026
    0.0000   15.0000   45.0000 2586.7937   12.6754
    7.5000   15.0000   45.0000 2568.0227   12.9370
   -7.5000   22.5000   45.0000 2470.5125   13.7475
    0.0000   22.5000   45.0000 2480.1118   13.6560
    7.5000   22.5000   45.0000 2462.9966   13.8661
   -7.5000   30.0000   45.0000 2349.5896   14.9181
    0.0000   30.0000   45.0000 2360.6560   14.8751
    7.5000   30.0000   45.0000 2343.3745   15.0267
   -7.5000   37.5000   45.0000 2207.4570   16.4350
    0.0000   37.5000   45.0000 2220.2363   16.4261
    7.5000   37.5000   45.0000 2198.9893   16.5582

---------------------------------------------------------------------
imgreg_4dfp /opt/freesurfer/average/711-2C_as_mni_average_305 /opt/freesurfer/average/711-2B_as_mni_average_305_mask talsrcimg_g11 none talsrcimg_to_711-2C_as_mni_average_305_t4 1283
---------------------------------------------------------------------

freesurfer imgreg_4dfp.c
/opt/freesurfer/average/711-2C_as_mni_average_305.4dfp.img
       256       256       256         1
  1.000000  1.000000  1.000000
orientation T byte_order littleendian
Reading image: /opt/freesurfer/average/711-2C_as_mni_average_305.4dfp.img
dimensions:      256       256       256
mmppix:       1.0000   -1.0000   -1.0000
center:     128.0000 -129.0000 -129.0000
/opt/freesurfer/average/711-2B_as_mni_average_305_mask.4dfp.img
       256       256       256         1
  1.000000  1.000000  1.000000
orientation T byte_order littleendian
Reading mask: /opt/freesurfer/average/711-2B_as_mni_average_305_mask.4dfp.img (2306576 pixels)
talsrcimg_g11.4dfp.img
       256       256       256         1
  1.000000  1.000000  1.000000
orientation T byte_order littleendian
Reading image: talsrcimg_g11.4dfp.img
dimensions:      256       256       256
mmppix:       1.0000   -1.0000   -1.0000
center:     128.0000 -129.0000 -129.0000
rotation matrix determinant  1.000000
fimgreg.f
image alignment mode   1283 decimal      503 hex
parameters
    0.0000   -7.5000   22.5000    0.0000    0.0000    0.0000
eta,q 0.94390  9.90502
niter,ni,del,rscale     5    3   12.0000    1.2000
parameter  2  0.537585 ->  0.500000 qaram    1.1500
parameters
   -1.4116  -10.9500   20.6571   -1.1461    0.5907   -1.9613
eta,q 0.94945  9.73189
  0.0654  0.0551  0.0581  0.0543  0.0591  0.0538
  0.0583  0.0537  0.0541  0.0533  0.0553  0.0514
  0.0556  0.0540  0.0520  0.0520  0.0532  0.0505
  0.0576  0.0553  0.0540  0.0521  0.0518  0.0516
  0.0620  0.0593  0.0580  0.0533  0.0517  0.0538
  0.0687  0.0657  0.0622  0.0548  0.0539  0.0564
  0.0749  0.0722  0.0653  0.0572  0.0568  0.0598
niter,ni,del,rscale     5    3   12.0000    1.2000
parameters
   -1.9406  -10.0851   20.6815   -2.9905    0.9800   -2.2956
eta,q 0.94959  9.76350
  0.0629  0.0616  0.0589  0.0519  0.0580  0.0561
  0.0577  0.0585  0.0571  0.0513  0.0543  0.0530
  0.0526  0.0538  0.0531  0.0507  0.0521  0.0510
  0.0505  0.0506  0.0506  0.0506  0.0506  0.0505
  0.0535  0.0512  0.0520  0.0518  0.0512  0.0519
  0.0612  0.0534  0.0554  0.0539  0.0536  0.0544
  0.0682  0.0588  0.0602  0.0572  0.0562  0.0570
niter,ni,del,rscale     4    3   12.0000    1.2000
parameter  4  0.500855 ->  0.500000 qaram    1.1500
parameters
   -2.1025   -8.7203   20.3187   -6.4405    1.0349   -2.8463
eta,q 0.95063  9.76668
  0.0650  0.0620  0.0572  0.0502  0.0570  0.0546
  0.0596  0.0584  0.0553  0.0495  0.0527  0.0514
  0.0538  0.0535  0.0519  0.0498  0.0504  0.0496
  0.0504  0.0505  0.0502  0.0503  0.0495  0.0495
  0.0529  0.0504  0.0518  0.0514  0.0505  0.0511
  0.0603  0.0521  0.0554  0.0533  0.0529  0.0535
  0.0673  0.0567  0.0602  0.0561  0.0565  0.0560
niter,ni,del,rscale     4    3   12.0000    1.2000
parameters
   -2.1255   -7.3165   19.0940   -8.6285    1.3122   -3.0444
eta,q 0.95245  9.77792
  0.0658  0.0615  0.0538  0.0501  0.0556  0.0544
  0.0591  0.0573  0.0509  0.0485  0.0515  0.0507
  0.0528  0.0531  0.0484  0.0477  0.0491  0.0481
  0.0494  0.0494  0.0484  0.0480  0.0476  0.0476
  0.0517  0.0484  0.0511  0.0502  0.0482  0.0490
  0.0591  0.0507  0.0557  0.0527  0.0506  0.0517
  0.0666  0.0559  0.0604  0.0559  0.0544  0.0549
niter,ni,del,rscale     3    3   12.0000    1.2000
parameters
   -2.1806   -7.0484   18.5293   -9.0230    1.3588   -3.0145
eta,q 0.95248  9.79557
  0.0643  0.0602  0.0540  0.0525  0.0549  0.0549
  0.0570  0.0557  0.0506  0.0499  0.0513  0.0511
  0.0505  0.0514  0.0483  0.0482  0.0488  0.0484
  0.0475  0.0475  0.0473  0.0474  0.0475  0.0475
  0.0503  0.0480  0.0483  0.0481  0.0483  0.0487
  0.0573  0.0529  0.0523  0.0509  0.0509  0.0513
  0.0651  0.0603  0.0579  0.0539  0.0549  0.0545
niter,ni,del,rscale     2    3   12.0000    1.2000
parameters
   -2.1272   -7.0026   18.4418   -9.1006    1.3438   -2.9861
eta,q 0.95247  9.79892
  0.0646  0.0599  0.0551  0.0530  0.0547  0.0549
  0.0574  0.0555  0.0513  0.0503  0.0511  0.0511
  0.0507  0.0510  0.0488  0.0483  0.0488  0.0484
  0.0475  0.0475  0.0475  0.0475  0.0475  0.0475
  0.0499  0.0483  0.0478  0.0478  0.0484  0.0487
  0.0566  0.0536  0.0509  0.0504  0.0510  0.0513
  0.0646  0.0615  0.0565  0.0535  0.0550  0.0545
niter,ni,del,rscale     1    3   12.0000    1.2000
parameters
   -2.1047   -6.9932   18.4291   -9.1159    1.3365   -2.9756
eta,q 0.95247  9.79951
  0.0645  0.0598  0.0553  0.0531  0.0546  0.0549
  0.0573  0.0555  0.0514  0.0503  0.0511  0.0511
  0.0506  0.0509  0.0489  0.0484  0.0488  0.0483
  0.0475  0.0475  0.0475  0.0475  0.0475  0.0475
  0.0500  0.0484  0.0478  0.0477  0.0483  0.0487
  0.0567  0.0538  0.0507  0.0503  0.0510  0.0513
  0.0647  0.0617  0.0562  0.0534  0.0549  0.0545
registration optimization eta report
parameter search radius
    6.0000    6.9000    6.0000    6.9000    6.0000    6.0000
100000*second partial in parameter space
       46.       27.       23.       12.       20.       20.
  0.0645  0.0598  0.0553  0.0531  0.0546  0.0549
  0.0573  0.0555  0.0514  0.0503  0.0511  0.0511
  0.0506  0.0509  0.0489  0.0484  0.0488  0.0483
  0.0475  0.0475  0.0475  0.0475  0.0475  0.0475
  0.0500  0.0484  0.0478  0.0477  0.0483  0.0487
  0.0567  0.0538  0.0507  0.0503  0.0510  0.0513
  0.0647  0.0617  0.0562  0.0534  0.0549  0.0545
   -2.1047   -6.9932   18.4291   -9.1159    1.3365   -2.9756
eta,q 0.95247  9.79951

---------------------------------------------------------------------
imgreg_4dfp /opt/freesurfer/average/711-2C_as_mni_average_305 /opt/freesurfer/average/711-2B_as_mni_average_305_mask talsrcimg_g11 none talsrcimg_to_711-2C_as_mni_average_305_t4 3335
---------------------------------------------------------------------

freesurfer imgreg_4dfp.c
/opt/freesurfer/average/711-2C_as_mni_average_305.4dfp.img
       256       256       256         1
  1.000000  1.000000  1.000000
orientation T byte_order littleendian
Reading image: /opt/freesurfer/average/711-2C_as_mni_average_305.4dfp.img
dimensions:      256       256       256
mmppix:       1.0000   -1.0000   -1.0000
center:     128.0000 -129.0000 -129.0000
/opt/freesurfer/average/711-2B_as_mni_average_305_mask.4dfp.img
       256       256       256         1
  1.000000  1.000000  1.000000
orientation T byte_order littleendian
Reading mask: /opt/freesurfer/average/711-2B_as_mni_average_305_mask.4dfp.img (2306576 pixels)
talsrcimg_g11.4dfp.img
       256       256       256         1
  1.000000  1.000000  1.000000
orientation T byte_order littleendian
Reading image: talsrcimg_g11.4dfp.img
dimensions:      256       256       256
mmppix:       1.0000   -1.0000   -1.0000
center:     128.0000 -129.0000 -129.0000
fimgreg.f
image alignment mode   3335 decimal      D07 hex
parameters
   -2.1047   -6.9932   18.4291   -0.1620   -1.4153   -1.2899
    5.4946   -1.4775   -5.1897   15.9413    2.3325  -15.8388
eta,q 0.95439  9.80066
niter,ni,del,rscale     5    3    5.0000    1.2000
parameter  4  1.424285 ->  0.500000 qaram    1.1500
parameter  5  2.098384 ->  0.500000 qaram    1.1500
parameter  6  1.746074 ->  0.500000 qaram    1.1500
parameter 10  0.976049 ->  0.500000 qaram    1.1500
parameters
   -2.0083   -6.4832   17.6973   -4.3020   -5.5553   -5.4299
    4.4268   -0.3072   -4.2659   11.8013    0.3200  -16.1539
eta,q 0.96995  9.70500
  0.0486  0.0484  0.0462  0.0398  0.0345  0.0307  0.0343  0.0383  0.0345  0.0301  0.0311  0.0313
  0.0471  0.0471  0.0455  0.0408  0.0362  0.0320  0.0332  0.0358  0.0335  0.0301  0.0304  0.0306
  0.0461  0.0461  0.0453  0.0425  0.0384  0.0342  0.0326  0.0338  0.0327  0.0309  0.0301  0.0302
  0.0456  0.0456  0.0455  0.0453  0.0411  0.0367  0.0326  0.0325  0.0323  0.0323  0.0302  0.0301
  0.0458  0.0455  0.0461  0.0488  0.0443  0.0401  0.0331  0.0324  0.0323  0.0343  0.0308  0.0303
  0.0467  0.0459  0.0471  0.0527  0.0478  0.0440  0.0342  0.0336  0.0328  0.0368  0.0319  0.0308
  0.0483  0.0468  0.0483  0.0570  0.0518  0.0479  0.0357  0.0357  0.0337  0.0394  0.0333  0.0316
niter,ni,del,rscale     7    3    5.0000    1.2000
parameter  5  0.996213 ->  0.500000 qaram    1.3225
parameters
   -1.9099   -5.6646   18.2590   -7.9114  -10.3163   -7.5587
    4.8798    0.2222   -5.3312   12.6056    0.1375  -12.8867
eta,q 0.97408  9.38086
  0.0348  0.0345  0.0326  0.0306  0.0256  0.0283  0.0291  0.0323  0.0281  0.0319  0.0274  0.0289
  0.0322  0.0326  0.0312  0.0295  0.0259  0.0271  0.0277  0.0294  0.0270  0.0293  0.0267  0.0278
  0.0306  0.0311  0.0302  0.0288  0.0271  0.0265  0.0268  0.0273  0.0264  0.0273  0.0263  0.0269
  0.0301  0.0301  0.0297  0.0296  0.0289  0.0262  0.0264  0.0264  0.0264  0.0263  0.0262  0.0262
  0.0305  0.0297  0.0296  0.0324  0.0316  0.0269  0.0266  0.0267  0.0269  0.0265  0.0264  0.0259
  0.0319  0.0300  0.0300  0.0365  0.0350  0.0300  0.0273  0.0282  0.0280  0.0280  0.0268  0.0260
  0.0340  0.0310  0.0307  0.0413  0.0391  0.0353  0.0285  0.0309  0.0294  0.0302  0.0276  0.0264
niter,ni,del,rscale     7    3    5.0000    1.2000
parameters
   -1.9517   -6.2707   17.6213   -9.2479  -13.1577   -8.3699
    4.8676    0.3830   -5.1861   11.8079    0.3675  -12.5248
eta,q 0.97477  9.11179
  0.0293  0.0275  0.0265  0.0279  0.0278  0.0286  0.0282  0.0308  0.0280  0.0292  0.0263  0.0270
  0.0275  0.0262  0.0258  0.0268  0.0260  0.0268  0.0268  0.0279  0.0266  0.0270  0.0257  0.0261
  0.0263  0.0257  0.0255  0.0260  0.0252  0.0257  0.0257  0.0260  0.0257  0.0256  0.0253  0.0254
  0.0259  0.0259  0.0257  0.0255  0.0257  0.0252  0.0253  0.0253  0.0253  0.0253  0.0252  0.0252
  0.0263  0.0268  0.0262  0.0258  0.0274  0.0254  0.0256  0.0258  0.0256  0.0263  0.0253  0.0254
  0.0276  0.0284  0.0271  0.0279  0.0300  0.0273  0.0267  0.0275  0.0264  0.0284  0.0256  0.0258
  0.0296  0.0304  0.0282  0.0315  0.0335  0.0313  0.0283  0.0304  0.0278  0.0309  0.0262  0.0267
niter,ni,del,rscale     6    3    5.0000    1.2000
parameters
   -2.0288   -6.4039   17.3038   -8.8967  -13.1391   -8.8192
    4.8090    0.2526   -5.1762   11.5700    0.2013  -12.5759
eta,q 0.97485  9.10163
  0.0284  0.0280  0.0264  0.0280  0.0297  0.0288  0.0280  0.0303  0.0278  0.0298  0.0262  0.0267
  0.0266  0.0264  0.0256  0.0269  0.0276  0.0269  0.0266  0.0275  0.0264  0.0273  0.0256  0.0259
  0.0255  0.0255  0.0252  0.0259  0.0259  0.0256  0.0255  0.0257  0.0255  0.0257  0.0252  0.0253
  0.0252  0.0252  0.0252  0.0252  0.0251  0.0251  0.0252  0.0252  0.0252  0.0252  0.0252  0.0252
  0.0257  0.0257  0.0256  0.0248  0.0256  0.0252  0.0255  0.0258  0.0255  0.0259  0.0253  0.0253
  0.0269  0.0269  0.0262  0.0256  0.0273  0.0269  0.0266  0.0277  0.0264  0.0278  0.0256  0.0259
  0.0288  0.0286  0.0271  0.0284  0.0299  0.0305  0.0282  0.0307  0.0278  0.0303  0.0263  0.0268
niter,ni,del,rscale     5    3    5.0000    1.2000
parameters
   -2.0375   -6.4122   17.2166   -8.8345  -13.0234   -8.9234
    4.8400    0.2498   -5.1313   11.5548    0.1171  -12.6448
eta,q 0.97487  9.10450
  0.0285  0.0282  0.0267  0.0278  0.0297  0.0290  0.0280  0.0304  0.0278  0.0301  0.0262  0.0267
  0.0266  0.0265  0.0257  0.0267  0.0277  0.0271  0.0266  0.0276  0.0264  0.0275  0.0256  0.0258
  0.0255  0.0255  0.0252  0.0258  0.0260  0.0257  0.0255  0.0257  0.0255  0.0258  0.0252  0.0253
  0.0252  0.0252  0.0252  0.0251  0.0251  0.0251  0.0251  0.0251  0.0251  0.0251  0.0251  0.0251
  0.0255  0.0255  0.0254  0.0248  0.0256  0.0251  0.0255  0.0257  0.0254  0.0257  0.0253  0.0253
  0.0267  0.0266  0.0260  0.0258  0.0272  0.0266  0.0265  0.0275  0.0263  0.0276  0.0256  0.0259
  0.0285  0.0282  0.0268  0.0287  0.0298  0.0299  0.0281  0.0305  0.0277  0.0301  0.0263  0.0268
niter,ni,del,rscale     4    3    5.0000    1.2000
parameters
   -2.0391   -6.4109   17.1835   -8.8383  -12.9906   -8.9518
    4.8451    0.2575   -5.1105   11.5700    0.0918  -12.6867
eta,q 0.97487  9.10450
  0.0285  0.0282  0.0267  0.0278  0.0296  0.0291  0.0280  0.0304  0.0278  0.0301  0.0262  0.0267
  0.0266  0.0265  0.0258  0.0267  0.0276  0.0272  0.0266  0.0276  0.0264  0.0275  0.0256  0.0259
  0.0255  0.0255  0.0252  0.0258  0.0260  0.0257  0.0255  0.0257  0.0255  0.0258  0.0252  0.0253
  0.0251  0.0251  0.0251  0.0251  0.0251  0.0251  0.0251  0.0251  0.0251  0.0251  0.0251  0.0251
  0.0255  0.0255  0.0254  0.0248  0.0256  0.0251  0.0255  0.0257  0.0254  0.0257  0.0252  0.0253
  0.0266  0.0265  0.0259  0.0258  0.0273  0.0265  0.0265  0.0275  0.0263  0.0275  0.0256  0.0259
  0.0285  0.0282  0.0267  0.0287  0.0298  0.0298  0.0281  0.0305  0.0277  0.0301  0.0262  0.0268
niter,ni,del,rscale     3    3    5.0000    1.2000
parameters
   -2.0387   -6.4084   17.1718   -8.8433  -12.9822   -8.9652
    4.8401    0.2604   -5.1040   11.5848    0.0773  -12.7021
eta,q 0.97487  9.10412
  0.0285  0.0282  0.0268  0.0278  0.0296  0.0291  0.0280  0.0304  0.0277  0.0301  0.0262  0.0268
  0.0266  0.0265  0.0258  0.0267  0.0276  0.0272  0.0266  0.0276  0.0264  0.0275  0.0256  0.0259
  0.0255  0.0255  0.0253  0.0258  0.0259  0.0257  0.0255  0.0257  0.0255  0.0258  0.0252  0.0253
  0.0251  0.0251  0.0251  0.0251  0.0251  0.0251  0.0251  0.0251  0.0251  0.0251  0.0251  0.0251
  0.0255  0.0255  0.0254  0.0248  0.0257  0.0251  0.0255  0.0257  0.0254  0.0257  0.0252  0.0253
  0.0266  0.0265  0.0259  0.0258  0.0273  0.0265  0.0265  0.0275  0.0264  0.0275  0.0256  0.0259
  0.0285  0.0282  0.0267  0.0287  0.0299  0.0298  0.0281  0.0305  0.0278  0.0301  0.0262  0.0268
registration optimization eta report
parameter search radius
    2.4000    2.4000    2.4000    8.2800    9.5220    8.2800
    7.2000    7.2000    7.2000    8.2800    7.2000    7.2000
100000*second partial in parameter space
       58.       53.       28.        5.        5.        6.
        6.       10.        5.        7.        2.        3.
  0.0285  0.0282  0.0268  0.0278  0.0296  0.0291  0.0280  0.0304  0.0277  0.0301  0.0262  0.0268
  0.0266  0.0265  0.0258  0.0267  0.0276  0.0272  0.0266  0.0276  0.0264  0.0275  0.0256  0.0259
  0.0255  0.0255  0.0253  0.0258  0.0259  0.0257  0.0255  0.0257  0.0255  0.0258  0.0252  0.0253
  0.0251  0.0251  0.0251  0.0251  0.0251  0.0251  0.0251  0.0251  0.0251  0.0251  0.0251  0.0251
  0.0255  0.0255  0.0254  0.0248  0.0257  0.0251  0.0255  0.0257  0.0254  0.0257  0.0252  0.0253
  0.0266  0.0265  0.0259  0.0258  0.0273  0.0265  0.0265  0.0275  0.0264  0.0275  0.0256  0.0259
  0.0285  0.0282  0.0267  0.0287  0.0299  0.0298  0.0281  0.0305  0.0278  0.0301  0.0262  0.0268
   -2.0387   -6.4084   17.1718   -8.8433  -12.9822   -8.9652
    4.8401    0.2604   -5.1040   11.5848    0.0773  -12.7021
eta,q 0.97487  9.10412

---------------------------------------------------------------------
imgreg_4dfp /opt/freesurfer/average/711-2C_as_mni_average_305 /opt/freesurfer/average/711-2B_as_mni_average_305_mask talsrcimg_g11 none talsrcimg_to_711-2C_as_mni_average_305_t4 2311
---------------------------------------------------------------------

freesurfer imgreg_4dfp.c
/opt/freesurfer/average/711-2C_as_mni_average_305.4dfp.img
       256       256       256         1
  1.000000  1.000000  1.000000
orientation T byte_order littleendian
Reading image: /opt/freesurfer/average/711-2C_as_mni_average_305.4dfp.img
dimensions:      256       256       256
mmppix:       1.0000   -1.0000   -1.0000
center:     128.0000 -129.0000 -129.0000
/opt/freesurfer/average/711-2B_as_mni_average_305_mask.4dfp.img
       256       256       256         1
  1.000000  1.000000  1.000000
orientation T byte_order littleendian
Reading mask: /opt/freesurfer/average/711-2B_as_mni_average_305_mask.4dfp.img (2306576 pixels)
talsrcimg_g11.4dfp.img
       256       256       256         1
  1.000000  1.000000  1.000000
orientation T byte_order littleendian
Reading image: talsrcimg_g11.4dfp.img
dimensions:      256       256       256
mmppix:       1.0000   -1.0000   -1.0000
center:     128.0000 -129.0000 -129.0000
fimgreg.f
image alignment mode   2311 decimal      907 hex
parameters
   -2.0387   -6.4084   17.1718   -8.8433  -12.9822   -8.9652
    4.8401    0.2604   -5.1040   11.5848    0.0773  -12.7021
eta,q 0.97487  9.10412
niter,ni,del,rscale     5    3    5.0000    0.8000
parameters
   -2.0348   -6.4091   17.1017   -6.9297  -12.8321   -8.8038
    4.8648    0.1393   -5.1193   11.4241   -0.1986  -13.1655
eta,q 0.97517  9.20581
  0.0266  0.0265  0.0258  0.0264  0.0264  0.0265  0.0263  0.0277  0.0261  0.0267  0.0255  0.0255
  0.0258  0.0258  0.0254  0.0259  0.0256  0.0256  0.0256  0.0261  0.0254  0.0257  0.0251  0.0251
  0.0253  0.0253  0.0252  0.0254  0.0251  0.0251  0.0250  0.0251  0.0250  0.0251  0.0249  0.0249
  0.0251  0.0251  0.0251  0.0251  0.0249  0.0249  0.0249  0.0249  0.0248  0.0248  0.0249  0.0248
  0.0253  0.0253  0.0252  0.0249  0.0250  0.0249  0.0250  0.0253  0.0250  0.0251  0.0250  0.0250
  0.0258  0.0258  0.0255  0.0249  0.0255  0.0253  0.0255  0.0264  0.0254  0.0258  0.0252  0.0253
  0.0266  0.0265  0.0259  0.0253  0.0262  0.0264  0.0263  0.0279  0.0261  0.0270  0.0256  0.0258
niter,ni,del,rscale     4    3    5.0000    0.7000
parameters
   -1.9432   -6.4057   17.2173   -7.2006  -12.7788   -8.3209
    4.9595    0.2586   -5.0951   11.5709   -0.1456  -13.3299
eta,q 0.97519  9.22263
  0.0263  0.0259  0.0256  0.0257  0.0260  0.0261  0.0260  0.0273  0.0258  0.0265  0.0254  0.0254
  0.0255  0.0253  0.0252  0.0253  0.0254  0.0255  0.0254  0.0260  0.0253  0.0256  0.0251  0.0251
  0.0250  0.0249  0.0249  0.0250  0.0250  0.0251  0.0250  0.0251  0.0249  0.0251  0.0249  0.0248
  0.0248  0.0248  0.0248  0.0248  0.0248  0.0248  0.0248  0.0248  0.0248  0.0248  0.0248  0.0248
  0.0249  0.0249  0.0249  0.0248  0.0250  0.0248  0.0249  0.0251  0.0249  0.0249  0.0249  0.0249
  0.0253  0.0253  0.0250  0.0253  0.0254  0.0250  0.0253  0.0258  0.0252  0.0254  0.0251  0.0251
  0.0260  0.0259  0.0253  0.0262  0.0260  0.0257  0.0259  0.0270  0.0258  0.0263  0.0253  0.0255
niter,ni,del,rscale     3    3    5.0000    0.6000
parameters
   -1.9103   -6.4040   17.2860   -7.0965  -12.8935   -8.1434
    4.9345    0.2658   -5.0926   11.6331   -0.1090  -13.4162
eta,q 0.97522  9.23087
  0.0258  0.0256  0.0253  0.0255  0.0256  0.0256  0.0256  0.0266  0.0255  0.0260  0.0252  0.0252
  0.0253  0.0252  0.0250  0.0252  0.0252  0.0252  0.0252  0.0256  0.0251  0.0254  0.0250  0.0250
  0.0249  0.0249  0.0249  0.0250  0.0249  0.0249  0.0249  0.0250  0.0249  0.0250  0.0248  0.0248
  0.0248  0.0248  0.0248  0.0248  0.0248  0.0248  0.0248  0.0248  0.0248  0.0248  0.0248  0.0248
  0.0249  0.0249  0.0248  0.0248  0.0249  0.0248  0.0249  0.0250  0.0249  0.0249  0.0248  0.0249
  0.0252  0.0252  0.0250  0.0250  0.0252  0.0250  0.0252  0.0256  0.0251  0.0253  0.0250  0.0250
  0.0257  0.0256  0.0252  0.0256  0.0257  0.0256  0.0257  0.0266  0.0255  0.0260  0.0252  0.0253
niter,ni,del,rscale     2    3    5.0000    0.5000
parameters
   -1.8995   -6.3991   17.3246   -6.9120  -12.9565   -8.0168
    4.9291    0.2533   -5.0905   11.6627   -0.1013  -13.4834
eta,q 0.97524  9.24166
  0.0255  0.0254  0.0251  0.0254  0.0254  0.0253  0.0254  0.0261  0.0253  0.0256  0.0251  0.0251
  0.0251  0.0250  0.0249  0.0251  0.0250  0.0250  0.0250  0.0253  0.0250  0.0252  0.0249  0.0249
  0.0249  0.0249  0.0248  0.0249  0.0248  0.0249  0.0248  0.0249  0.0248  0.0249  0.0248  0.0248
  0.0248  0.0248  0.0248  0.0248  0.0248  0.0248  0.0248  0.0248  0.0248  0.0248  0.0248  0.0248
  0.0248  0.0248  0.0248  0.0248  0.0248  0.0248  0.0248  0.0249  0.0248  0.0248  0.0248  0.0248
  0.0251  0.0250  0.0249  0.0249  0.0251  0.0249  0.0250  0.0254  0.0250  0.0251  0.0249  0.0249
  0.0255  0.0254  0.0251  0.0253  0.0254  0.0253  0.0254  0.0261  0.0253  0.0256  0.0251  0.0251
niter,ni,del,rscale     1    3    5.0000    0.4000
parameters
   -1.8987   -6.3926   17.3658   -6.7570  -12.9990   -7.8861
    4.9191    0.2410   -5.0850   11.6795   -0.0788  -13.5845
eta,q 0.97525  9.25240
  0.0252  0.0251  0.0250  0.0252  0.0251  0.0251  0.0251  0.0256  0.0251  0.0253  0.0250  0.0250
  0.0250  0.0249  0.0249  0.0250  0.0249  0.0249  0.0249  0.0251  0.0249  0.0250  0.0248  0.0248
  0.0248  0.0248  0.0248  0.0248  0.0248  0.0248  0.0248  0.0248  0.0248  0.0248  0.0248  0.0248
  0.0248  0.0248  0.0248  0.0248  0.0248  0.0247  0.0247  0.0247  0.0247  0.0247  0.0247  0.0247
  0.0248  0.0248  0.0248  0.0247  0.0248  0.0248  0.0248  0.0249  0.0248  0.0248  0.0248  0.0248
  0.0250  0.0249  0.0248  0.0249  0.0249  0.0248  0.0249  0.0252  0.0249  0.0250  0.0248  0.0249
  0.0252  0.0251  0.0249  0.0251  0.0252  0.0251  0.0252  0.0256  0.0251  0.0253  0.0249  0.0250
registration optimization eta report
parameter search radius
    0.8000    0.8000    0.8000    2.4000    2.4000    2.4000
    2.4000    2.4000    2.4000    2.4000    2.4000    2.4000
100000*second partial in parameter space
       71.       59.       34.        7.        7.        6.
        7.       15.        6.       10.        4.        4.
  0.0252  0.0251  0.0250  0.0252  0.0251  0.0251  0.0251  0.0256  0.0251  0.0253  0.0250  0.0250
  0.0250  0.0249  0.0249  0.0250  0.0249  0.0249  0.0249  0.0251  0.0249  0.0250  0.0248  0.0248
  0.0248  0.0248  0.0248  0.0248  0.0248  0.0248  0.0248  0.0248  0.0248  0.0248  0.0248  0.0248
  0.0248  0.0248  0.0248  0.0248  0.0248  0.0247  0.0247  0.0247  0.0247  0.0247  0.0247  0.0247
  0.0248  0.0248  0.0248  0.0247  0.0248  0.0248  0.0248  0.0249  0.0248  0.0248  0.0248  0.0248
  0.0250  0.0249  0.0248  0.0249  0.0249  0.0248  0.0249  0.0252  0.0249  0.0250  0.0248  0.0249
  0.0252  0.0251  0.0249  0.0251  0.0252  0.0251  0.0252  0.0256  0.0251  0.0253  0.0249  0.0250
   -1.8987   -6.3926   17.3658   -6.7570  -12.9990   -7.8861
    4.9191    0.2410   -5.0850   11.6795   -0.0788  -13.5845
eta,q 0.97525  9.25240

---------------------------------------------------------------------
imgreg_4dfp /opt/freesurfer/average/711-2C_as_mni_average_305 /opt/freesurfer/average/711-2B_as_mni_average_305_mask talsrcimg_g11 none talsrcimg_to_711-2C_as_mni_average_305_t4 2311
---------------------------------------------------------------------

freesurfer imgreg_4dfp.c
/opt/freesurfer/average/711-2C_as_mni_average_305.4dfp.img
       256       256       256         1
  1.000000  1.000000  1.000000
orientation T byte_order littleendian
Reading image: /opt/freesurfer/average/711-2C_as_mni_average_305.4dfp.img
dimensions:      256       256       256
mmppix:       1.0000   -1.0000   -1.0000
center:     128.0000 -129.0000 -129.0000
/opt/freesurfer/average/711-2B_as_mni_average_305_mask.4dfp.img
       256       256       256         1
  1.000000  1.000000  1.000000
orientation T byte_order littleendian
Reading mask: /opt/freesurfer/average/711-2B_as_mni_average_305_mask.4dfp.img (2306576 pixels)
talsrcimg_g11.4dfp.img
       256       256       256         1
  1.000000  1.000000  1.000000
orientation T byte_order littleendian
Reading image: talsrcimg_g11.4dfp.img
dimensions:      256       256       256
mmppix:       1.0000   -1.0000   -1.0000
center:     128.0000 -129.0000 -129.0000
fimgreg.f
image alignment mode   2311 decimal      907 hex
parameters
   -1.8987   -6.3926   17.3658   -6.7570  -12.9990   -7.8861
    4.9191    0.2410   -5.0850   11.6795   -0.0788  -13.5845
eta,q 0.97526  9.25241
niter,ni,del,rscale     5    3    5.0000    0.8000
parameters
   -1.9091   -6.3817   17.4638   -7.4516  -13.0008   -7.9464
    4.9231    0.3140   -5.1476   11.7348    0.0111  -13.2485
eta,q 0.97518  9.22253
  0.0265  0.0263  0.0257  0.0258  0.0263  0.0262  0.0263  0.0279  0.0261  0.0269  0.0256  0.0258
  0.0256  0.0254  0.0252  0.0253  0.0255  0.0255  0.0255  0.0262  0.0254  0.0258  0.0251  0.0253
  0.0250  0.0249  0.0249  0.0250  0.0250  0.0250  0.0250  0.0252  0.0250  0.0251  0.0249  0.0249
  0.0247  0.0247  0.0247  0.0248  0.0248  0.0248  0.0248  0.0248  0.0248  0.0248  0.0248  0.0248
  0.0249  0.0249  0.0248  0.0249  0.0250  0.0248  0.0250  0.0252  0.0250  0.0250  0.0249  0.0249
  0.0256  0.0254  0.0251  0.0257  0.0255  0.0253  0.0255  0.0262  0.0254  0.0257  0.0251  0.0251
  0.0266  0.0262  0.0255  0.0272  0.0263  0.0265  0.0263  0.0277  0.0262  0.0268  0.0255  0.0255
niter,ni,del,rscale     4    3    5.0000    0.7000
parameters
   -1.9023   -6.4035   17.3917   -7.3564  -13.0185   -8.0308
    4.9252    0.2853   -5.1433   11.6469   -0.0245  -13.2510
eta,q 0.97519  9.22023
  0.0261  0.0259  0.0254  0.0258  0.0260  0.0258  0.0260  0.0272  0.0258  0.0263  0.0254  0.0254
  0.0254  0.0253  0.0250  0.0254  0.0254  0.0253  0.0253  0.0259  0.0253  0.0255  0.0250  0.0251
  0.0250  0.0249  0.0249  0.0251  0.0250  0.0250  0.0249  0.0250  0.0249  0.0250  0.0249  0.0249
  0.0248  0.0248  0.0248  0.0248  0.0248  0.0248  0.0248  0.0248  0.0248  0.0248  0.0248  0.0248
  0.0249  0.0250  0.0249  0.0248  0.0249  0.0248  0.0249  0.0251  0.0249  0.0250  0.0249  0.0249
  0.0254  0.0254  0.0251  0.0251  0.0254  0.0252  0.0253  0.0259  0.0253  0.0256  0.0251  0.0251
  0.0261  0.0260  0.0255  0.0259  0.0260  0.0261  0.0260  0.0272  0.0258  0.0265  0.0254  0.0254
niter,ni,del,rscale     3    3    5.0000    0.6000
parameters
   -1.9025   -6.4077   17.3615   -7.1145  -12.9951   -8.0283
    4.9319    0.2599   -5.1228   11.6232   -0.0659  -13.3512
eta,q 0.97522  9.23107
  0.0258  0.0256  0.0253  0.0256  0.0257  0.0256  0.0257  0.0266  0.0255  0.0260  0.0252  0.0252
  0.0252  0.0252  0.0250  0.0253  0.0252  0.0252  0.0252  0.0256  0.0251  0.0253  0.0250  0.0250
  0.0249  0.0249  0.0248  0.0250  0.0249  0.0249  0.0249  0.0250  0.0249  0.0249  0.0248  0.0248
  0.0248  0.0248  0.0248  0.0248  0.0248  0.0248  0.0248  0.0248  0.0248  0.0248  0.0248  0.0248
  0.0249  0.0249  0.0249  0.0248  0.0249  0.0248  0.0249  0.0250  0.0249  0.0249  0.0248  0.0249
  0.0252  0.0252  0.0250  0.0250  0.0252  0.0251  0.0252  0.0257  0.0251  0.0253  0.0250  0.0250
  0.0258  0.0257  0.0253  0.0255  0.0257  0.0257  0.0257  0.0266  0.0255  0.0260  0.0252  0.0253
niter,ni,del,rscale     2    3    5.0000    0.5000
parameters
   -1.9000   -6.3998   17.3626   -6.9184  -12.9948   -7.9713
    4.9328    0.2527   -5.1040   11.6485   -0.0827  -13.4531
eta,q 0.97524  9.24192
  0.0255  0.0254  0.0251  0.0254  0.0254  0.0253  0.0254  0.0261  0.0253  0.0256  0.0251  0.0251
  0.0251  0.0250  0.0249  0.0251  0.0251  0.0250  0.0250  0.0253  0.0250  0.0252  0.0249  0.0249
  0.0249  0.0248  0.0248  0.0249  0.0248  0.0249  0.0248  0.0249  0.0248  0.0249  0.0248  0.0248
  0.0248  0.0248  0.0248  0.0248  0.0248  0.0248  0.0248  0.0248  0.0248  0.0248  0.0248  0.0248
  0.0249  0.0248  0.0248  0.0248  0.0248  0.0248  0.0248  0.0249  0.0248  0.0248  0.0248  0.0248
  0.0251  0.0250  0.0249  0.0249  0.0250  0.0249  0.0250  0.0254  0.0250  0.0251  0.0249  0.0249
  0.0255  0.0254  0.0251  0.0253  0.0254  0.0253  0.0254  0.0261  0.0253  0.0256  0.0251  0.0251
niter,ni,del,rscale     1    3    5.0000    0.4000
parameters
   -1.8938   -6.3959   17.3823   -6.7601  -13.0132   -7.8666
    4.9281    0.2423   -5.0892   11.6765   -0.0553  -13.5725
eta,q 0.97525  9.25253
  0.0252  0.0251  0.0250  0.0252  0.0252  0.0251  0.0251  0.0256  0.0251  0.0253  0.0250  0.0250
  0.0250  0.0249  0.0249  0.0250  0.0249  0.0249  0.0249  0.0251  0.0249  0.0250  0.0248  0.0248
  0.0248  0.0248  0.0248  0.0248  0.0248  0.0248  0.0248  0.0248  0.0248  0.0248  0.0248  0.0248
  0.0248  0.0248  0.0248  0.0248  0.0248  0.0248  0.0248  0.0248  0.0247  0.0247  0.0247  0.0248
  0.0248  0.0248  0.0248  0.0247  0.0248  0.0248  0.0248  0.0249  0.0248  0.0248  0.0248  0.0248
  0.0249  0.0249  0.0249  0.0249  0.0249  0.0249  0.0249  0.0252  0.0249  0.0250  0.0248  0.0249
  0.0252  0.0251  0.0250  0.0251  0.0252  0.0251  0.0251  0.0256  0.0251  0.0253  0.0250  0.0250
registration optimization eta report
parameter search radius
    0.8000    0.8000    0.8000    2.4000    2.4000    2.4000
    2.4000    2.4000    2.4000    2.4000    2.4000    2.4000
100000*second partial in parameter space
       71.       58.       33.        7.        7.        6.
        7.       15.        6.       10.        4.        4.
  0.0252  0.0251  0.0250  0.0252  0.0252  0.0251  0.0251  0.0256  0.0251  0.0253  0.0250  0.0250
  0.0250  0.0249  0.0249  0.0250  0.0249  0.0249  0.0249  0.0251  0.0249  0.0250  0.0248  0.0248
  0.0248  0.0248  0.0248  0.0248  0.0248  0.0248  0.0248  0.0248  0.0248  0.0248  0.0248  0.0248
  0.0248  0.0248  0.0248  0.0248  0.0248  0.0248  0.0248  0.0248  0.0247  0.0247  0.0247  0.0248
  0.0248  0.0248  0.0248  0.0247  0.0248  0.0248  0.0248  0.0249  0.0248  0.0248  0.0248  0.0248
  0.0249  0.0249  0.0249  0.0249  0.0249  0.0249  0.0249  0.0252  0.0249  0.0250  0.0248  0.0249
  0.0252  0.0251  0.0250  0.0251  0.0252  0.0251  0.0251  0.0256  0.0251  0.0253  0.0250  0.0250
   -1.8938   -6.3959   17.3823   -6.7601  -13.0132   -7.8666
    4.9281    0.2423   -5.0892   11.6765   -0.0553  -13.5725
eta,q 0.97525  9.25253

---------------------------------------------------------------------
compute_vox2vox talsrcimg talsrcimg_to_711-2C_as_mni_average_305_t4 /opt/freesurfer/average/711-2C_as_mni_average_305
---------------------------------------------------------------------

freesurfer compute_vox2vox.c
Reading: talsrcimg.4dfp.ifh
Reading: talsrcimg_to_711-2C_as_mni_average_305_t4
Reading: /opt/freesurfer/average/711-2C_as_mni_average_305.4dfp.ifh
Writing: talsrcimg_to_711-2C_as_mni_average_305_t4_vox2vox.txt

start time Sun Nov 24 04:57:28 UTC 2024
end		time Sun Nov 24 04:58:34 UTC 2024

mpr2mni305 success

avi2talxfm orig_nu.mgz /opt/freesurfer/average/mni305.cor.mgz talsrcimg_to_711-2C_as_mni_average_305_t4_vox2vox.txt transforms/talairach.auto.xfm
avi2talxfm done
mv -f /scratch/tmp/fs_mp2rage_tests2/sourcedata/freesurfer_memprage/sub-fsm02cd/mri/talsrcimg_to_711-2C_as_mni_average_305_t4_vox2vox.txt /scratch/tmp/fs_mp2rage_tests2/sourcedata/freesurfer_memprage/sub-fsm02cd/mri/transforms/talsrcimg_to_711-2C_as_mni_average_305_t4_vox2vox.txt
lta_convert --src orig_nu.mgz --trg /opt/freesurfer/average/mni305.cor.mgz --inxfm transforms/talairach.auto.xfm --outlta transforms/talairach.auto.xfm.lta --subject fsaverage
7.3.2

--src: orig_nu.mgz src image (geometry).
--trg: /opt/freesurfer/average/mni305.cor.mgz trg image (geometry).
--inmni: transforms/talairach.auto.xfm input MNI/XFM transform.
--outlta: transforms/talairach.auto.xfm.lta output LTA.
--s: fsaverage subject name
 LTA read, type : 1
 1.06924   0.00477  -0.05983  -1.81441;
 0.00967   1.06438   0.16553  -33.64211;
 0.06126  -0.14260   1.12388  -24.93138;
 0.00000   0.00000   0.00000   1.00000;
setting subject to fsaverage
Writing  LTA to file transforms/talairach.auto.xfm.lta...
lta_convert successful.
 
 
Started at Sun Nov 24 04:57:25 UTC 2024
Ended   at Sun Nov 24 04:58:35 UTC 2024
talairach_avi done
