status file for recon-all
Sun Nov 24 05:15:03 UTC 2024
#@# MotionCor Sun Nov 24 05:15:09 UTC 2024
#@# Talairach Sun Nov 24 05:15:27 UTC 2024
#@# Talairach Failure Detection Sun Nov 24 05:23:26 UTC 2024
#@# Nu Intensity Correction Sun Nov 24 05:23:26 UTC 2024
#@# Intensity Normalization Sun Nov 24 05:31:22 UTC 2024
recon-all -s sub-fsm39ap finished without error at Sun Nov 24 05:35:33 UTC 2024



#New# invocation of recon-all 



status file for recon-all
Sun Nov 24 08:21:42 UTC 2024
#@# EM Registration Sun Nov 24 08:21:42 UTC 2024
recon-all -s sub-fsm39ap finished without error at Sun Nov 24 08:29:14 UTC 2024



#New# invocation of recon-all 



status file for recon-all
Sun Nov 24 12:28:37 UTC 2024
#@# CA Normalize Sun Nov 24 12:28:37 UTC 2024
#@# CA Reg Sun Nov 24 12:31:26 UTC 2024
#@# SubCort Seg Sun Nov 24 14:29:14 UTC 2024
#@# CC Seg Sun Nov 24 15:55:26 UTC 2024
#@# Merge ASeg Sun Nov 24 15:57:20 UTC 2024
#@# Intensity Normalization2 Sun Nov 24 15:57:20 UTC 2024
#@# Mask BFS Sun Nov 24 16:03:06 UTC 2024
#@# WM Segmentation Sun Nov 24 16:03:09 UTC 2024
#@# Fill Sun Nov 24 16:09:39 UTC 2024
recon-all -s sub-fsm39ap finished without error at Sun Nov 24 16:12:31 UTC 2024



#New# invocation of recon-all 



status file for recon-all
Mon Nov 25 10:07:19 UTC 2024
#@# white curv lh Mon Nov 25 10:07:19 UTC 2024
#@# white area lh Mon Nov 25 10:07:19 UTC 2024
#@# pial curv lh Mon Nov 25 10:07:19 UTC 2024
#@# pial area lh Mon Nov 25 10:07:19 UTC 2024
#@# thickness lh Mon Nov 25 10:07:19 UTC 2024
#@# area and vertex vol lh Mon Nov 25 10:07:19 UTC 2024
#@# white curv rh Mon Nov 25 10:07:19 UTC 2024
#@# white area rh Mon Nov 25 10:07:19 UTC 2024
#@# pial curv rh Mon Nov 25 10:07:19 UTC 2024
#@# pial area rh Mon Nov 25 10:07:19 UTC 2024
#@# thickness rh Mon Nov 25 10:07:19 UTC 2024
#@# area and vertex vol rh Mon Nov 25 10:07:20 UTC 2024
#@# Cortical ribbon mask Mon Nov 25 10:07:20 UTC 2024
recon-all -s sub-fsm39ap finished without error at Mon Nov 25 10:30:40 UTC 2024



#New# invocation of recon-all 



status file for recon-all
Mon Nov 25 17:30:18 UTC 2024
#@# white curv lh Mon Nov 25 17:30:18 UTC 2024
#@# white area lh Mon Nov 25 17:30:18 UTC 2024
#@# pial curv lh Mon Nov 25 17:30:19 UTC 2024
#@# pial area lh Mon Nov 25 17:30:19 UTC 2024
#@# thickness lh Mon Nov 25 17:30:19 UTC 2024
#@# area and vertex vol lh Mon Nov 25 17:30:19 UTC 2024
#@# white curv rh Mon Nov 25 17:30:19 UTC 2024
#@# white area rh Mon Nov 25 17:30:19 UTC 2024
#@# pial curv rh Mon Nov 25 17:30:19 UTC 2024
#@# pial area rh Mon Nov 25 17:30:19 UTC 2024
#@# thickness rh Mon Nov 25 17:30:19 UTC 2024
#@# area and vertex vol rh Mon Nov 25 17:30:19 UTC 2024
#@# Curvature Stats lh Mon Nov 25 17:30:19 UTC 2024
#@# Curvature Stats rh Mon Nov 25 17:30:25 UTC 2024
#@# Relabel Hypointensities Mon Nov 25 17:30:31 UTC 2024
#@# APas-to-ASeg Mon Nov 25 17:31:09 UTC 2024
#@# AParc-to-ASeg aparc Mon Nov 25 17:31:30 UTC 2024
#@# AParc-to-ASeg aparc.a2009s Mon Nov 25 17:33:54 UTC 2024
#@# AParc-to-ASeg aparc.DKTatlas Mon Nov 25 17:36:09 UTC 2024
#@# WMParc Mon Nov 25 17:38:32 UTC 2024
#@# ASeg Stats Mon Nov 25 17:44:17 UTC 2024
recon-all -s sub-fsm39ap finished without error at Mon Nov 25 17:45:41 UTC 2024
