status file for recon-all
Mon Nov 25 08:14:31 UTC 2024
#@# Tessellate lh Mon Nov 25 08:14:31 UTC 2024
#@# Smooth1 lh Mon Nov 25 08:14:50 UTC 2024
#@# Inflation1 lh Mon Nov 25 08:15:00 UTC 2024
#@# QSphere lh Mon Nov 25 08:15:47 UTC 2024
#@# Fix Topology lh Mon Nov 25 08:20:51 UTC 2024
#@# Smooth2 lh Mon Nov 25 08:41:53 UTC 2024
#@# Inflation2 lh Mon Nov 25 08:42:02 UTC 2024
#@# Curv .H and .K lh Mon Nov 25 08:42:40 UTC 2024
#@# Sphere lh Mon Nov 25 08:44:46 UTC 2024
#@# Surf Reg lh Mon Nov 25 08:58:49 UTC 2024
#@# Jacobian white lh Mon Nov 25 09:18:24 UTC 2024
#@# AvgCurv lh Mon Nov 25 09:18:27 UTC 2024
#@# Cortical Parc lh Mon Nov 25 09:18:29 UTC 2024
#@# white curv lh Mon Nov 25 09:55:02 UTC 2024
#@# white area lh Mon Nov 25 09:55:08 UTC 2024
#@# pial curv lh Mon Nov 25 09:55:10 UTC 2024
#@# pial area lh Mon Nov 25 09:55:15 UTC 2024
#@# thickness lh Mon Nov 25 09:55:18 UTC 2024
#@# area and vertex vol lh Mon Nov 25 09:56:47 UTC 2024
#@# Curvature Stats lh Mon Nov 25 09:56:52 UTC 2024
#@# Cortical Parc 2 lh Mon Nov 25 09:57:04 UTC 2024
#@# Cortical Parc 3 lh Mon Nov 25 09:57:49 UTC 2024
#@# WM/GM Contrast lh Mon Nov 25 09:58:34 UTC 2024
recon-all -s sub-fsm39ap finished without error at Mon Nov 25 09:58:45 UTC 2024



#New# invocation of recon-all 



status file for recon-all
Mon Nov 25 17:17:29 UTC 2024
#@# white curv lh Mon Nov 25 17:17:29 UTC 2024
#@# white area lh Mon Nov 25 17:17:29 UTC 2024
#@# pial curv lh Mon Nov 25 17:17:29 UTC 2024
#@# pial area lh Mon Nov 25 17:17:29 UTC 2024
#@# thickness lh Mon Nov 25 17:17:29 UTC 2024
#@# area and vertex vol lh Mon Nov 25 17:17:29 UTC 2024
#@# Parcellation Stats lh Mon Nov 25 17:17:29 UTC 2024
#@# Parcellation Stats 2 lh Mon Nov 25 17:19:12 UTC 2024
#@# Parcellation Stats 3 lh Mon Nov 25 17:20:11 UTC 2024
#@# BA_exvivo Labels lh Mon Nov 25 17:21:04 UTC 2024
recon-all -s sub-fsm39ap finished without error at Mon Nov 25 17:28:06 UTC 2024
