/scratch/tmp/fs_mp2rage_tests/sourcedata/freesurfer_mp2rage/sub-fsm64ps/mri
/opt/freesurfer/bin/talairach_avi
--i orig_nu.mgz --xfm transforms/talairach.auto.xfm
talairach_avi 7.3.2
Linux elm.criugm.qc.ca 5.15.0-113-generic #123-Ubuntu SMP Mon Jun 10 08:16:17 UTC 2024 x86_64 x86_64 x86_64 GNU/Linux
Sat Nov 23 15:40:28 UTC 2024
mri_convert orig_nu.mgz talsrcimg.img 
reading from orig_nu.mgz...
TR=0.00, TE=0.00, TI=0.00, flip angle=0.00
i_ras = (-1, 1.86265e-09, 7.45058e-09)
j_ras = (7.45058e-09, 1.49012e-08, -1)
k_ras = (-9.31323e-10, 1, 0)
writing to talsrcimg.img...
Analyze Output Matrix
-1.00000   0.00000  -0.00000   126.35619;
 0.00000   0.00000   1.00000  -93.98296;
 0.00000  -1.00000   0.00000   92.47165;
 0.00000   0.00000   0.00000   1.00000;
--------------------
INFO: set hdr.hist.orient to -1
mpr2mni305 talsrcimg
Sat Nov 23 15:40:32 UTC 2024
/opt/freesurfer/bin/mpr2mni305 talsrcimg
mpr2mni305 7.3.2
target=711-2C_as_mni_average_305

---------------------------------------------------------------------
analyzeto4dfp talsrcimg -O0 -y
---------------------------------------------------------------------

freesurfer ifh2hdr.c
Sat Nov 23 15:40:32 2024
Writing: talsrcimg.4dfp.hdr
freesurfer analyzeto4dfp.c
Reading: talsrcimg.hdr
header size 348 bytes
hdr.dime.datatype	offset=70	value=2
hdr.dime.bitpix		offset=72	value=8
hdr.hist.orient		offset=252	value=-1
dimensionality     4
dimensions       256       256       256         1
Reading: talsrcimg.img
Writing: talsrcimg.4dfp.img
Writing: talsrcimg.4dfp.ifh
ifh2hdr talsrcimg -r0to242
ori=2

---------------------------------------------------------------------
gauss_4dfp talsrcimg 1.1
---------------------------------------------------------------------

freesurfer gauss_4dfp.c
Reading: talsrcimg.4dfp.img
Writing: talsrcimg_g11.4dfp.img
image dimensions 256 256 256 padded to 288 288 288
processing volume 1freesurfer ifh2hdr.c
Sat Nov 23 15:40:40 2024
Writing: talsrcimg_g11.4dfp.hdr

Writing: talsrcimg_g11.4dfp.ifh
including: talsrcimg.4dfp.img.rec in talsrcimg_g11.4dfp.img.rec

---------------------------------------------------------------------
imgreg_4dfp /opt/freesurfer/average/711-2C_as_mni_average_305 none talsrcimg_g11 none talsrcimg_to_711-2C_as_mni_average_305_t4 4355
---------------------------------------------------------------------

freesurfer imgreg_4dfp.c
/opt/freesurfer/average/711-2C_as_mni_average_305.4dfp.img
       256       256       256         1
  1.000000  1.000000  1.000000
orientation T byte_order littleendian
Reading image: /opt/freesurfer/average/711-2C_as_mni_average_305.4dfp.img
dimensions:      256       256       256
mmppix:       1.0000   -1.0000   -1.0000
center:     128.0000 -129.0000 -129.0000
talsrcimg_g11.4dfp.img
       256       256       256         1
  1.000000  1.000000  1.000000
orientation T byte_order littleendian
Reading image: talsrcimg_g11.4dfp.img
dimensions:      256       256       256
mmppix:       1.0000   -1.0000   -1.0000
center:     128.0000 -129.0000 -129.0000
t4_read: open error in t4_sub.f l:  41 t4_file(1:l)talsrcimg_to_711-2C_as_mni_average_305_t4 
t4_read: transform initialized to I4
rotation matrix determinant  1.000000
image alignment mode   4355 decimal     1103 hex
   -7.5000  -45.0000  -45.0000 9814.6445    9.2321
    0.0000  -45.0000  -45.000010289.9463    9.2399
    7.5000  -45.0000  -45.0000 9964.7207    9.2399
   -7.5000  -37.5000  -45.0000 9942.4824    9.3523
    0.0000  -37.5000  -45.000010442.8477    9.3580
    7.5000  -37.5000  -45.000010089.4639    9.3591
   -7.5000  -30.0000  -45.000010253.5068    9.1971
    0.0000  -30.0000  -45.000010778.9082    9.2033
    7.5000  -30.0000  -45.000010378.9150    9.1986
   -7.5000  -22.5000  -45.000010551.9326    9.1285
    0.0000  -22.5000  -45.000011072.4512    9.1361
    7.5000  -22.5000  -45.000010640.2979    9.1263
   -7.5000  -15.0000  -45.000010855.2646    9.0653
    0.0000  -15.0000  -45.000011374.4199    9.0740
    7.5000  -15.0000  -45.000010860.7988    9.0638
   -7.5000   -7.5000  -45.000011251.9375    9.0179
    0.0000   -7.5000  -45.000011790.0479    9.0266
    7.5000   -7.5000  -45.000011214.3486    9.0217
   -7.5000    0.0000  -45.000011547.9609    9.0088
    0.0000    0.0000  -45.000012121.1572    9.0163
    7.5000    0.0000  -45.000011477.1172    9.0162
   -7.5000    7.5000  -45.000010996.5957    9.2510
    0.0000    7.5000  -45.000011550.7617    9.2567
    7.5000    7.5000  -45.000010896.1602    9.2577
   -7.5000   15.0000  -45.000010524.0723    9.6161
    0.0000   15.0000  -45.000011056.4678    9.6204
    7.5000   15.0000  -45.000010377.0449    9.6188
   -7.5000   22.5000  -45.000010031.0557   10.0567
    0.0000   22.5000  -45.000010535.8994   10.0598
    7.5000   22.5000  -45.0000 9856.3486   10.0542
   -7.5000   30.0000  -45.0000 9539.0186   10.3962
    0.0000   30.0000  -45.000010021.9727   10.3982
    7.5000   30.0000  -45.0000 9349.7891   10.3923
   -7.5000   37.5000  -45.0000 9310.7334   10.8327
    0.0000   37.5000  -45.0000 9795.1436   10.8339
    7.5000   37.5000  -45.0000 9106.0332   10.8324
   -7.5000   45.0000  -45.0000 8672.9473   10.9245
    0.0000   45.0000  -45.0000 9134.3447   10.9235
    7.5000   45.0000  -45.0000 8468.7998   10.9314
   -7.5000  -45.0000  -37.500010154.8721    9.2257
    0.0000  -45.0000  -37.500010633.6172    9.2338
    7.5000  -45.0000  -37.500010298.9375    9.2292
   -7.5000  -37.5000  -37.500010303.3779    9.3415
    0.0000  -37.5000  -37.500010829.8037    9.3475
    7.5000  -37.5000  -37.500010458.6543    9.3456
   -7.5000  -30.0000  -37.500010689.3340    9.1844
    0.0000  -30.0000  -37.500011238.8838    9.1905
    7.5000  -30.0000  -37.500010827.3896    9.1830
   -7.5000  -22.5000  -37.500011047.2783    9.1174
    0.0000  -22.5000  -37.500011579.2705    9.1243
    7.5000  -22.5000  -37.500011124.4326    9.1101
   -7.5000  -15.0000  -37.500011380.3516    9.0580
    0.0000  -15.0000  -37.500011910.9062    9.0658
    7.5000  -15.0000  -37.500011374.1670    9.0499
   -7.5000   -7.5000  -37.500011815.4043    9.0128
    0.0000   -7.5000  -37.500012362.2109    9.0211
    7.5000   -7.5000  -37.500011761.1963    9.0104
   -7.5000    0.0000  -37.500012091.2627    9.0025
    0.0000    0.0000  -37.500012689.8271    9.0100
    7.5000    0.0000  -37.500012014.8936    9.0055
   -7.5000    7.5000  -37.500011503.2666    9.2402
    0.0000    7.5000  -37.500012078.2021    9.2464
    7.5000    7.5000  -37.500011401.2324    9.2445
   -7.5000   15.0000  -37.500010949.0234    9.6030
    0.0000   15.0000  -37.500011529.2168    9.6070
    7.5000   15.0000  -37.500010842.3838    9.6024
   -7.5000   22.5000  -37.500010421.6436   10.0443
    0.0000   22.5000  -37.500010960.6074   10.0464
    7.5000   22.5000  -37.500010289.1709   10.0356
   -7.5000   30.0000  -37.5000 9905.2861   10.3891
    0.0000   30.0000  -37.500010417.3359   10.3907
    7.5000   30.0000  -37.5000 9729.7588   10.3775
   -7.5000   37.5000  -37.5000 9687.1709   10.8291
    0.0000   37.5000  -37.500010186.3408   10.8305
    7.5000   37.5000  -37.5000 9482.1562   10.8215
   -7.5000   45.0000  -37.5000 9001.0098   10.9186
    0.0000   45.0000  -37.5000 9484.1055   10.9191
    7.5000   45.0000  -37.5000 8810.9160   10.9218
   -7.5000  -45.0000  -30.000010745.5049    9.6122
    0.0000  -45.0000  -30.000011214.2412    9.6194
    7.5000  -45.0000  -30.000010850.0547    9.6108
   -7.5000  -37.5000  -30.000010916.9219    9.7308
    0.0000  -37.5000  -30.000011434.5898    9.7368
    7.5000  -37.5000  -30.000011042.9121    9.7330
   -7.5000  -30.0000  -30.000011321.4355    9.5680
    0.0000  -30.0000  -30.000011844.9355    9.5750
    7.5000  -30.0000  -30.000011407.4980    9.5664
   -7.5000  -22.5000  -30.000011667.9570    9.4994
    0.0000  -22.5000  -30.000012196.8232    9.5076
    7.5000  -22.5000  -30.000011694.4453    9.4915
   -7.5000  -15.0000  -30.000012034.8691    9.4381
    0.0000  -15.0000  -30.000012571.5273    9.4468
    7.5000  -15.0000  -30.000011994.1377    9.4275
   -7.5000   -7.5000  -30.000012544.3770    9.3908
    0.0000   -7.5000  -30.000013075.9814    9.3989
    7.5000   -7.5000  -30.000012459.2080    9.3841
   -7.5000    0.0000  -30.000012825.5957    9.3791
    0.0000    0.0000  -30.000013437.5342    9.3857
    7.5000    0.0000  -30.000012720.5469    9.3775
   -7.5000    7.5000  -30.000012207.1172    9.6252
    0.0000    7.5000  -30.000012780.9365    9.6312
    7.5000    7.5000  -30.000012055.7539    9.6275
   -7.5000   15.0000  -30.000011592.3623   10.0033
    0.0000   15.0000  -30.000012124.2588   10.0082
    7.5000   15.0000  -30.000011458.8203   10.0024
   -7.5000   22.5000  -30.000011026.1787   10.4632
    0.0000   22.5000  -30.000011533.8896   10.4661
    7.5000   22.5000  -30.000010916.7871   10.4530
   -7.5000   30.0000  -30.000010461.6494   10.8265
    0.0000   30.0000  -30.000010949.2646   10.8286
    7.5000   30.0000  -30.000010316.1104   10.8109
   -7.5000   37.5000  -30.000010220.9053   11.2848
    0.0000   37.5000  -30.000010705.3936   11.2862
    7.5000   37.5000  -30.000010046.3379   11.2730
   -7.5000   45.0000  -30.0000 9454.1670   11.3821
    0.0000   45.0000  -30.0000 9928.6787   11.3825
    7.5000   45.0000  -30.0000 9281.5068   11.3830
   -7.5000  -45.0000  -22.500011350.2109    9.9342
    0.0000  -45.0000  -22.500011827.5469    9.9398
    7.5000  -45.0000  -22.500011391.4590    9.9323
   -7.5000  -37.5000  -22.500011530.5117   10.0595
    0.0000  -37.5000  -22.500012022.0557   10.0649
    7.5000  -37.5000  -22.500011582.3193   10.0623
   -7.5000  -30.0000  -22.500011903.4990    9.8949
    0.0000  -30.0000  -22.500012379.7510    9.9032
    7.5000  -30.0000  -22.500011906.1826    9.8964
   -7.5000  -22.5000  -22.500012243.3506    9.8241
    0.0000  -22.5000  -22.500012743.5576    9.8345
    7.5000  -22.5000  -22.500012209.6045    9.8211
   -7.5000  -15.0000  -22.500012631.0430    9.7569
    0.0000  -15.0000  -22.500013147.0176    9.7675
    7.5000  -15.0000  -22.500012548.9961    9.7512
   -7.5000   -7.5000  -22.500013245.3555    9.7048
    0.0000   -7.5000  -22.500013783.6133    9.7130
    7.5000   -7.5000  -22.500013130.8545    9.7006
   -7.5000    0.0000  -22.500013610.3848    9.6931
    0.0000    0.0000  -22.500014260.3184    9.6982
    7.5000    0.0000  -22.500013479.0850    9.6912
   -7.5000    7.5000  -22.500012972.3545    9.9502
    0.0000    7.5000  -22.500013542.6094    9.9556
    7.5000    7.5000  -22.500012784.1611    9.9531
   -7.5000   15.0000  -22.500012329.2568   10.3435
    0.0000   15.0000  -22.500012755.5654   10.3496
    7.5000   15.0000  -22.500012125.6982   10.3459
   -7.5000   22.5000  -22.500011724.5713   10.8191
    0.0000   22.5000  -22.500012089.1240   10.8239
    7.5000   22.5000  -22.500011554.7295   10.8141
   -7.5000   30.0000  -22.500011108.1230   11.1932
    0.0000   30.0000  -22.500011473.7549   11.1959
    7.5000   30.0000  -22.500010947.0254   11.1818
   -7.5000   37.5000  -22.500010809.1826   11.6627
    0.0000   37.5000  -22.500011182.3223   11.6638
    7.5000   37.5000  -22.500010632.1289   11.6546
   -7.5000   45.0000  -22.500010002.9727   11.7698
    0.0000   45.0000  -22.500010393.2080   11.7679
    7.5000   45.0000  -22.5000 9821.0830   11.7721
   -7.5000  -45.0000  -15.000011858.2031   10.1545
    0.0000  -45.0000  -15.000012344.5645   10.1599
    7.5000  -45.0000  -15.000011872.7705   10.1569
   -7.5000  -37.5000  -15.000012055.0430   10.2870
    0.0000  -37.5000  -15.000012517.9092   10.2923
    7.5000  -37.5000  -15.000012022.1436   10.2924
   -7.5000  -30.0000  -15.000012438.1582   10.1215
    0.0000  -30.0000  -15.000012879.3672   10.1304
    7.5000  -30.0000  -15.000012343.7773   10.1261
   -7.5000  -22.5000  -15.000012777.0068   10.0476
    0.0000  -22.5000  -15.000013226.9395   10.0594
    7.5000  -22.5000  -15.000012660.3135   10.0501
   -7.5000  -15.0000  -15.000013152.1982    9.9748
    0.0000  -15.0000  -15.000013573.8408    9.9867
    7.5000  -15.0000  -15.000012988.4248    9.9762
   -7.5000   -7.5000  -15.000013808.7041    9.9192
    0.0000   -7.5000  -15.000014280.8594    9.9281
    7.5000   -7.5000  -15.000013654.7246    9.9214
   -7.5000    0.0000  -15.000014360.1465    9.9087
    0.0000    0.0000  -15.000015040.1465    9.9138
    7.5000    0.0000  -15.000014206.0645    9.9111
   -7.5000    7.5000  -15.000013799.2070   10.1754
    0.0000    7.5000  -15.000014360.1826   10.1808
    7.5000    7.5000  -15.000013545.5732   10.1809
   -7.5000   15.0000  -15.000013075.1162   10.5792
    0.0000   15.0000  -15.000013417.4980   10.5859
    7.5000   15.0000  -15.000012810.1484   10.5850
   -7.5000   22.5000  -15.000012339.8018   11.0644
    0.0000   22.5000  -15.000012600.2734   11.0705
    7.5000   22.5000  -15.000012159.7529   11.0659
   -7.5000   30.0000  -15.000011605.6133   11.4434
    0.0000   30.0000  -15.000011867.3584   11.4469
    7.5000   30.0000  -15.000011505.4219   11.4402
   -7.5000   37.5000  -15.000011299.3564   11.9208
    0.0000   37.5000  -15.000011602.0439   11.9218
    7.5000   37.5000  -15.000011195.6719   11.9203
   -7.5000   45.0000  -15.000010499.2021   12.0394
    0.0000   45.0000  -15.000010858.8076   12.0357
    7.5000   45.0000  -15.000010358.7881   12.0455
   -7.5000  -45.0000   -7.500012378.3281   10.2524
    0.0000  -45.0000   -7.500012815.3965   10.2593
    7.5000  -45.0000   -7.500012386.4277   10.2596
   -7.5000  -37.5000   -7.500012532.1895   10.3876
    0.0000  -37.5000   -7.500012949.5068   10.3933
    7.5000  -37.5000   -7.500012482.3750   10.3950
   -7.5000  -30.0000   -7.500012909.4766   10.2192
    0.0000  -30.0000   -7.500013339.5176   10.2272
    7.5000  -30.0000   -7.500012803.8447   10.2236
   -7.5000  -22.5000   -7.500013223.9707   10.1431
    0.0000  -22.5000   -7.500013638.9727   10.1536
    7.5000  -22.5000   -7.500013075.6738   10.1452
   -7.5000  -15.0000   -7.500013565.1953   10.0694
    0.0000  -15.0000   -7.500013933.6055   10.0806
    7.5000  -15.0000   -7.500013397.1504   10.0723
   -7.5000   -7.5000   -7.500014226.0439   10.0143
    0.0000   -7.5000   -7.500014582.3369   10.0239
    7.5000   -7.5000   -7.500014041.8291   10.0203
   -7.5000    0.0000   -7.500014971.0820   10.0050
    0.0000    0.0000   -7.500015585.4863   10.0116
    7.5000    0.0000   -7.500014783.2627   10.0122
   -7.5000    7.5000   -7.500014580.5801   10.2753
    0.0000    7.5000   -7.500015171.4951   10.2809
    7.5000    7.5000   -7.500014385.2744   10.2826
   -7.5000   15.0000   -7.500013793.8477   10.6815
    0.0000   15.0000   -7.500014155.6133   10.6872
    7.5000   15.0000   -7.500013652.3896   10.6872
   -7.5000   22.5000   -7.500012909.9189   11.1684
    0.0000   22.5000   -7.500013180.2930   11.1735
    7.5000   22.5000   -7.500012849.8047   11.1703
   -7.5000   30.0000   -7.500012105.2188   11.5513
    0.0000   30.0000   -7.500012396.7588   11.5543
    7.5000   30.0000   -7.500012067.8350   11.5509
   -7.5000   37.5000   -7.500011792.8877   12.0354
    0.0000   37.5000   -7.500012183.8438   12.0367
    7.5000   37.5000   -7.500011714.4180   12.0383
   -7.5000   45.0000   -7.500010956.7012   12.1635
    0.0000   45.0000   -7.500011445.1533   12.1606
    7.5000   45.0000   -7.500010819.8438   12.1720
   -7.5000  -45.0000    0.000012685.9590   10.2625
    0.0000  -45.0000    0.000013146.6133   10.2711
    7.5000  -45.0000    0.000012701.6250   10.2705
   -7.5000  -37.5000    0.000012859.8877   10.3952
    0.0000  -37.5000    0.000013315.3125   10.4012
    7.5000  -37.5000    0.000012825.9766   10.4020
   -7.5000  -30.0000    0.000013246.3887   10.2237
    0.0000  -30.0000    0.000013672.5967   10.2302
    7.5000  -30.0000    0.000013159.2861   10.2246
   -7.5000  -22.5000    0.000013559.2861   10.1477
    0.0000  -22.5000    0.000013910.7744   10.1557
    7.5000  -22.5000    0.000013436.1396   10.1443
   -7.5000  -15.0000    0.000013908.5332   10.0776
    0.0000  -15.0000    0.000014212.5703   10.0869
    7.5000  -15.0000    0.000013803.0049   10.0751
   -7.5000   -7.5000    0.000014543.7529   10.0253
    0.0000   -7.5000    0.000014819.5342   10.0347
    7.5000   -7.5000    0.000014362.1846   10.0288
   -7.5000    0.0000    0.000015343.2090   10.0153
    0.0000    0.0000    0.000015836.1318   10.0234
    7.5000    0.0000    0.000015129.8398   10.0230
   -7.5000    7.5000    0.000015030.5938   10.2830
    0.0000    7.5000    0.000015672.9414   10.2890
    7.5000    7.5000    0.000014890.6387   10.2897
   -7.5000   15.0000    0.000014217.8076   10.6868
    0.0000   15.0000    0.000014943.5742   10.6910
    7.5000   15.0000    0.000014292.2852   10.6888
   -7.5000   22.5000    0.000013340.7461   11.1739
    0.0000   22.5000    0.000014118.3398   11.1767
    7.5000   22.5000    0.000013450.5859   11.1699
   -7.5000   30.0000    0.000012487.8438   11.5625
    0.0000   30.0000    0.000013268.6934   11.5643
    7.5000   30.0000    0.000012498.6738   11.5570
   -7.5000   37.5000    0.000012119.8828   12.0523
    0.0000   37.5000    0.000012872.8447   12.0534
    7.5000   37.5000    0.000012028.7383   12.0509
   -7.5000   45.0000    0.000011206.1484   12.1838
    0.0000   45.0000    0.000011894.0117   12.1826
    7.5000   45.0000    0.000011051.0879   12.1906
   -7.5000  -45.0000    7.500012111.3330   10.2740
    0.0000  -45.0000    7.500012556.5342   10.2826
    7.5000  -45.0000    7.500012113.7588   10.2773
   -7.5000  -37.5000    7.500012242.4375   10.4022
    0.0000  -37.5000    7.500012671.2070   10.4086
    7.5000  -37.5000    7.500012200.6807   10.4062
   -7.5000  -30.0000    7.500012571.4746   10.2282
    0.0000  -30.0000    7.500012986.2510   10.2345
    7.5000  -30.0000    7.500012494.8457   10.2260
   -7.5000  -22.5000    7.500012884.2744   10.1539
    0.0000  -22.5000    7.500013284.4551   10.1611
    7.5000  -22.5000    7.500012792.9912   10.1451
   -7.5000  -15.0000    7.500013207.4932   10.0879
    0.0000  -15.0000    7.500013618.9004   10.0961
    7.5000  -15.0000    7.500013141.4268   10.0783
   -7.5000   -7.5000    7.500013823.6904   10.0377
    0.0000   -7.5000    7.500014257.0771   10.0466
    7.5000   -7.5000    7.500013704.4521   10.0345
   -7.5000    0.0000    7.500014560.8027   10.0262
    0.0000    0.0000    7.500015177.8467   10.0342
    7.5000    0.0000    7.500014391.6006   10.0290
   -7.5000    7.5000    7.500014133.6836   10.2898
    0.0000    7.5000    7.500014786.9072   10.2962
    7.5000    7.5000    7.500014034.5479   10.2939
   -7.5000   15.0000    7.500013320.9502   10.6922
    0.0000   15.0000    7.500013942.3330   10.6963
    7.5000   15.0000    7.500013317.2119   10.6908
   -7.5000   22.5000    7.500012561.3613   11.1810
    0.0000   22.5000    7.500013176.8086   11.1829
    7.5000   22.5000    7.500012542.7939   11.1705
   -7.5000   30.0000    7.500011773.9014   11.5758
    0.0000   30.0000    7.500012375.8926   11.5771
    7.5000   30.0000    7.500011717.9189   11.5622
   -7.5000   37.5000    7.500011362.0420   12.0694
    0.0000   37.5000    7.500011895.5020   12.0707
    7.5000   37.5000    7.500011292.7588   12.0603
   -7.5000   45.0000    7.500010479.8896   12.1976
    0.0000   45.0000    7.500010951.6182   12.1978
    7.5000   45.0000    7.500010376.9766   12.2003
   -7.5000  -45.0000   15.000011395.7705   10.2895
    0.0000  -45.0000   15.000011858.4258   10.2969
    7.5000  -45.0000   15.000011437.8955   10.2876
   -7.5000  -37.5000   15.000011539.0898   10.4161
    0.0000  -37.5000   15.000011996.8359   10.4223
    7.5000  -37.5000   15.000011537.7861   10.4180
   -7.5000  -30.0000   15.000011868.6035   10.2424
    0.0000  -30.0000   15.000012340.3916   10.2496
    7.5000  -30.0000   15.000011838.1016   10.2403
   -7.5000  -22.5000   15.000012227.3447   10.1692
    0.0000  -22.5000   15.000012712.6748   10.1776
    7.5000  -22.5000   15.000012174.5439   10.1603
   -7.5000  -15.0000   15.000012566.1621   10.1037
    0.0000  -15.0000   15.000013083.8994   10.1127
    7.5000  -15.0000   15.000012526.1338   10.0920
   -7.5000   -7.5000   15.000013106.7295   10.0531
    0.0000   -7.5000   15.000013616.1328   10.0615
    7.5000   -7.5000   15.000013016.3887   10.0457
   -7.5000    0.0000   15.000013660.2754   10.0406
    0.0000    0.0000   15.000014213.6465   10.0475
    7.5000    0.0000   15.000013489.6094   10.0386
   -7.5000    7.5000   15.000013086.5674   10.3033
    0.0000    7.5000   15.000013597.4365   10.3096
    7.5000    7.5000   15.000012986.2451   10.3054
   -7.5000   15.0000   15.000012235.2314   10.7071
    0.0000   15.0000   15.000012664.2852   10.7120
    7.5000   15.0000   15.000012174.0303   10.7057
   -7.5000   22.5000   15.000011483.0039   11.1977
    0.0000   22.5000   15.000011882.9971   11.2005
    7.5000   22.5000   15.000011409.0801   11.1862
   -7.5000   30.0000   15.000010758.1191   11.5946
    0.0000   30.0000   15.000011136.6240   11.5966
    7.5000   30.0000   15.000010679.2754   11.5775
   -7.5000   37.5000   15.000010405.8848   12.0882
    0.0000   37.5000   15.000010770.7402   12.0896
    7.5000   37.5000   15.000010331.4463   12.0753
   -7.5000   45.0000   15.0000 9606.7559   12.2119
    0.0000   45.0000   15.0000 9976.1797   12.2121
    7.5000   45.0000   15.0000 9537.6953   12.2125
   -7.5000  -45.0000   22.500010674.7803   10.3561
    0.0000  -45.0000   22.500011131.3555   10.3618
    7.5000  -45.0000   22.500010716.9404   10.3539
   -7.5000  -37.5000   22.500010826.5430   10.4874
    0.0000  -37.5000   22.500011279.1543   10.4930
    7.5000  -37.5000   22.500010838.8574   10.4901
   -7.5000  -30.0000   22.500011162.1309   10.3153
    0.0000  -30.0000   22.500011603.5156   10.3238
    7.5000  -30.0000   22.500011132.9629   10.3167
   -7.5000  -22.5000   22.500011498.5322   10.2413
    0.0000  -22.5000   22.500011932.4082   10.2521
    7.5000  -22.5000   22.500011429.9004   10.2380
   -7.5000  -15.0000   22.500011770.1123   10.1709
    0.0000  -15.0000   22.500012212.2119   10.1819
    7.5000  -15.0000   22.500011673.4873   10.1649
   -7.5000   -7.5000   22.500012196.5391   10.1165
    0.0000   -7.5000   22.500012633.9824   10.1248
    7.5000   -7.5000   22.500012047.0537   10.1118
   -7.5000    0.0000   22.500012564.6641   10.1042
    0.0000    0.0000   22.500013071.0234   10.1094
    7.5000    0.0000   22.500012412.8584   10.1020
   -7.5000    7.5000   22.500011955.4141   10.3733
    0.0000    7.5000   22.500012412.4102   10.3788
    7.5000    7.5000   22.500011865.2812   10.3761
   -7.5000   15.0000   22.500011199.4453   10.7853
    0.0000   15.0000   22.500011584.2861   10.7915
    7.5000   15.0000   22.500011128.9570   10.7876
   -7.5000   22.5000   22.500010507.1494   11.2834
    0.0000   22.5000   22.500010876.4600   11.2882
    7.5000   22.5000   22.500010417.8262   11.2781
   -7.5000   30.0000   22.5000 9853.7451   11.6823
    0.0000   30.0000   22.500010161.0342   11.6851
    7.5000   30.0000   22.5000 9744.3975   11.6703
   -7.5000   37.5000   22.5000 9558.5342   12.1780
    0.0000   37.5000   22.5000 9878.9180   12.1789
    7.5000   37.5000   22.5000 9452.3252   12.1693
   -7.5000   45.0000   22.5000 8826.1445   12.3040
    0.0000   45.0000   22.5000 9155.9727   12.3018
    7.5000   45.0000   22.5000 8756.6445   12.3061
   -7.5000  -45.0000   30.0000 9851.3643   10.5061
    0.0000  -45.0000   30.000010237.5176   10.5115
    7.5000  -45.0000   30.0000 9870.3242   10.5084
   -7.5000  -37.5000   30.0000 9994.9062   10.6457
    0.0000  -37.5000   30.000010357.0176   10.6512
    7.5000  -37.5000   30.0000 9989.5205   10.6514
   -7.5000  -30.0000   30.000010298.4893   10.4714
    0.0000  -30.0000   30.000010642.5596   10.4807
    7.5000  -30.0000   30.000010257.1631   10.4763
   -7.5000  -22.5000   30.000010569.1152   10.3935
    0.0000  -22.5000   30.000010920.8633   10.4058
    7.5000  -22.5000   30.000010488.2363   10.3961
   -7.5000  -15.0000   30.000010798.3779   10.3166
    0.0000  -15.0000   30.000011179.3281   10.3290
    7.5000  -15.0000   30.000010692.6582   10.3180
   -7.5000   -7.5000   30.000011155.0898   10.2583
    0.0000   -7.5000   30.000011560.0361   10.2673
    7.5000   -7.5000   30.000011002.0811   10.2604
   -7.5000    0.0000   30.000011443.5049   10.2475
    0.0000    0.0000   30.000011894.4990   10.2526
    7.5000    0.0000   30.000011288.6670   10.2499
   -7.5000    7.5000   30.000010885.4785   10.5285
    0.0000    7.5000   30.000011283.7812   10.5340
    7.5000    7.5000   30.000010773.1172   10.5342
   -7.5000   15.0000   30.000010234.0742   10.9538
    0.0000   15.0000   30.000010568.0215   10.9607
    7.5000   15.0000   30.000010133.1260   10.9601
   -7.5000   22.5000   30.0000 9611.6191   11.4651
    0.0000   22.5000   30.0000 9927.6650   11.4713
    7.5000   22.5000   30.0000 9499.6172   11.4667
   -7.5000   30.0000   30.0000 9018.6221   11.8709
    0.0000   30.0000   30.0000 9300.9863   11.8744
    7.5000   30.0000   30.0000 8918.0469   11.8674
   -7.5000   37.5000   30.0000 8771.8057   12.3776
    0.0000   37.5000   30.0000 9051.7832   12.3784
    7.5000   37.5000   30.0000 8654.5312   12.3770
   -7.5000   45.0000   30.0000 8129.5635   12.5144
    0.0000   45.0000   30.0000 8412.9375   12.5103
    7.5000   45.0000   30.0000 8016.7754   12.5208
   -7.5000  -45.0000   37.5000 9348.9902   10.7381
    0.0000  -45.0000   37.5000 9726.1836   10.7445
    7.5000  -45.0000   37.5000 9373.1416   10.7443
   -7.5000  -37.5000   37.5000 9466.3691   10.8709
    0.0000  -37.5000   37.5000 9831.1377   10.8756
    7.5000  -37.5000   37.5000 9457.7344   10.8766
   -7.5000  -30.0000   37.5000 9748.7617   10.6907
    0.0000  -30.0000   37.500010098.7832   10.6980
    7.5000  -30.0000   37.5000 9707.5889   10.6931
   -7.5000  -22.5000   37.500010002.9258   10.6114
    0.0000  -22.5000   37.500010364.7139   10.6214
    7.5000  -22.5000   37.5000 9950.4404   10.6115
   -7.5000  -15.0000   37.500010240.5391   10.5348
    0.0000  -15.0000   37.500010613.9619   10.5459
    7.5000  -15.0000   37.500010179.4414   10.5362
   -7.5000   -7.5000   37.500010602.6846   10.4781
    0.0000   -7.5000   37.500010974.7080   10.4874
    7.5000   -7.5000   37.500010483.2910   10.4831
   -7.5000    0.0000   37.500010873.6582   10.4690
    0.0000    0.0000   37.500011256.6113   10.4752
    7.5000    0.0000   37.500010731.0391   10.4752
   -7.5000    7.5000   37.500010303.8682   10.7491
    0.0000    7.5000   37.500010650.7598   10.7539
    7.5000    7.5000   37.500010179.9092   10.7549
   -7.5000   15.0000   37.5000 9714.8838   11.1750
    0.0000   15.0000   37.5000 9991.5430   11.1796
    7.5000   15.0000   37.5000 9581.1299   11.1785
   -7.5000   22.5000   37.5000 9146.7305   11.6900
    0.0000   22.5000   37.5000 9421.3330   11.6938
    7.5000   22.5000   37.5000 9037.8359   11.6892
   -7.5000   30.0000   37.5000 8605.0332   12.1029
    0.0000   30.0000   37.5000 8869.1016   12.1044
    7.5000   30.0000   37.5000 8507.6826   12.0998
   -7.5000   37.5000   37.5000 8373.4971   12.6275
    0.0000   37.5000   37.5000 8629.0957   12.6272
    7.5000   37.5000   37.5000 8244.3047   12.6282
   -7.5000   45.0000   37.5000 7758.3843   12.7815
    0.0000   45.0000   37.5000 8003.5435   12.7765
    7.5000   45.0000   37.5000 7633.0181   12.7881
   -7.5000  -45.0000   45.0000 8524.5273   11.1169
    0.0000  -45.0000   45.0000 8907.8291   11.1249
    7.5000  -45.0000   45.0000 8576.6123   11.1229
   -7.5000  -37.5000   45.0000 8627.7988   11.2306
    0.0000  -37.5000   45.0000 9015.9307   11.2350
    7.5000  -37.5000   45.0000 8662.5967   11.2332
   -7.5000  -30.0000   45.0000 8903.2354   11.0388
    0.0000  -30.0000   45.0000 9268.7324   11.0440
    7.5000  -30.0000   45.0000 8912.4863   11.0344
   -7.5000  -22.5000   45.0000 9153.7744   10.9595
    0.0000  -22.5000   45.0000 9506.7197   10.9668
    7.5000  -22.5000   45.0000 9145.3320   10.9509
   -7.5000  -15.0000   45.0000 9402.6602   10.8882
    0.0000  -15.0000   45.0000 9755.9561   10.8976
    7.5000  -15.0000   45.0000 9382.4990   10.8818
   -7.5000   -7.5000   45.0000 9734.6113   10.8366
    0.0000   -7.5000   45.000010074.3184   10.8461
    7.5000   -7.5000   45.0000 9643.7061   10.8378
   -7.5000    0.0000   45.0000 9970.4639   10.8279
    0.0000    0.0000   45.000010296.3975   10.8355
    7.5000    0.0000   45.0000 9855.7510   10.8335
   -7.5000    7.5000   45.0000 9424.9648   11.1004
    0.0000    7.5000   45.0000 9720.5098   11.1049
    7.5000    7.5000   45.0000 9320.2305   11.1031
   -7.5000   15.0000   45.0000 8884.2500   11.5192
    0.0000   15.0000   45.0000 9131.3262   11.5211
    7.5000   15.0000   45.0000 8771.6787   11.5149
   -7.5000   22.5000   45.0000 8375.2451   12.0331
    0.0000   22.5000   45.0000 8606.6953   12.0336
    7.5000   22.5000   45.0000 8277.4668   12.0220
   -7.5000   30.0000   45.0000 7876.8164   12.4482
    0.0000   30.0000   45.0000 8105.4497   12.4478
    7.5000   30.0000   45.0000 7789.9487   12.4363
   -7.5000   37.5000   45.0000 7658.0420   12.9864
    0.0000   37.5000   45.0000 7867.3540   12.9851
    7.5000   37.5000   45.0000 7536.6060   12.9795
   -7.5000   45.0000   45.0000 7076.6201   13.1608
    0.0000   45.0000   45.0000 7276.3384   13.1558
    7.5000   45.0000   45.0000 6966.4434   13.1621

---------------------------------------------------------------------
imgreg_4dfp /opt/freesurfer/average/711-2C_as_mni_average_305 /opt/freesurfer/average/711-2B_as_mni_average_305_mask talsrcimg_g11 none talsrcimg_to_711-2C_as_mni_average_305_t4 4355
---------------------------------------------------------------------

freesurfer imgreg_4dfp.c
/opt/freesurfer/average/711-2C_as_mni_average_305.4dfp.img
       256       256       256         1
  1.000000  1.000000  1.000000
orientation T byte_order littleendian
Reading image: /opt/freesurfer/average/711-2C_as_mni_average_305.4dfp.img
dimensions:      256       256       256
mmppix:       1.0000   -1.0000   -1.0000
center:     128.0000 -129.0000 -129.0000
/opt/freesurfer/average/711-2B_as_mni_average_305_mask.4dfp.img
       256       256       256         1
  1.000000  1.000000  1.000000
orientation T byte_order littleendian
Reading mask: /opt/freesurfer/average/711-2B_as_mni_average_305_mask.4dfp.img (2306576 pixels)
talsrcimg_g11.4dfp.img
       256       256       256         1
  1.000000  1.000000  1.000000
orientation T byte_order littleendian
Reading image: talsrcimg_g11.4dfp.img
dimensions:      256       256       256
mmppix:       1.0000   -1.0000   -1.0000
center:     128.0000 -129.0000 -129.0000
rotation matrix determinant  1.000000
image alignment mode   4355 decimal     1103 hex
   -7.5000  -45.0000  -45.0000 2206.9211   12.1762
    0.0000  -45.0000  -45.0000 2232.1353   12.0713
    7.5000  -45.0000  -45.0000 2223.3777   12.1924
   -7.5000  -37.5000  -45.0000 2228.0667   12.1458
    0.0000  -37.5000  -45.0000 2257.3513   12.0482
    7.5000  -37.5000  -45.0000 2242.4526   12.1246
   -7.5000  -30.0000  -45.0000 2252.4136   12.1164
    0.0000  -30.0000  -45.0000 2281.1340   12.0707
    7.5000  -30.0000  -45.0000 2263.0984   12.0908
   -7.5000  -22.5000  -45.0000 2282.7861   12.0702
    0.0000  -22.5000  -45.0000 2306.5774   12.0565
    7.5000  -22.5000  -45.0000 2292.0085   12.0554
   -7.5000  -15.0000  -45.0000 2300.9138   12.0551
    0.0000  -15.0000  -45.0000 2326.9182   12.0021
    7.5000  -15.0000  -45.0000 2304.9836   11.9822
   -7.5000   -7.5000  -45.0000 2317.4180   12.0673
    0.0000   -7.5000  -45.0000 2346.2742   11.9848
    7.5000   -7.5000  -45.0000 2313.9775   11.9639
   -7.5000    0.0000  -45.0000 2328.1121   12.1182
    0.0000    0.0000  -45.0000 2346.2817   12.0297
    7.5000    0.0000  -45.0000 2315.6294   12.0091
   -7.5000    7.5000  -45.0000 2332.4683   12.1119
    0.0000    7.5000  -45.0000 2344.1553   12.0785
    7.5000    7.5000  -45.0000 2314.6523   12.0351
   -7.5000   15.0000  -45.0000 2336.8389   12.2570
    0.0000   15.0000  -45.0000 2345.4250   12.2303
    7.5000   15.0000  -45.0000 2315.6765   12.2109
   -7.5000   22.5000  -45.0000 2320.9409   12.4590
    0.0000   22.5000  -45.0000 2335.4675   12.4536
    7.5000   22.5000  -45.0000 2301.2520   12.4702
   -7.5000   30.0000  -45.0000 2294.9333   12.9198
    0.0000   30.0000  -45.0000 2307.5554   12.9209
    7.5000   30.0000  -45.0000 2281.3167   12.9400
   -7.5000   37.5000  -45.0000 2248.5405   13.5264
    0.0000   37.5000  -45.0000 2261.6541   13.5162
    7.5000   37.5000  -45.0000 2234.2156   13.5711
   -7.5000   45.0000  -45.0000 2178.9814   14.2605
    0.0000   45.0000  -45.0000 2190.3914   14.2273
    7.5000   45.0000  -45.0000 2161.8113   14.3225
   -7.5000  -45.0000  -37.5000 2292.2620   11.2779
    0.0000  -45.0000  -37.5000 2317.1262   11.1427
    7.5000  -45.0000  -37.5000 2308.8513   11.2299
   -7.5000  -37.5000  -37.5000 2315.9895   11.2539
    0.0000  -37.5000  -37.5000 2343.2185   11.1548
    7.5000  -37.5000  -37.5000 2330.6577   11.2364
   -7.5000  -30.0000  -37.5000 2345.9875   11.2433
    0.0000  -30.0000  -37.5000 2375.4517   11.1911
    7.5000  -30.0000  -37.5000 2357.9360   11.2095
   -7.5000  -22.5000  -37.5000 2369.1875   11.1910
    0.0000  -22.5000  -37.5000 2398.9011   11.1618
    7.5000  -22.5000  -37.5000 2377.9512   11.1425
   -7.5000  -15.0000  -37.5000 2382.1216   11.1727
    0.0000  -15.0000  -37.5000 2407.0320   11.0923
    7.5000  -15.0000  -37.5000 2385.0791   11.0712
   -7.5000   -7.5000  -37.5000 2399.4038   11.2058
    0.0000   -7.5000  -37.5000 2421.1392   11.0946
    7.5000   -7.5000  -37.5000 2397.9470   11.0607
   -7.5000    0.0000  -37.5000 2412.4553   11.2530
    0.0000    0.0000  -37.5000 2428.2869   11.1544
    7.5000    0.0000  -37.5000 2404.2524   11.1178
   -7.5000    7.5000  -37.5000 2423.7695   11.2508
    0.0000    7.5000  -37.5000 2434.6492   11.1729
    7.5000    7.5000  -37.5000 2405.4290   11.1602
   -7.5000   15.0000  -37.5000 2420.7471   11.4080
    0.0000   15.0000  -37.5000 2434.6340   11.3794
    7.5000   15.0000  -37.5000 2398.9082   11.3680
   -7.5000   22.5000  -37.5000 2406.0884   11.6825
    0.0000   22.5000  -37.5000 2425.2346   11.6766
    7.5000   22.5000  -37.5000 2388.5151   11.7071
   -7.5000   30.0000  -37.5000 2378.8396   12.1713
    0.0000   30.0000  -37.5000 2397.0837   12.1470
    7.5000   30.0000  -37.5000 2366.3464   12.1678
   -7.5000   37.5000  -37.5000 2324.4917   12.7572
    0.0000   37.5000  -37.5000 2340.9897   12.7481
    7.5000   37.5000  -37.5000 2310.8000   12.7771
   -7.5000   45.0000  -37.5000 2249.2078   13.4645
    0.0000   45.0000  -37.5000 2264.8149   13.4038
    7.5000   45.0000  -37.5000 2241.2700   13.5022
   -7.5000  -45.0000  -30.0000 2425.4045   10.9127
    0.0000  -45.0000  -30.0000 2446.1562   10.7588
    7.5000  -45.0000  -30.0000 2438.4924   10.8300
   -7.5000  -37.5000  -30.0000 2447.5312   10.8746
    0.0000  -37.5000  -30.0000 2472.4646   10.7727
    7.5000  -37.5000  -30.0000 2463.6125   10.8520
   -7.5000  -30.0000  -30.0000 2476.0872   10.8398
    0.0000  -30.0000  -30.0000 2502.6504   10.7521
    7.5000  -30.0000  -30.0000 2485.7188   10.8001
   -7.5000  -22.5000  -30.0000 2490.9004   10.7821
    0.0000  -22.5000  -30.0000 2516.3962   10.6749
    7.5000  -22.5000  -30.0000 2500.3264   10.7020
   -7.5000  -15.0000  -30.0000 2501.4185   10.7341
    0.0000  -15.0000  -30.0000 2525.2148   10.6339
    7.5000  -15.0000  -30.0000 2504.7693   10.6249
   -7.5000   -7.5000  -30.0000 2523.7205   10.7965
    0.0000   -7.5000  -30.0000 2536.9363   10.6745
    7.5000   -7.5000  -30.0000 2520.1985   10.6724
   -7.5000    0.0000  -30.0000 2535.0398   10.8779
    0.0000    0.0000  -30.0000 2551.1218   10.7550
    7.5000    0.0000  -30.0000 2529.7163   10.7640
   -7.5000    7.5000  -30.0000 2547.1104   10.8815
    0.0000    7.5000  -30.0000 2565.6406   10.7308
    7.5000    7.5000  -30.0000 2531.9844   10.8146
   -7.5000   15.0000  -30.0000 2545.6851   11.0425
    0.0000   15.0000  -30.0000 2563.0845   10.9388
    7.5000   15.0000  -30.0000 2529.0579   11.0457
   -7.5000   22.5000  -30.0000 2532.4646   11.3931
    0.0000   22.5000  -30.0000 2554.7627   11.2946
    7.5000   22.5000  -30.0000 2525.4548   11.4036
   -7.5000   30.0000  -30.0000 2504.3965   11.9182
    0.0000   30.0000  -30.0000 2522.5149   11.8046
    7.5000   30.0000  -30.0000 2491.3757   11.9130
   -7.5000   37.5000  -30.0000 2448.4819   12.4891
    0.0000   37.5000  -30.0000 2463.3052   12.4010
    7.5000   37.5000  -30.0000 2435.7605   12.5038
   -7.5000   45.0000  -30.0000 2366.4124   13.2167
    0.0000   45.0000  -30.0000 2377.6636   13.1045
    7.5000   45.0000  -30.0000 2353.3914   13.2567
   -7.5000  -45.0000  -22.5000 2531.0857   10.5820
    0.0000  -45.0000  -22.5000 2554.7493   10.3870
    7.5000  -45.0000  -22.5000 2540.1582   10.4436
   -7.5000  -37.5000  -22.5000 2547.9663   10.5240
    0.0000  -37.5000  -22.5000 2568.7937   10.3612
    7.5000  -37.5000  -22.5000 2563.0396   10.4502
   -7.5000  -30.0000  -22.5000 2563.9065   10.4341
    0.0000  -30.0000  -22.5000 2583.1289   10.2853
    7.5000  -30.0000  -22.5000 2576.8406   10.3896
   -7.5000  -22.5000  -22.5000 2572.5251   10.3537
    0.0000  -22.5000  -22.5000 2598.2329   10.1991
    7.5000  -22.5000  -22.5000 2591.7617   10.2888
   -7.5000  -15.0000  -22.5000 2593.9045   10.2816
    0.0000  -15.0000  -22.5000 2616.6646   10.1242
    7.5000  -15.0000  -22.5000 2600.3672   10.2101
   -7.5000   -7.5000  -22.5000 2615.6689   10.3509
    0.0000   -7.5000  -22.5000 2633.0979   10.2007
    7.5000   -7.5000  -22.5000 2615.7483   10.2949
   -7.5000    0.0000  -22.5000 2633.8606   10.5112
    0.0000    0.0000  -22.5000 2652.3936   10.3382
    7.5000    0.0000  -22.5000 2630.5793   10.4374
   -7.5000    7.5000  -22.5000 2649.7773   10.5505
    0.0000    7.5000  -22.5000 2672.6836   10.3234
    7.5000    7.5000  -22.5000 2637.2332   10.4835
   -7.5000   15.0000  -22.5000 2651.0864   10.7111
    0.0000   15.0000  -22.5000 2664.9768   10.4423
    7.5000   15.0000  -22.5000 2630.4978   10.7316
   -7.5000   22.5000  -22.5000 2641.6904   11.0910
    0.0000   22.5000  -22.5000 2648.6506   10.8229
    7.5000   22.5000  -22.5000 2625.8484   11.1319
   -7.5000   30.0000  -22.5000 2603.4016   11.6199
    0.0000   30.0000  -22.5000 2610.2988   11.3532
    7.5000   30.0000  -22.5000 2589.1794   11.6148
   -7.5000   37.5000  -22.5000 2538.8997   12.1937
    0.0000   37.5000  -22.5000 2541.9556   11.9919
    7.5000   37.5000  -22.5000 2526.7219   12.2072
   -7.5000   45.0000  -22.5000 2450.7100   12.9518
    0.0000   45.0000  -22.5000 2455.8188   12.7596
    7.5000   45.0000  -22.5000 2440.8945   12.9741
   -7.5000  -45.0000  -15.0000 2587.7026   10.2705
    0.0000  -45.0000  -15.0000 2611.9722   10.0420
    7.5000  -45.0000  -15.0000 2600.6182   10.1385
   -7.5000  -37.5000  -15.0000 2601.6980   10.1789
    0.0000  -37.5000  -15.0000 2621.5188    9.9590
    7.5000  -37.5000  -15.0000 2614.8472   10.0687
   -7.5000  -30.0000  -15.0000 2615.6785   10.1012
    0.0000  -30.0000  -15.0000 2632.4695    9.8648
    7.5000  -30.0000  -15.0000 2625.8333    9.9977
   -7.5000  -22.5000  -15.0000 2627.0938    9.9978
    0.0000  -22.5000  -15.0000 2650.9119    9.7704
    7.5000  -22.5000  -15.0000 2641.0276    9.9061
   -7.5000  -15.0000  -15.0000 2648.4792    9.9064
    0.0000  -15.0000  -15.0000 2666.2493    9.6798
    7.5000  -15.0000  -15.0000 2649.5222    9.8494
   -7.5000   -7.5000  -15.0000 2676.2234   10.0039
    0.0000   -7.5000  -15.0000 2691.2859    9.7700
    7.5000   -7.5000  -15.0000 2672.3853    9.9646
   -7.5000    0.0000  -15.0000 2701.9587   10.2342
    0.0000    0.0000  -15.0000 2710.9153    9.9796
    7.5000    0.0000  -15.0000 2692.4771   10.1593
   -7.5000    7.5000  -15.0000 2723.1775   10.3597
    0.0000    7.5000  -15.0000 2741.9460   10.0963
    7.5000    7.5000  -15.0000 2704.8599   10.2900
   -7.5000   15.0000  -15.0000 2719.6311   10.4568
    0.0000   15.0000  -15.0000 2723.8655   10.0874
    7.5000   15.0000  -15.0000 2690.7825   10.4708
   -7.5000   22.5000  -15.0000 2694.7256   10.8159
    0.0000   22.5000  -15.0000 2690.4292   10.4196
    7.5000   22.5000  -15.0000 2670.7773   10.9129
   -7.5000   30.0000  -15.0000 2647.8599   11.3089
    0.0000   30.0000  -15.0000 2641.1047   10.9622
    7.5000   30.0000  -15.0000 2632.8394   11.3992
   -7.5000   37.5000  -15.0000 2587.5559   11.9071
    0.0000   37.5000  -15.0000 2580.8110   11.6223
    7.5000   37.5000  -15.0000 2576.9136   12.0044
   -7.5000   45.0000  -15.0000 2492.6665   12.6794
    0.0000   45.0000  -15.0000 2492.9707   12.4527
    7.5000   45.0000  -15.0000 2480.7666   12.7963
   -7.5000  -45.0000   -7.5000 2622.9255   10.0725
    0.0000  -45.0000   -7.5000 2647.9302    9.7558
    7.5000  -45.0000   -7.5000 2639.9858    9.9141
   -7.5000  -37.5000   -7.5000 2628.0334    9.9434
    0.0000  -37.5000   -7.5000 2653.0381    9.6420
    7.5000  -37.5000   -7.5000 2645.5232    9.7886
   -7.5000  -30.0000   -7.5000 2641.3955    9.8061
    0.0000  -30.0000   -7.5000 2660.2820    9.5277
    7.5000  -30.0000   -7.5000 2651.7771    9.6711
   -7.5000  -22.5000   -7.5000 2653.1934    9.6762
    0.0000  -22.5000   -7.5000 2675.5715    9.4174
    7.5000  -22.5000   -7.5000 2658.0757    9.5867
   -7.5000  -15.0000   -7.5000 2673.0476    9.6110
    0.0000  -15.0000   -7.5000 2693.2153    9.3459
    7.5000  -15.0000   -7.5000 2671.6990    9.5468
   -7.5000   -7.5000   -7.5000 2702.2593    9.7102
    0.0000   -7.5000   -7.5000 2714.3940    9.4439
    7.5000   -7.5000   -7.5000 2695.8806    9.6659
   -7.5000    0.0000   -7.5000 2734.9058   10.0205
    0.0000    0.0000   -7.5000 2743.7512    9.7253
    7.5000    0.0000   -7.5000 2721.1182    9.9380
   -7.5000    7.5000   -7.5000 2762.5640   10.3612
    0.0000    7.5000   -7.5000 2771.9028   10.0814
    7.5000    7.5000   -7.5000 2745.5474   10.2924
   -7.5000   15.0000   -7.5000 2753.2021   10.4429
    0.0000   15.0000   -7.5000 2754.7056   10.1170
    7.5000   15.0000   -7.5000 2732.0886   10.5398
   -7.5000   22.5000   -7.5000 2719.7305   10.6884
    0.0000   22.5000   -7.5000 2712.8757   10.3244
    7.5000   22.5000   -7.5000 2703.0938   10.8381
   -7.5000   30.0000   -7.5000 2659.3528   11.0510
    0.0000   30.0000   -7.5000 2657.0476   10.8045
    7.5000   30.0000   -7.5000 2652.2632   11.2675
   -7.5000   37.5000   -7.5000 2590.9138   11.6662
    0.0000   37.5000   -7.5000 2598.4009   11.5102
    7.5000   37.5000   -7.5000 2584.2166   11.8427
   -7.5000   45.0000   -7.5000 2490.3462   12.5191
    0.0000   45.0000   -7.5000 2508.3892   12.4651
    7.5000   45.0000   -7.5000 2485.5828   12.6271
   -7.5000  -45.0000    0.0000 2645.5625    9.9773
    0.0000  -45.0000    0.0000 2670.3726    9.6742
    7.5000  -45.0000    0.0000 2657.3013    9.8106
   -7.5000  -37.5000    0.0000 2646.7927    9.8490
    0.0000  -37.5000    0.0000 2675.0076    9.5613
    7.5000  -37.5000    0.0000 2658.3589    9.6883
   -7.5000  -30.0000    0.0000 2651.7502    9.6804
    0.0000  -30.0000    0.0000 2676.1790    9.4173
    7.5000  -30.0000    0.0000 2661.6001    9.5579
   -7.5000  -22.5000    0.0000 2661.1345    9.5663
    0.0000  -22.5000    0.0000 2679.8875    9.2887
    7.5000  -22.5000    0.0000 2661.0825    9.4740
   -7.5000  -15.0000    0.0000 2679.4688    9.5383
    0.0000  -15.0000    0.0000 2692.0737    9.2409
    7.5000  -15.0000    0.0000 2678.5024    9.4727
   -7.5000   -7.5000    0.0000 2707.1423    9.6923
    0.0000   -7.5000    0.0000 2713.2529    9.3828
    7.5000   -7.5000    0.0000 2691.4055    9.6465
   -7.5000    0.0000    0.0000 2741.3398   10.0740
    0.0000    0.0000    0.0000 2751.5559    9.7854
    7.5000    0.0000    0.0000 2722.4255   10.0088
   -7.5000    7.5000    0.0000 2763.5767   10.5185
    0.0000    7.5000    0.0000 2788.7893   10.3090
    7.5000    7.5000    0.0000 2753.2993   10.5261
   -7.5000   15.0000    0.0000 2745.0071   10.6932
    0.0000   15.0000    0.0000 2772.8899   10.5556
    7.5000   15.0000    0.0000 2740.9167   10.8898
   -7.5000   22.5000    0.0000 2708.8691   10.8461
    0.0000   22.5000    0.0000 2733.7517   10.8166
    7.5000   22.5000    0.0000 2705.9192   11.1175
   -7.5000   30.0000    0.0000 2652.2549   11.2025
    0.0000   30.0000    0.0000 2677.1274   11.1927
    7.5000   30.0000    0.0000 2646.2783   11.3913
   -7.5000   37.5000    0.0000 2575.9873   11.8220
    0.0000   37.5000    0.0000 2601.3979   11.7752
    7.5000   37.5000    0.0000 2569.6707   11.8962
   -7.5000   45.0000    0.0000 2475.4912   12.6664
    0.0000   45.0000    0.0000 2503.3286   12.6261
    7.5000   45.0000    0.0000 2465.0503   12.6656
   -7.5000  -45.0000    7.5000 2647.7170   10.0679
    0.0000  -45.0000    7.5000 2676.3330    9.7823
    7.5000  -45.0000    7.5000 2656.4817    9.8896
   -7.5000  -37.5000    7.5000 2648.5237    9.9100
    0.0000  -37.5000    7.5000 2678.7568    9.5868
    7.5000  -37.5000    7.5000 2655.5906    9.7292
   -7.5000  -30.0000    7.5000 2643.2607    9.7519
    0.0000  -30.0000    7.5000 2670.5645    9.4539
    7.5000  -30.0000    7.5000 2652.1426    9.6107
   -7.5000  -22.5000    7.5000 2653.2158    9.6869
    0.0000  -22.5000    7.5000 2672.6453    9.4097
    7.5000  -22.5000    7.5000 2654.2024    9.5894
   -7.5000  -15.0000    7.5000 2670.2390    9.7330
    0.0000  -15.0000    7.5000 2687.3638    9.5056
    7.5000  -15.0000    7.5000 2669.2983    9.6937
   -7.5000   -7.5000    7.5000 2698.8796    9.9534
    0.0000   -7.5000    7.5000 2717.4736    9.7840
    7.5000   -7.5000    7.5000 2687.6345    9.9557
   -7.5000    0.0000    7.5000 2727.8430   10.3570
    0.0000    0.0000    7.5000 2752.1167   10.2342
    7.5000    0.0000    7.5000 2713.6736   10.3801
   -7.5000    7.5000    7.5000 2741.8354   10.8115
    0.0000    7.5000    7.5000 2778.4812   10.7416
    7.5000    7.5000    7.5000 2734.2542   10.8857
   -7.5000   15.0000    7.5000 2719.9810   10.9717
    0.0000   15.0000    7.5000 2747.8660   10.9230
    7.5000   15.0000    7.5000 2714.2207   11.1988
   -7.5000   22.5000    7.5000 2686.1812   11.2820
    0.0000   22.5000    7.5000 2709.6235   11.2478
    7.5000   22.5000    7.5000 2681.1362   11.4754
   -7.5000   30.0000    7.5000 2627.3870   11.7867
    0.0000   30.0000    7.5000 2649.9150   11.7215
    7.5000   30.0000    7.5000 2618.5627   11.8823
   -7.5000   37.5000    7.5000 2540.7051   12.3657
    0.0000   37.5000    7.5000 2559.2466   12.3293
    7.5000   37.5000    7.5000 2537.8547   12.5002
   -7.5000   45.0000    7.5000 2442.9382   13.1062
    0.0000   45.0000    7.5000 2461.0293   13.0612
    7.5000   45.0000    7.5000 2429.3667   13.1827
   -7.5000  -45.0000   15.0000 2624.1067   10.3576
    0.0000  -45.0000   15.0000 2648.1228   10.0840
    7.5000  -45.0000   15.0000 2639.7991   10.1701
   -7.5000  -37.5000   15.0000 2626.1943   10.2258
    0.0000  -37.5000   15.0000 2651.5300    9.9449
    7.5000  -37.5000   15.0000 2638.0659   10.0644
   -7.5000  -30.0000   15.0000 2621.2773   10.0961
    0.0000  -30.0000   15.0000 2644.0298    9.8418
    7.5000  -30.0000   15.0000 2629.2727    9.9763
   -7.5000  -22.5000   15.0000 2634.1028   10.0910
    0.0000  -22.5000   15.0000 2654.5618    9.8999
    7.5000  -22.5000   15.0000 2638.5327   10.0274
   -7.5000  -15.0000   15.0000 2652.2051   10.1836
    0.0000  -15.0000   15.0000 2677.5525   10.0688
    7.5000  -15.0000   15.0000 2652.2769   10.1859
   -7.5000   -7.5000   15.0000 2673.2102   10.3682
    0.0000   -7.5000   15.0000 2703.3779   10.2836
    7.5000   -7.5000   15.0000 2670.0613   10.4058
   -7.5000    0.0000   15.0000 2694.8804   10.7089
    0.0000    0.0000   15.0000 2724.5120   10.5998
    7.5000    0.0000   15.0000 2688.1660   10.7202
   -7.5000    7.5000   15.0000 2703.8755   11.1018
    0.0000    7.5000   15.0000 2739.8440   11.0024
    7.5000    7.5000   15.0000 2699.4185   11.1547
   -7.5000   15.0000   15.0000 2671.8870   11.2680
    0.0000   15.0000   15.0000 2691.9702   11.1561
    7.5000   15.0000   15.0000 2664.0457   11.4262
   -7.5000   22.5000   15.0000 2630.7214   11.7067
    0.0000   22.5000   15.0000 2654.7605   11.5847
    7.5000   22.5000   15.0000 2624.3035   11.7647
   -7.5000   30.0000   15.0000 2566.8782   12.2895
    0.0000   30.0000   15.0000 2591.1094   12.1694
    7.5000   30.0000   15.0000 2560.3501   12.3325
   -7.5000   37.5000   15.0000 2481.3669   12.9541
    0.0000   37.5000   15.0000 2504.5955   12.8405
    7.5000   37.5000   15.0000 2476.2646   13.0174
   -7.5000   45.0000   15.0000 2381.3938   13.7258
    0.0000   45.0000   15.0000 2406.2229   13.6826
    7.5000   45.0000   15.0000 2372.2073   13.8513
   -7.5000  -45.0000   22.5000 2593.2141   10.9011
    0.0000  -45.0000   22.5000 2619.2883   10.6299
    7.5000  -45.0000   22.5000 2608.9250   10.6953
   -7.5000  -37.5000   22.5000 2601.4080   10.7647
    0.0000  -37.5000   22.5000 2623.2942   10.5178
    7.5000  -37.5000   22.5000 2613.1082   10.6341
   -7.5000  -30.0000   22.5000 2604.2344   10.6716
    0.0000  -30.0000   22.5000 2622.8782   10.4585
    7.5000  -30.0000   22.5000 2612.7993   10.5940
   -7.5000  -22.5000   22.5000 2610.9399   10.6874
    0.0000  -22.5000   22.5000 2633.9849   10.5182
    7.5000  -22.5000   22.5000 2617.8560   10.6408
   -7.5000  -15.0000   22.5000 2619.3286   10.7359
    0.0000  -15.0000   22.5000 2644.2646   10.6141
    7.5000  -15.0000   22.5000 2618.4797   10.7322
   -7.5000   -7.5000   22.5000 2631.1895   10.8590
    0.0000   -7.5000   22.5000 2667.0049   10.7615
    7.5000   -7.5000   22.5000 2628.9075   10.8821
   -7.5000    0.0000   22.5000 2645.1382   11.1490
    0.0000    0.0000   22.5000 2682.8953   11.0270
    7.5000    0.0000   22.5000 2639.8647   11.1920
   -7.5000    7.5000   22.5000 2648.6599   11.4699
    0.0000    7.5000   22.5000 2683.5959   11.3591
    7.5000    7.5000   22.5000 2639.5532   11.5448
   -7.5000   15.0000   22.5000 2610.5010   11.7108
    0.0000   15.0000   22.5000 2630.6321   11.5975
    7.5000   15.0000   22.5000 2599.8635   11.8158
   -7.5000   22.5000   22.5000 2557.7710   12.2386
    0.0000   22.5000   22.5000 2585.0046   12.1000
    7.5000   22.5000   22.5000 2547.1084   12.2518
   -7.5000   30.0000   22.5000 2498.3992   12.8681
    0.0000   30.0000   22.5000 2516.7180   12.7297
    7.5000   30.0000   22.5000 2484.3730   12.8755
   -7.5000   37.5000   22.5000 2426.0706   13.5848
    0.0000   37.5000   22.5000 2448.5886   13.4695
    7.5000   37.5000   22.5000 2416.8010   13.6353
   -7.5000   45.0000   22.5000 2334.2505   14.4096
    0.0000   45.0000   22.5000 2357.5994   14.3555
    7.5000   45.0000   22.5000 2324.1101   14.5158
   -7.5000  -45.0000   30.0000 2556.7747   11.5753
    0.0000  -45.0000   30.0000 2575.4397   11.3341
    7.5000  -45.0000   30.0000 2568.5991   11.3874
   -7.5000  -37.5000   30.0000 2564.6812   11.4549
    0.0000  -37.5000   30.0000 2581.1375   11.2141
    7.5000  -37.5000   30.0000 2574.2576   11.3107
   -7.5000  -30.0000   30.0000 2564.2964   11.3472
    0.0000  -30.0000   30.0000 2582.7161   11.1299
    7.5000  -30.0000   30.0000 2580.6326   11.2524
   -7.5000  -22.5000   30.0000 2565.1768   11.3219
    0.0000  -22.5000   30.0000 2588.6118   11.1217
    7.5000  -22.5000   30.0000 2579.1272   11.2407
   -7.5000  -15.0000   30.0000 2562.8977   11.3417
    0.0000  -15.0000   30.0000 2595.0591   11.1749
    7.5000  -15.0000   30.0000 2569.8721   11.3088
   -7.5000   -7.5000   30.0000 2571.9709   11.4606
    0.0000   -7.5000   30.0000 2608.7229   11.3206
    7.5000   -7.5000   30.0000 2572.3369   11.4543
   -7.5000    0.0000   30.0000 2572.6172   11.7184
    0.0000    0.0000   30.0000 2610.3145   11.5834
    7.5000    0.0000   30.0000 2570.3513   11.7429
   -7.5000    7.5000   30.0000 2569.4233   11.9828
    0.0000    7.5000   30.0000 2600.1406   11.8733
    7.5000    7.5000   30.0000 2557.9558   12.0728
   -7.5000   15.0000   30.0000 2531.8247   12.3296
    0.0000   15.0000   30.0000 2549.7883   12.1909
    7.5000   15.0000   30.0000 2517.3491   12.4009
   -7.5000   22.5000   30.0000 2474.2090   12.8872
    0.0000   22.5000   30.0000 2499.9771   12.7459
    7.5000   22.5000   30.0000 2460.7705   12.8967
   -7.5000   30.0000   30.0000 2418.5862   13.5774
    0.0000   30.0000   30.0000 2433.1729   13.4576
    7.5000   30.0000   30.0000 2405.0164   13.6003
   -7.5000   37.5000   30.0000 2354.9080   14.3327
    0.0000   37.5000   30.0000 2368.4832   14.2375
    7.5000   37.5000   30.0000 2342.8569   14.4136
   -7.5000   45.0000   30.0000 2273.1084   15.1739
    0.0000   45.0000   30.0000 2292.0754   15.0892
    7.5000   45.0000   30.0000 2257.5452   15.2854
   -7.5000  -45.0000   37.5000 2505.4900   12.3581
    0.0000  -45.0000   37.5000 2525.7432   12.1000
    7.5000  -45.0000   37.5000 2518.3999   12.1475
   -7.5000  -37.5000   37.5000 2507.0779   12.2078
    0.0000  -37.5000   37.5000 2527.9915   11.9630
    7.5000  -37.5000   37.5000 2519.6208   12.0152
   -7.5000  -30.0000   37.5000 2508.0239   12.0860
    0.0000  -30.0000   37.5000 2530.5269   11.8438
    7.5000  -30.0000   37.5000 2522.3896   11.9132
   -7.5000  -22.5000   37.5000 2506.3730   12.0478
    0.0000  -22.5000   37.5000 2528.8176   11.8160
    7.5000  -22.5000   37.5000 2522.0994   11.9051
   -7.5000  -15.0000   37.5000 2501.3601   12.0600
    0.0000  -15.0000   37.5000 2528.0894   11.8871
    7.5000  -15.0000   37.5000 2512.8892   12.0118
   -7.5000   -7.5000   37.5000 2506.7134   12.2262
    0.0000   -7.5000   37.5000 2536.2539   12.0593
    7.5000   -7.5000   37.5000 2509.7874   12.2036
   -7.5000    0.0000   37.5000 2498.2515   12.4713
    0.0000    0.0000   37.5000 2528.1135   12.2836
    7.5000    0.0000   37.5000 2497.0728   12.4686
   -7.5000    7.5000   37.5000 2487.0178   12.7125
    0.0000    7.5000   37.5000 2504.8347   12.5684
    7.5000    7.5000   37.5000 2473.3474   12.7750
   -7.5000   15.0000   37.5000 2446.3167   13.1410
    0.0000   15.0000   37.5000 2457.0420   12.9266
    7.5000   15.0000   37.5000 2429.1157   13.1660
   -7.5000   22.5000   37.5000 2388.5435   13.7711
    0.0000   22.5000   37.5000 2406.7183   13.5673
    7.5000   22.5000   37.5000 2373.8840   13.7469
   -7.5000   30.0000   37.5000 2334.7278   14.5688
    0.0000   30.0000   37.5000 2344.9954   14.4067
    7.5000   30.0000   37.5000 2322.3281   14.5864
   -7.5000   37.5000   37.5000 2275.2632   15.3763
    0.0000   37.5000   37.5000 2279.8123   15.2659
    7.5000   37.5000   37.5000 2259.0217   15.4661
   -7.5000   45.0000   37.5000 2199.1721   16.2507
    0.0000   45.0000   37.5000 2206.0938   16.1063
    7.5000   45.0000   37.5000 2181.3787   16.3064
   -7.5000  -45.0000   45.0000 2437.4475   13.2817
    0.0000  -45.0000   45.0000 2460.1240   13.0148
    7.5000  -45.0000   45.0000 2453.2700   13.0482
   -7.5000  -37.5000   45.0000 2440.8799   13.0975
    0.0000  -37.5000   45.0000 2463.5232   12.8468
    7.5000  -37.5000   45.0000 2453.7468   12.8959
   -7.5000  -30.0000   45.0000 2442.4832   12.9584
    0.0000  -30.0000   45.0000 2464.1357   12.7239
    7.5000  -30.0000   45.0000 2453.5435   12.7798
   -7.5000  -22.5000   45.0000 2437.6436   12.9484
    0.0000  -22.5000   45.0000 2455.4961   12.6826
    7.5000  -22.5000   45.0000 2449.3281   12.7828
   -7.5000  -15.0000   45.0000 2431.2405   13.0101
    0.0000  -15.0000   45.0000 2447.4465   12.7649
    7.5000  -15.0000   45.0000 2436.0894   12.8973
   -7.5000   -7.5000   45.0000 2431.3857   13.1736
    0.0000   -7.5000   45.0000 2450.8894   12.9610
    7.5000   -7.5000   45.0000 2429.6721   13.1197
   -7.5000    0.0000   45.0000 2418.9121   13.3959
    0.0000    0.0000   45.0000 2438.7876   13.1741
    7.5000    0.0000   45.0000 2415.3464   13.3731
   -7.5000    7.5000   45.0000 2392.4382   13.6619
    0.0000    7.5000   45.0000 2404.2358   13.4711
    7.5000    7.5000   45.0000 2388.6204   13.6782
   -7.5000   15.0000   45.0000 2346.7466   14.1863
    0.0000   15.0000   45.0000 2354.1260   13.9101
    7.5000   15.0000   45.0000 2339.4563   14.1727
   -7.5000   22.5000   45.0000 2294.5212   14.9069
    0.0000   22.5000   45.0000 2300.9382   14.6265
    7.5000   22.5000   45.0000 2284.7292   14.8481
   -7.5000   30.0000   45.0000 2236.9700   15.7795
    0.0000   30.0000   45.0000 2241.9797   15.5654
    7.5000   30.0000   45.0000 2225.8345   15.7666
   -7.5000   37.5000   45.0000 2179.2930   16.6677
    0.0000   37.5000   45.0000 2177.5820   16.4944
    7.5000   37.5000   45.0000 2161.6223   16.7389
   -7.5000   45.0000   45.0000 2100.1848   17.6437
    0.0000   45.0000   45.0000 2103.4666   17.4356
    7.5000   45.0000   45.0000 2088.2080   17.7020

---------------------------------------------------------------------
imgreg_4dfp /opt/freesurfer/average/711-2C_as_mni_average_305 /opt/freesurfer/average/711-2B_as_mni_average_305_mask talsrcimg_g11 none talsrcimg_to_711-2C_as_mni_average_305_t4 1283
---------------------------------------------------------------------

freesurfer imgreg_4dfp.c
/opt/freesurfer/average/711-2C_as_mni_average_305.4dfp.img
       256       256       256         1
  1.000000  1.000000  1.000000
orientation T byte_order littleendian
Reading image: /opt/freesurfer/average/711-2C_as_mni_average_305.4dfp.img
dimensions:      256       256       256
mmppix:       1.0000   -1.0000   -1.0000
center:     128.0000 -129.0000 -129.0000
/opt/freesurfer/average/711-2B_as_mni_average_305_mask.4dfp.img
       256       256       256         1
  1.000000  1.000000  1.000000
orientation T byte_order littleendian
Reading mask: /opt/freesurfer/average/711-2B_as_mni_average_305_mask.4dfp.img (2306576 pixels)
talsrcimg_g11.4dfp.img
       256       256       256         1
  1.000000  1.000000  1.000000
orientation T byte_order littleendian
Reading image: talsrcimg_g11.4dfp.img
dimensions:      256       256       256
mmppix:       1.0000   -1.0000   -1.0000
center:     128.0000 -129.0000 -129.0000
rotation matrix determinant  1.000000
fimgreg.f
image alignment mode   1283 decimal      503 hex
parameters
    0.0000    7.5000    0.0000    0.0000    0.0000    0.0000
eta,q 0.87291 10.41222
niter,ni,del,rscale     5    3   12.0000    1.2000
parameter  2 -0.661512 -> -0.500000 qaram    1.1500
parameters
   -1.8313   10.9500    0.9086   -1.6059   -1.1278    1.0123
eta,q 0.88424 10.41781
  0.1262  0.1330  0.1301  0.1220  0.1220  0.1242
  0.1234  0.1300  0.1272  0.1194  0.1180  0.1200
  0.1223  0.1258  0.1240  0.1173  0.1160  0.1171
  0.1236  0.1218  0.1200  0.1190  0.1173  0.1161
  0.1257  0.1201  0.1194  0.1215  0.1201  0.1157
  0.1289  0.1195  0.1228  0.1240  0.1230  0.1174
  0.1330  0.1213  0.1270  0.1265  0.1237  0.1200
niter,ni,del,rscale     5    3   12.0000    1.2000
parameters
   -0.6397   11.7995    1.0106   -1.9817   -1.0602    1.7204
eta,q 0.88454 10.50733
  0.1328  0.1295  0.1277  0.1226  0.1249  0.1215
  0.1244  0.1242  0.1245  0.1200  0.1189  0.1183
  0.1184  0.1192  0.1197  0.1168  0.1158  0.1158
  0.1158  0.1158  0.1154  0.1153  0.1153  0.1153
  0.1163  0.1164  0.1175  0.1178  0.1171  0.1159
  0.1184  0.1203  0.1230  0.1210  0.1204  0.1173
  0.1228  0.1247  0.1283  0.1245  0.1229  0.1187
niter,ni,del,rscale     4    3   12.0000    1.2000
parameters
   -0.3098   12.1988    0.9991   -2.2292   -1.0512    1.8337
eta,q 0.88443 10.53783
  0.1277  0.1278  0.1274  0.1223  0.1240  0.1204
  0.1207  0.1225  0.1241  0.1198  0.1188  0.1174
  0.1164  0.1182  0.1194  0.1171  0.1160  0.1154
  0.1155  0.1156  0.1155  0.1155  0.1155  0.1155
  0.1170  0.1172  0.1180  0.1171  0.1172  0.1165
  0.1199  0.1205  0.1234  0.1201  0.1200  0.1177
  0.1244  0.1257  0.1285  0.1240  0.1227  0.1193
niter,ni,del,rscale     3    3   12.0000    1.2000
parameters
   -0.2189   12.3801    0.9658   -2.3483   -1.0459    1.8525
eta,q 0.88429 10.54926
  0.1264  0.1272  0.1273  0.1223  0.1237  0.1202
  0.1201  0.1220  0.1241  0.1199  0.1189  0.1173
  0.1161  0.1179  0.1195  0.1174  0.1162  0.1154
  0.1156  0.1156  0.1157  0.1157  0.1157  0.1157
  0.1173  0.1176  0.1181  0.1168  0.1173  0.1167
  0.1203  0.1208  0.1235  0.1196  0.1200  0.1178
  0.1249  0.1264  0.1286  0.1236  0.1227  0.1194
niter,ni,del,rscale     2    3   12.0000    1.2000
parameters
   -0.1836   12.4715    0.9411   -2.4061   -1.0430    1.8671
eta,q 0.88422 10.55473
  0.1261  0.1270  0.1273  0.1223  0.1237  0.1202
  0.1200  0.1219  0.1241  0.1200  0.1190  0.1173
  0.1162  0.1178  0.1196  0.1176  0.1163  0.1155
  0.1157  0.1157  0.1158  0.1158  0.1158  0.1158
  0.1174  0.1178  0.1181  0.1168  0.1173  0.1167
  0.1204  0.1210  0.1235  0.1195  0.1200  0.1178
  0.1250  0.1268  0.1286  0.1234  0.1227  0.1194
niter,ni,del,rscale     1    3   12.0000    1.2000
parameters
   -0.1674   12.5178    0.9260   -2.4330   -1.0401    1.8748
eta,q 0.88418 10.55744
  0.1260  0.1270  0.1274  0.1223  0.1237  0.1202
  0.1199  0.1218  0.1242  0.1201  0.1191  0.1173
  0.1162  0.1178  0.1197  0.1177  0.1163  0.1155
  0.1158  0.1158  0.1158  0.1158  0.1158  0.1158
  0.1174  0.1179  0.1181  0.1168  0.1173  0.1167
  0.1204  0.1211  0.1235  0.1194  0.1200  0.1178
  0.1251  0.1270  0.1285  0.1233  0.1227  0.1194
registration optimization eta report
parameter search radius
    6.0000    6.9000    6.0000    6.0000    6.0000    6.0000
100000*second partial in parameter space
       27.       22.       31.       18.       20.       11.
  0.1260  0.1270  0.1274  0.1223  0.1237  0.1202
  0.1199  0.1218  0.1242  0.1201  0.1191  0.1173
  0.1162  0.1178  0.1197  0.1177  0.1163  0.1155
  0.1158  0.1158  0.1158  0.1158  0.1158  0.1158
  0.1174  0.1179  0.1181  0.1168  0.1173  0.1167
  0.1204  0.1211  0.1235  0.1194  0.1200  0.1178
  0.1251  0.1270  0.1285  0.1233  0.1227  0.1194
   -0.1674   12.5178    0.9260   -2.4330   -1.0401    1.8748
eta,q 0.88418 10.55744

---------------------------------------------------------------------
imgreg_4dfp /opt/freesurfer/average/711-2C_as_mni_average_305 /opt/freesurfer/average/711-2B_as_mni_average_305_mask talsrcimg_g11 none talsrcimg_to_711-2C_as_mni_average_305_t4 3335
---------------------------------------------------------------------

freesurfer imgreg_4dfp.c
/opt/freesurfer/average/711-2C_as_mni_average_305.4dfp.img
       256       256       256         1
  1.000000  1.000000  1.000000
orientation T byte_order littleendian
Reading image: /opt/freesurfer/average/711-2C_as_mni_average_305.4dfp.img
dimensions:      256       256       256
mmppix:       1.0000   -1.0000   -1.0000
center:     128.0000 -129.0000 -129.0000
/opt/freesurfer/average/711-2B_as_mni_average_305_mask.4dfp.img
       256       256       256         1
  1.000000  1.000000  1.000000
orientation T byte_order littleendian
Reading mask: /opt/freesurfer/average/711-2B_as_mni_average_305_mask.4dfp.img (2306576 pixels)
talsrcimg_g11.4dfp.img
       256       256       256         1
  1.000000  1.000000  1.000000
orientation T byte_order littleendian
Reading image: talsrcimg_g11.4dfp.img
dimensions:      256       256       256
mmppix:       1.0000   -1.0000   -1.0000
center:     128.0000 -129.0000 -129.0000
fimgreg.f
image alignment mode   3335 decimal      D07 hex
parameters
   -0.1674   12.5178    0.9260   -0.0700   -0.1462   -0.1066
   -3.3457    1.6738    3.2711    4.3022   -1.8153   -4.2444
eta,q 0.87731 10.62594
niter,ni,del,rscale     5    3    5.0000    1.2000
parameter  4 -4.619423 ->  0.500000 qaram    1.1500
parameter  5  2.005832 ->  0.500000 qaram    1.1500
parameter  6  1.164299 ->  0.500000 qaram    1.1500
parameters
    0.4742   12.2574    1.3899   -4.2100   -4.2862   -4.2466
   -5.6507    0.6664    0.5700    0.8676    1.3855   -6.1627
eta,q 0.89843 10.61560
  0.1239  0.1239  0.1239  0.1068  0.1055  0.1013  0.1045  0.1072  0.1031  0.1027  0.1037  0.1022
  0.1233  0.1231  0.1233  0.1119  0.1074  0.1027  0.1033  0.1048  0.1027  0.1020  0.1029  0.1019
  0.1229  0.1227  0.1229  0.1174  0.1098  0.1048  0.1028  0.1031  0.1025  0.1019  0.1023  0.1016
  0.1227  0.1226  0.1226  0.1225  0.1134  0.1079  0.1032  0.1028  0.1027  0.1025  0.1019  0.1016
  0.1226  0.1230  0.1225  0.1269  0.1184  0.1126  0.1044  0.1041  0.1033  0.1039  0.1017  0.1021
  0.1227  0.1236  0.1227  0.1307  0.1236  0.1194  0.1062  0.1069  0.1041  0.1060  0.1017  0.1027
  0.1230  0.1245  0.1232  0.1349  0.1274  0.1251  0.1082  0.1108  0.1052  0.1085  0.1020  0.1036
niter,ni,del,rscale     7    3    5.0000    1.2000
parameter  3  2.948676 ->  0.500000 qaram    1.1500
parameter  4  3.167005 ->  0.500000 qaram    1.3225
parameter  5  0.791800 ->  0.500000 qaram    1.3225
parameter  6  0.727762 ->  0.500000 qaram    1.3225
parameter  9  0.797607 ->  0.500000 qaram    1.1500
parameter 11  0.557172 ->  0.500000 qaram    1.1500
parameters
    1.0686   12.5406    0.0099   -8.9710   -9.0472   -9.0076
   -6.6226    1.1770   -3.5700    1.6771   -2.7545   -5.6235
eta,q 0.91291 10.15554
  0.1051  0.1034  0.0977  0.0880  0.0893  0.0875  0.0898  0.0922  0.0876  0.0895  0.0873  0.0882
  0.1036  0.1024  0.0987  0.0910  0.0899  0.0878  0.0886  0.0899  0.0874  0.0886  0.0871  0.0876
  0.1024  0.1017  0.0999  0.0945  0.0907  0.0889  0.0881  0.0885  0.0876  0.0878  0.0872  0.0873
  0.1016  0.1013  0.1013  0.0990  0.0919  0.0901  0.0881  0.0880  0.0880  0.0874  0.0874  0.0871
  0.1013  0.1013  0.1029  0.1046  0.0947  0.0913  0.0886  0.0882  0.0885  0.0875  0.0877  0.0871
  0.1018  0.1018  0.1047  0.1100  0.0990  0.0945  0.0896  0.0892  0.0892  0.0879  0.0882  0.0874
  0.1029  0.1027  0.1065  0.1147  0.1037  0.1000  0.0909  0.0911  0.0900  0.0888  0.0888  0.0879
niter,ni,del,rscale     7    3    5.0000    1.2000
parameter  2 -1.378574 -> -0.500000 qaram    1.1500
parameter  3  2.582786 ->  0.500000 qaram    1.3225
parameter  4  1.258500 ->  0.500000 qaram    1.5209
parameters
    0.3990   13.9206   -1.5771  -14.4461  -13.6187  -11.6445
   -4.1307    0.5719    0.1993    3.8997   -4.6266   -5.8852
eta,q 0.92564  9.73859
  0.0882  0.0910  0.0808  0.0753  0.0766  0.0778  0.0802  0.0787  0.0787  0.0779  0.0752  0.0754
  0.0873  0.0894  0.0820  0.0762  0.0761  0.0763  0.0782  0.0767  0.0772  0.0763  0.0746  0.0747
  0.0869  0.0881  0.0835  0.0785  0.0761  0.0755  0.0766  0.0754  0.0759  0.0752  0.0744  0.0744
  0.0871  0.0869  0.0854  0.0824  0.0767  0.0760  0.0755  0.0751  0.0751  0.0747  0.0744  0.0744
  0.0879  0.0859  0.0876  0.0877  0.0782  0.0773  0.0751  0.0758  0.0747  0.0744  0.0748  0.0745
  0.0892  0.0852  0.0899  0.0937  0.0810  0.0791  0.0754  0.0776  0.0748  0.0747  0.0755  0.0749
  0.0910  0.0850  0.0923  0.0997  0.0855  0.0822  0.0765  0.0802  0.0753  0.0754  0.0764  0.0754
niter,ni,del,rscale     7    3    5.0000    1.2000
parameter  2 -1.791745 -> -0.500000 qaram    1.3225
parameter  3  1.666854 ->  0.500000 qaram    1.5209
parameters
   -0.4739   15.5076   -3.4022  -19.0190  -14.9283  -11.8318
   -4.1967    0.5101    1.9828    6.2072   -3.6306   -8.6633
eta,q 0.93337  9.52841
  0.0752  0.0809  0.0673  0.0701  0.0700  0.0712  0.0708  0.0717  0.0708  0.0711  0.0686  0.0672
  0.0742  0.0783  0.0682  0.0681  0.0683  0.0691  0.0689  0.0694  0.0692  0.0694  0.0677  0.0668
  0.0739  0.0759  0.0696  0.0674  0.0674  0.0676  0.0677  0.0679  0.0679  0.0679  0.0671  0.0666
  0.0744  0.0739  0.0713  0.0685  0.0674  0.0673  0.0673  0.0673  0.0673  0.0671  0.0669  0.0669
  0.0755  0.0723  0.0734  0.0721  0.0683  0.0681  0.0678  0.0678  0.0671  0.0669  0.0669  0.0674
  0.0773  0.0710  0.0760  0.0778  0.0695  0.0691  0.0690  0.0694  0.0676  0.0672  0.0673  0.0681
  0.0797  0.0701  0.0789  0.0848  0.0719  0.0715  0.0709  0.0720  0.0688  0.0680  0.0679  0.0691
niter,ni,del,rscale     7    3    5.0000    1.2000
parameter  2 -1.160524 -> -0.500000 qaram    1.5209
parameter  3  0.790835 ->  0.500000 qaram    1.7490
parameter 10 -0.507704 -> -0.500000 qaram    1.1500
parameters
   -0.7611   17.3327   -5.5010  -19.6035  -15.9258  -13.2515
   -4.5543    0.3418    2.2157   10.3472   -4.3178  -11.8440
eta,q 0.93927  9.48314
  0.0691  0.0758  0.0621  0.0682  0.0653  0.0649  0.0652  0.0663  0.0648  0.0671  0.0623  0.0614
  0.0675  0.0723  0.0619  0.0653  0.0635  0.0629  0.0633  0.0639  0.0633  0.0649  0.0616  0.0609
  0.0667  0.0692  0.0624  0.0631  0.0622  0.0618  0.0621  0.0623  0.0622  0.0630  0.0613  0.0608
  0.0666  0.0666  0.0636  0.0619  0.0620  0.0619  0.0617  0.0617  0.0617  0.0617  0.0612  0.0612
  0.0673  0.0646  0.0655  0.0626  0.0628  0.0627  0.0624  0.0624  0.0620  0.0612  0.0615  0.0619
  0.0686  0.0634  0.0679  0.0655  0.0643  0.0644  0.0638  0.0641  0.0630  0.0612  0.0619  0.0629
  0.0706  0.0630  0.0707  0.0708  0.0673  0.0680  0.0659  0.0669  0.0645  0.0617  0.0627  0.0641
niter,ni,del,rscale     7    3    5.0000    1.2000
parameter  2 -0.789696 -> -0.500000 qaram    1.7490
parameter 10 -0.660902 -> -0.500000 qaram    1.3225
parameter 12  0.514953 ->  0.500000 qaram    1.1500
parameters
   -0.8148   19.4315   -7.4351  -19.7186  -17.7351  -15.7461
   -4.6194    0.3055    2.3718   15.1082   -5.4564  -15.9840
eta,q 0.94536  9.38340
  0.0642  0.0713  0.0585  0.0638  0.0602  0.0591  0.0604  0.0616  0.0597  0.0645  0.0560  0.0551
  0.0622  0.0672  0.0576  0.0609  0.0584  0.0574  0.0584  0.0590  0.0582  0.0614  0.0554  0.0547
  0.0611  0.0635  0.0574  0.0587  0.0573  0.0566  0.0571  0.0572  0.0571  0.0587  0.0551  0.0548
  0.0607  0.0607  0.0581  0.0574  0.0574  0.0572  0.0566  0.0566  0.0566  0.0566  0.0551  0.0551
  0.0612  0.0588  0.0600  0.0578  0.0584  0.0581  0.0571  0.0572  0.0569  0.0554  0.0553  0.0557
  0.0625  0.0580  0.0626  0.0602  0.0602  0.0604  0.0585  0.0590  0.0579  0.0552  0.0559  0.0567
  0.0645  0.0585  0.0658  0.0650  0.0645  0.0643  0.0605  0.0618  0.0596  0.0557  0.0566  0.0579
niter,ni,del,rscale     7    3    5.0000    1.2000
parameter 10 -0.776500 -> -0.500000 qaram    1.5209
parameters
   -0.9440   21.3271   -9.5197  -19.3233  -20.2582  -18.7730
   -4.6007    0.0378    2.4603   20.5833   -4.5030  -18.3893
eta,q 0.95227  9.24891
  0.0583  0.0678  0.0534  0.0588  0.0539  0.0534  0.0545  0.0557  0.0540  0.0620  0.0493  0.0487
  0.0562  0.0624  0.0522  0.0559  0.0524  0.0515  0.0525  0.0530  0.0523  0.0576  0.0486  0.0479
  0.0549  0.0578  0.0521  0.0535  0.0516  0.0507  0.0512  0.0512  0.0511  0.0538  0.0481  0.0477
  0.0546  0.0546  0.0532  0.0520  0.0519  0.0516  0.0507  0.0507  0.0507  0.0507  0.0478  0.0478
  0.0553  0.0533  0.0553  0.0521  0.0531  0.0532  0.0512  0.0515  0.0510  0.0485  0.0479  0.0485
  0.0568  0.0536  0.0581  0.0543  0.0552  0.0558  0.0525  0.0536  0.0521  0.0478  0.0482  0.0494
  0.0591  0.0556  0.0616  0.0587  0.0599  0.0599  0.0545  0.0566  0.0539  0.0484  0.0487  0.0506
niter,ni,del,rscale     7    3    5.0000    1.2000
parameter 12  0.532655 ->  0.500000 qaram    1.3225
parameters
   -1.1329   22.9786  -11.4840  -19.0137  -23.5700  -20.4445
   -4.6507   -0.4409    2.3490   24.9489   -4.4149  -23.1503
eta,q 0.95826  9.13889
  0.0517  0.0625  0.0468  0.0516  0.0462  0.0487  0.0476  0.0494  0.0476  0.0584  0.0436  0.0421
  0.0493  0.0564  0.0451  0.0486  0.0448  0.0457  0.0455  0.0463  0.0456  0.0527  0.0428  0.0418
  0.0480  0.0513  0.0450  0.0462  0.0442  0.0440  0.0443  0.0443  0.0442  0.0475  0.0423  0.0418
  0.0477  0.0477  0.0462  0.0449  0.0448  0.0442  0.0438  0.0438  0.0438  0.0438  0.0422  0.0422
  0.0485  0.0463  0.0486  0.0451  0.0466  0.0461  0.0443  0.0450  0.0443  0.0422  0.0423  0.0431
  0.0503  0.0471  0.0521  0.0473  0.0488  0.0488  0.0457  0.0475  0.0457  0.0431  0.0427  0.0442
  0.0530  0.0498  0.0564  0.0516  0.0529  0.0533  0.0476  0.0510  0.0479  0.0460  0.0435  0.0456
niter,ni,del,rscale     7    3    5.0000    1.2000
parameters
   -1.2364   23.7284  -12.3870  -18.2880  -24.4577  -20.2981
   -4.4412   -0.7321    2.3726   26.7395   -5.0903  -24.4404
eta,q 0.95961  9.21369
  0.0464  0.0564  0.0450  0.0487  0.0450  0.0484  0.0452  0.0474  0.0454  0.0537  0.0418  0.0424
  0.0437  0.0497  0.0423  0.0453  0.0426  0.0446  0.0428  0.0438  0.0430  0.0477  0.0410  0.0411
  0.0422  0.0446  0.0409  0.0425  0.0410  0.0417  0.0413  0.0413  0.0413  0.0431  0.0406  0.0405
  0.0417  0.0417  0.0413  0.0409  0.0407  0.0407  0.0407  0.0407  0.0407  0.0407  0.0405  0.0405
  0.0425  0.0416  0.0431  0.0410  0.0418  0.0416  0.0412  0.0419  0.0412  0.0410  0.0407  0.0411
  0.0443  0.0442  0.0461  0.0431  0.0439  0.0438  0.0425  0.0447  0.0429  0.0435  0.0414  0.0421
  0.0472  0.0490  0.0501  0.0476  0.0467  0.0483  0.0446  0.0484  0.0454  0.0473  0.0423  0.0437
niter,ni,del,rscale     6    3    5.0000    1.2000
parameters
   -1.2797   23.9760  -12.4952  -18.1850  -24.7759  -20.1185
   -4.3557   -0.7805    2.5165   27.3259   -5.3617  -24.7340
eta,q 0.95965  9.23740
  0.0456  0.0533  0.0465  0.0479  0.0451  0.0480  0.0448  0.0477  0.0453  0.0514  0.0419  0.0430
  0.0427  0.0469  0.0432  0.0444  0.0426  0.0442  0.0424  0.0439  0.0428  0.0458  0.0411  0.0414
  0.0410  0.0423  0.0411  0.0417  0.0409  0.0413  0.0409  0.0412  0.0410  0.0418  0.0405  0.0406
  0.0404  0.0404  0.0403  0.0403  0.0403  0.0403  0.0403  0.0403  0.0403  0.0403  0.0404  0.0404
  0.0411  0.0413  0.0413  0.0408  0.0412  0.0412  0.0409  0.0414  0.0408  0.0417  0.0406  0.0408
  0.0430  0.0450  0.0437  0.0434  0.0431  0.0433  0.0424  0.0441  0.0425  0.0448  0.0412  0.0417
  0.0460  0.0507  0.0471  0.0484  0.0457  0.0478  0.0445  0.0478  0.0451  0.0489  0.0421  0.0432
niter,ni,del,rscale     5    3    5.0000    1.2000
parameters
   -1.3030   24.0719  -12.5026  -18.1686  -24.9180  -20.0609
   -4.3512   -0.7977    2.5896   27.4895   -5.4646  -24.8014
eta,q 0.95964  9.24060
  0.0457  0.0525  0.0467  0.0479  0.0453  0.0477  0.0448  0.0478  0.0453  0.0506  0.0420  0.0431
  0.0428  0.0463  0.0434  0.0443  0.0427  0.0440  0.0424  0.0439  0.0427  0.0452  0.0411  0.0415
  0.0409  0.0420  0.0412  0.0416  0.0410  0.0412  0.0409  0.0413  0.0410  0.0414  0.0406  0.0406
  0.0404  0.0404  0.0403  0.0403  0.0403  0.0403  0.0403  0.0403  0.0403  0.0403  0.0404  0.0404
  0.0410  0.0416  0.0411  0.0409  0.0411  0.0412  0.0409  0.0414  0.0409  0.0420  0.0406  0.0408
  0.0429  0.0456  0.0434  0.0434  0.0430  0.0433  0.0425  0.0440  0.0425  0.0452  0.0412  0.0417
  0.0459  0.0515  0.0468  0.0486  0.0455  0.0479  0.0447  0.0478  0.0451  0.0495  0.0421  0.0431
niter,ni,del,rscale     4    3    5.0000    1.2000
parameters
   -1.3114   24.1050  -12.5041  -18.1619  -24.9688  -20.0497
   -4.3557   -0.8030    2.6169   27.5388   -5.5025  -24.8185
eta,q 0.95963  9.24083
  0.0458  0.0522  0.0467  0.0479  0.0454  0.0477  0.0448  0.0478  0.0452  0.0504  0.0420  0.0432
  0.0428  0.0460  0.0434  0.0443  0.0428  0.0440  0.0424  0.0440  0.0427  0.0450  0.0411  0.0415
  0.0410  0.0418  0.0412  0.0417  0.0410  0.0412  0.0409  0.0413  0.0410  0.0414  0.0406  0.0407
  0.0404  0.0404  0.0404  0.0404  0.0404  0.0404  0.0404  0.0404  0.0404  0.0404  0.0404  0.0404
  0.0410  0.0418  0.0411  0.0409  0.0411  0.0412  0.0410  0.0414  0.0409  0.0421  0.0406  0.0408
  0.0429  0.0458  0.0434  0.0435  0.0429  0.0433  0.0425  0.0440  0.0426  0.0454  0.0412  0.0417
  0.0459  0.0518  0.0468  0.0487  0.0454  0.0480  0.0447  0.0478  0.0452  0.0497  0.0420  0.0430
registration optimization eta report
parameter search radius
    2.4000    4.1976    4.1976   10.9503    9.5220    9.5220
    7.2000    7.2000    8.2800   10.9503    8.2800    9.5220
100000*second partial in parameter space
       94.       65.       36.        7.        5.        8.
        8.       14.        7.        8.        2.        3.
  0.0458  0.0522  0.0467  0.0479  0.0454  0.0477  0.0448  0.0478  0.0452  0.0504  0.0420  0.0432
  0.0428  0.0460  0.0434  0.0443  0.0428  0.0440  0.0424  0.0440  0.0427  0.0450  0.0411  0.0415
  0.0410  0.0418  0.0412  0.0417  0.0410  0.0412  0.0409  0.0413  0.0410  0.0414  0.0406  0.0407
  0.0404  0.0404  0.0404  0.0404  0.0404  0.0404  0.0404  0.0404  0.0404  0.0404  0.0404  0.0404
  0.0410  0.0418  0.0411  0.0409  0.0411  0.0412  0.0410  0.0414  0.0409  0.0421  0.0406  0.0408
  0.0429  0.0458  0.0434  0.0435  0.0429  0.0433  0.0425  0.0440  0.0426  0.0454  0.0412  0.0417
  0.0459  0.0518  0.0468  0.0487  0.0454  0.0480  0.0447  0.0478  0.0452  0.0497  0.0420  0.0430
   -1.3114   24.1050  -12.5041  -18.1619  -24.9688  -20.0497
   -4.3557   -0.8030    2.6169   27.5388   -5.5025  -24.8185
eta,q 0.95963  9.24083

---------------------------------------------------------------------
imgreg_4dfp /opt/freesurfer/average/711-2C_as_mni_average_305 /opt/freesurfer/average/711-2B_as_mni_average_305_mask talsrcimg_g11 none talsrcimg_to_711-2C_as_mni_average_305_t4 2311
---------------------------------------------------------------------

freesurfer imgreg_4dfp.c
/opt/freesurfer/average/711-2C_as_mni_average_305.4dfp.img
       256       256       256         1
  1.000000  1.000000  1.000000
orientation T byte_order littleendian
Reading image: /opt/freesurfer/average/711-2C_as_mni_average_305.4dfp.img
dimensions:      256       256       256
mmppix:       1.0000   -1.0000   -1.0000
center:     128.0000 -129.0000 -129.0000
/opt/freesurfer/average/711-2B_as_mni_average_305_mask.4dfp.img
       256       256       256         1
  1.000000  1.000000  1.000000
orientation T byte_order littleendian
Reading mask: /opt/freesurfer/average/711-2B_as_mni_average_305_mask.4dfp.img (2306576 pixels)
talsrcimg_g11.4dfp.img
       256       256       256         1
  1.000000  1.000000  1.000000
orientation T byte_order littleendian
Reading image: talsrcimg_g11.4dfp.img
dimensions:      256       256       256
mmppix:       1.0000   -1.0000   -1.0000
center:     128.0000 -129.0000 -129.0000
fimgreg.f
image alignment mode   2311 decimal      907 hex
parameters
   -1.3114   24.1050  -12.5041  -18.1619  -24.9688  -20.0497
   -4.3557   -0.8030    2.6169   27.5388   -5.5025  -24.8185
eta,q 0.95963  9.24082
niter,ni,del,rscale     5    3    5.0000    0.8000
parameters
   -1.3133   24.1023  -12.4690  -17.4332  -25.0932  -19.9211
   -4.3712   -0.8144    2.7168   27.0651   -5.5400  -24.9936
eta,q 0.95969  9.27867
  0.0429  0.0422  0.0414  0.0424  0.0418  0.0423  0.0424  0.0439  0.0422  0.0422  0.0409  0.0410
  0.0415  0.0412  0.0409  0.0414  0.0410  0.0411  0.0413  0.0420  0.0412  0.0410  0.0406  0.0406
  0.0407  0.0406  0.0405  0.0407  0.0405  0.0404  0.0406  0.0407  0.0406  0.0404  0.0404  0.0404
  0.0404  0.0404  0.0404  0.0404  0.0403  0.0403  0.0403  0.0403  0.0403  0.0403  0.0403  0.0403
  0.0407  0.0406  0.0405  0.0404  0.0405  0.0407  0.0406  0.0408  0.0405  0.0408  0.0404  0.0404
  0.0415  0.0412  0.0408  0.0407  0.0411  0.0412  0.0413  0.0420  0.0411  0.0417  0.0406  0.0407
  0.0429  0.0423  0.0414  0.0415  0.0419  0.0419  0.0424  0.0439  0.0420  0.0430  0.0409  0.0411
niter,ni,del,rscale     4    3    5.0000    0.7000
parameters
   -1.3152   24.0185  -12.3794  -17.3561  -24.9944  -20.0035
   -4.3768   -0.8100    2.7174   26.9319   -5.5361  -24.9149
eta,q 0.95972  9.27795
  0.0422  0.0416  0.0412  0.0416  0.0415  0.0418  0.0419  0.0431  0.0417  0.0420  0.0408  0.0409
  0.0412  0.0408  0.0407  0.0409  0.0409  0.0408  0.0410  0.0416  0.0409  0.0410  0.0405  0.0406
  0.0405  0.0404  0.0404  0.0405  0.0405  0.0403  0.0405  0.0406  0.0404  0.0404  0.0403  0.0404
  0.0403  0.0403  0.0403  0.0403  0.0403  0.0403  0.0403  0.0403  0.0403  0.0403  0.0403  0.0403
  0.0405  0.0405  0.0404  0.0404  0.0404  0.0406  0.0405  0.0406  0.0404  0.0406  0.0403  0.0403
  0.0412  0.0411  0.0406  0.0408  0.0408  0.0411  0.0411  0.0416  0.0409  0.0412  0.0405  0.0405
  0.0422  0.0419  0.0410  0.0415  0.0414  0.0417  0.0419  0.0431  0.0417  0.0422  0.0408  0.0408
niter,ni,del,rscale     3    3    5.0000    0.6000
parameters
   -1.3128   23.9920  -12.3840  -17.3272  -24.9542  -20.1515
   -4.3901   -0.8109    2.7259   26.8498   -5.5135  -24.8150
eta,q 0.95974  9.26894
  0.0417  0.0413  0.0409  0.0412  0.0412  0.0414  0.0415  0.0424  0.0413  0.0416  0.0406  0.0407
  0.0409  0.0407  0.0406  0.0407  0.0407  0.0407  0.0408  0.0412  0.0407  0.0408  0.0404  0.0405
  0.0404  0.0404  0.0404  0.0404  0.0404  0.0403  0.0404  0.0405  0.0404  0.0404  0.0403  0.0403
  0.0403  0.0403  0.0403  0.0403  0.0403  0.0403  0.0403  0.0403  0.0403  0.0403  0.0403  0.0403
  0.0404  0.0404  0.0404  0.0404  0.0404  0.0405  0.0404  0.0405  0.0404  0.0404  0.0403  0.0403
  0.0409  0.0408  0.0406  0.0407  0.0407  0.0409  0.0408  0.0412  0.0407  0.0409  0.0404  0.0404
  0.0417  0.0414  0.0409  0.0412  0.0412  0.0414  0.0415  0.0424  0.0413  0.0417  0.0406  0.0407
niter,ni,del,rscale     2    3    5.0000    0.5000
parameters
   -1.3110   23.9781  -12.4146  -17.2892  -24.9327  -20.3128
   -4.3991   -0.8169    2.7255   26.7977   -5.5151  -24.7309
eta,q 0.95975  9.26005
  0.0413  0.0410  0.0407  0.0409  0.0409  0.0410  0.0411  0.0417  0.0410  0.0412  0.0405  0.0406
  0.0407  0.0406  0.0404  0.0406  0.0406  0.0405  0.0406  0.0409  0.0406  0.0407  0.0404  0.0404
  0.0404  0.0403  0.0403  0.0403  0.0403  0.0403  0.0404  0.0404  0.0403  0.0403  0.0403  0.0403
  0.0403  0.0403  0.0403  0.0403  0.0403  0.0403  0.0403  0.0403  0.0403  0.0403  0.0403  0.0403
  0.0404  0.0404  0.0403  0.0403  0.0403  0.0404  0.0404  0.0404  0.0403  0.0404  0.0403  0.0403
  0.0407  0.0406  0.0405  0.0405  0.0405  0.0407  0.0406  0.0409  0.0406  0.0407  0.0404  0.0404
  0.0412  0.0410  0.0407  0.0409  0.0409  0.0411  0.0411  0.0417  0.0410  0.0412  0.0405  0.0406
niter,ni,del,rscale     1    3    5.0000    0.4000
parameters
   -1.3078   23.9696  -12.4467  -17.2549  -24.9112  -20.4561
   -4.3997   -0.8203    2.7246   26.7594   -5.5046  -24.6600
eta,q 0.95976  9.25278
  0.0409  0.0407  0.0405  0.0407  0.0407  0.0408  0.0408  0.0412  0.0407  0.0408  0.0404  0.0404
  0.0405  0.0405  0.0404  0.0405  0.0404  0.0404  0.0405  0.0407  0.0404  0.0405  0.0403  0.0404
  0.0403  0.0403  0.0403  0.0403  0.0403  0.0403  0.0403  0.0403  0.0403  0.0403  0.0403  0.0403
  0.0403  0.0403  0.0403  0.0402  0.0403  0.0402  0.0402  0.0402  0.0402  0.0402  0.0402  0.0402
  0.0403  0.0403  0.0403  0.0403  0.0403  0.0404  0.0403  0.0404  0.0403  0.0403  0.0403  0.0403
  0.0405  0.0405  0.0404  0.0404  0.0404  0.0406  0.0405  0.0407  0.0404  0.0405  0.0403  0.0403
  0.0409  0.0407  0.0405  0.0407  0.0406  0.0409  0.0408  0.0412  0.0407  0.0409  0.0404  0.0404
registration optimization eta report
parameter search radius
    0.8000    0.8000    0.8000    2.4000    2.4000    2.4000
    2.4000    2.4000    2.4000    2.4000    2.4000    2.4000
100000*second partial in parameter space
       99.       74.       43.        7.        7.       10.
       10.       17.        8.       11.        3.        3.
  0.0409  0.0407  0.0405  0.0407  0.0407  0.0408  0.0408  0.0412  0.0407  0.0408  0.0404  0.0404
  0.0405  0.0405  0.0404  0.0405  0.0404  0.0404  0.0405  0.0407  0.0404  0.0405  0.0403  0.0404
  0.0403  0.0403  0.0403  0.0403  0.0403  0.0403  0.0403  0.0403  0.0403  0.0403  0.0403  0.0403
  0.0403  0.0403  0.0403  0.0402  0.0403  0.0402  0.0402  0.0402  0.0402  0.0402  0.0402  0.0402
  0.0403  0.0403  0.0403  0.0403  0.0403  0.0404  0.0403  0.0404  0.0403  0.0403  0.0403  0.0403
  0.0405  0.0405  0.0404  0.0404  0.0404  0.0406  0.0405  0.0407  0.0404  0.0405  0.0403  0.0403
  0.0409  0.0407  0.0405  0.0407  0.0406  0.0409  0.0408  0.0412  0.0407  0.0409  0.0404  0.0404
   -1.3078   23.9696  -12.4467  -17.2549  -24.9112  -20.4561
   -4.3997   -0.8203    2.7246   26.7594   -5.5046  -24.6600
eta,q 0.95976  9.25278

---------------------------------------------------------------------
imgreg_4dfp /opt/freesurfer/average/711-2C_as_mni_average_305 /opt/freesurfer/average/711-2B_as_mni_average_305_mask talsrcimg_g11 none talsrcimg_to_711-2C_as_mni_average_305_t4 2311
---------------------------------------------------------------------

freesurfer imgreg_4dfp.c
/opt/freesurfer/average/711-2C_as_mni_average_305.4dfp.img
       256       256       256         1
  1.000000  1.000000  1.000000
orientation T byte_order littleendian
Reading image: /opt/freesurfer/average/711-2C_as_mni_average_305.4dfp.img
dimensions:      256       256       256
mmppix:       1.0000   -1.0000   -1.0000
center:     128.0000 -129.0000 -129.0000
/opt/freesurfer/average/711-2B_as_mni_average_305_mask.4dfp.img
       256       256       256         1
  1.000000  1.000000  1.000000
orientation T byte_order littleendian
Reading mask: /opt/freesurfer/average/711-2B_as_mni_average_305_mask.4dfp.img (2306576 pixels)
talsrcimg_g11.4dfp.img
       256       256       256         1
  1.000000  1.000000  1.000000
orientation T byte_order littleendian
Reading image: talsrcimg_g11.4dfp.img
dimensions:      256       256       256
mmppix:       1.0000   -1.0000   -1.0000
center:     128.0000 -129.0000 -129.0000
fimgreg.f
image alignment mode   2311 decimal      907 hex
parameters
   -1.3078   23.9696  -12.4467  -17.2549  -24.9112  -20.4561
   -4.3997   -0.8203    2.7246   26.7594   -5.5046  -24.6600
eta,q 0.95976  9.25278
niter,ni,del,rscale     5    3    5.0000    0.8000
parameters
   -1.3044   23.9728  -12.4903  -17.3511  -24.9177  -20.1031
   -4.3948   -0.7856    2.7064   26.8948   -5.5519  -24.9084
eta,q 0.95973  9.27590
  0.0427  0.0422  0.0413  0.0418  0.0418  0.0426  0.0424  0.0440  0.0420  0.0428  0.0409  0.0409
  0.0414  0.0411  0.0407  0.0410  0.0410  0.0413  0.0412  0.0420  0.0411  0.0414  0.0405  0.0406
  0.0405  0.0404  0.0404  0.0404  0.0404  0.0405  0.0405  0.0407  0.0405  0.0406  0.0403  0.0404
  0.0402  0.0402  0.0402  0.0402  0.0402  0.0402  0.0403  0.0403  0.0403  0.0403  0.0403  0.0403
  0.0405  0.0405  0.0404  0.0404  0.0404  0.0405  0.0405  0.0407  0.0405  0.0405  0.0403  0.0404
  0.0414  0.0411  0.0408  0.0410  0.0410  0.0411  0.0413  0.0419  0.0411  0.0413  0.0405  0.0407
  0.0427  0.0421  0.0414  0.0420  0.0418  0.0418  0.0423  0.0438  0.0421  0.0424  0.0409  0.0411
niter,ni,del,rscale     4    3    5.0000    0.7000
parameters
   -1.3054   23.9851  -12.4122  -17.3509  -24.9427  -20.0745
   -4.3890   -0.7944    2.7127   26.8874   -5.5551  -24.8887
eta,q 0.95973  9.27522
  0.0422  0.0418  0.0412  0.0415  0.0415  0.0419  0.0419  0.0431  0.0417  0.0421  0.0407  0.0408
  0.0411  0.0409  0.0407  0.0409  0.0408  0.0409  0.0410  0.0416  0.0409  0.0411  0.0405  0.0406
  0.0405  0.0404  0.0404  0.0404  0.0404  0.0404  0.0405  0.0406  0.0404  0.0405  0.0403  0.0404
  0.0403  0.0403  0.0403  0.0403  0.0403  0.0403  0.0403  0.0403  0.0403  0.0403  0.0403  0.0403
  0.0405  0.0404  0.0403  0.0404  0.0404  0.0406  0.0405  0.0406  0.0404  0.0405  0.0403  0.0403
  0.0411  0.0409  0.0406  0.0408  0.0408  0.0411  0.0410  0.0416  0.0409  0.0411  0.0405  0.0405
  0.0422  0.0417  0.0410  0.0416  0.0415  0.0416  0.0419  0.0431  0.0417  0.0421  0.0408  0.0408
niter,ni,del,rscale     3    3    5.0000    0.6000
parameters
   -1.3091   23.9834  -12.4013  -17.3195  -24.9441  -20.1819
   -4.3921   -0.8031    2.7240   26.8367   -5.5384  -24.8128
eta,q 0.95974  9.26782
  0.0417  0.0414  0.0409  0.0412  0.0412  0.0414  0.0415  0.0424  0.0413  0.0416  0.0406  0.0407
  0.0409  0.0407  0.0406  0.0407  0.0407  0.0407  0.0408  0.0412  0.0407  0.0408  0.0404  0.0405
  0.0404  0.0404  0.0404  0.0404  0.0404  0.0403  0.0404  0.0405  0.0404  0.0404  0.0403  0.0403
  0.0403  0.0403  0.0403  0.0403  0.0403  0.0403  0.0403  0.0403  0.0403  0.0403  0.0403  0.0403
  0.0404  0.0404  0.0403  0.0404  0.0404  0.0405  0.0404  0.0405  0.0404  0.0404  0.0403  0.0403
  0.0409  0.0408  0.0405  0.0407  0.0407  0.0409  0.0408  0.0412  0.0407  0.0409  0.0404  0.0404
  0.0417  0.0413  0.0409  0.0412  0.0412  0.0414  0.0415  0.0424  0.0413  0.0417  0.0406  0.0407
niter,ni,del,rscale     2    3    5.0000    0.5000
parameters
   -1.3095   23.9772  -12.4226  -17.2848  -24.9281  -20.3268
   -4.3955   -0.8131    2.7351   26.7947   -5.5400  -24.7294
eta,q 0.95975  9.25978
  0.0412  0.0410  0.0407  0.0409  0.0409  0.0410  0.0411  0.0417  0.0410  0.0412  0.0405  0.0406
  0.0407  0.0406  0.0404  0.0406  0.0406  0.0405  0.0406  0.0409  0.0406  0.0407  0.0404  0.0404
  0.0404  0.0403  0.0403  0.0403  0.0403  0.0403  0.0404  0.0404  0.0403  0.0403  0.0403  0.0403
  0.0403  0.0403  0.0403  0.0403  0.0403  0.0403  0.0403  0.0403  0.0403  0.0403  0.0403  0.0403
  0.0404  0.0403  0.0403  0.0403  0.0403  0.0404  0.0404  0.0404  0.0403  0.0404  0.0403  0.0403
  0.0407  0.0406  0.0405  0.0405  0.0405  0.0407  0.0406  0.0409  0.0406  0.0407  0.0404  0.0404
  0.0412  0.0410  0.0407  0.0409  0.0409  0.0411  0.0411  0.0417  0.0410  0.0412  0.0405  0.0406
niter,ni,del,rscale     1    3    5.0000    0.4000
parameters
   -1.3082   23.9702  -12.4473  -17.2504  -24.9167  -20.4510
   -4.4007   -0.8180    2.7246   26.7639   -5.4988  -24.6643
eta,q 0.95976  9.25326
  0.0409  0.0407  0.0405  0.0407  0.0407  0.0408  0.0408  0.0412  0.0407  0.0409  0.0404  0.0404
  0.0405  0.0404  0.0404  0.0405  0.0404  0.0404  0.0405  0.0407  0.0404  0.0405  0.0403  0.0403
  0.0403  0.0403  0.0403  0.0403  0.0403  0.0403  0.0403  0.0403  0.0403  0.0403  0.0403  0.0403
  0.0402  0.0403  0.0403  0.0402  0.0402  0.0402  0.0402  0.0402  0.0402  0.0402  0.0402  0.0402
  0.0403  0.0403  0.0403  0.0403  0.0403  0.0404  0.0403  0.0404  0.0403  0.0403  0.0403  0.0403
  0.0405  0.0405  0.0404  0.0404  0.0404  0.0406  0.0405  0.0407  0.0405  0.0405  0.0403  0.0403
  0.0409  0.0407  0.0405  0.0407  0.0407  0.0408  0.0408  0.0412  0.0407  0.0409  0.0404  0.0404
registration optimization eta report
parameter search radius
    0.8000    0.8000    0.8000    2.4000    2.4000    2.4000
    2.4000    2.4000    2.4000    2.4000    2.4000    2.4000
100000*second partial in parameter space
       98.       75.       44.        7.        7.       10.
       10.       17.        8.       11.        3.        3.
  0.0409  0.0407  0.0405  0.0407  0.0407  0.0408  0.0408  0.0412  0.0407  0.0409  0.0404  0.0404
  0.0405  0.0404  0.0404  0.0405  0.0404  0.0404  0.0405  0.0407  0.0404  0.0405  0.0403  0.0403
  0.0403  0.0403  0.0403  0.0403  0.0403  0.0403  0.0403  0.0403  0.0403  0.0403  0.0403  0.0403
  0.0402  0.0403  0.0403  0.0402  0.0402  0.0402  0.0402  0.0402  0.0402  0.0402  0.0402  0.0402
  0.0403  0.0403  0.0403  0.0403  0.0403  0.0404  0.0403  0.0404  0.0403  0.0403  0.0403  0.0403
  0.0405  0.0405  0.0404  0.0404  0.0404  0.0406  0.0405  0.0407  0.0405  0.0405  0.0403  0.0403
  0.0409  0.0407  0.0405  0.0407  0.0407  0.0408  0.0408  0.0412  0.0407  0.0409  0.0404  0.0404
   -1.3082   23.9702  -12.4473  -17.2504  -24.9167  -20.4510
   -4.4007   -0.8180    2.7246   26.7639   -5.4988  -24.6643
eta,q 0.95976  9.25326

---------------------------------------------------------------------
compute_vox2vox talsrcimg talsrcimg_to_711-2C_as_mni_average_305_t4 /opt/freesurfer/average/711-2C_as_mni_average_305
---------------------------------------------------------------------

freesurfer compute_vox2vox.c
Reading: talsrcimg.4dfp.ifh
Reading: talsrcimg_to_711-2C_as_mni_average_305_t4
Reading: /opt/freesurfer/average/711-2C_as_mni_average_305.4dfp.ifh
Writing: talsrcimg_to_711-2C_as_mni_average_305_t4_vox2vox.txt

start time Sat Nov 23 15:40:32 UTC 2024
end		time Sat Nov 23 15:41:30 UTC 2024

mpr2mni305 success

avi2talxfm orig_nu.mgz /opt/freesurfer/average/mni305.cor.mgz talsrcimg_to_711-2C_as_mni_average_305_t4_vox2vox.txt transforms/talairach.auto.xfm
avi2talxfm done
mv -f /scratch/tmp/fs_mp2rage_tests/sourcedata/freesurfer_mp2rage/sub-fsm64ps/mri/talsrcimg_to_711-2C_as_mni_average_305_t4_vox2vox.txt /scratch/tmp/fs_mp2rage_tests/sourcedata/freesurfer_mp2rage/sub-fsm64ps/mri/transforms/talsrcimg_to_711-2C_as_mni_average_305_t4_vox2vox.txt
lta_convert --src orig_nu.mgz --trg /opt/freesurfer/average/mni305.cor.mgz --inxfm transforms/talairach.auto.xfm --outlta transforms/talairach.auto.xfm.lta --subject fsaverage
7.3.2

--src: orig_nu.mgz src image (geometry).
--trg: /opt/freesurfer/average/mni305.cor.mgz trg image (geometry).
--inmni: transforms/talairach.auto.xfm input MNI/XFM transform.
--outlta: transforms/talairach.auto.xfm.lta output LTA.
--s: fsaverage subject name
 LTA read, type : 1
 1.20557  -0.01024   0.06729   5.83040;
 0.06283   1.13145   0.37535  -20.44299;
-0.06614  -0.40294   1.19562   23.44455;
 0.00000   0.00000   0.00000   1.00000;
setting subject to fsaverage
Writing  LTA to file transforms/talairach.auto.xfm.lta...
lta_convert successful.
 
 
Started at Sat Nov 23 15:40:28 UTC 2024
Ended   at Sat Nov 23 15:41:31 UTC 2024
talairach_avi done
