/scratch/tmp/fs_mp2rage_tests2/sourcedata/freesurfer_memprage/sub-fsm76cw/mri
/opt/freesurfer/bin/talairach_avi
--i orig_nu.mgz --xfm transforms/talairach.auto.xfm
talairach_avi 7.3.2
Linux elm.criugm.qc.ca 5.15.0-113-generic #123-Ubuntu SMP Mon Jun 10 08:16:17 UTC 2024 x86_64 x86_64 x86_64 GNU/Linux
Sun Nov 24 06:02:15 UTC 2024
mri_convert orig_nu.mgz talsrcimg.img 
reading from orig_nu.mgz...
TR=0.00, TE=0.00, TI=0.00, flip angle=0.00
i_ras = (-1, 0, 1.49012e-08)
j_ras = (1.49012e-08, 0, -1)
k_ras = (3.72529e-09, 1, 0)
writing to talsrcimg.img...
Analyze Output Matrix
-1.00000   0.00000   0.00000   128.29874;
 0.00000   0.00000   1.00000  -101.62263;
 0.00000  -1.00000   0.00000   108.50090;
 0.00000   0.00000   0.00000   1.00000;
--------------------
INFO: set hdr.hist.orient to -1
mpr2mni305 talsrcimg
Sun Nov 24 06:02:17 UTC 2024
/opt/freesurfer/bin/mpr2mni305 talsrcimg
mpr2mni305 7.3.2
target=711-2C_as_mni_average_305

---------------------------------------------------------------------
analyzeto4dfp talsrcimg -O0 -y
---------------------------------------------------------------------

freesurfer ifh2hdr.c
Sun Nov 24 06:02:17 2024
Writing: talsrcimg.4dfp.hdr
freesurfer analyzeto4dfp.c
Reading: talsrcimg.hdr
header size 348 bytes
hdr.dime.datatype	offset=70	value=2
hdr.dime.bitpix		offset=72	value=8
hdr.hist.orient		offset=252	value=-1
dimensionality     4
dimensions       256       256       256         1
Reading: talsrcimg.img
Writing: talsrcimg.4dfp.img
Writing: talsrcimg.4dfp.ifh
ifh2hdr talsrcimg -r0to255
ori=2

---------------------------------------------------------------------
gauss_4dfp talsrcimg 1.1
---------------------------------------------------------------------

freesurfer gauss_4dfp.c
Reading: talsrcimg.4dfp.img
Writing: talsrcimg_g11.4dfp.img
image dimensions 256 256 256 padded to 288 288 288
processing volume 1freesurfer ifh2hdr.c
Sun Nov 24 06:02:27 2024
Writing: talsrcimg_g11.4dfp.hdr

Writing: talsrcimg_g11.4dfp.ifh
including: talsrcimg.4dfp.img.rec in talsrcimg_g11.4dfp.img.rec

---------------------------------------------------------------------
imgreg_4dfp /opt/freesurfer/average/711-2C_as_mni_average_305 none talsrcimg_g11 none talsrcimg_to_711-2C_as_mni_average_305_t4 4355
---------------------------------------------------------------------

freesurfer imgreg_4dfp.c
/opt/freesurfer/average/711-2C_as_mni_average_305.4dfp.img
       256       256       256         1
  1.000000  1.000000  1.000000
orientation T byte_order littleendian
Reading image: /opt/freesurfer/average/711-2C_as_mni_average_305.4dfp.img
dimensions:      256       256       256
mmppix:       1.0000   -1.0000   -1.0000
center:     128.0000 -129.0000 -129.0000
talsrcimg_g11.4dfp.img
       256       256       256         1
  1.000000  1.000000  1.000000
orientation T byte_order littleendian
Reading image: talsrcimg_g11.4dfp.img
dimensions:      256       256       256
mmppix:       1.0000   -1.0000   -1.0000
center:     128.0000 -129.0000 -129.0000
t4_read: open error in t4_sub.f l:  41 t4_file(1:l)talsrcimg_to_711-2C_as_mni_average_305_t4 
t4_read: transform initialized to I4
rotation matrix determinant  1.000000
image alignment mode   4355 decimal     1103 hex
   -7.5000  -45.0000  -45.0000 9379.4453    9.6315
    0.0000  -45.0000  -45.0000 9785.5586    9.6359
    7.5000  -45.0000  -45.0000 9415.4736    9.6285
   -7.5000  -37.5000  -45.0000 9678.2061    9.5966
    0.0000  -37.5000  -45.000010084.0898    9.6023
    7.5000  -37.5000  -45.0000 9676.5557    9.5954
   -7.5000  -30.0000  -45.000010189.8223    9.4528
    0.0000  -30.0000  -45.000010622.5195    9.4592
    7.5000  -30.0000  -45.000010174.0225    9.4527
   -7.5000  -22.5000  -45.000010695.8320    9.3465
    0.0000  -22.5000  -45.000011154.2803    9.3533
    7.5000  -22.5000  -45.000010649.0332    9.3465
   -7.5000  -15.0000  -45.000011189.4512    9.3154
    0.0000  -15.0000  -45.000011663.0020    9.3216
    7.5000  -15.0000  -45.000011113.3994    9.3143
   -7.5000   -7.5000  -45.000011669.1104    9.2936
    0.0000   -7.5000  -45.000012144.6738    9.2992
    7.5000   -7.5000  -45.000011553.5381    9.2916
   -7.5000    0.0000  -45.000012037.3955    9.2822
    0.0000    0.0000  -45.000012544.7979    9.2876
    7.5000    0.0000  -45.000011916.4590    9.2802
   -7.5000    7.5000  -45.000011517.2178    9.3754
    0.0000    7.5000  -45.000012007.6719    9.3808
    7.5000    7.5000  -45.000011391.5859    9.3741
   -7.5000   15.0000  -45.000011013.4375    9.6016
    0.0000   15.0000  -45.000011436.5684    9.6070
    7.5000   15.0000  -45.000010862.7549    9.6004
   -7.5000   22.5000  -45.000010452.3877    9.9076
    0.0000   22.5000  -45.000010845.8066    9.9128
    7.5000   22.5000  -45.000010287.2461    9.9048
   -7.5000   30.0000  -45.0000 9848.5938   10.1096
    0.0000   30.0000  -45.000010226.1963   10.1148
    7.5000   30.0000  -45.0000 9705.6152   10.1063
   -7.5000   37.5000  -45.0000 9581.9297   10.4603
    0.0000   37.5000  -45.0000 9951.1533   10.4673
    7.5000   37.5000  -45.0000 9451.7305   10.4596
   -7.5000   45.0000  -45.0000 9041.2646   10.5692
    0.0000   45.0000  -45.0000 9386.2051   10.5774
    7.5000   45.0000  -45.0000 8921.8174   10.5719
   -7.5000  -45.0000  -37.5000 9882.5693    9.5995
    0.0000  -45.0000  -37.500010300.3379    9.6045
    7.5000  -45.0000  -37.5000 9894.5449    9.5996
   -7.5000  -37.5000  -37.500010185.7695    9.5642
    0.0000  -37.5000  -37.500010604.5439    9.5710
    7.5000  -37.5000  -37.500010143.4854    9.5679
   -7.5000  -30.0000  -37.500010752.0986    9.4169
    0.0000  -30.0000  -37.500011190.3643    9.4245
    7.5000  -30.0000  -37.500010692.4355    9.4225
   -7.5000  -22.5000  -37.500011321.3564    9.3095
    0.0000  -22.5000  -37.500011794.4492    9.3167
    7.5000  -22.5000  -37.500011229.6045    9.3136
   -7.5000  -15.0000  -37.500011870.0967    9.2795
    0.0000  -15.0000  -37.500012354.2197    9.2857
    7.5000  -15.0000  -37.500011748.0635    9.2806
   -7.5000   -7.5000  -37.500012360.7979    9.2603
    0.0000   -7.5000  -37.500012839.0254    9.2659
    7.5000   -7.5000  -37.500012190.9111    9.2599
   -7.5000    0.0000  -37.500012749.3047    9.2504
    0.0000    0.0000  -37.500013234.4209    9.2561
    7.5000    0.0000  -37.500012566.5166    9.2510
   -7.5000    7.5000  -37.500012217.6680    9.3429
    0.0000    7.5000  -37.500012668.0596    9.3493
    7.5000    7.5000  -37.500012033.8730    9.3462
   -7.5000   15.0000  -37.500011677.8105    9.5649
    0.0000   15.0000  -37.500012086.5703    9.5716
    7.5000   15.0000  -37.500011484.2852    9.5696
   -7.5000   22.5000  -37.500011077.6846    9.8678
    0.0000   22.5000  -37.500011482.9727    9.8735
    7.5000   22.5000  -37.500010864.5908    9.8692
   -7.5000   30.0000  -37.500010417.8672   10.0710
    0.0000   30.0000  -37.500010795.7881   10.0763
    7.5000   30.0000  -37.500010219.8223   10.0707
   -7.5000   37.5000  -37.500010092.2754   10.4232
    0.0000   37.5000  -37.500010476.3145   10.4305
    7.5000   37.5000  -37.5000 9945.9697   10.4252
   -7.5000   45.0000  -37.5000 9510.0781   10.5321
    0.0000   45.0000  -37.5000 9861.6592   10.5420
    7.5000   45.0000  -37.5000 9382.9111   10.5400
   -7.5000  -45.0000  -30.000010584.7773    9.9591
    0.0000  -45.0000  -30.000011000.9180    9.9661
    7.5000  -45.0000  -30.000010548.1143    9.9655
   -7.5000  -37.5000  -30.000010910.8379    9.9247
    0.0000  -37.5000  -30.000011319.3008    9.9332
    7.5000  -37.5000  -30.000010820.9844    9.9344
   -7.5000  -30.0000  -30.000011528.9902    9.7714
    0.0000  -30.0000  -30.000011955.1943    9.7796
    7.5000  -30.0000  -30.000011420.0576    9.7816
   -7.5000  -22.5000  -30.000012156.2021    9.6609
    0.0000  -22.5000  -30.000012624.4121    9.6677
    7.5000  -22.5000  -30.000012025.7646    9.6677
   -7.5000  -15.0000  -30.000012755.4229    9.6301
    0.0000  -15.0000  -30.000013221.0254    9.6363
    7.5000  -15.0000  -30.000012572.9258    9.6336
   -7.5000   -7.5000  -30.000013275.6602    9.6089
    0.0000   -7.5000  -30.000013736.1191    9.6158
    7.5000   -7.5000  -30.000013044.3955    9.6128
   -7.5000    0.0000  -30.000013694.1680    9.5974
    0.0000    0.0000  -30.000014151.5830    9.6051
    7.5000    0.0000  -30.000013426.5703    9.6037
   -7.5000    7.5000  -30.000013157.5557    9.6945
    0.0000    7.5000  -30.000013599.9902    9.7026
    7.5000    7.5000  -30.000012888.1523    9.7036
   -7.5000   15.0000  -30.000012542.9180    9.9270
    0.0000   15.0000  -30.000013003.5820    9.9341
    7.5000   15.0000  -30.000012289.3906    9.9363
   -7.5000   22.5000  -30.000011871.2148   10.2441
    0.0000   22.5000  -30.000012321.8584   10.2493
    7.5000   22.5000  -30.000011597.0615   10.2483
   -7.5000   30.0000  -30.000011163.0332   10.4614
    0.0000   30.0000  -30.000011568.7764   10.4669
    7.5000   30.0000  -30.000010913.4766   10.4646
   -7.5000   37.5000  -30.000010821.6416   10.8287
    0.0000   37.5000  -30.000011227.0947   10.8386
    7.5000   37.5000  -30.000010627.2695   10.8376
   -7.5000   45.0000  -30.000010166.6787   10.9492
    0.0000   45.0000  -30.000010531.4795   10.9629
    7.5000   45.0000  -30.0000 9988.2041   10.9666
   -7.5000  -45.0000  -22.500011274.2490   10.2595
    0.0000  -45.0000  -22.500011708.8252   10.2683
    7.5000  -45.0000  -22.500011228.3037   10.2701
   -7.5000  -37.5000  -22.500011652.4775   10.2286
    0.0000  -37.5000  -22.500012080.3291   10.2380
    7.5000  -37.5000  -22.500011541.9092   10.2403
   -7.5000  -30.0000  -22.500012323.0391   10.0748
    0.0000  -30.0000  -22.500012787.3965   10.0824
    7.5000  -30.0000  -22.500012204.6494   10.0842
   -7.5000  -22.5000  -22.500012999.7275    9.9631
    0.0000  -22.5000  -22.500013481.8877    9.9692
    7.5000  -22.5000  -22.500012842.4355    9.9691
   -7.5000  -15.0000  -22.500013630.8584    9.9296
    0.0000  -15.0000  -22.500014104.8301    9.9361
    7.5000  -15.0000  -22.500013425.1934    9.9344
   -7.5000   -7.5000  -22.500014173.5586    9.9027
    0.0000   -7.5000  -22.500014656.1250    9.9113
    7.5000   -7.5000  -22.500013942.8252    9.9104
   -7.5000    0.0000  -22.500014635.7139    9.8877
    0.0000    0.0000  -22.500015131.4326    9.8974
    7.5000    0.0000  -22.500014350.3008    9.8983
   -7.5000    7.5000  -22.500014097.9756    9.9911
    0.0000    7.5000  -22.500014581.4766    9.9999
    7.5000    7.5000  -22.500013761.8926   10.0019
   -7.5000   15.0000  -22.500013424.5166   10.2380
    0.0000   15.0000  -22.500013917.2207   10.2444
    7.5000   15.0000  -22.500013089.7021   10.2465
   -7.5000   22.5000  -22.500012681.2217   10.5706
    0.0000   22.5000  -22.500013116.9512   10.5749
    7.5000   22.5000  -22.500012311.8975   10.5741
   -7.5000   30.0000  -22.500011923.0381   10.7974
    0.0000   30.0000  -22.500012323.1582   10.8033
    7.5000   30.0000  -22.500011571.8955   10.8022
   -7.5000   37.5000  -22.500011566.7920   11.1722
    0.0000   37.5000  -22.500011973.9902   11.1845
    7.5000   37.5000  -22.500011277.9043   11.1866
   -7.5000   45.0000  -22.500010835.5156   11.3024
    0.0000   45.0000  -22.500011200.6680   11.3186
    7.5000   45.0000  -22.500010603.6377   11.3250
   -7.5000  -45.0000  -15.000011956.4746   10.4604
    0.0000  -45.0000  -15.000012482.7451   10.4693
    7.5000  -45.0000  -15.000011976.8984   10.4696
   -7.5000  -37.5000  -15.000012362.1406   10.4326
    0.0000  -37.5000  -15.000012867.5615   10.4417
    7.5000  -37.5000  -15.000012311.7334   10.4411
   -7.5000  -30.0000  -15.000013081.5615   10.2799
    0.0000  -30.0000  -15.000013603.8047   10.2870
    7.5000  -30.0000  -15.000013006.1172   10.2849
   -7.5000  -22.5000  -15.000013803.3643   10.1674
    0.0000  -22.5000  -15.000014319.4912   10.1735
    7.5000  -22.5000  -15.000013642.7744   10.1705
   -7.5000  -15.0000  -15.000014469.1455   10.1310
    0.0000  -15.0000  -15.000015000.6289   10.1378
    7.5000  -15.0000  -15.000014284.0781   10.1347
   -7.5000   -7.5000  -15.000015048.0186   10.0993
    0.0000   -7.5000  -15.000015615.4160   10.1083
    7.5000   -7.5000  -15.000014838.0840   10.1067
   -7.5000    0.0000  -15.000015554.8574   10.0816
    0.0000    0.0000  -15.000016114.7119   10.0916
    7.5000    0.0000  -15.000015257.0869   10.0913
   -7.5000    7.5000  -15.000014973.7363   10.1902
    0.0000    7.5000  -15.000015510.9814   10.1987
    7.5000    7.5000  -15.000014602.6064   10.1980
   -7.5000   15.0000  -15.000014315.7812   10.4496
    0.0000   15.0000  -15.000014858.0781   10.4555
    7.5000   15.0000  -15.000013929.1934   10.4537
   -7.5000   22.5000  -15.000013513.2939   10.7939
    0.0000   22.5000  -15.000013964.2090   10.7983
    7.5000   22.5000  -15.000013077.8574   10.7947
   -7.5000   30.0000  -15.000012670.5566   11.0269
    0.0000   30.0000  -15.000013063.3115   11.0331
    7.5000   30.0000  -15.000012251.9648   11.0301
   -7.5000   37.5000  -15.000012284.1523   11.4067
    0.0000   37.5000  -15.000012681.5186   11.4192
    7.5000   37.5000  -15.000011933.7061   11.4203
   -7.5000   45.0000  -15.000011479.4121   11.5450
    0.0000   45.0000  -15.000011847.9307   11.5602
    7.5000   45.0000  -15.000011205.6768   11.5642
   -7.5000  -45.0000   -7.500012686.1904   10.5406
    0.0000  -45.0000   -7.500013275.7979   10.5473
    7.5000  -45.0000   -7.500012731.2549   10.5428
   -7.5000  -37.5000   -7.500013085.7305   10.5127
    0.0000  -37.5000   -7.500013673.2109   10.5201
    7.5000  -37.5000   -7.500013110.3330   10.5149
   -7.5000  -30.0000   -7.500013867.6826   10.3578
    0.0000  -30.0000   -7.500014466.3125   10.3645
    7.5000  -30.0000   -7.500013842.5928   10.3582
   -7.5000  -22.5000   -7.500014655.5068   10.2425
    0.0000  -22.5000   -7.500015230.2393   10.2489
    7.5000  -22.5000   -7.500014538.8643   10.2424
   -7.5000  -15.0000   -7.500015370.5068   10.2047
    0.0000  -15.0000   -7.500015972.2822   10.2112
    7.5000  -15.0000   -7.500015219.7363   10.2050
   -7.5000   -7.5000   -7.500015984.3018   10.1741
    0.0000   -7.5000   -7.500016605.7168   10.1816
    7.5000   -7.5000   -7.500015774.4609   10.1763
   -7.5000    0.0000   -7.500016485.8594   10.1580
    0.0000    0.0000   -7.500017088.4688   10.1659
    7.5000    0.0000   -7.500016161.8711   10.1612
   -7.5000    7.5000   -7.500015864.9062   10.2682
    0.0000    7.5000   -7.500016459.6934   10.2752
    7.5000    7.5000   -7.500015452.2188   10.2700
   -7.5000   15.0000   -7.500015355.3232   10.5307
    0.0000   15.0000   -7.500015947.4463   10.5364
    7.5000   15.0000   -7.500014814.4521   10.5301
   -7.5000   22.5000   -7.500014540.1064   10.8765
    0.0000   22.5000   -7.500015016.8486   10.8814
    7.5000   22.5000   -7.500014001.1660   10.8739
   -7.5000   30.0000   -7.500013560.8418   11.1135
    0.0000   30.0000   -7.500013985.0039   11.1193
    7.5000   30.0000   -7.500013093.6631   11.1123
   -7.5000   37.5000   -7.500013078.7656   11.5011
    0.0000   37.5000   -7.500013509.4248   11.5111
    7.5000   37.5000   -7.500012688.3311   11.5069
   -7.5000   45.0000   -7.500012203.9033   11.6471
    0.0000   45.0000   -7.500012611.6543   11.6587
    7.5000   45.0000   -7.500011858.0400   11.6567
   -7.5000  -45.0000    0.000013307.8535   10.5469
    0.0000  -45.0000    0.000013891.9072   10.5514
    7.5000  -45.0000    0.000013340.4443   10.5436
   -7.5000  -37.5000    0.000013682.5020   10.5163
    0.0000  -37.5000    0.000014286.8086   10.5224
    7.5000  -37.5000    0.000013710.1602   10.5152
   -7.5000  -30.0000    0.000014505.6982   10.3566
    0.0000  -30.0000    0.000015111.0254   10.3635
    7.5000  -30.0000    0.000014483.9707   10.3566
   -7.5000  -22.5000    0.000015344.8789   10.2380
    0.0000  -22.5000    0.000015962.1748   10.2450
    7.5000  -22.5000    0.000015242.6865   10.2379
   -7.5000  -15.0000    0.000016120.5293   10.2006
    0.0000  -15.0000    0.000016750.3555   10.2069
    7.5000  -15.0000    0.000015956.8516   10.1992
   -7.5000   -7.5000    0.000016767.4336   10.1747
    0.0000   -7.5000    0.000017398.2539   10.1803
    7.5000   -7.5000    0.000016544.3711   10.1723
   -7.5000    0.0000    0.000017247.6250   10.1620
    0.0000    0.0000    0.000017885.4785   10.1675
    7.5000    0.0000    0.000016949.8672   10.1599
   -7.5000    7.5000    0.000016660.8711   10.2710
    0.0000    7.5000    0.000017287.8281   10.2768
    7.5000    7.5000    0.000016190.0811   10.2698
   -7.5000   15.0000    0.000016270.8604   10.5288
    0.0000   15.0000    0.000016859.4902   10.5348
    7.5000   15.0000    0.000015560.0967   10.5278
   -7.5000   22.5000    0.000015473.9541   10.8706
    0.0000   22.5000    0.000016028.4697   10.8761
    7.5000   22.5000    0.000014826.4961   10.8677
   -7.5000   30.0000    0.000014445.1699   11.1099
    0.0000   30.0000    0.000014972.7637   11.1153
    7.5000   30.0000    0.000013914.4912   11.1064
   -7.5000   37.5000    0.000013914.2861   11.5046
    0.0000   37.5000    0.000014438.0830   11.5120
    7.5000   37.5000    0.000013414.8467   11.5041
   -7.5000   45.0000    0.000012902.5010   11.6553
    0.0000   45.0000    0.000013422.8564   11.6644
    7.5000   45.0000    0.000012471.5557   11.6589
   -7.5000  -45.0000    7.500012827.6494   10.5762
    0.0000  -45.0000    7.500013385.5410   10.5812
    7.5000  -45.0000    7.500012853.2295   10.5758
   -7.5000  -37.5000    7.500013184.5205   10.5428
    0.0000  -37.5000    7.500013750.2109   10.5499
    7.5000  -37.5000    7.500013221.0264   10.5463
   -7.5000  -30.0000    7.500013992.1699   10.3785
    0.0000  -30.0000    7.500014567.8047   10.3866
    7.5000  -30.0000    7.500013997.2021   10.3843
   -7.5000  -22.5000    7.500014820.4814   10.2584
    0.0000  -22.5000    7.500015352.0547   10.2660
    7.5000  -22.5000    7.500014727.5088   10.2625
   -7.5000  -15.0000    7.500015589.3174   10.2229
    0.0000  -15.0000    7.500016082.5840   10.2294
    7.5000  -15.0000    7.500015404.7266   10.2238
   -7.5000   -7.5000    7.500016211.3213   10.2003
    0.0000   -7.5000    7.500016722.4609   10.2061
    7.5000   -7.5000    7.500015976.6943   10.1995
   -7.5000    0.0000    7.500016696.2461   10.1892
    0.0000    0.0000    7.500017182.0469   10.1951
    7.5000    0.0000    7.500016375.5068   10.1894
   -7.5000    7.5000    7.500016128.2529   10.2963
    0.0000    7.5000    7.500016637.8848   10.3031
    7.5000    7.5000    7.500015650.9619   10.2995
   -7.5000   15.0000    7.500015561.8682   10.5486
    0.0000   15.0000    7.500016204.5352   10.5557
    7.5000   15.0000    7.500015029.1016   10.5534
   -7.5000   22.5000    7.500014784.3721   10.8865
    0.0000   22.5000    7.500015527.4512   10.8927
    7.5000   22.5000    7.500014307.9746   10.8879
   -7.5000   30.0000    7.500013956.6660   11.1265
    0.0000   30.0000    7.500014672.7129   11.1323
    7.5000   30.0000    7.500013460.4023   11.1262
   -7.5000   37.5000    7.500013527.5547   11.5234
    0.0000   37.5000    7.500014192.9297   11.5314
    7.5000   37.5000    7.500012995.6074   11.5257
   -7.5000   45.0000    7.500012493.4521   11.6736
    0.0000   45.0000    7.500013063.5166   11.6844
    7.5000   45.0000    7.500012058.8438   11.6823
   -7.5000  -45.0000   15.000012275.6309   10.6151
    0.0000  -45.0000   15.000012798.7070   10.6224
    7.5000  -45.0000   15.000012303.9512   10.6218
   -7.5000  -37.5000   15.000012617.9268   10.5815
    0.0000  -37.5000   15.000013122.3506   10.5904
    7.5000  -37.5000   15.000012640.7969   10.5918
   -7.5000  -30.0000   15.000013364.7275   10.4168
    0.0000  -30.0000   15.000013876.3340   10.4254
    7.5000  -30.0000   15.000013343.6562   10.4276
   -7.5000  -22.5000   15.000014113.8691   10.2978
    0.0000  -22.5000   15.000014608.9463   10.3049
    7.5000  -22.5000   15.000014010.1553   10.3050
   -7.5000  -15.0000   15.000014841.7383   10.2636
    0.0000  -15.0000   15.000015319.6973   10.2702
    7.5000  -15.0000   15.000014651.9619   10.2673
   -7.5000   -7.5000   15.000015447.7373   10.2404
    0.0000   -7.5000   15.000015925.8867   10.2476
    7.5000   -7.5000   15.000015201.9248   10.2445
   -7.5000    0.0000   15.000015972.6064   10.2280
    0.0000    0.0000   15.000016432.0938   10.2361
    7.5000    0.0000   15.000015635.7412   10.2347
   -7.5000    7.5000   15.000015442.8330   10.3347
    0.0000    7.5000   15.000015940.7314   10.3432
    7.5000    7.5000   15.000015021.5879   10.3444
   -7.5000   15.0000   15.000014776.9922   10.5861
    0.0000   15.0000   15.000015368.2002   10.5937
    7.5000   15.0000   15.000014426.9404   10.5961
   -7.5000   22.5000   15.000013952.9189   10.9242
    0.0000   22.5000   15.000014581.6582   10.9296
    7.5000   22.5000   15.000013678.1660   10.9286
   -7.5000   30.0000   15.000013132.3613   11.1631
    0.0000   30.0000   15.000013694.7988   11.1690
    7.5000   30.0000   15.000012821.0811   11.1666
   -7.5000   37.5000   15.000012727.9355   11.5572
    0.0000   37.5000   15.000013270.5088   11.5676
    7.5000   37.5000   15.000012394.1963   11.5667
   -7.5000   45.0000   15.000011821.1562   11.7039
    0.0000   45.0000   15.000012313.3730   11.7185
    7.5000   45.0000   15.000011499.1650   11.7226
   -7.5000  -45.0000   22.500011713.0449   10.6611
    0.0000  -45.0000   22.500012207.7646   10.6702
    7.5000  -45.0000   22.500011695.8545   10.6722
   -7.5000  -37.5000   22.500012025.4980   10.6297
    0.0000  -37.5000   22.500012499.2207   10.6393
    7.5000  -37.5000   22.500011952.8486   10.6419
   -7.5000  -30.0000   22.500012720.7451   10.4691
    0.0000  -30.0000   22.500013174.7275   10.4770
    7.5000  -30.0000   22.500012598.4473   10.4790
   -7.5000  -22.5000   22.500013409.0996   10.3527
    0.0000  -22.5000   22.500013835.8594   10.3589
    7.5000  -22.5000   22.500013241.2666   10.3591
   -7.5000  -15.0000   22.500014080.6318   10.3178
    0.0000  -15.0000   22.500014497.2676   10.3245
    7.5000  -15.0000   22.500013881.5068   10.3228
   -7.5000   -7.5000   22.500014652.9053   10.2899
    0.0000   -7.5000   22.500015074.3135   10.2987
    7.5000   -7.5000   22.500014428.0615   10.2980
   -7.5000    0.0000   22.500015137.8770   10.2744
    0.0000    0.0000   22.500015573.7041   10.2844
    7.5000    0.0000   22.500014852.3643   10.2855
   -7.5000    7.5000   22.500014520.3398   10.3828
    0.0000    7.5000   22.500014989.3916   10.3918
    7.5000    7.5000   22.500014222.1182   10.3941
   -7.5000   15.0000   22.500013803.4834   10.6393
    0.0000   15.0000   22.500014292.4004   10.6459
    7.5000   15.0000   22.500013617.4736   10.6482
   -7.5000   22.5000   22.500012994.5225   10.9809
    0.0000   22.5000   22.500013474.6113   10.9853
    7.5000   22.5000   22.500012833.4551   10.9846
   -7.5000   30.0000   22.500012192.8242   11.2158
    0.0000   30.0000   22.500012611.2686   11.2217
    7.5000   30.0000   22.500011978.7676   11.2206
   -7.5000   37.5000   22.500011796.0752   11.6018
    0.0000   37.5000   22.500012209.4355   11.6144
    7.5000   37.5000   22.500011571.1895   11.6165
   -7.5000   45.0000   22.500010981.3066   11.7437
    0.0000   45.0000   22.500011355.9951   11.7604
    7.5000   45.0000   22.500010754.0840   11.7670
   -7.5000  -45.0000   30.000011097.1729   10.7358
    0.0000  -45.0000   30.000011573.4844   10.7451
    7.5000  -45.0000   30.000011045.2490   10.7459
   -7.5000  -37.5000   30.000011376.7051   10.7055
    0.0000  -37.5000   30.000011840.3496   10.7148
    7.5000  -37.5000   30.000011305.8281   10.7146
   -7.5000  -30.0000   30.000012051.9639   10.5482
    0.0000  -30.0000   30.000012508.9053   10.5554
    7.5000  -30.0000   30.000011952.6338   10.5537
   -7.5000  -22.5000   30.000012652.7822   10.4329
    0.0000  -22.5000   30.000013114.7197   10.4391
    7.5000  -22.5000   30.000012562.9951   10.4363
   -7.5000  -15.0000   30.000013210.4150   10.3965
    0.0000  -15.0000   30.000013670.3496   10.4036
    7.5000  -15.0000   30.000013108.2412   10.4006
   -7.5000   -7.5000   30.000013672.6064   10.3648
    0.0000   -7.5000   30.000014114.4688   10.3741
    7.5000   -7.5000   30.000013546.9805   10.3728
   -7.5000    0.0000   30.000014055.4814   10.3468
    0.0000    0.0000   30.000014518.1250   10.3573
    7.5000    0.0000   30.000013885.3574   10.3573
   -7.5000    7.5000   30.000013391.8184   10.4574
    0.0000    7.5000   30.000013859.3311   10.4661
    7.5000    7.5000   30.000013216.6943   10.4658
   -7.5000   15.0000   30.000012705.7236   10.7209
    0.0000   15.0000   30.000013157.3926   10.7268
    7.5000   15.0000   30.000012562.8135   10.7251
   -7.5000   22.5000   30.000011958.9424   11.0672
    0.0000   22.5000   30.000012370.3174   11.0716
    7.5000   22.5000   30.000011783.5996   11.0679
   -7.5000   30.0000   30.000011187.2686   11.2988
    0.0000   30.0000   30.000011553.6924   11.3050
    7.5000   30.0000   30.000010993.1582   11.3019
   -7.5000   37.5000   30.000010822.6377   11.6809
    0.0000   37.5000   30.000011172.0088   11.6936
    7.5000   37.5000   30.000010613.2812   11.6947
   -7.5000   45.0000   30.000010098.3838   11.8210
    0.0000   45.0000   30.000010414.1562   11.8367
    7.5000   45.0000   30.0000 9875.1953   11.8409
   -7.5000  -45.0000   37.500010885.5488   10.8633
    0.0000  -45.0000   37.500011406.3945   10.8689
    7.5000  -45.0000   37.500010907.2803   10.8642
   -7.5000  -37.5000   37.500011099.7451   10.8308
    0.0000  -37.5000   37.500011616.7168   10.8372
    7.5000  -37.5000   37.500011134.9971   10.8318
   -7.5000  -30.0000   37.500011700.1670   10.6697
    0.0000  -30.0000   37.500012223.5322   10.6756
    7.5000  -30.0000   37.500011730.7363   10.6688
   -7.5000  -22.5000   37.500012241.9512   10.5501
    0.0000  -22.5000   37.500012742.4209   10.5558
    7.5000  -22.5000   37.500012249.5742   10.5486
   -7.5000  -15.0000   37.500012748.2578   10.5123
    0.0000  -15.0000   37.500013224.7451   10.5181
    7.5000  -15.0000   37.500012713.5117   10.5111
   -7.5000   -7.5000   37.500013160.0908   10.4819
    0.0000   -7.5000   37.500013629.5400   10.4885
    7.5000   -7.5000   37.500013088.2451   10.4827
   -7.5000    0.0000   37.500013489.8408   10.4658
    0.0000    0.0000   37.500013957.5215   10.4728
    7.5000    0.0000   37.500013353.4268   10.4679
   -7.5000    7.5000   37.500012807.9180   10.5783
    0.0000    7.5000   37.500013246.2900   10.5844
    7.5000    7.5000   37.500012663.2627   10.5789
   -7.5000   15.0000   37.500012116.2100   10.8453
    0.0000   15.0000   37.500012526.3252   10.8499
    7.5000   15.0000   37.500011998.3584   10.8430
   -7.5000   22.5000   37.500011398.2334   11.1937
    0.0000   22.5000   37.500011769.9512   11.1974
    7.5000   22.5000   37.500011242.1709   11.1887
   -7.5000   30.0000   37.500010657.6768   11.4266
    0.0000   30.0000   37.500011003.8623   11.4310
    7.5000   30.0000   37.500010479.4717   11.4226
   -7.5000   37.5000   37.500010303.2393   11.8163
    0.0000   37.5000   37.500010646.0410   11.8250
    7.5000   37.5000   37.500010116.2812   11.8197
   -7.5000   45.0000   37.5000 9643.3691   11.9627
    0.0000   45.0000   37.5000 9943.4199   11.9730
    7.5000   45.0000   37.5000 9434.4346   11.9703
   -7.5000  -45.0000   45.000010134.2324   11.0084
    0.0000  -45.0000   45.000010627.8750   11.0133
    7.5000  -45.0000   45.000010211.3066   11.0060
   -7.5000  -37.5000   45.000010295.5059   10.9707
    0.0000  -37.5000   45.000010786.8398   10.9773
    7.5000  -37.5000   45.000010370.0703   10.9710
   -7.5000  -30.0000   45.000010829.9893   10.7998
    0.0000  -30.0000   45.000011310.8271   10.8074
    7.5000  -30.0000   45.000010877.1650   10.8016
   -7.5000  -22.5000   45.000011302.6250   10.6748
    0.0000  -22.5000   45.000011762.6709   10.6825
    7.5000  -22.5000   45.000011304.5938   10.6760
   -7.5000  -15.0000   45.000011734.9385   10.6389
    0.0000  -15.0000   45.000012177.4902   10.6458
    7.5000  -15.0000   45.000011688.5430   10.6380
   -7.5000   -7.5000   45.000012101.7949   10.6139
    0.0000   -7.5000   45.000012536.4668   10.6200
    7.5000   -7.5000   45.000012009.3828   10.6119
   -7.5000    0.0000   45.000012370.5107   10.6006
    0.0000    0.0000   45.000012809.9668   10.6067
    7.5000    0.0000   45.000012251.1836   10.5994
   -7.5000    7.5000   45.000011708.8340   10.7128
    0.0000    7.5000   45.000012116.1377   10.7191
    7.5000    7.5000   45.000011597.1309   10.7129
   -7.5000   15.0000   45.000011083.9814   10.9791
    0.0000   15.0000   45.000011450.7285   10.9855
    7.5000   15.0000   45.000010962.5840   10.9794
   -7.5000   22.5000   45.000010416.6875   11.3304
    0.0000   22.5000   45.000010766.1631   11.3363
    7.5000   22.5000   45.000010261.6475   11.3281
   -7.5000   30.0000   45.0000 9714.5215   11.5717
    0.0000   30.0000   45.000010043.9229   11.5775
    7.5000   30.0000   45.0000 9555.2617   11.5678
   -7.5000   37.5000   45.0000 9396.8613   11.9790
    0.0000   37.5000   45.0000 9708.3594   11.9870
    7.5000   37.5000   45.0000 9221.7471   11.9784
   -7.5000   45.0000   45.0000 8804.8828   12.1433
    0.0000   45.0000   45.0000 9079.2236   12.1533
    7.5000   45.0000   45.0000 8593.9873   12.1479

---------------------------------------------------------------------
imgreg_4dfp /opt/freesurfer/average/711-2C_as_mni_average_305 /opt/freesurfer/average/711-2B_as_mni_average_305_mask talsrcimg_g11 none talsrcimg_to_711-2C_as_mni_average_305_t4 4355
---------------------------------------------------------------------

freesurfer imgreg_4dfp.c
/opt/freesurfer/average/711-2C_as_mni_average_305.4dfp.img
       256       256       256         1
  1.000000  1.000000  1.000000
orientation T byte_order littleendian
Reading image: /opt/freesurfer/average/711-2C_as_mni_average_305.4dfp.img
dimensions:      256       256       256
mmppix:       1.0000   -1.0000   -1.0000
center:     128.0000 -129.0000 -129.0000
/opt/freesurfer/average/711-2B_as_mni_average_305_mask.4dfp.img
       256       256       256         1
  1.000000  1.000000  1.000000
orientation T byte_order littleendian
Reading mask: /opt/freesurfer/average/711-2B_as_mni_average_305_mask.4dfp.img (2306576 pixels)
talsrcimg_g11.4dfp.img
       256       256       256         1
  1.000000  1.000000  1.000000
orientation T byte_order littleendian
Reading image: talsrcimg_g11.4dfp.img
dimensions:      256       256       256
mmppix:       1.0000   -1.0000   -1.0000
center:     128.0000 -129.0000 -129.0000
rotation matrix determinant  1.000000
image alignment mode   4355 decimal     1103 hex
   -7.5000  -45.0000  -45.0000 2226.2495   15.0202
    0.0000  -45.0000  -45.0000 2254.7500   14.8435
    7.5000  -45.0000  -45.0000 2256.0605   14.8626
   -7.5000  -37.5000  -45.0000 2250.6060   14.7357
    0.0000  -37.5000  -45.0000 2270.9802   14.5955
    7.5000  -37.5000  -45.0000 2265.6226   14.5723
   -7.5000  -30.0000  -45.0000 2276.4158   14.4923
    0.0000  -30.0000  -45.0000 2295.2158   14.3458
    7.5000  -30.0000  -45.0000 2281.4375   14.2996
   -7.5000  -22.5000  -45.0000 2311.8779   14.1765
    0.0000  -22.5000  -45.0000 2329.3208   14.0727
    7.5000  -22.5000  -45.0000 2316.6570   14.0663
   -7.5000  -15.0000  -45.0000 2353.4585   13.9886
    0.0000  -15.0000  -45.0000 2365.3916   13.8803
    7.5000  -15.0000  -45.0000 2350.2556   13.8799
   -7.5000   -7.5000  -45.0000 2388.0264   13.7941
    0.0000   -7.5000  -45.0000 2394.3950   13.7245
    7.5000   -7.5000  -45.0000 2379.1121   13.7448
   -7.5000    0.0000  -45.0000 2402.1467   13.6420
    0.0000    0.0000  -45.0000 2414.1333   13.5671
    7.5000    0.0000  -45.0000 2398.7878   13.6521
   -7.5000    7.5000  -45.0000 2406.0537   13.5119
    0.0000    7.5000  -45.0000 2418.5085   13.4668
    7.5000    7.5000  -45.0000 2401.7593   13.6049
   -7.5000   15.0000  -45.0000 2408.0264   13.4754
    0.0000   15.0000  -45.0000 2407.6147   13.4363
    7.5000   15.0000  -45.0000 2387.5457   13.6056
   -7.5000   22.5000  -45.0000 2401.7539   13.5475
    0.0000   22.5000  -45.0000 2397.6694   13.5034
    7.5000   22.5000  -45.0000 2379.3640   13.6904
   -7.5000   30.0000  -45.0000 2384.3103   13.8330
    0.0000   30.0000  -45.0000 2385.0813   13.8179
    7.5000   30.0000  -45.0000 2362.6995   14.0417
   -7.5000   37.5000  -45.0000 2361.1189   14.3179
    0.0000   37.5000  -45.0000 2358.4634   14.3243
    7.5000   37.5000  -45.0000 2331.7905   14.5652
   -7.5000   45.0000  -45.0000 2313.2031   15.0111
    0.0000   45.0000  -45.0000 2313.9172   15.0465
    7.5000   45.0000  -45.0000 2288.0247   15.3397
   -7.5000  -45.0000  -37.5000 2311.1418   13.9087
    0.0000  -45.0000  -37.5000 2339.7185   13.7996
    7.5000  -45.0000  -37.5000 2336.7083   13.8207
   -7.5000  -37.5000  -37.5000 2329.9949   13.6271
    0.0000  -37.5000  -37.5000 2351.9231   13.5334
    7.5000  -37.5000  -37.5000 2341.9351   13.5314
   -7.5000  -30.0000  -37.5000 2359.7473   13.3756
    0.0000  -30.0000  -37.5000 2375.6143   13.2622
    7.5000  -30.0000  -37.5000 2363.5417   13.2762
   -7.5000  -22.5000  -37.5000 2400.0891   13.1042
    0.0000  -22.5000  -37.5000 2419.3752   13.0185
    7.5000  -22.5000  -37.5000 2403.1707   13.0380
   -7.5000  -15.0000  -37.5000 2439.5574   12.9037
    0.0000  -15.0000  -37.5000 2455.7190   12.8345
    7.5000  -15.0000  -37.5000 2440.6233   12.8720
   -7.5000   -7.5000  -37.5000 2469.4299   12.7203
    0.0000   -7.5000  -37.5000 2483.0474   12.6612
    7.5000   -7.5000  -37.5000 2466.5564   12.7241
   -7.5000    0.0000  -37.5000 2486.8074   12.5778
    0.0000    0.0000  -37.5000 2499.3311   12.5047
    7.5000    0.0000  -37.5000 2484.8411   12.5976
   -7.5000    7.5000  -37.5000 2500.8123   12.4473
    0.0000    7.5000  -37.5000 2506.2751   12.3944
    7.5000    7.5000  -37.5000 2495.7444   12.5139
   -7.5000   15.0000  -37.5000 2512.2415   12.4307
    0.0000   15.0000  -37.5000 2504.9282   12.3738
    7.5000   15.0000  -37.5000 2490.7952   12.5461
   -7.5000   22.5000  -37.5000 2514.0366   12.5142
    0.0000   22.5000  -37.5000 2507.6604   12.4691
    7.5000   22.5000  -37.5000 2488.4690   12.6488
   -7.5000   30.0000  -37.5000 2491.6704   12.8188
    0.0000   30.0000  -37.5000 2490.1025   12.7852
    7.5000   30.0000  -37.5000 2466.8367   12.9779
   -7.5000   37.5000  -37.5000 2458.8618   13.2754
    0.0000   37.5000  -37.5000 2457.2664   13.2922
    7.5000   37.5000  -37.5000 2431.2610   13.5132
   -7.5000   45.0000  -37.5000 2408.7349   13.9470
    0.0000   45.0000  -37.5000 2404.5408   13.9784
    7.5000   45.0000  -37.5000 2380.0078   14.2324
   -7.5000  -45.0000  -30.0000 2434.8284   13.3418
    0.0000  -45.0000  -30.0000 2455.7522   13.2484
    7.5000  -45.0000  -30.0000 2454.3716   13.2618
   -7.5000  -37.5000  -30.0000 2449.9443   13.0924
    0.0000  -37.5000  -30.0000 2467.6995   12.9686
    7.5000  -37.5000  -30.0000 2459.6409   12.9806
   -7.5000  -30.0000  -30.0000 2481.5737   12.7967
    0.0000  -30.0000  -30.0000 2497.4844   12.6902
    7.5000  -30.0000  -30.0000 2488.2283   12.7229
   -7.5000  -22.5000  -30.0000 2522.0403   12.5331
    0.0000  -22.5000  -30.0000 2543.4297   12.4460
    7.5000  -22.5000  -30.0000 2531.1191   12.5261
   -7.5000  -15.0000  -30.0000 2560.3982   12.3225
    0.0000  -15.0000  -30.0000 2581.0044   12.2561
    7.5000  -15.0000  -30.0000 2564.9626   12.3625
   -7.5000   -7.5000  -30.0000 2593.1738   12.1489
    0.0000   -7.5000  -30.0000 2607.7358   12.0885
    7.5000   -7.5000  -30.0000 2589.1396   12.1889
   -7.5000    0.0000  -30.0000 2616.2751   11.9937
    0.0000    0.0000  -30.0000 2626.8149   11.9223
    7.5000    0.0000  -30.0000 2609.4097   12.0495
   -7.5000    7.5000  -30.0000 2640.4248   11.9288
    0.0000    7.5000  -30.0000 2644.9426   11.8351
    7.5000    7.5000  -30.0000 2631.6311   11.9585
   -7.5000   15.0000  -30.0000 2654.9480   11.8733
    0.0000   15.0000  -30.0000 2652.1025   11.8101
    7.5000   15.0000  -30.0000 2635.2808   11.9698
   -7.5000   22.5000  -30.0000 2662.9319   11.9578
    0.0000   22.5000  -30.0000 2656.9827   11.9306
    7.5000   22.5000  -30.0000 2630.2158   12.0853
   -7.5000   30.0000  -30.0000 2640.8303   12.2611
    0.0000   30.0000  -30.0000 2640.4587   12.2765
    7.5000   30.0000  -30.0000 2612.5413   12.4521
   -7.5000   37.5000  -30.0000 2605.9966   12.7568
    0.0000   37.5000  -30.0000 2607.8901   12.7788
    7.5000   37.5000  -30.0000 2575.1208   12.9911
   -7.5000   45.0000  -30.0000 2552.4480   13.4255
    0.0000   45.0000  -30.0000 2547.5376   13.4481
    7.5000   45.0000  -30.0000 2517.4634   13.6910
   -7.5000  -45.0000  -22.5000 2535.1462   12.7535
    0.0000  -45.0000  -22.5000 2548.1602   12.5813
    7.5000  -45.0000  -22.5000 2541.1458   12.6501
   -7.5000  -37.5000  -22.5000 2551.1353   12.5034
    0.0000  -37.5000  -22.5000 2568.4602   12.3393
    7.5000  -37.5000  -22.5000 2554.2874   12.3855
   -7.5000  -30.0000  -22.5000 2577.8188   12.2090
    0.0000  -30.0000  -22.5000 2600.4868   12.0661
    7.5000  -30.0000  -22.5000 2582.5107   12.1311
   -7.5000  -22.5000  -22.5000 2611.2717   11.9583
    0.0000  -22.5000  -22.5000 2637.4937   11.8238
    7.5000  -22.5000  -22.5000 2622.2646   11.9036
   -7.5000  -15.0000  -22.5000 2645.3662   11.7249
    0.0000  -15.0000  -22.5000 2667.1946   11.6058
    7.5000  -15.0000  -22.5000 2655.1421   11.7067
   -7.5000   -7.5000  -22.5000 2680.1736   11.5371
    0.0000   -7.5000  -22.5000 2694.7822   11.4425
    7.5000   -7.5000  -22.5000 2683.9502   11.5533
   -7.5000    0.0000  -22.5000 2715.0652   11.3694
    0.0000    0.0000  -22.5000 2725.4719   11.3073
    7.5000    0.0000  -22.5000 2706.9543   11.4215
   -7.5000    7.5000  -22.5000 2746.7344   11.2930
    0.0000    7.5000  -22.5000 2753.3806   11.2179
    7.5000    7.5000  -22.5000 2734.6594   11.3380
   -7.5000   15.0000  -22.5000 2763.3948   11.2834
    0.0000   15.0000  -22.5000 2770.2065   11.2278
    7.5000   15.0000  -22.5000 2745.1621   11.3487
   -7.5000   22.5000  -22.5000 2779.3074   11.3212
    0.0000   22.5000  -22.5000 2777.0681   11.2989
    7.5000   22.5000  -22.5000 2741.4688   11.4482
   -7.5000   30.0000  -22.5000 2762.3215   11.6426
    0.0000   30.0000  -22.5000 2760.9331   11.6100
    7.5000   30.0000  -22.5000 2725.3906   11.8141
   -7.5000   37.5000  -22.5000 2722.7480   12.1456
    0.0000   37.5000  -22.5000 2723.4783   12.1300
    7.5000   37.5000  -22.5000 2690.5195   12.3570
   -7.5000   45.0000  -22.5000 2662.8079   12.8139
    0.0000   45.0000  -22.5000 2655.5691   12.8198
    7.5000   45.0000  -22.5000 2627.4426   13.0755
   -7.5000  -45.0000  -15.0000 2609.2461   12.1652
    0.0000  -45.0000  -15.0000 2630.1250   12.0235
    7.5000  -45.0000  -15.0000 2618.9783   12.0871
   -7.5000  -37.5000  -15.0000 2627.5215   11.9340
    0.0000  -37.5000  -15.0000 2649.0117   11.7688
    7.5000  -37.5000  -15.0000 2632.8931   11.8296
   -7.5000  -30.0000  -15.0000 2647.2407   11.6769
    0.0000  -30.0000  -15.0000 2669.4036   11.5166
    7.5000  -30.0000  -15.0000 2654.3022   11.5733
   -7.5000  -22.5000  -15.0000 2674.9036   11.4134
    0.0000  -22.5000  -15.0000 2698.9104   11.2628
    7.5000  -22.5000  -15.0000 2680.7849   11.3327
   -7.5000  -15.0000  -15.0000 2698.2539   11.1578
    0.0000  -15.0000  -15.0000 2720.3831   11.0422
    7.5000  -15.0000  -15.0000 2709.8809   11.1079
   -7.5000   -7.5000  -15.0000 2737.0217   10.9474
    0.0000   -7.5000  -15.0000 2755.5642   10.8634
    7.5000   -7.5000  -15.0000 2744.9771   10.9428
   -7.5000    0.0000  -15.0000 2778.7163   10.7911
    0.0000    0.0000  -15.0000 2790.7727   10.7084
    7.5000    0.0000  -15.0000 2775.2861   10.8030
   -7.5000    7.5000  -15.0000 2819.4600   10.7199
    0.0000    7.5000  -15.0000 2827.8618   10.6541
    7.5000    7.5000  -15.0000 2810.3281   10.7332
   -7.5000   15.0000  -15.0000 2846.7090   10.7367
    0.0000   15.0000  -15.0000 2855.5173   10.6805
    7.5000   15.0000  -15.0000 2825.4224   10.7759
   -7.5000   22.5000  -15.0000 2873.0649   10.7897
    0.0000   22.5000  -15.0000 2868.0918   10.7246
    7.5000   22.5000  -15.0000 2825.7058   10.9153
   -7.5000   30.0000  -15.0000 2858.6423   11.0894
    0.0000   30.0000  -15.0000 2851.0779   10.9861
    7.5000   30.0000  -15.0000 2811.7002   11.2300
   -7.5000   37.5000  -15.0000 2809.6392   11.5696
    0.0000   37.5000  -15.0000 2808.9326   11.5006
    7.5000   37.5000  -15.0000 2772.4170   11.7417
   -7.5000   45.0000  -15.0000 2734.7661   12.2160
    0.0000   45.0000  -15.0000 2731.5266   12.1902
    7.5000   45.0000  -15.0000 2701.0571   12.4631
   -7.5000  -45.0000   -7.5000 2667.4336   11.5934
    0.0000  -45.0000   -7.5000 2692.8484   11.4362
    7.5000  -45.0000   -7.5000 2685.3584   11.5151
   -7.5000  -37.5000   -7.5000 2681.3748   11.3731
    0.0000  -37.5000   -7.5000 2706.9727   11.2239
    7.5000  -37.5000   -7.5000 2698.4958   11.3089
   -7.5000  -30.0000   -7.5000 2696.8840   11.1295
    0.0000  -30.0000   -7.5000 2723.3821   10.9721
    7.5000  -30.0000   -7.5000 2713.6106   11.0675
   -7.5000  -22.5000   -7.5000 2720.5781   10.9039
    0.0000  -22.5000   -7.5000 2743.7878   10.7376
    7.5000  -22.5000   -7.5000 2733.3013   10.8366
   -7.5000  -15.0000   -7.5000 2743.1187   10.6683
    0.0000  -15.0000   -7.5000 2760.4009   10.5191
    7.5000  -15.0000   -7.5000 2756.7605   10.6252
   -7.5000   -7.5000   -7.5000 2778.3755   10.4545
    0.0000   -7.5000   -7.5000 2794.4131   10.3273
    7.5000   -7.5000   -7.5000 2783.5159   10.4366
   -7.5000    0.0000   -7.5000 2823.6509   10.3051
    0.0000    0.0000   -7.5000 2835.5669   10.1815
    7.5000    0.0000   -7.5000 2813.7383   10.2978
   -7.5000    7.5000   -7.5000 2872.4685   10.2473
    0.0000    7.5000   -7.5000 2881.4299   10.1340
    7.5000    7.5000   -7.5000 2855.0376   10.2393
   -7.5000   15.0000   -7.5000 2918.0320   10.3536
    0.0000   15.0000   -7.5000 2926.1411   10.2339
    7.5000   15.0000   -7.5000 2890.9055   10.3196
   -7.5000   22.5000   -7.5000 2957.7036   10.4612
    0.0000   22.5000   -7.5000 2954.0728   10.3671
    7.5000   22.5000   -7.5000 2904.1150   10.5135
   -7.5000   30.0000   -7.5000 2937.8274   10.7016
    0.0000   30.0000   -7.5000 2932.4480   10.5738
    7.5000   30.0000   -7.5000 2881.5239   10.8297
   -7.5000   37.5000   -7.5000 2871.5513   11.1608
    0.0000   37.5000   -7.5000 2874.0769   11.0460
    7.5000   37.5000   -7.5000 2828.2334   11.3238
   -7.5000   45.0000   -7.5000 2784.2512   11.7891
    0.0000   45.0000   -7.5000 2783.8601   11.7161
    7.5000   45.0000   -7.5000 2740.2549   12.0261
   -7.5000  -45.0000    0.0000 2708.4258   11.1332
    0.0000  -45.0000    0.0000 2742.6670   10.9455
    7.5000  -45.0000    0.0000 2733.9385   11.0864
   -7.5000  -37.5000    0.0000 2719.7087   10.9333
    0.0000  -37.5000    0.0000 2753.9434   10.7242
    7.5000  -37.5000    0.0000 2744.2141   10.8789
   -7.5000  -30.0000    0.0000 2733.3088   10.6958
    0.0000  -30.0000    0.0000 2763.2778   10.5148
    7.5000  -30.0000    0.0000 2755.2253   10.6544
   -7.5000  -22.5000    0.0000 2757.5098   10.4987
    0.0000  -22.5000    0.0000 2779.2422   10.3321
    7.5000  -22.5000    0.0000 2768.5095   10.4576
   -7.5000  -15.0000    0.0000 2776.4509   10.2894
    0.0000  -15.0000    0.0000 2795.5474   10.1668
    7.5000  -15.0000    0.0000 2785.2434   10.2883
   -7.5000   -7.5000    0.0000 2807.7605   10.1101
    0.0000   -7.5000    0.0000 2821.2793   10.0066
    7.5000   -7.5000    0.0000 2809.2363   10.1192
   -7.5000    0.0000    0.0000 2849.6804    9.9683
    0.0000    0.0000    0.0000 2860.6299    9.8461
    7.5000    0.0000    0.0000 2838.7405    9.9767
   -7.5000    7.5000    0.0000 2906.0708    9.9178
    0.0000    7.5000    0.0000 2910.2458    9.7948
    7.5000    7.5000    0.0000 2882.5413    9.9374
   -7.5000   15.0000    0.0000 2959.3857   10.1090
    0.0000   15.0000    0.0000 2964.1956    9.9688
    7.5000   15.0000    0.0000 2930.0930   10.0762
   -7.5000   22.5000    0.0000 3001.3210   10.3467
    0.0000   22.5000    0.0000 3008.5781   10.2414
    7.5000   22.5000    0.0000 2946.0610   10.3345
   -7.5000   30.0000    0.0000 2983.8105   10.6154
    0.0000   30.0000    0.0000 2985.2437   10.5302
    7.5000   30.0000    0.0000 2917.0378   10.6951
   -7.5000   37.5000    0.0000 2915.3660   10.9495
    0.0000   37.5000    0.0000 2914.6035   10.9166
    7.5000   37.5000    0.0000 2852.1484   11.1485
   -7.5000   45.0000    0.0000 2803.6978   11.5543
    0.0000   45.0000    0.0000 2805.8872   11.5202
    7.5000   45.0000    0.0000 2760.4795   11.7720
   -7.5000  -45.0000    7.5000 2744.0208   10.7719
    0.0000  -45.0000    7.5000 2773.1482   10.5658
    7.5000  -45.0000    7.5000 2767.4124   10.7212
   -7.5000  -37.5000    7.5000 2753.6733   10.6086
    0.0000  -37.5000    7.5000 2785.4905   10.4269
    7.5000  -37.5000    7.5000 2777.2139   10.5718
   -7.5000  -30.0000    7.5000 2766.1284   10.4106
    0.0000  -30.0000    7.5000 2796.8020   10.2446
    7.5000  -30.0000    7.5000 2783.7876   10.4113
   -7.5000  -22.5000    7.5000 2787.2095   10.2406
    0.0000  -22.5000    7.5000 2809.4617   10.0700
    7.5000  -22.5000    7.5000 2794.1897   10.2320
   -7.5000  -15.0000    7.5000 2805.9043   10.0538
    0.0000  -15.0000    7.5000 2820.9094    9.8974
    7.5000  -15.0000    7.5000 2806.7910   10.0706
   -7.5000   -7.5000    7.5000 2837.3245    9.9341
    0.0000   -7.5000    7.5000 2840.8022    9.7845
    7.5000   -7.5000    7.5000 2825.5596    9.9500
   -7.5000    0.0000    7.5000 2868.9695    9.8467
    0.0000    0.0000    7.5000 2863.5454    9.7121
    7.5000    0.0000    7.5000 2849.6467    9.8739
   -7.5000    7.5000    7.5000 2919.3655    9.8601
    0.0000    7.5000    7.5000 2909.7959    9.7640
    7.5000    7.5000    7.5000 2890.5151    9.9145
   -7.5000   15.0000    7.5000 2966.7258   10.0579
    0.0000   15.0000    7.5000 2967.9363   10.0100
    7.5000   15.0000    7.5000 2930.6055   10.0982
   -7.5000   22.5000    7.5000 2995.9624   10.2568
    0.0000   22.5000    7.5000 3003.0261   10.3128
    7.5000   22.5000    7.5000 2943.2966   10.3639
   -7.5000   30.0000    7.5000 2968.5854   10.5923
    0.0000   30.0000    7.5000 2975.5669   10.6558
    7.5000   30.0000    7.5000 2911.9839   10.7447
   -7.5000   37.5000    7.5000 2905.1062   11.0444
    0.0000   37.5000    7.5000 2908.4451   11.0706
    7.5000   37.5000    7.5000 2846.4795   11.2207
   -7.5000   45.0000    7.5000 2792.5642   11.6849
    0.0000   45.0000    7.5000 2794.2073   11.6661
    7.5000   45.0000    7.5000 2754.7063   11.8549
   -7.5000  -45.0000   15.0000 2752.3945   10.6245
    0.0000  -45.0000   15.0000 2785.7422   10.4054
    7.5000  -45.0000   15.0000 2779.9749   10.5570
   -7.5000  -37.5000   15.0000 2766.9458   10.4917
    0.0000  -37.5000   15.0000 2798.4741   10.2698
    7.5000  -37.5000   15.0000 2786.7854   10.4483
   -7.5000  -30.0000   15.0000 2783.1045   10.3163
    0.0000  -30.0000   15.0000 2809.4517   10.1008
    7.5000  -30.0000   15.0000 2795.7639   10.2921
   -7.5000  -22.5000   15.0000 2799.0720   10.1658
    0.0000  -22.5000   15.0000 2822.4978    9.9711
    7.5000  -22.5000   15.0000 2805.3882   10.1483
   -7.5000  -15.0000   15.0000 2818.2471   10.0356
    0.0000  -15.0000   15.0000 2828.6450    9.8783
    7.5000  -15.0000   15.0000 2812.3708   10.0558
   -7.5000   -7.5000   15.0000 2843.3435    9.9918
    0.0000   -7.5000   15.0000 2842.9019    9.8699
    7.5000   -7.5000   15.0000 2825.6687   10.0147
   -7.5000    0.0000   15.0000 2872.9248    9.9727
    0.0000    0.0000   15.0000 2860.8906    9.8944
    7.5000    0.0000   15.0000 2844.3511   10.0286
   -7.5000    7.5000   15.0000 2912.6567   10.0700
    0.0000    7.5000   15.0000 2899.6416   10.0193
    7.5000    7.5000   15.0000 2876.4058   10.1541
   -7.5000   15.0000   15.0000 2946.0710   10.2546
    0.0000   15.0000   15.0000 2937.8196   10.2329
    7.5000   15.0000   15.0000 2904.4092   10.3579
   -7.5000   22.5000   15.0000 2952.5520   10.4092
    0.0000   22.5000   15.0000 2951.3875   10.4456
    7.5000   22.5000   15.0000 2906.8230   10.6265
   -7.5000   30.0000   15.0000 2922.9941   10.8013
    0.0000   30.0000   15.0000 2923.0691   10.7893
    7.5000   30.0000   15.0000 2877.1274   11.0036
   -7.5000   37.5000   15.0000 2859.3933   11.3118
    0.0000   37.5000   15.0000 2859.3416   11.2869
    7.5000   37.5000   15.0000 2814.1287   11.5014
   -7.5000   45.0000   15.0000 2753.4529   12.0019
    0.0000   45.0000   15.0000 2756.9412   11.9488
    7.5000   45.0000   15.0000 2724.5205   12.1720
   -7.5000  -45.0000   22.5000 2751.4805   10.6781
    0.0000  -45.0000   22.5000 2778.3188   10.4149
    7.5000  -45.0000   22.5000 2773.0762   10.5438
   -7.5000  -37.5000   22.5000 2767.9915   10.5447
    0.0000  -37.5000   22.5000 2796.2222   10.2600
    7.5000  -37.5000   22.5000 2776.2463   10.4291
   -7.5000  -30.0000   22.5000 2783.0896   10.3996
    0.0000  -30.0000   22.5000 2804.1709   10.1407
    7.5000  -30.0000   22.5000 2779.7607   10.3183
   -7.5000  -22.5000   22.5000 2797.1067   10.2915
    0.0000  -22.5000   22.5000 2808.6858   10.0722
    7.5000  -22.5000   22.5000 2789.1748   10.2682
   -7.5000  -15.0000   22.5000 2815.0139   10.2471
    0.0000  -15.0000   22.5000 2814.7046   10.0764
    7.5000  -15.0000   22.5000 2795.8479   10.2638
   -7.5000   -7.5000   22.5000 2831.9377   10.2316
    0.0000   -7.5000   22.5000 2826.8340   10.1217
    7.5000   -7.5000   22.5000 2808.7986   10.3137
   -7.5000    0.0000   22.5000 2854.2395   10.2750
    0.0000    0.0000   22.5000 2844.5845   10.2033
    7.5000    0.0000   22.5000 2824.4578   10.3920
   -7.5000    7.5000   22.5000 2884.9800   10.4222
    0.0000    7.5000   22.5000 2874.8196   10.3713
    7.5000    7.5000   22.5000 2849.9536   10.5416
   -7.5000   15.0000   22.5000 2907.7200   10.5496
    0.0000   15.0000   22.5000 2894.4600   10.5617
    7.5000   15.0000   22.5000 2864.9570   10.7705
   -7.5000   22.5000   22.5000 2896.2771   10.7748
    0.0000   22.5000   22.5000 2885.2261   10.7881
    7.5000   22.5000   22.5000 2853.4177   11.0367
   -7.5000   30.0000   22.5000 2857.9238   11.2069
    0.0000   30.0000   22.5000 2850.5837   11.1900
    7.5000   30.0000   22.5000 2816.4739   11.4412
   -7.5000   37.5000   22.5000 2792.9041   11.7321
    0.0000   37.5000   22.5000 2785.6643   11.7238
    7.5000   37.5000   22.5000 2753.2778   11.9723
   -7.5000   45.0000   22.5000 2695.6660   12.4338
    0.0000   45.0000   22.5000 2693.8945   12.4017
    7.5000   45.0000   22.5000 2667.8496   12.6554
   -7.5000  -45.0000   30.0000 2728.2366   10.9371
    0.0000  -45.0000   30.0000 2752.7952   10.6765
    7.5000  -45.0000   30.0000 2737.6296   10.7339
   -7.5000  -37.5000   30.0000 2747.0486   10.8035
    0.0000  -37.5000   30.0000 2768.0327   10.5402
    7.5000  -37.5000   30.0000 2745.8025   10.6659
   -7.5000  -30.0000   30.0000 2763.2700   10.6981
    0.0000  -30.0000   30.0000 2779.8025   10.4460
    7.5000  -30.0000   30.0000 2752.5261   10.6343
   -7.5000  -22.5000   30.0000 2774.3430   10.6038
    0.0000  -22.5000   30.0000 2782.1987   10.4006
    7.5000  -22.5000   30.0000 2763.3645   10.6335
   -7.5000  -15.0000   30.0000 2784.7817   10.5491
    0.0000  -15.0000   30.0000 2786.2568   10.4031
    7.5000  -15.0000   30.0000 2770.4243   10.6392
   -7.5000   -7.5000   30.0000 2801.8054   10.5596
    0.0000   -7.5000   30.0000 2797.8455   10.4414
    7.5000   -7.5000   30.0000 2782.7607   10.6865
   -7.5000    0.0000   30.0000 2820.8096   10.6429
    0.0000    0.0000   30.0000 2814.2883   10.5670
    7.5000    0.0000   30.0000 2797.0393   10.7902
   -7.5000    7.5000   30.0000 2841.7830   10.7940
    0.0000    7.5000   30.0000 2832.7488   10.7642
    7.5000    7.5000   30.0000 2806.5244   10.9755
   -7.5000   15.0000   30.0000 2845.4380   10.9724
    0.0000   15.0000   30.0000 2833.5342   10.9951
    7.5000   15.0000   30.0000 2806.0615   11.2258
   -7.5000   22.5000   30.0000 2824.5266   11.2933
    0.0000   22.5000   30.0000 2810.4412   11.3063
    7.5000   22.5000   30.0000 2785.5520   11.5460
   -7.5000   30.0000   30.0000 2777.5352   11.7790
    0.0000   30.0000   30.0000 2769.1738   11.7582
    7.5000   30.0000   30.0000 2740.7100   12.0001
   -7.5000   37.5000   30.0000 2710.3105   12.3311
    0.0000   37.5000   30.0000 2704.9785   12.3130
    7.5000   37.5000   30.0000 2675.3162   12.5574
   -7.5000   45.0000   30.0000 2620.4165   13.0264
    0.0000   45.0000   30.0000 2615.3467   12.9976
    7.5000   45.0000   30.0000 2588.7292   13.2462
   -7.5000  -45.0000   37.5000 2691.4126   11.3753
    0.0000  -45.0000   37.5000 2710.9709   11.1709
    7.5000  -45.0000   37.5000 2695.0469   11.2203
   -7.5000  -37.5000   37.5000 2703.1636   11.2337
    0.0000  -37.5000   37.5000 2721.1965   11.0141
    7.5000  -37.5000   37.5000 2709.3232   11.1569
   -7.5000  -30.0000   37.5000 2719.3269   11.1242
    0.0000  -30.0000   37.5000 2737.0491   10.8937
    7.5000  -30.0000   37.5000 2721.8484   11.1053
   -7.5000  -22.5000   37.5000 2733.5923   11.0211
    0.0000  -22.5000   37.5000 2743.6162   10.8414
    7.5000  -22.5000   37.5000 2729.0125   11.0887
   -7.5000  -15.0000   37.5000 2746.3569   10.9745
    0.0000  -15.0000   37.5000 2754.8718   10.8340
    7.5000  -15.0000   37.5000 2735.4980   11.1159
   -7.5000   -7.5000   37.5000 2759.4192   10.9880
    0.0000   -7.5000   37.5000 2764.4253   10.8940
    7.5000   -7.5000   37.5000 2749.4932   11.1704
   -7.5000    0.0000   37.5000 2771.9360   11.1068
    0.0000    0.0000   37.5000 2770.3530   11.0522
    7.5000    0.0000   37.5000 2753.7278   11.2903
   -7.5000    7.5000   37.5000 2784.3440   11.2809
    0.0000    7.5000   37.5000 2775.8633   11.2638
    7.5000    7.5000   37.5000 2749.4160   11.5170
   -7.5000   15.0000   37.5000 2774.5791   11.5434
    0.0000   15.0000   37.5000 2763.8066   11.5397
    7.5000   15.0000   37.5000 2741.7590   11.8048
   -7.5000   22.5000   37.5000 2746.1042   11.9189
    0.0000   22.5000   37.5000 2735.1416   11.9344
    7.5000   22.5000   37.5000 2713.2703   12.1805
   -7.5000   30.0000   37.5000 2700.3982   12.4511
    0.0000   30.0000   37.5000 2695.7339   12.4390
    7.5000   30.0000   37.5000 2668.9890   12.6744
   -7.5000   37.5000   37.5000 2634.6924   13.0547
    0.0000   37.5000   37.5000 2631.8423   13.0220
    7.5000   37.5000   37.5000 2603.4045   13.2862
   -7.5000   45.0000   37.5000 2551.7253   13.7569
    0.0000   45.0000   37.5000 2542.0513   13.7384
    7.5000   45.0000   37.5000 2516.2610   14.0183
   -7.5000  -45.0000   45.0000 2640.2600   11.9549
    0.0000  -45.0000   45.0000 2658.6587   11.7463
    7.5000  -45.0000   45.0000 2642.8840   11.8602
   -7.5000  -37.5000   45.0000 2649.8010   11.7641
    0.0000  -37.5000   45.0000 2666.8933   11.5766
    7.5000  -37.5000   45.0000 2653.1670   11.7458
   -7.5000  -30.0000   45.0000 2666.3706   11.6388
    0.0000  -30.0000   45.0000 2685.8301   11.4565
    7.5000  -30.0000   45.0000 2668.6113   11.6735
   -7.5000  -22.5000   45.0000 2679.8484   11.5511
    0.0000  -22.5000   45.0000 2693.2263   11.3910
    7.5000  -22.5000   45.0000 2672.5149   11.6512
   -7.5000  -15.0000   45.0000 2687.6282   11.5085
    0.0000  -15.0000   45.0000 2700.2625   11.3859
    7.5000  -15.0000   45.0000 2679.4653   11.6788
   -7.5000   -7.5000   45.0000 2703.4614   11.5658
    0.0000   -7.5000   45.0000 2708.5806   11.4703
    7.5000   -7.5000   45.0000 2691.5862   11.7475
   -7.5000    0.0000   45.0000 2709.7561   11.7139
    0.0000    0.0000   45.0000 2712.3276   11.6604
    7.5000    0.0000   45.0000 2689.8232   11.9241
   -7.5000    7.5000   45.0000 2711.9202   11.9369
    0.0000    7.5000   45.0000 2710.9031   11.8968
    7.5000    7.5000   45.0000 2684.9387   12.1723
   -7.5000   15.0000   45.0000 2695.7683   12.2471
    0.0000   15.0000   45.0000 2690.5552   12.2338
    7.5000   15.0000   45.0000 2669.5220   12.5000
   -7.5000   22.5000   45.0000 2662.1130   12.6981
    0.0000   22.5000   45.0000 2659.6882   12.7079
    7.5000   22.5000   45.0000 2633.2346   12.9542
   -7.5000   30.0000   45.0000 2614.8691   13.2372
    0.0000   30.0000   45.0000 2612.9106   13.2457
    7.5000   30.0000   45.0000 2586.8789   13.4888
   -7.5000   37.5000   45.0000 2553.8694   13.8784
    0.0000   37.5000   45.0000 2551.1404   13.8561
    7.5000   37.5000   45.0000 2524.0330   14.1529
   -7.5000   45.0000   45.0000 2478.8828   14.6231
    0.0000   45.0000   45.0000 2469.2483   14.6090
    7.5000   45.0000   45.0000 2437.7761   14.9404

---------------------------------------------------------------------
imgreg_4dfp /opt/freesurfer/average/711-2C_as_mni_average_305 /opt/freesurfer/average/711-2B_as_mni_average_305_mask talsrcimg_g11 none talsrcimg_to_711-2C_as_mni_average_305_t4 1283
---------------------------------------------------------------------

freesurfer imgreg_4dfp.c
/opt/freesurfer/average/711-2C_as_mni_average_305.4dfp.img
       256       256       256         1
  1.000000  1.000000  1.000000
orientation T byte_order littleendian
Reading image: /opt/freesurfer/average/711-2C_as_mni_average_305.4dfp.img
dimensions:      256       256       256
mmppix:       1.0000   -1.0000   -1.0000
center:     128.0000 -129.0000 -129.0000
/opt/freesurfer/average/711-2B_as_mni_average_305_mask.4dfp.img
       256       256       256         1
  1.000000  1.000000  1.000000
orientation T byte_order littleendian
Reading mask: /opt/freesurfer/average/711-2B_as_mni_average_305_mask.4dfp.img (2306576 pixels)
talsrcimg_g11.4dfp.img
       256       256       256         1
  1.000000  1.000000  1.000000
orientation T byte_order littleendian
Reading image: talsrcimg_g11.4dfp.img
dimensions:      256       256       256
mmppix:       1.0000   -1.0000   -1.0000
center:     128.0000 -129.0000 -129.0000
rotation matrix determinant  1.000000
fimgreg.f
image alignment mode   1283 decimal      503 hex
parameters
    0.0000   22.5000    0.0000    0.0000    0.0000    0.0000
eta,q 0.94297 10.27259
niter,ni,del,rscale     5    3   12.0000    1.2000
parameter  1  0.969682 ->  0.500000 qaram    1.1500
parameter  6 -1.190613 -> -0.500000 qaram    1.1500
parameters
   -3.4500   23.0718    2.9642   -0.8376    2.0459    3.4500
eta,q 0.95679 10.19386
  0.0545  0.0613  0.0633  0.0508  0.0596  0.0615
  0.0512  0.0552  0.0587  0.0497  0.0554  0.0567
  0.0525  0.0517  0.0546  0.0488  0.0516  0.0513
  0.0583  0.0507  0.0510  0.0486  0.0484  0.0473
  0.0653  0.0519  0.0488  0.0487  0.0473  0.0447
  0.0709  0.0545  0.0491  0.0504  0.0485  0.0428
  0.0743  0.0568  0.0516  0.0535  0.0512  0.0418
niter,ni,del,rscale     6    3   12.0000    1.2000
parameters
   -4.0041   23.9074    2.6294   -3.0899    3.0111    6.5246
eta,q 0.95908 10.23228
  0.0632  0.0550  0.0524  0.0438  0.0545  0.0540
  0.0521  0.0492  0.0464  0.0426  0.0497  0.0484
  0.0450  0.0446  0.0430  0.0424  0.0448  0.0444
  0.0432  0.0429  0.0431  0.0428  0.0424  0.0422
  0.0492  0.0438  0.0455  0.0442  0.0425  0.0411
  0.0588  0.0460  0.0491  0.0463  0.0445  0.0411
  0.0681  0.0494  0.0531  0.0490  0.0493  0.0427
niter,ni,del,rscale     5    3   12.0000    1.2000
parameters
   -4.0528   25.5559    2.1758   -4.7703    2.7013    6.8924
eta,q 0.96047 10.21812
  0.0651  0.0536  0.0498  0.0415  0.0495  0.0466
  0.0542  0.0488  0.0445  0.0405  0.0444  0.0429
  0.0448  0.0440  0.0404  0.0397  0.0407  0.0407
  0.0409  0.0409  0.0400  0.0397  0.0396  0.0396
  0.0455  0.0400  0.0429  0.0411  0.0415  0.0400
  0.0550  0.0412  0.0469  0.0433  0.0457  0.0421
  0.0654  0.0454  0.0524  0.0458  0.0520  0.0453
niter,ni,del,rscale     4    3   12.0000    1.2000
parameters
   -4.0314   26.2883    1.9392   -5.4716    2.6117    7.0689
eta,q 0.96085 10.20769
  0.0653  0.0517  0.0496  0.0420  0.0502  0.0461
  0.0534  0.0464  0.0451  0.0405  0.0448  0.0428
  0.0433  0.0420  0.0405  0.0396  0.0407  0.0404
  0.0395  0.0395  0.0391  0.0390  0.0392  0.0392
  0.0442  0.0392  0.0411  0.0396  0.0407  0.0398
  0.0536  0.0419  0.0455  0.0414  0.0449  0.0422
  0.0644  0.0478  0.0520  0.0443  0.0511  0.0457
niter,ni,del,rscale     3    3   12.0000    1.2000
parameters
   -4.0701   26.5691    1.8419   -5.6480    2.6031    7.1026
eta,q 0.96099 10.20755
  0.0650  0.0507  0.0497  0.0426  0.0504  0.0460
  0.0529  0.0452  0.0454  0.0406  0.0449  0.0427
  0.0426  0.0412  0.0407  0.0397  0.0407  0.0403
  0.0391  0.0391  0.0390  0.0390  0.0390  0.0390
  0.0443  0.0393  0.0404  0.0391  0.0405  0.0398
  0.0539  0.0430  0.0446  0.0405  0.0446  0.0425
  0.0646  0.0496  0.0514  0.0435  0.0508  0.0461
niter,ni,del,rscale     2    3   12.0000    1.2000
parameters
   -4.1034   26.6471    1.8185   -5.7006    2.6164    7.0986
eta,q 0.96103 10.20775
  0.0650  0.0502  0.0498  0.0427  0.0505  0.0459
  0.0529  0.0447  0.0456  0.0406  0.0450  0.0427
  0.0426  0.0409  0.0409  0.0397  0.0407  0.0402
  0.0390  0.0390  0.0389  0.0390  0.0390  0.0390
  0.0442  0.0394  0.0402  0.0391  0.0404  0.0398
  0.0539  0.0436  0.0443  0.0404  0.0446  0.0426
  0.0646  0.0504  0.0512  0.0433  0.0507  0.0462
niter,ni,del,rscale     1    3   12.0000    1.2000
parameters
   -4.1193   26.6702    1.8115   -5.7205    2.6270    7.0940
eta,q 0.96105 10.20773
  0.0652  0.0500  0.0499  0.0428  0.0505  0.0459
  0.0530  0.0445  0.0456  0.0406  0.0450  0.0427
  0.0427  0.0408  0.0409  0.0397  0.0406  0.0402
  0.0390  0.0390  0.0389  0.0389  0.0390  0.0390
  0.0441  0.0395  0.0402  0.0390  0.0404  0.0398
  0.0538  0.0438  0.0442  0.0403  0.0446  0.0426
  0.0645  0.0506  0.0511  0.0433  0.0507  0.0462
registration optimization eta report
parameter search radius
    6.9000    6.0000    6.0000    6.0000    6.0000    6.9000
100000*second partial in parameter space
       52.       32.       31.       11.       32.       15.
  0.0652  0.0500  0.0499  0.0428  0.0505  0.0459
  0.0530  0.0445  0.0456  0.0406  0.0450  0.0427
  0.0427  0.0408  0.0409  0.0397  0.0406  0.0402
  0.0390  0.0390  0.0389  0.0389  0.0390  0.0390
  0.0441  0.0395  0.0402  0.0390  0.0404  0.0398
  0.0538  0.0438  0.0442  0.0403  0.0446  0.0426
  0.0645  0.0506  0.0511  0.0433  0.0507  0.0462
   -4.1193   26.6702    1.8115   -5.7205    2.6270    7.0940
eta,q 0.96105 10.20773

---------------------------------------------------------------------
imgreg_4dfp /opt/freesurfer/average/711-2C_as_mni_average_305 /opt/freesurfer/average/711-2B_as_mni_average_305_mask talsrcimg_g11 none talsrcimg_to_711-2C_as_mni_average_305_t4 3335
---------------------------------------------------------------------

freesurfer imgreg_4dfp.c
/opt/freesurfer/average/711-2C_as_mni_average_305.4dfp.img
       256       256       256         1
  1.000000  1.000000  1.000000
orientation T byte_order littleendian
Reading image: /opt/freesurfer/average/711-2C_as_mni_average_305.4dfp.img
dimensions:      256       256       256
mmppix:       1.0000   -1.0000   -1.0000
center:     128.0000 -129.0000 -129.0000
/opt/freesurfer/average/711-2B_as_mni_average_305_mask.4dfp.img
       256       256       256         1
  1.000000  1.000000  1.000000
orientation T byte_order littleendian
Reading mask: /opt/freesurfer/average/711-2B_as_mni_average_305_mask.4dfp.img (2306576 pixels)
talsrcimg_g11.4dfp.img
       256       256       256         1
  1.000000  1.000000  1.000000
orientation T byte_order littleendian
Reading image: talsrcimg_g11.4dfp.img
dimensions:      256       256       256
mmppix:       1.0000   -1.0000   -1.0000
center:     128.0000 -129.0000 -129.0000
fimgreg.f
image alignment mode   3335 decimal      D07 hex
parameters
   -4.1193   26.6702    1.8115   -0.8698   -1.2033   -0.6026
  -11.8349   -5.7567   12.3368    9.3281    4.5834   -9.9572
eta,q 0.95991 10.36629
niter,ni,del,rscale     5    3    5.0000    1.2000
parameter  4  0.705877 ->  0.500000 qaram    1.1500
parameter  5  2.811904 ->  0.500000 qaram    1.1500
parameter  6  0.511911 ->  0.500000 qaram    1.1500
parameters
   -4.2915   27.1225    1.7570   -5.0098   -5.3433   -4.7426
   -9.7913   -4.4496   12.9903    8.6486    3.1932   -8.5818
eta,q 0.96837 10.10560
  0.0431  0.0427  0.0419  0.0382  0.0304  0.0330  0.0357  0.0374  0.0345  0.0345  0.0325  0.0337
  0.0413  0.0414  0.0409  0.0377  0.0322  0.0323  0.0340  0.0347  0.0331  0.0331  0.0320  0.0328
  0.0403  0.0405  0.0403  0.0380  0.0347  0.0319  0.0328  0.0329  0.0321  0.0320  0.0318  0.0321
  0.0401  0.0401  0.0400  0.0400  0.0376  0.0328  0.0321  0.0319  0.0318  0.0317  0.0317  0.0317
  0.0407  0.0400  0.0402  0.0432  0.0411  0.0357  0.0319  0.0318  0.0319  0.0323  0.0320  0.0316
  0.0420  0.0405  0.0410  0.0474  0.0447  0.0397  0.0323  0.0327  0.0325  0.0338  0.0326  0.0319
  0.0440  0.0413  0.0422  0.0518  0.0482  0.0435  0.0331  0.0345  0.0337  0.0361  0.0337  0.0327
niter,ni,del,rscale     7    3    5.0000    1.2000
parameter  5  0.824365 ->  0.500000 qaram    1.3225
parameters
   -4.2623   27.0662    0.6652   -5.5145  -10.1043   -5.2742
  -10.1482   -4.3374   14.3547    9.0611    3.1903   -8.7452
eta,q 0.97067  9.91336
  0.0348  0.0340  0.0318  0.0345  0.0292  0.0330  0.0312  0.0335  0.0323  0.0330  0.0304  0.0307
  0.0331  0.0327  0.0313  0.0334  0.0292  0.0315  0.0302  0.0312  0.0310  0.0314  0.0298  0.0300
  0.0320  0.0319  0.0313  0.0323  0.0298  0.0304  0.0296  0.0299  0.0300  0.0302  0.0295  0.0295
  0.0316  0.0316  0.0316  0.0313  0.0314  0.0293  0.0295  0.0295  0.0295  0.0294  0.0293  0.0293
  0.0320  0.0319  0.0324  0.0312  0.0340  0.0291  0.0298  0.0299  0.0294  0.0295  0.0294  0.0295
  0.0330  0.0328  0.0334  0.0330  0.0371  0.0313  0.0305  0.0311  0.0299  0.0306  0.0298  0.0300
  0.0346  0.0343  0.0348  0.0368  0.0409  0.0356  0.0316  0.0333  0.0308  0.0326  0.0305  0.0309
niter,ni,del,rscale     7    3    5.0000    1.2000
parameters
   -4.1123   27.3183    0.7460   -4.6575  -13.1407   -4.9270
  -10.6535   -4.1771   14.5603    9.4914    2.9503   -9.3426
eta,q 0.97141  9.84474
  0.0325  0.0325  0.0310  0.0328  0.0304  0.0327  0.0304  0.0332  0.0308  0.0319  0.0297  0.0297
  0.0309  0.0309  0.0300  0.0315  0.0293  0.0312  0.0294  0.0307  0.0297  0.0304  0.0291  0.0290
  0.0298  0.0298  0.0295  0.0305  0.0288  0.0300  0.0288  0.0292  0.0290  0.0293  0.0287  0.0287
  0.0293  0.0293  0.0293  0.0293  0.0290  0.0288  0.0287  0.0287  0.0287  0.0287  0.0286  0.0286
  0.0295  0.0294  0.0294  0.0286  0.0302  0.0280  0.0290  0.0291  0.0288  0.0287  0.0287  0.0288
  0.0304  0.0301  0.0299  0.0296  0.0327  0.0295  0.0298  0.0305  0.0294  0.0296  0.0291  0.0293
  0.0318  0.0314  0.0307  0.0325  0.0362  0.0334  0.0310  0.0328  0.0306  0.0315  0.0299  0.0301
niter,ni,del,rscale     6    3    5.0000    1.2000
parameters
   -4.0721   27.4689    0.8270   -4.7325  -13.5713   -4.7943
  -10.7404   -4.1421   14.6143    9.7501    2.9281   -9.5193
eta,q 0.97145  9.83305
  0.0318  0.0315  0.0303  0.0318  0.0318  0.0325  0.0305  0.0329  0.0306  0.0316  0.0297  0.0298
  0.0301  0.0299  0.0293  0.0307  0.0301  0.0310  0.0295  0.0305  0.0295  0.0302  0.0291  0.0291
  0.0290  0.0290  0.0288  0.0297  0.0290  0.0298  0.0288  0.0290  0.0288  0.0291  0.0287  0.0287
  0.0286  0.0286  0.0286  0.0286  0.0286  0.0286  0.0286  0.0286  0.0286  0.0286  0.0286  0.0286
  0.0289  0.0288  0.0287  0.0283  0.0288  0.0280  0.0288  0.0290  0.0288  0.0286  0.0286  0.0287
  0.0299  0.0295  0.0292  0.0297  0.0302  0.0297  0.0295  0.0305  0.0294  0.0296  0.0290  0.0292
  0.0316  0.0308  0.0300  0.0331  0.0329  0.0336  0.0306  0.0328  0.0306  0.0315  0.0298  0.0299
niter,ni,del,rscale     5    3    5.0000    1.2000
parameters
   -4.0651   27.5119    0.8198   -4.7697  -13.6108   -4.7866
  -10.7610   -4.1503   14.6216    9.8243    2.9345   -9.5811
eta,q 0.97144  9.83179
  0.0317  0.0312  0.0302  0.0317  0.0320  0.0325  0.0306  0.0329  0.0305  0.0315  0.0297  0.0298
  0.0300  0.0297  0.0292  0.0306  0.0302  0.0310  0.0295  0.0305  0.0295  0.0300  0.0291  0.0291
  0.0289  0.0288  0.0287  0.0297  0.0291  0.0298  0.0288  0.0290  0.0288  0.0291  0.0287  0.0287
  0.0285  0.0286  0.0286  0.0286  0.0286  0.0286  0.0286  0.0286  0.0286  0.0286  0.0286  0.0286
  0.0289  0.0288  0.0288  0.0283  0.0287  0.0280  0.0288  0.0291  0.0287  0.0287  0.0286  0.0287
  0.0299  0.0296  0.0293  0.0296  0.0299  0.0298  0.0295  0.0305  0.0294  0.0297  0.0290  0.0291
  0.0317  0.0310  0.0301  0.0329  0.0325  0.0339  0.0306  0.0329  0.0306  0.0316  0.0297  0.0299
niter,ni,del,rscale     4    3    5.0000    1.2000
parameters
   -4.0634   27.5221    0.8103   -4.7716  -13.6202   -4.7886
  -10.7648   -4.1536   14.6243    9.8445    2.9375   -9.5971
eta,q 0.97144  9.83169
  0.0316  0.0311  0.0302  0.0317  0.0320  0.0325  0.0306  0.0329  0.0305  0.0314  0.0297  0.0298
  0.0300  0.0297  0.0292  0.0306  0.0302  0.0310  0.0295  0.0305  0.0295  0.0300  0.0291  0.0291
  0.0289  0.0288  0.0287  0.0297  0.0291  0.0298  0.0288  0.0290  0.0288  0.0290  0.0287  0.0287
  0.0286  0.0286  0.0286  0.0286  0.0286  0.0286  0.0286  0.0286  0.0286  0.0286  0.0286  0.0286
  0.0289  0.0288  0.0288  0.0283  0.0287  0.0280  0.0288  0.0290  0.0287  0.0287  0.0286  0.0287
  0.0300  0.0297  0.0293  0.0296  0.0298  0.0298  0.0295  0.0305  0.0294  0.0297  0.0290  0.0291
  0.0317  0.0310  0.0301  0.0329  0.0324  0.0339  0.0306  0.0329  0.0306  0.0317  0.0297  0.0299
registration optimization eta report
parameter search radius
    2.4000    2.4000    2.4000    8.2800    9.5220    8.2800
    7.2000    7.2000    7.2000    7.2000    7.2000    7.2000
100000*second partial in parameter space
       53.       44.       28.        5.        4.        7.
        4.        8.        4.        6.        2.        2.
  0.0316  0.0311  0.0302  0.0317  0.0320  0.0325  0.0306  0.0329  0.0305  0.0314  0.0297  0.0298
  0.0300  0.0297  0.0292  0.0306  0.0302  0.0310  0.0295  0.0305  0.0295  0.0300  0.0291  0.0291
  0.0289  0.0288  0.0287  0.0297  0.0291  0.0298  0.0288  0.0290  0.0288  0.0290  0.0287  0.0287
  0.0286  0.0286  0.0286  0.0286  0.0286  0.0286  0.0286  0.0286  0.0286  0.0286  0.0286  0.0286
  0.0289  0.0288  0.0288  0.0283  0.0287  0.0280  0.0288  0.0290  0.0287  0.0287  0.0286  0.0287
  0.0300  0.0297  0.0293  0.0296  0.0298  0.0298  0.0295  0.0305  0.0294  0.0297  0.0290  0.0291
  0.0317  0.0310  0.0301  0.0329  0.0324  0.0339  0.0306  0.0329  0.0306  0.0317  0.0297  0.0299
   -4.0634   27.5221    0.8103   -4.7716  -13.6202   -4.7886
  -10.7648   -4.1536   14.6243    9.8445    2.9375   -9.5971
eta,q 0.97144  9.83169

---------------------------------------------------------------------
imgreg_4dfp /opt/freesurfer/average/711-2C_as_mni_average_305 /opt/freesurfer/average/711-2B_as_mni_average_305_mask talsrcimg_g11 none talsrcimg_to_711-2C_as_mni_average_305_t4 2311
---------------------------------------------------------------------

freesurfer imgreg_4dfp.c
/opt/freesurfer/average/711-2C_as_mni_average_305.4dfp.img
       256       256       256         1
  1.000000  1.000000  1.000000
orientation T byte_order littleendian
Reading image: /opt/freesurfer/average/711-2C_as_mni_average_305.4dfp.img
dimensions:      256       256       256
mmppix:       1.0000   -1.0000   -1.0000
center:     128.0000 -129.0000 -129.0000
/opt/freesurfer/average/711-2B_as_mni_average_305_mask.4dfp.img
       256       256       256         1
  1.000000  1.000000  1.000000
orientation T byte_order littleendian
Reading mask: /opt/freesurfer/average/711-2B_as_mni_average_305_mask.4dfp.img (2306576 pixels)
talsrcimg_g11.4dfp.img
       256       256       256         1
  1.000000  1.000000  1.000000
orientation T byte_order littleendian
Reading image: talsrcimg_g11.4dfp.img
dimensions:      256       256       256
mmppix:       1.0000   -1.0000   -1.0000
center:     128.0000 -129.0000 -129.0000
fimgreg.f
image alignment mode   2311 decimal      907 hex
parameters
   -4.0634   27.5221    0.8103   -4.7716  -13.6202   -4.7886
  -10.7648   -4.1536   14.6243    9.8445    2.9375   -9.5971
eta,q 0.97144  9.83169
niter,ni,del,rscale     5    3    5.0000    0.8000
parameters
   -4.0536   27.5089    0.7612   -3.0106  -12.8821   -3.7339
  -10.4462   -4.2128   14.3475    9.8455    2.5890  -10.3229
eta,q 0.97223  9.97310
  0.0300  0.0297  0.0292  0.0304  0.0292  0.0304  0.0291  0.0306  0.0287  0.0296  0.0285  0.0283
  0.0292  0.0290  0.0288  0.0299  0.0287  0.0296  0.0284  0.0290  0.0282  0.0287  0.0281  0.0280
  0.0287  0.0287  0.0286  0.0292  0.0284  0.0289  0.0280  0.0280  0.0279  0.0281  0.0278  0.0278
  0.0286  0.0286  0.0286  0.0286  0.0282  0.0282  0.0278  0.0278  0.0278  0.0278  0.0278  0.0278
  0.0287  0.0287  0.0287  0.0282  0.0281  0.0277  0.0279  0.0282  0.0279  0.0279  0.0279  0.0279
  0.0292  0.0291  0.0289  0.0284  0.0283  0.0281  0.0282  0.0292  0.0283  0.0286  0.0282  0.0283
  0.0300  0.0297  0.0293  0.0291  0.0288  0.0294  0.0288  0.0306  0.0290  0.0297  0.0287  0.0288
niter,ni,del,rscale     4    3    5.0000    0.7000
parameters
   -4.1268   27.4880    0.8532   -3.2967  -13.1245   -3.3450
  -10.3144   -4.2886   14.4463   10.0722    2.5092  -10.5587
eta,q 0.97234  9.96921
  0.0290  0.0287  0.0286  0.0292  0.0284  0.0297  0.0286  0.0298  0.0285  0.0292  0.0283  0.0282
  0.0283  0.0282  0.0282  0.0286  0.0280  0.0290  0.0281  0.0286  0.0281  0.0285  0.0279  0.0279
  0.0279  0.0279  0.0279  0.0280  0.0278  0.0284  0.0278  0.0279  0.0278  0.0279  0.0277  0.0277
  0.0278  0.0278  0.0278  0.0278  0.0278  0.0278  0.0277  0.0277  0.0277  0.0277  0.0277  0.0277
  0.0280  0.0279  0.0278  0.0280  0.0278  0.0277  0.0278  0.0280  0.0277  0.0277  0.0277  0.0277
  0.0285  0.0282  0.0280  0.0287  0.0281  0.0282  0.0280  0.0288  0.0280  0.0281  0.0280  0.0280
  0.0293  0.0287  0.0284  0.0299  0.0286  0.0294  0.0285  0.0299  0.0284  0.0290  0.0283  0.0283
niter,ni,del,rscale     3    3    5.0000    0.6000
parameters
   -4.1319   27.5226    0.8977   -3.2811  -13.2060   -3.1227
  -10.2891   -4.3491   14.4516   10.1686    2.4803  -10.7310
eta,q 0.97239  9.97624
  0.0287  0.0284  0.0283  0.0289  0.0281  0.0292  0.0283  0.0293  0.0282  0.0287  0.0281  0.0280
  0.0281  0.0280  0.0279  0.0284  0.0279  0.0287  0.0279  0.0283  0.0279  0.0282  0.0278  0.0278
  0.0278  0.0277  0.0277  0.0279  0.0277  0.0281  0.0277  0.0278  0.0277  0.0278  0.0277  0.0277
  0.0277  0.0277  0.0277  0.0277  0.0277  0.0277  0.0276  0.0276  0.0276  0.0276  0.0276  0.0276
  0.0278  0.0277  0.0277  0.0278  0.0277  0.0276  0.0277  0.0279  0.0277  0.0277  0.0277  0.0277
  0.0281  0.0279  0.0279  0.0282  0.0279  0.0281  0.0279  0.0285  0.0279  0.0280  0.0278  0.0278
  0.0287  0.0283  0.0282  0.0290  0.0282  0.0291  0.0283  0.0293  0.0282  0.0287  0.0281  0.0281
niter,ni,del,rscale     2    3    5.0000    0.5000
parameters
   -4.1477   27.5357    0.9295   -3.2352  -13.2610   -2.9445
  -10.2456   -4.4048   14.4523   10.2331    2.4620  -10.8493
eta,q 0.97241  9.98248
  0.0283  0.0281  0.0281  0.0286  0.0279  0.0288  0.0281  0.0288  0.0280  0.0284  0.0279  0.0279
  0.0279  0.0278  0.0278  0.0281  0.0278  0.0283  0.0278  0.0281  0.0278  0.0280  0.0277  0.0277
  0.0277  0.0277  0.0277  0.0278  0.0277  0.0279  0.0276  0.0277  0.0276  0.0277  0.0276  0.0276
  0.0276  0.0276  0.0276  0.0276  0.0276  0.0276  0.0276  0.0276  0.0276  0.0276  0.0276  0.0276
  0.0277  0.0277  0.0277  0.0277  0.0276  0.0276  0.0276  0.0278  0.0276  0.0276  0.0276  0.0276
  0.0280  0.0278  0.0278  0.0280  0.0278  0.0280  0.0278  0.0282  0.0278  0.0279  0.0277  0.0277
  0.0284  0.0281  0.0280  0.0286  0.0280  0.0287  0.0280  0.0288  0.0280  0.0283  0.0279  0.0279
niter,ni,del,rscale     1    3    5.0000    0.4000
parameters
   -4.1643   27.5466    0.9626   -3.2034  -13.3013   -2.7942
  -10.2145   -4.4560   14.4425   10.2800    2.4398  -10.9708
eta,q 0.97243  9.98792
  0.0280  0.0279  0.0279  0.0282  0.0278  0.0285  0.0279  0.0284  0.0278  0.0281  0.0278  0.0278
  0.0278  0.0277  0.0277  0.0279  0.0277  0.0281  0.0277  0.0279  0.0277  0.0278  0.0277  0.0276
  0.0276  0.0276  0.0276  0.0277  0.0276  0.0278  0.0276  0.0276  0.0276  0.0276  0.0276  0.0276
  0.0276  0.0276  0.0276  0.0276  0.0276  0.0276  0.0276  0.0276  0.0276  0.0276  0.0276  0.0276
  0.0276  0.0276  0.0276  0.0276  0.0276  0.0276  0.0276  0.0277  0.0276  0.0276  0.0276  0.0276
  0.0278  0.0277  0.0277  0.0279  0.0277  0.0279  0.0277  0.0280  0.0277  0.0278  0.0277  0.0277
  0.0281  0.0279  0.0278  0.0282  0.0278  0.0284  0.0279  0.0284  0.0278  0.0281  0.0278  0.0278
registration optimization eta report
parameter search radius
    0.8000    0.8000    0.8000    2.4000    2.4000    2.4000
    2.4000    2.4000    2.4000    2.4000    2.4000    2.4000
100000*second partial in parameter space
       73.       50.       43.       11.        4.       14.
        5.       14.        5.        9.        4.        4.
  0.0280  0.0279  0.0279  0.0282  0.0278  0.0285  0.0279  0.0284  0.0278  0.0281  0.0278  0.0278
  0.0278  0.0277  0.0277  0.0279  0.0277  0.0281  0.0277  0.0279  0.0277  0.0278  0.0277  0.0276
  0.0276  0.0276  0.0276  0.0277  0.0276  0.0278  0.0276  0.0276  0.0276  0.0276  0.0276  0.0276
  0.0276  0.0276  0.0276  0.0276  0.0276  0.0276  0.0276  0.0276  0.0276  0.0276  0.0276  0.0276
  0.0276  0.0276  0.0276  0.0276  0.0276  0.0276  0.0276  0.0277  0.0276  0.0276  0.0276  0.0276
  0.0278  0.0277  0.0277  0.0279  0.0277  0.0279  0.0277  0.0280  0.0277  0.0278  0.0277  0.0277
  0.0281  0.0279  0.0278  0.0282  0.0278  0.0284  0.0279  0.0284  0.0278  0.0281  0.0278  0.0278
   -4.1643   27.5466    0.9626   -3.2034  -13.3013   -2.7942
  -10.2145   -4.4560   14.4425   10.2800    2.4398  -10.9708
eta,q 0.97243  9.98792

---------------------------------------------------------------------
imgreg_4dfp /opt/freesurfer/average/711-2C_as_mni_average_305 /opt/freesurfer/average/711-2B_as_mni_average_305_mask talsrcimg_g11 none talsrcimg_to_711-2C_as_mni_average_305_t4 2311
---------------------------------------------------------------------

freesurfer imgreg_4dfp.c
/opt/freesurfer/average/711-2C_as_mni_average_305.4dfp.img
       256       256       256         1
  1.000000  1.000000  1.000000
orientation T byte_order littleendian
Reading image: /opt/freesurfer/average/711-2C_as_mni_average_305.4dfp.img
dimensions:      256       256       256
mmppix:       1.0000   -1.0000   -1.0000
center:     128.0000 -129.0000 -129.0000
/opt/freesurfer/average/711-2B_as_mni_average_305_mask.4dfp.img
       256       256       256         1
  1.000000  1.000000  1.000000
orientation T byte_order littleendian
Reading mask: /opt/freesurfer/average/711-2B_as_mni_average_305_mask.4dfp.img (2306576 pixels)
talsrcimg_g11.4dfp.img
       256       256       256         1
  1.000000  1.000000  1.000000
orientation T byte_order littleendian
Reading image: talsrcimg_g11.4dfp.img
dimensions:      256       256       256
mmppix:       1.0000   -1.0000   -1.0000
center:     128.0000 -129.0000 -129.0000
fimgreg.f
image alignment mode   2311 decimal      907 hex
parameters
   -4.1643   27.5466    0.9626   -3.2034  -13.3013   -2.7942
  -10.2145   -4.4560   14.4425   10.2800    2.4398  -10.9708
eta,q 0.97243  9.98792
niter,ni,del,rscale     5    3    5.0000    0.8000
parameters
   -4.1671   27.5746    1.0104   -3.6407  -13.5471   -3.2107
  -10.2874   -4.3538   14.5009   10.2615    2.5322  -10.5647
eta,q 0.97233  9.94745
  0.0294  0.0289  0.0287  0.0293  0.0284  0.0296  0.0287  0.0305  0.0287  0.0293  0.0285  0.0285
  0.0284  0.0282  0.0281  0.0286  0.0280  0.0289  0.0281  0.0290  0.0282  0.0285  0.0280  0.0281
  0.0278  0.0277  0.0277  0.0279  0.0277  0.0281  0.0278  0.0280  0.0278  0.0280  0.0278  0.0278
  0.0276  0.0276  0.0276  0.0276  0.0276  0.0276  0.0277  0.0277  0.0277  0.0277  0.0277  0.0277
  0.0278  0.0277  0.0277  0.0279  0.0277  0.0279  0.0278  0.0280  0.0278  0.0278  0.0278  0.0277
  0.0284  0.0281  0.0280  0.0288  0.0280  0.0291  0.0282  0.0289  0.0281  0.0284  0.0280  0.0279
  0.0294  0.0288  0.0286  0.0304  0.0287  0.0311  0.0288  0.0302  0.0287  0.0295  0.0284  0.0283
niter,ni,del,rscale     4    3    5.0000    0.7000
parameters
   -4.1307   27.5407    0.9242   -3.4608  -13.3221   -3.2512
  -10.3151   -4.3375   14.4723   10.1888    2.5170  -10.5911
eta,q 0.97235  9.96077
  0.0291  0.0286  0.0284  0.0293  0.0284  0.0295  0.0285  0.0299  0.0284  0.0290  0.0283  0.0282
  0.0283  0.0281  0.0280  0.0287  0.0280  0.0288  0.0280  0.0286  0.0280  0.0283  0.0279  0.0279
  0.0278  0.0278  0.0277  0.0280  0.0278  0.0281  0.0277  0.0279  0.0277  0.0279  0.0277  0.0277
  0.0277  0.0277  0.0277  0.0277  0.0276  0.0276  0.0276  0.0276  0.0276  0.0277  0.0277  0.0277
  0.0278  0.0278  0.0278  0.0277  0.0277  0.0277  0.0278  0.0279  0.0277  0.0278  0.0277  0.0277
  0.0282  0.0281  0.0281  0.0282  0.0279  0.0285  0.0281  0.0287  0.0280  0.0283  0.0279  0.0279
  0.0289  0.0287  0.0285  0.0293  0.0283  0.0300  0.0285  0.0298  0.0285  0.0292  0.0283  0.0282
niter,ni,del,rscale     3    3    5.0000    0.6000
parameters
   -4.1339   27.5336    0.9099   -3.3128  -13.2607   -3.1147
  -10.2840   -4.3632   14.4567   10.1917    2.4842  -10.7263
eta,q 0.97239  9.97346
  0.0287  0.0283  0.0282  0.0290  0.0281  0.0292  0.0283  0.0293  0.0282  0.0287  0.0281  0.0280
  0.0281  0.0280  0.0279  0.0284  0.0279  0.0286  0.0279  0.0283  0.0279  0.0281  0.0278  0.0278
  0.0278  0.0277  0.0277  0.0279  0.0277  0.0280  0.0277  0.0278  0.0277  0.0278  0.0277  0.0277
  0.0277  0.0277  0.0276  0.0276  0.0276  0.0276  0.0276  0.0276  0.0276  0.0276  0.0276  0.0276
  0.0278  0.0277  0.0277  0.0277  0.0277  0.0276  0.0277  0.0278  0.0277  0.0277  0.0277  0.0277
  0.0281  0.0280  0.0279  0.0281  0.0278  0.0282  0.0279  0.0284  0.0279  0.0281  0.0278  0.0278
  0.0287  0.0283  0.0282  0.0289  0.0281  0.0292  0.0283  0.0293  0.0282  0.0287  0.0281  0.0281
niter,ni,del,rscale     2    3    5.0000    0.5000
parameters
   -4.1493   27.5375    0.9346   -3.2399  -13.2706   -2.9404
  -10.2438   -4.4076   14.4546   10.2296    2.4662  -10.8438
eta,q 0.97242  9.98209
  0.0283  0.0281  0.0281  0.0286  0.0279  0.0288  0.0281  0.0288  0.0280  0.0283  0.0279  0.0279
  0.0279  0.0278  0.0278  0.0281  0.0278  0.0283  0.0278  0.0281  0.0278  0.0280  0.0277  0.0277
  0.0277  0.0277  0.0277  0.0278  0.0277  0.0279  0.0276  0.0277  0.0276  0.0277  0.0276  0.0276
  0.0276  0.0276  0.0276  0.0276  0.0276  0.0276  0.0276  0.0276  0.0276  0.0276  0.0276  0.0276
  0.0277  0.0277  0.0277  0.0277  0.0276  0.0276  0.0276  0.0278  0.0276  0.0276  0.0276  0.0276
  0.0279  0.0278  0.0278  0.0280  0.0277  0.0280  0.0278  0.0282  0.0278  0.0279  0.0277  0.0277
  0.0283  0.0281  0.0280  0.0286  0.0280  0.0287  0.0280  0.0288  0.0280  0.0283  0.0279  0.0279
niter,ni,del,rscale     1    3    5.0000    0.4000
parameters
   -4.1639   27.5475    0.9635   -3.2039  -13.2979   -2.7964
  -10.2183   -4.4562   14.4507   10.2758    2.4434  -10.9619
eta,q 0.97243  9.98799
  0.0280  0.0279  0.0279  0.0283  0.0278  0.0285  0.0279  0.0284  0.0278  0.0281  0.0278  0.0277
  0.0278  0.0277  0.0277  0.0279  0.0277  0.0281  0.0277  0.0279  0.0277  0.0278  0.0277  0.0276
  0.0276  0.0276  0.0276  0.0277  0.0276  0.0278  0.0276  0.0276  0.0276  0.0276  0.0276  0.0276
  0.0276  0.0276  0.0276  0.0276  0.0276  0.0276  0.0276  0.0276  0.0276  0.0276  0.0276  0.0276
  0.0276  0.0276  0.0276  0.0276  0.0276  0.0276  0.0276  0.0277  0.0276  0.0276  0.0276  0.0276
  0.0278  0.0277  0.0277  0.0279  0.0277  0.0279  0.0277  0.0280  0.0277  0.0278  0.0277  0.0277
  0.0281  0.0279  0.0278  0.0282  0.0278  0.0284  0.0279  0.0284  0.0278  0.0281  0.0278  0.0278
registration optimization eta report
parameter search radius
    0.8000    0.8000    0.8000    2.4000    2.4000    2.4000
    2.4000    2.4000    2.4000    2.4000    2.4000    2.4000
100000*second partial in parameter space
       73.       50.       42.       11.        4.       14.
        5.       14.        5.        9.        4.        3.
  0.0280  0.0279  0.0279  0.0283  0.0278  0.0285  0.0279  0.0284  0.0278  0.0281  0.0278  0.0277
  0.0278  0.0277  0.0277  0.0279  0.0277  0.0281  0.0277  0.0279  0.0277  0.0278  0.0277  0.0276
  0.0276  0.0276  0.0276  0.0277  0.0276  0.0278  0.0276  0.0276  0.0276  0.0276  0.0276  0.0276
  0.0276  0.0276  0.0276  0.0276  0.0276  0.0276  0.0276  0.0276  0.0276  0.0276  0.0276  0.0276
  0.0276  0.0276  0.0276  0.0276  0.0276  0.0276  0.0276  0.0277  0.0276  0.0276  0.0276  0.0276
  0.0278  0.0277  0.0277  0.0279  0.0277  0.0279  0.0277  0.0280  0.0277  0.0278  0.0277  0.0277
  0.0281  0.0279  0.0278  0.0282  0.0278  0.0284  0.0279  0.0284  0.0278  0.0281  0.0278  0.0278
   -4.1639   27.5475    0.9635   -3.2039  -13.2979   -2.7964
  -10.2183   -4.4562   14.4507   10.2758    2.4434  -10.9619
eta,q 0.97243  9.98799

---------------------------------------------------------------------
compute_vox2vox talsrcimg talsrcimg_to_711-2C_as_mni_average_305_t4 /opt/freesurfer/average/711-2C_as_mni_average_305
---------------------------------------------------------------------

freesurfer compute_vox2vox.c
Reading: talsrcimg.4dfp.ifh
Reading: talsrcimg_to_711-2C_as_mni_average_305_t4
Reading: /opt/freesurfer/average/711-2C_as_mni_average_305.4dfp.ifh
Writing: talsrcimg_to_711-2C_as_mni_average_305_t4_vox2vox.txt

start time Sun Nov 24 06:02:17 UTC 2024
end		time Sun Nov 24 06:03:09 UTC 2024

mpr2mni305 success

avi2talxfm orig_nu.mgz /opt/freesurfer/average/mni305.cor.mgz talsrcimg_to_711-2C_as_mni_average_305_t4_vox2vox.txt transforms/talairach.auto.xfm
avi2talxfm done
mv -f /scratch/tmp/fs_mp2rage_tests2/sourcedata/freesurfer_memprage/sub-fsm76cw/mri/talsrcimg_to_711-2C_as_mni_average_305_t4_vox2vox.txt /scratch/tmp/fs_mp2rage_tests2/sourcedata/freesurfer_memprage/sub-fsm76cw/mri/transforms/talsrcimg_to_711-2C_as_mni_average_305_t4_vox2vox.txt
lta_convert --src orig_nu.mgz --trg /opt/freesurfer/average/mni305.cor.mgz --inxfm transforms/talairach.auto.xfm --outlta transforms/talairach.auto.xfm.lta --subject fsaverage
7.3.2

--src: orig_nu.mgz src image (geometry).
--trg: /opt/freesurfer/average/mni305.cor.mgz trg image (geometry).
--inmni: transforms/talairach.auto.xfm input MNI/XFM transform.
--outlta: transforms/talairach.auto.xfm.lta output LTA.
--s: fsaverage subject name
 LTA read, type : 1
 1.01379   0.03340   0.12370   3.14716;
-0.04395   1.01375   0.12299  -29.79760;
-0.16376  -0.12572   1.11818  -5.24091;
 0.00000   0.00000   0.00000   1.00000;
setting subject to fsaverage
Writing  LTA to file transforms/talairach.auto.xfm.lta...
lta_convert successful.
 
 
Started at Sun Nov 24 06:02:15 UTC 2024
Ended   at Sun Nov 24 06:03:09 UTC 2024
talairach_avi done
