Log file for defect2seg
Sun Nov 24 14:03:53 UTC 2024

setenv SUBJECTS_DIR /scratch/tmp/fs_mp2rage_tests/sourcedata/freesurfer_mp2rage
cd /scratch/tmp/fs_mp2rage_tests/sourcedata/freesurfer_mp2rage/sub-fsm54jc/scripts
/opt/freesurfer/bin/defect2seg --s sub-fsm54jc --rh-only --cortex

freesurfer-linux-ubuntu22_x86_64-7.3.2-20220804-6354275
defect2seg 7.3.2
Linux elm.criugm.qc.ca 5.15.0-113-generic #123-Ubuntu SMP Mon Jun 10 08:16:17 UTC 2024 x86_64 x86_64 x86_64 GNU/Linux
pid 1975218
mri_label2label --label-cortex /scratch/tmp/fs_mp2rage_tests/sourcedata/freesurfer_mp2rage/sub-fsm54jc/surf/rh.orig.nofix /scratch/tmp/fs_mp2rage_tests/sourcedata/freesurfer_mp2rage/sub-fsm54jc/mri/aseg.presurf.mgz 0 /scratch/tmp/fs_mp2rage_tests/sourcedata/freesurfer_mp2rage/sub-fsm54jc/label/rh.nofix.cortex.label

 Generating cortex label... RemoveHipAmgy=0
 NucAccIsMedialWall=0
 mris->useRealRAS=0
23 non-cortical segments detected
only using segment with 6926 vertices
erasing segment 1 (vno[0] = 46340)
erasing segment 2 (vno[0] = 52753)
erasing segment 3 (vno[0] = 53898)
erasing segment 4 (vno[0] = 54995)
erasing segment 5 (vno[0] = 55010)
erasing segment 6 (vno[0] = 61824)
erasing segment 7 (vno[0] = 64851)
erasing segment 8 (vno[0] = 67828)
erasing segment 9 (vno[0] = 71768)
erasing segment 10 (vno[0] = 80111)
erasing segment 11 (vno[0] = 82176)
erasing segment 12 (vno[0] = 86394)
erasing segment 13 (vno[0] = 88221)
erasing segment 14 (vno[0] = 88251)
erasing segment 15 (vno[0] = 89029)
erasing segment 16 (vno[0] = 89969)
erasing segment 17 (vno[0] = 90798)
erasing segment 18 (vno[0] = 101548)
erasing segment 19 (vno[0] = 103558)
erasing segment 20 (vno[0] = 104812)
erasing segment 21 (vno[0] = 106222)
erasing segment 22 (vno[0] = 106805)
mri_label2vol --defects /scratch/tmp/fs_mp2rage_tests/sourcedata/freesurfer_mp2rage/sub-fsm54jc/surf/rh.orig.nofix /scratch/tmp/fs_mp2rage_tests/sourcedata/freesurfer_mp2rage/sub-fsm54jc/surf/rh.defect_labels /scratch/tmp/fs_mp2rage_tests/sourcedata/freesurfer_mp2rage/sub-fsm54jc/mri/orig.mgz 2000 0 /scratch/tmp/fs_mp2rage_tests/sourcedata/freesurfer_mp2rage/sub-fsm54jc/mri/rh.surface.defects.mgz /scratch/tmp/fs_mp2rage_tests/sourcedata/freesurfer_mp2rage/sub-fsm54jc/label/rh.nofix.cortex.label
mri_label2vol supposed to be reproducible but seed not set
Contraining to label /scratch/tmp/fs_mp2rage_tests/sourcedata/freesurfer_mp2rage/sub-fsm54jc/label/rh.nofix.cortex.label
Changing input type 0 to MRI_INT
Converting defects to volume: offset=2000, merge=0
Writing to /scratch/tmp/fs_mp2rage_tests/sourcedata/freesurfer_mp2rage/sub-fsm54jc/mri/rh.surface.defects.mgz
mris_defects_pointset -s /scratch/tmp/fs_mp2rage_tests/sourcedata/freesurfer_mp2rage/sub-fsm54jc/surf/rh.orig.nofix -d /scratch/tmp/fs_mp2rage_tests/sourcedata/freesurfer_mp2rage/sub-fsm54jc/surf/rh.defect_labels -o /scratch/tmp/fs_mp2rage_tests/sourcedata/freesurfer_mp2rage/sub-fsm54jc/surf/rh.defects.pointset --label /scratch/tmp/fs_mp2rage_tests/sourcedata/freesurfer_mp2rage/sub-fsm54jc/label/rh.nofix.cortex.label
Reading in surface /scratch/tmp/fs_mp2rage_tests/sourcedata/freesurfer_mp2rage/sub-fsm54jc/surf/rh.orig.nofix
Reading in defect segmentation /scratch/tmp/fs_mp2rage_tests/sourcedata/freesurfer_mp2rage/sub-fsm54jc/surf/rh.defect_labels
Reading in label /scratch/tmp/fs_mp2rage_tests/sourcedata/freesurfer_mp2rage/sub-fsm54jc/label/rh.nofix.cortex.label
#VMPC# mris_defects_pointset 699344
mris_defects_pointset done
 
Started at Sun Nov 24 14:03:53 UTC 2024 
Ended   at Sun Nov 24 14:04:41 UTC 2024
Defect2seg-Run-Time-Sec 48
Defect2seg-Run-Time-Min 0.96
Defect2seg-Run-Time-Hours 0.01
 
defect2seg Done
