/scratch/tmp/fs_mp2rage_tests/sourcedata/freesurfer_mp2rage/sub-fsm24dz/mri
/opt/freesurfer/bin/talairach_avi
--i orig_nu.mgz --xfm transforms/talairach.auto.xfm
talairach_avi 7.3.2
Linux elm.criugm.qc.ca 5.15.0-113-generic #123-Ubuntu SMP Mon Jun 10 08:16:17 UTC 2024 x86_64 x86_64 x86_64 GNU/Linux
Sat Nov 23 15:19:00 UTC 2024
mri_convert orig_nu.mgz talsrcimg.img 
reading from orig_nu.mgz...
TR=0.00, TE=0.00, TI=0.00, flip angle=0.00
i_ras = (-1, 1.28057e-09, 0)
j_ras = (-3.72529e-09, 0, -1)
k_ras = (-1.04774e-09, 1, 3.72529e-09)
writing to talsrcimg.img...
Analyze Output Matrix
-1.00000  -0.00000  -0.00000   126.26482;
 0.00000   0.00000   1.00000  -91.70134;
 0.00000  -1.00000   0.00000   112.24899;
 0.00000   0.00000   0.00000   1.00000;
--------------------
INFO: set hdr.hist.orient to -1
mpr2mni305 talsrcimg
Sat Nov 23 15:19:02 UTC 2024
/opt/freesurfer/bin/mpr2mni305 talsrcimg
mpr2mni305 7.3.2
target=711-2C_as_mni_average_305

---------------------------------------------------------------------
analyzeto4dfp talsrcimg -O0 -y
---------------------------------------------------------------------

freesurfer ifh2hdr.c
Sat Nov 23 15:19:03 2024
Writing: talsrcimg.4dfp.hdr
freesurfer analyzeto4dfp.c
Reading: talsrcimg.hdr
header size 348 bytes
hdr.dime.datatype	offset=70	value=2
hdr.dime.bitpix		offset=72	value=8
hdr.hist.orient		offset=252	value=-1
dimensionality     4
dimensions       256       256       256         1
Reading: talsrcimg.img
Writing: talsrcimg.4dfp.img
Writing: talsrcimg.4dfp.ifh
ifh2hdr talsrcimg -r0to255
ori=2

---------------------------------------------------------------------
gauss_4dfp talsrcimg 1.1
---------------------------------------------------------------------

freesurfer gauss_4dfp.c
Reading: talsrcimg.4dfp.img
Writing: talsrcimg_g11.4dfp.img
image dimensions 256 256 256 padded to 288 288 288
processing volume 1freesurfer ifh2hdr.c
Sat Nov 23 15:19:10 2024
Writing: talsrcimg_g11.4dfp.hdr

Writing: talsrcimg_g11.4dfp.ifh
including: talsrcimg.4dfp.img.rec in talsrcimg_g11.4dfp.img.rec

---------------------------------------------------------------------
imgreg_4dfp /opt/freesurfer/average/711-2C_as_mni_average_305 none talsrcimg_g11 none talsrcimg_to_711-2C_as_mni_average_305_t4 4355
---------------------------------------------------------------------

freesurfer imgreg_4dfp.c
/opt/freesurfer/average/711-2C_as_mni_average_305.4dfp.img
       256       256       256         1
  1.000000  1.000000  1.000000
orientation T byte_order littleendian
Reading image: /opt/freesurfer/average/711-2C_as_mni_average_305.4dfp.img
dimensions:      256       256       256
mmppix:       1.0000   -1.0000   -1.0000
center:     128.0000 -129.0000 -129.0000
talsrcimg_g11.4dfp.img
       256       256       256         1
  1.000000  1.000000  1.000000
orientation T byte_order littleendian
Reading image: talsrcimg_g11.4dfp.img
dimensions:      256       256       256
mmppix:       1.0000   -1.0000   -1.0000
center:     128.0000 -129.0000 -129.0000
t4_read: open error in t4_sub.f l:  41 t4_file(1:l)talsrcimg_to_711-2C_as_mni_average_305_t4 
t4_read: transform initialized to I4
rotation matrix determinant  1.000000
image alignment mode   4355 decimal     1103 hex
   -7.5000  -45.0000  -45.0000 8979.7139   10.3622
    0.0000  -45.0000  -45.0000 9348.0830   10.3373
    7.5000  -45.0000  -45.0000 8985.0645   10.3309
   -7.5000  -37.5000  -45.0000 9241.6826   10.4363
    0.0000  -37.5000  -45.0000 9594.4854   10.4101
    7.5000  -37.5000  -45.0000 9217.5771   10.4030
   -7.5000  -30.0000  -45.0000 9798.2676   10.2757
    0.0000  -30.0000  -45.000010182.7090   10.2491
    7.5000  -30.0000  -45.0000 9774.3379   10.2394
   -7.5000  -22.5000  -45.000010422.6436   10.2190
    0.0000  -22.5000  -45.000010846.2676   10.1933
    7.5000  -22.5000  -45.000010391.1270   10.1815
   -7.5000  -15.0000  -45.000010987.8643   10.1637
    0.0000  -15.0000  -45.000011449.3701   10.1397
    7.5000  -15.0000  -45.000010970.7842   10.1283
   -7.5000   -7.5000  -45.000011507.1621   10.1197
    0.0000   -7.5000  -45.000012009.5117   10.0966
    7.5000   -7.5000  -45.000011446.3477   10.0884
   -7.5000    0.0000  -45.000011904.2051   10.1126
    0.0000    0.0000  -45.000012415.7012   10.0893
    7.5000    0.0000  -45.000011821.6191   10.0838
   -7.5000    7.5000  -45.000011432.8262   10.3052
    0.0000    7.5000  -45.000011943.0068   10.2800
    7.5000    7.5000  -45.000011376.1152   10.2732
   -7.5000   15.0000  -45.000010908.2236   10.5717
    0.0000   15.0000  -45.000011438.8506   10.5450
    7.5000   15.0000  -45.000010843.6982   10.5350
   -7.5000   22.5000  -45.000010378.6992   10.8291
    0.0000   22.5000  -45.000010890.4414   10.8044
    7.5000   22.5000  -45.000010298.1025   10.7927
   -7.5000   30.0000  -45.0000 9788.4443   10.9434
    0.0000   30.0000  -45.000010292.0342   10.9236
    7.5000   30.0000  -45.0000 9727.9951   10.9118
   -7.5000   37.5000  -45.0000 9515.1191   11.2254
    0.0000   37.5000  -45.0000 9979.9736   11.2072
    7.5000   37.5000  -45.0000 9441.6016   11.1965
   -7.5000   45.0000  -45.0000 8881.3770   11.2695
    0.0000   45.0000  -45.0000 9295.6484   11.2467
    7.5000   45.0000  -45.0000 8823.7891   11.2351
   -7.5000  -45.0000  -37.5000 9387.6602   10.3276
    0.0000  -45.0000  -37.5000 9770.3652   10.3004
    7.5000  -45.0000  -37.5000 9395.1016   10.2931
   -7.5000  -37.5000  -37.5000 9680.3545   10.4003
    0.0000  -37.5000  -37.500010069.4629   10.3710
    7.5000  -37.5000  -37.5000 9691.5410   10.3627
   -7.5000  -30.0000  -37.500010297.3311   10.2433
    0.0000  -30.0000  -37.500010742.6367   10.2121
    7.5000  -30.0000  -37.500010352.2109   10.2006
   -7.5000  -22.5000  -37.500010998.4521   10.1905
    0.0000  -22.5000  -37.500011476.4170   10.1592
    7.5000  -22.5000  -37.500011013.9873   10.1456
   -7.5000  -15.0000  -37.500011596.5996   10.1368
    0.0000  -15.0000  -37.500012090.0889   10.1078
    7.5000  -15.0000  -37.500011585.6377   10.0948
   -7.5000   -7.5000  -37.500012136.9062   10.0907
    0.0000   -7.5000  -37.500012682.0303   10.0645
    7.5000   -7.5000  -37.500012089.3965   10.0552
   -7.5000    0.0000  -37.500012531.8613   10.0801
    0.0000    0.0000  -37.500013122.3428   10.0544
    7.5000    0.0000  -37.500012470.9121   10.0480
   -7.5000    7.5000  -37.500012002.6074   10.2702
    0.0000    7.5000  -37.500012641.9922   10.2418
    7.5000    7.5000  -37.500012001.7051   10.2338
   -7.5000   15.0000  -37.500011431.0498   10.5395
    0.0000   15.0000  -37.500012065.0234   10.5079
    7.5000   15.0000  -37.500011442.4990   10.4962
   -7.5000   22.5000  -37.500010859.1934   10.8006
    0.0000   22.5000  -37.500011452.7881   10.7697
    7.5000   22.5000  -37.500010835.5898   10.7559
   -7.5000   30.0000  -37.500010213.1826   10.9168
    0.0000   30.0000  -37.500010785.1289   10.8913
    7.5000   30.0000  -37.500010182.2676   10.8770
   -7.5000   37.5000  -37.5000 9933.9395   11.1977
    0.0000   37.5000  -37.500010472.1328   11.1754
    7.5000   37.5000  -37.5000 9864.7236   11.1624
   -7.5000   45.0000  -37.5000 9269.6475   11.2387
    0.0000   45.0000  -37.5000 9737.5117   11.2124
    7.5000   45.0000  -37.5000 9190.1025   11.1996
   -7.5000  -45.0000  -30.0000 9991.0439   10.7468
    0.0000  -45.0000  -30.000010382.6836   10.7216
    7.5000  -45.0000  -30.000010001.4160   10.7110
   -7.5000  -37.5000  -30.000010333.3691   10.8210
    0.0000  -37.5000  -30.000010767.5459   10.7937
    7.5000  -37.5000  -30.000010378.5791   10.7816
   -7.5000  -30.0000  -30.000011006.6221   10.6593
    0.0000  -30.0000  -30.000011496.6660   10.6302
    7.5000  -30.0000  -30.000011082.3477   10.6147
   -7.5000  -22.5000  -30.000011739.4746   10.6078
    0.0000  -22.5000  -30.000012292.9170   10.5783
    7.5000  -22.5000  -30.000011788.3525   10.5606
   -7.5000  -15.0000  -30.000012353.0195   10.5543
    0.0000  -15.0000  -30.000012962.1787   10.5263
    7.5000  -15.0000  -30.000012406.8301   10.5096
   -7.5000   -7.5000  -30.000012916.1475   10.5052
    0.0000   -7.5000  -30.000013549.6143   10.4799
    7.5000   -7.5000  -30.000012928.2793   10.4674
   -7.5000    0.0000  -30.000013360.9521   10.4900
    0.0000    0.0000  -30.000014052.8105   10.4658
    7.5000    0.0000  -30.000013380.6865   10.4565
   -7.5000    7.5000  -30.000012807.9365   10.6857
    0.0000    7.5000  -30.000013497.7227   10.6592
    7.5000    7.5000  -30.000012859.1387   10.6474
   -7.5000   15.0000  -30.000012171.2295   10.9704
    0.0000   15.0000  -30.000012841.6533   10.9407
    7.5000   15.0000  -30.000012195.2881   10.9246
   -7.5000   22.5000  -30.000011540.5518   11.2446
    0.0000   22.5000  -30.000012174.9004   11.2153
    7.5000   22.5000  -30.000011518.2461   11.1977
   -7.5000   30.0000  -30.000010851.7686   11.3705
    0.0000   30.0000  -30.000011474.7646   11.3461
    7.5000   30.0000  -30.000010804.7900   11.3282
   -7.5000   37.5000  -30.000010557.3252   11.6618
    0.0000   37.5000  -30.000011144.6045   11.6409
    7.5000   37.5000  -30.000010481.3389   11.6238
   -7.5000   45.0000  -30.0000 9822.2920   11.7097
    0.0000   45.0000  -30.000010340.9971   11.6861
    7.5000   45.0000  -30.0000 9729.8643   11.6694
   -7.5000  -45.0000  -22.500010626.1602   11.1197
    0.0000  -45.0000  -22.500011050.9336   11.0995
    7.5000  -45.0000  -22.500010623.6787   11.0864
   -7.5000  -37.5000  -22.500010992.0039   11.1957
    0.0000  -37.5000  -22.500011475.9141   11.1745
    7.5000  -37.5000  -22.500011030.3477   11.1594
   -7.5000  -30.0000  -22.500011670.1865   11.0265
    0.0000  -30.0000  -22.500012236.3506   11.0053
    7.5000  -30.0000  -22.500011756.4717   10.9869
   -7.5000  -22.5000  -22.500012428.0264   10.9726
    0.0000  -22.5000  -22.500013060.1299   10.9514
    7.5000  -22.5000  -22.500012521.9814   10.9309
   -7.5000  -15.0000  -22.500013103.9268   10.9185
    0.0000  -15.0000  -22.500013795.2451   10.8973
    7.5000  -15.0000  -22.500013184.2861   10.8780
   -7.5000   -7.5000  -22.500013669.0742   10.8694
    0.0000   -7.5000  -22.500014407.5684   10.8491
    7.5000   -7.5000  -22.500013743.0977   10.8341
   -7.5000    0.0000  -22.500014140.5684   10.8536
    0.0000    0.0000  -22.500014938.3535   10.8343
    7.5000    0.0000  -22.500014237.7500   10.8227
   -7.5000    7.5000  -22.500013563.3213   11.0555
    0.0000    7.5000  -22.500014343.7627   11.0348
    7.5000    7.5000  -22.500013669.3516   11.0204
   -7.5000   15.0000  -22.500012897.0732   11.3510
    0.0000   15.0000  -22.500013600.3535   11.3291
    7.5000   15.0000  -22.500012934.1797   11.3097
   -7.5000   22.5000  -22.500012231.7012   11.6333
    0.0000   22.5000  -22.500012892.4150   11.6128
    7.5000   22.5000  -22.500012211.9668   11.5929
   -7.5000   30.0000  -22.500011493.2109   11.7674
    0.0000   30.0000  -22.500012148.3887   11.7508
    7.5000   30.0000  -22.500011476.6670   11.7311
   -7.5000   37.5000  -22.500011124.8018   12.0687
    0.0000   37.5000  -22.500011768.4844   12.0545
    7.5000   37.5000  -22.500011103.5410   12.0350
   -7.5000   45.0000  -22.500010320.6426   12.1278
    0.0000   45.0000  -22.500010876.4570   12.1111
    7.5000   45.0000  -22.500010286.6699   12.0917
   -7.5000  -45.0000  -15.000011231.1826   11.3908
    0.0000  -45.0000  -15.000011680.2129   11.3732
    7.5000  -45.0000  -15.000011198.9805   11.3608
   -7.5000  -37.5000  -15.000011617.0713   11.4700
    0.0000  -37.5000  -15.000012127.4277   11.4524
    7.5000  -37.5000  -15.000011657.0039   11.4384
   -7.5000  -30.0000  -15.000012320.4033   11.2936
    0.0000  -30.0000  -15.000012902.0459   11.2774
    7.5000  -30.0000  -15.000012418.2061   11.2608
   -7.5000  -22.5000  -15.000013122.0371   11.2340
    0.0000  -22.5000  -15.000013760.5703   11.2184
    7.5000  -22.5000  -15.000013214.7422   11.1998
   -7.5000  -15.0000  -15.000013835.6865   11.1769
    0.0000  -15.0000  -15.000014540.2021   11.1606
    7.5000  -15.0000  -15.000013939.6602   11.1427
   -7.5000   -7.5000  -15.000014456.8887   11.1293
    0.0000   -7.5000  -15.000015172.0830   11.1125
    7.5000   -7.5000  -15.000014534.3389   11.0982
   -7.5000    0.0000  -15.000014994.5254   11.1177
    0.0000    0.0000  -15.000015774.3418   11.1009
    7.5000    0.0000  -15.000015072.7705   11.0901
   -7.5000    7.5000  -15.000014414.1484   11.3261
    0.0000    7.5000  -15.000015255.8291   11.3092
    7.5000    7.5000  -15.000014549.5010   11.2959
   -7.5000   15.0000  -15.000013688.8906   11.6266
    0.0000   15.0000  -15.000014407.6611   11.6098
    7.5000   15.0000  -15.000013740.9580   11.5921
   -7.5000   22.5000  -15.000012924.2061   11.9114
    0.0000   22.5000  -15.000013589.6016   11.8973
    7.5000   22.5000  -15.000012947.2900   11.8795
   -7.5000   30.0000  -15.000012124.4424   12.0502
    0.0000   30.0000  -15.000012786.9893   12.0394
    7.5000   30.0000  -15.000012185.1416   12.0218
   -7.5000   37.5000  -15.000011738.0713   12.3603
    0.0000   37.5000  -15.000012376.1631   12.3506
    7.5000   37.5000  -15.000011796.3828   12.3329
   -7.5000   45.0000  -15.000010856.0459   12.4316
    0.0000   45.0000  -15.000011469.8877   12.4188
    7.5000   45.0000  -15.000010923.3535   12.4003
   -7.5000  -45.0000   -7.500011855.0078   11.5159
    0.0000  -45.0000   -7.500012303.7334   11.4942
    7.5000  -45.0000   -7.500011815.5283   11.4848
   -7.5000  -37.5000   -7.500012241.5146   11.5980
    0.0000  -37.5000   -7.500012749.7256   11.5763
    7.5000  -37.5000   -7.500012283.7900   11.5662
   -7.5000  -30.0000   -7.500012963.9238   11.4185
    0.0000  -30.0000   -7.500013532.7725   11.3983
    7.5000  -30.0000   -7.500013082.6924   11.3859
   -7.5000  -22.5000   -7.500013807.2441   11.3548
    0.0000  -22.5000   -7.500014402.6357   11.3356
    7.5000  -22.5000   -7.500013921.5723   11.3213
   -7.5000  -15.0000   -7.500014527.9727   11.2945
    0.0000  -15.0000   -7.500015171.4834   11.2753
    7.5000  -15.0000   -7.500014617.5312   11.2612
   -7.5000   -7.5000   -7.500015178.8574   11.2474
    0.0000   -7.5000   -7.500015790.6592   11.2274
    7.5000   -7.5000   -7.500015203.2451   11.2164
   -7.5000    0.0000   -7.500015782.9756   11.2397
    0.0000    0.0000   -7.500016557.8535   11.2193
    7.5000    0.0000   -7.500015865.4639   11.2113
   -7.5000    7.5000   -7.500015325.1943   11.4527
    0.0000    7.5000   -7.500016281.9473   11.4319
    7.5000    7.5000   -7.500015568.8730   11.4223
   -7.5000   15.0000   -7.500014659.1172   11.7538
    0.0000   15.0000   -7.500015412.9824   11.7332
    7.5000   15.0000   -7.500014817.4688   11.7201
   -7.5000   22.5000   -7.500013805.2539   12.0383
    0.0000   22.5000   -7.500014400.8271   12.0208
    7.5000   22.5000   -7.500013905.6465   12.0071
   -7.5000   30.0000   -7.500012957.4287   12.1781
    0.0000   30.0000   -7.500013504.1035   12.1646
    7.5000   30.0000   -7.500013034.8984   12.1507
   -7.5000   37.5000   -7.500012534.8691   12.4944
    0.0000   37.5000   -7.500013086.8789   12.4813
    7.5000   37.5000   -7.500012581.7754   12.4675
   -7.5000   45.0000   -7.500011581.8662   12.5723
    0.0000   45.0000   -7.500012110.9932   12.5547
    7.5000   45.0000   -7.500011562.9531   12.5395
   -7.5000  -45.0000    0.000012307.5898   11.5281
    0.0000  -45.0000    0.000012738.4385   11.5004
    7.5000  -45.0000    0.000012267.7129   11.4932
   -7.5000  -37.5000    0.000012705.8848   11.6107
    0.0000  -37.5000    0.000013226.9688   11.5816
    7.5000  -37.5000    0.000012768.2598   11.5738
   -7.5000  -30.0000    0.000013478.2402   11.4324
    0.0000  -30.0000    0.000014027.0664   11.4030
    7.5000  -30.0000    0.000013601.0371   11.3923
   -7.5000  -22.5000    0.000014319.5518   11.3694
    0.0000  -22.5000    0.000014890.7393   11.3408
    7.5000  -22.5000    0.000014482.0234   11.3279
   -7.5000  -15.0000    0.000015039.2744   11.3081
    0.0000  -15.0000    0.000015604.3643   11.2813
    7.5000  -15.0000    0.000015168.0420   11.2689
   -7.5000   -7.5000    0.000015680.6709   11.2596
    0.0000   -7.5000    0.000016242.7881   11.2338
    7.5000   -7.5000    0.000015736.3906   11.2248
   -7.5000    0.0000    0.000016282.7871   11.2520
    0.0000    0.0000    0.000017046.9102   11.2259
    7.5000    0.0000    0.000016488.4863   11.2198
   -7.5000    7.5000    0.000015855.8350   11.4657
    0.0000    7.5000    0.000016789.1172   11.4377
    7.5000    7.5000    0.000016175.1035   11.4301
   -7.5000   15.0000    0.000015370.0234   11.7664
    0.0000   15.0000    0.000016048.5713   11.7367
    7.5000   15.0000    0.000015436.0957   11.7257
   -7.5000   22.5000    0.000014637.3994   12.0530
    0.0000   22.5000    0.000015157.8652   12.0255
    7.5000   22.5000    0.000014544.6309   12.0126
   -7.5000   30.0000    0.000013741.1846   12.1928
    0.0000   30.0000    0.000014206.8281   12.1706
    7.5000   30.0000    0.000013588.0635   12.1574
   -7.5000   37.5000    0.000013279.1484   12.5109
    0.0000   37.5000    0.000013728.3789   12.4904
    7.5000   37.5000    0.000013051.7617   12.4783
   -7.5000   45.0000    0.000012180.6523   12.5884
    0.0000   45.0000    0.000012612.6611   12.5628
    7.5000   45.0000    0.000011939.2227   12.5496
   -7.5000  -45.0000    7.500011849.0918   11.5155
    0.0000  -45.0000    7.500012276.6904   11.4856
    7.5000  -45.0000    7.500011796.3486   11.4775
   -7.5000  -37.5000    7.500012226.4287   11.5967
    0.0000  -37.5000    7.500012726.0674   11.5643
    7.5000  -37.5000    7.500012254.4609   11.5552
   -7.5000  -30.0000    7.500012945.4229   11.4217
    0.0000  -30.0000    7.500013468.6592   11.3872
    7.5000  -30.0000    7.500013029.2617   11.3745
   -7.5000  -22.5000    7.500013713.0127   11.3628
    0.0000  -22.5000    7.500014234.1045   11.3282
    7.5000  -22.5000    7.500013840.2988   11.3132
   -7.5000  -15.0000    7.500014364.2090   11.3032
    0.0000  -15.0000    7.500014923.5654   11.2711
    7.5000  -15.0000    7.500014494.9912   11.2568
   -7.5000   -7.5000    7.500014964.4521   11.2522
    0.0000   -7.5000    7.500015551.3281   11.2232
    7.5000   -7.5000    7.500015112.1777   11.2129
   -7.5000    0.0000    7.500015512.7979   11.2405
    0.0000    0.0000    7.500016294.3604   11.2122
    7.5000    0.0000    7.500015846.4287   11.2051
   -7.5000    7.5000    7.500015117.0840   11.4521
    0.0000    7.5000    7.500015830.5947   11.4207
    7.5000    7.5000    7.500015389.4102   11.4119
   -7.5000   15.0000    7.500014657.2900   11.7560
    0.0000   15.0000    7.500015195.3818   11.7210
    7.5000   15.0000    7.500014699.1260   11.7081
   -7.5000   22.5000    7.500014019.9727   12.0469
    0.0000   22.5000    7.500014528.4766   12.0125
    7.5000   22.5000    7.500013959.6201   11.9973
   -7.5000   30.0000    7.500013243.6338   12.1887
    0.0000   30.0000    7.500013726.6904   12.1603
    7.5000   30.0000    7.500013077.6895   12.1445
   -7.5000   37.5000    7.500012760.4160   12.5056
    0.0000   37.5000    7.500013262.0645   12.4809
    7.5000   37.5000    7.500012515.6064   12.4664
   -7.5000   45.0000    7.500011655.2363   12.5792
    0.0000   45.0000    7.500012112.7207   12.5502
    7.5000   45.0000    7.500011400.1309   12.5357
   -7.5000  -45.0000   15.000011325.7412   11.5150
    0.0000  -45.0000   15.000011715.9209   11.4879
    7.5000  -45.0000   15.000011217.1240   11.4767
   -7.5000  -37.5000   15.000011649.9199   11.5944
    0.0000  -37.5000   15.000012104.0527   11.5652
    7.5000  -37.5000   15.000011627.7686   11.5523
   -7.5000  -30.0000   15.000012317.2686   11.4211
    0.0000  -30.0000   15.000012813.5527   11.3900
    7.5000  -30.0000   15.000012333.1455   11.3735
   -7.5000  -22.5000   15.000013026.1250   11.3659
    0.0000  -22.5000   15.000013534.7090   11.3344
    7.5000  -22.5000   15.000013067.7891   11.3156
   -7.5000  -15.0000   15.000013597.9355   11.3088
    0.0000  -15.0000   15.000014149.4951   11.2789
    7.5000  -15.0000   15.000013694.1250   11.2611
   -7.5000   -7.5000   15.000014150.4961   11.2565
    0.0000   -7.5000   15.000014770.9824   11.2295
    7.5000   -7.5000   15.000014357.1885   11.2162
   -7.5000    0.0000   15.000014659.8047   11.2404
    0.0000    0.0000   15.000015417.5312   11.2146
    7.5000    0.0000   15.000015008.5781   11.2046
   -7.5000    7.5000   15.000014268.0908   11.4498
    0.0000    7.5000   15.000014872.9424   11.4214
    7.5000    7.5000   15.000014438.1152   11.4090
   -7.5000   15.0000   15.000013778.3691   11.7576
    0.0000   15.0000   15.000014271.2197   11.7259
    7.5000   15.0000   15.000013788.3379   11.7088
   -7.5000   22.5000   15.000013120.4971   12.0517
    0.0000   22.5000   15.000013611.0205   12.0204
    7.5000   22.5000   15.000013068.4521   12.0016
   -7.5000   30.0000   15.000012299.0166   12.1958
    0.0000   30.0000   15.000012746.7080   12.1697
    7.5000   30.0000   15.000012189.3438   12.1505
   -7.5000   37.5000   15.000011801.4727   12.5110
    0.0000   37.5000   15.000012217.6172   12.4886
    7.5000   37.5000   15.000011670.6270   12.4703
   -7.5000   45.0000   15.000010776.9805   12.5816
    0.0000   45.0000   15.000011188.4766   12.5562
    7.5000   45.0000   15.000010671.3008   12.5383
   -7.5000  -45.0000   22.500010711.7363   11.6074
    0.0000  -45.0000   22.500011074.4580   11.5862
    7.5000  -45.0000   22.500010621.7725   11.5727
   -7.5000  -37.5000   22.500011011.7334   11.6863
    0.0000  -37.5000   22.500011444.5801   11.6642
    7.5000  -37.5000   22.500010984.0879   11.6485
   -7.5000  -30.0000   22.500011647.2393   11.5089
    0.0000  -30.0000   22.500012118.9561   11.4869
    7.5000  -30.0000   22.500011640.9219   11.4676
   -7.5000  -22.5000   22.500012301.0039   11.4525
    0.0000  -22.5000   22.500012798.1074   11.4305
    7.5000  -22.5000   22.500012330.9238   11.4091
   -7.5000  -15.0000   22.500012857.6914   11.3961
    0.0000  -15.0000   22.500013408.0283   11.3740
    7.5000  -15.0000   22.500012970.8926   11.3538
   -7.5000   -7.5000   22.500013407.1797   11.3447
    0.0000   -7.5000   22.500014054.7773   11.3236
    7.5000   -7.5000   22.500013595.9443   11.3080
   -7.5000    0.0000   22.500013841.6621   11.3282
    0.0000    0.0000   22.500014526.9697   11.3080
    7.5000    0.0000   22.500014066.5029   11.2960
   -7.5000    7.5000   22.500013355.8955   11.5393
    0.0000    7.5000   22.500013884.9902   11.5178
    7.5000    7.5000   22.500013433.6836   11.5027
   -7.5000   15.0000   22.500012797.7275   11.8506
    0.0000   15.0000   22.500013271.4795   11.8279
    7.5000   15.0000   22.500012786.3584   11.8075
   -7.5000   22.5000   22.500012127.1660   12.1464
    0.0000   22.5000   22.500012593.6172   12.1250
    7.5000   22.5000   22.500012071.4863   12.1041
   -7.5000   30.0000   22.500011320.9844   12.2927
    0.0000   30.0000   22.500011737.4229   12.2753
    7.5000   30.0000   22.500011250.3906   12.2547
   -7.5000   37.5000   22.500010822.4209   12.6100
    0.0000   37.5000   22.500011214.2939   12.5951
    7.5000   37.5000   22.500010762.5186   12.5747
   -7.5000   45.0000   22.5000 9909.7988   12.6841
    0.0000   45.0000   22.500010303.9863   12.6666
    7.5000   45.0000   22.5000 9877.0996   12.6463
   -7.5000  -45.0000   30.000010017.9258   11.7267
    0.0000  -45.0000   30.000010384.7422   11.7086
    7.5000  -45.0000   30.0000 9974.4297   11.6958
   -7.5000  -37.5000   30.000010289.7939   11.8076
    0.0000  -37.5000   30.000010729.6582   11.7895
    7.5000  -37.5000   30.000010325.4424   11.7752
   -7.5000  -30.0000   30.000010910.7061   11.6237
    0.0000  -30.0000   30.000011363.9854   11.6072
    7.5000  -30.0000   30.000010910.5420   11.5901
   -7.5000  -22.5000   30.000011531.2773   11.5620
    0.0000  -22.5000   30.000012003.2539   11.5462
    7.5000  -22.5000   30.000011523.3164   11.5269
   -7.5000  -15.0000   30.000012032.0215   11.5031
    0.0000  -15.0000   30.000012554.1201   11.4864
    7.5000  -15.0000   30.000012051.6680   11.4678
   -7.5000   -7.5000   30.000012511.4941   11.4538
    0.0000   -7.5000   30.000013105.4883   11.4365
    7.5000   -7.5000   30.000012603.5791   11.4217
   -7.5000    0.0000   30.000012879.9346   11.4416
    0.0000    0.0000   30.000013466.4990   11.4244
    7.5000    0.0000   30.000012964.6660   11.4132
   -7.5000    7.5000   30.000012329.0322   11.6575
    0.0000    7.5000   30.000012823.1699   11.6401
    7.5000    7.5000   30.000012328.2705   11.6264
   -7.5000   15.0000   30.000011731.2568   11.9703
    0.0000   15.0000   30.000012170.9219   11.9531
    7.5000   15.0000   30.000011697.2910   11.9348
   -7.5000   22.5000   30.000011043.6992   12.2657
    0.0000   22.5000   30.000011464.7939   12.2513
    7.5000   22.5000   30.000011006.6143   12.2329
   -7.5000   30.0000   30.000010284.4258   12.4134
    0.0000   30.0000   30.000010674.8848   12.4025
    7.5000   30.0000   30.000010239.7021   12.3842
   -7.5000   37.5000   30.0000 9850.0811   12.7365
    0.0000   37.5000   30.000010215.7109   12.7266
    7.5000   37.5000   30.0000 9811.9121   12.7081
   -7.5000   45.0000   30.0000 9054.8594   12.8183
    0.0000   45.0000   30.0000 9424.8203   12.8051
    7.5000   45.0000   30.0000 9043.3994   12.7858
   -7.5000  -45.0000   37.5000 9781.4082   11.9235
    0.0000  -45.0000   37.500010151.2930   11.9003
    7.5000  -45.0000   37.5000 9706.0918   11.8881
   -7.5000  -37.5000   37.500010070.0088   12.0081
    0.0000  -37.5000   37.500010476.7393   11.9846
    7.5000  -37.5000   37.500010005.7803   11.9712
   -7.5000  -30.0000   37.500010628.1416   11.8166
    0.0000  -30.0000   37.500011044.1797   11.7947
    7.5000  -30.0000   37.500010531.4648   11.7790
   -7.5000  -22.5000   37.500011174.3623   11.7493
    0.0000  -22.5000   37.500011602.9629   11.7285
    7.5000  -22.5000   37.500011069.2871   11.7114
   -7.5000  -15.0000   37.500011603.8750   11.6859
    0.0000  -15.0000   37.500012083.9170   11.6655
    7.5000  -15.0000   37.500011570.6152   11.6490
   -7.5000   -7.5000   37.500011998.6670   11.6368
    0.0000   -7.5000   37.500012541.8057   11.6156
    7.5000   -7.5000   37.500012051.4180   11.6023
   -7.5000    0.0000   37.500012306.0088   11.6291
    0.0000    0.0000   37.500012833.9062   11.6072
    7.5000    0.0000   37.500012333.5186   11.5966
   -7.5000    7.5000   37.500011738.3057   11.8533
    0.0000    7.5000   37.500012210.0020   11.8308
    7.5000    7.5000   37.500011738.6309   11.8180
   -7.5000   15.0000   37.500011146.9609   12.1708
    0.0000   15.0000   37.500011585.5537   12.1483
    7.5000   15.0000   37.500011161.7461   12.1316
   -7.5000   22.5000   37.500010470.4053   12.4714
    0.0000   22.5000   37.500010883.9717   12.4522
    7.5000   22.5000   37.500010481.9521   12.4355
   -7.5000   30.0000   37.5000 9740.0977   12.6236
    0.0000   30.0000   37.500010121.0068   12.6089
    7.5000   30.0000   37.5000 9742.1660   12.5923
   -7.5000   37.5000   37.5000 9346.5283   12.9597
    0.0000   37.5000   37.5000 9705.1953   12.9455
    7.5000   37.5000   37.5000 9339.1768   12.9288
   -7.5000   45.0000   37.5000 8616.0205   13.0520
    0.0000   45.0000   37.5000 8976.4346   13.0328
    7.5000   45.0000   37.5000 8638.1992   13.0139
   -7.5000  -45.0000   45.0000 9155.1475   12.1338
    0.0000  -45.0000   45.0000 9446.1123   12.1040
    7.5000  -45.0000   45.0000 8971.1885   12.0929
   -7.5000  -37.5000   45.0000 9387.7793   12.2223
    0.0000  -37.5000   45.0000 9712.2021   12.1907
    7.5000  -37.5000   45.0000 9222.8203   12.1782
   -7.5000  -30.0000   45.0000 9845.5781   12.0247
    0.0000  -30.0000   45.000010189.9385   11.9929
    7.5000  -30.0000   45.0000 9703.0566   11.9782
   -7.5000  -22.5000   45.000010286.1123   11.9542
    0.0000  -22.5000   45.000010660.6797   11.9238
    7.5000  -22.5000   45.000010181.7119   11.9083
   -7.5000  -15.0000   45.000010662.6504   11.8861
    0.0000  -15.0000   45.000011119.2275   11.8581
    7.5000  -15.0000   45.000010632.6611   11.8438
   -7.5000   -7.5000   45.000010990.5195   11.8340
    0.0000   -7.5000   45.000011494.4844   11.8069
    7.5000   -7.5000   45.000011013.0625   11.7955
   -7.5000    0.0000   45.000011223.2852   11.8277
    0.0000    0.0000   45.000011719.4609   11.7998
    7.5000    0.0000   45.000011268.6201   11.7901
   -7.5000    7.5000   45.000010698.7480   12.0617
    0.0000    7.5000   45.000011135.8398   12.0312
    7.5000    7.5000   45.000010723.1299   12.0193
   -7.5000   15.0000   45.000010166.6992   12.3899
    0.0000   15.0000   45.000010574.9639   12.3576
    7.5000   15.0000   45.000010205.1924   12.3425
   -7.5000   22.5000   45.0000 9547.8574   12.7023
    0.0000   22.5000   45.0000 9927.7139   12.6729
    7.5000   22.5000   45.0000 9572.7363   12.6572
   -7.5000   30.0000   45.0000 8877.5674   12.8605
    0.0000   30.0000   45.0000 9220.8555   12.8374
    7.5000   30.0000   45.0000 8881.7871   12.8221
   -7.5000   37.5000   45.0000 8513.3467   13.2128
    0.0000   37.5000   45.0000 8845.5947   13.1914
    7.5000   37.5000   45.0000 8535.2070   13.1761
   -7.5000   45.0000   45.0000 7882.0854   13.3252
    0.0000   45.0000   45.0000 8196.6816   13.2973
    7.5000   45.0000   45.0000 7897.7231   13.2788

---------------------------------------------------------------------
imgreg_4dfp /opt/freesurfer/average/711-2C_as_mni_average_305 /opt/freesurfer/average/711-2B_as_mni_average_305_mask talsrcimg_g11 none talsrcimg_to_711-2C_as_mni_average_305_t4 4355
---------------------------------------------------------------------

freesurfer imgreg_4dfp.c
/opt/freesurfer/average/711-2C_as_mni_average_305.4dfp.img
       256       256       256         1
  1.000000  1.000000  1.000000
orientation T byte_order littleendian
Reading image: /opt/freesurfer/average/711-2C_as_mni_average_305.4dfp.img
dimensions:      256       256       256
mmppix:       1.0000   -1.0000   -1.0000
center:     128.0000 -129.0000 -129.0000
/opt/freesurfer/average/711-2B_as_mni_average_305_mask.4dfp.img
       256       256       256         1
  1.000000  1.000000  1.000000
orientation T byte_order littleendian
Reading mask: /opt/freesurfer/average/711-2B_as_mni_average_305_mask.4dfp.img (2306576 pixels)
talsrcimg_g11.4dfp.img
       256       256       256         1
  1.000000  1.000000  1.000000
orientation T byte_order littleendian
Reading image: talsrcimg_g11.4dfp.img
dimensions:      256       256       256
mmppix:       1.0000   -1.0000   -1.0000
center:     128.0000 -129.0000 -129.0000
rotation matrix determinant  1.000000
image alignment mode   4355 decimal     1103 hex
   -7.5000  -45.0000  -45.0000 2170.3977   14.5052
    0.0000  -45.0000  -45.0000 2172.5483   14.5982
    7.5000  -45.0000  -45.0000 2144.5090   14.9098
   -7.5000  -37.5000  -45.0000 2202.7290   13.9818
    0.0000  -37.5000  -45.0000 2201.5298   14.0366
    7.5000  -37.5000  -45.0000 2172.6462   14.3221
   -7.5000  -30.0000  -45.0000 2243.4128   13.5336
    0.0000  -30.0000  -45.0000 2244.1819   13.5574
    7.5000  -30.0000  -45.0000 2214.7454   13.7886
   -7.5000  -22.5000  -45.0000 2290.3218   13.1437
    0.0000  -22.5000  -45.0000 2298.3398   13.1582
    7.5000  -22.5000  -45.0000 2266.7993   13.3136
   -7.5000  -15.0000  -45.0000 2327.8811   12.8306
    0.0000  -15.0000  -45.0000 2341.4292   12.8038
    7.5000  -15.0000  -45.0000 2319.3618   12.9727
   -7.5000   -7.5000  -45.0000 2356.3311   12.5378
    0.0000   -7.5000  -45.0000 2376.1646   12.5034
    7.5000   -7.5000  -45.0000 2354.4697   12.6107
   -7.5000    0.0000  -45.0000 2376.5996   12.3541
    0.0000    0.0000  -45.0000 2394.0730   12.3432
    7.5000    0.0000  -45.0000 2369.3958   12.4031
   -7.5000    7.5000  -45.0000 2381.2405   12.2634
    0.0000    7.5000  -45.0000 2399.5388   12.2954
    7.5000    7.5000  -45.0000 2373.9243   12.3299
   -7.5000   15.0000  -45.0000 2371.3337   12.2916
    0.0000   15.0000  -45.0000 2396.9939   12.3067
    7.5000   15.0000  -45.0000 2371.9172   12.3109
   -7.5000   22.5000  -45.0000 2362.0911   12.4656
    0.0000   22.5000  -45.0000 2391.1138   12.4302
    7.5000   22.5000  -45.0000 2371.8706   12.4054
   -7.5000   30.0000  -45.0000 2339.7471   12.7987
    0.0000   30.0000  -45.0000 2374.1882   12.7352
    7.5000   30.0000  -45.0000 2350.7583   12.7100
   -7.5000   37.5000  -45.0000 2295.4495   13.3492
    0.0000   37.5000  -45.0000 2328.6262   13.2729
    7.5000   37.5000  -45.0000 2307.1602   13.2595
   -7.5000   45.0000  -45.0000 2227.1584   14.1508
    0.0000   45.0000  -45.0000 2255.4580   14.0577
    7.5000   45.0000  -45.0000 2237.0156   14.0370
   -7.5000  -45.0000  -37.5000 2248.8108   13.4515
    0.0000  -45.0000  -37.5000 2246.6873   13.5461
    7.5000  -45.0000  -37.5000 2207.8496   13.9032
   -7.5000  -37.5000  -37.5000 2277.5938   12.9798
    0.0000  -37.5000  -37.5000 2274.5300   13.0410
    7.5000  -37.5000  -37.5000 2240.0842   13.3381
   -7.5000  -30.0000  -37.5000 2320.2185   12.5629
    0.0000  -30.0000  -37.5000 2326.5471   12.6043
    7.5000  -30.0000  -37.5000 2300.4670   12.8260
   -7.5000  -22.5000  -37.5000 2373.1482   12.1949
    0.0000  -22.5000  -37.5000 2385.9661   12.2274
    7.5000  -22.5000  -37.5000 2357.7817   12.3706
   -7.5000  -15.0000  -37.5000 2415.2646   11.8720
    0.0000  -15.0000  -37.5000 2427.4219   11.8957
    7.5000  -15.0000  -37.5000 2404.7163   11.9835
   -7.5000   -7.5000  -37.5000 2445.6475   11.6173
    0.0000   -7.5000  -37.5000 2462.2993   11.6245
    7.5000   -7.5000  -37.5000 2434.3118   11.6779
   -7.5000    0.0000  -37.5000 2460.3950   11.3907
    0.0000    0.0000  -37.5000 2481.8696   11.4168
    7.5000    0.0000  -37.5000 2456.2717   11.4475
   -7.5000    7.5000  -37.5000 2466.4636   11.3183
    0.0000    7.5000  -37.5000 2497.4402   11.3402
    7.5000    7.5000  -37.5000 2469.7891   11.3867
   -7.5000   15.0000  -37.5000 2467.7266   11.3773
    0.0000   15.0000  -37.5000 2500.3533   11.3936
    7.5000   15.0000  -37.5000 2476.1355   11.3717
   -7.5000   22.5000  -37.5000 2456.2017   11.6151
    0.0000   22.5000  -37.5000 2489.9470   11.5836
    7.5000   22.5000  -37.5000 2469.7358   11.5396
   -7.5000   30.0000  -37.5000 2421.5955   11.9622
    0.0000   30.0000  -37.5000 2462.3943   11.9231
    7.5000   30.0000  -37.5000 2442.3782   11.8789
   -7.5000   37.5000  -37.5000 2381.8188   12.4987
    0.0000   37.5000  -37.5000 2418.1165   12.4442
    7.5000   37.5000  -37.5000 2397.2515   12.4002
   -7.5000   45.0000  -37.5000 2307.9546   13.2409
    0.0000   45.0000  -37.5000 2338.6704   13.1887
    7.5000   45.0000  -37.5000 2321.0369   13.1338
   -7.5000  -45.0000  -30.0000 2364.4138   12.9366
    0.0000  -45.0000  -30.0000 2358.6846   13.0119
    7.5000  -45.0000  -30.0000 2324.0984   13.3532
   -7.5000  -37.5000  -30.0000 2394.8845   12.5055
    0.0000  -37.5000  -30.0000 2394.8274   12.5609
    7.5000  -37.5000  -30.0000 2365.4915   12.8366
   -7.5000  -30.0000  -30.0000 2440.3386   12.0992
    0.0000  -30.0000  -30.0000 2450.2527   12.1549
    7.5000  -30.0000  -30.0000 2420.9661   12.3575
   -7.5000  -22.5000  -30.0000 2492.7966   11.7192
    0.0000  -22.5000  -30.0000 2507.0725   11.7671
    7.5000  -22.5000  -30.0000 2471.6472   11.8781
   -7.5000  -15.0000  -30.0000 2534.3230   11.3774
    0.0000  -15.0000  -30.0000 2550.1099   11.4074
    7.5000  -15.0000  -30.0000 2520.1653   11.4932
   -7.5000   -7.5000  -30.0000 2564.2998   11.1043
    0.0000   -7.5000  -30.0000 2580.0759   11.1230
    7.5000   -7.5000  -30.0000 2549.8083   11.2099
   -7.5000    0.0000  -30.0000 2589.4373   10.9198
    0.0000    0.0000  -30.0000 2611.5220   10.9504
    7.5000    0.0000  -30.0000 2586.1028   10.9985
   -7.5000    7.5000  -30.0000 2604.1418   10.8925
    0.0000    7.5000  -30.0000 2634.5466   10.8886
    7.5000    7.5000  -30.0000 2610.4138   10.9339
   -7.5000   15.0000  -30.0000 2605.6873   10.9466
    0.0000   15.0000  -30.0000 2641.7588   10.8976
    7.5000   15.0000  -30.0000 2616.1301   10.9229
   -7.5000   22.5000  -30.0000 2592.1699   11.2132
    0.0000   22.5000  -30.0000 2633.3308   11.1655
    7.5000   22.5000  -30.0000 2608.9746   11.1402
   -7.5000   30.0000  -30.0000 2558.1504   11.6283
    0.0000   30.0000  -30.0000 2607.3591   11.5729
    7.5000   30.0000  -30.0000 2578.8396   11.5335
   -7.5000   37.5000  -30.0000 2515.4424   12.1544
    0.0000   37.5000  -30.0000 2552.2659   12.1243
    7.5000   37.5000  -30.0000 2527.3889   12.0663
   -7.5000   45.0000  -30.0000 2431.6667   12.8973
    0.0000   45.0000  -30.0000 2469.2004   12.8310
    7.5000   45.0000  -30.0000 2444.4656   12.8128
   -7.5000  -45.0000  -22.5000 2455.8081   12.4434
    0.0000  -45.0000  -22.5000 2458.4255   12.4871
    7.5000  -45.0000  -22.5000 2422.7715   12.8331
   -7.5000  -37.5000  -22.5000 2485.4114   12.0154
    0.0000  -37.5000  -22.5000 2494.6345   12.0683
    7.5000  -37.5000  -22.5000 2458.4785   12.3481
   -7.5000  -30.0000  -22.5000 2524.4897   11.6046
    0.0000  -30.0000  -22.5000 2534.4500   11.6527
    7.5000  -30.0000  -22.5000 2501.0522   11.8733
   -7.5000  -22.5000  -22.5000 2570.4414   11.2079
    0.0000  -22.5000  -22.5000 2583.3462   11.2312
    7.5000  -22.5000  -22.5000 2549.3628   11.3887
   -7.5000  -15.0000  -22.5000 2614.2898   10.8859
    0.0000  -15.0000  -22.5000 2631.3687   10.8831
    7.5000  -15.0000  -22.5000 2600.4580   10.9779
   -7.5000   -7.5000  -22.5000 2648.1399   10.6248
    0.0000   -7.5000  -22.5000 2671.9746   10.6275
    7.5000   -7.5000  -22.5000 2640.7451   10.7046
   -7.5000    0.0000  -22.5000 2675.9910   10.4861
    0.0000    0.0000  -22.5000 2707.2634   10.4751
    7.5000    0.0000  -22.5000 2680.4763   10.5418
   -7.5000    7.5000  -22.5000 2699.6421   10.4689
    0.0000    7.5000  -22.5000 2734.4373   10.4579
    7.5000    7.5000  -22.5000 2707.3459   10.5192
   -7.5000   15.0000  -22.5000 2707.9656   10.5058
    0.0000   15.0000  -22.5000 2749.4199   10.4149
    7.5000   15.0000  -22.5000 2717.5862   10.5036
   -7.5000   22.5000  -22.5000 2706.2427   10.7612
    0.0000   22.5000  -22.5000 2752.2139   10.6839
    7.5000   22.5000  -22.5000 2716.1462   10.7278
   -7.5000   30.0000  -22.5000 2667.8904   11.2034
    0.0000   30.0000  -22.5000 2724.1614   11.1507
    7.5000   30.0000  -22.5000 2689.7722   11.1473
   -7.5000   37.5000  -22.5000 2607.0698   11.7572
    0.0000   37.5000  -22.5000 2658.2610   11.7211
    7.5000   37.5000  -22.5000 2633.6331   11.7218
   -7.5000   45.0000  -22.5000 2516.6301   12.4940
    0.0000   45.0000  -22.5000 2552.5603   12.4254
    7.5000   45.0000  -22.5000 2535.4236   12.4620
   -7.5000  -45.0000  -15.0000 2519.7236   11.9426
    0.0000  -45.0000  -15.0000 2524.1147   11.9803
    7.5000  -45.0000  -15.0000 2491.8892   12.3060
   -7.5000  -37.5000  -15.0000 2542.8860   11.5197
    0.0000  -37.5000  -15.0000 2551.9265   11.5774
    7.5000  -37.5000  -15.0000 2524.3730   11.8577
   -7.5000  -30.0000  -15.0000 2570.2322   11.1110
    0.0000  -30.0000  -15.0000 2583.7944   11.1505
    7.5000  -30.0000  -15.0000 2557.6482   11.3866
   -7.5000  -22.5000  -15.0000 2616.8071   10.7540
    0.0000  -22.5000  -15.0000 2630.0671   10.7607
    7.5000  -22.5000  -15.0000 2600.8970   10.9528
   -7.5000  -15.0000  -15.0000 2662.4382   10.4578
    0.0000  -15.0000  -15.0000 2682.5730   10.4390
    7.5000  -15.0000  -15.0000 2648.3093   10.5730
   -7.5000   -7.5000  -15.0000 2696.6702   10.2159
    0.0000   -7.5000  -15.0000 2721.2664   10.1490
    7.5000   -7.5000  -15.0000 2693.9661   10.3073
   -7.5000    0.0000  -15.0000 2729.6482   10.1253
    0.0000    0.0000  -15.0000 2760.6370   10.0471
    7.5000    0.0000  -15.0000 2733.5933   10.1653
   -7.5000    7.5000  -15.0000 2761.1035   10.1446
    0.0000    7.5000  -15.0000 2806.9626   10.0922
    7.5000    7.5000  -15.0000 2775.9050   10.1964
   -7.5000   15.0000  -15.0000 2770.9087   10.1757
    0.0000   15.0000  -15.0000 2827.9709   10.0272
    7.5000   15.0000  -15.0000 2789.7056   10.2072
   -7.5000   22.5000  -15.0000 2771.7422   10.3802
    0.0000   22.5000  -15.0000 2821.5146   10.2367
    7.5000   22.5000  -15.0000 2787.8914   10.3973
   -7.5000   30.0000  -15.0000 2736.1519   10.8137
    0.0000   30.0000  -15.0000 2784.7097   10.7261
    7.5000   30.0000  -15.0000 2762.5115   10.8357
   -7.5000   37.5000  -15.0000 2666.3406   11.4426
    0.0000   37.5000  -15.0000 2712.4949   11.3638
    7.5000   37.5000  -15.0000 2699.7900   11.4918
   -7.5000   45.0000  -15.0000 2568.0986   12.1937
    0.0000   45.0000  -15.0000 2605.5808   12.0875
    7.5000   45.0000  -15.0000 2593.9739   12.2339
   -7.5000  -45.0000   -7.5000 2574.0581   11.4152
    0.0000  -45.0000   -7.5000 2570.7588   11.4235
    7.5000  -45.0000   -7.5000 2544.4397   11.8074
   -7.5000  -37.5000   -7.5000 2591.5635   11.0126
    0.0000  -37.5000   -7.5000 2596.1228   11.0008
    7.5000  -37.5000   -7.5000 2571.7561   11.3446
   -7.5000  -30.0000   -7.5000 2613.0193   10.6243
    0.0000  -30.0000   -7.5000 2621.2146   10.5958
    7.5000  -30.0000   -7.5000 2596.2375   10.9061
   -7.5000  -22.5000   -7.5000 2653.7236   10.2941
    0.0000  -22.5000   -7.5000 2666.7131   10.2277
    7.5000  -22.5000   -7.5000 2640.7034   10.5173
   -7.5000  -15.0000   -7.5000 2694.8142   10.0477
    0.0000  -15.0000   -7.5000 2715.6401    9.9533
    7.5000  -15.0000   -7.5000 2683.9077   10.1822
   -7.5000   -7.5000   -7.5000 2731.4727    9.8467
    0.0000   -7.5000   -7.5000 2755.5356    9.7173
    7.5000   -7.5000   -7.5000 2729.3245    9.9142
   -7.5000    0.0000   -7.5000 2769.0569    9.7866
    0.0000    0.0000   -7.5000 2800.1943    9.6429
    7.5000    0.0000   -7.5000 2773.7698    9.8090
   -7.5000    7.5000   -7.5000 2806.0898    9.8656
    0.0000    7.5000   -7.5000 2857.7769    9.7832
    7.5000    7.5000   -7.5000 2826.4541    9.9007
   -7.5000   15.0000   -7.5000 2820.4170    9.9630
    0.0000   15.0000   -7.5000 2887.4231    9.7904
    7.5000   15.0000   -7.5000 2850.6421   10.0089
   -7.5000   22.5000   -7.5000 2814.8083   10.1530
    0.0000   22.5000   -7.5000 2869.2820    9.9258
    7.5000   22.5000   -7.5000 2847.5039   10.2071
   -7.5000   30.0000   -7.5000 2774.5828   10.6512
    0.0000   30.0000   -7.5000 2821.1272   10.4162
    7.5000   30.0000   -7.5000 2808.9639   10.6644
   -7.5000   37.5000   -7.5000 2696.0952   11.3056
    0.0000   37.5000   -7.5000 2740.7747   11.0711
    7.5000   37.5000   -7.5000 2729.5200   11.2682
   -7.5000   45.0000   -7.5000 2589.5659   12.0255
    0.0000   45.0000   -7.5000 2618.9934   11.8187
    7.5000   45.0000   -7.5000 2609.0398   11.9576
   -7.5000  -45.0000    0.0000 2621.8589   11.0005
    0.0000  -45.0000    0.0000 2615.9360   10.9430
    7.5000  -45.0000    0.0000 2584.8738   11.3558
   -7.5000  -37.5000    0.0000 2633.5796   10.6531
    0.0000  -37.5000    0.0000 2636.9736   10.5633
    7.5000  -37.5000    0.0000 2608.3857   10.9621
   -7.5000  -30.0000    0.0000 2641.2598   10.3006
    0.0000  -30.0000    0.0000 2647.1333   10.1888
    7.5000  -30.0000    0.0000 2624.9771   10.5447
   -7.5000  -22.5000    0.0000 2673.3364    9.9961
    0.0000  -22.5000    0.0000 2684.3237    9.8578
    7.5000  -22.5000    0.0000 2664.2612   10.1706
   -7.5000  -15.0000    0.0000 2709.2415    9.7484
    0.0000  -15.0000    0.0000 2726.3989    9.5790
    7.5000  -15.0000    0.0000 2702.4548    9.8631
   -7.5000   -7.5000    0.0000 2747.4656    9.5943
    0.0000   -7.5000    0.0000 2774.7222    9.4007
    7.5000   -7.5000    0.0000 2747.2900    9.6528
   -7.5000    0.0000    0.0000 2785.5349    9.5650
    0.0000    0.0000    0.0000 2819.8335    9.3535
    7.5000    0.0000    0.0000 2793.7683    9.5919
   -7.5000    7.5000    0.0000 2822.7683    9.6807
    0.0000    7.5000    0.0000 2869.6924    9.5516
    7.5000    7.5000    0.0000 2847.1296    9.7550
   -7.5000   15.0000    0.0000 2838.5461    9.9133
    0.0000   15.0000    0.0000 2901.0312    9.6977
    7.5000   15.0000    0.0000 2869.6199    9.9239
   -7.5000   22.5000    0.0000 2832.2036   10.2913
    0.0000   22.5000    0.0000 2893.5759    9.9519
    7.5000   22.5000    0.0000 2864.8257   10.1622
   -7.5000   30.0000    0.0000 2782.3169   10.7034
    0.0000   30.0000    0.0000 2830.4844   10.3652
    7.5000   30.0000    0.0000 2812.4143   10.5411
   -7.5000   37.5000    0.0000 2699.5381   11.2060
    0.0000   37.5000    0.0000 2744.5161   10.9178
    7.5000   37.5000    0.0000 2727.6511   11.0472
   -7.5000   45.0000    0.0000 2583.2266   11.9085
    0.0000   45.0000    0.0000 2611.5217   11.6994
    7.5000   45.0000    0.0000 2602.0444   11.7516
   -7.5000  -45.0000    7.5000 2662.2300   10.7722
    0.0000  -45.0000    7.5000 2659.4185   10.6970
    7.5000  -45.0000    7.5000 2621.5168   11.0945
   -7.5000  -37.5000    7.5000 2674.8738   10.4613
    0.0000  -37.5000    7.5000 2679.6663   10.3642
    7.5000  -37.5000    7.5000 2646.7092   10.7382
   -7.5000  -30.0000    7.5000 2680.5664   10.1313
    0.0000  -30.0000    7.5000 2686.2219    9.9879
    7.5000  -30.0000    7.5000 2657.4080   10.3133
   -7.5000  -22.5000    7.5000 2699.3279    9.8444
    0.0000  -22.5000    7.5000 2712.4990    9.6612
    7.5000  -22.5000    7.5000 2688.0586    9.9820
   -7.5000  -15.0000    7.5000 2718.6155    9.6430
    0.0000  -15.0000    7.5000 2745.1858    9.4339
    7.5000  -15.0000    7.5000 2712.6714    9.7489
   -7.5000   -7.5000    7.5000 2742.4609    9.5414
    0.0000   -7.5000    7.5000 2771.2908    9.3383
    7.5000   -7.5000    7.5000 2745.8811    9.6144
   -7.5000    0.0000    7.5000 2769.1726    9.5883
    0.0000    0.0000    7.5000 2806.6335    9.4086
    7.5000    0.0000    7.5000 2786.1189    9.6640
   -7.5000    7.5000    7.5000 2809.8542    9.7788
    0.0000    7.5000    7.5000 2854.2292    9.6138
    7.5000    7.5000    7.5000 2836.1523    9.8555
   -7.5000   15.0000    7.5000 2835.1584   10.0603
    0.0000   15.0000    7.5000 2887.1868    9.7396
    7.5000   15.0000    7.5000 2855.6975   10.0140
   -7.5000   22.5000    7.5000 2826.9912   10.4886
    0.0000   22.5000    7.5000 2880.9177   10.1479
    7.5000   22.5000    7.5000 2847.5063   10.3153
   -7.5000   30.0000    7.5000 2773.7368   10.9359
    0.0000   30.0000    7.5000 2818.5415   10.6646
    7.5000   30.0000    7.5000 2792.6160   10.7335
   -7.5000   37.5000    7.5000 2683.3530   11.3969
    0.0000   37.5000    7.5000 2731.3750   11.1942
    7.5000   37.5000    7.5000 2700.3589   11.2143
   -7.5000   45.0000    7.5000 2557.7109   12.0966
    0.0000   45.0000    7.5000 2591.2463   11.9287
    7.5000   45.0000    7.5000 2572.8008   11.9218
   -7.5000  -45.0000   15.0000 2687.6736   10.7732
    0.0000  -45.0000   15.0000 2682.5251   10.7041
    7.5000  -45.0000   15.0000 2640.1255   11.0475
   -7.5000  -37.5000   15.0000 2696.6213   10.4676
    0.0000  -37.5000   15.0000 2699.6694   10.3698
    7.5000  -37.5000   15.0000 2658.5408   10.6850
   -7.5000  -30.0000   15.0000 2696.9258   10.1504
    0.0000  -30.0000   15.0000 2708.8777    9.9920
    7.5000  -30.0000   15.0000 2667.9924   10.3066
   -7.5000  -22.5000   15.0000 2703.4707    9.9179
    0.0000  -22.5000   15.0000 2722.1113    9.7118
    7.5000  -22.5000   15.0000 2688.6560   10.0244
   -7.5000  -15.0000   15.0000 2711.4224    9.7650
    0.0000  -15.0000   15.0000 2739.6643    9.5583
    7.5000  -15.0000   15.0000 2708.4456    9.8571
   -7.5000   -7.5000   15.0000 2723.7810    9.7470
    0.0000   -7.5000   15.0000 2753.7561    9.5551
    7.5000   -7.5000   15.0000 2735.2803    9.8353
   -7.5000    0.0000   15.0000 2737.1667    9.8648
    0.0000    0.0000   15.0000 2774.6113    9.7079
    7.5000    0.0000   15.0000 2764.7051    9.9623
   -7.5000    7.5000   15.0000 2768.5271   10.0862
    0.0000    7.5000   15.0000 2815.1252    9.8564
    7.5000    7.5000   15.0000 2799.2471   10.0897
   -7.5000   15.0000   15.0000 2793.6455   10.3665
    0.0000   15.0000   15.0000 2844.2437   10.0263
    7.5000   15.0000   15.0000 2814.0085   10.2189
   -7.5000   22.5000   15.0000 2782.6731   10.8124
    0.0000   22.5000   15.0000 2833.5105   10.4998
    7.5000   22.5000   15.0000 2801.9302   10.6215
   -7.5000   30.0000   15.0000 2723.2700   11.2381
    0.0000   30.0000   15.0000 2760.4304   10.9953
    7.5000   30.0000   15.0000 2743.3506   11.0757
   -7.5000   37.5000   15.0000 2630.6858   11.7673
    0.0000   37.5000   15.0000 2667.5933   11.5219
    7.5000   37.5000   15.0000 2652.4319   11.6011
   -7.5000   45.0000   15.0000 2506.1033   12.4908
    0.0000   45.0000   15.0000 2548.4216   12.2949
    7.5000   45.0000   15.0000 2532.0347   12.3248
   -7.5000  -45.0000   22.5000 2671.7957   10.9206
    0.0000  -45.0000   22.5000 2665.0703   10.8792
    7.5000  -45.0000   22.5000 2623.7185   11.2044
   -7.5000  -37.5000   22.5000 2680.3149   10.6108
    0.0000  -37.5000   22.5000 2683.4543   10.5453
    7.5000  -37.5000   22.5000 2641.7283   10.8535
   -7.5000  -30.0000   22.5000 2682.6084   10.3478
    0.0000  -30.0000   22.5000 2688.6367   10.2460
    7.5000  -30.0000   22.5000 2653.1599   10.5562
   -7.5000  -22.5000   22.5000 2688.4756   10.1834
    0.0000  -22.5000   22.5000 2698.8540   10.0384
    7.5000  -22.5000   22.5000 2670.9141   10.3578
   -7.5000  -15.0000   22.5000 2690.5361   10.1072
    0.0000  -15.0000   22.5000 2717.3357    9.9584
    7.5000  -15.0000   22.5000 2693.3667   10.2510
   -7.5000   -7.5000   22.5000 2697.4355   10.1522
    0.0000   -7.5000   22.5000 2735.2273    9.9897
    7.5000   -7.5000   22.5000 2715.3044   10.2738
   -7.5000    0.0000   22.5000 2701.4617   10.3055
    0.0000    0.0000   22.5000 2744.7756   10.1289
    7.5000    0.0000   22.5000 2730.6968   10.3623
   -7.5000    7.5000   22.5000 2720.6165   10.5034
    0.0000    7.5000   22.5000 2762.7156   10.2478
    7.5000    7.5000   22.5000 2748.3120   10.4259
   -7.5000   15.0000   22.5000 2728.9070   10.8032
    0.0000   15.0000   22.5000 2771.3682   10.5173
    7.5000   15.0000   22.5000 2750.7874   10.6708
   -7.5000   22.5000   22.5000 2706.5088   11.2642
    0.0000   22.5000   22.5000 2747.6284   10.9924
    7.5000   22.5000   22.5000 2729.3972   11.0908
   -7.5000   30.0000   22.5000 2647.9607   11.7528
    0.0000   30.0000   22.5000 2682.4316   11.5058
    7.5000   30.0000   22.5000 2668.5872   11.5898
   -7.5000   37.5000   22.5000 2553.1260   12.3388
    0.0000   37.5000   22.5000 2587.7114   12.0785
    7.5000   37.5000   22.5000 2577.2744   12.1682
   -7.5000   45.0000   22.5000 2436.6116   13.0722
    0.0000   45.0000   22.5000 2485.0857   12.8416
    7.5000   45.0000   22.5000 2466.9573   12.9230
   -7.5000  -45.0000   30.0000 2626.3857   11.2458
    0.0000  -45.0000   30.0000 2624.9355   11.2110
    7.5000  -45.0000   30.0000 2587.6509   11.5584
   -7.5000  -37.5000   30.0000 2630.3193   10.9730
    0.0000  -37.5000   30.0000 2638.7397   10.9599
    7.5000  -37.5000   30.0000 2607.5498   11.2823
   -7.5000  -30.0000   30.0000 2642.6885   10.7806
    0.0000  -30.0000   30.0000 2645.9866   10.7467
    7.5000  -30.0000   30.0000 2612.5742   11.0402
   -7.5000  -22.5000   30.0000 2649.6489   10.6626
    0.0000  -22.5000   30.0000 2659.9580   10.6045
    7.5000  -22.5000   30.0000 2625.1077   10.8354
   -7.5000  -15.0000   30.0000 2646.9248   10.5949
    0.0000  -15.0000   30.0000 2675.3638   10.4862
    7.5000  -15.0000   30.0000 2647.2522   10.7210
   -7.5000   -7.5000   30.0000 2653.7681   10.6066
    0.0000   -7.5000   30.0000 2697.4910   10.4758
    7.5000   -7.5000   30.0000 2671.3005   10.7149
   -7.5000    0.0000   30.0000 2651.3218   10.7909
    0.0000    0.0000   30.0000 2702.0085   10.6128
    7.5000    0.0000   30.0000 2681.4006   10.7967
   -7.5000    7.5000   30.0000 2655.2776   11.0303
    0.0000    7.5000   30.0000 2702.1165   10.8033
    7.5000    7.5000   30.0000 2681.7830   10.9450
   -7.5000   15.0000   30.0000 2646.0747   11.3754
    0.0000   15.0000   30.0000 2683.7144   11.1473
    7.5000   15.0000   30.0000 2667.5005   11.2455
   -7.5000   22.5000   30.0000 2611.3838   11.8365
    0.0000   22.5000   30.0000 2650.0293   11.6014
    7.5000   22.5000   30.0000 2637.1875   11.6756
   -7.5000   30.0000   30.0000 2549.5571   12.3779
    0.0000   30.0000   30.0000 2584.4419   12.1291
    7.5000   30.0000   30.0000 2574.2209   12.2026
   -7.5000   37.5000   30.0000 2463.5491   13.0248
    0.0000   37.5000   30.0000 2500.7090   12.7564
    7.5000   37.5000   30.0000 2489.9919   12.8355
   -7.5000   45.0000   30.0000 2354.7026   13.8159
    0.0000   45.0000   30.0000 2399.5549   13.5568
    7.5000   45.0000   30.0000 2391.0088   13.6332
   -7.5000  -45.0000   37.5000 2571.4446   11.8208
    0.0000  -45.0000   37.5000 2572.7231   11.8029
    7.5000  -45.0000   37.5000 2536.7737   12.1166
   -7.5000  -37.5000   37.5000 2579.6934   11.6038
    0.0000  -37.5000   37.5000 2582.4265   11.5875
    7.5000  -37.5000   37.5000 2551.0698   11.8394
   -7.5000  -30.0000   37.5000 2586.3467   11.4179
    0.0000  -30.0000   37.5000 2592.9934   11.3905
    7.5000  -30.0000   37.5000 2560.2971   11.5835
   -7.5000  -22.5000   37.5000 2592.5603   11.2736
    0.0000  -22.5000   37.5000 2604.4451   11.2025
    7.5000  -22.5000   37.5000 2573.3662   11.3923
   -7.5000  -15.0000   37.5000 2590.2268   11.2011
    0.0000  -15.0000   37.5000 2621.8054   11.0998
    7.5000  -15.0000   37.5000 2593.4556   11.2825
   -7.5000   -7.5000   37.5000 2592.2925   11.2109
    0.0000   -7.5000   37.5000 2635.9907   11.0638
    7.5000   -7.5000   37.5000 2613.4106   11.2774
   -7.5000    0.0000   37.5000 2587.3530   11.3787
    0.0000    0.0000   37.5000 2634.6074   11.2160
    7.5000    0.0000   37.5000 2615.1814   11.3644
   -7.5000    7.5000   37.5000 2585.2908   11.6409
    0.0000    7.5000   37.5000 2626.3403   11.4423
    7.5000    7.5000   37.5000 2605.0493   11.5741
   -7.5000   15.0000   37.5000 2561.3052   12.0590
    0.0000   15.0000   37.5000 2596.9529   11.8472
    7.5000   15.0000   37.5000 2584.3652   11.9290
   -7.5000   22.5000   37.5000 2521.4094   12.5538
    0.0000   22.5000   37.5000 2554.9460   12.3305
    7.5000   22.5000   37.5000 2548.5042   12.3896
   -7.5000   30.0000   37.5000 2460.5718   13.1133
    0.0000   30.0000   37.5000 2490.4868   12.8976
    7.5000   30.0000   37.5000 2488.1257   12.9564
   -7.5000   37.5000   37.5000 2382.5281   13.8082
    0.0000   37.5000   37.5000 2413.9448   13.5701
    7.5000   37.5000   37.5000 2411.9414   13.6228
   -7.5000   45.0000   37.5000 2278.0012   14.6649
    0.0000   45.0000   37.5000 2322.6580   14.4095
    7.5000   45.0000   37.5000 2321.1936   14.4492
   -7.5000  -45.0000   45.0000 2514.4878   12.6616
    0.0000  -45.0000   45.0000 2511.1306   12.5815
    7.5000  -45.0000   45.0000 2472.5586   12.8618
   -7.5000  -37.5000   45.0000 2518.8938   12.3879
    0.0000  -37.5000   45.0000 2521.7783   12.3057
    7.5000  -37.5000   45.0000 2486.5256   12.5252
   -7.5000  -30.0000   45.0000 2518.0376   12.1741
    0.0000  -30.0000   45.0000 2524.1724   12.0711
    7.5000  -30.0000   45.0000 2496.3716   12.2610
   -7.5000  -22.5000   45.0000 2520.9456   12.0015
    0.0000  -22.5000   45.0000 2534.6687   11.8853
    7.5000  -22.5000   45.0000 2510.4241   12.0576
   -7.5000  -15.0000   45.0000 2520.6873   11.9462
    0.0000  -15.0000   45.0000 2554.8677   11.7915
    7.5000  -15.0000   45.0000 2527.6108   11.9930
   -7.5000   -7.5000   45.0000 2520.3591   11.9706
    0.0000   -7.5000   45.0000 2561.1521   11.8163
    7.5000   -7.5000   45.0000 2540.8127   11.9880
   -7.5000    0.0000   45.0000 2508.4163   12.1507
    0.0000    0.0000   45.0000 2551.2190   11.9646
    7.5000    0.0000   45.0000 2536.1877   12.1181
   -7.5000    7.5000   45.0000 2502.0354   12.4407
    0.0000    7.5000   45.0000 2537.4961   12.2428
    7.5000    7.5000   45.0000 2523.0137   12.3633
   -7.5000   15.0000   45.0000 2473.0356   12.9275
    0.0000   15.0000   45.0000 2499.7488   12.7193
    7.5000   15.0000   45.0000 2499.1665   12.7840
   -7.5000   22.5000   45.0000 2423.3938   13.4586
    0.0000   22.5000   45.0000 2451.0833   13.2379
    7.5000   22.5000   45.0000 2451.5547   13.2780
   -7.5000   30.0000   45.0000 2360.1414   14.0920
    0.0000   30.0000   45.0000 2389.6755   13.8509
    7.5000   30.0000   45.0000 2385.8291   13.9121
   -7.5000   37.5000   45.0000 2288.2473   14.8573
    0.0000   37.5000   45.0000 2322.0527   14.5827
    7.5000   37.5000   45.0000 2322.1118   14.6811
   -7.5000   45.0000   45.0000 2202.4231   15.7363
    0.0000   45.0000   45.0000 2240.5598   15.4312
    7.5000   45.0000   45.0000 2240.6973   15.5320

---------------------------------------------------------------------
imgreg_4dfp /opt/freesurfer/average/711-2C_as_mni_average_305 /opt/freesurfer/average/711-2B_as_mni_average_305_mask talsrcimg_g11 none talsrcimg_to_711-2C_as_mni_average_305_t4 1283
---------------------------------------------------------------------

freesurfer imgreg_4dfp.c
/opt/freesurfer/average/711-2C_as_mni_average_305.4dfp.img
       256       256       256         1
  1.000000  1.000000  1.000000
orientation T byte_order littleendian
Reading image: /opt/freesurfer/average/711-2C_as_mni_average_305.4dfp.img
dimensions:      256       256       256
mmppix:       1.0000   -1.0000   -1.0000
center:     128.0000 -129.0000 -129.0000
/opt/freesurfer/average/711-2B_as_mni_average_305_mask.4dfp.img
       256       256       256         1
  1.000000  1.000000  1.000000
orientation T byte_order littleendian
Reading mask: /opt/freesurfer/average/711-2B_as_mni_average_305_mask.4dfp.img (2306576 pixels)
talsrcimg_g11.4dfp.img
       256       256       256         1
  1.000000  1.000000  1.000000
orientation T byte_order littleendian
Reading image: talsrcimg_g11.4dfp.img
dimensions:      256       256       256
mmppix:       1.0000   -1.0000   -1.0000
center:     128.0000 -129.0000 -129.0000
rotation matrix determinant  1.000000
fimgreg.f
image alignment mode   1283 decimal      503 hex
parameters
    0.0000   15.0000    0.0000    0.0000    0.0000    0.0000
eta,q 0.91138  9.73874
niter,ni,del,rscale     5    3   12.0000    1.2000
parameters
    1.4362   17.3066    0.2779   -1.5759   -0.7957   -2.3093
eta,q 0.91666  9.77401
  0.0994  0.0921  0.0912  0.0851  0.0873  0.0849
  0.0957  0.0895  0.0886  0.0847  0.0863  0.0837
  0.0919  0.0888  0.0845  0.0835  0.0851  0.0834
  0.0880  0.0864  0.0826  0.0824  0.0833  0.0840
  0.0873  0.0834  0.0848  0.0838  0.0848  0.0853
  0.0895  0.0837  0.0872  0.0883  0.0880  0.0879
  0.0933  0.0880  0.0899  0.0931  0.0903  0.0907
niter,ni,del,rscale     4    3   12.0000    1.2000
parameters
    1.2620   16.6019   -0.4595   -2.5452   -1.3790   -2.4017
eta,q 0.91732  9.75415
  0.0927  0.0888  0.0902  0.0858  0.0870  0.0872
  0.0892  0.0868  0.0870  0.0843  0.0843  0.0846
  0.0856  0.0849  0.0833  0.0835  0.0830  0.0828
  0.0833  0.0834  0.0836  0.0828  0.0829  0.0827
  0.0856  0.0847  0.0879  0.0838  0.0847  0.0838
  0.0898  0.0886  0.0903  0.0859  0.0863  0.0852
  0.0939  0.0929  0.0913  0.0890  0.0876  0.0868
niter,ni,del,rscale     3    3   12.0000    1.2000
parameters
    1.2119   16.8191   -1.0788   -3.0015   -1.1783   -2.0573
eta,q 0.91774  9.76204
  0.0931  0.0905  0.0905  0.0866  0.0880  0.0872
  0.0888  0.0870  0.0868  0.0840  0.0848  0.0846
  0.0845  0.0851  0.0831  0.0826  0.0825  0.0827
  0.0827  0.0827  0.0824  0.0820  0.0821  0.0822
  0.0855  0.0826  0.0868  0.0832  0.0840  0.0830
  0.0893  0.0860  0.0906  0.0852  0.0854  0.0844
  0.0929  0.0903  0.0918  0.0879  0.0861  0.0858
niter,ni,del,rscale     2    3   12.0000    1.2000
parameters
    1.2268   17.1625   -1.4181   -3.3573   -1.0227   -1.6201
eta,q 0.91782  9.77157
  0.0932  0.0901  0.0911  0.0863  0.0877  0.0867
  0.0888  0.0864  0.0872  0.0837  0.0844  0.0845
  0.0840  0.0846  0.0838  0.0824  0.0820  0.0827
  0.0823  0.0823  0.0820  0.0819  0.0820  0.0821
  0.0854  0.0820  0.0854  0.0828  0.0842  0.0827
  0.0888  0.0851  0.0900  0.0847  0.0852  0.0839
  0.0926  0.0892  0.0917  0.0873  0.0857  0.0854
niter,ni,del,rscale     1    3   12.0000    1.2000
parameters
    1.3364   17.3984   -1.6788   -3.6423   -1.0074   -1.1005
eta,q 0.91780  9.77811
  0.0933  0.0893  0.0912  0.0862  0.0874  0.0865
  0.0890  0.0859  0.0871  0.0836  0.0840  0.0845
  0.0840  0.0842  0.0842  0.0825  0.0818  0.0828
  0.0822  0.0823  0.0821  0.0821  0.0821  0.0822
  0.0850  0.0822  0.0847  0.0828  0.0846  0.0826
  0.0881  0.0849  0.0896  0.0844  0.0852  0.0836
  0.0924  0.0890  0.0916  0.0868  0.0856  0.0853
registration optimization eta report
parameter search radius
    6.0000    6.0000    6.0000    6.0000    6.0000    6.0000
100000*second partial in parameter space
       28.       19.       23.       12.       11.       10.
  0.0933  0.0893  0.0912  0.0862  0.0874  0.0865
  0.0890  0.0859  0.0871  0.0836  0.0840  0.0845
  0.0840  0.0842  0.0842  0.0825  0.0818  0.0828
  0.0822  0.0823  0.0821  0.0821  0.0821  0.0822
  0.0850  0.0822  0.0847  0.0828  0.0846  0.0826
  0.0881  0.0849  0.0896  0.0844  0.0852  0.0836
  0.0924  0.0890  0.0916  0.0868  0.0856  0.0853
    1.3364   17.3984   -1.6788   -3.6423   -1.0074   -1.1005
eta,q 0.91780  9.77811

---------------------------------------------------------------------
imgreg_4dfp /opt/freesurfer/average/711-2C_as_mni_average_305 /opt/freesurfer/average/711-2B_as_mni_average_305_mask talsrcimg_g11 none talsrcimg_to_711-2C_as_mni_average_305_t4 3335
---------------------------------------------------------------------

freesurfer imgreg_4dfp.c
/opt/freesurfer/average/711-2C_as_mni_average_305.4dfp.img
       256       256       256         1
  1.000000  1.000000  1.000000
orientation T byte_order littleendian
Reading image: /opt/freesurfer/average/711-2C_as_mni_average_305.4dfp.img
dimensions:      256       256       256
mmppix:       1.0000   -1.0000   -1.0000
center:     128.0000 -129.0000 -129.0000
/opt/freesurfer/average/711-2B_as_mni_average_305_mask.4dfp.img
       256       256       256         1
  1.000000  1.000000  1.000000
orientation T byte_order littleendian
Reading mask: /opt/freesurfer/average/711-2B_as_mni_average_305_mask.4dfp.img (2306576 pixels)
talsrcimg_g11.4dfp.img
       256       256       256         1
  1.000000  1.000000  1.000000
orientation T byte_order littleendian
Reading image: talsrcimg_g11.4dfp.img
dimensions:      256       256       256
mmppix:       1.0000   -1.0000   -1.0000
center:     128.0000 -129.0000 -129.0000
fimgreg.f
image alignment mode   3335 decimal      D07 hex
parameters
    1.3364   17.3984   -1.6788   -0.0339   -0.2183   -0.2174
    1.8051    1.8764   -1.9203    6.3178   -1.7582   -6.3517
eta,q 0.91512  9.74809
niter,ni,del,rscale     5    3    5.0000    1.2000
parameter  4  2.712537 ->  0.500000 qaram    1.1500
parameter  5-99.419388 ->  0.500000 qaram    1.1500
parameter  6  1.587255 ->  0.500000 qaram    1.1500
parameter 12  2.778841 ->  0.500000 qaram    1.1500
parameters
    1.2800   18.4597   -1.4281   -4.1739   -4.3583   -4.3574
    1.8751    1.1670   -0.1600    3.0106   -0.8517  -10.4917
eta,q 0.92997  9.64867
  0.0865  0.0865  0.0860  0.0773  0.0728  0.0702  0.0743  0.0751  0.0731  0.0721  0.0721  0.0693
  0.0855  0.0857  0.0853  0.0791  0.0747  0.0716  0.0731  0.0732  0.0726  0.0715  0.0717  0.0699
  0.0850  0.0852  0.0849  0.0816  0.0771  0.0731  0.0723  0.0720  0.0722  0.0714  0.0715  0.0706
  0.0849  0.0849  0.0848  0.0848  0.0797  0.0753  0.0720  0.0720  0.0719  0.0719  0.0714  0.0714
  0.0851  0.0848  0.0849  0.0880  0.0821  0.0781  0.0722  0.0729  0.0719  0.0728  0.0715  0.0723
  0.0856  0.0849  0.0851  0.0912  0.0841  0.0818  0.0730  0.0743  0.0720  0.0742  0.0716  0.0732
  0.0866  0.0849  0.0855  0.0955  0.0864  0.0852  0.0742  0.0762  0.0723  0.0758  0.0717  0.0744
niter,ni,del,rscale     7    3    5.0000    1.2000
parameter  2 -0.739402 -> -0.500000 qaram    1.1500
parameter  3 -0.658038 -> -0.500000 qaram    1.1500
parameter  4  1.276423 ->  0.500000 qaram    1.3225
parameter  5  2.354725 ->  0.500000 qaram    1.3225
parameter  6  0.823217 ->  0.500000 qaram    1.3225
parameter 12  0.665044 ->  0.500000 qaram    1.3225
parameters
    1.3311   19.8397   -0.0481   -8.9349   -9.1193   -9.1184
    4.0213    2.1578   -0.0763    4.9549    2.1646  -15.2527
eta,q 0.94202  9.36053
  0.0729  0.0737  0.0710  0.0644  0.0598  0.0593  0.0630  0.0643  0.0603  0.0632  0.0605  0.0580
  0.0714  0.0722  0.0703  0.0652  0.0607  0.0593  0.0614  0.0618  0.0596  0.0613  0.0598  0.0579
  0.0704  0.0709  0.0697  0.0666  0.0625  0.0598  0.0602  0.0600  0.0592  0.0598  0.0592  0.0581
  0.0700  0.0700  0.0693  0.0690  0.0655  0.0611  0.0594  0.0591  0.0590  0.0590  0.0588  0.0586
  0.0703  0.0695  0.0690  0.0724  0.0688  0.0628  0.0591  0.0591  0.0591  0.0588  0.0586  0.0594
  0.0712  0.0692  0.0690  0.0764  0.0714  0.0647  0.0594  0.0602  0.0595  0.0592  0.0586  0.0607
  0.0728  0.0693  0.0691  0.0801  0.0745  0.0679  0.0604  0.0622  0.0603  0.0603  0.0590  0.0623
niter,ni,del,rscale     7    3    5.0000    1.2000
parameter  2 -1.157805 -> -0.500000 qaram    1.3225
parameter  5  0.884587 ->  0.500000 qaram    1.5209
parameter 10 -1.282888 -> -0.500000 qaram    1.1500
parameter 12  0.616719 ->  0.500000 qaram    1.5209
parameters
    0.8610   21.4267   -1.3869  -12.8851  -14.5945  -10.9222
    3.7440    1.5075   -1.9710    9.0949    3.2333  -20.7278
eta,q 0.95076  8.97051
  0.0598  0.0653  0.0555  0.0557  0.0520  0.0545  0.0548  0.0560  0.0530  0.0587  0.0512  0.0497
  0.0585  0.0626  0.0551  0.0546  0.0523  0.0532  0.0535  0.0539  0.0525  0.0563  0.0506  0.0493
  0.0579  0.0601  0.0551  0.0544  0.0530  0.0526  0.0527  0.0526  0.0523  0.0542  0.0502  0.0494
  0.0580  0.0579  0.0554  0.0550  0.0544  0.0524  0.0524  0.0524  0.0524  0.0523  0.0500  0.0500
  0.0587  0.0562  0.0562  0.0566  0.0573  0.0533  0.0528  0.0532  0.0527  0.0507  0.0500  0.0509
  0.0600  0.0553  0.0573  0.0601  0.0612  0.0550  0.0538  0.0550  0.0534  0.0498  0.0502  0.0521
  0.0621  0.0550  0.0587  0.0644  0.0644  0.0565  0.0552  0.0575  0.0542  0.0495  0.0506  0.0536
niter,ni,del,rscale     7    3    5.0000    1.2000
parameter  2 -1.255641 -> -0.500000 qaram    1.5209
parameter  3  0.527986 ->  0.500000 qaram    1.3225
parameter  5  0.573315 ->  0.500000 qaram    1.7490
parameter 10 -0.822643 -> -0.500000 qaram    1.3225
parameters
    0.8051   23.2518   -2.9739  -12.5489  -20.8909  -11.5394
    3.3058    1.7178   -2.4026   13.8559    4.3574  -25.9707
eta,q 0.96046  8.74823
  0.0527  0.0604  0.0455  0.0493  0.0439  0.0470  0.0459  0.0485  0.0452  0.0535  0.0419  0.0410
  0.0507  0.0562  0.0450  0.0470  0.0432  0.0449  0.0443  0.0458  0.0440  0.0493  0.0413  0.0397
  0.0496  0.0524  0.0451  0.0456  0.0436  0.0435  0.0434  0.0439  0.0433  0.0458  0.0408  0.0396
  0.0492  0.0492  0.0456  0.0450  0.0450  0.0432  0.0431  0.0431  0.0431  0.0431  0.0406  0.0405
  0.0497  0.0468  0.0465  0.0452  0.0471  0.0443  0.0436  0.0436  0.0435  0.0413  0.0405  0.0421
  0.0510  0.0452  0.0479  0.0462  0.0511  0.0461  0.0449  0.0453  0.0444  0.0404  0.0408  0.0438
  0.0530  0.0445  0.0496  0.0490  0.0564  0.0474  0.0466  0.0479  0.0457  0.0407  0.0413  0.0457
niter,ni,del,rscale     7    3    5.0000    1.2000
parameter  2 -0.788082 -> -0.500000 qaram    1.7490
parameters
    0.9235   25.3506   -3.2484  -12.3142  -22.6541  -11.0475
    3.0699    2.0141   -2.7470   17.0577    4.2589  -27.8708
eta,q 0.96580  8.81254
  0.0443  0.0555  0.0385  0.0405  0.0413  0.0407  0.0388  0.0415  0.0382  0.0473  0.0356  0.0372
  0.0418  0.0495  0.0367  0.0378  0.0377  0.0378  0.0368  0.0383  0.0365  0.0419  0.0350  0.0352
  0.0402  0.0440  0.0357  0.0361  0.0355  0.0359  0.0356  0.0362  0.0355  0.0377  0.0346  0.0343
  0.0395  0.0395  0.0355  0.0355  0.0355  0.0352  0.0353  0.0353  0.0352  0.0352  0.0344  0.0344
  0.0399  0.0365  0.0362  0.0358  0.0372  0.0361  0.0358  0.0358  0.0358  0.0344  0.0345  0.0356
  0.0412  0.0354  0.0376  0.0370  0.0404  0.0379  0.0372  0.0377  0.0370  0.0353  0.0350  0.0374
  0.0435  0.0363  0.0397  0.0403  0.0463  0.0391  0.0392  0.0405  0.0388  0.0377  0.0357  0.0396
niter,ni,del,rscale     7    3    5.0000    1.2000
parameters
    1.0186   25.9977   -3.3057  -12.0196  -23.0676  -10.3759
    3.2576    2.2039   -2.6287   17.9517    4.0232  -28.5297
eta,q 0.96614  8.88180
  0.0393  0.0487  0.0374  0.0390  0.0414  0.0389  0.0379  0.0398  0.0374  0.0426  0.0350  0.0376
  0.0366  0.0421  0.0354  0.0363  0.0375  0.0361  0.0358  0.0367  0.0355  0.0380  0.0344  0.0355
  0.0349  0.0370  0.0342  0.0345  0.0347  0.0343  0.0344  0.0347  0.0343  0.0351  0.0340  0.0341
  0.0342  0.0342  0.0339  0.0339  0.0338  0.0339  0.0339  0.0339  0.0339  0.0339  0.0339  0.0339
  0.0346  0.0343  0.0344  0.0341  0.0348  0.0346  0.0343  0.0345  0.0343  0.0344  0.0340  0.0347
  0.0361  0.0371  0.0356  0.0353  0.0375  0.0361  0.0355  0.0363  0.0354  0.0363  0.0344  0.0363
  0.0386  0.0422  0.0376  0.0389  0.0431  0.0370  0.0375  0.0392  0.0372  0.0397  0.0352  0.0384
niter,ni,del,rscale     6    3    5.0000    1.2000
parameters
    1.0323   26.1035   -3.2389  -11.9469  -23.2303  -10.0710
    3.3065    2.2684   -2.5800   18.2157    3.9511  -28.6695
eta,q 0.96612  8.90144
  0.0386  0.0458  0.0376  0.0388  0.0416  0.0383  0.0377  0.0396  0.0373  0.0414  0.0350  0.0379
  0.0360  0.0398  0.0356  0.0362  0.0376  0.0356  0.0356  0.0364  0.0355  0.0372  0.0344  0.0358
  0.0344  0.0355  0.0343  0.0344  0.0349  0.0342  0.0343  0.0345  0.0342  0.0347  0.0341  0.0343
  0.0339  0.0339  0.0338  0.0338  0.0338  0.0338  0.0339  0.0339  0.0339  0.0339  0.0339  0.0339
  0.0343  0.0351  0.0343  0.0340  0.0346  0.0348  0.0343  0.0345  0.0343  0.0347  0.0340  0.0345
  0.0359  0.0390  0.0354  0.0354  0.0372  0.0358  0.0356  0.0364  0.0354  0.0369  0.0344  0.0360
  0.0385  0.0447  0.0373  0.0392  0.0427  0.0372  0.0376  0.0393  0.0372  0.0404  0.0352  0.0381
niter,ni,del,rscale     5    3    5.0000    1.2000
parameters
    1.0370   26.1337   -3.1942  -11.9229  -23.2898   -9.9833
    3.3177    2.2845   -2.5692   18.2759    3.9326  -28.6965
eta,q 0.96611  8.90593
  0.0386  0.0455  0.0376  0.0389  0.0417  0.0381  0.0377  0.0395  0.0373  0.0411  0.0351  0.0380
  0.0360  0.0395  0.0356  0.0362  0.0378  0.0355  0.0356  0.0364  0.0355  0.0370  0.0345  0.0359
  0.0344  0.0354  0.0343  0.0345  0.0350  0.0341  0.0343  0.0345  0.0343  0.0346  0.0341  0.0344
  0.0339  0.0339  0.0339  0.0339  0.0339  0.0339  0.0339  0.0339  0.0339  0.0339  0.0339  0.0339
  0.0344  0.0353  0.0343  0.0340  0.0346  0.0348  0.0343  0.0345  0.0343  0.0348  0.0340  0.0345
  0.0360  0.0393  0.0355  0.0355  0.0371  0.0357  0.0356  0.0364  0.0355  0.0371  0.0344  0.0359
  0.0386  0.0451  0.0374  0.0394  0.0426  0.0375  0.0376  0.0394  0.0373  0.0406  0.0351  0.0380
niter,ni,del,rscale     4    3    5.0000    1.2000
parameters
    1.0386   26.1427   -3.1782  -11.9156  -23.3076   -9.9571
    3.3183    2.2885   -2.5666   18.2894    3.9278  -28.7020
eta,q 0.96610  8.90713
  0.0386  0.0454  0.0375  0.0389  0.0418  0.0380  0.0377  0.0395  0.0373  0.0410  0.0351  0.0380
  0.0360  0.0394  0.0355  0.0362  0.0378  0.0355  0.0356  0.0364  0.0354  0.0369  0.0345  0.0359
  0.0344  0.0353  0.0343  0.0345  0.0350  0.0341  0.0343  0.0345  0.0343  0.0345  0.0341  0.0344
  0.0339  0.0339  0.0339  0.0339  0.0339  0.0339  0.0339  0.0339  0.0339  0.0339  0.0339  0.0339
  0.0344  0.0354  0.0343  0.0340  0.0346  0.0349  0.0343  0.0345  0.0343  0.0349  0.0340  0.0345
  0.0360  0.0394  0.0355  0.0355  0.0371  0.0357  0.0357  0.0365  0.0355  0.0372  0.0344  0.0359
  0.0386  0.0452  0.0374  0.0394  0.0425  0.0376  0.0376  0.0394  0.0373  0.0407  0.0351  0.0380
registration optimization eta report
parameter search radius
    2.4000    4.1976    3.1740    9.5220   12.5928    9.5220
    7.2000    7.2000    7.2000    9.5220    7.2000   10.9503
100000*second partial in parameter space
       82.       64.       36.        6.        5.        4.
        7.       11.        7.        8.        2.        3.
  0.0386  0.0454  0.0375  0.0389  0.0418  0.0380  0.0377  0.0395  0.0373  0.0410  0.0351  0.0380
  0.0360  0.0394  0.0355  0.0362  0.0378  0.0355  0.0356  0.0364  0.0354  0.0369  0.0345  0.0359
  0.0344  0.0353  0.0343  0.0345  0.0350  0.0341  0.0343  0.0345  0.0343  0.0345  0.0341  0.0344
  0.0339  0.0339  0.0339  0.0339  0.0339  0.0339  0.0339  0.0339  0.0339  0.0339  0.0339  0.0339
  0.0344  0.0354  0.0343  0.0340  0.0346  0.0349  0.0343  0.0345  0.0343  0.0349  0.0340  0.0345
  0.0360  0.0394  0.0355  0.0355  0.0371  0.0357  0.0357  0.0365  0.0355  0.0372  0.0344  0.0359
  0.0386  0.0452  0.0374  0.0394  0.0425  0.0376  0.0376  0.0394  0.0373  0.0407  0.0351  0.0380
    1.0386   26.1427   -3.1782  -11.9156  -23.3076   -9.9571
    3.3183    2.2885   -2.5666   18.2894    3.9278  -28.7020
eta,q 0.96610  8.90713

---------------------------------------------------------------------
imgreg_4dfp /opt/freesurfer/average/711-2C_as_mni_average_305 /opt/freesurfer/average/711-2B_as_mni_average_305_mask talsrcimg_g11 none talsrcimg_to_711-2C_as_mni_average_305_t4 2311
---------------------------------------------------------------------

freesurfer imgreg_4dfp.c
/opt/freesurfer/average/711-2C_as_mni_average_305.4dfp.img
       256       256       256         1
  1.000000  1.000000  1.000000
orientation T byte_order littleendian
Reading image: /opt/freesurfer/average/711-2C_as_mni_average_305.4dfp.img
dimensions:      256       256       256
mmppix:       1.0000   -1.0000   -1.0000
center:     128.0000 -129.0000 -129.0000
/opt/freesurfer/average/711-2B_as_mni_average_305_mask.4dfp.img
       256       256       256         1
  1.000000  1.000000  1.000000
orientation T byte_order littleendian
Reading mask: /opt/freesurfer/average/711-2B_as_mni_average_305_mask.4dfp.img (2306576 pixels)
talsrcimg_g11.4dfp.img
       256       256       256         1
  1.000000  1.000000  1.000000
orientation T byte_order littleendian
Reading image: talsrcimg_g11.4dfp.img
dimensions:      256       256       256
mmppix:       1.0000   -1.0000   -1.0000
center:     128.0000 -129.0000 -129.0000
fimgreg.f
image alignment mode   2311 decimal      907 hex
parameters
    1.0386   26.1427   -3.1782  -11.9156  -23.3076   -9.9571
    3.3183    2.2885   -2.5666   18.2893    3.9278  -28.7020
eta,q 0.96610  8.90712
niter,ni,del,rscale     5    3    5.0000    0.8000
parameters
    1.0472   26.1247   -3.2027  -11.0594  -22.7645  -10.8236
    3.3421    2.2087   -2.5575   17.9779    4.0784  -28.7646
eta,q 0.96618  8.93642
  0.0360  0.0358  0.0348  0.0352  0.0353  0.0346  0.0356  0.0362  0.0354  0.0354  0.0343  0.0347
  0.0349  0.0347  0.0343  0.0345  0.0346  0.0341  0.0346  0.0348  0.0345  0.0345  0.0341  0.0342
  0.0341  0.0341  0.0340  0.0341  0.0341  0.0339  0.0340  0.0341  0.0340  0.0339  0.0339  0.0339
  0.0339  0.0339  0.0339  0.0339  0.0339  0.0339  0.0338  0.0338  0.0338  0.0338  0.0338  0.0338
  0.0341  0.0341  0.0340  0.0339  0.0339  0.0342  0.0340  0.0341  0.0340  0.0341  0.0338  0.0339
  0.0348  0.0348  0.0344  0.0340  0.0342  0.0348  0.0346  0.0350  0.0345  0.0348  0.0340  0.0343
  0.0360  0.0358  0.0349  0.0345  0.0348  0.0353  0.0355  0.0364  0.0354  0.0358  0.0343  0.0348
niter,ni,del,rscale     4    3    5.0000    0.7000
parameters
    1.0547   26.0629   -3.4663  -11.2527  -22.6572  -11.3798
    3.3187    2.1622   -2.6002   17.8969    4.0589  -28.9105
eta,q 0.96624  8.90360
  0.0354  0.0352  0.0343  0.0344  0.0347  0.0345  0.0351  0.0356  0.0349  0.0351  0.0341  0.0344
  0.0345  0.0344  0.0339  0.0340  0.0342  0.0341  0.0343  0.0346  0.0343  0.0343  0.0339  0.0340
  0.0340  0.0339  0.0338  0.0338  0.0339  0.0338  0.0339  0.0340  0.0339  0.0339  0.0338  0.0338
  0.0338  0.0338  0.0338  0.0338  0.0338  0.0338  0.0338  0.0338  0.0338  0.0338  0.0338  0.0338
  0.0340  0.0340  0.0340  0.0339  0.0339  0.0340  0.0339  0.0340  0.0339  0.0339  0.0338  0.0339
  0.0345  0.0346  0.0343  0.0341  0.0342  0.0344  0.0344  0.0346  0.0343  0.0344  0.0339  0.0341
  0.0354  0.0354  0.0348  0.0346  0.0346  0.0351  0.0351  0.0357  0.0350  0.0352  0.0342  0.0345
niter,ni,del,rscale     3    3    5.0000    0.6000
parameters
    1.0472   26.0685   -3.5919  -11.3073  -22.6399  -11.6157
    3.3251    2.1300   -2.6212   17.8955    4.0449  -29.0242
eta,q 0.96625  8.89180
  0.0349  0.0348  0.0342  0.0342  0.0344  0.0344  0.0347  0.0351  0.0346  0.0348  0.0340  0.0343
  0.0343  0.0342  0.0339  0.0339  0.0340  0.0340  0.0342  0.0343  0.0341  0.0342  0.0339  0.0340
  0.0339  0.0339  0.0338  0.0338  0.0338  0.0338  0.0339  0.0339  0.0338  0.0339  0.0338  0.0338
  0.0338  0.0338  0.0338  0.0337  0.0338  0.0338  0.0338  0.0338  0.0338  0.0338  0.0338  0.0338
  0.0339  0.0339  0.0339  0.0338  0.0338  0.0339  0.0339  0.0339  0.0339  0.0339  0.0338  0.0338
  0.0343  0.0342  0.0341  0.0340  0.0340  0.0342  0.0342  0.0344  0.0341  0.0342  0.0339  0.0340
  0.0350  0.0348  0.0344  0.0342  0.0344  0.0346  0.0347  0.0352  0.0346  0.0348  0.0341  0.0343
niter,ni,del,rscale     2    3    5.0000    0.5000
parameters
    1.0465   26.0761   -3.6546  -11.3607  -22.6369  -11.7106
    3.3301    2.1260   -2.6418   17.9052    4.0212  -29.1005
eta,q 0.96625  8.88591
  0.0346  0.0345  0.0341  0.0341  0.0342  0.0343  0.0344  0.0347  0.0343  0.0345  0.0339  0.0341
  0.0341  0.0341  0.0339  0.0339  0.0340  0.0340  0.0340  0.0342  0.0340  0.0341  0.0338  0.0339
  0.0338  0.0338  0.0338  0.0338  0.0338  0.0338  0.0338  0.0338  0.0338  0.0338  0.0338  0.0338
  0.0338  0.0338  0.0338  0.0338  0.0338  0.0338  0.0338  0.0338  0.0338  0.0337  0.0338  0.0338
  0.0338  0.0338  0.0338  0.0338  0.0338  0.0338  0.0338  0.0338  0.0338  0.0338  0.0338  0.0338
  0.0341  0.0341  0.0340  0.0339  0.0340  0.0340  0.0340  0.0342  0.0340  0.0341  0.0338  0.0339
  0.0346  0.0345  0.0342  0.0341  0.0342  0.0343  0.0344  0.0347  0.0344  0.0345  0.0340  0.0341
niter,ni,del,rscale     1    3    5.0000    0.4000
parameters
    1.0500   26.0817   -3.6856  -11.4250  -22.6359  -11.7504
    3.3450    2.1348   -2.6575   17.9197    4.0414  -29.1479
eta,q 0.96625  8.88169
  0.0343  0.0342  0.0340  0.0339  0.0340  0.0341  0.0342  0.0344  0.0341  0.0342  0.0339  0.0340
  0.0340  0.0340  0.0338  0.0338  0.0339  0.0339  0.0339  0.0340  0.0339  0.0340  0.0338  0.0338
  0.0338  0.0338  0.0338  0.0338  0.0338  0.0338  0.0338  0.0338  0.0338  0.0338  0.0338  0.0338
  0.0338  0.0337  0.0337  0.0338  0.0337  0.0337  0.0337  0.0337  0.0337  0.0338  0.0337  0.0337
  0.0338  0.0338  0.0338  0.0338  0.0338  0.0338  0.0338  0.0338  0.0338  0.0338  0.0338  0.0338
  0.0340  0.0339  0.0339  0.0338  0.0339  0.0339  0.0339  0.0340  0.0339  0.0339  0.0338  0.0339
  0.0343  0.0342  0.0340  0.0339  0.0340  0.0341  0.0342  0.0344  0.0341  0.0342  0.0339  0.0340
registration optimization eta report
parameter search radius
    0.8000    0.8000    0.8000    2.4000    2.4000    2.4000
    2.4000    2.4000    2.4000    2.4000    2.4000    2.4000
100000*second partial in parameter space
       81.       74.       38.        3.        5.        6.
        7.       11.        7.        8.        2.        4.
  0.0343  0.0342  0.0340  0.0339  0.0340  0.0341  0.0342  0.0344  0.0341  0.0342  0.0339  0.0340
  0.0340  0.0340  0.0338  0.0338  0.0339  0.0339  0.0339  0.0340  0.0339  0.0340  0.0338  0.0338
  0.0338  0.0338  0.0338  0.0338  0.0338  0.0338  0.0338  0.0338  0.0338  0.0338  0.0338  0.0338
  0.0338  0.0337  0.0337  0.0338  0.0337  0.0337  0.0337  0.0337  0.0337  0.0338  0.0337  0.0337
  0.0338  0.0338  0.0338  0.0338  0.0338  0.0338  0.0338  0.0338  0.0338  0.0338  0.0338  0.0338
  0.0340  0.0339  0.0339  0.0338  0.0339  0.0339  0.0339  0.0340  0.0339  0.0339  0.0338  0.0339
  0.0343  0.0342  0.0340  0.0339  0.0340  0.0341  0.0342  0.0344  0.0341  0.0342  0.0339  0.0340
    1.0500   26.0817   -3.6856  -11.4250  -22.6359  -11.7504
    3.3450    2.1348   -2.6575   17.9197    4.0414  -29.1479
eta,q 0.96625  8.88169

---------------------------------------------------------------------
imgreg_4dfp /opt/freesurfer/average/711-2C_as_mni_average_305 /opt/freesurfer/average/711-2B_as_mni_average_305_mask talsrcimg_g11 none talsrcimg_to_711-2C_as_mni_average_305_t4 2311
---------------------------------------------------------------------

freesurfer imgreg_4dfp.c
/opt/freesurfer/average/711-2C_as_mni_average_305.4dfp.img
       256       256       256         1
  1.000000  1.000000  1.000000
orientation T byte_order littleendian
Reading image: /opt/freesurfer/average/711-2C_as_mni_average_305.4dfp.img
dimensions:      256       256       256
mmppix:       1.0000   -1.0000   -1.0000
center:     128.0000 -129.0000 -129.0000
/opt/freesurfer/average/711-2B_as_mni_average_305_mask.4dfp.img
       256       256       256         1
  1.000000  1.000000  1.000000
orientation T byte_order littleendian
Reading mask: /opt/freesurfer/average/711-2B_as_mni_average_305_mask.4dfp.img (2306576 pixels)
talsrcimg_g11.4dfp.img
       256       256       256         1
  1.000000  1.000000  1.000000
orientation T byte_order littleendian
Reading image: talsrcimg_g11.4dfp.img
dimensions:      256       256       256
mmppix:       1.0000   -1.0000   -1.0000
center:     128.0000 -129.0000 -129.0000
fimgreg.f
image alignment mode   2311 decimal      907 hex
parameters
    1.0500   26.0817   -3.6856  -11.4250  -22.6359  -11.7504
    3.3450    2.1348   -2.6575   17.9197    4.0414  -29.1479
eta,q 0.96625  8.88169
niter,ni,del,rscale     5    3    5.0000    0.8000
parameters
    1.0341   26.0904   -3.6620  -11.3733  -22.6101  -11.7071
    3.3385    2.1142   -2.6180   18.0009    3.8847  -29.0537
eta,q 0.96625  8.88936
  0.0358  0.0356  0.0348  0.0347  0.0349  0.0352  0.0355  0.0362  0.0353  0.0356  0.0342  0.0347
  0.0347  0.0346  0.0342  0.0341  0.0343  0.0344  0.0345  0.0348  0.0344  0.0346  0.0340  0.0342
  0.0340  0.0339  0.0338  0.0338  0.0339  0.0339  0.0339  0.0340  0.0339  0.0340  0.0338  0.0338
  0.0337  0.0337  0.0337  0.0337  0.0338  0.0337  0.0337  0.0337  0.0337  0.0337  0.0337  0.0337
  0.0340  0.0340  0.0339  0.0338  0.0339  0.0339  0.0339  0.0340  0.0339  0.0339  0.0338  0.0339
  0.0347  0.0346  0.0342  0.0341  0.0343  0.0344  0.0345  0.0349  0.0344  0.0345  0.0340  0.0342
  0.0359  0.0356  0.0347  0.0347  0.0349  0.0351  0.0355  0.0362  0.0353  0.0355  0.0343  0.0346
niter,ni,del,rscale     4    3    5.0000    0.7000
parameters
    1.0398   26.0887   -3.6711  -11.3177  -22.6057  -11.7020
    3.3247    2.1201   -2.6033   17.9708    3.9287  -29.0628
eta,q 0.96625  8.89205
  0.0354  0.0352  0.0345  0.0345  0.0346  0.0348  0.0351  0.0356  0.0349  0.0351  0.0342  0.0345
  0.0345  0.0344  0.0341  0.0340  0.0341  0.0342  0.0343  0.0346  0.0343  0.0343  0.0339  0.0341
  0.0339  0.0339  0.0338  0.0338  0.0338  0.0339  0.0339  0.0340  0.0339  0.0339  0.0338  0.0338
  0.0338  0.0338  0.0338  0.0337  0.0338  0.0337  0.0337  0.0337  0.0338  0.0338  0.0337  0.0337
  0.0339  0.0339  0.0338  0.0338  0.0338  0.0339  0.0339  0.0339  0.0339  0.0339  0.0338  0.0338
  0.0344  0.0344  0.0341  0.0340  0.0341  0.0342  0.0343  0.0346  0.0343  0.0344  0.0339  0.0341
  0.0353  0.0352  0.0345  0.0344  0.0346  0.0348  0.0351  0.0356  0.0349  0.0351  0.0341  0.0345
niter,ni,del,rscale     3    3    5.0000    0.6000
parameters
    1.0412   26.0837   -3.6781  -11.3367  -22.6143  -11.7342
    3.3256    2.1197   -2.6179   17.9365    3.9643  -29.0891
eta,q 0.96625  8.88834
  0.0349  0.0348  0.0343  0.0342  0.0344  0.0345  0.0347  0.0351  0.0346  0.0348  0.0340  0.0343
  0.0343  0.0342  0.0340  0.0339  0.0340  0.0341  0.0342  0.0344  0.0341  0.0342  0.0339  0.0340
  0.0339  0.0339  0.0338  0.0338  0.0338  0.0338  0.0339  0.0339  0.0338  0.0339  0.0338  0.0338
  0.0337  0.0337  0.0337  0.0337  0.0338  0.0337  0.0337  0.0337  0.0337  0.0338  0.0338  0.0337
  0.0339  0.0339  0.0338  0.0338  0.0338  0.0338  0.0338  0.0339  0.0338  0.0339  0.0338  0.0338
  0.0343  0.0342  0.0340  0.0339  0.0340  0.0341  0.0342  0.0343  0.0341  0.0342  0.0339  0.0340
  0.0349  0.0348  0.0343  0.0342  0.0344  0.0346  0.0347  0.0351  0.0346  0.0348  0.0340  0.0343
registration optimization eta report
parameter search radius
    1.2000    1.2000    1.2000    3.6000    3.6000    3.6000
    3.6000    3.6000    3.6000    3.6000    3.6000    3.6000
100000*second partial in parameter space
       82.       74.       39.        4.        5.        6.
        7.       11.        7.        8.        2.        4.
  0.0349  0.0348  0.0343  0.0342  0.0344  0.0345  0.0347  0.0351  0.0346  0.0348  0.0340  0.0343
  0.0343  0.0342  0.0340  0.0339  0.0340  0.0341  0.0342  0.0344  0.0341  0.0342  0.0339  0.0340
  0.0339  0.0339  0.0338  0.0338  0.0338  0.0338  0.0339  0.0339  0.0338  0.0339  0.0338  0.0338
  0.0337  0.0337  0.0337  0.0337  0.0338  0.0337  0.0337  0.0337  0.0337  0.0338  0.0338  0.0337
  0.0339  0.0339  0.0338  0.0338  0.0338  0.0338  0.0338  0.0339  0.0338  0.0339  0.0338  0.0338
  0.0343  0.0342  0.0340  0.0339  0.0340  0.0341  0.0342  0.0343  0.0341  0.0342  0.0339  0.0340
  0.0349  0.0348  0.0343  0.0342  0.0344  0.0346  0.0347  0.0351  0.0346  0.0348  0.0340  0.0343
    1.0412   26.0837   -3.6781  -11.3367  -22.6143  -11.7342
    3.3256    2.1197   -2.6179   17.9365    3.9643  -29.0891
eta,q 0.96625  8.88834

---------------------------------------------------------------------
compute_vox2vox talsrcimg talsrcimg_to_711-2C_as_mni_average_305_t4 /opt/freesurfer/average/711-2C_as_mni_average_305
---------------------------------------------------------------------

freesurfer compute_vox2vox.c
Reading: talsrcimg.4dfp.ifh
Reading: talsrcimg_to_711-2C_as_mni_average_305_t4
Reading: /opt/freesurfer/average/711-2C_as_mni_average_305.4dfp.ifh
Writing: talsrcimg_to_711-2C_as_mni_average_305_t4_vox2vox.txt

start time Sat Nov 23 15:19:02 UTC 2024
end		time Sat Nov 23 15:19:48 UTC 2024

mpr2mni305 success

avi2talxfm orig_nu.mgz /opt/freesurfer/average/mni305.cor.mgz talsrcimg_to_711-2C_as_mni_average_305_t4_vox2vox.txt transforms/talairach.auto.xfm
avi2talxfm done
mv -f /scratch/tmp/fs_mp2rage_tests/sourcedata/freesurfer_mp2rage/sub-fsm24dz/mri/talsrcimg_to_711-2C_as_mni_average_305_t4_vox2vox.txt /scratch/tmp/fs_mp2rage_tests/sourcedata/freesurfer_mp2rage/sub-fsm24dz/mri/transforms/talsrcimg_to_711-2C_as_mni_average_305_t4_vox2vox.txt
lta_convert --src orig_nu.mgz --trg /opt/freesurfer/average/mni305.cor.mgz --inxfm transforms/talairach.auto.xfm --outlta transforms/talairach.auto.xfm.lta --subject fsaverage
7.3.2

--src: orig_nu.mgz src image (geometry).
--trg: /opt/freesurfer/average/mni305.cor.mgz trg image (geometry).
--inmni: transforms/talairach.auto.xfm input MNI/XFM transform.
--outlta: transforms/talairach.auto.xfm.lta output LTA.
--s: fsaverage subject name
 LTA read, type : 1
 1.12697  -0.01600  -0.05444   2.93910;
-0.03535   1.05304   0.39736  -39.11916;
 0.04632  -0.24462   1.19829  -3.12521;
 0.00000   0.00000   0.00000   1.00000;
setting subject to fsaverage
Writing  LTA to file transforms/talairach.auto.xfm.lta...
lta_convert successful.
 
 
Started at Sat Nov 23 15:19:00 UTC 2024
Ended   at Sat Nov 23 15:19:48 UTC 2024
talairach_avi done
