/scratch/tmp/fs_mp2rage_tests2/sourcedata/freesurfer_memprage/sub-fsm10cv/mri
/opt/freesurfer/bin/talairach_avi
--i orig_nu.mgz --xfm transforms/talairach.auto.xfm
talairach_avi 7.3.2
Linux elm.criugm.qc.ca 5.15.0-113-generic #123-Ubuntu SMP Mon Jun 10 08:16:17 UTC 2024 x86_64 x86_64 x86_64 GNU/Linux
Sun Nov 24 04:58:00 UTC 2024
mri_convert orig_nu.mgz talsrcimg.img 
reading from orig_nu.mgz...
TR=0.00, TE=0.00, TI=0.00, flip angle=0.00
i_ras = (-1, 0, -3.72529e-09)
j_ras = (3.72529e-09, -7.45058e-09, -1)
k_ras = (-4.65661e-10, 1, -7.45058e-09)
writing to talsrcimg.img...
Analyze Output Matrix
-1.00000   0.00000  -0.00000   129.72452;
 0.00000  -0.00000   1.00000  -86.47643;
-0.00000  -1.00000  -0.00000   102.57585;
 0.00000   0.00000   0.00000   1.00000;
--------------------
INFO: set hdr.hist.orient to -1
mpr2mni305 talsrcimg
Sun Nov 24 04:58:03 UTC 2024
/opt/freesurfer/bin/mpr2mni305 talsrcimg
mpr2mni305 7.3.2
target=711-2C_as_mni_average_305

---------------------------------------------------------------------
analyzeto4dfp talsrcimg -O0 -y
---------------------------------------------------------------------

freesurfer ifh2hdr.c
Sun Nov 24 04:58:04 2024
Writing: talsrcimg.4dfp.hdr
freesurfer analyzeto4dfp.c
Reading: talsrcimg.hdr
header size 348 bytes
hdr.dime.datatype	offset=70	value=2
hdr.dime.bitpix		offset=72	value=8
hdr.hist.orient		offset=252	value=-1
dimensionality     4
dimensions       256       256       256         1
Reading: talsrcimg.img
Writing: talsrcimg.4dfp.img
Writing: talsrcimg.4dfp.ifh
ifh2hdr talsrcimg -r0to255
ori=2

---------------------------------------------------------------------
gauss_4dfp talsrcimg 1.1
---------------------------------------------------------------------

freesurfer gauss_4dfp.c
Reading: talsrcimg.4dfp.img
Writing: talsrcimg_g11.4dfp.img
image dimensions 256 256 256 padded to 288 288 288
processing volume 1freesurfer ifh2hdr.c
Sun Nov 24 04:58:15 2024
Writing: talsrcimg_g11.4dfp.hdr

Writing: talsrcimg_g11.4dfp.ifh
including: talsrcimg.4dfp.img.rec in talsrcimg_g11.4dfp.img.rec

---------------------------------------------------------------------
imgreg_4dfp /opt/freesurfer/average/711-2C_as_mni_average_305 none talsrcimg_g11 none talsrcimg_to_711-2C_as_mni_average_305_t4 4355
---------------------------------------------------------------------

freesurfer imgreg_4dfp.c
/opt/freesurfer/average/711-2C_as_mni_average_305.4dfp.img
       256       256       256         1
  1.000000  1.000000  1.000000
orientation T byte_order littleendian
Reading image: /opt/freesurfer/average/711-2C_as_mni_average_305.4dfp.img
dimensions:      256       256       256
mmppix:       1.0000   -1.0000   -1.0000
center:     128.0000 -129.0000 -129.0000
talsrcimg_g11.4dfp.img
       256       256       256         1
  1.000000  1.000000  1.000000
orientation T byte_order littleendian
Reading image: talsrcimg_g11.4dfp.img
dimensions:      256       256       256
mmppix:       1.0000   -1.0000   -1.0000
center:     128.0000 -129.0000 -129.0000
t4_read: open error in t4_sub.f l:  41 t4_file(1:l)talsrcimg_to_711-2C_as_mni_average_305_t4 
t4_read: transform initialized to I4
rotation matrix determinant  1.000000
image alignment mode   4355 decimal     1103 hex
   -7.5000  -45.0000  -45.0000 9752.3613    8.8138
    0.0000  -45.0000  -45.000010177.4463    8.8089
    7.5000  -45.0000  -45.0000 9738.8398    8.7992
   -7.5000  -37.5000  -45.0000 9954.4033    8.8757
    0.0000  -37.5000  -45.000010391.0332    8.8721
    7.5000  -37.5000  -45.0000 9944.1455    8.8636
   -7.5000  -30.0000  -45.000010527.5146    8.7165
    0.0000  -30.0000  -45.000011001.2559    8.7156
    7.5000  -30.0000  -45.000010531.3379    8.7111
   -7.5000  -22.5000  -45.000011147.2773    8.6146
    0.0000  -22.5000  -45.000011650.8564    8.6164
    7.5000  -22.5000  -45.000011166.2520    8.6143
   -7.5000  -15.0000  -45.000011751.8877    8.5439
    0.0000  -15.0000  -45.000012255.9033    8.5456
    7.5000  -15.0000  -45.000011746.5010    8.5424
   -7.5000   -7.5000  -45.000012286.9902    8.5142
    0.0000   -7.5000  -45.000012858.3291    8.5125
    7.5000   -7.5000  -45.000012285.7412    8.5056
   -7.5000    0.0000  -45.000012781.5469    8.5267
    0.0000    0.0000  -45.000013406.1504    8.5215
    7.5000    0.0000  -45.000012773.0811    8.5123
   -7.5000    7.5000  -45.000012318.2715    8.7167
    0.0000    7.5000  -45.000012938.4551    8.7124
    7.5000    7.5000  -45.000012344.2910    8.7041
   -7.5000   15.0000  -45.000011850.1982    8.9700
    0.0000   15.0000  -45.000012454.2510    8.9690
    7.5000   15.0000  -45.000011854.3164    8.9628
   -7.5000   22.5000  -45.000011347.3184    9.2098
    0.0000   22.5000  -45.000011900.2725    9.2130
    7.5000   22.5000  -45.000011308.2344    9.2082
   -7.5000   30.0000  -45.000010713.2959    9.3370
    0.0000   30.0000  -45.000011244.9609    9.3409
    7.5000   30.0000  -45.000010673.8906    9.3330
   -7.5000   37.5000  -45.000010431.8877    9.6193
    0.0000   37.5000  -45.000010975.8779    9.6192
    7.5000   37.5000  -45.000010389.8662    9.6040
   -7.5000   45.0000  -45.0000 9744.2832    9.6863
    0.0000   45.0000  -45.000010249.4736    9.6808
    7.5000   45.0000  -45.0000 9701.6699    9.6606
   -7.5000  -45.0000  -37.500010180.1309    8.7799
    0.0000  -45.0000  -37.500010602.4229    8.7740
    7.5000  -45.0000  -37.500010167.6719    8.7640
   -7.5000  -37.5000  -37.500010432.4980    8.8425
    0.0000  -37.5000  -37.500010861.3486    8.8371
    7.5000  -37.5000  -37.500010432.4170    8.8280
   -7.5000  -30.0000  -37.500011054.9541    8.6857
    0.0000  -30.0000  -37.500011526.5098    8.6837
    7.5000  -30.0000  -37.500011066.7324    8.6778
   -7.5000  -22.5000  -37.500011724.3076    8.5859
    0.0000  -22.5000  -37.500012242.4043    8.5879
    7.5000  -22.5000  -37.500011744.0195    8.5838
   -7.5000  -15.0000  -37.500012354.3926    8.5155
    0.0000  -15.0000  -37.500012902.4268    8.5181
    7.5000  -15.0000  -37.500012371.7959    8.5130
   -7.5000   -7.5000  -37.500012927.3467    8.4838
    0.0000   -7.5000  -37.500013520.9941    8.4822
    7.5000   -7.5000  -37.500012944.9297    8.4743
   -7.5000    0.0000  -37.500013423.9521    8.4943
    0.0000    0.0000  -37.500014082.4590    8.4882
    7.5000    0.0000  -37.500013445.6768    8.4785
   -7.5000    7.5000  -37.500012926.1543    8.6842
    0.0000    7.5000  -37.500013576.6680    8.6783
    7.5000    7.5000  -37.500012949.9707    8.6693
   -7.5000   15.0000  -37.500012437.1826    8.9395
    0.0000   15.0000  -37.500013048.4502    8.9371
    7.5000   15.0000  -37.500012413.4326    8.9296
   -7.5000   22.5000  -37.500011846.1172    9.1824
    0.0000   22.5000  -37.500012423.0654    9.1856
    7.5000   22.5000  -37.500011803.3340    9.1786
   -7.5000   30.0000  -37.500011174.8672    9.3110
    0.0000   30.0000  -37.500011737.5977    9.3155
    7.5000   30.0000  -37.500011123.4678    9.3054
   -7.5000   37.5000  -37.500010866.3086    9.5930
    0.0000   37.5000  -37.500011437.1348    9.5931
    7.5000   37.5000  -37.500010825.1885    9.5765
   -7.5000   45.0000  -37.500010122.3975    9.6623
    0.0000   45.0000  -37.500010657.0449    9.6552
    7.5000   45.0000  -37.500010078.8457    9.6341
   -7.5000  -45.0000  -30.000010824.0244    9.1166
    0.0000  -45.0000  -30.000011259.9795    9.1097
    7.5000  -45.0000  -30.000010804.3906    9.0976
   -7.5000  -37.5000  -30.000011122.6885    9.1822
    0.0000  -37.5000  -30.000011577.8154    9.1754
    7.5000  -37.5000  -30.000011120.4873    9.1645
   -7.5000  -30.0000  -30.000011768.6689    9.0201
    0.0000  -30.0000  -30.000012276.2090    9.0172
    7.5000  -30.0000  -30.000011782.8359    9.0099
   -7.5000  -22.5000  -30.000012466.9961    8.9176
    0.0000  -22.5000  -30.000013024.0635    8.9194
    7.5000  -22.5000  -30.000012498.8457    8.9138
   -7.5000  -15.0000  -30.000013111.6494    8.8441
    0.0000  -15.0000  -30.000013720.1572    8.8467
    7.5000  -15.0000  -30.000013172.8105    8.8398
   -7.5000   -7.5000  -30.000013745.9824    8.8094
    0.0000   -7.5000  -30.000014396.7012    8.8075
    7.5000   -7.5000  -30.000013795.3975    8.7974
   -7.5000    0.0000  -30.000014272.5703    8.8188
    0.0000    0.0000  -30.000014970.2588    8.8116
    7.5000    0.0000  -30.000014334.9775    8.7999
   -7.5000    7.5000  -30.000013715.4219    9.0166
    0.0000    7.5000  -30.000014384.0957    9.0093
    7.5000    7.5000  -30.000013751.3613    8.9985
   -7.5000   15.0000  -30.000013148.2139    9.2824
    0.0000   15.0000  -30.000013783.2354    9.2792
    7.5000   15.0000  -30.000013145.4131    9.2704
   -7.5000   22.5000  -30.000012519.0957    9.5391
    0.0000   22.5000  -30.000013108.9180    9.5422
    7.5000   22.5000  -30.000012477.7139    9.5338
   -7.5000   30.0000  -30.000011794.1211    9.6778
    0.0000   30.0000  -30.000012385.6748    9.6826
    7.5000   30.0000  -30.000011748.6748    9.6706
   -7.5000   37.5000  -30.000011418.7393    9.9723
    0.0000   37.5000  -30.000012038.1904    9.9726
    7.5000   37.5000  -30.000011402.6016    9.9537
   -7.5000   45.0000  -30.000010609.1279   10.0522
    0.0000   45.0000  -30.000011183.0566   10.0442
    7.5000   45.0000  -30.000010602.2832   10.0207
   -7.5000  -45.0000  -22.500011480.0566    9.4023
    0.0000  -45.0000  -22.500011936.4648    9.3955
    7.5000  -45.0000  -22.500011436.9404    9.3816
   -7.5000  -37.5000  -22.500011791.6836    9.4692
    0.0000  -37.5000  -22.500012282.7451    9.4632
    7.5000  -37.5000  -22.500011786.5908    9.4509
   -7.5000  -30.0000  -22.500012455.2002    9.3016
    0.0000  -30.0000  -22.500013007.5449    9.2993
    7.5000  -30.0000  -22.500012485.1064    9.2917
   -7.5000  -22.5000  -22.500013194.8584    9.1954
    0.0000  -22.5000  -22.500013779.9238    9.1970
    7.5000  -22.5000  -22.500013233.6924    9.1921
   -7.5000  -15.0000  -22.500013869.9062    9.1196
    0.0000  -15.0000  -22.500014515.9932    9.1215
    7.5000  -15.0000  -22.500013946.0732    9.1148
   -7.5000   -7.5000  -22.500014547.1689    9.0844
    0.0000   -7.5000  -22.500015252.7119    9.0819
    7.5000   -7.5000  -22.500014609.6777    9.0709
   -7.5000    0.0000  -22.500015144.4453    9.0941
    0.0000    0.0000  -22.500015904.6650    9.0872
    7.5000    0.0000  -22.500015194.3496    9.0737
   -7.5000    7.5000  -22.500014520.2910    9.2972
    0.0000    7.5000  -22.500015253.9688    9.2907
    7.5000    7.5000  -22.500014552.8887    9.2785
   -7.5000   15.0000  -22.500013873.7480    9.5700
    0.0000   15.0000  -22.500014539.1797    9.5677
    7.5000   15.0000  -22.500013870.0986    9.5589
   -7.5000   22.5000  -22.500013199.2998    9.8379
    0.0000   22.5000  -22.500013802.9639    9.8413
    7.5000   22.5000  -22.500013157.3525    9.8336
   -7.5000   30.0000  -22.500012405.8799    9.9876
    0.0000   30.0000  -22.500013017.3330    9.9927
    7.5000   30.0000  -22.500012364.2139    9.9812
   -7.5000   37.5000  -22.500012001.9365   10.2956
    0.0000   37.5000  -22.500012643.5967   10.2965
    7.5000   37.5000  -22.500011975.7109   10.2769
   -7.5000   45.0000  -22.500011128.4531   10.3859
    0.0000   45.0000  -22.500011734.2773   10.3793
    7.5000   45.0000  -22.500011122.5566   10.3541
   -7.5000  -45.0000  -15.000012133.5020    9.5997
    0.0000  -45.0000  -15.000012635.2100    9.5940
    7.5000  -45.0000  -15.000012081.0850    9.5798
   -7.5000  -37.5000  -15.000012420.8770    9.6662
    0.0000  -37.5000  -15.000012965.4414    9.6621
    7.5000  -37.5000  -15.000012429.8232    9.6496
   -7.5000  -30.0000  -15.000013094.8682    9.4942
    0.0000  -30.0000  -15.000013700.1309    9.4930
    7.5000  -30.0000  -15.000013142.9756    9.4864
   -7.5000  -22.5000  -15.000013858.5693    9.3845
    0.0000  -22.5000  -15.000014488.9229    9.3859
    7.5000  -22.5000  -15.000013907.5146    9.3827
   -7.5000  -15.0000  -15.000014552.8057    9.3072
    0.0000  -15.0000  -15.000015230.6826    9.3081
    7.5000  -15.0000  -15.000014620.8984    9.3031
   -7.5000   -7.5000  -15.000015238.8877    9.2731
    0.0000   -7.5000  -15.000015957.6348    9.2704
    7.5000   -7.5000  -15.000015319.4795    9.2601
   -7.5000    0.0000  -15.000015898.0225    9.2843
    0.0000    0.0000  -15.000016703.9316    9.2785
    7.5000    0.0000  -15.000015978.7969    9.2648
   -7.5000    7.5000  -15.000015345.3789    9.4897
    0.0000    7.5000  -15.000016121.5928    9.4849
    7.5000    7.5000  -15.000015412.3164    9.4726
   -7.5000   15.0000  -15.000014635.6318    9.7661
    0.0000   15.0000  -15.000015309.9053    9.7653
    7.5000   15.0000  -15.000014676.1152    9.7574
   -7.5000   22.5000  -15.000013861.2549   10.0404
    0.0000   22.5000  -15.000014408.6494   10.0439
    7.5000   22.5000  -15.000013829.8535   10.0381
   -7.5000   30.0000  -15.000013002.3389   10.1990
    0.0000   30.0000  -15.000013552.5293   10.2037
    7.5000   30.0000  -15.000012956.7490   10.1939
   -7.5000   37.5000  -15.000012584.3330   10.5178
    0.0000   37.5000  -15.000013153.8857   10.5187
    7.5000   37.5000  -15.000012551.1348   10.5000
   -7.5000   45.0000  -15.000011669.8174   10.6172
    0.0000   45.0000  -15.000012226.2607   10.6126
    7.5000   45.0000  -15.000011657.1914   10.5872
   -7.5000  -45.0000   -7.500012721.8340    9.6827
    0.0000  -45.0000   -7.500013265.5557    9.6775
    7.5000  -45.0000   -7.500012695.1260    9.6656
   -7.5000  -37.5000   -7.500013010.6924    9.7484
    0.0000  -37.5000   -7.500013603.1562    9.7452
    7.5000  -37.5000   -7.500013045.8701    9.7348
   -7.5000  -30.0000   -7.500013709.7939    9.5751
    0.0000  -30.0000   -7.500014319.8350    9.5744
    7.5000  -30.0000   -7.500013776.0176    9.5694
   -7.5000  -22.5000   -7.500014486.1748    9.4635
    0.0000  -22.5000   -7.500015106.5469    9.4649
    7.5000  -22.5000   -7.500014552.9150    9.4633
   -7.5000  -15.0000   -7.500015194.4502    9.3855
    0.0000  -15.0000   -7.500015846.1816    9.3863
    7.5000  -15.0000   -7.500015247.5225    9.3831
   -7.5000   -7.5000   -7.500015893.6689    9.3524
    0.0000   -7.5000   -7.500016565.2129    9.3499
    7.5000   -7.5000   -7.500015947.6211    9.3417
   -7.5000    0.0000   -7.500016583.8555    9.3651
    0.0000    0.0000   -7.500017358.0312    9.3598
    7.5000    0.0000   -7.500016663.0527    9.3483
   -7.5000    7.5000   -7.500016096.6514    9.5708
    0.0000    7.5000   -7.500016904.0664    9.5669
    7.5000    7.5000   -7.500016216.4170    9.5566
   -7.5000   15.0000   -7.500015418.5303    9.8490
    0.0000   15.0000   -7.500015999.0244    9.8486
    7.5000   15.0000   -7.500015488.1465    9.8420
   -7.5000   22.5000   -7.500014529.2275   10.1234
    0.0000   22.5000   -7.500014989.8945   10.1269
    7.5000   22.5000   -7.500014544.9961   10.1226
   -7.5000   30.0000   -7.500013603.6172   10.2852
    0.0000   30.0000   -7.500014073.5713   10.2896
    7.5000   30.0000   -7.500013577.5225   10.2815
   -7.5000   37.5000   -7.500013171.3994   10.6095
    0.0000   37.5000   -7.500013674.5557   10.6100
    7.5000   37.5000   -7.500013115.8652   10.5932
   -7.5000   45.0000   -7.500012253.7471   10.7152
    0.0000   45.0000   -7.500012754.6094   10.7110
    7.5000   45.0000   -7.500012176.3340   10.6877
   -7.5000  -45.0000    0.000013155.6211    9.6806
    0.0000  -45.0000    0.000013695.0352    9.6751
    7.5000  -45.0000    0.000013124.1504    9.6651
   -7.5000  -37.5000    0.000013468.5557    9.7463
    0.0000  -37.5000    0.000014057.3643    9.7421
    7.5000  -37.5000    0.000013485.1016    9.7333
   -7.5000  -30.0000    0.000014199.4443    9.5737
    0.0000  -30.0000    0.000014824.9619    9.5725
    7.5000  -30.0000    0.000014243.5840    9.5679
   -7.5000  -22.5000    0.000014978.5684    9.4621
    0.0000  -22.5000    0.000015617.5361    9.4639
    7.5000  -22.5000    0.000015044.5918    9.4619
   -7.5000  -15.0000    0.000015698.9268    9.3839
    0.0000  -15.0000    0.000016356.8418    9.3856
    7.5000  -15.0000    0.000015807.1055    9.3825
   -7.5000   -7.5000    0.000016404.9863    9.3505
    0.0000   -7.5000    0.000017056.0996    9.3484
    7.5000   -7.5000    0.000016539.8789    9.3413
   -7.5000    0.0000    0.000017075.1973    9.3633
    0.0000    0.0000    0.000017799.2656    9.3575
    7.5000    0.0000    0.000017260.6660    9.3478
   -7.5000    7.5000    0.000016608.9531    9.5689
    0.0000    7.5000    0.000017368.5820    9.5640
    7.5000    7.5000    0.000016799.2363    9.5553
   -7.5000   15.0000    0.000016059.8701    9.8479
    0.0000   15.0000    0.000016667.5527    9.8466
    7.5000   15.0000    0.000016110.2471    9.8402
   -7.5000   22.5000    0.000015257.2930   10.1219
    0.0000   22.5000    0.000015775.4268   10.1253
    7.5000   22.5000    0.000015200.5957   10.1205
   -7.5000   30.0000    0.000014288.1494   10.2837
    0.0000   30.0000    0.000014784.6221   10.2882
    7.5000   30.0000    0.000014163.3359   10.2800
   -7.5000   37.5000    0.000013773.6318   10.6084
    0.0000   37.5000    0.000014281.0957   10.6086
    7.5000   37.5000    0.000013598.2314   10.5926
   -7.5000   45.0000    0.000012754.7676   10.7168
    0.0000   45.0000    0.000013259.6738   10.7111
    7.5000   45.0000    0.000012558.5449   10.6895
   -7.5000  -45.0000    7.500012624.5225    9.6908
    0.0000  -45.0000    7.500013145.5654    9.6841
    7.5000  -45.0000    7.500012577.8809    9.6736
   -7.5000  -37.5000    7.500012946.8018    9.7583
    0.0000  -37.5000    7.500013511.6777    9.7521
    7.5000  -37.5000    7.500012938.3252    9.7426
   -7.5000  -30.0000    7.500013632.6436    9.5868
    0.0000  -30.0000    7.500014228.8125    9.5843
    7.5000  -30.0000    7.500013669.8066    9.5782
   -7.5000  -22.5000    7.500014358.3994    9.4766
    0.0000  -22.5000    7.500014989.1279    9.4786
    7.5000  -22.5000    7.500014446.0156    9.4744
   -7.5000  -15.0000    7.500015045.7832    9.3983
    0.0000  -15.0000    7.500015699.2949    9.4008
    7.5000  -15.0000    7.500015173.6357    9.3956
   -7.5000   -7.5000    7.500015690.5381    9.3627
    0.0000   -7.5000    7.500016345.0625    9.3608
    7.5000   -7.5000    7.500015837.6113    9.3524
   -7.5000    0.0000    7.500016364.5957    9.3739
    0.0000    0.0000    7.500017067.1191    9.3669
    7.5000    0.0000    7.500016495.2734    9.3567
   -7.5000    7.5000    7.500015928.7236    9.5814
    0.0000    7.5000    7.500016615.5078    9.5746
    7.5000    7.5000    7.500015985.3252    9.5652
   -7.5000   15.0000    7.500015370.2344    9.8631
    0.0000   15.0000    7.500016002.0195    9.8601
    7.5000   15.0000    7.500015288.9395    9.8523
   -7.5000   22.5000    7.500014580.8594   10.1388
    0.0000   22.5000    7.500015210.4180   10.1421
    7.5000   22.5000    7.500014457.9590   10.1349
   -7.5000   30.0000    7.500013652.3584   10.2994
    0.0000   30.0000    7.500014270.1475   10.3043
    7.5000   30.0000    7.500013515.8467   10.2937
   -7.5000   37.5000    7.500013112.4766   10.6217
    0.0000   37.5000    7.500013701.9629   10.6219
    7.5000   37.5000    7.500012973.9697   10.6042
   -7.5000   45.0000    7.500012089.5742   10.7295
    0.0000   45.0000    7.500012623.3945   10.7219
    7.5000   45.0000    7.500011965.1934   10.6991
   -7.5000  -45.0000   15.000011993.7148    9.7166
    0.0000  -45.0000   15.000012478.4932    9.7084
    7.5000  -45.0000   15.000011947.5742    9.6966
   -7.5000  -37.5000   15.000012298.9209    9.7862
    0.0000  -37.5000   15.000012816.6074    9.7782
    7.5000  -37.5000   15.000012290.4424    9.7677
   -7.5000  -30.0000   15.000012937.7871    9.6147
    0.0000  -30.0000   15.000013508.8096    9.6109
    7.5000  -30.0000   15.000012955.0811    9.6041
   -7.5000  -22.5000   15.000013667.5342    9.5055
    0.0000  -22.5000   15.000014303.3789    9.5068
    7.5000  -22.5000   15.000013708.2119    9.5018
   -7.5000  -15.0000   15.000014319.2148    9.4270
    0.0000  -15.0000   15.000014986.2295    9.4291
    7.5000  -15.0000   15.000014354.1855    9.4226
   -7.5000   -7.5000   15.000014950.6484    9.3896
    0.0000   -7.5000   15.000015621.6260    9.3869
    7.5000   -7.5000   15.000014985.5479    9.3771
   -7.5000    0.0000   15.000015548.2832    9.3995
    0.0000    0.0000   15.000016228.1172    9.3913
    7.5000    0.0000   15.000015579.6230    9.3797
   -7.5000    7.5000   15.000015043.8398    9.6095
    0.0000    7.5000   15.000015660.4980    9.6009
    7.5000    7.5000   15.000015023.7676    9.5904
   -7.5000   15.0000   15.000014391.5049    9.8928
    0.0000   15.0000   15.000014957.9531    9.8887
    7.5000   15.0000   15.000014335.7871    9.8804
   -7.5000   22.5000   15.000013566.4688   10.1726
    0.0000   22.5000   15.000014104.3691   10.1753
    7.5000   22.5000   15.000013539.3867   10.1674
   -7.5000   30.0000   15.000012654.2188   10.3342
    0.0000   30.0000   15.000013169.5762   10.3388
    7.5000   30.0000   15.000012639.8838   10.3271
   -7.5000   37.5000   15.000012187.0928   10.6559
    0.0000   37.5000   15.000012688.3535   10.6557
    7.5000   37.5000   15.000012149.3047   10.6367
   -7.5000   45.0000   15.000011277.5898   10.7617
    0.0000   45.0000   15.000011754.3965   10.7528
    7.5000   45.0000   15.000011220.1758   10.7289
   -7.5000  -45.0000   22.500011285.9404    9.7747
    0.0000  -45.0000   22.500011734.6641    9.7669
    7.5000  -45.0000   22.500011241.7295    9.7528
   -7.5000  -37.5000   22.500011574.2266    9.8406
    0.0000  -37.5000   22.500012062.5020    9.8337
    7.5000  -37.5000   22.500011554.2930    9.8214
   -7.5000  -30.0000   22.500012209.7568    9.6682
    0.0000  -30.0000   22.500012739.5439    9.6651
    7.5000  -30.0000   22.500012205.5205    9.6577
   -7.5000  -22.5000   22.500012882.4658    9.5591
    0.0000  -22.5000   22.500013450.6660    9.5602
    7.5000  -22.5000   22.500012893.6270    9.5555
   -7.5000  -15.0000   22.500013481.0391    9.4816
    0.0000  -15.0000   22.500014067.4775    9.4830
    7.5000  -15.0000   22.500013491.7764    9.4764
   -7.5000   -7.5000   22.500014023.4141    9.4456
    0.0000   -7.5000   22.500014631.7188    9.4425
    7.5000   -7.5000   22.500014031.7334    9.4314
   -7.5000    0.0000   22.500014496.3291    9.4561
    0.0000    0.0000   22.500015129.8721    9.4483
    7.5000    0.0000   22.500014522.3760    9.4346
   -7.5000    7.5000   22.500013945.1895    9.6635
    0.0000    7.5000   22.500014516.7422    9.6560
    7.5000    7.5000   22.500013925.9883    9.6438
   -7.5000   15.0000   22.500013273.1299    9.9421
    0.0000   15.0000   22.500013814.0869    9.9391
    7.5000   15.0000   22.500013242.4062    9.9306
   -7.5000   22.5000   22.500012491.7480   10.2194
    0.0000   22.5000   22.500012994.9014   10.2224
    7.5000   22.5000   22.500012476.0762   10.2152
   -7.5000   30.0000   22.500011640.1797   10.3785
    0.0000   30.0000   22.500012108.5439   10.3834
    7.5000   30.0000   22.500011637.1650   10.3722
   -7.5000   37.5000   22.500011206.0127   10.6987
    0.0000   37.5000   22.500011667.1123   10.6992
    7.5000   37.5000   22.500011191.6572   10.6797
   -7.5000   45.0000   22.500010361.5811   10.8008
    0.0000   45.0000   22.500010810.0342   10.7935
    7.5000   45.0000   22.500010338.7109   10.7681
   -7.5000  -45.0000   30.000010625.1787    9.9340
    0.0000  -45.0000   30.000011024.1846    9.9276
    7.5000  -45.0000   30.000010593.8418    9.9127
   -7.5000  -37.5000   30.000010879.5918    9.9968
    0.0000  -37.5000   30.000011319.7354    9.9919
    7.5000  -37.5000   30.000010876.8701    9.9790
   -7.5000  -30.0000   30.000011469.5273    9.8196
    0.0000  -30.0000   30.000011953.5117    9.8179
    7.5000  -30.0000   30.000011476.2695    9.8110
   -7.5000  -22.5000   30.000012073.6865    9.7078
    0.0000  -22.5000   30.000012578.0898    9.7088
    7.5000  -22.5000   30.000012080.3301    9.7055
   -7.5000  -15.0000   30.000012583.2354    9.6299
    0.0000  -15.0000   30.000013106.5137    9.6304
    7.5000  -15.0000   30.000012578.8066    9.6252
   -7.5000   -7.5000   30.000013024.0098    9.5956
    0.0000   -7.5000   30.000013569.7656    9.5923
    7.5000   -7.5000   30.000013023.3408    9.5816
   -7.5000    0.0000   30.000013415.6953    9.6079
    0.0000    0.0000   30.000013998.0439    9.6014
    7.5000    0.0000   30.000013417.7666    9.5870
   -7.5000    7.5000   30.000012855.0967    9.8160
    0.0000    7.5000   30.000013390.0791    9.8105
    7.5000    7.5000   30.000012839.2402    9.7977
   -7.5000   15.0000   30.000012202.1475   10.0954
    0.0000   15.0000   30.000012705.5996   10.0941
    7.5000   15.0000   30.000012167.9980   10.0861
   -7.5000   22.5000   30.000011482.1270   10.3735
    0.0000   22.5000   30.000011944.3984   10.3769
    7.5000   22.5000   30.000011464.6328   10.3712
   -7.5000   30.0000   30.000010710.7705   10.5340
    0.0000   30.0000   30.000011128.8574   10.5387
    7.5000   30.0000   30.000010702.6631   10.5292
   -7.5000   37.5000   30.000010312.7109   10.8596
    0.0000   37.5000   30.000010725.7773   10.8604
    7.5000   37.5000   30.000010296.1299   10.8417
   -7.5000   45.0000   30.0000 9530.4561   10.9635
    0.0000   45.0000   30.0000 9934.8984   10.9584
    7.5000   45.0000   30.0000 9503.1504   10.9325
   -7.5000  -45.0000   37.500010345.3701   10.1127
    0.0000  -45.0000   37.500010751.3643   10.1069
    7.5000  -45.0000   37.500010307.6084   10.0939
   -7.5000  -37.5000   37.500010591.0615   10.1697
    0.0000  -37.5000   37.500011032.4521   10.1661
    7.5000  -37.5000   37.500010558.9551   10.1549
   -7.5000  -30.0000   37.500011125.9756    9.9889
    0.0000  -30.0000   37.500011592.8271    9.9880
    7.5000  -30.0000   37.500011107.7520    9.9826
   -7.5000  -22.5000   37.500011666.9336    9.8747
    0.0000  -22.5000   37.500012144.4883    9.8762
    7.5000  -22.5000   37.500011643.1533    9.8744
   -7.5000  -15.0000   37.500012127.7979    9.7964
    0.0000  -15.0000   37.500012612.4658    9.7973
    7.5000  -15.0000   37.500012093.4277    9.7938
   -7.5000   -7.5000   37.500012516.5303    9.7634
    0.0000   -7.5000   37.500013040.1709    9.7606
    7.5000   -7.5000   37.500012486.7656    9.7517
   -7.5000    0.0000   37.500012826.4980    9.7777
    0.0000    0.0000   37.500013366.6172    9.7718
    7.5000    0.0000   37.500012815.9229    9.7593
   -7.5000    7.5000   37.500012262.5332    9.9849
    0.0000    7.5000   37.500012751.9707    9.9805
    7.5000    7.5000   37.500012251.7451    9.9695
   -7.5000   15.0000   37.500011635.0752   10.2682
    0.0000   15.0000   37.500012106.8691   10.2677
    7.5000   15.0000   37.500011618.2363   10.2609
   -7.5000   22.5000   37.500010952.9014   10.5489
    0.0000   22.5000   37.500011387.0049   10.5529
    7.5000   22.5000   37.500010942.3301   10.5488
   -7.5000   30.0000   37.500010218.4521   10.7124
    0.0000   30.0000   37.500010618.6455   10.7175
    7.5000   30.0000   37.500010222.9209   10.7096
   -7.5000   37.5000   37.5000 9832.9023   11.0459
    0.0000   37.5000   37.500010225.1582   11.0470
    7.5000   37.5000   37.5000 9821.2061   11.0301
   -7.5000   45.0000   37.5000 9092.7422   11.1565
    0.0000   45.0000   37.5000 9462.9873   11.1525
    7.5000   45.0000   37.5000 9070.0684   11.1284
   -7.5000  -45.0000   45.0000 9631.4893   10.3494
    0.0000  -45.0000   45.0000 9993.5449   10.3410
    7.5000  -45.0000   45.0000 9565.7900   10.3271
   -7.5000  -37.5000   45.0000 9833.7920   10.3947
    0.0000  -37.5000   45.000010227.1895   10.3880
    7.5000  -37.5000   45.0000 9782.5537   10.3762
   -7.5000  -30.0000   45.000010302.9658   10.2103
    0.0000  -30.0000   45.000010726.9072   10.2072
    7.5000  -30.0000   45.000010278.8223   10.2003
   -7.5000  -22.5000   45.000010769.1523   10.0952
    0.0000  -22.5000   45.000011219.7021   10.0958
    7.5000  -22.5000   45.000010755.2695   10.0917
   -7.5000  -15.0000   45.000011174.0186   10.0171
    0.0000  -15.0000   45.000011635.5322   10.0175
    7.5000  -15.0000   45.000011139.8984   10.0117
   -7.5000   -7.5000   45.000011529.5176    9.9845
    0.0000   -7.5000   45.000012022.7178    9.9803
    7.5000   -7.5000   45.000011502.7275    9.9697
   -7.5000    0.0000   45.000011782.0029    9.9995
    0.0000    0.0000   45.000012290.8486    9.9910
    7.5000    0.0000   45.000011771.3594    9.9777
   -7.5000    7.5000   45.000011220.8662   10.2029
    0.0000    7.5000   45.000011691.8213   10.1955
    7.5000    7.5000   45.000011229.5117   10.1838
   -7.5000   15.0000   45.000010630.3213   10.4920
    0.0000   15.0000   45.000011069.7666   10.4887
    7.5000   15.0000   45.000010643.6250   10.4801
   -7.5000   22.5000   45.000010013.1191   10.7786
    0.0000   22.5000   45.000010424.5283   10.7810
    7.5000   22.5000   45.000010021.3525   10.7741
   -7.5000   30.0000   45.0000 9347.0605   10.9448
    0.0000   30.0000   45.0000 9726.6816   10.9485
    7.5000   30.0000   45.0000 9348.2832   10.9375
   -7.5000   37.5000   45.0000 8990.4932   11.2877
    0.0000   37.5000   45.0000 9363.5430   11.2863
    7.5000   37.5000   45.0000 8989.3047   11.2666
   -7.5000   45.0000   45.0000 8324.2568   11.4135
    0.0000   45.0000   45.0000 8663.1475   11.4055
    7.5000   45.0000   45.0000 8293.7207   11.3796

---------------------------------------------------------------------
imgreg_4dfp /opt/freesurfer/average/711-2C_as_mni_average_305 /opt/freesurfer/average/711-2B_as_mni_average_305_mask talsrcimg_g11 none talsrcimg_to_711-2C_as_mni_average_305_t4 4355
---------------------------------------------------------------------

freesurfer imgreg_4dfp.c
/opt/freesurfer/average/711-2C_as_mni_average_305.4dfp.img
       256       256       256         1
  1.000000  1.000000  1.000000
orientation T byte_order littleendian
Reading image: /opt/freesurfer/average/711-2C_as_mni_average_305.4dfp.img
dimensions:      256       256       256
mmppix:       1.0000   -1.0000   -1.0000
center:     128.0000 -129.0000 -129.0000
/opt/freesurfer/average/711-2B_as_mni_average_305_mask.4dfp.img
       256       256       256         1
  1.000000  1.000000  1.000000
orientation T byte_order littleendian
Reading mask: /opt/freesurfer/average/711-2B_as_mni_average_305_mask.4dfp.img (2306576 pixels)
talsrcimg_g11.4dfp.img
       256       256       256         1
  1.000000  1.000000  1.000000
orientation T byte_order littleendian
Reading image: talsrcimg_g11.4dfp.img
dimensions:      256       256       256
mmppix:       1.0000   -1.0000   -1.0000
center:     128.0000 -129.0000 -129.0000
rotation matrix determinant  1.000000
image alignment mode   4355 decimal     1103 hex
   -7.5000  -45.0000  -45.0000 2335.3555   12.0997
    0.0000  -45.0000  -45.0000 2349.9368   12.0712
    7.5000  -45.0000  -45.0000 2320.4778   12.2584
   -7.5000  -37.5000  -45.0000 2354.3801   11.8040
    0.0000  -37.5000  -45.0000 2369.3958   11.7821
    7.5000  -37.5000  -45.0000 2340.2207   11.9249
   -7.5000  -30.0000  -45.0000 2391.0459   11.5166
    0.0000  -30.0000  -45.0000 2405.4231   11.5059
    7.5000  -30.0000  -45.0000 2375.1304   11.6052
   -7.5000  -22.5000  -45.0000 2419.7834   11.2519
    0.0000  -22.5000  -45.0000 2431.9685   11.2625
    7.5000  -22.5000  -45.0000 2407.6169   11.3376
   -7.5000  -15.0000  -45.0000 2443.2273   11.0321
    0.0000  -15.0000  -45.0000 2450.6184   11.0284
    7.5000  -15.0000  -45.0000 2431.9812   11.1100
   -7.5000   -7.5000  -45.0000 2457.4658   10.8377
    0.0000   -7.5000  -45.0000 2471.9419   10.8413
    7.5000   -7.5000  -45.0000 2451.9365   10.8953
   -7.5000    0.0000  -45.0000 2472.6558   10.6837
    0.0000    0.0000  -45.0000 2488.0945   10.6622
    7.5000    0.0000  -45.0000 2467.5122   10.7001
   -7.5000    7.5000  -45.0000 2477.6477   10.5933
    0.0000    7.5000  -45.0000 2497.0730   10.5442
    7.5000    7.5000  -45.0000 2476.5010   10.5958
   -7.5000   15.0000  -45.0000 2477.9270   10.5730
    0.0000   15.0000  -45.0000 2500.8191   10.5247
    7.5000   15.0000  -45.0000 2481.4009   10.5624
   -7.5000   22.5000  -45.0000 2479.4189   10.7294
    0.0000   22.5000  -45.0000 2502.9272   10.6729
    7.5000   22.5000  -45.0000 2481.1626   10.7146
   -7.5000   30.0000  -45.0000 2456.7974   11.0051
    0.0000   30.0000  -45.0000 2480.7437   10.9477
    7.5000   30.0000  -45.0000 2461.9238   10.9768
   -7.5000   37.5000  -45.0000 2418.5552   11.4946
    0.0000   37.5000  -45.0000 2448.8318   11.4052
    7.5000   37.5000  -45.0000 2424.8608   11.3981
   -7.5000   45.0000  -45.0000 2355.8308   12.1555
    0.0000   45.0000  -45.0000 2383.3860   12.0481
    7.5000   45.0000  -45.0000 2360.3083   12.0380
   -7.5000  -45.0000  -37.5000 2421.4958   11.2079
    0.0000  -45.0000  -37.5000 2431.4426   11.2027
    7.5000  -45.0000  -37.5000 2404.2820   11.3781
   -7.5000  -37.5000  -37.5000 2442.7607   10.9816
    0.0000  -37.5000  -37.5000 2452.7151   10.9549
    7.5000  -37.5000  -37.5000 2427.9658   11.1059
   -7.5000  -30.0000  -37.5000 2475.9368   10.7454
    0.0000  -30.0000  -37.5000 2486.6887   10.7221
    7.5000  -30.0000  -37.5000 2461.6230   10.8400
   -7.5000  -22.5000  -37.5000 2504.1370   10.5038
    0.0000  -22.5000  -37.5000 2517.8860   10.5007
    7.5000  -22.5000  -37.5000 2491.5159   10.5693
   -7.5000  -15.0000  -37.5000 2527.0134   10.3001
    0.0000  -15.0000  -37.5000 2535.7891   10.2885
    7.5000  -15.0000  -37.5000 2516.7952   10.3675
   -7.5000   -7.5000  -37.5000 2542.5684   10.1022
    0.0000   -7.5000  -37.5000 2556.2295   10.0828
    7.5000   -7.5000  -37.5000 2535.3696   10.1456
   -7.5000    0.0000  -37.5000 2557.8352    9.9450
    0.0000    0.0000  -37.5000 2576.5068    9.8868
    7.5000    0.0000  -37.5000 2559.1448    9.9418
   -7.5000    7.5000  -37.5000 2571.3638    9.8134
    0.0000    7.5000  -37.5000 2593.7085    9.7633
    7.5000    7.5000  -37.5000 2575.9192    9.8046
   -7.5000   15.0000  -37.5000 2580.3528    9.8048
    0.0000   15.0000  -37.5000 2599.7700    9.7571
    7.5000   15.0000  -37.5000 2581.0708    9.7914
   -7.5000   22.5000  -37.5000 2575.3259    9.9810
    0.0000   22.5000  -37.5000 2598.6409    9.9158
    7.5000   22.5000  -37.5000 2577.7610    9.9515
   -7.5000   30.0000  -37.5000 2555.2795   10.2728
    0.0000   30.0000  -37.5000 2581.0854   10.1985
    7.5000   30.0000  -37.5000 2558.3777   10.2219
   -7.5000   37.5000  -37.5000 2514.3774   10.7051
    0.0000   37.5000  -37.5000 2546.4712   10.6242
    7.5000   37.5000  -37.5000 2520.2612   10.6266
   -7.5000   45.0000  -37.5000 2446.3701   11.3295
    0.0000   45.0000  -37.5000 2475.7383   11.2250
    7.5000   45.0000  -37.5000 2452.4194   11.2149
   -7.5000  -45.0000  -30.0000 2546.5437   10.8539
    0.0000  -45.0000  -30.0000 2558.9998   10.8276
    7.5000  -45.0000  -30.0000 2531.2957   11.0033
   -7.5000  -37.5000  -30.0000 2568.7644   10.6328
    0.0000  -37.5000  -30.0000 2582.9004   10.5940
    7.5000  -37.5000  -30.0000 2554.3503   10.7542
   -7.5000  -30.0000  -30.0000 2594.2444   10.3817
    0.0000  -30.0000  -30.0000 2611.3232   10.3503
    7.5000  -30.0000  -30.0000 2581.5745   10.4774
   -7.5000  -22.5000  -30.0000 2625.0212   10.1274
    0.0000  -22.5000  -30.0000 2641.9109   10.0971
    7.5000  -22.5000  -30.0000 2611.2917   10.1920
   -7.5000  -15.0000  -30.0000 2644.6562    9.9087
    0.0000  -15.0000  -30.0000 2662.1943    9.8569
    7.5000  -15.0000  -30.0000 2639.2261    9.9611
   -7.5000   -7.5000  -30.0000 2669.0210    9.7216
    0.0000   -7.5000  -30.0000 2686.7549    9.6595
    7.5000   -7.5000  -30.0000 2663.5525    9.7540
   -7.5000    0.0000  -30.0000 2688.0449    9.5866
    0.0000    0.0000  -30.0000 2708.5020    9.5209
    7.5000    0.0000  -30.0000 2689.8081    9.5843
   -7.5000    7.5000  -30.0000 2703.8000    9.4659
    0.0000    7.5000  -30.0000 2726.9995    9.3849
    7.5000    7.5000  -30.0000 2710.2617    9.4383
   -7.5000   15.0000  -30.0000 2712.8816    9.4361
    0.0000   15.0000  -30.0000 2738.0488    9.3688
    7.5000   15.0000  -30.0000 2716.8628    9.4118
   -7.5000   22.5000  -30.0000 2720.0640    9.6338
    0.0000   22.5000  -30.0000 2746.6814    9.5544
    7.5000   22.5000  -30.0000 2722.8853    9.5902
   -7.5000   30.0000  -30.0000 2699.8533    9.9250
    0.0000   30.0000  -30.0000 2734.0764    9.8454
    7.5000   30.0000  -30.0000 2706.0488    9.8661
   -7.5000   37.5000  -30.0000 2650.9995   10.3651
    0.0000   37.5000  -30.0000 2691.9368   10.2661
    7.5000   37.5000  -30.0000 2666.1167   10.2791
   -7.5000   45.0000  -30.0000 2581.8076   10.9769
    0.0000   45.0000  -30.0000 2614.8198   10.8714
    7.5000   45.0000  -30.0000 2593.5247   10.8832
   -7.5000  -45.0000  -22.5000 2643.5571   10.4681
    0.0000  -45.0000  -22.5000 2657.3499   10.4306
    7.5000  -45.0000  -22.5000 2623.9763   10.6200
   -7.5000  -37.5000  -22.5000 2660.5598   10.2477
    0.0000  -37.5000  -22.5000 2675.2546   10.1911
    7.5000  -37.5000  -22.5000 2644.2209   10.3557
   -7.5000  -30.0000  -22.5000 2681.4814    9.9542
    0.0000  -30.0000  -22.5000 2700.5637    9.9145
    7.5000  -30.0000  -22.5000 2670.0054   10.0613
   -7.5000  -22.5000  -22.5000 2713.9375    9.6934
    0.0000  -22.5000  -22.5000 2732.4116    9.6493
    7.5000  -22.5000  -22.5000 2703.3396    9.7692
   -7.5000  -15.0000  -22.5000 2740.5042    9.4644
    0.0000  -15.0000  -22.5000 2756.3442    9.4172
    7.5000  -15.0000  -22.5000 2733.2842    9.5345
   -7.5000   -7.5000  -22.5000 2766.7358    9.3022
    0.0000   -7.5000  -22.5000 2784.8076    9.2340
    7.5000   -7.5000  -22.5000 2760.3120    9.3431
   -7.5000    0.0000  -22.5000 2790.5291    9.2076
    0.0000    0.0000  -22.5000 2810.9578    9.1295
    7.5000    0.0000  -22.5000 2788.4268    9.1970
   -7.5000    7.5000  -22.5000 2808.5583    9.0943
    0.0000    7.5000  -22.5000 2839.4419    9.0156
    7.5000    7.5000  -22.5000 2815.5562    9.0710
   -7.5000   15.0000  -22.5000 2821.5090    9.0520
    0.0000   15.0000  -22.5000 2857.7292    8.9476
    7.5000   15.0000  -22.5000 2828.5427    9.0398
   -7.5000   22.5000  -22.5000 2832.3245    9.2412
    0.0000   22.5000  -22.5000 2866.1702    9.1455
    7.5000   22.5000  -22.5000 2839.3853    9.2050
   -7.5000   30.0000  -22.5000 2813.5305    9.5597
    0.0000   30.0000  -22.5000 2853.9194    9.4648
    7.5000   30.0000  -22.5000 2823.8770    9.5089
   -7.5000   37.5000  -22.5000 2763.5662   10.0123
    0.0000   37.5000  -22.5000 2808.5676    9.9010
    7.5000   37.5000  -22.5000 2777.4368    9.9310
   -7.5000   45.0000  -22.5000 2683.4006   10.6374
    0.0000   45.0000  -22.5000 2719.9753   10.5112
    7.5000   45.0000  -22.5000 2697.4106   10.5383
   -7.5000  -45.0000  -15.0000 2709.7192   10.1274
    0.0000  -45.0000  -15.0000 2721.6023   10.0780
    7.5000  -45.0000  -15.0000 2691.6235   10.2517
   -7.5000  -37.5000  -15.0000 2719.3958    9.8594
    0.0000  -37.5000  -15.0000 2734.3508    9.8032
    7.5000  -37.5000  -15.0000 2707.6245    9.9761
   -7.5000  -30.0000  -15.0000 2739.1868    9.5552
    0.0000  -30.0000  -15.0000 2755.7993    9.4966
    7.5000  -30.0000  -15.0000 2730.9497    9.6515
   -7.5000  -22.5000  -15.0000 2770.1721    9.2884
    0.0000  -22.5000  -15.0000 2788.8840    9.2177
    7.5000  -22.5000  -15.0000 2763.6204    9.3644
   -7.5000  -15.0000  -15.0000 2797.3103    9.0659
    0.0000  -15.0000  -15.0000 2814.5859    8.9836
    7.5000  -15.0000  -15.0000 2790.0615    9.1288
   -7.5000   -7.5000  -15.0000 2827.4202    8.9258
    0.0000   -7.5000  -15.0000 2844.8921    8.8388
    7.5000   -7.5000  -15.0000 2821.7800    8.9550
   -7.5000    0.0000  -15.0000 2855.3059    8.8383
    0.0000    0.0000  -15.0000 2876.6423    8.7479
    7.5000    0.0000  -15.0000 2854.3892    8.8393
   -7.5000    7.5000  -15.0000 2882.0713    8.7820
    0.0000    7.5000  -15.0000 2913.8325    8.6735
    7.5000    7.5000  -15.0000 2889.9070    8.7725
   -7.5000   15.0000  -15.0000 2901.3545    8.7555
    0.0000   15.0000  -15.0000 2944.6707    8.6045
    7.5000   15.0000  -15.0000 2914.5181    8.7597
   -7.5000   22.5000  -15.0000 2910.4404    8.8981
    0.0000   22.5000  -15.0000 2948.0498    8.7311
    7.5000   22.5000  -15.0000 2921.3665    8.8938
   -7.5000   30.0000  -15.0000 2883.2222    9.2315
    0.0000   30.0000  -15.0000 2926.5684    9.0757
    7.5000   30.0000  -15.0000 2898.9160    9.1865
   -7.5000   37.5000  -15.0000 2827.4939    9.7588
    0.0000   37.5000  -15.0000 2872.5684    9.5513
    7.5000   37.5000  -15.0000 2844.0381    9.6602
   -7.5000   45.0000  -15.0000 2737.4673   10.4016
    0.0000   45.0000  -15.0000 2776.0823   10.2058
    7.5000   45.0000  -15.0000 2751.6538   10.3058
   -7.5000  -45.0000   -7.5000 2755.1497    9.7732
    0.0000  -45.0000   -7.5000 2768.0508    9.7289
    7.5000  -45.0000   -7.5000 2738.0437    9.9053
   -7.5000  -37.5000   -7.5000 2765.4453    9.4976
    0.0000  -37.5000   -7.5000 2781.0530    9.4286
    7.5000  -37.5000   -7.5000 2752.2979    9.6327
   -7.5000  -30.0000   -7.5000 2786.0125    9.2047
    0.0000  -30.0000   -7.5000 2801.3623    9.1147
    7.5000  -30.0000   -7.5000 2773.7483    9.3184
   -7.5000  -22.5000   -7.5000 2809.7888    8.9442
    0.0000  -22.5000   -7.5000 2825.9460    8.8264
    7.5000  -22.5000   -7.5000 2798.4814    9.0233
   -7.5000  -15.0000   -7.5000 2830.5593    8.7442
    0.0000  -15.0000   -7.5000 2850.6511    8.6117
    7.5000  -15.0000   -7.5000 2821.5964    8.7969
   -7.5000   -7.5000   -7.5000 2853.4558    8.6147
    0.0000   -7.5000   -7.5000 2875.8206    8.4785
    7.5000   -7.5000   -7.5000 2852.4055    8.6372
   -7.5000    0.0000   -7.5000 2884.0745    8.5503
    0.0000    0.0000   -7.5000 2908.7236    8.4087
    7.5000    0.0000   -7.5000 2887.8779    8.5470
   -7.5000    7.5000   -7.5000 2921.9402    8.5436
    0.0000    7.5000   -7.5000 2955.2910    8.3906
    7.5000    7.5000   -7.5000 2931.9089    8.5398
   -7.5000   15.0000   -7.5000 2946.5725    8.5977
    0.0000   15.0000   -7.5000 2995.3059    8.4168
    7.5000   15.0000   -7.5000 2963.5002    8.6172
   -7.5000   22.5000   -7.5000 2947.1333    8.7266
    0.0000   22.5000   -7.5000 2995.3164    8.4589
    7.5000   22.5000   -7.5000 2965.9111    8.7278
   -7.5000   30.0000   -7.5000 2915.0757    9.0392
    0.0000   30.0000   -7.5000 2962.1521    8.7742
    7.5000   30.0000   -7.5000 2930.8196    8.9945
   -7.5000   37.5000   -7.5000 2852.1948    9.5421
    0.0000   37.5000   -7.5000 2891.8611    9.3029
    7.5000   37.5000   -7.5000 2866.5349    9.4632
   -7.5000   45.0000   -7.5000 2754.5537   10.2256
    0.0000   45.0000   -7.5000 2793.4204   10.0106
    7.5000   45.0000   -7.5000 2767.2595   10.1262
   -7.5000  -45.0000    0.0000 2785.9185    9.5260
    0.0000  -45.0000    0.0000 2796.6477    9.4461
    7.5000  -45.0000    0.0000 2769.0854    9.6482
   -7.5000  -37.5000    0.0000 2800.2896    9.2644
    0.0000  -37.5000    0.0000 2813.8438    9.1706
    7.5000  -37.5000    0.0000 2784.5000    9.3823
   -7.5000  -30.0000    0.0000 2818.0474    8.9758
    0.0000  -30.0000    0.0000 2831.9136    8.8750
    7.5000  -30.0000    0.0000 2798.9346    9.0856
   -7.5000  -22.5000    0.0000 2834.4136    8.7307
    0.0000  -22.5000    0.0000 2851.2915    8.6109
    7.5000  -22.5000    0.0000 2818.8594    8.8101
   -7.5000  -15.0000    0.0000 2849.7681    8.5587
    0.0000  -15.0000    0.0000 2867.8350    8.4227
    7.5000  -15.0000    0.0000 2840.8035    8.6060
   -7.5000   -7.5000    0.0000 2865.7595    8.4442
    0.0000   -7.5000    0.0000 2890.4944    8.2824
    7.5000   -7.5000    0.0000 2867.2346    8.4760
   -7.5000    0.0000    0.0000 2890.0637    8.4096
    0.0000    0.0000    0.0000 2918.9790    8.2304
    7.5000    0.0000    0.0000 2900.1528    8.4385
   -7.5000    7.5000    0.0000 2925.8381    8.4956
    0.0000    7.5000    0.0000 2960.7437    8.3129
    7.5000    7.5000    0.0000 2939.7976    8.5173
   -7.5000   15.0000    0.0000 2955.8726    8.6420
    0.0000   15.0000    0.0000 3003.2234    8.4361
    7.5000   15.0000    0.0000 2972.2283    8.6523
   -7.5000   22.5000    0.0000 2954.9856    8.8353
    0.0000   22.5000    0.0000 3004.8252    8.5875
    7.5000   22.5000    0.0000 2973.5283    8.7810
   -7.5000   30.0000    0.0000 2913.9031    9.1057
    0.0000   30.0000    0.0000 2964.5947    8.8878
    7.5000   30.0000    0.0000 2934.2603    9.0152
   -7.5000   37.5000    0.0000 2839.9094    9.5598
    0.0000   37.5000    0.0000 2882.4751    9.3635
    7.5000   37.5000    0.0000 2855.2385    9.4641
   -7.5000   45.0000    0.0000 2734.8352   10.2174
    0.0000   45.0000    0.0000 2771.6455   10.0376
    7.5000   45.0000    0.0000 2749.1445   10.0940
   -7.5000  -45.0000    7.5000 2802.5588    9.4562
    0.0000  -45.0000    7.5000 2811.9182    9.3944
    7.5000  -45.0000    7.5000 2779.4280    9.5735
   -7.5000  -37.5000    7.5000 2820.2974    9.2045
    0.0000  -37.5000    7.5000 2834.9626    9.1295
    7.5000  -37.5000    7.5000 2798.1494    9.3165
   -7.5000  -30.0000    7.5000 2831.6938    8.9263
    0.0000  -30.0000    7.5000 2849.7935    8.8093
    7.5000  -30.0000    7.5000 2812.8596    9.0215
   -7.5000  -22.5000    7.5000 2841.4226    8.6715
    0.0000  -22.5000    7.5000 2866.7659    8.5462
    7.5000  -22.5000    7.5000 2831.1316    8.7781
   -7.5000  -15.0000    7.5000 2850.9675    8.5269
    0.0000  -15.0000    7.5000 2874.9631    8.3821
    7.5000  -15.0000    7.5000 2848.0593    8.5963
   -7.5000   -7.5000    7.5000 2863.0054    8.4628
    0.0000   -7.5000    7.5000 2889.5178    8.3143
    7.5000   -7.5000    7.5000 2868.5447    8.5137
   -7.5000    0.0000    7.5000 2880.6255    8.5273
    0.0000    0.0000    7.5000 2910.6855    8.3653
    7.5000    0.0000    7.5000 2890.0859    8.5291
   -7.5000    7.5000    7.5000 2906.7307    8.6625
    0.0000    7.5000    7.5000 2941.5010    8.5052
    7.5000    7.5000    7.5000 2917.6316    8.6232
   -7.5000   15.0000    7.5000 2924.8679    8.8396
    0.0000   15.0000    7.5000 2971.7283    8.6483
    7.5000   15.0000    7.5000 2937.8320    8.7601
   -7.5000   22.5000    7.5000 2918.1821    9.0533
    0.0000   22.5000    7.5000 2962.1023    8.8884
    7.5000   22.5000    7.5000 2934.4631    8.9649
   -7.5000   30.0000    7.5000 2872.5586    9.3793
    0.0000   30.0000    7.5000 2912.4524    9.2437
    7.5000   30.0000    7.5000 2891.7610    9.2830
   -7.5000   37.5000    7.5000 2792.1636    9.8632
    0.0000   37.5000    7.5000 2821.2573    9.7275
    7.5000   37.5000    7.5000 2809.6550    9.7371
   -7.5000   45.0000    7.5000 2688.6030   10.4758
    0.0000   45.0000    7.5000 2719.3660   10.3402
    7.5000   45.0000    7.5000 2705.3704   10.3489
   -7.5000  -45.0000   15.0000 2799.9956    9.5249
    0.0000  -45.0000   15.0000 2808.3601    9.4633
    7.5000  -45.0000   15.0000 2778.6826    9.6321
   -7.5000  -37.5000   15.0000 2816.6167    9.2879
    0.0000  -37.5000   15.0000 2827.3816    9.2163
    7.5000  -37.5000   15.0000 2799.3464    9.3857
   -7.5000  -30.0000   15.0000 2821.7017    9.0408
    0.0000  -30.0000   15.0000 2837.6897    8.9408
    7.5000  -30.0000   15.0000 2808.7700    9.1315
   -7.5000  -22.5000   15.0000 2828.6523    8.8505
    0.0000  -22.5000   15.0000 2852.9597    8.7301
    7.5000  -22.5000   15.0000 2821.4817    8.9276
   -7.5000  -15.0000   15.0000 2833.1104    8.7514
    0.0000  -15.0000   15.0000 2861.5427    8.6250
    7.5000  -15.0000   15.0000 2831.1975    8.8039
   -7.5000   -7.5000   15.0000 2840.9875    8.7559
    0.0000   -7.5000   15.0000 2869.3328    8.6200
    7.5000   -7.5000   15.0000 2843.9827    8.7636
   -7.5000    0.0000   15.0000 2851.4097    8.8266
    0.0000    0.0000   15.0000 2882.0110    8.6730
    7.5000    0.0000   15.0000 2862.0303    8.7877
   -7.5000    7.5000   15.0000 2865.7144    8.9513
    0.0000    7.5000   15.0000 2901.8594    8.7899
    7.5000    7.5000   15.0000 2880.1030    8.8784
   -7.5000   15.0000   15.0000 2867.7061    9.1144
    0.0000   15.0000   15.0000 2908.9058    8.9417
    7.5000   15.0000   15.0000 2887.3552    9.0388
   -7.5000   22.5000   15.0000 2850.8689    9.3869
    0.0000   22.5000   15.0000 2883.9678    9.2286
    7.5000   22.5000   15.0000 2871.7866    9.3092
   -7.5000   30.0000   15.0000 2799.8848    9.7780
    0.0000   30.0000   15.0000 2828.2583    9.6142
    7.5000   30.0000   15.0000 2822.5857    9.6881
   -7.5000   37.5000   15.0000 2720.7769   10.3154
    0.0000   37.5000   15.0000 2748.2012   10.1451
    7.5000   37.5000   15.0000 2741.8594   10.1772
   -7.5000   45.0000   15.0000 2619.6465   10.9642
    0.0000   45.0000   15.0000 2652.4424   10.7821
    7.5000   45.0000   15.0000 2639.1980   10.7998
   -7.5000  -45.0000   22.5000 2780.7305    9.7378
    0.0000  -45.0000   22.5000 2784.4805    9.6778
    7.5000  -45.0000   22.5000 2761.4653    9.8352
   -7.5000  -37.5000   22.5000 2790.4622    9.5373
    0.0000  -37.5000   22.5000 2795.9216    9.4720
    7.5000  -37.5000   22.5000 2773.7280    9.6192
   -7.5000  -30.0000   22.5000 2794.8652    9.3374
    0.0000  -30.0000   22.5000 2805.2930    9.2700
    7.5000  -30.0000   22.5000 2782.9265    9.4144
   -7.5000  -22.5000   22.5000 2797.7695    9.1991
    0.0000  -22.5000   22.5000 2816.0784    9.1114
    7.5000  -22.5000   22.5000 2790.4873    9.2813
   -7.5000  -15.0000   22.5000 2796.1858    9.1100
    0.0000  -15.0000   22.5000 2820.7429    9.0046
    7.5000  -15.0000   22.5000 2795.5427    9.1676
   -7.5000   -7.5000   22.5000 2800.1589    9.1240
    0.0000   -7.5000   22.5000 2828.6775    8.9883
    7.5000   -7.5000   22.5000 2805.6240    9.1342
   -7.5000    0.0000   22.5000 2806.1326    9.2011
    0.0000    0.0000   22.5000 2839.8152    9.0384
    7.5000    0.0000   22.5000 2821.2087    9.1591
   -7.5000    7.5000   22.5000 2810.7278    9.3454
    0.0000    7.5000   22.5000 2847.5486    9.1770
    7.5000    7.5000   22.5000 2830.4766    9.2695
   -7.5000   15.0000   22.5000 2802.6057    9.5379
    0.0000   15.0000   22.5000 2836.9817    9.3768
    7.5000   15.0000   22.5000 2821.4724    9.4574
   -7.5000   22.5000   22.5000 2774.9080    9.8541
    0.0000   22.5000   22.5000 2803.9690    9.7115
    7.5000   22.5000   22.5000 2796.9250    9.7711
   -7.5000   30.0000   22.5000 2715.0078   10.2911
    0.0000   30.0000   22.5000 2739.3750   10.1429
    7.5000   30.0000   22.5000 2739.5708   10.1851
   -7.5000   37.5000   22.5000 2641.1028   10.8616
    0.0000   37.5000   22.5000 2668.8267   10.6821
    7.5000   37.5000   22.5000 2663.8650   10.6976
   -7.5000   45.0000   22.5000 2549.1890   11.5459
    0.0000   45.0000   22.5000 2583.5549   11.3500
    7.5000   45.0000   22.5000 2568.9272   11.3471
   -7.5000  -45.0000   30.0000 2738.2256   10.1289
    0.0000  -45.0000   30.0000 2741.1177   10.0609
    7.5000  -45.0000   30.0000 2722.2461   10.2418
   -7.5000  -37.5000   30.0000 2742.6599    9.9511
    0.0000  -37.5000   30.0000 2750.9109    9.8973
    7.5000  -37.5000   30.0000 2730.9272   10.0356
   -7.5000  -30.0000   30.0000 2741.2632    9.7905
    0.0000  -30.0000   30.0000 2754.1460    9.7266
    7.5000  -30.0000   30.0000 2734.2041    9.8722
   -7.5000  -22.5000   30.0000 2742.7622    9.6536
    0.0000  -22.5000   30.0000 2760.3018    9.5753
    7.5000  -22.5000   30.0000 2737.5278    9.7125
   -7.5000  -15.0000   30.0000 2739.0330    9.5723
    0.0000  -15.0000   30.0000 2763.2593    9.4618
    7.5000  -15.0000   30.0000 2740.8079    9.6088
   -7.5000   -7.5000   30.0000 2735.6228    9.5743
    0.0000   -7.5000   30.0000 2766.2422    9.4382
    7.5000   -7.5000   30.0000 2742.8267    9.5830
   -7.5000    0.0000   30.0000 2736.4080    9.6732
    0.0000    0.0000   30.0000 2774.4868    9.5169
    7.5000    0.0000   30.0000 2748.5735    9.6398
   -7.5000    7.5000   30.0000 2734.5793    9.8423
    0.0000    7.5000   30.0000 2773.6284    9.6840
    7.5000    7.5000   30.0000 2755.1667    9.7808
   -7.5000   15.0000   30.0000 2718.3494   10.0737
    0.0000   15.0000   30.0000 2753.8696    9.9320
    7.5000   15.0000   30.0000 2737.0745    9.9871
   -7.5000   22.5000   30.0000 2682.1804   10.4119
    0.0000   22.5000   30.0000 2714.7649   10.2919
    7.5000   22.5000   30.0000 2706.3545   10.3392
   -7.5000   30.0000   30.0000 2626.1072   10.8938
    0.0000   30.0000   30.0000 2650.4192   10.7450
    7.5000   30.0000   30.0000 2651.0625   10.7835
   -7.5000   37.5000   30.0000 2557.7234   11.5079
    0.0000   37.5000   30.0000 2583.5405   11.3297
    7.5000   37.5000   30.0000 2581.3721   11.3208
   -7.5000   45.0000   30.0000 2470.3735   12.2170
    0.0000   45.0000   30.0000 2500.6450   12.0174
    7.5000   45.0000   30.0000 2491.0581   12.0007
   -7.5000  -45.0000   37.5000 2677.5840   10.6843
    0.0000  -45.0000   37.5000 2687.1396   10.6146
    7.5000  -45.0000   37.5000 2666.3376   10.7795
   -7.5000  -37.5000   37.5000 2680.8511   10.5132
    0.0000  -37.5000   37.5000 2693.8049   10.4511
    7.5000  -37.5000   37.5000 2670.0024   10.5736
   -7.5000  -30.0000   37.5000 2682.4585   10.3441
    0.0000  -30.0000   37.5000 2695.0479   10.2633
    7.5000  -30.0000   37.5000 2674.4473   10.3881
   -7.5000  -22.5000   37.5000 2680.0444   10.2029
    0.0000  -22.5000   37.5000 2694.3994   10.1229
    7.5000  -22.5000   37.5000 2676.5098   10.2543
   -7.5000  -15.0000   37.5000 2678.0586   10.1204
    0.0000  -15.0000   37.5000 2692.3535   10.0162
    7.5000  -15.0000   37.5000 2675.4170   10.1318
   -7.5000   -7.5000   37.5000 2669.5354   10.1470
    0.0000   -7.5000   37.5000 2693.4966   10.0219
    7.5000   -7.5000   37.5000 2672.5410   10.1405
   -7.5000    0.0000   37.5000 2660.8071   10.2532
    0.0000    0.0000   37.5000 2691.1709   10.1139
    7.5000    0.0000   37.5000 2673.4121   10.2132
   -7.5000    7.5000   37.5000 2652.5171   10.4534
    0.0000    7.5000   37.5000 2685.1648   10.3097
    7.5000    7.5000   37.5000 2672.2498   10.3866
   -7.5000   15.0000   37.5000 2631.5288   10.7240
    0.0000   15.0000   37.5000 2660.3889   10.5875
    7.5000   15.0000   37.5000 2648.9614   10.6354
   -7.5000   22.5000   37.5000 2594.3689   11.1269
    0.0000   22.5000   37.5000 2618.7173   11.0034
    7.5000   22.5000   37.5000 2612.8936   11.0287
   -7.5000   30.0000   37.5000 2539.3789   11.6564
    0.0000   30.0000   37.5000 2557.2651   11.5154
    7.5000   30.0000   37.5000 2561.0334   11.5446
   -7.5000   37.5000   37.5000 2470.1392   12.2876
    0.0000   37.5000   37.5000 2490.5671   12.1371
    7.5000   37.5000   37.5000 2489.6990   12.1363
   -7.5000   45.0000   37.5000 2385.9944   13.0205
    0.0000   45.0000   37.5000 2408.8816   12.8570
    7.5000   45.0000   37.5000 2404.4951   12.8254
   -7.5000  -45.0000   45.0000 2604.5457   11.3971
    0.0000  -45.0000   45.0000 2610.5630   11.3079
    7.5000  -45.0000   45.0000 2594.6565   11.4740
   -7.5000  -37.5000   45.0000 2606.1091   11.2055
    0.0000  -37.5000   45.0000 2620.6140   11.1160
    7.5000  -37.5000   45.0000 2600.1577   11.2484
   -7.5000  -30.0000   45.0000 2604.7688   11.0365
    0.0000  -30.0000   45.0000 2620.0657   10.9418
    7.5000  -30.0000   45.0000 2605.1594   11.0540
   -7.5000  -22.5000   45.0000 2602.0562   10.8822
    0.0000  -22.5000   45.0000 2618.5754   10.7984
    7.5000  -22.5000   45.0000 2605.2817   10.9160
   -7.5000  -15.0000   45.0000 2595.1389   10.8197
    0.0000  -15.0000   45.0000 2613.3564   10.7163
    7.5000  -15.0000   45.0000 2598.5908   10.8185
   -7.5000   -7.5000   45.0000 2588.6201   10.8581
    0.0000   -7.5000   45.0000 2613.5278   10.7476
    7.5000   -7.5000   45.0000 2597.7241   10.8373
   -7.5000    0.0000   45.0000 2577.3730   10.9898
    0.0000    0.0000   45.0000 2605.3123   10.8672
    7.5000    0.0000   45.0000 2590.8743   10.9506
   -7.5000    7.5000   45.0000 2560.7422   11.2070
    0.0000    7.5000   45.0000 2587.7075   11.0875
    7.5000    7.5000   45.0000 2577.4431   11.1425
   -7.5000   15.0000   45.0000 2530.5212   11.5225
    0.0000   15.0000   45.0000 2558.7075   11.4087
    7.5000   15.0000   45.0000 2549.2065   11.4294
   -7.5000   22.5000   45.0000 2495.6538   11.9949
    0.0000   22.5000   45.0000 2517.2874   11.8683
    7.5000   22.5000   45.0000 2514.5398   11.8969
   -7.5000   30.0000   45.0000 2443.6436   12.5760
    0.0000   30.0000   45.0000 2462.5640   12.4364
    7.5000   30.0000   45.0000 2461.2690   12.4688
   -7.5000   37.5000   45.0000 2371.6331   13.2666
    0.0000   37.5000   45.0000 2394.5894   13.1076
    7.5000   37.5000   45.0000 2393.2568   13.1180
   -7.5000   45.0000   45.0000 2294.6013   14.0383
    0.0000   45.0000   45.0000 2317.9031   13.8739
    7.5000   45.0000   45.0000 2310.4233   13.8412

---------------------------------------------------------------------
imgreg_4dfp /opt/freesurfer/average/711-2C_as_mni_average_305 /opt/freesurfer/average/711-2B_as_mni_average_305_mask talsrcimg_g11 none talsrcimg_to_711-2C_as_mni_average_305_t4 1283
---------------------------------------------------------------------

freesurfer imgreg_4dfp.c
/opt/freesurfer/average/711-2C_as_mni_average_305.4dfp.img
       256       256       256         1
  1.000000  1.000000  1.000000
orientation T byte_order littleendian
Reading image: /opt/freesurfer/average/711-2C_as_mni_average_305.4dfp.img
dimensions:      256       256       256
mmppix:       1.0000   -1.0000   -1.0000
center:     128.0000 -129.0000 -129.0000
/opt/freesurfer/average/711-2B_as_mni_average_305_mask.4dfp.img
       256       256       256         1
  1.000000  1.000000  1.000000
orientation T byte_order littleendian
Reading mask: /opt/freesurfer/average/711-2B_as_mni_average_305_mask.4dfp.img (2306576 pixels)
talsrcimg_g11.4dfp.img
       256       256       256         1
  1.000000  1.000000  1.000000
orientation T byte_order littleendian
Reading image: talsrcimg_g11.4dfp.img
dimensions:      256       256       256
mmppix:       1.0000   -1.0000   -1.0000
center:     128.0000 -129.0000 -129.0000
rotation matrix determinant  1.000000
fimgreg.f
image alignment mode   1283 decimal      503 hex
parameters
    0.0000   22.5000    0.0000    0.0000    0.0000    0.0000
eta,q 0.94439  8.56851
niter,ni,del,rscale     5    3   12.0000    1.2000
parameter  4  1.351528 ->  0.500000 qaram    1.1500
parameters
    1.0297   20.5216   -1.3884   -3.4500    0.4009   -0.7087
eta,q 0.95072  8.48050
  0.0694  0.0569  0.0581  0.0492  0.0534  0.0536
  0.0633  0.0552  0.0556  0.0492  0.0505  0.0513
  0.0573  0.0540  0.0532  0.0505  0.0490  0.0498
  0.0543  0.0541  0.0540  0.0528  0.0494  0.0492
  0.0545  0.0572  0.0565  0.0563  0.0492  0.0501
  0.0568  0.0616  0.0600  0.0594  0.0495  0.0528
  0.0624  0.0682  0.0648  0.0618  0.0524  0.0567
niter,ni,del,rscale     5    3   12.0000    1.2000
parameters
    0.9738   21.3171   -2.7265   -6.7980    0.4613   -0.7818
eta,q 0.95129  8.46222
  0.0612  0.0618  0.0516  0.0493  0.0532  0.0531
  0.0555  0.0569  0.0502  0.0489  0.0503  0.0507
  0.0508  0.0521  0.0494  0.0486  0.0490  0.0492
  0.0493  0.0493  0.0488  0.0490  0.0487  0.0487
  0.0507  0.0488  0.0503  0.0514  0.0489  0.0490
  0.0555  0.0519  0.0528  0.0557  0.0503  0.0508
  0.0619  0.0576  0.0564  0.0600  0.0530  0.0535
niter,ni,del,rscale     4    3   12.0000    1.2000
parameters
    0.9650   22.1607   -3.5618   -8.0858    0.2743   -1.0126
eta,q 0.95162  8.44624
  0.0612  0.0603  0.0504  0.0510  0.0526  0.0529
  0.0553  0.0552  0.0486  0.0487  0.0497  0.0502
  0.0502  0.0515  0.0486  0.0483  0.0485  0.0488
  0.0487  0.0487  0.0481  0.0484  0.0484  0.0484
  0.0508  0.0480  0.0478  0.0488  0.0488  0.0488
  0.0552  0.0508  0.0497  0.0509  0.0503  0.0508
  0.0612  0.0561  0.0536  0.0550  0.0530  0.0537
niter,ni,del,rscale     3    3   12.0000    1.2000
parameters
    0.9084   22.5049   -3.9947   -8.7516    0.2152   -1.1176
eta,q 0.95177  8.43499
  0.0608  0.0577  0.0511  0.0515  0.0529  0.0530
  0.0550  0.0534  0.0488  0.0493  0.0498  0.0502
  0.0499  0.0503  0.0485  0.0481  0.0483  0.0486
  0.0484  0.0484  0.0482  0.0483  0.0482  0.0482
  0.0506  0.0484  0.0477  0.0487  0.0488  0.0486
  0.0552  0.0516  0.0493  0.0500  0.0502  0.0505
  0.0611  0.0564  0.0528  0.0534  0.0527  0.0534
niter,ni,del,rscale     2    3   12.0000    1.2000
parameters
    0.8498   22.6484   -4.2376   -9.0822    0.1828   -1.1643
eta,q 0.95181  8.42987
  0.0605  0.0568  0.0515  0.0516  0.0530  0.0531
  0.0549  0.0525  0.0489  0.0497  0.0498  0.0502
  0.0499  0.0497  0.0485  0.0481  0.0481  0.0485
  0.0482  0.0482  0.0481  0.0482  0.0482  0.0482
  0.0505  0.0485  0.0477  0.0487  0.0488  0.0486
  0.0550  0.0519  0.0492  0.0497  0.0502  0.0504
  0.0610  0.0564  0.0525  0.0526  0.0527  0.0532
niter,ni,del,rscale     1    3   12.0000    1.2000
parameters
    0.8136   22.7021   -4.3633   -9.2232    0.1716   -1.1853
eta,q 0.95182  8.42767
  0.0605  0.0564  0.0518  0.0516  0.0531  0.0532
  0.0549  0.0522  0.0489  0.0499  0.0499  0.0501
  0.0499  0.0495  0.0486  0.0481  0.0481  0.0485
  0.0482  0.0482  0.0482  0.0482  0.0482  0.0482
  0.0504  0.0486  0.0478  0.0486  0.0487  0.0486
  0.0549  0.0520  0.0492  0.0495  0.0502  0.0503
  0.0609  0.0563  0.0524  0.0522  0.0527  0.0531
registration optimization eta report
parameter search radius
    6.0000    6.0000    6.0000    6.9000    6.0000    6.0000
100000*second partial in parameter space
       34.       23.       12.        8.       14.       14.
  0.0605  0.0564  0.0518  0.0516  0.0531  0.0532
  0.0549  0.0522  0.0489  0.0499  0.0499  0.0501
  0.0499  0.0495  0.0486  0.0481  0.0481  0.0485
  0.0482  0.0482  0.0482  0.0482  0.0482  0.0482
  0.0504  0.0486  0.0478  0.0486  0.0487  0.0486
  0.0549  0.0520  0.0492  0.0495  0.0502  0.0503
  0.0609  0.0563  0.0524  0.0522  0.0527  0.0531
    0.8136   22.7021   -4.3633   -9.2232    0.1716   -1.1853
eta,q 0.95182  8.42767

---------------------------------------------------------------------
imgreg_4dfp /opt/freesurfer/average/711-2C_as_mni_average_305 /opt/freesurfer/average/711-2B_as_mni_average_305_mask talsrcimg_g11 none talsrcimg_to_711-2C_as_mni_average_305_t4 3335
---------------------------------------------------------------------

freesurfer imgreg_4dfp.c
/opt/freesurfer/average/711-2C_as_mni_average_305.4dfp.img
       256       256       256         1
  1.000000  1.000000  1.000000
orientation T byte_order littleendian
Reading image: /opt/freesurfer/average/711-2C_as_mni_average_305.4dfp.img
dimensions:      256       256       256
mmppix:       1.0000   -1.0000   -1.0000
center:     128.0000 -129.0000 -129.0000
/opt/freesurfer/average/711-2B_as_mni_average_305_mask.4dfp.img
       256       256       256         1
  1.000000  1.000000  1.000000
orientation T byte_order littleendian
Reading mask: /opt/freesurfer/average/711-2B_as_mni_average_305_mask.4dfp.img (2306576 pixels)
talsrcimg_g11.4dfp.img
       256       256       256         1
  1.000000  1.000000  1.000000
orientation T byte_order littleendian
Reading image: talsrcimg_g11.4dfp.img
dimensions:      256       256       256
mmppix:       1.0000   -1.0000   -1.0000
center:     128.0000 -129.0000 -129.0000
fimgreg.f
image alignment mode   3335 decimal      D07 hex
parameters
    0.8136   22.7021   -4.3633   -0.0218   -1.3150   -1.2933
    2.0898    0.0359   -2.0685   16.0308    0.2995  -16.0280
eta,q 0.95338  8.39000
niter,ni,del,rscale     5    3    5.0000    1.2000
parameter  4  1.506344 ->  0.500000 qaram    1.1500
parameter  5  2.596986 ->  0.500000 qaram    1.1500
parameter  6  2.046824 ->  0.500000 qaram    1.1500
parameters
    0.7465   23.6225   -4.0029   -4.1618   -5.4550   -5.4333
    3.3482    0.9503   -0.8224   14.0727    1.3958  -15.6504
eta,q 0.96673  8.22222
  0.0485  0.0488  0.0479  0.0416  0.0379  0.0321  0.0372  0.0390  0.0361  0.0351  0.0352  0.0347
  0.0474  0.0478  0.0472  0.0423  0.0388  0.0332  0.0356  0.0368  0.0349  0.0339  0.0344  0.0339
  0.0468  0.0471  0.0467  0.0440  0.0404  0.0360  0.0345  0.0349  0.0341  0.0333  0.0337  0.0334
  0.0466  0.0466  0.0465  0.0464  0.0426  0.0391  0.0339  0.0338  0.0336  0.0336  0.0333  0.0333
  0.0469  0.0465  0.0465  0.0493  0.0449  0.0430  0.0338  0.0337  0.0336  0.0346  0.0333  0.0334
  0.0475  0.0466  0.0468  0.0525  0.0470  0.0468  0.0344  0.0349  0.0340  0.0363  0.0337  0.0338
  0.0487  0.0469  0.0472  0.0560  0.0495  0.0511  0.0355  0.0372  0.0348  0.0383  0.0344  0.0343
niter,ni,del,rscale     7    3    5.0000    1.2000
parameter  3  0.501744 ->  0.500000 qaram    1.1500
parameter  5  0.515331 ->  0.500000 qaram    1.3225
parameter  6  0.577228 ->  0.500000 qaram    1.3225
parameter 10 -0.860483 -> -0.500000 qaram    1.1500
parameters
    0.5079   24.2653   -5.3829   -6.8652  -10.2160  -10.1943
    3.5608    0.5677   -1.1200   18.2127    2.1694  -13.8263
eta,q 0.97186  8.02178
  0.0359  0.0365  0.0331  0.0348  0.0322  0.0307  0.0319  0.0329  0.0310  0.0340  0.0298  0.0297
  0.0343  0.0350  0.0327  0.0330  0.0314  0.0297  0.0307  0.0311  0.0302  0.0322  0.0291  0.0290
  0.0334  0.0339  0.0327  0.0320  0.0312  0.0295  0.0298  0.0299  0.0297  0.0307  0.0285  0.0284
  0.0333  0.0332  0.0331  0.0327  0.0320  0.0312  0.0295  0.0295  0.0295  0.0295  0.0282  0.0282
  0.0339  0.0331  0.0339  0.0349  0.0339  0.0347  0.0297  0.0300  0.0297  0.0286  0.0283  0.0281
  0.0352  0.0334  0.0352  0.0379  0.0363  0.0391  0.0304  0.0315  0.0304  0.0281  0.0286  0.0283
  0.0372  0.0343  0.0367  0.0413  0.0386  0.0436  0.0317  0.0338  0.0313  0.0283  0.0293  0.0287
niter,ni,del,rscale     7    3    5.0000    1.2000
parameter  2 -0.831463 -> -0.500000 qaram    1.1500
parameter  3  0.838407 ->  0.500000 qaram    1.3225
parameter 10 -0.650275 -> -0.500000 qaram    1.3225
parameters
    0.4895   25.6453   -6.9699   -5.6373  -11.1790  -13.5478
    3.5955    0.5874   -1.1918   22.9737    2.6072  -15.6002
eta,q 0.97613  7.97274
  0.0312  0.0332  0.0255  0.0313  0.0287  0.0274  0.0279  0.0294  0.0270  0.0306  0.0256  0.0246
  0.0295  0.0312  0.0254  0.0293  0.0268  0.0263  0.0265  0.0274  0.0260  0.0285  0.0248  0.0241
  0.0284  0.0294  0.0258  0.0271  0.0255  0.0252  0.0256  0.0259  0.0255  0.0267  0.0243  0.0239
  0.0281  0.0281  0.0269  0.0254  0.0251  0.0251  0.0253  0.0253  0.0253  0.0253  0.0240  0.0240
  0.0285  0.0273  0.0285  0.0252  0.0259  0.0280  0.0256  0.0257  0.0255  0.0243  0.0241  0.0243
  0.0296  0.0268  0.0304  0.0267  0.0279  0.0327  0.0264  0.0271  0.0261  0.0240  0.0245  0.0250
  0.0312  0.0269  0.0326  0.0293  0.0306  0.0384  0.0279  0.0296  0.0270  0.0247  0.0253  0.0259
niter,ni,del,rscale     7    3    5.0000    1.2000
parameter  2 -0.707068 -> -0.500000 qaram    1.3225
parameter  3  0.635919 ->  0.500000 qaram    1.5209
parameters
    0.5459   27.2323   -8.7950   -5.3512  -13.2654  -16.1367
    3.6482    0.6224   -1.5688   27.0184    3.0401  -18.5721
eta,q 0.98012  7.90853
  0.0275  0.0305  0.0218  0.0265  0.0237  0.0241  0.0241  0.0259  0.0230  0.0282  0.0218  0.0204
  0.0255  0.0279  0.0212  0.0245  0.0221  0.0226  0.0226  0.0236  0.0220  0.0255  0.0210  0.0200
  0.0243  0.0256  0.0214  0.0224  0.0211  0.0215  0.0216  0.0220  0.0214  0.0232  0.0204  0.0199
  0.0239  0.0239  0.0225  0.0211  0.0211  0.0210  0.0213  0.0213  0.0213  0.0213  0.0201  0.0201
  0.0242  0.0228  0.0243  0.0215  0.0224  0.0229  0.0216  0.0218  0.0216  0.0202  0.0202  0.0207
  0.0254  0.0224  0.0267  0.0236  0.0248  0.0273  0.0225  0.0234  0.0223  0.0204  0.0207  0.0215
  0.0272  0.0228  0.0294  0.0263  0.0276  0.0326  0.0241  0.0260  0.0234  0.0222  0.0215  0.0225
niter,ni,del,rscale     7    3    5.0000    1.2000
parameters
    0.6102   28.3910   -9.6885   -4.8738  -14.6378  -16.9665
    3.6598    0.6868   -1.6912   28.3583    2.9179  -20.4588
eta,q 0.98140  7.88843
  0.0240  0.0275  0.0217  0.0244  0.0222  0.0242  0.0221  0.0242  0.0212  0.0253  0.0202  0.0195
  0.0218  0.0242  0.0197  0.0222  0.0203  0.0219  0.0204  0.0217  0.0200  0.0225  0.0194  0.0188
  0.0204  0.0216  0.0189  0.0201  0.0190  0.0202  0.0194  0.0198  0.0192  0.0204  0.0189  0.0186
  0.0199  0.0199  0.0192  0.0188  0.0188  0.0187  0.0190  0.0190  0.0190  0.0190  0.0188  0.0187
  0.0203  0.0192  0.0206  0.0191  0.0199  0.0193  0.0194  0.0196  0.0193  0.0188  0.0189  0.0192
  0.0215  0.0196  0.0229  0.0210  0.0220  0.0229  0.0204  0.0214  0.0201  0.0202  0.0195  0.0199
  0.0236  0.0212  0.0259  0.0237  0.0248  0.0277  0.0221  0.0243  0.0213  0.0229  0.0203  0.0209
niter,ni,del,rscale     6    3    5.0000    1.2000
parameters
    0.6497   28.5859   -9.9337   -4.5727  -15.0267  -17.0206
    3.6689    0.7629   -1.7038   28.8814    2.7582  -21.1017
eta,q 0.98157  7.89099
  0.0229  0.0240  0.0227  0.0239  0.0229  0.0249  0.0217  0.0239  0.0208  0.0243  0.0200  0.0198
  0.0206  0.0212  0.0203  0.0218  0.0207  0.0223  0.0200  0.0214  0.0196  0.0216  0.0192  0.0190
  0.0191  0.0194  0.0188  0.0197  0.0191  0.0203  0.0189  0.0194  0.0188  0.0196  0.0186  0.0185
  0.0186  0.0186  0.0186  0.0185  0.0185  0.0185  0.0185  0.0185  0.0185  0.0185  0.0185  0.0185
  0.0190  0.0189  0.0195  0.0190  0.0192  0.0186  0.0189  0.0191  0.0188  0.0187  0.0187  0.0188
  0.0204  0.0204  0.0212  0.0209  0.0211  0.0216  0.0200  0.0210  0.0196  0.0205  0.0192  0.0194
  0.0226  0.0229  0.0237  0.0236  0.0238  0.0261  0.0217  0.0239  0.0208  0.0235  0.0201  0.0203
niter,ni,del,rscale     5    3    5.0000    1.2000
parameters
    0.6616   28.6618   -9.9743   -4.5159  -15.1903  -16.9843
    3.6572    0.8133   -1.7052   29.0771    2.6811  -21.3096
eta,q 0.98161  7.89211
  0.0226  0.0235  0.0231  0.0236  0.0230  0.0250  0.0216  0.0238  0.0207  0.0239  0.0199  0.0199
  0.0204  0.0209  0.0206  0.0215  0.0208  0.0224  0.0199  0.0213  0.0195  0.0213  0.0191  0.0191
  0.0189  0.0191  0.0189  0.0195  0.0192  0.0203  0.0188  0.0192  0.0187  0.0194  0.0186  0.0185
  0.0184  0.0184  0.0184  0.0184  0.0184  0.0184  0.0184  0.0184  0.0184  0.0184  0.0184  0.0184
  0.0189  0.0189  0.0191  0.0191  0.0190  0.0185  0.0188  0.0190  0.0187  0.0188  0.0186  0.0187
  0.0203  0.0205  0.0208  0.0211  0.0209  0.0215  0.0199  0.0209  0.0195  0.0207  0.0191  0.0192
  0.0226  0.0231  0.0232  0.0239  0.0236  0.0260  0.0216  0.0239  0.0207  0.0238  0.0200  0.0200
niter,ni,del,rscale     4    3    5.0000    1.2000
parameters
    0.6670   28.6946   -9.9765   -4.5083  -15.2620  -16.9578
    3.6508    0.8385   -1.7024   29.1510    2.6440  -21.3915
eta,q 0.98163  7.89255
  0.0226  0.0234  0.0232  0.0236  0.0231  0.0250  0.0216  0.0238  0.0207  0.0238  0.0199  0.0200
  0.0203  0.0207  0.0206  0.0215  0.0208  0.0224  0.0199  0.0212  0.0194  0.0212  0.0191  0.0191
  0.0189  0.0190  0.0189  0.0194  0.0192  0.0202  0.0188  0.0192  0.0186  0.0193  0.0186  0.0185
  0.0184  0.0184  0.0184  0.0184  0.0184  0.0184  0.0184  0.0184  0.0184  0.0184  0.0184  0.0184
  0.0189  0.0189  0.0191  0.0191  0.0189  0.0185  0.0188  0.0190  0.0187  0.0188  0.0186  0.0186
  0.0203  0.0206  0.0207  0.0211  0.0208  0.0215  0.0199  0.0209  0.0195  0.0208  0.0191  0.0192
  0.0226  0.0232  0.0231  0.0239  0.0234  0.0260  0.0216  0.0239  0.0207  0.0239  0.0200  0.0200
niter,ni,del,rscale     3    3    5.0000    1.2000
parameters
    0.6695   28.7083   -9.9753   -4.5091  -15.2878  -16.9460
    3.6454    0.8494   -1.6990   29.1783    2.6326  -21.4211
eta,q 0.98163  7.89274
  0.0226  0.0233  0.0232  0.0236  0.0231  0.0250  0.0216  0.0237  0.0207  0.0237  0.0199  0.0200
  0.0203  0.0207  0.0206  0.0214  0.0209  0.0224  0.0199  0.0212  0.0194  0.0211  0.0191  0.0191
  0.0189  0.0190  0.0189  0.0194  0.0192  0.0202  0.0187  0.0192  0.0186  0.0193  0.0186  0.0185
  0.0184  0.0184  0.0184  0.0184  0.0184  0.0184  0.0184  0.0184  0.0184  0.0184  0.0184  0.0184
  0.0189  0.0189  0.0190  0.0191  0.0189  0.0185  0.0187  0.0190  0.0187  0.0188  0.0186  0.0186
  0.0203  0.0206  0.0207  0.0211  0.0208  0.0216  0.0199  0.0210  0.0195  0.0208  0.0191  0.0192
  0.0226  0.0232  0.0231  0.0239  0.0234  0.0261  0.0216  0.0239  0.0207  0.0240  0.0200  0.0199
registration optimization eta report
parameter search radius
    2.4000    3.1740    3.6501    8.2800    9.5220    9.5220
    7.2000    7.2000    7.2000    9.5220    7.2000    7.2000
100000*second partial in parameter space
       73.       48.       35.        8.        5.        8.
        6.       10.        4.        6.        3.        3.
  0.0226  0.0233  0.0232  0.0236  0.0231  0.0250  0.0216  0.0237  0.0207  0.0237  0.0199  0.0200
  0.0203  0.0207  0.0206  0.0214  0.0209  0.0224  0.0199  0.0212  0.0194  0.0211  0.0191  0.0191
  0.0189  0.0190  0.0189  0.0194  0.0192  0.0202  0.0187  0.0192  0.0186  0.0193  0.0186  0.0185
  0.0184  0.0184  0.0184  0.0184  0.0184  0.0184  0.0184  0.0184  0.0184  0.0184  0.0184  0.0184
  0.0189  0.0189  0.0190  0.0191  0.0189  0.0185  0.0187  0.0190  0.0187  0.0188  0.0186  0.0186
  0.0203  0.0206  0.0207  0.0211  0.0208  0.0216  0.0199  0.0210  0.0195  0.0208  0.0191  0.0192
  0.0226  0.0232  0.0231  0.0239  0.0234  0.0261  0.0216  0.0239  0.0207  0.0240  0.0200  0.0199
    0.6695   28.7083   -9.9753   -4.5091  -15.2878  -16.9460
    3.6454    0.8494   -1.6990   29.1783    2.6326  -21.4211
eta,q 0.98163  7.89274

---------------------------------------------------------------------
imgreg_4dfp /opt/freesurfer/average/711-2C_as_mni_average_305 /opt/freesurfer/average/711-2B_as_mni_average_305_mask talsrcimg_g11 none talsrcimg_to_711-2C_as_mni_average_305_t4 2311
---------------------------------------------------------------------

freesurfer imgreg_4dfp.c
/opt/freesurfer/average/711-2C_as_mni_average_305.4dfp.img
       256       256       256         1
  1.000000  1.000000  1.000000
orientation T byte_order littleendian
Reading image: /opt/freesurfer/average/711-2C_as_mni_average_305.4dfp.img
dimensions:      256       256       256
mmppix:       1.0000   -1.0000   -1.0000
center:     128.0000 -129.0000 -129.0000
/opt/freesurfer/average/711-2B_as_mni_average_305_mask.4dfp.img
       256       256       256         1
  1.000000  1.000000  1.000000
orientation T byte_order littleendian
Reading mask: /opt/freesurfer/average/711-2B_as_mni_average_305_mask.4dfp.img (2306576 pixels)
talsrcimg_g11.4dfp.img
       256       256       256         1
  1.000000  1.000000  1.000000
orientation T byte_order littleendian
Reading image: talsrcimg_g11.4dfp.img
dimensions:      256       256       256
mmppix:       1.0000   -1.0000   -1.0000
center:     128.0000 -129.0000 -129.0000
fimgreg.f
image alignment mode   2311 decimal      907 hex
parameters
    0.6695   28.7083   -9.9753   -4.5091  -15.2878  -16.9460
    3.6454    0.8494   -1.6990   29.1783    2.6326  -21.4211
eta,q 0.98163  7.89274
niter,ni,del,rscale     5    3    5.0000    0.8000
parameters
    0.6720   28.7095  -10.0236   -4.2860  -15.0328  -15.9399
    3.6072    0.9425   -1.7484   29.2136    2.5897  -22.0759
eta,q 0.98191  7.92926
  0.0203  0.0197  0.0194  0.0208  0.0199  0.0212  0.0196  0.0211  0.0192  0.0198  0.0189  0.0187
  0.0192  0.0190  0.0188  0.0197  0.0192  0.0202  0.0188  0.0195  0.0186  0.0189  0.0185  0.0183
  0.0186  0.0185  0.0185  0.0188  0.0186  0.0192  0.0183  0.0185  0.0182  0.0184  0.0182  0.0181
  0.0184  0.0184  0.0184  0.0184  0.0184  0.0183  0.0181  0.0181  0.0181  0.0181  0.0181  0.0181
  0.0186  0.0185  0.0185  0.0185  0.0184  0.0181  0.0183  0.0184  0.0182  0.0183  0.0182  0.0183
  0.0192  0.0190  0.0189  0.0193  0.0189  0.0186  0.0188  0.0193  0.0186  0.0188  0.0185  0.0186
  0.0203  0.0197  0.0195  0.0205  0.0197  0.0198  0.0196  0.0209  0.0192  0.0198  0.0189  0.0191
niter,ni,del,rscale     4    3    5.0000    0.7000
parameters
    0.6828   28.7514   -9.8395   -4.4781  -15.1987  -15.5966
    3.6036    1.0088   -1.7565   29.4201    2.4588  -22.1283
eta,q 0.98197  7.93378
  0.0196  0.0192  0.0191  0.0198  0.0191  0.0203  0.0192  0.0203  0.0189  0.0194  0.0186  0.0186
  0.0188  0.0186  0.0186  0.0189  0.0186  0.0194  0.0186  0.0191  0.0184  0.0187  0.0183  0.0183
  0.0183  0.0182  0.0183  0.0183  0.0182  0.0186  0.0182  0.0183  0.0181  0.0183  0.0181  0.0181
  0.0181  0.0181  0.0181  0.0181  0.0181  0.0181  0.0180  0.0180  0.0180  0.0180  0.0180  0.0180
  0.0183  0.0182  0.0181  0.0184  0.0182  0.0181  0.0182  0.0183  0.0181  0.0181  0.0181  0.0181
  0.0187  0.0185  0.0183  0.0191  0.0187  0.0187  0.0186  0.0190  0.0184  0.0185  0.0183  0.0183
  0.0196  0.0191  0.0187  0.0201  0.0194  0.0199  0.0192  0.0202  0.0189  0.0192  0.0187  0.0187
niter,ni,del,rscale     3    3    5.0000    0.6000
parameters
    0.6790   28.7907   -9.7576   -4.5453  -15.2971  -15.4171
    3.6053    1.0583   -1.7660   29.4904    2.4063  -22.1779
eta,q 0.98199  7.93615
  0.0191  0.0189  0.0187  0.0194  0.0188  0.0198  0.0189  0.0197  0.0186  0.0190  0.0185  0.0185
  0.0185  0.0184  0.0184  0.0187  0.0184  0.0190  0.0184  0.0188  0.0183  0.0185  0.0182  0.0182
  0.0182  0.0181  0.0181  0.0182  0.0181  0.0183  0.0181  0.0182  0.0181  0.0182  0.0181  0.0181
  0.0180  0.0180  0.0180  0.0180  0.0180  0.0180  0.0180  0.0180  0.0180  0.0180  0.0180  0.0180
  0.0182  0.0181  0.0181  0.0182  0.0181  0.0181  0.0181  0.0182  0.0181  0.0181  0.0181  0.0181
  0.0185  0.0183  0.0182  0.0187  0.0184  0.0186  0.0184  0.0187  0.0183  0.0184  0.0182  0.0182
  0.0191  0.0188  0.0186  0.0195  0.0190  0.0196  0.0189  0.0197  0.0186  0.0190  0.0185  0.0185
niter,ni,del,rscale     2    3    5.0000    0.5000
parameters
    0.6793   28.8122   -9.7199   -4.5689  -15.3165  -15.3012
    3.6054    1.0821   -1.7683   29.5240    2.3710  -22.2221
eta,q 0.98199  7.93867
  0.0188  0.0186  0.0185  0.0190  0.0186  0.0193  0.0186  0.0192  0.0184  0.0187  0.0183  0.0183
  0.0184  0.0183  0.0182  0.0185  0.0183  0.0187  0.0183  0.0186  0.0182  0.0183  0.0181  0.0181
  0.0181  0.0181  0.0181  0.0181  0.0181  0.0182  0.0181  0.0182  0.0181  0.0181  0.0180  0.0180
  0.0180  0.0180  0.0180  0.0180  0.0180  0.0180  0.0180  0.0180  0.0180  0.0180  0.0180  0.0180
  0.0181  0.0181  0.0180  0.0181  0.0181  0.0181  0.0181  0.0181  0.0181  0.0181  0.0180  0.0180
  0.0184  0.0182  0.0182  0.0185  0.0183  0.0185  0.0183  0.0185  0.0182  0.0183  0.0182  0.0182
  0.0188  0.0185  0.0184  0.0191  0.0187  0.0191  0.0186  0.0192  0.0184  0.0187  0.0183  0.0183
niter,ni,del,rscale     1    3    5.0000    0.4000
parameters
    0.6790   28.8163   -9.6935   -4.5858  -15.3168  -15.2257
    3.5983    1.1041   -1.7796   29.5506    2.3396  -22.2500
eta,q 0.98199  7.94052
  0.0185  0.0184  0.0183  0.0187  0.0184  0.0188  0.0184  0.0188  0.0183  0.0185  0.0182  0.0182
  0.0182  0.0182  0.0181  0.0183  0.0182  0.0184  0.0182  0.0184  0.0181  0.0182  0.0181  0.0181
  0.0181  0.0180  0.0180  0.0181  0.0181  0.0181  0.0180  0.0181  0.0180  0.0181  0.0180  0.0180
  0.0180  0.0180  0.0180  0.0180  0.0180  0.0180  0.0180  0.0180  0.0180  0.0180  0.0180  0.0180
  0.0181  0.0180  0.0180  0.0181  0.0180  0.0181  0.0180  0.0181  0.0180  0.0180  0.0180  0.0180
  0.0182  0.0182  0.0181  0.0183  0.0182  0.0183  0.0182  0.0183  0.0181  0.0182  0.0181  0.0181
  0.0185  0.0184  0.0183  0.0187  0.0184  0.0187  0.0184  0.0188  0.0183  0.0185  0.0182  0.0182
registration optimization eta report
parameter search radius
    0.8000    0.8000    0.8000    2.4000    2.4000    2.4000
    2.4000    2.4000    2.4000    2.4000    2.4000    2.4000
100000*second partial in parameter space
       77.       54.       44.       12.        7.       14.
        7.       13.        5.        8.        4.        4.
  0.0185  0.0184  0.0183  0.0187  0.0184  0.0188  0.0184  0.0188  0.0183  0.0185  0.0182  0.0182
  0.0182  0.0182  0.0181  0.0183  0.0182  0.0184  0.0182  0.0184  0.0181  0.0182  0.0181  0.0181
  0.0181  0.0180  0.0180  0.0181  0.0181  0.0181  0.0180  0.0181  0.0180  0.0181  0.0180  0.0180
  0.0180  0.0180  0.0180  0.0180  0.0180  0.0180  0.0180  0.0180  0.0180  0.0180  0.0180  0.0180
  0.0181  0.0180  0.0180  0.0181  0.0180  0.0181  0.0180  0.0181  0.0180  0.0180  0.0180  0.0180
  0.0182  0.0182  0.0181  0.0183  0.0182  0.0183  0.0182  0.0183  0.0181  0.0182  0.0181  0.0181
  0.0185  0.0184  0.0183  0.0187  0.0184  0.0187  0.0184  0.0188  0.0183  0.0185  0.0182  0.0182
    0.6790   28.8163   -9.6935   -4.5858  -15.3168  -15.2257
    3.5983    1.1041   -1.7796   29.5506    2.3396  -22.2500
eta,q 0.98199  7.94052

---------------------------------------------------------------------
imgreg_4dfp /opt/freesurfer/average/711-2C_as_mni_average_305 /opt/freesurfer/average/711-2B_as_mni_average_305_mask talsrcimg_g11 none talsrcimg_to_711-2C_as_mni_average_305_t4 2311
---------------------------------------------------------------------

freesurfer imgreg_4dfp.c
/opt/freesurfer/average/711-2C_as_mni_average_305.4dfp.img
       256       256       256         1
  1.000000  1.000000  1.000000
orientation T byte_order littleendian
Reading image: /opt/freesurfer/average/711-2C_as_mni_average_305.4dfp.img
dimensions:      256       256       256
mmppix:       1.0000   -1.0000   -1.0000
center:     128.0000 -129.0000 -129.0000
/opt/freesurfer/average/711-2B_as_mni_average_305_mask.4dfp.img
       256       256       256         1
  1.000000  1.000000  1.000000
orientation T byte_order littleendian
Reading mask: /opt/freesurfer/average/711-2B_as_mni_average_305_mask.4dfp.img (2306576 pixels)
talsrcimg_g11.4dfp.img
       256       256       256         1
  1.000000  1.000000  1.000000
orientation T byte_order littleendian
Reading image: talsrcimg_g11.4dfp.img
dimensions:      256       256       256
mmppix:       1.0000   -1.0000   -1.0000
center:     128.0000 -129.0000 -129.0000
fimgreg.f
image alignment mode   2311 decimal      907 hex
parameters
    0.6790   28.8163   -9.6935   -4.5858  -15.3168  -15.2257
    3.5983    1.1041   -1.7796   29.5506    2.3396  -22.2500
eta,q 0.98199  7.94052
niter,ni,del,rscale     5    3    5.0000    0.8000
parameters
    0.6807   28.8182   -9.6851   -4.6576  -15.4926  -15.5102
    3.6270    1.0670   -1.7388   29.5445    2.3762  -22.0470
eta,q 0.98198  7.92860
  0.0200  0.0194  0.0191  0.0203  0.0194  0.0204  0.0196  0.0208  0.0191  0.0197  0.0188  0.0189
  0.0189  0.0186  0.0185  0.0191  0.0187  0.0193  0.0187  0.0194  0.0185  0.0188  0.0184  0.0184
  0.0182  0.0182  0.0181  0.0183  0.0182  0.0184  0.0182  0.0184  0.0182  0.0183  0.0181  0.0181
  0.0180  0.0180  0.0180  0.0180  0.0180  0.0180  0.0180  0.0180  0.0180  0.0180  0.0180  0.0180
  0.0182  0.0182  0.0181  0.0183  0.0182  0.0183  0.0182  0.0184  0.0182  0.0182  0.0181  0.0181
  0.0189  0.0186  0.0185  0.0192  0.0188  0.0195  0.0187  0.0194  0.0185  0.0188  0.0184  0.0183
  0.0200  0.0194  0.0191  0.0205  0.0197  0.0213  0.0195  0.0210  0.0191  0.0198  0.0188  0.0187
niter,ni,del,rscale     4    3    5.0000    0.7000
parameters
    0.6762   28.8141   -9.7297   -4.5699  -15.3957  -15.5123
    3.6153    1.0608   -1.7549   29.5021    2.3958  -22.0939
eta,q 0.98198  7.93148
  0.0195  0.0191  0.0188  0.0200  0.0192  0.0201  0.0192  0.0202  0.0189  0.0193  0.0186  0.0186
  0.0187  0.0185  0.0184  0.0190  0.0186  0.0192  0.0185  0.0191  0.0184  0.0186  0.0183  0.0183
  0.0182  0.0181  0.0181  0.0183  0.0182  0.0184  0.0181  0.0183  0.0181  0.0182  0.0181  0.0181
  0.0180  0.0180  0.0180  0.0180  0.0180  0.0180  0.0180  0.0180  0.0180  0.0180  0.0180  0.0180
  0.0182  0.0181  0.0181  0.0182  0.0181  0.0182  0.0182  0.0183  0.0181  0.0182  0.0181  0.0181
  0.0187  0.0185  0.0184  0.0188  0.0185  0.0189  0.0185  0.0190  0.0184  0.0186  0.0183  0.0183
  0.0195  0.0191  0.0189  0.0198  0.0192  0.0203  0.0192  0.0203  0.0189  0.0194  0.0186  0.0186
niter,ni,del,rscale     3    3    5.0000    0.6000
parameters
    0.6795   28.8079   -9.7293   -4.5541  -15.3418  -15.4009
    3.6103    1.0720   -1.7687   29.5011    2.4000  -22.1609
eta,q 0.98199  7.93562
  0.0191  0.0188  0.0186  0.0195  0.0189  0.0197  0.0189  0.0197  0.0186  0.0190  0.0185  0.0184
  0.0185  0.0184  0.0183  0.0187  0.0185  0.0189  0.0184  0.0188  0.0183  0.0185  0.0182  0.0182
  0.0181  0.0181  0.0181  0.0182  0.0182  0.0183  0.0181  0.0182  0.0181  0.0181  0.0181  0.0181
  0.0180  0.0180  0.0180  0.0180  0.0180  0.0180  0.0180  0.0180  0.0180  0.0180  0.0180  0.0180
  0.0181  0.0181  0.0181  0.0182  0.0181  0.0181  0.0181  0.0182  0.0181  0.0181  0.0181  0.0181
  0.0185  0.0184  0.0183  0.0187  0.0184  0.0186  0.0184  0.0188  0.0183  0.0184  0.0182  0.0182
  0.0191  0.0188  0.0186  0.0194  0.0189  0.0196  0.0189  0.0197  0.0186  0.0190  0.0185  0.0185
niter,ni,del,rscale     2    3    5.0000    0.5000
parameters
    0.6798   28.8117   -9.7133   -4.5678  -15.3235  -15.3009
    3.6051    1.0843   -1.7760   29.5174    2.3743  -22.2110
eta,q 0.98199  7.93847
  0.0188  0.0186  0.0185  0.0190  0.0186  0.0193  0.0186  0.0192  0.0184  0.0187  0.0183  0.0183
  0.0184  0.0183  0.0182  0.0185  0.0183  0.0186  0.0183  0.0186  0.0182  0.0183  0.0181  0.0181
  0.0181  0.0181  0.0181  0.0181  0.0181  0.0182  0.0181  0.0182  0.0181  0.0181  0.0180  0.0180
  0.0180  0.0180  0.0180  0.0180  0.0180  0.0180  0.0180  0.0180  0.0180  0.0180  0.0180  0.0180
  0.0181  0.0181  0.0180  0.0181  0.0181  0.0181  0.0181  0.0181  0.0181  0.0181  0.0180  0.0180
  0.0184  0.0183  0.0182  0.0185  0.0183  0.0185  0.0183  0.0185  0.0182  0.0183  0.0182  0.0182
  0.0188  0.0185  0.0184  0.0190  0.0186  0.0192  0.0186  0.0192  0.0185  0.0187  0.0183  0.0183
niter,ni,del,rscale     1    3    5.0000    0.4000
parameters
    0.6796   28.8169   -9.6885   -4.5842  -15.3190  -15.2229
    3.6023    1.1024   -1.7796   29.5508    2.3498  -22.2373
eta,q 0.98199  7.94048
  0.0185  0.0184  0.0183  0.0187  0.0184  0.0188  0.0184  0.0188  0.0183  0.0185  0.0182  0.0182
  0.0182  0.0182  0.0181  0.0183  0.0182  0.0184  0.0182  0.0184  0.0181  0.0182  0.0181  0.0181
  0.0181  0.0180  0.0180  0.0181  0.0181  0.0181  0.0180  0.0181  0.0180  0.0181  0.0180  0.0180
  0.0180  0.0180  0.0180  0.0180  0.0180  0.0180  0.0180  0.0180  0.0180  0.0180  0.0180  0.0180
  0.0181  0.0180  0.0180  0.0181  0.0180  0.0181  0.0180  0.0181  0.0180  0.0180  0.0180  0.0180
  0.0182  0.0182  0.0181  0.0183  0.0182  0.0183  0.0182  0.0183  0.0181  0.0182  0.0181  0.0181
  0.0185  0.0184  0.0183  0.0187  0.0184  0.0187  0.0184  0.0188  0.0183  0.0185  0.0182  0.0182
registration optimization eta report
parameter search radius
    0.8000    0.8000    0.8000    2.4000    2.4000    2.4000
    2.4000    2.4000    2.4000    2.4000    2.4000    2.4000
100000*second partial in parameter space
       77.       55.       43.       12.        7.       14.
        7.       13.        5.        8.        4.        3.
  0.0185  0.0184  0.0183  0.0187  0.0184  0.0188  0.0184  0.0188  0.0183  0.0185  0.0182  0.0182
  0.0182  0.0182  0.0181  0.0183  0.0182  0.0184  0.0182  0.0184  0.0181  0.0182  0.0181  0.0181
  0.0181  0.0180  0.0180  0.0181  0.0181  0.0181  0.0180  0.0181  0.0180  0.0181  0.0180  0.0180
  0.0180  0.0180  0.0180  0.0180  0.0180  0.0180  0.0180  0.0180  0.0180  0.0180  0.0180  0.0180
  0.0181  0.0180  0.0180  0.0181  0.0180  0.0181  0.0180  0.0181  0.0180  0.0180  0.0180  0.0180
  0.0182  0.0182  0.0181  0.0183  0.0182  0.0183  0.0182  0.0183  0.0181  0.0182  0.0181  0.0181
  0.0185  0.0184  0.0183  0.0187  0.0184  0.0187  0.0184  0.0188  0.0183  0.0185  0.0182  0.0182
    0.6796   28.8169   -9.6885   -4.5842  -15.3190  -15.2229
    3.6023    1.1024   -1.7796   29.5508    2.3498  -22.2373
eta,q 0.98199  7.94048

---------------------------------------------------------------------
compute_vox2vox talsrcimg talsrcimg_to_711-2C_as_mni_average_305_t4 /opt/freesurfer/average/711-2C_as_mni_average_305
---------------------------------------------------------------------

freesurfer compute_vox2vox.c
Reading: talsrcimg.4dfp.ifh
Reading: talsrcimg_to_711-2C_as_mni_average_305_t4
Reading: /opt/freesurfer/average/711-2C_as_mni_average_305.4dfp.ifh
Writing: talsrcimg_to_711-2C_as_mni_average_305_t4_vox2vox.txt

start time Sun Nov 24 04:58:03 UTC 2024
end		time Sun Nov 24 04:59:06 UTC 2024

mpr2mni305 success

avi2talxfm orig_nu.mgz /opt/freesurfer/average/mni305.cor.mgz talsrcimg_to_711-2C_as_mni_average_305_t4_vox2vox.txt transforms/talairach.auto.xfm
avi2talxfm done
mv -f /scratch/tmp/fs_mp2rage_tests2/sourcedata/freesurfer_memprage/sub-fsm10cv/mri/talsrcimg_to_711-2C_as_mni_average_305_t4_vox2vox.txt /scratch/tmp/fs_mp2rage_tests2/sourcedata/freesurfer_memprage/sub-fsm10cv/mri/transforms/talsrcimg_to_711-2C_as_mni_average_305_t4_vox2vox.txt
lta_convert --src orig_nu.mgz --trg /opt/freesurfer/average/mni305.cor.mgz --inxfm transforms/talairach.auto.xfm --outlta transforms/talairach.auto.xfm.lta --subject fsaverage
7.3.2

--src: orig_nu.mgz src image (geometry).
--trg: /opt/freesurfer/average/mni305.cor.mgz trg image (geometry).
--inmni: transforms/talairach.auto.xfm input MNI/XFM transform.
--outlta: transforms/talairach.auto.xfm.lta output LTA.
--s: fsaverage subject name
 LTA read, type : 1
 1.04718   0.00175  -0.04409  -1.42058;
-0.02130   1.08061   0.28468  -36.05262;
 0.02944  -0.37706   1.08063   9.37668;
 0.00000   0.00000   0.00000   1.00000;
setting subject to fsaverage
Writing  LTA to file transforms/talairach.auto.xfm.lta...
lta_convert successful.
 
 
Started at Sun Nov 24 04:58:00 UTC 2024
Ended   at Sun Nov 24 04:59:07 UTC 2024
talairach_avi done
