/scratch/tmp/fs_mp2rage_tests/sourcedata/freesurfer_mp2rage/sub-fsm79bf/mri
/opt/freesurfer/bin/talairach_avi
--i orig_nu.mgz --xfm transforms/talairach.auto.xfm
talairach_avi 7.3.2
Linux elm.criugm.qc.ca 5.15.0-113-generic #123-Ubuntu SMP Mon Jun 10 08:16:17 UTC 2024 x86_64 x86_64 x86_64 GNU/Linux
Sat Nov 23 15:58:42 UTC 2024
mri_convert orig_nu.mgz talsrcimg.img 
reading from orig_nu.mgz...
TR=0.00, TE=0.00, TI=0.00, flip angle=0.00
i_ras = (-1, 0, 0)
j_ras = (0, 0, -1)
k_ras = (1.86265e-09, 1, 0)
writing to talsrcimg.img...
Analyze Output Matrix
-1.00000   0.00000   0.00000   130.00771;
 0.00000   0.00000   1.00000  -101.14385;
 0.00000  -1.00000   0.00000   116.11841;
 0.00000   0.00000   0.00000   1.00000;
--------------------
INFO: set hdr.hist.orient to -1
mpr2mni305 talsrcimg
Sat Nov 23 15:58:45 UTC 2024
/opt/freesurfer/bin/mpr2mni305 talsrcimg
mpr2mni305 7.3.2
target=711-2C_as_mni_average_305

---------------------------------------------------------------------
analyzeto4dfp talsrcimg -O0 -y
---------------------------------------------------------------------

freesurfer ifh2hdr.c
Sat Nov 23 15:58:46 2024
Writing: talsrcimg.4dfp.hdr
freesurfer analyzeto4dfp.c
Reading: talsrcimg.hdr
header size 348 bytes
hdr.dime.datatype	offset=70	value=2
hdr.dime.bitpix		offset=72	value=8
hdr.hist.orient		offset=252	value=-1
dimensionality     4
dimensions       256       256       256         1
Reading: talsrcimg.img
Writing: talsrcimg.4dfp.img
Writing: talsrcimg.4dfp.ifh
ifh2hdr talsrcimg -r0to241
ori=2

---------------------------------------------------------------------
gauss_4dfp talsrcimg 1.1
---------------------------------------------------------------------

freesurfer gauss_4dfp.c
Reading: talsrcimg.4dfp.img
Writing: talsrcimg_g11.4dfp.img
image dimensions 256 256 256 padded to 288 288 288
processing volume 1freesurfer ifh2hdr.c
Sat Nov 23 15:58:54 2024
Writing: talsrcimg_g11.4dfp.hdr

Writing: talsrcimg_g11.4dfp.ifh
including: talsrcimg.4dfp.img.rec in talsrcimg_g11.4dfp.img.rec

---------------------------------------------------------------------
imgreg_4dfp /opt/freesurfer/average/711-2C_as_mni_average_305 none talsrcimg_g11 none talsrcimg_to_711-2C_as_mni_average_305_t4 4355
---------------------------------------------------------------------

freesurfer imgreg_4dfp.c
/opt/freesurfer/average/711-2C_as_mni_average_305.4dfp.img
       256       256       256         1
  1.000000  1.000000  1.000000
orientation T byte_order littleendian
Reading image: /opt/freesurfer/average/711-2C_as_mni_average_305.4dfp.img
dimensions:      256       256       256
mmppix:       1.0000   -1.0000   -1.0000
center:     128.0000 -129.0000 -129.0000
talsrcimg_g11.4dfp.img
       256       256       256         1
  1.000000  1.000000  1.000000
orientation T byte_order littleendian
Reading image: talsrcimg_g11.4dfp.img
dimensions:      256       256       256
mmppix:       1.0000   -1.0000   -1.0000
center:     128.0000 -129.0000 -129.0000
t4_read: open error in t4_sub.f l:  41 t4_file(1:l)talsrcimg_to_711-2C_as_mni_average_305_t4 
t4_read: transform initialized to I4
rotation matrix determinant  1.000000
image alignment mode   4355 decimal     1103 hex
   -7.5000  -45.0000  -45.0000 9746.7891    8.9494
    0.0000  -45.0000  -45.000010275.8594    8.9531
    7.5000  -45.0000  -45.0000 9947.0498    8.9601
   -7.5000  -37.5000  -45.0000 9814.6396    9.1510
    0.0000  -37.5000  -45.000010301.4434    9.1544
    7.5000  -37.5000  -45.0000 9964.6719    9.1579
   -7.5000  -30.0000  -45.0000 9953.2861    9.0792
    0.0000  -30.0000  -45.000010413.5381    9.0807
    7.5000  -30.0000  -45.000010044.4512    9.0801
   -7.5000  -22.5000  -45.000010051.6270    9.0048
    0.0000  -22.5000  -45.000010534.0898    9.0030
    7.5000  -22.5000  -45.000010127.2393    8.9994
   -7.5000  -15.0000  -45.000010269.8154    8.9235
    0.0000  -15.0000  -45.000010746.4844    8.9204
    7.5000  -15.0000  -45.000010281.1865    8.9179
   -7.5000   -7.5000  -45.000010440.6387    8.8601
    0.0000   -7.5000  -45.000010899.0283    8.8597
    7.5000   -7.5000  -45.000010346.3652    8.8623
   -7.5000    0.0000  -45.000010526.3613    8.8507
    0.0000    0.0000  -45.000010970.2139    8.8541
    7.5000    0.0000  -45.000010351.0957    8.8611
   -7.5000    7.5000  -45.0000 9895.1631    9.1277
    0.0000    7.5000  -45.000010351.1094    9.1311
    7.5000    7.5000  -45.0000 9756.2490    9.1346
   -7.5000   15.0000  -45.0000 9411.1904    9.5721
    0.0000   15.0000  -45.0000 9858.5703    9.5732
    7.5000   15.0000  -45.0000 9239.3223    9.5670
   -7.5000   22.5000  -45.0000 8957.6855   10.0733
    0.0000   22.5000  -45.0000 9380.5664   10.0712
    7.5000   22.5000  -45.0000 8763.0488   10.0588
   -7.5000   30.0000  -45.0000 8439.8086   10.4623
    0.0000   30.0000  -45.0000 8842.3379   10.4591
    7.5000   30.0000  -45.0000 8235.0977   10.4478
   -7.5000   37.5000  -45.0000 8166.7246   10.9526
    0.0000   37.5000  -45.0000 8555.7305   10.9548
    7.5000   37.5000  -45.0000 7966.0771   10.9531
   -7.5000   45.0000  -45.0000 7603.4932   11.2493
    0.0000   45.0000  -45.0000 7970.0278   11.2573
    7.5000   45.0000  -45.0000 7428.6045   11.2612
   -7.5000  -45.0000  -37.500010185.6924    8.9221
    0.0000  -45.0000  -37.500010760.4141    8.9232
    7.5000  -45.0000  -37.500010402.5801    8.9279
   -7.5000  -37.5000  -37.500010320.2031    9.1263
    0.0000  -37.5000  -37.500010857.9023    9.1248
    7.5000  -37.5000  -37.500010486.6387    9.1239
   -7.5000  -30.0000  -37.500010513.9033    9.0587
    0.0000  -30.0000  -37.500011022.8467    9.0538
    7.5000  -30.0000  -37.500010638.8457    9.0478
   -7.5000  -22.5000  -37.500010658.1465    8.9836
    0.0000  -22.5000  -37.500011174.4766    8.9761
    7.5000  -22.5000  -37.500010765.0996    8.9685
   -7.5000  -15.0000  -37.500010872.6367    8.8978
    0.0000  -15.0000  -37.500011397.3350    8.8912
    7.5000  -15.0000  -37.500010902.8105    8.8868
   -7.5000   -7.5000  -37.500011030.6299    8.8313
    0.0000   -7.5000  -37.500011547.9512    8.8290
    7.5000   -7.5000  -37.500010954.0254    8.8303
   -7.5000    0.0000  -37.500011093.4951    8.8228
    0.0000    0.0000  -37.500011605.4834    8.8238
    7.5000    0.0000  -37.500010933.0244    8.8285
   -7.5000    7.5000  -37.500010417.6572    9.1021
    0.0000    7.5000  -37.500010925.0146    9.1007
    7.5000    7.5000  -37.500010271.1738    9.0998
   -7.5000   15.0000  -37.5000 9905.2842    9.5463
    0.0000   15.0000  -37.500010409.9561    9.5404
    7.5000   15.0000  -37.5000 9734.2559    9.5286
   -7.5000   22.5000  -37.5000 9448.8613   10.0427
    0.0000   22.5000  -37.5000 9922.8779   10.0335
    7.5000   22.5000  -37.5000 9245.5947   10.0166
   -7.5000   30.0000  -37.5000 8915.4688   10.4230
    0.0000   30.0000  -37.5000 9338.9111   10.4147
    7.5000   30.0000  -37.5000 8685.4053   10.4009
   -7.5000   37.5000  -37.5000 8580.8320   10.9073
    0.0000   37.5000  -37.5000 9007.4219   10.9058
    7.5000   37.5000  -37.5000 8372.4307   10.9033
   -7.5000   45.0000  -37.5000 7983.9214   11.2021
    0.0000   45.0000  -37.5000 8379.1006   11.2068
    7.5000   45.0000  -37.5000 7797.4351   11.2099
   -7.5000  -45.0000  -30.000010830.2119    9.2829
    0.0000  -45.0000  -30.000011455.3838    9.2826
    7.5000  -45.0000  -30.000011087.0713    9.2843
   -7.5000  -37.5000  -30.000011005.0156    9.4983
    0.0000  -37.5000  -30.000011610.3379    9.4948
    7.5000  -37.5000  -30.000011222.4658    9.4906
   -7.5000  -30.0000  -30.000011275.9824    9.4284
    0.0000  -30.0000  -30.000011843.4648    9.4199
    7.5000  -30.0000  -30.000011441.1475    9.4110
   -7.5000  -22.5000  -30.000011482.7939    9.3461
    0.0000  -22.5000  -30.000012030.0273    9.3347
    7.5000  -22.5000  -30.000011597.6211    9.3246
   -7.5000  -15.0000  -30.000011724.2344    9.2528
    0.0000  -15.0000  -30.000012261.3447    9.2431
    7.5000  -15.0000  -30.000011750.0049    9.2365
   -7.5000   -7.5000  -30.000011821.4062    9.1842
    0.0000   -7.5000  -30.000012354.1689    9.1801
    7.5000   -7.5000  -30.000011757.5342    9.1789
   -7.5000    0.0000  -30.000011844.1367    9.1793
    0.0000    0.0000  -30.000012377.1152    9.1790
    7.5000    0.0000  -30.000011713.8916    9.1807
   -7.5000    7.5000  -30.000011123.4824    9.4730
    0.0000    7.5000  -30.000011665.1201    9.4695
    7.5000    7.5000  -30.000011004.4434    9.4653
   -7.5000   15.0000  -30.000010580.3682    9.9305
    0.0000   15.0000  -30.000011115.4434    9.9207
    7.5000   15.0000  -30.000010420.5869    9.9060
   -7.5000   22.5000  -30.000010083.2607   10.4403
    0.0000   22.5000  -30.000010601.5771   10.4261
    7.5000   22.5000  -30.0000 9891.5645   10.4061
   -7.5000   30.0000  -30.0000 9511.5566   10.8308
    0.0000   30.0000  -30.0000 9988.9043   10.8186
    7.5000   30.0000  -30.0000 9294.5908   10.8014
   -7.5000   37.5000  -30.0000 9129.6211   11.3348
    0.0000   37.5000  -30.0000 9601.5127   11.3312
    7.5000   37.5000  -30.0000 8934.7900   11.3250
   -7.5000   45.0000  -30.0000 8478.8711   11.6535
    0.0000   45.0000  -30.0000 8916.8652   11.6569
    7.5000   45.0000  -30.0000 8273.9453   11.6558
   -7.5000  -45.0000  -22.500011571.5488    9.5908
    0.0000  -45.0000  -22.500012206.2969    9.5917
    7.5000  -45.0000  -22.500011819.4609    9.5923
   -7.5000  -37.5000  -22.500011777.5371    9.8123
    0.0000  -37.5000  -22.500012381.1650    9.8118
    7.5000  -37.5000  -22.500011991.4131    9.8087
   -7.5000  -30.0000  -22.500012074.9463    9.7364
    0.0000  -30.0000  -22.500012661.9805    9.7309
    7.5000  -30.0000  -22.500012247.8926    9.7247
   -7.5000  -22.5000  -22.500012295.4609    9.6484
    0.0000  -22.5000  -22.500012882.8545    9.6384
    7.5000  -22.5000  -22.500012425.7949    9.6297
   -7.5000  -15.0000  -22.500012553.7764    9.5531
    0.0000  -15.0000  -22.500013123.5371    9.5430
    7.5000  -15.0000  -22.500012602.7324    9.5356
   -7.5000   -7.5000  -22.500012681.9346    9.4863
    0.0000   -7.5000  -22.500013241.0488    9.4817
    7.5000   -7.5000  -22.500012632.1660    9.4784
   -7.5000    0.0000  -22.500012701.0771    9.4839
    0.0000    0.0000  -22.500013253.4736    9.4847
    7.5000    0.0000  -22.500012578.9658    9.4853
   -7.5000    7.5000  -22.500011976.7480    9.7862
    0.0000    7.5000  -22.500012529.7422    9.7857
    7.5000    7.5000  -22.500011837.2178    9.7827
   -7.5000   15.0000  -22.500011417.7021   10.2518
    0.0000   15.0000  -22.500011941.9639   10.2452
    7.5000   15.0000  -22.500011211.8291   10.2332
   -7.5000   22.5000  -22.500010830.9980   10.7748
    0.0000   22.5000  -22.500011354.5479   10.7621
    7.5000   22.5000  -22.500010646.4609   10.7430
   -7.5000   30.0000  -22.500010168.6240   11.1811
    0.0000   30.0000  -22.500010677.6758   11.1689
    7.5000   30.0000  -22.5000 9996.0098   11.1497
   -7.5000   37.5000  -22.5000 9741.5664   11.7057
    0.0000   37.5000  -22.500010259.9883   11.7026
    7.5000   37.5000  -22.5000 9575.9082   11.6927
   -7.5000   45.0000  -22.5000 9048.8916   12.0495
    0.0000   45.0000  -22.5000 9508.6162   12.0542
    7.5000   45.0000  -22.5000 8826.5850   12.0488
   -7.5000  -45.0000  -15.000012297.4023    9.8055
    0.0000  -45.0000  -15.000012995.1826    9.8089
    7.5000  -45.0000  -15.000012563.8301    9.8111
   -7.5000  -37.5000  -15.000012528.3682   10.0282
    0.0000  -37.5000  -15.000013189.7158   10.0329
    7.5000  -37.5000  -15.000012761.8428   10.0335
   -7.5000  -30.0000  -15.000012845.2051    9.9471
    0.0000  -30.0000  -15.000013502.9414    9.9480
    7.5000  -30.0000  -15.000013044.8066    9.9467
   -7.5000  -22.5000  -15.000013072.4707    9.8577
    0.0000  -22.5000  -15.000013723.9717    9.8526
    7.5000  -22.5000  -15.000013253.8311    9.8474
   -7.5000  -15.0000  -15.000013376.0469    9.7644
    0.0000  -15.0000  -15.000014005.9395    9.7568
    7.5000  -15.0000  -15.000013476.5381    9.7504
   -7.5000   -7.5000  -15.000013586.9609    9.6994
    0.0000   -7.5000  -15.000014224.7539    9.6961
    7.5000   -7.5000  -15.000013575.4717    9.6931
   -7.5000    0.0000  -15.000013728.3535    9.6963
    0.0000    0.0000  -15.000014305.8516    9.6996
    7.5000    0.0000  -15.000013592.0918    9.7017
   -7.5000    7.5000  -15.000012960.0723   10.0016
    0.0000    7.5000  -15.000013469.7734   10.0063
    7.5000    7.5000  -15.000012787.6621   10.0069
   -7.5000   15.0000  -15.000012250.5801   10.4745
    0.0000   15.0000  -15.000012741.8213   10.4750
    7.5000   15.0000  -15.000012113.7295   10.4677
   -7.5000   22.5000  -15.000011530.0068   11.0094
    0.0000   22.5000  -15.000012052.3174   11.0028
    7.5000   22.5000  -15.000011452.5986   10.9874
   -7.5000   30.0000  -15.000010777.6855   11.4328
    0.0000   30.0000  -15.000011320.8906   11.4242
    7.5000   30.0000  -15.000010725.4258   11.4062
   -7.5000   37.5000  -15.000010356.1191   11.9726
    0.0000   37.5000  -15.000010909.3838   11.9721
    7.5000   37.5000  -15.000010280.7109   11.9619
   -7.5000   45.0000  -15.0000 9619.5029   12.3333
    0.0000   45.0000  -15.000010129.8115   12.3409
    7.5000   45.0000  -15.0000 9467.9199   12.3352
   -7.5000  -45.0000   -7.500013013.4277    9.9040
    0.0000  -45.0000   -7.500013770.2383    9.9090
    7.5000  -45.0000   -7.500013302.7021    9.9145
   -7.5000  -37.5000   -7.500013195.5498   10.1255
    0.0000  -37.5000   -7.500013916.6221   10.1322
    7.5000  -37.5000   -7.500013432.0225   10.1361
   -7.5000  -30.0000   -7.500013500.8193   10.0438
    0.0000  -30.0000   -7.500014216.3223   10.0483
    7.5000  -30.0000   -7.500013714.9463   10.0494
   -7.5000  -22.5000   -7.500013762.4727    9.9582
    0.0000  -22.5000   -7.500014452.2822    9.9571
    7.5000  -22.5000   -7.500013975.3877    9.9539
   -7.5000  -15.0000   -7.500014111.6904    9.8681
    0.0000  -15.0000   -7.500014760.3057    9.8638
    7.5000  -15.0000   -7.500014253.2314    9.8595
   -7.5000   -7.5000   -7.500014485.5752    9.8014
    0.0000   -7.5000   -7.500015141.2412    9.8002
    7.5000   -7.5000   -7.500014456.6475    9.8000
   -7.5000    0.0000   -7.500014841.5225    9.7940
    0.0000    0.0000   -7.500015422.4023    9.7987
    7.5000    0.0000   -7.500014666.4404    9.8042
   -7.5000    7.5000   -7.500013900.3174   10.0986
    0.0000    7.5000   -7.500014396.3643   10.1053
    7.5000    7.5000   -7.500013827.1416   10.1093
   -7.5000   15.0000   -7.500012993.4580   10.5800
    0.0000   15.0000   -7.500013456.9355   10.5843
    7.5000   15.0000   -7.500013029.5127   10.5793
   -7.5000   22.5000   -7.500012188.0352   11.1230
    0.0000   22.5000   -7.500012717.3643   11.1217
    7.5000   22.5000   -7.500012255.4736   11.1087
   -7.5000   30.0000   -7.500011423.0898   11.5579
    0.0000   30.0000   -7.500012019.2412   11.5538
    7.5000   30.0000   -7.500011438.7119   11.5391
   -7.5000   37.5000   -7.500010973.2793   12.1031
    0.0000   37.5000   -7.500011581.9443   12.1054
    7.5000   37.5000   -7.500010918.7617   12.0990
   -7.5000   45.0000   -7.500010166.0918   12.4651
    0.0000   45.0000   -7.500010708.9580   12.4749
    7.5000   45.0000   -7.500010022.5146   12.4740
   -7.5000  -45.0000    0.000013585.5068    9.9134
    0.0000  -45.0000    0.000014346.2803    9.9174
    7.5000  -45.0000    0.000013816.4502    9.9247
   -7.5000  -37.5000    0.000013764.9541   10.1344
    0.0000  -37.5000    0.000014439.6016   10.1383
    7.5000  -37.5000    0.000013921.7529   10.1415
   -7.5000  -30.0000    0.000014045.0420   10.0559
    0.0000  -30.0000    0.000014684.7188   10.0577
    7.5000  -30.0000    0.000014182.8887   10.0564
   -7.5000  -22.5000    0.000014329.8857    9.9744
    0.0000  -22.5000    0.000014928.4141    9.9723
    7.5000  -22.5000    0.000014448.3066    9.9675
   -7.5000  -15.0000    0.000014693.5957    9.8848
    0.0000  -15.0000    0.000015246.3652    9.8811
    7.5000  -15.0000    0.000014791.0410    9.8775
   -7.5000   -7.5000    0.000015091.7109    9.8143
    0.0000   -7.5000    0.000015689.0264    9.8138
    7.5000   -7.5000    0.000015083.6123    9.8160
   -7.5000    0.0000    0.000015598.4834    9.8035
    0.0000    0.0000    0.000016259.8311    9.8073
    7.5000    0.0000    0.000015449.5654    9.8144
   -7.5000    7.5000    0.000014661.8545   10.1075
    0.0000    7.5000    0.000015361.3721   10.1114
    7.5000    7.5000    0.000014658.8975   10.1147
   -7.5000   15.0000    0.000013752.3506   10.5950
    0.0000   15.0000    0.000014429.5908   10.5964
    7.5000   15.0000    0.000013778.1650   10.5888
   -7.5000   22.5000    0.000012917.9814   11.1414
    0.0000   22.5000    0.000013594.0361   11.1390
    7.5000   22.5000    0.000012891.4443   11.1244
   -7.5000   30.0000    0.000012065.8652   11.5777
    0.0000   30.0000    0.000012719.9150   11.5740
    7.5000   30.0000    0.000011985.9131   11.5606
   -7.5000   37.5000    0.000011543.1338   12.1202
    0.0000   37.5000    0.000012145.4209   12.1224
    7.5000   37.5000    0.000011426.1299   12.1197
   -7.5000   45.0000    0.000010665.6992   12.4761
    0.0000   45.0000    0.000011169.6680   12.4849
    7.5000   45.0000    0.000010475.3936   12.4885
   -7.5000  -45.0000    7.500013082.7568    9.9196
    0.0000  -45.0000    7.500013692.5957    9.9210
    7.5000  -45.0000    7.500013143.9512    9.9260
   -7.5000  -37.5000    7.500013217.6943   10.1447
    0.0000  -37.5000    7.500013809.0225   10.1435
    7.5000  -37.5000    7.500013264.1123   10.1422
   -7.5000  -30.0000    7.500013521.8613   10.0700
    0.0000  -30.0000    7.500014078.7188   10.0648
    7.5000  -30.0000    7.500013541.1367   10.0579
   -7.5000  -22.5000    7.500013822.2773    9.9871
    0.0000  -22.5000    7.500014344.3486    9.9792
    7.5000  -22.5000    7.500013817.5264    9.9703
   -7.5000  -15.0000    7.500014199.4336    9.8925
    0.0000  -15.0000    7.500014701.7021    9.8856
    7.5000  -15.0000    7.500014178.2520    9.8803
   -7.5000   -7.5000    7.500014529.6357    9.8190
    0.0000   -7.5000    7.500015129.0205    9.8167
    7.5000   -7.5000    7.500014494.7178    9.8179
   -7.5000    0.0000    7.500014836.9580    9.8095
    0.0000    0.0000    7.500015538.4346    9.8108
    7.5000    0.0000    7.500014773.9678    9.8158
   -7.5000    7.5000    7.500013864.7148   10.1178
    0.0000    7.5000    7.500014617.8311   10.1165
    7.5000    7.5000    7.500013962.6113   10.1153
   -7.5000   15.0000    7.500013100.0605   10.6081
    0.0000   15.0000    7.500013821.1904   10.6019
    7.5000   15.0000    7.500013161.5664   10.5886
   -7.5000   22.5000    7.500012371.9775   11.1528
    0.0000   22.5000    7.500013046.9814   11.1432
    7.5000   22.5000    7.500012370.8965   11.1241
   -7.5000   30.0000    7.500011570.5742   11.5823
    0.0000   30.0000    7.500012171.2148   11.5737
    7.5000   30.0000    7.500011510.5938   11.5581
   -7.5000   37.5000    7.500011050.0664   12.1216
    0.0000   37.5000    7.500011594.6572   12.1204
    7.5000   37.5000    7.500010955.9258   12.1173
   -7.5000   45.0000    7.500010178.7686   12.4759
    0.0000   45.0000    7.500010657.9697   12.4814
    7.5000   45.0000    7.500010037.7500   12.4847
   -7.5000  -45.0000   15.000012500.2764    9.9314
    0.0000  -45.0000   15.000013002.2344    9.9312
    7.5000  -45.0000   15.000012429.2295    9.9328
   -7.5000  -37.5000   15.000012676.7109   10.1610
    0.0000  -37.5000   15.000013191.5547   10.1573
    7.5000  -37.5000   15.000012594.8496   10.1526
   -7.5000  -30.0000   15.000012983.3896   10.0866
    0.0000  -30.0000   15.000013506.1084   10.0775
    7.5000  -30.0000   15.000012880.5400   10.0678
   -7.5000  -22.5000   15.000013277.3848    9.9990
    0.0000  -22.5000   15.000013806.0615    9.9870
    7.5000  -22.5000   15.000013153.6484    9.9759
   -7.5000  -15.0000   15.000013558.1533    9.8997
    0.0000  -15.0000   15.000014080.8623    9.8895
    7.5000  -15.0000   15.000013419.2441    9.8821
   -7.5000   -7.5000   15.000013771.0117    9.8265
    0.0000   -7.5000   15.000014332.7510    9.8221
    7.5000   -7.5000   15.000013625.9668    9.8206
   -7.5000    0.0000   15.000013860.2695    9.8210
    0.0000    0.0000   15.000014487.9082    9.8208
    7.5000    0.0000   15.000013811.9863    9.8224
   -7.5000    7.5000   15.000012863.2568   10.1340
    0.0000    7.5000   15.000013477.4082   10.1303
    7.5000    7.5000   15.000012985.5195   10.1257
   -7.5000   15.0000   15.000012111.8770   10.6215
    0.0000   15.0000   15.000012661.8428   10.6112
    7.5000   15.0000   15.000012203.7773   10.5953
   -7.5000   22.5000   15.000011431.2178   11.1626
    0.0000   22.5000   15.000011962.1299   11.1476
    7.5000   22.5000   15.000011497.2979   11.1260
   -7.5000   30.0000   15.000010716.0820   11.5856
    0.0000   30.0000   15.000011198.9141   11.5728
    7.5000   30.0000   15.000010740.9121   11.5541
   -7.5000   37.5000   15.000010262.3018   12.1257
    0.0000   37.5000   15.000010701.8027   12.1220
    7.5000   37.5000   15.000010247.3887   12.1151
   -7.5000   45.0000   15.0000 9481.7900   12.4851
    0.0000   45.0000   15.0000 9882.1016   12.4888
    7.5000   45.0000   15.0000 9412.6758   12.4874
   -7.5000  -45.0000   22.500011825.8076    9.9914
    0.0000  -45.0000   22.500012321.6953    9.9924
    7.5000  -45.0000   22.500011748.0430    9.9927
   -7.5000  -37.5000   22.500011999.5469   10.2231
    0.0000  -37.5000   22.500012526.5381   10.2226
    7.5000  -37.5000   22.500011893.5195   10.2191
   -7.5000  -30.0000   22.500012244.3652   10.1439
    0.0000  -30.0000   22.500012821.0625   10.1383
    7.5000  -30.0000   22.500012180.5820   10.1316
   -7.5000  -22.5000   22.500012438.8428   10.0522
    0.0000  -22.5000   22.500013014.5879   10.0418
    7.5000  -22.5000   22.500012357.6162   10.0325
   -7.5000  -15.0000   22.500012614.3574    9.9525
    0.0000  -15.0000   22.500013178.3174    9.9421
    7.5000  -15.0000   22.500012509.8857    9.9340
   -7.5000   -7.5000   22.500012768.9766    9.8823
    0.0000   -7.5000   22.500013323.6484    9.8776
    7.5000   -7.5000   22.500012649.1777    9.8740
   -7.5000    0.0000   22.500012830.1650    9.8796
    0.0000    0.0000   22.500013388.9863    9.8805
    7.5000    0.0000   22.500012747.1045    9.8809
   -7.5000    7.5000   22.500011940.0938   10.1958
    0.0000    7.5000   22.500012440.3584   10.1954
    7.5000    7.5000   22.500011952.7168   10.1919
   -7.5000   15.0000   22.500011217.1973   10.6829
    0.0000   15.0000   22.500011655.5654   10.6762
    7.5000   15.0000   22.500011187.6924   10.6634
   -7.5000   22.5000   22.500010559.4453   11.2288
    0.0000   22.5000   22.500010961.3262   11.2157
    7.5000   22.5000   22.500010508.2236   11.1955
   -7.5000   30.0000   22.5000 9866.6611   11.6590
    0.0000   30.0000   22.500010247.7539   11.6464
    7.5000   30.0000   22.5000 9832.6367   11.6260
   -7.5000   37.5000   22.5000 9434.5264   12.2102
    0.0000   37.5000   22.5000 9787.8701   12.2071
    7.5000   37.5000   22.5000 9406.3906   12.1963
   -7.5000   45.0000   22.5000 8717.5947   12.5841
    0.0000   45.0000   22.5000 9053.0205   12.5890
    7.5000   45.0000   22.5000 8668.7441   12.5830
   -7.5000  -45.0000   30.000010933.8799   10.0999
    0.0000  -45.0000   30.000011447.7793   10.1037
    7.5000  -45.0000   30.000010930.1982   10.1059
   -7.5000  -37.5000   30.000011052.5928   10.3325
    0.0000  -37.5000   30.000011559.7559   10.3374
    7.5000  -37.5000   30.000011007.8135   10.3381
   -7.5000  -30.0000   30.000011288.7393   10.2475
    0.0000  -30.0000   30.000011807.4287   10.2486
    7.5000  -30.0000   30.000011252.0684   10.2473
   -7.5000  -22.5000   30.000011439.5332   10.1549
    0.0000  -22.5000   30.000011978.3262   10.1497
    7.5000  -22.5000   30.000011389.2217   10.1444
   -7.5000  -15.0000   30.000011558.5625   10.0580
    0.0000  -15.0000   30.000012091.2256   10.0502
    7.5000  -15.0000   30.000011477.2441   10.0438
   -7.5000   -7.5000   30.000011678.2061    9.9898
    0.0000   -7.5000   30.000012211.8301    9.9866
    7.5000   -7.5000   30.000011577.4893    9.9836
   -7.5000    0.0000   30.000011727.5156    9.9858
    0.0000    0.0000   30.000012233.4238    9.9894
    7.5000    0.0000   30.000011649.1494    9.9916
   -7.5000    7.5000   30.000010954.0928   10.3046
    0.0000    7.5000   30.000011394.6387   10.3096
    7.5000    7.5000   30.000010905.5439   10.3103
   -7.5000   15.0000   30.000010280.1104   10.8002
    0.0000   15.0000   30.000010682.4033   10.8008
    7.5000   15.0000   30.000010204.7900   10.7932
   -7.5000   22.5000   30.0000 9667.8506   11.3617
    0.0000   22.5000   30.000010025.1172   11.3550
    7.5000   22.5000   30.0000 9557.5801   11.3390
   -7.5000   30.0000   30.0000 9024.0664   11.8125
    0.0000   30.0000   30.0000 9348.8486   11.8037
    7.5000   30.0000   30.0000 8935.6846   11.7851
   -7.5000   37.5000   30.0000 8663.1992   12.3821
    0.0000   37.5000   30.0000 8945.4717   12.3820
    7.5000   37.5000   30.0000 8567.1621   12.3714
   -7.5000   45.0000   30.0000 8023.3462   12.7730
    0.0000   45.0000   30.0000 8301.9014   12.7813
    7.5000   45.0000   30.0000 7935.0879   12.7753
   -7.5000  -45.0000   37.500010394.8486   10.2471
    0.0000  -45.0000   37.500010843.6260   10.2526
    7.5000  -45.0000   37.500010448.8154   10.2595
   -7.5000  -37.5000   37.500010473.8174   10.4822
    0.0000  -37.5000   37.500010904.4707   10.4897
    7.5000  -37.5000   37.500010470.5352   10.4947
   -7.5000  -30.0000   37.500010717.5557   10.3942
    0.0000  -30.0000   37.500011143.4365   10.3992
    7.5000  -30.0000   37.500010699.5840   10.4013
   -7.5000  -22.5000   37.500010903.4678   10.3039
    0.0000  -22.5000   37.500011343.9160   10.3028
    7.5000  -22.5000   37.500010836.9385   10.3005
   -7.5000  -15.0000   37.500011028.9619   10.2094
    0.0000  -15.0000   37.500011507.7236   10.2047
    7.5000  -15.0000   37.500010932.0547   10.2015
   -7.5000   -7.5000   37.500011123.9824   10.1386
    0.0000   -7.5000   37.500011609.3291   10.1374
    7.5000   -7.5000   37.500011012.1973   10.1385
   -7.5000    0.0000   37.500011149.6260   10.1299
    0.0000    0.0000   37.500011596.9521   10.1351
    7.5000    0.0000   37.500011030.4219   10.1418
   -7.5000    7.5000   37.500010399.5293   10.4536
    0.0000    7.5000   37.500010789.2363   10.4611
    7.5000    7.5000   37.500010308.4482   10.4661
   -7.5000   15.0000   37.5000 9760.8252   10.9683
    0.0000   15.0000   37.500010108.9131   10.9731
    7.5000   15.0000   37.5000 9653.3594   10.9687
   -7.5000   22.5000   37.5000 9154.1787   11.5527
    0.0000   22.5000   37.5000 9480.7578   11.5513
    7.5000   22.5000   37.5000 9053.9111   11.5388
   -7.5000   30.0000   37.5000 8562.7822   12.0297
    0.0000   30.0000   37.5000 8855.6191   12.0252
    7.5000   30.0000   37.5000 8461.0234   12.0111
   -7.5000   37.5000   37.5000 8231.9443   12.6209
    0.0000   37.5000   37.5000 8488.2451   12.6236
    7.5000   37.5000   37.5000 8107.7363   12.6184
   -7.5000   45.0000   37.5000 7650.4697   13.0268
    0.0000   45.0000   37.5000 7891.5352   13.0377
    7.5000   45.0000   37.5000 7534.6836   13.0381
   -7.5000  -45.0000   45.0000 9571.1533   10.4868
    0.0000  -45.0000   45.0000 9929.5693   10.4921
    7.5000  -45.0000   45.0000 9615.5615   10.5019
   -7.5000  -37.5000   45.0000 9593.8125   10.7241
    0.0000  -37.5000   45.0000 9951.4902   10.7288
    7.5000  -37.5000   45.0000 9604.3594   10.7341
   -7.5000  -30.0000   45.0000 9808.1953   10.6367
    0.0000  -30.0000   45.000010159.0371   10.6387
    7.5000  -30.0000   45.0000 9805.3926   10.6388
   -7.5000  -22.5000   45.0000 9985.5430   10.5460
    0.0000  -22.5000   45.000010357.7656   10.5441
    7.5000  -22.5000   45.0000 9942.1787   10.5403
   -7.5000  -15.0000   45.000010119.8555   10.4485
    0.0000  -15.0000   45.000010522.2939   10.4451
    7.5000  -15.0000   45.000010035.0762   10.4429
   -7.5000   -7.5000   45.000010209.9121   10.3737
    0.0000   -7.5000   45.000010610.2881   10.3740
    7.5000   -7.5000   45.000010090.7188   10.3782
   -7.5000    0.0000   45.000010206.1514   10.3636
    0.0000    0.0000   45.000010596.1055   10.3685
    7.5000    0.0000   45.000010087.0859   10.3782
   -7.5000    7.5000   45.0000 9496.8770   10.6940
    0.0000    7.5000   45.0000 9873.7969   10.6987
    7.5000    7.5000   45.0000 9404.0586   10.7040
   -7.5000   15.0000   45.0000 8903.2471   11.2223
    0.0000   15.0000   45.0000 9244.6006   11.2238
    7.5000   15.0000   45.0000 8823.3145   11.2167
   -7.5000   22.5000   45.0000 8347.5098   11.8187
    0.0000   22.5000   45.0000 8641.1738   11.8160
    7.5000   22.5000   45.0000 8284.4941   11.8015
   -7.5000   30.0000   45.0000 7803.5454   12.3084
    0.0000   30.0000   45.0000 8068.8003   12.3047
    7.5000   30.0000   45.0000 7721.3877   12.2919
   -7.5000   37.5000   45.0000 7500.5703   12.9264
    0.0000   37.5000   45.0000 7733.3721   12.9298
    7.5000   37.5000   45.0000 7374.4741   12.9293
   -7.5000   45.0000   45.0000 6970.3076   13.3531
    0.0000   45.0000   45.0000 7180.0781   13.3637
    7.5000   45.0000   45.0000 6855.8589   13.3705

---------------------------------------------------------------------
imgreg_4dfp /opt/freesurfer/average/711-2C_as_mni_average_305 /opt/freesurfer/average/711-2B_as_mni_average_305_mask talsrcimg_g11 none talsrcimg_to_711-2C_as_mni_average_305_t4 4355
---------------------------------------------------------------------

freesurfer imgreg_4dfp.c
/opt/freesurfer/average/711-2C_as_mni_average_305.4dfp.img
       256       256       256         1
  1.000000  1.000000  1.000000
orientation T byte_order littleendian
Reading image: /opt/freesurfer/average/711-2C_as_mni_average_305.4dfp.img
dimensions:      256       256       256
mmppix:       1.0000   -1.0000   -1.0000
center:     128.0000 -129.0000 -129.0000
/opt/freesurfer/average/711-2B_as_mni_average_305_mask.4dfp.img
       256       256       256         1
  1.000000  1.000000  1.000000
orientation T byte_order littleendian
Reading mask: /opt/freesurfer/average/711-2B_as_mni_average_305_mask.4dfp.img (2306576 pixels)
talsrcimg_g11.4dfp.img
       256       256       256         1
  1.000000  1.000000  1.000000
orientation T byte_order littleendian
Reading image: talsrcimg_g11.4dfp.img
dimensions:      256       256       256
mmppix:       1.0000   -1.0000   -1.0000
center:     128.0000 -129.0000 -129.0000
rotation matrix determinant  1.000000
image alignment mode   4355 decimal     1103 hex
   -7.5000  -45.0000  -45.0000 2240.6062   13.4985
    0.0000  -45.0000  -45.0000 2259.4177   13.3721
    7.5000  -45.0000  -45.0000 2259.2197   13.4024
   -7.5000  -37.5000  -45.0000 2271.0508   13.6056
    0.0000  -37.5000  -45.0000 2284.8955   13.5254
    7.5000  -37.5000  -45.0000 2282.9297   13.4778
   -7.5000  -30.0000  -45.0000 2293.8716   13.7562
    0.0000  -30.0000  -45.0000 2309.1069   13.6488
    7.5000  -30.0000  -45.0000 2298.5640   13.6387
   -7.5000  -22.5000  -45.0000 2313.2400   13.8322
    0.0000  -22.5000  -45.0000 2337.0100   13.7630
    7.5000  -22.5000  -45.0000 2319.2825   13.7515
   -7.5000  -15.0000  -45.0000 2342.4819   13.7899
    0.0000  -15.0000  -45.0000 2359.4414   13.7704
    7.5000  -15.0000  -45.0000 2330.4216   13.8297
   -7.5000   -7.5000  -45.0000 2367.6909   13.9215
    0.0000   -7.5000  -45.0000 2373.8474   13.9168
    7.5000   -7.5000  -45.0000 2343.2979   14.0030
   -7.5000    0.0000  -45.0000 2377.9590   14.1046
    0.0000    0.0000  -45.0000 2372.3735   14.1012
    7.5000    0.0000  -45.0000 2337.9370   14.1530
   -7.5000    7.5000  -45.0000 2372.0725   14.3930
    0.0000    7.5000  -45.0000 2365.0603   14.4253
    7.5000    7.5000  -45.0000 2336.1580   14.4602
   -7.5000   15.0000  -45.0000 2355.6177   14.7663
    0.0000   15.0000  -45.0000 2354.6836   14.8513
    7.5000   15.0000  -45.0000 2321.6909   14.9063
   -7.5000   22.5000  -45.0000 2339.3298   15.3344
    0.0000   22.5000  -45.0000 2334.1504   15.3482
    7.5000   22.5000  -45.0000 2298.1809   15.4025
   -7.5000   30.0000  -45.0000 2292.4277   15.9570
    0.0000   30.0000  -45.0000 2289.9954   15.9837
    7.5000   30.0000  -45.0000 2248.2502   16.0620
   -7.5000   37.5000  -45.0000 2228.6753   16.7303
    0.0000   37.5000  -45.0000 2221.5962   16.7516
    7.5000   37.5000  -45.0000 2180.3416   16.9095
   -7.5000   45.0000  -45.0000 2127.8420   17.9859
    0.0000   45.0000  -45.0000 2123.8660   17.9814
    7.5000   45.0000  -45.0000 2085.6377   18.2358
   -7.5000  -45.0000  -37.5000 2320.2161   12.4631
    0.0000  -45.0000  -37.5000 2342.0010   12.3203
    7.5000  -45.0000  -37.5000 2338.1433   12.3389
   -7.5000  -37.5000  -37.5000 2352.5671   12.5833
    0.0000  -37.5000  -37.5000 2375.2324   12.4581
    7.5000  -37.5000  -37.5000 2365.2544   12.4646
   -7.5000  -30.0000  -37.5000 2370.0156   12.7161
    0.0000  -30.0000  -37.5000 2391.0381   12.5993
    7.5000  -30.0000  -37.5000 2378.3340   12.6234
   -7.5000  -22.5000  -37.5000 2386.0532   12.7523
    0.0000  -22.5000  -37.5000 2412.5366   12.6651
    7.5000  -22.5000  -37.5000 2398.1802   12.6991
   -7.5000  -15.0000  -37.5000 2413.1672   12.7572
    0.0000  -15.0000  -37.5000 2436.9380   12.7383
    7.5000  -15.0000  -37.5000 2411.0610   12.7989
   -7.5000   -7.5000  -37.5000 2449.1421   12.8340
    0.0000   -7.5000  -37.5000 2457.2285   12.8284
    7.5000   -7.5000  -37.5000 2424.9541   12.8960
   -7.5000    0.0000  -37.5000 2464.5098   12.9910
    0.0000    0.0000  -37.5000 2458.9604   13.0063
    7.5000    0.0000  -37.5000 2423.2061   13.0389
   -7.5000    7.5000  -37.5000 2460.7559   13.2641
    0.0000    7.5000  -37.5000 2443.5876   13.3248
    7.5000    7.5000  -37.5000 2419.3967   13.3180
   -7.5000   15.0000  -37.5000 2448.7302   13.7382
    0.0000   15.0000  -37.5000 2440.7485   13.7841
    7.5000   15.0000  -37.5000 2410.4138   13.7803
   -7.5000   22.5000  -37.5000 2435.6558   14.2946
    0.0000   22.5000  -37.5000 2430.7395   14.3201
    7.5000   22.5000  -37.5000 2391.0718   14.3620
   -7.5000   30.0000  -37.5000 2381.3135   14.9019
    0.0000   30.0000  -37.5000 2376.9863   14.9132
    7.5000   30.0000  -37.5000 2333.4836   14.9763
   -7.5000   37.5000  -37.5000 2307.2239   15.6356
    0.0000   37.5000  -37.5000 2302.7144   15.6432
    7.5000   37.5000  -37.5000 2264.4854   15.7780
   -7.5000   45.0000  -37.5000 2210.4263   16.7697
    0.0000   45.0000  -37.5000 2211.5234   16.7655
    7.5000   45.0000  -37.5000 2178.2676   17.0081
   -7.5000  -45.0000  -30.0000 2435.5356   11.9559
    0.0000  -45.0000  -30.0000 2465.4358   11.8413
    7.5000  -45.0000  -30.0000 2460.8401   11.8413
   -7.5000  -37.5000  -30.0000 2465.5042   12.0895
    0.0000  -37.5000  -30.0000 2494.9187   11.9675
    7.5000  -37.5000  -30.0000 2484.6658   12.0117
   -7.5000  -30.0000  -30.0000 2484.7026   12.2450
    0.0000  -30.0000  -30.0000 2505.4060   12.1060
    7.5000  -30.0000  -30.0000 2496.0674   12.1527
   -7.5000  -22.5000  -30.0000 2507.5764   12.2611
    0.0000  -22.5000  -30.0000 2527.3345   12.1562
    7.5000  -22.5000  -30.0000 2511.4329   12.2167
   -7.5000  -15.0000  -30.0000 2537.7622   12.2824
    0.0000  -15.0000  -30.0000 2548.0520   12.2307
    7.5000  -15.0000  -30.0000 2523.1079   12.2708
   -7.5000   -7.5000  -30.0000 2566.8357   12.3346
    0.0000   -7.5000  -30.0000 2567.0530   12.2895
    7.5000   -7.5000  -30.0000 2539.4263   12.3497
   -7.5000    0.0000  -30.0000 2583.9302   12.4114
    0.0000    0.0000  -30.0000 2578.6030   12.3924
    7.5000    0.0000  -30.0000 2540.8022   12.4659
   -7.5000    7.5000  -30.0000 2588.5945   12.6924
    0.0000    7.5000  -30.0000 2577.4700   12.7438
    7.5000    7.5000  -30.0000 2543.6309   12.7723
   -7.5000   15.0000  -30.0000 2586.9907   13.2254
    0.0000   15.0000  -30.0000 2579.8132   13.2693
    7.5000   15.0000  -30.0000 2540.5955   13.2617
   -7.5000   22.5000  -30.0000 2576.9746   13.8185
    0.0000   22.5000  -30.0000 2569.7639   13.8262
    7.5000   22.5000  -30.0000 2522.8069   13.8255
   -7.5000   30.0000  -30.0000 2517.7222   14.4570
    0.0000   30.0000  -30.0000 2510.2156   14.3930
    7.5000   30.0000  -30.0000 2463.0820   14.4582
   -7.5000   37.5000  -30.0000 2430.4995   15.2184
    0.0000   37.5000  -30.0000 2425.2554   15.1582
    7.5000   37.5000  -30.0000 2386.3472   15.3150
   -7.5000   45.0000  -30.0000 2322.5793   16.3265
    0.0000   45.0000  -30.0000 2332.2427   16.2948
    7.5000   45.0000  -30.0000 2290.1082   16.5077
   -7.5000  -45.0000  -22.5000 2534.4124   11.4707
    0.0000  -45.0000  -22.5000 2563.0332   11.3179
    7.5000  -45.0000  -22.5000 2558.8625   11.3814
   -7.5000  -37.5000  -22.5000 2554.4080   11.6016
    0.0000  -37.5000  -22.5000 2579.5271   11.4390
    7.5000  -37.5000  -22.5000 2576.2939   11.5497
   -7.5000  -30.0000  -22.5000 2570.3333   11.7309
    0.0000  -30.0000  -22.5000 2588.1191   11.5426
    7.5000  -30.0000  -22.5000 2581.7236   11.6490
   -7.5000  -22.5000  -22.5000 2588.9526   11.6889
    0.0000  -22.5000  -22.5000 2608.3152   11.5422
    7.5000  -22.5000  -22.5000 2592.1042   11.6508
   -7.5000  -15.0000  -22.5000 2615.9382   11.7152
    0.0000  -15.0000  -22.5000 2629.6582   11.5971
    7.5000  -15.0000  -22.5000 2606.0977   11.7088
   -7.5000   -7.5000  -22.5000 2654.7053   11.7864
    0.0000   -7.5000  -22.5000 2653.6653   11.6863
    7.5000   -7.5000  -22.5000 2627.0696   11.7856
   -7.5000    0.0000  -22.5000 2678.0120   11.8615
    0.0000    0.0000  -22.5000 2679.2119   11.7850
    7.5000    0.0000  -22.5000 2632.5063   11.9346
   -7.5000    7.5000  -22.5000 2700.7529   12.1245
    0.0000    7.5000  -22.5000 2696.3232   12.1012
    7.5000    7.5000  -22.5000 2641.8633   12.2631
   -7.5000   15.0000  -22.5000 2713.9480   12.6853
    0.0000   15.0000  -22.5000 2698.4719   12.6501
    7.5000   15.0000  -22.5000 2640.7371   12.7627
   -7.5000   22.5000  -22.5000 2688.7705   13.2817
    0.0000   22.5000  -22.5000 2668.4482   13.2247
    7.5000   22.5000  -22.5000 2621.1750   13.2882
   -7.5000   30.0000  -22.5000 2625.9800   13.9047
    0.0000   30.0000  -22.5000 2600.8074   13.8539
    7.5000   30.0000  -22.5000 2561.0322   13.9770
   -7.5000   37.5000  -22.5000 2532.2886   14.6908
    0.0000   37.5000  -22.5000 2521.1042   14.6364
    7.5000   37.5000  -22.5000 2476.0693   14.8325
   -7.5000   45.0000  -22.5000 2412.5901   15.9209
    0.0000   45.0000  -22.5000 2414.9673   15.8416
    7.5000   45.0000  -22.5000 2370.9702   16.0950
   -7.5000  -45.0000  -15.0000 2592.5579   10.9765
    0.0000  -45.0000  -15.0000 2624.1121   10.7785
    7.5000  -45.0000  -15.0000 2620.8140   10.8731
   -7.5000  -37.5000  -15.0000 2605.5886   11.0991
    0.0000  -37.5000  -15.0000 2634.9780   10.8873
    7.5000  -37.5000  -15.0000 2633.5798   11.0246
   -7.5000  -30.0000  -15.0000 2611.9626   11.1991
    0.0000  -30.0000  -15.0000 2640.6145   10.9776
    7.5000  -30.0000  -15.0000 2633.2351   11.1013
   -7.5000  -22.5000  -15.0000 2626.8928   11.1693
    0.0000  -22.5000  -15.0000 2654.9663   10.9517
    7.5000  -22.5000  -15.0000 2642.9954   11.0988
   -7.5000  -15.0000  -15.0000 2664.8889   11.1929
    0.0000  -15.0000  -15.0000 2675.0349   11.0011
    7.5000  -15.0000  -15.0000 2655.8359   11.1716
   -7.5000   -7.5000  -15.0000 2702.9924   11.3327
    0.0000   -7.5000  -15.0000 2705.0747   11.1328
    7.5000   -7.5000  -15.0000 2680.3982   11.3114
   -7.5000    0.0000  -15.0000 2742.2739   11.4942
    0.0000    0.0000  -15.0000 2744.8979   11.3098
    7.5000    0.0000  -15.0000 2696.5833   11.5330
   -7.5000    7.5000  -15.0000 2778.5317   11.6925
    0.0000    7.5000  -15.0000 2770.1130   11.5292
    7.5000    7.5000  -15.0000 2710.6528   11.8478
   -7.5000   15.0000  -15.0000 2783.9021   12.1958
    0.0000   15.0000  -15.0000 2761.0432   12.0494
    7.5000   15.0000  -15.0000 2703.6072   12.3734
   -7.5000   22.5000  -15.0000 2753.6917   12.7481
    0.0000   22.5000  -15.0000 2733.6265   12.6399
    7.5000   22.5000  -15.0000 2677.5637   12.9082
   -7.5000   30.0000  -15.0000 2680.7952   13.3417
    0.0000   30.0000  -15.0000 2664.7815   13.2741
    7.5000   30.0000  -15.0000 2614.3293   13.5694
   -7.5000   37.5000  -15.0000 2580.9690   14.2276
    0.0000   37.5000  -15.0000 2571.6802   14.1608
    7.5000   37.5000  -15.0000 2527.7056   14.4735
   -7.5000   45.0000  -15.0000 2450.9045   15.5291
    0.0000   45.0000  -15.0000 2448.7737   15.4206
    7.5000   45.0000  -15.0000 2419.7373   15.7308
   -7.5000  -45.0000   -7.5000 2632.0024   10.5158
    0.0000  -45.0000   -7.5000 2665.2639   10.2572
    7.5000  -45.0000   -7.5000 2666.3152   10.3658
   -7.5000  -37.5000   -7.5000 2631.8516   10.5885
    0.0000  -37.5000   -7.5000 2662.0986   10.3220
    7.5000  -37.5000   -7.5000 2666.9216   10.4453
   -7.5000  -30.0000   -7.5000 2631.4573   10.6375
    0.0000  -30.0000   -7.5000 2656.9482   10.3853
    7.5000  -30.0000   -7.5000 2657.2275   10.4947
   -7.5000  -22.5000   -7.5000 2646.0200   10.6719
    0.0000  -22.5000   -7.5000 2669.2075   10.3933
    7.5000  -22.5000   -7.5000 2665.2690   10.5496
   -7.5000  -15.0000   -7.5000 2687.4832   10.7368
    0.0000  -15.0000   -7.5000 2694.9160   10.4671
    7.5000  -15.0000   -7.5000 2683.2817   10.6752
   -7.5000   -7.5000   -7.5000 2732.3711   10.9461
    0.0000   -7.5000   -7.5000 2732.6992   10.6625
    7.5000   -7.5000   -7.5000 2715.2786   10.8878
   -7.5000    0.0000   -7.5000 2774.2888   11.3118
    0.0000    0.0000   -7.5000 2769.4829   11.0065
    7.5000    0.0000   -7.5000 2741.1907   11.2255
   -7.5000    7.5000   -7.5000 2810.9456   11.5352
    0.0000    7.5000   -7.5000 2797.4036   11.2649
    7.5000    7.5000   -7.5000 2757.7861   11.6569
   -7.5000   15.0000   -7.5000 2813.6323   11.8044
    0.0000   15.0000   -7.5000 2788.6926   11.6335
    7.5000   15.0000   -7.5000 2745.3127   12.1150
   -7.5000   22.5000   -7.5000 2770.8259   12.2415
    0.0000   22.5000   -7.5000 2759.5898   12.1470
    7.5000   22.5000   -7.5000 2707.8533   12.5782
   -7.5000   30.0000   -7.5000 2693.2219   12.9325
    0.0000   30.0000   -7.5000 2697.3071   12.8778
    7.5000   30.0000   -7.5000 2639.0215   13.2045
   -7.5000   37.5000   -7.5000 2591.2610   13.9070
    0.0000   37.5000   -7.5000 2591.9385   13.8927
    7.5000   37.5000   -7.5000 2550.0798   14.1397
   -7.5000   45.0000   -7.5000 2459.1396   15.2420
    0.0000   45.0000   -7.5000 2458.2527   15.1970
    7.5000   45.0000   -7.5000 2431.1685   15.4334
   -7.5000  -45.0000    0.0000 2657.7148   10.2045
    0.0000  -45.0000    0.0000 2690.7891    9.9059
    7.5000  -45.0000    0.0000 2694.8645    9.9543
   -7.5000  -37.5000    0.0000 2656.2983   10.2689
    0.0000  -37.5000    0.0000 2681.6609    9.9322
    7.5000  -37.5000    0.0000 2685.7468   10.0229
   -7.5000  -30.0000    0.0000 2646.9685   10.2993
    0.0000  -30.0000    0.0000 2668.1379    9.9463
    7.5000  -30.0000    0.0000 2670.8972   10.0911
   -7.5000  -22.5000    0.0000 2661.4546   10.3518
    0.0000  -22.5000    0.0000 2669.5505    9.9770
    7.5000  -22.5000    0.0000 2667.8398   10.1790
   -7.5000  -15.0000    0.0000 2697.5503   10.4862
    0.0000  -15.0000    0.0000 2686.5916   10.1175
    7.5000  -15.0000    0.0000 2680.5610   10.3539
   -7.5000   -7.5000    0.0000 2739.3076   10.7818
    0.0000   -7.5000    0.0000 2723.6331   10.4413
    7.5000   -7.5000    0.0000 2714.0933   10.7080
   -7.5000    0.0000    0.0000 2783.6028   11.2774
    0.0000    0.0000    0.0000 2768.2278   10.9872
    7.5000    0.0000    0.0000 2755.3467   11.2518
   -7.5000    7.5000    0.0000 2808.8545   11.6105
    0.0000    7.5000    0.0000 2803.6455   11.4495
    7.5000    7.5000    0.0000 2771.4087   11.7359
   -7.5000   15.0000    0.0000 2810.4102   11.7946
    0.0000   15.0000    0.0000 2799.7529   11.7142
    7.5000   15.0000    0.0000 2752.7500   12.1147
   -7.5000   22.5000    0.0000 2779.1836   12.2317
    0.0000   22.5000    0.0000 2778.8215   12.1629
    7.5000   22.5000    0.0000 2723.2935   12.5247
   -7.5000   30.0000    0.0000 2698.4373   12.9359
    0.0000   30.0000    0.0000 2708.2104   12.8453
    7.5000   30.0000    0.0000 2649.5364   13.1288
   -7.5000   37.5000    0.0000 2593.4182   13.8914
    0.0000   37.5000    0.0000 2596.2866   13.7695
    7.5000   37.5000    0.0000 2551.6599   14.0558
   -7.5000   45.0000    0.0000 2457.9312   15.2161
    0.0000   45.0000    0.0000 2455.4692   15.1483
    7.5000   45.0000    0.0000 2428.3796   15.3582
   -7.5000  -45.0000    7.5000 2677.0066   10.0740
    0.0000  -45.0000    7.5000 2706.7261    9.6877
    7.5000  -45.0000    7.5000 2705.1719    9.7153
   -7.5000  -37.5000    7.5000 2672.1230   10.2008
    0.0000  -37.5000    7.5000 2699.6519    9.7748
    7.5000  -37.5000    7.5000 2693.1047    9.8465
   -7.5000  -30.0000    7.5000 2661.1245   10.2446
    0.0000  -30.0000    7.5000 2677.9802    9.8344
    7.5000  -30.0000    7.5000 2668.1521    9.9723
   -7.5000  -22.5000    7.5000 2675.8726   10.3607
    0.0000  -22.5000    7.5000 2670.5237    9.9715
    7.5000  -22.5000    7.5000 2661.2048   10.1495
   -7.5000  -15.0000    7.5000 2710.2178   10.5314
    0.0000  -15.0000    7.5000 2687.7827   10.1994
    7.5000  -15.0000    7.5000 2678.1709   10.4058
   -7.5000   -7.5000    7.5000 2737.8184   10.8575
    0.0000   -7.5000    7.5000 2717.8020   10.5803
    7.5000   -7.5000    7.5000 2709.4800   10.8037
   -7.5000    0.0000    7.5000 2767.8765   11.3289
    0.0000    0.0000    7.5000 2758.0691   11.1176
    7.5000    0.0000    7.5000 2736.5203   11.3396
   -7.5000    7.5000    7.5000 2781.5852   11.6551
    0.0000    7.5000    7.5000 2778.3640   11.5481
    7.5000    7.5000    7.5000 2744.8591   11.8692
   -7.5000   15.0000    7.5000 2788.3489   12.0519
    0.0000   15.0000    7.5000 2771.8035   11.9876
    7.5000   15.0000    7.5000 2728.4717   12.3659
   -7.5000   22.5000    7.5000 2761.5078   12.6536
    0.0000   22.5000    7.5000 2753.7754   12.5697
    7.5000   22.5000    7.5000 2703.9714   12.8371
   -7.5000   30.0000    7.5000 2678.5222   13.3338
    0.0000   30.0000    7.5000 2682.9531   13.2732
    7.5000   30.0000    7.5000 2626.3806   13.4876
   -7.5000   37.5000    7.5000 2572.8499   14.2135
    0.0000   37.5000    7.5000 2573.4749   14.1071
    7.5000   37.5000    7.5000 2527.5642   14.3537
   -7.5000   45.0000    7.5000 2441.6182   15.4251
    0.0000   45.0000    7.5000 2442.6685   15.3312
    7.5000   45.0000    7.5000 2397.2539   15.5487
   -7.5000  -45.0000   15.0000 2690.0742   10.2488
    0.0000  -45.0000   15.0000 2705.5920    9.8034
    7.5000  -45.0000   15.0000 2705.2930    9.7415
   -7.5000  -37.5000   15.0000 2688.9202   10.4373
    0.0000  -37.5000   15.0000 2704.2109    9.9830
    7.5000  -37.5000   15.0000 2692.4639    9.9748
   -7.5000  -30.0000   15.0000 2675.1335   10.5058
    0.0000  -30.0000   15.0000 2684.5723   10.1061
    7.5000  -30.0000   15.0000 2664.6062   10.1572
   -7.5000  -22.5000   15.0000 2683.7358   10.6297
    0.0000  -22.5000   15.0000 2681.4661   10.2630
    7.5000  -22.5000   15.0000 2655.1501   10.3583
   -7.5000  -15.0000   15.0000 2698.2556   10.7907
    0.0000  -15.0000   15.0000 2690.6370   10.4716
    7.5000  -15.0000   15.0000 2664.9099   10.6041
   -7.5000   -7.5000   15.0000 2717.0044   11.0479
    0.0000   -7.5000   15.0000 2703.9683   10.7976
    7.5000   -7.5000   15.0000 2683.5964   10.9821
   -7.5000    0.0000   15.0000 2735.1516   11.4417
    0.0000    0.0000   15.0000 2722.5637   11.2499
    7.5000    0.0000   15.0000 2699.9675   11.5005
   -7.5000    7.5000   15.0000 2737.9319   11.7663
    0.0000    7.5000   15.0000 2724.6392   11.6594
    7.5000    7.5000   15.0000 2702.0149   12.0389
   -7.5000   15.0000   15.0000 2732.5410   12.3478
    0.0000   15.0000   15.0000 2711.1726   12.2200
    7.5000   15.0000   15.0000 2682.4573   12.6079
   -7.5000   22.5000   15.0000 2698.6912   13.0524
    0.0000   22.5000   15.0000 2687.1743   12.9003
    7.5000   22.5000   15.0000 2649.1541   13.2427
   -7.5000   30.0000   15.0000 2619.8284   13.8052
    0.0000   30.0000   15.0000 2610.6074   13.6675
    7.5000   30.0000   15.0000 2576.5527   14.0041
   -7.5000   37.5000   15.0000 2516.9319   14.7481
    0.0000   37.5000   15.0000 2511.1470   14.6453
    7.5000   37.5000   15.0000 2481.3989   14.9603
   -7.5000   45.0000   15.0000 2405.7405   15.9410
    0.0000   45.0000   15.0000 2405.8743   15.8809
    7.5000   45.0000   15.0000 2361.7285   16.1540
   -7.5000  -45.0000   22.5000 2696.5332   10.5406
    0.0000  -45.0000   22.5000 2715.1938   10.1313
    7.5000  -45.0000   22.5000 2705.9248   10.0180
   -7.5000  -37.5000   22.5000 2689.3755   10.7617
    0.0000  -37.5000   22.5000 2710.7354   10.3919
    7.5000  -37.5000   22.5000 2689.9583   10.2951
   -7.5000  -30.0000   22.5000 2664.3584   10.8524
    0.0000  -30.0000   22.5000 2689.7957   10.5089
    7.5000  -30.0000   22.5000 2666.5044   10.4966
   -7.5000  -22.5000   22.5000 2659.7522   10.9209
    0.0000  -22.5000   22.5000 2676.1680   10.6123
    7.5000  -22.5000   22.5000 2649.6047   10.6570
   -7.5000  -15.0000   22.5000 2662.0164   11.0717
    0.0000  -15.0000   22.5000 2671.2939   10.7999
    7.5000  -15.0000   22.5000 2647.1306   10.8942
   -7.5000   -7.5000   22.5000 2681.5669   11.3423
    0.0000   -7.5000   22.5000 2679.4033   11.1201
    7.5000   -7.5000   22.5000 2660.1169   11.2610
   -7.5000    0.0000   22.5000 2688.1694   11.7418
    0.0000    0.0000   22.5000 2687.3623   11.5470
    7.5000    0.0000   22.5000 2657.0681   11.7739
   -7.5000    7.5000   22.5000 2683.6223   12.1415
    0.0000    7.5000   22.5000 2674.2563   12.0172
    7.5000    7.5000   22.5000 2649.5422   12.3475
   -7.5000   15.0000   22.5000 2672.2920   12.7543
    0.0000   15.0000   22.5000 2652.9167   12.6315
    7.5000   15.0000   22.5000 2625.7324   12.9714
   -7.5000   22.5000   22.5000 2634.9114   13.4972
    0.0000   22.5000   22.5000 2621.2319   13.3609
    7.5000   22.5000   22.5000 2589.1736   13.6940
   -7.5000   30.0000   22.5000 2554.7217   14.3464
    0.0000   30.0000   22.5000 2546.7224   14.1973
    7.5000   30.0000   22.5000 2518.1721   14.5569
   -7.5000   37.5000   22.5000 2464.1108   15.3057
    0.0000   37.5000   22.5000 2462.0081   15.2052
    7.5000   37.5000   22.5000 2431.4180   15.5231
   -7.5000   45.0000   22.5000 2359.7058   16.5700
    0.0000   45.0000   22.5000 2366.9131   16.4652
    7.5000   45.0000   22.5000 2326.5933   16.8200
   -7.5000  -45.0000   30.0000 2668.6116   10.8724
    0.0000  -45.0000   30.0000 2700.2305   10.5159
    7.5000  -45.0000   30.0000 2690.1846   10.3914
   -7.5000  -37.5000   30.0000 2656.8647   11.0672
    0.0000  -37.5000   30.0000 2682.8362   10.7349
    7.5000  -37.5000   30.0000 2674.8232   10.6576
   -7.5000  -30.0000   30.0000 2632.7141   11.1920
    0.0000  -30.0000   30.0000 2661.9229   10.8671
    7.5000  -30.0000   30.0000 2653.4927   10.8725
   -7.5000  -22.5000   30.0000 2626.1433   11.2966
    0.0000  -22.5000   30.0000 2648.7581   10.9964
    7.5000  -22.5000   30.0000 2631.0884   11.0464
   -7.5000  -15.0000   30.0000 2619.7754   11.4738
    0.0000  -15.0000   30.0000 2639.0229   11.2010
    7.5000  -15.0000   30.0000 2618.3291   11.2824
   -7.5000   -7.5000   30.0000 2627.5874   11.7639
    0.0000   -7.5000   30.0000 2638.9895   11.5454
    7.5000   -7.5000   30.0000 2612.3977   11.6900
   -7.5000    0.0000   30.0000 2624.2288   12.1854
    0.0000    0.0000   30.0000 2631.7913   12.0057
    7.5000    0.0000   30.0000 2601.4011   12.2119
   -7.5000    7.5000   30.0000 2614.4465   12.6601
    0.0000    7.5000   30.0000 2611.7295   12.5277
    7.5000    7.5000   30.0000 2591.2695   12.7939
   -7.5000   15.0000   30.0000 2587.3127   13.3491
    0.0000   15.0000   30.0000 2585.5168   13.2140
    7.5000   15.0000   30.0000 2552.5068   13.5011
   -7.5000   22.5000   30.0000 2552.4028   14.1443
    0.0000   22.5000   30.0000 2547.3074   14.0222
    7.5000   22.5000   30.0000 2507.4346   14.3091
   -7.5000   30.0000   30.0000 2484.2310   15.0194
    0.0000   30.0000   30.0000 2476.2830   14.8617
    7.5000   30.0000   30.0000 2448.4631   15.1957
   -7.5000   37.5000   30.0000 2410.7131   16.0101
    0.0000   37.5000   30.0000 2406.6362   15.8419
    7.5000   37.5000   30.0000 2374.9177   16.1726
   -7.5000   45.0000   30.0000 2318.4263   17.3009
    0.0000   45.0000   30.0000 2316.5894   17.1819
    7.5000   45.0000   30.0000 2276.5850   17.5585
   -7.5000  -45.0000   37.5000 2621.4531   11.2599
    0.0000  -45.0000   37.5000 2650.9082   10.8544
    7.5000  -45.0000   37.5000 2654.0146   10.7876
   -7.5000  -37.5000   37.5000 2608.7407   11.4365
    0.0000  -37.5000   37.5000 2636.6003   11.0856
    7.5000  -37.5000   37.5000 2643.2065   11.0257
   -7.5000  -30.0000   37.5000 2591.5981   11.6316
    0.0000  -30.0000   37.5000 2615.3088   11.3105
    7.5000  -30.0000   37.5000 2616.6365   11.2845
   -7.5000  -22.5000   37.5000 2581.0632   11.8100
    0.0000  -22.5000   37.5000 2603.5010   11.5142
    7.5000  -22.5000   37.5000 2590.3396   11.5003
   -7.5000  -15.0000   37.5000 2572.1958   11.9931
    0.0000  -15.0000   37.5000 2594.5564   11.7505
    7.5000  -15.0000   37.5000 2572.8728   11.8002
   -7.5000   -7.5000   37.5000 2569.0662   12.3412
    0.0000   -7.5000   37.5000 2586.8635   12.0971
    7.5000   -7.5000   37.5000 2561.5024   12.2255
   -7.5000    0.0000   37.5000 2554.8999   12.7880
    0.0000    0.0000   37.5000 2562.1028   12.5923
    7.5000    0.0000   37.5000 2534.9783   12.7768
   -7.5000    7.5000   37.5000 2529.9507   13.3284
    0.0000    7.5000   37.5000 2535.9893   13.1675
    7.5000    7.5000   37.5000 2515.1914   13.4122
   -7.5000   15.0000   37.5000 2497.2803   14.1012
    0.0000   15.0000   37.5000 2501.7891   13.9428
    7.5000   15.0000   37.5000 2473.8123   14.2269
   -7.5000   22.5000   37.5000 2464.5547   14.9589
    0.0000   22.5000   37.5000 2460.9451   14.8339
    7.5000   22.5000   37.5000 2434.7107   15.1231
   -7.5000   30.0000   37.5000 2406.2532   15.8757
    0.0000   30.0000   37.5000 2399.8218   15.7633
    7.5000   30.0000   37.5000 2372.9529   16.0352
   -7.5000   37.5000   37.5000 2341.9414   16.9307
    0.0000   37.5000   37.5000 2334.9661   16.7737
    7.5000   37.5000   37.5000 2303.4509   17.1186
   -7.5000   45.0000   37.5000 2258.9116   18.2691
    0.0000   45.0000   37.5000 2250.5769   18.1568
    7.5000   45.0000   37.5000 2219.6399   18.5295
   -7.5000  -45.0000   45.0000 2570.0664   11.7959
    0.0000  -45.0000   45.0000 2589.8738   11.3543
    7.5000  -45.0000   45.0000 2592.7695   11.3234
   -7.5000  -37.5000   45.0000 2550.6804   11.9720
    0.0000  -37.5000   45.0000 2575.4929   11.5607
    7.5000  -37.5000   45.0000 2579.2920   11.5624
   -7.5000  -30.0000   45.0000 2529.0410   12.1704
    0.0000  -30.0000   45.0000 2550.8235   11.8041
    7.5000  -30.0000   45.0000 2558.6096   11.8284
   -7.5000  -22.5000   45.0000 2512.3452   12.3793
    0.0000  -22.5000   45.0000 2537.2759   12.0661
    7.5000  -22.5000   45.0000 2531.0430   12.0687
   -7.5000  -15.0000   45.0000 2508.2656   12.6294
    0.0000  -15.0000   45.0000 2529.6597   12.3545
    7.5000  -15.0000   45.0000 2512.3813   12.4135
   -7.5000   -7.5000   45.0000 2498.0999   13.0296
    0.0000   -7.5000   45.0000 2513.4043   12.8046
    7.5000   -7.5000   45.0000 2489.6243   12.9171
   -7.5000    0.0000   45.0000 2472.0930   13.5534
    0.0000    0.0000   45.0000 2479.0872   13.3566
    7.5000    0.0000   45.0000 2461.1873   13.4991
   -7.5000    7.5000   45.0000 2438.5864   14.1832
    0.0000    7.5000   45.0000 2443.9844   14.0210
    7.5000    7.5000   45.0000 2427.5100   14.2375
   -7.5000   15.0000   45.0000 2399.1243   15.0434
    0.0000   15.0000   45.0000 2405.1797   14.8983
    7.5000   15.0000   45.0000 2388.5994   15.1663
   -7.5000   22.5000   45.0000 2364.8872   15.9747
    0.0000   22.5000   45.0000 2359.4043   15.8652
    7.5000   22.5000   45.0000 2350.7324   16.1700
   -7.5000   30.0000   45.0000 2309.3623   16.9691
    0.0000   30.0000   45.0000 2306.3052   16.8908
    7.5000   30.0000   45.0000 2290.4670   17.1560
   -7.5000   37.5000   45.0000 2251.6943   18.1622
    0.0000   37.5000   45.0000 2243.7278   18.0503
    7.5000   37.5000   45.0000 2220.8049   18.3607
   -7.5000   45.0000   45.0000 2173.1199   19.5589
    0.0000   45.0000   45.0000 2164.5132   19.4229
    7.5000   45.0000   45.0000 2144.7512   19.7896

---------------------------------------------------------------------
imgreg_4dfp /opt/freesurfer/average/711-2C_as_mni_average_305 /opt/freesurfer/average/711-2B_as_mni_average_305_mask talsrcimg_g11 none talsrcimg_to_711-2C_as_mni_average_305_t4 1283
---------------------------------------------------------------------

freesurfer imgreg_4dfp.c
/opt/freesurfer/average/711-2C_as_mni_average_305.4dfp.img
       256       256       256         1
  1.000000  1.000000  1.000000
orientation T byte_order littleendian
Reading image: /opt/freesurfer/average/711-2C_as_mni_average_305.4dfp.img
dimensions:      256       256       256
mmppix:       1.0000   -1.0000   -1.0000
center:     128.0000 -129.0000 -129.0000
/opt/freesurfer/average/711-2B_as_mni_average_305_mask.4dfp.img
       256       256       256         1
  1.000000  1.000000  1.000000
orientation T byte_order littleendian
Reading mask: /opt/freesurfer/average/711-2B_as_mni_average_305_mask.4dfp.img (2306576 pixels)
talsrcimg_g11.4dfp.img
       256       256       256         1
  1.000000  1.000000  1.000000
orientation T byte_order littleendian
Reading image: talsrcimg_g11.4dfp.img
dimensions:      256       256       256
mmppix:       1.0000   -1.0000   -1.0000
center:     128.0000 -129.0000 -129.0000
rotation matrix determinant  1.000000
fimgreg.f
image alignment mode   1283 decimal      503 hex
parameters
   -7.5000   15.0000   -7.5000    0.0000    0.0000    0.0000
eta,q 0.88245 11.71426
niter,ni,del,rscale     5    3   12.0000    1.2000
parameter  3 -0.813359 -> -0.500000 qaram    1.1500
parameter  4  1.491517 ->  0.500000 qaram    1.1500
parameter  6 -1.670340 -> -0.500000 qaram    1.1500
parameters
   -6.6370   12.4328   -4.0500   -3.4500    1.0045    3.4500
eta,q 0.89012 11.48143
  0.1352  0.1164  0.1221  0.1115  0.1171  0.1198
  0.1275  0.1157  0.1182  0.1110  0.1144  0.1181
  0.1213  0.1146  0.1162  0.1124  0.1123  0.1147
  0.1164  0.1154  0.1141  0.1137  0.1112  0.1118
  0.1162  0.1182  0.1130  0.1143  0.1127  0.1107
  0.1227  0.1229  0.1130  0.1160  0.1142  0.1096
  0.1273  0.1278  0.1121  0.1175  0.1134  0.1082
niter,ni,del,rscale     7    3   12.0000    1.2000
parameter  3 -0.558903 -> -0.500000 qaram    1.3225
parameter  6 -0.755819 -> -0.500000 qaram    1.3225
parameters
   -4.7876   11.4876   -0.0825   -5.6225    2.4130    7.4175
eta,q 0.89927 11.43766
  0.1269  0.1123  0.1145  0.1086  0.1127  0.1201
  0.1189  0.1099  0.1132  0.1063  0.1086  0.1158
  0.1126  0.1101  0.1120  0.1045  0.1054  0.1098
  0.1099  0.1103  0.1103  0.1064  0.1045  0.1045
  0.1104  0.1106  0.1060  0.1085  0.1046  0.1016
  0.1122  0.1120  0.1071  0.1115  0.1048  0.1008
  0.1132  0.1135  0.1102  0.1154  0.1073  0.1024
niter,ni,del,rscale     7    3   12.0000    1.2000
parameters
   -4.0119   13.2805   -1.3732   -6.7838    1.1279    8.1495
eta,q 0.90312 11.33686
  0.1165  0.1176  0.1086  0.1049  0.1013  0.1142
  0.1108  0.1134  0.1066  0.1022  0.0988  0.1058
  0.1043  0.1061  0.0992  0.0980  0.0968  0.0983
  0.1007  0.1004  0.0984  0.0973  0.0969  0.0965
  0.1011  0.0983  0.1034  0.1012  0.0989  0.0985
  0.1052  0.1008  0.1122  0.1065  0.1029  0.1023
  0.1111  0.1070  0.1175  0.1120  0.1087  0.1081
niter,ni,del,rscale     6    3   12.0000    1.2000
parameters
   -3.2526   13.5959   -2.6020   -7.3493    0.6195    8.0121
eta,q 0.90088 11.31122
  0.1143  0.1145  0.1053  0.1065  0.1028  0.1136
  0.1067  0.1072  0.1065  0.1033  0.1007  0.1045
  0.0998  0.0998  0.1027  0.1004  0.1000  0.0987
  0.0969  0.0967  0.0967  0.0986  0.0989  0.0992
  0.0974  0.0992  0.0998  0.1004  0.0987  0.1012
  0.1014  0.1051  0.1084  0.1050  0.1014  0.1061
  0.1076  0.1111  0.1172  0.1101  0.1056  0.1134
niter,ni,del,rscale     5    3   12.0000    1.2000
parameters
   -2.9821   13.8442   -3.3900   -8.2988    0.5587    7.9968
eta,q 0.89853 11.29590
  0.1138  0.1143  0.1049  0.1058  0.1047  0.1152
  0.1059  0.1068  0.1053  0.1037  0.1018  0.1071
  0.1001  0.1012  0.1045  0.1019  0.1011  0.1015
  0.0991  0.0992  0.0993  0.1012  0.1015  0.1015
  0.1005  0.1017  0.0980  0.1022  0.1006  0.1029
  0.1041  0.1065  0.1038  0.1058  0.1017  0.1073
  0.1111  0.1111  0.1141  0.1100  0.1053  0.1147
niter,ni,del,rscale     4    3   12.0000    1.2000
parameters
   -3.0512   14.1615   -4.0135   -9.6375    0.5263    8.0983
eta,q 0.89752 11.30476
  0.1144  0.1141  0.1053  0.1052  0.1053  0.1146
  0.1066  0.1073  0.1043  0.1040  0.1025  0.1079
  0.1016  0.1031  0.1039  0.1027  0.1014  0.1030
  0.1015  0.1014  0.1014  0.1025  0.1025  0.1025
  0.1029  0.1031  0.0989  0.1034  0.1018  0.1038
  0.1070  0.1070  0.1027  0.1060  0.1022  0.1073
  0.1148  0.1108  0.1118  0.1094  0.1055  0.1138
niter,ni,del,rscale     3    3   12.0000    1.2000
parameters
   -3.2404   14.6834   -5.0837  -12.0617    0.9634    7.3639
eta,q 0.89708 11.33565
  0.1154  0.1138  0.1053  0.1041  0.1062  0.1109
  0.1074  0.1084  0.1040  0.1039  0.1041  0.1058
  0.1025  0.1044  0.1031  0.1028  0.1028  0.1034
  0.1025  0.1024  0.1026  0.1033  0.1028  0.1031
  0.1040  0.1043  0.1010  0.1040  0.1033  0.1058
  0.1087  0.1074  0.1047  0.1071  0.1035  0.1087
  0.1169  0.1097  0.1107  0.1096  0.1051  0.1132
niter,ni,del,rscale     2    3   12.0000    1.2000
parameter  4  0.510882 ->  0.500000 qaram    1.3225
parameters
   -3.5346   15.6866   -7.3265  -16.0292    2.2046    5.8971
eta,q 0.89822 11.21431
  0.1162  0.1143  0.1049  0.1014  0.1052  0.1085
  0.1081  0.1089  0.1025  0.1025  0.1021  0.1036
  0.1031  0.1051  0.1021  0.1025  0.1020  0.1016
  0.1029  0.1029  0.1031  0.1022  0.1027  0.1025
  0.1038  0.1042  0.1037  0.1032  0.1021  0.1051
  0.1098  0.1068  0.1064  0.1059  0.1016  0.1089
  0.1196  0.1080  0.1130  0.1106  0.1031  0.1139
niter,ni,del,rscale     2    3   12.0000    1.2000
parameters
   -4.2629   18.5796  -10.9076  -18.9793    2.3128    7.5804
eta,q 0.90341 11.28198
  0.1115  0.1172  0.1025  0.0985  0.1040  0.1103
  0.1042  0.1103  0.0971  0.0972  0.0989  0.1041
  0.1019  0.1044  0.0975  0.0972  0.0967  0.0991
  0.1018  0.1019  0.1015  0.0970  0.0973  0.0974
  0.1025  0.1015  0.1044  0.0993  0.0982  0.0966
  0.1094  0.1013  0.1060  0.1028  0.0992  0.0984
  0.1182  0.1018  0.1107  0.1088  0.1027  0.1026
niter,ni,del,rscale     1    3   12.0000    1.2000
parameter  2 -0.738500 -> -0.500000 qaram    1.1500
parameters
   -4.2440   22.0296  -11.1112  -19.8816    2.2925    7.9982
eta,q 0.90856 11.36344
  0.1109  0.1065  0.1114  0.1009  0.0976  0.1056
  0.1024  0.1036  0.0980  0.0967  0.0930  0.0994
  0.0978  0.1011  0.0917  0.0931  0.0914  0.0943
  0.0966  0.0966  0.0917  0.0915  0.0915  0.0915
  0.0980  0.0925  0.0965  0.0947  0.0912  0.0921
  0.1021  0.0921  0.1038  0.0996  0.0930  0.0968
  0.1108  0.0956  0.1088  0.1067  0.0977  0.1038
niter,ni,del,rscale     1    3   12.0000    1.2000
parameters
   -4.3016   21.1717  -11.6116  -19.6659    2.1287    8.0938
eta,q 0.90851 11.37766
  0.1070  0.1040  0.1095  0.1020  0.0974  0.1048
  0.0968  0.1001  0.0958  0.0970  0.0934  0.0984
  0.0935  0.0943  0.0908  0.0941  0.0916  0.0936
  0.0914  0.0915  0.0920  0.0916  0.0915  0.0915
  0.0907  0.0943  0.0957  0.0924  0.0915  0.0929
  0.0969  0.1027  0.1038  0.0959  0.0935  0.0977
  0.1089  0.1163  0.1096  0.1017  0.0985  0.1046
registration optimization eta report
parameter search radius
    6.0000    6.9000    7.9350    7.9350    6.0000    7.9350
100000*second partial in parameter space
       48.       38.       29.       16.       19.       21.
  0.1070  0.1040  0.1095  0.1020  0.0974  0.1048
  0.0968  0.1001  0.0958  0.0970  0.0934  0.0984
  0.0935  0.0943  0.0908  0.0941  0.0916  0.0936
  0.0914  0.0915  0.0920  0.0916  0.0915  0.0915
  0.0907  0.0943  0.0957  0.0924  0.0915  0.0929
  0.0969  0.1027  0.1038  0.0959  0.0935  0.0977
  0.1089  0.1163  0.1096  0.1017  0.0985  0.1046
   -4.3016   21.1717  -11.6116  -19.6659    2.1287    8.0938
eta,q 0.90851 11.37766

---------------------------------------------------------------------
imgreg_4dfp /opt/freesurfer/average/711-2C_as_mni_average_305 /opt/freesurfer/average/711-2B_as_mni_average_305_mask talsrcimg_g11 none talsrcimg_to_711-2C_as_mni_average_305_t4 3335
---------------------------------------------------------------------

freesurfer imgreg_4dfp.c
/opt/freesurfer/average/711-2C_as_mni_average_305.4dfp.img
       256       256       256         1
  1.000000  1.000000  1.000000
orientation T byte_order littleendian
Reading image: /opt/freesurfer/average/711-2C_as_mni_average_305.4dfp.img
dimensions:      256       256       256
mmppix:       1.0000   -1.0000   -1.0000
center:     128.0000 -129.0000 -129.0000
/opt/freesurfer/average/711-2B_as_mni_average_305_mask.4dfp.img
       256       256       256         1
  1.000000  1.000000  1.000000
orientation T byte_order littleendian
Reading mask: /opt/freesurfer/average/711-2B_as_mni_average_305_mask.4dfp.img (2306576 pixels)
talsrcimg_g11.4dfp.img
       256       256       256         1
  1.000000  1.000000  1.000000
orientation T byte_order littleendian
Reading image: talsrcimg_g11.4dfp.img
dimensions:      256       256       256
mmppix:       1.0000   -1.0000   -1.0000
center:     128.0000 -129.0000 -129.0000
fimgreg.f
image alignment mode   3335 decimal      D07 hex
parameters
   -4.3016   21.1717  -11.6116   -1.0644   -6.5949   -5.8979
  -12.0206   -8.2012   14.0697   32.8258    3.7145  -33.6302
eta,q 0.90920 11.47929
niter,ni,del,rscale     5    3    5.0000    1.2000
parameter  4********** ->  0.500000 qaram    1.1500
parameter  5  5.539320 ->  0.500000 qaram    1.1500
parameter  6  3.535095 ->  0.500000 qaram    1.1500
parameter  9  0.704369 ->  0.500000 qaram    1.1500
parameter 12 -0.896608 -> -0.500000 qaram    1.1500
parameters
   -3.7733   20.6842  -11.2567   -5.2044  -10.7349  -10.0379
  -11.4449   -6.0896    9.9297   32.1661    4.2345  -29.4902
eta,q 0.93995 11.73398
  0.0948  0.0917  0.0930  0.0745  0.0696  0.0606  0.0698  0.0776  0.0621  0.0673  0.0653  0.0669
  0.0930  0.0909  0.0916  0.0786  0.0726  0.0635  0.0673  0.0727  0.0617  0.0644  0.0635  0.0647
  0.0917  0.0905  0.0908  0.0843  0.0761  0.0680  0.0655  0.0681  0.0621  0.0623  0.0622  0.0630
  0.0908  0.0906  0.0905  0.0905  0.0800  0.0735  0.0647  0.0647  0.0635  0.0617  0.0617  0.0617
  0.0906  0.0910  0.0906  0.0966  0.0840  0.0791  0.0650  0.0635  0.0658  0.0629  0.0619  0.0606
  0.0911  0.0920  0.0910  0.1021  0.0880  0.0847  0.0663  0.0652  0.0688  0.0658  0.0628  0.0600
  0.0925  0.0934  0.0917  0.1063  0.0924  0.0907  0.0685  0.0688  0.0723  0.0700  0.0645  0.0602
niter,ni,del,rscale     7    3    5.0000    1.2000
parameter  4  0.635854 ->  0.500000 qaram    1.3225
parameter  5  1.008110 ->  0.500000 qaram    1.3225
parameters
   -4.0567   19.8004  -10.1250   -9.9654  -15.4959  -11.7077
  -10.3052   -6.7534   10.8563   32.9472    2.9824  -28.8930
eta,q 0.95005 11.93199
  0.0660  0.0609  0.0670  0.0565  0.0510  0.0584  0.0563  0.0578  0.0562  0.0583  0.0518  0.0553
  0.0623  0.0597  0.0639  0.0552  0.0505  0.0546  0.0535  0.0531  0.0534  0.0549  0.0506  0.0522
  0.0603  0.0594  0.0613  0.0553  0.0519  0.0515  0.0516  0.0507  0.0514  0.0521  0.0499  0.0505
  0.0600  0.0599  0.0594  0.0583  0.0550  0.0506  0.0506  0.0505  0.0504  0.0503  0.0501  0.0499
  0.0617  0.0613  0.0584  0.0653  0.0585  0.0544  0.0507  0.0521  0.0506  0.0501  0.0507  0.0505
  0.0649  0.0634  0.0585  0.0743  0.0625  0.0612  0.0517  0.0556  0.0518  0.0521  0.0518  0.0518
  0.0695  0.0664  0.0598  0.0823  0.0670  0.0678  0.0536  0.0608  0.0542  0.0562  0.0536  0.0536
niter,ni,del,rscale     7    3    5.0000    1.2000
parameters
   -3.9723   19.8343  -10.8491  -10.3008  -16.6534  -12.2228
  -10.6223   -6.5075   10.9934   33.1903    2.6931  -29.6639
eta,q 0.95027 11.91502
  0.0563  0.0549  0.0517  0.0590  0.0560  0.0599  0.0537  0.0597  0.0548  0.0567  0.0521  0.0534
  0.0529  0.0523  0.0501  0.0551  0.0526  0.0560  0.0516  0.0543  0.0522  0.0537  0.0508  0.0509
  0.0508  0.0506  0.0495  0.0519  0.0504  0.0523  0.0502  0.0509  0.0505  0.0513  0.0500  0.0498
  0.0499  0.0499  0.0499  0.0495  0.0497  0.0497  0.0499  0.0499  0.0499  0.0499  0.0498  0.0498
  0.0504  0.0505  0.0514  0.0493  0.0517  0.0514  0.0505  0.0508  0.0504  0.0501  0.0502  0.0508
  0.0522  0.0521  0.0536  0.0540  0.0555  0.0571  0.0521  0.0537  0.0520  0.0524  0.0510  0.0525
  0.0555  0.0547  0.0565  0.0632  0.0595  0.0640  0.0544  0.0582  0.0545  0.0566  0.0524  0.0544
niter,ni,del,rscale     6    3    5.0000    1.2000
parameters
   -3.9752   19.9047  -11.0644  -10.0236  -16.8123  -12.4538
  -10.6843   -6.4688   11.0559   33.4608    2.6596  -29.8779
eta,q 0.95044 11.92616
  0.0555  0.0545  0.0530  0.0597  0.0571  0.0603  0.0538  0.0592  0.0545  0.0565  0.0521  0.0539
  0.0523  0.0520  0.0510  0.0558  0.0535  0.0562  0.0515  0.0537  0.0519  0.0534  0.0506  0.0511
  0.0504  0.0504  0.0499  0.0523  0.0508  0.0525  0.0501  0.0505  0.0502  0.0511  0.0498  0.0497
  0.0497  0.0497  0.0497  0.0497  0.0495  0.0495  0.0497  0.0497  0.0497  0.0497  0.0496  0.0496
  0.0503  0.0502  0.0505  0.0488  0.0506  0.0508  0.0502  0.0508  0.0502  0.0498  0.0499  0.0504
  0.0523  0.0516  0.0521  0.0525  0.0539  0.0560  0.0516  0.0539  0.0518  0.0521  0.0507  0.0520
  0.0555  0.0540  0.0543  0.0611  0.0577  0.0630  0.0540  0.0586  0.0544  0.0563  0.0521  0.0539
niter,ni,del,rscale     5    3    5.0000    1.2000
parameters
   -3.9690   19.9298  -11.1499   -9.9594  -16.8670  -12.5651
  -10.6885   -6.4703   11.0676   33.5559    2.6623  -29.9718
eta,q 0.95045 11.92878
  0.0554  0.0542  0.0533  0.0595  0.0573  0.0605  0.0539  0.0591  0.0544  0.0562  0.0521  0.0541
  0.0522  0.0517  0.0511  0.0555  0.0536  0.0564  0.0515  0.0536  0.0518  0.0532  0.0506  0.0512
  0.0502  0.0501  0.0499  0.0521  0.0509  0.0526  0.0500  0.0504  0.0501  0.0509  0.0498  0.0498
  0.0496  0.0496  0.0496  0.0495  0.0495  0.0495  0.0496  0.0496  0.0496  0.0496  0.0496  0.0496
  0.0502  0.0501  0.0502  0.0489  0.0505  0.0506  0.0501  0.0508  0.0501  0.0499  0.0499  0.0503
  0.0521  0.0516  0.0516  0.0530  0.0538  0.0556  0.0515  0.0539  0.0518  0.0523  0.0506  0.0519
  0.0554  0.0540  0.0537  0.0618  0.0576  0.0626  0.0539  0.0587  0.0544  0.0566  0.0520  0.0538
niter,ni,del,rscale     4    3    5.0000    1.2000
parameters
   -3.9677   19.9374  -11.1910   -9.9281  -16.8843  -12.6190
  -10.6815   -6.4747   11.0687   33.5974    2.6650  -30.0145
eta,q 0.95046 11.92995
  0.0554  0.0541  0.0534  0.0595  0.0573  0.0606  0.0539  0.0591  0.0544  0.0561  0.0521  0.0542
  0.0522  0.0516  0.0512  0.0555  0.0536  0.0565  0.0515  0.0536  0.0518  0.0531  0.0506  0.0513
  0.0502  0.0501  0.0499  0.0521  0.0509  0.0527  0.0500  0.0503  0.0501  0.0508  0.0498  0.0498
  0.0495  0.0495  0.0495  0.0495  0.0495  0.0495  0.0496  0.0496  0.0496  0.0496  0.0495  0.0495
  0.0502  0.0501  0.0501  0.0489  0.0505  0.0505  0.0501  0.0508  0.0501  0.0499  0.0499  0.0503
  0.0521  0.0516  0.0515  0.0531  0.0538  0.0554  0.0515  0.0540  0.0517  0.0523  0.0506  0.0518
  0.0554  0.0541  0.0536  0.0619  0.0575  0.0624  0.0538  0.0587  0.0544  0.0567  0.0520  0.0538
niter,ni,del,rscale     3    3    5.0000    1.2000
parameters
   -3.9671   19.9400  -11.2110   -9.9141  -16.8893  -12.6450
  -10.6788   -6.4779   11.0708   33.6155    2.6681  -30.0324
eta,q 0.95045 11.93054
  0.0554  0.0541  0.0535  0.0594  0.0574  0.0606  0.0539  0.0591  0.0544  0.0561  0.0521  0.0542
  0.0522  0.0516  0.0512  0.0555  0.0537  0.0565  0.0515  0.0536  0.0518  0.0531  0.0506  0.0513
  0.0502  0.0501  0.0499  0.0521  0.0510  0.0527  0.0500  0.0503  0.0501  0.0508  0.0498  0.0498
  0.0495  0.0495  0.0495  0.0495  0.0495  0.0495  0.0495  0.0495  0.0495  0.0495  0.0495  0.0495
  0.0502  0.0501  0.0501  0.0489  0.0505  0.0505  0.0500  0.0507  0.0501  0.0500  0.0499  0.0503
  0.0521  0.0516  0.0514  0.0531  0.0538  0.0554  0.0515  0.0539  0.0517  0.0524  0.0506  0.0518
  0.0555  0.0541  0.0535  0.0620  0.0575  0.0623  0.0538  0.0588  0.0544  0.0567  0.0520  0.0538
registration optimization eta report
parameter search radius
    2.4000    2.4000    2.4000    9.5220    9.5220    8.2800
    7.2000    7.2000    8.2800    7.2000    7.2000    8.2800
100000*second partial in parameter space
      102.       79.       68.       13.        9.       17.
        8.       18.        7.       13.        5.        6.
  0.0554  0.0541  0.0535  0.0594  0.0574  0.0606  0.0539  0.0591  0.0544  0.0561  0.0521  0.0542
  0.0522  0.0516  0.0512  0.0555  0.0537  0.0565  0.0515  0.0536  0.0518  0.0531  0.0506  0.0513
  0.0502  0.0501  0.0499  0.0521  0.0510  0.0527  0.0500  0.0503  0.0501  0.0508  0.0498  0.0498
  0.0495  0.0495  0.0495  0.0495  0.0495  0.0495  0.0495  0.0495  0.0495  0.0495  0.0495  0.0495
  0.0502  0.0501  0.0501  0.0489  0.0505  0.0505  0.0500  0.0507  0.0501  0.0500  0.0499  0.0503
  0.0521  0.0516  0.0514  0.0531  0.0538  0.0554  0.0515  0.0539  0.0517  0.0524  0.0506  0.0518
  0.0555  0.0541  0.0535  0.0620  0.0575  0.0623  0.0538  0.0588  0.0544  0.0567  0.0520  0.0538
   -3.9671   19.9400  -11.2110   -9.9141  -16.8893  -12.6450
  -10.6788   -6.4779   11.0708   33.6155    2.6681  -30.0324
eta,q 0.95045 11.93054

---------------------------------------------------------------------
imgreg_4dfp /opt/freesurfer/average/711-2C_as_mni_average_305 /opt/freesurfer/average/711-2B_as_mni_average_305_mask talsrcimg_g11 none talsrcimg_to_711-2C_as_mni_average_305_t4 2311
---------------------------------------------------------------------

freesurfer imgreg_4dfp.c
/opt/freesurfer/average/711-2C_as_mni_average_305.4dfp.img
       256       256       256         1
  1.000000  1.000000  1.000000
orientation T byte_order littleendian
Reading image: /opt/freesurfer/average/711-2C_as_mni_average_305.4dfp.img
dimensions:      256       256       256
mmppix:       1.0000   -1.0000   -1.0000
center:     128.0000 -129.0000 -129.0000
/opt/freesurfer/average/711-2B_as_mni_average_305_mask.4dfp.img
       256       256       256         1
  1.000000  1.000000  1.000000
orientation T byte_order littleendian
Reading mask: /opt/freesurfer/average/711-2B_as_mni_average_305_mask.4dfp.img (2306576 pixels)
talsrcimg_g11.4dfp.img
       256       256       256         1
  1.000000  1.000000  1.000000
orientation T byte_order littleendian
Reading image: talsrcimg_g11.4dfp.img
dimensions:      256       256       256
mmppix:       1.0000   -1.0000   -1.0000
center:     128.0000 -129.0000 -129.0000
fimgreg.f
image alignment mode   2311 decimal      907 hex
parameters
   -3.9671   19.9400  -11.2110   -9.9141  -16.8893  -12.6450
  -10.6788   -6.4779   11.0708   33.6155    2.6681  -30.0324
eta,q 0.95045 11.93054
niter,ni,del,rscale     5    3    5.0000    0.8000
parameters
   -3.9596   19.9401  -11.2545   -8.0716  -16.9967  -12.3630
  -10.5663   -6.4806   10.9902   33.7833    2.7738  -30.3115
eta,q 0.95134 11.96286
  0.0522  0.0516  0.0513  0.0538  0.0512  0.0548  0.0510  0.0542  0.0505  0.0523  0.0504  0.0502
  0.0507  0.0505  0.0503  0.0521  0.0501  0.0525  0.0497  0.0511  0.0495  0.0506  0.0494  0.0492
  0.0498  0.0498  0.0497  0.0507  0.0492  0.0503  0.0490  0.0492  0.0489  0.0494  0.0488  0.0487
  0.0495  0.0495  0.0495  0.0495  0.0488  0.0488  0.0487  0.0487  0.0487  0.0487  0.0487  0.0487
  0.0498  0.0498  0.0498  0.0488  0.0490  0.0491  0.0489  0.0494  0.0489  0.0489  0.0489  0.0490
  0.0507  0.0505  0.0504  0.0490  0.0500  0.0510  0.0496  0.0513  0.0496  0.0500  0.0494  0.0495
  0.0521  0.0516  0.0514  0.0504  0.0517  0.0541  0.0508  0.0540  0.0506  0.0521  0.0502  0.0505
niter,ni,del,rscale     4    3    5.0000    0.7000
parameters
   -3.9609   19.9930  -11.1228   -8.3602  -17.0514  -12.1191
  -10.5251   -6.5544   10.9955   33.9331    2.7921  -30.4207
eta,q 0.95138 11.95955
  0.0511  0.0505  0.0505  0.0512  0.0507  0.0537  0.0503  0.0527  0.0501  0.0515  0.0499  0.0498
  0.0497  0.0495  0.0496  0.0500  0.0497  0.0517  0.0494  0.0503  0.0493  0.0502  0.0491  0.0491
  0.0489  0.0489  0.0489  0.0491  0.0490  0.0498  0.0488  0.0490  0.0488  0.0491  0.0487  0.0487
  0.0487  0.0487  0.0487  0.0487  0.0487  0.0487  0.0486  0.0486  0.0486  0.0486  0.0486  0.0486
  0.0489  0.0488  0.0487  0.0489  0.0489  0.0490  0.0488  0.0492  0.0488  0.0488  0.0488  0.0488
  0.0497  0.0493  0.0492  0.0501  0.0496  0.0506  0.0493  0.0507  0.0493  0.0497  0.0492  0.0492
  0.0511  0.0502  0.0499  0.0525  0.0509  0.0530  0.0502  0.0529  0.0501  0.0513  0.0498  0.0499
niter,ni,del,rscale     3    3    5.0000    0.6000
parameters
   -3.9688   20.0164  -11.0302   -8.3016  -17.1206  -11.9965
  -10.5130   -6.5933   10.9695   34.0210    2.8093  -30.4793
eta,q 0.95142 11.95935
  0.0503  0.0499  0.0500  0.0508  0.0501  0.0525  0.0498  0.0517  0.0496  0.0507  0.0495  0.0495
  0.0494  0.0492  0.0493  0.0498  0.0494  0.0508  0.0491  0.0499  0.0491  0.0497  0.0490  0.0489
  0.0488  0.0488  0.0488  0.0491  0.0488  0.0493  0.0487  0.0489  0.0487  0.0489  0.0487  0.0486
  0.0486  0.0486  0.0486  0.0486  0.0486  0.0486  0.0486  0.0486  0.0486  0.0486  0.0486  0.0486
  0.0488  0.0487  0.0487  0.0487  0.0488  0.0490  0.0487  0.0490  0.0487  0.0487  0.0487  0.0487
  0.0494  0.0492  0.0490  0.0494  0.0493  0.0502  0.0491  0.0501  0.0491  0.0494  0.0490  0.0490
  0.0504  0.0498  0.0496  0.0509  0.0503  0.0522  0.0498  0.0517  0.0497  0.0507  0.0495  0.0495
niter,ni,del,rscale     2    3    5.0000    0.5000
parameters
   -3.9770   20.0399  -10.9767   -8.2006  -17.1498  -11.9303
  -10.4936   -6.6195   10.9452   34.0920    2.8172  -30.5305
eta,q 0.95145 11.95992
  0.0498  0.0495  0.0495  0.0502  0.0496  0.0515  0.0494  0.0508  0.0493  0.0501  0.0492  0.0492
  0.0491  0.0490  0.0490  0.0494  0.0491  0.0501  0.0489  0.0495  0.0489  0.0493  0.0488  0.0488
  0.0487  0.0487  0.0487  0.0489  0.0487  0.0491  0.0486  0.0488  0.0486  0.0488  0.0486  0.0486
  0.0486  0.0486  0.0486  0.0486  0.0486  0.0486  0.0486  0.0486  0.0486  0.0486  0.0486  0.0486
  0.0487  0.0487  0.0486  0.0486  0.0487  0.0489  0.0486  0.0488  0.0486  0.0487  0.0486  0.0486
  0.0491  0.0489  0.0489  0.0491  0.0491  0.0498  0.0489  0.0496  0.0489  0.0492  0.0488  0.0488
  0.0498  0.0494  0.0493  0.0501  0.0498  0.0513  0.0494  0.0508  0.0493  0.0500  0.0492  0.0492
niter,ni,del,rscale     1    3    5.0000    0.4000
parameters
   -3.9833   20.0557  -10.9437   -8.1070  -17.1629  -11.8960
  -10.4785   -6.6371   10.9225   34.1496    2.8082  -30.5759
eta,q 0.95146 11.96046
  0.0493  0.0491  0.0491  0.0496  0.0493  0.0506  0.0491  0.0500  0.0490  0.0496  0.0490  0.0489
  0.0489  0.0488  0.0488  0.0491  0.0489  0.0496  0.0488  0.0492  0.0487  0.0490  0.0487  0.0487
  0.0486  0.0486  0.0486  0.0488  0.0486  0.0488  0.0486  0.0487  0.0486  0.0487  0.0486  0.0486
  0.0486  0.0486  0.0486  0.0486  0.0485  0.0485  0.0485  0.0485  0.0485  0.0485  0.0485  0.0485
  0.0486  0.0486  0.0486  0.0486  0.0486  0.0488  0.0486  0.0487  0.0486  0.0486  0.0486  0.0486
  0.0489  0.0488  0.0488  0.0489  0.0489  0.0494  0.0488  0.0492  0.0488  0.0489  0.0487  0.0487
  0.0494  0.0491  0.0490  0.0496  0.0493  0.0505  0.0491  0.0500  0.0490  0.0495  0.0490  0.0489
registration optimization eta report
parameter search radius
    0.8000    0.8000    0.8000    2.4000    2.4000    2.4000
    2.4000    2.4000    2.4000    2.4000    2.4000    2.4000
100000*second partial in parameter space
      123.       90.       83.       18.       13.       34.
        9.       25.        8.       17.        7.        7.
  0.0493  0.0491  0.0491  0.0496  0.0493  0.0506  0.0491  0.0500  0.0490  0.0496  0.0490  0.0489
  0.0489  0.0488  0.0488  0.0491  0.0489  0.0496  0.0488  0.0492  0.0487  0.0490  0.0487  0.0487
  0.0486  0.0486  0.0486  0.0488  0.0486  0.0488  0.0486  0.0487  0.0486  0.0487  0.0486  0.0486
  0.0486  0.0486  0.0486  0.0486  0.0485  0.0485  0.0485  0.0485  0.0485  0.0485  0.0485  0.0485
  0.0486  0.0486  0.0486  0.0486  0.0486  0.0488  0.0486  0.0487  0.0486  0.0486  0.0486  0.0486
  0.0489  0.0488  0.0488  0.0489  0.0489  0.0494  0.0488  0.0492  0.0488  0.0489  0.0487  0.0487
  0.0494  0.0491  0.0490  0.0496  0.0493  0.0505  0.0491  0.0500  0.0490  0.0495  0.0490  0.0489
   -3.9833   20.0557  -10.9437   -8.1070  -17.1629  -11.8960
  -10.4785   -6.6371   10.9225   34.1496    2.8082  -30.5759
eta,q 0.95146 11.96046

---------------------------------------------------------------------
imgreg_4dfp /opt/freesurfer/average/711-2C_as_mni_average_305 /opt/freesurfer/average/711-2B_as_mni_average_305_mask talsrcimg_g11 none talsrcimg_to_711-2C_as_mni_average_305_t4 2311
---------------------------------------------------------------------

freesurfer imgreg_4dfp.c
/opt/freesurfer/average/711-2C_as_mni_average_305.4dfp.img
       256       256       256         1
  1.000000  1.000000  1.000000
orientation T byte_order littleendian
Reading image: /opt/freesurfer/average/711-2C_as_mni_average_305.4dfp.img
dimensions:      256       256       256
mmppix:       1.0000   -1.0000   -1.0000
center:     128.0000 -129.0000 -129.0000
/opt/freesurfer/average/711-2B_as_mni_average_305_mask.4dfp.img
       256       256       256         1
  1.000000  1.000000  1.000000
orientation T byte_order littleendian
Reading mask: /opt/freesurfer/average/711-2B_as_mni_average_305_mask.4dfp.img (2306576 pixels)
talsrcimg_g11.4dfp.img
       256       256       256         1
  1.000000  1.000000  1.000000
orientation T byte_order littleendian
Reading image: talsrcimg_g11.4dfp.img
dimensions:      256       256       256
mmppix:       1.0000   -1.0000   -1.0000
center:     128.0000 -129.0000 -129.0000
fimgreg.f
image alignment mode   2311 decimal      907 hex
parameters
   -3.9833   20.0557  -10.9437   -8.1070  -17.1629  -11.8960
  -10.4785   -6.6371   10.9225   34.1496    2.8082  -30.5759
eta,q 0.95146 11.96046
niter,ni,del,rscale     5    3    5.0000    0.8000
parameters
   -3.9907   20.0633  -10.9359   -8.6478  -17.3695  -11.9985
  -10.5157   -6.5922   10.9780   34.0279    2.8352  -30.4954
eta,q 0.95132 11.95502
  0.0517  0.0508  0.0507  0.0515  0.0510  0.0542  0.0507  0.0540  0.0505  0.0519  0.0502  0.0504
  0.0499  0.0496  0.0495  0.0501  0.0498  0.0518  0.0495  0.0510  0.0495  0.0503  0.0493  0.0494
  0.0489  0.0488  0.0488  0.0491  0.0490  0.0497  0.0489  0.0492  0.0489  0.0492  0.0488  0.0488
  0.0485  0.0485  0.0485  0.0485  0.0486  0.0486  0.0487  0.0487  0.0487  0.0487  0.0487  0.0487
  0.0489  0.0488  0.0488  0.0490  0.0489  0.0494  0.0489  0.0493  0.0489  0.0490  0.0489  0.0489
  0.0500  0.0495  0.0495  0.0508  0.0500  0.0517  0.0496  0.0510  0.0495  0.0503  0.0493  0.0494
  0.0518  0.0508  0.0506  0.0541  0.0517  0.0552  0.0508  0.0536  0.0504  0.0525  0.0501  0.0502
niter,ni,del,rscale     4    3    5.0000    0.7000
parameters
   -3.9770   20.0527  -10.9997   -8.4453  -17.2701  -11.9999
  -10.5118   -6.6009   10.9713   34.0363    2.8299  -30.4971
eta,q 0.95139 11.95774
  0.0510  0.0503  0.0501  0.0515  0.0507  0.0533  0.0502  0.0528  0.0500  0.0513  0.0498  0.0499
  0.0497  0.0494  0.0493  0.0503  0.0497  0.0513  0.0493  0.0504  0.0492  0.0500  0.0491  0.0491
  0.0489  0.0489  0.0488  0.0493  0.0490  0.0495  0.0488  0.0490  0.0488  0.0491  0.0487  0.0487
  0.0487  0.0487  0.0487  0.0487  0.0486  0.0486  0.0486  0.0486  0.0486  0.0486  0.0486  0.0486
  0.0489  0.0489  0.0489  0.0486  0.0487  0.0492  0.0488  0.0491  0.0488  0.0488  0.0488  0.0488
  0.0497  0.0494  0.0495  0.0495  0.0494  0.0509  0.0493  0.0505  0.0493  0.0498  0.0492  0.0492
  0.0509  0.0504  0.0504  0.0515  0.0507  0.0536  0.0502  0.0527  0.0500  0.0515  0.0498  0.0498
niter,ni,del,rscale     3    3    5.0000    0.6000
parameters
   -3.9791   20.0496  -10.9894   -8.3137  -17.2155  -11.9593
  -10.4982   -6.6148   10.9606   34.0718    2.8300  -30.5199
eta,q 0.95143 11.95904
  0.0503  0.0499  0.0498  0.0508  0.0501  0.0524  0.0498  0.0517  0.0496  0.0507  0.0495  0.0495
  0.0494  0.0492  0.0491  0.0498  0.0494  0.0507  0.0491  0.0499  0.0491  0.0496  0.0490  0.0489
  0.0488  0.0488  0.0487  0.0491  0.0489  0.0493  0.0487  0.0489  0.0487  0.0489  0.0487  0.0486
  0.0486  0.0486  0.0486  0.0486  0.0486  0.0486  0.0486  0.0486  0.0486  0.0486  0.0486  0.0486
  0.0488  0.0488  0.0487  0.0486  0.0487  0.0490  0.0487  0.0490  0.0487  0.0487  0.0487  0.0487
  0.0494  0.0492  0.0491  0.0493  0.0492  0.0504  0.0491  0.0500  0.0491  0.0495  0.0490  0.0490
  0.0503  0.0499  0.0498  0.0508  0.0502  0.0524  0.0498  0.0517  0.0496  0.0507  0.0495  0.0495
niter,ni,del,rscale     2    3    5.0000    0.5000
parameters
   -3.9808   20.0554  -10.9640   -8.2021  -17.1882  -11.9209
  -10.4849   -6.6301   10.9412   34.1189    2.8261  -30.5460
eta,q 0.95145 11.95990
  0.0498  0.0495  0.0494  0.0502  0.0497  0.0514  0.0494  0.0508  0.0493  0.0501  0.0492  0.0492
  0.0491  0.0490  0.0490  0.0494  0.0491  0.0501  0.0489  0.0495  0.0489  0.0493  0.0488  0.0488
  0.0487  0.0487  0.0487  0.0489  0.0487  0.0490  0.0486  0.0488  0.0486  0.0488  0.0486  0.0486
  0.0486  0.0486  0.0486  0.0486  0.0486  0.0486  0.0486  0.0486  0.0486  0.0486  0.0486  0.0486
  0.0487  0.0487  0.0487  0.0486  0.0486  0.0489  0.0486  0.0488  0.0486  0.0487  0.0486  0.0486
  0.0491  0.0490  0.0489  0.0491  0.0490  0.0499  0.0489  0.0496  0.0489  0.0492  0.0489  0.0488
  0.0498  0.0494  0.0494  0.0501  0.0497  0.0514  0.0494  0.0508  0.0493  0.0501  0.0492  0.0492
niter,ni,del,rscale     1    3    5.0000    0.4000
parameters
   -3.9853   20.0627  -10.9412   -8.1067  -17.1796  -11.8964
  -10.4771   -6.6426   10.9189   34.1603    2.8149  -30.5853
eta,q 0.95147 11.96049
  0.0493  0.0491  0.0491  0.0496  0.0493  0.0505  0.0491  0.0500  0.0490  0.0495  0.0490  0.0489
  0.0489  0.0488  0.0488  0.0491  0.0489  0.0495  0.0488  0.0492  0.0487  0.0490  0.0487  0.0487
  0.0486  0.0486  0.0486  0.0488  0.0486  0.0488  0.0486  0.0487  0.0486  0.0487  0.0486  0.0486
  0.0486  0.0486  0.0485  0.0486  0.0485  0.0485  0.0485  0.0485  0.0485  0.0485  0.0485  0.0485
  0.0486  0.0486  0.0486  0.0486  0.0486  0.0488  0.0486  0.0487  0.0486  0.0486  0.0486  0.0486
  0.0489  0.0488  0.0488  0.0489  0.0488  0.0495  0.0488  0.0492  0.0488  0.0489  0.0487  0.0487
  0.0493  0.0491  0.0491  0.0496  0.0493  0.0505  0.0491  0.0500  0.0490  0.0495  0.0490  0.0489
registration optimization eta report
parameter search radius
    0.8000    0.8000    0.8000    2.4000    2.4000    2.4000
    2.4000    2.4000    2.4000    2.4000    2.4000    2.4000
100000*second partial in parameter space
      123.       89.       83.       18.       13.       34.
        9.       25.        8.       17.        7.        7.
  0.0493  0.0491  0.0491  0.0496  0.0493  0.0505  0.0491  0.0500  0.0490  0.0495  0.0490  0.0489
  0.0489  0.0488  0.0488  0.0491  0.0489  0.0495  0.0488  0.0492  0.0487  0.0490  0.0487  0.0487
  0.0486  0.0486  0.0486  0.0488  0.0486  0.0488  0.0486  0.0487  0.0486  0.0487  0.0486  0.0486
  0.0486  0.0486  0.0485  0.0486  0.0485  0.0485  0.0485  0.0485  0.0485  0.0485  0.0485  0.0485
  0.0486  0.0486  0.0486  0.0486  0.0486  0.0488  0.0486  0.0487  0.0486  0.0486  0.0486  0.0486
  0.0489  0.0488  0.0488  0.0489  0.0488  0.0495  0.0488  0.0492  0.0488  0.0489  0.0487  0.0487
  0.0493  0.0491  0.0491  0.0496  0.0493  0.0505  0.0491  0.0500  0.0490  0.0495  0.0490  0.0489
   -3.9853   20.0627  -10.9412   -8.1067  -17.1796  -11.8964
  -10.4771   -6.6426   10.9189   34.1603    2.8149  -30.5853
eta,q 0.95147 11.96049

---------------------------------------------------------------------
compute_vox2vox talsrcimg talsrcimg_to_711-2C_as_mni_average_305_t4 /opt/freesurfer/average/711-2C_as_mni_average_305
---------------------------------------------------------------------

freesurfer compute_vox2vox.c
Reading: talsrcimg.4dfp.ifh
Reading: talsrcimg_to_711-2C_as_mni_average_305_t4
Reading: /opt/freesurfer/average/711-2C_as_mni_average_305.4dfp.ifh
Writing: talsrcimg_to_711-2C_as_mni_average_305_t4_vox2vox.txt

start time Sat Nov 23 15:58:45 UTC 2024
end		time Sat Nov 23 15:59:34 UTC 2024

mpr2mni305 success

avi2talxfm orig_nu.mgz /opt/freesurfer/average/mni305.cor.mgz talsrcimg_to_711-2C_as_mni_average_305_t4_vox2vox.txt transforms/talairach.auto.xfm
avi2talxfm done
mv -f /scratch/tmp/fs_mp2rage_tests/sourcedata/freesurfer_mp2rage/sub-fsm79bf/mri/talsrcimg_to_711-2C_as_mni_average_305_t4_vox2vox.txt /scratch/tmp/fs_mp2rage_tests/sourcedata/freesurfer_mp2rage/sub-fsm79bf/mri/transforms/talsrcimg_to_711-2C_as_mni_average_305_t4_vox2vox.txt
lta_convert --src orig_nu.mgz --trg /opt/freesurfer/average/mni305.cor.mgz --inxfm transforms/talairach.auto.xfm --outlta transforms/talairach.auto.xfm.lta --subject fsaverage
7.3.2

--src: orig_nu.mgz src image (geometry).
--trg: /opt/freesurfer/average/mni305.cor.mgz trg image (geometry).
--inmni: transforms/talairach.auto.xfm input MNI/XFM transform.
--outlta: transforms/talairach.auto.xfm.lta output LTA.
--s: fsaverage subject name
 LTA read, type : 1
 1.07029   0.02467   0.14450   1.75667;
-0.07276   0.99119   0.35684  -19.55377;
-0.11109  -0.41208   1.04120  -1.24953;
 0.00000   0.00000   0.00000   1.00000;
setting subject to fsaverage
Writing  LTA to file transforms/talairach.auto.xfm.lta...
lta_convert successful.
 
 
Started at Sat Nov 23 15:58:42 UTC 2024
Ended   at Sat Nov 23 15:59:34 UTC 2024
talairach_avi done
