status file for recon-all
Sun Nov 24 12:43:05 UTC 2024
#@# Tessellate lh Sun Nov 24 12:43:05 UTC 2024
#@# Smooth1 lh Sun Nov 24 12:43:21 UTC 2024
#@# Inflation1 lh Sun Nov 24 12:43:30 UTC 2024
#@# QSphere lh Sun Nov 24 12:44:04 UTC 2024
#@# Fix Topology lh Sun Nov 24 12:46:37 UTC 2024
#@# Smooth2 lh Sun Nov 24 13:03:34 UTC 2024
#@# Inflation2 lh Sun Nov 24 13:03:46 UTC 2024
#@# Curv .H and .K lh Sun Nov 24 13:04:28 UTC 2024
#@# Sphere lh Sun Nov 24 13:06:39 UTC 2024
#@# Surf Reg lh Sun Nov 24 13:19:34 UTC 2024
#@# Jacobian white lh Sun Nov 24 13:31:05 UTC 2024
#@# AvgCurv lh Sun Nov 24 13:31:08 UTC 2024
#@# Cortical Parc lh Sun Nov 24 13:31:10 UTC 2024
#@# white curv lh Sun Nov 24 13:51:58 UTC 2024
#@# white area lh Sun Nov 24 13:52:03 UTC 2024
#@# pial curv lh Sun Nov 24 13:52:06 UTC 2024
#@# pial area lh Sun Nov 24 13:52:11 UTC 2024
#@# thickness lh Sun Nov 24 13:52:13 UTC 2024
#@# area and vertex vol lh Sun Nov 24 13:53:40 UTC 2024
#@# Curvature Stats lh Sun Nov 24 13:53:46 UTC 2024
#@# Cortical Parc 2 lh Sun Nov 24 13:53:53 UTC 2024
#@# Cortical Parc 3 lh Sun Nov 24 13:54:38 UTC 2024
#@# WM/GM Contrast lh Sun Nov 24 13:55:10 UTC 2024
recon-all -s sub-fsm39ap finished without error at Sun Nov 24 13:55:19 UTC 2024



#New# invocation of recon-all 



status file for recon-all
Sun Nov 24 19:46:19 UTC 2024
#@# white curv lh Sun Nov 24 19:46:20 UTC 2024
#@# white area lh Sun Nov 24 19:46:20 UTC 2024
#@# pial curv lh Sun Nov 24 19:46:20 UTC 2024
#@# pial area lh Sun Nov 24 19:46:20 UTC 2024
#@# thickness lh Sun Nov 24 19:46:20 UTC 2024
#@# area and vertex vol lh Sun Nov 24 19:46:20 UTC 2024
#@# Parcellation Stats lh Sun Nov 24 19:46:20 UTC 2024
#@# Parcellation Stats 2 lh Sun Nov 24 19:48:21 UTC 2024
#@# Parcellation Stats 3 lh Sun Nov 24 19:49:20 UTC 2024
#@# BA_exvivo Labels lh Sun Nov 24 19:50:19 UTC 2024
recon-all -s sub-fsm39ap finished without error at Sun Nov 24 19:58:29 UTC 2024
