/scratch/tmp/fs_mp2rage_tests/sourcedata/freesurfer_mp2rage/sub-fsm96ry/mri
/opt/freesurfer/bin/talairach_avi
--i orig_nu.mgz --xfm transforms/talairach.auto.xfm
talairach_avi 7.3.2
Linux elm.criugm.qc.ca 5.15.0-113-generic #123-Ubuntu SMP Mon Jun 10 08:16:17 UTC 2024 x86_64 x86_64 x86_64 GNU/Linux
Sat Nov 23 16:17:44 UTC 2024
mri_convert orig_nu.mgz talsrcimg.img 
reading from orig_nu.mgz...
TR=0.00, TE=0.00, TI=0.00, flip angle=0.00
i_ras = (-1, -9.31323e-10, 0)
j_ras = (0, 0, -1)
k_ras = (-2.79397e-09, 1, -1.49012e-08)
writing to talsrcimg.img...
Analyze Output Matrix
-1.00000   0.00000  -0.00000   127.77732;
-0.00000   0.00000   1.00000  -95.53003;
 0.00000  -1.00000  -0.00000   108.62965;
 0.00000   0.00000   0.00000   1.00000;
--------------------
INFO: set hdr.hist.orient to -1
mpr2mni305 talsrcimg
Sat Nov 23 16:17:46 UTC 2024
/opt/freesurfer/bin/mpr2mni305 talsrcimg
mpr2mni305 7.3.2
target=711-2C_as_mni_average_305

---------------------------------------------------------------------
analyzeto4dfp talsrcimg -O0 -y
---------------------------------------------------------------------

freesurfer ifh2hdr.c
Sat Nov 23 16:17:47 2024
Writing: talsrcimg.4dfp.hdr
freesurfer analyzeto4dfp.c
Reading: talsrcimg.hdr
header size 348 bytes
hdr.dime.datatype	offset=70	value=2
hdr.dime.bitpix		offset=72	value=8
hdr.hist.orient		offset=252	value=-1
dimensionality     4
dimensions       256       256       256         1
Reading: talsrcimg.img
Writing: talsrcimg.4dfp.img
Writing: talsrcimg.4dfp.ifh
ifh2hdr talsrcimg -r0to246
ori=2

---------------------------------------------------------------------
gauss_4dfp talsrcimg 1.1
---------------------------------------------------------------------

freesurfer gauss_4dfp.c
Reading: talsrcimg.4dfp.img
Writing: talsrcimg_g11.4dfp.img
image dimensions 256 256 256 padded to 288 288 288
processing volume 1freesurfer ifh2hdr.c
Sat Nov 23 16:17:55 2024
Writing: talsrcimg_g11.4dfp.hdr

Writing: talsrcimg_g11.4dfp.ifh
including: talsrcimg.4dfp.img.rec in talsrcimg_g11.4dfp.img.rec

---------------------------------------------------------------------
imgreg_4dfp /opt/freesurfer/average/711-2C_as_mni_average_305 none talsrcimg_g11 none talsrcimg_to_711-2C_as_mni_average_305_t4 4355
---------------------------------------------------------------------

freesurfer imgreg_4dfp.c
/opt/freesurfer/average/711-2C_as_mni_average_305.4dfp.img
       256       256       256         1
  1.000000  1.000000  1.000000
orientation T byte_order littleendian
Reading image: /opt/freesurfer/average/711-2C_as_mni_average_305.4dfp.img
dimensions:      256       256       256
mmppix:       1.0000   -1.0000   -1.0000
center:     128.0000 -129.0000 -129.0000
talsrcimg_g11.4dfp.img
       256       256       256         1
  1.000000  1.000000  1.000000
orientation T byte_order littleendian
Reading image: talsrcimg_g11.4dfp.img
dimensions:      256       256       256
mmppix:       1.0000   -1.0000   -1.0000
center:     128.0000 -129.0000 -129.0000
t4_read: open error in t4_sub.f l:  41 t4_file(1:l)talsrcimg_to_711-2C_as_mni_average_305_t4 
t4_read: transform initialized to I4
rotation matrix determinant  1.000000
image alignment mode   4355 decimal     1103 hex
   -7.5000  -45.0000  -45.0000 9856.2646    8.0715
    0.0000  -45.0000  -45.000010466.7520    8.0674
    7.5000  -45.0000  -45.000010165.9268    8.0836
   -7.5000  -37.5000  -45.0000 9902.6025    8.1028
    0.0000  -37.5000  -45.000010518.0576    8.1016
    7.5000  -37.5000  -45.000010242.6895    8.1172
   -7.5000  -30.0000  -45.000010211.2764    7.9284
    0.0000  -30.0000  -45.000010839.6455    7.9270
    7.5000  -30.0000  -45.000010529.2549    7.9406
   -7.5000  -22.5000  -45.000010541.5391    7.8073
    0.0000  -22.5000  -45.000011164.1045    7.8013
    7.5000  -22.5000  -45.000010796.1074    7.8128
   -7.5000  -15.0000  -45.000010907.3730    7.7597
    0.0000  -15.0000  -45.000011522.5391    7.7493
    7.5000  -15.0000  -45.000011121.7246    7.7599
   -7.5000   -7.5000  -45.000011236.6133    7.7177
    0.0000   -7.5000  -45.000011860.7109    7.7082
    7.5000   -7.5000  -45.000011418.9658    7.7210
   -7.5000    0.0000  -45.000011495.3857    7.6987
    0.0000    0.0000  -45.000012081.6123    7.6940
    7.5000    0.0000  -45.000011616.4453    7.7094
   -7.5000    7.5000  -45.000010861.5225    7.8565
    0.0000    7.5000  -45.000011369.9785    7.8550
    7.5000    7.5000  -45.000010936.5947    7.8697
   -7.5000   15.0000  -45.000010235.8633    8.1178
    0.0000   15.0000  -45.000010629.7402    8.1162
    7.5000   15.0000  -45.000010279.5146    8.1284
   -7.5000   22.5000  -45.0000 9629.8174    8.4174
    0.0000   22.5000  -45.0000 9982.9092    8.4097
    7.5000   22.5000  -45.0000 9646.3633    8.4177
   -7.5000   30.0000  -45.0000 9105.8799    8.6146
    0.0000   30.0000  -45.0000 9409.8535    8.6001
    7.5000   30.0000  -45.0000 9109.0713    8.6073
   -7.5000   37.5000  -45.0000 8935.1816    8.9331
    0.0000   37.5000  -45.0000 9193.5723    8.9181
    7.5000   37.5000  -45.0000 8897.2676    8.9291
   -7.5000   45.0000  -45.0000 8493.2529    9.0816
    0.0000   45.0000  -45.0000 8688.4102    9.0711
    7.5000   45.0000  -45.0000 8401.7100    9.0840
   -7.5000  -45.0000  -37.500010253.0361    8.0184
    0.0000  -45.0000  -37.500010837.0000    8.0136
    7.5000  -45.0000  -37.500010523.3311    8.0263
   -7.5000  -37.5000  -37.500010317.8809    8.0511
    0.0000  -37.5000  -37.500010918.6230    8.0499
    7.5000  -37.5000  -37.500010618.0059    8.0623
   -7.5000  -30.0000  -37.500010649.4932    7.8801
    0.0000  -30.0000  -37.500011287.6328    7.8784
    7.5000  -30.0000  -37.500010952.6123    7.8889
   -7.5000  -22.5000  -37.500011022.9238    7.7599
    0.0000  -22.5000  -37.500011657.8408    7.7523
    7.5000  -22.5000  -37.500011281.1338    7.7603
   -7.5000  -15.0000  -37.500011417.0439    7.7110
    0.0000  -15.0000  -37.500012044.0117    7.6983
    7.5000  -15.0000  -37.500011636.9287    7.7052
   -7.5000   -7.5000  -37.500011785.9062    7.6685
    0.0000   -7.5000  -37.500012431.2363    7.6574
    7.5000   -7.5000  -37.500011984.4941    7.6667
   -7.5000    0.0000  -37.500012100.4492    7.6504
    0.0000    0.0000  -37.500012737.0918    7.6450
    7.5000    0.0000  -37.500012224.0137    7.6571
   -7.5000    7.5000  -37.500011458.1445    7.8079
    0.0000    7.5000  -37.500012010.6338    7.8064
    7.5000    7.5000  -37.500011502.8311    7.8181
   -7.5000   15.0000  -37.500010787.8350    8.0679
    0.0000   15.0000  -37.500011248.0469    8.0655
    7.5000   15.0000  -37.500010789.0635    8.0742
   -7.5000   22.5000  -37.500010162.3320    8.3616
    0.0000   22.5000  -37.500010563.5469    8.3520
    7.5000   22.5000  -37.500010133.5410    8.3568
   -7.5000   30.0000  -37.5000 9623.7754    8.5544
    0.0000   30.0000  -37.5000 9967.9893    8.5375
    7.5000   30.0000  -37.5000 9560.2842    8.5414
   -7.5000   37.5000  -37.5000 9449.1504    8.8703
    0.0000   37.5000  -37.5000 9737.9502    8.8529
    7.5000   37.5000  -37.5000 9368.5537    8.8605
   -7.5000   45.0000  -37.5000 8946.0137    9.0203
    0.0000   45.0000  -37.5000 9180.9248    9.0085
    7.5000   45.0000  -37.5000 8837.6836    9.0185
   -7.5000  -45.0000  -30.000010830.2979    8.3147
    0.0000  -45.0000  -30.000011413.3223    8.3116
    7.5000  -45.0000  -30.000011039.5303    8.3248
   -7.5000  -37.5000  -30.000010917.1143    8.3500
    0.0000  -37.5000  -30.000011536.0225    8.3508
    7.5000  -37.5000  -30.000011156.4971    8.3634
   -7.5000  -30.0000  -30.000011300.4307    8.1729
    0.0000  -30.0000  -30.000011956.4912    8.1723
    7.5000  -30.0000  -30.000011552.7900    8.1834
   -7.5000  -22.5000  -30.000011706.3867    8.0459
    0.0000  -22.5000  -30.000012363.0674    8.0383
    7.5000  -22.5000  -30.000011918.7744    8.0476
   -7.5000  -15.0000  -30.000012127.5371    7.9938
    0.0000  -15.0000  -30.000012795.3301    7.9805
    7.5000  -15.0000  -30.000012323.3262    7.9890
   -7.5000   -7.5000  -30.000012545.6855    7.9513
    0.0000   -7.5000  -30.000013264.8213    7.9404
    7.5000   -7.5000  -30.000012730.9297    7.9508
   -7.5000    0.0000  -30.000012938.4961    7.9346
    0.0000    0.0000  -30.000013646.8223    7.9307
    7.5000    0.0000  -30.000012996.1758    7.9434
   -7.5000    7.5000  -30.000012354.6309    8.0990
    0.0000    7.5000  -30.000012993.5400    8.0994
    7.5000    7.5000  -30.000012337.4248    8.1113
   -7.5000   15.0000  -30.000011631.2402    8.3682
    0.0000   15.0000  -30.000012197.2256    8.3666
    7.5000   15.0000  -30.000011587.8760    8.3755
   -7.5000   22.5000  -30.000010935.2383    8.6660
    0.0000   22.5000  -30.000011423.6631    8.6561
    7.5000   22.5000  -30.000010828.4658    8.6626
   -7.5000   30.0000  -30.000010343.6426    8.8658
    0.0000   30.0000  -30.000010744.7920    8.8481
    7.5000   30.0000  -30.000010213.2197    8.8541
   -7.5000   37.5000  -30.000010146.6416    9.1960
    0.0000   37.5000  -30.000010522.3613    9.1788
    7.5000   37.5000  -30.0000 9995.5410    9.1871
   -7.5000   45.0000  -30.0000 9585.3379    9.3610
    0.0000   45.0000  -30.0000 9902.5908    9.3507
    7.5000   45.0000  -30.0000 9445.1406    9.3606
   -7.5000  -45.0000  -22.500011432.6260    8.5714
    0.0000  -45.0000  -22.500012033.0811    8.5709
    7.5000  -45.0000  -22.500011572.0029    8.5888
   -7.5000  -37.5000  -22.500011543.6797    8.6076
    0.0000  -37.5000  -22.500012192.0654    8.6101
    7.5000  -37.5000  -22.500011712.8789    8.6263
   -7.5000  -30.0000  -22.500011974.6768    8.4244
    0.0000  -30.0000  -22.500012668.8418    8.4246
    7.5000  -30.0000  -22.500012149.4365    8.4396
   -7.5000  -22.5000  -22.500012380.6992    8.2924
    0.0000  -22.5000  -22.500013092.0908    8.2859
    7.5000  -22.5000  -22.500012544.5576    8.3005
   -7.5000  -15.0000  -22.500012793.9404    8.2392
    0.0000  -15.0000  -22.500013550.1221    8.2276
    7.5000  -15.0000  -22.500012972.4375    8.2421
   -7.5000   -7.5000  -22.500013283.0371    8.1968
    0.0000   -7.5000  -22.500014044.4678    8.1882
    7.5000   -7.5000  -22.500013395.1055    8.2039
   -7.5000    0.0000  -22.500013752.0303    8.1804
    0.0000    0.0000  -22.500014555.4463    8.1788
    7.5000    0.0000  -22.500013756.0977    8.1956
   -7.5000    7.5000  -22.500013216.9336    8.3495
    0.0000    7.5000  -22.500014032.2822    8.3514
    7.5000    7.5000  -22.500013192.6338    8.3668
   -7.5000   15.0000  -22.500012510.6445    8.6258
    0.0000   15.0000  -22.500013290.4404    8.6250
    7.5000   15.0000  -22.500012427.7900    8.6379
   -7.5000   22.5000  -22.500011750.5547    8.9307
    0.0000   22.5000  -22.500012392.9346    8.9217
    7.5000   22.5000  -22.500011576.8252    8.9336
   -7.5000   30.0000  -22.500011083.4248    9.1395
    0.0000   30.0000  -22.500011642.7998    9.1232
    7.5000   30.0000  -22.500010885.1064    9.1352
   -7.5000   37.5000  -22.500010826.7178    9.4811
    0.0000   37.5000  -22.500011343.9922    9.4669
    7.5000   37.5000  -22.500010622.9736    9.4801
   -7.5000   45.0000  -22.500010201.0098    9.6570
    0.0000   45.0000  -22.500010675.8662    9.6502
    7.5000   45.0000  -22.500010007.1123    9.6634
   -7.5000  -45.0000  -15.000012017.1426    8.7355
    0.0000  -45.0000  -15.000012671.9766    8.7362
    7.5000  -45.0000  -15.000012158.6787    8.7591
   -7.5000  -37.5000  -15.000012143.9336    8.7702
    0.0000  -37.5000  -15.000012849.6318    8.7728
    7.5000  -37.5000  -15.000012292.2588    8.7935
   -7.5000  -30.0000  -15.000012586.8398    8.5833
    0.0000  -30.0000  -15.000013330.2900    8.5836
    7.5000  -30.0000  -15.000012730.9492    8.6028
   -7.5000  -22.5000  -15.000012992.2588    8.4507
    0.0000  -22.5000  -15.000013763.7275    8.4454
    7.5000  -22.5000  -15.000013149.1982    8.4644
   -7.5000  -15.0000  -15.000013417.7480    8.3988
    0.0000  -15.0000  -15.000014233.3125    8.3894
    7.5000  -15.0000  -15.000013584.9980    8.4087
   -7.5000   -7.5000  -15.000013909.5605    8.3563
    0.0000   -7.5000  -15.000014750.2217    8.3496
    7.5000   -7.5000  -15.000014010.0000    8.3701
   -7.5000    0.0000  -15.000014400.4551    8.3385
    0.0000    0.0000  -15.000015336.7910    8.3379
    7.5000    0.0000  -15.000014480.7510    8.3594
   -7.5000    7.5000  -15.000013976.8584    8.5081
    0.0000    7.5000  -15.000015047.7803    8.5102
    7.5000    7.5000  -15.000014073.1875    8.5297
   -7.5000   15.0000  -15.000013455.0801    8.7872
    0.0000   15.0000  -15.000014632.9639    8.7869
    7.5000   15.0000  -15.000013452.2217    8.8042
   -7.5000   22.5000  -15.000012703.4951    9.1005
    0.0000   22.5000  -15.000013762.5938    9.0928
    7.5000   22.5000  -15.000012560.3760    9.1090
   -7.5000   30.0000  -15.000011880.6221    9.3174
    0.0000   30.0000  -15.000012762.1113    9.3032
    7.5000   30.0000  -15.000011675.2227    9.3196
   -7.5000   37.5000  -15.000011512.5508    9.6657
    0.0000   37.5000  -15.000012242.9219    9.6543
    7.5000   37.5000  -15.000011269.9443    9.6724
   -7.5000   45.0000  -15.000010825.1162    9.8519
    0.0000   45.0000  -15.000011448.1182    9.8472
    7.5000   45.0000  -15.000010602.1924    9.8651
   -7.5000  -45.0000   -7.500012601.8135    8.7597
    0.0000  -45.0000   -7.500013344.7832    8.7580
    7.5000  -45.0000   -7.500012774.9072    8.7809
   -7.5000  -37.5000   -7.500012767.3428    8.7934
    0.0000  -37.5000   -7.500013534.2607    8.7939
    7.5000  -37.5000   -7.500012948.8467    8.8150
   -7.5000  -30.0000   -7.500013259.4873    8.6088
    0.0000  -30.0000   -7.500014048.3291    8.6078
    7.5000  -30.0000   -7.500013424.8887    8.6268
   -7.5000  -22.5000   -7.500013679.9443    8.4790
    0.0000  -22.5000   -7.500014521.8115    8.4733
    7.5000  -22.5000   -7.500013921.1484    8.4910
   -7.5000  -15.0000   -7.500014111.7432    8.4279
    0.0000  -15.0000   -7.500015047.0410    8.4182
    7.5000  -15.0000   -7.500014410.7207    8.4357
   -7.5000   -7.5000   -7.500014535.0791    8.3839
    0.0000   -7.5000   -7.500015530.0342    8.3760
    7.5000   -7.5000   -7.500014800.7539    8.3957
   -7.5000    0.0000   -7.500014990.2344    8.3646
    0.0000    0.0000   -7.500016128.1738    8.3620
    7.5000    0.0000   -7.500015277.5059    8.3835
   -7.5000    7.5000   -7.500014704.0195    8.5325
    0.0000    7.5000   -7.500016001.5400    8.5325
    7.5000    7.5000   -7.500014916.4609    8.5524
   -7.5000   15.0000   -7.500014352.4160    8.8102
    0.0000   15.0000   -7.500015751.7754    8.8089
    7.5000   15.0000   -7.500014393.6533    8.8264
   -7.5000   22.5000   -7.500013618.9219    9.1286
    0.0000   22.5000   -7.500014874.8789    9.1209
    7.5000   22.5000   -7.500013464.9756    9.1353
   -7.5000   30.0000   -7.500012644.5078    9.3571
    0.0000   30.0000   -7.500013649.2871    9.3428
    7.5000   30.0000   -7.500012434.0791    9.3569
   -7.5000   37.5000   -7.500012142.4961    9.7200
    0.0000   37.5000   -7.500012963.9033    9.7073
    7.5000   37.5000   -7.500011894.0234    9.7250
   -7.5000   45.0000   -7.500011335.9189    9.9290
    0.0000   45.0000   -7.500012024.9766    9.9222
    7.5000   45.0000   -7.500011146.8086    9.9409
   -7.5000  -45.0000    0.000013027.6572    8.6635
    0.0000  -45.0000    0.000013902.8848    8.6585
    7.5000  -45.0000    0.000013369.0322    8.6767
   -7.5000  -37.5000    0.000013214.6367    8.6946
    0.0000  -37.5000    0.000014121.2627    8.6927
    7.5000  -37.5000    0.000013558.5537    8.7101
   -7.5000  -30.0000    0.000013696.6328    8.5141
    0.0000  -30.0000    0.000014640.1777    8.5120
    7.5000  -30.0000    0.000014047.5615    8.5271
   -7.5000  -22.5000    0.000014140.1025    8.3893
    0.0000  -22.5000    0.000015163.7100    8.3823
    7.5000  -22.5000    0.000014554.8057    8.3949
   -7.5000  -15.0000    0.000014583.0371    8.3406
    0.0000  -15.0000    0.000015695.0723    8.3290
    7.5000  -15.0000    0.000015057.2676    8.3408
   -7.5000   -7.5000    0.000014995.6025    8.2975
    0.0000   -7.5000    0.000016122.7002    8.2869
    7.5000   -7.5000    0.000015443.8018    8.3013
   -7.5000    0.0000    0.000015495.2422    8.2777
    0.0000    0.0000    0.000016656.5137    8.2721
    7.5000    0.0000    0.000015865.7275    8.2893
   -7.5000    7.5000    0.000015248.8525    8.4398
    0.0000    7.5000    0.000016439.7012    8.4376
    7.5000    7.5000    0.000015347.6924    8.4540
   -7.5000   15.0000    0.000014859.8506    8.7096
    0.0000   15.0000    0.000016040.1309    8.7073
    7.5000   15.0000    0.000014717.4375    8.7207
   -7.5000   22.5000    0.000013942.5039    9.0278
    0.0000   22.5000    0.000014963.1611    9.0190
    7.5000   22.5000    0.000013738.0986    9.0280
   -7.5000   30.0000    0.000012841.2881    9.2652
    0.0000   30.0000    0.000013716.6631    9.2493
    7.5000   30.0000    0.000012687.9893    9.2575
   -7.5000   37.5000    0.000012367.5010    9.6414
    0.0000   37.5000    0.000013173.5850    9.6252
    7.5000   37.5000    0.000012227.3447    9.6377
   -7.5000   45.0000    0.000011632.4600    9.8683
    0.0000   45.0000    0.000012341.5957    9.8574
    7.5000   45.0000    0.000011489.9541    9.8727
   -7.5000  -45.0000    7.500012419.0996    8.6866
    0.0000  -45.0000    7.500013286.8682    8.6809
    7.5000  -45.0000    7.500012831.7695    8.6946
   -7.5000  -37.5000    7.500012658.2725    8.7198
    0.0000  -37.5000    7.500013550.1562    8.7180
    7.5000  -37.5000    7.500013048.4932    8.7314
   -7.5000  -30.0000    7.500013122.1582    8.5390
    0.0000  -30.0000    7.500014021.6035    8.5368
    7.5000  -30.0000    7.500013518.4404    8.5481
   -7.5000  -22.5000    7.500013563.8262    8.4119
    0.0000  -22.5000    7.500014488.2080    8.4035
    7.5000  -22.5000    7.500013959.3271    8.4122
   -7.5000  -15.0000    7.500013978.1016    8.3611
    0.0000  -15.0000    7.500014970.7705    8.3471
    7.5000  -15.0000    7.500014397.9219    8.3546
   -7.5000   -7.5000    7.500014348.7744    8.3178
    0.0000   -7.5000    7.500015346.4131    8.3053
    7.5000   -7.5000    7.500014740.9844    8.3154
   -7.5000    0.0000    7.500014873.5430    8.2993
    0.0000    0.0000    7.500015878.5518    8.2930
    7.5000    0.0000    7.500015119.1035    8.3061
   -7.5000    7.5000    7.500014525.8994    8.4641
    0.0000    7.5000    7.500015458.7939    8.4620
    7.5000    7.5000    7.500014575.1748    8.4747
   -7.5000   15.0000    7.500013939.5557    8.7364
    0.0000   15.0000    7.500014879.2588    8.7336
    7.5000   15.0000    7.500013892.4434    8.7429
   -7.5000   22.5000    7.500012944.3359    9.0514
    0.0000   22.5000    7.500013779.1621    9.0409
    7.5000   22.5000    7.500012924.2285    9.0460
   -7.5000   30.0000    7.500011945.1250    9.2852
    0.0000   30.0000    7.500012738.7178    9.2667
    7.5000   30.0000    7.500011981.0010    9.2708
   -7.5000   37.5000    7.500011618.6523    9.6620
    0.0000   37.5000    7.500012370.2969    9.6428
    7.5000   37.5000    7.500011607.8945    9.6509
   -7.5000   45.0000    7.500010985.8936    9.8903
    0.0000   45.0000    7.500011644.4346    9.8775
    7.5000   45.0000    7.500010906.8848    9.8885
   -7.5000  -45.0000   15.000011649.3066    8.7753
    0.0000  -45.0000   15.000012388.2051    8.7709
    7.5000  -45.0000   15.000011977.9463    8.7839
   -7.5000  -37.5000   15.000011896.9053    8.8117
    0.0000  -37.5000   15.000012651.3662    8.8115
    7.5000  -37.5000   15.000012224.5195    8.8240
   -7.5000  -30.0000   15.000012367.8018    8.6268
    0.0000  -30.0000   15.000013113.8604    8.6252
    7.5000  -30.0000   15.000012679.8252    8.6363
   -7.5000  -22.5000   15.000012788.8867    8.4939
    0.0000  -22.5000   15.000013533.0957    8.4850
    7.5000  -22.5000   15.000013069.7852    8.4943
   -7.5000  -15.0000   15.000013232.8027    8.4398
    0.0000  -15.0000   15.000014004.9795    8.4250
    7.5000  -15.0000   15.000013482.6709    8.4333
   -7.5000   -7.5000   15.000013647.1445    8.3970
    0.0000   -7.5000   15.000014408.9629    8.3845
    7.5000   -7.5000   15.000013816.2412    8.3947
   -7.5000    0.0000   15.000014062.6943    8.3807
    0.0000    0.0000   15.000014864.3887    8.3756
    7.5000    0.0000   15.000014174.6699    8.3881
   -7.5000    7.5000   15.000013590.9385    8.5512
    0.0000    7.5000   15.000014345.5361    8.5506
    7.5000    7.5000   15.000013642.6455    8.5624
   -7.5000   15.0000   15.000012914.7617    8.8300
    0.0000   15.0000   15.000013676.7705    8.8274
    7.5000   15.0000   15.000012951.6006    8.8361
   -7.5000   22.5000   15.000011988.9102    9.1451
    0.0000   22.5000   15.000012667.9883    9.1337
    7.5000   22.5000   15.000012078.7373    9.1397
   -7.5000   30.0000   15.000011168.1514    9.3798
    0.0000   30.0000   15.000011825.1631    9.3601
    7.5000   30.0000   15.000011253.3555    9.3653
   -7.5000   37.5000   15.000010920.9375    9.7636
    0.0000   37.5000   15.000011573.9893    9.7444
    7.5000   37.5000   15.000010949.0811    9.7519
   -7.5000   45.0000   15.000010317.1055    9.9998
    0.0000   45.0000   15.000010928.5283    9.9881
    7.5000   45.0000   15.000010288.8350    9.9975
   -7.5000  -45.0000   22.500010837.7627    8.9180
    0.0000  -45.0000   22.500011471.1025    8.9174
    7.5000  -45.0000   22.500011100.4414    8.9356
   -7.5000  -37.5000   22.500011087.5225    8.9566
    0.0000  -37.5000   22.500011715.8115    8.9588
    7.5000  -37.5000   22.500011315.1279    8.9753
   -7.5000  -30.0000   22.500011536.5869    8.7646
    0.0000  -30.0000   22.500012146.3877    8.7643
    7.5000  -30.0000   22.500011727.6250    8.7797
   -7.5000  -22.5000   22.500011977.7588    8.6253
    0.0000  -22.5000   22.500012550.8643    8.6183
    7.5000  -22.5000   22.500012091.4697    8.6334
   -7.5000  -15.0000   22.500012418.1846    8.5693
    0.0000  -15.0000   22.500013015.1943    8.5572
    7.5000  -15.0000   22.500012514.8115    8.5724
   -7.5000   -7.5000   22.500012837.1807    8.5264
    0.0000   -7.5000   22.500013429.7158    8.5175
    7.5000   -7.5000   22.500012858.9307    8.5338
   -7.5000    0.0000   22.500013157.0068    8.5110
    0.0000    0.0000   22.500013759.9570    8.5092
    7.5000    0.0000   22.500013146.0518    8.5264
   -7.5000    7.5000   22.500012633.3955    8.6877
    0.0000    7.5000   22.500013210.9209    8.6893
    7.5000    7.5000   22.500012585.3525    8.7050
   -7.5000   15.0000   22.500011958.1787    8.9753
    0.0000   15.0000   22.500012531.8145    8.9740
    7.5000   15.0000   22.500011937.4189    8.9871
   -7.5000   22.5000   22.500011118.9678    9.2980
    0.0000   22.5000   22.500011672.5811    9.2883
    7.5000   22.5000   22.500011188.0146    9.3005
   -7.5000   30.0000   22.500010398.1816    9.5399
    0.0000   30.0000   22.500010925.4854    9.5229
    7.5000   30.0000   22.500010446.7676    9.5354
   -7.5000   37.5000   22.500010168.0732    9.9335
    0.0000   37.5000   22.500010707.6338    9.9188
    7.5000   37.5000   22.500010178.8486    9.9325
   -7.5000   45.0000   22.5000 9609.1484   10.1782
    0.0000   45.0000   22.500010131.1934   10.1713
    7.5000   45.0000   22.5000 9584.3594   10.1850
   -7.5000  -45.0000   30.000010162.2617    9.2194
    0.0000  -45.0000   30.000010729.1631    9.2195
    7.5000  -45.0000   30.000010338.6465    9.2440
   -7.5000  -37.5000   30.000010376.4268    9.2549
    0.0000  -37.5000   30.000010928.3994    9.2570
    7.5000  -37.5000   30.000010507.3828    9.2790
   -7.5000  -30.0000   30.000010816.7998    9.0518
    0.0000  -30.0000   30.000011332.9053    9.0516
    7.5000  -30.0000   30.000010872.9375    9.0722
   -7.5000  -22.5000   30.000011241.3350    8.9062
    0.0000  -22.5000   30.000011718.9141    8.9005
    7.5000  -22.5000   30.000011248.3223    8.9212
   -7.5000  -15.0000   30.000011637.7480    8.8487
    0.0000  -15.0000   30.000012124.7676    8.8389
    7.5000  -15.0000   30.000011629.4189    8.8601
   -7.5000   -7.5000   30.000011961.9346    8.8030
    0.0000   -7.5000   30.000012455.7305    8.7958
    7.5000   -7.5000   30.000011934.2871    8.8181
   -7.5000    0.0000   30.000012235.2959    8.7851
    0.0000    0.0000   30.000012723.6260    8.7840
    7.5000    0.0000   30.000012185.8906    8.8069
   -7.5000    7.5000   30.000011720.8789    8.9680
    0.0000    7.5000   30.000012178.0977    8.9695
    7.5000    7.5000   30.000011627.4648    8.9902
   -7.5000   15.0000   30.000011091.1650    9.2683
    0.0000   15.0000   30.000011530.8682    9.2675
    7.5000   15.0000   30.000011007.2783    9.2861
   -7.5000   22.5000   30.000010369.4326    9.6120
    0.0000   22.5000   30.000010791.9814    9.6040
    7.5000   22.5000   30.000010340.5479    9.6216
   -7.5000   30.0000   30.0000 9717.3496    9.8680
    0.0000   30.0000   30.000010113.1553    9.8531
    7.5000   30.0000   30.0000 9679.5410    9.8715
   -7.5000   37.5000   30.0000 9489.6016   10.2685
    0.0000   37.5000   30.0000 9903.5391   10.2562
    7.5000   37.5000   30.0000 9438.9072   10.2763
   -7.5000   45.0000   30.0000 8952.7441   10.5141
    0.0000   45.0000   30.0000 9384.6592   10.5086
    7.5000   45.0000   30.0000 8908.1738   10.5277
   -7.5000  -45.0000   37.5000 9989.7031    9.5128
    0.0000  -45.0000   37.500010526.0488    9.5097
    7.5000  -45.0000   37.500010124.6074    9.5343
   -7.5000  -37.5000   37.500010139.0078    9.5316
    0.0000  -37.5000   37.500010664.0391    9.5314
    7.5000  -37.5000   37.500010221.5137    9.5548
   -7.5000  -30.0000   37.500010586.0957    9.3198
    0.0000  -30.0000   37.500011071.2227    9.3186
    7.5000  -30.0000   37.500010596.3350    9.3402
   -7.5000  -22.5000   37.500010978.9014    9.1724
    0.0000  -22.5000   37.500011446.3027    9.1661
    7.5000  -22.5000   37.500010958.2910    9.1864
   -7.5000  -15.0000   37.500011311.8555    9.1195
    0.0000  -15.0000   37.500011777.2119    9.1083
    7.5000  -15.0000   37.500011284.5508    9.1279
   -7.5000   -7.5000   37.500011597.0049    9.0758
    0.0000   -7.5000   37.500012041.6738    9.0661
    7.5000   -7.5000   37.500011550.8447    9.0873
   -7.5000    0.0000   37.500011817.7266    9.0563
    0.0000    0.0000   37.500012274.3789    9.0522
    7.5000    0.0000   37.500011750.6250    9.0752
   -7.5000    7.5000   37.500011265.3525    9.2275
    0.0000    7.5000   37.500011684.3506    9.2269
    7.5000    7.5000   37.500011172.3877    9.2488
   -7.5000   15.0000   37.500010618.4443    9.5144
    0.0000   15.0000   37.500011017.1924    9.5133
    7.5000   15.0000   37.500010556.7842    9.5333
   -7.5000   22.5000   37.5000 9946.4482    9.8622
    0.0000   22.5000   37.500010318.8877    9.8545
    7.5000   22.5000   37.5000 9903.8184    9.8715
   -7.5000   30.0000   37.5000 9329.0908   10.1342
    0.0000   30.0000   37.5000 9662.2041   10.1190
    7.5000   30.0000   37.5000 9254.0586   10.1351
   -7.5000   37.5000   37.5000 9093.7695   10.5614
    0.0000   37.5000   37.5000 9428.0703   10.5473
    7.5000   37.5000   37.5000 9000.9854   10.5665
   -7.5000   45.0000   37.5000 8565.1514   10.8302
    0.0000   45.0000   37.5000 8917.1885   10.8227
    7.5000   45.0000   37.5000 8485.0166   10.8431
   -7.5000  -45.0000   45.0000 9570.2969    9.9385
    0.0000  -45.0000   45.000010080.5020    9.9319
    7.5000  -45.0000   45.0000 9724.6592    9.9548
   -7.5000  -37.5000   45.0000 9667.4014    9.9511
    0.0000  -37.5000   45.000010167.0039    9.9497
    7.5000  -37.5000   45.0000 9778.7793    9.9730
   -7.5000  -30.0000   45.000010042.6738    9.7250
    0.0000  -30.0000   45.000010518.1113    9.7239
    7.5000  -30.0000   45.000010079.4922    9.7453
   -7.5000  -22.5000   45.000010403.9404    9.5677
    0.0000  -22.5000   45.000010859.4707    9.5607
    7.5000  -22.5000   45.000010382.6230    9.5792
   -7.5000  -15.0000   45.000010696.2773    9.5149
    0.0000  -15.0000   45.000011140.2090    9.5015
    7.5000  -15.0000   45.000010660.1035    9.5180
   -7.5000   -7.5000   45.000010925.2402    9.4729
    0.0000   -7.5000   45.000011374.5010    9.4599
    7.5000   -7.5000   45.000010866.6592    9.4783
   -7.5000    0.0000   45.000011096.6953    9.4543
    0.0000    0.0000   45.000011552.5322    9.4471
    7.5000    0.0000   45.000011026.5186    9.4687
   -7.5000    7.5000   45.000010501.3447    9.6215
    0.0000    7.5000   45.000010918.6719    9.6196
    7.5000    7.5000   45.000010427.1250    9.6414
   -7.5000   15.0000   45.0000 9837.5127    9.9003
    0.0000   15.0000   45.000010214.7559    9.8996
    7.5000   15.0000   45.0000 9790.8838    9.9195
   -7.5000   22.5000   45.0000 9204.9502   10.2489
    0.0000   22.5000   45.0000 9539.0791   10.2411
    7.5000   22.5000   45.0000 9150.2119   10.2563
   -7.5000   30.0000   45.0000 8628.9004   10.5178
    0.0000   30.0000   45.0000 8930.0732   10.5011
    7.5000   30.0000   45.0000 8549.3545   10.5148
   -7.5000   37.5000   45.0000 8404.0586   10.9579
    0.0000   37.5000   45.0000 8721.2002   10.9393
    7.5000   37.5000   45.0000 8294.6201   10.9565
   -7.5000   45.0000   45.0000 7897.0981   11.2417
    0.0000   45.0000   45.0000 8204.3857   11.2289
    7.5000   45.0000   45.0000 7790.1436   11.2486

---------------------------------------------------------------------
imgreg_4dfp /opt/freesurfer/average/711-2C_as_mni_average_305 /opt/freesurfer/average/711-2B_as_mni_average_305_mask talsrcimg_g11 none talsrcimg_to_711-2C_as_mni_average_305_t4 4355
---------------------------------------------------------------------

freesurfer imgreg_4dfp.c
/opt/freesurfer/average/711-2C_as_mni_average_305.4dfp.img
       256       256       256         1
  1.000000  1.000000  1.000000
orientation T byte_order littleendian
Reading image: /opt/freesurfer/average/711-2C_as_mni_average_305.4dfp.img
dimensions:      256       256       256
mmppix:       1.0000   -1.0000   -1.0000
center:     128.0000 -129.0000 -129.0000
/opt/freesurfer/average/711-2B_as_mni_average_305_mask.4dfp.img
       256       256       256         1
  1.000000  1.000000  1.000000
orientation T byte_order littleendian
Reading mask: /opt/freesurfer/average/711-2B_as_mni_average_305_mask.4dfp.img (2306576 pixels)
talsrcimg_g11.4dfp.img
       256       256       256         1
  1.000000  1.000000  1.000000
orientation T byte_order littleendian
Reading image: talsrcimg_g11.4dfp.img
dimensions:      256       256       256
mmppix:       1.0000   -1.0000   -1.0000
center:     128.0000 -129.0000 -129.0000
rotation matrix determinant  1.000000
image alignment mode   4355 decimal     1103 hex
   -7.5000  -45.0000  -45.0000 2369.3154   12.5295
    0.0000  -45.0000  -45.0000 2413.9724   12.2348
    7.5000  -45.0000  -45.0000 2428.2668   12.0957
   -7.5000  -37.5000  -45.0000 2380.3447   12.6634
    0.0000  -37.5000  -45.0000 2418.7131   12.3602
    7.5000  -37.5000  -45.0000 2439.1538   12.2448
   -7.5000  -30.0000  -45.0000 2386.7222   12.8408
    0.0000  -30.0000  -45.0000 2426.2598   12.5327
    7.5000  -30.0000  -45.0000 2439.5161   12.4060
   -7.5000  -22.5000  -45.0000 2395.1919   13.0311
    0.0000  -22.5000  -45.0000 2434.1013   12.7057
    7.5000  -22.5000  -45.0000 2435.3381   12.6129
   -7.5000  -15.0000  -45.0000 2410.3501   13.1888
    0.0000  -15.0000  -45.0000 2437.6113   12.8737
    7.5000  -15.0000  -45.0000 2441.1360   12.8232
   -7.5000   -7.5000  -45.0000 2424.5195   13.2634
    0.0000   -7.5000  -45.0000 2449.4958   12.9751
    7.5000   -7.5000  -45.0000 2450.5454   12.9894
   -7.5000    0.0000  -45.0000 2436.7505   13.3784
    0.0000    0.0000  -45.0000 2453.6985   13.0909
    7.5000    0.0000  -45.0000 2453.0764   13.1286
   -7.5000    7.5000  -45.0000 2438.2751   13.3739
    0.0000    7.5000  -45.0000 2448.4761   13.0667
    7.5000    7.5000  -45.0000 2440.3284   13.1703
   -7.5000   15.0000  -45.0000 2440.7708   13.2927
    0.0000   15.0000  -45.0000 2438.4917   13.0169
    7.5000   15.0000  -45.0000 2438.5278   13.2241
   -7.5000   22.5000  -45.0000 2447.1431   13.3317
    0.0000   22.5000  -45.0000 2448.3562   13.1317
    7.5000   22.5000  -45.0000 2443.4810   13.3168
   -7.5000   30.0000  -45.0000 2441.3733   13.6134
    0.0000   30.0000  -45.0000 2437.3147   13.4309
    7.5000   30.0000  -45.0000 2436.3843   13.6452
   -7.5000   37.5000  -45.0000 2421.6887   14.0265
    0.0000   37.5000  -45.0000 2422.3789   13.8763
    7.5000   37.5000  -45.0000 2412.0764   14.1127
   -7.5000   45.0000  -45.0000 2373.6394   14.6021
    0.0000   45.0000  -45.0000 2376.1228   14.4648
    7.5000   45.0000  -45.0000 2357.8630   14.7249
   -7.5000  -45.0000  -37.5000 2439.9414   11.7934
    0.0000  -45.0000  -37.5000 2483.9172   11.4623
    7.5000  -45.0000  -37.5000 2498.5459   11.3100
   -7.5000  -37.5000  -37.5000 2445.1826   11.8948
    0.0000  -37.5000  -37.5000 2485.7812   11.5981
    7.5000  -37.5000  -37.5000 2503.3835   11.4762
   -7.5000  -30.0000  -37.5000 2459.5183   12.1051
    0.0000  -30.0000  -37.5000 2497.0071   11.8052
    7.5000  -30.0000  -37.5000 2512.2070   11.6984
   -7.5000  -22.5000  -37.5000 2465.4812   12.2927
    0.0000  -22.5000  -37.5000 2499.6616   12.0201
    7.5000  -22.5000  -37.5000 2511.6809   11.8851
   -7.5000  -15.0000  -37.5000 2476.1909   12.4165
    0.0000  -15.0000  -37.5000 2499.0610   12.1712
    7.5000  -15.0000  -37.5000 2509.0994   12.0797
   -7.5000   -7.5000  -37.5000 2488.0833   12.5193
    0.0000   -7.5000  -37.5000 2505.6919   12.2562
    7.5000   -7.5000  -37.5000 2512.1719   12.2126
   -7.5000    0.0000  -37.5000 2502.5193   12.6299
    0.0000    0.0000  -37.5000 2513.9380   12.3449
    7.5000    0.0000  -37.5000 2510.9080   12.3213
   -7.5000    7.5000  -37.5000 2507.2034   12.6326
    0.0000    7.5000  -37.5000 2510.4824   12.3541
    7.5000    7.5000  -37.5000 2500.1531   12.3897
   -7.5000   15.0000  -37.5000 2502.1738   12.5809
    0.0000   15.0000  -37.5000 2495.6287   12.3138
    7.5000   15.0000  -37.5000 2491.1736   12.4249
   -7.5000   22.5000  -37.5000 2509.8496   12.6088
    0.0000   22.5000  -37.5000 2510.5642   12.3697
    7.5000   22.5000  -37.5000 2504.2297   12.5290
   -7.5000   30.0000  -37.5000 2509.2361   12.9159
    0.0000   30.0000  -37.5000 2509.7639   12.6486
    7.5000   30.0000  -37.5000 2501.1316   12.8196
   -7.5000   37.5000  -37.5000 2498.7764   13.2295
    0.0000   37.5000  -37.5000 2496.0671   13.0247
    7.5000   37.5000  -37.5000 2484.1443   13.2271
   -7.5000   45.0000  -37.5000 2445.0928   13.7650
    0.0000   45.0000  -37.5000 2447.2817   13.5886
    7.5000   45.0000  -37.5000 2426.0176   13.8214
   -7.5000  -45.0000  -30.0000 2538.0793   11.5167
    0.0000  -45.0000  -30.0000 2579.6299   11.1300
    7.5000  -45.0000  -30.0000 2598.5881   11.0149
   -7.5000  -37.5000  -30.0000 2538.1934   11.6183
    0.0000  -37.5000  -30.0000 2577.7910   11.3156
    7.5000  -37.5000  -30.0000 2599.7356   11.2021
   -7.5000  -30.0000  -30.0000 2552.1675   11.8075
    0.0000  -30.0000  -30.0000 2585.3721   11.5322
    7.5000  -30.0000  -30.0000 2605.6213   11.4218
   -7.5000  -22.5000  -30.0000 2559.8574   12.0103
    0.0000  -22.5000  -30.0000 2585.6477   11.7128
    7.5000  -22.5000  -30.0000 2603.2156   11.6017
   -7.5000  -15.0000  -30.0000 2569.6028   12.1486
    0.0000  -15.0000  -30.0000 2588.0715   11.8810
    7.5000  -15.0000  -30.0000 2600.6958   11.7790
   -7.5000   -7.5000  -30.0000 2584.7222   12.2687
    0.0000   -7.5000  -30.0000 2600.1201   12.0221
    7.5000   -7.5000  -30.0000 2606.6016   11.9435
   -7.5000    0.0000  -30.0000 2603.2444   12.3541
    0.0000    0.0000  -30.0000 2607.4785   12.1537
    7.5000    0.0000  -30.0000 2596.3132   12.0589
   -7.5000    7.5000  -30.0000 2623.5676   12.4371
    0.0000    7.5000  -30.0000 2616.7209   12.2131
    7.5000    7.5000  -30.0000 2600.5776   12.1658
   -7.5000   15.0000  -30.0000 2618.4087   12.3633
    0.0000   15.0000  -30.0000 2607.3606   12.1507
    7.5000   15.0000  -30.0000 2601.4644   12.1879
   -7.5000   22.5000  -30.0000 2617.7634   12.3437
    0.0000   22.5000  -30.0000 2615.0918   12.1164
    7.5000   22.5000  -30.0000 2600.2947   12.2481
   -7.5000   30.0000  -30.0000 2614.7031   12.6294
    0.0000   30.0000  -30.0000 2612.9792   12.3624
    7.5000   30.0000  -30.0000 2594.9395   12.5236
   -7.5000   37.5000  -30.0000 2607.3499   12.9451
    0.0000   37.5000  -30.0000 2611.0869   12.7196
    7.5000   37.5000  -30.0000 2586.9504   12.8971
   -7.5000   45.0000  -30.0000 2555.3330   13.4376
    0.0000   45.0000  -30.0000 2559.4248   13.2589
    7.5000   45.0000  -30.0000 2543.2769   13.4775
   -7.5000  -45.0000  -22.5000 2609.1067   11.2269
    0.0000  -45.0000  -22.5000 2642.4211   10.8361
    7.5000  -45.0000  -22.5000 2657.2029   10.6657
   -7.5000  -37.5000  -22.5000 2601.2180   11.3463
    0.0000  -37.5000  -22.5000 2633.5146   10.9976
    7.5000  -37.5000  -22.5000 2652.6726   10.8593
   -7.5000  -30.0000  -22.5000 2607.6348   11.4942
    0.0000  -30.0000  -22.5000 2634.9019   11.2040
    7.5000  -30.0000  -22.5000 2651.0791   11.0686
   -7.5000  -22.5000  -22.5000 2616.8621   11.6292
    0.0000  -22.5000  -22.5000 2633.9678   11.3766
    7.5000  -22.5000  -22.5000 2648.9463   11.2553
   -7.5000  -15.0000  -22.5000 2620.0278   11.7779
    0.0000  -15.0000  -22.5000 2637.6929   11.5663
    7.5000  -15.0000  -22.5000 2644.6245   11.4646
   -7.5000   -7.5000  -22.5000 2652.1448   11.9273
    0.0000   -7.5000  -22.5000 2654.9207   11.7798
    7.5000   -7.5000  -22.5000 2646.0630   11.6453
   -7.5000    0.0000  -22.5000 2674.0581   12.0985
    0.0000    0.0000  -22.5000 2670.0439   12.0038
    7.5000    0.0000  -22.5000 2652.6001   11.8313
   -7.5000    7.5000  -22.5000 2692.6394   12.2527
    0.0000    7.5000  -22.5000 2691.5398   12.1683
    7.5000    7.5000  -22.5000 2662.6570   11.9779
   -7.5000   15.0000  -22.5000 2691.0708   12.2466
    0.0000   15.0000  -22.5000 2693.9922   12.2262
    7.5000   15.0000  -22.5000 2663.0176   12.0513
   -7.5000   22.5000  -22.5000 2687.8088   12.1190
    0.0000   22.5000  -22.5000 2691.0359   12.0523
    7.5000   22.5000  -22.5000 2659.5310   12.0374
   -7.5000   30.0000  -22.5000 2688.4744   12.2986
    0.0000   30.0000  -22.5000 2691.3572   12.1777
    7.5000   30.0000  -22.5000 2655.5688   12.2672
   -7.5000   37.5000  -22.5000 2670.7678   12.5917
    0.0000   37.5000  -22.5000 2678.6726   12.5204
    7.5000   37.5000  -22.5000 2644.2712   12.6204
   -7.5000   45.0000  -22.5000 2621.6143   13.0536
    0.0000   45.0000  -22.5000 2642.1128   12.9972
    7.5000   45.0000  -22.5000 2610.2949   13.1334
   -7.5000  -45.0000  -15.0000 2652.6719   10.9835
    0.0000  -45.0000  -15.0000 2677.5120   10.6004
    7.5000  -45.0000  -15.0000 2685.4810   10.3918
   -7.5000  -37.5000  -15.0000 2634.5891   11.1133
    0.0000  -37.5000  -15.0000 2664.8293   10.7907
    7.5000  -37.5000  -15.0000 2671.3008   10.5783
   -7.5000  -30.0000  -15.0000 2626.2202   11.2340
    0.0000  -30.0000  -15.0000 2652.6528   10.9562
    7.5000  -30.0000  -15.0000 2654.8535   10.7702
   -7.5000  -22.5000  -15.0000 2629.8289   11.3206
    0.0000  -22.5000  -15.0000 2644.4998   11.0941
    7.5000  -22.5000  -15.0000 2649.6760   10.9421
   -7.5000  -15.0000  -15.0000 2638.0193   11.4495
    0.0000  -15.0000  -15.0000 2647.8696   11.2908
    7.5000  -15.0000  -15.0000 2648.7563   11.1593
   -7.5000   -7.5000  -15.0000 2681.0979   11.6112
    0.0000   -7.5000  -15.0000 2674.6494   11.5578
    7.5000   -7.5000  -15.0000 2659.4436   11.4028
   -7.5000    0.0000  -15.0000 2705.8296   11.8690
    0.0000    0.0000  -15.0000 2692.8857   11.9147
    7.5000    0.0000  -15.0000 2671.6694   11.6956
   -7.5000    7.5000  -15.0000 2720.9321   12.1954
    0.0000    7.5000  -15.0000 2740.3567   12.3727
    7.5000    7.5000  -15.0000 2708.0657   12.0518
   -7.5000   15.0000  -15.0000 2739.1248   12.4052
    0.0000   15.0000  -15.0000 2771.6084   12.6438
    7.5000   15.0000  -15.0000 2723.8904   12.2915
   -7.5000   22.5000  -15.0000 2737.9058   12.2940
    0.0000   22.5000  -15.0000 2776.8889   12.5833
    7.5000   22.5000  -15.0000 2705.7903   12.2396
   -7.5000   30.0000  -15.0000 2726.8049   12.1803
    0.0000   30.0000  -15.0000 2743.8542   12.3266
    7.5000   30.0000  -15.0000 2688.5452   12.2141
   -7.5000   37.5000  -15.0000 2695.5693   12.3238
    0.0000   37.5000  -15.0000 2704.2197   12.3819
    7.5000   37.5000  -15.0000 2668.1013   12.4087
   -7.5000   45.0000  -15.0000 2648.0286   12.8368
    0.0000   45.0000  -15.0000 2662.3154   12.8343
    7.5000   45.0000  -15.0000 2637.6130   12.9180
   -7.5000  -45.0000   -7.5000 2675.5684   10.8300
    0.0000  -45.0000   -7.5000 2697.9663   10.4622
    7.5000  -45.0000   -7.5000 2697.5383   10.2392
   -7.5000  -37.5000   -7.5000 2661.5652   10.9948
    0.0000  -37.5000   -7.5000 2679.4404   10.6608
    7.5000  -37.5000   -7.5000 2673.3408   10.4349
   -7.5000  -30.0000   -7.5000 2648.6101   11.1387
    0.0000  -30.0000   -7.5000 2657.9634   10.8225
    7.5000  -30.0000   -7.5000 2650.1228   10.6474
   -7.5000  -22.5000   -7.5000 2643.1409   11.1900
    0.0000  -22.5000   -7.5000 2649.2891   10.9995
    7.5000  -22.5000   -7.5000 2644.0642   10.8533
   -7.5000  -15.0000   -7.5000 2650.6289   11.3041
    0.0000  -15.0000   -7.5000 2652.9819   11.1925
    7.5000  -15.0000   -7.5000 2651.4453   11.0884
   -7.5000   -7.5000   -7.5000 2691.3110   11.4918
    0.0000   -7.5000   -7.5000 2685.4600   11.5047
    7.5000   -7.5000   -7.5000 2668.4661   11.3715
   -7.5000    0.0000   -7.5000 2724.8301   11.7774
    0.0000    0.0000   -7.5000 2727.3008   11.9171
    7.5000    0.0000   -7.5000 2707.2520   11.7418
   -7.5000    7.5000   -7.5000 2752.4451   12.2301
    0.0000    7.5000   -7.5000 2788.9954   12.5633
    7.5000    7.5000   -7.5000 2753.5754   12.2316
   -7.5000   15.0000   -7.5000 2778.4099   12.6349
    0.0000   15.0000   -7.5000 2836.0767   13.0725
    7.5000   15.0000   -7.5000 2768.2476   12.5791
   -7.5000   22.5000   -7.5000 2782.1958   12.5370
    0.0000   22.5000   -7.5000 2824.4956   12.9012
    7.5000   22.5000   -7.5000 2749.2944   12.4803
   -7.5000   30.0000   -7.5000 2756.2766   12.3280
    0.0000   30.0000   -7.5000 2769.1194   12.5237
    7.5000   30.0000   -7.5000 2717.1448   12.3802
   -7.5000   37.5000   -7.5000 2716.7954   12.3537
    0.0000   37.5000   -7.5000 2718.1348   12.4176
    7.5000   37.5000   -7.5000 2680.1653   12.4464
   -7.5000   45.0000   -7.5000 2654.4395   12.7369
    0.0000   45.0000   -7.5000 2661.3877   12.7373
    7.5000   45.0000   -7.5000 2638.2246   12.8762
   -7.5000  -45.0000    0.0000 2692.1174   10.7638
    0.0000  -45.0000    0.0000 2717.7483   10.4456
    7.5000  -45.0000    0.0000 2706.2302   10.2661
   -7.5000  -37.5000    0.0000 2677.9646   10.9212
    0.0000  -37.5000    0.0000 2693.4858   10.6625
    7.5000  -37.5000    0.0000 2675.2317   10.4963
   -7.5000  -30.0000    0.0000 2659.1992   11.0843
    0.0000  -30.0000    0.0000 2662.3596   10.8688
    7.5000  -30.0000    0.0000 2650.3176   10.7245
   -7.5000  -22.5000    0.0000 2649.4651   11.2206
    0.0000  -22.5000    0.0000 2656.2766   11.1055
    7.5000  -22.5000    0.0000 2649.4971   10.9901
   -7.5000  -15.0000    0.0000 2656.1836   11.3781
    0.0000  -15.0000    0.0000 2661.9333   11.3439
    7.5000  -15.0000    0.0000 2659.9226   11.2682
   -7.5000   -7.5000    0.0000 2682.2852   11.5995
    0.0000   -7.5000    0.0000 2693.6394   11.6444
    7.5000   -7.5000    0.0000 2683.5554   11.5413
   -7.5000    0.0000    0.0000 2727.0891   11.9386
    0.0000    0.0000    0.0000 2733.5491   12.0076
    7.5000    0.0000    0.0000 2721.5312   11.8978
   -7.5000    7.5000    0.0000 2769.1304   12.4044
    0.0000    7.5000    0.0000 2795.5352   12.5688
    7.5000    7.5000    0.0000 2763.4045   12.3190
   -7.5000   15.0000    0.0000 2797.7808   12.7606
    0.0000   15.0000    0.0000 2837.1230   12.9978
    7.5000   15.0000    0.0000 2774.9634   12.6153
   -7.5000   22.5000    0.0000 2793.8132   12.5605
    0.0000   22.5000    0.0000 2825.7964   12.7835
    7.5000   22.5000    0.0000 2761.2566   12.5380
   -7.5000   30.0000    0.0000 2762.1978   12.3172
    0.0000   30.0000    0.0000 2778.5842   12.3910
    7.5000   30.0000    0.0000 2722.8687   12.4243
   -7.5000   37.5000    0.0000 2713.8225   12.3967
    0.0000   37.5000    0.0000 2726.5718   12.4275
    7.5000   37.5000    0.0000 2685.2686   12.5831
   -7.5000   45.0000    0.0000 2649.2534   12.8921
    0.0000   45.0000    0.0000 2659.8894   12.9460
    7.5000   45.0000    0.0000 2635.1523   13.1501
   -7.5000  -45.0000    7.5000 2694.2598   10.7531
    0.0000  -45.0000    7.5000 2715.3049   10.4689
    7.5000  -45.0000    7.5000 2710.0303   10.3743
   -7.5000  -37.5000    7.5000 2683.2642   10.9344
    0.0000  -37.5000    7.5000 2702.0469   10.7021
    7.5000  -37.5000    7.5000 2689.5813   10.6529
   -7.5000  -30.0000    7.5000 2669.5120   11.0640
    0.0000  -30.0000    7.5000 2678.0012   10.9277
    7.5000  -30.0000    7.5000 2675.0759   10.8677
   -7.5000  -22.5000    7.5000 2660.9360   11.2924
    0.0000  -22.5000    7.5000 2670.4004   11.1644
    7.5000  -22.5000    7.5000 2668.5872   11.1495
   -7.5000  -15.0000    7.5000 2660.7974   11.4811
    0.0000  -15.0000    7.5000 2671.2742   11.4444
    7.5000  -15.0000    7.5000 2670.4033   11.4071
   -7.5000   -7.5000    7.5000 2680.1196   11.6939
    0.0000   -7.5000    7.5000 2683.9912   11.6904
    7.5000   -7.5000    7.5000 2683.9875   11.6555
   -7.5000    0.0000    7.5000 2720.6931   12.0035
    0.0000    0.0000    7.5000 2723.7771   11.9945
    7.5000    0.0000    7.5000 2713.0002   11.9632
   -7.5000    7.5000    7.5000 2762.8804   12.4941
    0.0000    7.5000    7.5000 2771.2161   12.5066
    7.5000    7.5000    7.5000 2753.8228   12.3047
   -7.5000   15.0000    7.5000 2779.9458   12.6339
    0.0000   15.0000    7.5000 2798.7610   12.7197
    7.5000   15.0000    7.5000 2773.4348   12.5492
   -7.5000   22.5000    7.5000 2777.9712   12.3557
    0.0000   22.5000    7.5000 2788.5168   12.4668
    7.5000   22.5000    7.5000 2752.2197   12.4855
   -7.5000   30.0000    7.5000 2746.6523   12.1874
    0.0000   30.0000    7.5000 2758.5461   12.2369
    7.5000   30.0000    7.5000 2721.8225   12.4631
   -7.5000   37.5000    7.5000 2712.4766   12.4622
    0.0000   37.5000    7.5000 2727.5420   12.5054
    7.5000   37.5000    7.5000 2685.9878   12.7567
   -7.5000   45.0000    7.5000 2651.6821   13.1194
    0.0000   45.0000    7.5000 2656.6345   13.1253
    7.5000   45.0000    7.5000 2625.2705   13.3555
   -7.5000  -45.0000   15.0000 2689.0703   10.8137
    0.0000  -45.0000   15.0000 2706.1055   10.4932
    7.5000  -45.0000   15.0000 2708.1616   10.4628
   -7.5000  -37.5000   15.0000 2681.4165   11.0101
    0.0000  -37.5000   15.0000 2697.3474   10.7468
    7.5000  -37.5000   15.0000 2692.2258   10.7581
   -7.5000  -30.0000   15.0000 2667.5732   11.1664
    0.0000  -30.0000   15.0000 2678.0320   10.9585
    7.5000  -30.0000   15.0000 2680.3184   11.0285
   -7.5000  -22.5000   15.0000 2662.3687   11.3923
    0.0000  -22.5000   15.0000 2670.7319   11.2220
    7.5000  -22.5000   15.0000 2670.5151   11.2820
   -7.5000  -15.0000   15.0000 2664.9473   11.6095
    0.0000  -15.0000   15.0000 2676.8174   11.4878
    7.5000  -15.0000   15.0000 2675.9775   11.5387
   -7.5000   -7.5000   15.0000 2681.3074   11.8427
    0.0000   -7.5000   15.0000 2686.1694   11.7268
    7.5000   -7.5000   15.0000 2681.4019   11.8010
   -7.5000    0.0000   15.0000 2713.3254   12.1518
    0.0000    0.0000   15.0000 2707.7175   12.0642
    7.5000    0.0000   15.0000 2700.4866   12.0932
   -7.5000    7.5000   15.0000 2729.8633   12.4897
    0.0000    7.5000   15.0000 2730.2200   12.4017
    7.5000    7.5000   15.0000 2727.6042   12.3595
   -7.5000   15.0000   15.0000 2740.1255   12.5458
    0.0000   15.0000   15.0000 2741.1121   12.5218
    7.5000   15.0000   15.0000 2733.2234   12.5903
   -7.5000   22.5000   15.0000 2743.9072   12.2922
    0.0000   22.5000   15.0000 2737.6445   12.3366
    7.5000   22.5000   15.0000 2715.7483   12.5600
   -7.5000   30.0000   15.0000 2728.4480   12.3776
    0.0000   30.0000   15.0000 2733.0601   12.3854
    7.5000   30.0000   15.0000 2701.8555   12.6741
   -7.5000   37.5000   15.0000 2698.0945   12.8277
    0.0000   37.5000   15.0000 2711.1025   12.8026
    7.5000   37.5000   15.0000 2674.2349   13.0817
   -7.5000   45.0000   15.0000 2635.3479   13.5516
    0.0000   45.0000   15.0000 2641.5591   13.4879
    7.5000   45.0000   15.0000 2610.3743   13.7460
   -7.5000  -45.0000   22.5000 2684.2251   10.9375
    0.0000  -45.0000   22.5000 2704.8838   10.5682
    7.5000  -45.0000   22.5000 2718.0085   10.5932
   -7.5000  -37.5000   22.5000 2679.1541   11.1576
    0.0000  -37.5000   22.5000 2695.4749   10.8074
    7.5000  -37.5000   22.5000 2701.8293   10.8619
   -7.5000  -30.0000   22.5000 2667.3235   11.3461
    0.0000  -30.0000   22.5000 2681.4395   11.0527
    7.5000  -30.0000   22.5000 2681.3738   11.1823
   -7.5000  -22.5000   22.5000 2661.7961   11.6002
    0.0000  -22.5000   22.5000 2668.7466   11.3344
    7.5000  -22.5000   22.5000 2664.8706   11.4541
   -7.5000  -15.0000   22.5000 2664.5789   11.7948
    0.0000  -15.0000   22.5000 2674.6648   11.5889
    7.5000  -15.0000   22.5000 2671.4639   11.7230
   -7.5000   -7.5000   22.5000 2678.3242   12.0562
    0.0000   -7.5000   22.5000 2685.0867   11.8820
    7.5000   -7.5000   22.5000 2676.3652   11.9979
   -7.5000    0.0000   22.5000 2692.3533   12.3222
    0.0000    0.0000   22.5000 2689.8691   12.2016
    7.5000    0.0000   22.5000 2681.5886   12.2892
   -7.5000    7.5000   22.5000 2696.9998   12.5604
    0.0000    7.5000   22.5000 2694.5210   12.4016
    7.5000    7.5000   22.5000 2688.5107   12.5146
   -7.5000   15.0000   22.5000 2704.0237   12.6236
    0.0000   15.0000   22.5000 2692.8926   12.4989
    7.5000   15.0000   22.5000 2686.1316   12.7028
   -7.5000   22.5000   22.5000 2704.2329   12.5182
    0.0000   22.5000   22.5000 2692.0806   12.4993
    7.5000   22.5000   22.5000 2676.8352   12.8068
   -7.5000   30.0000   22.5000 2697.8171   12.7770
    0.0000   30.0000   22.5000 2687.5667   12.7526
    7.5000   30.0000   22.5000 2661.1812   13.0632
   -7.5000   37.5000   22.5000 2661.4597   13.3089
    0.0000   37.5000   22.5000 2664.7053   13.2944
    7.5000   37.5000   22.5000 2633.0044   13.5784
   -7.5000   45.0000   22.5000 2597.9651   14.0695
    0.0000   45.0000   22.5000 2603.1831   14.0211
    7.5000   45.0000   22.5000 2570.0042   14.3053
   -7.5000  -45.0000   30.0000 2673.0344   11.1885
    0.0000  -45.0000   30.0000 2694.1670   10.8098
    7.5000  -45.0000   30.0000 2703.4705   10.8074
   -7.5000  -37.5000   30.0000 2674.0737   11.3903
    0.0000  -37.5000   30.0000 2692.8862   10.9948
    7.5000  -37.5000   30.0000 2695.2986   11.0298
   -7.5000  -30.0000   30.0000 2664.7397   11.6413
    0.0000  -30.0000   30.0000 2682.9788   11.2196
    7.5000  -30.0000   30.0000 2675.4451   11.3337
   -7.5000  -22.5000   30.0000 2659.5095   11.8949
    0.0000  -22.5000   30.0000 2666.1948   11.5246
    7.5000  -22.5000   30.0000 2662.0542   11.6615
   -7.5000  -15.0000   30.0000 2651.5142   12.0977
    0.0000  -15.0000   30.0000 2663.2727   11.7981
    7.5000  -15.0000   30.0000 2658.4690   11.9582
   -7.5000   -7.5000   30.0000 2656.3218   12.3253
    0.0000   -7.5000   30.0000 2666.2688   12.0695
    7.5000   -7.5000   30.0000 2656.5635   12.2307
   -7.5000    0.0000   30.0000 2648.9805   12.5330
    0.0000    0.0000   30.0000 2650.1995   12.3509
    7.5000    0.0000   30.0000 2643.6514   12.4922
   -7.5000    7.5000   30.0000 2655.4148   12.7642
    0.0000    7.5000   30.0000 2649.0425   12.5447
    7.5000    7.5000   30.0000 2644.6426   12.7313
   -7.5000   15.0000   30.0000 2655.1646   12.8270
    0.0000   15.0000   30.0000 2642.2456   12.7115
    7.5000   15.0000   30.0000 2637.7400   12.9589
   -7.5000   22.5000   30.0000 2660.5146   12.9437
    0.0000   22.5000   30.0000 2646.2493   12.8845
    7.5000   22.5000   30.0000 2630.8645   13.1903
   -7.5000   30.0000   30.0000 2647.7732   13.3754
    0.0000   30.0000   30.0000 2631.9507   13.2958
    7.5000   30.0000   30.0000 2611.2671   13.6241
   -7.5000   37.5000   30.0000 2610.4031   13.9582
    0.0000   37.5000   30.0000 2607.1030   13.9202
    7.5000   37.5000   30.0000 2578.1162   14.1745
   -7.5000   45.0000   30.0000 2551.8872   14.7213
    0.0000   45.0000   30.0000 2557.0984   14.6783
    7.5000   45.0000   30.0000 2523.0964   14.9329
   -7.5000  -45.0000   37.5000 2659.0771   11.5863
    0.0000  -45.0000   37.5000 2678.8481   11.1427
    7.5000  -45.0000   37.5000 2669.9216   11.1290
   -7.5000  -37.5000   37.5000 2661.1704   11.7094
    0.0000  -37.5000   37.5000 2679.2229   11.2766
    7.5000  -37.5000   37.5000 2666.7161   11.3152
   -7.5000  -30.0000   37.5000 2653.8103   11.9527
    0.0000  -30.0000   37.5000 2670.4221   11.4817
    7.5000  -30.0000   37.5000 2659.7651   11.5750
   -7.5000  -22.5000   37.5000 2645.5801   12.2210
    0.0000  -22.5000   37.5000 2659.3555   11.7869
    7.5000  -22.5000   37.5000 2651.1692   11.9286
   -7.5000  -15.0000   37.5000 2631.4424   12.4219
    0.0000  -15.0000   37.5000 2647.2668   12.0564
    7.5000  -15.0000   37.5000 2636.1970   12.2530
   -7.5000   -7.5000   37.5000 2626.7095   12.6187
    0.0000   -7.5000   37.5000 2637.5581   12.3003
    7.5000   -7.5000   37.5000 2629.0813   12.5267
   -7.5000    0.0000   37.5000 2617.6279   12.8454
    0.0000    0.0000   37.5000 2623.4062   12.5246
    7.5000    0.0000   37.5000 2611.5979   12.7914
   -7.5000    7.5000   37.5000 2616.7903   13.0393
    0.0000    7.5000   37.5000 2611.0271   12.8194
    7.5000    7.5000   37.5000 2600.0232   13.0613
   -7.5000   15.0000   37.5000 2606.4512   13.2079
    0.0000   15.0000   37.5000 2591.7290   13.0896
    7.5000   15.0000   37.5000 2587.8142   13.4263
   -7.5000   22.5000   37.5000 2604.6904   13.5716
    0.0000   22.5000   37.5000 2584.8406   13.4583
    7.5000   22.5000   37.5000 2578.7700   13.8105
   -7.5000   30.0000   37.5000 2595.4805   14.1387
    0.0000   30.0000   37.5000 2575.0825   14.0009
    7.5000   30.0000   37.5000 2552.6313   14.3453
   -7.5000   37.5000   37.5000 2563.8225   14.7267
    0.0000   37.5000   37.5000 2555.8516   14.6303
    7.5000   37.5000   37.5000 2521.9690   14.9143
   -7.5000   45.0000   37.5000 2505.0850   15.4815
    0.0000   45.0000   37.5000 2508.8218   15.3674
    7.5000   45.0000   37.5000 2470.5054   15.6329
   -7.5000  -45.0000   45.0000 2624.0093   12.0825
    0.0000  -45.0000   45.0000 2642.5093   11.6207
    7.5000  -45.0000   45.0000 2635.0923   11.5896
   -7.5000  -37.5000   45.0000 2623.0674   12.1603
    0.0000  -37.5000   45.0000 2638.0867   11.7043
    7.5000  -37.5000   45.0000 2632.2698   11.7179
   -7.5000  -30.0000   45.0000 2613.9431   12.3366
    0.0000  -30.0000   45.0000 2631.0234   11.8757
    7.5000  -30.0000   45.0000 2621.7654   11.9261
   -7.5000  -22.5000   45.0000 2608.0151   12.5854
    0.0000  -22.5000   45.0000 2620.4949   12.1604
    7.5000  -22.5000   45.0000 2610.4380   12.2787
   -7.5000  -15.0000   45.0000 2595.6331   12.8010
    0.0000  -15.0000   45.0000 2605.2664   12.4270
    7.5000  -15.0000   45.0000 2596.8616   12.6089
   -7.5000   -7.5000   45.0000 2589.4375   12.9740
    0.0000   -7.5000   45.0000 2599.6846   12.6285
    7.5000   -7.5000   45.0000 2581.0007   12.8649
   -7.5000    0.0000   45.0000 2578.7327   13.2167
    0.0000    0.0000   45.0000 2586.1736   12.8889
    7.5000    0.0000   45.0000 2563.1604   13.1364
   -7.5000    7.5000   45.0000 2567.7083   13.4925
    0.0000    7.5000   45.0000 2563.4792   13.2487
    7.5000    7.5000   45.0000 2546.9531   13.5074
   -7.5000   15.0000   45.0000 2539.3213   13.8094
    0.0000   15.0000   45.0000 2530.5859   13.6673
    7.5000   15.0000   45.0000 2521.2258   14.0110
   -7.5000   22.5000   45.0000 2534.1807   14.2541
    0.0000   22.5000   45.0000 2516.5396   14.1414
    7.5000   22.5000   45.0000 2504.7617   14.4959
   -7.5000   30.0000   45.0000 2527.8618   14.9738
    0.0000   30.0000   45.0000 2506.8557   14.7974
    7.5000   30.0000   45.0000 2485.3337   15.1269
   -7.5000   37.5000   45.0000 2500.2209   15.6492
    0.0000   37.5000   45.0000 2492.5247   15.5096
    7.5000   37.5000   45.0000 2446.8928   15.7892
   -7.5000   45.0000   45.0000 2438.1267   16.4623
    0.0000   45.0000   45.0000 2433.4126   16.3131
    7.5000   45.0000   45.0000 2389.5552   16.6108

---------------------------------------------------------------------
imgreg_4dfp /opt/freesurfer/average/711-2C_as_mni_average_305 /opt/freesurfer/average/711-2B_as_mni_average_305_mask talsrcimg_g11 none talsrcimg_to_711-2C_as_mni_average_305_t4 1283
---------------------------------------------------------------------

freesurfer imgreg_4dfp.c
/opt/freesurfer/average/711-2C_as_mni_average_305.4dfp.img
       256       256       256         1
  1.000000  1.000000  1.000000
orientation T byte_order littleendian
Reading image: /opt/freesurfer/average/711-2C_as_mni_average_305.4dfp.img
dimensions:      256       256       256
mmppix:       1.0000   -1.0000   -1.0000
center:     128.0000 -129.0000 -129.0000
/opt/freesurfer/average/711-2B_as_mni_average_305_mask.4dfp.img
       256       256       256         1
  1.000000  1.000000  1.000000
orientation T byte_order littleendian
Reading mask: /opt/freesurfer/average/711-2B_as_mni_average_305_mask.4dfp.img (2306576 pixels)
talsrcimg_g11.4dfp.img
       256       256       256         1
  1.000000  1.000000  1.000000
orientation T byte_order littleendian
Reading image: talsrcimg_g11.4dfp.img
dimensions:      256       256       256
mmppix:       1.0000   -1.0000   -1.0000
center:     128.0000 -129.0000 -129.0000
rotation matrix determinant  1.000000
fimgreg.f
image alignment mode   1283 decimal      503 hex
parameters
    0.0000   15.0000    0.0000    0.0000    0.0000    0.0000
eta,q 0.89000 13.01017
niter,ni,del,rscale     5    3   12.0000    1.2000
parameter  3  1.028011 ->  0.500000 qaram    1.1500
parameter  4  0.886330 ->  0.500000 qaram    1.1500
parameter  6 -1.599103 -> -0.500000 qaram    1.1500
parameters
   -1.7488   17.8105   -3.4500   -3.4500    2.4511    3.4500
eta,q 0.90698 13.11995
  0.1208  0.1229  0.1045  0.1034  0.1152  0.1210
  0.1122  0.1167  0.1050  0.1035  0.1096  0.1132
  0.1102  0.1133  0.1055  0.1035  0.1057  0.1066
  0.1144  0.1099  0.1074  0.1045  0.1031  0.1015
  0.1196  0.1078  0.1085  0.1081  0.1017  0.0962
  0.1247  0.1090  0.1087  0.1126  0.1017  0.0922
  0.1308  0.1102  0.1133  0.1130  0.1045  0.0908
niter,ni,del,rscale     7    3   12.0000    1.2000
parameter  4  0.836559 ->  0.500000 qaram    1.3225
parameter  6 -0.537171 -> -0.500000 qaram    1.3225
parameters
   -1.7458   18.9796   -2.9931   -7.4175    1.4653    7.4175
eta,q 0.91102 13.15000
  0.1150  0.1149  0.1035  0.0932  0.0961  0.1128
  0.1052  0.1048  0.0960  0.0926  0.0928  0.1041
  0.0965  0.0959  0.0933  0.0910  0.0913  0.0963
  0.0930  0.0930  0.0936  0.0940  0.0921  0.0917
  0.0950  0.0950  0.0964  0.1005  0.0935  0.0893
  0.1035  0.0994  0.0970  0.1030  0.0954  0.0892
  0.1166  0.1012  0.0987  0.1047  0.0998  0.0910
niter,ni,del,rscale     7    3   12.0000    1.2000
parameter  4  0.895517 ->  0.500000 qaram    1.5209
parameters
   -1.2640   20.7390   -5.4431  -11.9801    1.8550    6.9959
eta,q 0.91531 13.33702
  0.1160  0.1114  0.0890  0.0824  0.0941  0.0941
  0.1034  0.1017  0.0858  0.0831  0.0881  0.0892
  0.0933  0.0937  0.0851  0.0858  0.0848  0.0865
  0.0890  0.0886  0.0863  0.0851  0.0842  0.0844
  0.0891  0.0863  0.0897  0.0904  0.0856  0.0852
  0.0970  0.0898  0.0950  0.0967  0.0864  0.0893
  0.1097  0.0949  0.1048  0.1012  0.0915  0.0982
niter,ni,del,rscale     7    3   12.0000    1.2000
parameters
   -1.2111   23.1240   -7.2208  -15.4385    2.0400    7.2266
eta,q 0.92443 13.22034
  0.1080  0.1046  0.0896  0.0837  0.0909  0.0908
  0.0961  0.0940  0.0820  0.0763  0.0834  0.0837
  0.0872  0.0875  0.0798  0.0760  0.0771  0.0790
  0.0847  0.0847  0.0826  0.0801  0.0754  0.0756
  0.0869  0.0827  0.0868  0.0835  0.0789  0.0770
  0.0953  0.0834  0.0927  0.0933  0.0822  0.0819
  0.1074  0.0859  0.1026  0.0993  0.0884  0.0902
niter,ni,del,rscale     6    3   12.0000    1.2000
parameters
   -1.8294   23.6885   -8.4543  -16.6504    2.2053    7.1580
eta,q 0.92870 13.24475
  0.1001  0.0962  0.0893  0.0854  0.0873  0.0876
  0.0852  0.0849  0.0785  0.0804  0.0789  0.0806
  0.0766  0.0788  0.0727  0.0721  0.0728  0.0744
  0.0756  0.0751  0.0747  0.0728  0.0712  0.0713
  0.0826  0.0761  0.0815  0.0798  0.0740  0.0733
  0.0958  0.0830  0.0910  0.0845  0.0783  0.0794
  0.1093  0.0885  0.1003  0.0929  0.0848  0.0897
niter,ni,del,rscale     5    3   12.0000    1.2000
parameters
   -1.9233   24.0316   -8.8712  -17.4206    2.3586    7.1917
eta,q 0.92971 13.27651
  0.1043  0.0940  0.0936  0.0852  0.0854  0.0870
  0.0875  0.0832  0.0809  0.0820  0.0779  0.0800
  0.0752  0.0766  0.0723  0.0729  0.0721  0.0736
  0.0713  0.0713  0.0708  0.0705  0.0702  0.0703
  0.0762  0.0722  0.0763  0.0778  0.0723  0.0721
  0.0894  0.0817  0.0867  0.0842  0.0768  0.0779
  0.1060  0.0895  0.0975  0.0900  0.0837  0.0884
niter,ni,del,rscale     4    3   12.0000    1.2000
parameters
   -1.9593   24.2997   -9.1371  -17.8297    2.4784    7.2274
eta,q 0.93020 13.29458
  0.1052  0.0942  0.0944  0.0859  0.0845  0.0866
  0.0877  0.0831  0.0811  0.0826  0.0775  0.0795
  0.0744  0.0757  0.0721  0.0739  0.0718  0.0731
  0.0703  0.0703  0.0699  0.0698  0.0698  0.0698
  0.0751  0.0715  0.0749  0.0761  0.0715  0.0717
  0.0884  0.0816  0.0853  0.0839  0.0763  0.0775
  0.1058  0.0907  0.0967  0.0886  0.0836  0.0880
niter,ni,del,rscale     3    3   12.0000    1.2000
parameters
   -1.9898   24.4717   -9.2830  -18.0419    2.5469    7.2385
eta,q 0.93050 13.29849
  0.1055  0.0941  0.0951  0.0866  0.0839  0.0864
  0.0875  0.0829  0.0815  0.0829  0.0773  0.0792
  0.0738  0.0751  0.0722  0.0746  0.0716  0.0727
  0.0698  0.0698  0.0696  0.0695  0.0695  0.0695
  0.0747  0.0717  0.0742  0.0752  0.0710  0.0716
  0.0883  0.0822  0.0844  0.0836  0.0762  0.0774
  0.1059  0.0917  0.0959  0.0883  0.0838  0.0878
niter,ni,del,rscale     2    3   12.0000    1.2000
parameters
   -2.0105   24.5753   -9.3509  -18.1415    2.5791    7.2444
eta,q 0.93064 13.29854
  0.1058  0.0938  0.0955  0.0871  0.0837  0.0863
  0.0875  0.0827  0.0818  0.0832  0.0772  0.0791
  0.0735  0.0747  0.0723  0.0749  0.0715  0.0725
  0.0695  0.0695  0.0694  0.0694  0.0694  0.0694
  0.0744  0.0720  0.0738  0.0748  0.0708  0.0715
  0.0881  0.0827  0.0838  0.0834  0.0762  0.0773
  0.1058  0.0922  0.0952  0.0881  0.0840  0.0878
niter,ni,del,rscale     1    3   12.0000    1.2000
parameters
   -2.0237   24.6284   -9.3820  -18.1883    2.5955    7.2457
eta,q 0.93070 13.29810
  0.1060  0.0936  0.0957  0.0874  0.0836  0.0863
  0.0875  0.0825  0.0819  0.0833  0.0771  0.0790
  0.0734  0.0744  0.0724  0.0751  0.0715  0.0724
  0.0694  0.0694  0.0693  0.0693  0.0693  0.0693
  0.0743  0.0723  0.0737  0.0746  0.0708  0.0715
  0.0880  0.0832  0.0836  0.0833  0.0762  0.0773
  0.1058  0.0926  0.0949  0.0881  0.0841  0.0877
registration optimization eta report
parameter search radius
    6.0000    6.0000    6.9000    9.1253    6.0000    7.9350
100000*second partial in parameter space
      101.       63.       53.       19.       40.       27.
  0.1060  0.0936  0.0957  0.0874  0.0836  0.0863
  0.0875  0.0825  0.0819  0.0833  0.0771  0.0790
  0.0734  0.0744  0.0724  0.0751  0.0715  0.0724
  0.0694  0.0694  0.0693  0.0693  0.0693  0.0693
  0.0743  0.0723  0.0737  0.0746  0.0708  0.0715
  0.0880  0.0832  0.0836  0.0833  0.0762  0.0773
  0.1058  0.0926  0.0949  0.0881  0.0841  0.0877
   -2.0237   24.6284   -9.3820  -18.1883    2.5955    7.2457
eta,q 0.93070 13.29810

---------------------------------------------------------------------
imgreg_4dfp /opt/freesurfer/average/711-2C_as_mni_average_305 /opt/freesurfer/average/711-2B_as_mni_average_305_mask talsrcimg_g11 none talsrcimg_to_711-2C_as_mni_average_305_t4 3335
---------------------------------------------------------------------

freesurfer imgreg_4dfp.c
/opt/freesurfer/average/711-2C_as_mni_average_305.4dfp.img
       256       256       256         1
  1.000000  1.000000  1.000000
orientation T byte_order littleendian
Reading image: /opt/freesurfer/average/711-2C_as_mni_average_305.4dfp.img
dimensions:      256       256       256
mmppix:       1.0000   -1.0000   -1.0000
center:     128.0000 -129.0000 -129.0000
/opt/freesurfer/average/711-2B_as_mni_average_305_mask.4dfp.img
       256       256       256         1
  1.000000  1.000000  1.000000
orientation T byte_order littleendian
Reading mask: /opt/freesurfer/average/711-2B_as_mni_average_305_mask.4dfp.img (2306576 pixels)
talsrcimg_g11.4dfp.img
       256       256       256         1
  1.000000  1.000000  1.000000
orientation T byte_order littleendian
Reading image: talsrcimg_g11.4dfp.img
dimensions:      256       256       256
mmppix:       1.0000   -1.0000   -1.0000
center:     128.0000 -129.0000 -129.0000
fimgreg.f
image alignment mode   3335 decimal      D07 hex
parameters
   -2.0237   24.6284   -9.3820   -0.9003   -5.5768   -5.0939
  -10.5801   -8.2047   12.5996   30.4222    4.5285  -31.1820
eta,q 0.92821 13.22843
niter,ni,del,rscale     5    3    5.0000    1.2000
parameter  5  2.078204 ->  0.500000 qaram    1.1500
parameters
   -2.1889   25.0364   -9.3793   -2.4065   -9.7168   -5.4848
   -8.4768   -8.4722   11.5760   29.0287    2.5000  -30.5278
eta,q 0.93609 13.34449
  0.0769  0.0766  0.0745  0.0751  0.0615  0.0705  0.0721  0.0718  0.0676  0.0687  0.0652  0.0674
  0.0740  0.0743  0.0728  0.0734  0.0640  0.0683  0.0689  0.0674  0.0656  0.0659  0.0643  0.0656
  0.0722  0.0726  0.0719  0.0721  0.0676  0.0662  0.0665  0.0652  0.0646  0.0644  0.0639  0.0645
  0.0718  0.0718  0.0716  0.0716  0.0718  0.0649  0.0651  0.0646  0.0646  0.0644  0.0642  0.0639
  0.0728  0.0717  0.0719  0.0728  0.0766  0.0653  0.0646  0.0657  0.0655  0.0662  0.0649  0.0641
  0.0751  0.0725  0.0729  0.0762  0.0824  0.0679  0.0653  0.0684  0.0673  0.0695  0.0660  0.0650
  0.0785  0.0742  0.0744  0.0821  0.0886  0.0734  0.0670  0.0727  0.0699  0.0742  0.0675  0.0663
niter,ni,del,rscale     5    3    5.0000    1.2000
parameter  5  0.791685 ->  0.500000 qaram    1.3225
parameters
   -2.2433   25.1244   -9.1319   -1.4951  -14.4778   -3.9562
   -8.2021   -8.0397   11.5972   29.4422    2.4209  -30.9252
eta,q 0.94164 13.40684
  0.0691  0.0690  0.0676  0.0700  0.0600  0.0664  0.0646  0.0685  0.0637  0.0663  0.0609  0.0612
  0.0663  0.0664  0.0657  0.0675  0.0592  0.0638  0.0614  0.0630  0.0609  0.0629  0.0596  0.0596
  0.0645  0.0647  0.0644  0.0655  0.0604  0.0614  0.0593  0.0597  0.0591  0.0602  0.0587  0.0586
  0.0639  0.0639  0.0639  0.0639  0.0634  0.0593  0.0585  0.0585  0.0585  0.0585  0.0584  0.0584
  0.0646  0.0643  0.0641  0.0631  0.0677  0.0583  0.0591  0.0593  0.0591  0.0587  0.0587  0.0589
  0.0665  0.0658  0.0649  0.0646  0.0729  0.0594  0.0609  0.0619  0.0608  0.0611  0.0596  0.0601
  0.0697  0.0685  0.0663  0.0685  0.0792  0.0631  0.0636  0.0661  0.0636  0.0654  0.0610  0.0618
niter,ni,del,rscale     5    3    5.0000    1.2000
parameters
   -2.2270   25.4496   -8.8156   -0.9086  -16.6359   -3.6268
   -7.9751   -8.0104   11.5244   29.6601    2.2417  -31.5838
eta,q 0.94281 13.39163
  0.0648  0.0656  0.0625  0.0655  0.0633  0.0641  0.0634  0.0666  0.0626  0.0645  0.0599  0.0597
  0.0614  0.0621  0.0604  0.0626  0.0601  0.0616  0.0603  0.0613  0.0597  0.0613  0.0585  0.0582
  0.0592  0.0596  0.0589  0.0601  0.0577  0.0592  0.0582  0.0582  0.0579  0.0587  0.0575  0.0573
  0.0584  0.0583  0.0582  0.0581  0.0578  0.0574  0.0573  0.0573  0.0573  0.0573  0.0572  0.0572
  0.0590  0.0584  0.0583  0.0577  0.0608  0.0573  0.0580  0.0585  0.0580  0.0576  0.0577  0.0578
  0.0612  0.0599  0.0592  0.0599  0.0658  0.0592  0.0599  0.0615  0.0599  0.0600  0.0587  0.0590
  0.0647  0.0627  0.0607  0.0646  0.0718  0.0643  0.0626  0.0661  0.0627  0.0644  0.0601  0.0607
niter,ni,del,rscale     4    3    5.0000    1.2000
parameters
   -2.2453   25.7107   -8.7638   -0.6181  -17.3238   -3.5676
   -7.8926   -7.9881   11.4536   29.9023    2.1207  -31.9475
eta,q 0.94309 13.38409
  0.0639  0.0642  0.0607  0.0647  0.0648  0.0636  0.0630  0.0665  0.0623  0.0642  0.0597  0.0596
  0.0603  0.0608  0.0588  0.0617  0.0613  0.0610  0.0599  0.0611  0.0595  0.0610  0.0582  0.0581
  0.0580  0.0584  0.0575  0.0590  0.0583  0.0586  0.0578  0.0579  0.0576  0.0584  0.0573  0.0571
  0.0572  0.0572  0.0571  0.0571  0.0569  0.0570  0.0570  0.0570  0.0570  0.0570  0.0569  0.0569
  0.0580  0.0573  0.0574  0.0570  0.0585  0.0571  0.0578  0.0583  0.0577  0.0574  0.0574  0.0574
  0.0604  0.0589  0.0586  0.0597  0.0625  0.0594  0.0598  0.0613  0.0596  0.0597  0.0584  0.0585
  0.0641  0.0619  0.0604  0.0648  0.0681  0.0648  0.0626  0.0660  0.0625  0.0640  0.0599  0.0601
niter,ni,del,rscale     3    3    5.0000    1.2000
parameters
   -2.2600   25.8138   -8.7714   -0.5279  -17.5746   -3.5849
   -7.8360   -7.9827   11.4270   30.0273    2.0770  -32.1183
eta,q 0.94314 13.38109
  0.0638  0.0632  0.0604  0.0644  0.0653  0.0635  0.0629  0.0664  0.0623  0.0640  0.0598  0.0597
  0.0601  0.0600  0.0585  0.0614  0.0618  0.0609  0.0598  0.0610  0.0595  0.0607  0.0583  0.0581
  0.0578  0.0579  0.0573  0.0588  0.0586  0.0585  0.0577  0.0579  0.0576  0.0582  0.0572  0.0571
  0.0569  0.0569  0.0569  0.0569  0.0568  0.0569  0.0569  0.0569  0.0569  0.0569  0.0569  0.0569
  0.0577  0.0574  0.0573  0.0571  0.0579  0.0571  0.0577  0.0582  0.0576  0.0574  0.0573  0.0573
  0.0602  0.0592  0.0585  0.0600  0.0617  0.0595  0.0598  0.0613  0.0595  0.0598  0.0583  0.0584
  0.0640  0.0624  0.0604  0.0654  0.0671  0.0650  0.0626  0.0661  0.0624  0.0641  0.0598  0.0599
niter,ni,del,rscale     2    3    5.0000    1.2000
parameters
   -2.2679   25.8571   -8.7819   -0.4898  -17.6703   -3.6024
   -7.8090   -7.9843   11.4175   30.0891    2.0588  -32.1981
eta,q 0.94315 13.38006
  0.0638  0.0629  0.0603  0.0644  0.0655  0.0635  0.0628  0.0664  0.0623  0.0639  0.0598  0.0598
  0.0601  0.0598  0.0585  0.0614  0.0619  0.0609  0.0597  0.0610  0.0595  0.0606  0.0583  0.0582
  0.0577  0.0577  0.0573  0.0587  0.0587  0.0584  0.0576  0.0578  0.0575  0.0581  0.0572  0.0571
  0.0569  0.0569  0.0569  0.0569  0.0568  0.0569  0.0569  0.0569  0.0569  0.0569  0.0569  0.0569
  0.0577  0.0574  0.0573  0.0571  0.0578  0.0571  0.0577  0.0582  0.0576  0.0574  0.0572  0.0573
  0.0602  0.0594  0.0585  0.0601  0.0614  0.0595  0.0598  0.0613  0.0595  0.0599  0.0583  0.0583
  0.0640  0.0626  0.0604  0.0655  0.0667  0.0650  0.0626  0.0661  0.0623  0.0642  0.0598  0.0598
niter,ni,del,rscale     1    3    5.0000    1.2000
parameters
   -2.2714   25.8747   -8.7904   -0.4740  -17.7085   -3.6153
   -7.7972   -7.9858   11.4121   30.1187    2.0566  -32.2322
eta,q 0.94315 13.37965
  0.0638  0.0628  0.0603  0.0644  0.0656  0.0635  0.0628  0.0664  0.0623  0.0638  0.0598  0.0598
  0.0602  0.0597  0.0584  0.0614  0.0620  0.0609  0.0597  0.0610  0.0595  0.0606  0.0583  0.0582
  0.0577  0.0577  0.0573  0.0587  0.0587  0.0584  0.0576  0.0578  0.0575  0.0581  0.0572  0.0571
  0.0568  0.0569  0.0568  0.0568  0.0568  0.0569  0.0569  0.0569  0.0569  0.0569  0.0569  0.0569
  0.0577  0.0574  0.0573  0.0571  0.0577  0.0570  0.0577  0.0582  0.0576  0.0574  0.0572  0.0573
  0.0601  0.0595  0.0585  0.0601  0.0613  0.0595  0.0598  0.0613  0.0595  0.0599  0.0583  0.0583
  0.0640  0.0628  0.0604  0.0656  0.0666  0.0650  0.0626  0.0661  0.0623  0.0643  0.0598  0.0598
registration optimization eta report
parameter search radius
    2.4000    2.4000    2.4000    7.2000    9.5220    7.2000
    7.2000    7.2000    7.2000    7.2000    7.2000    7.2000
100000*second partial in parameter space
      122.      102.       60.       16.       10.       14.
       11.       18.       10.       14.        6.        6.
  0.0638  0.0628  0.0603  0.0644  0.0656  0.0635  0.0628  0.0664  0.0623  0.0638  0.0598  0.0598
  0.0602  0.0597  0.0584  0.0614  0.0620  0.0609  0.0597  0.0610  0.0595  0.0606  0.0583  0.0582
  0.0577  0.0577  0.0573  0.0587  0.0587  0.0584  0.0576  0.0578  0.0575  0.0581  0.0572  0.0571
  0.0568  0.0569  0.0568  0.0568  0.0568  0.0569  0.0569  0.0569  0.0569  0.0569  0.0569  0.0569
  0.0577  0.0574  0.0573  0.0571  0.0577  0.0570  0.0577  0.0582  0.0576  0.0574  0.0572  0.0573
  0.0601  0.0595  0.0585  0.0601  0.0613  0.0595  0.0598  0.0613  0.0595  0.0599  0.0583  0.0583
  0.0640  0.0628  0.0604  0.0656  0.0666  0.0650  0.0626  0.0661  0.0623  0.0643  0.0598  0.0598
   -2.2714   25.8747   -8.7904   -0.4740  -17.7085   -3.6153
   -7.7972   -7.9858   11.4121   30.1187    2.0566  -32.2322
eta,q 0.94315 13.37965

---------------------------------------------------------------------
imgreg_4dfp /opt/freesurfer/average/711-2C_as_mni_average_305 /opt/freesurfer/average/711-2B_as_mni_average_305_mask talsrcimg_g11 none talsrcimg_to_711-2C_as_mni_average_305_t4 2311
---------------------------------------------------------------------

freesurfer imgreg_4dfp.c
/opt/freesurfer/average/711-2C_as_mni_average_305.4dfp.img
       256       256       256         1
  1.000000  1.000000  1.000000
orientation T byte_order littleendian
Reading image: /opt/freesurfer/average/711-2C_as_mni_average_305.4dfp.img
dimensions:      256       256       256
mmppix:       1.0000   -1.0000   -1.0000
center:     128.0000 -129.0000 -129.0000
/opt/freesurfer/average/711-2B_as_mni_average_305_mask.4dfp.img
       256       256       256         1
  1.000000  1.000000  1.000000
orientation T byte_order littleendian
Reading mask: /opt/freesurfer/average/711-2B_as_mni_average_305_mask.4dfp.img (2306576 pixels)
talsrcimg_g11.4dfp.img
       256       256       256         1
  1.000000  1.000000  1.000000
orientation T byte_order littleendian
Reading image: talsrcimg_g11.4dfp.img
dimensions:      256       256       256
mmppix:       1.0000   -1.0000   -1.0000
center:     128.0000 -129.0000 -129.0000
fimgreg.f
image alignment mode   2311 decimal      907 hex
parameters
   -2.2714   25.8747   -8.7904   -0.4740  -17.7085   -3.6153
   -7.7972   -7.9858   11.4121   30.1187    2.0566  -32.2322
eta,q 0.94315 13.37964
niter,ni,del,rscale     5    3    5.0000    0.8000
parameters
   -2.2631   25.9076   -8.7943    0.0625  -17.3209   -3.2032
   -7.8657   -7.9814   11.3039   30.3687    2.0278  -32.1961
eta,q 0.94346 13.39257
  0.0602  0.0597  0.0585  0.0614  0.0601  0.0605  0.0595  0.0614  0.0591  0.0605  0.0581  0.0580
  0.0584  0.0582  0.0576  0.0595  0.0585  0.0589  0.0579  0.0588  0.0577  0.0586  0.0573  0.0572
  0.0573  0.0572  0.0570  0.0579  0.0573  0.0575  0.0569  0.0571  0.0568  0.0572  0.0567  0.0567
  0.0569  0.0568  0.0568  0.0568  0.0567  0.0566  0.0566  0.0566  0.0566  0.0566  0.0565  0.0565
  0.0572  0.0571  0.0570  0.0567  0.0568  0.0567  0.0570  0.0572  0.0569  0.0568  0.0567  0.0567
  0.0583  0.0580  0.0576  0.0579  0.0577  0.0576  0.0580  0.0589  0.0579  0.0579  0.0573  0.0572
  0.0601  0.0595  0.0585  0.0602  0.0593  0.0597  0.0596  0.0613  0.0593  0.0599  0.0581  0.0580
niter,ni,del,rscale     4    3    5.0000    0.7000
parameters
   -2.2868   25.8309   -8.7591    0.0277  -17.2662   -3.0912
   -7.8012   -8.0039   11.3231   30.3640    2.0637  -32.2024
eta,q 0.94348 13.39439
  0.0591  0.0585  0.0579  0.0598  0.0590  0.0594  0.0590  0.0603  0.0586  0.0593  0.0578  0.0577
  0.0577  0.0574  0.0572  0.0583  0.0578  0.0581  0.0577  0.0582  0.0575  0.0579  0.0571  0.0570
  0.0568  0.0567  0.0567  0.0571  0.0569  0.0570  0.0569  0.0569  0.0568  0.0569  0.0567  0.0566
  0.0565  0.0565  0.0565  0.0565  0.0565  0.0565  0.0565  0.0565  0.0565  0.0565  0.0565  0.0565
  0.0569  0.0569  0.0567  0.0568  0.0568  0.0567  0.0568  0.0570  0.0568  0.0568  0.0567  0.0567
  0.0578  0.0577  0.0571  0.0581  0.0576  0.0576  0.0576  0.0584  0.0575  0.0578  0.0571  0.0571
  0.0593  0.0590  0.0578  0.0602  0.0590  0.0594  0.0588  0.0603  0.0586  0.0595  0.0577  0.0576
niter,ni,del,rscale     3    3    5.0000    0.6000
parameters
   -2.2889   25.8214   -8.7457    0.0741  -17.2706   -3.0046
   -7.7930   -8.0172   11.3100   30.3787    2.0816  -32.2344
eta,q 0.94348 13.39427
  0.0585  0.0581  0.0575  0.0591  0.0584  0.0587  0.0583  0.0594  0.0581  0.0587  0.0574  0.0573
  0.0574  0.0572  0.0570  0.0579  0.0574  0.0576  0.0574  0.0578  0.0572  0.0575  0.0569  0.0569
  0.0568  0.0567  0.0566  0.0570  0.0568  0.0569  0.0567  0.0568  0.0567  0.0568  0.0566  0.0566
  0.0565  0.0565  0.0565  0.0565  0.0565  0.0565  0.0565  0.0565  0.0565  0.0565  0.0565  0.0565
  0.0568  0.0567  0.0566  0.0567  0.0567  0.0567  0.0567  0.0569  0.0567  0.0567  0.0566  0.0566
  0.0574  0.0573  0.0569  0.0576  0.0574  0.0574  0.0573  0.0579  0.0572  0.0575  0.0569  0.0569
  0.0585  0.0582  0.0575  0.0592  0.0584  0.0586  0.0583  0.0594  0.0581  0.0587  0.0574  0.0574
niter,ni,del,rscale     2    3    5.0000    0.5000
parameters
   -2.2918   25.8226   -8.7311    0.1318  -17.2837   -2.9517
   -7.7776   -8.0310   11.2911   30.3950    2.0754  -32.2682
eta,q 0.94350 13.39383
  0.0579  0.0576  0.0572  0.0584  0.0578  0.0581  0.0578  0.0586  0.0576  0.0580  0.0571  0.0571
  0.0571  0.0570  0.0568  0.0575  0.0571  0.0573  0.0571  0.0574  0.0570  0.0572  0.0568  0.0567
  0.0567  0.0566  0.0566  0.0568  0.0567  0.0567  0.0567  0.0567  0.0566  0.0567  0.0566  0.0566
  0.0565  0.0565  0.0565  0.0565  0.0565  0.0565  0.0565  0.0565  0.0565  0.0565  0.0565  0.0565
  0.0567  0.0566  0.0566  0.0567  0.0566  0.0567  0.0566  0.0568  0.0566  0.0567  0.0566  0.0566
  0.0572  0.0570  0.0568  0.0573  0.0571  0.0571  0.0571  0.0575  0.0570  0.0572  0.0568  0.0568
  0.0579  0.0576  0.0572  0.0584  0.0579  0.0580  0.0578  0.0586  0.0576  0.0580  0.0572  0.0571
niter,ni,del,rscale     1    3    5.0000    0.4000
parameters
   -2.2973   25.8220   -8.7238    0.1794  -17.2938   -2.9297
   -7.7567   -8.0381   11.2769   30.4164    2.0936  -32.2838
eta,q 0.94350 13.39361
  0.0574  0.0572  0.0569  0.0578  0.0574  0.0575  0.0573  0.0579  0.0572  0.0575  0.0569  0.0569
  0.0569  0.0568  0.0567  0.0572  0.0569  0.0570  0.0569  0.0571  0.0568  0.0570  0.0567  0.0567
  0.0566  0.0566  0.0566  0.0567  0.0566  0.0566  0.0566  0.0566  0.0566  0.0566  0.0566  0.0565
  0.0565  0.0565  0.0565  0.0565  0.0565  0.0565  0.0565  0.0565  0.0565  0.0565  0.0565  0.0565
  0.0566  0.0566  0.0566  0.0566  0.0566  0.0566  0.0566  0.0567  0.0566  0.0566  0.0565  0.0566
  0.0569  0.0568  0.0567  0.0570  0.0569  0.0569  0.0569  0.0571  0.0568  0.0569  0.0567  0.0567
  0.0574  0.0572  0.0569  0.0578  0.0574  0.0575  0.0573  0.0579  0.0572  0.0575  0.0569  0.0569
registration optimization eta report
parameter search radius
    0.8000    0.8000    0.8000    2.4000    2.4000    2.4000
    2.4000    2.4000    2.4000    2.4000    2.4000    2.4000
100000*second partial in parameter space
      143.      114.       67.       22.       15.       17.
       14.       23.       12.       17.        7.        7.
  0.0574  0.0572  0.0569  0.0578  0.0574  0.0575  0.0573  0.0579  0.0572  0.0575  0.0569  0.0569
  0.0569  0.0568  0.0567  0.0572  0.0569  0.0570  0.0569  0.0571  0.0568  0.0570  0.0567  0.0567
  0.0566  0.0566  0.0566  0.0567  0.0566  0.0566  0.0566  0.0566  0.0566  0.0566  0.0566  0.0565
  0.0565  0.0565  0.0565  0.0565  0.0565  0.0565  0.0565  0.0565  0.0565  0.0565  0.0565  0.0565
  0.0566  0.0566  0.0566  0.0566  0.0566  0.0566  0.0566  0.0567  0.0566  0.0566  0.0565  0.0566
  0.0569  0.0568  0.0567  0.0570  0.0569  0.0569  0.0569  0.0571  0.0568  0.0569  0.0567  0.0567
  0.0574  0.0572  0.0569  0.0578  0.0574  0.0575  0.0573  0.0579  0.0572  0.0575  0.0569  0.0569
   -2.2973   25.8220   -8.7238    0.1794  -17.2938   -2.9297
   -7.7567   -8.0381   11.2769   30.4164    2.0936  -32.2838
eta,q 0.94350 13.39361

---------------------------------------------------------------------
imgreg_4dfp /opt/freesurfer/average/711-2C_as_mni_average_305 /opt/freesurfer/average/711-2B_as_mni_average_305_mask talsrcimg_g11 none talsrcimg_to_711-2C_as_mni_average_305_t4 2311
---------------------------------------------------------------------

freesurfer imgreg_4dfp.c
/opt/freesurfer/average/711-2C_as_mni_average_305.4dfp.img
       256       256       256         1
  1.000000  1.000000  1.000000
orientation T byte_order littleendian
Reading image: /opt/freesurfer/average/711-2C_as_mni_average_305.4dfp.img
dimensions:      256       256       256
mmppix:       1.0000   -1.0000   -1.0000
center:     128.0000 -129.0000 -129.0000
/opt/freesurfer/average/711-2B_as_mni_average_305_mask.4dfp.img
       256       256       256         1
  1.000000  1.000000  1.000000
orientation T byte_order littleendian
Reading mask: /opt/freesurfer/average/711-2B_as_mni_average_305_mask.4dfp.img (2306576 pixels)
talsrcimg_g11.4dfp.img
       256       256       256         1
  1.000000  1.000000  1.000000
orientation T byte_order littleendian
Reading image: talsrcimg_g11.4dfp.img
dimensions:      256       256       256
mmppix:       1.0000   -1.0000   -1.0000
center:     128.0000 -129.0000 -129.0000
fimgreg.f
image alignment mode   2311 decimal      907 hex
parameters
   -2.2973   25.8220   -8.7238    0.1794  -17.2938   -2.9297
   -7.7567   -8.0381   11.2769   30.4164    2.0936  -32.2838
eta,q 0.94350 13.39362
niter,ni,del,rscale     5    3    5.0000    0.8000
parameters
   -2.3068   25.8110   -8.7210   -0.1372  -17.3425   -3.1095
   -7.7633   -8.0396   11.3496   30.3261    2.0936  -32.2371
eta,q 0.94344 13.39354
  0.0600  0.0593  0.0582  0.0602  0.0596  0.0599  0.0596  0.0614  0.0593  0.0600  0.0581  0.0581
  0.0581  0.0578  0.0573  0.0585  0.0581  0.0583  0.0580  0.0587  0.0578  0.0582  0.0573  0.0572
  0.0569  0.0568  0.0567  0.0571  0.0570  0.0571  0.0569  0.0571  0.0569  0.0570  0.0567  0.0567
  0.0565  0.0565  0.0565  0.0565  0.0565  0.0565  0.0566  0.0566  0.0566  0.0566  0.0566  0.0566
  0.0569  0.0568  0.0567  0.0571  0.0569  0.0569  0.0569  0.0572  0.0569  0.0570  0.0567  0.0567
  0.0581  0.0578  0.0573  0.0589  0.0580  0.0582  0.0580  0.0588  0.0577  0.0583  0.0573  0.0572
  0.0601  0.0594  0.0582  0.0618  0.0598  0.0609  0.0596  0.0613  0.0592  0.0604  0.0581  0.0580
niter,ni,del,rscale     4    3    5.0000    0.7000
parameters
   -2.2875   25.8328   -8.7446   -0.0123  -17.3016   -3.0544
   -7.8100   -8.0265   11.3265   30.3602    2.0756  -32.2317
eta,q 0.94347 13.39388
  0.0593  0.0588  0.0578  0.0599  0.0590  0.0594  0.0588  0.0604  0.0586  0.0594  0.0577  0.0577
  0.0578  0.0576  0.0571  0.0585  0.0578  0.0580  0.0576  0.0583  0.0575  0.0579  0.0571  0.0570
  0.0569  0.0568  0.0567  0.0572  0.0569  0.0570  0.0568  0.0570  0.0568  0.0569  0.0567  0.0566
  0.0566  0.0566  0.0566  0.0566  0.0565  0.0565  0.0565  0.0565  0.0565  0.0565  0.0565  0.0565
  0.0568  0.0568  0.0567  0.0567  0.0568  0.0568  0.0568  0.0570  0.0568  0.0568  0.0567  0.0567
  0.0577  0.0575  0.0572  0.0579  0.0576  0.0577  0.0577  0.0583  0.0575  0.0578  0.0571  0.0571
  0.0592  0.0587  0.0579  0.0599  0.0590  0.0595  0.0589  0.0602  0.0586  0.0594  0.0577  0.0576
niter,ni,del,rscale     3    3    5.0000    0.6000
parameters
   -2.2886   25.8264   -8.7378    0.0645  -17.2865   -2.9947
   -7.7952   -8.0230   11.3091   30.3819    2.0774  -32.2439
eta,q 0.94349 13.39404
  0.0585  0.0581  0.0575  0.0591  0.0584  0.0587  0.0583  0.0594  0.0581  0.0587  0.0574  0.0574
  0.0574  0.0573  0.0570  0.0579  0.0574  0.0576  0.0574  0.0578  0.0572  0.0575  0.0569  0.0569
  0.0568  0.0567  0.0566  0.0570  0.0568  0.0569  0.0567  0.0568  0.0567  0.0568  0.0566  0.0566
  0.0565  0.0565  0.0565  0.0565  0.0565  0.0565  0.0565  0.0565  0.0565  0.0565  0.0565  0.0565
  0.0568  0.0567  0.0566  0.0567  0.0567  0.0567  0.0567  0.0569  0.0567  0.0567  0.0566  0.0566
  0.0574  0.0573  0.0569  0.0576  0.0573  0.0574  0.0573  0.0579  0.0572  0.0574  0.0569  0.0569
  0.0585  0.0582  0.0575  0.0591  0.0584  0.0587  0.0583  0.0594  0.0581  0.0587  0.0574  0.0573
niter,ni,del,rscale     2    3    5.0000    0.5000
parameters
   -2.2913   25.8243   -8.7301    0.1277  -17.2881   -2.9515
   -7.7795   -8.0327   11.2936   30.3973    2.0759  -32.2713
eta,q 0.94350 13.39385
  0.0579  0.0576  0.0572  0.0584  0.0578  0.0581  0.0578  0.0586  0.0576  0.0580  0.0571  0.0571
  0.0571  0.0570  0.0568  0.0575  0.0571  0.0573  0.0571  0.0574  0.0570  0.0572  0.0568  0.0568
  0.0567  0.0566  0.0566  0.0568  0.0567  0.0567  0.0567  0.0567  0.0566  0.0567  0.0566  0.0566
  0.0565  0.0565  0.0565  0.0565  0.0565  0.0565  0.0565  0.0565  0.0565  0.0565  0.0565  0.0565
  0.0567  0.0566  0.0566  0.0566  0.0566  0.0567  0.0566  0.0568  0.0566  0.0567  0.0566  0.0566
  0.0572  0.0570  0.0568  0.0573  0.0571  0.0572  0.0571  0.0575  0.0570  0.0572  0.0568  0.0568
  0.0579  0.0576  0.0572  0.0584  0.0579  0.0580  0.0578  0.0586  0.0576  0.0580  0.0571  0.0571
niter,ni,del,rscale     1    3    5.0000    0.4000
parameters
   -2.2969   25.8234   -8.7235    0.1789  -17.2963   -2.9296
   -7.7604   -8.0396   11.2787   30.4169    2.0921  -32.2911
eta,q 0.94350 13.39357
  0.0574  0.0572  0.0569  0.0578  0.0574  0.0575  0.0573  0.0579  0.0572  0.0575  0.0569  0.0569
  0.0569  0.0568  0.0567  0.0572  0.0569  0.0570  0.0569  0.0571  0.0568  0.0570  0.0567  0.0567
  0.0566  0.0566  0.0566  0.0567  0.0566  0.0566  0.0566  0.0566  0.0566  0.0566  0.0565  0.0565
  0.0565  0.0565  0.0565  0.0565  0.0565  0.0565  0.0565  0.0565  0.0565  0.0565  0.0565  0.0565
  0.0566  0.0566  0.0566  0.0566  0.0566  0.0566  0.0566  0.0567  0.0566  0.0566  0.0565  0.0566
  0.0569  0.0568  0.0567  0.0570  0.0569  0.0569  0.0569  0.0571  0.0568  0.0569  0.0567  0.0567
  0.0574  0.0572  0.0569  0.0577  0.0574  0.0575  0.0573  0.0579  0.0572  0.0575  0.0569  0.0569
registration optimization eta report
parameter search radius
    0.8000    0.8000    0.8000    2.4000    2.4000    2.4000
    2.4000    2.4000    2.4000    2.4000    2.4000    2.4000
100000*second partial in parameter space
      143.      114.       68.       22.       15.       17.
       14.       23.       12.       17.        7.        7.
  0.0574  0.0572  0.0569  0.0578  0.0574  0.0575  0.0573  0.0579  0.0572  0.0575  0.0569  0.0569
  0.0569  0.0568  0.0567  0.0572  0.0569  0.0570  0.0569  0.0571  0.0568  0.0570  0.0567  0.0567
  0.0566  0.0566  0.0566  0.0567  0.0566  0.0566  0.0566  0.0566  0.0566  0.0566  0.0565  0.0565
  0.0565  0.0565  0.0565  0.0565  0.0565  0.0565  0.0565  0.0565  0.0565  0.0565  0.0565  0.0565
  0.0566  0.0566  0.0566  0.0566  0.0566  0.0566  0.0566  0.0567  0.0566  0.0566  0.0565  0.0566
  0.0569  0.0568  0.0567  0.0570  0.0569  0.0569  0.0569  0.0571  0.0568  0.0569  0.0567  0.0567
  0.0574  0.0572  0.0569  0.0577  0.0574  0.0575  0.0573  0.0579  0.0572  0.0575  0.0569  0.0569
   -2.2969   25.8234   -8.7235    0.1789  -17.2963   -2.9296
   -7.7604   -8.0396   11.2787   30.4169    2.0921  -32.2911
eta,q 0.94350 13.39357

---------------------------------------------------------------------
compute_vox2vox talsrcimg talsrcimg_to_711-2C_as_mni_average_305_t4 /opt/freesurfer/average/711-2C_as_mni_average_305
---------------------------------------------------------------------

freesurfer compute_vox2vox.c
Reading: talsrcimg.4dfp.ifh
Reading: talsrcimg_to_711-2C_as_mni_average_305_t4
Reading: /opt/freesurfer/average/711-2C_as_mni_average_305.4dfp.ifh
Writing: talsrcimg_to_711-2C_as_mni_average_305_t4_vox2vox.txt

start time Sat Nov 23 16:17:46 UTC 2024
end		time Sat Nov 23 16:18:48 UTC 2024

mpr2mni305 success

avi2talxfm orig_nu.mgz /opt/freesurfer/average/mni305.cor.mgz talsrcimg_to_711-2C_as_mni_average_305_t4_vox2vox.txt transforms/talairach.auto.xfm
avi2talxfm done
mv -f /scratch/tmp/fs_mp2rage_tests/sourcedata/freesurfer_mp2rage/sub-fsm96ry/mri/talsrcimg_to_711-2C_as_mni_average_305_t4_vox2vox.txt /scratch/tmp/fs_mp2rage_tests/sourcedata/freesurfer_mp2rage/sub-fsm96ry/mri/transforms/talsrcimg_to_711-2C_as_mni_average_305_t4_vox2vox.txt
lta_convert --src orig_nu.mgz --trg /opt/freesurfer/average/mni305.cor.mgz --inxfm transforms/talairach.auto.xfm --outlta transforms/talairach.auto.xfm.lta --subject fsaverage
7.3.2

--src: orig_nu.mgz src image (geometry).
--trg: /opt/freesurfer/average/mni305.cor.mgz trg image (geometry).
--inmni: transforms/talairach.auto.xfm input MNI/XFM transform.
--outlta: transforms/talairach.auto.xfm.lta output LTA.
--s: fsaverage subject name
 LTA read, type : 1
 0.98477   0.04687   0.11071   1.74922;
-0.05872   0.91509   0.35178  -24.85505;
-0.11270  -0.34294   1.06466   1.94141;
 0.00000   0.00000   0.00000   1.00000;
setting subject to fsaverage
Writing  LTA to file transforms/talairach.auto.xfm.lta...
lta_convert successful.
 
 
Started at Sat Nov 23 16:17:44 UTC 2024
Ended   at Sat Nov 23 16:18:48 UTC 2024
talairach_avi done
