/scratch/tmp/fs_mp2rage_tests/sourcedata/freesurfer_mp2rage/sub-fsm54jc/mri
/opt/freesurfer/bin/talairach_avi
--i orig_nu.mgz --xfm transforms/talairach.auto.xfm
talairach_avi 7.3.2
Linux elm.criugm.qc.ca 5.15.0-113-generic #123-Ubuntu SMP Mon Jun 10 08:16:17 UTC 2024 x86_64 x86_64 x86_64 GNU/Linux
Sat Nov 23 15:38:25 UTC 2024
mri_convert orig_nu.mgz talsrcimg.img 
reading from orig_nu.mgz...
TR=0.00, TE=0.00, TI=0.00, flip angle=0.00
i_ras = (-1, -5.52973e-10, 0)
j_ras = (-7.45058e-09, 0, -1)
k_ras = (5.23869e-10, 1, -4.65661e-10)
writing to talsrcimg.img...
Analyze Output Matrix
-1.00000  -0.00000   0.00000   129.98074;
-0.00000   0.00000   1.00000  -98.60443;
 0.00000  -1.00000  -0.00000   127.66623;
 0.00000   0.00000   0.00000   1.00000;
--------------------
INFO: set hdr.hist.orient to -1
mpr2mni305 talsrcimg
Sat Nov 23 15:38:27 UTC 2024
/opt/freesurfer/bin/mpr2mni305 talsrcimg
mpr2mni305 7.3.2
target=711-2C_as_mni_average_305

---------------------------------------------------------------------
analyzeto4dfp talsrcimg -O0 -y
---------------------------------------------------------------------

freesurfer ifh2hdr.c
Sat Nov 23 15:38:28 2024
Writing: talsrcimg.4dfp.hdr
freesurfer analyzeto4dfp.c
Reading: talsrcimg.hdr
header size 348 bytes
hdr.dime.datatype	offset=70	value=2
hdr.dime.bitpix		offset=72	value=8
hdr.hist.orient		offset=252	value=-1
dimensionality     4
dimensions       256       256       256         1
Reading: talsrcimg.img
Writing: talsrcimg.4dfp.img
Writing: talsrcimg.4dfp.ifh
ifh2hdr talsrcimg -r0to238
ori=2

---------------------------------------------------------------------
gauss_4dfp talsrcimg 1.1
---------------------------------------------------------------------

freesurfer gauss_4dfp.c
Reading: talsrcimg.4dfp.img
Writing: talsrcimg_g11.4dfp.img
image dimensions 256 256 256 padded to 288 288 288
processing volume 1freesurfer ifh2hdr.c
Sat Nov 23 15:38:35 2024
Writing: talsrcimg_g11.4dfp.hdr

Writing: talsrcimg_g11.4dfp.ifh
including: talsrcimg.4dfp.img.rec in talsrcimg_g11.4dfp.img.rec

---------------------------------------------------------------------
imgreg_4dfp /opt/freesurfer/average/711-2C_as_mni_average_305 none talsrcimg_g11 none talsrcimg_to_711-2C_as_mni_average_305_t4 4355
---------------------------------------------------------------------

freesurfer imgreg_4dfp.c
/opt/freesurfer/average/711-2C_as_mni_average_305.4dfp.img
       256       256       256         1
  1.000000  1.000000  1.000000
orientation T byte_order littleendian
Reading image: /opt/freesurfer/average/711-2C_as_mni_average_305.4dfp.img
dimensions:      256       256       256
mmppix:       1.0000   -1.0000   -1.0000
center:     128.0000 -129.0000 -129.0000
talsrcimg_g11.4dfp.img
       256       256       256         1
  1.000000  1.000000  1.000000
orientation T byte_order littleendian
Reading image: talsrcimg_g11.4dfp.img
dimensions:      256       256       256
mmppix:       1.0000   -1.0000   -1.0000
center:     128.0000 -129.0000 -129.0000
t4_read: open error in t4_sub.f l:  41 t4_file(1:l)talsrcimg_to_711-2C_as_mni_average_305_t4 
t4_read: transform initialized to I4
rotation matrix determinant  1.000000
image alignment mode   4355 decimal     1103 hex
   -7.5000  -45.0000  -45.0000 8914.3389   10.3591
    0.0000  -45.0000  -45.0000 9282.6855   10.3585
    7.5000  -45.0000  -45.0000 9008.9072   10.3762
   -7.5000  -37.5000  -45.0000 9094.0742   10.4221
    0.0000  -37.5000  -45.0000 9479.5811   10.4182
    7.5000  -37.5000  -45.0000 9190.0566   10.4309
   -7.5000  -30.0000  -45.0000 9545.7061   10.2604
    0.0000  -30.0000  -45.0000 9935.6416   10.2561
    7.5000  -30.0000  -45.0000 9585.3740   10.2663
   -7.5000  -22.5000  -45.000010085.8477   10.2103
    0.0000  -22.5000  -45.000010523.1387   10.2105
    7.5000  -22.5000  -45.000010131.7031   10.2228
   -7.5000  -15.0000  -45.000010593.0039   10.1757
    0.0000  -15.0000  -45.000011039.6602   10.1799
    7.5000  -15.0000  -45.000010626.2773   10.1969
   -7.5000   -7.5000  -45.000011075.8398   10.1477
    0.0000   -7.5000  -45.000011562.8438   10.1513
    7.5000   -7.5000  -45.000011062.0752   10.1707
   -7.5000    0.0000  -45.000011419.0381   10.1383
    0.0000    0.0000  -45.000011923.0527   10.1383
    7.5000    0.0000  -45.000011378.3164   10.1558
   -7.5000    7.5000  -45.000010954.6309   10.3137
    0.0000    7.5000  -45.000011450.6064   10.3101
    7.5000    7.5000  -45.000010904.9941   10.3228
   -7.5000   15.0000  -45.000010516.2627   10.7022
    0.0000   15.0000  -45.000011031.2383   10.6958
    7.5000   15.0000  -45.000010466.0918   10.7040
   -7.5000   22.5000  -45.0000 9997.0566   11.0570
    0.0000   22.5000  -45.000010488.6934   11.0535
    7.5000   22.5000  -45.0000 9940.5869   11.0639
   -7.5000   30.0000  -45.0000 9433.4053   11.2497
    0.0000   30.0000  -45.0000 9903.8164   11.2511
    7.5000   30.0000  -45.0000 9377.2051   11.2677
   -7.5000   37.5000  -45.0000 9171.9795   11.5874
    0.0000   37.5000  -45.0000 9588.8291   11.5883
    7.5000   37.5000  -45.0000 9093.0039   11.6082
   -7.5000   45.0000  -45.0000 8594.5254   11.6562
    0.0000   45.0000  -45.0000 9010.7734   11.6516
    7.5000   45.0000  -45.0000 8510.8945   11.6711
   -7.5000  -45.0000  -37.5000 9346.2031   10.3297
    0.0000  -45.0000  -37.5000 9722.5508   10.3266
    7.5000  -45.0000  -37.5000 9412.3145   10.3418
   -7.5000  -37.5000  -37.5000 9568.6689   10.3926
    0.0000  -37.5000  -37.5000 9936.5947   10.3856
    7.5000  -37.5000  -37.5000 9623.0547   10.3960
   -7.5000  -30.0000  -37.500010095.7852   10.2287
    0.0000  -30.0000  -37.500010456.2939   10.2221
    7.5000  -30.0000  -37.500010074.2705   10.2309
   -7.5000  -22.5000  -37.500010703.7734   10.1754
    0.0000  -22.5000  -37.500011118.5303   10.1744
    7.5000  -22.5000  -37.500010686.6836   10.1858
   -7.5000  -15.0000  -37.500011214.2051   10.1406
    0.0000  -15.0000  -37.500011693.5410   10.1444
    7.5000  -15.0000  -37.500011219.9814   10.1600
   -7.5000   -7.5000  -37.500011705.1943   10.1162
    0.0000   -7.5000  -37.500012247.0830   10.1188
    7.5000   -7.5000  -37.500011687.6699   10.1361
   -7.5000    0.0000  -37.500012035.7949   10.1104
    0.0000    0.0000  -37.500012629.2988   10.1079
    7.5000    0.0000  -37.500012021.6318   10.1227
   -7.5000    7.5000  -37.500011540.6182   10.2850
    0.0000    7.5000  -37.500012109.2139   10.2782
    7.5000    7.5000  -37.500011502.4346   10.2885
   -7.5000   15.0000  -37.500011070.7295   10.6709
    0.0000   15.0000  -37.500011661.9014   10.6629
    7.5000   15.0000  -37.500011014.6934   10.6694
   -7.5000   22.5000  -37.500010539.8389   11.0224
    0.0000   22.5000  -37.500011090.1855   11.0185
    7.5000   22.5000  -37.500010450.8662   11.0271
   -7.5000   30.0000  -37.5000 9926.5586   11.2169
    0.0000   30.0000  -37.500010467.8525   11.2178
    7.5000   30.0000  -37.5000 9844.4746   11.2316
   -7.5000   37.5000  -37.5000 9614.4707   11.5568
    0.0000   37.5000  -37.500010120.4443   11.5562
    7.5000   37.5000  -37.5000 9528.1006   11.5719
   -7.5000   45.0000  -37.5000 8993.7344   11.6293
    0.0000   45.0000  -37.5000 9472.7324   11.6212
    7.5000   45.0000  -37.5000 8899.4463   11.6365
   -7.5000  -45.0000  -30.0000 9926.0635   10.7425
    0.0000  -45.0000  -30.000010325.8994   10.7377
    7.5000  -45.0000  -30.0000 9982.4014   10.7477
   -7.5000  -37.5000  -30.000010209.2510   10.8082
    0.0000  -37.5000  -30.000010583.6338   10.7999
    7.5000  -37.5000  -30.000010216.5801   10.8065
   -7.5000  -30.0000  -30.000010796.0439   10.6374
    0.0000  -30.0000  -30.000011166.1494   10.6292
    7.5000  -30.0000  -30.000010746.4502   10.6351
   -7.5000  -22.5000  -30.000011491.6572   10.5817
    0.0000  -22.5000  -30.000011885.2666   10.5787
    7.5000  -22.5000  -30.000011429.4629   10.5859
   -7.5000  -15.0000  -30.000012055.4141   10.5453
    0.0000  -15.0000  -30.000012529.3672   10.5470
    7.5000  -15.0000  -30.000012003.4658   10.5568
   -7.5000   -7.5000  -30.000012554.5840   10.5200
    0.0000   -7.5000  -30.000013094.6719   10.5208
    7.5000   -7.5000  -30.000012492.6660   10.5318
   -7.5000    0.0000  -30.000012891.0166   10.5143
    0.0000    0.0000  -30.000013487.5215   10.5102
    7.5000    0.0000  -30.000012836.7227   10.5198
   -7.5000    7.5000  -30.000012345.2100   10.6967
    0.0000    7.5000  -30.000012926.3359   10.6886
    7.5000    7.5000  -30.000012269.6582   10.6951
   -7.5000   15.0000  -30.000011819.0898   11.0991
    0.0000   15.0000  -30.000012432.8721   11.0904
    7.5000   15.0000  -30.000011737.1836   11.0942
   -7.5000   22.5000  -30.000011204.4102   11.4665
    0.0000   22.5000  -30.000011822.3779   11.4610
    7.5000   22.5000  -30.000011142.9199   11.4641
   -7.5000   30.0000  -30.000010550.8516   11.6757
    0.0000   30.0000  -30.000011146.4072   11.6736
    7.5000   30.0000  -30.000010467.5469   11.6793
   -7.5000   37.5000  -30.000010207.4766   12.0269
    0.0000   37.5000  -30.000010793.1426   12.0224
    7.5000   37.5000  -30.000010112.3799   12.0293
   -7.5000   45.0000  -30.0000 9522.9961   12.1083
    0.0000   45.0000  -30.000010064.4414   12.0966
    7.5000   45.0000  -30.0000 9409.3379   12.1046
   -7.5000  -45.0000  -22.500010525.3984   11.1005
    0.0000  -45.0000  -22.500010941.4316   11.0956
    7.5000  -45.0000  -22.500010588.9795   11.1014
   -7.5000  -37.5000  -22.500010859.4678   11.1692
    0.0000  -37.5000  -22.500011259.0479   11.1625
    7.5000  -37.5000  -22.500010863.2900   11.1660
   -7.5000  -30.0000  -22.500011500.4531   10.9957
    0.0000  -30.0000  -22.500011926.7012   10.9880
    7.5000  -30.0000  -22.500011463.3184   10.9902
   -7.5000  -22.5000  -22.500012216.0840   10.9416
    0.0000  -22.5000  -22.500012703.4121   10.9370
    7.5000  -22.5000  -22.500012187.2256   10.9386
   -7.5000  -15.0000  -22.500012801.7139   10.9040
    0.0000  -15.0000  -22.500013335.9004   10.9028
    7.5000  -15.0000  -22.500012789.4062   10.9057
   -7.5000   -7.5000  -22.500013361.1953   10.8736
    0.0000   -7.5000  -22.500013904.9551   10.8724
    7.5000   -7.5000  -22.500013318.5547   10.8774
   -7.5000    0.0000  -22.500013707.6143   10.8638
    0.0000    0.0000  -22.500014336.9111   10.8598
    7.5000    0.0000  -22.500013653.0361   10.8656
   -7.5000    7.5000  -22.500013087.1494   11.0542
    0.0000    7.5000  -22.500013717.2637   11.0476
    7.5000    7.5000  -22.500013065.3564   11.0510
   -7.5000   15.0000  -22.500012541.5303   11.4730
    0.0000   15.0000  -22.500013173.4287   11.4650
    7.5000   15.0000  -22.500012492.8271   11.4656
   -7.5000   22.5000  -22.500011888.3955   11.8586
    0.0000   22.5000  -22.500012525.2812   11.8510
    7.5000   22.5000  -22.500011856.7412   11.8478
   -7.5000   30.0000  -22.500011177.3066   12.0809
    0.0000   30.0000  -22.500011814.9111   12.0748
    7.5000   30.0000  -22.500011120.4639   12.0727
   -7.5000   37.5000  -22.500010800.8955   12.4383
    0.0000   37.5000  -22.500011422.3887   12.4298
    7.5000   37.5000  -22.500010694.5264   12.4298
   -7.5000   45.0000  -22.500010025.2529   12.5243
    0.0000   45.0000  -22.500010612.1904   12.5111
    7.5000   45.0000  -22.5000 9907.6338   12.5142
   -7.5000  -45.0000  -15.000011142.0088   11.3572
    0.0000  -45.0000  -15.000011591.4434   11.3543
    7.5000  -45.0000  -15.000011215.1426   11.3612
   -7.5000  -37.5000  -15.000011478.6328   11.4283
    0.0000  -37.5000  -15.000011935.2920   11.4248
    7.5000  -37.5000  -15.000011519.5645   11.4292
   -7.5000  -30.0000  -15.000012137.3408   11.2544
    0.0000  -30.0000  -15.000012635.5693   11.2489
    7.5000  -30.0000  -15.000012162.7812   11.2509
   -7.5000  -22.5000  -15.000012885.5889   11.2029
    0.0000  -22.5000  -15.000013444.8574   11.1990
    7.5000  -22.5000  -15.000012916.1963   11.1998
   -7.5000  -15.0000  -15.000013525.5156   11.1646
    0.0000  -15.0000  -15.000014142.5244   11.1628
    7.5000  -15.0000  -15.000013548.3955   11.1655
   -7.5000   -7.5000  -15.000014092.6475   11.1292
    0.0000   -7.5000  -15.000014718.8486   11.1277
    7.5000   -7.5000  -15.000014101.9990   11.1336
   -7.5000    0.0000  -15.000014542.2930   11.1148
    0.0000    0.0000  -15.000015217.2227   11.1128
    7.5000    0.0000  -15.000014540.4512   11.1200
   -7.5000    7.5000  -15.000013966.8154   11.3107
    0.0000    7.5000  -15.000014635.5117   11.3071
    7.5000    7.5000  -15.000013926.4102   11.3115
   -7.5000   15.0000  -15.000013393.3711   11.7424
    0.0000   15.0000  -15.000014025.3223   11.7360
    7.5000   15.0000  -15.000013300.8281   11.7366
   -7.5000   22.5000  -15.000012684.5811   12.1415
    0.0000   22.5000  -15.000013288.2285   12.1334
    7.5000   22.5000  -15.000012590.0557   12.1300
   -7.5000   30.0000  -15.000011891.9502   12.3711
    0.0000   30.0000  -15.000012488.2480   12.3639
    7.5000   30.0000  -15.000011791.1475   12.3626
   -7.5000   37.5000  -15.000011442.6045   12.7345
    0.0000   37.5000  -15.000012037.2783   12.7258
    7.5000   37.5000  -15.000011311.1348   12.7282
   -7.5000   45.0000  -15.000010548.6621   12.8250
    0.0000   45.0000  -15.000011125.0234   12.8142
    7.5000   45.0000  -15.000010404.8926   12.8199
   -7.5000  -45.0000   -7.500011783.6934   11.4865
    0.0000  -45.0000   -7.500012298.6992   11.4851
    7.5000  -45.0000   -7.500011894.6650   11.4982
   -7.5000  -37.5000   -7.500012140.3799   11.5583
    0.0000  -37.5000   -7.500012660.9541   11.5553
    7.5000  -37.5000   -7.500012208.9365   11.5644
   -7.5000  -30.0000   -7.500012843.3154   11.3819
    0.0000  -30.0000   -7.500013377.6631   11.3772
    7.5000  -30.0000   -7.500012875.4570   11.3834
   -7.5000  -22.5000   -7.500013637.2949   11.3296
    0.0000  -22.5000   -7.500014201.0127   11.3275
    7.5000  -22.5000   -7.500013637.4980   11.3342
   -7.5000  -15.0000   -7.500014271.7832   11.2914
    0.0000  -15.0000   -7.500014866.6357   11.2920
    7.5000  -15.0000   -7.500014255.8408   11.3025
   -7.5000   -7.5000   -7.500014830.5840   11.2564
    0.0000   -7.5000   -7.500015427.7627   11.2572
    7.5000   -7.5000   -7.500014804.9150   11.2708
   -7.5000    0.0000   -7.500015417.9668   11.2421
    0.0000    0.0000   -7.500016122.7695   11.2416
    7.5000    0.0000   -7.500015384.5938   11.2548
   -7.5000    7.5000   -7.500015033.2549   11.4391
    0.0000    7.5000   -7.500015760.1963   11.4362
    7.5000    7.5000   -7.500014911.9951   11.4453
   -7.5000   15.0000   -7.500014363.7109   11.8755
    0.0000   15.0000   -7.500014921.9561   11.8690
    7.5000   15.0000   -7.500014222.1045   11.8734
   -7.5000   22.5000   -7.500013525.1836   12.2757
    0.0000   22.5000   -7.500013987.8604   12.2690
    7.5000   22.5000   -7.500013364.7559   12.2727
   -7.5000   30.0000   -7.500012627.2217   12.5057
    0.0000   30.0000   -7.500013066.9209   12.5021
    7.5000   30.0000   -7.500012485.3721   12.5105
   -7.5000   37.5000   -7.500012166.4102   12.8784
    0.0000   37.5000   -7.500012615.0225   12.8742
    7.5000   37.5000   -7.500012012.2910   12.8869
   -7.5000   45.0000   -7.500011192.5918   12.9763
    0.0000   45.0000   -7.500011670.5791   12.9691
    7.5000   45.0000   -7.500011078.8828   12.9830
   -7.5000  -45.0000    0.000012374.9766   11.5110
    0.0000  -45.0000    0.000012850.8301   11.5092
    7.5000  -45.0000    0.000012431.8076   11.5275
   -7.5000  -37.5000    0.000012691.3447   11.5829
    0.0000  -37.5000    0.000013134.8906   11.5777
    7.5000  -37.5000    0.000012719.3838   11.5904
   -7.5000  -30.0000    0.000013390.8760   11.4028
    0.0000  -30.0000    0.000013817.4414   11.3972
    7.5000  -30.0000    0.000013390.7441   11.4074
   -7.5000  -22.5000    0.000014220.4863   11.3466
    0.0000  -22.5000    0.000014675.5566   11.3461
    7.5000  -22.5000    0.000014166.7207   11.3586
   -7.5000  -15.0000    0.000014893.2646   11.3083
    0.0000  -15.0000    0.000015368.1953   11.3119
    7.5000  -15.0000    0.000014826.2520   11.3298
   -7.5000   -7.5000    0.000015459.4805   11.2774
    0.0000   -7.5000    0.000015941.0146   11.2804
    7.5000   -7.5000    0.000015393.0586   11.3008
   -7.5000    0.0000    0.000016073.2207   11.2671
    0.0000    0.0000    0.000016694.0020   11.2663
    7.5000    0.0000    0.000015948.2881   11.2843
   -7.5000    7.5000    0.000015693.9326   11.4633
    0.0000    7.5000    0.000016290.2744   11.4584
    7.5000    7.5000    0.000015532.0049   11.4710
   -7.5000   15.0000    0.000015084.8877   11.8982
    0.0000   15.0000    0.000015483.7510   11.8903
    7.5000   15.0000    0.000014972.1865   11.8981
   -7.5000   22.5000    0.000014247.9590   12.2932
    0.0000   22.5000    0.000014507.1094   12.2885
    7.5000   22.5000    0.000014141.2305   12.2988
   -7.5000   30.0000    0.000013358.4033   12.5215
    0.0000   30.0000    0.000013633.9590   12.5223
    7.5000   30.0000    0.000013247.3818   12.5394
   -7.5000   37.5000    0.000012871.7959   12.9019
    0.0000   37.5000    0.000013248.4873   12.9020
    7.5000   37.5000    0.000012743.4746   12.9226
   -7.5000   45.0000    0.000011788.9521   13.0075
    0.0000   45.0000    0.000012238.1201   13.0014
    7.5000   45.0000    0.000011678.6250   13.0213
   -7.5000  -45.0000    7.500011903.5156   11.5079
    0.0000  -45.0000    7.500012344.2656   11.5043
    7.5000  -45.0000    7.500011958.4365   11.5211
   -7.5000  -37.5000    7.500012196.6914   11.5798
    0.0000  -37.5000    7.500012621.5518   11.5720
    7.5000  -37.5000    7.500012215.0703   11.5835
   -7.5000  -30.0000    7.500012866.3154   11.3971
    0.0000  -30.0000    7.500013275.6621   11.3898
    7.5000  -30.0000    7.500012850.7881   11.3997
   -7.5000  -22.5000    7.500013633.1641   11.3375
    0.0000  -22.5000    7.500014014.7998   11.3365
    7.5000  -22.5000    7.500013571.6973   11.3493
   -7.5000  -15.0000    7.500014271.4121   11.2986
    0.0000  -15.0000    7.500014649.4678   11.3027
    7.5000  -15.0000    7.500014183.2324   11.3202
   -7.5000   -7.5000    7.500014843.1543   11.2712
    0.0000   -7.5000    7.500015206.0391   11.2740
    7.5000   -7.5000    7.500014717.3867   11.2932
   -7.5000    0.0000    7.500015440.0654   11.2646
    0.0000    0.0000    7.500015878.6592   11.2618
    7.5000    0.0000    7.500015236.7129   11.2781
   -7.5000    7.5000    7.500014944.8145   11.4604
    0.0000    7.5000    7.500015314.5078   11.4528
    7.5000    7.5000    7.500014756.2803   11.4642
   -7.5000   15.0000    7.500014433.4619   11.8937
    0.0000   15.0000    7.500014803.5498   11.8848
    7.5000   15.0000    7.500014333.8291   11.8922
   -7.5000   22.5000    7.500013777.7930   12.2856
    0.0000   22.5000    7.500014266.3086   12.2814
    7.5000   22.5000    7.500013766.4795   12.2911
   -7.5000   30.0000    7.500012929.9551   12.5154
    0.0000   30.0000    7.500013519.2656   12.5166
    7.5000   30.0000    7.500012911.6777   12.5321
   -7.5000   37.5000    7.500012433.4121   12.8979
    0.0000   37.5000    7.500013032.3730   12.8974
    7.5000   37.5000    7.500012290.6162   12.9149
   -7.5000   45.0000    7.500011362.7256   13.0069
    0.0000   45.0000    7.500011926.3760   12.9980
    7.5000   45.0000    7.500011196.9590   13.0151
   -7.5000  -45.0000   15.000011297.9287   11.5102
    0.0000  -45.0000   15.000011735.5322   11.5048
    7.5000  -45.0000   15.000011391.8398   11.5154
   -7.5000  -37.5000   15.000011592.9863   11.5813
    0.0000  -37.5000   15.000012000.5957   11.5722
    7.5000  -37.5000   15.000011603.4795   11.5791
   -7.5000  -30.0000   15.000012222.0068   11.3983
    0.0000  -30.0000   15.000012615.5801   11.3893
    7.5000  -30.0000   15.000012199.9492   11.3955
   -7.5000  -22.5000   15.000012931.2002   11.3385
    0.0000  -22.5000   15.000013297.0361   11.3351
    7.5000  -22.5000   15.000012842.5654   11.3427
   -7.5000  -15.0000   15.000013534.6250   11.2995
    0.0000  -15.0000   15.000013865.6406   11.3012
    7.5000  -15.0000   15.000013393.4014   11.3115
   -7.5000   -7.5000   15.000014118.0859   11.2724
    0.0000   -7.5000   15.000014456.7373   11.2731
    7.5000   -7.5000   15.000013919.9209   11.2847
   -7.5000    0.0000   15.000014656.9219   11.2662
    0.0000    0.0000   15.000015093.2666   11.2616
    7.5000    0.0000   15.000014462.6377   11.2718
   -7.5000    7.5000   15.000014111.1826   11.4621
    0.0000    7.5000   15.000014531.5420   11.4532
    7.5000    7.5000   15.000013974.9814   11.4600
   -7.5000   15.0000   15.000013598.6123   11.8952
    0.0000   15.0000   15.000014056.3916   11.8857
    7.5000   15.0000   15.000013503.0459   11.8896
   -7.5000   22.5000   15.000012964.0527   12.2886
    0.0000   22.5000   15.000013480.1514   12.2826
    7.5000   22.5000   15.000012902.0078   12.2858
   -7.5000   30.0000   15.000012142.1016   12.5218
    0.0000   30.0000   15.000012666.8027   12.5194
    7.5000   30.0000   15.000012065.6592   12.5254
   -7.5000   37.5000   15.000011639.2266   12.9003
    0.0000   37.5000   15.000012149.2002   12.8955
    7.5000   37.5000   15.000011526.8662   12.9026
   -7.5000   45.0000   15.000010667.4648   13.0064
    0.0000   45.0000   15.000011127.7598   12.9938
    7.5000   45.0000   15.000010531.3467   13.0023
   -7.5000  -45.0000   22.500010662.6299   11.5561
    0.0000  -45.0000   22.500011055.6162   11.5507
    7.5000  -45.0000   22.500010734.4277   11.5565
   -7.5000  -37.5000   22.500010944.6523   11.6272
    0.0000  -37.5000   22.500011297.0781   11.6200
    7.5000  -37.5000   22.500010907.1113   11.6235
   -7.5000  -30.0000   22.500011575.3037   11.4459
    0.0000  -30.0000   22.500011942.1719   11.4376
    7.5000  -30.0000   22.500011479.2812   11.4398
   -7.5000  -22.5000   22.500012237.0693   11.3895
    0.0000  -22.5000   22.500012625.3213   11.3846
    7.5000  -22.5000   22.500012109.3955   11.3862
   -7.5000  -15.0000   22.500012786.2334   11.3507
    0.0000  -15.0000   22.500013197.9375   11.3494
    7.5000  -15.0000   22.500012661.1953   11.3523
   -7.5000   -7.5000   22.500013356.1494   11.3193
    0.0000   -7.5000   22.500013782.4893   11.3178
    7.5000   -7.5000   22.500013220.1777   11.3228
   -7.5000    0.0000   22.500013792.8682   11.3090
    0.0000    0.0000   22.500014274.5088   11.3046
    7.5000    0.0000   22.500013677.9375   11.3104
   -7.5000    7.5000   22.500013215.0127   11.5072
    0.0000    7.5000   22.500013646.3369   11.5001
    7.5000    7.5000   22.500013121.7471   11.5034
   -7.5000   15.0000   22.500012645.0449   11.9445
    0.0000   15.0000   22.500013112.1904   11.9360
    7.5000   15.0000   22.500012588.2686   11.9364
   -7.5000   22.5000   22.500011976.0439   12.3458
    0.0000   22.5000   22.500012420.5430   12.3378
    7.5000   22.5000   22.500011895.6387   12.3343
   -7.5000   30.0000   22.500011196.6553   12.5830
    0.0000   30.0000   22.500011587.0000   12.5765
    7.5000   30.0000   22.500011104.3838   12.5742
   -7.5000   37.5000   22.500010714.6387   12.9570
    0.0000   37.5000   22.500011088.8623   12.9479
    7.5000   37.5000   22.500010633.4639   12.9477
   -7.5000   45.0000   22.5000 9865.5400   13.0575
    0.0000   45.0000   22.500010223.4717   13.0435
    7.5000   45.0000   22.5000 9761.7764   13.0465
   -7.5000  -45.0000   30.000010032.7656   11.6264
    0.0000  -45.0000   30.000010363.0879   11.6233
    7.5000  -45.0000   30.000010027.1289   11.6304
   -7.5000  -37.5000   30.000010288.4814   11.6980
    0.0000  -37.5000   30.000010619.1846   11.6944
    7.5000  -37.5000   30.000010232.8096   11.6990
   -7.5000  -30.0000   30.000010856.6904   11.5184
    0.0000  -30.0000   30.000011237.1768   11.5128
    7.5000  -30.0000   30.000010807.1299   11.5149
   -7.5000  -22.5000   30.000011435.3369   11.4658
    0.0000  -22.5000   30.000011847.3262   11.4617
    7.5000  -22.5000   30.000011385.5605   11.4627
   -7.5000  -15.0000   30.000011895.5645   11.4270
    0.0000  -15.0000   30.000012334.7842   11.4251
    7.5000  -15.0000   30.000011840.4248   11.4278
   -7.5000   -7.5000   30.000012366.0381   11.3909
    0.0000   -7.5000   30.000012831.6553   11.3894
    7.5000   -7.5000   30.000012287.0664   11.3953
   -7.5000    0.0000   30.000012705.8447   11.3760
    0.0000    0.0000   30.000013187.1445   11.3738
    7.5000    0.0000   30.000012618.7969   11.3812
   -7.5000    7.5000   30.000012136.1270   11.5766
    0.0000    7.5000   30.000012567.2314   11.5729
    7.5000    7.5000   30.000012070.1338   11.5774
   -7.5000   15.0000   30.000011565.9141   12.0203
    0.0000   15.0000   30.000012011.0146   12.0137
    7.5000   15.0000   30.000011539.8965   12.0144
   -7.5000   22.5000   30.000010912.1602   12.4297
    0.0000   22.5000   30.000011319.8760   12.4215
    7.5000   22.5000   30.000010837.6094   12.4180
   -7.5000   30.0000   30.000010175.8467   12.6686
    0.0000   30.0000   30.000010529.2246   12.6612
    7.5000   30.0000   30.000010086.1387   12.6598
   -7.5000   37.5000   30.0000 9733.3555   13.0431
    0.0000   37.5000   30.000010077.5615   13.0340
    7.5000   37.5000   30.0000 9650.2959   13.0365
   -7.5000   45.0000   30.0000 8999.7363   13.1418
    0.0000   45.0000   30.0000 9332.5820   13.1306
    7.5000   45.0000   30.0000 8916.2422   13.1364
   -7.5000  -45.0000   37.5000 9731.8125   11.7772
    0.0000  -45.0000   37.500010139.2529   11.7751
    7.5000  -45.0000   37.5000 9798.4131   11.7897
   -7.5000  -37.5000   37.5000 9918.3682   11.8470
    0.0000  -37.5000   37.500010356.7959   11.8432
    7.5000  -37.5000   37.5000 9991.5508   11.8531
   -7.5000  -30.0000   37.500010430.2900   11.6641
    0.0000  -30.0000   37.500010878.1074   11.6589
    7.5000  -30.0000   37.500010506.9453   11.6657
   -7.5000  -22.5000   37.500010938.4678   11.6116
    0.0000  -22.5000   37.500011408.1230   11.6092
    7.5000  -22.5000   37.500010999.0342   11.6168
   -7.5000  -15.0000   37.500011360.2002   11.5731
    0.0000  -15.0000   37.500011857.8008   11.5736
    7.5000  -15.0000   37.500011381.0938   11.5855
   -7.5000   -7.5000   37.500011766.8701   11.5368
    0.0000   -7.5000   37.500012275.5664   11.5373
    7.5000   -7.5000   37.500011760.1963   11.5526
   -7.5000    0.0000   37.500012070.4541   11.5212
    0.0000    0.0000   37.500012545.7861   11.5202
    7.5000    0.0000   37.500012015.2090   11.5348
   -7.5000    7.5000   37.500011536.2861   11.7222
    0.0000    7.5000   37.500011931.6338   11.7186
    7.5000    7.5000   37.500011455.0684   11.7284
   -7.5000   15.0000   37.500011002.6299   12.1765
    0.0000   15.0000   37.500011382.3271   12.1694
    7.5000   15.0000   37.500010937.0840   12.1742
   -7.5000   22.5000   37.500010349.1777   12.5935
    0.0000   22.5000   37.500010706.4844   12.5865
    7.5000   22.5000   37.500010265.1699   12.5910
   -7.5000   30.0000   37.5000 9638.3906   12.8355
    0.0000   30.0000   37.5000 9954.2744   12.8316
    7.5000   30.0000   37.5000 9537.6133   12.8416
   -7.5000   37.5000   37.5000 9209.5010   13.2228
    0.0000   37.5000   37.5000 9529.3271   13.2180
    7.5000   37.5000   37.5000 9113.3379   13.2328
   -7.5000   45.0000   37.5000 8529.4102   13.3301
    0.0000   45.0000   37.5000 8855.9785   13.3219
    7.5000   45.0000   37.5000 8449.3369   13.3376
   -7.5000  -45.0000   45.0000 8989.9873   12.0038
    0.0000  -45.0000   45.0000 9449.8311   11.9990
    7.5000  -45.0000   45.0000 9153.8281   12.0155
   -7.5000  -37.5000   45.0000 9155.2852   12.0572
    0.0000  -37.5000   45.0000 9627.3281   12.0501
    7.5000  -37.5000   45.0000 9308.5195   12.0616
   -7.5000  -30.0000   45.0000 9602.8008   11.8626
    0.0000  -30.0000   45.000010056.7607   11.8560
    7.5000  -30.0000   45.0000 9730.5723   11.8659
   -7.5000  -22.5000   45.000010042.1787   11.8045
    0.0000  -22.5000   45.000010476.7441   11.8029
    7.5000  -22.5000   45.000010120.5352   11.8152
   -7.5000  -15.0000   45.000010447.5186   11.7697
    0.0000  -15.0000   45.000010877.1543   11.7713
    7.5000  -15.0000   45.000010465.4961   11.7882
   -7.5000   -7.5000   45.000010804.2754   11.7452
    0.0000   -7.5000   45.000011241.7656   11.7451
    7.5000   -7.5000   45.000010779.6484   11.7639
   -7.5000    0.0000   45.000011050.3984   11.7379
    0.0000    0.0000   45.000011442.1992   11.7341
    7.5000    0.0000   45.000010985.6074   11.7504
   -7.5000    7.5000   45.000010506.0283   11.9271
    0.0000    7.5000   45.000010849.3857   11.9204
    7.5000    7.5000   45.000010424.7344   11.9319
   -7.5000   15.0000   45.000010003.4385   12.3746
    0.0000   15.0000   45.000010311.9619   12.3656
    7.5000   15.0000   45.0000 9936.5225   12.3727
   -7.5000   22.5000   45.0000 9417.2002   12.7967
    0.0000   22.5000   45.0000 9700.1494   12.7905
    7.5000   22.5000   45.0000 9337.5361   12.8000
   -7.5000   30.0000   45.0000 8776.2949   13.0476
    0.0000   30.0000   45.0000 9037.7715   13.0456
    7.5000   30.0000   45.0000 8674.3398   13.0611
   -7.5000   37.5000   45.0000 8406.2217   13.4629
    0.0000   37.5000   45.0000 8670.1250   13.4589
    7.5000   37.5000   45.0000 8296.2324   13.4768
   -7.5000   45.0000   45.0000 7787.3037   13.6018
    0.0000   45.0000   45.0000 8049.4648   13.5913
    7.5000   45.0000   45.0000 7688.5254   13.6087

---------------------------------------------------------------------
imgreg_4dfp /opt/freesurfer/average/711-2C_as_mni_average_305 /opt/freesurfer/average/711-2B_as_mni_average_305_mask talsrcimg_g11 none talsrcimg_to_711-2C_as_mni_average_305_t4 4355
---------------------------------------------------------------------

freesurfer imgreg_4dfp.c
/opt/freesurfer/average/711-2C_as_mni_average_305.4dfp.img
       256       256       256         1
  1.000000  1.000000  1.000000
orientation T byte_order littleendian
Reading image: /opt/freesurfer/average/711-2C_as_mni_average_305.4dfp.img
dimensions:      256       256       256
mmppix:       1.0000   -1.0000   -1.0000
center:     128.0000 -129.0000 -129.0000
/opt/freesurfer/average/711-2B_as_mni_average_305_mask.4dfp.img
       256       256       256         1
  1.000000  1.000000  1.000000
orientation T byte_order littleendian
Reading mask: /opt/freesurfer/average/711-2B_as_mni_average_305_mask.4dfp.img (2306576 pixels)
talsrcimg_g11.4dfp.img
       256       256       256         1
  1.000000  1.000000  1.000000
orientation T byte_order littleendian
Reading image: talsrcimg_g11.4dfp.img
dimensions:      256       256       256
mmppix:       1.0000   -1.0000   -1.0000
center:     128.0000 -129.0000 -129.0000
rotation matrix determinant  1.000000
image alignment mode   4355 decimal     1103 hex
   -7.5000  -45.0000  -45.0000 2123.8879   15.3281
    0.0000  -45.0000  -45.0000 2149.7935   15.1025
    7.5000  -45.0000  -45.0000 2156.9961   15.1842
   -7.5000  -37.5000  -45.0000 2146.4741   14.9186
    0.0000  -37.5000  -45.0000 2172.3430   14.7093
    7.5000  -37.5000  -45.0000 2174.0745   14.7815
   -7.5000  -30.0000  -45.0000 2177.5071   14.5315
    0.0000  -30.0000  -45.0000 2201.9500   14.3576
    7.5000  -30.0000  -45.0000 2198.3816   14.4308
   -7.5000  -22.5000  -45.0000 2214.9565   14.2108
    0.0000  -22.5000  -45.0000 2243.1785   14.0690
    7.5000  -22.5000  -45.0000 2234.5596   14.1085
   -7.5000  -15.0000  -45.0000 2256.2717   13.8808
    0.0000  -15.0000  -45.0000 2282.8057   13.8275
    7.5000  -15.0000  -45.0000 2277.4326   13.8651
   -7.5000   -7.5000  -45.0000 2293.8506   13.5760
    0.0000   -7.5000  -45.0000 2319.0337   13.5760
    7.5000   -7.5000  -45.0000 2304.7739   13.6825
   -7.5000    0.0000  -45.0000 2312.0500   13.3996
    0.0000    0.0000  -45.0000 2334.3113   13.4049
    7.5000    0.0000  -45.0000 2316.8279   13.4675
   -7.5000    7.5000  -45.0000 2324.0740   13.2266
    0.0000    7.5000  -45.0000 2338.5186   13.2486
    7.5000    7.5000  -45.0000 2317.0859   13.3019
   -7.5000   15.0000  -45.0000 2321.9607   13.1930
    0.0000   15.0000  -45.0000 2340.8140   13.1738
    7.5000   15.0000  -45.0000 2308.8164   13.2384
   -7.5000   22.5000  -45.0000 2320.7000   13.3306
    0.0000   22.5000  -45.0000 2337.7275   13.3450
    7.5000   22.5000  -45.0000 2304.6479   13.3909
   -7.5000   30.0000  -45.0000 2304.1035   13.6554
    0.0000   30.0000  -45.0000 2323.4216   13.6489
    7.5000   30.0000  -45.0000 2294.7637   13.7265
   -7.5000   37.5000  -45.0000 2270.2739   14.2236
    0.0000   37.5000  -45.0000 2286.3721   14.2169
    7.5000   37.5000  -45.0000 2259.9243   14.3264
   -7.5000   45.0000  -45.0000 2209.4495   15.0313
    0.0000   45.0000  -45.0000 2225.8440   15.0113
    7.5000   45.0000  -45.0000 2194.9282   15.1743
   -7.5000  -45.0000  -37.5000 2204.1663   14.1877
    0.0000  -45.0000  -37.5000 2238.3474   13.9775
    7.5000  -45.0000  -37.5000 2235.5940   14.0086
   -7.5000  -37.5000  -37.5000 2227.5657   13.7838
    0.0000  -37.5000  -37.5000 2258.2185   13.6041
    7.5000  -37.5000  -37.5000 2255.4136   13.6681
   -7.5000  -30.0000  -37.5000 2262.8774   13.4399
    0.0000  -30.0000  -37.5000 2290.7129   13.2931
    7.5000  -30.0000  -37.5000 2279.8987   13.3150
   -7.5000  -22.5000  -37.5000 2302.1062   13.0799
    0.0000  -22.5000  -37.5000 2331.6440   12.9971
    7.5000  -22.5000  -37.5000 2321.7856   12.9934
   -7.5000  -15.0000  -37.5000 2337.5571   12.7679
    0.0000  -15.0000  -37.5000 2369.5828   12.7465
    7.5000  -15.0000  -37.5000 2360.9319   12.7460
   -7.5000   -7.5000  -37.5000 2371.0449   12.4855
    0.0000   -7.5000  -37.5000 2403.8455   12.5138
    7.5000   -7.5000  -37.5000 2386.0217   12.5034
   -7.5000    0.0000  -37.5000 2397.5266   12.2831
    0.0000    0.0000  -37.5000 2425.1604   12.2870
    7.5000    0.0000  -37.5000 2402.5354   12.2974
   -7.5000    7.5000  -37.5000 2421.0010   12.1785
    0.0000    7.5000  -37.5000 2437.5442   12.2214
    7.5000    7.5000  -37.5000 2409.1982   12.2252
   -7.5000   15.0000  -37.5000 2431.5027   12.1735
    0.0000   15.0000  -37.5000 2445.7488   12.2075
    7.5000   15.0000  -37.5000 2411.0583   12.2197
   -7.5000   22.5000  -37.5000 2434.9153   12.3853
    0.0000   22.5000  -37.5000 2443.9580   12.4374
    7.5000   22.5000  -37.5000 2405.5532   12.4361
   -7.5000   30.0000  -37.5000 2408.9148   12.7230
    0.0000   30.0000  -37.5000 2425.4036   12.7760
    7.5000   30.0000  -37.5000 2389.7520   12.8029
   -7.5000   37.5000  -37.5000 2364.7979   13.2724
    0.0000   37.5000  -37.5000 2380.5930   13.3278
    7.5000   37.5000  -37.5000 2350.0342   13.3585
   -7.5000   45.0000  -37.5000 2300.8411   14.0435
    0.0000   45.0000  -37.5000 2316.5906   14.0763
    7.5000   45.0000  -37.5000 2283.2532   14.1666
   -7.5000  -45.0000  -30.0000 2325.5884   13.6563
    0.0000  -45.0000  -30.0000 2351.1145   13.4547
    7.5000  -45.0000  -30.0000 2353.2627   13.4613
   -7.5000  -37.5000  -30.0000 2349.7585   13.3086
    0.0000  -37.5000  -30.0000 2376.4624   13.1226
    7.5000  -37.5000  -30.0000 2372.6714   13.1454
   -7.5000  -30.0000  -30.0000 2379.6868   12.9517
    0.0000  -30.0000  -30.0000 2407.0120   12.7905
    7.5000  -30.0000  -30.0000 2404.5200   12.7906
   -7.5000  -22.5000  -30.0000 2420.7261   12.5899
    0.0000  -22.5000  -30.0000 2449.2007   12.4691
    7.5000  -22.5000  -30.0000 2444.9890   12.4619
   -7.5000  -15.0000  -30.0000 2458.8818   12.2621
    0.0000  -15.0000  -30.0000 2490.2507   12.1868
    7.5000  -15.0000  -30.0000 2484.0222   12.1738
   -7.5000   -7.5000  -30.0000 2491.2175   11.9772
    0.0000   -7.5000  -30.0000 2522.6426   11.9518
    7.5000   -7.5000  -30.0000 2508.5637   11.9349
   -7.5000    0.0000  -30.0000 2525.4546   11.7464
    0.0000    0.0000  -30.0000 2547.5110   11.7212
    7.5000    0.0000  -30.0000 2525.7544   11.7240
   -7.5000    7.5000  -30.0000 2560.7539   11.6655
    0.0000    7.5000  -30.0000 2573.7666   11.6273
    7.5000    7.5000  -30.0000 2543.6758   11.6471
   -7.5000   15.0000  -30.0000 2577.8147   11.6897
    0.0000   15.0000  -30.0000 2587.1208   11.6750
    7.5000   15.0000  -30.0000 2547.2339   11.6534
   -7.5000   22.5000  -30.0000 2575.7778   11.9259
    0.0000   22.5000  -30.0000 2591.6416   11.9735
    7.5000   22.5000  -30.0000 2554.1853   11.9404
   -7.5000   30.0000  -30.0000 2549.0007   12.3275
    0.0000   30.0000  -30.0000 2567.3291   12.3911
    7.5000   30.0000  -30.0000 2529.4548   12.3801
   -7.5000   37.5000  -30.0000 2501.2371   12.8637
    0.0000   37.5000  -30.0000 2519.0188   12.9326
    7.5000   37.5000  -30.0000 2483.8621   12.9455
   -7.5000   45.0000  -30.0000 2425.4143   13.5910
    0.0000   45.0000  -30.0000 2441.4480   13.6455
    7.5000   45.0000  -30.0000 2406.3813   13.7050
   -7.5000  -45.0000  -22.5000 2420.4319   13.0397
    0.0000  -45.0000  -22.5000 2442.8506   12.8159
    7.5000  -45.0000  -22.5000 2444.3000   12.8642
   -7.5000  -37.5000  -22.5000 2446.8518   12.7300
    0.0000  -37.5000  -22.5000 2470.0066   12.5411
    7.5000  -37.5000  -22.5000 2471.2178   12.5756
   -7.5000  -30.0000  -22.5000 2474.6890   12.3763
    0.0000  -30.0000  -22.5000 2505.2034   12.1813
    7.5000  -30.0000  -22.5000 2502.7812   12.2306
   -7.5000  -22.5000  -22.5000 2509.9932   12.0286
    0.0000  -22.5000  -22.5000 2541.4790   11.8702
    7.5000  -22.5000  -22.5000 2533.0249   11.9111
   -7.5000  -15.0000  -22.5000 2541.3108   11.7045
    0.0000  -15.0000  -22.5000 2574.3745   11.5944
    7.5000  -15.0000  -22.5000 2567.3105   11.6229
   -7.5000   -7.5000  -22.5000 2580.0544   11.4553
    0.0000   -7.5000  -22.5000 2605.9509   11.3558
    7.5000   -7.5000  -22.5000 2596.2642   11.4097
   -7.5000    0.0000  -22.5000 2622.6897   11.2271
    0.0000    0.0000  -22.5000 2641.6453   11.1404
    7.5000    0.0000  -22.5000 2619.0967   11.1953
   -7.5000    7.5000  -22.5000 2656.3826   11.1397
    0.0000    7.5000  -22.5000 2676.8662   11.0585
    7.5000    7.5000  -22.5000 2648.7048   11.1070
   -7.5000   15.0000  -22.5000 2685.5867   11.1567
    0.0000   15.0000  -22.5000 2699.9717   11.1295
    7.5000   15.0000  -22.5000 2663.2236   11.1382
   -7.5000   22.5000  -22.5000 2687.1902   11.4277
    0.0000   22.5000  -22.5000 2710.9871   11.4358
    7.5000   22.5000  -22.5000 2673.8315   11.4284
   -7.5000   30.0000  -22.5000 2663.5278   11.8796
    0.0000   30.0000  -22.5000 2687.7976   11.8977
    7.5000   30.0000  -22.5000 2645.8379   11.8864
   -7.5000   37.5000  -22.5000 2610.5769   12.4517
    0.0000   37.5000  -22.5000 2632.6377   12.4643
    7.5000   37.5000  -22.5000 2588.2009   12.4785
   -7.5000   45.0000  -22.5000 2521.6914   13.1390
    0.0000   45.0000  -22.5000 2542.2710   13.1200
    7.5000   45.0000  -22.5000 2507.3955   13.1976
   -7.5000  -45.0000  -15.0000 2487.7595   12.4168
    0.0000  -45.0000  -15.0000 2520.5242   12.1905
    7.5000  -45.0000  -15.0000 2520.1304   12.2236
   -7.5000  -37.5000  -15.0000 2508.8599   12.1525
    0.0000  -37.5000  -15.0000 2540.4116   11.9633
    7.5000  -37.5000  -15.0000 2545.5710   11.9857
   -7.5000  -30.0000  -15.0000 2530.9446   11.8142
    0.0000  -30.0000  -15.0000 2562.3801   11.6243
    7.5000  -30.0000  -15.0000 2564.7258   11.6844
   -7.5000  -22.5000  -15.0000 2562.4089   11.4738
    0.0000  -22.5000  -15.0000 2595.9746   11.3154
    7.5000  -22.5000  -15.0000 2591.6550   11.3814
   -7.5000  -15.0000  -15.0000 2597.7590   11.2017
    0.0000  -15.0000  -15.0000 2628.9893   11.0605
    7.5000  -15.0000  -15.0000 2620.9836   11.1163
   -7.5000   -7.5000  -15.0000 2639.0349   10.9888
    0.0000   -7.5000  -15.0000 2661.7908   10.8464
    7.5000   -7.5000  -15.0000 2651.2808   10.9061
   -7.5000    0.0000  -15.0000 2683.2905   10.8119
    0.0000    0.0000  -15.0000 2704.9563   10.6805
    7.5000    0.0000  -15.0000 2680.5354   10.7701
   -7.5000    7.5000  -15.0000 2728.4814   10.7435
    0.0000    7.5000  -15.0000 2759.5098   10.6060
    7.5000    7.5000  -15.0000 2722.3862   10.6980
   -7.5000   15.0000  -15.0000 2762.7708   10.7557
    0.0000   15.0000  -15.0000 2789.0601   10.6140
    7.5000   15.0000  -15.0000 2742.9077   10.7264
   -7.5000   22.5000  -15.0000 2773.0796   11.0563
    0.0000   22.5000  -15.0000 2793.6550   10.9561
    7.5000   22.5000  -15.0000 2754.6111   10.9992
   -7.5000   30.0000  -15.0000 2744.5720   11.5021
    0.0000   30.0000  -15.0000 2763.5786   11.4431
    7.5000   30.0000  -15.0000 2723.7183   11.4552
   -7.5000   37.5000  -15.0000 2682.1179   12.0379
    0.0000   37.5000  -15.0000 2695.7114   11.9803
    7.5000   37.5000  -15.0000 2658.8389   12.0193
   -7.5000   45.0000  -15.0000 2578.1704   12.7602
    0.0000   45.0000  -15.0000 2595.0566   12.6976
    7.5000   45.0000  -15.0000 2561.1045   12.7802
   -7.5000  -45.0000   -7.5000 2542.1682   11.8182
    0.0000  -45.0000   -7.5000 2576.1592   11.5498
    7.5000  -45.0000   -7.5000 2580.4163   11.6369
   -7.5000  -37.5000   -7.5000 2561.3188   11.6038
    0.0000  -37.5000   -7.5000 2601.1206   11.3576
    7.5000  -37.5000   -7.5000 2601.8435   11.4316
   -7.5000  -30.0000   -7.5000 2576.9719   11.2720
    0.0000  -30.0000   -7.5000 2614.3162   11.0639
    7.5000  -30.0000   -7.5000 2617.5908   11.1322
   -7.5000  -22.5000   -7.5000 2606.2180   10.9740
    0.0000  -22.5000   -7.5000 2640.4653   10.7756
    7.5000  -22.5000   -7.5000 2639.1975   10.8364
   -7.5000  -15.0000   -7.5000 2635.4626   10.7392
    0.0000  -15.0000   -7.5000 2668.7793   10.5271
    7.5000  -15.0000   -7.5000 2659.2803   10.6332
   -7.5000   -7.5000   -7.5000 2674.8809   10.5514
    0.0000   -7.5000   -7.5000 2701.3755   10.3483
    7.5000   -7.5000   -7.5000 2684.9495   10.4927
   -7.5000    0.0000   -7.5000 2721.3196   10.4413
    0.0000    0.0000   -7.5000 2744.3713   10.2245
    7.5000    0.0000   -7.5000 2721.3142   10.4035
   -7.5000    7.5000   -7.5000 2781.8411   10.5093
    0.0000    7.5000   -7.5000 2810.0879   10.2996
    7.5000    7.5000   -7.5000 2777.7693   10.4219
   -7.5000   15.0000   -7.5000 2821.0891   10.5648
    0.0000   15.0000   -7.5000 2851.2122   10.2704
    7.5000   15.0000   -7.5000 2807.1423   10.4916
   -7.5000   22.5000   -7.5000 2835.0122   10.7557
    0.0000   22.5000   -7.5000 2856.5964   10.4729
    7.5000   22.5000   -7.5000 2808.5835   10.6880
   -7.5000   30.0000   -7.5000 2792.0742   11.2398
    0.0000   30.0000   -7.5000 2801.8433   10.9605
    7.5000   30.0000   -7.5000 2768.2439   11.1698
   -7.5000   37.5000   -7.5000 2718.3333   11.8472
    0.0000   37.5000   -7.5000 2722.4338   11.6345
    7.5000   37.5000   -7.5000 2694.3367   11.8274
   -7.5000   45.0000   -7.5000 2611.1995   12.5875
    0.0000   45.0000   -7.5000 2614.9812   12.4297
    7.5000   45.0000   -7.5000 2595.9009   12.6427
   -7.5000  -45.0000    0.0000 2589.5935   11.4371
    0.0000  -45.0000    0.0000 2624.2100   11.0638
    7.5000  -45.0000    0.0000 2627.8022   11.1990
   -7.5000  -37.5000    0.0000 2607.3032   11.2057
    0.0000  -37.5000    0.0000 2641.5066   10.8585
    7.5000  -37.5000    0.0000 2647.7581   10.9607
   -7.5000  -30.0000    0.0000 2617.9141   10.8686
    0.0000  -30.0000    0.0000 2646.2949   10.5549
    7.5000  -30.0000    0.0000 2651.6084   10.7009
   -7.5000  -22.5000    0.0000 2638.8188   10.6152
    0.0000  -22.5000    0.0000 2659.9932   10.3086
    7.5000  -22.5000    0.0000 2658.9958   10.4612
   -7.5000  -15.0000    0.0000 2664.0586   10.4350
    0.0000  -15.0000    0.0000 2690.8098   10.1571
    7.5000  -15.0000    0.0000 2682.6958   10.2973
   -7.5000   -7.5000    0.0000 2696.2627   10.2965
    0.0000   -7.5000    0.0000 2721.8506   10.0127
    7.5000   -7.5000    0.0000 2709.6973   10.1949
   -7.5000    0.0000    0.0000 2743.0359   10.2325
    0.0000    0.0000    0.0000 2764.5342    9.9331
    7.5000    0.0000    0.0000 2744.1685   10.1390
   -7.5000    7.5000    0.0000 2801.7629   10.3651
    0.0000    7.5000    0.0000 2822.3267   10.0474
    7.5000    7.5000    0.0000 2796.1440   10.2139
   -7.5000   15.0000    0.0000 2843.9478   10.5194
    0.0000   15.0000    0.0000 2864.8982   10.1402
    7.5000   15.0000    0.0000 2828.1555   10.3908
   -7.5000   22.5000    0.0000 2853.2458   10.7423
    0.0000   22.5000    0.0000 2865.7310   10.2946
    7.5000   22.5000    0.0000 2837.1833   10.7173
   -7.5000   30.0000    0.0000 2810.8032   11.1734
    0.0000   30.0000    0.0000 2820.2373   10.8281
    7.5000   30.0000    0.0000 2795.8367   11.2213
   -7.5000   37.5000    0.0000 2728.3987   11.7978
    0.0000   37.5000    0.0000 2737.6289   11.5382
    7.5000   37.5000    0.0000 2712.9016   11.8447
   -7.5000   45.0000    0.0000 2611.1194   12.5277
    0.0000   45.0000    0.0000 2615.7363   12.3336
    7.5000   45.0000    0.0000 2599.4824   12.5543
   -7.5000  -45.0000    7.5000 2625.0874   11.2015
    0.0000  -45.0000    7.5000 2651.0217   10.7712
    7.5000  -45.0000    7.5000 2657.5801   10.8895
   -7.5000  -37.5000    7.5000 2642.7395   10.9740
    0.0000  -37.5000    7.5000 2672.9504   10.5619
    7.5000  -37.5000    7.5000 2676.5740   10.6613
   -7.5000  -30.0000    7.5000 2641.9109   10.6723
    0.0000  -30.0000    7.5000 2673.8286   10.3157
    7.5000  -30.0000    7.5000 2680.6423   10.4495
   -7.5000  -22.5000    7.5000 2660.1587   10.4262
    0.0000  -22.5000    7.5000 2680.4778   10.1063
    7.5000  -22.5000    7.5000 2679.5935   10.2286
   -7.5000  -15.0000    7.5000 2683.6697   10.2576
    0.0000  -15.0000    7.5000 2706.3225    9.9282
    7.5000  -15.0000    7.5000 2695.5181   10.0912
   -7.5000   -7.5000    7.5000 2709.8601   10.2169
    0.0000   -7.5000    7.5000 2728.5413    9.8702
    7.5000   -7.5000    7.5000 2713.4880   10.0642
   -7.5000    0.0000    7.5000 2751.4294   10.2503
    0.0000    0.0000    7.5000 2763.9875    9.8997
    7.5000    0.0000    7.5000 2736.7534   10.1207
   -7.5000    7.5000    7.5000 2799.7837   10.4293
    0.0000    7.5000    7.5000 2811.0618   10.0854
    7.5000    7.5000    7.5000 2780.9941   10.3092
   -7.5000   15.0000    7.5000 2833.7563   10.5951
    0.0000   15.0000    7.5000 2846.4011   10.2410
    7.5000   15.0000    7.5000 2814.0835   10.5960
   -7.5000   22.5000    7.5000 2838.6575   10.9759
    0.0000   22.5000    7.5000 2867.6606   10.7267
    7.5000   22.5000    7.5000 2832.0623   11.0149
   -7.5000   30.0000    7.5000 2787.5852   11.4192
    0.0000   30.0000    7.5000 2820.1841   11.3014
    7.5000   30.0000    7.5000 2779.4446   11.5111
   -7.5000   37.5000    7.5000 2706.6091   11.9285
    0.0000   37.5000    7.5000 2731.6877   11.8490
    7.5000   37.5000    7.5000 2689.2957   11.9959
   -7.5000   45.0000    7.5000 2591.1675   12.6233
    0.0000   45.0000    7.5000 2606.7856   12.5046
    7.5000   45.0000    7.5000 2576.5923   12.6211
   -7.5000  -45.0000   15.0000 2629.3884   11.1713
    0.0000  -45.0000   15.0000 2655.2896   10.7522
    7.5000  -45.0000   15.0000 2666.4348   10.8359
   -7.5000  -37.5000   15.0000 2648.9353   10.9571
    0.0000  -37.5000   15.0000 2675.5569   10.5201
    7.5000  -37.5000   15.0000 2681.3872   10.6020
   -7.5000  -30.0000   15.0000 2648.3059   10.6682
    0.0000  -30.0000   15.0000 2680.6736   10.2422
    7.5000  -30.0000   15.0000 2688.2197   10.3714
   -7.5000  -22.5000   15.0000 2659.0205   10.4322
    0.0000  -22.5000   15.0000 2682.1792   10.0463
    7.5000  -22.5000   15.0000 2687.0864   10.1812
   -7.5000  -15.0000   15.0000 2681.7830   10.3327
    0.0000  -15.0000   15.0000 2698.4365    9.9749
    7.5000  -15.0000   15.0000 2693.0142   10.1145
   -7.5000   -7.5000   15.0000 2710.0342   10.3491
    0.0000   -7.5000   15.0000 2718.2275   10.0349
    7.5000   -7.5000   15.0000 2698.4429   10.1930
   -7.5000    0.0000   15.0000 2739.0000   10.4752
    0.0000    0.0000   15.0000 2746.8254   10.2163
    7.5000    0.0000   15.0000 2718.9668   10.3705
   -7.5000    7.5000   15.0000 2767.7449   10.6434
    0.0000    7.5000   15.0000 2781.1331   10.3747
    7.5000    7.5000   15.0000 2748.1492   10.6027
   -7.5000   15.0000   15.0000 2791.5901   10.8554
    0.0000   15.0000   15.0000 2805.6594   10.6270
    7.5000   15.0000   15.0000 2774.8391   10.8928
   -7.5000   22.5000   15.0000 2788.9214   11.2971
    0.0000   22.5000   15.0000 2815.9470   11.1260
    7.5000   22.5000   15.0000 2782.3909   11.3239
   -7.5000   30.0000   15.0000 2728.9387   11.7855
    0.0000   30.0000   15.0000 2755.2478   11.6650
    7.5000   30.0000   15.0000 2723.0891   11.8260
   -7.5000   37.5000   15.0000 2643.0627   12.2881
    0.0000   37.5000   15.0000 2668.7810   12.2041
    7.5000   37.5000   15.0000 2635.5486   12.3484
   -7.5000   45.0000   15.0000 2541.4204   12.9860
    0.0000   45.0000   15.0000 2560.2493   12.9052
    7.5000   45.0000   15.0000 2529.0559   13.0042
   -7.5000  -45.0000   22.5000 2605.2632   11.3041
    0.0000  -45.0000   22.5000 2639.1243   10.8786
    7.5000  -45.0000   22.5000 2652.1926   10.9334
   -7.5000  -37.5000   22.5000 2629.1638   11.1106
    0.0000  -37.5000   22.5000 2653.8943   10.6399
    7.5000  -37.5000   22.5000 2660.1277   10.6866
   -7.5000  -30.0000   22.5000 2639.1194   10.8918
    0.0000  -30.0000   22.5000 2665.1350   10.4025
    7.5000  -30.0000   22.5000 2663.8320   10.4868
   -7.5000  -22.5000   22.5000 2651.8286   10.7398
    0.0000  -22.5000   22.5000 2671.8550   10.3176
    7.5000  -22.5000   22.5000 2669.8750   10.4082
   -7.5000  -15.0000   22.5000 2670.7517   10.6388
    0.0000  -15.0000   22.5000 2684.3262   10.3356
    7.5000  -15.0000   22.5000 2671.7554   10.4426
   -7.5000   -7.5000   22.5000 2692.2178   10.6957
    0.0000   -7.5000   22.5000 2704.0068   10.4560
    7.5000   -7.5000   22.5000 2679.3923   10.5714
   -7.5000    0.0000   22.5000 2706.1062   10.8397
    0.0000    0.0000   22.5000 2723.0688   10.6205
    7.5000    0.0000   22.5000 2695.0569   10.7520
   -7.5000    7.5000   22.5000 2718.9087   11.0036
    0.0000    7.5000   22.5000 2741.2795   10.7678
    7.5000    7.5000   22.5000 2708.1240   10.9924
   -7.5000   15.0000   22.5000 2730.5178   11.2553
    0.0000   15.0000   22.5000 2750.7139   11.0894
    7.5000   15.0000   22.5000 2721.6606   11.2759
   -7.5000   22.5000   22.5000 2711.4255   11.7213
    0.0000   22.5000   22.5000 2728.9790   11.5640
    7.5000   22.5000   22.5000 2701.1731   11.7219
   -7.5000   30.0000   22.5000 2651.8523   12.2502
    0.0000   30.0000   22.5000 2667.5991   12.1199
    7.5000   30.0000   22.5000 2646.5496   12.3078
   -7.5000   37.5000   22.5000 2567.8186   12.8177
    0.0000   37.5000   22.5000 2584.0750   12.6955
    7.5000   37.5000   22.5000 2564.1655   12.8768
   -7.5000   45.0000   22.5000 2471.7156   13.5203
    0.0000   45.0000   22.5000 2494.1851   13.4247
    7.5000   45.0000   22.5000 2457.9392   13.5868
   -7.5000  -45.0000   30.0000 2574.1650   11.6936
    0.0000  -45.0000   30.0000 2601.5422   11.2617
    7.5000  -45.0000   30.0000 2608.9387   11.2716
   -7.5000  -37.5000   30.0000 2594.5850   11.4820
    0.0000  -37.5000   30.0000 2616.5818   11.0290
    7.5000  -37.5000   30.0000 2614.3560   11.0527
   -7.5000  -30.0000   30.0000 2605.8586   11.3081
    0.0000  -30.0000   30.0000 2625.5242   10.8922
    7.5000  -30.0000   30.0000 2627.9011   10.9421
   -7.5000  -22.5000   30.0000 2616.4272   11.1768
    0.0000  -22.5000   30.0000 2635.0525   10.8326
    7.5000  -22.5000   30.0000 2632.3503   10.8859
   -7.5000  -15.0000   30.0000 2625.3582   11.1070
    0.0000  -15.0000   30.0000 2644.8936   10.8129
    7.5000  -15.0000   30.0000 2632.4167   10.9170
   -7.5000   -7.5000   30.0000 2648.5046   11.1550
    0.0000   -7.5000   30.0000 2667.2925   10.8994
    7.5000   -7.5000   30.0000 2642.0334   11.0237
   -7.5000    0.0000   30.0000 2653.0801   11.2985
    0.0000    0.0000   30.0000 2679.1833   11.0438
    7.5000    0.0000   30.0000 2654.3948   11.1994
   -7.5000    7.5000   30.0000 2659.9299   11.5001
    0.0000    7.5000   30.0000 2684.7769   11.2723
    7.5000    7.5000   30.0000 2656.8149   11.4639
   -7.5000   15.0000   30.0000 2645.8572   11.8203
    0.0000   15.0000   30.0000 2669.4622   11.6671
    7.5000   15.0000   30.0000 2644.7866   11.8425
   -7.5000   22.5000   30.0000 2616.4297   12.3139
    0.0000   22.5000   30.0000 2634.7175   12.1540
    7.5000   22.5000   30.0000 2607.8850   12.3002
   -7.5000   30.0000   30.0000 2558.1748   12.8609
    0.0000   30.0000   30.0000 2575.0979   12.7239
    7.5000   30.0000   30.0000 2554.0071   12.9176
   -7.5000   37.5000   30.0000 2481.8508   13.4836
    0.0000   37.5000   30.0000 2499.9170   13.3502
    7.5000   37.5000   30.0000 2478.5103   13.5409
   -7.5000   45.0000   30.0000 2396.7002   14.2758
    0.0000   45.0000   30.0000 2415.7844   14.1497
    7.5000   45.0000   30.0000 2380.8818   14.3291
   -7.5000  -45.0000   37.5000 2526.2666   12.2327
    0.0000  -45.0000   37.5000 2558.2522   11.8648
    7.5000  -45.0000   37.5000 2552.4802   11.8604
   -7.5000  -37.5000   37.5000 2534.5066   12.0106
    0.0000  -37.5000   37.5000 2574.3972   11.6621
    7.5000  -37.5000   37.5000 2564.1794   11.6889
   -7.5000  -30.0000   37.5000 2547.9307   11.8265
    0.0000  -30.0000   37.5000 2578.6936   11.5141
    7.5000  -30.0000   37.5000 2577.3110   11.5655
   -7.5000  -22.5000   37.5000 2556.7371   11.7286
    0.0000  -22.5000   37.5000 2583.1746   11.4481
    7.5000  -22.5000   37.5000 2583.7004   11.5099
   -7.5000  -15.0000   37.5000 2564.2622   11.7068
    0.0000  -15.0000   37.5000 2594.3547   11.4499
    7.5000  -15.0000   37.5000 2577.3152   11.5429
   -7.5000   -7.5000   37.5000 2580.1833   11.7314
    0.0000   -7.5000   37.5000 2611.8164   11.5203
    7.5000   -7.5000   37.5000 2584.6897   11.6380
   -7.5000    0.0000   37.5000 2585.3203   11.8809
    0.0000    0.0000   37.5000 2616.1106   11.6261
    7.5000    0.0000   37.5000 2584.6628   11.8435
   -7.5000    7.5000   37.5000 2588.4592   12.1265
    0.0000    7.5000   37.5000 2604.5168   11.9409
    7.5000    7.5000   37.5000 2580.8713   12.1174
   -7.5000   15.0000   37.5000 2562.8032   12.5811
    0.0000   15.0000   37.5000 2580.2300   12.3930
    7.5000   15.0000   37.5000 2558.0286   12.5436
   -7.5000   22.5000   37.5000 2521.1143   13.1413
    0.0000   22.5000   37.5000 2540.8513   12.9654
    7.5000   22.5000   37.5000 2515.4009   13.1124
   -7.5000   30.0000   37.5000 2467.6853   13.6948
    0.0000   30.0000   37.5000 2481.7344   13.5507
    7.5000   30.0000   37.5000 2460.0518   13.7220
   -7.5000   37.5000   37.5000 2400.8350   14.3772
    0.0000   37.5000   37.5000 2415.5720   14.2502
    7.5000   37.5000   37.5000 2388.7339   14.4435
   -7.5000   45.0000   37.5000 2321.9861   15.1849
    0.0000   45.0000   37.5000 2338.6150   15.0735
    7.5000   45.0000   37.5000 2303.7844   15.2964
   -7.5000  -45.0000   45.0000 2464.4753   12.9518
    0.0000  -45.0000   45.0000 2497.8643   12.6033
    7.5000  -45.0000   45.0000 2497.2849   12.6716
   -7.5000  -37.5000   45.0000 2469.0579   12.7230
    0.0000  -37.5000   45.0000 2511.6084   12.4197
    7.5000  -37.5000   45.0000 2504.7344   12.4746
   -7.5000  -30.0000   45.0000 2480.1538   12.5729
    0.0000  -30.0000   45.0000 2514.3804   12.2404
    7.5000  -30.0000   45.0000 2509.4509   12.3339
   -7.5000  -22.5000   45.0000 2483.0081   12.4383
    0.0000  -22.5000   45.0000 2511.0020   12.1674
    7.5000  -22.5000   45.0000 2508.0674   12.2912
   -7.5000  -15.0000   45.0000 2494.1108   12.4315
    0.0000  -15.0000   45.0000 2521.4951   12.2002
    7.5000  -15.0000   45.0000 2506.9429   12.3281
   -7.5000   -7.5000   45.0000 2506.6167   12.5063
    0.0000   -7.5000   45.0000 2536.0452   12.2639
    7.5000   -7.5000   45.0000 2511.5979   12.4213
   -7.5000    0.0000   45.0000 2510.6401   12.6681
    0.0000    0.0000   45.0000 2533.1040   12.4005
    7.5000    0.0000   45.0000 2507.2468   12.6040
   -7.5000    7.5000   45.0000 2503.9170   12.9341
    0.0000    7.5000   45.0000 2512.9983   12.7255
    7.5000    7.5000   45.0000 2497.7839   12.9357
   -7.5000   15.0000   45.0000 2469.5322   13.4597
    0.0000   15.0000   45.0000 2482.5532   13.2338
    7.5000   15.0000   45.0000 2463.6958   13.4432
   -7.5000   22.5000   45.0000 2423.6570   14.1408
    0.0000   22.5000   45.0000 2434.3010   13.9566
    7.5000   22.5000   45.0000 2417.7725   14.1130
   -7.5000   30.0000   45.0000 2367.7397   14.7921
    0.0000   30.0000   45.0000 2376.9917   14.6664
    7.5000   30.0000   45.0000 2357.3499   14.8504
   -7.5000   37.5000   45.0000 2313.7810   15.5906
    0.0000   37.5000   45.0000 2323.4275   15.4825
    7.5000   37.5000   45.0000 2297.4548   15.6679
   -7.5000   45.0000   45.0000 2234.5015   16.4012
    0.0000   45.0000   45.0000 2243.7136   16.2939
    7.5000   45.0000   45.0000 2215.5854   16.5180

---------------------------------------------------------------------
imgreg_4dfp /opt/freesurfer/average/711-2C_as_mni_average_305 /opt/freesurfer/average/711-2B_as_mni_average_305_mask talsrcimg_g11 none talsrcimg_to_711-2C_as_mni_average_305_t4 1283
---------------------------------------------------------------------

freesurfer imgreg_4dfp.c
/opt/freesurfer/average/711-2C_as_mni_average_305.4dfp.img
       256       256       256         1
  1.000000  1.000000  1.000000
orientation T byte_order littleendian
Reading image: /opt/freesurfer/average/711-2C_as_mni_average_305.4dfp.img
dimensions:      256       256       256
mmppix:       1.0000   -1.0000   -1.0000
center:     128.0000 -129.0000 -129.0000
/opt/freesurfer/average/711-2B_as_mni_average_305_mask.4dfp.img
       256       256       256         1
  1.000000  1.000000  1.000000
orientation T byte_order littleendian
Reading mask: /opt/freesurfer/average/711-2B_as_mni_average_305_mask.4dfp.img (2306576 pixels)
talsrcimg_g11.4dfp.img
       256       256       256         1
  1.000000  1.000000  1.000000
orientation T byte_order littleendian
Reading image: talsrcimg_g11.4dfp.img
dimensions:      256       256       256
mmppix:       1.0000   -1.0000   -1.0000
center:     128.0000 -129.0000 -129.0000
rotation matrix determinant  1.000000
fimgreg.f
image alignment mode   1283 decimal      503 hex
parameters
    0.0000   22.5000    7.5000    0.0000    0.0000    0.0000
eta,q 0.89803 10.70683
niter,ni,del,rscale     5    3   12.0000    1.2000
parameter  3  1.688867 ->  0.500000 qaram    1.1500
parameter  5 -0.672665 -> -0.500000 qaram    1.1500
parameter  6 -0.581722 -> -0.500000 qaram    1.1500
parameters
   -1.9352   19.5957    4.0500    0.6303    3.4500    3.4500
eta,q 0.90350 10.38781
  0.1048  0.1055  0.0990  0.1101  0.1102  0.1074
  0.1046  0.1036  0.0993  0.1067  0.1070  0.1036
  0.1054  0.1033  0.0999  0.1026  0.1021  0.1000
  0.1054  0.1051  0.1032  0.0997  0.0993  0.0976
  0.1044  0.1080  0.1066  0.1001  0.0977  0.0966
  0.1045  0.1114  0.1084  0.1037  0.0976  0.0966
  0.1087  0.1161  0.1110  0.1073  0.0980  0.0970
niter,ni,del,rscale     7    3   12.0000    1.2000
parameters
   -1.5851   19.0936    0.7569   -0.5196    4.4378    4.5754
eta,q 0.90595 10.34670
  0.0998  0.1022  0.0964  0.0992  0.0987  0.1014
  0.0956  0.0985  0.0938  0.0963  0.0970  0.0980
  0.0952  0.0965  0.0953  0.0943  0.0951  0.0955
  0.0965  0.0968  0.0965  0.0943  0.0940  0.0940
  0.0974  0.0976  0.0973  0.0963  0.0944  0.0941
  0.0968  0.0995  0.0996  0.1005  0.0950  0.0954
  0.0974  0.1048  0.1038  0.1046  0.0970  0.0979
niter,ni,del,rscale     6    3   12.0000    1.2000
parameters
    0.2971   18.7508    0.8656    0.2724    1.2690    6.0309
eta,q 0.90751 10.31078
  0.1020  0.1035  0.1002  0.1024  0.0941  0.1015
  0.0983  0.0992  0.0954  0.0997  0.0925  0.0971
  0.0956  0.0957  0.0941  0.0967  0.0932  0.0938
  0.0940  0.0946  0.0944  0.0944  0.0942  0.0927
  0.0947  0.0971  0.0952  0.0944  0.0946  0.0925
  0.0948  0.1010  0.0967  0.0963  0.0958  0.0934
  0.0958  0.1052  0.0984  0.1000  0.0985  0.0962
niter,ni,del,rscale     5    3   12.0000    1.2000
parameters
    1.2675   18.5539    0.7016    0.1724    1.6201    6.4779
eta,q 0.90777 10.30532
  0.1014  0.1028  0.1012  0.0997  0.0966  0.0998
  0.0993  0.0978  0.0954  0.0968  0.0937  0.0961
  0.0952  0.0939  0.0904  0.0939  0.0919  0.0935
  0.0925  0.0926  0.0925  0.0922  0.0922  0.0924
  0.0935  0.0956  0.0964  0.0931  0.0930  0.0921
  0.0951  0.0995  0.0980  0.0967  0.0937  0.0938
  0.0981  0.1030  0.0985  0.1009  0.0951  0.0988
niter,ni,del,rscale     4    3   12.0000    1.2000
parameters
    1.2478   18.6463    0.6406    0.2001    1.8728    6.5357
eta,q 0.90780 10.31568
  0.1006  0.1033  0.1012  0.0997  0.0964  0.0989
  0.0973  0.0985  0.0958  0.0970  0.0938  0.0956
  0.0931  0.0944  0.0908  0.0942  0.0920  0.0934
  0.0922  0.0922  0.0922  0.0921  0.0921  0.0922
  0.0940  0.0947  0.0960  0.0929  0.0927  0.0920
  0.0957  0.0988  0.0977  0.0962  0.0936  0.0945
  0.1015  0.1021  0.0986  0.1005  0.0954  0.0998
niter,ni,del,rscale     3    3   12.0000    1.2000
parameters
    1.2239   18.6958    0.6586    0.2741    1.9050    6.5502
eta,q 0.90782 10.31773
  0.1005  0.1031  0.1013  0.0998  0.0962  0.0988
  0.0971  0.0985  0.0960  0.0972  0.0938  0.0956
  0.0930  0.0944  0.0913  0.0944  0.0920  0.0934
  0.0922  0.0922  0.0922  0.0922  0.0922  0.0922
  0.0937  0.0948  0.0957  0.0929  0.0927  0.0919
  0.0955  0.0987  0.0975  0.0962  0.0937  0.0946
  0.1016  0.1023  0.0987  0.1004  0.0959  0.0999
niter,ni,del,rscale     2    3   12.0000    1.2000
parameters
    1.2324   18.7129    0.6972    0.3237    1.9227    6.5650
eta,q 0.90778 10.31799
  0.1006  0.1030  0.1013  0.0999  0.0962  0.0989
  0.0972  0.0985  0.0961  0.0972  0.0939  0.0957
  0.0931  0.0943  0.0913  0.0944  0.0921  0.0935
  0.0922  0.0922  0.0922  0.0922  0.0922  0.0922
  0.0936  0.0949  0.0957  0.0930  0.0926  0.0920
  0.0954  0.0988  0.0974  0.0963  0.0938  0.0946
  0.1015  0.1025  0.0987  0.1005  0.0960  0.1000
registration optimization eta report
parameter search radius
    6.0000    6.0000    6.9000    6.0000    6.9000    6.9000
100000*second partial in parameter space
       24.       27.       16.       21.        9.       16.
  0.1006  0.1030  0.1013  0.0999  0.0962  0.0989
  0.0972  0.0985  0.0961  0.0972  0.0939  0.0957
  0.0931  0.0943  0.0913  0.0944  0.0921  0.0935
  0.0922  0.0922  0.0922  0.0922  0.0922  0.0922
  0.0936  0.0949  0.0957  0.0930  0.0926  0.0920
  0.0954  0.0988  0.0974  0.0963  0.0938  0.0946
  0.1015  0.1025  0.0987  0.1005  0.0960  0.1000
    1.2324   18.7129    0.6972    0.3237    1.9227    6.5650
eta,q 0.90778 10.31799

---------------------------------------------------------------------
imgreg_4dfp /opt/freesurfer/average/711-2C_as_mni_average_305 /opt/freesurfer/average/711-2B_as_mni_average_305_mask talsrcimg_g11 none talsrcimg_to_711-2C_as_mni_average_305_t4 3335
---------------------------------------------------------------------

freesurfer imgreg_4dfp.c
/opt/freesurfer/average/711-2C_as_mni_average_305.4dfp.img
       256       256       256         1
  1.000000  1.000000  1.000000
orientation T byte_order littleendian
Reading image: /opt/freesurfer/average/711-2C_as_mni_average_305.4dfp.img
dimensions:      256       256       256
mmppix:       1.0000   -1.0000   -1.0000
center:     128.0000 -129.0000 -129.0000
/opt/freesurfer/average/711-2B_as_mni_average_305_mask.4dfp.img
       256       256       256         1
  1.000000  1.000000  1.000000
orientation T byte_order littleendian
Reading mask: /opt/freesurfer/average/711-2B_as_mni_average_305_mask.4dfp.img (2306576 pixels)
talsrcimg_g11.4dfp.img
       256       256       256         1
  1.000000  1.000000  1.000000
orientation T byte_order littleendian
Reading image: talsrcimg_g11.4dfp.img
dimensions:      256       256       256
mmppix:       1.0000   -1.0000   -1.0000
center:     128.0000 -129.0000 -129.0000
fimgreg.f
image alignment mode   3335 decimal      D07 hex
parameters
    1.2324   18.7129    0.6972   -0.7116   -0.6595   -0.0579
  -11.4516   -3.2685   11.4265   -0.9449    3.3552    0.5647
eta,q 0.90413 10.24359
niter,ni,del,rscale     5    3    5.0000    1.2000
parameter  2 -0.530553 -> -0.500000 qaram    1.1500
parameter  4-17.393431 ->  0.500000 qaram    1.1500
parameter  5-96.582611 ->  0.500000 qaram    1.1500
parameter  6 26.690628 ->  0.500000 qaram    1.1500
parameter  9  1.242890 ->  0.500000 qaram    1.1500
parameter 10  0.583997 ->  0.500000 qaram    1.1500
parameter 12  1.368887 ->  0.500000 qaram    1.1500
parameters
    0.4206   20.0929    0.0264   -4.8516   -4.7995   -4.1979
  -12.4887   -3.2651    7.2865   -5.0849    0.5291   -3.5753
eta,q 0.92945 10.24314
  0.0962  0.0968  0.0958  0.0836  0.0797  0.0712  0.0776  0.0798  0.0736  0.0738  0.0734  0.0698
  0.0960  0.0964  0.0957  0.0871  0.0824  0.0748  0.0765  0.0775  0.0740  0.0731  0.0729  0.0703
  0.0958  0.0961  0.0956  0.0912  0.0854  0.0790  0.0759  0.0761  0.0747  0.0732  0.0728  0.0713
  0.0959  0.0958  0.0956  0.0956  0.0882  0.0832  0.0759  0.0758  0.0758  0.0741  0.0730  0.0728
  0.0963  0.0957  0.0958  0.0995  0.0910  0.0874  0.0764  0.0765  0.0773  0.0756  0.0737  0.0746
  0.0971  0.0956  0.0959  0.1029  0.0939  0.0919  0.0775  0.0778  0.0792  0.0777  0.0747  0.0768
  0.0984  0.0958  0.0961  0.1067  0.0966  0.0957  0.0789  0.0795  0.0812  0.0801  0.0759  0.0791
niter,ni,del,rscale     7    3    5.0000    1.2000
parameter  4  1.282956 ->  0.500000 qaram    1.3225
parameter  5  0.814289 ->  0.500000 qaram    1.3225
parameter  6  0.660136 ->  0.500000 qaram    1.3225
parameter  7 -0.579813 -> -0.500000 qaram    1.1500
parameter 10 -0.556858 -> -0.500000 qaram    1.3225
parameters
   -0.1664   20.2522    0.6882   -9.6126   -9.5605   -8.9589
   -8.3487   -1.7878    6.7153   -0.3239    3.6542   -7.4126
eta,q 0.94287 10.02944
  0.0724  0.0732  0.0730  0.0636  0.0629  0.0601  0.0660  0.0657  0.0608  0.0652  0.0600  0.0577
  0.0709  0.0717  0.0718  0.0645  0.0623  0.0600  0.0637  0.0625  0.0598  0.0625  0.0590  0.0573
  0.0703  0.0707  0.0708  0.0666  0.0630  0.0606  0.0616  0.0602  0.0592  0.0605  0.0583  0.0571
  0.0705  0.0703  0.0703  0.0701  0.0650  0.0623  0.0601  0.0591  0.0590  0.0590  0.0578  0.0576
  0.0715  0.0704  0.0701  0.0751  0.0676  0.0645  0.0593  0.0591  0.0593  0.0580  0.0576  0.0586
  0.0733  0.0712  0.0704  0.0809  0.0710  0.0679  0.0592  0.0601  0.0601  0.0579  0.0576  0.0602
  0.0756  0.0726  0.0711  0.0860  0.0744  0.0743  0.0598  0.0618  0.0615  0.0587  0.0580  0.0624
niter,ni,del,rscale     7    3    5.0000    1.2000
parameter  2 -1.137637 -> -0.500000 qaram    1.3225
parameter  3  0.702097 ->  0.500000 qaram    1.1500
parameters
   -0.5946   21.8392   -0.6918  -13.3782  -11.9407  -11.7774
   -8.6084   -3.1781    6.3058    4.1637    5.4024  -10.8041
eta,q 0.94794  9.68818
  0.0593  0.0653  0.0538  0.0545  0.0559  0.0550  0.0570  0.0561  0.0550  0.0603  0.0536  0.0526
  0.0578  0.0621  0.0536  0.0538  0.0549  0.0539  0.0551  0.0543  0.0540  0.0573  0.0530  0.0522
  0.0571  0.0593  0.0538  0.0536  0.0540  0.0535  0.0539  0.0534  0.0535  0.0549  0.0526  0.0521
  0.0571  0.0570  0.0544  0.0536  0.0536  0.0538  0.0535  0.0535  0.0533  0.0533  0.0523  0.0523
  0.0579  0.0552  0.0552  0.0553  0.0551  0.0546  0.0541  0.0547  0.0536  0.0525  0.0523  0.0530
  0.0594  0.0541  0.0564  0.0603  0.0576  0.0565  0.0554  0.0565  0.0543  0.0525  0.0525  0.0541
  0.0615  0.0538  0.0579  0.0668  0.0609  0.0607  0.0574  0.0589  0.0554  0.0536  0.0528  0.0557
niter,ni,del,rscale     7    3    5.0000    1.2000
parameter  2 -1.296631 -> -0.500000 qaram    1.5209
parameter  3  0.644217 ->  0.500000 qaram    1.3225
parameter 10 -0.602707 -> -0.500000 qaram    1.5209
parameter 12  0.584188 ->  0.500000 qaram    1.3225
parameters
   -0.8942   23.6642   -2.2788  -13.9912  -14.7604  -13.7866
   -8.0961   -4.0193    5.1653    9.6389    7.8145  -15.5651
eta,q 0.95486  9.48869
  0.0544  0.0629  0.0477  0.0504  0.0493  0.0497  0.0514  0.0510  0.0487  0.0555  0.0468  0.0454
  0.0530  0.0589  0.0476  0.0486  0.0483  0.0480  0.0494  0.0487  0.0478  0.0521  0.0463  0.0451
  0.0522  0.0552  0.0477  0.0478  0.0478  0.0473  0.0480  0.0475  0.0473  0.0493  0.0459  0.0452
  0.0521  0.0520  0.0482  0.0476  0.0476  0.0477  0.0474  0.0474  0.0473  0.0473  0.0457  0.0456
  0.0527  0.0495  0.0491  0.0475  0.0487  0.0485  0.0477  0.0484  0.0477  0.0461  0.0456  0.0464
  0.0540  0.0479  0.0504  0.0484  0.0515  0.0500  0.0488  0.0503  0.0485  0.0457  0.0456  0.0476
  0.0559  0.0473  0.0521  0.0522  0.0546  0.0529  0.0505  0.0528  0.0499  0.0466  0.0459  0.0491
niter,ni,del,rscale     7    3    5.0000    1.2000
parameter  2 -1.031944 -> -0.500000 qaram    1.7490
parameter  3  0.589317 ->  0.500000 qaram    1.5209
parameter 12  0.535258 ->  0.500000 qaram    1.5209
parameters
   -1.2430   25.7630   -4.1038  -14.0984  -17.6691  -15.0254
   -7.3716   -4.9435    5.2855   12.8701    6.4527  -21.0403
eta,q 0.96231  9.34229
  0.0477  0.0603  0.0399  0.0428  0.0410  0.0429  0.0437  0.0431  0.0421  0.0502  0.0388  0.0383
  0.0461  0.0546  0.0393  0.0408  0.0398  0.0404  0.0414  0.0405  0.0404  0.0453  0.0385  0.0377
  0.0452  0.0495  0.0395  0.0396  0.0393  0.0392  0.0398  0.0391  0.0393  0.0413  0.0383  0.0378
  0.0451  0.0451  0.0403  0.0393  0.0393  0.0393  0.0391  0.0391  0.0390  0.0390  0.0383  0.0383
  0.0459  0.0418  0.0417  0.0394  0.0404  0.0403  0.0394  0.0403  0.0393  0.0383  0.0385  0.0394
  0.0475  0.0400  0.0436  0.0403  0.0435  0.0420  0.0405  0.0426  0.0403  0.0393  0.0389  0.0409
  0.0498  0.0400  0.0460  0.0435  0.0473  0.0454  0.0423  0.0456  0.0419  0.0421  0.0395  0.0425
niter,ni,del,rscale     7    3    5.0000    1.2000
parameters
   -1.4895   27.5392   -4.5497  -14.4934  -19.6472  -14.6655
   -6.6849   -5.3497    5.4173   15.3137    5.7993  -22.7368
eta,q 0.96451  9.30122
  0.0411  0.0545  0.0390  0.0390  0.0382  0.0406  0.0406  0.0408  0.0390  0.0463  0.0363  0.0374
  0.0390  0.0475  0.0370  0.0369  0.0365  0.0378  0.0381  0.0379  0.0371  0.0411  0.0359  0.0362
  0.0379  0.0416  0.0359  0.0358  0.0357  0.0360  0.0364  0.0361  0.0360  0.0375  0.0356  0.0356
  0.0377  0.0376  0.0358  0.0357  0.0357  0.0357  0.0357  0.0357  0.0357  0.0357  0.0355  0.0355
  0.0385  0.0359  0.0367  0.0360  0.0364  0.0363  0.0360  0.0367  0.0360  0.0357  0.0357  0.0361
  0.0402  0.0364  0.0384  0.0369  0.0389  0.0375  0.0373  0.0389  0.0371  0.0370  0.0361  0.0374
  0.0428  0.0394  0.0409  0.0399  0.0428  0.0396  0.0392  0.0419  0.0387  0.0396  0.0365  0.0390
niter,ni,del,rscale     6    3    5.0000    1.2000
parameters
   -1.5852   27.9105   -4.6512  -14.5574  -20.0314  -14.5684
   -6.4693   -5.4621    5.6421   15.9206    5.4976  -23.0769
eta,q 0.96449  9.29969
  0.0396  0.0469  0.0391  0.0390  0.0391  0.0395  0.0398  0.0409  0.0387  0.0431  0.0363  0.0379
  0.0373  0.0410  0.0371  0.0367  0.0369  0.0370  0.0375  0.0379  0.0369  0.0387  0.0359  0.0366
  0.0359  0.0370  0.0358  0.0355  0.0356  0.0356  0.0360  0.0360  0.0358  0.0361  0.0356  0.0358
  0.0355  0.0355  0.0355  0.0355  0.0355  0.0355  0.0355  0.0355  0.0355  0.0355  0.0355  0.0355
  0.0361  0.0362  0.0360  0.0358  0.0355  0.0359  0.0360  0.0363  0.0358  0.0362  0.0357  0.0358
  0.0378  0.0388  0.0374  0.0365  0.0369  0.0369  0.0373  0.0383  0.0368  0.0379  0.0360  0.0368
  0.0403  0.0433  0.0395  0.0391  0.0403  0.0392  0.0393  0.0412  0.0383  0.0412  0.0364  0.0382
niter,ni,del,rscale     5    3    5.0000    1.2000
parameters
   -1.6058   28.0154   -4.6988  -14.5795  -20.1266  -14.6463
   -6.4247   -5.4890    5.7559   16.0521    5.2816  -23.1517
eta,q 0.96447  9.29242
  0.0399  0.0455  0.0392  0.0391  0.0393  0.0393  0.0397  0.0411  0.0386  0.0424  0.0363  0.0380
  0.0375  0.0400  0.0372  0.0367  0.0370  0.0369  0.0374  0.0381  0.0369  0.0382  0.0359  0.0367
  0.0360  0.0365  0.0359  0.0355  0.0358  0.0356  0.0360  0.0361  0.0358  0.0359  0.0356  0.0359
  0.0355  0.0355  0.0355  0.0355  0.0355  0.0355  0.0355  0.0355  0.0355  0.0355  0.0355  0.0355
  0.0361  0.0367  0.0360  0.0359  0.0355  0.0360  0.0361  0.0363  0.0359  0.0364  0.0357  0.0358
  0.0376  0.0396  0.0374  0.0366  0.0367  0.0370  0.0375  0.0382  0.0369  0.0382  0.0360  0.0367
  0.0400  0.0442  0.0394  0.0391  0.0399  0.0393  0.0395  0.0411  0.0384  0.0417  0.0364  0.0381
niter,ni,del,rscale     4    3    5.0000    1.2000
parameters
   -1.6086   28.0493   -4.7345  -14.5980  -20.1678  -14.6981
   -6.4099   -5.4899    5.8293   16.0940    5.1279  -23.1745
eta,q 0.96446  9.28688
  0.0399  0.0451  0.0393  0.0391  0.0394  0.0393  0.0396  0.0411  0.0386  0.0422  0.0363  0.0380
  0.0375  0.0397  0.0373  0.0367  0.0371  0.0369  0.0374  0.0381  0.0369  0.0381  0.0359  0.0367
  0.0360  0.0364  0.0360  0.0355  0.0358  0.0356  0.0360  0.0362  0.0358  0.0359  0.0356  0.0359
  0.0355  0.0355  0.0355  0.0355  0.0355  0.0355  0.0355  0.0355  0.0355  0.0355  0.0355  0.0355
  0.0361  0.0368  0.0361  0.0359  0.0355  0.0360  0.0361  0.0363  0.0359  0.0364  0.0357  0.0358
  0.0376  0.0398  0.0374  0.0366  0.0367  0.0370  0.0375  0.0382  0.0369  0.0383  0.0360  0.0367
  0.0400  0.0445  0.0394  0.0391  0.0398  0.0393  0.0395  0.0410  0.0384  0.0417  0.0364  0.0381
niter,ni,del,rscale     3    3    5.0000    1.2000
parameters
   -1.6082   28.0658   -4.7532  -14.6096  -20.1892  -14.7208
   -6.4010   -5.4918    5.8830   16.1100    5.0146  -23.1911
eta,q 0.96445  9.28396
  0.0400  0.0450  0.0393  0.0391  0.0394  0.0393  0.0396  0.0411  0.0386  0.0421  0.0363  0.0380
  0.0375  0.0397  0.0373  0.0367  0.0371  0.0369  0.0374  0.0381  0.0369  0.0381  0.0359  0.0367
  0.0360  0.0364  0.0360  0.0355  0.0358  0.0357  0.0360  0.0362  0.0358  0.0359  0.0357  0.0359
  0.0355  0.0355  0.0355  0.0355  0.0355  0.0355  0.0355  0.0355  0.0355  0.0355  0.0355  0.0355
  0.0361  0.0368  0.0360  0.0360  0.0355  0.0360  0.0361  0.0363  0.0359  0.0364  0.0357  0.0358
  0.0376  0.0399  0.0374  0.0366  0.0367  0.0370  0.0375  0.0382  0.0369  0.0383  0.0360  0.0367
  0.0399  0.0445  0.0394  0.0391  0.0398  0.0392  0.0395  0.0410  0.0384  0.0417  0.0364  0.0381
niter,ni,del,rscale     2    3    5.0000    1.2000
parameters
   -1.6084   28.0728   -4.7623  -14.6127  -20.1975  -14.7369
   -6.3948   -5.4904    5.9240   16.1165    4.9514  -23.2014
eta,q 0.96446  9.28261
  0.0400  0.0450  0.0393  0.0391  0.0394  0.0394  0.0396  0.0411  0.0386  0.0421  0.0364  0.0380
  0.0375  0.0396  0.0373  0.0367  0.0371  0.0369  0.0374  0.0381  0.0369  0.0380  0.0359  0.0367
  0.0360  0.0363  0.0360  0.0355  0.0358  0.0357  0.0360  0.0362  0.0358  0.0358  0.0357  0.0359
  0.0355  0.0355  0.0355  0.0355  0.0355  0.0355  0.0355  0.0355  0.0355  0.0355  0.0355  0.0355
  0.0361  0.0369  0.0360  0.0360  0.0355  0.0360  0.0361  0.0363  0.0359  0.0365  0.0357  0.0358
  0.0375  0.0399  0.0373  0.0366  0.0366  0.0370  0.0375  0.0382  0.0369  0.0383  0.0360  0.0367
  0.0399  0.0445  0.0393  0.0390  0.0398  0.0392  0.0395  0.0410  0.0384  0.0417  0.0364  0.0381
registration optimization eta report
parameter search radius
    2.4000    4.1976    3.6501    9.5220    9.5220    9.5220
    8.2800    7.2000    8.2800   10.9503    7.2000   10.9503
100000*second partial in parameter space
       76.       52.       28.        4.        5.        4.
        6.       11.        4.        5.        2.        2.
  0.0400  0.0450  0.0393  0.0391  0.0394  0.0394  0.0396  0.0411  0.0386  0.0421  0.0364  0.0380
  0.0375  0.0396  0.0373  0.0367  0.0371  0.0369  0.0374  0.0381  0.0369  0.0380  0.0359  0.0367
  0.0360  0.0363  0.0360  0.0355  0.0358  0.0357  0.0360  0.0362  0.0358  0.0358  0.0357  0.0359
  0.0355  0.0355  0.0355  0.0355  0.0355  0.0355  0.0355  0.0355  0.0355  0.0355  0.0355  0.0355
  0.0361  0.0369  0.0360  0.0360  0.0355  0.0360  0.0361  0.0363  0.0359  0.0365  0.0357  0.0358
  0.0375  0.0399  0.0373  0.0366  0.0366  0.0370  0.0375  0.0382  0.0369  0.0383  0.0360  0.0367
  0.0399  0.0445  0.0393  0.0390  0.0398  0.0392  0.0395  0.0410  0.0384  0.0417  0.0364  0.0381
   -1.6084   28.0728   -4.7623  -14.6127  -20.1975  -14.7369
   -6.3948   -5.4904    5.9240   16.1165    4.9514  -23.2014
eta,q 0.96446  9.28261

---------------------------------------------------------------------
imgreg_4dfp /opt/freesurfer/average/711-2C_as_mni_average_305 /opt/freesurfer/average/711-2B_as_mni_average_305_mask talsrcimg_g11 none talsrcimg_to_711-2C_as_mni_average_305_t4 2311
---------------------------------------------------------------------

freesurfer imgreg_4dfp.c
/opt/freesurfer/average/711-2C_as_mni_average_305.4dfp.img
       256       256       256         1
  1.000000  1.000000  1.000000
orientation T byte_order littleendian
Reading image: /opt/freesurfer/average/711-2C_as_mni_average_305.4dfp.img
dimensions:      256       256       256
mmppix:       1.0000   -1.0000   -1.0000
center:     128.0000 -129.0000 -129.0000
/opt/freesurfer/average/711-2B_as_mni_average_305_mask.4dfp.img
       256       256       256         1
  1.000000  1.000000  1.000000
orientation T byte_order littleendian
Reading mask: /opt/freesurfer/average/711-2B_as_mni_average_305_mask.4dfp.img (2306576 pixels)
talsrcimg_g11.4dfp.img
       256       256       256         1
  1.000000  1.000000  1.000000
orientation T byte_order littleendian
Reading image: talsrcimg_g11.4dfp.img
dimensions:      256       256       256
mmppix:       1.0000   -1.0000   -1.0000
center:     128.0000 -129.0000 -129.0000
fimgreg.f
image alignment mode   2311 decimal      907 hex
parameters
   -1.6084   28.0728   -4.7623  -14.6127  -20.1975  -14.7369
   -6.3948   -5.4904    5.9240   16.1165    4.9514  -23.2014
eta,q 0.96446  9.28260
niter,ni,del,rscale     5    3    5.0000    0.8000
parameters
   -1.6118   27.9050   -4.7612  -15.3840  -19.1486  -15.1203
   -6.5251   -5.5892    5.8530   15.0156    4.3895  -22.7180
eta,q 0.96471  9.24651
  0.0375  0.0367  0.0363  0.0360  0.0363  0.0361  0.0369  0.0381  0.0364  0.0361  0.0357  0.0359
  0.0364  0.0359  0.0359  0.0355  0.0357  0.0356  0.0361  0.0366  0.0359  0.0355  0.0355  0.0356
  0.0358  0.0356  0.0356  0.0354  0.0355  0.0354  0.0355  0.0357  0.0355  0.0353  0.0353  0.0354
  0.0355  0.0355  0.0355  0.0355  0.0354  0.0354  0.0354  0.0354  0.0354  0.0354  0.0353  0.0353
  0.0358  0.0358  0.0356  0.0357  0.0354  0.0356  0.0356  0.0358  0.0355  0.0357  0.0354  0.0353
  0.0365  0.0364  0.0359  0.0359  0.0354  0.0359  0.0362  0.0368  0.0359  0.0363  0.0356  0.0354
  0.0376  0.0372  0.0363  0.0362  0.0357  0.0363  0.0370  0.0383  0.0365  0.0370  0.0359  0.0357
niter,ni,del,rscale     4    3    5.0000    0.7000
parameters
   -1.6330   27.8497   -4.7378  -15.4364  -19.5561  -15.6271
   -6.5338   -5.5747    5.9351   14.8407    4.1821  -22.3885
eta,q 0.96478  9.18065
  0.0369  0.0363  0.0360  0.0359  0.0356  0.0359  0.0365  0.0376  0.0361  0.0363  0.0356  0.0357
  0.0360  0.0357  0.0356  0.0354  0.0353  0.0354  0.0358  0.0363  0.0356  0.0356  0.0354  0.0355
  0.0354  0.0354  0.0354  0.0352  0.0353  0.0352  0.0354  0.0355  0.0354  0.0353  0.0353  0.0353
  0.0353  0.0353  0.0353  0.0353  0.0353  0.0353  0.0352  0.0352  0.0352  0.0352  0.0352  0.0352
  0.0355  0.0354  0.0354  0.0355  0.0353  0.0355  0.0354  0.0355  0.0353  0.0354  0.0353  0.0352
  0.0361  0.0358  0.0356  0.0356  0.0354  0.0358  0.0358  0.0363  0.0356  0.0358  0.0354  0.0354
  0.0370  0.0365  0.0359  0.0357  0.0358  0.0362  0.0365  0.0375  0.0361  0.0364  0.0357  0.0356
niter,ni,del,rscale     3    3    5.0000    0.6000
parameters
   -1.6381   27.8848   -4.8158  -15.9931  -19.8065  -15.9272
   -6.5417   -5.5613    5.9308   14.7518    4.0041  -22.1102
eta,q 0.96487  9.10733
  0.0364  0.0361  0.0356  0.0356  0.0354  0.0358  0.0361  0.0370  0.0358  0.0360  0.0354  0.0355
  0.0358  0.0356  0.0354  0.0353  0.0352  0.0354  0.0356  0.0360  0.0354  0.0355  0.0353  0.0353
  0.0353  0.0353  0.0352  0.0352  0.0351  0.0352  0.0352  0.0354  0.0352  0.0352  0.0352  0.0352
  0.0352  0.0352  0.0352  0.0352  0.0352  0.0352  0.0351  0.0351  0.0351  0.0351  0.0351  0.0351
  0.0354  0.0353  0.0353  0.0354  0.0352  0.0353  0.0352  0.0353  0.0352  0.0353  0.0352  0.0352
  0.0358  0.0356  0.0355  0.0356  0.0353  0.0356  0.0356  0.0360  0.0354  0.0356  0.0353  0.0353
  0.0364  0.0360  0.0358  0.0357  0.0355  0.0359  0.0361  0.0369  0.0358  0.0360  0.0355  0.0354
niter,ni,del,rscale     2    3    5.0000    0.5000
parameters
   -1.6518   27.9386   -4.8800  -16.2369  -20.1375  -16.1439
   -6.5252   -5.5420    5.9384   14.7110    3.8961  -21.9230
eta,q 0.96491  9.05614
  0.0360  0.0358  0.0354  0.0355  0.0353  0.0356  0.0358  0.0364  0.0356  0.0357  0.0353  0.0354
  0.0355  0.0354  0.0353  0.0352  0.0351  0.0353  0.0354  0.0357  0.0353  0.0353  0.0352  0.0352
  0.0352  0.0352  0.0352  0.0351  0.0351  0.0351  0.0352  0.0352  0.0351  0.0351  0.0351  0.0351
  0.0351  0.0351  0.0351  0.0351  0.0351  0.0351  0.0351  0.0351  0.0351  0.0351  0.0351  0.0351
  0.0352  0.0352  0.0352  0.0352  0.0352  0.0352  0.0352  0.0352  0.0351  0.0352  0.0351  0.0351
  0.0355  0.0354  0.0353  0.0354  0.0352  0.0354  0.0354  0.0357  0.0353  0.0354  0.0352  0.0352
  0.0360  0.0356  0.0355  0.0356  0.0353  0.0357  0.0358  0.0364  0.0356  0.0357  0.0353  0.0353
niter,ni,del,rscale     1    3    5.0000    0.4000
parameters
   -1.6590   27.9804   -4.9215  -16.4484  -20.4914  -16.2832
   -6.5133   -5.5278    5.9252   14.6858    3.8293  -21.8086
eta,q 0.96494  9.01114
  0.0356  0.0355  0.0353  0.0354  0.0352  0.0354  0.0355  0.0359  0.0354  0.0355  0.0352  0.0352
  0.0353  0.0353  0.0352  0.0352  0.0351  0.0352  0.0353  0.0355  0.0352  0.0352  0.0351  0.0352
  0.0351  0.0351  0.0351  0.0351  0.0351  0.0351  0.0351  0.0352  0.0351  0.0351  0.0351  0.0351
  0.0351  0.0351  0.0351  0.0351  0.0351  0.0351  0.0351  0.0351  0.0351  0.0351  0.0351  0.0351
  0.0352  0.0351  0.0351  0.0352  0.0351  0.0351  0.0351  0.0352  0.0351  0.0351  0.0351  0.0351
  0.0353  0.0352  0.0352  0.0353  0.0352  0.0353  0.0353  0.0354  0.0352  0.0353  0.0351  0.0351
  0.0357  0.0354  0.0353  0.0354  0.0352  0.0355  0.0355  0.0359  0.0354  0.0355  0.0352  0.0352
registration optimization eta report
parameter search radius
    0.8000    0.8000    0.8000    2.4000    2.4000    2.4000
    2.4000    2.4000    2.4000    2.4000    2.4000    2.4000
100000*second partial in parameter space
       88.       57.       35.        6.        2.        6.
        8.       15.        5.        7.        3.        3.
  0.0356  0.0355  0.0353  0.0354  0.0352  0.0354  0.0355  0.0359  0.0354  0.0355  0.0352  0.0352
  0.0353  0.0353  0.0352  0.0352  0.0351  0.0352  0.0353  0.0355  0.0352  0.0352  0.0351  0.0352
  0.0351  0.0351  0.0351  0.0351  0.0351  0.0351  0.0351  0.0352  0.0351  0.0351  0.0351  0.0351
  0.0351  0.0351  0.0351  0.0351  0.0351  0.0351  0.0351  0.0351  0.0351  0.0351  0.0351  0.0351
  0.0352  0.0351  0.0351  0.0352  0.0351  0.0351  0.0351  0.0352  0.0351  0.0351  0.0351  0.0351
  0.0353  0.0352  0.0352  0.0353  0.0352  0.0353  0.0353  0.0354  0.0352  0.0353  0.0351  0.0351
  0.0357  0.0354  0.0353  0.0354  0.0352  0.0355  0.0355  0.0359  0.0354  0.0355  0.0352  0.0352
   -1.6590   27.9804   -4.9215  -16.4484  -20.4914  -16.2832
   -6.5133   -5.5278    5.9252   14.6858    3.8293  -21.8086
eta,q 0.96494  9.01114

---------------------------------------------------------------------
imgreg_4dfp /opt/freesurfer/average/711-2C_as_mni_average_305 /opt/freesurfer/average/711-2B_as_mni_average_305_mask talsrcimg_g11 none talsrcimg_to_711-2C_as_mni_average_305_t4 2311
---------------------------------------------------------------------

freesurfer imgreg_4dfp.c
/opt/freesurfer/average/711-2C_as_mni_average_305.4dfp.img
       256       256       256         1
  1.000000  1.000000  1.000000
orientation T byte_order littleendian
Reading image: /opt/freesurfer/average/711-2C_as_mni_average_305.4dfp.img
dimensions:      256       256       256
mmppix:       1.0000   -1.0000   -1.0000
center:     128.0000 -129.0000 -129.0000
/opt/freesurfer/average/711-2B_as_mni_average_305_mask.4dfp.img
       256       256       256         1
  1.000000  1.000000  1.000000
orientation T byte_order littleendian
Reading mask: /opt/freesurfer/average/711-2B_as_mni_average_305_mask.4dfp.img (2306576 pixels)
talsrcimg_g11.4dfp.img
       256       256       256         1
  1.000000  1.000000  1.000000
orientation T byte_order littleendian
Reading image: talsrcimg_g11.4dfp.img
dimensions:      256       256       256
mmppix:       1.0000   -1.0000   -1.0000
center:     128.0000 -129.0000 -129.0000
fimgreg.f
image alignment mode   2311 decimal      907 hex
parameters
   -1.6590   27.9804   -4.9215  -16.4484  -20.4914  -16.2832
   -6.5133   -5.5278    5.9252   14.6858    3.8293  -21.8086
eta,q 0.96494  9.01114
niter,ni,del,rscale     5    3    5.0000    0.8000
parameters
   -1.6509   28.0487   -4.9632  -15.9217  -19.8983  -16.1050
   -6.5309   -5.4969    6.0367   15.0307    3.7868  -22.2036
eta,q 0.96486  9.10310
  0.0373  0.0367  0.0359  0.0366  0.0361  0.0367  0.0367  0.0383  0.0363  0.0369  0.0357  0.0356
  0.0361  0.0358  0.0354  0.0357  0.0355  0.0358  0.0359  0.0366  0.0357  0.0359  0.0354  0.0354
  0.0353  0.0353  0.0351  0.0352  0.0351  0.0352  0.0353  0.0355  0.0353  0.0353  0.0352  0.0352
  0.0351  0.0351  0.0351  0.0351  0.0351  0.0351  0.0351  0.0351  0.0351  0.0351  0.0351  0.0351
  0.0353  0.0352  0.0352  0.0352  0.0352  0.0353  0.0353  0.0355  0.0352  0.0353  0.0352  0.0352
  0.0361  0.0357  0.0355  0.0356  0.0353  0.0358  0.0359  0.0366  0.0356  0.0357  0.0354  0.0355
  0.0372  0.0364  0.0360  0.0359  0.0356  0.0363  0.0367  0.0382  0.0362  0.0364  0.0357  0.0358
niter,ni,del,rscale     4    3    5.0000    0.7000
parameters
   -1.6393   28.0005   -4.9552  -15.8750  -19.8801  -16.0941
   -6.5407   -5.5142    6.0746   14.9520    3.7784  -22.1567
eta,q 0.96486  9.10572
  0.0368  0.0362  0.0358  0.0360  0.0356  0.0362  0.0364  0.0375  0.0360  0.0363  0.0356  0.0356
  0.0359  0.0356  0.0354  0.0354  0.0353  0.0356  0.0357  0.0362  0.0355  0.0356  0.0353  0.0354
  0.0353  0.0352  0.0352  0.0351  0.0351  0.0352  0.0353  0.0354  0.0353  0.0352  0.0352  0.0352
  0.0351  0.0351  0.0351  0.0351  0.0351  0.0351  0.0351  0.0351  0.0351  0.0351  0.0351  0.0351
  0.0353  0.0353  0.0352  0.0353  0.0352  0.0353  0.0353  0.0354  0.0352  0.0353  0.0352  0.0352
  0.0359  0.0357  0.0354  0.0356  0.0353  0.0357  0.0357  0.0363  0.0355  0.0357  0.0353  0.0353
  0.0368  0.0363  0.0358  0.0358  0.0355  0.0361  0.0364  0.0376  0.0360  0.0363  0.0356  0.0356
niter,ni,del,rscale     3    3    5.0000    0.6000
parameters
   -1.6447   27.9827   -4.9442  -16.0721  -19.9876  -16.1655
   -6.5399   -5.5189    6.0433   14.8422    3.7701  -22.0281
eta,q 0.96489  9.07882
  0.0364  0.0359  0.0356  0.0357  0.0354  0.0359  0.0361  0.0369  0.0358  0.0360  0.0354  0.0355
  0.0357  0.0355  0.0354  0.0353  0.0352  0.0354  0.0355  0.0359  0.0354  0.0354  0.0353  0.0353
  0.0353  0.0352  0.0352  0.0351  0.0351  0.0352  0.0352  0.0353  0.0352  0.0352  0.0352  0.0352
  0.0351  0.0351  0.0351  0.0351  0.0351  0.0351  0.0351  0.0351  0.0351  0.0351  0.0351  0.0351
  0.0353  0.0352  0.0352  0.0353  0.0352  0.0353  0.0352  0.0353  0.0352  0.0353  0.0351  0.0351
  0.0357  0.0355  0.0354  0.0355  0.0352  0.0355  0.0355  0.0360  0.0354  0.0356  0.0353  0.0352
  0.0364  0.0360  0.0356  0.0357  0.0354  0.0359  0.0361  0.0369  0.0358  0.0360  0.0354  0.0354
niter,ni,del,rscale     2    3    5.0000    0.5000
parameters
   -1.6510   27.9877   -4.9531  -16.2938  -20.2267  -16.2698
   -6.5310   -5.5163    6.0093   14.7697    3.7669  -21.8756
eta,q 0.96492  9.04090
  0.0360  0.0357  0.0354  0.0355  0.0353  0.0356  0.0358  0.0364  0.0355  0.0357  0.0353  0.0354
  0.0355  0.0354  0.0353  0.0352  0.0351  0.0353  0.0354  0.0357  0.0353  0.0353  0.0352  0.0352
  0.0352  0.0352  0.0352  0.0351  0.0351  0.0351  0.0352  0.0352  0.0351  0.0351  0.0351  0.0351
  0.0351  0.0351  0.0351  0.0351  0.0351  0.0351  0.0351  0.0351  0.0351  0.0351  0.0351  0.0351
  0.0352  0.0352  0.0352  0.0352  0.0351  0.0352  0.0352  0.0352  0.0351  0.0352  0.0351  0.0351
  0.0355  0.0354  0.0353  0.0354  0.0352  0.0354  0.0354  0.0357  0.0353  0.0354  0.0352  0.0352
  0.0360  0.0357  0.0355  0.0356  0.0353  0.0357  0.0358  0.0364  0.0356  0.0357  0.0353  0.0353
niter,ni,del,rscale     1    3    5.0000    0.4000
parameters
   -1.6604   28.0079   -4.9706  -16.4745  -20.5189  -16.3631
   -6.5212   -5.5161    5.9694   14.7236    3.7669  -21.7855
eta,q 0.96494  9.00409
  0.0356  0.0355  0.0353  0.0354  0.0352  0.0354  0.0355  0.0359  0.0354  0.0355  0.0352  0.0352
  0.0353  0.0353  0.0352  0.0352  0.0351  0.0352  0.0353  0.0355  0.0352  0.0352  0.0351  0.0351
  0.0351  0.0351  0.0351  0.0351  0.0351  0.0351  0.0351  0.0352  0.0351  0.0351  0.0351  0.0351
  0.0351  0.0351  0.0351  0.0351  0.0351  0.0351  0.0351  0.0351  0.0351  0.0351  0.0351  0.0351
  0.0351  0.0351  0.0351  0.0352  0.0351  0.0351  0.0351  0.0352  0.0351  0.0351  0.0351  0.0351
  0.0353  0.0352  0.0352  0.0353  0.0352  0.0353  0.0353  0.0354  0.0352  0.0353  0.0351  0.0351
  0.0356  0.0354  0.0353  0.0354  0.0352  0.0355  0.0355  0.0359  0.0354  0.0355  0.0352  0.0352
registration optimization eta report
parameter search radius
    0.8000    0.8000    0.8000    2.4000    2.4000    2.4000
    2.4000    2.4000    2.4000    2.4000    2.4000    2.4000
100000*second partial in parameter space
       87.       58.       34.        6.        2.        7.
        8.       15.        5.        7.        3.        3.
  0.0356  0.0355  0.0353  0.0354  0.0352  0.0354  0.0355  0.0359  0.0354  0.0355  0.0352  0.0352
  0.0353  0.0353  0.0352  0.0352  0.0351  0.0352  0.0353  0.0355  0.0352  0.0352  0.0351  0.0351
  0.0351  0.0351  0.0351  0.0351  0.0351  0.0351  0.0351  0.0352  0.0351  0.0351  0.0351  0.0351
  0.0351  0.0351  0.0351  0.0351  0.0351  0.0351  0.0351  0.0351  0.0351  0.0351  0.0351  0.0351
  0.0351  0.0351  0.0351  0.0352  0.0351  0.0351  0.0351  0.0352  0.0351  0.0351  0.0351  0.0351
  0.0353  0.0352  0.0352  0.0353  0.0352  0.0353  0.0353  0.0354  0.0352  0.0353  0.0351  0.0351
  0.0356  0.0354  0.0353  0.0354  0.0352  0.0355  0.0355  0.0359  0.0354  0.0355  0.0352  0.0352
   -1.6604   28.0079   -4.9706  -16.4745  -20.5189  -16.3631
   -6.5212   -5.5161    5.9694   14.7236    3.7669  -21.7855
eta,q 0.96494  9.00409

---------------------------------------------------------------------
compute_vox2vox talsrcimg talsrcimg_to_711-2C_as_mni_average_305_t4 /opt/freesurfer/average/711-2C_as_mni_average_305
---------------------------------------------------------------------

freesurfer compute_vox2vox.c
Reading: talsrcimg.4dfp.ifh
Reading: talsrcimg_to_711-2C_as_mni_average_305_t4
Reading: /opt/freesurfer/average/711-2C_as_mni_average_305.4dfp.ifh
Writing: talsrcimg_to_711-2C_as_mni_average_305_t4_vox2vox.txt

start time Sat Nov 23 15:38:27 UTC 2024
end		time Sat Nov 23 15:39:16 UTC 2024

mpr2mni305 success

avi2talxfm orig_nu.mgz /opt/freesurfer/average/mni305.cor.mgz talsrcimg_to_711-2C_as_mni_average_305_t4_vox2vox.txt transforms/talairach.auto.xfm
avi2talxfm done
mv -f /scratch/tmp/fs_mp2rage_tests/sourcedata/freesurfer_mp2rage/sub-fsm54jc/mri/talsrcimg_to_711-2C_as_mni_average_305_t4_vox2vox.txt /scratch/tmp/fs_mp2rage_tests/sourcedata/freesurfer_mp2rage/sub-fsm54jc/mri/transforms/talsrcimg_to_711-2C_as_mni_average_305_t4_vox2vox.txt
lta_convert --src orig_nu.mgz --trg /opt/freesurfer/average/mni305.cor.mgz --inxfm transforms/talairach.auto.xfm --outlta transforms/talairach.auto.xfm.lta --subject fsaverage
7.3.2

--src: orig_nu.mgz src image (geometry).
--trg: /opt/freesurfer/average/mni305.cor.mgz trg image (geometry).
--inmni: transforms/talairach.auto.xfm input MNI/XFM transform.
--outlta: transforms/talairach.auto.xfm.lta output LTA.
--s: fsaverage subject name
 LTA read, type : 1
 1.18651   0.05830   0.11333  -3.64066;
-0.07312   1.13701   0.30565  -36.97422;
-0.07557  -0.21501   1.19303  -26.62283;
 0.00000   0.00000   0.00000   1.00000;
setting subject to fsaverage
Writing  LTA to file transforms/talairach.auto.xfm.lta...
lta_convert successful.
 
 
Started at Sat Nov 23 15:38:25 UTC 2024
Ended   at Sat Nov 23 15:39:17 UTC 2024
talairach_avi done
