/scratch/tmp/fs_mp2rage_tests2/sourcedata/freesurfer_memprage/sub-fsm14pu/mri
/opt/freesurfer/bin/talairach_avi
--i orig_nu.mgz --xfm transforms/talairach.auto.xfm
talairach_avi 7.3.2
Linux elm.criugm.qc.ca 5.15.0-113-generic #123-Ubuntu SMP Mon Jun 10 08:16:17 UTC 2024 x86_64 x86_64 x86_64 GNU/Linux
Sun Nov 24 04:59:03 UTC 2024
mri_convert orig_nu.mgz talsrcimg.img 
reading from orig_nu.mgz...
TR=0.00, TE=0.00, TI=0.00, flip angle=0.00
i_ras = (-1, -1.39698e-09, 0)
j_ras = (-1.86265e-09, -2.98023e-08, -1)
k_ras = (1.39698e-09, 1, 2.98023e-08)
writing to talsrcimg.img...
Analyze Output Matrix
-1.00000  -0.00000   0.00000   125.45615;
-0.00000  -0.00000   1.00000  -108.11532;
 0.00000  -1.00000   0.00000   103.75070;
 0.00000   0.00000   0.00000   1.00000;
--------------------
INFO: set hdr.hist.orient to -1
mpr2mni305 talsrcimg
Sun Nov 24 04:59:07 UTC 2024
/opt/freesurfer/bin/mpr2mni305 talsrcimg
mpr2mni305 7.3.2
target=711-2C_as_mni_average_305

---------------------------------------------------------------------
analyzeto4dfp talsrcimg -O0 -y
---------------------------------------------------------------------

freesurfer ifh2hdr.c
Sun Nov 24 04:59:08 2024
Writing: talsrcimg.4dfp.hdr
freesurfer analyzeto4dfp.c
Reading: talsrcimg.hdr
header size 348 bytes
hdr.dime.datatype	offset=70	value=2
hdr.dime.bitpix		offset=72	value=8
hdr.hist.orient		offset=252	value=-1
dimensionality     4
dimensions       256       256       256         1
Reading: talsrcimg.img
Writing: talsrcimg.4dfp.img
Writing: talsrcimg.4dfp.ifh
ifh2hdr talsrcimg -r0to255
ori=2

---------------------------------------------------------------------
gauss_4dfp talsrcimg 1.1
---------------------------------------------------------------------

freesurfer gauss_4dfp.c
Reading: talsrcimg.4dfp.img
Writing: talsrcimg_g11.4dfp.img
image dimensions 256 256 256 padded to 288 288 288
processing volume 1freesurfer ifh2hdr.c
Sun Nov 24 04:59:20 2024
Writing: talsrcimg_g11.4dfp.hdr

Writing: talsrcimg_g11.4dfp.ifh
including: talsrcimg.4dfp.img.rec in talsrcimg_g11.4dfp.img.rec

---------------------------------------------------------------------
imgreg_4dfp /opt/freesurfer/average/711-2C_as_mni_average_305 none talsrcimg_g11 none talsrcimg_to_711-2C_as_mni_average_305_t4 4355
---------------------------------------------------------------------

freesurfer imgreg_4dfp.c
/opt/freesurfer/average/711-2C_as_mni_average_305.4dfp.img
       256       256       256         1
  1.000000  1.000000  1.000000
orientation T byte_order littleendian
Reading image: /opt/freesurfer/average/711-2C_as_mni_average_305.4dfp.img
dimensions:      256       256       256
mmppix:       1.0000   -1.0000   -1.0000
center:     128.0000 -129.0000 -129.0000
talsrcimg_g11.4dfp.img
       256       256       256         1
  1.000000  1.000000  1.000000
orientation T byte_order littleendian
Reading image: talsrcimg_g11.4dfp.img
dimensions:      256       256       256
mmppix:       1.0000   -1.0000   -1.0000
center:     128.0000 -129.0000 -129.0000
t4_read: open error in t4_sub.f l:  41 t4_file(1:l)talsrcimg_to_711-2C_as_mni_average_305_t4 
t4_read: transform initialized to I4
rotation matrix determinant  1.000000
image alignment mode   4355 decimal     1103 hex
   -7.5000  -45.0000  -45.0000 9462.6035    8.8388
    0.0000  -45.0000  -45.0000 9776.2812    8.8329
    7.5000  -45.0000  -45.0000 9370.6514    8.8376
   -7.5000  -37.5000  -45.0000 9676.9473    8.9002
    0.0000  -37.5000  -45.000010016.8770    8.8964
    7.5000  -37.5000  -45.0000 9587.2109    8.8999
   -7.5000  -30.0000  -45.000010135.2900    8.7639
    0.0000  -30.0000  -45.000010494.0645    8.7591
    7.5000  -30.0000  -45.000010027.4463    8.7614
   -7.5000  -22.5000  -45.000010606.1211    8.6475
    0.0000  -22.5000  -45.000010992.8564    8.6388
    7.5000  -22.5000  -45.000010512.9639    8.6393
   -7.5000  -15.0000  -45.000011107.1279    8.5850
    0.0000  -15.0000  -45.000011527.9229    8.5745
    7.5000  -15.0000  -45.000010995.2910    8.5743
   -7.5000   -7.5000  -45.000011584.5449    8.5339
    0.0000   -7.5000  -45.000012029.0332    8.5256
    7.5000   -7.5000  -45.000011451.7256    8.5272
   -7.5000    0.0000  -45.000011993.1709    8.5182
    0.0000    0.0000  -45.000012451.4463    8.5134
    7.5000    0.0000  -45.000011817.1699    8.5175
   -7.5000    7.5000  -45.000011539.4688    8.7104
    0.0000    7.5000  -45.000011974.9248    8.7067
    7.5000    7.5000  -45.000011347.6963    8.7101
   -7.5000   15.0000  -45.000011042.1230    8.9547
    0.0000   15.0000  -45.000011450.7969    8.9486
    7.5000   15.0000  -45.000010801.1611    8.9482
   -7.5000   22.5000  -45.000010499.1572    9.1986
    0.0000   22.5000  -45.000010866.9463    9.1867
    7.5000   22.5000  -45.000010233.1045    9.1833
   -7.5000   30.0000  -45.0000 9907.8096    9.3387
    0.0000   30.0000  -45.000010255.0186    9.3228
    7.5000   30.0000  -45.0000 9662.3896    9.3176
   -7.5000   37.5000  -45.0000 9667.5049    9.6136
    0.0000   37.5000  -45.000010019.1660    9.6000
    7.5000   37.5000  -45.0000 9449.6602    9.5975
   -7.5000   45.0000  -45.0000 9085.3037    9.6688
    0.0000   45.0000  -45.0000 9430.3945    9.6599
    7.5000   45.0000  -45.0000 8907.0957    9.6617
   -7.5000  -45.0000  -37.500010001.1270    8.7595
    0.0000  -45.0000  -37.500010325.0342    8.7545
    7.5000  -45.0000  -37.5000 9869.4395    8.7584
   -7.5000  -37.5000  -37.500010245.6152    8.8202
    0.0000  -37.5000  -37.500010593.9014    8.8166
    7.5000  -37.5000  -37.500010125.1738    8.8198
   -7.5000  -30.0000  -37.500010750.5059    8.6840
    0.0000  -30.0000  -37.500011126.8896    8.6794
    7.5000  -30.0000  -37.500010625.6680    8.6817
   -7.5000  -22.5000  -37.500011283.2119    8.5667
    0.0000  -22.5000  -37.500011673.1475    8.5592
    7.5000  -22.5000  -37.500011145.1094    8.5599
   -7.5000  -15.0000  -37.500011802.9248    8.5045
    0.0000  -15.0000  -37.500012224.9775    8.4959
    7.5000  -15.0000  -37.500011666.5049    8.4955
   -7.5000   -7.5000  -37.500012296.1084    8.4565
    0.0000   -7.5000  -37.500012745.5410    8.4498
    7.5000   -7.5000  -37.500012139.1562    8.4508
   -7.5000    0.0000  -37.500012740.6758    8.4438
    0.0000    0.0000  -37.500013210.2559    8.4397
    7.5000    0.0000  -37.500012526.5527    8.4431
   -7.5000    7.5000  -37.500012236.1152    8.6323
    0.0000    7.5000  -37.500012675.9951    8.6289
    7.5000    7.5000  -37.500012009.5508    8.6320
   -7.5000   15.0000  -37.500011666.7744    8.8690
    0.0000   15.0000  -37.500012091.1396    8.8634
    7.5000   15.0000  -37.500011417.8457    8.8635
   -7.5000   22.5000  -37.500011066.9404    9.1053
    0.0000   22.5000  -37.500011468.3203    9.0952
    7.5000   22.5000  -37.500010809.7510    9.0924
   -7.5000   30.0000  -37.500010444.4561    9.2462
    0.0000   30.0000  -37.500010839.7002    9.2332
    7.5000   30.0000  -37.500010204.3906    9.2285
   -7.5000   37.5000  -37.500010202.6367    9.5248
    0.0000   37.5000  -37.500010597.5225    9.5142
    7.5000   37.5000  -37.5000 9998.7529    9.5119
   -7.5000   45.0000  -37.5000 9577.4023    9.5861
    0.0000   45.0000  -37.5000 9975.9502    9.5791
    7.5000   45.0000  -37.5000 9407.1934    9.5814
   -7.5000  -45.0000  -30.000010678.4287    9.0748
    0.0000  -45.0000  -30.000011038.8965    9.0687
    7.5000  -45.0000  -30.000010546.3584    9.0710
   -7.5000  -37.5000  -30.000010966.4287    9.1352
    0.0000  -37.5000  -30.000011350.6777    9.1298
    7.5000  -37.5000  -30.000010831.4590    9.1317
   -7.5000  -30.0000  -30.000011535.1553    8.9914
    0.0000  -30.0000  -30.000011947.1504    8.9852
    7.5000  -30.0000  -30.000011389.0361    8.9870
   -7.5000  -22.5000  -30.000012128.9756    8.8681
    0.0000  -22.5000  -30.000012569.9746    8.8604
    7.5000  -22.5000  -30.000011998.5449    8.8609
   -7.5000  -15.0000  -30.000012709.0996    8.8048
    0.0000  -15.0000  -30.000013163.5830    8.7967
    7.5000  -15.0000  -30.000012587.0439    8.7958
   -7.5000   -7.5000  -30.000013250.8877    8.7590
    0.0000   -7.5000  -30.000013723.0537    8.7524
    7.5000   -7.5000  -30.000013082.1230    8.7521
   -7.5000    0.0000  -30.000013716.9619    8.7484
    0.0000    0.0000  -30.000014216.7373    8.7435
    7.5000    0.0000  -30.000013486.1250    8.7455
   -7.5000    7.5000  -30.000013126.3193    8.9408
    0.0000    7.5000  -30.000013605.7910    8.9357
    7.5000    7.5000  -30.000012898.2822    8.9375
   -7.5000   15.0000  -30.000012488.7881    9.1808
    0.0000   15.0000  -30.000012940.9326    9.1737
    7.5000   15.0000  -30.000012249.6045    9.1735
   -7.5000   22.5000  -30.000011832.5410    9.4209
    0.0000   22.5000  -30.000012266.7764    9.4105
    7.5000   22.5000  -30.000011590.1953    9.4075
   -7.5000   30.0000  -30.000011180.2031    9.5694
    0.0000   30.0000  -30.000011626.7334    9.5572
    7.5000   30.0000  -30.000010954.9355    9.5515
   -7.5000   37.5000  -30.000010935.0156    9.8637
    0.0000   37.5000  -30.000011387.9971    9.8534
    7.5000   37.5000  -30.000010752.8418    9.8495
   -7.5000   45.0000  -30.000010243.4883    9.9400
    0.0000   45.0000  -30.000010688.9521    9.9325
    7.5000   45.0000  -30.000010107.4121    9.9334
   -7.5000  -45.0000  -22.500011365.4189    9.3564
    0.0000  -45.0000  -22.500011750.1729    9.3482
    7.5000  -45.0000  -22.500011244.6289    9.3495
   -7.5000  -37.5000  -22.500011694.5840    9.4159
    0.0000  -37.5000  -22.500012081.0459    9.4081
    7.5000  -37.5000  -22.500011556.4688    9.4090
   -7.5000  -30.0000  -22.500012337.9561    9.2668
    0.0000  -30.0000  -22.500012749.8027    9.2583
    7.5000  -30.0000  -22.500012203.7363    9.2595
   -7.5000  -22.5000  -22.500012980.3496    9.1404
    0.0000  -22.5000  -22.500013451.0566    9.1307
    7.5000  -22.5000  -22.500012875.7627    9.1309
   -7.5000  -15.0000  -22.500013620.2354    9.0766
    0.0000  -15.0000  -22.500014118.1934    9.0668
    7.5000  -15.0000  -22.500013501.0898    9.0654
   -7.5000   -7.5000  -22.500014190.2510    9.0308
    0.0000   -7.5000  -22.500014711.6221    9.0226
    7.5000   -7.5000  -22.500014026.3369    9.0216
   -7.5000    0.0000  -22.500014677.6758    9.0200
    0.0000    0.0000  -22.500015228.1221    9.0132
    7.5000    0.0000  -22.500014464.6660    9.0143
   -7.5000    7.5000  -22.500014048.2734    9.2161
    0.0000    7.5000  -22.500014584.6758    9.2086
    7.5000    7.5000  -22.500013816.0713    9.2095
   -7.5000   15.0000  -22.500013365.8018    9.4624
    0.0000   15.0000  -22.500013854.2559    9.4527
    7.5000   15.0000  -22.500013126.9590    9.4516
   -7.5000   22.5000  -22.500012654.2900    9.7091
    0.0000   22.5000  -22.500013121.2021    9.6960
    7.5000   22.5000  -22.500012407.9951    9.6921
   -7.5000   30.0000  -22.500011944.4170    9.8637
    0.0000   30.0000  -22.500012434.3320    9.8492
    7.5000   30.0000  -22.500011736.8271    9.8420
   -7.5000   37.5000  -22.500011669.4248   10.1702
    0.0000   37.5000  -22.500012181.7129   10.1573
    7.5000   37.5000  -22.500011520.5166   10.1517
   -7.5000   45.0000  -22.500010906.0928   10.2571
    0.0000   45.0000  -22.500011408.9707   10.2473
    7.5000   45.0000  -22.500010808.5762   10.2470
   -7.5000  -45.0000  -15.000012064.0146    9.5546
    0.0000  -45.0000  -15.000012469.6816    9.5450
    7.5000  -45.0000  -15.000011908.0840    9.5472
   -7.5000  -37.5000  -15.000012440.7227    9.6144
    0.0000  -37.5000  -15.000012850.0938    9.6058
    7.5000  -37.5000  -15.000012272.5039    9.6076
   -7.5000  -30.0000  -15.000013172.5732    9.4641
    0.0000  -30.0000  -15.000013627.6826    9.4547
    7.5000  -30.0000  -15.000013029.5332    9.4564
   -7.5000  -22.5000  -15.000013860.3467    9.3375
    0.0000  -22.5000  -15.000014372.7627    9.3257
    7.5000  -22.5000  -15.000013753.2715    9.3257
   -7.5000  -15.0000  -15.000014525.9521    9.2730
    0.0000  -15.0000  -15.000015069.3730    9.2604
    7.5000  -15.0000  -15.000014416.3477    9.2588
   -7.5000   -7.5000  -15.000015137.5869    9.2244
    0.0000   -7.5000  -15.000015691.6357    9.2140
    7.5000   -7.5000  -15.000014961.5283    9.2133
   -7.5000    0.0000  -15.000015702.8037    9.2113
    0.0000    0.0000  -15.000016284.4297    9.2032
    7.5000    0.0000  -15.000015462.5107    9.2051
   -7.5000    7.5000  -15.000015052.8379    9.4111
    0.0000    7.5000  -15.000015649.1279    9.4028
    7.5000    7.5000  -15.000014808.9785    9.4046
   -7.5000   15.0000  -15.000014260.0547    9.6648
    0.0000   15.0000  -15.000014821.8936    9.6536
    7.5000   15.0000  -15.000014064.5371    9.6527
   -7.5000   22.5000  -15.000013446.8271    9.9181
    0.0000   22.5000  -15.000013988.2168    9.9021
    7.5000   22.5000  -15.000013270.3184    9.8976
   -7.5000   30.0000  -15.000012702.9951   10.0767
    0.0000   30.0000  -15.000013268.4912   10.0581
    7.5000   30.0000  -15.000012544.0371   10.0502
   -7.5000   37.5000  -15.000012402.5596   10.3890
    0.0000   37.5000  -15.000012980.1816   10.3724
    7.5000   37.5000  -15.000012260.0049   10.3663
   -7.5000   45.0000  -15.000011578.1533   10.4798
    0.0000   45.0000  -15.000012142.8389   10.4677
    7.5000   45.0000  -15.000011468.0186   10.4672
   -7.5000  -45.0000   -7.500012842.1914    9.6423
    0.0000  -45.0000   -7.500013258.7861    9.6338
    7.5000  -45.0000   -7.500012657.5400    9.6371
   -7.5000  -37.5000   -7.500013250.8848    9.7048
    0.0000  -37.5000   -7.500013689.9375    9.6980
    7.5000  -37.5000   -7.500013067.9883    9.7005
   -7.5000  -30.0000   -7.500014045.6006    9.5569
    0.0000  -30.0000   -7.500014553.1699    9.5489
    7.5000  -30.0000   -7.500013891.1299    9.5504
   -7.5000  -22.5000   -7.500014815.8838    9.4314
    0.0000  -22.5000   -7.500015366.3848    9.4197
    7.5000  -22.5000   -7.500014672.5439    9.4190
   -7.5000  -15.0000   -7.500015515.8887    9.3653
    0.0000  -15.0000   -7.500016101.6621    9.3520
    7.5000  -15.0000   -7.500015389.0947    9.3500
   -7.5000   -7.5000   -7.500016144.7510    9.3125
    0.0000   -7.5000   -7.500016770.8418    9.3018
    7.5000   -7.5000   -7.500015994.8623    9.3016
   -7.5000    0.0000   -7.500016782.8652    9.2968
    0.0000    0.0000   -7.500017446.3359    9.2895
    7.5000    0.0000   -7.500016540.0254    9.2923
   -7.5000    7.5000   -7.500016157.7080    9.5002
    0.0000    7.5000   -7.500016864.0508    9.4937
    7.5000    7.5000   -7.500015870.1377    9.4962
   -7.5000   15.0000   -7.500015294.6494    9.7593
    0.0000   15.0000   -7.500015970.4629    9.7496
    7.5000   15.0000   -7.500015087.8457    9.7483
   -7.5000   22.5000   -7.500014369.8232   10.0153
    0.0000   22.5000   -7.500015022.6777    9.9995
    7.5000   22.5000   -7.500014233.5771    9.9942
   -7.5000   30.0000   -7.500013576.8652   10.1747
    0.0000   30.0000   -7.500014219.5430   10.1549
    7.5000   30.0000   -7.500013412.9678   10.1467
   -7.5000   37.5000   -7.500013275.2656   10.4862
    0.0000   37.5000   -7.500013916.7119   10.4687
    7.5000   37.5000   -7.500013053.0576   10.4629
   -7.5000   45.0000   -7.500012417.0322   10.5768
    0.0000   45.0000   -7.500013004.8262   10.5647
    7.5000   45.0000   -7.500012176.7852   10.5643
   -7.5000  -45.0000    0.000013529.6924    9.6445
    0.0000  -45.0000    0.000014015.0039    9.6380
    7.5000  -45.0000    0.000013349.5742    9.6415
   -7.5000  -37.5000    0.000013977.4775    9.7090
    0.0000  -37.5000    0.000014499.3125    9.7045
    7.5000  -37.5000    0.000013797.6758    9.7070
   -7.5000  -30.0000    0.000014849.4150    9.5632
    0.0000  -30.0000    0.000015442.8652    9.5576
    7.5000  -30.0000    0.000014684.3730    9.5586
   -7.5000  -22.5000    0.000015683.6982    9.4387
    0.0000  -22.5000    0.000016346.4053    9.4289
    7.5000  -22.5000    0.000015535.0820    9.4277
   -7.5000  -15.0000    0.000016422.4941    9.3717
    0.0000  -15.0000    0.000017131.7324    9.3601
    7.5000  -15.0000    0.000016298.7100    9.3580
   -7.5000   -7.5000    0.000017097.7051    9.3169
    0.0000   -7.5000    0.000017857.4570    9.3077
    7.5000   -7.5000    0.000017009.5000    9.3077
   -7.5000    0.0000    0.000017732.6152    9.3000
    0.0000    0.0000    0.000018527.7891    9.2946
    7.5000    0.0000    0.000017571.2031    9.2976
   -7.5000    7.5000    0.000017171.9199    9.5048
    0.0000    7.5000    0.000017969.0410    9.5005
    7.5000    7.5000    0.000016824.2930    9.5029
   -7.5000   15.0000    0.000016509.7285    9.7645
    0.0000   15.0000    0.000017258.1309    9.7576
    7.5000   15.0000    0.000016082.5547    9.7557
   -7.5000   22.5000    0.000015584.7490   10.0203
    0.0000   22.5000    0.000016298.7354   10.0071
    7.5000   22.5000    0.000015184.4355   10.0016
   -7.5000   30.0000    0.000014616.1484   10.1796
    0.0000   30.0000    0.000015242.8047   10.1622
    7.5000   30.0000    0.000014199.0352   10.1544
   -7.5000   37.5000    0.000014164.5166   10.4891
    0.0000   37.5000    0.000014769.3262   10.4741
    7.5000   37.5000    0.000013760.7178   10.4692
   -7.5000   45.0000    0.000013190.7842   10.5803
    0.0000   45.0000    0.000013765.3789   10.5703
    7.5000   45.0000    0.000012836.3457   10.5701
   -7.5000  -45.0000    7.500013187.2402    9.6542
    0.0000  -45.0000    7.500013717.8721    9.6489
    7.5000  -45.0000    7.500013062.6602    9.6516
   -7.5000  -37.5000    7.500013597.9688    9.7192
    0.0000  -37.5000    7.500014201.6855    9.7155
    7.5000  -37.5000    7.500013492.9570    9.7174
   -7.5000  -30.0000    7.500014443.9756    9.5713
    0.0000  -30.0000    7.500015139.1113    9.5665
    7.5000  -30.0000    7.500014355.6992    9.5674
   -7.5000  -22.5000    7.500015231.5264    9.4443
    0.0000  -22.5000    7.500015986.1162    9.4364
    7.5000  -22.5000    7.500015146.8291    9.4354
   -7.5000  -15.0000    7.500015984.8379    9.3769
    0.0000  -15.0000    7.500016779.2852    9.3677
    7.5000  -15.0000    7.500015922.8838    9.3657
   -7.5000   -7.5000    7.500016707.4707    9.3243
    0.0000   -7.5000    7.500017540.0020    9.3172
    7.5000   -7.5000    7.500016620.9004    9.3166
   -7.5000    0.0000    7.500017342.8047    9.3098
    0.0000    0.0000    7.500018175.1777    9.3056
    7.5000    0.0000    7.500017157.1172    9.3078
   -7.5000    7.5000    7.500016778.3926    9.5143
    0.0000    7.5000    7.500017579.0020    9.5108
    7.5000    7.5000    7.500016442.9121    9.5127
   -7.5000   15.0000    7.500016155.2305    9.7715
    0.0000   15.0000    7.500016965.1133    9.7657
    7.5000   15.0000    7.500015732.5645    9.7641
   -7.5000   22.5000    7.500015286.4268   10.0252
    0.0000   22.5000    7.500016012.7520   10.0144
    7.5000   22.5000    7.500014833.2910   10.0095
   -7.5000   30.0000    7.500014258.0928   10.1855
    0.0000   30.0000    7.500014890.5156   10.1717
    7.5000   30.0000    7.500013841.2363   10.1645
   -7.5000   37.5000    7.500013745.4395   10.4993
    0.0000   37.5000    7.500014362.1230   10.4877
    7.5000   37.5000    7.500013402.0254   10.4832
   -7.5000   45.0000    7.500012772.7949   10.5950
    0.0000   45.0000    7.500013377.4561   10.5873
    7.5000   45.0000    7.500012497.1426   10.5875
   -7.5000  -45.0000   15.000012639.0352    9.6692
    0.0000  -45.0000   15.000013208.2217    9.6634
    7.5000  -45.0000   15.000012609.5684    9.6651
   -7.5000  -37.5000   15.000013036.8389    9.7333
    0.0000  -37.5000   15.000013639.0889    9.7282
    7.5000  -37.5000   15.000013004.9932    9.7294
   -7.5000  -30.0000   15.000013857.9814    9.5814
    0.0000  -30.0000   15.000014539.6865    9.5754
    7.5000  -30.0000   15.000013835.4961    9.5766
   -7.5000  -22.5000   15.000014646.6289    9.4512
    0.0000  -22.5000   15.000015360.0332    9.4436
    7.5000  -22.5000   15.000014613.0713    9.4436
   -7.5000  -15.0000   15.000015434.5654    9.3842
    0.0000  -15.0000   15.000016180.3955    9.3762
    7.5000  -15.0000   15.000015362.8838    9.3746
   -7.5000   -7.5000   15.000016146.3174    9.3355
    0.0000   -7.5000   15.000016928.1113    9.3292
    7.5000   -7.5000   15.000016019.3086    9.3282
   -7.5000    0.0000   15.000016730.6562    9.3241
    0.0000    0.0000   15.000017513.8379    9.3195
    7.5000    0.0000   15.000016525.8672    9.3209
   -7.5000    7.5000   15.000016129.2559    9.5276
    0.0000    7.5000   15.000016945.2832    9.5228
    7.5000    7.5000   15.000015855.8828    9.5240
   -7.5000   15.0000   15.000015418.7891    9.7816
    0.0000   15.0000   15.000016250.3643    9.7747
    7.5000   15.0000   15.000015145.1055    9.7738
   -7.5000   22.5000   15.000014480.4268   10.0334
    0.0000   22.5000   15.000015172.4141   10.0230
    7.5000   22.5000   15.000014232.3975   10.0191
   -7.5000   30.0000   15.000013522.5859   10.1947
    0.0000   30.0000   15.000014142.9248   10.1826
    7.5000   30.0000   15.000013318.0469   10.1758
   -7.5000   37.5000   15.000013129.9932   10.5143
    0.0000   37.5000   15.000013750.8682   10.5042
    7.5000   37.5000   15.000012937.1641   10.4993
   -7.5000   45.0000   15.000012231.4053   10.6166
    0.0000   45.0000   15.000012841.6045   10.6093
    7.5000   45.0000   15.000012069.5674   10.6094
   -7.5000  -45.0000   22.500012012.7383    9.6969
    0.0000  -45.0000   22.500012515.5811    9.6887
    7.5000  -45.0000   22.500011964.7070    9.6903
   -7.5000  -37.5000   22.500012438.8027    9.7590
    0.0000  -37.5000   22.500012937.8906    9.7514
    7.5000  -37.5000   22.500012338.8789    9.7527
   -7.5000  -30.0000   22.500013278.6104    9.6046
    0.0000  -30.0000   22.500013821.5449    9.5963
    7.5000  -30.0000   22.500013150.8359    9.5979
   -7.5000  -22.5000   22.500014050.4717    9.4737
    0.0000  -22.5000   22.500014616.0703    9.4640
    7.5000  -22.5000   22.500013897.0840    9.4645
   -7.5000  -15.0000   22.500014755.9141    9.4076
    0.0000  -15.0000   22.500015372.3135    9.3978
    7.5000  -15.0000   22.500014564.6250    9.3967
   -7.5000   -7.5000   22.500015352.3867    9.3606
    0.0000   -7.5000   22.500016036.5166    9.3524
    7.5000   -7.5000   22.500015153.9551    9.3515
   -7.5000    0.0000   22.500015816.0244    9.3496
    0.0000    0.0000   22.500016518.5078    9.3428
    7.5000    0.0000   22.500015593.4014    9.3442
   -7.5000    7.5000   22.500015222.0840    9.5524
    0.0000    7.5000   22.500015958.6885    9.5450
    7.5000    7.5000   22.500014983.6514    9.5463
   -7.5000   15.0000   22.500014528.8887    9.8071
    0.0000   15.0000   22.500015256.2197    9.7974
    7.5000   15.0000   22.500014312.2178    9.7967
   -7.5000   22.5000   22.500013640.9150   10.0606
    0.0000   22.5000   22.500014231.9150   10.0474
    7.5000   22.5000   22.500013457.5820   10.0438
   -7.5000   30.0000   22.500012762.2656   10.2234
    0.0000   30.0000   22.500013315.9141   10.2087
    7.5000   30.0000   22.500012612.3955   10.2016
   -7.5000   37.5000   22.500012405.3018   10.5462
    0.0000   37.5000   22.500012991.8691   10.5332
    7.5000   37.5000   22.500012267.7041   10.5276
   -7.5000   45.0000   22.500011560.3076   10.6501
    0.0000   45.0000   22.500012136.7861   10.6404
    7.5000   45.0000   22.500011442.9775   10.6403
   -7.5000  -45.0000   30.000011406.9854    9.7789
    0.0000  -45.0000   30.000011837.4219    9.7693
    7.5000  -45.0000   30.000011278.1934    9.7717
   -7.5000  -37.5000   30.000011809.3662    9.8417
    0.0000  -37.5000   30.000012231.9053    9.8330
    7.5000  -37.5000   30.000011627.9424    9.8351
   -7.5000  -30.0000   30.000012570.9316    9.6865
    0.0000  -30.0000   30.000013043.9258    9.6769
    7.5000  -30.0000   30.000012380.0098    9.6789
   -7.5000  -22.5000   30.000013233.4541    9.5555
    0.0000  -22.5000   30.000013743.9375    9.5435
    7.5000  -22.5000   30.000013050.2188    9.5436
   -7.5000  -15.0000   30.000013837.2930    9.4891
    0.0000  -15.0000   30.000014394.5771    9.4762
    7.5000  -15.0000   30.000013661.4043    9.4747
   -7.5000   -7.5000   30.000014324.9717    9.4392
    0.0000   -7.5000   30.000014935.3164    9.4286
    7.5000   -7.5000   30.000014157.6270    9.4281
   -7.5000    0.0000   30.000014704.9219    9.4258
    0.0000    0.0000   30.000015343.7061    9.4177
    7.5000    0.0000   30.000014531.3711    9.4198
   -7.5000    7.5000   30.000014133.8535    9.6320
    0.0000    7.5000   30.000014797.6748    9.6237
    7.5000    7.5000   30.000013971.5127    9.6258
   -7.5000   15.0000   30.000013506.5654    9.8939
    0.0000   15.0000   30.000014116.5996    9.8826
    7.5000   15.0000   30.000013345.6162    9.8818
   -7.5000   22.5000   30.000012673.8740   10.1546
    0.0000   22.5000   30.000013213.6357   10.1382
    7.5000   22.5000   30.000012544.7598   10.1337
   -7.5000   30.0000   30.000011881.2002   10.3208
    0.0000   30.0000   30.000012384.1729   10.3018
    7.5000   30.0000   30.000011766.1826   10.2938
   -7.5000   37.5000   30.000011556.5713   10.6458
    0.0000   37.5000   30.000012071.7705   10.6289
    7.5000   37.5000   30.000011436.6846   10.6227
   -7.5000   45.0000   30.000010758.9688   10.7485
    0.0000   45.0000   30.000011256.7881   10.7362
    7.5000   45.0000   30.000010646.9629   10.7360
   -7.5000  -45.0000   37.500011210.1758    9.8847
    0.0000  -45.0000   37.500011579.9014    9.8760
    7.5000  -45.0000   37.500011033.2021    9.8796
   -7.5000  -37.5000   37.500011536.0410    9.9512
    0.0000  -37.5000   37.500011913.0059    9.9443
    7.5000  -37.5000   37.500011337.5449    9.9470
   -7.5000  -30.0000   37.500012212.2666    9.7970
    0.0000  -30.0000   37.500012641.1113    9.7888
    7.5000  -30.0000   37.500012022.5391    9.7905
   -7.5000  -22.5000   37.500012808.1660    9.6657
    0.0000  -22.5000   37.500013281.8223    9.6537
    7.5000  -22.5000   37.500012643.5273    9.6530
   -7.5000  -15.0000   37.500013326.8154    9.5968
    0.0000  -15.0000   37.500013851.6348    9.5830
    7.5000  -15.0000   37.500013189.0469    9.5811
   -7.5000   -7.5000   37.500013754.4893    9.5416
    0.0000   -7.5000   37.500014323.2051    9.5306
    7.5000   -7.5000   37.500013619.2324    9.5305
   -7.5000    0.0000   37.500014124.8184    9.5249
    0.0000    0.0000   37.500014710.4521    9.5176
    7.5000    0.0000   37.500013954.3477    9.5206
   -7.5000    7.5000   37.500013561.9971    9.7375
    0.0000    7.5000   37.500014163.5684    9.7309
    7.5000    7.5000   37.500013411.4443    9.7336
   -7.5000   15.0000   37.500012925.2686   10.0079
    0.0000   15.0000   37.500013486.5020    9.9980
    7.5000   15.0000   37.500012799.4541    9.9966
   -7.5000   22.5000   37.500012131.9893   10.2748
    0.0000   22.5000   37.500012635.2041   10.2583
    7.5000   22.5000   37.500012020.6289   10.2528
   -7.5000   30.0000   37.500011357.4531   10.4437
    0.0000   30.0000   37.500011833.2891   10.4231
    7.5000   30.0000   37.500011262.0645   10.4145
   -7.5000   37.5000   37.500011035.2178   10.7702
    0.0000   37.5000   37.500011504.0166   10.7520
    7.5000   37.5000   37.500010934.3623   10.7460
   -7.5000   45.0000   37.500010268.2236   10.8744
    0.0000   45.0000   37.500010701.9531   10.8618
    7.5000   45.0000   37.500010168.9277   10.8614
   -7.5000  -45.0000   45.000010462.1055   10.0278
    0.0000  -45.0000   45.000010811.6592   10.0192
    7.5000  -45.0000   45.000010320.9658   10.0227
   -7.5000  -37.5000   45.000010708.0146   10.0965
    0.0000  -37.5000   45.000011051.6680   10.0901
    7.5000  -37.5000   45.000010564.8408   10.0922
   -7.5000  -30.0000   45.000011302.7188    9.9393
    0.0000  -30.0000   45.000011667.5449    9.9316
    7.5000  -30.0000   45.000011157.0342    9.9320
   -7.5000  -22.5000   45.000011836.9463    9.8045
    0.0000  -22.5000   45.000012257.7275    9.7925
    7.5000  -22.5000   45.000011703.2295    9.7905
   -7.5000  -15.0000   45.000012290.9121    9.7329
    0.0000  -15.0000   45.000012768.4795    9.7189
    7.5000  -15.0000   45.000012172.8916    9.7161
   -7.5000   -7.5000   45.000012680.7529    9.6747
    0.0000   -7.5000   45.000013176.7422    9.6634
    7.5000   -7.5000   45.000012537.0664    9.6631
   -7.5000    0.0000   45.000012990.8271    9.6570
    0.0000    0.0000   45.000013512.4277    9.6497
    7.5000    0.0000   45.000012836.2412    9.6526
   -7.5000    7.5000   45.000012435.4609    9.8759
    0.0000    7.5000   45.000012978.9961    9.8697
    7.5000    7.5000   45.000012314.3359    9.8718
   -7.5000   15.0000   45.000011820.4512   10.1526
    0.0000   15.0000   45.000012328.3184   10.1435
    7.5000   15.0000   45.000011705.3184   10.1406
   -7.5000   22.5000   45.000011089.7568   10.4253
    0.0000   22.5000   45.000011554.9297   10.4091
    7.5000   22.5000   45.000010973.5342   10.4023
   -7.5000   30.0000   45.000010368.8184   10.6000
    0.0000   30.0000   45.000010810.8926   10.5792
    7.5000   30.0000   45.000010283.1943   10.5700
   -7.5000   37.5000   45.000010058.0654   10.9360
    0.0000   37.5000   45.000010482.3750   10.9176
    7.5000   37.5000   45.0000 9975.8584   10.9117
   -7.5000   45.0000   45.0000 9363.2861   11.0532
    0.0000   45.0000   45.0000 9746.4629   11.0400
    7.5000   45.0000   45.0000 9268.7930   11.0391

---------------------------------------------------------------------
imgreg_4dfp /opt/freesurfer/average/711-2C_as_mni_average_305 /opt/freesurfer/average/711-2B_as_mni_average_305_mask talsrcimg_g11 none talsrcimg_to_711-2C_as_mni_average_305_t4 4355
---------------------------------------------------------------------

freesurfer imgreg_4dfp.c
/opt/freesurfer/average/711-2C_as_mni_average_305.4dfp.img
       256       256       256         1
  1.000000  1.000000  1.000000
orientation T byte_order littleendian
Reading image: /opt/freesurfer/average/711-2C_as_mni_average_305.4dfp.img
dimensions:      256       256       256
mmppix:       1.0000   -1.0000   -1.0000
center:     128.0000 -129.0000 -129.0000
/opt/freesurfer/average/711-2B_as_mni_average_305_mask.4dfp.img
       256       256       256         1
  1.000000  1.000000  1.000000
orientation T byte_order littleendian
Reading mask: /opt/freesurfer/average/711-2B_as_mni_average_305_mask.4dfp.img (2306576 pixels)
talsrcimg_g11.4dfp.img
       256       256       256         1
  1.000000  1.000000  1.000000
orientation T byte_order littleendian
Reading image: talsrcimg_g11.4dfp.img
dimensions:      256       256       256
mmppix:       1.0000   -1.0000   -1.0000
center:     128.0000 -129.0000 -129.0000
rotation matrix determinant  1.000000
image alignment mode   4355 decimal     1103 hex
   -7.5000  -45.0000  -45.0000 2342.6931   14.1657
    0.0000  -45.0000  -45.0000 2337.1528   14.1732
    7.5000  -45.0000  -45.0000 2320.2629   14.3842
   -7.5000  -37.5000  -45.0000 2372.5286   13.7837
    0.0000  -37.5000  -45.0000 2369.5693   13.8163
    7.5000  -37.5000  -45.0000 2348.7739   14.0206
   -7.5000  -30.0000  -45.0000 2396.1614   13.4387
    0.0000  -30.0000  -45.0000 2392.6128   13.4982
    7.5000  -30.0000  -45.0000 2372.3403   13.6741
   -7.5000  -22.5000  -45.0000 2420.1633   13.1896
    0.0000  -22.5000  -45.0000 2416.3384   13.2280
    7.5000  -22.5000  -45.0000 2402.9199   13.4010
   -7.5000  -15.0000  -45.0000 2446.8892   13.0197
    0.0000  -15.0000  -45.0000 2444.2676   13.0329
    7.5000  -15.0000  -45.0000 2423.8262   13.2114
   -7.5000   -7.5000  -45.0000 2472.0005   12.8188
    0.0000   -7.5000  -45.0000 2463.9578   12.8451
    7.5000   -7.5000  -45.0000 2444.4492   13.0480
   -7.5000    0.0000  -45.0000 2488.8157   12.6827
    0.0000    0.0000  -45.0000 2483.3516   12.7376
    7.5000    0.0000  -45.0000 2458.6741   12.9404
   -7.5000    7.5000  -45.0000 2496.6770   12.6338
    0.0000    7.5000  -45.0000 2494.6711   12.6730
    7.5000    7.5000  -45.0000 2465.5981   12.9148
   -7.5000   15.0000  -45.0000 2503.5498   12.6469
    0.0000   15.0000  -45.0000 2498.6406   12.6749
    7.5000   15.0000  -45.0000 2466.6658   12.9295
   -7.5000   22.5000  -45.0000 2493.8081   12.8497
    0.0000   22.5000  -45.0000 2488.0903   12.8394
    7.5000   22.5000  -45.0000 2456.1836   13.1011
   -7.5000   30.0000  -45.0000 2462.8809   13.1566
    0.0000   30.0000  -45.0000 2457.4775   13.1784
    7.5000   30.0000  -45.0000 2428.1760   13.4360
   -7.5000   37.5000  -45.0000 2414.5129   13.7459
    0.0000   37.5000  -45.0000 2414.4626   13.7649
    7.5000   37.5000  -45.0000 2376.6614   14.0099
   -7.5000   45.0000  -45.0000 2348.3701   14.4979
    0.0000   45.0000  -45.0000 2348.8933   14.5156
    7.5000   45.0000  -45.0000 2313.0408   14.8087
   -7.5000  -45.0000  -37.5000 2426.2537   13.1180
    0.0000  -45.0000  -37.5000 2423.3962   13.1422
    7.5000  -45.0000  -37.5000 2401.9941   13.3264
   -7.5000  -37.5000  -37.5000 2454.1377   12.7834
    0.0000  -37.5000  -37.5000 2452.3701   12.8235
    7.5000  -37.5000  -37.5000 2433.3853   13.0124
   -7.5000  -30.0000  -37.5000 2481.0427   12.4938
    0.0000  -30.0000  -37.5000 2480.3774   12.5409
    7.5000  -30.0000  -37.5000 2461.7410   12.7170
   -7.5000  -22.5000  -37.5000 2514.6821   12.2610
    0.0000  -22.5000  -37.5000 2509.2798   12.2959
    7.5000  -22.5000  -37.5000 2490.4021   12.4821
   -7.5000  -15.0000  -37.5000 2544.3582   12.0557
    0.0000  -15.0000  -37.5000 2540.5867   12.0800
    7.5000  -15.0000  -37.5000 2517.2585   12.2610
   -7.5000   -7.5000  -37.5000 2565.3589   11.8829
    0.0000   -7.5000  -37.5000 2565.5205   11.8885
    7.5000   -7.5000  -37.5000 2541.1089   12.0812
   -7.5000    0.0000  -37.5000 2583.2031   11.7524
    0.0000    0.0000  -37.5000 2585.9604   11.7729
    7.5000    0.0000  -37.5000 2557.7039   11.9798
   -7.5000    7.5000  -37.5000 2593.8103   11.7269
    0.0000    7.5000  -37.5000 2593.9419   11.7426
    7.5000    7.5000  -37.5000 2567.1409   11.9585
   -7.5000   15.0000  -37.5000 2593.4053   11.7591
    0.0000   15.0000  -37.5000 2591.4966   11.7880
    7.5000   15.0000  -37.5000 2560.8528   12.0037
   -7.5000   22.5000  -37.5000 2586.5798   11.9458
    0.0000   22.5000  -37.5000 2582.5696   11.9582
    7.5000   22.5000  -37.5000 2550.2402   12.1796
   -7.5000   30.0000  -37.5000 2559.9829   12.2289
    0.0000   30.0000  -37.5000 2557.5579   12.2703
    7.5000   30.0000  -37.5000 2524.0178   12.4797
   -7.5000   37.5000  -37.5000 2512.6538   12.7313
    0.0000   37.5000  -37.5000 2513.9629   12.7533
    7.5000   37.5000  -37.5000 2478.9019   12.9909
   -7.5000   45.0000  -37.5000 2442.9092   13.3760
    0.0000   45.0000  -37.5000 2444.0193   13.3976
    7.5000   45.0000  -37.5000 2410.2505   13.6820
   -7.5000  -45.0000  -30.0000 2550.2539   12.6644
    0.0000  -45.0000  -30.0000 2550.8145   12.6665
    7.5000  -45.0000  -30.0000 2530.2751   12.8377
   -7.5000  -37.5000  -30.0000 2577.9014   12.3816
    0.0000  -37.5000  -30.0000 2579.8540   12.3892
    7.5000  -37.5000  -30.0000 2559.6912   12.5599
   -7.5000  -30.0000  -30.0000 2612.3086   12.0868
    0.0000  -30.0000  -30.0000 2614.4309   12.1129
    7.5000  -30.0000  -30.0000 2592.2085   12.2914
   -7.5000  -22.5000  -30.0000 2652.2747   11.8179
    0.0000  -22.5000  -30.0000 2648.1353   11.8487
    7.5000  -22.5000  -30.0000 2626.6375   12.0448
   -7.5000  -15.0000  -30.0000 2678.5168   11.5751
    0.0000  -15.0000  -30.0000 2675.5935   11.5948
    7.5000  -15.0000  -30.0000 2657.4739   11.8020
   -7.5000   -7.5000  -30.0000 2706.7927   11.4136
    0.0000   -7.5000  -30.0000 2709.7136   11.4210
    7.5000   -7.5000  -30.0000 2682.2627   11.6190
   -7.5000    0.0000  -30.0000 2724.7695   11.3458
    0.0000    0.0000  -30.0000 2728.4067   11.3277
    7.5000    0.0000  -30.0000 2696.6736   11.5271
   -7.5000    7.5000  -30.0000 2732.2771   11.3058
    0.0000    7.5000  -30.0000 2734.5295   11.2851
    7.5000    7.5000  -30.0000 2703.6824   11.4980
   -7.5000   15.0000  -30.0000 2733.3992   11.3463
    0.0000   15.0000  -30.0000 2732.1370   11.3393
    7.5000   15.0000  -30.0000 2701.4456   11.5323
   -7.5000   22.5000  -30.0000 2727.1411   11.4928
    0.0000   22.5000  -30.0000 2726.4131   11.5055
    7.5000   22.5000  -30.0000 2693.3198   11.6935
   -7.5000   30.0000  -30.0000 2702.2446   11.7726
    0.0000   30.0000  -30.0000 2705.1738   11.8026
    7.5000   30.0000  -30.0000 2668.3896   11.9999
   -7.5000   37.5000  -30.0000 2658.8289   12.2524
    0.0000   37.5000  -30.0000 2660.1951   12.2504
    7.5000   37.5000  -30.0000 2627.4631   12.4891
   -7.5000   45.0000  -30.0000 2583.0281   12.8461
    0.0000   45.0000  -30.0000 2585.4883   12.8514
    7.5000   45.0000  -30.0000 2556.4021   13.1317
   -7.5000  -45.0000  -22.5000 2657.8752   12.0905
    0.0000  -45.0000  -22.5000 2658.1731   12.0954
    7.5000  -45.0000  -22.5000 2635.9653   12.2683
   -7.5000  -37.5000  -22.5000 2682.5203   11.8305
    0.0000  -37.5000  -22.5000 2682.1133   11.8492
    7.5000  -37.5000  -22.5000 2660.5342   12.0244
   -7.5000  -30.0000  -22.5000 2715.4810   11.5415
    0.0000  -30.0000  -22.5000 2716.6699   11.5615
    7.5000  -30.0000  -22.5000 2694.0745   11.7786
   -7.5000  -22.5000  -22.5000 2752.4658   11.2804
    0.0000  -22.5000  -22.5000 2752.0063   11.2903
    7.5000  -22.5000  -22.5000 2731.1812   11.5136
   -7.5000  -15.0000  -22.5000 2780.9412   11.0462
    0.0000  -15.0000  -22.5000 2780.3928   11.0628
    7.5000  -15.0000  -22.5000 2760.6201   11.2735
   -7.5000   -7.5000  -22.5000 2803.0806   10.8916
    0.0000   -7.5000  -22.5000 2806.0259   10.8915
    7.5000   -7.5000  -22.5000 2779.5266   11.0911
   -7.5000    0.0000  -22.5000 2825.1521   10.8141
    0.0000    0.0000  -22.5000 2826.4004   10.8090
    7.5000    0.0000  -22.5000 2794.6509   11.0137
   -7.5000    7.5000  -22.5000 2840.5186   10.7923
    0.0000    7.5000  -22.5000 2840.3982   10.7679
    7.5000    7.5000  -22.5000 2803.2178   10.9858
   -7.5000   15.0000  -22.5000 2843.2310   10.7910
    0.0000   15.0000  -22.5000 2842.8821   10.7916
    7.5000   15.0000  -22.5000 2802.0154   11.0246
   -7.5000   22.5000  -22.5000 2839.4097   10.9307
    0.0000   22.5000  -22.5000 2840.9739   10.9366
    7.5000   22.5000  -22.5000 2801.2605   11.1719
   -7.5000   30.0000  -22.5000 2815.0159   11.2200
    0.0000   30.0000  -22.5000 2821.0637   11.2326
    7.5000   30.0000  -22.5000 2784.6135   11.4563
   -7.5000   37.5000  -22.5000 2769.3879   11.6752
    0.0000   37.5000  -22.5000 2775.7068   11.6577
    7.5000   37.5000  -22.5000 2743.3691   11.9158
   -7.5000   45.0000  -22.5000 2690.7805   12.2759
    0.0000   45.0000  -22.5000 2698.4250   12.2566
    7.5000   45.0000  -22.5000 2670.9980   12.5502
   -7.5000  -45.0000  -15.0000 2722.6436   11.5456
    0.0000  -45.0000  -15.0000 2730.5769   11.5449
    7.5000  -45.0000  -15.0000 2707.8447   11.7141
   -7.5000  -37.5000  -15.0000 2750.5071   11.3081
    0.0000  -37.5000  -15.0000 2755.6206   11.3088
    7.5000  -37.5000  -15.0000 2729.3796   11.5012
   -7.5000  -30.0000  -15.0000 2786.9285   11.0413
    0.0000  -30.0000  -15.0000 2790.7031   11.0451
    7.5000  -30.0000  -15.0000 2762.1311   11.2696
   -7.5000  -22.5000  -15.0000 2819.5068   10.7822
    0.0000  -22.5000  -15.0000 2824.0735   10.7789
    7.5000  -22.5000  -15.0000 2793.8105   10.9999
   -7.5000  -15.0000  -15.0000 2843.1099   10.5395
    0.0000  -15.0000  -15.0000 2844.8608   10.5318
    7.5000  -15.0000  -15.0000 2815.2959   10.7612
   -7.5000   -7.5000  -15.0000 2862.3743   10.3724
    0.0000   -7.5000  -15.0000 2861.4480   10.3665
    7.5000   -7.5000  -15.0000 2831.4434   10.5834
   -7.5000    0.0000  -15.0000 2882.6042   10.3157
    0.0000    0.0000  -15.0000 2882.8076   10.3117
    7.5000    0.0000  -15.0000 2854.8125   10.5136
   -7.5000    7.5000  -15.0000 2901.5359   10.2981
    0.0000    7.5000  -15.0000 2904.0439   10.2862
    7.5000    7.5000  -15.0000 2868.9155   10.4843
   -7.5000   15.0000  -15.0000 2911.3970   10.2635
    0.0000   15.0000  -15.0000 2915.3298   10.2694
    7.5000   15.0000  -15.0000 2871.8879   10.5219
   -7.5000   22.5000  -15.0000 2910.4868   10.3733
    0.0000   22.5000  -15.0000 2913.4248   10.3778
    7.5000   22.5000  -15.0000 2872.6599   10.6723
   -7.5000   30.0000  -15.0000 2889.4695   10.6978
    0.0000   30.0000  -15.0000 2900.8870   10.6988
    7.5000   30.0000  -15.0000 2861.3933   10.9665
   -7.5000   37.5000  -15.0000 2847.0146   11.1389
    0.0000   37.5000  -15.0000 2858.8833   11.1399
    7.5000   37.5000  -15.0000 2818.0129   11.3903
   -7.5000   45.0000  -15.0000 2766.5454   11.7156
    0.0000   45.0000  -15.0000 2777.3259   11.7257
    7.5000   45.0000  -15.0000 2745.3020   11.9698
   -7.5000  -45.0000   -7.5000 2779.6011   11.0566
    0.0000  -45.0000   -7.5000 2780.2205   11.0270
    7.5000  -45.0000   -7.5000 2757.3381   11.1964
   -7.5000  -37.5000   -7.5000 2799.6133   10.8471
    0.0000  -37.5000   -7.5000 2802.9253   10.8107
    7.5000  -37.5000   -7.5000 2773.5027   11.0150
   -7.5000  -30.0000   -7.5000 2827.3284   10.6066
    0.0000  -30.0000   -7.5000 2832.7600   10.5663
    7.5000  -30.0000   -7.5000 2801.0691   10.7826
   -7.5000  -22.5000   -7.5000 2858.3113   10.3518
    0.0000  -22.5000   -7.5000 2862.7793   10.3170
    7.5000  -22.5000   -7.5000 2829.0481   10.5358
   -7.5000  -15.0000   -7.5000 2879.4915   10.0974
    0.0000  -15.0000   -7.5000 2879.3723   10.0682
    7.5000  -15.0000   -7.5000 2849.1951   10.2992
   -7.5000   -7.5000   -7.5000 2894.5808    9.9391
    0.0000   -7.5000   -7.5000 2896.5701    9.9099
    7.5000   -7.5000   -7.5000 2869.6609   10.1513
   -7.5000    0.0000   -7.5000 2916.0767    9.8745
    0.0000    0.0000   -7.5000 2916.8716    9.8652
    7.5000    0.0000   -7.5000 2890.4312   10.0948
   -7.5000    7.5000   -7.5000 2934.3850    9.8905
    0.0000    7.5000   -7.5000 2939.5073    9.8743
    7.5000    7.5000   -7.5000 2908.8257   10.0750
   -7.5000   15.0000   -7.5000 2946.9075    9.9170
    0.0000   15.0000   -7.5000 2960.4436    9.9060
    7.5000   15.0000   -7.5000 2921.0085   10.1316
   -7.5000   22.5000   -7.5000 2954.5288    9.9783
    0.0000   22.5000   -7.5000 2961.4312    9.9989
    7.5000   22.5000   -7.5000 2923.7314   10.2738
   -7.5000   30.0000   -7.5000 2940.6462   10.3017
    0.0000   30.0000   -7.5000 2951.1392   10.3112
    7.5000   30.0000   -7.5000 2909.0051   10.5438
   -7.5000   37.5000   -7.5000 2900.0159   10.7378
    0.0000   37.5000   -7.5000 2913.9519   10.7324
    7.5000   37.5000   -7.5000 2870.4153   10.9220
   -7.5000   45.0000   -7.5000 2825.6895   11.2976
    0.0000   45.0000   -7.5000 2836.0630   11.2953
    7.5000   45.0000   -7.5000 2799.5413   11.4795
   -7.5000  -45.0000    0.0000 2814.6577   10.6650
    0.0000  -45.0000    0.0000 2817.0801   10.6266
    7.5000  -45.0000    0.0000 2793.4387   10.7848
   -7.5000  -37.5000    0.0000 2828.2483   10.4845
    0.0000  -37.5000    0.0000 2829.7964   10.4455
    7.5000  -37.5000    0.0000 2804.0576   10.6314
   -7.5000  -30.0000    0.0000 2849.8623   10.2553
    0.0000  -30.0000    0.0000 2852.9502   10.2319
    7.5000  -30.0000    0.0000 2824.0090   10.4356
   -7.5000  -22.5000    0.0000 2876.5864   10.0123
    0.0000  -22.5000    0.0000 2878.7908    9.9855
    7.5000  -22.5000    0.0000 2850.5371   10.2065
   -7.5000  -15.0000    0.0000 2889.2471    9.7761
    0.0000  -15.0000    0.0000 2892.5168    9.7551
    7.5000  -15.0000    0.0000 2869.7993    9.9920
   -7.5000   -7.5000    0.0000 2906.5408    9.6426
    0.0000   -7.5000    0.0000 2909.1189    9.6270
    7.5000   -7.5000    0.0000 2892.3335    9.8737
   -7.5000    0.0000    0.0000 2924.2715    9.6151
    0.0000    0.0000    0.0000 2931.1821    9.5960
    7.5000    0.0000    0.0000 2912.8662    9.8405
   -7.5000    7.5000    0.0000 2945.7217    9.6767
    0.0000    7.5000    0.0000 2955.8162    9.6500
    7.5000    7.5000    0.0000 2933.9299    9.8434
   -7.5000   15.0000    0.0000 2972.9792    9.8295
    0.0000   15.0000    0.0000 2985.2798    9.7776
    7.5000   15.0000    0.0000 2954.6848    9.9062
   -7.5000   22.5000    0.0000 2991.2849    9.9155
    0.0000   22.5000    0.0000 3004.7634    9.8720
    7.5000   22.5000    0.0000 2959.8594   10.0169
   -7.5000   30.0000    0.0000 2980.8552   10.1358
    0.0000   30.0000    0.0000 2992.8008   10.0973
    7.5000   30.0000    0.0000 2946.7124   10.2608
   -7.5000   37.5000    0.0000 2932.5505   10.5247
    0.0000   37.5000    0.0000 2946.3755   10.4760
    7.5000   37.5000    0.0000 2906.2644   10.6388
   -7.5000   45.0000    0.0000 2854.4133   11.0854
    0.0000   45.0000    0.0000 2869.2432   11.0518
    7.5000   45.0000    0.0000 2832.3350   11.2180
   -7.5000  -45.0000    7.5000 2843.1609   10.3356
    0.0000  -45.0000    7.5000 2850.8218   10.3216
    7.5000  -45.0000    7.5000 2826.9917   10.4953
   -7.5000  -37.5000    7.5000 2850.4795   10.1492
    0.0000  -37.5000    7.5000 2857.2285   10.1534
    7.5000  -37.5000    7.5000 2833.7200   10.3567
   -7.5000  -30.0000    7.5000 2863.3123    9.9360
    0.0000  -30.0000    7.5000 2872.1204    9.9617
    7.5000  -30.0000    7.5000 2847.0020   10.1905
   -7.5000  -22.5000    7.5000 2873.9739    9.7373
    0.0000  -22.5000    7.5000 2884.1406    9.7405
    7.5000  -22.5000    7.5000 2862.6565    9.9854
   -7.5000  -15.0000    7.5000 2880.7422    9.6028
    0.0000  -15.0000    7.5000 2887.6428    9.5924
    7.5000  -15.0000    7.5000 2877.3833    9.8301
   -7.5000   -7.5000    7.5000 2900.3572    9.5719
    0.0000   -7.5000    7.5000 2904.7957    9.5536
    7.5000   -7.5000    7.5000 2899.0569    9.7707
   -7.5000    0.0000    7.5000 2927.5073    9.5914
    0.0000    0.0000    7.5000 2932.2256    9.5642
    7.5000    0.0000    7.5000 2918.8293    9.7583
   -7.5000    7.5000    7.5000 2953.0923    9.6316
    0.0000    7.5000    7.5000 2961.8071    9.5870
    7.5000    7.5000    7.5000 2938.4556    9.7681
   -7.5000   15.0000    7.5000 2983.1436    9.7741
    0.0000   15.0000    7.5000 2994.9224    9.7245
    7.5000   15.0000    7.5000 2964.3811    9.8553
   -7.5000   22.5000    7.5000 3003.6294    9.9025
    0.0000   22.5000    7.5000 3020.6572    9.8437
    7.5000   22.5000    7.5000 2974.7166    9.9592
   -7.5000   30.0000    7.5000 2992.8005   10.1135
    0.0000   30.0000    7.5000 3010.3398   10.0315
    7.5000   30.0000    7.5000 2960.6140   10.1744
   -7.5000   37.5000    7.5000 2935.9746   10.4765
    0.0000   37.5000    7.5000 2954.9468   10.3974
    7.5000   37.5000    7.5000 2914.4609   10.5702
   -7.5000   45.0000    7.5000 2859.4683   11.0478
    0.0000   45.0000    7.5000 2880.0559   10.9899
    7.5000   45.0000    7.5000 2843.4351   11.1940
   -7.5000  -45.0000   15.0000 2854.1035   10.0779
    0.0000  -45.0000   15.0000 2873.0156   10.0730
    7.5000  -45.0000   15.0000 2847.8279   10.2798
   -7.5000  -37.5000   15.0000 2860.1997    9.9344
    0.0000  -37.5000   15.0000 2873.5735    9.9376
    7.5000  -37.5000   15.0000 2851.2424   10.1687
   -7.5000  -30.0000   15.0000 2865.7134    9.8099
    0.0000  -30.0000   15.0000 2882.2700    9.8104
    7.5000  -30.0000   15.0000 2860.8613   10.0506
   -7.5000  -22.5000   15.0000 2868.4883    9.6798
    0.0000  -22.5000   15.0000 2878.7830    9.6728
    7.5000  -22.5000   15.0000 2864.9189    9.9202
   -7.5000  -15.0000   15.0000 2875.0947    9.6542
    0.0000  -15.0000   15.0000 2882.4695    9.6247
    7.5000  -15.0000   15.0000 2874.7595    9.8481
   -7.5000   -7.5000   15.0000 2889.5652    9.6319
    0.0000   -7.5000   15.0000 2897.9683    9.5954
    7.5000   -7.5000   15.0000 2889.4653    9.7950
   -7.5000    0.0000   15.0000 2914.1060    9.6377
    0.0000    0.0000   15.0000 2919.8093    9.5821
    7.5000    0.0000   15.0000 2906.1277    9.7816
   -7.5000    7.5000   15.0000 2950.7480    9.6793
    0.0000    7.5000   15.0000 2959.8767    9.6027
    7.5000    7.5000   15.0000 2935.0833    9.8130
   -7.5000   15.0000   15.0000 2981.7053    9.8090
    0.0000   15.0000   15.0000 2992.8584    9.7577
    7.5000   15.0000   15.0000 2963.5613    9.9159
   -7.5000   22.5000   15.0000 2995.9902    9.9053
    0.0000   22.5000   15.0000 3012.9768    9.8415
    7.5000   22.5000   15.0000 2972.0076   10.0167
   -7.5000   30.0000   15.0000 2980.1702   10.1391
    0.0000   30.0000   15.0000 2998.1370   10.0098
    7.5000   30.0000   15.0000 2957.0610   10.2646
   -7.5000   37.5000   15.0000 2923.8442   10.6207
    0.0000   37.5000   15.0000 2943.5996   10.4863
    7.5000   37.5000   15.0000 2911.3821   10.7307
   -7.5000   45.0000   15.0000 2843.6973   11.2634
    0.0000   45.0000   15.0000 2863.4587   11.1712
    7.5000   45.0000   15.0000 2832.0186   11.3910
   -7.5000  -45.0000   22.5000 2853.4126   10.0356
    0.0000  -45.0000   22.5000 2868.6272    9.9818
    7.5000  -45.0000   22.5000 2849.8359   10.1866
   -7.5000  -37.5000   22.5000 2863.9041    9.9784
    0.0000  -37.5000   22.5000 2873.5547    9.9442
    7.5000  -37.5000   22.5000 2852.1206   10.1305
   -7.5000  -30.0000   22.5000 2873.5176    9.9431
    0.0000  -30.0000   22.5000 2882.2644    9.9112
    7.5000  -30.0000   22.5000 2858.6069   10.0977
   -7.5000  -22.5000   22.5000 2874.5466    9.9021
    0.0000  -22.5000   22.5000 2874.7622    9.8606
    7.5000  -22.5000   22.5000 2861.3110   10.0491
   -7.5000  -15.0000   22.5000 2872.0620    9.8415
    0.0000  -15.0000   22.5000 2877.0896    9.7921
    7.5000  -15.0000   22.5000 2862.1165    9.9745
   -7.5000   -7.5000   22.5000 2880.5015    9.8092
    0.0000   -7.5000   22.5000 2888.4490    9.7558
    7.5000   -7.5000   22.5000 2874.1167    9.9325
   -7.5000    0.0000   22.5000 2896.4919    9.7988
    0.0000    0.0000   22.5000 2902.9519    9.7248
    7.5000    0.0000   22.5000 2884.8179    9.9212
   -7.5000    7.5000   22.5000 2932.9412    9.8699
    0.0000    7.5000   22.5000 2939.7937    9.7762
    7.5000    7.5000   22.5000 2915.8413    9.9786
   -7.5000   15.0000   22.5000 2957.9814   10.0161
    0.0000   15.0000   22.5000 2971.6436    9.9498
    7.5000   15.0000   22.5000 2941.6001   10.1025
   -7.5000   22.5000   22.5000 2967.1919   10.1486
    0.0000   22.5000   22.5000 2980.3755   10.0337
    7.5000   22.5000   22.5000 2947.4744   10.2498
   -7.5000   30.0000   22.5000 2950.6377   10.4391
    0.0000   30.0000   22.5000 2958.9089   10.2635
    7.5000   30.0000   22.5000 2932.4209   10.5454
   -7.5000   37.5000   22.5000 2893.9526   10.9368
    0.0000   37.5000   22.5000 2909.1155   10.8037
    7.5000   37.5000   22.5000 2884.1624   11.0309
   -7.5000   45.0000   22.5000 2814.0347   11.5880
    0.0000   45.0000   22.5000 2828.5696   11.4854
    7.5000   45.0000   22.5000 2802.9597   11.6952
   -7.5000  -45.0000   30.0000 2843.4280   10.2548
    0.0000  -45.0000   30.0000 2851.0535   10.1261
    7.5000  -45.0000   30.0000 2834.7073   10.3094
   -7.5000  -37.5000   30.0000 2856.4771   10.2587
    0.0000  -37.5000   30.0000 2860.5510   10.1436
    7.5000  -37.5000   30.0000 2839.6497   10.3120
   -7.5000  -30.0000   30.0000 2864.0364   10.2644
    0.0000  -30.0000   30.0000 2874.6240   10.1684
    7.5000  -30.0000   30.0000 2848.5608   10.3262
   -7.5000  -22.5000   30.0000 2859.9534   10.1874
    0.0000  -22.5000   30.0000 2869.8828   10.1055
    7.5000  -22.5000   30.0000 2850.8555   10.2711
   -7.5000  -15.0000   30.0000 2857.3938   10.1190
    0.0000  -15.0000   30.0000 2865.4177   10.0401
    7.5000  -15.0000   30.0000 2849.7021   10.2191
   -7.5000   -7.5000   30.0000 2860.5977   10.0907
    0.0000   -7.5000   30.0000 2871.4490    9.9950
    7.5000   -7.5000   30.0000 2853.2424   10.1872
   -7.5000    0.0000   30.0000 2868.3992   10.1132
    0.0000    0.0000   30.0000 2882.2515   10.0077
    7.5000    0.0000   30.0000 2861.1628   10.2046
   -7.5000    7.5000   30.0000 2894.6877   10.1958
    0.0000    7.5000   30.0000 2903.1077   10.0994
    7.5000    7.5000   30.0000 2883.5244   10.2886
   -7.5000   15.0000   30.0000 2914.4817   10.3568
    0.0000   15.0000   30.0000 2925.9038   10.2639
    7.5000   15.0000   30.0000 2904.1616   10.4413
   -7.5000   22.5000   30.0000 2913.8655   10.5493
    0.0000   22.5000   30.0000 2927.9751   10.3744
    7.5000   22.5000   30.0000 2900.7251   10.6375
   -7.5000   30.0000   30.0000 2891.8450   10.9074
    0.0000   30.0000   30.0000 2899.7124   10.7471
    7.5000   30.0000   30.0000 2879.0620   10.9873
   -7.5000   37.5000   30.0000 2838.9480   11.4377
    0.0000   37.5000   30.0000 2851.0583   11.3094
    7.5000   37.5000   30.0000 2827.4248   11.5022
   -7.5000   45.0000   30.0000 2758.6060   12.0657
    0.0000   45.0000   30.0000 2772.0542   11.9667
    7.5000   45.0000   30.0000 2745.4653   12.1600
   -7.5000  -45.0000   37.5000 2820.4009   10.6600
    0.0000  -45.0000   37.5000 2830.3779   10.4503
    7.5000  -45.0000   37.5000 2814.1091   10.6336
   -7.5000  -37.5000   37.5000 2829.0386   10.6386
    0.0000  -37.5000   37.5000 2836.8376   10.4423
    7.5000  -37.5000   37.5000 2817.6169   10.6355
   -7.5000  -30.0000   37.5000 2833.2136   10.6280
    0.0000  -30.0000   37.5000 2845.0620   10.4703
    7.5000  -30.0000   37.5000 2823.8132   10.6556
   -7.5000  -22.5000   37.5000 2831.8215   10.5576
    0.0000  -22.5000   37.5000 2843.8237   10.4269
    7.5000  -22.5000   37.5000 2826.7009   10.6129
   -7.5000  -15.0000   37.5000 2829.4812   10.4768
    0.0000  -15.0000   37.5000 2841.0500   10.3544
    7.5000  -15.0000   37.5000 2825.8638   10.5638
   -7.5000   -7.5000   37.5000 2831.2351   10.4581
    0.0000   -7.5000   37.5000 2842.8210   10.3329
    7.5000   -7.5000   37.5000 2829.9172   10.5505
   -7.5000    0.0000   37.5000 2838.3650   10.5078
    0.0000    0.0000   37.5000 2852.5801   10.3970
    7.5000    0.0000   37.5000 2832.2422   10.6003
   -7.5000    7.5000   37.5000 2854.6292   10.6265
    0.0000    7.5000   37.5000 2867.0615   10.5253
    7.5000    7.5000   37.5000 2847.1428   10.7245
   -7.5000   15.0000   37.5000 2856.4502   10.8267
    0.0000   15.0000   37.5000 2876.9556   10.6865
    7.5000   15.0000   37.5000 2853.0842   10.9019
   -7.5000   22.5000   37.5000 2848.2751   11.0684
    0.0000   22.5000   37.5000 2862.3933   10.9169
    7.5000   22.5000   37.5000 2836.6704   11.1494
   -7.5000   30.0000   37.5000 2818.2529   11.4747
    0.0000   30.0000   37.5000 2828.3765   11.3372
    7.5000   30.0000   37.5000 2806.5667   11.5397
   -7.5000   37.5000   37.5000 2765.6360   12.0357
    0.0000   37.5000   37.5000 2776.9275   11.9164
    7.5000   37.5000   37.5000 2757.9028   12.0875
   -7.5000   45.0000   37.5000 2687.5229   12.6840
    0.0000   45.0000   37.5000 2701.2607   12.5709
    7.5000   45.0000   37.5000 2680.5566   12.7659
   -7.5000  -45.0000   45.0000 2780.2964   11.1154
    0.0000  -45.0000   45.0000 2788.6343   10.8642
    7.5000  -45.0000   45.0000 2776.2710   11.0542
   -7.5000  -37.5000   45.0000 2784.8833   11.0634
    0.0000  -37.5000   45.0000 2790.1108   10.8328
    7.5000  -37.5000   45.0000 2779.9734   11.0374
   -7.5000  -30.0000   45.0000 2788.4500   11.0286
    0.0000  -30.0000   45.0000 2792.1003   10.8101
    7.5000  -30.0000   45.0000 2780.0764   11.0405
   -7.5000  -22.5000   45.0000 2787.4094   10.9901
    0.0000  -22.5000   45.0000 2797.0063   10.7991
    7.5000  -22.5000   45.0000 2780.3896   11.0198
   -7.5000  -15.0000   45.0000 2785.9375   10.9238
    0.0000  -15.0000   45.0000 2798.1733   10.7650
    7.5000  -15.0000   45.0000 2783.0908   10.9872
   -7.5000   -7.5000   45.0000 2788.8723   10.9151
    0.0000   -7.5000   45.0000 2802.7710   10.7706
    7.5000   -7.5000   45.0000 2784.5388   10.9979
   -7.5000    0.0000   45.0000 2791.1013   10.9750
    0.0000    0.0000   45.0000 2804.8691   10.8493
    7.5000    0.0000   45.0000 2788.9585   11.0900
   -7.5000    7.5000   45.0000 2793.2322   11.1261
    0.0000    7.5000   45.0000 2812.4180   11.0265
    7.5000    7.5000   45.0000 2795.2788   11.2549
   -7.5000   15.0000   45.0000 2787.5903   11.3566
    0.0000   15.0000   45.0000 2814.7834   11.2250
    7.5000   15.0000   45.0000 2788.5378   11.4528
   -7.5000   22.5000   45.0000 2769.2114   11.6601
    0.0000   22.5000   45.0000 2785.2788   11.5699
    7.5000   22.5000   45.0000 2762.0381   11.7535
   -7.5000   30.0000   45.0000 2730.7842   12.1404
    0.0000   30.0000   45.0000 2746.2773   12.0309
    7.5000   30.0000   45.0000 2727.5842   12.1975
   -7.5000   37.5000   45.0000 2676.8918   12.7459
    0.0000   37.5000   45.0000 2690.5459   12.6373
    7.5000   37.5000   45.0000 2675.7773   12.7945
   -7.5000   45.0000   45.0000 2605.1157   13.3913
    0.0000   45.0000   45.0000 2623.2073   13.3173
    7.5000   45.0000   45.0000 2605.9443   13.4884

---------------------------------------------------------------------
imgreg_4dfp /opt/freesurfer/average/711-2C_as_mni_average_305 /opt/freesurfer/average/711-2B_as_mni_average_305_mask talsrcimg_g11 none talsrcimg_to_711-2C_as_mni_average_305_t4 1283
---------------------------------------------------------------------

freesurfer imgreg_4dfp.c
/opt/freesurfer/average/711-2C_as_mni_average_305.4dfp.img
       256       256       256         1
  1.000000  1.000000  1.000000
orientation T byte_order littleendian
Reading image: /opt/freesurfer/average/711-2C_as_mni_average_305.4dfp.img
dimensions:      256       256       256
mmppix:       1.0000   -1.0000   -1.0000
center:     128.0000 -129.0000 -129.0000
/opt/freesurfer/average/711-2B_as_mni_average_305_mask.4dfp.img
       256       256       256         1
  1.000000  1.000000  1.000000
orientation T byte_order littleendian
Reading mask: /opt/freesurfer/average/711-2B_as_mni_average_305_mask.4dfp.img (2306576 pixels)
talsrcimg_g11.4dfp.img
       256       256       256         1
  1.000000  1.000000  1.000000
orientation T byte_order littleendian
Reading image: talsrcimg_g11.4dfp.img
dimensions:      256       256       256
mmppix:       1.0000   -1.0000   -1.0000
center:     128.0000 -129.0000 -129.0000
rotation matrix determinant  1.000000
fimgreg.f
image alignment mode   1283 decimal      503 hex
parameters
    0.0000   22.5000    7.5000    0.0000    0.0000    0.0000
eta,q 0.94802  9.87580
niter,ni,del,rscale     5    3   12.0000    1.2000
parameter  1  0.692583 ->  0.500000 qaram    1.1500
parameter  3 -0.607520 -> -0.500000 qaram    1.1500
parameter  4  2.021953 ->  0.500000 qaram    1.1500
parameters
   -3.4500   24.5312   10.9500   -3.4500   -1.5508    0.5833
eta,q 0.95595  9.73801
  0.0529  0.0593  0.0559  0.0433  0.0489  0.0489
  0.0509  0.0559  0.0536  0.0445  0.0448  0.0463
  0.0515  0.0525  0.0523  0.0470  0.0439  0.0446
  0.0539  0.0506  0.0508  0.0495  0.0452  0.0440
  0.0584  0.0508  0.0495  0.0521  0.0478  0.0444
  0.0629  0.0515  0.0494  0.0558  0.0504  0.0454
  0.0665  0.0524  0.0504  0.0595  0.0536  0.0472
niter,ni,del,rscale     7    3   12.0000    1.2000
parameter  4  0.923308 ->  0.500000 qaram    1.3225
parameters
   -1.6546   25.0165    9.1792   -7.4175   -2.7107    0.1484
eta,q 0.96018  9.74084
  0.0683  0.0536  0.0473  0.0400  0.0441  0.0436
  0.0600  0.0488  0.0447  0.0401  0.0414  0.0411
  0.0491  0.0452  0.0433  0.0406  0.0400  0.0400
  0.0441  0.0439  0.0440  0.0432  0.0402  0.0399
  0.0443  0.0452  0.0464  0.0476  0.0421  0.0407
  0.0478  0.0476  0.0492  0.0517  0.0446  0.0421
  0.0525  0.0504  0.0529  0.0559  0.0486  0.0447
niter,ni,del,rscale     7    3   12.0000    1.2000
parameters
   -0.9672   25.5267    8.0284  -11.2403   -3.6487   -0.0222
eta,q 0.96112  9.80254
  0.0598  0.0504  0.0452  0.0397  0.0426  0.0439
  0.0502  0.0449  0.0419  0.0393  0.0407  0.0415
  0.0419  0.0412  0.0395  0.0389  0.0392  0.0397
  0.0398  0.0401  0.0401  0.0395  0.0390  0.0389
  0.0417  0.0408  0.0423  0.0418  0.0403  0.0396
  0.0462  0.0438  0.0457  0.0469  0.0427  0.0418
  0.0524  0.0468  0.0492  0.0515  0.0460  0.0446
niter,ni,del,rscale     6    3   12.0000    1.2000
parameter  4  0.820993 ->  0.500000 qaram    1.5209
parameters
   -0.5716   27.2088    6.0233  -15.8029   -3.8935    0.1666
eta,q 0.96524  9.83746
  0.0561  0.0489  0.0426  0.0356  0.0398  0.0401
  0.0482  0.0445  0.0399  0.0345  0.0373  0.0378
  0.0408  0.0407  0.0381  0.0362  0.0354  0.0358
  0.0389  0.0390  0.0392  0.0381  0.0348  0.0348
  0.0406  0.0393  0.0418  0.0398  0.0358  0.0355
  0.0453  0.0402  0.0462  0.0430  0.0376  0.0373
  0.0526  0.0416  0.0506  0.0474  0.0408  0.0395
niter,ni,del,rscale     6    3   12.0000    1.2000
parameter  4  0.584161 ->  0.500000 qaram    1.7490
parameters
   -0.8723   29.5048    4.9961  -21.0499   -3.5978   -0.1883
eta,q 0.96830  9.85676
  0.0505  0.0481  0.0401  0.0329  0.0380  0.0357
  0.0428  0.0429  0.0362  0.0319  0.0347  0.0331
  0.0359  0.0379  0.0339  0.0315  0.0326  0.0318
  0.0348  0.0346  0.0335  0.0334  0.0318  0.0318
  0.0379  0.0335  0.0355  0.0369  0.0319  0.0324
  0.0448  0.0343  0.0397  0.0420  0.0334  0.0339
  0.0532  0.0369  0.0460  0.0458  0.0372  0.0366
niter,ni,del,rscale     6    3   12.0000    1.2000
parameters
   -0.9481   31.0939    2.2898  -23.1036   -3.7694   -0.1688
eta,q 0.97204  9.85404
  0.0514  0.0442  0.0329  0.0365  0.0350  0.0342
  0.0410  0.0391  0.0289  0.0325  0.0314  0.0310
  0.0329  0.0347  0.0289  0.0284  0.0288  0.0288
  0.0317  0.0317  0.0307  0.0287  0.0279  0.0280
  0.0344  0.0307  0.0340  0.0330  0.0287  0.0286
  0.0418  0.0320  0.0399  0.0390  0.0315  0.0307
  0.0517  0.0363  0.0475  0.0444  0.0363  0.0343
niter,ni,del,rscale     5    3   12.0000    1.2000
parameters
   -1.1730   30.9590    2.0301  -23.4717   -3.7035   -0.2659
eta,q 0.97211  9.84762
  0.0488  0.0396  0.0388  0.0391  0.0356  0.0339
  0.0377  0.0343  0.0320  0.0349  0.0318  0.0308
  0.0292  0.0300  0.0285  0.0306  0.0290  0.0286
  0.0280  0.0278  0.0279  0.0278  0.0279  0.0279
  0.0310  0.0292  0.0294  0.0300  0.0285  0.0286
  0.0400  0.0345  0.0335  0.0356  0.0312  0.0309
  0.0511  0.0415  0.0403  0.0414  0.0356  0.0344
niter,ni,del,rscale     4    3   12.0000    1.2000
parameters
   -1.2240   30.9422    1.9753  -23.5702   -3.6809   -0.2945
eta,q 0.97210  9.84615
  0.0497  0.0401  0.0395  0.0395  0.0356  0.0340
  0.0388  0.0345  0.0325  0.0352  0.0318  0.0309
  0.0298  0.0301  0.0288  0.0310  0.0290  0.0286
  0.0279  0.0279  0.0279  0.0279  0.0279  0.0279
  0.0304  0.0290  0.0291  0.0295  0.0286  0.0286
  0.0391  0.0341  0.0330  0.0349  0.0314  0.0308
  0.0504  0.0410  0.0396  0.0409  0.0358  0.0343
registration optimization eta report
parameter search radius
    6.9000    6.0000    6.9000   10.4940    6.0000    6.0000
100000*second partial in parameter space
       47.       35.       25.       11.       22.       17.
  0.0497  0.0401  0.0395  0.0395  0.0356  0.0340
  0.0388  0.0345  0.0325  0.0352  0.0318  0.0309
  0.0298  0.0301  0.0288  0.0310  0.0290  0.0286
  0.0279  0.0279  0.0279  0.0279  0.0279  0.0279
  0.0304  0.0290  0.0291  0.0295  0.0286  0.0286
  0.0391  0.0341  0.0330  0.0349  0.0314  0.0308
  0.0504  0.0410  0.0396  0.0409  0.0358  0.0343
   -1.2240   30.9422    1.9753  -23.5702   -3.6809   -0.2945
eta,q 0.97210  9.84615

---------------------------------------------------------------------
imgreg_4dfp /opt/freesurfer/average/711-2C_as_mni_average_305 /opt/freesurfer/average/711-2B_as_mni_average_305_mask talsrcimg_g11 none talsrcimg_to_711-2C_as_mni_average_305_t4 3335
---------------------------------------------------------------------

freesurfer imgreg_4dfp.c
/opt/freesurfer/average/711-2C_as_mni_average_305.4dfp.img
       256       256       256         1
  1.000000  1.000000  1.000000
orientation T byte_order littleendian
Reading image: /opt/freesurfer/average/711-2C_as_mni_average_305.4dfp.img
dimensions:      256       256       256
mmppix:       1.0000   -1.0000   -1.0000
center:     128.0000 -129.0000 -129.0000
/opt/freesurfer/average/711-2B_as_mni_average_305_mask.4dfp.img
       256       256       256         1
  1.000000  1.000000  1.000000
orientation T byte_order littleendian
Reading mask: /opt/freesurfer/average/711-2B_as_mni_average_305_mask.4dfp.img (2306576 pixels)
talsrcimg_g11.4dfp.img
       256       256       256         1
  1.000000  1.000000  1.000000
orientation T byte_order littleendian
Reading image: talsrcimg_g11.4dfp.img
dimensions:      256       256       256
mmppix:       1.0000   -1.0000   -1.0000
center:     128.0000 -129.0000 -129.0000
fimgreg.f
image alignment mode   3335 decimal      D07 hex
parameters
   -1.2240   30.9422    1.9753   -0.2076   -8.3309   -8.5320
   -2.0960    6.0899   -0.5130   39.9565   -6.4200  -39.9048
eta,q 0.97454  9.92004
niter,ni,del,rscale     5    3    5.0000    1.2000
parameter  4  0.733432 ->  0.500000 qaram    1.1500
parameter  5  0.975167 ->  0.500000 qaram    1.1500
parameter 12 -0.612095 -> -0.500000 qaram    1.1500
parameters
   -1.2950   31.1717    1.6001   -4.3476  -12.4709   -7.4432
   -1.2103    6.6551    0.8661   39.2728   -6.3697  -35.7648
eta,q 0.97963  9.80533
  0.0284  0.0282  0.0266  0.0242  0.0215  0.0243  0.0246  0.0262  0.0243  0.0238  0.0222  0.0246
  0.0268  0.0268  0.0258  0.0236  0.0213  0.0230  0.0230  0.0239  0.0228  0.0223  0.0215  0.0230
  0.0258  0.0259  0.0254  0.0238  0.0220  0.0220  0.0218  0.0220  0.0216  0.0213  0.0211  0.0218
  0.0255  0.0255  0.0254  0.0254  0.0235  0.0214  0.0211  0.0211  0.0210  0.0209  0.0210  0.0210
  0.0259  0.0256  0.0258  0.0277  0.0257  0.0210  0.0212  0.0213  0.0210  0.0215  0.0211  0.0205
  0.0270  0.0262  0.0265  0.0301  0.0280  0.0214  0.0220  0.0227  0.0215  0.0230  0.0215  0.0204
  0.0288  0.0274  0.0275  0.0329  0.0304  0.0233  0.0233  0.0250  0.0225  0.0253  0.0221  0.0206
niter,ni,del,rscale     7    3    5.0000    1.2000
parameters
   -1.3264   31.4488    2.0075   -4.6783  -13.7085   -7.2726
   -1.5221    6.6164    1.0882   38.9395   -6.0517  -35.2432
eta,q 0.97976  9.76182
  0.0239  0.0239  0.0226  0.0244  0.0234  0.0231  0.0228  0.0245  0.0226  0.0232  0.0214  0.0225
  0.0219  0.0222  0.0215  0.0227  0.0218  0.0217  0.0214  0.0223  0.0213  0.0217  0.0208  0.0214
  0.0207  0.0210  0.0207  0.0211  0.0205  0.0207  0.0205  0.0209  0.0205  0.0207  0.0204  0.0206
  0.0204  0.0204  0.0203  0.0203  0.0203  0.0203  0.0202  0.0202  0.0202  0.0202  0.0203  0.0203
  0.0208  0.0205  0.0203  0.0208  0.0213  0.0202  0.0207  0.0207  0.0205  0.0206  0.0204  0.0203
  0.0221  0.0212  0.0207  0.0230  0.0234  0.0210  0.0217  0.0223  0.0211  0.0219  0.0207  0.0210
  0.0241  0.0226  0.0215  0.0255  0.0262  0.0232  0.0233  0.0247  0.0223  0.0240  0.0212  0.0221
niter,ni,del,rscale     6    3    5.0000    1.2000
parameters
   -1.3421   31.5186    2.1396   -4.4808  -13.7954   -7.2182
   -1.6027    6.5468    1.1195   38.8120   -5.9149  -35.0572
eta,q 0.97980  9.76071
  0.0237  0.0232  0.0221  0.0246  0.0243  0.0229  0.0229  0.0244  0.0224  0.0233  0.0213  0.0223
  0.0217  0.0217  0.0211  0.0229  0.0225  0.0216  0.0215  0.0223  0.0212  0.0218  0.0207  0.0212
  0.0206  0.0206  0.0205  0.0213  0.0210  0.0206  0.0205  0.0208  0.0205  0.0207  0.0203  0.0205
  0.0202  0.0202  0.0202  0.0202  0.0202  0.0202  0.0202  0.0202  0.0202  0.0202  0.0202  0.0202
  0.0207  0.0205  0.0204  0.0204  0.0206  0.0202  0.0205  0.0207  0.0205  0.0205  0.0203  0.0203
  0.0219  0.0214  0.0209  0.0223  0.0223  0.0211  0.0215  0.0223  0.0212  0.0217  0.0206  0.0210
  0.0238  0.0229  0.0217  0.0247  0.0248  0.0233  0.0231  0.0247  0.0224  0.0238  0.0212  0.0222
niter,ni,del,rscale     5    3    5.0000    1.2000
parameters
   -1.3450   31.5270    2.1805   -4.4226  -13.7741   -7.2132
   -1.6116    6.5268    1.1276   38.7500   -5.8473  -34.9711
eta,q 0.97981  9.76021
  0.0238  0.0231  0.0219  0.0245  0.0244  0.0229  0.0230  0.0245  0.0224  0.0233  0.0213  0.0223
  0.0218  0.0215  0.0210  0.0228  0.0225  0.0215  0.0215  0.0223  0.0212  0.0218  0.0207  0.0212
  0.0206  0.0205  0.0204  0.0212  0.0210  0.0206  0.0205  0.0208  0.0204  0.0207  0.0203  0.0205
  0.0202  0.0202  0.0202  0.0202  0.0202  0.0202  0.0202  0.0202  0.0202  0.0202  0.0202  0.0202
  0.0206  0.0205  0.0204  0.0205  0.0206  0.0202  0.0205  0.0206  0.0205  0.0204  0.0203  0.0204
  0.0218  0.0215  0.0209  0.0224  0.0222  0.0211  0.0215  0.0222  0.0212  0.0216  0.0206  0.0211
  0.0237  0.0230  0.0218  0.0248  0.0247  0.0233  0.0230  0.0246  0.0224  0.0237  0.0212  0.0222
niter,ni,del,rscale     4    3    5.0000    1.2000
parameters
   -1.3459   31.5240    2.1974   -4.4085  -13.7494   -7.2109
   -1.6128    6.5197    1.1285   38.7188   -5.8269  -34.9304
eta,q 0.97981  9.75999
  0.0238  0.0230  0.0219  0.0245  0.0244  0.0229  0.0230  0.0245  0.0224  0.0233  0.0212  0.0222
  0.0218  0.0215  0.0210  0.0228  0.0225  0.0215  0.0215  0.0223  0.0212  0.0219  0.0206  0.0212
  0.0205  0.0205  0.0204  0.0212  0.0210  0.0206  0.0205  0.0208  0.0204  0.0207  0.0203  0.0205
  0.0202  0.0202  0.0202  0.0202  0.0202  0.0202  0.0202  0.0202  0.0202  0.0202  0.0202  0.0202
  0.0206  0.0205  0.0204  0.0205  0.0206  0.0202  0.0205  0.0206  0.0205  0.0204  0.0203  0.0204
  0.0218  0.0215  0.0209  0.0225  0.0222  0.0211  0.0215  0.0222  0.0212  0.0216  0.0206  0.0211
  0.0237  0.0231  0.0219  0.0249  0.0247  0.0233  0.0230  0.0246  0.0224  0.0237  0.0212  0.0223
registration optimization eta report
parameter search radius
    2.4000    2.4000    2.4000    8.2800    8.2800    7.2000
    7.2000    7.2000    7.2000    7.2000    7.2000    8.2800
100000*second partial in parameter space
       62.       49.       29.        6.        6.        6.
        5.        8.        4.        6.        2.        3.
  0.0238  0.0230  0.0219  0.0245  0.0244  0.0229  0.0230  0.0245  0.0224  0.0233  0.0212  0.0222
  0.0218  0.0215  0.0210  0.0228  0.0225  0.0215  0.0215  0.0223  0.0212  0.0219  0.0206  0.0212
  0.0205  0.0205  0.0204  0.0212  0.0210  0.0206  0.0205  0.0208  0.0204  0.0207  0.0203  0.0205
  0.0202  0.0202  0.0202  0.0202  0.0202  0.0202  0.0202  0.0202  0.0202  0.0202  0.0202  0.0202
  0.0206  0.0205  0.0204  0.0205  0.0206  0.0202  0.0205  0.0206  0.0205  0.0204  0.0203  0.0204
  0.0218  0.0215  0.0209  0.0225  0.0222  0.0211  0.0215  0.0222  0.0212  0.0216  0.0206  0.0211
  0.0237  0.0231  0.0219  0.0249  0.0247  0.0233  0.0230  0.0246  0.0224  0.0237  0.0212  0.0223
   -1.3459   31.5240    2.1974   -4.4085  -13.7494   -7.2109
   -1.6128    6.5197    1.1285   38.7188   -5.8269  -34.9304
eta,q 0.97981  9.75999

---------------------------------------------------------------------
imgreg_4dfp /opt/freesurfer/average/711-2C_as_mni_average_305 /opt/freesurfer/average/711-2B_as_mni_average_305_mask talsrcimg_g11 none talsrcimg_to_711-2C_as_mni_average_305_t4 2311
---------------------------------------------------------------------

freesurfer imgreg_4dfp.c
/opt/freesurfer/average/711-2C_as_mni_average_305.4dfp.img
       256       256       256         1
  1.000000  1.000000  1.000000
orientation T byte_order littleendian
Reading image: /opt/freesurfer/average/711-2C_as_mni_average_305.4dfp.img
dimensions:      256       256       256
mmppix:       1.0000   -1.0000   -1.0000
center:     128.0000 -129.0000 -129.0000
/opt/freesurfer/average/711-2B_as_mni_average_305_mask.4dfp.img
       256       256       256         1
  1.000000  1.000000  1.000000
orientation T byte_order littleendian
Reading mask: /opt/freesurfer/average/711-2B_as_mni_average_305_mask.4dfp.img (2306576 pixels)
talsrcimg_g11.4dfp.img
       256       256       256         1
  1.000000  1.000000  1.000000
orientation T byte_order littleendian
Reading image: talsrcimg_g11.4dfp.img
dimensions:      256       256       256
mmppix:       1.0000   -1.0000   -1.0000
center:     128.0000 -129.0000 -129.0000
fimgreg.f
image alignment mode   2311 decimal      907 hex
parameters
   -1.3459   31.5240    2.1974   -4.4085  -13.7494   -7.2109
   -1.6128    6.5197    1.1285   38.7188   -5.8269  -34.9304
eta,q 0.97981  9.76000
niter,ni,del,rscale     5    3    5.0000    0.8000
parameters
   -1.3653   31.5276    2.2149   -3.9926  -13.4430   -6.8153
   -1.6476    6.5307    1.0578   38.8238   -5.8683  -34.8506
eta,q 0.97992  9.79203
  0.0218  0.0215  0.0210  0.0223  0.0220  0.0214  0.0214  0.0223  0.0211  0.0218  0.0206  0.0208
  0.0209  0.0208  0.0205  0.0214  0.0211  0.0207  0.0207  0.0211  0.0205  0.0210  0.0203  0.0204
  0.0203  0.0203  0.0203  0.0206  0.0205  0.0203  0.0202  0.0204  0.0202  0.0204  0.0201  0.0202
  0.0202  0.0202  0.0202  0.0202  0.0201  0.0201  0.0201  0.0201  0.0201  0.0201  0.0201  0.0201
  0.0204  0.0203  0.0203  0.0202  0.0202  0.0201  0.0203  0.0203  0.0202  0.0202  0.0201  0.0201
  0.0209  0.0208  0.0205  0.0207  0.0207  0.0204  0.0207  0.0211  0.0206  0.0208  0.0203  0.0204
  0.0218  0.0215  0.0209  0.0219  0.0217  0.0211  0.0215  0.0223  0.0212  0.0218  0.0206  0.0208
niter,ni,del,rscale     4    3    5.0000    0.7000
parameters
   -1.3402   31.5081    2.2264   -3.9967  -13.4549   -6.7899
   -1.6351    6.5823    1.0230   38.8658   -5.8906  -34.8215
eta,q 0.97992  9.79206
  0.0214  0.0211  0.0207  0.0216  0.0214  0.0210  0.0212  0.0219  0.0209  0.0214  0.0205  0.0206
  0.0207  0.0205  0.0204  0.0209  0.0208  0.0205  0.0206  0.0209  0.0204  0.0207  0.0202  0.0204
  0.0202  0.0202  0.0202  0.0204  0.0203  0.0202  0.0202  0.0203  0.0202  0.0203  0.0201  0.0202
  0.0201  0.0201  0.0201  0.0201  0.0201  0.0201  0.0201  0.0201  0.0201  0.0201  0.0201  0.0201
  0.0202  0.0202  0.0202  0.0202  0.0202  0.0201  0.0202  0.0202  0.0202  0.0202  0.0201  0.0201
  0.0206  0.0206  0.0203  0.0208  0.0207  0.0204  0.0206  0.0208  0.0205  0.0206  0.0203  0.0203
  0.0213  0.0212  0.0207  0.0218  0.0215  0.0210  0.0211  0.0218  0.0209  0.0214  0.0205  0.0206
niter,ni,del,rscale     3    3    5.0000    0.6000
parameters
   -1.3347   31.5087    2.2290   -3.9345  -13.4418   -6.7419
   -1.6398    6.6088    1.0118   38.9015   -5.8858  -34.8072
eta,q 0.97993  9.79538
  0.0210  0.0209  0.0205  0.0213  0.0211  0.0207  0.0209  0.0214  0.0207  0.0211  0.0204  0.0205
  0.0205  0.0204  0.0203  0.0207  0.0206  0.0204  0.0204  0.0207  0.0203  0.0206  0.0202  0.0203
  0.0202  0.0202  0.0201  0.0203  0.0202  0.0202  0.0202  0.0203  0.0201  0.0202  0.0201  0.0201
  0.0201  0.0201  0.0201  0.0201  0.0201  0.0201  0.0201  0.0201  0.0201  0.0201  0.0201  0.0201
  0.0202  0.0202  0.0201  0.0201  0.0202  0.0201  0.0202  0.0202  0.0201  0.0201  0.0201  0.0201
  0.0205  0.0204  0.0203  0.0206  0.0205  0.0203  0.0204  0.0206  0.0203  0.0205  0.0202  0.0202
  0.0210  0.0209  0.0205  0.0213  0.0211  0.0207  0.0209  0.0214  0.0207  0.0211  0.0204  0.0205
niter,ni,del,rscale     2    3    5.0000    0.5000
parameters
   -1.3281   31.5114    2.2286   -3.8761  -13.4386   -6.6959
   -1.6500    6.6274    0.9927   38.9371   -5.9002  -34.7998
eta,q 0.97993  9.79850
  0.0208  0.0206  0.0204  0.0209  0.0208  0.0205  0.0206  0.0210  0.0205  0.0208  0.0203  0.0204
  0.0204  0.0203  0.0202  0.0205  0.0204  0.0203  0.0203  0.0205  0.0202  0.0204  0.0202  0.0202
  0.0201  0.0201  0.0201  0.0202  0.0202  0.0201  0.0201  0.0202  0.0201  0.0202  0.0201  0.0201
  0.0201  0.0201  0.0201  0.0201  0.0201  0.0201  0.0201  0.0201  0.0201  0.0201  0.0201  0.0201
  0.0201  0.0201  0.0201  0.0201  0.0201  0.0201  0.0201  0.0202  0.0201  0.0201  0.0201  0.0201
  0.0204  0.0203  0.0202  0.0204  0.0204  0.0202  0.0203  0.0205  0.0203  0.0203  0.0202  0.0202
  0.0207  0.0206  0.0204  0.0209  0.0208  0.0205  0.0206  0.0210  0.0205  0.0208  0.0203  0.0204
niter,ni,del,rscale     1    3    5.0000    0.4000
parameters
   -1.3250   31.5163    2.2247   -3.8166  -13.4460   -6.6600
   -1.6418    6.6422    0.9742   38.9786   -5.9100  -34.8101
eta,q 0.97994  9.80119
  0.0205  0.0204  0.0203  0.0206  0.0205  0.0203  0.0204  0.0207  0.0203  0.0205  0.0202  0.0202
  0.0203  0.0202  0.0202  0.0204  0.0203  0.0202  0.0202  0.0204  0.0202  0.0203  0.0201  0.0201
  0.0201  0.0201  0.0201  0.0202  0.0201  0.0201  0.0201  0.0201  0.0201  0.0201  0.0201  0.0201
  0.0201  0.0201  0.0201  0.0201  0.0201  0.0201  0.0201  0.0201  0.0201  0.0201  0.0201  0.0201
  0.0201  0.0201  0.0201  0.0201  0.0201  0.0201  0.0201  0.0201  0.0201  0.0201  0.0201  0.0201
  0.0203  0.0202  0.0202  0.0203  0.0203  0.0202  0.0202  0.0203  0.0202  0.0202  0.0201  0.0201
  0.0205  0.0204  0.0203  0.0206  0.0206  0.0203  0.0204  0.0207  0.0203  0.0205  0.0202  0.0203
registration optimization eta report
parameter search radius
    0.8000    0.8000    0.8000    2.4000    2.4000    2.4000
    2.4000    2.4000    2.4000    2.4000    2.4000    2.4000
100000*second partial in parameter space
       67.       55.       32.       10.        8.        5.
        6.       11.        5.        8.        2.        3.
  0.0205  0.0204  0.0203  0.0206  0.0205  0.0203  0.0204  0.0207  0.0203  0.0205  0.0202  0.0202
  0.0203  0.0202  0.0202  0.0204  0.0203  0.0202  0.0202  0.0204  0.0202  0.0203  0.0201  0.0201
  0.0201  0.0201  0.0201  0.0202  0.0201  0.0201  0.0201  0.0201  0.0201  0.0201  0.0201  0.0201
  0.0201  0.0201  0.0201  0.0201  0.0201  0.0201  0.0201  0.0201  0.0201  0.0201  0.0201  0.0201
  0.0201  0.0201  0.0201  0.0201  0.0201  0.0201  0.0201  0.0201  0.0201  0.0201  0.0201  0.0201
  0.0203  0.0202  0.0202  0.0203  0.0203  0.0202  0.0202  0.0203  0.0202  0.0202  0.0201  0.0201
  0.0205  0.0204  0.0203  0.0206  0.0206  0.0203  0.0204  0.0207  0.0203  0.0205  0.0202  0.0203
   -1.3250   31.5163    2.2247   -3.8166  -13.4460   -6.6600
   -1.6418    6.6422    0.9742   38.9786   -5.9100  -34.8101
eta,q 0.97994  9.80119

---------------------------------------------------------------------
imgreg_4dfp /opt/freesurfer/average/711-2C_as_mni_average_305 /opt/freesurfer/average/711-2B_as_mni_average_305_mask talsrcimg_g11 none talsrcimg_to_711-2C_as_mni_average_305_t4 2311
---------------------------------------------------------------------

freesurfer imgreg_4dfp.c
/opt/freesurfer/average/711-2C_as_mni_average_305.4dfp.img
       256       256       256         1
  1.000000  1.000000  1.000000
orientation T byte_order littleendian
Reading image: /opt/freesurfer/average/711-2C_as_mni_average_305.4dfp.img
dimensions:      256       256       256
mmppix:       1.0000   -1.0000   -1.0000
center:     128.0000 -129.0000 -129.0000
/opt/freesurfer/average/711-2B_as_mni_average_305_mask.4dfp.img
       256       256       256         1
  1.000000  1.000000  1.000000
orientation T byte_order littleendian
Reading mask: /opt/freesurfer/average/711-2B_as_mni_average_305_mask.4dfp.img (2306576 pixels)
talsrcimg_g11.4dfp.img
       256       256       256         1
  1.000000  1.000000  1.000000
orientation T byte_order littleendian
Reading image: talsrcimg_g11.4dfp.img
dimensions:      256       256       256
mmppix:       1.0000   -1.0000   -1.0000
center:     128.0000 -129.0000 -129.0000
fimgreg.f
image alignment mode   2311 decimal      907 hex
parameters
   -1.3250   31.5163    2.2247   -3.8166  -13.4460   -6.6600
   -1.6418    6.6422    0.9742   38.9786   -5.9100  -34.8101
eta,q 0.97994  9.80120
niter,ni,del,rscale     5    3    5.0000    0.8000
parameters
   -1.3093   31.5115    2.2308   -4.0873  -13.5520   -6.8914
   -1.6196    6.6258    1.0242   38.8503   -5.8833  -34.8388
eta,q 0.97991  9.78390
  0.0218  0.0214  0.0209  0.0219  0.0217  0.0212  0.0215  0.0223  0.0212  0.0216  0.0206  0.0208
  0.0208  0.0207  0.0204  0.0210  0.0209  0.0206  0.0207  0.0211  0.0206  0.0209  0.0203  0.0204
  0.0203  0.0202  0.0202  0.0203  0.0203  0.0202  0.0203  0.0204  0.0202  0.0203  0.0202  0.0202
  0.0201  0.0201  0.0201  0.0201  0.0201  0.0201  0.0201  0.0201  0.0201  0.0201  0.0201  0.0201
  0.0202  0.0202  0.0202  0.0203  0.0203  0.0202  0.0202  0.0203  0.0202  0.0202  0.0202  0.0202
  0.0208  0.0207  0.0204  0.0212  0.0209  0.0206  0.0207  0.0211  0.0205  0.0209  0.0203  0.0204
  0.0217  0.0214  0.0209  0.0225  0.0220  0.0216  0.0214  0.0224  0.0211  0.0219  0.0206  0.0209
niter,ni,del,rscale     4    3    5.0000    0.7000
parameters
   -1.3313   31.5182    2.2246   -3.9915  -13.4657   -6.8002
   -1.6361    6.5969    1.0218   38.8731   -5.8729  -34.8172
eta,q 0.97992  9.79158
  0.0213  0.0211  0.0207  0.0217  0.0215  0.0210  0.0211  0.0218  0.0209  0.0214  0.0205  0.0206
  0.0206  0.0206  0.0204  0.0209  0.0208  0.0205  0.0206  0.0209  0.0204  0.0207  0.0203  0.0203
  0.0202  0.0202  0.0202  0.0204  0.0203  0.0202  0.0202  0.0203  0.0202  0.0203  0.0201  0.0202
  0.0201  0.0201  0.0201  0.0201  0.0201  0.0201  0.0201  0.0201  0.0201  0.0201  0.0201  0.0201
  0.0203  0.0202  0.0202  0.0202  0.0202  0.0201  0.0202  0.0203  0.0202  0.0202  0.0201  0.0201
  0.0207  0.0206  0.0204  0.0207  0.0207  0.0204  0.0206  0.0209  0.0204  0.0206  0.0203  0.0203
  0.0214  0.0211  0.0207  0.0217  0.0214  0.0210  0.0212  0.0219  0.0209  0.0214  0.0205  0.0206
niter,ni,del,rscale     3    3    5.0000    0.6000
parameters
   -1.3329   31.5127    2.2321   -3.9352  -13.4449   -6.7395
   -1.6417    6.6090    1.0109   38.9065   -5.8999  -34.8103
eta,q 0.97993  9.79549
  0.0210  0.0208  0.0205  0.0213  0.0211  0.0207  0.0209  0.0214  0.0207  0.0211  0.0204  0.0205
  0.0205  0.0204  0.0203  0.0207  0.0206  0.0204  0.0204  0.0207  0.0203  0.0206  0.0202  0.0203
  0.0202  0.0202  0.0201  0.0203  0.0202  0.0202  0.0202  0.0202  0.0201  0.0202  0.0201  0.0201
  0.0201  0.0201  0.0201  0.0201  0.0201  0.0201  0.0201  0.0201  0.0201  0.0201  0.0201  0.0201
  0.0202  0.0202  0.0201  0.0201  0.0202  0.0201  0.0202  0.0202  0.0201  0.0201  0.0201  0.0201
  0.0205  0.0204  0.0203  0.0206  0.0205  0.0203  0.0204  0.0206  0.0203  0.0205  0.0202  0.0202
  0.0210  0.0209  0.0205  0.0213  0.0211  0.0207  0.0209  0.0214  0.0207  0.0211  0.0204  0.0205
niter,ni,del,rscale     2    3    5.0000    0.5000
parameters
   -1.3268   31.5113    2.2305   -3.8755  -13.4416   -6.6960
   -1.6538    6.6297    0.9997   38.9384   -5.9023  -34.8018
eta,q 0.97993  9.79844
  0.0208  0.0206  0.0204  0.0209  0.0208  0.0205  0.0206  0.0210  0.0205  0.0208  0.0203  0.0203
  0.0204  0.0203  0.0202  0.0205  0.0204  0.0203  0.0203  0.0205  0.0203  0.0204  0.0202  0.0202
  0.0201  0.0201  0.0201  0.0202  0.0202  0.0201  0.0201  0.0202  0.0201  0.0202  0.0201  0.0201
  0.0201  0.0201  0.0201  0.0201  0.0201  0.0201  0.0201  0.0201  0.0201  0.0201  0.0201  0.0201
  0.0201  0.0201  0.0201  0.0201  0.0201  0.0201  0.0201  0.0202  0.0201  0.0201  0.0201  0.0201
  0.0204  0.0203  0.0202  0.0204  0.0204  0.0202  0.0203  0.0205  0.0203  0.0204  0.0202  0.0202
  0.0207  0.0206  0.0204  0.0209  0.0208  0.0205  0.0206  0.0210  0.0205  0.0208  0.0203  0.0204
niter,ni,del,rscale     1    3    5.0000    0.4000
parameters
   -1.3247   31.5180    2.2266   -3.8081  -13.4486   -6.6534
   -1.6479    6.6421    0.9770   38.9787   -5.8997  -34.8193
eta,q 0.97994  9.80171
  0.0205  0.0204  0.0203  0.0206  0.0205  0.0203  0.0204  0.0207  0.0203  0.0205  0.0202  0.0202
  0.0203  0.0202  0.0202  0.0204  0.0203  0.0202  0.0202  0.0203  0.0202  0.0203  0.0201  0.0201
  0.0201  0.0201  0.0201  0.0202  0.0201  0.0201  0.0201  0.0201  0.0201  0.0201  0.0201  0.0201
  0.0201  0.0201  0.0201  0.0201  0.0201  0.0201  0.0201  0.0201  0.0201  0.0201  0.0201  0.0201
  0.0201  0.0201  0.0201  0.0201  0.0201  0.0201  0.0201  0.0201  0.0201  0.0201  0.0201  0.0201
  0.0203  0.0202  0.0202  0.0203  0.0203  0.0202  0.0202  0.0203  0.0202  0.0202  0.0201  0.0201
  0.0205  0.0204  0.0203  0.0206  0.0206  0.0203  0.0204  0.0207  0.0203  0.0205  0.0202  0.0203
registration optimization eta report
parameter search radius
    0.8000    0.8000    0.8000    2.4000    2.4000    2.4000
    2.4000    2.4000    2.4000    2.4000    2.4000    2.4000
100000*second partial in parameter space
       67.       54.       32.       10.        8.        5.
        6.       11.        5.        8.        2.        3.
  0.0205  0.0204  0.0203  0.0206  0.0205  0.0203  0.0204  0.0207  0.0203  0.0205  0.0202  0.0202
  0.0203  0.0202  0.0202  0.0204  0.0203  0.0202  0.0202  0.0203  0.0202  0.0203  0.0201  0.0201
  0.0201  0.0201  0.0201  0.0202  0.0201  0.0201  0.0201  0.0201  0.0201  0.0201  0.0201  0.0201
  0.0201  0.0201  0.0201  0.0201  0.0201  0.0201  0.0201  0.0201  0.0201  0.0201  0.0201  0.0201
  0.0201  0.0201  0.0201  0.0201  0.0201  0.0201  0.0201  0.0201  0.0201  0.0201  0.0201  0.0201
  0.0203  0.0202  0.0202  0.0203  0.0203  0.0202  0.0202  0.0203  0.0202  0.0202  0.0201  0.0201
  0.0205  0.0204  0.0203  0.0206  0.0206  0.0203  0.0204  0.0207  0.0203  0.0205  0.0202  0.0203
   -1.3247   31.5180    2.2266   -3.8081  -13.4486   -6.6534
   -1.6479    6.6421    0.9770   38.9787   -5.8997  -34.8193
eta,q 0.97994  9.80171

---------------------------------------------------------------------
compute_vox2vox talsrcimg talsrcimg_to_711-2C_as_mni_average_305_t4 /opt/freesurfer/average/711-2C_as_mni_average_305
---------------------------------------------------------------------

freesurfer compute_vox2vox.c
Reading: talsrcimg.4dfp.ifh
Reading: talsrcimg_to_711-2C_as_mni_average_305_t4
Reading: /opt/freesurfer/average/711-2C_as_mni_average_305.4dfp.ifh
Writing: talsrcimg_to_711-2C_as_mni_average_305_t4_vox2vox.txt

start time Sun Nov 24 04:59:07 UTC 2024
end		time Sun Nov 24 05:00:05 UTC 2024

mpr2mni305 success

avi2talxfm orig_nu.mgz /opt/freesurfer/average/mni305.cor.mgz talsrcimg_to_711-2C_as_mni_average_305_t4_vox2vox.txt transforms/talairach.auto.xfm
avi2talxfm done
mv -f /scratch/tmp/fs_mp2rage_tests2/sourcedata/freesurfer_memprage/sub-fsm14pu/mri/talsrcimg_to_711-2C_as_mni_average_305_t4_vox2vox.txt /scratch/tmp/fs_mp2rage_tests2/sourcedata/freesurfer_memprage/sub-fsm14pu/mri/transforms/talsrcimg_to_711-2C_as_mni_average_305_t4_vox2vox.txt
lta_convert --src orig_nu.mgz --trg /opt/freesurfer/average/mni305.cor.mgz --inxfm transforms/talairach.auto.xfm --outlta transforms/talairach.auto.xfm.lta --subject fsaverage
7.3.2

--src: orig_nu.mgz src image (geometry).
--trg: /opt/freesurfer/average/mni305.cor.mgz trg image (geometry).
--inmni: transforms/talairach.auto.xfm input MNI/XFM transform.
--outlta: transforms/talairach.auto.xfm.lta output LTA.
--s: fsaverage subject name
 LTA read, type : 1
 1.03537  -0.07012  -0.00850   6.64453;
 0.05229   0.91366   0.36856  -23.25792;
-0.03524  -0.41068   0.98950   2.70616;
 0.00000   0.00000   0.00000   1.00000;
setting subject to fsaverage
Writing  LTA to file transforms/talairach.auto.xfm.lta...
lta_convert successful.
 
 
Started at Sun Nov 24 04:59:03 UTC 2024
Ended   at Sun Nov 24 05:00:06 UTC 2024
talairach_avi done
