status file for recon-all
Mon Nov 25 14:37:08 UTC 2024
#@# Tessellate lh Mon Nov 25 14:37:08 UTC 2024
#@# Smooth1 lh Mon Nov 25 14:37:23 UTC 2024
#@# Inflation1 lh Mon Nov 25 14:37:30 UTC 2024
#@# QSphere lh Mon Nov 25 14:38:03 UTC 2024
#@# Fix Topology lh Mon Nov 25 14:40:40 UTC 2024
#@# Smooth2 lh Mon Nov 25 14:58:03 UTC 2024
#@# Inflation2 lh Mon Nov 25 14:58:13 UTC 2024
#@# Curv .H and .K lh Mon Nov 25 14:58:49 UTC 2024
#@# Sphere lh Mon Nov 25 15:00:42 UTC 2024
#@# Surf Reg lh Mon Nov 25 15:10:02 UTC 2024
#@# Jacobian white lh Mon Nov 25 15:20:51 UTC 2024
#@# AvgCurv lh Mon Nov 25 15:20:53 UTC 2024
#@# Cortical Parc lh Mon Nov 25 15:20:55 UTC 2024
#@# white curv lh Mon Nov 25 15:36:40 UTC 2024
#@# white area lh Mon Nov 25 15:36:45 UTC 2024
#@# pial curv lh Mon Nov 25 15:36:47 UTC 2024
#@# pial area lh Mon Nov 25 15:36:52 UTC 2024
#@# thickness lh Mon Nov 25 15:36:54 UTC 2024
#@# area and vertex vol lh Mon Nov 25 15:38:08 UTC 2024
#@# Curvature Stats lh Mon Nov 25 15:38:11 UTC 2024
#@# Cortical Parc 2 lh Mon Nov 25 15:38:19 UTC 2024
#@# Cortical Parc 3 lh Mon Nov 25 15:38:53 UTC 2024
#@# WM/GM Contrast lh Mon Nov 25 15:39:20 UTC 2024
recon-all -s sub-fsm85fp finished without error at Mon Nov 25 15:39:28 UTC 2024



#New# invocation of recon-all 



status file for recon-all
Mon Nov 25 18:30:49 UTC 2024
#@# white curv lh Mon Nov 25 18:30:50 UTC 2024
#@# white area lh Mon Nov 25 18:30:50 UTC 2024
#@# pial curv lh Mon Nov 25 18:30:50 UTC 2024
#@# pial area lh Mon Nov 25 18:30:50 UTC 2024
#@# thickness lh Mon Nov 25 18:30:50 UTC 2024
#@# area and vertex vol lh Mon Nov 25 18:30:50 UTC 2024
#@# Parcellation Stats lh Mon Nov 25 18:30:50 UTC 2024
#@# Parcellation Stats 2 lh Mon Nov 25 18:32:19 UTC 2024
#@# Parcellation Stats 3 lh Mon Nov 25 18:33:04 UTC 2024
#@# BA_exvivo Labels lh Mon Nov 25 18:33:48 UTC 2024
recon-all -s sub-fsm85fp finished without error at Mon Nov 25 18:40:17 UTC 2024
