status file for recon-all
Mon Nov 25 05:26:06 UTC 2024
#@# Tessellate lh Mon Nov 25 05:26:06 UTC 2024
#@# Smooth1 lh Mon Nov 25 05:26:25 UTC 2024
#@# Inflation1 lh Mon Nov 25 05:26:32 UTC 2024
#@# QSphere lh Mon Nov 25 05:27:01 UTC 2024
#@# Fix Topology lh Mon Nov 25 05:30:22 UTC 2024
#@# Smooth2 lh Mon Nov 25 05:53:06 UTC 2024
#@# Inflation2 lh Mon Nov 25 05:53:13 UTC 2024
#@# Curv .H and .K lh Mon Nov 25 05:53:39 UTC 2024
#@# Sphere lh Mon Nov 25 05:55:33 UTC 2024
#@# Surf Reg lh Mon Nov 25 06:03:25 UTC 2024
#@# Jacobian white lh Mon Nov 25 06:16:21 UTC 2024
#@# AvgCurv lh Mon Nov 25 06:16:22 UTC 2024
#@# Cortical Parc lh Mon Nov 25 06:16:24 UTC 2024
#@# white curv lh Mon Nov 25 06:39:39 UTC 2024
#@# white area lh Mon Nov 25 06:39:44 UTC 2024
#@# pial curv lh Mon Nov 25 06:39:45 UTC 2024
#@# pial area lh Mon Nov 25 06:39:50 UTC 2024
#@# thickness lh Mon Nov 25 06:39:51 UTC 2024
#@# area and vertex vol lh Mon Nov 25 06:40:55 UTC 2024
#@# Curvature Stats lh Mon Nov 25 06:40:58 UTC 2024
#@# Cortical Parc 2 lh Mon Nov 25 06:41:03 UTC 2024
#@# Cortical Parc 3 lh Mon Nov 25 06:41:38 UTC 2024
#@# WM/GM Contrast lh Mon Nov 25 06:42:02 UTC 2024
recon-all -s sub-fsm23qf finished without error at Mon Nov 25 06:42:10 UTC 2024



#New# invocation of recon-all 



status file for recon-all
Mon Nov 25 16:46:53 UTC 2024
#@# white curv lh Mon Nov 25 16:46:53 UTC 2024
#@# white area lh Mon Nov 25 16:46:53 UTC 2024
#@# pial curv lh Mon Nov 25 16:46:53 UTC 2024
#@# pial area lh Mon Nov 25 16:46:53 UTC 2024
#@# thickness lh Mon Nov 25 16:46:53 UTC 2024
#@# area and vertex vol lh Mon Nov 25 16:46:53 UTC 2024
#@# Parcellation Stats lh Mon Nov 25 16:46:54 UTC 2024
#@# Parcellation Stats 2 lh Mon Nov 25 16:47:39 UTC 2024
#@# Parcellation Stats 3 lh Mon Nov 25 16:48:03 UTC 2024
#@# BA_exvivo Labels lh Mon Nov 25 16:48:25 UTC 2024
recon-all -s sub-fsm23qf finished without error at Mon Nov 25 16:53:32 UTC 2024
