status file for recon-all
Sun Nov 24 05:11:30 UTC 2024
#@# MotionCor Sun Nov 24 05:11:37 UTC 2024
#@# Talairach Sun Nov 24 05:11:55 UTC 2024
#@# Talairach Failure Detection Sun Nov 24 05:20:16 UTC 2024
#@# Nu Intensity Correction Sun Nov 24 05:20:17 UTC 2024
#@# Intensity Normalization Sun Nov 24 05:28:11 UTC 2024
recon-all -s sub-fsm23qf finished without error at Sun Nov 24 05:32:06 UTC 2024



#New# invocation of recon-all 



status file for recon-all
Sun Nov 24 08:20:21 UTC 2024
#@# EM Registration Sun Nov 24 08:20:21 UTC 2024
recon-all -s sub-fsm23qf finished without error at Sun Nov 24 08:26:43 UTC 2024



#New# invocation of recon-all 



status file for recon-all
Sun Nov 24 12:15:43 UTC 2024
#@# CA Normalize Sun Nov 24 12:15:43 UTC 2024
#@# CA Reg Sun Nov 24 12:18:05 UTC 2024
#@# SubCort Seg Sun Nov 24 14:25:02 UTC 2024
#@# CC Seg Sun Nov 24 15:26:27 UTC 2024
#@# Merge ASeg Sun Nov 24 15:27:35 UTC 2024
#@# Intensity Normalization2 Sun Nov 24 15:27:35 UTC 2024
#@# Mask BFS Sun Nov 24 15:32:44 UTC 2024
#@# WM Segmentation Sun Nov 24 15:32:46 UTC 2024
#@# Fill Sun Nov 24 15:37:41 UTC 2024
recon-all -s sub-fsm23qf finished without error at Sun Nov 24 15:40:04 UTC 2024



#New# invocation of recon-all 



status file for recon-all
Mon Nov 25 06:44:50 UTC 2024
#@# white curv lh Mon Nov 25 06:44:50 UTC 2024
#@# white area lh Mon Nov 25 06:44:50 UTC 2024
#@# pial curv lh Mon Nov 25 06:44:50 UTC 2024
#@# pial area lh Mon Nov 25 06:44:50 UTC 2024
#@# thickness lh Mon Nov 25 06:44:50 UTC 2024
#@# area and vertex vol lh Mon Nov 25 06:44:51 UTC 2024
#@# white curv rh Mon Nov 25 06:44:51 UTC 2024
#@# white area rh Mon Nov 25 06:44:51 UTC 2024
#@# pial curv rh Mon Nov 25 06:44:51 UTC 2024
#@# pial area rh Mon Nov 25 06:44:51 UTC 2024
#@# thickness rh Mon Nov 25 06:44:51 UTC 2024
#@# area and vertex vol rh Mon Nov 25 06:44:51 UTC 2024
#@# Cortical ribbon mask Mon Nov 25 06:44:51 UTC 2024
recon-all -s sub-fsm23qf finished without error at Mon Nov 25 06:54:19 UTC 2024



#New# invocation of recon-all 



status file for recon-all
Mon Nov 25 16:57:13 UTC 2024
#@# white curv lh Mon Nov 25 16:57:13 UTC 2024
#@# white area lh Mon Nov 25 16:57:13 UTC 2024
#@# pial curv lh Mon Nov 25 16:57:13 UTC 2024
#@# pial area lh Mon Nov 25 16:57:13 UTC 2024
#@# thickness lh Mon Nov 25 16:57:13 UTC 2024
#@# area and vertex vol lh Mon Nov 25 16:57:13 UTC 2024
#@# white curv rh Mon Nov 25 16:57:13 UTC 2024
#@# white area rh Mon Nov 25 16:57:13 UTC 2024
#@# pial curv rh Mon Nov 25 16:57:13 UTC 2024
#@# pial area rh Mon Nov 25 16:57:13 UTC 2024
#@# thickness rh Mon Nov 25 16:57:13 UTC 2024
#@# area and vertex vol rh Mon Nov 25 16:57:13 UTC 2024
#@# Curvature Stats lh Mon Nov 25 16:57:13 UTC 2024
#@# Curvature Stats rh Mon Nov 25 16:57:18 UTC 2024
#@# Relabel Hypointensities Mon Nov 25 16:57:23 UTC 2024
#@# APas-to-ASeg Mon Nov 25 16:57:53 UTC 2024
#@# AParc-to-ASeg aparc Mon Nov 25 16:58:08 UTC 2024
#@# AParc-to-ASeg aparc.a2009s Mon Nov 25 16:59:16 UTC 2024
#@# AParc-to-ASeg aparc.DKTatlas Mon Nov 25 17:00:19 UTC 2024
#@# WMParc Mon Nov 25 17:01:33 UTC 2024
#@# ASeg Stats Mon Nov 25 17:07:08 UTC 2024
recon-all -s sub-fsm23qf finished without error at Mon Nov 25 17:08:32 UTC 2024
