/scratch/tmp/fs_mp2rage_tests/sourcedata/freesurfer_mp2rage/sub-fsm39ap/mri
/opt/freesurfer/bin/talairach_avi
--i orig_nu.mgz --xfm transforms/talairach.auto.xfm
talairach_avi 7.3.2
Linux elm.criugm.qc.ca 5.15.0-113-generic #123-Ubuntu SMP Mon Jun 10 08:16:17 UTC 2024 x86_64 x86_64 x86_64 GNU/Linux
Sat Nov 23 15:21:27 UTC 2024
mri_convert orig_nu.mgz talsrcimg.img 
reading from orig_nu.mgz...
TR=0.00, TE=0.00, TI=0.00, flip angle=0.00
i_ras = (-1, -1.86265e-09, 0)
j_ras = (-7.45058e-09, 7.45058e-09, -1)
k_ras = (0, 1, 0)
writing to talsrcimg.img...
Analyze Output Matrix
-1.00000  -0.00000   0.00000   129.62897;
-0.00000   0.00000   1.00000  -88.70629;
 0.00000  -1.00000   0.00000   112.53279;
 0.00000   0.00000   0.00000   1.00000;
--------------------
INFO: set hdr.hist.orient to -1
mpr2mni305 talsrcimg
Sat Nov 23 15:21:30 UTC 2024
/opt/freesurfer/bin/mpr2mni305 talsrcimg
mpr2mni305 7.3.2
target=711-2C_as_mni_average_305

---------------------------------------------------------------------
analyzeto4dfp talsrcimg -O0 -y
---------------------------------------------------------------------

freesurfer ifh2hdr.c
Sat Nov 23 15:21:31 2024
Writing: talsrcimg.4dfp.hdr
freesurfer analyzeto4dfp.c
Reading: talsrcimg.hdr
header size 348 bytes
hdr.dime.datatype	offset=70	value=2
hdr.dime.bitpix		offset=72	value=8
hdr.hist.orient		offset=252	value=-1
dimensionality     4
dimensions       256       256       256         1
Reading: talsrcimg.img
Writing: talsrcimg.4dfp.img
Writing: talsrcimg.4dfp.ifh
ifh2hdr talsrcimg -r0to255
ori=2

---------------------------------------------------------------------
gauss_4dfp talsrcimg 1.1
---------------------------------------------------------------------

freesurfer gauss_4dfp.c
Reading: talsrcimg.4dfp.img
Writing: talsrcimg_g11.4dfp.img
image dimensions 256 256 256 padded to 288 288 288
processing volume 1freesurfer ifh2hdr.c
Sat Nov 23 15:21:38 2024
Writing: talsrcimg_g11.4dfp.hdr

Writing: talsrcimg_g11.4dfp.ifh
including: talsrcimg.4dfp.img.rec in talsrcimg_g11.4dfp.img.rec

---------------------------------------------------------------------
imgreg_4dfp /opt/freesurfer/average/711-2C_as_mni_average_305 none talsrcimg_g11 none talsrcimg_to_711-2C_as_mni_average_305_t4 4355
---------------------------------------------------------------------

freesurfer imgreg_4dfp.c
/opt/freesurfer/average/711-2C_as_mni_average_305.4dfp.img
       256       256       256         1
  1.000000  1.000000  1.000000
orientation T byte_order littleendian
Reading image: /opt/freesurfer/average/711-2C_as_mni_average_305.4dfp.img
dimensions:      256       256       256
mmppix:       1.0000   -1.0000   -1.0000
center:     128.0000 -129.0000 -129.0000
talsrcimg_g11.4dfp.img
       256       256       256         1
  1.000000  1.000000  1.000000
orientation T byte_order littleendian
Reading image: talsrcimg_g11.4dfp.img
dimensions:      256       256       256
mmppix:       1.0000   -1.0000   -1.0000
center:     128.0000 -129.0000 -129.0000
t4_read: open error in t4_sub.f l:  41 t4_file(1:l)talsrcimg_to_711-2C_as_mni_average_305_t4 
t4_read: transform initialized to I4
rotation matrix determinant  1.000000
image alignment mode   4355 decimal     1103 hex
   -7.5000  -45.0000  -45.000010260.9678    6.8177
    0.0000  -45.0000  -45.000010668.8975    6.8127
    7.5000  -45.0000  -45.000010209.0273    6.8228
   -7.5000  -37.5000  -45.000010403.5029    6.8695
    0.0000  -37.5000  -45.000010834.5830    6.8639
    7.5000  -37.5000  -45.000010328.4688    6.8745
   -7.5000  -30.0000  -45.000010788.3936    6.7306
    0.0000  -30.0000  -45.000011244.8359    6.7258
    7.5000  -30.0000  -45.000010695.3906    6.7329
   -7.5000  -22.5000  -45.000011205.0771    6.6370
    0.0000  -22.5000  -45.000011682.8477    6.6346
    7.5000  -22.5000  -45.000011090.6416    6.6394
   -7.5000  -15.0000  -45.000011619.8057    6.5933
    0.0000  -15.0000  -45.000012081.8604    6.5925
    7.5000  -15.0000  -45.000011449.6240    6.5973
   -7.5000   -7.5000  -45.000011948.9160    6.5644
    0.0000   -7.5000  -45.000012439.9883    6.5623
    7.5000   -7.5000  -45.000011812.3643    6.5697
   -7.5000    0.0000  -45.000012261.7080    6.5630
    0.0000    0.0000  -45.000012757.9258    6.5584
    7.5000    0.0000  -45.000012102.0293    6.5681
   -7.5000    7.5000  -45.000011686.9766    6.7199
    0.0000    7.5000  -45.000012181.0586    6.7142
    7.5000    7.5000  -45.000011526.6924    6.7237
   -7.5000   15.0000  -45.000011181.6992    6.9747
    0.0000   15.0000  -45.000011676.9102    6.9700
    7.5000   15.0000  -45.000011024.8496    6.9768
   -7.5000   22.5000  -45.000010625.4434    7.2256
    0.0000   22.5000  -45.000011094.1377    7.2249
    7.5000   22.5000  -45.000010479.2676    7.2306
   -7.5000   30.0000  -45.000010026.9316    7.3748
    0.0000   30.0000  -45.000010483.9346    7.3764
    7.5000   30.0000  -45.0000 9882.8701    7.3831
   -7.5000   37.5000  -45.0000 9787.9971    7.6469
    0.0000   37.5000  -45.000010234.8232    7.6464
    7.5000   37.5000  -45.0000 9652.2559    7.6558
   -7.5000   45.0000  -45.0000 9203.7939    7.7431
    0.0000   45.0000  -45.0000 9632.1309    7.7372
    7.5000   45.0000  -45.0000 9060.1104    7.7477
   -7.5000  -45.0000  -37.500010681.8086    6.7825
    0.0000  -45.0000  -37.500011091.8975    6.7771
    7.5000  -45.0000  -37.500010614.3203    6.7851
   -7.5000  -37.5000  -37.500010872.0752    6.8308
    0.0000  -37.5000  -37.500011304.6270    6.8242
    7.5000  -37.5000  -37.500010764.6367    6.8326
   -7.5000  -30.0000  -37.500011288.8965    6.6934
    0.0000  -30.0000  -37.500011759.2637    6.6874
    7.5000  -30.0000  -37.500011187.8545    6.6933
   -7.5000  -22.5000  -37.500011736.8506    6.6034
    0.0000  -22.5000  -37.500012229.3701    6.5999
    7.5000  -22.5000  -37.500011603.8828    6.6042
   -7.5000  -15.0000  -37.500012140.4180    6.5629
    0.0000  -15.0000  -37.500012626.3623    6.5612
    7.5000  -15.0000  -37.500011957.4160    6.5656
   -7.5000   -7.5000  -37.500012500.6279    6.5342
    0.0000   -7.5000  -37.500013010.5195    6.5318
    7.5000   -7.5000  -37.500012341.6064    6.5378
   -7.5000    0.0000  -37.500012825.8857    6.5302
    0.0000    0.0000  -37.500013354.0674    6.5254
    7.5000    0.0000  -37.500012672.3584    6.5330
   -7.5000    7.5000  -37.500012252.8916    6.6826
    0.0000    7.5000  -37.500012769.1416    6.6760
    7.5000    7.5000  -37.500012085.5391    6.6835
   -7.5000   15.0000  -37.500011729.4219    6.9340
    0.0000   15.0000  -37.500012214.4443    6.9280
    7.5000   15.0000  -37.500011550.3174    6.9338
   -7.5000   22.5000  -37.500011126.9258    7.1867
    0.0000   22.5000  -37.500011591.8330    7.1845
    7.5000   22.5000  -37.500010971.5303    7.1892
   -7.5000   30.0000  -37.500010506.5039    7.3388
    0.0000   30.0000  -37.500010968.0938    7.3392
    7.5000   30.0000  -37.500010363.9902    7.3450
   -7.5000   37.5000  -37.500010252.4053    7.6079
    0.0000   37.5000  -37.500010730.9395    7.6073
    7.5000   37.5000  -37.500010140.4902    7.6147
   -7.5000   45.0000  -37.5000 9636.7422    7.6987
    0.0000   45.0000  -37.500010074.7754    7.6935
    7.5000   45.0000  -37.5000 9507.7461    7.7012
   -7.5000  -45.0000  -30.000011301.5352    7.0612
    0.0000  -45.0000  -30.000011707.5791    7.0549
    7.5000  -45.0000  -30.000011210.3496    7.0604
   -7.5000  -37.5000  -30.000011528.2656    7.1085
    0.0000  -37.5000  -30.000011950.4375    7.1011
    7.5000  -37.5000  -30.000011390.9863    7.1078
   -7.5000  -30.0000  -30.000011943.7168    6.9652
    0.0000  -30.0000  -30.000012410.4619    6.9577
    7.5000  -30.0000  -30.000011820.9395    6.9625
   -7.5000  -22.5000  -30.000012442.7920    6.8741
    0.0000  -22.5000  -30.000012913.8232    6.8682
    7.5000  -22.5000  -30.000012263.2305    6.8710
   -7.5000  -15.0000  -30.000012872.9414    6.8346
    0.0000  -15.0000  -30.000013373.1211    6.8302
    7.5000  -15.0000  -30.000012675.4033    6.8323
   -7.5000   -7.5000  -30.000013260.5684    6.8051
    0.0000   -7.5000  -30.000013777.6396    6.8008
    7.5000   -7.5000  -30.000013082.7998    6.8043
   -7.5000    0.0000  -30.000013656.5078    6.7989
    0.0000    0.0000  -30.000014196.5576    6.7933
    7.5000    0.0000  -30.000013480.7490    6.7987
   -7.5000    7.5000  -30.000013097.9902    6.9545
    0.0000    7.5000  -30.000013614.9902    6.9473
    7.5000    7.5000  -30.000012890.6709    6.9531
   -7.5000   15.0000  -30.000012520.8584    7.2162
    0.0000   15.0000  -30.000012999.2891    7.2088
    7.5000   15.0000  -30.000012321.1084    7.2134
   -7.5000   22.5000  -30.000011845.6602    7.4836
    0.0000   22.5000  -30.000012297.9414    7.4785
    7.5000   22.5000  -30.000011686.5342    7.4813
   -7.5000   30.0000  -30.000011195.4238    7.6478
    0.0000   30.0000  -30.000011651.9482    7.6449
    7.5000   30.0000  -30.000011056.1494    7.6474
   -7.5000   37.5000  -30.000010930.8418    7.9259
    0.0000   37.5000  -30.000011400.7256    7.9238
    7.5000   37.5000  -30.000010798.0078    7.9278
   -7.5000   45.0000  -30.000010239.2080    8.0209
    0.0000   45.0000  -30.000010694.0996    8.0157
    7.5000   45.0000  -30.000010104.4834    8.0205
   -7.5000  -45.0000  -22.500011911.6611    7.3099
    0.0000  -45.0000  -22.500012338.6660    7.3041
    7.5000  -45.0000  -22.500011828.4961    7.3093
   -7.5000  -37.5000  -22.500012136.0752    7.3587
    0.0000  -37.5000  -22.500012575.3701    7.3528
    7.5000  -37.5000  -22.500012005.3750    7.3603
   -7.5000  -30.0000  -22.500012553.7822    7.2092
    0.0000  -30.0000  -22.500013042.7822    7.2027
    7.5000  -30.0000  -22.500012410.3037    7.2081
   -7.5000  -22.5000  -22.500013058.0615    7.1148
    0.0000  -22.5000  -22.500013562.0449    7.1087
    7.5000  -22.5000  -22.500012870.3223    7.1110
   -7.5000  -15.0000  -22.500013521.3301    7.0742
    0.0000  -15.0000  -22.500014046.6484    7.0689
    7.5000  -15.0000  -22.500013336.1084    7.0696
   -7.5000   -7.5000  -22.500013995.9502    7.0443
    0.0000   -7.5000  -22.500014543.9424    7.0396
    7.5000   -7.5000  -22.500013814.9785    7.0418
   -7.5000    0.0000  -22.500014511.9043    7.0385
    0.0000    0.0000  -22.500015052.3359    7.0336
    7.5000    0.0000  -22.500014289.5000    7.0386
   -7.5000    7.5000  -22.500014013.1182    7.1995
    0.0000    7.5000  -22.500014567.6318    7.1937
    7.5000    7.5000  -22.500013774.4238    7.2003
   -7.5000   15.0000  -22.500013391.6641    7.4714
    0.0000   15.0000  -22.500013901.6035    7.4653
    7.5000   15.0000  -22.500013180.8105    7.4707
   -7.5000   22.5000  -22.500012621.5869    7.7501
    0.0000   22.5000  -22.500013088.1162    7.7449
    7.5000   22.5000  -22.500012463.7627    7.7474
   -7.5000   30.0000  -22.500011906.0039    7.9228
    0.0000   30.0000  -22.500012395.4697    7.9188
    7.5000   30.0000  -22.500011734.8799    7.9195
   -7.5000   37.5000  -22.500011602.9248    8.2099
    0.0000   37.5000  -22.500012156.5088    8.2076
    7.5000   37.5000  -22.500011419.0684    8.2102
   -7.5000   45.0000  -22.500010862.5254    8.3127
    0.0000   45.0000  -22.500011412.5283    8.3083
    7.5000   45.0000  -22.500010686.7109    8.3133
   -7.5000  -45.0000  -15.000012490.0254    7.4724
    0.0000  -45.0000  -15.000012991.8340    7.4675
    7.5000  -45.0000  -15.000012460.0020    7.4755
   -7.5000  -37.5000  -15.000012697.5068    7.5253
    0.0000  -37.5000  -15.000013185.5303    7.5209
    7.5000  -37.5000  -15.000012616.6943    7.5312
   -7.5000  -30.0000  -15.000013118.7373    7.3717
    0.0000  -30.0000  -15.000013656.2129    7.3669
    7.5000  -30.0000  -15.000013022.0820    7.3745
   -7.5000  -22.5000  -15.000013640.5234    7.2721
    0.0000  -22.5000  -15.000014203.7930    7.2675
    7.5000  -22.5000  -15.000013523.2959    7.2712
   -7.5000  -15.0000  -15.000014131.7500    7.2280
    0.0000  -15.0000  -15.000014706.4619    7.2239
    7.5000  -15.0000  -15.000014017.7324    7.2259
   -7.5000   -7.5000  -15.000014661.4541    7.1982
    0.0000   -7.5000  -15.000015263.4512    7.1943
    7.5000   -7.5000  -15.000014533.1055    7.1984
   -7.5000    0.0000  -15.000015238.8398    7.1955
    0.0000    0.0000  -15.000015945.7256    7.1914
    7.5000    0.0000  -15.000015107.6621    7.1991
   -7.5000    7.5000  -15.000014849.4102    7.3629
    0.0000    7.5000  -15.000015721.5615    7.3585
    7.5000    7.5000  -15.000014693.1357    7.3679
   -7.5000   15.0000  -15.000014374.3730    7.6435
    0.0000   15.0000  -15.000015216.8975    7.6390
    7.5000   15.0000  -15.000014175.3340    7.6466
   -7.5000   22.5000  -15.000013537.1152    7.9293
    0.0000   22.5000  -15.000014281.5166    7.9261
    7.5000   22.5000  -15.000013314.2188    7.9308
   -7.5000   30.0000  -15.000012665.4385    8.1038
    0.0000   30.0000  -15.000013357.3252    8.1015
    7.5000   30.0000  -15.000012410.1406    8.1043
   -7.5000   37.5000  -15.000012242.4961    8.3990
    0.0000   37.5000  -15.000012939.0449    8.3975
    7.5000   37.5000  -15.000011993.4561    8.4030
   -7.5000   45.0000  -15.000011431.4834    8.5129
    0.0000   45.0000  -15.000012063.7920    8.5086
    7.5000   45.0000  -15.000011190.8135    8.5173
   -7.5000  -45.0000   -7.500013063.0127    7.5191
    0.0000  -45.0000   -7.500013634.5234    7.5149
    7.5000  -45.0000   -7.500013140.3281    7.5263
   -7.5000  -37.5000   -7.500013282.1709    7.5750
    0.0000  -37.5000   -7.500013870.8896    7.5708
    7.5000  -37.5000   -7.500013323.3857    7.5837
   -7.5000  -30.0000   -7.500013735.1582    7.4215
    0.0000  -30.0000   -7.500014402.6396    7.4176
    7.5000  -30.0000   -7.500013775.0537    7.4269
   -7.5000  -22.5000   -7.500014298.4795    7.3189
    0.0000  -22.5000   -7.500015046.3037    7.3165
    7.5000  -22.5000   -7.500014321.7891    7.3223
   -7.5000  -15.0000   -7.500014866.2061    7.2719
    0.0000  -15.0000   -7.500015710.2070    7.2706
    7.5000  -15.0000   -7.500014875.1982    7.2756
   -7.5000   -7.5000   -7.500015419.7109    7.2420
    0.0000   -7.5000   -7.500016315.6221    7.2399
    7.5000   -7.5000   -7.500015407.5146    7.2476
   -7.5000    0.0000   -7.500015998.0449    7.2417
    0.0000    0.0000   -7.500017003.1191    7.2380
    7.5000    0.0000   -7.500015985.8262    7.2489
   -7.5000    7.5000   -7.500015643.2227    7.4123
    0.0000    7.5000   -7.500016859.8633    7.4079
    7.5000    7.5000   -7.500015566.4980    7.4197
   -7.5000   15.0000   -7.500015227.5596    7.6975
    0.0000   15.0000   -7.500016541.7676    7.6938
    7.5000   15.0000   -7.500015071.2832    7.7030
   -7.5000   22.5000   -7.500014355.1055    7.9880
    0.0000   22.5000   -7.500015519.1924    7.9874
    7.5000   22.5000   -7.500014153.2773    7.9947
   -7.5000   30.0000   -7.500013304.0322    8.1635
    0.0000   30.0000   -7.500014270.4463    8.1646
    7.5000   30.0000   -7.500013085.7715    8.1717
   -7.5000   37.5000   -7.500012785.4512    8.4641
    0.0000   37.5000   -7.500013660.7188    8.4642
    7.5000   37.5000   -7.500012566.8418    8.4744
   -7.5000   45.0000   -7.500011902.9502    8.5864
    0.0000   45.0000   -7.500012666.0225    8.5816
    7.5000   45.0000   -7.500011714.9434    8.5944
   -7.5000  -45.0000    0.000013390.8672    7.4885
    0.0000  -45.0000    0.000014142.0596    7.4838
    7.5000  -45.0000    0.000013627.3799    7.4963
   -7.5000  -37.5000    0.000013649.9209    7.5436
    0.0000  -37.5000    0.000014478.3574    7.5381
    7.5000  -37.5000    0.000013855.8613    7.5511
   -7.5000  -30.0000    0.000014183.1406    7.3928
    0.0000  -30.0000    0.000015116.5410    7.3883
    7.5000  -30.0000    0.000014397.2031    7.3975
   -7.5000  -22.5000    0.000014829.7148    7.2921
    0.0000  -22.5000    0.000015841.2588    7.2904
    7.5000  -22.5000    0.000015025.2637    7.2971
   -7.5000  -15.0000    0.000015453.3398    7.2458
    0.0000  -15.0000    0.000016526.0078    7.2458
    7.5000  -15.0000    0.000015616.8779    7.2527
   -7.5000   -7.5000    0.000016016.0566    7.2152
    0.0000   -7.5000    0.000017091.6797    7.2138
    7.5000   -7.5000    0.000016164.9268    7.2233
   -7.5000    0.0000    0.000016575.9746    7.2135
    0.0000    0.0000    0.000017687.7891    7.2093
    7.5000    0.0000    0.000016708.0352    7.2212
   -7.5000    7.5000    0.000016148.1758    7.3821
    0.0000    7.5000    0.000017438.5625    7.3766
    7.5000    7.5000    0.000016177.6816    7.3884
   -7.5000   15.0000    0.000015599.6064    7.6676
    0.0000   15.0000    0.000016873.4785    7.6630
    7.5000   15.0000    0.000015576.0674    7.6721
   -7.5000   22.5000    0.000014633.9238    7.9641
    0.0000   22.5000    0.000015685.5215    7.9642
    7.5000   22.5000    0.000014614.8867    7.9722
   -7.5000   30.0000    0.000013616.2979    8.1486
    0.0000   30.0000    0.000014536.4463    8.1511
    7.5000   30.0000    0.000013559.8770    8.1605
   -7.5000   37.5000    0.000013187.9160    8.4535
    0.0000   37.5000    0.000014063.9121    8.4538
    7.5000   37.5000    0.000013095.6904    8.4660
   -7.5000   45.0000    0.000012316.2363    8.5772
    0.0000   45.0000    0.000013126.1406    8.5713
    7.5000   45.0000    0.000012220.5283    8.5847
   -7.5000  -45.0000    7.500012727.5566    7.4880
    0.0000  -45.0000    7.500013484.7461    7.4820
    7.5000  -45.0000    7.500012910.4717    7.4913
   -7.5000  -37.5000    7.500013037.5908    7.5406
    0.0000  -37.5000    7.500013865.0605    7.5332
    7.5000  -37.5000    7.500013213.1055    7.5430
   -7.5000  -30.0000    7.500013599.8018    7.3904
    0.0000  -30.0000    7.500014483.8389    7.3837
    7.5000  -30.0000    7.500013785.7686    7.3908
   -7.5000  -22.5000    7.500014182.8018    7.2922
    0.0000  -22.5000    7.500015103.6729    7.2882
    7.5000  -22.5000    7.500014356.9268    7.2936
   -7.5000  -15.0000    7.500014739.1582    7.2481
    0.0000  -15.0000    7.500015684.3301    7.2461
    7.5000  -15.0000    7.500014895.8350    7.2515
   -7.5000   -7.5000    7.500015201.2510    7.2171
    0.0000   -7.5000    7.500016205.8145    7.2143
    7.5000   -7.5000    7.500015385.7490    7.2216
   -7.5000    0.0000    7.500015677.5459    7.2130
    0.0000    0.0000    7.500016762.3047    7.2076
    7.5000    0.0000    7.500015856.4951    7.2165
   -7.5000    7.5000    7.500015119.1172    7.3791
    0.0000    7.5000    7.500016335.7422    7.3718
    7.5000    7.5000    7.500015262.2188    7.3806
   -7.5000   15.0000    7.500014455.0889    7.6632
    0.0000   15.0000    7.500015507.3223    7.6563
    7.5000   15.0000    7.500014599.5244    7.6633
   -7.5000   22.5000    7.500013567.7363    7.9605
    0.0000   22.5000    7.500014423.9365    7.9578
    7.5000   22.5000    7.500013678.7031    7.9637
   -7.5000   30.0000    7.500012762.8877    8.1466
    0.0000   30.0000    7.500013530.7109    8.1466
    7.5000   30.0000    7.500012810.0596    8.1539
   -7.5000   37.5000    7.500012433.1875    8.4487
    0.0000   37.5000    7.500013234.5293    8.4476
    7.5000   37.5000    7.500012447.5850    8.4566
   -7.5000   45.0000    7.500011651.1406    8.5674
    0.0000   45.0000    7.500012406.0518    8.5612
    7.5000   45.0000    7.500011633.5439    8.5704
   -7.5000  -45.0000   15.000011967.6104    7.5584
    0.0000  -45.0000   15.000012626.7363    7.5516
    7.5000  -45.0000   15.000012093.7119    7.5573
   -7.5000  -37.5000   15.000012267.1309    7.6089
    0.0000  -37.5000   15.000012974.5820    7.6009
    7.5000  -37.5000   15.000012387.2285    7.6078
   -7.5000  -30.0000   15.000012765.7568    7.4555
    0.0000  -30.0000   15.000013520.4033    7.4475
    7.5000  -30.0000   15.000012885.2822    7.4524
   -7.5000  -22.5000   15.000013263.1797    7.3581
    0.0000  -22.5000   15.000014060.4189    7.3519
    7.5000  -22.5000   15.000013392.4619    7.3548
   -7.5000  -15.0000   15.000013740.1123    7.3160
    0.0000  -15.0000   15.000014565.9893    7.3114
    7.5000  -15.0000   15.000013851.3330    7.3137
   -7.5000   -7.5000   15.000014142.7461    7.2848
    0.0000   -7.5000   15.000015027.3721    7.2803
    7.5000   -7.5000   15.000014270.3848    7.2840
   -7.5000    0.0000   15.000014552.3984    7.2785
    0.0000    0.0000   15.000015526.7891    7.2725
    7.5000    0.0000   15.000014699.4297    7.2780
   -7.5000    7.5000   15.000014005.8789    7.4446
    0.0000    7.5000   15.000015002.6260    7.4368
    7.5000    7.5000   15.000014141.2207    7.4428
   -7.5000   15.0000   15.000013359.3086    7.7331
    0.0000   15.0000   15.000014171.8721    7.7252
    7.5000   15.0000   15.000013482.3633    7.7299
   -7.5000   22.5000   15.000012599.0645    8.0390
    0.0000   22.5000   15.000013304.7656    8.0335
    7.5000   22.5000   15.000012711.1299    8.0363
   -7.5000   30.0000   15.000011897.9023    8.2314
    0.0000   30.0000   15.000012604.2051    8.2283
    7.5000   30.0000   15.000011968.6885    8.2310
   -7.5000   37.5000   15.000011618.7734    8.5358
    0.0000   37.5000   15.000012348.5322    8.5335
    7.5000   37.5000   15.000011669.1729    8.5377
   -7.5000   45.0000   15.000010907.1045    8.6530
    0.0000   45.0000   15.000011573.9424    8.6473
    7.5000   45.0000   15.000010927.7793    8.6522
   -7.5000  -45.0000   22.500011162.5127    7.6981
    0.0000  -45.0000   22.500011747.2334    7.6919
    7.5000  -45.0000   22.500011265.5410    7.6974
   -7.5000  -37.5000   22.500011385.6641    7.7497
    0.0000  -37.5000   22.500012002.2969    7.7435
    7.5000  -37.5000   22.500011476.7246    7.7514
   -7.5000  -30.0000   22.500011837.1719    7.5893
    0.0000  -30.0000   22.500012470.2070    7.5826
    7.5000  -30.0000   22.500011902.5771    7.5884
   -7.5000  -22.5000   22.500012274.3730    7.4888
    0.0000  -22.5000   22.500012938.0000    7.4822
    7.5000  -22.5000   22.500012335.9092    7.4847
   -7.5000  -15.0000   22.500012693.7500    7.4461
    0.0000  -15.0000   22.500013385.6982    7.4402
    7.5000  -15.0000   22.500012730.9697    7.4408
   -7.5000   -7.5000   22.500013095.9922    7.4147
    0.0000   -7.5000   22.500013829.8203    7.4094
    7.5000   -7.5000   22.500013143.8574    7.4116
   -7.5000    0.0000   22.500013485.9316    7.4086
    0.0000    0.0000   22.500014299.6260    7.4032
    7.5000    0.0000   22.500013554.2949    7.4085
   -7.5000    7.5000   22.500012951.6230    7.5797
    0.0000    7.5000   22.500013727.5049    7.5737
    7.5000    7.5000   22.500013017.7070    7.5807
   -7.5000   15.0000   22.500012339.1348    7.8784
    0.0000   15.0000   22.500012976.1543    7.8719
    7.5000   15.0000   22.500012403.4990    7.8778
   -7.5000   22.5000   22.500011673.2070    8.1961
    0.0000   22.5000   22.500012274.8408    8.1903
    7.5000   22.5000   22.500011733.9111    8.1931
   -7.5000   30.0000   22.500011003.7725    8.3963
    0.0000   30.0000   22.500011603.5068    8.3916
    7.5000   30.0000   22.500011061.7129    8.3922
   -7.5000   37.5000   22.500010753.2197    8.7099
    0.0000   37.5000   22.500011340.2539    8.7070
    7.5000   37.5000   22.500010796.2988    8.7097
   -7.5000   45.0000   22.500010106.2734    8.8340
    0.0000   45.0000   22.500010652.1748    8.8291
    7.5000   45.0000   22.500010097.7998    8.8343
   -7.5000  -45.0000   30.000010338.8623    7.9301
    0.0000  -45.0000   30.000010814.6445    7.9250
    7.5000  -45.0000   30.000010381.4141    7.9333
   -7.5000  -37.5000   30.000010509.3379    7.9709
    0.0000  -37.5000   30.000011008.5000    7.9669
    7.5000  -37.5000   30.000010546.5527    7.9779
   -7.5000  -30.0000   30.000010933.9512    7.8046
    0.0000  -30.0000   30.000011448.8770    7.8004
    7.5000  -30.0000   30.000010950.5293    7.8084
   -7.5000  -22.5000   30.000011335.9131    7.6983
    0.0000  -22.5000   30.000011890.8662    7.6939
    7.5000  -22.5000   30.000011341.6045    7.6978
   -7.5000  -15.0000   30.000011709.6094    7.6539
    0.0000  -15.0000   30.000012306.7207    7.6495
    7.5000  -15.0000   30.000011708.0283    7.6514
   -7.5000   -7.5000   30.000012107.6836    7.6252
    0.0000   -7.5000   30.000012728.1162    7.6207
    7.5000   -7.5000   30.000012121.2637    7.6250
   -7.5000    0.0000   30.000012465.2275    7.6235
    0.0000    0.0000   30.000013128.1143    7.6192
    7.5000    0.0000   30.000012490.5117    7.6272
   -7.5000    7.5000   30.000011913.8232    7.7916
    0.0000    7.5000   30.000012519.5996    7.7876
    7.5000    7.5000   30.000011944.0791    7.7975
   -7.5000   15.0000   30.000011321.2041    8.0880
    0.0000   15.0000   30.000011873.3018    8.0841
    7.5000   15.0000   30.000011350.7021    8.0922
   -7.5000   22.5000   30.000010717.9414    8.4081
    0.0000   22.5000   30.000011251.9219    8.4050
    7.5000   22.5000   30.000010739.2734    8.4102
   -7.5000   30.0000   30.000010093.2715    8.6133
    0.0000   30.0000   30.000010591.6973    8.6107
    7.5000   30.0000   30.000010103.9004    8.6137
   -7.5000   37.5000   30.0000 9870.2188    8.9445
    0.0000   37.5000   30.000010346.4443    8.9426
    7.5000   37.5000   30.0000 9876.0469    8.9484
   -7.5000   45.0000   30.0000 9282.1572    9.0869
    0.0000   45.0000   30.0000 9733.7695    9.0825
    7.5000   45.0000   30.0000 9277.8193    9.0917
   -7.5000  -45.0000   37.500010026.1533    8.2059
    0.0000  -45.0000   37.500010432.6719    8.2026
    7.5000  -45.0000   37.500010021.6504    8.2138
   -7.5000  -37.5000   37.500010196.4287    8.2301
    0.0000  -37.5000   37.500010621.6758    8.2274
    7.5000  -37.5000   37.500010181.0166    8.2405
   -7.5000  -30.0000   37.500010593.9238    8.0604
    0.0000  -30.0000   37.500011065.5391    8.0582
    7.5000  -30.0000   37.500010594.3906    8.0674
   -7.5000  -22.5000   37.500010978.5684    7.9525
    0.0000  -22.5000   37.500011480.7070    7.9514
    7.5000  -22.5000   37.500010950.3750    7.9567
   -7.5000  -15.0000   37.500011335.8320    7.9089
    0.0000  -15.0000   37.500011872.0859    7.9085
    7.5000  -15.0000   37.500011303.3457    7.9128
   -7.5000   -7.5000   37.500011719.3789    7.8805
    0.0000   -7.5000   37.500012295.6885    7.8790
    7.5000   -7.5000   37.500011701.3184    7.8861
   -7.5000    0.0000   37.500012026.5830    7.8790
    0.0000    0.0000   37.500012634.5254    7.8761
    7.5000    0.0000   37.500012037.9268    7.8869
   -7.5000    7.5000   37.500011425.5732    8.0392
    0.0000    7.5000   37.500011993.2822    8.0362
    7.5000    7.5000   37.500011446.3740    8.0481
   -7.5000   15.0000   37.500010805.9629    8.3336
    0.0000   15.0000   37.500011346.2871    8.3316
    7.5000   15.0000   37.500010842.0654    8.3407
   -7.5000   22.5000   37.500010238.3164    8.6620
    0.0000   22.5000   37.500010741.2207    8.6631
    7.5000   22.5000   37.500010255.9922    8.6703
   -7.5000   30.0000   37.5000 9647.2344    8.8837
    0.0000   30.0000   37.500010102.6084    8.8862
    7.5000   30.0000   37.5000 9622.5605    8.8929
   -7.5000   37.5000   37.5000 9429.9629    9.2440
    0.0000   37.5000   37.5000 9870.1484    9.2450
    7.5000   37.5000   37.5000 9407.5459    9.2547
   -7.5000   45.0000   37.5000 8866.6357    9.4093
    0.0000   45.0000   37.5000 9299.6396    9.4054
    7.5000   45.0000   37.5000 8860.0732    9.4174
   -7.5000  -45.0000   45.0000 9373.8311    8.5486
    0.0000  -45.0000   45.0000 9762.4229    8.5410
    7.5000  -45.0000   45.0000 9368.6699    8.5543
   -7.5000  -37.5000   45.0000 9507.8799    8.5590
    0.0000  -37.5000   45.0000 9923.4629    8.5504
    7.5000  -37.5000   45.0000 9501.4629    8.5647
   -7.5000  -30.0000   45.0000 9879.9199    8.3840
    0.0000  -30.0000   45.000010320.6758    8.3764
    7.5000  -30.0000   45.0000 9866.7627    8.3857
   -7.5000  -22.5000   45.000010222.0527    8.2730
    0.0000  -22.5000   45.000010676.8545    8.2688
    7.5000  -22.5000   45.000010181.6543    8.2746
   -7.5000  -15.0000   45.000010534.2041    8.2298
    0.0000  -15.0000   45.000010996.4717    8.2280
    7.5000  -15.0000   45.000010477.5557    8.2339
   -7.5000   -7.5000   45.000010845.3027    8.2008
    0.0000   -7.5000   45.000011380.0000    8.1975
    7.5000   -7.5000   45.000010832.6924    8.2070
   -7.5000    0.0000   45.000011084.6953    8.1988
    0.0000    0.0000   45.000011648.4990    8.1919
    7.5000    0.0000   45.000011108.8809    8.2046
   -7.5000    7.5000   45.000010509.2549    8.3517
    0.0000    7.5000   45.000011014.1328    8.3431
    7.5000    7.5000   45.000010508.1230    8.3559
   -7.5000   15.0000   45.0000 9916.1592    8.6403
    0.0000   15.0000   45.000010391.7646    8.6326
    7.5000   15.0000   45.0000 9921.0850    8.6418
   -7.5000   22.5000   45.0000 9387.9814    8.9662
    0.0000   22.5000   45.0000 9830.2578    8.9640
    7.5000   22.5000   45.0000 9367.2910    8.9717
   -7.5000   30.0000   45.0000 8826.2930    9.1908
    0.0000   30.0000   45.0000 9241.8965    9.1916
    7.5000   30.0000   45.0000 8795.7090    9.2013
   -7.5000   37.5000   45.0000 8630.7217    9.5708
    0.0000   37.5000   45.0000 9034.2871    9.5686
    7.5000   37.5000   45.0000 8599.4766    9.5817
   -7.5000   45.0000   45.0000 8136.9814    9.7612
    0.0000   45.0000   45.0000 8555.2305    9.7510
    7.5000   45.0000   45.0000 8123.3257    9.7653

---------------------------------------------------------------------
imgreg_4dfp /opt/freesurfer/average/711-2C_as_mni_average_305 /opt/freesurfer/average/711-2B_as_mni_average_305_mask talsrcimg_g11 none talsrcimg_to_711-2C_as_mni_average_305_t4 4355
---------------------------------------------------------------------

freesurfer imgreg_4dfp.c
/opt/freesurfer/average/711-2C_as_mni_average_305.4dfp.img
       256       256       256         1
  1.000000  1.000000  1.000000
orientation T byte_order littleendian
Reading image: /opt/freesurfer/average/711-2C_as_mni_average_305.4dfp.img
dimensions:      256       256       256
mmppix:       1.0000   -1.0000   -1.0000
center:     128.0000 -129.0000 -129.0000
/opt/freesurfer/average/711-2B_as_mni_average_305_mask.4dfp.img
       256       256       256         1
  1.000000  1.000000  1.000000
orientation T byte_order littleendian
Reading mask: /opt/freesurfer/average/711-2B_as_mni_average_305_mask.4dfp.img (2306576 pixels)
talsrcimg_g11.4dfp.img
       256       256       256         1
  1.000000  1.000000  1.000000
orientation T byte_order littleendian
Reading image: talsrcimg_g11.4dfp.img
dimensions:      256       256       256
mmppix:       1.0000   -1.0000   -1.0000
center:     128.0000 -129.0000 -129.0000
rotation matrix determinant  1.000000
image alignment mode   4355 decimal     1103 hex
   -7.5000  -45.0000  -45.0000 2423.8325    9.8824
    0.0000  -45.0000  -45.0000 2441.8137    9.7724
    7.5000  -45.0000  -45.0000 2426.3367    9.7610
   -7.5000  -37.5000  -45.0000 2443.2974    9.8546
    0.0000  -37.5000  -45.0000 2466.7805    9.7803
    7.5000  -37.5000  -45.0000 2449.7576    9.7898
   -7.5000  -30.0000  -45.0000 2470.7834    9.7878
    0.0000  -30.0000  -45.0000 2497.7542    9.7094
    7.5000  -30.0000  -45.0000 2477.9990    9.7524
   -7.5000  -22.5000  -45.0000 2503.9829    9.6825
    0.0000  -22.5000  -45.0000 2527.1499    9.6006
    7.5000  -22.5000  -45.0000 2505.0957    9.6527
   -7.5000  -15.0000  -45.0000 2529.8950    9.5932
    0.0000  -15.0000  -45.0000 2548.4021    9.4944
    7.5000  -15.0000  -45.0000 2521.9353    9.5506
   -7.5000   -7.5000  -45.0000 2543.3186    9.5242
    0.0000   -7.5000  -45.0000 2562.7004    9.4301
    7.5000   -7.5000  -45.0000 2544.5740    9.4686
   -7.5000    0.0000  -45.0000 2558.6213    9.4772
    0.0000    0.0000  -45.0000 2569.5168    9.4044
    7.5000    0.0000  -45.0000 2556.8745    9.4426
   -7.5000    7.5000  -45.0000 2571.1238    9.4847
    0.0000    7.5000  -45.0000 2580.1553    9.4182
    7.5000    7.5000  -45.0000 2560.4814    9.4697
   -7.5000   15.0000  -45.0000 2573.9998    9.5367
    0.0000   15.0000  -45.0000 2578.5420    9.4907
    7.5000   15.0000  -45.0000 2557.8018    9.5745
   -7.5000   22.5000  -45.0000 2573.7671    9.6822
    0.0000   22.5000  -45.0000 2575.6006    9.6447
    7.5000   22.5000  -45.0000 2555.0183    9.7495
   -7.5000   30.0000  -45.0000 2556.6414    9.9598
    0.0000   30.0000  -45.0000 2561.8723    9.9234
    7.5000   30.0000  -45.0000 2537.9189   10.0218
   -7.5000   37.5000  -45.0000 2527.7766   10.3708
    0.0000   37.5000  -45.0000 2531.9500   10.3360
    7.5000   37.5000  -45.0000 2510.3115   10.4514
   -7.5000   45.0000  -45.0000 2466.7241   10.9468
    0.0000   45.0000  -45.0000 2470.1453   10.8983
    7.5000   45.0000  -45.0000 2453.4041   11.0181
   -7.5000  -45.0000  -37.5000 2495.5229    9.3020
    0.0000  -45.0000  -37.5000 2517.9419    9.2110
    7.5000  -45.0000  -37.5000 2499.0789    9.2122
   -7.5000  -37.5000  -37.5000 2514.6362    9.2679
    0.0000  -37.5000  -37.5000 2539.8381    9.1826
    7.5000  -37.5000  -37.5000 2519.4749    9.2133
   -7.5000  -30.0000  -37.5000 2546.1282    9.1921
    0.0000  -30.0000  -37.5000 2570.0767    9.1184
    7.5000  -30.0000  -37.5000 2552.7544    9.1679
   -7.5000  -22.5000  -37.5000 2577.9968    9.1074
    0.0000  -22.5000  -37.5000 2601.2373    9.0397
    7.5000  -22.5000  -37.5000 2580.8577    9.0891
   -7.5000  -15.0000  -37.5000 2591.5779    9.0308
    0.0000  -15.0000  -37.5000 2614.2283    8.9413
    7.5000  -15.0000  -37.5000 2590.2336    9.0137
   -7.5000   -7.5000  -37.5000 2607.1506    8.9508
    0.0000   -7.5000  -37.5000 2626.8462    8.8651
    7.5000   -7.5000  -37.5000 2612.7454    8.9318
   -7.5000    0.0000  -37.5000 2625.9980    8.8978
    0.0000    0.0000  -37.5000 2642.2585    8.8182
    7.5000    0.0000  -37.5000 2629.3552    8.8821
   -7.5000    7.5000  -37.5000 2644.9763    8.9053
    0.0000    7.5000  -37.5000 2653.4312    8.8119
    7.5000    7.5000  -37.5000 2635.2375    8.9036
   -7.5000   15.0000  -37.5000 2652.8064    8.9601
    0.0000   15.0000  -37.5000 2654.0637    8.8778
    7.5000   15.0000  -37.5000 2631.6108    8.9876
   -7.5000   22.5000  -37.5000 2652.1992    9.0966
    0.0000   22.5000  -37.5000 2652.6960    9.0267
    7.5000   22.5000  -37.5000 2636.1682    9.1487
   -7.5000   30.0000  -37.5000 2636.9114    9.3577
    0.0000   30.0000  -37.5000 2642.6948    9.3044
    7.5000   30.0000  -37.5000 2624.0061    9.4104
   -7.5000   37.5000  -37.5000 2609.5125    9.7492
    0.0000   37.5000  -37.5000 2615.0972    9.6861
    7.5000   37.5000  -37.5000 2600.2334    9.8071
   -7.5000   45.0000  -37.5000 2549.8088   10.2764
    0.0000   45.0000  -37.5000 2554.6226   10.2043
    7.5000   45.0000  -37.5000 2538.2922   10.3209
   -7.5000  -45.0000  -30.0000 2603.2148    9.1849
    0.0000  -45.0000  -30.0000 2627.6423    9.0646
    7.5000  -45.0000  -30.0000 2611.6233    9.0938
   -7.5000  -37.5000  -30.0000 2619.2913    9.1366
    0.0000  -37.5000  -30.0000 2647.8459    9.0327
    7.5000  -37.5000  -30.0000 2629.6785    9.0822
   -7.5000  -30.0000  -30.0000 2641.8259    9.0670
    0.0000  -30.0000  -30.0000 2671.1931    8.9736
    7.5000  -30.0000  -30.0000 2653.1333    9.0440
   -7.5000  -22.5000  -30.0000 2672.9468    9.0064
    0.0000  -22.5000  -30.0000 2697.4751    8.8787
    7.5000  -22.5000  -30.0000 2675.7600    8.9592
   -7.5000  -15.0000  -30.0000 2683.1084    8.9230
    0.0000  -15.0000  -30.0000 2705.0835    8.7974
    7.5000  -15.0000  -30.0000 2690.9829    8.8842
   -7.5000   -7.5000  -30.0000 2699.7368    8.8266
    0.0000   -7.5000  -30.0000 2720.2046    8.6927
    7.5000   -7.5000  -30.0000 2707.0278    8.8005
   -7.5000    0.0000  -30.0000 2722.5645    8.7653
    0.0000    0.0000  -30.0000 2738.0337    8.6314
    7.5000    0.0000  -30.0000 2725.4580    8.7505
   -7.5000    7.5000  -30.0000 2752.4653    8.7513
    0.0000    7.5000  -30.0000 2756.5549    8.6181
    7.5000    7.5000  -30.0000 2736.9570    8.7526
   -7.5000   15.0000  -30.0000 2765.6106    8.8004
    0.0000   15.0000  -30.0000 2765.4998    8.6586
    7.5000   15.0000  -30.0000 2743.4792    8.8175
   -7.5000   22.5000  -30.0000 2769.1731    8.9055
    0.0000   22.5000  -30.0000 2768.6968    8.7857
    7.5000   22.5000  -30.0000 2751.7439    8.9717
   -7.5000   30.0000  -30.0000 2756.7148    9.1806
    0.0000   30.0000  -30.0000 2762.8809    9.0784
    7.5000   30.0000  -30.0000 2743.7175    9.2521
   -7.5000   37.5000  -30.0000 2730.2114    9.5788
    0.0000   37.5000  -30.0000 2735.6819    9.4825
    7.5000   37.5000  -30.0000 2722.6716    9.6447
   -7.5000   45.0000  -30.0000 2671.7705   10.0708
    0.0000   45.0000  -30.0000 2674.5962    9.9695
    7.5000   45.0000  -30.0000 2661.5791   10.1214
   -7.5000  -45.0000  -22.5000 2674.7100    9.0432
    0.0000  -45.0000  -22.5000 2694.7605    8.8850
    7.5000  -45.0000  -22.5000 2682.8516    8.9310
   -7.5000  -37.5000  -22.5000 2686.1130    8.9962
    0.0000  -37.5000  -22.5000 2710.7341    8.8418
    7.5000  -37.5000  -22.5000 2697.8926    8.9159
   -7.5000  -30.0000  -22.5000 2700.6108    8.9138
    0.0000  -30.0000  -22.5000 2726.5203    8.7724
    7.5000  -30.0000  -22.5000 2712.9446    8.8544
   -7.5000  -22.5000  -22.5000 2723.4021    8.8396
    0.0000  -22.5000  -22.5000 2749.3005    8.6983
    7.5000  -22.5000  -22.5000 2730.0725    8.7844
   -7.5000  -15.0000  -22.5000 2735.2019    8.7757
    0.0000  -15.0000  -22.5000 2750.2051    8.6323
    7.5000  -15.0000  -22.5000 2744.0381    8.7266
   -7.5000   -7.5000  -22.5000 2758.2415    8.7262
    0.0000   -7.5000  -22.5000 2763.1587    8.5696
    7.5000   -7.5000  -22.5000 2759.2644    8.6893
   -7.5000    0.0000  -22.5000 2785.5869    8.7052
    0.0000    0.0000  -22.5000 2784.3477    8.5420
    7.5000    0.0000  -22.5000 2776.0459    8.6758
   -7.5000    7.5000  -22.5000 2822.4038    8.7270
    0.0000    7.5000  -22.5000 2814.8350    8.5596
    7.5000    7.5000  -22.5000 2802.7466    8.7036
   -7.5000   15.0000  -22.5000 2841.2012    8.7444
    0.0000   15.0000  -22.5000 2836.4648    8.5822
    7.5000   15.0000  -22.5000 2819.6201    8.7770
   -7.5000   22.5000  -22.5000 2850.3301    8.7517
    0.0000   22.5000  -22.5000 2844.3523    8.6042
    7.5000   22.5000  -22.5000 2829.0205    8.8732
   -7.5000   30.0000  -22.5000 2842.3557    9.0263
    0.0000   30.0000  -22.5000 2842.5210    8.9292
    7.5000   30.0000  -22.5000 2820.9136    9.1141
   -7.5000   37.5000  -22.5000 2812.6841    9.4124
    0.0000   37.5000  -22.5000 2824.1250    9.3298
    7.5000   37.5000  -22.5000 2798.9570    9.4499
   -7.5000   45.0000  -22.5000 2750.9263    9.8725
    0.0000   45.0000  -22.5000 2761.7703    9.7986
    7.5000   45.0000  -22.5000 2740.7908    9.9033
   -7.5000  -45.0000  -15.0000 2706.0957    8.9230
    0.0000  -45.0000  -15.0000 2722.0293    8.7423
    7.5000  -45.0000  -15.0000 2716.9302    8.7822
   -7.5000  -37.5000  -15.0000 2710.6638    8.8377
    0.0000  -37.5000  -15.0000 2724.6992    8.6770
    7.5000  -37.5000  -15.0000 2721.8813    8.7361
   -7.5000  -30.0000  -15.0000 2714.0449    8.7494
    0.0000  -30.0000  -15.0000 2738.8044    8.5962
    7.5000  -30.0000  -15.0000 2726.8362    8.6655
   -7.5000  -22.5000  -15.0000 2734.8850    8.6808
    0.0000  -22.5000  -15.0000 2751.0354    8.5214
    7.5000  -22.5000  -15.0000 2741.6750    8.6067
   -7.5000  -15.0000  -15.0000 2748.1887    8.6312
    0.0000  -15.0000  -15.0000 2752.5400    8.4961
    7.5000  -15.0000  -15.0000 2755.1787    8.5844
   -7.5000   -7.5000  -15.0000 2779.9861    8.6387
    0.0000   -7.5000  -15.0000 2770.2822    8.5105
    7.5000   -7.5000  -15.0000 2771.0354    8.6149
   -7.5000    0.0000  -15.0000 2817.3625    8.7006
    0.0000    0.0000  -15.0000 2803.5710    8.5965
    7.5000    0.0000  -15.0000 2803.5681    8.6934
   -7.5000    7.5000  -15.0000 2855.5884    8.8188
    0.0000    7.5000  -15.0000 2855.4775    8.7672
    7.5000    7.5000  -15.0000 2849.3325    8.7975
   -7.5000   15.0000  -15.0000 2887.1580    8.8918
    0.0000   15.0000  -15.0000 2905.2073    8.8735
    7.5000   15.0000  -15.0000 2872.2200    8.8841
   -7.5000   22.5000  -15.0000 2898.3081    8.7988
    0.0000   22.5000  -15.0000 2909.0037    8.7604
    7.5000   22.5000  -15.0000 2869.5205    8.8872
   -7.5000   30.0000  -15.0000 2886.2793    8.9206
    0.0000   30.0000  -15.0000 2894.9114    8.8833
    7.5000   30.0000  -15.0000 2850.1819    8.9751
   -7.5000   37.5000  -15.0000 2851.0745    9.2487
    0.0000   37.5000  -15.0000 2862.0303    9.2073
    7.5000   37.5000  -15.0000 2826.3872    9.2643
   -7.5000   45.0000  -15.0000 2785.8293    9.7190
    0.0000   45.0000  -15.0000 2795.1736    9.6608
    7.5000   45.0000  -15.0000 2772.3792    9.7262
   -7.5000  -45.0000   -7.5000 2726.2300    8.7988
    0.0000  -45.0000   -7.5000 2731.9460    8.6246
    7.5000  -45.0000   -7.5000 2733.9211    8.6967
   -7.5000  -37.5000   -7.5000 2721.8784    8.7317
    0.0000  -37.5000   -7.5000 2725.6780    8.5737
    7.5000  -37.5000   -7.5000 2726.8708    8.6376
   -7.5000  -30.0000   -7.5000 2722.1658    8.6418
    0.0000  -30.0000   -7.5000 2730.7593    8.5026
    7.5000  -30.0000   -7.5000 2725.3662    8.5795
   -7.5000  -22.5000   -7.5000 2736.5339    8.5831
    0.0000  -22.5000   -7.5000 2740.3193    8.4820
    7.5000  -22.5000   -7.5000 2734.3708    8.5610
   -7.5000  -15.0000   -7.5000 2750.8735    8.6178
    0.0000  -15.0000   -7.5000 2752.6614    8.5480
    7.5000  -15.0000   -7.5000 2749.0483    8.6184
   -7.5000   -7.5000   -7.5000 2786.9966    8.6732
    0.0000   -7.5000   -7.5000 2787.2937    8.6204
    7.5000   -7.5000   -7.5000 2777.2317    8.6831
   -7.5000    0.0000   -7.5000 2830.1816    8.7615
    0.0000    0.0000   -7.5000 2847.4111    8.7370
    7.5000    0.0000   -7.5000 2825.1101    8.7878
   -7.5000    7.5000   -7.5000 2883.3809    8.8839
    0.0000    7.5000   -7.5000 2910.2739    8.9360
    7.5000    7.5000   -7.5000 2879.8931    8.8977
   -7.5000   15.0000   -7.5000 2920.8960    8.9907
    0.0000   15.0000   -7.5000 2955.9832    9.0847
    7.5000   15.0000   -7.5000 2904.3030    8.9851
   -7.5000   22.5000   -7.5000 2924.8982    8.9201
    0.0000   22.5000   -7.5000 2955.5022    9.0010
    7.5000   22.5000   -7.5000 2889.3911    8.9514
   -7.5000   30.0000   -7.5000 2896.5037    8.9295
    0.0000   30.0000   -7.5000 2919.1384    8.9541
    7.5000   30.0000   -7.5000 2859.7568    8.9547
   -7.5000   37.5000   -7.5000 2859.6143    9.1638
    0.0000   37.5000   -7.5000 2876.1196    9.1364
    7.5000   37.5000   -7.5000 2826.4377    9.1736
   -7.5000   45.0000   -7.5000 2791.8345    9.6427
    0.0000   45.0000   -7.5000 2801.6157    9.5551
    7.5000   45.0000   -7.5000 2773.1584    9.6344
   -7.5000  -45.0000    0.0000 2716.8403    8.7197
    0.0000  -45.0000    0.0000 2729.0454    8.6155
    7.5000  -45.0000    0.0000 2732.6414    8.7083
   -7.5000  -37.5000    0.0000 2719.3489    8.6985
    0.0000  -37.5000    0.0000 2729.3188    8.6248
    7.5000  -37.5000    0.0000 2723.1484    8.6775
   -7.5000  -30.0000    0.0000 2714.1045    8.6715
    0.0000  -30.0000    0.0000 2731.5691    8.6172
    7.5000  -30.0000    0.0000 2723.2441    8.6795
   -7.5000  -22.5000    0.0000 2733.3186    8.7273
    0.0000  -22.5000    0.0000 2744.0901    8.6861
    7.5000  -22.5000    0.0000 2733.0229    8.7616
   -7.5000  -15.0000    0.0000 2753.3967    8.7907
    0.0000  -15.0000    0.0000 2757.9070    8.7677
    7.5000  -15.0000    0.0000 2745.8884    8.8260
   -7.5000   -7.5000    0.0000 2789.0305    8.8385
    0.0000   -7.5000    0.0000 2800.2058    8.8235
    7.5000   -7.5000    0.0000 2778.7039    8.8800
   -7.5000    0.0000    0.0000 2834.8423    8.9053
    0.0000    0.0000    0.0000 2857.2566    8.8714
    7.5000    0.0000    0.0000 2827.8789    8.9314
   -7.5000    7.5000    0.0000 2889.4329    8.9924
    0.0000    7.5000    0.0000 2917.6865    8.9913
    7.5000    7.5000    0.0000 2880.5095    8.9877
   -7.5000   15.0000    0.0000 2929.5684    9.0689
    0.0000   15.0000    0.0000 2961.4390    9.0999
    7.5000   15.0000    0.0000 2914.9700    9.0593
   -7.5000   22.5000    0.0000 2925.9661    8.9616
    0.0000   22.5000    0.0000 2952.6418    8.9600
    7.5000   22.5000    0.0000 2904.2812    8.9961
   -7.5000   30.0000    0.0000 2888.9626    9.0083
    0.0000   30.0000    0.0000 2908.7603    8.9285
    7.5000   30.0000    0.0000 2862.8750    9.0442
   -7.5000   37.5000    0.0000 2850.4219    9.2804
    0.0000   37.5000    0.0000 2868.0029    9.1781
    7.5000   37.5000    0.0000 2824.4487    9.3102
   -7.5000   45.0000    0.0000 2778.6938    9.7907
    0.0000   45.0000    0.0000 2795.7439    9.6931
    7.5000   45.0000    0.0000 2761.4380    9.7951
   -7.5000  -45.0000    7.5000 2713.7129    8.8431
    0.0000  -45.0000    7.5000 2725.7920    8.7681
    7.5000  -45.0000    7.5000 2722.3640    8.8495
   -7.5000  -37.5000    7.5000 2721.8562    8.9061
    0.0000  -37.5000    7.5000 2736.1907    8.8417
    7.5000  -37.5000    7.5000 2722.4185    8.8833
   -7.5000  -30.0000    7.5000 2727.0632    8.9403
    0.0000  -30.0000    7.5000 2741.8108    8.8730
    7.5000  -30.0000    7.5000 2727.2869    8.9700
   -7.5000  -22.5000    7.5000 2739.4590    8.9770
    0.0000  -22.5000    7.5000 2752.3997    8.9213
    7.5000  -22.5000    7.5000 2735.0869    9.0320
   -7.5000  -15.0000    7.5000 2753.8960    9.0264
    0.0000  -15.0000    7.5000 2769.3303    8.9802
    7.5000  -15.0000    7.5000 2745.5120    9.0796
   -7.5000   -7.5000    7.5000 2784.3887    9.0235
    0.0000   -7.5000    7.5000 2802.0361    8.9761
    7.5000   -7.5000    7.5000 2775.4417    9.0683
   -7.5000    0.0000    7.5000 2823.9214    9.0411
    0.0000    0.0000    7.5000 2842.1555    9.0075
    7.5000    0.0000    7.5000 2817.7888    9.0951
   -7.5000    7.5000    7.5000 2870.8579    9.0917
    0.0000    7.5000    7.5000 2893.8757    9.0867
    7.5000    7.5000    7.5000 2863.4097    9.1256
   -7.5000   15.0000    7.5000 2901.3667    9.0778
    0.0000   15.0000    7.5000 2926.6877    9.0669
    7.5000   15.0000    7.5000 2890.0212    9.1286
   -7.5000   22.5000    7.5000 2891.5051    8.9975
    0.0000   22.5000    7.5000 2907.6582    8.8830
    7.5000   22.5000    7.5000 2879.2212    9.0693
   -7.5000   30.0000    7.5000 2869.6257    9.1294
    0.0000   30.0000    7.5000 2882.0188    8.9671
    7.5000   30.0000    7.5000 2850.3169    9.1932
   -7.5000   37.5000    7.5000 2830.0750    9.4801
    0.0000   37.5000    7.5000 2848.0535    9.3406
    7.5000   37.5000    7.5000 2813.2820    9.5085
   -7.5000   45.0000    7.5000 2758.2139   10.0204
    0.0000   45.0000    7.5000 2773.9885    9.8839
    7.5000   45.0000    7.5000 2743.3079   10.0220
   -7.5000  -45.0000   15.0000 2712.3191    9.1447
    0.0000  -45.0000   15.0000 2721.4885    9.0447
    7.5000  -45.0000   15.0000 2714.8958    9.1191
   -7.5000  -37.5000   15.0000 2722.3372    9.2056
    0.0000  -37.5000   15.0000 2738.9463    9.1141
    7.5000  -37.5000   15.0000 2725.0051    9.2064
   -7.5000  -30.0000   15.0000 2730.8420    9.2411
    0.0000  -30.0000   15.0000 2747.9531    9.1582
    7.5000  -30.0000   15.0000 2728.9424    9.2660
   -7.5000  -22.5000   15.0000 2734.8066    9.2450
    0.0000  -22.5000   15.0000 2753.9919    9.1427
    7.5000  -22.5000   15.0000 2733.6848    9.2769
   -7.5000  -15.0000   15.0000 2741.0212    9.2575
    0.0000  -15.0000   15.0000 2761.8538    9.1564
    7.5000  -15.0000   15.0000 2739.3164    9.2923
   -7.5000   -7.5000   15.0000 2770.6475    9.2540
    0.0000   -7.5000   15.0000 2787.0444    9.1675
    7.5000   -7.5000   15.0000 2760.0493    9.2962
   -7.5000    0.0000   15.0000 2800.8279    9.2618
    0.0000    0.0000   15.0000 2815.6819    9.2114
    7.5000    0.0000   15.0000 2792.0400    9.3135
   -7.5000    7.5000   15.0000 2838.1450    9.3206
    0.0000    7.5000   15.0000 2851.5081    9.2647
    7.5000    7.5000   15.0000 2827.9370    9.3652
   -7.5000   15.0000   15.0000 2856.1575    9.2644
    0.0000   15.0000   15.0000 2866.2498    9.1771
    7.5000   15.0000   15.0000 2838.5933    9.3247
   -7.5000   22.5000   15.0000 2856.1951    9.2680
    0.0000   22.5000   15.0000 2859.2380    9.0809
    7.5000   22.5000   15.0000 2839.2222    9.3363
   -7.5000   30.0000   15.0000 2829.4646    9.4826
    0.0000   30.0000   15.0000 2841.8760    9.3274
    7.5000   30.0000   15.0000 2815.9189    9.5222
   -7.5000   37.5000   15.0000 2789.5845    9.8678
    0.0000   37.5000   15.0000 2804.4443    9.7357
    7.5000   37.5000   15.0000 2777.3162    9.8870
   -7.5000   45.0000   15.0000 2726.3835   10.3868
    0.0000   45.0000   15.0000 2736.0469   10.2631
    7.5000   45.0000   15.0000 2709.7056   10.3956
   -7.5000  -45.0000   22.5000 2702.5454    9.5239
    0.0000  -45.0000   22.5000 2718.5361    9.3801
    7.5000  -45.0000   22.5000 2714.2119    9.4565
   -7.5000  -37.5000   22.5000 2709.1174    9.5375
    0.0000  -37.5000   22.5000 2728.0730    9.4137
    7.5000  -37.5000   22.5000 2719.8059    9.5156
   -7.5000  -30.0000   22.5000 2709.1902    9.5510
    0.0000  -30.0000   22.5000 2728.8950    9.4124
    7.5000  -30.0000   22.5000 2716.7007    9.5373
   -7.5000  -22.5000   22.5000 2714.1177    9.5461
    0.0000  -22.5000   22.5000 2731.5413    9.4032
    7.5000  -22.5000   22.5000 2720.3486    9.5433
   -7.5000  -15.0000   22.5000 2721.0586    9.5507
    0.0000  -15.0000   22.5000 2740.1858    9.3878
    7.5000  -15.0000   22.5000 2722.1292    9.5365
   -7.5000   -7.5000   22.5000 2749.1453    9.5739
    0.0000   -7.5000   22.5000 2760.3286    9.4602
    7.5000   -7.5000   22.5000 2738.2654    9.5900
   -7.5000    0.0000   22.5000 2771.2095    9.6202
    0.0000    0.0000   22.5000 2783.9248    9.5147
    7.5000    0.0000   22.5000 2759.5842    9.6406
   -7.5000    7.5000   22.5000 2798.6638    9.6715
    0.0000    7.5000   22.5000 2807.1501    9.5412
    7.5000    7.5000   22.5000 2786.2798    9.6638
   -7.5000   15.0000   22.5000 2802.6560    9.6207
    0.0000   15.0000   22.5000 2806.1011    9.4360
    7.5000   15.0000   22.5000 2787.0093    9.6538
   -7.5000   22.5000   22.5000 2804.4927    9.7054
    0.0000   22.5000   22.5000 2806.3782    9.5149
    7.5000   22.5000   22.5000 2784.3638    9.7514
   -7.5000   30.0000   22.5000 2775.7810    9.9622
    0.0000   30.0000   22.5000 2785.9131    9.8172
    7.5000   30.0000   22.5000 2760.8416   10.0073
   -7.5000   37.5000   22.5000 2730.4644   10.3816
    0.0000   37.5000   22.5000 2738.1296   10.2435
    7.5000   37.5000   22.5000 2717.7336   10.4070
   -7.5000   45.0000   22.5000 2668.4861   10.9190
    0.0000   45.0000   22.5000 2680.9397   10.7784
    7.5000   45.0000   22.5000 2651.7449   10.9361
   -7.5000  -45.0000   30.0000 2670.7070    9.9102
    0.0000  -45.0000   30.0000 2684.4148    9.6973
    7.5000  -45.0000   30.0000 2676.2852    9.7873
   -7.5000  -37.5000   30.0000 2676.6895    9.8930
    0.0000  -37.5000   30.0000 2695.6238    9.6967
    7.5000  -37.5000   30.0000 2682.1284    9.8030
   -7.5000  -30.0000   30.0000 2685.7256    9.9070
    0.0000  -30.0000   30.0000 2696.9541    9.7106
    7.5000  -30.0000   30.0000 2685.4077    9.8389
   -7.5000  -22.5000   30.0000 2687.3643    9.9290
    0.0000  -22.5000   30.0000 2695.6743    9.7249
    7.5000  -22.5000   30.0000 2690.0383    9.8516
   -7.5000  -15.0000   30.0000 2694.2639    9.9128
    0.0000  -15.0000   30.0000 2706.0200    9.7180
    7.5000  -15.0000   30.0000 2692.6265    9.8668
   -7.5000   -7.5000   30.0000 2712.5034    9.9433
    0.0000   -7.5000   30.0000 2723.8025    9.7807
    7.5000   -7.5000   30.0000 2706.4436    9.9147
   -7.5000    0.0000   30.0000 2727.5396   10.0053
    0.0000    0.0000   30.0000 2741.4202    9.8378
    7.5000    0.0000   30.0000 2721.0999    9.9898
   -7.5000    7.5000   30.0000 2741.2512   10.0587
    0.0000    7.5000   30.0000 2750.3918    9.8769
    7.5000    7.5000   30.0000 2734.8345   10.0511
   -7.5000   15.0000   30.0000 2742.2883   10.0692
    0.0000   15.0000   30.0000 2749.5403    9.8650
    7.5000   15.0000   30.0000 2728.0579   10.1069
   -7.5000   22.5000   30.0000 2738.1399   10.2515
    0.0000   22.5000   30.0000 2744.7463   10.0613
    7.5000   22.5000   30.0000 2721.0344   10.2722
   -7.5000   30.0000   30.0000 2699.9048   10.5585
    0.0000   30.0000   30.0000 2715.3999   10.4007
    7.5000   30.0000   30.0000 2690.6531   10.5677
   -7.5000   37.5000   30.0000 2657.3438   10.9894
    0.0000   37.5000   30.0000 2667.5164   10.8532
    7.5000   37.5000   30.0000 2646.2312   10.9983
   -7.5000   45.0000   30.0000 2594.8696   11.5511
    0.0000   45.0000   30.0000 2614.8633   11.3918
    7.5000   45.0000   30.0000 2584.2515   11.5634
   -7.5000  -45.0000   37.5000 2629.6599   10.3609
    0.0000  -45.0000   37.5000 2636.6455   10.0610
    7.5000  -45.0000   37.5000 2627.5754   10.1563
   -7.5000  -37.5000   37.5000 2640.7185   10.3248
    0.0000  -37.5000   37.5000 2649.1746   10.0623
    7.5000  -37.5000   37.5000 2635.5801   10.1659
   -7.5000  -30.0000   37.5000 2648.4929   10.3332
    0.0000  -30.0000   37.5000 2655.6416   10.0891
    7.5000  -30.0000   37.5000 2647.0901   10.2294
   -7.5000  -22.5000   37.5000 2658.1287   10.3570
    0.0000  -22.5000   37.5000 2659.7834   10.1029
    7.5000  -22.5000   37.5000 2650.3203   10.2590
   -7.5000  -15.0000   37.5000 2659.1550   10.3078
    0.0000  -15.0000   37.5000 2665.5774   10.0739
    7.5000  -15.0000   37.5000 2649.5251   10.2539
   -7.5000   -7.5000   37.5000 2678.9053   10.3359
    0.0000   -7.5000   37.5000 2687.5210   10.1167
    7.5000   -7.5000   37.5000 2670.1697   10.3087
   -7.5000    0.0000   37.5000 2685.2009   10.4214
    0.0000    0.0000   37.5000 2701.7888   10.2071
    7.5000    0.0000   37.5000 2684.6809   10.3896
   -7.5000    7.5000   37.5000 2683.3938   10.5083
    0.0000    7.5000   37.5000 2696.5134   10.3112
    7.5000    7.5000   37.5000 2678.6948   10.5120
   -7.5000   15.0000   37.5000 2671.3254   10.6171
    0.0000   15.0000   37.5000 2682.4739   10.4305
    7.5000   15.0000   37.5000 2660.9429   10.6406
   -7.5000   22.5000   37.5000 2663.4683   10.9195
    0.0000   22.5000   37.5000 2670.6160   10.7070
    7.5000   22.5000   37.5000 2649.2295   10.8924
   -7.5000   30.0000   37.5000 2623.6001   11.2665
    0.0000   30.0000   37.5000 2640.7974   11.0605
    7.5000   30.0000   37.5000 2617.5239   11.2200
   -7.5000   37.5000   37.5000 2581.0032   11.6902
    0.0000   37.5000   37.5000 2596.7859   11.5122
    7.5000   37.5000   37.5000 2574.7705   11.6657
   -7.5000   45.0000   37.5000 2515.1392   12.2390
    0.0000   45.0000   37.5000 2538.1609   12.0670
    7.5000   45.0000   37.5000 2507.1416   12.2319
   -7.5000  -45.0000   45.0000 2575.5730   10.9161
    0.0000  -45.0000   45.0000 2576.5835   10.5777
    7.5000  -45.0000   45.0000 2571.6978   10.6571
   -7.5000  -37.5000   45.0000 2577.7559   10.8460
    0.0000  -37.5000   45.0000 2583.7251   10.5641
    7.5000  -37.5000   45.0000 2578.6118   10.6513
   -7.5000  -30.0000   45.0000 2586.7058   10.8705
    0.0000  -30.0000   45.0000 2591.3796   10.6046
    7.5000  -30.0000   45.0000 2588.9634   10.7119
   -7.5000  -22.5000   45.0000 2598.9954   10.8617
    0.0000  -22.5000   45.0000 2598.7302   10.6106
    7.5000  -22.5000   45.0000 2592.7236   10.7221
   -7.5000  -15.0000   45.0000 2603.9915   10.8251
    0.0000  -15.0000   45.0000 2605.0813   10.5633
    7.5000  -15.0000   45.0000 2594.4014   10.7158
   -7.5000   -7.5000   45.0000 2615.9785   10.8146
    0.0000   -7.5000   45.0000 2631.9834   10.5658
    7.5000   -7.5000   45.0000 2609.3953   10.7350
   -7.5000    0.0000   45.0000 2619.8076   10.8658
    0.0000    0.0000   45.0000 2642.4202   10.6375
    7.5000    0.0000   45.0000 2623.6750   10.8210
   -7.5000    7.5000   45.0000 2615.0369   11.0101
    0.0000    7.5000   45.0000 2631.6792   10.8075
    7.5000    7.5000   45.0000 2611.7905   11.0117
   -7.5000   15.0000   45.0000 2596.3850   11.2239
    0.0000   15.0000   45.0000 2606.1531   11.0555
    7.5000   15.0000   45.0000 2591.3118   11.2163
   -7.5000   22.5000   45.0000 2584.1897   11.5958
    0.0000   22.5000   45.0000 2592.2334   11.4049
    7.5000   22.5000   45.0000 2571.1587   11.5548
   -7.5000   30.0000   45.0000 2543.4565   11.9814
    0.0000   30.0000   45.0000 2558.5544   11.8015
    7.5000   30.0000   45.0000 2535.7781   11.9160
   -7.5000   37.5000   45.0000 2494.5220   12.4211
    0.0000   37.5000   45.0000 2511.0291   12.2593
    7.5000   37.5000   45.0000 2485.7791   12.3995
   -7.5000   45.0000   45.0000 2424.7871   13.0025
    0.0000   45.0000   45.0000 2452.9971   12.8394
    7.5000   45.0000   45.0000 2419.1907   13.0097

---------------------------------------------------------------------
imgreg_4dfp /opt/freesurfer/average/711-2C_as_mni_average_305 /opt/freesurfer/average/711-2B_as_mni_average_305_mask talsrcimg_g11 none talsrcimg_to_711-2C_as_mni_average_305_t4 1283
---------------------------------------------------------------------

freesurfer imgreg_4dfp.c
/opt/freesurfer/average/711-2C_as_mni_average_305.4dfp.img
       256       256       256         1
  1.000000  1.000000  1.000000
orientation T byte_order littleendian
Reading image: /opt/freesurfer/average/711-2C_as_mni_average_305.4dfp.img
dimensions:      256       256       256
mmppix:       1.0000   -1.0000   -1.0000
center:     128.0000 -129.0000 -129.0000
/opt/freesurfer/average/711-2B_as_mni_average_305_mask.4dfp.img
       256       256       256         1
  1.000000  1.000000  1.000000
orientation T byte_order littleendian
Reading mask: /opt/freesurfer/average/711-2B_as_mni_average_305_mask.4dfp.img (2306576 pixels)
talsrcimg_g11.4dfp.img
       256       256       256         1
  1.000000  1.000000  1.000000
orientation T byte_order littleendian
Reading image: talsrcimg_g11.4dfp.img
dimensions:      256       256       256
mmppix:       1.0000   -1.0000   -1.0000
center:     128.0000 -129.0000 -129.0000
rotation matrix determinant  1.000000
fimgreg.f
image alignment mode   1283 decimal      503 hex
parameters
    0.0000   15.0000    0.0000    0.0000    0.0000    0.0000
eta,q 0.92958  9.17013
niter,ni,del,rscale     5    3   12.0000    1.2000
parameter  3  0.730199 ->  0.500000 qaram    1.1500
parameter  4  0.998202 ->  0.500000 qaram    1.1500
parameter  5 -0.589342 -> -0.500000 qaram    1.1500
parameter  6  6.098865 -> -0.500000 qaram    1.1500
parameters
   -2.8530   17.6729   -3.4500   -3.4500    3.4500    3.4500
eta,q 0.93742  9.03629
  0.0757  0.0879  0.0728  0.0680  0.0754  0.0720
  0.0742  0.0816  0.0708  0.0688  0.0719  0.0703
  0.0754  0.0766  0.0707  0.0695  0.0701  0.0693
  0.0759  0.0745  0.0729  0.0702  0.0691  0.0672
  0.0773  0.0735  0.0759  0.0736  0.0675  0.0644
  0.0793  0.0735  0.0775  0.0763  0.0671  0.0620
  0.0852  0.0749  0.0782  0.0794  0.0682  0.0610
niter,ni,del,rscale     7    3   12.0000    1.2000
parameter  4  1.325778 ->  0.500000 qaram    1.3225
parameters
   -2.0031   20.2402   -4.7956   -7.4175    1.8801    4.6864
eta,q 0.94570  9.10387
  0.0784  0.0763  0.0650  0.0544  0.0593  0.0632
  0.0680  0.0715  0.0606  0.0542  0.0572  0.0612
  0.0640  0.0672  0.0589  0.0566  0.0560  0.0586
  0.0626  0.0626  0.0599  0.0590  0.0547  0.0553
  0.0637  0.0597  0.0621  0.0626  0.0566  0.0543
  0.0668  0.0620  0.0654  0.0670  0.0616  0.0568
  0.0694  0.0644  0.0707  0.0703  0.0693  0.0605
niter,ni,del,rscale     7    3   12.0000    1.2000
parameter  4  0.667418 ->  0.500000 qaram    1.5209
parameters
   -1.4740   21.8140   -6.5466  -11.9801    1.0677    4.9556
eta,q 0.94926  9.09301
  0.0718  0.0740  0.0608  0.0526  0.0568  0.0580
  0.0626  0.0671  0.0559  0.0509  0.0524  0.0549
  0.0568  0.0596  0.0534  0.0509  0.0507  0.0521
  0.0543  0.0543  0.0544  0.0534  0.0508  0.0508
  0.0559  0.0549  0.0584  0.0594  0.0513  0.0512
  0.0601  0.0586  0.0649  0.0656  0.0548  0.0542
  0.0660  0.0611  0.0719  0.0695  0.0614  0.0571
niter,ni,del,rscale     7    3   12.0000    1.2000
parameters
   -1.3791   23.4102   -7.8743  -15.1853    0.9048    5.0316
eta,q 0.95184  9.08658
  0.0672  0.0699  0.0580  0.0538  0.0571  0.0563
  0.0570  0.0629  0.0522  0.0498  0.0517  0.0523
  0.0519  0.0558  0.0494  0.0480  0.0497  0.0495
  0.0507  0.0508  0.0503  0.0494  0.0481  0.0482
  0.0524  0.0507  0.0532  0.0545  0.0482  0.0496
  0.0576  0.0538  0.0590  0.0619  0.0524  0.0526
  0.0650  0.0575  0.0671  0.0687  0.0585  0.0556
niter,ni,del,rscale     6    3   12.0000    1.2000
parameters
   -1.5012   24.3421   -8.8680  -16.3845    0.7844    4.9028
eta,q 0.95357  9.04920
  0.0637  0.0662  0.0583  0.0572  0.0565  0.0559
  0.0533  0.0585  0.0503  0.0521  0.0511  0.0513
  0.0493  0.0519  0.0466  0.0472  0.0485  0.0482
  0.0482  0.0482  0.0477  0.0468  0.0463  0.0464
  0.0500  0.0484  0.0518  0.0501  0.0468  0.0483
  0.0555  0.0523  0.0574  0.0568  0.0512  0.0523
  0.0640  0.0582  0.0636  0.0644  0.0582  0.0562
niter,ni,del,rscale     5    3   12.0000    1.2000
parameters
   -1.4490   24.7330   -9.1803  -17.0292    0.6742    4.8923
eta,q 0.95384  9.02648
  0.0641  0.0638  0.0611  0.0570  0.0568  0.0562
  0.0528  0.0554  0.0526  0.0546  0.0512  0.0516
  0.0482  0.0488  0.0469  0.0478  0.0483  0.0483
  0.0464  0.0464  0.0464  0.0461  0.0461  0.0462
  0.0479  0.0480  0.0504  0.0491  0.0468  0.0478
  0.0539  0.0529  0.0561  0.0549  0.0514  0.0520
  0.0625  0.0596  0.0616  0.0621  0.0583  0.0562
niter,ni,del,rscale     4    3   12.0000    1.2000
parameters
   -1.3854   24.9131   -9.4198  -17.3526    0.5861    4.9084
eta,q 0.95391  9.01301
  0.0646  0.0629  0.0616  0.0571  0.0571  0.0562
  0.0532  0.0543  0.0531  0.0556  0.0513  0.0517
  0.0482  0.0478  0.0473  0.0486  0.0484  0.0484
  0.0462  0.0461  0.0462  0.0460  0.0460  0.0461
  0.0476  0.0482  0.0503  0.0484  0.0469  0.0477
  0.0541  0.0536  0.0561  0.0540  0.0516  0.0519
  0.0630  0.0604  0.0618  0.0610  0.0583  0.0561
niter,ni,del,rscale     3    3   12.0000    1.2000
parameters
   -1.3293   25.0041   -9.5542  -17.4996    0.5187    4.9299
eta,q 0.95390  9.00607
  0.0648  0.0625  0.0622  0.0572  0.0572  0.0562
  0.0535  0.0537  0.0536  0.0559  0.0514  0.0518
  0.0482  0.0473  0.0477  0.0492  0.0484  0.0485
  0.0461  0.0461  0.0461  0.0460  0.0461  0.0461
  0.0476  0.0485  0.0501  0.0481  0.0470  0.0476
  0.0543  0.0540  0.0560  0.0535  0.0516  0.0520
  0.0634  0.0605  0.0617  0.0604  0.0583  0.0562
niter,ni,del,rscale     2    3   12.0000    1.2000
parameters
   -1.2949   25.0466   -9.6264  -17.5630    0.4771    4.9468
eta,q 0.95389  9.00245
  0.0648  0.0623  0.0626  0.0573  0.0574  0.0562
  0.0536  0.0535  0.0540  0.0560  0.0515  0.0518
  0.0483  0.0472  0.0480  0.0495  0.0485  0.0485
  0.0461  0.0461  0.0461  0.0461  0.0461  0.0461
  0.0477  0.0487  0.0499  0.0480  0.0470  0.0477
  0.0546  0.0542  0.0560  0.0532  0.0516  0.0520
  0.0637  0.0607  0.0616  0.0602  0.0582  0.0562
niter,ni,del,rscale     1    3   12.0000    1.2000
parameters
   -1.2755   25.0665   -9.6646  -17.5925    0.4533    4.9578
eta,q 0.95388  9.00054
  0.0648  0.0622  0.0628  0.0573  0.0575  0.0562
  0.0536  0.0533  0.0542  0.0561  0.0516  0.0518
  0.0483  0.0471  0.0481  0.0496  0.0485  0.0485
  0.0461  0.0461  0.0461  0.0461  0.0461  0.0461
  0.0477  0.0488  0.0498  0.0480  0.0470  0.0477
  0.0547  0.0543  0.0559  0.0531  0.0516  0.0520
  0.0639  0.0607  0.0616  0.0601  0.0582  0.0562
registration optimization eta report
parameter search radius
    6.0000    6.0000    6.9000    9.1253    6.9000    6.9000
100000*second partial in parameter space
       51.       42.       32.       14.       24.       20.
  0.0648  0.0622  0.0628  0.0573  0.0575  0.0562
  0.0536  0.0533  0.0542  0.0561  0.0516  0.0518
  0.0483  0.0471  0.0481  0.0496  0.0485  0.0485
  0.0461  0.0461  0.0461  0.0461  0.0461  0.0461
  0.0477  0.0488  0.0498  0.0480  0.0470  0.0477
  0.0547  0.0543  0.0559  0.0531  0.0516  0.0520
  0.0639  0.0607  0.0616  0.0601  0.0582  0.0562
   -1.2755   25.0665   -9.6646  -17.5925    0.4533    4.9578
eta,q 0.95388  9.00054

---------------------------------------------------------------------
imgreg_4dfp /opt/freesurfer/average/711-2C_as_mni_average_305 /opt/freesurfer/average/711-2B_as_mni_average_305_mask talsrcimg_g11 none talsrcimg_to_711-2C_as_mni_average_305_t4 3335
---------------------------------------------------------------------

freesurfer imgreg_4dfp.c
/opt/freesurfer/average/711-2C_as_mni_average_305.4dfp.img
       256       256       256         1
  1.000000  1.000000  1.000000
orientation T byte_order littleendian
Reading image: /opt/freesurfer/average/711-2C_as_mni_average_305.4dfp.img
dimensions:      256       256       256
mmppix:       1.0000   -1.0000   -1.0000
center:     128.0000 -129.0000 -129.0000
/opt/freesurfer/average/711-2B_as_mni_average_305_mask.4dfp.img
       256       256       256         1
  1.000000  1.000000  1.000000
orientation T byte_order littleendian
Reading mask: /opt/freesurfer/average/711-2B_as_mni_average_305_mask.4dfp.img (2306576 pixels)
talsrcimg_g11.4dfp.img
       256       256       256         1
  1.000000  1.000000  1.000000
orientation T byte_order littleendian
Reading image: talsrcimg_g11.4dfp.img
dimensions:      256       256       256
mmppix:       1.0000   -1.0000   -1.0000
center:     128.0000 -129.0000 -129.0000
fimgreg.f
image alignment mode   3335 decimal      D07 hex
parameters
   -1.2755   25.0665   -9.6646   -0.3772   -5.0129   -4.6800
   -7.9997   -3.3634    8.6419   30.0463    0.7911  -30.2236
eta,q 0.95723  9.09853
niter,ni,del,rscale     5    3    5.0000    1.2000
parameter  4  1.307005 ->  0.500000 qaram    1.1500
parameter  5  1.075640 ->  0.500000 qaram    1.1500
parameter 10  0.606541 ->  0.500000 qaram    1.1500
parameters
   -1.1800   24.9181   -9.8690   -4.5172   -9.1529   -2.9388
   -6.8828   -2.8603    7.6838   25.9063    2.1701  -31.0688
eta,q 0.96983  9.17316
  0.0477  0.0454  0.0443  0.0360  0.0328  0.0388  0.0379  0.0422  0.0340  0.0312  0.0324  0.0320
  0.0451  0.0438  0.0433  0.0366  0.0329  0.0366  0.0351  0.0372  0.0329  0.0303  0.0313  0.0307
  0.0435  0.0429  0.0428  0.0389  0.0342  0.0347  0.0332  0.0336  0.0322  0.0306  0.0306  0.0302
  0.0428  0.0428  0.0427  0.0427  0.0371  0.0331  0.0323  0.0321  0.0321  0.0320  0.0303  0.0302
  0.0431  0.0433  0.0431  0.0478  0.0411  0.0321  0.0322  0.0327  0.0326  0.0347  0.0303  0.0307
  0.0445  0.0444  0.0438  0.0535  0.0454  0.0326  0.0333  0.0354  0.0337  0.0381  0.0306  0.0316
  0.0471  0.0460  0.0448  0.0587  0.0497  0.0358  0.0353  0.0398  0.0354  0.0423  0.0312  0.0329
niter,ni,del,rscale     7    3    5.0000    1.2000
parameters
   -1.3353   25.6638   -9.5353   -7.4145  -11.4063   -1.3623
   -6.5760   -3.1713    7.8172   26.8088    2.3276  -32.2600
eta,q 0.97186  9.15691
  0.0351  0.0360  0.0323  0.0322  0.0326  0.0343  0.0330  0.0348  0.0313  0.0355  0.0294  0.0298
  0.0322  0.0334  0.0309  0.0302  0.0306  0.0322  0.0306  0.0309  0.0298  0.0322  0.0288  0.0285
  0.0305  0.0314  0.0300  0.0291  0.0293  0.0306  0.0290  0.0289  0.0288  0.0298  0.0285  0.0281
  0.0302  0.0301  0.0297  0.0296  0.0292  0.0292  0.0284  0.0284  0.0284  0.0284  0.0282  0.0282
  0.0311  0.0297  0.0297  0.0326  0.0312  0.0282  0.0288  0.0294  0.0287  0.0285  0.0283  0.0287
  0.0332  0.0301  0.0302  0.0378  0.0360  0.0289  0.0302  0.0318  0.0296  0.0301  0.0287  0.0297
  0.0364  0.0317  0.0311  0.0445  0.0420  0.0318  0.0323  0.0360  0.0311  0.0333  0.0294  0.0310
niter,ni,del,rscale     6    3    5.0000    1.2000
parameters
   -1.3355   26.0679   -9.1802   -7.6531  -12.5218   -1.0811
   -6.5726   -3.2734    7.8824   27.4639    2.2765  -32.8243
eta,q 0.97200  9.14576
  0.0332  0.0329  0.0308  0.0342  0.0329  0.0331  0.0322  0.0347  0.0309  0.0345  0.0291  0.0299
  0.0305  0.0306  0.0294  0.0316  0.0306  0.0312  0.0300  0.0307  0.0294  0.0315  0.0286  0.0286
  0.0287  0.0290  0.0285  0.0293  0.0289  0.0296  0.0286  0.0287  0.0284  0.0293  0.0282  0.0280
  0.0281  0.0281  0.0280  0.0280  0.0281  0.0282  0.0281  0.0281  0.0281  0.0281  0.0280  0.0280
  0.0287  0.0281  0.0281  0.0282  0.0287  0.0279  0.0286  0.0289  0.0284  0.0283  0.0281  0.0284
  0.0304  0.0289  0.0286  0.0310  0.0323  0.0297  0.0300  0.0311  0.0293  0.0299  0.0285  0.0292
  0.0333  0.0305  0.0295  0.0362  0.0382  0.0334  0.0322  0.0349  0.0308  0.0331  0.0293  0.0304
niter,ni,del,rscale     5    3    5.0000    1.2000
parameters
   -1.3604   26.2844   -9.1787   -7.5691  -13.0465   -1.0865
   -6.5364   -3.3297    7.9320   27.8695    2.2338  -33.1314
eta,q 0.97198  9.14188
  0.0329  0.0320  0.0301  0.0345  0.0333  0.0328  0.0322  0.0347  0.0308  0.0340  0.0291  0.0301
  0.0302  0.0299  0.0289  0.0318  0.0309  0.0309  0.0300  0.0307  0.0293  0.0311  0.0285  0.0286
  0.0286  0.0286  0.0282  0.0295  0.0290  0.0294  0.0286  0.0286  0.0284  0.0291  0.0282  0.0281
  0.0280  0.0280  0.0280  0.0280  0.0279  0.0281  0.0281  0.0281  0.0281  0.0281  0.0280  0.0280
  0.0286  0.0282  0.0282  0.0280  0.0281  0.0280  0.0286  0.0288  0.0284  0.0283  0.0281  0.0284
  0.0303  0.0291  0.0289  0.0305  0.0309  0.0300  0.0300  0.0310  0.0292  0.0300  0.0285  0.0291
  0.0331  0.0308  0.0301  0.0355  0.0364  0.0339  0.0321  0.0348  0.0307  0.0333  0.0293  0.0302
niter,ni,del,rscale     4    3    5.0000    1.2000
parameters
   -1.3809   26.3892   -9.2501   -7.5274  -13.2836   -1.2003
   -6.5130   -3.3705    7.9631   28.1098    2.2075  -33.3118
eta,q 0.97194  9.13851
  0.0329  0.0316  0.0300  0.0345  0.0335  0.0327  0.0322  0.0348  0.0307  0.0337  0.0291  0.0302
  0.0302  0.0296  0.0288  0.0319  0.0311  0.0308  0.0300  0.0308  0.0292  0.0309  0.0286  0.0287
  0.0286  0.0285  0.0282  0.0295  0.0292  0.0294  0.0286  0.0287  0.0284  0.0290  0.0282  0.0281
  0.0280  0.0280  0.0280  0.0280  0.0280  0.0280  0.0281  0.0281  0.0281  0.0281  0.0281  0.0281
  0.0286  0.0283  0.0283  0.0280  0.0280  0.0280  0.0286  0.0288  0.0284  0.0283  0.0281  0.0284
  0.0303  0.0293  0.0290  0.0306  0.0303  0.0302  0.0300  0.0310  0.0292  0.0301  0.0285  0.0291
  0.0331  0.0310  0.0302  0.0357  0.0356  0.0341  0.0321  0.0348  0.0306  0.0335  0.0293  0.0302
niter,ni,del,rscale     3    3    5.0000    1.2000
parameters
   -1.3936   26.4534   -9.3291   -7.5099  -13.4022   -1.3195
   -6.4954   -3.3925    7.9765   28.2757    2.1897  -33.4410
eta,q 0.97190  9.13586
  0.0329  0.0314  0.0300  0.0346  0.0336  0.0327  0.0322  0.0348  0.0307  0.0335  0.0292  0.0302
  0.0303  0.0296  0.0289  0.0319  0.0312  0.0309  0.0300  0.0308  0.0292  0.0308  0.0286  0.0288
  0.0286  0.0285  0.0282  0.0296  0.0292  0.0294  0.0286  0.0287  0.0284  0.0290  0.0283  0.0282
  0.0281  0.0281  0.0281  0.0280  0.0280  0.0281  0.0281  0.0281  0.0281  0.0281  0.0281  0.0281
  0.0286  0.0284  0.0284  0.0281  0.0280  0.0280  0.0286  0.0288  0.0284  0.0284  0.0281  0.0284
  0.0303  0.0293  0.0291  0.0307  0.0302  0.0302  0.0300  0.0310  0.0292  0.0301  0.0285  0.0291
  0.0331  0.0311  0.0302  0.0358  0.0353  0.0341  0.0321  0.0348  0.0307  0.0335  0.0293  0.0302
niter,ni,del,rscale     2    3    5.0000    1.2000
parameters
   -1.4007   26.4983   -9.3978   -7.5032  -13.4783   -1.4234
   -6.4838   -3.4071    7.9858   28.4008    2.1629  -33.5391
eta,q 0.97186  9.13374
  0.0330  0.0314  0.0300  0.0346  0.0336  0.0327  0.0322  0.0348  0.0307  0.0335  0.0292  0.0303
  0.0303  0.0296  0.0289  0.0319  0.0313  0.0309  0.0300  0.0308  0.0293  0.0308  0.0286  0.0288
  0.0287  0.0285  0.0283  0.0296  0.0293  0.0294  0.0286  0.0287  0.0284  0.0290  0.0283  0.0282
  0.0281  0.0281  0.0281  0.0281  0.0281  0.0281  0.0282  0.0282  0.0282  0.0282  0.0281  0.0281
  0.0286  0.0284  0.0284  0.0281  0.0280  0.0280  0.0286  0.0289  0.0284  0.0284  0.0282  0.0285
  0.0303  0.0294  0.0291  0.0308  0.0301  0.0302  0.0300  0.0310  0.0293  0.0302  0.0286  0.0291
  0.0331  0.0311  0.0302  0.0358  0.0352  0.0341  0.0322  0.0348  0.0307  0.0336  0.0293  0.0302
niter,ni,del,rscale     1    3    5.0000    1.2000
parameters
   -1.4055   26.5325   -9.4543   -7.4986  -13.5347   -1.5088
   -6.4735   -3.4161    7.9825   28.4984    2.1522  -33.6132
eta,q 0.97184  9.13189
  0.0330  0.0314  0.0301  0.0346  0.0337  0.0327  0.0322  0.0348  0.0307  0.0334  0.0292  0.0303
  0.0304  0.0296  0.0289  0.0320  0.0313  0.0309  0.0300  0.0308  0.0293  0.0308  0.0286  0.0289
  0.0287  0.0285  0.0283  0.0296  0.0293  0.0294  0.0286  0.0287  0.0284  0.0290  0.0283  0.0282
  0.0281  0.0281  0.0281  0.0281  0.0281  0.0281  0.0282  0.0282  0.0282  0.0282  0.0282  0.0282
  0.0287  0.0284  0.0284  0.0282  0.0281  0.0280  0.0287  0.0289  0.0285  0.0284  0.0282  0.0285
  0.0303  0.0294  0.0291  0.0308  0.0302  0.0301  0.0301  0.0310  0.0293  0.0302  0.0286  0.0291
  0.0331  0.0312  0.0302  0.0358  0.0352  0.0340  0.0322  0.0347  0.0307  0.0336  0.0293  0.0302
registration optimization eta report
parameter search radius
    2.4000    2.4000    2.4000    8.2800    8.2800    7.2000
    7.2000    7.2000    7.2000    8.2800    7.2000    7.2000
100000*second partial in parameter space
       86.       55.       35.       10.        9.       10.
        8.       13.        5.        8.        2.        4.
  0.0330  0.0314  0.0301  0.0346  0.0337  0.0327  0.0322  0.0348  0.0307  0.0334  0.0292  0.0303
  0.0304  0.0296  0.0289  0.0320  0.0313  0.0309  0.0300  0.0308  0.0293  0.0308  0.0286  0.0289
  0.0287  0.0285  0.0283  0.0296  0.0293  0.0294  0.0286  0.0287  0.0284  0.0290  0.0283  0.0282
  0.0281  0.0281  0.0281  0.0281  0.0281  0.0281  0.0282  0.0282  0.0282  0.0282  0.0282  0.0282
  0.0287  0.0284  0.0284  0.0282  0.0281  0.0280  0.0287  0.0289  0.0285  0.0284  0.0282  0.0285
  0.0303  0.0294  0.0291  0.0308  0.0302  0.0301  0.0301  0.0310  0.0293  0.0302  0.0286  0.0291
  0.0331  0.0312  0.0302  0.0358  0.0352  0.0340  0.0322  0.0347  0.0307  0.0336  0.0293  0.0302
   -1.4055   26.5325   -9.4543   -7.4986  -13.5347   -1.5088
   -6.4735   -3.4161    7.9825   28.4984    2.1522  -33.6132
eta,q 0.97184  9.13189

---------------------------------------------------------------------
imgreg_4dfp /opt/freesurfer/average/711-2C_as_mni_average_305 /opt/freesurfer/average/711-2B_as_mni_average_305_mask talsrcimg_g11 none talsrcimg_to_711-2C_as_mni_average_305_t4 2311
---------------------------------------------------------------------

freesurfer imgreg_4dfp.c
/opt/freesurfer/average/711-2C_as_mni_average_305.4dfp.img
       256       256       256         1
  1.000000  1.000000  1.000000
orientation T byte_order littleendian
Reading image: /opt/freesurfer/average/711-2C_as_mni_average_305.4dfp.img
dimensions:      256       256       256
mmppix:       1.0000   -1.0000   -1.0000
center:     128.0000 -129.0000 -129.0000
/opt/freesurfer/average/711-2B_as_mni_average_305_mask.4dfp.img
       256       256       256         1
  1.000000  1.000000  1.000000
orientation T byte_order littleendian
Reading mask: /opt/freesurfer/average/711-2B_as_mni_average_305_mask.4dfp.img (2306576 pixels)
talsrcimg_g11.4dfp.img
       256       256       256         1
  1.000000  1.000000  1.000000
orientation T byte_order littleendian
Reading image: talsrcimg_g11.4dfp.img
dimensions:      256       256       256
mmppix:       1.0000   -1.0000   -1.0000
center:     128.0000 -129.0000 -129.0000
fimgreg.f
image alignment mode   2311 decimal      907 hex
parameters
   -1.4055   26.5325   -9.4543   -7.4986  -13.5347   -1.5088
   -6.4735   -3.4161    7.9825   28.4984    2.1522  -33.6132
eta,q 0.97184  9.13188
niter,ni,del,rscale     5    3    5.0000    0.8000
parameters
   -1.3958   26.5598   -9.5330   -6.6014  -12.6808   -1.1069
   -6.4568   -3.3670    7.8697   28.8050    2.2202  -33.5643
eta,q 0.97235  9.17326
  0.0304  0.0296  0.0290  0.0313  0.0305  0.0306  0.0297  0.0312  0.0289  0.0300  0.0283  0.0288
  0.0292  0.0288  0.0285  0.0300  0.0293  0.0296  0.0286  0.0292  0.0282  0.0288  0.0280  0.0281
  0.0284  0.0283  0.0282  0.0289  0.0285  0.0286  0.0279  0.0280  0.0278  0.0280  0.0277  0.0277
  0.0282  0.0282  0.0282  0.0282  0.0279  0.0278  0.0277  0.0277  0.0277  0.0277  0.0277  0.0277
  0.0284  0.0283  0.0283  0.0279  0.0278  0.0276  0.0279  0.0280  0.0278  0.0278  0.0277  0.0278
  0.0291  0.0287  0.0286  0.0284  0.0281  0.0284  0.0286  0.0291  0.0283  0.0284  0.0279  0.0281
  0.0304  0.0295  0.0291  0.0299  0.0293  0.0304  0.0297  0.0310  0.0290  0.0296  0.0283  0.0286
niter,ni,del,rscale     4    3    5.0000    0.7000
parameters
   -1.4108   26.4368   -9.4240   -6.6667  -12.6466   -0.7777
   -6.3912   -3.4343    7.9067   28.6302    2.2754  -33.4892
eta,q 0.97242  9.17729
  0.0295  0.0286  0.0286  0.0298  0.0293  0.0301  0.0292  0.0302  0.0285  0.0291  0.0281  0.0284
  0.0285  0.0280  0.0281  0.0288  0.0285  0.0292  0.0283  0.0287  0.0280  0.0283  0.0278  0.0279
  0.0279  0.0277  0.0278  0.0280  0.0279  0.0283  0.0278  0.0278  0.0277  0.0277  0.0276  0.0276
  0.0277  0.0277  0.0277  0.0277  0.0277  0.0277  0.0276  0.0276  0.0276  0.0276  0.0276  0.0276
  0.0279  0.0278  0.0277  0.0278  0.0277  0.0276  0.0277  0.0279  0.0277  0.0278  0.0276  0.0277
  0.0285  0.0283  0.0279  0.0286  0.0282  0.0283  0.0283  0.0288  0.0280  0.0284  0.0278  0.0279
  0.0296  0.0290  0.0283  0.0302  0.0295  0.0298  0.0291  0.0303  0.0285  0.0295  0.0281  0.0283
niter,ni,del,rscale     3    3    5.0000    0.6000
parameters
   -1.4125   26.3858   -9.2904   -6.5793  -12.5117   -0.4752
   -6.4010   -3.4469    7.8941   28.4760    2.3557  -33.3234
eta,q 0.97250  9.18423
  0.0290  0.0283  0.0283  0.0293  0.0288  0.0295  0.0287  0.0295  0.0282  0.0287  0.0279  0.0282
  0.0282  0.0279  0.0279  0.0285  0.0282  0.0288  0.0280  0.0284  0.0278  0.0280  0.0277  0.0278
  0.0277  0.0276  0.0277  0.0279  0.0278  0.0280  0.0276  0.0277  0.0276  0.0276  0.0276  0.0275
  0.0276  0.0276  0.0276  0.0276  0.0276  0.0276  0.0275  0.0275  0.0275  0.0275  0.0275  0.0275
  0.0277  0.0277  0.0276  0.0276  0.0276  0.0275  0.0276  0.0277  0.0276  0.0277  0.0275  0.0275
  0.0282  0.0280  0.0278  0.0282  0.0279  0.0281  0.0280  0.0284  0.0278  0.0281  0.0276  0.0277
  0.0290  0.0285  0.0280  0.0293  0.0288  0.0292  0.0287  0.0295  0.0282  0.0289  0.0279  0.0280
niter,ni,del,rscale     2    3    5.0000    0.5000
parameters
   -1.4106   26.3223   -9.1587   -6.5073  -12.3686   -0.2029
   -6.3943   -3.4621    7.8755   28.2818    2.4834  -33.1505
eta,q 0.97257  9.18990
  0.0285  0.0280  0.0280  0.0287  0.0284  0.0290  0.0283  0.0289  0.0279  0.0283  0.0277  0.0279
  0.0279  0.0277  0.0278  0.0281  0.0279  0.0284  0.0278  0.0281  0.0276  0.0278  0.0276  0.0276
  0.0276  0.0275  0.0276  0.0277  0.0276  0.0278  0.0275  0.0276  0.0275  0.0275  0.0275  0.0275
  0.0275  0.0275  0.0275  0.0275  0.0275  0.0275  0.0274  0.0274  0.0274  0.0274  0.0274  0.0274
  0.0276  0.0276  0.0275  0.0275  0.0275  0.0275  0.0275  0.0276  0.0275  0.0276  0.0274  0.0275
  0.0279  0.0278  0.0276  0.0279  0.0277  0.0279  0.0278  0.0281  0.0277  0.0279  0.0275  0.0276
  0.0285  0.0282  0.0278  0.0287  0.0283  0.0287  0.0283  0.0289  0.0279  0.0285  0.0277  0.0278
niter,ni,del,rscale     1    3    5.0000    0.4000
parameters
   -1.4073   26.2657   -9.0396   -6.4535  -12.2428    0.0137
   -6.3959   -3.4768    7.8630   28.0921    2.6097  -32.9439
eta,q 0.97261  9.19401
  0.0281  0.0278  0.0278  0.0282  0.0280  0.0285  0.0279  0.0283  0.0277  0.0279  0.0276  0.0277
  0.0277  0.0276  0.0276  0.0278  0.0277  0.0280  0.0276  0.0278  0.0275  0.0276  0.0275  0.0275
  0.0275  0.0275  0.0275  0.0276  0.0275  0.0276  0.0275  0.0275  0.0274  0.0274  0.0274  0.0274
  0.0274  0.0274  0.0274  0.0274  0.0274  0.0274  0.0274  0.0274  0.0274  0.0274  0.0274  0.0274
  0.0275  0.0275  0.0274  0.0275  0.0274  0.0274  0.0275  0.0275  0.0274  0.0275  0.0274  0.0274
  0.0277  0.0276  0.0275  0.0277  0.0276  0.0277  0.0276  0.0278  0.0275  0.0277  0.0275  0.0275
  0.0281  0.0279  0.0276  0.0282  0.0279  0.0282  0.0279  0.0283  0.0277  0.0281  0.0276  0.0276
registration optimization eta report
parameter search radius
    0.8000    0.8000    0.8000    2.4000    2.4000    2.4000
    2.4000    2.4000    2.4000    2.4000    2.4000    2.4000
100000*second partial in parameter space
       99.       63.       46.       14.        9.       16.
        9.       16.        6.       11.        4.        5.
  0.0281  0.0278  0.0278  0.0282  0.0280  0.0285  0.0279  0.0283  0.0277  0.0279  0.0276  0.0277
  0.0277  0.0276  0.0276  0.0278  0.0277  0.0280  0.0276  0.0278  0.0275  0.0276  0.0275  0.0275
  0.0275  0.0275  0.0275  0.0276  0.0275  0.0276  0.0275  0.0275  0.0274  0.0274  0.0274  0.0274
  0.0274  0.0274  0.0274  0.0274  0.0274  0.0274  0.0274  0.0274  0.0274  0.0274  0.0274  0.0274
  0.0275  0.0275  0.0274  0.0275  0.0274  0.0274  0.0275  0.0275  0.0274  0.0275  0.0274  0.0274
  0.0277  0.0276  0.0275  0.0277  0.0276  0.0277  0.0276  0.0278  0.0275  0.0277  0.0275  0.0275
  0.0281  0.0279  0.0276  0.0282  0.0279  0.0282  0.0279  0.0283  0.0277  0.0281  0.0276  0.0276
   -1.4073   26.2657   -9.0396   -6.4535  -12.2428    0.0137
   -6.3959   -3.4768    7.8630   28.0921    2.6097  -32.9439
eta,q 0.97261  9.19401

---------------------------------------------------------------------
imgreg_4dfp /opt/freesurfer/average/711-2C_as_mni_average_305 /opt/freesurfer/average/711-2B_as_mni_average_305_mask talsrcimg_g11 none talsrcimg_to_711-2C_as_mni_average_305_t4 2311
---------------------------------------------------------------------

freesurfer imgreg_4dfp.c
/opt/freesurfer/average/711-2C_as_mni_average_305.4dfp.img
       256       256       256         1
  1.000000  1.000000  1.000000
orientation T byte_order littleendian
Reading image: /opt/freesurfer/average/711-2C_as_mni_average_305.4dfp.img
dimensions:      256       256       256
mmppix:       1.0000   -1.0000   -1.0000
center:     128.0000 -129.0000 -129.0000
/opt/freesurfer/average/711-2B_as_mni_average_305_mask.4dfp.img
       256       256       256         1
  1.000000  1.000000  1.000000
orientation T byte_order littleendian
Reading mask: /opt/freesurfer/average/711-2B_as_mni_average_305_mask.4dfp.img (2306576 pixels)
talsrcimg_g11.4dfp.img
       256       256       256         1
  1.000000  1.000000  1.000000
orientation T byte_order littleendian
Reading image: talsrcimg_g11.4dfp.img
dimensions:      256       256       256
mmppix:       1.0000   -1.0000   -1.0000
center:     128.0000 -129.0000 -129.0000
fimgreg.f
image alignment mode   2311 decimal      907 hex
parameters
   -1.4073   26.2657   -9.0396   -6.4535  -12.2428    0.0136
   -6.3959   -3.4768    7.8630   28.0921    2.6097  -32.9439
eta,q 0.97261  9.19401
niter,ni,del,rscale     5    3    5.0000    0.8000
parameters
   -1.4174   26.2167   -8.9259   -6.8764  -12.5267   -0.2744
   -6.4407   -3.4483    7.9392   27.9856    2.4862  -32.9357
eta,q 0.97250  9.18004
  0.0299  0.0289  0.0288  0.0298  0.0294  0.0302  0.0295  0.0310  0.0288  0.0297  0.0281  0.0286
  0.0285  0.0280  0.0280  0.0286  0.0284  0.0290  0.0284  0.0290  0.0281  0.0285  0.0278  0.0279
  0.0277  0.0275  0.0276  0.0278  0.0277  0.0280  0.0277  0.0278  0.0276  0.0277  0.0276  0.0276
  0.0274  0.0274  0.0274  0.0274  0.0274  0.0274  0.0275  0.0275  0.0275  0.0275  0.0275  0.0275
  0.0277  0.0276  0.0275  0.0277  0.0276  0.0277  0.0277  0.0279  0.0276  0.0278  0.0275  0.0276
  0.0285  0.0282  0.0278  0.0290  0.0285  0.0290  0.0284  0.0289  0.0280  0.0286  0.0278  0.0280
  0.0300  0.0291  0.0284  0.0313  0.0304  0.0315  0.0296  0.0309  0.0287  0.0300  0.0283  0.0285
niter,ni,del,rscale     4    3    5.0000    0.7000
parameters
   -1.4044   26.2586   -9.0255   -6.7037  -12.3701   -0.2707
   -6.4623   -3.4206    7.9060   28.0541    2.5010  -32.9639
eta,q 0.97256  9.18526
  0.0294  0.0288  0.0282  0.0298  0.0292  0.0298  0.0290  0.0302  0.0284  0.0293  0.0280  0.0283
  0.0284  0.0281  0.0278  0.0287  0.0284  0.0289  0.0282  0.0286  0.0279  0.0283  0.0277  0.0277
  0.0277  0.0276  0.0275  0.0279  0.0278  0.0280  0.0276  0.0277  0.0275  0.0277  0.0275  0.0275
  0.0275  0.0275  0.0275  0.0275  0.0275  0.0274  0.0274  0.0274  0.0274  0.0274  0.0274  0.0274
  0.0277  0.0276  0.0276  0.0275  0.0275  0.0276  0.0276  0.0277  0.0276  0.0276  0.0275  0.0275
  0.0283  0.0280  0.0280  0.0282  0.0280  0.0284  0.0282  0.0286  0.0279  0.0282  0.0277  0.0278
  0.0293  0.0286  0.0285  0.0297  0.0292  0.0302  0.0291  0.0301  0.0285  0.0292  0.0280  0.0282
niter,ni,del,rscale     3    3    5.0000    0.6000
parameters
   -1.4016   26.2462   -9.0297   -6.6206  -12.2828   -0.1484
   -6.4370   -3.4361    7.8886   28.0408    2.5484  -32.9314
eta,q 0.97259  9.18915
  0.0288  0.0283  0.0281  0.0291  0.0287  0.0294  0.0286  0.0294  0.0281  0.0288  0.0278  0.0280
  0.0281  0.0278  0.0277  0.0283  0.0281  0.0286  0.0280  0.0283  0.0277  0.0280  0.0276  0.0277
  0.0276  0.0275  0.0275  0.0277  0.0276  0.0279  0.0276  0.0276  0.0275  0.0276  0.0275  0.0275
  0.0274  0.0274  0.0274  0.0274  0.0274  0.0274  0.0274  0.0274  0.0274  0.0274  0.0274  0.0274
  0.0276  0.0275  0.0275  0.0275  0.0275  0.0275  0.0275  0.0276  0.0275  0.0276  0.0274  0.0275
  0.0280  0.0278  0.0277  0.0280  0.0279  0.0281  0.0279  0.0283  0.0277  0.0280  0.0276  0.0277
  0.0288  0.0284  0.0281  0.0292  0.0287  0.0294  0.0286  0.0294  0.0282  0.0288  0.0278  0.0280
niter,ni,del,rscale     2    3    5.0000    0.5000
parameters
   -1.4027   26.2292   -8.9863   -6.5441  -12.2015    0.0017
   -6.4155   -3.4578    7.8689   27.9858    2.6088  -32.8678
eta,q 0.97262  9.19288
  0.0284  0.0280  0.0279  0.0286  0.0283  0.0289  0.0282  0.0288  0.0279  0.0283  0.0277  0.0278
  0.0278  0.0277  0.0276  0.0280  0.0278  0.0282  0.0278  0.0280  0.0276  0.0278  0.0275  0.0276
  0.0275  0.0275  0.0275  0.0276  0.0276  0.0277  0.0275  0.0275  0.0274  0.0275  0.0274  0.0274
  0.0274  0.0274  0.0274  0.0274  0.0274  0.0274  0.0274  0.0274  0.0274  0.0274  0.0274  0.0274
  0.0275  0.0275  0.0274  0.0275  0.0274  0.0275  0.0275  0.0276  0.0274  0.0275  0.0274  0.0274
  0.0278  0.0277  0.0276  0.0278  0.0277  0.0279  0.0277  0.0280  0.0276  0.0279  0.0275  0.0276
  0.0284  0.0281  0.0278  0.0286  0.0283  0.0288  0.0282  0.0288  0.0279  0.0284  0.0277  0.0278
niter,ni,del,rscale     1    3    5.0000    0.4000
parameters
   -1.4020   26.2094   -8.9318   -6.4807  -12.1376    0.1334
   -6.4050   -3.4733    7.8419   27.9137    2.6846  -32.7736
eta,q 0.97264  9.19575
  0.0280  0.0278  0.0277  0.0282  0.0279  0.0284  0.0279  0.0283  0.0277  0.0280  0.0276  0.0277
  0.0277  0.0276  0.0275  0.0278  0.0277  0.0279  0.0276  0.0278  0.0275  0.0276  0.0275  0.0275
  0.0275  0.0274  0.0274  0.0275  0.0275  0.0276  0.0274  0.0275  0.0274  0.0274  0.0274  0.0274
  0.0274  0.0274  0.0274  0.0274  0.0274  0.0274  0.0274  0.0274  0.0274  0.0274  0.0274  0.0274
  0.0275  0.0274  0.0274  0.0274  0.0274  0.0274  0.0274  0.0275  0.0274  0.0275  0.0274  0.0274
  0.0277  0.0276  0.0275  0.0277  0.0276  0.0277  0.0276  0.0278  0.0275  0.0277  0.0274  0.0275
  0.0280  0.0278  0.0276  0.0282  0.0279  0.0283  0.0279  0.0283  0.0277  0.0281  0.0276  0.0276
registration optimization eta report
parameter search radius
    0.8000    0.8000    0.8000    2.4000    2.4000    2.4000
    2.4000    2.4000    2.4000    2.4000    2.4000    2.4000
100000*second partial in parameter space
       98.       64.       47.       14.       10.       17.
        9.       16.        6.       11.        4.        5.
  0.0280  0.0278  0.0277  0.0282  0.0279  0.0284  0.0279  0.0283  0.0277  0.0280  0.0276  0.0277
  0.0277  0.0276  0.0275  0.0278  0.0277  0.0279  0.0276  0.0278  0.0275  0.0276  0.0275  0.0275
  0.0275  0.0274  0.0274  0.0275  0.0275  0.0276  0.0274  0.0275  0.0274  0.0274  0.0274  0.0274
  0.0274  0.0274  0.0274  0.0274  0.0274  0.0274  0.0274  0.0274  0.0274  0.0274  0.0274  0.0274
  0.0275  0.0274  0.0274  0.0274  0.0274  0.0274  0.0274  0.0275  0.0274  0.0275  0.0274  0.0274
  0.0277  0.0276  0.0275  0.0277  0.0276  0.0277  0.0276  0.0278  0.0275  0.0277  0.0274  0.0275
  0.0280  0.0278  0.0276  0.0282  0.0279  0.0283  0.0279  0.0283  0.0277  0.0281  0.0276  0.0276
   -1.4020   26.2094   -8.9318   -6.4807  -12.1376    0.1334
   -6.4050   -3.4733    7.8419   27.9137    2.6846  -32.7736
eta,q 0.97264  9.19575

---------------------------------------------------------------------
compute_vox2vox talsrcimg talsrcimg_to_711-2C_as_mni_average_305_t4 /opt/freesurfer/average/711-2C_as_mni_average_305
---------------------------------------------------------------------

freesurfer compute_vox2vox.c
Reading: talsrcimg.4dfp.ifh
Reading: talsrcimg_to_711-2C_as_mni_average_305_t4
Reading: /opt/freesurfer/average/711-2C_as_mni_average_305.4dfp.ifh
Writing: talsrcimg_to_711-2C_as_mni_average_305_t4_vox2vox.txt

start time Sat Nov 23 15:21:30 UTC 2024
end		time Sat Nov 23 15:22:28 UTC 2024

mpr2mni305 success

avi2talxfm orig_nu.mgz /opt/freesurfer/average/mni305.cor.mgz talsrcimg_to_711-2C_as_mni_average_305_t4_vox2vox.txt transforms/talairach.auto.xfm
avi2talxfm done
mv -f /scratch/tmp/fs_mp2rage_tests/sourcedata/freesurfer_mp2rage/sub-fsm39ap/mri/talsrcimg_to_711-2C_as_mni_average_305_t4_vox2vox.txt /scratch/tmp/fs_mp2rage_tests/sourcedata/freesurfer_mp2rage/sub-fsm39ap/mri/transforms/talsrcimg_to_711-2C_as_mni_average_305_t4_vox2vox.txt
lta_convert --src orig_nu.mgz --trg /opt/freesurfer/average/mni305.cor.mgz --inxfm transforms/talairach.auto.xfm --outlta transforms/talairach.auto.xfm.lta --subject fsaverage
7.3.2

--src: orig_nu.mgz src image (geometry).
--trg: /opt/freesurfer/average/mni305.cor.mgz trg image (geometry).
--inmni: transforms/talairach.auto.xfm input MNI/XFM transform.
--outlta: transforms/talairach.auto.xfm.lta output LTA.
--s: fsaverage subject name
 LTA read, type : 1
 1.06198   0.01382   0.08257  -0.40306;
-0.05389   0.90390   0.33324  -31.73238;
-0.07766  -0.28840   1.02490  -1.28842;
 0.00000   0.00000   0.00000   1.00000;
setting subject to fsaverage
Writing  LTA to file transforms/talairach.auto.xfm.lta...
lta_convert successful.
 
 
Started at Sat Nov 23 15:21:27 UTC 2024
Ended   at Sat Nov 23 15:22:28 UTC 2024
talairach_avi done
