status file for recon-all
Sun Nov 24 05:34:19 UTC 2024
#@# MotionCor Sun Nov 24 05:34:25 UTC 2024
#@# Talairach Sun Nov 24 05:34:42 UTC 2024
#@# Talairach Failure Detection Sun Nov 24 05:42:43 UTC 2024
#@# Nu Intensity Correction Sun Nov 24 05:42:43 UTC 2024
#@# Intensity Normalization Sun Nov 24 05:50:21 UTC 2024
recon-all -s sub-fsm54jc finished without error at Sun Nov 24 05:53:49 UTC 2024



#New# invocation of recon-all 



status file for recon-all
Sun Nov 24 08:29:12 UTC 2024
#@# EM Registration Sun Nov 24 08:29:12 UTC 2024
recon-all -s sub-fsm54jc finished without error at Sun Nov 24 08:38:11 UTC 2024



#New# invocation of recon-all 



status file for recon-all
Sun Nov 24 15:57:51 UTC 2024
#@# CA Normalize Sun Nov 24 15:57:52 UTC 2024
#@# CA Reg Sun Nov 24 16:00:16 UTC 2024
#@# SubCort Seg Sun Nov 24 17:57:29 UTC 2024
#@# CC Seg Sun Nov 24 19:09:52 UTC 2024
#@# Merge ASeg Sun Nov 24 19:11:19 UTC 2024
#@# Intensity Normalization2 Sun Nov 24 19:11:19 UTC 2024
#@# Mask BFS Sun Nov 24 19:16:30 UTC 2024
#@# WM Segmentation Sun Nov 24 19:16:32 UTC 2024
#@# Fill Sun Nov 24 19:21:48 UTC 2024
recon-all -s sub-fsm54jc finished without error at Sun Nov 24 19:24:07 UTC 2024



#New# invocation of recon-all 



status file for recon-all
Mon Nov 25 11:06:59 UTC 2024
#@# white curv lh Mon Nov 25 11:06:59 UTC 2024
#@# white area lh Mon Nov 25 11:07:00 UTC 2024
#@# pial curv lh Mon Nov 25 11:07:00 UTC 2024
#@# pial area lh Mon Nov 25 11:07:00 UTC 2024
#@# thickness lh Mon Nov 25 11:07:00 UTC 2024
#@# area and vertex vol lh Mon Nov 25 11:07:00 UTC 2024
#@# white curv rh Mon Nov 25 11:07:00 UTC 2024
#@# white area rh Mon Nov 25 11:07:00 UTC 2024
#@# pial curv rh Mon Nov 25 11:07:00 UTC 2024
#@# pial area rh Mon Nov 25 11:07:00 UTC 2024
#@# thickness rh Mon Nov 25 11:07:00 UTC 2024
#@# area and vertex vol rh Mon Nov 25 11:07:00 UTC 2024
#@# Cortical ribbon mask Mon Nov 25 11:07:00 UTC 2024
recon-all -s sub-fsm54jc finished without error at Mon Nov 25 11:18:40 UTC 2024



#New# invocation of recon-all 



status file for recon-all
Mon Nov 25 17:38:25 UTC 2024
#@# white curv lh Mon Nov 25 17:38:26 UTC 2024
#@# white area lh Mon Nov 25 17:38:26 UTC 2024
#@# pial curv lh Mon Nov 25 17:38:26 UTC 2024
#@# pial area lh Mon Nov 25 17:38:26 UTC 2024
#@# thickness lh Mon Nov 25 17:38:26 UTC 2024
#@# area and vertex vol lh Mon Nov 25 17:38:26 UTC 2024
#@# white curv rh Mon Nov 25 17:38:26 UTC 2024
#@# white area rh Mon Nov 25 17:38:26 UTC 2024
#@# pial curv rh Mon Nov 25 17:38:26 UTC 2024
#@# pial area rh Mon Nov 25 17:38:26 UTC 2024
#@# thickness rh Mon Nov 25 17:38:26 UTC 2024
#@# area and vertex vol rh Mon Nov 25 17:38:26 UTC 2024
#@# Curvature Stats lh Mon Nov 25 17:38:26 UTC 2024
#@# Curvature Stats rh Mon Nov 25 17:38:31 UTC 2024
#@# Relabel Hypointensities Mon Nov 25 17:38:36 UTC 2024
#@# APas-to-ASeg Mon Nov 25 17:39:12 UTC 2024
#@# AParc-to-ASeg aparc Mon Nov 25 17:39:29 UTC 2024
#@# AParc-to-ASeg aparc.a2009s Mon Nov 25 17:41:23 UTC 2024
#@# AParc-to-ASeg aparc.DKTatlas Mon Nov 25 17:43:20 UTC 2024
#@# WMParc Mon Nov 25 17:45:08 UTC 2024
#@# ASeg Stats Mon Nov 25 17:51:07 UTC 2024
recon-all -s sub-fsm54jc finished without error at Mon Nov 25 17:52:26 UTC 2024
