/scratch/tmp/fs_mp2rage_tests/sourcedata/freesurfer_mp2rage/sub-fsm57hp/mri
/opt/freesurfer/bin/talairach_avi
--i orig_nu.mgz --xfm transforms/talairach.auto.xfm
talairach_avi 7.3.2
Linux elm.criugm.qc.ca 5.15.0-113-generic #123-Ubuntu SMP Mon Jun 10 08:16:17 UTC 2024 x86_64 x86_64 x86_64 GNU/Linux
Sat Nov 23 15:39:28 UTC 2024
mri_convert orig_nu.mgz talsrcimg.img 
reading from orig_nu.mgz...
TR=0.00, TE=0.00, TI=0.00, flip angle=0.00
i_ras = (-1, 1.86265e-09, 9.31323e-10)
j_ras = (9.31323e-10, 1.49012e-08, -1)
k_ras = (2.09548e-09, 1, 0)
writing to talsrcimg.img...
Analyze Output Matrix
-1.00000   0.00000   0.00000   126.90672;
 0.00000   0.00000   1.00000  -85.94862;
 0.00000  -1.00000   0.00000   98.94205;
 0.00000   0.00000   0.00000   1.00000;
--------------------
INFO: set hdr.hist.orient to -1
mpr2mni305 talsrcimg
Sat Nov 23 15:39:30 UTC 2024
/opt/freesurfer/bin/mpr2mni305 talsrcimg
mpr2mni305 7.3.2
target=711-2C_as_mni_average_305

---------------------------------------------------------------------
analyzeto4dfp talsrcimg -O0 -y
---------------------------------------------------------------------

freesurfer ifh2hdr.c
Sat Nov 23 15:39:30 2024
Writing: talsrcimg.4dfp.hdr
freesurfer analyzeto4dfp.c
Reading: talsrcimg.hdr
header size 348 bytes
hdr.dime.datatype	offset=70	value=2
hdr.dime.bitpix		offset=72	value=8
hdr.hist.orient		offset=252	value=-1
dimensionality     4
dimensions       256       256       256         1
Reading: talsrcimg.img
Writing: talsrcimg.4dfp.img
Writing: talsrcimg.4dfp.ifh
ifh2hdr talsrcimg -r0to252
ori=2

---------------------------------------------------------------------
gauss_4dfp talsrcimg 1.1
---------------------------------------------------------------------

freesurfer gauss_4dfp.c
Reading: talsrcimg.4dfp.img
Writing: talsrcimg_g11.4dfp.img
image dimensions 256 256 256 padded to 288 288 288
processing volume 1freesurfer ifh2hdr.c
Sat Nov 23 15:39:38 2024
Writing: talsrcimg_g11.4dfp.hdr

Writing: talsrcimg_g11.4dfp.ifh
including: talsrcimg.4dfp.img.rec in talsrcimg_g11.4dfp.img.rec

---------------------------------------------------------------------
imgreg_4dfp /opt/freesurfer/average/711-2C_as_mni_average_305 none talsrcimg_g11 none talsrcimg_to_711-2C_as_mni_average_305_t4 4355
---------------------------------------------------------------------

freesurfer imgreg_4dfp.c
/opt/freesurfer/average/711-2C_as_mni_average_305.4dfp.img
       256       256       256         1
  1.000000  1.000000  1.000000
orientation T byte_order littleendian
Reading image: /opt/freesurfer/average/711-2C_as_mni_average_305.4dfp.img
dimensions:      256       256       256
mmppix:       1.0000   -1.0000   -1.0000
center:     128.0000 -129.0000 -129.0000
talsrcimg_g11.4dfp.img
       256       256       256         1
  1.000000  1.000000  1.000000
orientation T byte_order littleendian
Reading image: talsrcimg_g11.4dfp.img
dimensions:      256       256       256
mmppix:       1.0000   -1.0000   -1.0000
center:     128.0000 -129.0000 -129.0000
t4_read: open error in t4_sub.f l:  41 t4_file(1:l)talsrcimg_to_711-2C_as_mni_average_305_t4 
t4_read: transform initialized to I4
rotation matrix determinant  1.000000
image alignment mode   4355 decimal     1103 hex
   -7.5000  -45.0000  -45.000010608.0439    8.3110
    0.0000  -45.0000  -45.000011040.0713    8.3207
    7.5000  -45.0000  -45.000010496.6533    8.3359
   -7.5000  -37.5000  -45.000010761.5400    8.4314
    0.0000  -37.5000  -45.000011222.4209    8.4449
    7.5000  -37.5000  -45.000010642.2090    8.4572
   -7.5000  -30.0000  -45.000011193.5820    8.3013
    0.0000  -30.0000  -45.000011681.7217    8.3140
    7.5000  -30.0000  -45.000011039.0742    8.3217
   -7.5000  -22.5000  -45.000011622.7627    8.2393
    0.0000  -22.5000  -45.000012109.9395    8.2496
    7.5000  -22.5000  -45.000011444.6709    8.2569
   -7.5000  -15.0000  -45.000011931.0352    8.1814
    0.0000  -15.0000  -45.000012411.8896    8.1898
    7.5000  -15.0000  -45.000011740.3955    8.2002
   -7.5000   -7.5000  -45.000012180.0576    8.1345
    0.0000   -7.5000  -45.000012675.3027    8.1423
    7.5000   -7.5000  -45.000011942.2383    8.1559
   -7.5000    0.0000  -45.000012347.9287    8.1238
    0.0000    0.0000  -45.000012832.6279    8.1330
    7.5000    0.0000  -45.000012061.5342    8.1470
   -7.5000    7.5000  -45.000011690.7988    8.3309
    0.0000    7.5000  -45.000012139.4473    8.3440
    7.5000    7.5000  -45.000011389.4824    8.3559
   -7.5000   15.0000  -45.000011060.6182    8.6500
    0.0000   15.0000  -45.000011492.9326    8.6656
    7.5000   15.0000  -45.000010762.2988    8.6749
   -7.5000   22.5000  -45.000010419.2881    8.9819
    0.0000   22.5000  -45.000010867.6895    8.9972
    7.5000   22.5000  -45.000010148.4688    9.0078
   -7.5000   30.0000  -45.0000 9753.5654    9.1855
    0.0000   30.0000  -45.000010180.1396    9.1966
    7.5000   30.0000  -45.0000 9547.2920    9.2093
   -7.5000   37.5000  -45.0000 9459.9668    9.5517
    0.0000   37.5000  -45.0000 9875.7256    9.5621
    7.5000   37.5000  -45.0000 9276.8369    9.5784
   -7.5000   45.0000  -45.0000 8861.4229    9.6995
    0.0000   45.0000  -45.0000 9270.8047    9.7118
    7.5000   45.0000  -45.0000 8729.0322    9.7292
   -7.5000  -45.0000  -37.500011051.3418    8.2691
    0.0000  -45.0000  -37.500011488.8809    8.2752
    7.5000  -45.0000  -37.500010938.8555    8.2883
   -7.5000  -37.5000  -37.500011231.8584    8.3893
    0.0000  -37.5000  -37.500011709.0820    8.3995
    7.5000  -37.5000  -37.500011101.1211    8.4100
   -7.5000  -30.0000  -37.500011683.4922    8.2571
    0.0000  -30.0000  -37.500012196.0068    8.2681
    7.5000  -30.0000  -37.500011544.2842    8.2754
   -7.5000  -22.5000  -37.500012103.4424    8.1917
    0.0000  -22.5000  -37.500012630.8408    8.2009
    7.5000  -22.5000  -37.500011974.6230    8.2090
   -7.5000  -15.0000  -37.500012461.7988    8.1335
    0.0000  -15.0000  -37.500012990.8457    8.1403
    7.5000  -15.0000  -37.500012297.5986    8.1514
   -7.5000   -7.5000  -37.500012756.7588    8.0901
    0.0000   -7.5000  -37.500013277.0557    8.0953
    7.5000   -7.5000  -37.500012535.1455    8.1080
   -7.5000    0.0000  -37.500012939.3115    8.0833
    0.0000    0.0000  -37.500013482.1602    8.0890
    7.5000    0.0000  -37.500012675.5322    8.1010
   -7.5000    7.5000  -37.500012236.2285    8.2894
    0.0000    7.5000  -37.500012722.9717    8.2994
    7.5000    7.5000  -37.500011927.4971    8.3095
   -7.5000   15.0000  -37.500011557.1826    8.6047
    0.0000   15.0000  -37.500012042.9277    8.6182
    7.5000   15.0000  -37.500011265.2930    8.6266
   -7.5000   22.5000  -37.500010885.6260    8.9307
    0.0000   22.5000  -37.500011384.9336    8.9441
    7.5000   22.5000  -37.500010621.4424    8.9547
   -7.5000   30.0000  -37.500010197.4102    9.1324
    0.0000   30.0000  -37.500010674.9268    9.1417
    7.5000   30.0000  -37.5000 9992.5244    9.1548
   -7.5000   37.5000  -37.5000 9874.6436    9.5017
    0.0000   37.5000  -37.500010350.3779    9.5092
    7.5000   37.5000  -37.5000 9712.5225    9.5237
   -7.5000   45.0000  -37.5000 9243.4043    9.6529
    0.0000   45.0000  -37.5000 9692.0391    9.6608
    7.5000   45.0000  -37.5000 9106.5566    9.6738
   -7.5000  -45.0000  -30.000011640.3896    8.5907
    0.0000  -45.0000  -30.000012107.7744    8.5943
    7.5000  -45.0000  -30.000011547.4736    8.6091
   -7.5000  -37.5000  -30.000011861.9512    8.7160
    0.0000  -37.5000  -30.000012391.2344    8.7245
    7.5000  -37.5000  -30.000011786.7695    8.7374
   -7.5000  -30.0000  -30.000012338.0576    8.5780
    0.0000  -30.0000  -30.000012909.6201    8.5883
    7.5000  -30.0000  -30.000012274.4990    8.5989
   -7.5000  -22.5000  -30.000012783.0938    8.5079
    0.0000  -22.5000  -30.000013358.7139    8.5165
    7.5000  -22.5000  -30.000012724.5605    8.5281
   -7.5000  -15.0000  -30.000013156.9834    8.4464
    0.0000  -15.0000  -30.000013747.5156    8.4519
    7.5000  -15.0000  -30.000013054.4414    8.4659
   -7.5000   -7.5000  -30.000013531.7529    8.4025
    0.0000   -7.5000  -30.000014126.7031    8.4056
    7.5000   -7.5000  -30.000013386.4941    8.4202
   -7.5000    0.0000  -30.000013798.7197    8.3976
    0.0000    0.0000  -30.000014406.4062    8.4010
    7.5000    0.0000  -30.000013571.7295    8.4146
   -7.5000    7.5000  -30.000013028.2188    8.6123
    0.0000    7.5000  -30.000013602.5537    8.6206
    7.5000    7.5000  -30.000012751.8320    8.6330
   -7.5000   15.0000  -30.000012275.5996    8.9383
    0.0000   15.0000  -30.000012853.9541    8.9509
    7.5000   15.0000  -30.000012021.7568    8.9627
   -7.5000   22.5000  -30.000011551.7080    9.2727
    0.0000   22.5000  -30.000012137.2217    9.2853
    7.5000   22.5000  -30.000011332.7871    9.2995
   -7.5000   30.0000  -30.000010793.0586    9.4843
    0.0000   30.0000  -30.000011358.6143    9.4923
    7.5000   30.0000  -30.000010622.0918    9.5090
   -7.5000   37.5000  -30.000010439.2715    9.8709
    0.0000   37.5000  -30.000011004.6230    9.8761
    7.5000   37.5000  -30.000010292.4180    9.8929
   -7.5000   45.0000  -30.0000 9760.7754   10.0389
    0.0000   45.0000  -30.000010279.1494   10.0435
    7.5000   45.0000  -30.0000 9621.7969   10.0572
   -7.5000  -45.0000  -22.500012209.5059    8.8701
    0.0000  -45.0000  -22.500012749.5674    8.8741
    7.5000  -45.0000  -22.500012179.1396    8.8925
   -7.5000  -37.5000  -22.500012478.4746    8.9993
    0.0000  -37.5000  -22.500013088.0576    9.0086
    7.5000  -37.5000  -22.500012455.9590    9.0256
   -7.5000  -30.0000  -22.500012992.3145    8.8601
    0.0000  -30.0000  -22.500013627.1494    8.8707
    7.5000  -30.0000  -22.500012958.2734    8.8847
   -7.5000  -22.5000  -22.500013443.3418    8.7900
    0.0000  -22.5000  -22.500014094.4111    8.7983
    7.5000  -22.5000  -22.500013407.0186    8.8119
   -7.5000  -15.0000  -22.500013813.1445    8.7261
    0.0000  -15.0000  -22.500014472.5107    8.7310
    7.5000  -15.0000  -22.500013761.8770    8.7465
   -7.5000   -7.5000  -22.500014222.1045    8.6780
    0.0000   -7.5000  -22.500014934.1162    8.6810
    7.5000   -7.5000  -22.500014154.0312    8.6980
   -7.5000    0.0000  -22.500014647.5605    8.6705
    0.0000    0.0000  -22.500015377.8252    8.6746
    7.5000    0.0000  -22.500014428.7754    8.6916
   -7.5000    7.5000  -22.500013892.3037    8.8922
    0.0000    7.5000  -22.500014571.7070    8.9012
    7.5000    7.5000  -22.500013594.9053    8.9176
   -7.5000   15.0000  -22.500013053.8643    9.2288
    0.0000   15.0000  -22.500013754.7627    9.2416
    7.5000   15.0000  -22.500012785.7695    9.2574
   -7.5000   22.5000  -22.500012269.9697    9.5743
    0.0000   22.5000  -22.500012945.2236    9.5871
    7.5000   22.5000  -22.500012009.9023    9.6044
   -7.5000   30.0000  -22.500011435.0146    9.7959
    0.0000   30.0000  -22.500012079.7080    9.8032
    7.5000   30.0000  -22.500011204.9570    9.8228
   -7.5000   37.5000  -22.500011056.4990   10.1919
    0.0000   37.5000  -22.500011705.1494   10.1967
    7.5000   37.5000  -22.500010824.0508   10.2170
   -7.5000   45.0000  -22.500010336.5664   10.3718
    0.0000   45.0000  -22.500010928.8398   10.3765
    7.5000   45.0000  -22.500010120.1768   10.3949
   -7.5000  -45.0000  -15.000012771.7979    9.0621
    0.0000  -45.0000  -15.000013356.4307    9.0693
    7.5000  -45.0000  -15.000012786.6348    9.0897
   -7.5000  -37.5000  -15.000013063.6738    9.1925
    0.0000  -37.5000  -15.000013713.2080    9.2048
    7.5000  -37.5000  -15.000013092.1572    9.2239
   -7.5000  -30.0000  -15.000013587.6025    9.0540
    0.0000  -30.0000  -15.000014269.5176    9.0658
    7.5000  -30.0000  -15.000013619.4180    9.0803
   -7.5000  -22.5000  -15.000014093.3662    8.9866
    0.0000  -22.5000  -15.000014808.1016    8.9951
    7.5000  -22.5000  -15.000014124.2119    9.0079
   -7.5000  -15.0000  -15.000014463.4521    8.9226
    0.0000  -15.0000  -15.000015191.2227    8.9280
    7.5000  -15.0000  -15.000014497.6279    8.9425
   -7.5000   -7.5000  -15.000014884.3408    8.8704
    0.0000   -7.5000  -15.000015632.7500    8.8753
    7.5000   -7.5000  -15.000014877.2988    8.8929
   -7.5000    0.0000  -15.000015425.0938    8.8588
    0.0000    0.0000  -15.000016293.8379    8.8659
    7.5000    0.0000  -15.000015217.9385    8.8849
   -7.5000    7.5000  -15.000014893.1523    9.0834
    0.0000    7.5000  -15.000015811.3896    9.0953
    7.5000    7.5000  -15.000014517.1182    9.1137
   -7.5000   15.0000  -15.000014091.6436    9.4270
    0.0000   15.0000  -15.000015045.4668    9.4413
    7.5000   15.0000  -15.000013681.0879    9.4582
   -7.5000   22.5000  -15.000013167.2324    9.7836
    0.0000   22.5000  -15.000014036.3682    9.7973
    7.5000   22.5000  -15.000012748.8535    9.8147
   -7.5000   30.0000  -15.000012179.5635   10.0129
    0.0000   30.0000  -15.000012969.7900   10.0209
    7.5000   30.0000  -15.000011816.0996   10.0400
   -7.5000   37.5000  -15.000011717.1367   10.4121
    0.0000   37.5000  -15.000012471.8145   10.4190
    7.5000   37.5000  -15.000011401.5020   10.4409
   -7.5000   45.0000  -15.000010898.0859   10.5968
    0.0000   45.0000  -15.000011581.3018   10.6055
    7.5000   45.0000  -15.000010663.1660   10.6282
   -7.5000  -45.0000   -7.500013421.5645    9.1434
    0.0000  -45.0000   -7.500014017.4941    9.1532
    7.5000  -45.0000   -7.500013398.7285    9.1713
   -7.5000  -37.5000   -7.500013710.7754    9.2725
    0.0000  -37.5000   -7.500014423.3125    9.2868
    7.5000  -37.5000   -7.500013726.5527    9.3027
   -7.5000  -30.0000   -7.500014269.6211    9.1328
    0.0000  -30.0000   -7.500015034.7363    9.1456
    7.5000  -30.0000   -7.500014281.2510    9.1560
   -7.5000  -22.5000   -7.500014847.0547    9.0669
    0.0000  -22.5000   -7.500015668.1982    9.0763
    7.5000  -22.5000   -7.500014843.1719    9.0851
   -7.5000  -15.0000   -7.500015292.3916    9.0044
    0.0000  -15.0000   -7.500016150.3662    9.0114
    7.5000  -15.0000   -7.500015274.3730    9.0228
   -7.5000   -7.5000   -7.500015770.7070    8.9521
    0.0000   -7.5000   -7.500016589.1367    8.9592
    7.5000   -7.5000   -7.500015642.3359    8.9745
   -7.5000    0.0000   -7.500016330.5029    8.9388
    0.0000    0.0000   -7.500017253.4297    8.9483
    7.5000    0.0000   -7.500016024.6338    8.9651
   -7.5000    7.5000   -7.500015848.4482    9.1627
    0.0000    7.5000   -7.500016965.1934    9.1765
    7.5000    7.5000   -7.500015424.8896    9.1919
   -7.5000   15.0000   -7.500015073.3574    9.5078
    0.0000   15.0000   -7.500016240.8096    9.5234
    7.5000   15.0000   -7.500014628.7832    9.5360
   -7.5000   22.5000   -7.500014001.7559    9.8709
    0.0000   22.5000   -7.500014976.0439    9.8858
    7.5000   22.5000   -7.500013593.0078    9.8991
   -7.5000   30.0000   -7.500012841.3818   10.1045
    0.0000   30.0000   -7.500013694.7900   10.1144
    7.5000   30.0000   -7.500012522.1123   10.1295
   -7.5000   37.5000   -7.500012264.0957   10.5064
    0.0000   37.5000   -7.500013078.0820   10.5162
    7.5000   37.5000   -7.500012042.9697   10.5353
   -7.5000   45.0000   -7.500011383.2207   10.6911
    0.0000   45.0000   -7.500012105.5811   10.7035
    7.5000   45.0000   -7.500011245.1611   10.7247
   -7.5000  -45.0000    0.000013922.5547    9.1229
    0.0000  -45.0000    0.000014613.6670    9.1323
    7.5000  -45.0000    0.000013865.5332    9.1467
   -7.5000  -37.5000    0.000014247.6738    9.2504
    0.0000  -37.5000    0.000015047.8262    9.2637
    7.5000  -37.5000    0.000014233.1680    9.2752
   -7.5000  -30.0000    0.000014863.6924    9.1085
    0.0000  -30.0000    0.000015711.5146    9.1211
    7.5000  -30.0000    0.000014855.3779    9.1277
   -7.5000  -22.5000    0.000015505.8613    9.0415
    0.0000  -22.5000    0.000016398.2051    9.0515
    7.5000  -22.5000    0.000015443.8535    9.0577
   -7.5000  -15.0000    0.000016022.9355    8.9805
    0.0000  -15.0000    0.000016912.0781    8.9884
    7.5000  -15.0000    0.000015903.2861    8.9979
   -7.5000   -7.5000    0.000016474.5391    8.9310
    0.0000   -7.5000    0.000017298.2520    8.9385
    7.5000   -7.5000    0.000016256.6895    8.9513
   -7.5000    0.0000    0.000016938.3594    8.9194
    0.0000    0.0000    0.000017881.4043    8.9283
    7.5000    0.0000    0.000016678.6152    8.9416
   -7.5000    7.5000    0.000016268.0684    9.1411
    0.0000    7.5000    0.000017375.4180    9.1541
    7.5000    7.5000    0.000016049.0674    9.1651
   -7.5000   15.0000    0.000015360.8301    9.4830
    0.0000   15.0000    0.000016314.9443    9.4986
    7.5000   15.0000    0.000015136.6260    9.5067
   -7.5000   22.5000    0.000014200.7725    9.8509
    0.0000   22.5000    0.000014984.4961    9.8662
    7.5000   22.5000    0.000014001.3555    9.8757
   -7.5000   30.0000    0.000013082.7646   10.0914
    0.0000   30.0000    0.000013839.6709   10.1023
    7.5000   30.0000    0.000012951.2334   10.1141
   -7.5000   37.5000    0.000012590.1191   10.5055
    0.0000   37.5000    0.000013373.2246   10.5158
    7.5000   37.5000    0.000012510.9863   10.5313
   -7.5000   45.0000    0.000011744.4639   10.6985
    0.0000   45.0000    0.000012416.4160   10.7108
    7.5000   45.0000    0.000011644.3105   10.7273
   -7.5000  -45.0000    7.500013372.5693    9.1262
    0.0000  -45.0000    7.500014066.5459    9.1323
    7.5000  -45.0000    7.500013340.3730    9.1456
   -7.5000  -37.5000    7.500013721.9639    9.2554
    0.0000  -37.5000    7.500014440.8682    9.2660
    7.5000  -37.5000    7.500013676.0703    9.2764
   -7.5000  -30.0000    7.500014305.2012    9.1103
    0.0000  -30.0000    7.500015020.1885    9.1217
    7.5000  -30.0000    7.500014209.6807    9.1287
   -7.5000  -22.5000    7.500014865.4795    9.0390
    0.0000  -22.5000    7.500015601.9648    9.0484
    7.5000  -22.5000    7.500014733.0781    9.0564
   -7.5000  -15.0000    7.500015301.3369    8.9765
    0.0000  -15.0000    7.500016017.5166    8.9834
    7.5000  -15.0000    7.500015108.4824    8.9947
   -7.5000   -7.5000    7.500015686.3594    8.9302
    0.0000   -7.5000    7.500016388.7715    8.9353
    7.5000   -7.5000    7.500015439.4590    8.9483
   -7.5000    0.0000    7.500016030.0381    8.9227
    0.0000    0.0000    7.500016899.6133    8.9284
    7.5000    0.0000    7.500015846.4834    8.9406
   -7.5000    7.5000    7.500015336.9873    9.1461
    0.0000    7.5000    7.500016209.2148    9.1564
    7.5000    7.5000    7.500015180.9990    9.1663
   -7.5000   15.0000    7.500014423.1670    9.4879
    0.0000   15.0000    7.500015097.6309    9.5019
    7.5000   15.0000    7.500014206.1035    9.5100
   -7.5000   22.5000    7.500013329.5889    9.8505
    0.0000   22.5000    7.500013901.7070    9.8646
    7.5000   22.5000    7.500013164.3545    9.8751
   -7.5000   30.0000    7.500012359.7891   10.0885
    0.0000   30.0000    7.500012985.5205   10.0982
    7.5000   30.0000    7.500012280.4854   10.1116
   -7.5000   37.5000    7.500011977.3096   10.5058
    0.0000   37.5000    7.500012644.6123   10.5136
    7.5000   37.5000    7.500011927.8115   10.5287
   -7.5000   45.0000    7.500011146.6973   10.7014
    0.0000   45.0000    7.500011718.3740   10.7096
    7.5000   45.0000    7.500011083.8975   10.7228
   -7.5000  -45.0000   15.000012626.0693    9.2036
    0.0000  -45.0000   15.000013170.5898    9.2071
    7.5000  -45.0000   15.000012527.9678    9.2224
   -7.5000  -37.5000   15.000012921.3760    9.3366
    0.0000  -37.5000   15.000013474.2314    9.3452
    7.5000  -37.5000   15.000012791.5352    9.3584
   -7.5000  -30.0000   15.000013420.9414    9.1882
    0.0000  -30.0000   15.000013968.9580    9.1987
    7.5000  -30.0000   15.000013253.8125    9.2095
   -7.5000  -22.5000   15.000013907.5244    9.1134
    0.0000  -22.5000   15.000014496.4766    9.1221
    7.5000  -22.5000   15.000013737.4678    9.1339
   -7.5000  -15.0000   15.000014296.6729    9.0485
    0.0000  -15.0000   15.000014877.3770    9.0540
    7.5000  -15.0000   15.000014098.0410    9.0684
   -7.5000   -7.5000   15.000014618.8516    9.0023
    0.0000   -7.5000   15.000015241.8750    9.0053
    7.5000   -7.5000   15.000014438.2363    9.0205
   -7.5000    0.0000   15.000014920.8535    8.9969
    0.0000    0.0000   15.000015702.5420    9.0002
    7.5000    0.0000   15.000014849.9863    9.0144
   -7.5000    7.5000   15.000014223.1025    9.2255
    0.0000    7.5000   15.000014942.0820    9.2340
    7.5000    7.5000   15.000014149.9346    9.2466
   -7.5000   15.0000   15.000013367.7939    9.5730
    0.0000   15.0000   15.000013938.2617    9.5859
    7.5000   15.0000   15.000013220.3975    9.5978
   -7.5000   22.5000   15.000012401.2344    9.9372
    0.0000   22.5000   15.000012944.7607    9.9502
    7.5000   22.5000   15.000012298.9834    9.9647
   -7.5000   30.0000   15.000011580.1387   10.1786
    0.0000   30.0000   15.000012126.4131   10.1870
    7.5000   30.0000   15.000011501.7314   10.2044
   -7.5000   37.5000   15.000011240.1709   10.6038
    0.0000   37.5000   15.000011792.6055   10.6093
    7.5000   37.5000   15.000011165.9600   10.6271
   -7.5000   45.0000   15.000010441.4258   10.8076
    0.0000   45.0000   15.000010946.3633   10.8125
    7.5000   45.0000   15.000010376.9141   10.8268
   -7.5000  -45.0000   22.500011671.2920    9.3218
    0.0000  -45.0000   22.500012129.2510    9.3258
    7.5000  -45.0000   22.500011584.6172    9.3448
   -7.5000  -37.5000   22.500011942.9199    9.4592
    0.0000  -37.5000   22.500012417.4932    9.4685
    7.5000  -37.5000   22.500011850.4775    9.4861
   -7.5000  -30.0000   22.500012409.4443    9.3106
    0.0000  -30.0000   22.500012902.7549    9.3211
    7.5000  -30.0000   22.500012295.2188    9.3356
   -7.5000  -22.5000   22.500012830.2354    9.2359
    0.0000  -22.5000   22.500013355.0713    9.2441
    7.5000  -22.5000   22.500012707.2314    9.2584
   -7.5000  -15.0000   22.500013168.6543    9.1686
    0.0000  -15.0000   22.500013686.1270    9.1734
    7.5000  -15.0000   22.500013042.8447    9.1898
   -7.5000   -7.5000   22.500013480.5615    9.1181
    0.0000   -7.5000   22.500014048.2852    9.1210
    7.5000   -7.5000   22.500013382.0752    9.1389
   -7.5000    0.0000   22.500013768.4131    9.1103
    0.0000    0.0000   22.500014415.3359    9.1143
    7.5000    0.0000   22.500013713.6338    9.1320
   -7.5000    7.5000   22.500013100.3779    9.3455
    0.0000    7.5000   22.500013658.8564    9.3546
    7.5000    7.5000   22.500013016.9717    9.3714
   -7.5000   15.0000   22.500012288.0586    9.7031
    0.0000   15.0000   22.500012760.5000    9.7160
    7.5000   15.0000   22.500012188.3936    9.7323
   -7.5000   22.5000   22.500011427.4863   10.0758
    0.0000   22.5000   22.500011890.8809   10.0887
    7.5000   22.5000   22.500011365.9443   10.1070
   -7.5000   30.0000   22.500010672.8750   10.3238
    0.0000   30.0000   22.500011144.9365   10.3314
    7.5000   30.0000   22.500010635.8203   10.3523
   -7.5000   37.5000   22.500010366.9570   10.7541
    0.0000   37.5000   22.500010829.6748   10.7592
    7.5000   37.5000   22.500010327.4229   10.7809
   -7.5000   45.0000   22.5000 9655.1162   10.9654
    0.0000   45.0000   22.500010073.9014   10.9704
    7.5000   45.0000   22.5000 9602.5615   10.9896
   -7.5000  -45.0000   30.000010739.2764    9.5506
    0.0000  -45.0000   30.000011148.3359    9.5596
    7.5000  -45.0000   30.000010707.6602    9.5832
   -7.5000  -37.5000   30.000010999.5752    9.6855
    0.0000  -37.5000   30.000011433.7236    9.6993
    7.5000  -37.5000   30.000010951.4473    9.7210
   -7.5000  -30.0000   30.000011428.9346    9.5379
    0.0000  -30.0000   30.000011900.7910    9.5509
    7.5000  -30.0000   30.000011360.7129    9.5671
   -7.5000  -22.5000   30.000011805.2393    9.4685
    0.0000  -22.5000   30.000012317.7314    9.4782
    7.5000  -22.5000   30.000011722.0596    9.4928
   -7.5000  -15.0000   30.000012102.7461    9.4012
    0.0000  -15.0000   30.000012608.4492    9.4081
    7.5000  -15.0000   30.000012017.3320    9.4252
   -7.5000   -7.5000   30.000012377.8135    9.3439
    0.0000   -7.5000   30.000012921.9639    9.3506
    7.5000   -7.5000   30.000012317.9111    9.3714
   -7.5000    0.0000   30.000012620.4658    9.3294
    0.0000    0.0000   30.000013187.1943    9.3382
    7.5000    0.0000   30.000012574.0342    9.3603
   -7.5000    7.5000   30.000011964.8779    9.5666
    0.0000    7.5000   30.000012462.8887    9.5800
    7.5000    7.5000   30.000011902.5586    9.6009
   -7.5000   15.0000   30.000011215.8887    9.9334
    0.0000   15.0000   30.000011674.0127    9.9492
    7.5000   15.0000   30.000011158.3340    9.9681
   -7.5000   22.5000   30.000010465.4365   10.3215
    0.0000   22.5000   30.000010892.6182   10.3370
    7.5000   22.5000   30.000010420.3750   10.3569
   -7.5000   30.0000   30.0000 9787.4131   10.5801
    0.0000   30.0000   30.000010194.6738   10.5903
    7.5000   30.0000   30.0000 9769.0000   10.6130
   -7.5000   37.5000   30.0000 9524.0322   11.0203
    0.0000   37.5000   30.0000 9937.2305   11.0299
    7.5000   37.5000   30.0000 9516.1074   11.0561
   -7.5000   45.0000   30.0000 8900.9619   11.2416
    0.0000   45.0000   30.0000 9301.4424   11.2530
    7.5000   45.0000   30.0000 8880.4180   11.2798
   -7.5000  -45.0000   37.500010408.3340    9.8705
    0.0000  -45.0000   37.500010800.5127    9.8848
    7.5000  -45.0000   37.500010366.0020    9.9080
   -7.5000  -37.5000   37.500010627.9180    9.9916
    0.0000  -37.5000   37.500011059.8418   10.0105
    7.5000  -37.5000   37.500010575.1348   10.0309
   -7.5000  -30.0000   37.500011020.9102    9.8416
    0.0000  -30.0000   37.500011480.9414    9.8587
    7.5000  -30.0000   37.500010969.7314    9.8728
   -7.5000  -22.5000   37.500011387.0303    9.7763
    0.0000  -22.5000   37.500011861.4951    9.7899
    7.5000  -22.5000   37.500011311.5986    9.8024
   -7.5000  -15.0000   37.500011673.2549    9.7114
    0.0000  -15.0000   37.500012168.9150    9.7226
    7.5000  -15.0000   37.500011602.3799    9.7382
   -7.5000   -7.5000   37.500011904.4844    9.6527
    0.0000   -7.5000   37.500012451.2881    9.6640
    7.5000   -7.5000   37.500011873.2832    9.6841
   -7.5000    0.0000   37.500012123.1543    9.6351
    0.0000    0.0000   37.500012663.7236    9.6489
    7.5000    0.0000   37.500012066.9033    9.6705
   -7.5000    7.5000   37.500011465.9902    9.8654
    0.0000    7.5000   37.500011959.6377    9.8838
    7.5000    7.5000   37.500011388.8105    9.9034
   -7.5000   15.0000   37.500010734.4668   10.2321
    0.0000   15.0000   37.500011205.2041   10.2528
    7.5000   15.0000   37.500010680.7754   10.2694
   -7.5000   22.5000   37.500010028.1182   10.6435
    0.0000   22.5000   37.500010464.7285   10.6642
    7.5000   22.5000   37.500010004.3770   10.6820
   -7.5000   30.0000   37.5000 9374.0947   10.9301
    0.0000   30.0000   37.5000 9786.6562   10.9456
    7.5000   30.0000   37.5000 9353.7695   10.9658
   -7.5000   37.5000   37.5000 9146.3154   11.4085
    0.0000   37.5000   37.5000 9559.7080   11.4242
    7.5000   37.5000   37.5000 9121.3330   11.4495
   -7.5000   45.0000   37.5000 8544.1211   11.6524
    0.0000   45.0000   37.5000 8969.4600   11.6711
    7.5000   45.0000   37.5000 8545.7402   11.6991
   -7.5000  -45.0000   45.0000 9746.1699   10.2885
    0.0000  -45.0000   45.000010142.5732   10.3070
    7.5000  -45.0000   45.0000 9718.3291   10.3311
   -7.5000  -37.5000   45.0000 9916.7148   10.3968
    0.0000  -37.5000   45.000010324.1738   10.4194
    7.5000  -37.5000   45.0000 9877.4893   10.4387
   -7.5000  -30.0000   45.000010238.0049   10.2382
    0.0000  -30.0000   45.000010679.5469   10.2589
    7.5000  -30.0000   45.000010215.0371   10.2724
   -7.5000  -22.5000   45.000010549.3564   10.1692
    0.0000  -22.5000   45.000011018.2734   10.1867
    7.5000  -22.5000   45.000010520.7090   10.2004
   -7.5000  -15.0000   45.000010822.5693   10.1027
    0.0000  -15.0000   45.000011305.2646   10.1181
    7.5000  -15.0000   45.000010772.3730   10.1365
   -7.5000   -7.5000   45.000011035.8057   10.0461
    0.0000   -7.5000   45.000011564.2949   10.0617
    7.5000   -7.5000   45.000011029.4824   10.0839
   -7.5000    0.0000   45.000011215.1406   10.0325
    0.0000    0.0000   45.000011735.6211   10.0501
    7.5000    0.0000   45.000011168.0342   10.0723
   -7.5000    7.5000   45.000010562.7471   10.2598
    0.0000    7.5000   45.000011042.9189   10.2817
    7.5000    7.5000   45.000010507.0303   10.3003
   -7.5000   15.0000   45.0000 9882.1230   10.6327
    0.0000   15.0000   45.000010356.0244   10.6573
    7.5000   15.0000   45.0000 9860.5254   10.6723
   -7.5000   22.5000   45.0000 9236.0889   11.0525
    0.0000   22.5000   45.0000 9670.9404   11.0772
    7.5000   22.5000   45.0000 9232.1982   11.0953
   -7.5000   30.0000   45.0000 8640.8545   11.3442
    0.0000   30.0000   45.0000 9037.2793   11.3641
    7.5000   30.0000   45.0000 8623.1221   11.3857
   -7.5000   37.5000   45.0000 8413.9238   11.8370
    0.0000   37.5000   45.0000 8823.9785   11.8574
    7.5000   37.5000   45.0000 8408.3838   11.8835
   -7.5000   45.0000   45.0000 7872.9321   12.0946
    0.0000   45.0000   45.0000 8282.9209   12.1184
    7.5000   45.0000   45.0000 7890.5786   12.1452

---------------------------------------------------------------------
imgreg_4dfp /opt/freesurfer/average/711-2C_as_mni_average_305 /opt/freesurfer/average/711-2B_as_mni_average_305_mask talsrcimg_g11 none talsrcimg_to_711-2C_as_mni_average_305_t4 4355
---------------------------------------------------------------------

freesurfer imgreg_4dfp.c
/opt/freesurfer/average/711-2C_as_mni_average_305.4dfp.img
       256       256       256         1
  1.000000  1.000000  1.000000
orientation T byte_order littleendian
Reading image: /opt/freesurfer/average/711-2C_as_mni_average_305.4dfp.img
dimensions:      256       256       256
mmppix:       1.0000   -1.0000   -1.0000
center:     128.0000 -129.0000 -129.0000
/opt/freesurfer/average/711-2B_as_mni_average_305_mask.4dfp.img
       256       256       256         1
  1.000000  1.000000  1.000000
orientation T byte_order littleendian
Reading mask: /opt/freesurfer/average/711-2B_as_mni_average_305_mask.4dfp.img (2306576 pixels)
talsrcimg_g11.4dfp.img
       256       256       256         1
  1.000000  1.000000  1.000000
orientation T byte_order littleendian
Reading image: talsrcimg_g11.4dfp.img
dimensions:      256       256       256
mmppix:       1.0000   -1.0000   -1.0000
center:     128.0000 -129.0000 -129.0000
rotation matrix determinant  1.000000
image alignment mode   4355 decimal     1103 hex
   -7.5000  -45.0000  -45.0000 2443.5344   11.6431
    0.0000  -45.0000  -45.0000 2443.4094   11.7154
    7.5000  -45.0000  -45.0000 2423.9199   11.8741
   -7.5000  -37.5000  -45.0000 2459.6426   11.5886
    0.0000  -37.5000  -45.0000 2461.5847   11.6541
    7.5000  -37.5000  -45.0000 2437.4048   11.8118
   -7.5000  -30.0000  -45.0000 2482.3350   11.6280
    0.0000  -30.0000  -45.0000 2486.3887   11.6388
    7.5000  -30.0000  -45.0000 2456.4260   11.7813
   -7.5000  -22.5000  -45.0000 2496.5410   11.6271
    0.0000  -22.5000  -45.0000 2503.0203   11.6246
    7.5000  -22.5000  -45.0000 2474.6641   11.7790
   -7.5000  -15.0000  -45.0000 2504.8276   11.6341
    0.0000  -15.0000  -45.0000 2510.3325   11.6108
    7.5000  -15.0000  -45.0000 2487.8247   11.7681
   -7.5000   -7.5000  -45.0000 2512.0076   11.6455
    0.0000   -7.5000  -45.0000 2524.5713   11.6244
    7.5000   -7.5000  -45.0000 2498.6516   11.7450
   -7.5000    0.0000  -45.0000 2511.2649   11.6943
    0.0000    0.0000  -45.0000 2523.1885   11.6581
    7.5000    0.0000  -45.0000 2500.9006   11.7652
   -7.5000    7.5000  -45.0000 2513.8098   11.7630
    0.0000    7.5000  -45.0000 2527.7896   11.7241
    7.5000    7.5000  -45.0000 2502.2173   11.8597
   -7.5000   15.0000  -45.0000 2511.4478   11.9092
    0.0000   15.0000  -45.0000 2524.7822   11.8826
    7.5000   15.0000  -45.0000 2505.1931   12.0208
   -7.5000   22.5000  -45.0000 2511.7703   12.2586
    0.0000   22.5000  -45.0000 2526.4543   12.2237
    7.5000   22.5000  -45.0000 2500.8035   12.3721
   -7.5000   30.0000  -45.0000 2477.8066   12.8008
    0.0000   30.0000  -45.0000 2486.7549   12.7267
    7.5000   30.0000  -45.0000 2466.6621   12.9011
   -7.5000   37.5000  -45.0000 2410.9622   13.4275
    0.0000   37.5000  -45.0000 2425.4558   13.3523
    7.5000   37.5000  -45.0000 2407.4375   13.5328
   -7.5000   45.0000  -45.0000 2325.5359   14.2630
    0.0000   45.0000  -45.0000 2344.8035   14.1704
    7.5000   45.0000  -45.0000 2325.3188   14.3459
   -7.5000  -45.0000  -37.5000 2524.9543   10.9559
    0.0000  -45.0000  -37.5000 2527.5127   11.0146
    7.5000  -45.0000  -37.5000 2508.3911   11.1677
   -7.5000  -37.5000  -37.5000 2540.6365   10.9255
    0.0000  -37.5000  -37.5000 2543.9185   10.9698
    7.5000  -37.5000  -37.5000 2520.0623   11.1456
   -7.5000  -30.0000  -37.5000 2556.5825   10.9459
    0.0000  -30.0000  -37.5000 2564.0403   10.9657
    7.5000  -30.0000  -37.5000 2536.1504   11.1252
   -7.5000  -22.5000  -37.5000 2560.0378   10.9237
    0.0000  -22.5000  -37.5000 2569.4058   10.9353
    7.5000  -22.5000  -37.5000 2546.8579   11.1157
   -7.5000  -15.0000  -37.5000 2569.0750   10.9075
    0.0000  -15.0000  -37.5000 2576.8584   10.9029
    7.5000  -15.0000  -37.5000 2558.0759   11.0769
   -7.5000   -7.5000  -37.5000 2581.0513   10.8873
    0.0000   -7.5000  -37.5000 2593.3384   10.8911
    7.5000   -7.5000  -37.5000 2572.9341   11.0269
   -7.5000    0.0000  -37.5000 2587.0718   10.9570
    0.0000    0.0000  -37.5000 2600.8521   10.9240
    7.5000    0.0000  -37.5000 2571.9717   11.0394
   -7.5000    7.5000  -37.5000 2592.9580   11.0283
    0.0000    7.5000  -37.5000 2606.8713   10.9756
    7.5000    7.5000  -37.5000 2575.1860   11.1128
   -7.5000   15.0000  -37.5000 2589.9995   11.1917
    0.0000   15.0000  -37.5000 2602.7808   11.1582
    7.5000   15.0000  -37.5000 2580.5706   11.2965
   -7.5000   22.5000  -37.5000 2592.6477   11.5253
    0.0000   22.5000  -37.5000 2610.0598   11.5075
    7.5000   22.5000  -37.5000 2583.2219   11.6532
   -7.5000   30.0000  -37.5000 2553.8159   12.0315
    0.0000   30.0000  -37.5000 2570.5237   11.9667
    7.5000   30.0000  -37.5000 2549.3093   12.1191
   -7.5000   37.5000  -37.5000 2488.8787   12.6063
    0.0000   37.5000  -37.5000 2512.0732   12.5185
    7.5000   37.5000  -37.5000 2493.6550   12.6869
   -7.5000   45.0000  -37.5000 2395.5647   13.4036
    0.0000   45.0000  -37.5000 2418.8940   13.3063
    7.5000   45.0000  -37.5000 2401.7170   13.4687
   -7.5000  -45.0000  -30.0000 2628.6948   10.7233
    0.0000  -45.0000  -30.0000 2639.3735   10.7764
    7.5000  -45.0000  -30.0000 2619.4031   10.9626
   -7.5000  -37.5000  -30.0000 2638.8452   10.7088
    0.0000  -37.5000  -30.0000 2654.8525   10.7287
    7.5000  -37.5000  -30.0000 2632.7373   10.9386
   -7.5000  -30.0000  -30.0000 2650.4829   10.7405
    0.0000  -30.0000  -30.0000 2667.2141   10.7259
    7.5000  -30.0000  -30.0000 2641.2476   10.9266
   -7.5000  -22.5000  -30.0000 2652.5388   10.7032
    0.0000  -22.5000  -30.0000 2663.6040   10.6618
    7.5000  -22.5000  -30.0000 2644.4326   10.8787
   -7.5000  -15.0000  -30.0000 2661.2327   10.6687
    0.0000  -15.0000  -30.0000 2671.7192   10.6003
    7.5000  -15.0000  -30.0000 2652.1909   10.8073
   -7.5000   -7.5000  -30.0000 2679.4578   10.6649
    0.0000   -7.5000  -30.0000 2693.7695   10.6073
    7.5000   -7.5000  -30.0000 2675.9482   10.7704
   -7.5000    0.0000  -30.0000 2693.9270   10.6866
    0.0000    0.0000  -30.0000 2710.8040   10.6577
    7.5000    0.0000  -30.0000 2691.8186   10.7986
   -7.5000    7.5000  -30.0000 2702.0806   10.7737
    0.0000    7.5000  -30.0000 2725.2197   10.7068
    7.5000    7.5000  -30.0000 2697.3489   10.8589
   -7.5000   15.0000  -30.0000 2705.4368   10.9404
    0.0000   15.0000  -30.0000 2729.9888   10.8891
    7.5000   15.0000  -30.0000 2701.0903   11.0762
   -7.5000   22.5000  -30.0000 2707.5576   11.3199
    0.0000   22.5000  -30.0000 2736.6287   11.2741
    7.5000   22.5000  -30.0000 2703.0935   11.4591
   -7.5000   30.0000  -30.0000 2659.9495   11.8192
    0.0000   30.0000  -30.0000 2691.7341   11.7335
    7.5000   30.0000  -30.0000 2663.5896   11.8969
   -7.5000   37.5000  -30.0000 2596.6392   12.3619
    0.0000   37.5000  -30.0000 2627.2502   12.2609
    7.5000   37.5000  -30.0000 2606.4363   12.4468
   -7.5000   45.0000  -30.0000 2504.0129   13.1439
    0.0000   45.0000  -30.0000 2528.3782   13.0418
    7.5000   45.0000  -30.0000 2513.3589   13.2345
   -7.5000  -45.0000  -22.5000 2695.8833   10.4528
    0.0000  -45.0000  -22.5000 2709.8850   10.4386
    7.5000  -45.0000  -22.5000 2687.0535   10.6936
   -7.5000  -37.5000  -22.5000 2702.4285   10.4474
    0.0000  -37.5000  -22.5000 2719.6970   10.4354
    7.5000  -37.5000  -22.5000 2694.9663   10.6743
   -7.5000  -30.0000  -22.5000 2706.5720   10.4462
    0.0000  -30.0000  -22.5000 2725.9988   10.4154
    7.5000  -30.0000  -22.5000 2700.3398   10.6267
   -7.5000  -22.5000  -22.5000 2708.4492   10.3900
    0.0000  -22.5000  -22.5000 2721.9250   10.3183
    7.5000  -22.5000  -22.5000 2703.4360   10.5212
   -7.5000  -15.0000  -22.5000 2716.8242   10.3465
    0.0000  -15.0000  -22.5000 2727.9114   10.2678
    7.5000  -15.0000  -22.5000 2714.8428   10.4467
   -7.5000   -7.5000  -22.5000 2736.0076   10.3596
    0.0000   -7.5000  -22.5000 2754.9822   10.2995
    7.5000   -7.5000  -22.5000 2742.0820   10.4491
   -7.5000    0.0000  -22.5000 2759.1001   10.4845
    0.0000    0.0000  -22.5000 2775.9216   10.4329
    7.5000    0.0000  -22.5000 2762.9329   10.5463
   -7.5000    7.5000  -22.5000 2777.7246   10.6447
    0.0000    7.5000  -22.5000 2806.1067   10.5893
    7.5000    7.5000  -22.5000 2775.2588   10.6765
   -7.5000   15.0000  -22.5000 2785.5928   10.7537
    0.0000   15.0000  -22.5000 2819.5833   10.7349
    7.5000   15.0000  -22.5000 2774.2268   10.8798
   -7.5000   22.5000  -22.5000 2782.5640   11.1173
    0.0000   22.5000  -22.5000 2819.5610   11.1083
    7.5000   22.5000  -22.5000 2775.0479   11.2359
   -7.5000   30.0000  -22.5000 2732.5078   11.5909
    0.0000   30.0000  -22.5000 2767.0789   11.5596
    7.5000   30.0000  -22.5000 2734.7529   11.6470
   -7.5000   37.5000  -22.5000 2669.6680   12.1241
    0.0000   37.5000  -22.5000 2701.0884   12.0721
    7.5000   37.5000  -22.5000 2671.6575   12.1378
   -7.5000   45.0000  -22.5000 2574.6528   12.9286
    0.0000   45.0000  -22.5000 2597.1943   12.8481
    7.5000   45.0000  -22.5000 2578.6143   12.9333
   -7.5000  -45.0000  -15.0000 2719.0508   10.2076
    0.0000  -45.0000  -15.0000 2735.0291   10.1600
    7.5000  -45.0000  -15.0000 2717.3838   10.4089
   -7.5000  -37.5000  -15.0000 2720.8958   10.2063
    0.0000  -37.5000  -15.0000 2737.5933   10.1734
    7.5000  -37.5000  -15.0000 2721.4675   10.3922
   -7.5000  -30.0000  -15.0000 2720.2783   10.1566
    0.0000  -30.0000  -15.0000 2734.8325   10.0963
    7.5000  -30.0000  -15.0000 2717.6008   10.3340
   -7.5000  -22.5000  -15.0000 2726.5420   10.0701
    0.0000  -22.5000  -15.0000 2733.6343   10.0022
    7.5000  -22.5000  -15.0000 2725.4177   10.2369
   -7.5000  -15.0000  -15.0000 2738.2905   10.0675
    0.0000  -15.0000  -15.0000 2748.3115   10.0100
    7.5000  -15.0000  -15.0000 2745.5815   10.2037
   -7.5000   -7.5000  -15.0000 2766.1494   10.1354
    0.0000   -7.5000  -15.0000 2778.6033   10.0994
    7.5000   -7.5000  -15.0000 2777.9197   10.2649
   -7.5000    0.0000  -15.0000 2795.4988   10.3762
    0.0000    0.0000  -15.0000 2814.7737   10.3488
    7.5000    0.0000  -15.0000 2804.6575   10.4340
   -7.5000    7.5000  -15.0000 2831.0825   10.7216
    0.0000    7.5000  -15.0000 2865.4167   10.7631
    7.5000    7.5000  -15.0000 2826.8799   10.6601
   -7.5000   15.0000  -15.0000 2841.2991   10.8732
    0.0000   15.0000  -15.0000 2893.0232   10.9539
    7.5000   15.0000  -15.0000 2827.0432   10.8524
   -7.5000   22.5000  -15.0000 2826.3704   11.0756
    0.0000   22.5000  -15.0000 2871.0051   11.1324
    7.5000   22.5000  -15.0000 2812.7512   11.0506
   -7.5000   30.0000  -15.0000 2768.4753   11.4231
    0.0000   30.0000  -15.0000 2809.6340   11.4565
    7.5000   30.0000  -15.0000 2770.6980   11.3959
   -7.5000   37.5000  -15.0000 2699.7539   11.9368
    0.0000   37.5000  -15.0000 2736.1045   11.9324
    7.5000   37.5000  -15.0000 2705.2622   11.9313
   -7.5000   45.0000  -15.0000 2599.1562   12.7583
    0.0000   45.0000  -15.0000 2624.4009   12.6807
    7.5000   45.0000  -15.0000 2607.6536   12.7383
   -7.5000  -45.0000   -7.5000 2728.0718   10.0291
    0.0000  -45.0000   -7.5000 2735.8091    9.9769
    7.5000  -45.0000   -7.5000 2730.6663   10.2218
   -7.5000  -37.5000   -7.5000 2722.1621   10.0262
    0.0000  -37.5000   -7.5000 2731.8379    9.9928
    7.5000  -37.5000   -7.5000 2725.8362   10.2196
   -7.5000  -30.0000   -7.5000 2717.4875    9.9763
    0.0000  -30.0000   -7.5000 2727.2173    9.9513
    7.5000  -30.0000   -7.5000 2723.4922   10.2009
   -7.5000  -22.5000   -7.5000 2722.8442    9.9524
    0.0000  -22.5000   -7.5000 2728.4905    9.9339
    7.5000  -22.5000   -7.5000 2731.3750   10.1476
   -7.5000  -15.0000   -7.5000 2741.7876    9.9911
    0.0000  -15.0000   -7.5000 2752.7476    9.9983
    7.5000  -15.0000   -7.5000 2756.3640   10.1508
   -7.5000   -7.5000   -7.5000 2789.2419   10.0977
    0.0000   -7.5000   -7.5000 2803.1499   10.1254
    7.5000   -7.5000   -7.5000 2795.7883   10.1959
   -7.5000    0.0000   -7.5000 2836.3755   10.3452
    0.0000    0.0000   -7.5000 2855.7131   10.3557
    7.5000    0.0000   -7.5000 2827.8577   10.3644
   -7.5000    7.5000   -7.5000 2871.9958   10.7223
    0.0000    7.5000   -7.5000 2908.6956   10.7929
    7.5000    7.5000   -7.5000 2859.4080   10.6524
   -7.5000   15.0000   -7.5000 2875.6099   10.9470
    0.0000   15.0000   -7.5000 2930.0718   11.0809
    7.5000   15.0000   -7.5000 2856.4878   10.8697
   -7.5000   22.5000   -7.5000 2848.5540   11.0814
    0.0000   22.5000   -7.5000 2897.7283   11.1574
    7.5000   22.5000   -7.5000 2838.2849   11.0558
   -7.5000   30.0000   -7.5000 2785.7446   11.3032
    0.0000   30.0000   -7.5000 2827.2300   11.3345
    7.5000   30.0000   -7.5000 2782.1697   11.3261
   -7.5000   37.5000   -7.5000 2705.8420   11.8004
    0.0000   37.5000   -7.5000 2742.8464   11.7642
    7.5000   37.5000   -7.5000 2709.2395   11.8407
   -7.5000   45.0000   -7.5000 2603.3594   12.6310
    0.0000   45.0000   -7.5000 2624.2771   12.5455
    7.5000   45.0000   -7.5000 2609.5090   12.6734
   -7.5000  -45.0000    0.0000 2736.8552    9.9822
    0.0000  -45.0000    0.0000 2742.5513    9.9781
    7.5000  -45.0000    0.0000 2737.1487   10.2044
   -7.5000  -37.5000    0.0000 2723.0513   10.0047
    0.0000  -37.5000    0.0000 2737.1626   10.0247
    7.5000  -37.5000    0.0000 2733.3186   10.2606
   -7.5000  -30.0000    0.0000 2714.6389   10.0289
    0.0000  -30.0000    0.0000 2724.6311   10.0266
    7.5000  -30.0000    0.0000 2727.5327   10.2839
   -7.5000  -22.5000    0.0000 2726.6724   10.0983
    0.0000  -22.5000    0.0000 2731.6018   10.0858
    7.5000  -22.5000    0.0000 2731.5117   10.2915
   -7.5000  -15.0000    0.0000 2747.7471   10.1605
    0.0000  -15.0000    0.0000 2759.9883   10.1553
    7.5000  -15.0000    0.0000 2751.1228   10.3149
   -7.5000   -7.5000    0.0000 2791.7158   10.2264
    0.0000   -7.5000    0.0000 2804.9346   10.2370
    7.5000   -7.5000    0.0000 2794.4182   10.3466
   -7.5000    0.0000    0.0000 2835.7756   10.3896
    0.0000    0.0000    0.0000 2853.0764   10.3655
    7.5000    0.0000    0.0000 2832.4646   10.4666
   -7.5000    7.5000    0.0000 2872.3828   10.7183
    0.0000    7.5000    0.0000 2904.5359   10.7368
    7.5000    7.5000    0.0000 2864.4539   10.7381
   -7.5000   15.0000    0.0000 2875.8408   10.9058
    0.0000   15.0000    0.0000 2925.8594   10.9429
    7.5000   15.0000    0.0000 2868.1895   10.9395
   -7.5000   22.5000    0.0000 2845.4692   11.0239
    0.0000   22.5000    0.0000 2884.7688   10.9031
    7.5000   22.5000    0.0000 2835.2554   11.0696
   -7.5000   30.0000    0.0000 2774.8472   11.3358
    0.0000   30.0000    0.0000 2808.8501   11.1658
    7.5000   30.0000    0.0000 2772.8008   11.3755
   -7.5000   37.5000    0.0000 2696.1118   11.9050
    0.0000   37.5000    0.0000 2730.7402   11.8180
    7.5000   37.5000    0.0000 2704.7871   11.9881
   -7.5000   45.0000    0.0000 2593.5029   12.7549
    0.0000   45.0000    0.0000 2605.1199   12.6912
    7.5000   45.0000    0.0000 2598.4851   12.8536
   -7.5000  -45.0000    7.5000 2746.2126   10.1250
    0.0000  -45.0000    7.5000 2755.1868   10.1564
    7.5000  -45.0000    7.5000 2747.0386   10.3675
   -7.5000  -37.5000    7.5000 2741.7788   10.2284
    0.0000  -37.5000    7.5000 2753.4644   10.2381
    7.5000  -37.5000    7.5000 2741.4126   10.4768
   -7.5000  -30.0000    7.5000 2733.8755   10.2567
    0.0000  -30.0000    7.5000 2736.6946   10.2233
    7.5000  -30.0000    7.5000 2729.7766   10.4793
   -7.5000  -22.5000    7.5000 2734.8884   10.3136
    0.0000  -22.5000    7.5000 2743.6687   10.2717
    7.5000  -22.5000    7.5000 2731.1484   10.4946
   -7.5000  -15.0000    7.5000 2748.3445   10.3554
    0.0000  -15.0000    7.5000 2762.8032   10.2997
    7.5000  -15.0000    7.5000 2751.7458   10.4829
   -7.5000   -7.5000    7.5000 2788.6743   10.4269
    0.0000   -7.5000    7.5000 2798.0884   10.3227
    7.5000   -7.5000    7.5000 2788.7444   10.5037
   -7.5000    0.0000    7.5000 2824.2344   10.5651
    0.0000    0.0000    7.5000 2832.2014   10.5052
    7.5000    0.0000    7.5000 2820.0908   10.6394
   -7.5000    7.5000    7.5000 2850.1516   10.8210
    0.0000    7.5000    7.5000 2867.6311   10.7689
    7.5000    7.5000    7.5000 2845.9866   10.8876
   -7.5000   15.0000    7.5000 2848.4685   11.0064
    0.0000   15.0000    7.5000 2879.9580   10.8407
    7.5000   15.0000    7.5000 2842.7571   11.0442
   -7.5000   22.5000    7.5000 2815.7302   11.1328
    0.0000   22.5000    7.5000 2837.3384   10.8519
    7.5000   22.5000    7.5000 2812.2007   11.1483
   -7.5000   30.0000    7.5000 2754.9138   11.4710
    0.0000   30.0000    7.5000 2786.1904   11.2883
    7.5000   30.0000    7.5000 2759.9263   11.5416
   -7.5000   37.5000    7.5000 2686.0933   12.1348
    0.0000   37.5000    7.5000 2717.3940   11.9905
    7.5000   37.5000    7.5000 2694.2961   12.2285
   -7.5000   45.0000    7.5000 2581.7893   13.0982
    0.0000   45.0000    7.5000 2591.9548   12.9775
    7.5000   45.0000    7.5000 2585.8948   13.1757
   -7.5000  -45.0000   15.0000 2751.3599   10.4335
    0.0000  -45.0000   15.0000 2755.2925   10.3687
    7.5000  -45.0000   15.0000 2745.6685   10.5837
   -7.5000  -37.5000   15.0000 2748.5193   10.5443
    0.0000  -37.5000   15.0000 2750.9570   10.4390
    7.5000  -37.5000   15.0000 2737.7332   10.6793
   -7.5000  -30.0000   15.0000 2741.1426   10.5659
    0.0000  -30.0000   15.0000 2736.9380   10.4381
    7.5000  -30.0000   15.0000 2724.3191   10.6724
   -7.5000  -22.5000   15.0000 2736.6929   10.6172
    0.0000  -22.5000   15.0000 2743.5276   10.4581
    7.5000  -22.5000   15.0000 2729.0100   10.6978
   -7.5000  -15.0000   15.0000 2744.1394   10.6601
    0.0000  -15.0000   15.0000 2755.3057   10.5008
    7.5000  -15.0000   15.0000 2741.9409   10.7366
   -7.5000   -7.5000   15.0000 2765.1699   10.7264
    0.0000   -7.5000   15.0000 2775.4795   10.5837
    7.5000   -7.5000   15.0000 2764.7725   10.7859
   -7.5000    0.0000   15.0000 2784.1851   10.8866
    0.0000    0.0000   15.0000 2796.1494   10.7765
    7.5000    0.0000   15.0000 2783.0774   10.9406
   -7.5000    7.5000   15.0000 2800.4187   11.1096
    0.0000    7.5000   15.0000 2809.8440   10.9798
    7.5000    7.5000   15.0000 2797.2876   11.1695
   -7.5000   15.0000   15.0000 2798.7266   11.2874
    0.0000   15.0000   15.0000 2813.3157   10.9985
    7.5000   15.0000   15.0000 2788.8582   11.2701
   -7.5000   22.5000   15.0000 2766.7561   11.4620
    0.0000   22.5000   15.0000 2785.5955   11.2068
    7.5000   22.5000   15.0000 2763.8767   11.4883
   -7.5000   30.0000   15.0000 2714.9277   11.8741
    0.0000   30.0000   15.0000 2738.5625   11.7071
    7.5000   30.0000   15.0000 2717.9932   11.9523
   -7.5000   37.5000   15.0000 2649.8975   12.5671
    0.0000   37.5000   15.0000 2670.5776   12.4042
    7.5000   37.5000   15.0000 2649.8845   12.6334
   -7.5000   45.0000   15.0000 2550.0269   13.4989
    0.0000   45.0000   15.0000 2562.3489   13.3679
    7.5000   45.0000   15.0000 2552.0530   13.6110
   -7.5000  -45.0000   22.5000 2733.3481   10.7702
    0.0000  -45.0000   22.5000 2742.8337   10.5965
    7.5000  -45.0000   22.5000 2736.5557   10.7686
   -7.5000  -37.5000   22.5000 2728.3267   10.8589
    0.0000  -37.5000   22.5000 2738.1057   10.6628
    7.5000  -37.5000   22.5000 2729.1428   10.8726
   -7.5000  -30.0000   22.5000 2723.5857   10.9277
    0.0000  -30.0000   22.5000 2726.8503   10.7045
    7.5000  -30.0000   22.5000 2717.3127   10.9390
   -7.5000  -22.5000   22.5000 2720.8286   10.9580
    0.0000  -22.5000   22.5000 2731.0549   10.7263
    7.5000  -22.5000   22.5000 2719.3369   10.9642
   -7.5000  -15.0000   22.5000 2721.2319   10.9955
    0.0000  -15.0000   22.5000 2733.4058   10.8046
    7.5000  -15.0000   22.5000 2725.2581   11.0346
   -7.5000   -7.5000   22.5000 2731.3567   11.1112
    0.0000   -7.5000   22.5000 2742.1350   10.9408
    7.5000   -7.5000   22.5000 2735.7603   11.1577
   -7.5000    0.0000   22.5000 2739.3125   11.3039
    0.0000    0.0000   22.5000 2752.7095   11.1389
    7.5000    0.0000   22.5000 2741.6238   11.3247
   -7.5000    7.5000   22.5000 2744.8047   11.5299
    0.0000    7.5000   22.5000 2755.7437   11.3119
    7.5000    7.5000   22.5000 2746.3748   11.5171
   -7.5000   15.0000   22.5000 2735.9243   11.7071
    0.0000   15.0000   22.5000 2746.9668   11.4355
    7.5000   15.0000   22.5000 2733.6917   11.6774
   -7.5000   22.5000   22.5000 2709.3943   12.0024
    0.0000   22.5000   22.5000 2720.3882   11.7758
    7.5000   22.5000   22.5000 2706.6492   12.0072
   -7.5000   30.0000   22.5000 2656.5000   12.4607
    0.0000   30.0000   22.5000 2675.6670   12.2734
    7.5000   30.0000   22.5000 2659.8083   12.5028
   -7.5000   37.5000   22.5000 2592.1277   13.1726
    0.0000   37.5000   22.5000 2613.1348   12.9766
    7.5000   37.5000   22.5000 2593.8918   13.2183
   -7.5000   45.0000   22.5000 2502.4578   14.1076
    0.0000   45.0000   22.5000 2522.5146   13.9285
    7.5000   45.0000   22.5000 2503.4875   14.1729
   -7.5000  -45.0000   30.0000 2698.8330   11.0667
    0.0000  -45.0000   30.0000 2709.0872   10.8990
    7.5000  -45.0000   30.0000 2703.2756   11.0630
   -7.5000  -37.5000   30.0000 2695.4348   11.1764
    0.0000  -37.5000   30.0000 2710.5347   10.9795
    7.5000  -37.5000   30.0000 2702.6689   11.1714
   -7.5000  -30.0000   30.0000 2689.0620   11.2973
    0.0000  -30.0000   30.0000 2702.1399   11.0620
    7.5000  -30.0000   30.0000 2695.3132   11.2860
   -7.5000  -22.5000   30.0000 2683.8235   11.3449
    0.0000  -22.5000   30.0000 2701.9875   11.1482
    7.5000  -22.5000   30.0000 2688.3689   11.3503
   -7.5000  -15.0000   30.0000 2682.2842   11.4113
    0.0000  -15.0000   30.0000 2698.7451   11.2185
    7.5000  -15.0000   30.0000 2692.6738   11.4457
   -7.5000   -7.5000   30.0000 2684.4324   11.5444
    0.0000   -7.5000   30.0000 2701.9036   11.3640
    7.5000   -7.5000   30.0000 2696.6724   11.5855
   -7.5000    0.0000   30.0000 2684.0481   11.7325
    0.0000    0.0000   30.0000 2704.2532   11.5382
    7.5000    0.0000   30.0000 2690.3826   11.7553
   -7.5000    7.5000   30.0000 2680.2639   11.9815
    0.0000    7.5000   30.0000 2693.8459   11.7324
    7.5000    7.5000   30.0000 2680.1184   11.9371
   -7.5000   15.0000   30.0000 2662.9487   12.2151
    0.0000   15.0000   30.0000 2675.9216   12.0077
    7.5000   15.0000   30.0000 2661.5728   12.2058
   -7.5000   22.5000   30.0000 2632.1748   12.6529
    0.0000   22.5000   30.0000 2649.9966   12.4360
    7.5000   22.5000   30.0000 2633.8420   12.6348
   -7.5000   30.0000   30.0000 2575.1836   13.1913
    0.0000   30.0000   30.0000 2600.8486   12.9898
    7.5000   30.0000   30.0000 2589.0320   13.2059
   -7.5000   37.5000   30.0000 2519.1943   13.8977
    0.0000   37.5000   30.0000 2545.4700   13.7271
    7.5000   37.5000   30.0000 2530.3596   13.9461
   -7.5000   45.0000   30.0000 2440.3574   14.8334
    0.0000   45.0000   30.0000 2468.5281   14.6716
    7.5000   45.0000   30.0000 2449.4011   14.8810
   -7.5000  -45.0000   37.5000 2659.1653   11.5608
    0.0000  -45.0000   37.5000 2664.6924   11.3616
    7.5000  -45.0000   37.5000 2654.4023   11.5285
   -7.5000  -37.5000   37.5000 2666.8528   11.6342
    0.0000  -37.5000   37.5000 2677.8118   11.4281
    7.5000  -37.5000   37.5000 2660.9062   11.5926
   -7.5000  -30.0000   37.5000 2655.4192   11.7503
    0.0000  -30.0000   37.5000 2671.0750   11.5391
    7.5000  -30.0000   37.5000 2658.0940   11.7124
   -7.5000  -22.5000   37.5000 2647.4067   11.8294
    0.0000  -22.5000   37.5000 2664.2034   11.6347
    7.5000  -22.5000   37.5000 2654.3406   11.7982
   -7.5000  -15.0000   37.5000 2642.9661   11.8951
    0.0000  -15.0000   37.5000 2661.2764   11.7066
    7.5000  -15.0000   37.5000 2654.3762   11.8985
   -7.5000   -7.5000   37.5000 2636.2610   12.0120
    0.0000   -7.5000   37.5000 2663.7126   11.8496
    7.5000   -7.5000   37.5000 2654.9790   12.0468
   -7.5000    0.0000   37.5000 2627.1179   12.2552
    0.0000    0.0000   37.5000 2651.5874   12.0650
    7.5000    0.0000   37.5000 2639.1763   12.2711
   -7.5000    7.5000   37.5000 2614.6077   12.5421
    0.0000    7.5000   37.5000 2637.7590   12.3493
    7.5000    7.5000   37.5000 2619.8240   12.5143
   -7.5000   15.0000   37.5000 2588.6992   12.8747
    0.0000   15.0000   37.5000 2609.0923   12.7176
    7.5000   15.0000   37.5000 2588.5244   12.8561
   -7.5000   22.5000   37.5000 2558.1418   13.4246
    0.0000   22.5000   37.5000 2584.3628   13.2549
    7.5000   22.5000   37.5000 2562.4600   13.3702
   -7.5000   30.0000   37.5000 2502.9087   13.9925
    0.0000   30.0000   37.5000 2533.4854   13.8228
    7.5000   30.0000   37.5000 2520.3147   13.9794
   -7.5000   37.5000   37.5000 2453.0029   14.7083
    0.0000   37.5000   37.5000 2485.5342   14.5510
    7.5000   37.5000   37.5000 2466.2576   14.7180
   -7.5000   45.0000   37.5000 2376.7310   15.6472
    0.0000   45.0000   37.5000 2416.6121   15.4771
    7.5000   45.0000   37.5000 2392.7397   15.6415
   -7.5000  -45.0000   45.0000 2604.9675   12.1916
    0.0000  -45.0000   45.0000 2615.2417   11.9580
    7.5000  -45.0000   45.0000 2598.0708   12.0951
   -7.5000  -37.5000   45.0000 2609.4746   12.2456
    0.0000  -37.5000   45.0000 2619.6294   12.0215
    7.5000  -37.5000   45.0000 2600.2952   12.1573
   -7.5000  -30.0000   45.0000 2601.5151   12.3071
    0.0000  -30.0000   45.0000 2616.3232   12.1208
    7.5000  -30.0000   45.0000 2601.7449   12.2392
   -7.5000  -22.5000   45.0000 2589.4976   12.3914
    0.0000  -22.5000   45.0000 2613.3228   12.2072
    7.5000  -22.5000   45.0000 2599.3203   12.3147
   -7.5000  -15.0000   45.0000 2581.0894   12.4989
    0.0000  -15.0000   45.0000 2605.0991   12.3358
    7.5000  -15.0000   45.0000 2597.4460   12.4556
   -7.5000   -7.5000   45.0000 2575.6890   12.6542
    0.0000   -7.5000   45.0000 2607.9341   12.4873
    7.5000   -7.5000   45.0000 2598.3982   12.6436
   -7.5000    0.0000   45.0000 2565.1707   12.9132
    0.0000    0.0000   45.0000 2595.3379   12.7177
    7.5000    0.0000   45.0000 2580.1018   12.8813
   -7.5000    7.5000   45.0000 2546.1365   13.2356
    0.0000    7.5000   45.0000 2571.8176   13.0625
    7.5000    7.5000   45.0000 2552.5894   13.1796
   -7.5000   15.0000   45.0000 2511.9153   13.6789
    0.0000   15.0000   45.0000 2538.3477   13.5092
    7.5000   15.0000   45.0000 2518.5896   13.6055
   -7.5000   22.5000   45.0000 2478.6135   14.3063
    0.0000   22.5000   45.0000 2507.5742   14.1494
    7.5000   22.5000   45.0000 2490.6846   14.2164
   -7.5000   30.0000   45.0000 2429.1284   14.8981
    0.0000   30.0000   45.0000 2456.5273   14.7571
    7.5000   30.0000   45.0000 2445.5107   14.8851
   -7.5000   37.5000   45.0000 2372.5852   15.6404
    0.0000   37.5000   45.0000 2408.5784   15.5047
    7.5000   37.5000   45.0000 2393.5876   15.6333
   -7.5000   45.0000   45.0000 2300.1943   16.6396
    0.0000   45.0000   45.0000 2342.5383   16.4587
    7.5000   45.0000   45.0000 2320.8052   16.6030

---------------------------------------------------------------------
imgreg_4dfp /opt/freesurfer/average/711-2C_as_mni_average_305 /opt/freesurfer/average/711-2B_as_mni_average_305_mask talsrcimg_g11 none talsrcimg_to_711-2C_as_mni_average_305_t4 1283
---------------------------------------------------------------------

freesurfer imgreg_4dfp.c
/opt/freesurfer/average/711-2C_as_mni_average_305.4dfp.img
       256       256       256         1
  1.000000  1.000000  1.000000
orientation T byte_order littleendian
Reading image: /opt/freesurfer/average/711-2C_as_mni_average_305.4dfp.img
dimensions:      256       256       256
mmppix:       1.0000   -1.0000   -1.0000
center:     128.0000 -129.0000 -129.0000
/opt/freesurfer/average/711-2B_as_mni_average_305_mask.4dfp.img
       256       256       256         1
  1.000000  1.000000  1.000000
orientation T byte_order littleendian
Reading mask: /opt/freesurfer/average/711-2B_as_mni_average_305_mask.4dfp.img (2306576 pixels)
talsrcimg_g11.4dfp.img
       256       256       256         1
  1.000000  1.000000  1.000000
orientation T byte_order littleendian
Reading image: talsrcimg_g11.4dfp.img
dimensions:      256       256       256
mmppix:       1.0000   -1.0000   -1.0000
center:     128.0000 -129.0000 -129.0000
rotation matrix determinant  1.000000
fimgreg.f
image alignment mode   1283 decimal      503 hex
parameters
    0.0000   15.0000   -7.5000    0.0000    0.0000    0.0000
eta,q 0.91922 11.14734
niter,ni,del,rscale     5    3   12.0000    1.2000
parameter  4  4.237711 ->  0.500000 qaram    1.1500
parameter  5  0.556688 ->  0.500000 qaram    1.1500
parameters
   -0.5044   14.8179   -5.2719   -3.4500   -3.4500   -2.3215
eta,q 0.92868 11.18460
  0.0950  0.0875  0.0900  0.0711  0.0733  0.0724
  0.0848  0.0817  0.0831  0.0739  0.0713  0.0717
  0.0788  0.0781  0.0789  0.0748  0.0717  0.0712
  0.0784  0.0775  0.0771  0.0770  0.0742  0.0711
  0.0824  0.0793  0.0769  0.0806  0.0770  0.0734
  0.0905  0.0838  0.0779  0.0833  0.0816  0.0772
  0.1000  0.0877  0.0781  0.0854  0.0877  0.0825
niter,ni,del,rscale     6    3   12.0000    1.2000
parameter  4  4.191283 ->  0.500000 qaram    1.3225
parameters
    0.0451   15.4394   -5.6347   -7.4175   -3.0580   -2.1311
eta,q 0.93162 11.13530
  0.0903  0.0823  0.0757  0.0647  0.0780  0.0720
  0.0817  0.0752  0.0729  0.0677  0.0721  0.0687
  0.0744  0.0715  0.0715  0.0697  0.0689  0.0683
  0.0713  0.0711  0.0714  0.0714  0.0684  0.0685
  0.0711  0.0725  0.0717  0.0738  0.0695  0.0676
  0.0757  0.0741  0.0734  0.0762  0.0717  0.0684
  0.0857  0.0771  0.0774  0.0802  0.0751  0.0716
niter,ni,del,rscale     6    3   12.0000    1.2000
parameter  2 -0.525015 -> -0.500000 qaram    1.1500
parameter  4  6.405419 ->  0.500000 qaram    1.5209
parameters
    0.1159   18.8894   -7.7365  -11.9801   -3.2154   -1.6471
eta,q 0.94469 11.24192
  0.0839  0.0813  0.0667  0.0516  0.0690  0.0639
  0.0752  0.0735  0.0652  0.0547  0.0611  0.0604
  0.0706  0.0692  0.0652  0.0588  0.0559  0.0576
  0.0684  0.0683  0.0653  0.0652  0.0557  0.0556
  0.0686  0.0668  0.0667  0.0722  0.0573  0.0551
  0.0743  0.0650  0.0711  0.0772  0.0616  0.0575
  0.0840  0.0669  0.0784  0.0814  0.0701  0.0628
niter,ni,del,rscale     7    3   12.0000    1.2000
parameters
   -0.0752   18.8805   -8.8011  -15.3859   -3.1104   -2.1884
eta,q 0.94893 11.21822
  0.0782  0.0769  0.0607  0.0593  0.0674  0.0594
  0.0656  0.0653  0.0555  0.0534  0.0600  0.0543
  0.0570  0.0587  0.0541  0.0512  0.0537  0.0517
  0.0553  0.0552  0.0552  0.0545  0.0512  0.0512
  0.0594  0.0575  0.0571  0.0606  0.0530  0.0533
  0.0684  0.0650  0.0607  0.0698  0.0585  0.0572
  0.0803  0.0776  0.0652  0.0767  0.0671  0.0623
niter,ni,del,rscale     6    3   12.0000    1.2000
parameters
    0.0021   19.6495   -9.0185  -16.0064   -3.1545   -2.2916
eta,q 0.94946 11.24723
  0.0775  0.0790  0.0621  0.0648  0.0661  0.0605
  0.0661  0.0667  0.0562  0.0577  0.0588  0.0547
  0.0552  0.0560  0.0526  0.0521  0.0528  0.0516
  0.0511  0.0511  0.0509  0.0509  0.0506  0.0506
  0.0545  0.0528  0.0526  0.0542  0.0526  0.0523
  0.0638  0.0591  0.0579  0.0596  0.0586  0.0558
  0.0772  0.0694  0.0636  0.0696  0.0670  0.0606
niter,ni,del,rscale     5    3   12.0000    1.2000
parameters
   -0.0207   19.7962   -9.1555  -16.1943   -3.1493   -2.3261
eta,q 0.94946 11.25442
  0.0764  0.0750  0.0626  0.0657  0.0661  0.0607
  0.0651  0.0632  0.0562  0.0587  0.0588  0.0548
  0.0546  0.0543  0.0525  0.0526  0.0530  0.0517
  0.0505  0.0505  0.0505  0.0506  0.0505  0.0505
  0.0540  0.0539  0.0518  0.0536  0.0524  0.0522
  0.0638  0.0615  0.0575  0.0584  0.0584  0.0556
  0.0781  0.0733  0.0638  0.0676  0.0666  0.0603
niter,ni,del,rscale     4    3   12.0000    1.2000
parameters
   -0.0391   19.8260   -9.1991  -16.2437   -3.1355   -2.3367
eta,q 0.94946 11.25625
  0.0765  0.0742  0.0631  0.0660  0.0661  0.0607
  0.0651  0.0626  0.0565  0.0590  0.0589  0.0549
  0.0547  0.0541  0.0526  0.0528  0.0531  0.0517
  0.0505  0.0505  0.0505  0.0506  0.0505  0.0505
  0.0539  0.0541  0.0515  0.0534  0.0524  0.0522
  0.0638  0.0620  0.0571  0.0580  0.0583  0.0556
  0.0782  0.0740  0.0636  0.0670  0.0665  0.0602
registration optimization eta report
parameter search radius
    6.0000    6.9000    6.0000    9.1253    6.9000    6.0000
100000*second partial in parameter space
       73.       48.       36.       19.       33.       27.
  0.0765  0.0742  0.0631  0.0660  0.0661  0.0607
  0.0651  0.0626  0.0565  0.0590  0.0589  0.0549
  0.0547  0.0541  0.0526  0.0528  0.0531  0.0517
  0.0505  0.0505  0.0505  0.0506  0.0505  0.0505
  0.0539  0.0541  0.0515  0.0534  0.0524  0.0522
  0.0638  0.0620  0.0571  0.0580  0.0583  0.0556
  0.0782  0.0740  0.0636  0.0670  0.0665  0.0602
   -0.0391   19.8260   -9.1991  -16.2437   -3.1355   -2.3367
eta,q 0.94946 11.25625

---------------------------------------------------------------------
imgreg_4dfp /opt/freesurfer/average/711-2C_as_mni_average_305 /opt/freesurfer/average/711-2B_as_mni_average_305_mask talsrcimg_g11 none talsrcimg_to_711-2C_as_mni_average_305_t4 3335
---------------------------------------------------------------------

freesurfer imgreg_4dfp.c
/opt/freesurfer/average/711-2C_as_mni_average_305.4dfp.img
       256       256       256         1
  1.000000  1.000000  1.000000
orientation T byte_order littleendian
Reading image: /opt/freesurfer/average/711-2C_as_mni_average_305.4dfp.img
dimensions:      256       256       256
mmppix:       1.0000   -1.0000   -1.0000
center:     128.0000 -129.0000 -129.0000
/opt/freesurfer/average/711-2B_as_mni_average_305_mask.4dfp.img
       256       256       256         1
  1.000000  1.000000  1.000000
orientation T byte_order littleendian
Reading mask: /opt/freesurfer/average/711-2B_as_mni_average_305_mask.4dfp.img (2306576 pixels)
talsrcimg_g11.4dfp.img
       256       256       256         1
  1.000000  1.000000  1.000000
orientation T byte_order littleendian
Reading image: talsrcimg_g11.4dfp.img
dimensions:      256       256       256
mmppix:       1.0000   -1.0000   -1.0000
center:     128.0000 -129.0000 -129.0000
fimgreg.f
image alignment mode   3335 decimal      D07 hex
parameters
   -0.0391   19.8260   -9.1991   -0.2327   -4.0094   -4.1357
    2.3856    6.3876   -4.0710   27.7350   -5.4698  -27.9305
eta,q 0.95104 11.25590
niter,ni,del,rscale     5    3    5.0000    1.2000
parameter  4  1.013620 ->  0.500000 qaram    1.1500
parameter  5  0.995245 ->  0.500000 qaram    1.1500
parameters
    0.0262   20.4209   -9.1264   -4.3727   -8.1494   -5.0773
    2.4618    6.1921   -1.9432   26.2346   -6.2048  -31.3882
eta,q 0.95908 11.10821
  0.0547  0.0542  0.0509  0.0438  0.0420  0.0445  0.0462  0.0480  0.0472  0.0446  0.0425  0.0417
  0.0516  0.0519  0.0496  0.0444  0.0420  0.0430  0.0440  0.0447  0.0449  0.0426  0.0419  0.0410
  0.0497  0.0501  0.0489  0.0460  0.0428  0.0423  0.0426  0.0427  0.0432  0.0416  0.0416  0.0410
  0.0490  0.0489  0.0486  0.0486  0.0447  0.0421  0.0422  0.0422  0.0422  0.0418  0.0416  0.0416
  0.0495  0.0486  0.0488  0.0528  0.0477  0.0423  0.0426  0.0429  0.0418  0.0431  0.0417  0.0425
  0.0512  0.0493  0.0495  0.0581  0.0512  0.0438  0.0439  0.0451  0.0422  0.0454  0.0422  0.0438
  0.0542  0.0509  0.0506  0.0635  0.0542  0.0472  0.0460  0.0488  0.0436  0.0482  0.0431  0.0455
niter,ni,del,rscale     6    3    5.0000    1.2000
parameters
    0.0542   20.7628   -9.1421   -7.3914  -10.0217   -5.1299
    2.1632    5.9946   -2.3474   26.8117   -6.5749  -32.1838
eta,q 0.96030 10.95180
  0.0467  0.0466  0.0432  0.0424  0.0434  0.0429  0.0440  0.0457  0.0431  0.0453  0.0412  0.0417
  0.0435  0.0439  0.0419  0.0406  0.0413  0.0410  0.0416  0.0426  0.0413  0.0426  0.0404  0.0405
  0.0415  0.0420  0.0411  0.0400  0.0400  0.0399  0.0401  0.0404  0.0401  0.0407  0.0398  0.0399
  0.0409  0.0409  0.0408  0.0408  0.0400  0.0398  0.0398  0.0398  0.0398  0.0398  0.0397  0.0397
  0.0416  0.0409  0.0411  0.0430  0.0417  0.0401  0.0405  0.0406  0.0404  0.0400  0.0400  0.0403
  0.0434  0.0421  0.0419  0.0466  0.0451  0.0409  0.0421  0.0430  0.0419  0.0415  0.0405  0.0413
  0.0464  0.0442  0.0433  0.0521  0.0486  0.0430  0.0446  0.0464  0.0440  0.0439  0.0415  0.0427
niter,ni,del,rscale     5    3    5.0000    1.2000
parameters
    0.0971   20.9241   -8.9973   -7.3997  -10.4405   -4.8696
    2.1677    6.0007   -2.3745   27.0983   -6.7574  -32.3212
eta,q 0.96030 10.96197
  0.0457  0.0447  0.0425  0.0454  0.0449  0.0430  0.0442  0.0458  0.0434  0.0448  0.0412  0.0421
  0.0424  0.0422  0.0411  0.0425  0.0423  0.0410  0.0418  0.0427  0.0415  0.0422  0.0404  0.0408
  0.0404  0.0405  0.0401  0.0404  0.0405  0.0399  0.0402  0.0405  0.0402  0.0404  0.0399  0.0400
  0.0397  0.0397  0.0397  0.0396  0.0396  0.0397  0.0397  0.0397  0.0397  0.0397  0.0397  0.0397
  0.0403  0.0399  0.0398  0.0403  0.0403  0.0399  0.0403  0.0404  0.0402  0.0401  0.0399  0.0400
  0.0422  0.0413  0.0406  0.0423  0.0428  0.0406  0.0418  0.0426  0.0415  0.0417  0.0404  0.0410
  0.0453  0.0436  0.0420  0.0456  0.0465  0.0426  0.0442  0.0459  0.0435  0.0441  0.0413  0.0422
niter,ni,del,rscale     4    3    5.0000    1.2000
parameters
    0.1095   20.9775   -8.9649   -7.3515  -10.5480   -4.8300
    2.1568    6.0102   -2.3624   27.1810   -6.8041  -32.3630
eta,q 0.96029 10.96604
  0.0455  0.0443  0.0423  0.0455  0.0453  0.0428  0.0442  0.0458  0.0435  0.0445  0.0412  0.0421
  0.0423  0.0419  0.0409  0.0425  0.0426  0.0409  0.0417  0.0427  0.0415  0.0420  0.0404  0.0408
  0.0404  0.0403  0.0401  0.0405  0.0407  0.0398  0.0402  0.0405  0.0402  0.0403  0.0399  0.0400
  0.0397  0.0397  0.0397  0.0397  0.0397  0.0397  0.0397  0.0397  0.0397  0.0397  0.0397  0.0397
  0.0403  0.0401  0.0399  0.0403  0.0401  0.0399  0.0402  0.0404  0.0401  0.0402  0.0399  0.0400
  0.0423  0.0415  0.0408  0.0423  0.0424  0.0406  0.0418  0.0426  0.0415  0.0418  0.0404  0.0409
  0.0454  0.0440  0.0422  0.0456  0.0461  0.0429  0.0442  0.0459  0.0435  0.0444  0.0413  0.0422
niter,ni,del,rscale     3    3    5.0000    1.2000
parameters
    0.1144   20.9923   -8.9653   -7.3394  -10.5711   -4.8263
    2.1517    6.0152   -2.3577   27.2026   -6.8290  -32.3777
eta,q 0.96029 10.96716
  0.0455  0.0442  0.0422  0.0455  0.0454  0.0428  0.0442  0.0458  0.0435  0.0445  0.0412  0.0421
  0.0423  0.0418  0.0409  0.0425  0.0427  0.0409  0.0417  0.0427  0.0415  0.0420  0.0404  0.0408
  0.0404  0.0403  0.0400  0.0405  0.0407  0.0398  0.0402  0.0405  0.0402  0.0403  0.0399  0.0401
  0.0397  0.0397  0.0397  0.0397  0.0397  0.0397  0.0397  0.0397  0.0397  0.0397  0.0397  0.0397
  0.0403  0.0401  0.0400  0.0403  0.0401  0.0399  0.0402  0.0404  0.0401  0.0402  0.0399  0.0400
  0.0423  0.0416  0.0408  0.0423  0.0423  0.0407  0.0418  0.0425  0.0415  0.0419  0.0404  0.0409
  0.0455  0.0442  0.0423  0.0456  0.0460  0.0429  0.0442  0.0459  0.0435  0.0445  0.0413  0.0422
registration optimization eta report
parameter search radius
    2.4000    2.4000    2.4000    8.2800    8.2800    7.2000
    7.2000    7.2000    7.2000    7.2000    7.2000    7.2000
100000*second partial in parameter space
      100.       77.       44.        9.        9.        6.
        9.       12.        7.        9.        3.        5.
  0.0455  0.0442  0.0422  0.0455  0.0454  0.0428  0.0442  0.0458  0.0435  0.0445  0.0412  0.0421
  0.0423  0.0418  0.0409  0.0425  0.0427  0.0409  0.0417  0.0427  0.0415  0.0420  0.0404  0.0408
  0.0404  0.0403  0.0400  0.0405  0.0407  0.0398  0.0402  0.0405  0.0402  0.0403  0.0399  0.0401
  0.0397  0.0397  0.0397  0.0397  0.0397  0.0397  0.0397  0.0397  0.0397  0.0397  0.0397  0.0397
  0.0403  0.0401  0.0400  0.0403  0.0401  0.0399  0.0402  0.0404  0.0401  0.0402  0.0399  0.0400
  0.0423  0.0416  0.0408  0.0423  0.0423  0.0407  0.0418  0.0425  0.0415  0.0419  0.0404  0.0409
  0.0455  0.0442  0.0423  0.0456  0.0460  0.0429  0.0442  0.0459  0.0435  0.0445  0.0413  0.0422
    0.1144   20.9923   -8.9653   -7.3394  -10.5711   -4.8263
    2.1517    6.0152   -2.3577   27.2026   -6.8290  -32.3777
eta,q 0.96029 10.96716

---------------------------------------------------------------------
imgreg_4dfp /opt/freesurfer/average/711-2C_as_mni_average_305 /opt/freesurfer/average/711-2B_as_mni_average_305_mask talsrcimg_g11 none talsrcimg_to_711-2C_as_mni_average_305_t4 2311
---------------------------------------------------------------------

freesurfer imgreg_4dfp.c
/opt/freesurfer/average/711-2C_as_mni_average_305.4dfp.img
       256       256       256         1
  1.000000  1.000000  1.000000
orientation T byte_order littleendian
Reading image: /opt/freesurfer/average/711-2C_as_mni_average_305.4dfp.img
dimensions:      256       256       256
mmppix:       1.0000   -1.0000   -1.0000
center:     128.0000 -129.0000 -129.0000
/opt/freesurfer/average/711-2B_as_mni_average_305_mask.4dfp.img
       256       256       256         1
  1.000000  1.000000  1.000000
orientation T byte_order littleendian
Reading mask: /opt/freesurfer/average/711-2B_as_mni_average_305_mask.4dfp.img (2306576 pixels)
talsrcimg_g11.4dfp.img
       256       256       256         1
  1.000000  1.000000  1.000000
orientation T byte_order littleendian
Reading image: talsrcimg_g11.4dfp.img
dimensions:      256       256       256
mmppix:       1.0000   -1.0000   -1.0000
center:     128.0000 -129.0000 -129.0000
fimgreg.f
image alignment mode   2311 decimal      907 hex
parameters
    0.1144   20.9923   -8.9653   -7.3394  -10.5711   -4.8263
    2.1517    6.0152   -2.3577   27.2026   -6.8290  -32.3777
eta,q 0.96029 10.96716
niter,ni,del,rscale     5    3    5.0000    0.8000
parameters
    0.1148   21.0214   -8.9328   -7.2357  -10.1492   -4.6563
    2.1569    6.0478   -2.2631   27.2401   -6.8422  -32.2854
eta,q 0.96034 10.99896
  0.0423  0.0418  0.0409  0.0419  0.0421  0.0408  0.0417  0.0426  0.0415  0.0420  0.0403  0.0409
  0.0409  0.0407  0.0403  0.0407  0.0410  0.0400  0.0405  0.0410  0.0405  0.0407  0.0400  0.0403
  0.0400  0.0400  0.0399  0.0400  0.0402  0.0396  0.0399  0.0400  0.0399  0.0399  0.0397  0.0399
  0.0397  0.0397  0.0397  0.0397  0.0397  0.0397  0.0397  0.0397  0.0397  0.0397  0.0397  0.0397
  0.0400  0.0399  0.0398  0.0399  0.0397  0.0398  0.0399  0.0400  0.0398  0.0399  0.0397  0.0398
  0.0409  0.0405  0.0402  0.0406  0.0403  0.0400  0.0406  0.0409  0.0404  0.0406  0.0400  0.0402
  0.0423  0.0417  0.0408  0.0417  0.0415  0.0406  0.0417  0.0425  0.0414  0.0419  0.0403  0.0408
niter,ni,del,rscale     4    3    5.0000    0.7000
parameters
    0.1206   21.0130   -8.9317   -7.2343  -10.0732   -4.7214
    2.1260    6.0611   -2.2398   27.2104   -6.8250  -32.2263
eta,q 0.96035 10.99621
  0.0417  0.0412  0.0405  0.0413  0.0413  0.0404  0.0412  0.0419  0.0410  0.0414  0.0402  0.0406
  0.0406  0.0404  0.0401  0.0404  0.0405  0.0398  0.0403  0.0406  0.0403  0.0404  0.0399  0.0401
  0.0399  0.0398  0.0398  0.0399  0.0400  0.0396  0.0398  0.0399  0.0398  0.0398  0.0397  0.0398
  0.0397  0.0397  0.0397  0.0397  0.0397  0.0397  0.0397  0.0397  0.0396  0.0397  0.0397  0.0397
  0.0399  0.0398  0.0398  0.0398  0.0398  0.0398  0.0398  0.0399  0.0398  0.0398  0.0397  0.0397
  0.0405  0.0404  0.0400  0.0404  0.0403  0.0399  0.0404  0.0406  0.0403  0.0404  0.0399  0.0401
  0.0416  0.0413  0.0405  0.0413  0.0414  0.0404  0.0412  0.0419  0.0410  0.0414  0.0402  0.0406
niter,ni,del,rscale     3    3    5.0000    0.6000
parameters
    0.1191   21.0110   -8.9272   -7.2442   -9.9922   -4.8157
    2.1042    6.0680   -2.2265   27.1893   -6.8083  -32.1761
eta,q 0.96036 10.99159
  0.0411  0.0408  0.0403  0.0408  0.0409  0.0402  0.0408  0.0413  0.0407  0.0409  0.0400  0.0404
  0.0403  0.0402  0.0400  0.0402  0.0403  0.0398  0.0401  0.0403  0.0401  0.0402  0.0398  0.0400
  0.0398  0.0398  0.0397  0.0398  0.0399  0.0396  0.0397  0.0398  0.0398  0.0398  0.0397  0.0398
  0.0397  0.0396  0.0396  0.0396  0.0396  0.0396  0.0396  0.0396  0.0396  0.0396  0.0396  0.0396
  0.0398  0.0398  0.0397  0.0398  0.0397  0.0397  0.0398  0.0398  0.0398  0.0398  0.0397  0.0397
  0.0403  0.0402  0.0399  0.0402  0.0401  0.0399  0.0402  0.0403  0.0401  0.0402  0.0398  0.0399
  0.0411  0.0408  0.0403  0.0409  0.0409  0.0401  0.0408  0.0413  0.0407  0.0410  0.0400  0.0403
niter,ni,del,rscale     2    3    5.0000    0.5000
parameters
    0.1181   21.0107   -8.9299   -7.2417   -9.9216   -4.9995
    2.0760    6.0607   -2.2119   27.1425   -6.7731  -32.1211
eta,q 0.96038 10.98096
  0.0407  0.0404  0.0401  0.0405  0.0405  0.0399  0.0404  0.0408  0.0403  0.0405  0.0399  0.0402
  0.0401  0.0400  0.0398  0.0400  0.0401  0.0397  0.0399  0.0401  0.0400  0.0400  0.0397  0.0399
  0.0397  0.0397  0.0397  0.0397  0.0398  0.0396  0.0397  0.0397  0.0397  0.0397  0.0397  0.0397
  0.0396  0.0396  0.0396  0.0396  0.0396  0.0396  0.0396  0.0396  0.0396  0.0396  0.0396  0.0396
  0.0398  0.0397  0.0397  0.0397  0.0397  0.0397  0.0397  0.0397  0.0397  0.0397  0.0396  0.0397
  0.0401  0.0400  0.0398  0.0400  0.0400  0.0398  0.0400  0.0401  0.0399  0.0400  0.0397  0.0398
  0.0407  0.0405  0.0401  0.0405  0.0405  0.0399  0.0404  0.0408  0.0403  0.0406  0.0399  0.0401
niter,ni,del,rscale     1    3    5.0000    0.4000
parameters
    0.1157   21.0022   -8.9353   -7.2492   -9.8430   -5.2389
    2.0441    6.0589   -2.2020   27.1049   -6.7616  -32.0891
eta,q 0.96040 10.96685
  0.0403  0.0401  0.0399  0.0402  0.0402  0.0398  0.0401  0.0403  0.0401  0.0402  0.0398  0.0400
  0.0399  0.0398  0.0398  0.0399  0.0399  0.0396  0.0398  0.0399  0.0398  0.0399  0.0397  0.0398
  0.0397  0.0397  0.0397  0.0397  0.0397  0.0396  0.0396  0.0397  0.0397  0.0397  0.0396  0.0397
  0.0396  0.0396  0.0396  0.0396  0.0396  0.0396  0.0396  0.0396  0.0396  0.0396  0.0396  0.0396
  0.0397  0.0397  0.0397  0.0397  0.0397  0.0397  0.0397  0.0397  0.0397  0.0397  0.0396  0.0396
  0.0399  0.0399  0.0398  0.0399  0.0398  0.0397  0.0398  0.0399  0.0398  0.0399  0.0397  0.0398
  0.0403  0.0402  0.0399  0.0402  0.0402  0.0398  0.0401  0.0403  0.0401  0.0402  0.0398  0.0400
registration optimization eta report
parameter search radius
    0.8000    0.8000    0.8000    2.4000    2.4000    2.4000
    2.4000    2.4000    2.4000    2.4000    2.4000    2.4000
100000*second partial in parameter space
      101.       82.       48.        9.       10.        4.
        9.       13.        8.       10.        3.        6.
  0.0403  0.0401  0.0399  0.0402  0.0402  0.0398  0.0401  0.0403  0.0401  0.0402  0.0398  0.0400
  0.0399  0.0398  0.0398  0.0399  0.0399  0.0396  0.0398  0.0399  0.0398  0.0399  0.0397  0.0398
  0.0397  0.0397  0.0397  0.0397  0.0397  0.0396  0.0396  0.0397  0.0397  0.0397  0.0396  0.0397
  0.0396  0.0396  0.0396  0.0396  0.0396  0.0396  0.0396  0.0396  0.0396  0.0396  0.0396  0.0396
  0.0397  0.0397  0.0397  0.0397  0.0397  0.0397  0.0397  0.0397  0.0397  0.0397  0.0396  0.0396
  0.0399  0.0399  0.0398  0.0399  0.0398  0.0397  0.0398  0.0399  0.0398  0.0399  0.0397  0.0398
  0.0403  0.0402  0.0399  0.0402  0.0402  0.0398  0.0401  0.0403  0.0401  0.0402  0.0398  0.0400
    0.1157   21.0022   -8.9353   -7.2492   -9.8430   -5.2389
    2.0441    6.0589   -2.2020   27.1049   -6.7616  -32.0891
eta,q 0.96040 10.96685

---------------------------------------------------------------------
imgreg_4dfp /opt/freesurfer/average/711-2C_as_mni_average_305 /opt/freesurfer/average/711-2B_as_mni_average_305_mask talsrcimg_g11 none talsrcimg_to_711-2C_as_mni_average_305_t4 2311
---------------------------------------------------------------------

freesurfer imgreg_4dfp.c
/opt/freesurfer/average/711-2C_as_mni_average_305.4dfp.img
       256       256       256         1
  1.000000  1.000000  1.000000
orientation T byte_order littleendian
Reading image: /opt/freesurfer/average/711-2C_as_mni_average_305.4dfp.img
dimensions:      256       256       256
mmppix:       1.0000   -1.0000   -1.0000
center:     128.0000 -129.0000 -129.0000
/opt/freesurfer/average/711-2B_as_mni_average_305_mask.4dfp.img
       256       256       256         1
  1.000000  1.000000  1.000000
orientation T byte_order littleendian
Reading mask: /opt/freesurfer/average/711-2B_as_mni_average_305_mask.4dfp.img (2306576 pixels)
talsrcimg_g11.4dfp.img
       256       256       256         1
  1.000000  1.000000  1.000000
orientation T byte_order littleendian
Reading image: talsrcimg_g11.4dfp.img
dimensions:      256       256       256
mmppix:       1.0000   -1.0000   -1.0000
center:     128.0000 -129.0000 -129.0000
fimgreg.f
image alignment mode   2311 decimal      907 hex
parameters
    0.1157   21.0022   -8.9353   -7.2492   -9.8430   -5.2389
    2.0441    6.0589   -2.2020   27.1049   -6.7616  -32.0891
eta,q 0.96040 10.96685
niter,ni,del,rscale     5    3    5.0000    0.8000
parameters
    0.1166   20.9811   -8.9823   -7.3112  -10.0760   -4.7303
    2.1348    6.0607   -2.2628   27.1701   -6.7709  -32.2682
eta,q 0.96034 10.99122
  0.0422  0.0416  0.0407  0.0416  0.0415  0.0411  0.0418  0.0426  0.0414  0.0420  0.0403  0.0407
  0.0408  0.0405  0.0401  0.0405  0.0406  0.0402  0.0406  0.0409  0.0405  0.0407  0.0399  0.0402
  0.0399  0.0398  0.0397  0.0398  0.0399  0.0397  0.0399  0.0400  0.0399  0.0399  0.0397  0.0398
  0.0396  0.0396  0.0396  0.0396  0.0396  0.0396  0.0397  0.0397  0.0397  0.0397  0.0396  0.0397
  0.0399  0.0398  0.0398  0.0398  0.0398  0.0397  0.0399  0.0400  0.0399  0.0399  0.0397  0.0398
  0.0408  0.0405  0.0402  0.0406  0.0407  0.0399  0.0405  0.0409  0.0405  0.0406  0.0400  0.0403
  0.0422  0.0418  0.0409  0.0418  0.0421  0.0404  0.0416  0.0426  0.0415  0.0419  0.0403  0.0409
niter,ni,del,rscale     4    3    5.0000    0.7000
parameters
    0.1173   20.9990   -8.9323   -7.2524  -10.0601   -4.7382
    2.1277    6.0625   -2.2495   27.1918   -6.8081  -32.2179
eta,q 0.96035 10.99377
  0.0416  0.0413  0.0406  0.0413  0.0413  0.0404  0.0412  0.0419  0.0410  0.0414  0.0402  0.0406
  0.0405  0.0404  0.0401  0.0404  0.0405  0.0399  0.0403  0.0406  0.0403  0.0404  0.0399  0.0401
  0.0399  0.0399  0.0398  0.0399  0.0399  0.0396  0.0398  0.0399  0.0398  0.0399  0.0397  0.0398
  0.0397  0.0397  0.0397  0.0397  0.0397  0.0397  0.0397  0.0397  0.0396  0.0397  0.0397  0.0396
  0.0399  0.0398  0.0397  0.0398  0.0398  0.0398  0.0398  0.0399  0.0398  0.0398  0.0397  0.0397
  0.0405  0.0403  0.0400  0.0403  0.0403  0.0399  0.0403  0.0406  0.0403  0.0404  0.0399  0.0401
  0.0416  0.0412  0.0405  0.0412  0.0414  0.0404  0.0412  0.0419  0.0410  0.0414  0.0402  0.0406
niter,ni,del,rscale     3    3    5.0000    0.6000
parameters
    0.1183   21.0063   -8.9258   -7.2494   -9.9900   -4.8139
    2.1066    6.0670   -2.2268   27.1814   -6.7909  -32.1717
eta,q 0.96036 10.99108
  0.0411  0.0408  0.0403  0.0408  0.0409  0.0402  0.0408  0.0413  0.0407  0.0409  0.0400  0.0404
  0.0403  0.0402  0.0399  0.0402  0.0403  0.0398  0.0401  0.0404  0.0401  0.0402  0.0398  0.0400
  0.0398  0.0398  0.0397  0.0398  0.0399  0.0396  0.0397  0.0398  0.0398  0.0398  0.0397  0.0398
  0.0396  0.0396  0.0396  0.0396  0.0396  0.0396  0.0396  0.0396  0.0396  0.0396  0.0396  0.0396
  0.0398  0.0398  0.0397  0.0398  0.0397  0.0397  0.0398  0.0398  0.0397  0.0398  0.0397  0.0397
  0.0403  0.0402  0.0399  0.0402  0.0401  0.0399  0.0402  0.0404  0.0401  0.0402  0.0398  0.0399
  0.0411  0.0408  0.0403  0.0408  0.0409  0.0401  0.0408  0.0413  0.0407  0.0409  0.0400  0.0403
niter,ni,del,rscale     2    3    5.0000    0.5000
parameters
    0.1176   21.0074   -8.9274   -7.2348   -9.9158   -5.0026
    2.0801    6.0607   -2.2157   27.1385   -6.7777  -32.1223
eta,q 0.96038 10.98109
  0.0407  0.0404  0.0401  0.0405  0.0405  0.0399  0.0404  0.0408  0.0403  0.0405  0.0399  0.0402
  0.0401  0.0400  0.0398  0.0400  0.0401  0.0397  0.0399  0.0401  0.0400  0.0400  0.0397  0.0399
  0.0397  0.0397  0.0397  0.0397  0.0398  0.0396  0.0397  0.0397  0.0397  0.0397  0.0397  0.0397
  0.0396  0.0396  0.0396  0.0396  0.0396  0.0396  0.0396  0.0396  0.0396  0.0396  0.0396  0.0396
  0.0398  0.0397  0.0397  0.0397  0.0397  0.0397  0.0397  0.0397  0.0397  0.0397  0.0397  0.0397
  0.0401  0.0400  0.0398  0.0400  0.0400  0.0398  0.0400  0.0401  0.0399  0.0400  0.0397  0.0398
  0.0407  0.0405  0.0401  0.0405  0.0405  0.0399  0.0404  0.0408  0.0403  0.0406  0.0399  0.0401
niter,ni,del,rscale     1    3    5.0000    0.4000
parameters
    0.1154   21.0024   -8.9370   -7.2437   -9.8465   -5.2488
    2.0437    6.0587   -2.2021   27.1036   -6.7725  -32.0891
eta,q 0.96040 10.96644
  0.0403  0.0401  0.0399  0.0401  0.0402  0.0398  0.0401  0.0403  0.0401  0.0402  0.0398  0.0400
  0.0399  0.0399  0.0398  0.0399  0.0399  0.0396  0.0398  0.0399  0.0398  0.0399  0.0397  0.0398
  0.0397  0.0397  0.0397  0.0397  0.0397  0.0396  0.0396  0.0397  0.0397  0.0397  0.0396  0.0397
  0.0396  0.0396  0.0396  0.0396  0.0396  0.0396  0.0396  0.0396  0.0396  0.0396  0.0396  0.0396
  0.0397  0.0397  0.0397  0.0397  0.0397  0.0397  0.0397  0.0397  0.0397  0.0397  0.0396  0.0396
  0.0399  0.0399  0.0398  0.0399  0.0398  0.0397  0.0398  0.0399  0.0398  0.0399  0.0397  0.0398
  0.0403  0.0402  0.0399  0.0402  0.0402  0.0398  0.0401  0.0403  0.0401  0.0402  0.0398  0.0400
registration optimization eta report
parameter search radius
    0.8000    0.8000    0.8000    2.4000    2.4000    2.4000
    2.4000    2.4000    2.4000    2.4000    2.4000    2.4000
100000*second partial in parameter space
      101.       82.       48.        9.       10.        4.
        9.       13.        8.       10.        3.        6.
  0.0403  0.0401  0.0399  0.0401  0.0402  0.0398  0.0401  0.0403  0.0401  0.0402  0.0398  0.0400
  0.0399  0.0399  0.0398  0.0399  0.0399  0.0396  0.0398  0.0399  0.0398  0.0399  0.0397  0.0398
  0.0397  0.0397  0.0397  0.0397  0.0397  0.0396  0.0396  0.0397  0.0397  0.0397  0.0396  0.0397
  0.0396  0.0396  0.0396  0.0396  0.0396  0.0396  0.0396  0.0396  0.0396  0.0396  0.0396  0.0396
  0.0397  0.0397  0.0397  0.0397  0.0397  0.0397  0.0397  0.0397  0.0397  0.0397  0.0396  0.0396
  0.0399  0.0399  0.0398  0.0399  0.0398  0.0397  0.0398  0.0399  0.0398  0.0399  0.0397  0.0398
  0.0403  0.0402  0.0399  0.0402  0.0402  0.0398  0.0401  0.0403  0.0401  0.0402  0.0398  0.0400
    0.1154   21.0024   -8.9370   -7.2437   -9.8465   -5.2488
    2.0437    6.0587   -2.2021   27.1036   -6.7725  -32.0891
eta,q 0.96040 10.96644

---------------------------------------------------------------------
compute_vox2vox talsrcimg talsrcimg_to_711-2C_as_mni_average_305_t4 /opt/freesurfer/average/711-2C_as_mni_average_305
---------------------------------------------------------------------

freesurfer compute_vox2vox.c
Reading: talsrcimg.4dfp.ifh
Reading: talsrcimg_to_711-2C_as_mni_average_305_t4
Reading: /opt/freesurfer/average/711-2C_as_mni_average_305.4dfp.ifh
Writing: talsrcimg_to_711-2C_as_mni_average_305_t4_vox2vox.txt

start time Sat Nov 23 15:39:30 UTC 2024
end		time Sat Nov 23 15:40:17 UTC 2024

mpr2mni305 success

avi2talxfm orig_nu.mgz /opt/freesurfer/average/mni305.cor.mgz talsrcimg_to_711-2C_as_mni_average_305_t4_vox2vox.txt transforms/talairach.auto.xfm
avi2talxfm done
mv -f /scratch/tmp/fs_mp2rage_tests/sourcedata/freesurfer_mp2rage/sub-fsm57hp/mri/talsrcimg_to_711-2C_as_mni_average_305_t4_vox2vox.txt /scratch/tmp/fs_mp2rage_tests/sourcedata/freesurfer_mp2rage/sub-fsm57hp/mri/transforms/talsrcimg_to_711-2C_as_mni_average_305_t4_vox2vox.txt
lta_convert --src orig_nu.mgz --trg /opt/freesurfer/average/mni305.cor.mgz --inxfm transforms/talairach.auto.xfm --outlta transforms/talairach.auto.xfm.lta --subject fsaverage
7.3.2

--src: orig_nu.mgz src image (geometry).
--trg: /opt/freesurfer/average/mni305.cor.mgz trg image (geometry).
--inmni: transforms/talairach.auto.xfm input MNI/XFM transform.
--outlta: transforms/talairach.auto.xfm.lta output LTA.
--s: fsaverage subject name
 LTA read, type : 1
 1.07296  -0.05595  -0.04424   3.57439;
 0.07766   0.95382   0.33774  -29.37306;
 0.00286  -0.28812   1.00660   18.66194;
 0.00000   0.00000   0.00000   1.00000;
setting subject to fsaverage
Writing  LTA to file transforms/talairach.auto.xfm.lta...
lta_convert successful.
 
 
Started at Sat Nov 23 15:39:28 UTC 2024
Ended   at Sat Nov 23 15:40:18 UTC 2024
talairach_avi done
