status file for recon-all
Mon Nov 25 13:00:30 UTC 2024
#@# Tessellate lh Mon Nov 25 13:00:31 UTC 2024
#@# Smooth1 lh Mon Nov 25 13:00:45 UTC 2024
#@# Inflation1 lh Mon Nov 25 13:00:53 UTC 2024
#@# QSphere lh Mon Nov 25 13:01:28 UTC 2024
#@# Fix Topology lh Mon Nov 25 13:04:05 UTC 2024
#@# Smooth2 lh Mon Nov 25 13:26:05 UTC 2024
#@# Inflation2 lh Mon Nov 25 13:26:13 UTC 2024
#@# Curv .H and .K lh Mon Nov 25 13:26:43 UTC 2024
#@# Sphere lh Mon Nov 25 13:28:30 UTC 2024
#@# Surf Reg lh Mon Nov 25 13:41:23 UTC 2024
#@# Jacobian white lh Mon Nov 25 13:56:16 UTC 2024
#@# AvgCurv lh Mon Nov 25 13:56:18 UTC 2024
#@# Cortical Parc lh Mon Nov 25 13:56:20 UTC 2024
#@# white curv lh Mon Nov 25 14:16:45 UTC 2024
#@# white area lh Mon Nov 25 14:16:49 UTC 2024
#@# pial curv lh Mon Nov 25 14:16:51 UTC 2024
#@# pial area lh Mon Nov 25 14:16:55 UTC 2024
#@# thickness lh Mon Nov 25 14:16:57 UTC 2024
#@# area and vertex vol lh Mon Nov 25 14:18:09 UTC 2024
#@# Curvature Stats lh Mon Nov 25 14:18:13 UTC 2024
#@# Cortical Parc 2 lh Mon Nov 25 14:18:20 UTC 2024
#@# Cortical Parc 3 lh Mon Nov 25 14:18:57 UTC 2024
#@# WM/GM Contrast lh Mon Nov 25 14:19:24 UTC 2024
recon-all -s sub-fsm66oo finished without error at Mon Nov 25 14:19:32 UTC 2024



#New# invocation of recon-all 



status file for recon-all
Mon Nov 25 18:05:44 UTC 2024
#@# white curv lh Mon Nov 25 18:05:45 UTC 2024
#@# white area lh Mon Nov 25 18:05:45 UTC 2024
#@# pial curv lh Mon Nov 25 18:05:45 UTC 2024
#@# pial area lh Mon Nov 25 18:05:45 UTC 2024
#@# thickness lh Mon Nov 25 18:05:45 UTC 2024
#@# area and vertex vol lh Mon Nov 25 18:05:45 UTC 2024
#@# Parcellation Stats lh Mon Nov 25 18:05:45 UTC 2024
#@# Parcellation Stats 2 lh Mon Nov 25 18:06:53 UTC 2024
#@# Parcellation Stats 3 lh Mon Nov 25 18:07:28 UTC 2024
#@# BA_exvivo Labels lh Mon Nov 25 18:08:02 UTC 2024
recon-all -s sub-fsm66oo finished without error at Mon Nov 25 18:13:47 UTC 2024
