Log file for defect2seg
Sun Nov 24 11:36:02 UTC 2024

setenv SUBJECTS_DIR /scratch/tmp/fs_mp2rage_tests/sourcedata/freesurfer_mp2rage
cd /scratch/tmp/fs_mp2rage_tests/sourcedata/freesurfer_mp2rage/sub-fsm11ni/scripts
/opt/freesurfer/bin/defect2seg --s sub-fsm11ni --rh-only --cortex

freesurfer-linux-ubuntu22_x86_64-7.3.2-20220804-6354275
defect2seg 7.3.2
Linux elm.criugm.qc.ca 5.15.0-113-generic #123-Ubuntu SMP Mon Jun 10 08:16:17 UTC 2024 x86_64 x86_64 x86_64 GNU/Linux
pid 1939633
mri_label2label --label-cortex /scratch/tmp/fs_mp2rage_tests/sourcedata/freesurfer_mp2rage/sub-fsm11ni/surf/rh.orig.nofix /scratch/tmp/fs_mp2rage_tests/sourcedata/freesurfer_mp2rage/sub-fsm11ni/mri/aseg.presurf.mgz 0 /scratch/tmp/fs_mp2rage_tests/sourcedata/freesurfer_mp2rage/sub-fsm11ni/label/rh.nofix.cortex.label

 Generating cortex label... RemoveHipAmgy=0
 NucAccIsMedialWall=0
 mris->useRealRAS=0
19 non-cortical segments detected
only using segment with 7848 vertices
erasing segment 0 (vno[0] = 26331)
erasing segment 1 (vno[0] = 27425)
erasing segment 2 (vno[0] = 27485)
erasing segment 3 (vno[0] = 27506)
erasing segment 4 (vno[0] = 28731)
erasing segment 5 (vno[0] = 29758)
erasing segment 6 (vno[0] = 32161)
erasing segment 7 (vno[0] = 33013)
erasing segment 8 (vno[0] = 34110)
erasing segment 10 (vno[0] = 66253)
erasing segment 11 (vno[0] = 80896)
erasing segment 12 (vno[0] = 84570)
erasing segment 13 (vno[0] = 88115)
erasing segment 14 (vno[0] = 90020)
erasing segment 15 (vno[0] = 94280)
erasing segment 16 (vno[0] = 96075)
erasing segment 17 (vno[0] = 96852)
erasing segment 18 (vno[0] = 108761)
mri_label2vol --defects /scratch/tmp/fs_mp2rage_tests/sourcedata/freesurfer_mp2rage/sub-fsm11ni/surf/rh.orig.nofix /scratch/tmp/fs_mp2rage_tests/sourcedata/freesurfer_mp2rage/sub-fsm11ni/surf/rh.defect_labels /scratch/tmp/fs_mp2rage_tests/sourcedata/freesurfer_mp2rage/sub-fsm11ni/mri/orig.mgz 2000 0 /scratch/tmp/fs_mp2rage_tests/sourcedata/freesurfer_mp2rage/sub-fsm11ni/mri/rh.surface.defects.mgz /scratch/tmp/fs_mp2rage_tests/sourcedata/freesurfer_mp2rage/sub-fsm11ni/label/rh.nofix.cortex.label
mri_label2vol supposed to be reproducible but seed not set
Contraining to label /scratch/tmp/fs_mp2rage_tests/sourcedata/freesurfer_mp2rage/sub-fsm11ni/label/rh.nofix.cortex.label
Changing input type 0 to MRI_INT
Converting defects to volume: offset=2000, merge=0
Writing to /scratch/tmp/fs_mp2rage_tests/sourcedata/freesurfer_mp2rage/sub-fsm11ni/mri/rh.surface.defects.mgz
mris_defects_pointset -s /scratch/tmp/fs_mp2rage_tests/sourcedata/freesurfer_mp2rage/sub-fsm11ni/surf/rh.orig.nofix -d /scratch/tmp/fs_mp2rage_tests/sourcedata/freesurfer_mp2rage/sub-fsm11ni/surf/rh.defect_labels -o /scratch/tmp/fs_mp2rage_tests/sourcedata/freesurfer_mp2rage/sub-fsm11ni/surf/rh.defects.pointset --label /scratch/tmp/fs_mp2rage_tests/sourcedata/freesurfer_mp2rage/sub-fsm11ni/label/rh.nofix.cortex.label
Reading in surface /scratch/tmp/fs_mp2rage_tests/sourcedata/freesurfer_mp2rage/sub-fsm11ni/surf/rh.orig.nofix
Reading in defect segmentation /scratch/tmp/fs_mp2rage_tests/sourcedata/freesurfer_mp2rage/sub-fsm11ni/surf/rh.defect_labels
Reading in label /scratch/tmp/fs_mp2rage_tests/sourcedata/freesurfer_mp2rage/sub-fsm11ni/label/rh.nofix.cortex.label
#VMPC# mris_defects_pointset 700452
mris_defects_pointset done
 
Started at Sun Nov 24 11:36:02 UTC 2024 
Ended   at Sun Nov 24 11:36:39 UTC 2024
Defect2seg-Run-Time-Sec 37
Defect2seg-Run-Time-Min 0.74
Defect2seg-Run-Time-Hours 0.01
 
defect2seg Done
