/scratch/tmp/fs_mp2rage_tests2/sourcedata/freesurfer_memprage/sub-fsm67lq/mri
/opt/freesurfer/bin/talairach_avi
--i orig_nu.mgz --xfm transforms/talairach.auto.xfm
talairach_avi 7.3.2
Linux elm.criugm.qc.ca 5.15.0-113-generic #123-Ubuntu SMP Mon Jun 10 08:16:17 UTC 2024 x86_64 x86_64 x86_64 GNU/Linux
Sun Nov 24 06:00:49 UTC 2024
mri_convert orig_nu.mgz talsrcimg.img 
reading from orig_nu.mgz...
TR=0.00, TE=0.00, TI=0.00, flip angle=0.00
i_ras = (-1, 1.16415e-10, -4.65661e-10)
j_ras = (0, 0, -1)
k_ras = (-1.16415e-09, 1, 0)
writing to talsrcimg.img...
Analyze Output Matrix
-1.00000   0.00000  -0.00000   127.35212;
 0.00000   0.00000   1.00000  -102.71330;
-0.00000  -1.00000   0.00000   118.58977;
 0.00000   0.00000   0.00000   1.00000;
--------------------
INFO: set hdr.hist.orient to -1
mpr2mni305 talsrcimg
Sun Nov 24 06:00:51 UTC 2024
/opt/freesurfer/bin/mpr2mni305 talsrcimg
mpr2mni305 7.3.2
target=711-2C_as_mni_average_305

---------------------------------------------------------------------
analyzeto4dfp talsrcimg -O0 -y
---------------------------------------------------------------------

freesurfer ifh2hdr.c
Sun Nov 24 06:00:52 2024
Writing: talsrcimg.4dfp.hdr
freesurfer analyzeto4dfp.c
Reading: talsrcimg.hdr
header size 348 bytes
hdr.dime.datatype	offset=70	value=2
hdr.dime.bitpix		offset=72	value=8
hdr.hist.orient		offset=252	value=-1
dimensionality     4
dimensions       256       256       256         1
Reading: talsrcimg.img
Writing: talsrcimg.4dfp.img
Writing: talsrcimg.4dfp.ifh
ifh2hdr talsrcimg -r0to255
ori=2

---------------------------------------------------------------------
gauss_4dfp talsrcimg 1.1
---------------------------------------------------------------------

freesurfer gauss_4dfp.c
Reading: talsrcimg.4dfp.img
Writing: talsrcimg_g11.4dfp.img
image dimensions 256 256 256 padded to 288 288 288
processing volume 1freesurfer ifh2hdr.c
Sun Nov 24 06:01:00 2024
Writing: talsrcimg_g11.4dfp.hdr

Writing: talsrcimg_g11.4dfp.ifh
including: talsrcimg.4dfp.img.rec in talsrcimg_g11.4dfp.img.rec

---------------------------------------------------------------------
imgreg_4dfp /opt/freesurfer/average/711-2C_as_mni_average_305 none talsrcimg_g11 none talsrcimg_to_711-2C_as_mni_average_305_t4 4355
---------------------------------------------------------------------

freesurfer imgreg_4dfp.c
/opt/freesurfer/average/711-2C_as_mni_average_305.4dfp.img
       256       256       256         1
  1.000000  1.000000  1.000000
orientation T byte_order littleendian
Reading image: /opt/freesurfer/average/711-2C_as_mni_average_305.4dfp.img
dimensions:      256       256       256
mmppix:       1.0000   -1.0000   -1.0000
center:     128.0000 -129.0000 -129.0000
talsrcimg_g11.4dfp.img
       256       256       256         1
  1.000000  1.000000  1.000000
orientation T byte_order littleendian
Reading image: talsrcimg_g11.4dfp.img
dimensions:      256       256       256
mmppix:       1.0000   -1.0000   -1.0000
center:     128.0000 -129.0000 -129.0000
t4_read: open error in t4_sub.f l:  41 t4_file(1:l)talsrcimg_to_711-2C_as_mni_average_305_t4 
t4_read: transform initialized to I4
rotation matrix determinant  1.000000
image alignment mode   4355 decimal     1103 hex
   -7.5000  -45.0000  -45.0000 8435.1465   10.9092
    0.0000  -45.0000  -45.0000 8818.3955   10.9405
    7.5000  -45.0000  -45.0000 8425.8496   10.9106
   -7.5000  -37.5000  -45.0000 8763.6719   10.7714
    0.0000  -37.5000  -45.0000 9138.7930   10.7967
    7.5000  -37.5000  -45.0000 8746.8770   10.7660
   -7.5000  -30.0000  -45.0000 9242.2510   10.6205
    0.0000  -30.0000  -45.0000 9595.1211   10.6419
    7.5000  -30.0000  -45.0000 9203.3838   10.6133
   -7.5000  -22.5000  -45.0000 9707.6602   10.5303
    0.0000  -22.5000  -45.000010055.7734   10.5526
    7.5000  -22.5000  -45.0000 9656.6641   10.5233
   -7.5000  -15.0000  -45.000010177.1357   10.4932
    0.0000  -15.0000  -45.000010543.9609   10.5189
    7.5000  -15.0000  -45.000010105.9258   10.4897
   -7.5000   -7.5000  -45.000010627.4189   10.4686
    0.0000   -7.5000  -45.000011022.4102   10.4969
    7.5000   -7.5000  -45.000010554.0527   10.4677
   -7.5000    0.0000  -45.000011036.9219   10.4516
    0.0000    0.0000  -45.000011471.0586   10.4790
    7.5000    0.0000  -45.000010982.2803   10.4494
   -7.5000    7.5000  -45.000010649.2207   10.5049
    0.0000    7.5000  -45.000011058.0879   10.5285
    7.5000    7.5000  -45.000010599.2939   10.4992
   -7.5000   15.0000  -45.000010178.5371   10.6675
    0.0000   15.0000  -45.000010534.8174   10.6879
    7.5000   15.0000  -45.000010093.5791   10.6587
   -7.5000   22.5000  -45.0000 9687.1113   10.9598
    0.0000   22.5000  -45.000010024.5176   10.9799
    7.5000   22.5000  -45.0000 9586.8662   10.9489
   -7.5000   30.0000  -45.0000 9175.0703   11.1413
    0.0000   30.0000  -45.0000 9502.3955   11.1658
    7.5000   30.0000  -45.0000 9085.3721   11.1336
   -7.5000   37.5000  -45.0000 8990.9102   11.4856
    0.0000   37.5000  -45.0000 9297.6562   11.5143
    7.5000   37.5000  -45.0000 8905.1729   11.4799
   -7.5000   45.0000  -45.0000 8460.3652   11.5437
    0.0000   45.0000  -45.0000 8752.1094   11.5737
    7.5000   45.0000  -45.0000 8388.1191   11.5375
   -7.5000  -45.0000  -37.5000 8932.3896   10.8657
    0.0000  -45.0000  -37.5000 9340.0244   10.8959
    7.5000  -45.0000  -37.5000 8931.5137   10.8665
   -7.5000  -37.5000  -37.5000 9264.6562   10.7316
    0.0000  -37.5000  -37.5000 9649.8916   10.7549
    7.5000  -37.5000  -37.5000 9244.8076   10.7242
   -7.5000  -30.0000  -37.5000 9777.1377   10.5799
    0.0000  -30.0000  -37.500010131.0498   10.5993
    7.5000  -30.0000  -37.5000 9721.0059   10.5701
   -7.5000  -22.5000  -37.500010292.9092   10.4875
    0.0000  -22.5000  -37.500010662.3525   10.5084
    7.5000  -22.5000  -37.500010220.7305   10.4788
   -7.5000  -15.0000  -37.500010825.9814   10.4482
    0.0000  -15.0000  -37.500011232.0303   10.4734
    7.5000  -15.0000  -37.500010757.2891   10.4448
   -7.5000   -7.5000  -37.500011324.3691   10.4244
    0.0000   -7.5000  -37.500011788.5391   10.4525
    7.5000   -7.5000  -37.500011265.9551   10.4241
   -7.5000    0.0000  -37.500011795.9531   10.4103
    0.0000    0.0000  -37.500012279.3467   10.4367
    7.5000    0.0000  -37.500011739.3027   10.4076
   -7.5000    7.5000  -37.500011376.8965   10.4662
    0.0000    7.5000  -37.500011816.3896   10.4880
    7.5000    7.5000  -37.500011304.3291   10.4589
   -7.5000   15.0000  -37.500010870.5107   10.6298
    0.0000   15.0000  -37.500011247.6562   10.6483
    7.5000   15.0000  -37.500010755.6123   10.6186
   -7.5000   22.5000  -37.500010341.0674   10.9217
    0.0000   22.5000  -37.500010704.2129   10.9405
    7.5000   22.5000  -37.500010223.0830   10.9094
   -7.5000   30.0000  -37.5000 9768.2754   11.1051
    0.0000   30.0000  -37.500010135.7061   11.1294
    7.5000   30.0000  -37.5000 9682.5400   11.0977
   -7.5000   37.5000  -37.5000 9549.3916   11.4471
    0.0000   37.5000  -37.5000 9903.3975   11.4761
    7.5000   37.5000  -37.5000 9463.5791   11.4422
   -7.5000   45.0000  -37.5000 8997.3604   11.5074
    0.0000   45.0000  -37.5000 9329.2539   11.5381
    7.5000   45.0000  -37.5000 8911.2803   11.5027
   -7.5000  -45.0000  -30.0000 9595.0225   11.2703
    0.0000  -45.0000  -30.0000 9997.5615   11.2990
    7.5000  -45.0000  -30.0000 9596.6729   11.2678
   -7.5000  -37.5000  -30.0000 9929.0010   11.1378
    0.0000  -37.5000  -30.000010325.8828   11.1597
    7.5000  -37.5000  -30.0000 9923.5225   11.1265
   -7.5000  -30.0000  -30.000010488.0850   10.9799
    0.0000  -30.0000  -30.000010876.6709   10.9973
    7.5000  -30.0000  -30.000010460.1191   10.9655
   -7.5000  -22.5000  -30.000011076.4131   10.8783
    0.0000  -22.5000  -30.000011486.9658   10.8969
    7.5000  -22.5000  -30.000011047.3740   10.8660
   -7.5000  -15.0000  -30.000011687.0918   10.8330
    0.0000  -15.0000  -30.000012120.3203   10.8559
    7.5000  -15.0000  -30.000011639.4463   10.8272
   -7.5000   -7.5000  -30.000012274.2686   10.8091
    0.0000   -7.5000  -30.000012746.3086   10.8353
    7.5000   -7.5000  -30.000012200.0811   10.8064
   -7.5000    0.0000  -30.000012802.3955   10.7995
    0.0000    0.0000  -30.000013306.3916   10.8248
    7.5000    0.0000  -30.000012712.4268   10.7942
   -7.5000    7.5000  -30.000012321.6348   10.8634
    0.0000    7.5000  -30.000012802.7109   10.8838
    7.5000    7.5000  -30.000012213.9805   10.8523
   -7.5000   15.0000  -30.000011774.0850   11.0353
    0.0000   15.0000  -30.000012201.1816   11.0516
    7.5000   15.0000  -30.000011618.5244   11.0195
   -7.5000   22.5000  -30.000011195.4482   11.3350
    0.0000   22.5000  -30.000011612.9580   11.3507
    7.5000   22.5000  -30.000011033.7578   11.3184
   -7.5000   30.0000  -30.000010563.8799   11.5252
    0.0000   30.0000  -30.000010995.2412   11.5463
    7.5000   30.0000  -30.000010451.1279   11.5143
   -7.5000   37.5000  -30.000010300.5186   11.8820
    0.0000   37.5000  -30.000010714.6982   11.9084
    7.5000   37.5000  -30.000010198.2207   11.8735
   -7.5000   45.0000  -30.0000 9699.4453   11.9607
    0.0000   45.0000  -30.000010083.2930   11.9901
    7.5000   45.0000  -30.0000 9606.1143   11.9525
   -7.5000  -45.0000  -22.500010270.0059   11.6271
    0.0000  -45.0000  -22.500010698.1846   11.6549
    7.5000  -45.0000  -22.500010267.1387   11.6220
   -7.5000  -37.5000  -22.500010615.6240   11.4925
    0.0000  -37.5000  -22.500011036.2031   11.5149
    7.5000  -37.5000  -22.500010613.5361   11.4799
   -7.5000  -30.0000  -22.500011235.8740   11.3297
    0.0000  -30.0000  -22.500011660.2227   11.3471
    7.5000  -30.0000  -22.500011231.8916   11.3139
   -7.5000  -22.5000  -22.500011864.1807   11.2222
    0.0000  -22.5000  -22.500012334.2744   11.2397
    7.5000  -22.5000  -22.500011871.5527   11.2080
   -7.5000  -15.0000  -22.500012522.1318   11.1747
    0.0000  -15.0000  -22.500013015.2373   11.1954
    7.5000  -15.0000  -22.500012507.1377   11.1659
   -7.5000   -7.5000  -22.500013160.1221   11.1505
    0.0000   -7.5000  -22.500013687.1777   11.1748
    7.5000   -7.5000  -22.500013132.1094   11.1446
   -7.5000    0.0000  -22.500013758.2764   11.1425
    0.0000    0.0000  -22.500014310.3076   11.1673
    7.5000    0.0000  -22.500013680.9824   11.1350
   -7.5000    7.5000  -22.500013246.4961   11.2099
    0.0000    7.5000  -22.500013799.7432   11.2307
    7.5000    7.5000  -22.500013141.6035   11.1975
   -7.5000   15.0000  -22.500012637.7891   11.3867
    0.0000   15.0000  -22.500013142.8623   11.4029
    7.5000   15.0000  -22.500012496.6934   11.3697
   -7.5000   22.5000  -22.500012014.5137   11.6933
    0.0000   22.5000  -22.500012552.8174   11.7072
    7.5000   22.5000  -22.500011875.1387   11.6739
   -7.5000   30.0000  -22.500011339.4102   11.8898
    0.0000   30.0000  -22.500011879.3145   11.9075
    7.5000   30.0000  -22.500011221.4463   11.8746
   -7.5000   37.5000  -22.500011054.1182   12.2603
    0.0000   37.5000  -22.500011577.8477   12.2831
    7.5000   37.5000  -22.500010926.9971   12.2469
   -7.5000   45.0000  -22.500010365.6230   12.3540
    0.0000   45.0000  -22.500010875.3086   12.3806
    7.5000   45.0000  -22.500010260.5029   12.3405
   -7.5000  -45.0000  -15.000010941.9404   11.8912
    0.0000  -45.0000  -15.000011379.5977   11.9200
    7.5000  -45.0000  -15.000010927.9443   11.8863
   -7.5000  -37.5000  -15.000011301.7451   11.7517
    0.0000  -37.5000  -15.000011726.0342   11.7763
    7.5000  -37.5000  -15.000011309.3867   11.7411
   -7.5000  -30.0000  -15.000011987.9033   11.5848
    0.0000  -30.0000  -15.000012439.5830   11.6047
    7.5000  -30.0000  -15.000012011.5010   11.5718
   -7.5000  -22.5000  -15.000012686.7852   11.4769
    0.0000  -22.5000  -15.000013185.3379   11.4959
    7.5000  -22.5000  -15.000012703.5840   11.4642
   -7.5000  -15.0000  -15.000013386.4385   11.4312
    0.0000  -15.0000  -15.000013926.7080   11.4522
    7.5000  -15.0000  -15.000013392.1768   11.4217
   -7.5000   -7.5000  -15.000014053.9072   11.4062
    0.0000   -7.5000  -15.000014631.1943   11.4308
    7.5000   -7.5000  -15.000014048.1279   11.3994
   -7.5000    0.0000  -15.000014689.1172   11.3955
    0.0000    0.0000  -15.000015330.7822   11.4214
    7.5000    0.0000  -15.000014634.9072   11.3882
   -7.5000    7.5000  -15.000014142.1240   11.4626
    0.0000    7.5000  -15.000014782.3564   11.4855
    7.5000    7.5000  -15.000014051.4688   11.4520
   -7.5000   15.0000  -15.000013465.2578   11.6433
    0.0000   15.0000  -15.000014054.0488   11.6618
    7.5000   15.0000  -15.000013338.2998   11.6290
   -7.5000   22.5000  -15.000012795.2559   11.9581
    0.0000   22.5000  -15.000013419.5137   11.9732
    7.5000   22.5000  -15.000012649.2461   11.9398
   -7.5000   30.0000  -15.000012088.8281   12.1610
    0.0000   30.0000  -15.000012701.6758   12.1787
    7.5000   30.0000  -15.000011942.4375   12.1446
   -7.5000   37.5000  -15.000011774.8232   12.5409
    0.0000   37.5000  -15.000012420.0781   12.5629
    7.5000   37.5000  -15.000011653.0537   12.5255
   -7.5000   45.0000  -15.000011045.2188   12.6396
    0.0000   45.0000  -15.000011642.3877   12.6651
    7.5000   45.0000  -15.000010924.3965   12.6238
   -7.5000  -45.0000   -7.500011543.1514   12.0187
    0.0000  -45.0000   -7.500012027.8154   12.0513
    7.5000  -45.0000   -7.500011550.0752   12.0187
   -7.5000  -37.5000   -7.500011974.4170   11.8737
    0.0000  -37.5000   -7.500012458.2998   11.9016
    7.5000  -37.5000   -7.500012012.7109   11.8679
   -7.5000  -30.0000   -7.500012743.3721   11.7054
    0.0000  -30.0000   -7.500013258.6875   11.7287
    7.5000  -30.0000   -7.500012800.7520   11.6977
   -7.5000  -22.5000   -7.500013508.5156   11.6016
    0.0000  -22.5000   -7.500014064.2139   11.6243
    7.5000  -22.5000   -7.500013566.6104   11.5936
   -7.5000  -15.0000   -7.500014259.2295   11.5590
    0.0000  -15.0000   -7.500014840.2832   11.5841
    7.5000  -15.0000   -7.500014308.1221   11.5536
   -7.5000   -7.5000   -7.500014980.1621   11.5327
    0.0000   -7.5000   -7.500015590.4209   11.5610
    7.5000   -7.5000   -7.500015010.6328   11.5299
   -7.5000    0.0000   -7.500015614.3838   11.5167
    0.0000    0.0000   -7.500016268.9014   11.5457
    7.5000    0.0000   -7.500015591.1982   11.5134
   -7.5000    7.5000   -7.500015045.3916   11.5810
    0.0000    7.5000   -7.500015670.7891   11.6069
    7.5000    7.5000   -7.500014970.9785   11.5749
   -7.5000   15.0000   -7.500014328.7559   11.7646
    0.0000   15.0000   -7.500014978.4297   11.7867
    7.5000   15.0000   -7.500014226.5459   11.7555
   -7.5000   22.5000   -7.500013620.9199   12.0853
    0.0000   22.5000   -7.500014317.1162   12.1049
    7.5000   22.5000   -7.500013494.0244   12.0721
   -7.5000   30.0000   -7.500012863.6182   12.2947
    0.0000   30.0000   -7.500013528.1973   12.3174
    7.5000   30.0000   -7.500012717.5664   12.2835
   -7.5000   37.5000   -7.500012498.7803   12.6796
    0.0000   37.5000   -7.500013183.6982   12.7065
    7.5000   37.5000   -7.500012377.2871   12.6696
   -7.5000   45.0000   -7.500011718.4980   12.7764
    0.0000   45.0000   -7.500012367.2119   12.8060
    7.5000   45.0000   -7.500011594.2656   12.7658
   -7.5000  -45.0000    0.000012135.7695   12.0302
    0.0000  -45.0000    0.000012625.1826   12.0654
    7.5000  -45.0000    0.000012167.7383   12.0340
   -7.5000  -37.5000    0.000012614.7461   11.8829
    0.0000  -37.5000    0.000013145.7227   11.9116
    7.5000  -37.5000    0.000012669.7490   11.8793
   -7.5000  -30.0000    0.000013442.0352   11.7147
    0.0000  -30.0000    0.000013998.6172   11.7392
    7.5000  -30.0000    0.000013503.5146   11.7091
   -7.5000  -22.5000    0.000014247.0791   11.6143
    0.0000  -22.5000    0.000014817.0566   11.6397
    7.5000  -22.5000    0.000014305.7090   11.6088
   -7.5000  -15.0000    0.000015026.5312   11.5730
    0.0000  -15.0000    0.000015610.0801   11.6020
    7.5000  -15.0000    0.000015104.3779   11.5712
   -7.5000   -7.5000    0.000015742.2285   11.5455
    0.0000   -7.5000    0.000016349.5977   11.5775
    7.5000   -7.5000    0.000015819.6006   11.5468
   -7.5000    0.0000    0.000016372.6445   11.5269
    0.0000    0.0000    0.000017004.5820   11.5579
    7.5000    0.0000    0.000016422.4375   11.5267
   -7.5000    7.5000    0.000015793.1729   11.5895
    0.0000    7.5000    0.000016421.1309   11.6164
    7.5000    7.5000    0.000015785.0508   11.5856
   -7.5000   15.0000    0.000015112.9541   11.7739
    0.0000   15.0000    0.000015886.0010   11.7973
    7.5000   15.0000    0.000015040.7744   11.7666
   -7.5000   22.5000    0.000014459.6270   12.0966
    0.0000   22.5000    0.000015183.0010   12.1196
    7.5000   22.5000    0.000014309.4102   12.0868
   -7.5000   30.0000    0.000013626.3105   12.3098
    0.0000   30.0000    0.000014286.8359   12.3378
    7.5000   30.0000    0.000013460.7354   12.3035
   -7.5000   37.5000    0.000013201.0928   12.6951
    0.0000   37.5000    0.000013841.0742   12.7275
    7.5000   37.5000    0.000013055.1123   12.6910
   -7.5000   45.0000    0.000012326.2734   12.7897
    0.0000   45.0000    0.000012913.4639   12.8238
    7.5000   45.0000    0.000012210.1660   12.7851
   -7.5000  -45.0000    7.500011887.5596   12.0419
    0.0000  -45.0000    7.500012352.5078   12.0757
    7.5000  -45.0000    7.500011908.2715   12.0441
   -7.5000  -37.5000    7.500012348.9248   11.8955
    0.0000  -37.5000    7.500012849.4219   11.9218
    7.5000  -37.5000    7.500012380.5615   11.8887
   -7.5000  -30.0000    7.500013148.6582   11.7264
    0.0000  -30.0000    7.500013690.8652   11.7485
    7.5000  -30.0000    7.500013198.2480   11.7170
   -7.5000  -22.5000    7.500013935.7373   11.6236
    0.0000  -22.5000    7.500014501.6826   11.6473
    7.5000  -22.5000    7.500013992.1826   11.6154
   -7.5000  -15.0000    7.500014648.1484   11.5798
    0.0000  -15.0000    7.500015235.4336   11.6081
    7.5000  -15.0000    7.500014719.8828   11.5774
   -7.5000   -7.5000    7.500015293.9590   11.5532
    0.0000   -7.5000    7.500015874.8496   11.5847
    7.5000   -7.5000    7.500015367.0029   11.5542
   -7.5000    0.0000    7.500015871.4492   11.5377
    0.0000    0.0000    7.500016450.3398   11.5674
    7.5000    0.0000    7.500015948.7295   11.5361
   -7.5000    7.5000    7.500015359.2324   11.6018
    0.0000    7.5000    7.500015996.5410   11.6264
    7.5000    7.5000    7.500015395.0693   11.5949
   -7.5000   15.0000    7.500014736.8809   11.7854
    0.0000   15.0000    7.500015380.7500   11.8064
    7.5000   15.0000    7.500014723.8320   11.7743
   -7.5000   22.5000    7.500014041.8984   12.1063
    0.0000   22.5000    7.500014523.9932   12.1277
    7.5000   22.5000    7.500013958.8281   12.0941
   -7.5000   30.0000    7.500013272.5225   12.3199
    0.0000   30.0000    7.500013736.8281   12.3474
    7.5000   30.0000    7.500013147.4443   12.3132
   -7.5000   37.5000    7.500012867.3447   12.7021
    0.0000   37.5000    7.500013336.4512   12.7346
    7.5000   37.5000    7.500012745.3896   12.6980
   -7.5000   45.0000    7.500011989.7695   12.7975
    0.0000   45.0000    7.500012435.3633   12.8320
    7.5000   45.0000    7.500011906.9453   12.7935
   -7.5000  -45.0000   15.000011533.8271   12.0614
    0.0000  -45.0000   15.000011991.1455   12.0925
    7.5000  -45.0000   15.000011545.1992   12.0598
   -7.5000  -37.5000   15.000011970.2607   11.9187
    0.0000  -37.5000   15.000012458.3984   11.9425
    7.5000  -37.5000   15.000011988.9756   11.9077
   -7.5000  -30.0000   15.000012755.3906   11.7484
    0.0000  -30.0000   15.000013279.4482   11.7673
    7.5000  -30.0000   15.000012781.8701   11.7340
   -7.5000  -22.5000   15.000013545.3965   11.6392
    0.0000  -22.5000   15.000014101.1816   11.6594
    7.5000  -22.5000   15.000013569.2617   11.6271
   -7.5000  -15.0000   15.000014219.5596   11.5909
    0.0000  -15.0000   15.000014806.1963   11.6158
    7.5000  -15.0000   15.000014263.9795   11.5859
   -7.5000   -7.5000   15.000014783.5801   11.5660
    0.0000   -7.5000   15.000015372.1689   11.5945
    7.5000   -7.5000   15.000014837.7578   11.5643
   -7.5000    0.0000   15.000015288.6670   11.5564
    0.0000    0.0000   15.000015877.0859   11.5839
    7.5000    0.0000   15.000015351.4600   11.5517
   -7.5000    7.5000   15.000014767.2520   11.6246
    0.0000    7.5000   15.000015368.5566   11.6467
    7.5000    7.5000   15.000014816.0596   11.6137
   -7.5000   15.0000   15.000014158.1670   11.8073
    0.0000   15.0000   15.000014638.0039   11.8251
    7.5000   15.0000   15.000014191.6465   11.7915
   -7.5000   22.5000   15.000013462.8701   12.1241
    0.0000   22.5000   15.000013724.3584   12.1413
    7.5000   22.5000   15.000013431.0996   12.1075
   -7.5000   30.0000   15.000012767.2803   12.3343
    0.0000   30.0000   15.000013013.4443   12.3573
    7.5000   30.0000   15.000012679.6299   12.3240
   -7.5000   37.5000   15.000012413.0996   12.7132
    0.0000   37.5000   15.000012728.4678   12.7418
    7.5000   37.5000   15.000012325.6904   12.7054
   -7.5000   45.0000   15.000011576.2129   12.8127
    0.0000   45.0000   15.000011927.2930   12.8445
    7.5000   45.0000   15.000011525.9062   12.8050
   -7.5000  -45.0000   22.500011157.4912   12.0962
    0.0000  -45.0000   22.500011591.6436   12.1254
    7.5000  -45.0000   22.500011150.4482   12.0918
   -7.5000  -37.5000   22.500011533.1543   11.9555
    0.0000  -37.5000   22.500012000.0576   11.9790
    7.5000  -37.5000   22.500011531.7344   11.9431
   -7.5000  -30.0000   22.500012254.4336   11.7843
    0.0000  -30.0000   22.500012764.7822   11.8026
    7.5000  -30.0000   22.500012259.7559   11.7686
   -7.5000  -22.5000   22.500012970.3428   11.6712
    0.0000  -22.5000   22.500013520.2129   11.6896
    7.5000  -22.5000   22.500012981.0225   11.6572
   -7.5000  -15.0000   22.500013624.8242   11.6211
    0.0000  -15.0000   22.500014198.7393   11.6429
    7.5000  -15.0000   22.500013653.0410   11.6129
   -7.5000   -7.5000   22.500014212.0703   11.5965
    0.0000   -7.5000   22.500014775.4121   11.6221
    7.5000   -7.5000   22.500014241.9326   11.5913
   -7.5000    0.0000   22.500014733.3564   11.5893
    0.0000    0.0000   22.500015264.6318   11.6154
    7.5000    0.0000   22.500014770.5156   11.5823
   -7.5000    7.5000   22.500014163.0879   11.6600
    0.0000    7.5000   22.500014671.8486   11.6818
    7.5000    7.5000   22.500014217.5693   11.6478
   -7.5000   15.0000   22.500013556.7598   11.8437
    0.0000   15.0000   22.500013981.0625   11.8607
    7.5000   15.0000   22.500013603.6865   11.8267
   -7.5000   22.5000   22.500012983.4248   12.1603
    0.0000   22.5000   22.500013269.9385   12.1748
    7.5000   22.5000   22.500012990.9678   12.1409
   -7.5000   30.0000   22.500012301.8809   12.3666
    0.0000   30.0000   22.500012556.1738   12.3852
    7.5000   30.0000   22.500012259.2168   12.3518
   -7.5000   37.5000   22.500011929.3369   12.7421
    0.0000   37.5000   22.500012232.7812   12.7661
    7.5000   37.5000   22.500011871.0576   12.7293
   -7.5000   45.0000   22.500011124.1367   12.8421
    0.0000   45.0000   22.500011474.4648   12.8700
    7.5000   45.0000   22.500011067.2363   12.8291
   -7.5000  -45.0000   30.000010607.2021   12.1401
    0.0000  -45.0000   30.000011035.9609   12.1698
    7.5000  -45.0000   30.000010598.4912   12.1361
   -7.5000  -37.5000   30.000010960.9717   11.9977
    0.0000  -37.5000   30.000011401.0791   12.0231
    7.5000  -37.5000   30.000010941.5244   11.9877
   -7.5000  -30.0000   30.000011645.6191   11.8263
    0.0000  -30.0000   30.000012101.5693   11.8467
    7.5000  -30.0000   30.000011644.7354   11.8137
   -7.5000  -22.5000   30.000012321.5537   11.7150
    0.0000  -22.5000   30.000012785.7959   11.7345
    7.5000  -22.5000   30.000012325.6582   11.7028
   -7.5000  -15.0000   30.000012973.1045   11.6675
    0.0000  -15.0000   30.000013455.8936   11.6891
    7.5000  -15.0000   30.000012986.5176   11.6587
   -7.5000   -7.5000   30.000013529.6504   11.6420
    0.0000   -7.5000   30.000014061.4189   11.6673
    7.5000   -7.5000   30.000013569.4307   11.6359
   -7.5000    0.0000   30.000014029.4688   11.6317
    0.0000    0.0000   30.000014599.9893   11.6583
    7.5000    0.0000   30.000014093.7246   11.6252
   -7.5000    7.5000   30.000013471.4600   11.7013
    0.0000    7.5000   30.000014036.9551   11.7248
    7.5000    7.5000   30.000013545.2178   11.6913
   -7.5000   15.0000   30.000012815.4570   11.8869
    0.0000   15.0000   30.000013359.3486   11.9060
    7.5000   15.0000   30.000012865.4258   11.8731
   -7.5000   22.5000   30.000012211.2041   12.2086
    0.0000   22.5000   30.000012747.8545   12.2241
    7.5000   22.5000   30.000012227.3682   12.1907
   -7.5000   30.0000   30.000011561.6191   12.4139
    0.0000   30.0000   30.000012085.4111   12.4321
    7.5000   30.0000   30.000011552.5322   12.3982
   -7.5000   37.5000   30.000011205.8359   12.7892
    0.0000   37.5000   30.000011705.0176   12.8119
    7.5000   37.5000   30.000011177.9160   12.7746
   -7.5000   45.0000   30.000010412.9473   12.8816
    0.0000   45.0000   30.000010844.1230   12.9078
    7.5000   45.0000   30.000010378.0459   12.8667
   -7.5000  -45.0000   37.500010397.1396   12.1760
    0.0000  -45.0000   37.500010781.9219   12.2088
    7.5000  -45.0000   37.500010370.9795   12.1760
   -7.5000  -37.5000   37.500010732.1562   12.0286
    0.0000  -37.5000   37.500011137.9385   12.0565
    7.5000  -37.5000   37.500010713.3936   12.0226
   -7.5000  -30.0000   37.500011397.3545   11.8569
    0.0000  -30.0000   37.500011851.2021   11.8802
    7.5000  -30.0000   37.500011412.4375   11.8491
   -7.5000  -22.5000   37.500012022.3730   11.7514
    0.0000  -22.5000   37.500012535.0742   11.7743
    7.5000  -22.5000   37.500012066.2246   11.7435
   -7.5000  -15.0000   37.500012648.5312   11.7087
    0.0000  -15.0000   37.500013221.3789   11.7341
    7.5000  -15.0000   37.500012715.0400   11.7036
   -7.5000   -7.5000   37.500013189.7402   11.6827
    0.0000   -7.5000   37.500013821.4902   11.7114
    7.5000   -7.5000   37.500013296.9834   11.6801
   -7.5000    0.0000   37.500013672.4287   11.6669
    0.0000    0.0000   37.500014358.6465   11.6961
    7.5000    0.0000   37.500013780.3057   11.6637
   -7.5000    7.5000   37.500013151.8447   11.7325
    0.0000    7.5000   37.500013772.0303   11.7585
    7.5000    7.5000   37.500013213.6270   11.7263
   -7.5000   15.0000   37.500012519.2129   11.9204
    0.0000   15.0000   37.500013070.1387   11.9424
    7.5000   15.0000   37.500012520.5840   11.9110
   -7.5000   22.5000   37.500011876.4268   12.2488
    0.0000   22.5000   37.500012366.1924   12.2684
    7.5000   22.5000   37.500011835.3779   12.2356
   -7.5000   30.0000   37.500011168.5225   12.4559
    0.0000   30.0000   37.500011605.7988   12.4789
    7.5000   30.0000   37.500011124.1094   12.4449
   -7.5000   37.5000   37.500010813.1689   12.8310
    0.0000   37.5000   37.500011225.7168   12.8581
    7.5000   37.5000   37.500010772.3857   12.8211
   -7.5000   45.0000   37.500010042.2461   12.9147
    0.0000   45.0000   37.500010430.9170   12.9445
    7.5000   45.0000   37.500010027.6133   12.9047
   -7.5000  -45.0000   45.0000 9560.4443   12.1401
    0.0000  -45.0000   45.0000 9961.4824   12.1750
    7.5000  -45.0000   45.0000 9588.0156   12.1436
   -7.5000  -37.5000   45.0000 9861.5879   11.9904
    0.0000  -37.5000   45.000010284.0518   12.0187
    7.5000  -37.5000   45.0000 9891.1904   11.9864
   -7.5000  -30.0000   45.000010501.4375   11.8187
    0.0000  -30.0000   45.000010984.0225   11.8429
    7.5000  -30.0000   45.000010533.7812   11.8128
   -7.5000  -22.5000   45.000011107.0674   11.7171
    0.0000  -22.5000   45.000011633.0166   11.7424
    7.5000  -22.5000   45.000011138.0908   11.7116
   -7.5000  -15.0000   45.000011690.0566   11.6771
    0.0000  -15.0000   45.000012243.0449   11.7062
    7.5000  -15.0000   45.000011722.0225   11.6754
   -7.5000   -7.5000   45.000012189.7822   11.6514
    0.0000   -7.5000   45.000012765.4854   11.6833
    7.5000   -7.5000   45.000012234.7666   11.6526
   -7.5000    0.0000   45.000012626.2480   11.6336
    0.0000    0.0000   45.000013222.6406   11.6643
    7.5000    0.0000   45.000012665.6582   11.6331
   -7.5000    7.5000   45.000012128.2402   11.6968
    0.0000    7.5000   45.000012649.9336   11.7233
    7.5000    7.5000   45.000012117.9404   11.6925
   -7.5000   15.0000   45.000011523.3545   11.8845
    0.0000   15.0000   45.000011994.3154   11.9076
    7.5000   15.0000   45.000011477.6299   11.8769
   -7.5000   22.5000   45.000010896.8184   12.2148
    0.0000   22.5000   45.000011333.6602   12.2376
    7.5000   22.5000   45.000010842.4463   12.2049
   -7.5000   30.0000   45.000010236.9023   12.4212
    0.0000   30.0000   45.000010628.7852   12.4493
    7.5000   30.0000   45.000010191.2676   12.4151
   -7.5000   37.5000   45.0000 9925.0732   12.7934
    0.0000   37.5000   45.000010300.4736   12.8257
    7.5000   37.5000   45.0000 9877.9404   12.7892
   -7.5000   45.0000   45.0000 9248.6270   12.8794
    0.0000   45.0000   45.0000 9621.4922   12.9136
    7.5000   45.0000   45.0000 9223.8232   12.8752

---------------------------------------------------------------------
imgreg_4dfp /opt/freesurfer/average/711-2C_as_mni_average_305 /opt/freesurfer/average/711-2B_as_mni_average_305_mask talsrcimg_g11 none talsrcimg_to_711-2C_as_mni_average_305_t4 4355
---------------------------------------------------------------------

freesurfer imgreg_4dfp.c
/opt/freesurfer/average/711-2C_as_mni_average_305.4dfp.img
       256       256       256         1
  1.000000  1.000000  1.000000
orientation T byte_order littleendian
Reading image: /opt/freesurfer/average/711-2C_as_mni_average_305.4dfp.img
dimensions:      256       256       256
mmppix:       1.0000   -1.0000   -1.0000
center:     128.0000 -129.0000 -129.0000
/opt/freesurfer/average/711-2B_as_mni_average_305_mask.4dfp.img
       256       256       256         1
  1.000000  1.000000  1.000000
orientation T byte_order littleendian
Reading mask: /opt/freesurfer/average/711-2B_as_mni_average_305_mask.4dfp.img (2306576 pixels)
talsrcimg_g11.4dfp.img
       256       256       256         1
  1.000000  1.000000  1.000000
orientation T byte_order littleendian
Reading image: talsrcimg_g11.4dfp.img
dimensions:      256       256       256
mmppix:       1.0000   -1.0000   -1.0000
center:     128.0000 -129.0000 -129.0000
rotation matrix determinant  1.000000
image alignment mode   4355 decimal     1103 hex
   -7.5000  -45.0000  -45.0000 2116.5715   16.4183
    0.0000  -45.0000  -45.0000 2142.2134   16.2881
    7.5000  -45.0000  -45.0000 2120.2222   16.3930
   -7.5000  -37.5000  -45.0000 2115.5100   16.2579
    0.0000  -37.5000  -45.0000 2139.9089   16.1766
    7.5000  -37.5000  -45.0000 2124.2185   16.2543
   -7.5000  -30.0000  -45.0000 2113.8208   16.1470
    0.0000  -30.0000  -45.0000 2131.3726   16.0571
    7.5000  -30.0000  -45.0000 2117.9426   16.1287
   -7.5000  -22.5000  -45.0000 2120.8755   16.0315
    0.0000  -22.5000  -45.0000 2131.0125   15.8676
    7.5000  -22.5000  -45.0000 2123.4980   16.0135
   -7.5000  -15.0000  -45.0000 2135.0273   15.8806
    0.0000  -15.0000  -45.0000 2147.8708   15.7362
    7.5000  -15.0000  -45.0000 2135.5681   15.8825
   -7.5000   -7.5000  -45.0000 2147.5371   15.7030
    0.0000   -7.5000  -45.0000 2159.4370   15.5673
    7.5000   -7.5000  -45.0000 2142.1521   15.7075
   -7.5000    0.0000  -45.0000 2157.6167   15.5230
    0.0000    0.0000  -45.0000 2170.0581   15.4317
    7.5000    0.0000  -45.0000 2154.6272   15.5455
   -7.5000    7.5000  -45.0000 2162.7253   15.4128
    0.0000    7.5000  -45.0000 2173.4656   15.3180
    7.5000    7.5000  -45.0000 2162.2878   15.4433
   -7.5000   15.0000  -45.0000 2153.2761   15.4233
    0.0000   15.0000  -45.0000 2161.1086   15.2926
    7.5000   15.0000  -45.0000 2150.4031   15.4592
   -7.5000   22.5000  -45.0000 2132.8970   15.5647
    0.0000   22.5000  -45.0000 2141.3428   15.3929
    7.5000   22.5000  -45.0000 2132.9490   15.5997
   -7.5000   30.0000  -45.0000 2111.9937   15.8442
    0.0000   30.0000  -45.0000 2117.9883   15.6871
    7.5000   30.0000  -45.0000 2111.8843   15.9011
   -7.5000   37.5000  -45.0000 2089.5986   16.3965
    0.0000   37.5000  -45.0000 2100.1323   16.2019
    7.5000   37.5000  -45.0000 2090.0056   16.4749
   -7.5000   45.0000  -45.0000 2052.9421   17.1788
    0.0000   45.0000  -45.0000 2067.5452   16.9363
    7.5000   45.0000  -45.0000 2054.8821   17.1977
   -7.5000  -45.0000  -37.5000 2209.4026   15.0278
    0.0000  -45.0000  -37.5000 2232.6631   14.9149
    7.5000  -45.0000  -37.5000 2215.0820   15.0375
   -7.5000  -37.5000  -37.5000 2211.2075   14.8287
    0.0000  -37.5000  -37.5000 2232.2410   14.7731
    7.5000  -37.5000  -37.5000 2215.2207   14.8755
   -7.5000  -30.0000  -37.5000 2211.2351   14.6662
    0.0000  -30.0000  -37.5000 2224.0618   14.5831
    7.5000  -30.0000  -37.5000 2206.5352   14.6934
   -7.5000  -22.5000  -37.5000 2216.8655   14.4997
    0.0000  -22.5000  -37.5000 2229.7192   14.3771
    7.5000  -22.5000  -37.5000 2215.1665   14.4964
   -7.5000  -15.0000  -37.5000 2234.9863   14.3131
    0.0000  -15.0000  -37.5000 2253.3491   14.2288
    7.5000  -15.0000  -37.5000 2233.2971   14.3305
   -7.5000   -7.5000  -37.5000 2252.1406   14.1443
    0.0000   -7.5000  -37.5000 2275.4268   14.0681
    7.5000   -7.5000  -37.5000 2250.7244   14.2027
   -7.5000    0.0000  -37.5000 2267.0845   14.0286
    0.0000    0.0000  -37.5000 2288.1025   13.9521
    7.5000    0.0000  -37.5000 2268.9832   14.0761
   -7.5000    7.5000  -37.5000 2271.3469   13.9146
    0.0000    7.5000  -37.5000 2286.0537   13.8547
    7.5000    7.5000  -37.5000 2274.5500   13.9522
   -7.5000   15.0000  -37.5000 2263.8821   13.9401
    0.0000   15.0000  -37.5000 2272.8247   13.8523
    7.5000   15.0000  -37.5000 2263.7458   13.9473
   -7.5000   22.5000  -37.5000 2248.7183   14.0508
    0.0000   22.5000  -37.5000 2259.6345   13.9532
    7.5000   22.5000  -37.5000 2249.9094   14.0732
   -7.5000   30.0000  -37.5000 2220.1726   14.3350
    0.0000   30.0000  -37.5000 2235.4451   14.2822
    7.5000   30.0000  -37.5000 2224.0469   14.4063
   -7.5000   37.5000  -37.5000 2190.1182   14.8307
    0.0000   37.5000  -37.5000 2206.0410   14.7090
    7.5000   37.5000  -37.5000 2190.5171   14.9012
   -7.5000   45.0000  -37.5000 2150.6990   15.5392
    0.0000   45.0000  -37.5000 2166.0498   15.3710
    7.5000   45.0000  -37.5000 2148.2104   15.5597
   -7.5000  -45.0000  -30.0000 2338.2139   14.3314
    0.0000  -45.0000  -30.0000 2358.3274   14.2222
    7.5000  -45.0000  -30.0000 2344.2754   14.3510
   -7.5000  -37.5000  -30.0000 2336.7466   14.1015
    0.0000  -37.5000  -30.0000 2356.1199   13.9716
    7.5000  -37.5000  -30.0000 2345.5493   14.1477
   -7.5000  -30.0000  -30.0000 2338.1899   13.8787
    0.0000  -30.0000  -30.0000 2358.2402   13.7780
    7.5000  -30.0000  -30.0000 2342.5276   13.9283
   -7.5000  -22.5000  -30.0000 2353.2058   13.6517
    0.0000  -22.5000  -30.0000 2374.1216   13.5722
    7.5000  -22.5000  -30.0000 2357.3943   13.6901
   -7.5000  -15.0000  -30.0000 2375.4790   13.4230
    0.0000  -15.0000  -30.0000 2393.0178   13.3700
    7.5000  -15.0000  -30.0000 2377.0554   13.4941
   -7.5000   -7.5000  -30.0000 2399.5229   13.2441
    0.0000   -7.5000  -30.0000 2421.2090   13.1930
    7.5000   -7.5000  -30.0000 2399.8987   13.3311
   -7.5000    0.0000  -30.0000 2421.3586   13.1313
    0.0000    0.0000  -30.0000 2439.2239   13.0791
    7.5000    0.0000  -30.0000 2419.8474   13.1827
   -7.5000    7.5000  -30.0000 2420.5876   13.0525
    0.0000    7.5000  -30.0000 2436.8899   13.0191
    7.5000    7.5000  -30.0000 2422.8794   13.0967
   -7.5000   15.0000  -30.0000 2416.3289   13.0581
    0.0000   15.0000  -30.0000 2434.0581   13.0310
    7.5000   15.0000  -30.0000 2412.9377   13.0838
   -7.5000   22.5000  -30.0000 2403.6091   13.1602
    0.0000   22.5000  -30.0000 2424.2966   13.1346
    7.5000   22.5000  -30.0000 2401.3442   13.2050
   -7.5000   30.0000  -30.0000 2379.4460   13.4659
    0.0000   30.0000  -30.0000 2401.3049   13.4206
    7.5000   30.0000  -30.0000 2380.5994   13.5141
   -7.5000   37.5000  -30.0000 2348.4773   13.9363
    0.0000   37.5000  -30.0000 2364.5273   13.8733
    7.5000   37.5000  -30.0000 2349.0542   13.9977
   -7.5000   45.0000  -30.0000 2304.9541   14.6542
    0.0000   45.0000  -30.0000 2320.6714   14.5596
    7.5000   45.0000  -30.0000 2305.4453   14.6572
   -7.5000  -45.0000  -22.5000 2441.0168   13.5273
    0.0000  -45.0000  -22.5000 2457.4778   13.4690
    7.5000  -45.0000  -22.5000 2444.7463   13.5712
   -7.5000  -37.5000  -22.5000 2437.2141   13.2751
    0.0000  -37.5000  -22.5000 2454.1707   13.1772
    7.5000  -37.5000  -22.5000 2444.1804   13.3372
   -7.5000  -30.0000  -22.5000 2445.3982   13.0350
    0.0000  -30.0000  -22.5000 2463.0952   12.9236
    7.5000  -30.0000  -22.5000 2452.9248   13.0666
   -7.5000  -22.5000  -22.5000 2460.4438   12.8277
    0.0000  -22.5000  -22.5000 2484.6299   12.7509
    7.5000  -22.5000  -22.5000 2471.1575   12.8698
   -7.5000  -15.0000  -22.5000 2480.7957   12.6150
    0.0000  -15.0000  -22.5000 2503.6321   12.5542
    7.5000  -15.0000  -22.5000 2490.2290   12.6546
   -7.5000   -7.5000  -22.5000 2511.3469   12.3949
    0.0000   -7.5000  -22.5000 2534.1985   12.3595
    7.5000   -7.5000  -22.5000 2518.2041   12.4453
   -7.5000    0.0000  -22.5000 2537.5806   12.2497
    0.0000    0.0000  -22.5000 2558.7664   12.2275
    7.5000    0.0000  -22.5000 2537.8274   12.3000
   -7.5000    7.5000  -22.5000 2543.7080   12.1792
    0.0000    7.5000  -22.5000 2563.0186   12.1583
    7.5000    7.5000  -22.5000 2547.6296   12.2110
   -7.5000   15.0000  -22.5000 2540.7617   12.1872
    0.0000   15.0000  -22.5000 2560.4106   12.1769
    7.5000   15.0000  -22.5000 2541.4443   12.2155
   -7.5000   22.5000  -22.5000 2534.0317   12.2855
    0.0000   22.5000  -22.5000 2559.6638   12.2886
    7.5000   22.5000  -22.5000 2532.6348   12.3337
   -7.5000   30.0000  -22.5000 2518.3279   12.5872
    0.0000   30.0000  -22.5000 2542.4648   12.5703
    7.5000   30.0000  -22.5000 2520.9788   12.6414
   -7.5000   37.5000  -22.5000 2488.3533   13.0566
    0.0000   37.5000  -22.5000 2510.4365   13.0565
    7.5000   37.5000  -22.5000 2485.7021   13.0945
   -7.5000   45.0000  -22.5000 2434.5989   13.7955
    0.0000   45.0000  -22.5000 2461.9756   13.7806
    7.5000   45.0000  -22.5000 2435.5491   13.8000
   -7.5000  -45.0000  -15.0000 2517.4448   12.8120
    0.0000  -45.0000  -15.0000 2531.0779   12.7041
    7.5000  -45.0000  -15.0000 2517.1843   12.8474
   -7.5000  -37.5000  -15.0000 2517.1958   12.5268
    0.0000  -37.5000  -15.0000 2531.7520   12.3817
    7.5000  -37.5000  -15.0000 2522.5354   12.5623
   -7.5000  -30.0000  -15.0000 2522.6223   12.2652
    0.0000  -30.0000  -15.0000 2541.3892   12.1459
    7.5000  -30.0000  -15.0000 2531.9124   12.3064
   -7.5000  -22.5000  -15.0000 2538.0408   12.0694
    0.0000  -22.5000  -15.0000 2557.9092   11.9623
    7.5000  -22.5000  -15.0000 2547.8923   12.1135
   -7.5000  -15.0000  -15.0000 2563.5801   11.8219
    0.0000  -15.0000  -15.0000 2581.6089   11.7408
    7.5000  -15.0000  -15.0000 2573.6995   11.8633
   -7.5000   -7.5000  -15.0000 2600.0286   11.6115
    0.0000   -7.5000  -15.0000 2620.1680   11.5550
    7.5000   -7.5000  -15.0000 2606.5071   11.6449
   -7.5000    0.0000  -15.0000 2630.9380   11.4615
    0.0000    0.0000  -15.0000 2656.4800   11.4215
    7.5000    0.0000  -15.0000 2633.8755   11.4938
   -7.5000    7.5000  -15.0000 2644.7021   11.3734
    0.0000    7.5000  -15.0000 2667.5315   11.3474
    7.5000    7.5000  -15.0000 2646.7961   11.3844
   -7.5000   15.0000  -15.0000 2644.8977   11.3849
    0.0000   15.0000  -15.0000 2666.1921   11.3713
    7.5000   15.0000  -15.0000 2645.3130   11.4031
   -7.5000   22.5000  -15.0000 2644.8828   11.5183
    0.0000   22.5000  -15.0000 2672.0352   11.5334
    7.5000   22.5000  -15.0000 2641.2261   11.5525
   -7.5000   30.0000  -15.0000 2630.9082   11.8022
    0.0000   30.0000  -15.0000 2657.6985   11.8174
    7.5000   30.0000  -15.0000 2628.9111   11.8446
   -7.5000   37.5000  -15.0000 2597.2727   12.2754
    0.0000   37.5000  -15.0000 2628.4490   12.3042
    7.5000   37.5000  -15.0000 2597.3496   12.3036
   -7.5000   45.0000  -15.0000 2538.9004   13.0019
    0.0000   45.0000  -15.0000 2572.2830   13.0238
    7.5000   45.0000  -15.0000 2539.3826   13.0063
   -7.5000  -45.0000   -7.5000 2575.7271   12.1069
    0.0000  -45.0000   -7.5000 2589.9219   11.9883
    7.5000  -45.0000   -7.5000 2576.4458   12.1522
   -7.5000  -37.5000   -7.5000 2585.4622   11.8010
    0.0000  -37.5000   -7.5000 2604.8499   11.6813
    7.5000  -37.5000   -7.5000 2589.9385   11.8598
   -7.5000  -30.0000   -7.5000 2593.4258   11.5859
    0.0000  -30.0000   -7.5000 2614.1768   11.4700
    7.5000  -30.0000   -7.5000 2600.0159   11.6492
   -7.5000  -22.5000   -7.5000 2611.5796   11.3720
    0.0000  -22.5000   -7.5000 2632.5386   11.2712
    7.5000  -22.5000   -7.5000 2620.2664   11.4251
   -7.5000  -15.0000   -7.5000 2634.5720   11.1282
    0.0000  -15.0000   -7.5000 2654.9072   11.0401
    7.5000  -15.0000   -7.5000 2644.0076   11.1732
   -7.5000   -7.5000   -7.5000 2671.6909   10.9213
    0.0000   -7.5000   -7.5000 2693.2458   10.8329
    7.5000   -7.5000   -7.5000 2679.2651   10.9636
   -7.5000    0.0000   -7.5000 2705.5720   10.7557
    0.0000    0.0000   -7.5000 2725.9639   10.6873
    7.5000    0.0000   -7.5000 2707.6851   10.7822
   -7.5000    7.5000   -7.5000 2729.7661   10.6493
    0.0000    7.5000   -7.5000 2750.6143   10.6170
    7.5000    7.5000   -7.5000 2731.3445   10.6707
   -7.5000   15.0000   -7.5000 2740.7874   10.6649
    0.0000   15.0000   -7.5000 2762.8440   10.6425
    7.5000   15.0000   -7.5000 2740.1143   10.6857
   -7.5000   22.5000   -7.5000 2739.9805   10.8245
    0.0000   22.5000   -7.5000 2773.6938   10.8379
    7.5000   22.5000   -7.5000 2739.5171   10.8741
   -7.5000   30.0000   -7.5000 2725.7800   11.1233
    0.0000   30.0000   -7.5000 2761.6699   11.1316
    7.5000   30.0000   -7.5000 2726.7188   11.1598
   -7.5000   37.5000   -7.5000 2687.9280   11.5749
    0.0000   37.5000   -7.5000 2723.2913   11.5878
    7.5000   37.5000   -7.5000 2692.4866   11.5986
   -7.5000   45.0000   -7.5000 2625.6638   12.2632
    0.0000   45.0000   -7.5000 2662.2329   12.2520
    7.5000   45.0000   -7.5000 2628.5566   12.2611
   -7.5000  -45.0000    0.0000 2627.3337   11.6194
    0.0000  -45.0000    0.0000 2641.5564   11.4880
    7.5000  -45.0000    0.0000 2629.6533   11.6773
   -7.5000  -37.5000    0.0000 2645.3926   11.2793
    0.0000  -37.5000    0.0000 2667.0139   11.1514
    7.5000  -37.5000    0.0000 2649.7939   11.3675
   -7.5000  -30.0000    0.0000 2655.8071   11.0590
    0.0000  -30.0000    0.0000 2680.1445   10.9392
    7.5000  -30.0000    0.0000 2659.7251   11.1261
   -7.5000  -22.5000    0.0000 2673.5203   10.8180
    0.0000  -22.5000    0.0000 2693.7292   10.7129
    7.5000  -22.5000    0.0000 2675.7266   10.8858
   -7.5000  -15.0000    0.0000 2700.2258   10.5807
    0.0000  -15.0000    0.0000 2717.0166   10.4782
    7.5000  -15.0000    0.0000 2702.9761   10.6475
   -7.5000   -7.5000    0.0000 2730.7817   10.3789
    0.0000   -7.5000    0.0000 2748.1272   10.2718
    7.5000   -7.5000    0.0000 2739.0642   10.4427
   -7.5000    0.0000    0.0000 2759.5200   10.2091
    0.0000    0.0000    0.0000 2782.9805   10.1130
    7.5000    0.0000    0.0000 2762.9211   10.2554
   -7.5000    7.5000    0.0000 2791.5623   10.1148
    0.0000    7.5000    0.0000 2817.7578   10.0310
    7.5000    7.5000    0.0000 2795.4980   10.1353
   -7.5000   15.0000    0.0000 2816.5737   10.1545
    0.0000   15.0000    0.0000 2851.2979   10.1011
    7.5000   15.0000    0.0000 2818.0615   10.1534
   -7.5000   22.5000    0.0000 2831.2615   10.3221
    0.0000   22.5000    0.0000 2877.2383   10.2888
    7.5000   22.5000    0.0000 2828.8909   10.3393
   -7.5000   30.0000    0.0000 2814.3909   10.6067
    0.0000   30.0000    0.0000 2862.0854   10.5785
    7.5000   30.0000    0.0000 2815.5051   10.6315
   -7.5000   37.5000    0.0000 2771.7478   11.0399
    0.0000   37.5000    0.0000 2810.1096   10.9864
    7.5000   37.5000    0.0000 2777.5515   11.0539
   -7.5000   45.0000    0.0000 2697.3159   11.6763
    0.0000   45.0000    0.0000 2729.7300   11.5955
    7.5000   45.0000    0.0000 2701.6685   11.6719
   -7.5000  -45.0000    7.5000 2668.9788   11.3417
    0.0000  -45.0000    7.5000 2680.8093   11.2205
    7.5000  -45.0000    7.5000 2668.1731   11.3705
   -7.5000  -37.5000    7.5000 2688.7859   10.9998
    0.0000  -37.5000    7.5000 2707.0386   10.8579
    7.5000  -37.5000    7.5000 2689.2996   11.0604
   -7.5000  -30.0000    7.5000 2706.9021   10.7018
    0.0000  -30.0000    7.5000 2731.4507   10.5622
    7.5000  -30.0000    7.5000 2707.7512   10.7706
   -7.5000  -22.5000    7.5000 2725.5364   10.4497
    0.0000  -22.5000    7.5000 2746.1726   10.3129
    7.5000  -22.5000    7.5000 2727.4114   10.5122
   -7.5000  -15.0000    7.5000 2741.9221   10.2098
    0.0000  -15.0000    7.5000 2761.1375   10.0901
    7.5000  -15.0000    7.5000 2744.3806   10.2817
   -7.5000   -7.5000    7.5000 2771.0767   10.0156
    0.0000   -7.5000    7.5000 2790.1096    9.8929
    7.5000   -7.5000    7.5000 2773.9624   10.0663
   -7.5000    0.0000    7.5000 2802.2168    9.8586
    0.0000    0.0000    7.5000 2825.7317    9.7213
    7.5000    0.0000    7.5000 2807.1306    9.8940
   -7.5000    7.5000    7.5000 2842.9893    9.7915
    0.0000    7.5000    7.5000 2874.2371    9.6554
    7.5000    7.5000    7.5000 2847.3953    9.8013
   -7.5000   15.0000    7.5000 2878.6074    9.8565
    0.0000   15.0000    7.5000 2918.9224    9.7366
    7.5000   15.0000    7.5000 2881.1445    9.8510
   -7.5000   22.5000    7.5000 2902.9080   10.0007
    0.0000   22.5000    7.5000 2957.7932    9.8596
    7.5000   22.5000    7.5000 2900.5237   10.0205
   -7.5000   30.0000    7.5000 2890.3823   10.2902
    0.0000   30.0000    7.5000 2937.2463   10.0884
    7.5000   30.0000    7.5000 2888.6799   10.3072
   -7.5000   37.5000    7.5000 2838.6877   10.7586
    0.0000   37.5000    7.5000 2877.2817   10.6097
    7.5000   37.5000    7.5000 2845.5107   10.7389
   -7.5000   45.0000    7.5000 2751.0381   11.3598
    0.0000   45.0000    7.5000 2782.7412   11.2379
    7.5000   45.0000    7.5000 2757.4270   11.3379
   -7.5000  -45.0000   15.0000 2686.0798   11.2172
    0.0000  -45.0000   15.0000 2698.8123   11.1076
    7.5000  -45.0000   15.0000 2687.4536   11.2452
   -7.5000  -37.5000   15.0000 2711.8987   10.8670
    0.0000  -37.5000   15.0000 2730.1033   10.7470
    7.5000  -37.5000   15.0000 2711.1018   10.8951
   -7.5000  -30.0000   15.0000 2731.4075   10.5443
    0.0000  -30.0000   15.0000 2756.4263   10.3990
    7.5000  -30.0000   15.0000 2728.1147   10.6088
   -7.5000  -22.5000   15.0000 2753.5200   10.2825
    0.0000  -22.5000   15.0000 2776.8811   10.1371
    7.5000  -22.5000   15.0000 2753.8718   10.3341
   -7.5000  -15.0000   15.0000 2763.3879   10.0507
    0.0000  -15.0000   15.0000 2789.7368    9.9136
    7.5000  -15.0000   15.0000 2769.5842   10.1017
   -7.5000   -7.5000   15.0000 2786.2266    9.8462
    0.0000   -7.5000   15.0000 2815.0801    9.7022
    7.5000   -7.5000   15.0000 2792.6335    9.8802
   -7.5000    0.0000   15.0000 2819.4690    9.7083
    0.0000    0.0000   15.0000 2849.5415    9.5464
    7.5000    0.0000   15.0000 2824.7717    9.7252
   -7.5000    7.5000   15.0000 2860.3440    9.6780
    0.0000    7.5000   15.0000 2892.2656    9.4899
    7.5000    7.5000   15.0000 2865.2769    9.6696
   -7.5000   15.0000   15.0000 2891.9282    9.7711
    0.0000   15.0000   15.0000 2928.4758    9.5838
    7.5000   15.0000   15.0000 2902.2021    9.7505
   -7.5000   22.5000   15.0000 2921.0405    9.9226
    0.0000   22.5000   15.0000 2962.8806    9.6224
    7.5000   22.5000   15.0000 2923.9546    9.9212
   -7.5000   30.0000   15.0000 2922.3474   10.1994
    0.0000   30.0000   15.0000 2960.0120    9.8564
    7.5000   30.0000   15.0000 2917.4377   10.1925
   -7.5000   37.5000   15.0000 2863.9639   10.7232
    0.0000   37.5000   15.0000 2899.5828   10.4711
    7.5000   37.5000   15.0000 2871.3250   10.6840
   -7.5000   45.0000   15.0000 2765.9592   11.3652
    0.0000   45.0000   15.0000 2799.4436   11.1686
    7.5000   45.0000   15.0000 2777.3601   11.3047
   -7.5000  -45.0000   22.5000 2683.9177   11.3582
    0.0000  -45.0000   22.5000 2699.0430   11.1965
    7.5000  -45.0000   22.5000 2686.8640   11.3062
   -7.5000  -37.5000   22.5000 2705.4294   10.9597
    0.0000  -37.5000   22.5000 2724.4849   10.7972
    7.5000  -37.5000   22.5000 2709.5459   10.9163
   -7.5000  -30.0000   22.5000 2726.1353   10.5842
    0.0000  -30.0000   22.5000 2747.9792   10.4347
    7.5000  -30.0000   22.5000 2729.1316   10.5897
   -7.5000  -22.5000   22.5000 2750.5447   10.2607
    0.0000  -22.5000   22.5000 2777.4373   10.1257
    7.5000  -22.5000   22.5000 2748.9578   10.2944
   -7.5000  -15.0000   22.5000 2766.3613   10.0296
    0.0000  -15.0000   22.5000 2796.3284    9.8889
    7.5000  -15.0000   22.5000 2767.3467   10.0720
   -7.5000   -7.5000   22.5000 2785.9373    9.8693
    0.0000   -7.5000   22.5000 2817.3044    9.7157
    7.5000   -7.5000   22.5000 2789.1614    9.8930
   -7.5000    0.0000   22.5000 2819.4680    9.7815
    0.0000    0.0000   22.5000 2846.9951    9.5988
    7.5000    0.0000   22.5000 2822.1365    9.7848
   -7.5000    7.5000   22.5000 2857.0742    9.7829
    0.0000    7.5000   22.5000 2882.3169    9.5733
    7.5000    7.5000   22.5000 2862.2024    9.7597
   -7.5000   15.0000   22.5000 2885.6367    9.8810
    0.0000   15.0000   22.5000 2909.3464    9.6494
    7.5000   15.0000   22.5000 2892.0801    9.8562
   -7.5000   22.5000   22.5000 2906.1731   10.0862
    0.0000   22.5000   22.5000 2933.3816    9.8023
    7.5000   22.5000   22.5000 2912.2627   10.0733
   -7.5000   30.0000   22.5000 2902.1631   10.3991
    0.0000   30.0000   22.5000 2932.3879   10.1320
    7.5000   30.0000   22.5000 2903.4153   10.3760
   -7.5000   37.5000   22.5000 2844.5461   10.8545
    0.0000   37.5000   22.5000 2877.4333   10.6388
    7.5000   37.5000   22.5000 2849.2625   10.8281
   -7.5000   45.0000   22.5000 2751.0081   11.5114
    0.0000   45.0000   22.5000 2780.4812   11.3410
    7.5000   45.0000   22.5000 2758.7065   11.4449
   -7.5000  -45.0000   30.0000 2651.5540   11.6355
    0.0000  -45.0000   30.0000 2672.0051   11.4550
    7.5000  -45.0000   30.0000 2656.6235   11.5508
   -7.5000  -37.5000   30.0000 2675.7947   11.1997
    0.0000  -37.5000   30.0000 2694.5640   11.0293
    7.5000  -37.5000   30.0000 2679.6641   11.1177
   -7.5000  -30.0000   30.0000 2694.0752   10.8242
    0.0000  -30.0000   30.0000 2712.9324   10.6508
    7.5000  -30.0000   30.0000 2698.4482   10.7654
   -7.5000  -22.5000   30.0000 2720.3853   10.4931
    0.0000  -22.5000   30.0000 2739.5872   10.2994
    7.5000  -22.5000   30.0000 2719.0374   10.4725
   -7.5000  -15.0000   30.0000 2743.0439   10.2527
    0.0000  -15.0000   30.0000 2765.4060   10.0595
    7.5000  -15.0000   30.0000 2739.7642   10.2546
   -7.5000   -7.5000   30.0000 2765.5383   10.0950
    0.0000   -7.5000   30.0000 2793.7168    9.9130
    7.5000   -7.5000   30.0000 2765.7251   10.1132
   -7.5000    0.0000   30.0000 2795.4685   10.0289
    0.0000    0.0000   30.0000 2823.5225    9.8621
    7.5000    0.0000   30.0000 2800.1497   10.0432
   -7.5000    7.5000   30.0000 2824.0500   10.0482
    0.0000    7.5000   30.0000 2854.1184    9.9130
    7.5000    7.5000   30.0000 2832.1130   10.0664
   -7.5000   15.0000   30.0000 2846.2061   10.1535
    0.0000   15.0000   30.0000 2879.8047    9.9956
    7.5000   15.0000   30.0000 2852.0515   10.1574
   -7.5000   22.5000   30.0000 2855.6365   10.3465
    0.0000   22.5000   30.0000 2885.3279   10.2484
    7.5000   22.5000   30.0000 2854.8867   10.3830
   -7.5000   30.0000   30.0000 2835.2761   10.7256
    0.0000   30.0000   30.0000 2866.5198   10.6428
    7.5000   30.0000   30.0000 2832.6946   10.7568
   -7.5000   37.5000   30.0000 2777.8877   11.1597
    0.0000   37.5000   30.0000 2808.9802   11.0874
    7.5000   37.5000   30.0000 2779.7007   11.1727
   -7.5000   45.0000   30.0000 2693.9058   11.7543
    0.0000   45.0000   30.0000 2718.4812   11.6681
    7.5000   45.0000   30.0000 2698.7468   11.7148
   -7.5000  -45.0000   37.5000 2604.2542   12.1261
    0.0000  -45.0000   37.5000 2617.9788   11.8940
    7.5000  -45.0000   37.5000 2602.2959   12.0093
   -7.5000  -37.5000   37.5000 2631.1152   11.6375
    0.0000  -37.5000   37.5000 2644.5078   11.4294
    7.5000  -37.5000   37.5000 2630.1458   11.5441
   -7.5000  -30.0000   37.5000 2651.0813   11.2283
    0.0000  -30.0000   37.5000 2663.5474   11.0528
    7.5000  -30.0000   37.5000 2649.7290   11.1688
   -7.5000  -22.5000   37.5000 2671.7412   10.8966
    0.0000  -22.5000   37.5000 2689.2920   10.7436
    7.5000  -22.5000   37.5000 2669.6956   10.8719
   -7.5000  -15.0000   37.5000 2698.4866   10.6497
    0.0000  -15.0000   37.5000 2719.6404   10.5372
    7.5000  -15.0000   37.5000 2695.0308   10.6741
   -7.5000   -7.5000   37.5000 2720.9612   10.5106
    0.0000   -7.5000   37.5000 2748.7197   10.4272
    7.5000   -7.5000   37.5000 2721.5344   10.5590
   -7.5000    0.0000   37.5000 2741.6389   10.4775
    0.0000    0.0000   37.5000 2777.4622   10.4089
    7.5000    0.0000   37.5000 2746.4480   10.5284
   -7.5000    7.5000   37.5000 2765.2532   10.5317
    0.0000    7.5000   37.5000 2801.8887   10.4358
    7.5000    7.5000   37.5000 2774.9817   10.5484
   -7.5000   15.0000   37.5000 2783.9458   10.6368
    0.0000   15.0000   37.5000 2822.6396   10.5323
    7.5000   15.0000   37.5000 2792.8323   10.6357
   -7.5000   22.5000   37.5000 2788.0571   10.8406
    0.0000   22.5000   37.5000 2820.0286   10.7457
    7.5000   22.5000   37.5000 2790.4849   10.8549
   -7.5000   30.0000   37.5000 2755.0137   11.1925
    0.0000   30.0000   37.5000 2784.5798   11.0578
    7.5000   30.0000   37.5000 2755.3286   11.1993
   -7.5000   37.5000   37.5000 2696.4487   11.5978
    0.0000   37.5000   37.5000 2723.1797   11.4828
    7.5000   37.5000   37.5000 2699.6589   11.5814
   -7.5000   45.0000   37.5000 2616.0107   12.1654
    0.0000   45.0000   37.5000 2638.3181   12.0592
    7.5000   45.0000   37.5000 2621.2639   12.1272
   -7.5000  -45.0000   45.0000 2540.7402   12.8555
    0.0000  -45.0000   45.0000 2556.6003   12.6691
    7.5000  -45.0000   45.0000 2538.7332   12.8168
   -7.5000  -37.5000   45.0000 2569.2197   12.3039
    0.0000  -37.5000   45.0000 2584.3564   12.1431
    7.5000  -37.5000   45.0000 2567.0354   12.2789
   -7.5000  -30.0000   45.0000 2592.3940   11.8407
    0.0000  -30.0000   45.0000 2608.0647   11.7212
    7.5000  -30.0000   45.0000 2588.7256   11.8350
   -7.5000  -22.5000   45.0000 2614.7197   11.5027
    0.0000  -22.5000   45.0000 2633.1521   11.4195
    7.5000  -22.5000   45.0000 2611.3879   11.5224
   -7.5000  -15.0000   45.0000 2636.7556   11.2758
    0.0000  -15.0000   45.0000 2657.6494   11.2145
    7.5000  -15.0000   45.0000 2633.8450   11.3258
   -7.5000   -7.5000   45.0000 2654.9270   11.1423
    0.0000   -7.5000   45.0000 2680.4980   11.0858
    7.5000   -7.5000   45.0000 2658.8105   11.1906
   -7.5000    0.0000   45.0000 2674.6926   11.0900
    0.0000    0.0000   45.0000 2707.2410   11.0392
    7.5000    0.0000   45.0000 2684.3938   11.1314
   -7.5000    7.5000   45.0000 2696.0764   11.1438
    0.0000    7.5000   45.0000 2728.2100   11.0379
    7.5000    7.5000   45.0000 2706.7739   11.1408
   -7.5000   15.0000   45.0000 2703.8323   11.2560
    0.0000   15.0000   45.0000 2736.9512   11.1589
    7.5000   15.0000   45.0000 2710.6897   11.2447
   -7.5000   22.5000   45.0000 2700.4272   11.4520
    0.0000   22.5000   45.0000 2725.1138   11.3496
    7.5000   22.5000   45.0000 2702.4351   11.4598
   -7.5000   30.0000   45.0000 2663.6807   11.8166
    0.0000   30.0000   45.0000 2685.6472   11.6822
    7.5000   30.0000   45.0000 2665.4746   11.8352
   -7.5000   37.5000   45.0000 2609.1729   12.2485
    0.0000   37.5000   45.0000 2633.1201   12.1401
    7.5000   37.5000   45.0000 2607.7981   12.2720
   -7.5000   45.0000   45.0000 2527.7708   12.8281
    0.0000   45.0000   45.0000 2554.9612   12.7147
    7.5000   45.0000   45.0000 2532.1489   12.8174

---------------------------------------------------------------------
imgreg_4dfp /opt/freesurfer/average/711-2C_as_mni_average_305 /opt/freesurfer/average/711-2B_as_mni_average_305_mask talsrcimg_g11 none talsrcimg_to_711-2C_as_mni_average_305_t4 1283
---------------------------------------------------------------------

freesurfer imgreg_4dfp.c
/opt/freesurfer/average/711-2C_as_mni_average_305.4dfp.img
       256       256       256         1
  1.000000  1.000000  1.000000
orientation T byte_order littleendian
Reading image: /opt/freesurfer/average/711-2C_as_mni_average_305.4dfp.img
dimensions:      256       256       256
mmppix:       1.0000   -1.0000   -1.0000
center:     128.0000 -129.0000 -129.0000
/opt/freesurfer/average/711-2B_as_mni_average_305_mask.4dfp.img
       256       256       256         1
  1.000000  1.000000  1.000000
orientation T byte_order littleendian
Reading mask: /opt/freesurfer/average/711-2B_as_mni_average_305_mask.4dfp.img (2306576 pixels)
talsrcimg_g11.4dfp.img
       256       256       256         1
  1.000000  1.000000  1.000000
orientation T byte_order littleendian
Reading image: talsrcimg_g11.4dfp.img
dimensions:      256       256       256
mmppix:       1.0000   -1.0000   -1.0000
center:     128.0000 -129.0000 -129.0000
rotation matrix determinant  1.000000
fimgreg.f
image alignment mode   1283 decimal      503 hex
parameters
    0.0000   22.5000   15.0000    0.0000    0.0000    0.0000
eta,q 0.92999  9.58694
niter,ni,del,rscale     5    3   12.0000    1.2000
parameter  3  1.014066 ->  0.500000 qaram    1.1500
parameters
    0.4616   24.7255   11.5500   -0.3584    0.1013   -0.5730
eta,q 0.93437  9.60999
  0.0813  0.0814  0.0687  0.0687  0.0712  0.0700
  0.0778  0.0772  0.0660  0.0669  0.0683  0.0677
  0.0739  0.0739  0.0673  0.0659  0.0664  0.0659
  0.0721  0.0716  0.0705  0.0656  0.0656  0.0657
  0.0731  0.0704  0.0735  0.0665  0.0664  0.0673
  0.0758  0.0713  0.0758  0.0680  0.0680  0.0693
  0.0792  0.0732  0.0772  0.0689  0.0708  0.0712
niter,ni,del,rscale     5    3   12.0000    1.2000
parameters
   -0.0432   24.6262   11.7576   -0.3808    0.4650   -0.9652
eta,q 0.93474  9.60395
  0.0762  0.0733  0.0780  0.0690  0.0722  0.0702
  0.0706  0.0692  0.0726  0.0671  0.0687  0.0677
  0.0659  0.0661  0.0676  0.0657  0.0661  0.0657
  0.0656  0.0652  0.0652  0.0653  0.0653  0.0653
  0.0695  0.0662  0.0680  0.0659  0.0659  0.0667
  0.0740  0.0695  0.0728  0.0675  0.0677  0.0690
  0.0785  0.0740  0.0757  0.0687  0.0706  0.0710
niter,ni,del,rscale     4    3   12.0000    1.2000
parameters
   -0.2371   24.6399   11.7875   -0.3278    0.5721   -1.1402
eta,q 0.93484  9.60615
  0.0771  0.0735  0.0777  0.0688  0.0719  0.0703
  0.0718  0.0692  0.0720  0.0671  0.0683  0.0680
  0.0665  0.0661  0.0670  0.0656  0.0657  0.0658
  0.0653  0.0652  0.0652  0.0652  0.0652  0.0652
  0.0688  0.0660  0.0684  0.0656  0.0659  0.0663
  0.0733  0.0691  0.0733  0.0672  0.0682  0.0686
  0.0777  0.0736  0.0760  0.0685  0.0712  0.0707
niter,ni,del,rscale     3    3   12.0000    1.2000
parameters
   -0.3162   24.6347   11.7953   -0.2783    0.6119   -1.2150
eta,q 0.93490  9.60733
  0.0775  0.0734  0.0777  0.0687  0.0719  0.0704
  0.0722  0.0691  0.0719  0.0671  0.0683  0.0681
  0.0668  0.0660  0.0669  0.0656  0.0656  0.0659
  0.0652  0.0651  0.0651  0.0651  0.0651  0.0651
  0.0685  0.0659  0.0685  0.0656  0.0660  0.0662
  0.0730  0.0690  0.0735  0.0672  0.0683  0.0685
  0.0773  0.0735  0.0760  0.0685  0.0714  0.0706
niter,ni,del,rscale     2    3   12.0000    1.2000
parameters
   -0.3477   24.6271   11.8027   -0.2492    0.6279   -1.2468
eta,q 0.93492  9.60776
  0.0776  0.0733  0.0777  0.0687  0.0719  0.0705
  0.0724  0.0690  0.0719  0.0670  0.0682  0.0682
  0.0669  0.0660  0.0668  0.0655  0.0656  0.0659
  0.0651  0.0651  0.0651  0.0651  0.0651  0.0651
  0.0683  0.0658  0.0685  0.0656  0.0660  0.0661
  0.0729  0.0690  0.0735  0.0672  0.0684  0.0684
  0.0772  0.0735  0.0760  0.0685  0.0715  0.0705
registration optimization eta report
parameter search radius
    6.0000    6.0000    6.9000    6.0000    6.0000    6.0000
100000*second partial in parameter space
       32.       23.       23.       10.       18.       14.
  0.0776  0.0733  0.0777  0.0687  0.0719  0.0705
  0.0724  0.0690  0.0719  0.0670  0.0682  0.0682
  0.0669  0.0660  0.0668  0.0655  0.0656  0.0659
  0.0651  0.0651  0.0651  0.0651  0.0651  0.0651
  0.0683  0.0658  0.0685  0.0656  0.0660  0.0661
  0.0729  0.0690  0.0735  0.0672  0.0684  0.0684
  0.0772  0.0735  0.0760  0.0685  0.0715  0.0705
   -0.3477   24.6271   11.8027   -0.2492    0.6279   -1.2468
eta,q 0.93492  9.60776

---------------------------------------------------------------------
imgreg_4dfp /opt/freesurfer/average/711-2C_as_mni_average_305 /opt/freesurfer/average/711-2B_as_mni_average_305_mask talsrcimg_g11 none talsrcimg_to_711-2C_as_mni_average_305_t4 3335
---------------------------------------------------------------------

freesurfer imgreg_4dfp.c
/opt/freesurfer/average/711-2C_as_mni_average_305.4dfp.img
       256       256       256         1
  1.000000  1.000000  1.000000
orientation T byte_order littleendian
Reading image: /opt/freesurfer/average/711-2C_as_mni_average_305.4dfp.img
dimensions:      256       256       256
mmppix:       1.0000   -1.0000   -1.0000
center:     128.0000 -129.0000 -129.0000
/opt/freesurfer/average/711-2B_as_mni_average_305_mask.4dfp.img
       256       256       256         1
  1.000000  1.000000  1.000000
orientation T byte_order littleendian
Reading mask: /opt/freesurfer/average/711-2B_as_mni_average_305_mask.4dfp.img (2306576 pixels)
talsrcimg_g11.4dfp.img
       256       256       256         1
  1.000000  1.000000  1.000000
orientation T byte_order littleendian
Reading image: talsrcimg_g11.4dfp.img
dimensions:      256       256       256
mmppix:       1.0000   -1.0000   -1.0000
center:     128.0000 -129.0000 -129.0000
fimgreg.f
image alignment mode   3335 decimal      D07 hex
parameters
   -0.3477   24.6271   11.8027   -0.0297   -0.0247   -0.0070
    2.1807   -1.0862   -2.1758    0.4586    1.0960   -0.4349
eta,q 0.93354  9.64664
niter,ni,del,rscale     5    3    5.0000    1.2000
parameter  4  2.425192 ->  0.500000 qaram    1.1500
parameter  5  2.361736 ->  0.500000 qaram    1.1500
parameter  6  2.654526 ->  0.500000 qaram    1.1500
parameter 12 -0.543799 -> -0.500000 qaram    1.1500
parameters
   -0.4508   24.8896   11.7621   -4.1697   -4.1647   -4.1470
    1.4617   -2.1722    0.4511   -3.0486   -2.0817    3.7051
eta,q 0.95105  9.31131
  0.0680  0.0677  0.0676  0.0588  0.0550  0.0463  0.0520  0.0516  0.0520  0.0501  0.0497  0.0517
  0.0670  0.0670  0.0670  0.0606  0.0564  0.0493  0.0510  0.0506  0.0512  0.0497  0.0495  0.0508
  0.0665  0.0666  0.0666  0.0633  0.0585  0.0529  0.0504  0.0502  0.0506  0.0496  0.0494  0.0500
  0.0665  0.0664  0.0664  0.0664  0.0612  0.0570  0.0503  0.0503  0.0502  0.0500  0.0496  0.0494
  0.0667  0.0665  0.0667  0.0697  0.0643  0.0621  0.0506  0.0506  0.0500  0.0509  0.0499  0.0490
  0.0673  0.0667  0.0671  0.0735  0.0676  0.0673  0.0515  0.0514  0.0501  0.0523  0.0503  0.0490
  0.0682  0.0673  0.0676  0.0778  0.0709  0.0730  0.0529  0.0528  0.0505  0.0540  0.0508  0.0494
niter,ni,del,rscale     7    3    5.0000    1.2000
parameter  2 -0.738401 -> -0.500000 qaram    1.1500
parameter  4  1.183437 ->  0.500000 qaram    1.3225
parameter  5  1.395472 ->  0.500000 qaram    1.3225
parameter  6  1.689147 ->  0.500000 qaram    1.3225
parameter 10  1.012887 ->  0.500000 qaram    1.1500
parameters
    0.1077   26.2696   12.9062   -8.9307   -8.9257   -8.9080
    1.7698   -0.2799    1.3020   -7.1886   -0.5391    1.6859
eta,q 0.96967  9.16993
  0.0527  0.0531  0.0508  0.0430  0.0386  0.0311  0.0355  0.0395  0.0340  0.0303  0.0337  0.0316
  0.0511  0.0514  0.0495  0.0433  0.0396  0.0324  0.0343  0.0370  0.0332  0.0305  0.0323  0.0307
  0.0498  0.0499  0.0485  0.0446  0.0411  0.0358  0.0334  0.0348  0.0326  0.0312  0.0313  0.0303
  0.0489  0.0488  0.0478  0.0475  0.0435  0.0399  0.0331  0.0331  0.0324  0.0324  0.0306  0.0305
  0.0488  0.0481  0.0475  0.0516  0.0468  0.0450  0.0332  0.0324  0.0325  0.0341  0.0305  0.0311
  0.0493  0.0478  0.0476  0.0556  0.0506  0.0503  0.0340  0.0333  0.0328  0.0361  0.0310  0.0321
  0.0505  0.0480  0.0479  0.0597  0.0544  0.0565  0.0352  0.0356  0.0334  0.0386  0.0319  0.0336
niter,ni,del,rscale     7    3    5.0000    1.2000
parameter  2 -1.005433 -> -0.500000 qaram    1.3225
parameter  5  0.696709 ->  0.500000 qaram    1.5209
parameter 12 -0.724123 -> -0.500000 qaram    1.3225
parameters
   -0.2609   27.8566   14.0995  -11.0417  -14.4009  -12.4883
    1.7632   -0.6653    1.5923   -7.0189   -0.1829    6.4469
eta,q 0.97514  8.87562
  0.0331  0.0381  0.0337  0.0314  0.0258  0.0276  0.0282  0.0294  0.0279  0.0298  0.0270  0.0297
  0.0313  0.0351  0.0313  0.0297  0.0253  0.0267  0.0269  0.0272  0.0268  0.0278  0.0263  0.0282
  0.0303  0.0325  0.0293  0.0279  0.0259  0.0256  0.0261  0.0261  0.0261  0.0264  0.0260  0.0269
  0.0303  0.0302  0.0279  0.0271  0.0275  0.0254  0.0258  0.0258  0.0258  0.0258  0.0258  0.0258
  0.0312  0.0286  0.0272  0.0290  0.0303  0.0288  0.0261  0.0263  0.0260  0.0263  0.0258  0.0251
  0.0330  0.0277  0.0272  0.0337  0.0343  0.0346  0.0269  0.0277  0.0266  0.0276  0.0261  0.0248
  0.0355  0.0277  0.0280  0.0393  0.0387  0.0417  0.0282  0.0303  0.0276  0.0295  0.0268  0.0251
niter,ni,del,rscale     7    3    5.0000    1.2000
parameters
   -0.3403   28.4604   13.6109  -10.5511  -16.4277  -14.5642
    1.3692   -0.5320    1.3817   -6.7505    0.6237    7.7359
eta,q 0.97520  8.72225
  0.0278  0.0310  0.0259  0.0290  0.0280  0.0275  0.0270  0.0289  0.0264  0.0290  0.0261  0.0282
  0.0261  0.0281  0.0250  0.0274  0.0258  0.0261  0.0258  0.0267  0.0256  0.0269  0.0255  0.0266
  0.0252  0.0260  0.0246  0.0261  0.0245  0.0252  0.0251  0.0254  0.0251  0.0255  0.0251  0.0255
  0.0249  0.0249  0.0247  0.0246  0.0244  0.0243  0.0249  0.0249  0.0249  0.0249  0.0249  0.0249
  0.0253  0.0248  0.0252  0.0237  0.0257  0.0248  0.0252  0.0252  0.0251  0.0254  0.0249  0.0249
  0.0264  0.0257  0.0261  0.0254  0.0284  0.0292  0.0262  0.0265  0.0257  0.0267  0.0252  0.0256
  0.0283  0.0277  0.0274  0.0296  0.0325  0.0354  0.0276  0.0287  0.0266  0.0285  0.0257  0.0269
niter,ni,del,rscale     6    3    5.0000    1.2000
parameters
   -0.2857   28.6659   13.1349  -10.4224  -16.8402  -15.7377
    1.2408   -0.5058    0.9800   -6.4770    0.9245    7.7619
eta,q 0.97503  8.64720
  0.0279  0.0295  0.0257  0.0284  0.0293  0.0281  0.0272  0.0287  0.0263  0.0289  0.0260  0.0276
  0.0262  0.0270  0.0250  0.0270  0.0271  0.0264  0.0260  0.0267  0.0255  0.0269  0.0255  0.0263
  0.0252  0.0254  0.0247  0.0259  0.0254  0.0254  0.0252  0.0254  0.0251  0.0255  0.0251  0.0254
  0.0248  0.0248  0.0248  0.0247  0.0247  0.0247  0.0250  0.0250  0.0250  0.0250  0.0250  0.0250
  0.0251  0.0252  0.0252  0.0240  0.0252  0.0244  0.0252  0.0253  0.0252  0.0254  0.0250  0.0253
  0.0260  0.0264  0.0259  0.0257  0.0272  0.0270  0.0261  0.0266  0.0257  0.0266  0.0253  0.0262
  0.0277  0.0284  0.0268  0.0295  0.0306  0.0326  0.0274  0.0288  0.0266  0.0284  0.0259  0.0276
niter,ni,del,rscale     5    3    5.0000    1.2000
parameters
   -0.2531   28.8683   12.7448  -10.4684  -17.0026  -16.3509
    1.2336   -0.4942    0.7878   -6.0368    0.9695    7.5947
eta,q 0.97497  8.60171
  0.0279  0.0295  0.0259  0.0282  0.0295  0.0285  0.0273  0.0287  0.0264  0.0290  0.0260  0.0276
  0.0263  0.0271  0.0253  0.0269  0.0274  0.0267  0.0261  0.0267  0.0256  0.0270  0.0255  0.0263
  0.0253  0.0255  0.0249  0.0259  0.0257  0.0255  0.0253  0.0255  0.0252  0.0256  0.0251  0.0254
  0.0250  0.0250  0.0250  0.0249  0.0249  0.0249  0.0250  0.0250  0.0250  0.0250  0.0250  0.0250
  0.0252  0.0253  0.0253  0.0243  0.0253  0.0245  0.0253  0.0254  0.0252  0.0254  0.0251  0.0254
  0.0262  0.0265  0.0259  0.0259  0.0271  0.0262  0.0261  0.0266  0.0257  0.0265  0.0255  0.0263
  0.0278  0.0284  0.0268  0.0295  0.0303  0.0312  0.0274  0.0288  0.0265  0.0282  0.0260  0.0278
niter,ni,del,rscale     4    3    5.0000    1.2000
parameters
   -0.2338   29.0869   12.4795  -10.5282  -17.2101  -16.7458
    1.2115   -0.4611    0.7271   -5.5161    0.9022    7.4293
eta,q 0.97493  8.56550
  0.0279  0.0295  0.0262  0.0281  0.0295  0.0286  0.0273  0.0287  0.0264  0.0290  0.0261  0.0276
  0.0263  0.0271  0.0254  0.0268  0.0274  0.0268  0.0261  0.0268  0.0257  0.0270  0.0255  0.0263
  0.0254  0.0256  0.0250  0.0260  0.0257  0.0256  0.0254  0.0255  0.0252  0.0257  0.0252  0.0254
  0.0250  0.0250  0.0250  0.0250  0.0250  0.0250  0.0251  0.0251  0.0251  0.0251  0.0251  0.0251
  0.0253  0.0254  0.0253  0.0244  0.0254  0.0247  0.0253  0.0254  0.0252  0.0254  0.0252  0.0254
  0.0262  0.0265  0.0259  0.0259  0.0272  0.0260  0.0261  0.0266  0.0257  0.0265  0.0255  0.0264
  0.0278  0.0283  0.0268  0.0294  0.0303  0.0307  0.0274  0.0287  0.0265  0.0281  0.0261  0.0279
niter,ni,del,rscale     3    3    5.0000    1.2000
parameters
   -0.2142   29.3073   12.2606  -10.5738  -17.4664  -17.1075
    1.1621   -0.4171    0.7416   -4.9602    0.7750    7.2688
eta,q 0.97492  8.52962
  0.0279  0.0294  0.0263  0.0281  0.0294  0.0286  0.0273  0.0287  0.0265  0.0289  0.0261  0.0276
  0.0263  0.0271  0.0255  0.0267  0.0273  0.0268  0.0261  0.0268  0.0257  0.0270  0.0255  0.0263
  0.0254  0.0257  0.0251  0.0259  0.0258  0.0256  0.0254  0.0255  0.0253  0.0257  0.0252  0.0254
  0.0251  0.0251  0.0251  0.0250  0.0251  0.0251  0.0251  0.0251  0.0251  0.0251  0.0251  0.0251
  0.0253  0.0254  0.0254  0.0244  0.0255  0.0249  0.0253  0.0254  0.0253  0.0254  0.0252  0.0254
  0.0262  0.0265  0.0260  0.0258  0.0272  0.0260  0.0261  0.0266  0.0257  0.0264  0.0256  0.0264
  0.0278  0.0283  0.0268  0.0293  0.0302  0.0305  0.0274  0.0287  0.0265  0.0280  0.0262  0.0279
niter,ni,del,rscale     2    3    5.0000    1.2000
parameters
   -0.1952   29.5350   12.0550  -10.6314  -17.7367  -17.4620
    1.1021   -0.3605    0.7679   -4.3874    0.6502    7.1264
eta,q 0.97491  8.49364
  0.0278  0.0294  0.0264  0.0280  0.0293  0.0286  0.0272  0.0286  0.0265  0.0288  0.0261  0.0277
  0.0263  0.0271  0.0256  0.0267  0.0273  0.0268  0.0261  0.0267  0.0258  0.0270  0.0255  0.0263
  0.0254  0.0257  0.0251  0.0259  0.0258  0.0256  0.0254  0.0255  0.0253  0.0257  0.0252  0.0255
  0.0251  0.0251  0.0251  0.0251  0.0251  0.0251  0.0251  0.0251  0.0251  0.0251  0.0251  0.0251
  0.0253  0.0254  0.0254  0.0244  0.0255  0.0250  0.0254  0.0254  0.0253  0.0254  0.0252  0.0254
  0.0262  0.0265  0.0260  0.0258  0.0272  0.0261  0.0261  0.0266  0.0258  0.0264  0.0256  0.0264
  0.0278  0.0283  0.0268  0.0292  0.0302  0.0303  0.0273  0.0286  0.0265  0.0280  0.0262  0.0279
niter,ni,del,rscale     1    3    5.0000    1.2000
parameters
   -0.1713   29.7675   11.8621  -10.6947  -18.0208  -17.8029
    1.0278   -0.2925    0.7863   -3.8048    0.5870    6.9566
eta,q 0.97490  8.45795
  0.0278  0.0294  0.0264  0.0279  0.0293  0.0286  0.0272  0.0286  0.0266  0.0288  0.0262  0.0276
  0.0263  0.0272  0.0256  0.0266  0.0273  0.0268  0.0261  0.0267  0.0258  0.0271  0.0256  0.0263
  0.0254  0.0257  0.0252  0.0258  0.0257  0.0256  0.0254  0.0255  0.0253  0.0258  0.0252  0.0255
  0.0251  0.0251  0.0251  0.0251  0.0251  0.0251  0.0251  0.0251  0.0251  0.0251  0.0251  0.0251
  0.0253  0.0254  0.0254  0.0244  0.0255  0.0250  0.0254  0.0254  0.0253  0.0254  0.0252  0.0254
  0.0262  0.0265  0.0260  0.0257  0.0272  0.0261  0.0261  0.0266  0.0258  0.0264  0.0256  0.0264
  0.0277  0.0283  0.0269  0.0291  0.0302  0.0302  0.0273  0.0285  0.0266  0.0279  0.0262  0.0279
registration optimization eta report
parameter search radius
    2.4000    3.1740    2.4000    9.5220   10.9503    9.5220
    7.2000    7.2000    7.2000    8.2800    7.2000    9.5220
100000*second partial in parameter space
       46.       37.       27.        4.        4.        5.
        4.        7.        3.        5.        2.        3.
  0.0278  0.0294  0.0264  0.0279  0.0293  0.0286  0.0272  0.0286  0.0266  0.0288  0.0262  0.0276
  0.0263  0.0272  0.0256  0.0266  0.0273  0.0268  0.0261  0.0267  0.0258  0.0271  0.0256  0.0263
  0.0254  0.0257  0.0252  0.0258  0.0257  0.0256  0.0254  0.0255  0.0253  0.0258  0.0252  0.0255
  0.0251  0.0251  0.0251  0.0251  0.0251  0.0251  0.0251  0.0251  0.0251  0.0251  0.0251  0.0251
  0.0253  0.0254  0.0254  0.0244  0.0255  0.0250  0.0254  0.0254  0.0253  0.0254  0.0252  0.0254
  0.0262  0.0265  0.0260  0.0257  0.0272  0.0261  0.0261  0.0266  0.0258  0.0264  0.0256  0.0264
  0.0277  0.0283  0.0269  0.0291  0.0302  0.0302  0.0273  0.0285  0.0266  0.0279  0.0262  0.0279
   -0.1713   29.7675   11.8621  -10.6947  -18.0208  -17.8029
    1.0278   -0.2925    0.7863   -3.8048    0.5870    6.9566
eta,q 0.97490  8.45795

---------------------------------------------------------------------
imgreg_4dfp /opt/freesurfer/average/711-2C_as_mni_average_305 /opt/freesurfer/average/711-2B_as_mni_average_305_mask talsrcimg_g11 none talsrcimg_to_711-2C_as_mni_average_305_t4 2311
---------------------------------------------------------------------

freesurfer imgreg_4dfp.c
/opt/freesurfer/average/711-2C_as_mni_average_305.4dfp.img
       256       256       256         1
  1.000000  1.000000  1.000000
orientation T byte_order littleendian
Reading image: /opt/freesurfer/average/711-2C_as_mni_average_305.4dfp.img
dimensions:      256       256       256
mmppix:       1.0000   -1.0000   -1.0000
center:     128.0000 -129.0000 -129.0000
/opt/freesurfer/average/711-2B_as_mni_average_305_mask.4dfp.img
       256       256       256         1
  1.000000  1.000000  1.000000
orientation T byte_order littleendian
Reading mask: /opt/freesurfer/average/711-2B_as_mni_average_305_mask.4dfp.img (2306576 pixels)
talsrcimg_g11.4dfp.img
       256       256       256         1
  1.000000  1.000000  1.000000
orientation T byte_order littleendian
Reading image: talsrcimg_g11.4dfp.img
dimensions:      256       256       256
mmppix:       1.0000   -1.0000   -1.0000
center:     128.0000 -129.0000 -129.0000
fimgreg.f
image alignment mode   2311 decimal      907 hex
parameters
   -0.1713   29.7675   11.8621  -10.6947  -18.0208  -17.8029
    1.0278   -0.2925    0.7863   -3.8048    0.5870    6.9566
eta,q 0.97490  8.45794
niter,ni,del,rscale     5    3    5.0000    0.8000
parameter  4 -1.013607 -> -0.500000 qaram    1.1500
parameters
   -0.1253   29.9761   11.6657   -7.9347  -17.5252  -16.9852
    1.2409   -0.1849    1.1382   -3.4521    0.4219    6.5741
eta,q 0.97559  8.62413
  0.0263  0.0264  0.0256  0.0261  0.0256  0.0256  0.0257  0.0267  0.0253  0.0260  0.0251  0.0251
  0.0256  0.0257  0.0253  0.0258  0.0250  0.0250  0.0251  0.0255  0.0249  0.0252  0.0247  0.0247
  0.0252  0.0253  0.0251  0.0255  0.0246  0.0246  0.0246  0.0247  0.0246  0.0246  0.0245  0.0245
  0.0251  0.0251  0.0251  0.0251  0.0245  0.0245  0.0244  0.0244  0.0244  0.0244  0.0244  0.0244
  0.0252  0.0251  0.0252  0.0246  0.0245  0.0244  0.0245  0.0246  0.0245  0.0245  0.0245  0.0245
  0.0255  0.0254  0.0255  0.0245  0.0247  0.0245  0.0249  0.0253  0.0247  0.0249  0.0248  0.0248
  0.0262  0.0258  0.0260  0.0248  0.0252  0.0250  0.0255  0.0265  0.0251  0.0256  0.0251  0.0253
niter,ni,del,rscale     5    3    5.0000    0.8000
parameters
   -0.1307   30.0113   11.9226   -8.7846  -17.6240  -16.1516
    1.1706   -0.0969    1.2438   -3.2472    0.5962    6.4633
eta,q 0.97554  8.63396
  0.0260  0.0255  0.0254  0.0257  0.0254  0.0255  0.0256  0.0265  0.0253  0.0259  0.0251  0.0252
  0.0251  0.0249  0.0249  0.0253  0.0249  0.0250  0.0250  0.0254  0.0248  0.0251  0.0248  0.0248
  0.0246  0.0245  0.0246  0.0248  0.0246  0.0247  0.0246  0.0247  0.0246  0.0246  0.0246  0.0245
  0.0244  0.0244  0.0244  0.0244  0.0245  0.0245  0.0245  0.0245  0.0245  0.0245  0.0245  0.0245
  0.0246  0.0245  0.0244  0.0247  0.0246  0.0244  0.0246  0.0246  0.0245  0.0246  0.0245  0.0245
  0.0251  0.0248  0.0246  0.0258  0.0249  0.0245  0.0250  0.0253  0.0248  0.0250  0.0247  0.0248
  0.0260  0.0254  0.0249  0.0276  0.0255  0.0251  0.0256  0.0265  0.0252  0.0256  0.0250  0.0253
niter,ni,del,rscale     4    3    5.0000    0.7000
parameters
   -0.1039   30.0157   12.0495   -8.6772  -17.7639  -15.8350
    1.1383   -0.0413    1.1755   -3.1986    0.6546    6.4881
eta,q 0.97559  8.64699
  0.0256  0.0252  0.0251  0.0258  0.0251  0.0251  0.0253  0.0260  0.0250  0.0255  0.0249  0.0250
  0.0250  0.0248  0.0248  0.0254  0.0247  0.0248  0.0248  0.0252  0.0247  0.0249  0.0246  0.0247
  0.0246  0.0245  0.0245  0.0249  0.0245  0.0246  0.0245  0.0246  0.0245  0.0245  0.0245  0.0245
  0.0245  0.0245  0.0245  0.0245  0.0244  0.0244  0.0244  0.0244  0.0244  0.0244  0.0244  0.0244
  0.0246  0.0245  0.0245  0.0244  0.0245  0.0244  0.0245  0.0245  0.0245  0.0245  0.0245  0.0245
  0.0249  0.0248  0.0246  0.0249  0.0248  0.0245  0.0248  0.0251  0.0247  0.0249  0.0246  0.0247
  0.0255  0.0252  0.0249  0.0261  0.0252  0.0250  0.0253  0.0260  0.0250  0.0254  0.0249  0.0250
niter,ni,del,rscale     3    3    5.0000    0.6000
parameters
   -0.0920   30.0085   12.1389   -8.4025  -17.8532  -15.5227
    1.1488   -0.0123    1.1702   -3.2463    0.6469    6.5061
eta,q 0.97566  8.66728
  0.0253  0.0250  0.0249  0.0256  0.0249  0.0249  0.0250  0.0256  0.0248  0.0251  0.0247  0.0248
  0.0248  0.0247  0.0246  0.0252  0.0246  0.0246  0.0246  0.0249  0.0245  0.0247  0.0245  0.0245
  0.0245  0.0245  0.0245  0.0248  0.0244  0.0245  0.0244  0.0245  0.0244  0.0244  0.0244  0.0244
  0.0244  0.0244  0.0244  0.0244  0.0244  0.0244  0.0243  0.0243  0.0243  0.0243  0.0243  0.0243
  0.0245  0.0245  0.0244  0.0243  0.0244  0.0243  0.0244  0.0245  0.0244  0.0244  0.0244  0.0244
  0.0248  0.0247  0.0245  0.0247  0.0246  0.0244  0.0246  0.0249  0.0245  0.0247  0.0245  0.0245
  0.0252  0.0250  0.0248  0.0256  0.0249  0.0248  0.0250  0.0256  0.0248  0.0251  0.0247  0.0248
niter,ni,del,rscale     2    3    5.0000    0.5000
parameters
   -0.0952   29.9770   12.2719   -8.1745  -17.8992  -15.0268
    1.1571   -0.0206    1.1916   -3.3872    0.5940    6.4670
eta,q 0.97573  8.69679
  0.0249  0.0247  0.0247  0.0253  0.0247  0.0247  0.0247  0.0252  0.0246  0.0248  0.0245  0.0246
  0.0246  0.0245  0.0245  0.0249  0.0245  0.0245  0.0245  0.0247  0.0244  0.0245  0.0244  0.0244
  0.0244  0.0244  0.0244  0.0246  0.0243  0.0244  0.0243  0.0244  0.0243  0.0243  0.0243  0.0243
  0.0243  0.0243  0.0243  0.0243  0.0243  0.0243  0.0243  0.0243  0.0243  0.0243  0.0243  0.0243
  0.0244  0.0244  0.0243  0.0243  0.0244  0.0243  0.0243  0.0244  0.0243  0.0244  0.0243  0.0243
  0.0246  0.0245  0.0244  0.0246  0.0245  0.0243  0.0245  0.0247  0.0244  0.0245  0.0244  0.0244
  0.0250  0.0248  0.0246  0.0252  0.0247  0.0246  0.0248  0.0252  0.0246  0.0248  0.0246  0.0246
niter,ni,del,rscale     1    3    5.0000    0.4000
parameters
   -0.1039   29.9019   12.4571   -8.0099  -17.8752  -14.3959
    1.1855   -0.0733    1.2469   -3.6869    0.4987    6.4549
eta,q 0.97581  8.73414
  0.0247  0.0245  0.0245  0.0250  0.0245  0.0246  0.0245  0.0248  0.0244  0.0244  0.0244  0.0244
  0.0244  0.0244  0.0244  0.0247  0.0243  0.0244  0.0243  0.0245  0.0243  0.0243  0.0243  0.0243
  0.0243  0.0243  0.0243  0.0244  0.0243  0.0243  0.0242  0.0243  0.0242  0.0242  0.0242  0.0242
  0.0243  0.0243  0.0243  0.0243  0.0242  0.0242  0.0242  0.0242  0.0242  0.0242  0.0242  0.0242
  0.0243  0.0243  0.0243  0.0243  0.0243  0.0242  0.0242  0.0243  0.0242  0.0243  0.0242  0.0242
  0.0245  0.0244  0.0243  0.0245  0.0243  0.0242  0.0243  0.0245  0.0243  0.0244  0.0243  0.0243
  0.0247  0.0246  0.0244  0.0249  0.0245  0.0244  0.0245  0.0249  0.0244  0.0246  0.0244  0.0244
registration optimization eta report
parameter search radius
    0.8000    0.8000    0.8000    2.7600    2.4000    2.4000
    2.4000    2.4000    2.4000    2.4000    2.4000    2.4000
100000*second partial in parameter space
       63.       40.       30.        9.        4.        4.
        6.       11.        3.        6.        4.        3.
  0.0247  0.0245  0.0245  0.0250  0.0245  0.0246  0.0245  0.0248  0.0244  0.0244  0.0244  0.0244
  0.0244  0.0244  0.0244  0.0247  0.0243  0.0244  0.0243  0.0245  0.0243  0.0243  0.0243  0.0243
  0.0243  0.0243  0.0243  0.0244  0.0243  0.0243  0.0242  0.0243  0.0242  0.0242  0.0242  0.0242
  0.0243  0.0243  0.0243  0.0243  0.0242  0.0242  0.0242  0.0242  0.0242  0.0242  0.0242  0.0242
  0.0243  0.0243  0.0243  0.0243  0.0243  0.0242  0.0242  0.0243  0.0242  0.0243  0.0242  0.0242
  0.0245  0.0244  0.0243  0.0245  0.0243  0.0242  0.0243  0.0245  0.0243  0.0244  0.0243  0.0243
  0.0247  0.0246  0.0244  0.0249  0.0245  0.0244  0.0245  0.0249  0.0244  0.0246  0.0244  0.0244
   -0.1039   29.9019   12.4571   -8.0099  -17.8752  -14.3959
    1.1855   -0.0733    1.2469   -3.6869    0.4987    6.4549
eta,q 0.97581  8.73414

---------------------------------------------------------------------
imgreg_4dfp /opt/freesurfer/average/711-2C_as_mni_average_305 /opt/freesurfer/average/711-2B_as_mni_average_305_mask talsrcimg_g11 none talsrcimg_to_711-2C_as_mni_average_305_t4 2311
---------------------------------------------------------------------

freesurfer imgreg_4dfp.c
/opt/freesurfer/average/711-2C_as_mni_average_305.4dfp.img
       256       256       256         1
  1.000000  1.000000  1.000000
orientation T byte_order littleendian
Reading image: /opt/freesurfer/average/711-2C_as_mni_average_305.4dfp.img
dimensions:      256       256       256
mmppix:       1.0000   -1.0000   -1.0000
center:     128.0000 -129.0000 -129.0000
/opt/freesurfer/average/711-2B_as_mni_average_305_mask.4dfp.img
       256       256       256         1
  1.000000  1.000000  1.000000
orientation T byte_order littleendian
Reading mask: /opt/freesurfer/average/711-2B_as_mni_average_305_mask.4dfp.img (2306576 pixels)
talsrcimg_g11.4dfp.img
       256       256       256         1
  1.000000  1.000000  1.000000
orientation T byte_order littleendian
Reading image: talsrcimg_g11.4dfp.img
dimensions:      256       256       256
mmppix:       1.0000   -1.0000   -1.0000
center:     128.0000 -129.0000 -129.0000
fimgreg.f
image alignment mode   2311 decimal      907 hex
parameters
   -0.1039   29.9019   12.4571   -8.0099  -17.8752  -14.3959
    1.1855   -0.0733    1.2469   -3.6869    0.4987    6.4549
eta,q 0.97581  8.73415
niter,ni,del,rscale     5    3    5.0000    0.8000
parameters
   -0.1141   29.7758   12.7174   -8.5353  -17.6527  -14.8782
    1.1921   -0.1181    1.2687   -3.8739    0.5468    6.8693
eta,q 0.97573  8.71098
  0.0259  0.0250  0.0253  0.0256  0.0253  0.0251  0.0255  0.0264  0.0250  0.0255  0.0250  0.0252
  0.0249  0.0245  0.0247  0.0251  0.0247  0.0248  0.0248  0.0253  0.0246  0.0248  0.0246  0.0248
  0.0244  0.0242  0.0244  0.0245  0.0244  0.0245  0.0244  0.0246  0.0244  0.0244  0.0244  0.0244
  0.0242  0.0242  0.0242  0.0242  0.0242  0.0242  0.0243  0.0243  0.0243  0.0243  0.0243  0.0243
  0.0244  0.0244  0.0242  0.0244  0.0243  0.0242  0.0244  0.0245  0.0244  0.0245  0.0244  0.0243
  0.0250  0.0247  0.0244  0.0253  0.0246  0.0248  0.0248  0.0253  0.0246  0.0249  0.0246  0.0246
  0.0259  0.0253  0.0247  0.0269  0.0251  0.0262  0.0255  0.0265  0.0250  0.0256  0.0250  0.0250
niter,ni,del,rscale     4    3    5.0000    0.7000
parameters
   -0.1391   29.6644   12.6096   -8.3824  -17.5691  -14.9273
    1.2066   -0.1493    1.2750   -4.2359    0.5527    6.9078
eta,q 0.97576  8.71808
  0.0254  0.0249  0.0248  0.0256  0.0250  0.0250  0.0252  0.0259  0.0248  0.0251  0.0248  0.0249
  0.0248  0.0245  0.0245  0.0251  0.0246  0.0247  0.0247  0.0250  0.0245  0.0246  0.0245  0.0245
  0.0244  0.0243  0.0243  0.0246  0.0243  0.0244  0.0244  0.0244  0.0243  0.0243  0.0243  0.0243
  0.0243  0.0243  0.0243  0.0243  0.0242  0.0242  0.0242  0.0242  0.0243  0.0242  0.0242  0.0242
  0.0244  0.0244  0.0244  0.0242  0.0243  0.0242  0.0243  0.0244  0.0243  0.0244  0.0243  0.0243
  0.0249  0.0247  0.0246  0.0247  0.0245  0.0244  0.0246  0.0250  0.0245  0.0248  0.0245  0.0245
  0.0255  0.0252  0.0250  0.0257  0.0249  0.0253  0.0252  0.0260  0.0248  0.0254  0.0248  0.0249
niter,ni,del,rscale     3    3    5.0000    0.6000
parameters
   -0.1524   29.5691   12.6473   -8.1548  -17.3782  -14.5621
    1.2665   -0.2109    1.3180   -4.6108    0.4924    6.8343
eta,q 0.97584  8.75244
  0.0251  0.0247  0.0247  0.0254  0.0248  0.0248  0.0249  0.0255  0.0246  0.0247  0.0246  0.0246
  0.0246  0.0244  0.0244  0.0249  0.0245  0.0246  0.0245  0.0248  0.0244  0.0244  0.0243  0.0244
  0.0243  0.0243  0.0243  0.0245  0.0243  0.0244  0.0242  0.0243  0.0242  0.0242  0.0242  0.0242
  0.0242  0.0242  0.0242  0.0242  0.0242  0.0242  0.0242  0.0242  0.0242  0.0242  0.0242  0.0242
  0.0243  0.0243  0.0243  0.0242  0.0242  0.0241  0.0242  0.0243  0.0242  0.0243  0.0242  0.0242
  0.0247  0.0246  0.0244  0.0246  0.0244  0.0242  0.0245  0.0248  0.0243  0.0246  0.0243  0.0244
  0.0252  0.0249  0.0246  0.0253  0.0247  0.0247  0.0249  0.0256  0.0246  0.0250  0.0246  0.0246
niter,ni,del,rscale     2    3    5.0000    0.5000
parameters
   -0.1757   29.4285   12.8288   -7.9901  -17.1800  -13.8558
    1.3142   -0.2997    1.4190   -5.1849    0.3332    6.7480
eta,q 0.97599  8.80220
  0.0248  0.0244  0.0246  0.0250  0.0245  0.0247  0.0246  0.0250  0.0243  0.0244  0.0243  0.0243
  0.0244  0.0243  0.0244  0.0247  0.0243  0.0245  0.0243  0.0245  0.0242  0.0241  0.0241  0.0241
  0.0242  0.0242  0.0242  0.0243  0.0242  0.0243  0.0241  0.0241  0.0241  0.0240  0.0240  0.0240
  0.0242  0.0241  0.0241  0.0241  0.0241  0.0241  0.0240  0.0240  0.0240  0.0240  0.0240  0.0240
  0.0242  0.0242  0.0241  0.0242  0.0241  0.0240  0.0241  0.0242  0.0241  0.0242  0.0241  0.0240
  0.0245  0.0244  0.0242  0.0244  0.0242  0.0241  0.0242  0.0245  0.0241  0.0244  0.0242  0.0242
  0.0248  0.0247  0.0243  0.0250  0.0244  0.0244  0.0245  0.0251  0.0243  0.0247  0.0244  0.0244
niter,ni,del,rscale     1    3    5.0000    0.4000
parameters
   -0.2088   29.1960   13.1316   -7.9052  -16.8626  -13.0149
    1.3903   -0.4310    1.5416   -6.0500    0.1506    6.6823
eta,q 0.97621  8.86111
  0.0244  0.0241  0.0244  0.0246  0.0243  0.0245  0.0242  0.0245  0.0240  0.0239  0.0240  0.0240
  0.0242  0.0240  0.0242  0.0243  0.0241  0.0243  0.0240  0.0241  0.0239  0.0238  0.0239  0.0239
  0.0240  0.0240  0.0241  0.0241  0.0240  0.0241  0.0239  0.0239  0.0239  0.0238  0.0238  0.0238
  0.0240  0.0240  0.0240  0.0240  0.0239  0.0239  0.0238  0.0238  0.0238  0.0238  0.0238  0.0238
  0.0241  0.0241  0.0240  0.0240  0.0240  0.0238  0.0239  0.0239  0.0239  0.0240  0.0238  0.0238
  0.0242  0.0242  0.0240  0.0242  0.0240  0.0239  0.0240  0.0242  0.0239  0.0242  0.0239  0.0239
  0.0245  0.0244  0.0240  0.0246  0.0241  0.0241  0.0242  0.0247  0.0240  0.0244  0.0241  0.0240
registration optimization eta report
parameter search radius
    0.8000    0.8000    0.8000    2.4000    2.4000    2.4000
    2.4000    2.4000    2.4000    2.4000    2.4000    2.4000
100000*second partial in parameter space
       70.       40.       34.       11.        4.        6.
        6.       13.        3.        6.        4.        4.
  0.0244  0.0241  0.0244  0.0246  0.0243  0.0245  0.0242  0.0245  0.0240  0.0239  0.0240  0.0240
  0.0242  0.0240  0.0242  0.0243  0.0241  0.0243  0.0240  0.0241  0.0239  0.0238  0.0239  0.0239
  0.0240  0.0240  0.0241  0.0241  0.0240  0.0241  0.0239  0.0239  0.0239  0.0238  0.0238  0.0238
  0.0240  0.0240  0.0240  0.0240  0.0239  0.0239  0.0238  0.0238  0.0238  0.0238  0.0238  0.0238
  0.0241  0.0241  0.0240  0.0240  0.0240  0.0238  0.0239  0.0239  0.0239  0.0240  0.0238  0.0238
  0.0242  0.0242  0.0240  0.0242  0.0240  0.0239  0.0240  0.0242  0.0239  0.0242  0.0239  0.0239
  0.0245  0.0244  0.0240  0.0246  0.0241  0.0241  0.0242  0.0247  0.0240  0.0244  0.0241  0.0240
   -0.2088   29.1960   13.1316   -7.9052  -16.8626  -13.0149
    1.3903   -0.4310    1.5416   -6.0500    0.1506    6.6823
eta,q 0.97621  8.86111

---------------------------------------------------------------------
compute_vox2vox talsrcimg talsrcimg_to_711-2C_as_mni_average_305_t4 /opt/freesurfer/average/711-2C_as_mni_average_305
---------------------------------------------------------------------

freesurfer compute_vox2vox.c
Reading: talsrcimg.4dfp.ifh
Reading: talsrcimg_to_711-2C_as_mni_average_305_t4
Reading: /opt/freesurfer/average/711-2C_as_mni_average_305.4dfp.ifh
Writing: talsrcimg_to_711-2C_as_mni_average_305_t4_vox2vox.txt

start time Sun Nov 24 06:00:51 UTC 2024
end		time Sun Nov 24 06:01:40 UTC 2024

mpr2mni305 success

avi2talxfm orig_nu.mgz /opt/freesurfer/average/mni305.cor.mgz talsrcimg_to_711-2C_as_mni_average_305_t4_vox2vox.txt transforms/talairach.auto.xfm
avi2talxfm done
mv -f /scratch/tmp/fs_mp2rage_tests2/sourcedata/freesurfer_memprage/sub-fsm67lq/mri/talsrcimg_to_711-2C_as_mni_average_305_t4_vox2vox.txt /scratch/tmp/fs_mp2rage_tests2/sourcedata/freesurfer_memprage/sub-fsm67lq/mri/transforms/talsrcimg_to_711-2C_as_mni_average_305_t4_vox2vox.txt
lta_convert --src orig_nu.mgz --trg /opt/freesurfer/average/mni305.cor.mgz --inxfm transforms/talairach.auto.xfm --outlta transforms/talairach.auto.xfm.lta --subject fsaverage
7.3.2

--src: orig_nu.mgz src image (geometry).
--trg: /opt/freesurfer/average/mni305.cor.mgz trg image (geometry).
--inmni: transforms/talairach.auto.xfm input MNI/XFM transform.
--outlta: transforms/talairach.auto.xfm.lta output LTA.
--s: fsaverage subject name
 LTA read, type : 1
 1.08614   0.00410  -0.01849   2.20668;
-0.00033   1.14323  -0.09188  -43.19542;
-0.02016   0.08312   1.19648  -25.70753;
 0.00000   0.00000   0.00000   1.00000;
setting subject to fsaverage
Writing  LTA to file transforms/talairach.auto.xfm.lta...
lta_convert successful.
 
 
Started at Sun Nov 24 06:00:49 UTC 2024
Ended   at Sun Nov 24 06:01:41 UTC 2024
talairach_avi done
