Log file for defect2seg
Mon Nov 25 05:30:26 UTC 2024

setenv SUBJECTS_DIR /scratch/tmp/fs_mp2rage_tests2/sourcedata/freesurfer_memprage
cd /scratch/tmp/fs_mp2rage_tests2/sourcedata/freesurfer_memprage/sub-fsm21em/scripts
/opt/freesurfer/bin/defect2seg --s sub-fsm21em --rh-only --cortex

freesurfer-linux-ubuntu22_x86_64-7.3.2-20220804-6354275
defect2seg 7.3.2
Linux elm.criugm.qc.ca 5.15.0-113-generic #123-Ubuntu SMP Mon Jun 10 08:16:17 UTC 2024 x86_64 x86_64 x86_64 GNU/Linux
pid 2208258
mri_label2label --label-cortex /scratch/tmp/fs_mp2rage_tests2/sourcedata/freesurfer_memprage/sub-fsm21em/surf/rh.orig.nofix /scratch/tmp/fs_mp2rage_tests2/sourcedata/freesurfer_memprage/sub-fsm21em/mri/aseg.presurf.mgz 0 /scratch/tmp/fs_mp2rage_tests2/sourcedata/freesurfer_memprage/sub-fsm21em/label/rh.nofix.cortex.label

 Generating cortex label... RemoveHipAmgy=0
 NucAccIsMedialWall=0
 mris->useRealRAS=0
15 non-cortical segments detected
only using segment with 8407 vertices
erasing segment 1 (vno[0] = 51687)
erasing segment 2 (vno[0] = 52732)
erasing segment 3 (vno[0] = 53824)
erasing segment 4 (vno[0] = 56987)
erasing segment 5 (vno[0] = 66653)
erasing segment 6 (vno[0] = 86543)
erasing segment 7 (vno[0] = 94369)
erasing segment 8 (vno[0] = 96756)
erasing segment 9 (vno[0] = 97960)
erasing segment 10 (vno[0] = 99620)
erasing segment 11 (vno[0] = 99980)
erasing segment 12 (vno[0] = 103734)
erasing segment 13 (vno[0] = 111705)
erasing segment 14 (vno[0] = 124616)
mri_label2vol --defects /scratch/tmp/fs_mp2rage_tests2/sourcedata/freesurfer_memprage/sub-fsm21em/surf/rh.orig.nofix /scratch/tmp/fs_mp2rage_tests2/sourcedata/freesurfer_memprage/sub-fsm21em/surf/rh.defect_labels /scratch/tmp/fs_mp2rage_tests2/sourcedata/freesurfer_memprage/sub-fsm21em/mri/orig.mgz 2000 0 /scratch/tmp/fs_mp2rage_tests2/sourcedata/freesurfer_memprage/sub-fsm21em/mri/rh.surface.defects.mgz /scratch/tmp/fs_mp2rage_tests2/sourcedata/freesurfer_memprage/sub-fsm21em/label/rh.nofix.cortex.label
mri_label2vol supposed to be reproducible but seed not set
Contraining to label /scratch/tmp/fs_mp2rage_tests2/sourcedata/freesurfer_memprage/sub-fsm21em/label/rh.nofix.cortex.label
Changing input type 0 to MRI_INT
Converting defects to volume: offset=2000, merge=0
Writing to /scratch/tmp/fs_mp2rage_tests2/sourcedata/freesurfer_memprage/sub-fsm21em/mri/rh.surface.defects.mgz
mris_defects_pointset -s /scratch/tmp/fs_mp2rage_tests2/sourcedata/freesurfer_memprage/sub-fsm21em/surf/rh.orig.nofix -d /scratch/tmp/fs_mp2rage_tests2/sourcedata/freesurfer_memprage/sub-fsm21em/surf/rh.defect_labels -o /scratch/tmp/fs_mp2rage_tests2/sourcedata/freesurfer_memprage/sub-fsm21em/surf/rh.defects.pointset --label /scratch/tmp/fs_mp2rage_tests2/sourcedata/freesurfer_memprage/sub-fsm21em/label/rh.nofix.cortex.label
Reading in surface /scratch/tmp/fs_mp2rage_tests2/sourcedata/freesurfer_memprage/sub-fsm21em/surf/rh.orig.nofix
Reading in defect segmentation /scratch/tmp/fs_mp2rage_tests2/sourcedata/freesurfer_memprage/sub-fsm21em/surf/rh.defect_labels
Reading in label /scratch/tmp/fs_mp2rage_tests2/sourcedata/freesurfer_memprage/sub-fsm21em/label/rh.nofix.cortex.label
#VMPC# mris_defects_pointset 717252
mris_defects_pointset done
 
Started at Mon Nov 25 05:30:26 UTC 2024 
Ended   at Mon Nov 25 05:31:22 UTC 2024
Defect2seg-Run-Time-Sec 56
Defect2seg-Run-Time-Min 1.12
Defect2seg-Run-Time-Hours 0.02
 
defect2seg Done
