status file for recon-all
Mon Nov 25 05:04:28 UTC 2024
#@# Tessellate lh Mon Nov 25 05:04:28 UTC 2024
#@# Smooth1 lh Mon Nov 25 05:04:47 UTC 2024
#@# Inflation1 lh Mon Nov 25 05:04:59 UTC 2024
#@# QSphere lh Mon Nov 25 05:05:38 UTC 2024
#@# Fix Topology lh Mon Nov 25 05:09:07 UTC 2024
#@# Smooth2 lh Mon Nov 25 05:35:28 UTC 2024
#@# Inflation2 lh Mon Nov 25 05:35:37 UTC 2024
#@# Curv .H and .K lh Mon Nov 25 05:36:24 UTC 2024
#@# Sphere lh Mon Nov 25 05:38:40 UTC 2024
#@# Surf Reg lh Mon Nov 25 05:48:07 UTC 2024
#@# Jacobian white lh Mon Nov 25 06:01:51 UTC 2024
#@# AvgCurv lh Mon Nov 25 06:01:54 UTC 2024
#@# Cortical Parc lh Mon Nov 25 06:01:56 UTC 2024
#@# white curv lh Mon Nov 25 06:36:23 UTC 2024
#@# white area lh Mon Nov 25 06:36:29 UTC 2024
#@# pial curv lh Mon Nov 25 06:36:31 UTC 2024
#@# pial area lh Mon Nov 25 06:36:36 UTC 2024
#@# thickness lh Mon Nov 25 06:36:39 UTC 2024
#@# area and vertex vol lh Mon Nov 25 06:37:58 UTC 2024
#@# Curvature Stats lh Mon Nov 25 06:38:03 UTC 2024
#@# Cortical Parc 2 lh Mon Nov 25 06:38:11 UTC 2024
#@# Cortical Parc 3 lh Mon Nov 25 06:39:01 UTC 2024
#@# WM/GM Contrast lh Mon Nov 25 06:39:37 UTC 2024
recon-all -s sub-fsm21em finished without error at Mon Nov 25 06:39:47 UTC 2024



#New# invocation of recon-all 



status file for recon-all
Mon Nov 25 16:51:32 UTC 2024
#@# white curv lh Mon Nov 25 16:51:33 UTC 2024
#@# white area lh Mon Nov 25 16:51:33 UTC 2024
#@# pial curv lh Mon Nov 25 16:51:33 UTC 2024
#@# pial area lh Mon Nov 25 16:51:33 UTC 2024
#@# thickness lh Mon Nov 25 16:51:33 UTC 2024
#@# area and vertex vol lh Mon Nov 25 16:51:33 UTC 2024
#@# Parcellation Stats lh Mon Nov 25 16:51:33 UTC 2024
#@# Parcellation Stats 2 lh Mon Nov 25 16:52:55 UTC 2024
#@# Parcellation Stats 3 lh Mon Nov 25 16:53:39 UTC 2024
#@# BA_exvivo Labels lh Mon Nov 25 16:54:18 UTC 2024
recon-all -s sub-fsm21em finished without error at Mon Nov 25 17:00:34 UTC 2024
