status file for recon-all
Mon Nov 25 05:21:17 UTC 2024
#@# Tessellate rh Mon Nov 25 05:21:17 UTC 2024
#@# Smooth1 rh Mon Nov 25 05:21:33 UTC 2024
#@# Inflation1 rh Mon Nov 25 05:21:42 UTC 2024
#@# QSphere rh Mon Nov 25 05:22:23 UTC 2024
#@# Fix Topology rh Mon Nov 25 05:26:10 UTC 2024
#@# Smooth2 rh Mon Nov 25 05:50:39 UTC 2024
#@# Inflation2 rh Mon Nov 25 05:50:49 UTC 2024
#@# Curv .H and .K rh Mon Nov 25 05:51:42 UTC 2024
#@# Sphere rh Mon Nov 25 05:53:43 UTC 2024
#@# Surf Reg rh Mon Nov 25 06:02:35 UTC 2024
#@# Jacobian white rh Mon Nov 25 06:18:59 UTC 2024
#@# AvgCurv rh Mon Nov 25 06:19:02 UTC 2024
#@# Cortical Parc rh Mon Nov 25 06:19:04 UTC 2024
#@# white curv rh Mon Nov 25 06:43:54 UTC 2024
#@# white area rh Mon Nov 25 06:43:59 UTC 2024
#@# pial curv rh Mon Nov 25 06:44:02 UTC 2024
#@# pial area rh Mon Nov 25 06:44:08 UTC 2024
#@# thickness rh Mon Nov 25 06:44:11 UTC 2024
#@# area and vertex vol rh Mon Nov 25 06:45:41 UTC 2024
#@# Curvature Stats rh Mon Nov 25 06:45:47 UTC 2024
#@# Cortical Parc 2 rh Mon Nov 25 06:45:58 UTC 2024
#@# Cortical Parc 3 rh Mon Nov 25 06:46:44 UTC 2024
#@# WM/GM Contrast rh Mon Nov 25 06:47:15 UTC 2024
recon-all -s sub-fsm21em finished without error at Mon Nov 25 06:47:24 UTC 2024



#New# invocation of recon-all 



status file for recon-all
Mon Nov 25 16:53:41 UTC 2024
#@# white curv rh Mon Nov 25 16:53:41 UTC 2024
#@# white area rh Mon Nov 25 16:53:41 UTC 2024
#@# pial curv rh Mon Nov 25 16:53:41 UTC 2024
#@# pial area rh Mon Nov 25 16:53:41 UTC 2024
#@# thickness rh Mon Nov 25 16:53:42 UTC 2024
#@# area and vertex vol rh Mon Nov 25 16:53:42 UTC 2024
#@# Parcellation Stats rh Mon Nov 25 16:53:42 UTC 2024
#@# Parcellation Stats 2 rh Mon Nov 25 16:55:01 UTC 2024
#@# Parcellation Stats 3 rh Mon Nov 25 16:55:45 UTC 2024
#@# BA_exvivo Labels rh Mon Nov 25 16:56:25 UTC 2024
recon-all -s sub-fsm21em finished without error at Mon Nov 25 17:02:42 UTC 2024
