status file for recon-all
Mon Nov 25 03:47:17 UTC 2024
#@# Tessellate rh Mon Nov 25 03:47:17 UTC 2024
#@# Smooth1 rh Mon Nov 25 03:47:34 UTC 2024
#@# Inflation1 rh Mon Nov 25 03:47:42 UTC 2024
#@# QSphere rh Mon Nov 25 03:48:18 UTC 2024
#@# Fix Topology rh Mon Nov 25 03:51:55 UTC 2024
#@# Smooth2 rh Mon Nov 25 04:16:08 UTC 2024
#@# Inflation2 rh Mon Nov 25 04:16:18 UTC 2024
#@# Curv .H and .K rh Mon Nov 25 04:16:58 UTC 2024
#@# Sphere rh Mon Nov 25 04:19:02 UTC 2024
#@# Surf Reg rh Mon Nov 25 04:32:02 UTC 2024
#@# Jacobian white rh Mon Nov 25 04:47:20 UTC 2024
#@# AvgCurv rh Mon Nov 25 04:47:23 UTC 2024
#@# Cortical Parc rh Mon Nov 25 04:47:26 UTC 2024
#@# white curv rh Mon Nov 25 05:22:09 UTC 2024
#@# white area rh Mon Nov 25 05:22:15 UTC 2024
#@# pial curv rh Mon Nov 25 05:22:17 UTC 2024
#@# pial area rh Mon Nov 25 05:22:23 UTC 2024
#@# thickness rh Mon Nov 25 05:22:25 UTC 2024
#@# area and vertex vol rh Mon Nov 25 05:24:03 UTC 2024
#@# Curvature Stats rh Mon Nov 25 05:24:09 UTC 2024
#@# Cortical Parc 2 rh Mon Nov 25 05:24:19 UTC 2024
#@# Cortical Parc 3 rh Mon Nov 25 05:25:05 UTC 2024
#@# WM/GM Contrast rh Mon Nov 25 05:25:42 UTC 2024
recon-all -s sub-fsm11ni finished without error at Mon Nov 25 05:25:52 UTC 2024



#New# invocation of recon-all 



status file for recon-all
Mon Nov 25 16:27:56 UTC 2024
#@# white curv rh Mon Nov 25 16:27:57 UTC 2024
#@# white area rh Mon Nov 25 16:27:57 UTC 2024
#@# pial curv rh Mon Nov 25 16:27:57 UTC 2024
#@# pial area rh Mon Nov 25 16:27:57 UTC 2024
#@# thickness rh Mon Nov 25 16:27:57 UTC 2024
#@# area and vertex vol rh Mon Nov 25 16:27:57 UTC 2024
#@# Parcellation Stats rh Mon Nov 25 16:27:57 UTC 2024
#@# Parcellation Stats 2 rh Mon Nov 25 16:29:21 UTC 2024
#@# Parcellation Stats 3 rh Mon Nov 25 16:30:00 UTC 2024
#@# BA_exvivo Labels rh Mon Nov 25 16:30:39 UTC 2024
recon-all -s sub-fsm11ni finished without error at Mon Nov 25 16:37:27 UTC 2024
