/scratch/tmp/fs_mp2rage_tests2/sourcedata/freesurfer_memprage/sub-fsm99tc/mri
/opt/freesurfer/bin/talairach_avi
--i orig_nu.mgz --xfm transforms/talairach.auto.xfm
talairach_avi 7.3.2
Linux elm.criugm.qc.ca 5.15.0-113-generic #123-Ubuntu SMP Mon Jun 10 08:16:17 UTC 2024 x86_64 x86_64 x86_64 GNU/Linux
Sun Nov 24 06:24:49 UTC 2024
mri_convert orig_nu.mgz talsrcimg.img 
reading from orig_nu.mgz...
TR=0.00, TE=0.00, TI=0.00, flip angle=0.00
i_ras = (-1, 0, 0)
j_ras = (0, 0, -1)
k_ras = (0, 1, 0)
writing to talsrcimg.img...
Analyze Output Matrix
-1.00000   0.00000   0.00000   129.62775;
 0.00000   0.00000   1.00000  -87.11858;
 0.00000  -1.00000   0.00000   81.49713;
 0.00000   0.00000   0.00000   1.00000;
--------------------
INFO: set hdr.hist.orient to -1
mpr2mni305 talsrcimg
Sun Nov 24 06:24:52 UTC 2024
/opt/freesurfer/bin/mpr2mni305 talsrcimg
mpr2mni305 7.3.2
target=711-2C_as_mni_average_305

---------------------------------------------------------------------
analyzeto4dfp talsrcimg -O0 -y
---------------------------------------------------------------------

freesurfer ifh2hdr.c
Sun Nov 24 06:24:53 2024
Writing: talsrcimg.4dfp.hdr
freesurfer analyzeto4dfp.c
Reading: talsrcimg.hdr
header size 348 bytes
hdr.dime.datatype	offset=70	value=2
hdr.dime.bitpix		offset=72	value=8
hdr.hist.orient		offset=252	value=-1
dimensionality     4
dimensions       256       256       256         1
Reading: talsrcimg.img
Writing: talsrcimg.4dfp.img
Writing: talsrcimg.4dfp.ifh
ifh2hdr talsrcimg -r0to255
ori=2

---------------------------------------------------------------------
gauss_4dfp talsrcimg 1.1
---------------------------------------------------------------------

freesurfer gauss_4dfp.c
Reading: talsrcimg.4dfp.img
Writing: talsrcimg_g11.4dfp.img
image dimensions 256 256 256 padded to 288 288 288
processing volume 1freesurfer ifh2hdr.c
Sun Nov 24 06:25:01 2024
Writing: talsrcimg_g11.4dfp.hdr

Writing: talsrcimg_g11.4dfp.ifh
including: talsrcimg.4dfp.img.rec in talsrcimg_g11.4dfp.img.rec

---------------------------------------------------------------------
imgreg_4dfp /opt/freesurfer/average/711-2C_as_mni_average_305 none talsrcimg_g11 none talsrcimg_to_711-2C_as_mni_average_305_t4 4355
---------------------------------------------------------------------

freesurfer imgreg_4dfp.c
/opt/freesurfer/average/711-2C_as_mni_average_305.4dfp.img
       256       256       256         1
  1.000000  1.000000  1.000000
orientation T byte_order littleendian
Reading image: /opt/freesurfer/average/711-2C_as_mni_average_305.4dfp.img
dimensions:      256       256       256
mmppix:       1.0000   -1.0000   -1.0000
center:     128.0000 -129.0000 -129.0000
talsrcimg_g11.4dfp.img
       256       256       256         1
  1.000000  1.000000  1.000000
orientation T byte_order littleendian
Reading image: talsrcimg_g11.4dfp.img
dimensions:      256       256       256
mmppix:       1.0000   -1.0000   -1.0000
center:     128.0000 -129.0000 -129.0000
t4_read: open error in t4_sub.f l:  41 t4_file(1:l)talsrcimg_to_711-2C_as_mni_average_305_t4 
t4_read: transform initialized to I4
rotation matrix determinant  1.000000
image alignment mode   4355 decimal     1103 hex
   -7.5000  -45.0000  -45.000010624.0703    7.1686
    0.0000  -45.0000  -45.000011103.4355    7.1798
    7.5000  -45.0000  -45.000010605.7080    7.1695
   -7.5000  -37.5000  -45.000010826.9150    7.2148
    0.0000  -37.5000  -45.000011324.1699    7.2255
    7.5000  -37.5000  -45.000010815.7500    7.2165
   -7.5000  -30.0000  -45.000011298.8574    7.1143
    0.0000  -30.0000  -45.000011809.4131    7.1257
    7.5000  -30.0000  -45.000011272.2861    7.1171
   -7.5000  -22.5000  -45.000011804.5977    7.0560
    0.0000  -22.5000  -45.000012317.1279    7.0675
    7.5000  -22.5000  -45.000011755.4287    7.0580
   -7.5000  -15.0000  -45.000012235.6035    7.0128
    0.0000  -15.0000  -45.000012764.8252    7.0240
    7.5000  -15.0000  -45.000012172.3643    7.0134
   -7.5000   -7.5000  -45.000012640.3271    6.9790
    0.0000   -7.5000  -45.000013188.6670    6.9898
    7.5000   -7.5000  -45.000012556.4336    6.9788
   -7.5000    0.0000  -45.000012922.0410    6.9679
    0.0000    0.0000  -45.000013477.1143    6.9786
    7.5000    0.0000  -45.000012809.8877    6.9686
   -7.5000    7.5000  -45.000012284.2070    7.1021
    0.0000    7.5000  -45.000012814.7793    7.1127
    7.5000    7.5000  -45.000012159.0361    7.1037
   -7.5000   15.0000  -45.000011640.4219    7.3198
    0.0000   15.0000  -45.000012173.7041    7.3292
    7.5000   15.0000  -45.000011501.6074    7.3199
   -7.5000   22.5000  -45.000011030.3018    7.5808
    0.0000   22.5000  -45.000011531.1650    7.5877
    7.5000   22.5000  -45.000010885.9053    7.5763
   -7.5000   30.0000  -45.000010394.5107    7.7387
    0.0000   30.0000  -45.000010860.0508    7.7440
    7.5000   30.0000  -45.000010277.4229    7.7304
   -7.5000   37.5000  -45.000010120.4229    8.0107
    0.0000   37.5000  -45.000010588.0820    8.0144
    7.5000   37.5000  -45.000010023.7754    7.9987
   -7.5000   45.0000  -45.0000 9499.0996    8.1047
    0.0000   45.0000  -45.0000 9931.3828    8.1072
    7.5000   45.0000  -45.0000 9422.8877    8.0919
   -7.5000  -45.0000  -37.500011066.2051    7.1267
    0.0000  -45.0000  -37.500011556.2031    7.1386
    7.5000  -45.0000  -37.500011037.6377    7.1314
   -7.5000  -37.5000  -37.500011293.8105    7.1739
    0.0000  -37.5000  -37.500011797.4111    7.1847
    7.5000  -37.5000  -37.500011275.2500    7.1789
   -7.5000  -30.0000  -37.500011805.8027    7.0753
    0.0000  -30.0000  -37.500012325.9072    7.0866
    7.5000  -30.0000  -37.500011776.5352    7.0808
   -7.5000  -22.5000  -37.500012345.5781    7.0180
    0.0000  -22.5000  -37.500012868.9463    7.0294
    7.5000  -22.5000  -37.500012296.6016    7.0224
   -7.5000  -15.0000  -37.500012818.6904    6.9745
    0.0000  -15.0000  -37.500013361.5391    6.9861
    7.5000  -15.0000  -37.500012755.1279    6.9778
   -7.5000   -7.5000  -37.500013240.5303    6.9397
    0.0000   -7.5000  -37.500013803.4609    6.9511
    7.5000   -7.5000  -37.500013155.7129    6.9427
   -7.5000    0.0000  -37.500013534.7295    6.9278
    0.0000    0.0000  -37.500014129.6660    6.9392
    7.5000    0.0000  -37.500013428.9541    6.9321
   -7.5000    7.5000  -37.500012868.5518    7.0620
    0.0000    7.5000  -37.500013431.5215    7.0727
    7.5000    7.5000  -37.500012730.6875    7.0668
   -7.5000   15.0000  -37.500012213.3789    7.2788
    0.0000   15.0000  -37.500012773.1582    7.2880
    7.5000   15.0000  -37.500012062.3945    7.2817
   -7.5000   22.5000  -37.500011561.0215    7.5403
    0.0000   22.5000  -37.500012102.4727    7.5469
    7.5000   22.5000  -37.500011418.3750    7.5380
   -7.5000   30.0000  -37.500010904.5928    7.6975
    0.0000   30.0000  -37.500011404.2998    7.7026
    7.5000   30.0000  -37.500010783.3877    7.6913
   -7.5000   37.5000  -37.500010605.6729    7.9668
    0.0000   37.5000  -37.500011089.8594    7.9710
    7.5000   37.5000  -37.500010497.4492    7.9579
   -7.5000   45.0000  -37.5000 9944.2178    8.0607
    0.0000   45.0000  -37.500010378.4639    8.0639
    7.5000   45.0000  -37.5000 9841.6045    8.0520
   -7.5000  -45.0000  -30.000011715.5352    7.3823
    0.0000  -45.0000  -30.000012225.7744    7.3952
    7.5000  -45.0000  -30.000011667.3467    7.3896
   -7.5000  -37.5000  -30.000011985.0518    7.4325
    0.0000  -37.5000  -30.000012501.2119    7.4437
    7.5000  -37.5000  -30.000011950.6992    7.4390
   -7.5000  -30.0000  -30.000012569.5371    7.3333
    0.0000  -30.0000  -30.000013088.0195    7.3448
    7.5000  -30.0000  -30.000012533.3232    7.3400
   -7.5000  -22.5000  -30.000013158.4932    7.2753
    0.0000  -22.5000  -30.000013683.1172    7.2874
    7.5000  -22.5000  -30.000013110.2725    7.2813
   -7.5000  -15.0000  -30.000013669.5391    7.2291
    0.0000  -15.0000  -30.000014220.3936    7.2417
    7.5000  -15.0000  -30.000013598.0938    7.2348
   -7.5000   -7.5000  -30.000014131.5732    7.1903
    0.0000   -7.5000  -30.000014728.4111    7.2028
    7.5000   -7.5000  -30.000014042.2070    7.1960
   -7.5000    0.0000  -30.000014475.3154    7.1763
    0.0000    0.0000  -30.000015131.0039    7.1887
    7.5000    0.0000  -30.000014364.1445    7.1831
   -7.5000    7.5000  -30.000013750.7334    7.3162
    0.0000    7.5000  -30.000014349.2100    7.3274
    7.5000    7.5000  -30.000013599.5234    7.3225
   -7.5000   15.0000  -30.000013050.6006    7.5432
    0.0000   15.0000  -30.000013628.1768    7.5524
    7.5000   15.0000  -30.000012874.5410    7.5471
   -7.5000   22.5000  -30.000012355.8535    7.8151
    0.0000   22.5000  -30.000012920.2266    7.8222
    7.5000   22.5000  -30.000012202.5664    7.8143
   -7.5000   30.0000  -30.000011632.9346    7.9797
    0.0000   30.0000  -30.000012165.6895    7.9858
    7.5000   30.0000  -30.000011514.4023    7.9760
   -7.5000   37.5000  -30.000011308.5977    8.2570
    0.0000   37.5000  -30.000011833.0928    8.2623
    7.5000   37.5000  -30.000011199.7715    8.2510
   -7.5000   45.0000  -30.000010584.9072    8.3589
    0.0000   45.0000  -30.000011068.5420    8.3630
    7.5000   45.0000  -30.000010465.2822    8.3527
   -7.5000  -45.0000  -22.500012378.7207    7.6021
    0.0000  -45.0000  -22.500012903.0518    7.6158
    7.5000  -45.0000  -22.500012307.8545    7.6096
   -7.5000  -37.5000  -22.500012690.6357    7.6534
    0.0000  -37.5000  -22.500013215.6074    7.6656
    7.5000  -37.5000  -22.500012624.3857    7.6597
   -7.5000  -30.0000  -22.500013327.8535    7.5531
    0.0000  -30.0000  -22.500013879.9570    7.5660
    7.5000  -30.0000  -22.500013259.1904    7.5601
   -7.5000  -22.5000  -22.500013967.7090    7.4942
    0.0000  -22.5000  -22.500014545.1484    7.5078
    7.5000  -22.5000  -22.500013894.5625    7.5013
   -7.5000  -15.0000  -22.500014522.4736    7.4461
    0.0000  -15.0000  -22.500015120.7627    7.4600
    7.5000  -15.0000  -22.500014435.9492    7.4534
   -7.5000   -7.5000  -22.500015021.6328    7.4050
    0.0000   -7.5000  -22.500015684.4893    7.4185
    7.5000   -7.5000  -22.500014948.3877    7.4118
   -7.5000    0.0000  -22.500015425.4326    7.3898
    0.0000    0.0000  -22.500016174.9023    7.4030
    7.5000    0.0000  -22.500015338.9385    7.3968
   -7.5000    7.5000  -22.500014665.6914    7.5332
    0.0000    7.5000  -22.500015312.7402    7.5453
    7.5000    7.5000  -22.500014517.3408    7.5394
   -7.5000   15.0000  -22.500013898.4727    7.7676
    0.0000   15.0000  -22.500014485.7471    7.7784
    7.5000   15.0000  -22.500013723.1123    7.7718
   -7.5000   22.5000  -22.500013166.3467    8.0474
    0.0000   22.5000  -22.500013754.6836    8.0564
    7.5000   22.5000  -22.500013003.4717    8.0483
   -7.5000   30.0000  -22.500012391.1904    8.2209
    0.0000   30.0000  -22.500012992.9570    8.2289
    7.5000   30.0000  -22.500012262.5176    8.2197
   -7.5000   37.5000  -22.500012041.4258    8.5087
    0.0000   37.5000  -22.500012659.2871    8.5157
    7.5000   37.5000  -22.500011915.1680    8.5049
   -7.5000   45.0000  -22.500011236.0635    8.6199
    0.0000   45.0000  -22.500011824.4863    8.6251
    7.5000   45.0000  -22.500011112.3291    8.6140
   -7.5000  -45.0000  -15.000013027.8740    7.7573
    0.0000  -45.0000  -15.000013567.6201    7.7707
    7.5000  -45.0000  -15.000012943.6172    7.7620
   -7.5000  -37.5000  -15.000013366.8398    7.8081
    0.0000  -37.5000  -15.000013917.1748    7.8205
    7.5000  -37.5000  -15.000013304.8564    7.8121
   -7.5000  -30.0000  -15.000014044.0137    7.7053
    0.0000  -30.0000  -15.000014626.0723    7.7189
    7.5000  -30.0000  -15.000013986.4951    7.7105
   -7.5000  -22.5000  -15.000014736.9922    7.6447
    0.0000  -22.5000  -15.000015353.4795    7.6588
    7.5000  -22.5000  -15.000014671.4551    7.6504
   -7.5000  -15.0000  -15.000015326.2725    7.5960
    0.0000  -15.0000  -15.000015977.1709    7.6101
    7.5000  -15.0000  -15.000015257.7471    7.6017
   -7.5000   -7.5000  -15.000015892.7500    7.5555
    0.0000   -7.5000  -15.000016630.0566    7.5688
    7.5000   -7.5000  -15.000015853.7930    7.5601
   -7.5000    0.0000  -15.000016392.2168    7.5411
    0.0000    0.0000  -15.000017292.9629    7.5539
    7.5000    0.0000  -15.000016382.0166    7.5455
   -7.5000    7.5000  -15.000015673.1279    7.6858
    0.0000    7.5000  -15.000016539.4297    7.6981
    7.5000    7.5000  -15.000015611.5254    7.6897
   -7.5000   15.0000  -15.000014852.3545    7.9223
    0.0000   15.0000  -15.000015644.8633    7.9338
    7.5000   15.0000  -15.000014710.6602    7.9247
   -7.5000   22.5000  -15.000014022.9492    8.2054
    0.0000   22.5000  -15.000014786.0479    8.2154
    7.5000   22.5000  -15.000013842.0674    8.2054
   -7.5000   30.0000  -15.000013155.9355    8.3871
    0.0000   30.0000  -15.000013919.2090    8.3959
    7.5000   30.0000  -15.000012977.3037    8.3850
   -7.5000   37.5000  -15.000012747.4492    8.6859
    0.0000   37.5000  -15.000013523.8271    8.6929
    7.5000   37.5000  -15.000012595.1396    8.6802
   -7.5000   45.0000  -15.000011840.8906    8.8082
    0.0000   45.0000  -15.000012560.5635    8.8129
    7.5000   45.0000  -15.000011732.2852    8.7990
   -7.5000  -45.0000   -7.500013716.2324    7.8218
    0.0000  -45.0000   -7.500014275.3262    7.8345
    7.5000  -45.0000   -7.500013624.3154    7.8243
   -7.5000  -37.5000   -7.500014089.4414    7.8707
    0.0000  -37.5000   -7.500014655.0361    7.8830
    7.5000  -37.5000   -7.500014018.7090    7.8737
   -7.5000  -30.0000   -7.500014818.7061    7.7648
    0.0000  -30.0000   -7.500015401.4492    7.7783
    7.5000  -30.0000   -7.500014746.1934    7.7691
   -7.5000  -22.5000   -7.500015533.3438    7.7029
    0.0000  -22.5000   -7.500016178.2705    7.7166
    7.5000  -22.5000   -7.500015479.9990    7.7070
   -7.5000  -15.0000   -7.500016165.5332    7.6553
    0.0000  -15.0000   -7.500016873.6621    7.6685
    7.5000  -15.0000   -7.500016113.6143    7.6585
   -7.5000   -7.5000   -7.500016792.3223    7.6172
    0.0000   -7.5000   -7.500017623.1152    7.6295
    7.5000   -7.5000   -7.500016720.6426    7.6192
   -7.5000    0.0000   -7.500017351.8223    7.6042
    0.0000    0.0000   -7.500018430.7207    7.6163
    7.5000    0.0000   -7.500017292.6934    7.6065
   -7.5000    7.5000   -7.500016651.0156    7.7478
    0.0000    7.5000   -7.500017852.5625    7.7599
    7.5000    7.5000   -7.500016608.9980    7.7506
   -7.5000   15.0000   -7.500015803.9219    7.9817
    0.0000   15.0000   -7.500016956.5820    7.9931
    7.5000   15.0000   -7.500015757.3525    7.9832
   -7.5000   22.5000   -7.500014874.7861    8.2633
    0.0000   22.5000   -7.500015906.0684    8.2726
    7.5000   22.5000   -7.500014761.4004    8.2614
   -7.5000   30.0000   -7.500013918.7393    8.4515
    0.0000   30.0000   -7.500014859.6797    8.4591
    7.5000   30.0000   -7.500013785.1016    8.4463
   -7.5000   37.5000   -7.500013449.8672    8.7581
    0.0000   37.5000   -7.500014349.5957    8.7636
    7.5000   37.5000   -7.500013346.3359    8.7488
   -7.5000   45.0000   -7.500012483.5693    8.8876
    0.0000   45.0000   -7.500013278.0195    8.8911
    7.5000   45.0000   -7.500012414.3457    8.8756
   -7.5000  -45.0000    0.000014306.1572    7.8101
    0.0000  -45.0000    0.000014872.8096    7.8228
    7.5000  -45.0000    0.000014195.6016    7.8136
   -7.5000  -37.5000    0.000014727.5400    7.8581
    0.0000  -37.5000    0.000015327.1846    7.8704
    7.5000  -37.5000    0.000014609.7236    7.8624
   -7.5000  -30.0000    0.000015526.9189    7.7509
    0.0000  -30.0000    0.000016205.3027    7.7640
    7.5000  -30.0000    0.000015408.1260    7.7564
   -7.5000  -22.5000    0.000016306.5605    7.6886
    0.0000  -22.5000    0.000017102.4004    7.7018
    7.5000  -22.5000    0.000016209.6348    7.6932
   -7.5000  -15.0000    0.000016967.7949    7.6422
    0.0000  -15.0000    0.000017877.7070    7.6550
    7.5000  -15.0000    0.000016886.9004    7.6453
   -7.5000   -7.5000    0.000017552.3008    7.6057
    0.0000   -7.5000    0.000018506.2090    7.6179
    7.5000   -7.5000    0.000017401.9707    7.6079
   -7.5000    0.0000    0.000018036.4180    7.5932
    0.0000    0.0000    0.000019090.7402    7.6054
    7.5000    0.0000    0.000017869.1953    7.5964
   -7.5000    7.5000    0.000017291.7207    7.7357
    0.0000    7.5000    0.000018457.4785    7.7479
    7.5000    7.5000    0.000017175.8535    7.7399
   -7.5000   15.0000    0.000016478.4688    7.9666
    0.0000   15.0000    0.000017670.0547    7.9776
    7.5000   15.0000    0.000016426.8594    7.9695
   -7.5000   22.5000    0.000015536.2266    8.2453
    0.0000   22.5000    0.000016589.3418    8.2537
    7.5000   22.5000    0.000015467.1436    8.2435
   -7.5000   30.0000    0.000014486.4277    8.4362
    0.0000   30.0000    0.000015410.2783    8.4427
    7.5000   30.0000    0.000014421.5615    8.4300
   -7.5000   37.5000    0.000013991.4385    8.7456
    0.0000   37.5000    0.000014843.9502    8.7503
    7.5000   37.5000    0.000013920.6602    8.7354
   -7.5000   45.0000    0.000012980.2158    8.8782
    0.0000   45.0000    0.000013732.6035    8.8815
    7.5000   45.0000    0.000012921.6123    8.8668
   -7.5000  -45.0000    7.500013762.9141    7.8191
    0.0000  -45.0000    7.500014409.3047    7.8326
    7.5000  -45.0000    7.500013685.4580    7.8255
   -7.5000  -37.5000    7.500014185.7441    7.8698
    0.0000  -37.5000    7.500014885.1035    7.8821
    7.5000  -37.5000    7.500014104.5137    7.8766
   -7.5000  -30.0000    7.500014974.9717    7.7638
    0.0000  -30.0000    7.500015746.9766    7.7766
    7.5000  -30.0000    7.500014896.5703    7.7712
   -7.5000  -22.5000    7.500015714.2236    7.7016
    0.0000  -22.5000    7.500016558.3105    7.7146
    7.5000  -22.5000    7.500015639.9521    7.7078
   -7.5000  -15.0000    7.500016319.0146    7.6538
    0.0000  -15.0000    7.500017216.9473    7.6670
    7.5000  -15.0000    7.500016244.9648    7.6588
   -7.5000   -7.5000    7.500016808.2129    7.6156
    0.0000   -7.5000    7.500017684.2539    7.6285
    7.5000   -7.5000    7.500016687.3965    7.6201
   -7.5000    0.0000    7.500017267.0684    7.6026
    0.0000    0.0000    7.500018170.0352    7.6155
    7.5000    0.0000    7.500017119.5879    7.6085
   -7.5000    7.5000    7.500016529.7695    7.7475
    0.0000    7.5000    7.500017548.6465    7.7598
    7.5000    7.5000    7.500016436.6426    7.7541
   -7.5000   15.0000    7.500015726.4541    7.9813
    0.0000   15.0000    7.500016644.2383    7.9920
    7.5000   15.0000    7.500015633.5771    7.9860
   -7.5000   22.5000    7.500014768.9463    8.2613
    0.0000   22.5000    7.500015498.3652    8.2691
    7.5000   22.5000    7.500014647.1221    8.2605
   -7.5000   30.0000    7.500013815.9658    8.4510
    0.0000   30.0000    7.500014475.9658    8.4573
    7.5000   30.0000    7.500013698.2480    8.4458
   -7.5000   37.5000    7.500013407.2441    8.7586
    0.0000   37.5000    7.500014066.5166    8.7636
    7.5000   37.5000    7.500013299.2920    8.7501
   -7.5000   45.0000    7.500012462.4336    8.8902
    0.0000   45.0000    7.500013100.3154    8.8941
    7.5000   45.0000    7.500012364.3428    8.8816
   -7.5000  -45.0000   15.000013089.0352    7.8730
    0.0000  -45.0000   15.000013748.6152    7.8874
    7.5000  -45.0000   15.000013039.6084    7.8823
   -7.5000  -37.5000   15.000013504.6982    7.9270
    0.0000  -37.5000   15.000014177.7842    7.9396
    7.5000  -37.5000   15.000013435.2930    7.9355
   -7.5000  -30.0000   15.000014245.4854    7.8224
    0.0000  -30.0000   15.000014940.9570    7.8354
    7.5000  -30.0000   15.000014168.5576    7.8311
   -7.5000  -22.5000   15.000014899.0254    7.7605
    0.0000  -22.5000   15.000015633.5859    7.7741
    7.5000  -22.5000   15.000014845.9219    7.7685
   -7.5000  -15.0000   15.000015432.7520    7.7106
    0.0000  -15.0000   15.000016196.5146    7.7247
    7.5000  -15.0000   15.000015388.4062    7.7182
   -7.5000   -7.5000   15.000015876.3877    7.6692
    0.0000   -7.5000   15.000016616.0840    7.6832
    7.5000   -7.5000   15.000015775.2471    7.6768
   -7.5000    0.0000   15.000016319.0459    7.6547
    0.0000    0.0000   15.000017101.6992    7.6685
    7.5000    0.0000   15.000016198.4189    7.6633
   -7.5000    7.5000   15.000015607.0244    7.8035
    0.0000    7.5000   15.000016516.0488    7.8161
    7.5000    7.5000   15.000015546.8887    7.8117
   -7.5000   15.0000   15.000014813.4414    8.0442
    0.0000   15.0000   15.000015573.1172    8.0550
    7.5000   15.0000   15.000014741.1865    8.0502
   -7.5000   22.5000   15.000013910.5635    8.3303
    0.0000   22.5000   15.000014512.4717    8.3388
    7.5000   22.5000   15.000013794.1201    8.3314
   -7.5000   30.0000   15.000013047.8389    8.5215
    0.0000   30.0000   15.000013637.2705    8.5288
    7.5000   30.0000   15.000012928.1279    8.5192
   -7.5000   37.5000   15.000012685.7734    8.8300
    0.0000   37.5000   15.000013303.8770    8.8364
    7.5000   37.5000   15.000012553.7012    8.8252
   -7.5000   45.0000   15.000011795.2021    8.9626
    0.0000   45.0000   15.000012378.0537    8.9676
    7.5000   45.0000   15.000011680.1729    8.9573
   -7.5000  -45.0000   22.500012275.6221    7.9622
    0.0000  -45.0000   22.500012877.6914    7.9772
    7.5000  -45.0000   22.500012221.9531    7.9712
   -7.5000  -37.5000   22.500012642.4932    8.0181
    0.0000  -37.5000   22.500013249.6016    8.0313
    7.5000  -37.5000   22.500012572.7617    8.0257
   -7.5000  -30.0000   22.500013309.4307    7.9130
    0.0000  -30.0000   22.500013930.9258    7.9270
    7.5000  -30.0000   22.500013245.2646    7.9212
   -7.5000  -22.5000   22.500013889.5400    7.8506
    0.0000  -22.5000   22.500014548.3828    7.8654
    7.5000  -22.5000   22.500013848.9043    7.8591
   -7.5000  -15.0000   22.500014383.0283    7.7990
    0.0000  -15.0000   22.500015058.1807    7.8143
    7.5000  -15.0000   22.500014335.9404    7.8077
   -7.5000   -7.5000   22.500014813.6104    7.7555
    0.0000   -7.5000   22.500015455.6182    7.7704
    7.5000   -7.5000   22.500014721.2832    7.7639
   -7.5000    0.0000   22.500015222.5752    7.7402
    0.0000    0.0000   22.500015929.1729    7.7545
    7.5000    0.0000   22.500015128.9805    7.7486
   -7.5000    7.5000   22.500014527.2412    7.8925
    0.0000    7.5000   22.500015297.6660    7.9056
    7.5000    7.5000   22.500014485.2490    7.9000
   -7.5000   15.0000   22.500013781.1094    8.1405
    0.0000   15.0000   22.500014401.6709    8.1522
    7.5000   15.0000   22.500013704.3369    8.1458
   -7.5000   22.5000   22.500012954.1475    8.4346
    0.0000   22.5000   22.500013491.1133    8.4446
    7.5000   22.5000   22.500012867.0244    8.4366
   -7.5000   30.0000   22.500012160.0010    8.6301
    0.0000   30.0000   22.500012706.8857    8.6393
    7.5000   30.0000   22.500012091.0557    8.6300
   -7.5000   37.5000   22.500011812.4365    8.9442
    0.0000   37.5000   22.500012365.7695    8.9524
    7.5000   37.5000   22.500011720.1406    8.9414
   -7.5000   45.0000   22.500010985.4932    9.0805
    0.0000   45.0000   22.500011495.7822    9.0865
    7.5000   45.0000   22.500010896.6719    9.0752
   -7.5000  -45.0000   30.000011401.0918    8.1141
    0.0000  -45.0000   30.000011930.0332    8.1287
    7.5000  -45.0000   30.000011369.2441    8.1197
   -7.5000  -37.5000   30.000011722.3701    8.1688
    0.0000  -37.5000   30.000012267.1250    8.1820
    7.5000  -37.5000   30.000011679.5576    8.1734
   -7.5000  -30.0000   30.000012351.6279    8.0594
    0.0000  -30.0000   30.000012922.1270    8.0737
    7.5000  -30.0000   30.000012289.5381    8.0651
   -7.5000  -22.5000   30.000012895.2285    7.9951
    0.0000  -22.5000   30.000013486.7188    8.0104
    7.5000  -22.5000   30.000012829.8740    8.0017
   -7.5000  -15.0000   30.000013332.0811    7.9429
    0.0000  -15.0000   30.000013921.1299    7.9584
    7.5000  -15.0000   30.000013262.8809    7.9497
   -7.5000   -7.5000   30.000013718.7754    7.9000
    0.0000   -7.5000   30.000014292.7969    7.9146
    7.5000   -7.5000   30.000013619.9248    7.9058
   -7.5000    0.0000   30.000014071.1143    7.8850
    0.0000    0.0000   30.000014715.7090    7.8989
    7.5000    0.0000   30.000013998.5459    7.8903
   -7.5000    7.5000   30.000013405.1035    8.0395
    0.0000    7.5000   30.000014044.0615    8.0525
    7.5000    7.5000   30.000013353.2861    8.0439
   -7.5000   15.0000   30.000012708.4434    8.2906
    0.0000   15.0000   30.000013233.7510    8.3027
    7.5000   15.0000   30.000012623.7314    8.2933
   -7.5000   22.5000   30.000011953.3623    8.5899
    0.0000   22.5000   30.000012445.7373    8.6008
    7.5000   22.5000   30.000011884.5127    8.5904
   -7.5000   30.0000   30.000011217.8633    8.7899
    0.0000   30.0000   30.000011707.7422    8.7999
    7.5000   30.0000   30.000011173.4180    8.7885
   -7.5000   37.5000   30.000010858.6484    9.1136
    0.0000   37.5000   30.000011338.4248    9.1219
    7.5000   37.5000   30.000010823.5205    9.1085
   -7.5000   45.0000   30.000010093.6279    9.2574
    0.0000   45.0000   30.000010541.6641    9.2629
    7.5000   45.0000   30.000010064.1865    9.2482
   -7.5000  -45.0000   37.500011044.5840    8.3169
    0.0000  -45.0000   37.500011528.1865    8.3323
    7.5000  -45.0000   37.500011020.0137    8.3226
   -7.5000  -37.5000   37.500011345.6914    8.3671
    0.0000  -37.5000   37.500011841.4463    8.3817
    7.5000  -37.5000   37.500011306.3398    8.3729
   -7.5000  -30.0000   37.500011957.9893    8.2511
    0.0000  -30.0000   37.500012479.0791    8.2668
    7.5000  -30.0000   37.500011899.8809    8.2581
   -7.5000  -22.5000   37.500012481.8389    8.1841
    0.0000  -22.5000   37.500013025.3242    8.2000
    7.5000  -22.5000   37.500012411.4805    8.1910
   -7.5000  -15.0000   37.500012879.9258    8.1321
    0.0000  -15.0000   37.500013429.7539    8.1478
    7.5000  -15.0000   37.500012793.7207    8.1384
   -7.5000   -7.5000   37.500013226.8281    8.0914
    0.0000   -7.5000   37.500013779.0332    8.1063
    7.5000   -7.5000   37.500013133.7656    8.0966
   -7.5000    0.0000   37.500013531.3828    8.0779
    0.0000    0.0000   37.500014146.8066    8.0926
    7.5000    0.0000   37.500013464.2139    8.0834
   -7.5000    7.5000   37.500012859.0850    8.2326
    0.0000    7.5000   37.500013451.3955    8.2472
    7.5000    7.5000   37.500012818.3867    8.2383
   -7.5000   15.0000   37.500012172.3984    8.4844
    0.0000   15.0000   37.500012680.3105    8.4980
    7.5000   15.0000   37.500012097.5957    8.4886
   -7.5000   22.5000   37.500011447.0977    8.7890
    0.0000   22.5000   37.500011943.6367    8.8004
    7.5000   22.5000   37.500011395.0244    8.7898
   -7.5000   30.0000   37.500010730.0576    9.0002
    0.0000   30.0000   37.500011217.0537    9.0101
    7.5000   30.0000   37.500010702.2998    8.9979
   -7.5000   37.5000   37.500010382.5547    9.3415
    0.0000   37.5000   37.500010846.2822    9.3497
    7.5000   37.5000   37.500010362.5674    9.3351
   -7.5000   45.0000   37.5000 9654.2598    9.4988
    0.0000   45.0000   37.500010101.8672    9.5050
    7.5000   45.0000   37.5000 9641.1426    9.4893
   -7.5000  -45.0000   45.000010293.1270    8.5766
    0.0000  -45.0000   45.000010722.0127    8.5926
    7.5000  -45.0000   45.000010260.6338    8.5840
   -7.5000  -37.5000   45.000010543.4268    8.6188
    0.0000  -37.5000   45.000010984.6270    8.6345
    7.5000  -37.5000   45.000010507.0850    8.6278
   -7.5000  -30.0000   45.000011095.4014    8.4973
    0.0000  -30.0000   45.000011570.4521    8.5139
    7.5000  -30.0000   45.000011060.0967    8.5081
   -7.5000  -22.5000   45.000011575.3467    8.4293
    0.0000  -22.5000   45.000012066.7812    8.4459
    7.5000  -22.5000   45.000011518.3828    8.4392
   -7.5000  -15.0000   45.000011937.1807    8.3778
    0.0000  -15.0000   45.000012442.2598    8.3940
    7.5000  -15.0000   45.000011868.2715    8.3858
   -7.5000   -7.5000   45.000012236.0596    8.3374
    0.0000   -7.5000   45.000012780.6348    8.3527
    7.5000   -7.5000   45.000012171.2178    8.3436
   -7.5000    0.0000   45.000012489.0732    8.3232
    0.0000    0.0000   45.000013086.7969    8.3385
    7.5000    0.0000   45.000012457.2607    8.3303
   -7.5000    7.5000   45.000011853.9014    8.4768
    0.0000    7.5000   45.000012408.1895    8.4923
    7.5000    7.5000   45.000011821.1035    8.4855
   -7.5000   15.0000   45.000011181.9492    8.7302
    0.0000   15.0000   45.000011674.5176    8.7445
    7.5000   15.0000   45.000011134.4990    8.7382
   -7.5000   22.5000   45.000010513.1143    9.0408
    0.0000   22.5000   45.000010982.3760    9.0522
    7.5000   22.5000   45.000010498.0488    9.0440
   -7.5000   30.0000   45.0000 9850.1514    9.2631
    0.0000   30.0000   45.000010301.8057    9.2723
    7.5000   30.0000   45.0000 9849.3877    9.2612
   -7.5000   37.5000   45.0000 9516.0410    9.6136
    0.0000   37.5000   45.0000 9958.5547    9.6210
    7.5000   37.5000   45.0000 9521.0781    9.6066
   -7.5000   45.0000   45.0000 8848.4150    9.7784
    0.0000   45.0000   45.0000 9296.0684    9.7845
    7.5000   45.0000   45.0000 8863.2314    9.7699

---------------------------------------------------------------------
imgreg_4dfp /opt/freesurfer/average/711-2C_as_mni_average_305 /opt/freesurfer/average/711-2B_as_mni_average_305_mask talsrcimg_g11 none talsrcimg_to_711-2C_as_mni_average_305_t4 4355
---------------------------------------------------------------------

freesurfer imgreg_4dfp.c
/opt/freesurfer/average/711-2C_as_mni_average_305.4dfp.img
       256       256       256         1
  1.000000  1.000000  1.000000
orientation T byte_order littleendian
Reading image: /opt/freesurfer/average/711-2C_as_mni_average_305.4dfp.img
dimensions:      256       256       256
mmppix:       1.0000   -1.0000   -1.0000
center:     128.0000 -129.0000 -129.0000
/opt/freesurfer/average/711-2B_as_mni_average_305_mask.4dfp.img
       256       256       256         1
  1.000000  1.000000  1.000000
orientation T byte_order littleendian
Reading mask: /opt/freesurfer/average/711-2B_as_mni_average_305_mask.4dfp.img (2306576 pixels)
talsrcimg_g11.4dfp.img
       256       256       256         1
  1.000000  1.000000  1.000000
orientation T byte_order littleendian
Reading image: talsrcimg_g11.4dfp.img
dimensions:      256       256       256
mmppix:       1.0000   -1.0000   -1.0000
center:     128.0000 -129.0000 -129.0000
rotation matrix determinant  1.000000
image alignment mode   4355 decimal     1103 hex
   -7.5000  -45.0000  -45.0000 2507.2910   10.3497
    0.0000  -45.0000  -45.0000 2525.0928   10.3098
    7.5000  -45.0000  -45.0000 2512.6250   10.3389
   -7.5000  -37.5000  -45.0000 2531.7251   10.2098
    0.0000  -37.5000  -45.0000 2554.8237   10.1767
    7.5000  -37.5000  -45.0000 2537.4614   10.2145
   -7.5000  -30.0000  -45.0000 2555.6545   10.0908
    0.0000  -30.0000  -45.0000 2577.6643   10.0417
    7.5000  -30.0000  -45.0000 2560.8816   10.0932
   -7.5000  -22.5000  -45.0000 2578.0957   10.0065
    0.0000  -22.5000  -45.0000 2596.7869    9.9275
    7.5000  -22.5000  -45.0000 2584.6465    9.9857
   -7.5000  -15.0000  -45.0000 2594.7034    9.9353
    0.0000  -15.0000  -45.0000 2609.9431    9.8470
    7.5000  -15.0000  -45.0000 2603.0076    9.9029
   -7.5000   -7.5000  -45.0000 2611.5015    9.8619
    0.0000   -7.5000  -45.0000 2629.8501    9.7561
    7.5000   -7.5000  -45.0000 2622.0613    9.8155
   -7.5000    0.0000  -45.0000 2619.5417    9.8180
    0.0000    0.0000  -45.0000 2637.0298    9.6996
    7.5000    0.0000  -45.0000 2630.2571    9.7579
   -7.5000    7.5000  -45.0000 2614.8313    9.8365
    0.0000    7.5000  -45.0000 2635.3711    9.7092
    7.5000    7.5000  -45.0000 2623.0691    9.7779
   -7.5000   15.0000  -45.0000 2603.1594    9.9479
    0.0000   15.0000  -45.0000 2626.8428    9.8312
    7.5000   15.0000  -45.0000 2611.1804    9.8945
   -7.5000   22.5000  -45.0000 2582.9556   10.2029
    0.0000   22.5000  -45.0000 2607.6934   10.0953
    7.5000   22.5000  -45.0000 2594.6885   10.1492
   -7.5000   30.0000  -45.0000 2541.0811   10.5667
    0.0000   30.0000  -45.0000 2564.4329   10.4452
    7.5000   30.0000  -45.0000 2555.4204   10.5087
   -7.5000   37.5000  -45.0000 2478.5752   11.0499
    0.0000   37.5000  -45.0000 2505.1074   10.9092
    7.5000   37.5000  -45.0000 2493.5002   10.9779
   -7.5000   45.0000  -45.0000 2401.5039   11.7677
    0.0000   45.0000  -45.0000 2426.6536   11.6118
    7.5000   45.0000  -45.0000 2416.1328   11.6616
   -7.5000  -45.0000  -37.5000 2588.8516    9.7013
    0.0000  -45.0000  -37.5000 2606.3713    9.6516
    7.5000  -45.0000  -37.5000 2591.1614    9.6912
   -7.5000  -37.5000  -37.5000 2612.3699    9.5603
    0.0000  -37.5000  -37.5000 2632.5376    9.5045
    7.5000  -37.5000  -37.5000 2617.2878    9.5800
   -7.5000  -30.0000  -37.5000 2633.6047    9.4476
    0.0000  -30.0000  -37.5000 2654.4961    9.3824
    7.5000  -30.0000  -37.5000 2638.3704    9.4649
   -7.5000  -22.5000  -37.5000 2651.4675    9.3623
    0.0000  -22.5000  -37.5000 2671.8467    9.2678
    7.5000  -22.5000  -37.5000 2658.9458    9.3624
   -7.5000  -15.0000  -37.5000 2667.1833    9.3010
    0.0000  -15.0000  -37.5000 2688.7725    9.2153
    7.5000  -15.0000  -37.5000 2678.2900    9.2956
   -7.5000   -7.5000  -37.5000 2682.9653    9.2596
    0.0000   -7.5000  -37.5000 2706.6306    9.1717
    7.5000   -7.5000  -37.5000 2700.4329    9.2301
   -7.5000    0.0000  -37.5000 2690.6306    9.2120
    0.0000    0.0000  -37.5000 2715.4319    9.1125
    7.5000    0.0000  -37.5000 2707.1853    9.1549
   -7.5000    7.5000  -37.5000 2692.3152    9.2224
    0.0000    7.5000  -37.5000 2716.6409    9.1056
    7.5000    7.5000  -37.5000 2705.4775    9.1618
   -7.5000   15.0000  -37.5000 2683.2278    9.3389
    0.0000   15.0000  -37.5000 2711.0056    9.2211
    7.5000   15.0000  -37.5000 2697.7441    9.2777
   -7.5000   22.5000  -37.5000 2661.2744    9.6013
    0.0000   22.5000  -37.5000 2692.2314    9.4704
    7.5000   22.5000  -37.5000 2679.0872    9.5341
   -7.5000   30.0000  -37.5000 2623.5386    9.9185
    0.0000   30.0000  -37.5000 2648.0083    9.7787
    7.5000   30.0000  -37.5000 2639.3057    9.8514
   -7.5000   37.5000  -37.5000 2557.8979   10.3610
    0.0000   37.5000  -37.5000 2584.8789   10.2114
    7.5000   37.5000  -37.5000 2576.5957   10.2793
   -7.5000   45.0000  -37.5000 2477.1375   11.0297
    0.0000   45.0000  -37.5000 2500.9668   10.8624
    7.5000   45.0000  -37.5000 2492.8958   10.9197
   -7.5000  -45.0000  -30.0000 2706.2681    9.4355
    0.0000  -45.0000  -30.0000 2725.5066    9.3838
    7.5000  -45.0000  -30.0000 2709.4087    9.4466
   -7.5000  -37.5000  -30.0000 2728.4053    9.2950
    0.0000  -37.5000  -30.0000 2746.5193    9.2367
    7.5000  -37.5000  -30.0000 2733.3618    9.3191
   -7.5000  -30.0000  -30.0000 2748.9321    9.1731
    0.0000  -30.0000  -30.0000 2769.3328    9.1061
    7.5000  -30.0000  -30.0000 2756.1680    9.2064
   -7.5000  -22.5000  -30.0000 2763.2344    9.0877
    0.0000  -22.5000  -30.0000 2785.8472    9.0028
    7.5000  -22.5000  -30.0000 2774.2102    9.1218
   -7.5000  -15.0000  -30.0000 2778.5674    9.0341
    0.0000  -15.0000  -30.0000 2806.1294    8.9319
    7.5000  -15.0000  -30.0000 2793.9634    9.0427
   -7.5000   -7.5000  -30.0000 2798.7832    8.9897
    0.0000   -7.5000  -30.0000 2825.9902    8.8934
    7.5000   -7.5000  -30.0000 2815.4121    8.9748
   -7.5000    0.0000  -30.0000 2810.1907    8.9507
    0.0000    0.0000  -30.0000 2838.0901    8.8608
    7.5000    0.0000  -30.0000 2829.2419    8.9117
   -7.5000    7.5000  -30.0000 2815.4431    8.9445
    0.0000    7.5000  -30.0000 2846.2839    8.8228
    7.5000    7.5000  -30.0000 2833.4724    8.8860
   -7.5000   15.0000  -30.0000 2813.2896    9.0571
    0.0000   15.0000  -30.0000 2840.8564    8.9290
    7.5000   15.0000  -30.0000 2828.1711    8.9814
   -7.5000   22.5000  -30.0000 2790.3352    9.3278
    0.0000   22.5000  -30.0000 2821.1584    9.1889
    7.5000   22.5000  -30.0000 2810.8418    9.2370
   -7.5000   30.0000  -30.0000 2747.0273    9.6432
    0.0000   30.0000  -30.0000 2777.5137    9.4928
    7.5000   30.0000  -30.0000 2768.3147    9.5677
   -7.5000   37.5000  -30.0000 2684.6907   10.0766
    0.0000   37.5000  -30.0000 2713.2778    9.9095
    7.5000   37.5000  -30.0000 2705.6196    9.9900
   -7.5000   45.0000  -30.0000 2601.2363   10.7050
    0.0000   45.0000  -30.0000 2627.4265   10.5321
    7.5000   45.0000  -30.0000 2613.8003   10.6169
   -7.5000  -45.0000  -22.5000 2783.7549    9.1616
    0.0000  -45.0000  -22.5000 2806.0532    9.0986
    7.5000  -45.0000  -22.5000 2788.2693    9.1854
   -7.5000  -37.5000  -22.5000 2800.5630    9.0194
    0.0000  -37.5000  -22.5000 2819.9014    8.9456
    7.5000  -37.5000  -22.5000 2805.2012    9.0554
   -7.5000  -30.0000  -22.5000 2820.2385    8.8951
    0.0000  -30.0000  -22.5000 2842.0095    8.8141
    7.5000  -30.0000  -22.5000 2827.0166    8.9363
   -7.5000  -22.5000  -22.5000 2833.7537    8.8163
    0.0000  -22.5000  -22.5000 2855.2869    8.7156
    7.5000  -22.5000  -22.5000 2845.6155    8.8395
   -7.5000  -15.0000  -22.5000 2849.2490    8.7471
    0.0000  -15.0000  -22.5000 2871.8418    8.6468
    7.5000  -15.0000  -22.5000 2863.2837    8.7602
   -7.5000   -7.5000  -22.5000 2872.3411    8.6969
    0.0000   -7.5000  -22.5000 2891.8848    8.6049
    7.5000   -7.5000  -22.5000 2886.3169    8.7057
   -7.5000    0.0000  -22.5000 2887.5112    8.6556
    0.0000    0.0000  -22.5000 2911.5215    8.5875
    7.5000    0.0000  -22.5000 2905.3010    8.6471
   -7.5000    7.5000  -22.5000 2894.1538    8.6712
    0.0000    7.5000  -22.5000 2924.0381    8.5556
    7.5000    7.5000  -22.5000 2912.1152    8.6221
   -7.5000   15.0000  -22.5000 2894.0171    8.7779
    0.0000   15.0000  -22.5000 2921.9893    8.6349
    7.5000   15.0000  -22.5000 2907.9800    8.7219
   -7.5000   22.5000  -22.5000 2880.4851    9.0198
    0.0000   22.5000  -22.5000 2911.3257    8.8933
    7.5000   22.5000  -22.5000 2898.1658    8.9513
   -7.5000   30.0000  -22.5000 2839.4541    9.3235
    0.0000   30.0000  -22.5000 2872.8965    9.2033
    7.5000   30.0000  -22.5000 2859.3552    9.2615
   -7.5000   37.5000  -22.5000 2774.7957    9.7540
    0.0000   37.5000  -22.5000 2807.9873    9.6355
    7.5000   37.5000  -22.5000 2794.1992    9.6748
   -7.5000   45.0000  -22.5000 2688.0488   10.3915
    0.0000   45.0000  -22.5000 2716.1167   10.2592
    7.5000   45.0000  -22.5000 2700.2000   10.2863
   -7.5000  -45.0000  -15.0000 2825.9951    8.9293
    0.0000  -45.0000  -15.0000 2845.5566    8.8553
    7.5000  -45.0000  -15.0000 2829.4919    8.9506
   -7.5000  -37.5000  -15.0000 2837.3833    8.7719
    0.0000  -37.5000  -15.0000 2856.9392    8.6970
    7.5000  -37.5000  -15.0000 2844.2002    8.8162
   -7.5000  -30.0000  -15.0000 2852.2773    8.6329
    0.0000  -30.0000  -15.0000 2874.1223    8.5544
    7.5000  -30.0000  -15.0000 2861.1487    8.6890
   -7.5000  -22.5000  -15.0000 2865.1895    8.5485
    0.0000  -22.5000  -15.0000 2885.7219    8.4704
    7.5000  -22.5000  -15.0000 2876.5515    8.6002
   -7.5000  -15.0000  -15.0000 2878.6091    8.5042
    0.0000  -15.0000  -15.0000 2895.4524    8.4240
    7.5000  -15.0000  -15.0000 2890.6831    8.5288
   -7.5000   -7.5000  -15.0000 2902.9666    8.4784
    0.0000   -7.5000  -15.0000 2917.5120    8.4053
    7.5000   -7.5000  -15.0000 2915.7456    8.4883
   -7.5000    0.0000  -15.0000 2922.4885    8.4710
    0.0000    0.0000  -15.0000 2942.2749    8.4320
    7.5000    0.0000  -15.0000 2937.3865    8.4870
   -7.5000    7.5000  -15.0000 2941.5232    8.5104
    0.0000    7.5000  -15.0000 2972.6562    8.4754
    7.5000    7.5000  -15.0000 2956.9702    8.5063
   -7.5000   15.0000  -15.0000 2943.3389    8.5658
    0.0000   15.0000  -15.0000 2978.1453    8.5120
    7.5000   15.0000  -15.0000 2953.6440    8.5587
   -7.5000   22.5000  -15.0000 2935.4229    8.7300
    0.0000   22.5000  -15.0000 2973.0723    8.6737
    7.5000   22.5000  -15.0000 2942.7393    8.7016
   -7.5000   30.0000  -15.0000 2890.9673    9.0188
    0.0000   30.0000  -15.0000 2931.8821    8.9654
    7.5000   30.0000  -15.0000 2902.6306    8.9657
   -7.5000   37.5000  -15.0000 2826.8718    9.4596
    0.0000   37.5000  -15.0000 2866.4836    9.4100
    7.5000   37.5000  -15.0000 2840.9780    9.3895
   -7.5000   45.0000  -15.0000 2737.6499   10.0898
    0.0000   45.0000  -15.0000 2770.9487   10.0347
    7.5000   45.0000  -15.0000 2751.5356   10.0092
   -7.5000  -45.0000   -7.5000 2848.8088    8.7431
    0.0000  -45.0000   -7.5000 2867.1406    8.6587
    7.5000  -45.0000   -7.5000 2851.5237    8.7756
   -7.5000  -37.5000   -7.5000 2853.7073    8.5766
    0.0000  -37.5000   -7.5000 2872.9622    8.4938
    7.5000  -37.5000   -7.5000 2862.5610    8.6360
   -7.5000  -30.0000   -7.5000 2862.7141    8.4589
    0.0000  -30.0000   -7.5000 2879.1963    8.3592
    7.5000  -30.0000   -7.5000 2873.4861    8.5163
   -7.5000  -22.5000   -7.5000 2871.0801    8.3809
    0.0000  -22.5000   -7.5000 2885.8457    8.2952
    7.5000  -22.5000   -7.5000 2884.5410    8.4414
   -7.5000  -15.0000   -7.5000 2882.5977    8.3362
    0.0000  -15.0000   -7.5000 2898.4131    8.2906
    7.5000  -15.0000   -7.5000 2899.2581    8.4048
   -7.5000   -7.5000   -7.5000 2906.8916    8.3278
    0.0000   -7.5000   -7.5000 2927.5400    8.3042
    7.5000   -7.5000   -7.5000 2919.4858    8.3913
   -7.5000    0.0000   -7.5000 2934.4758    8.3275
    0.0000    0.0000   -7.5000 2961.0728    8.3505
    7.5000    0.0000   -7.5000 2944.5271    8.3868
   -7.5000    7.5000   -7.5000 2965.1372    8.3808
    0.0000    7.5000   -7.5000 3002.4634    8.4449
    7.5000    7.5000   -7.5000 2977.0352    8.4222
   -7.5000   15.0000   -7.5000 2973.2991    8.4446
    0.0000   15.0000   -7.5000 3023.2441    8.5123
    7.5000   15.0000   -7.5000 2988.3984    8.4843
   -7.5000   22.5000   -7.5000 2966.3577    8.5715
    0.0000   22.5000   -7.5000 3009.8281    8.5770
    7.5000   22.5000   -7.5000 2973.7439    8.5996
   -7.5000   30.0000   -7.5000 2923.1880    8.8463
    0.0000   30.0000   -7.5000 2963.7383    8.8187
    7.5000   30.0000   -7.5000 2929.6602    8.8258
   -7.5000   37.5000   -7.5000 2859.7422    9.2688
    0.0000   37.5000   -7.5000 2902.0789    9.2092
    7.5000   37.5000   -7.5000 2873.7742    9.2107
   -7.5000   45.0000   -7.5000 2762.7769    9.9065
    0.0000   45.0000   -7.5000 2795.5837    9.8327
    7.5000   45.0000   -7.5000 2781.0305    9.8299
   -7.5000  -45.0000    0.0000 2860.9556    8.6581
    0.0000  -45.0000    0.0000 2877.1677    8.5680
    7.5000  -45.0000    0.0000 2865.3770    8.7083
   -7.5000  -37.5000    0.0000 2861.9097    8.5314
    0.0000  -37.5000    0.0000 2879.5972    8.4396
    7.5000  -37.5000    0.0000 2867.9463    8.6052
   -7.5000  -30.0000    0.0000 2867.0449    8.4432
    0.0000  -30.0000    0.0000 2881.7617    8.3539
    7.5000  -30.0000    0.0000 2870.1011    8.5210
   -7.5000  -22.5000    0.0000 2870.3110    8.3670
    0.0000  -22.5000    0.0000 2884.6853    8.3301
    7.5000  -22.5000    0.0000 2875.8076    8.4564
   -7.5000  -15.0000    0.0000 2879.3359    8.2991
    0.0000  -15.0000    0.0000 2895.9019    8.3116
    7.5000  -15.0000    0.0000 2892.5667    8.3986
   -7.5000   -7.5000    0.0000 2904.0979    8.2599
    0.0000   -7.5000    0.0000 2928.6951    8.2686
    7.5000   -7.5000    0.0000 2916.7554    8.3415
   -7.5000    0.0000    0.0000 2937.9099    8.2491
    0.0000    0.0000    0.0000 2966.6821    8.2415
    7.5000    0.0000    0.0000 2946.2649    8.3031
   -7.5000    7.5000    0.0000 2974.5830    8.2924
    0.0000    7.5000    0.0000 3010.4148    8.3222
    7.5000    7.5000    0.0000 2986.0808    8.3449
   -7.5000   15.0000    0.0000 2990.6926    8.4054
    0.0000   15.0000    0.0000 3036.1392    8.4270
    7.5000   15.0000    0.0000 3003.4148    8.4555
   -7.5000   22.5000    0.0000 2985.0273    8.5767
    0.0000   22.5000    0.0000 3026.3296    8.5475
    7.5000   22.5000    0.0000 2992.7876    8.6204
   -7.5000   30.0000    0.0000 2934.4131    8.8431
    0.0000   30.0000    0.0000 2973.6248    8.7902
    7.5000   30.0000    0.0000 2944.7168    8.8567
   -7.5000   37.5000    0.0000 2867.7107    9.2483
    0.0000   37.5000    0.0000 2907.4141    9.1315
    7.5000   37.5000    0.0000 2877.2222    9.2259
   -7.5000   45.0000    0.0000 2765.7131    9.8862
    0.0000   45.0000    0.0000 2795.8159    9.7395
    7.5000   45.0000    0.0000 2779.7576    9.8283
   -7.5000  -45.0000    7.5000 2862.0237    8.7004
    0.0000  -45.0000    7.5000 2878.0068    8.6419
    7.5000  -45.0000    7.5000 2864.0105    8.7896
   -7.5000  -37.5000    7.5000 2869.0183    8.5730
    0.0000  -37.5000    7.5000 2888.1631    8.5461
    7.5000  -37.5000    7.5000 2867.6294    8.6976
   -7.5000  -30.0000    7.5000 2871.2092    8.4724
    0.0000  -30.0000    7.5000 2890.1277    8.4575
    7.5000  -30.0000    7.5000 2868.1067    8.6160
   -7.5000  -22.5000    7.5000 2869.9094    8.3954
    0.0000  -22.5000    7.5000 2889.1248    8.3948
    7.5000  -22.5000    7.5000 2873.1772    8.5293
   -7.5000  -15.0000    7.5000 2876.8748    8.3310
    0.0000  -15.0000    7.5000 2897.4382    8.3230
    7.5000  -15.0000    7.5000 2886.6743    8.4464
   -7.5000   -7.5000    7.5000 2895.9053    8.2827
    0.0000   -7.5000    7.5000 2920.8018    8.2520
    7.5000   -7.5000    7.5000 2906.4119    8.3685
   -7.5000    0.0000    7.5000 2933.1738    8.2815
    0.0000    0.0000    7.5000 2956.2617    8.2259
    7.5000    0.0000    7.5000 2939.0872    8.3335
   -7.5000    7.5000    7.5000 2968.0061    8.3355
    0.0000    7.5000    7.5000 2998.5176    8.3095
    7.5000    7.5000    7.5000 2977.1223    8.3793
   -7.5000   15.0000    7.5000 2985.7781    8.4693
    0.0000   15.0000    7.5000 3028.0610    8.4126
    7.5000   15.0000    7.5000 2997.0310    8.5066
   -7.5000   22.5000    7.5000 2977.6658    8.6375
    0.0000   22.5000    7.5000 3018.0618    8.4986
    7.5000   22.5000    7.5000 2986.3984    8.6384
   -7.5000   30.0000    7.5000 2925.3286    8.9334
    0.0000   30.0000    7.5000 2959.8806    8.7558
    7.5000   30.0000    7.5000 2934.4102    8.9116
   -7.5000   37.5000    7.5000 2862.3242    9.3881
    0.0000   37.5000    7.5000 2892.9150    9.2014
    7.5000   37.5000    7.5000 2873.4114    9.3588
   -7.5000   45.0000    7.5000 2764.3633   10.0389
    0.0000   45.0000    7.5000 2785.6494    9.8657
    7.5000   45.0000    7.5000 2772.1353    9.9887
   -7.5000  -45.0000   15.0000 2853.5803    8.8349
    0.0000  -45.0000   15.0000 2872.6008    8.8269
    7.5000  -45.0000   15.0000 2854.6851    8.9588
   -7.5000  -37.5000   15.0000 2864.0994    8.7153
    0.0000  -37.5000   15.0000 2887.6819    8.7111
    7.5000  -37.5000   15.0000 2865.2378    8.8607
   -7.5000  -30.0000   15.0000 2867.3816    8.6112
    0.0000  -30.0000   15.0000 2884.3469    8.5958
    7.5000  -30.0000   15.0000 2865.5857    8.7587
   -7.5000  -22.5000   15.0000 2866.9111    8.5320
    0.0000  -22.5000   15.0000 2884.9285    8.4982
    7.5000  -22.5000   15.0000 2870.9546    8.6706
   -7.5000  -15.0000   15.0000 2873.0723    8.4594
    0.0000  -15.0000   15.0000 2893.1582    8.4060
    7.5000  -15.0000   15.0000 2881.8015    8.5780
   -7.5000   -7.5000   15.0000 2887.1670    8.4195
    0.0000   -7.5000   15.0000 2907.7275    8.3503
    7.5000   -7.5000   15.0000 2895.0254    8.5026
   -7.5000    0.0000   15.0000 2919.4419    8.4337
    0.0000    0.0000   15.0000 2936.0210    8.3608
    7.5000    0.0000   15.0000 2923.7185    8.4913
   -7.5000    7.5000   15.0000 2948.9961    8.5255
    0.0000    7.5000   15.0000 2969.3794    8.4640
    7.5000    7.5000   15.0000 2953.6301    8.5551
   -7.5000   15.0000   15.0000 2959.0229    8.6586
    0.0000   15.0000   15.0000 2994.3374    8.5868
    7.5000   15.0000   15.0000 2966.6641    8.7022
   -7.5000   22.5000   15.0000 2949.9658    8.8364
    0.0000   22.5000   15.0000 2978.0032    8.6475
    7.5000   22.5000   15.0000 2954.4407    8.8358
   -7.5000   30.0000   15.0000 2900.3071    9.1920
    0.0000   30.0000   15.0000 2930.0774    8.9968
    7.5000   30.0000   15.0000 2912.4146    9.1569
   -7.5000   37.5000   15.0000 2838.2371    9.6795
    0.0000   37.5000   15.0000 2867.4810    9.4975
    7.5000   37.5000   15.0000 2848.5000    9.6143
   -7.5000   45.0000   15.0000 2740.4429   10.3140
    0.0000   45.0000   15.0000 2761.2810   10.1465
    7.5000   45.0000   15.0000 2749.9761   10.2481
   -7.5000  -45.0000   22.5000 2837.3367    9.0650
    0.0000  -45.0000   22.5000 2857.7083    9.0469
    7.5000  -45.0000   22.5000 2836.1562    9.1743
   -7.5000  -37.5000   22.5000 2849.3003    8.9529
    0.0000  -37.5000   22.5000 2871.6719    8.9113
    7.5000  -37.5000   22.5000 2850.2410    9.0622
   -7.5000  -30.0000   22.5000 2849.8972    8.8381
    0.0000  -30.0000   22.5000 2868.6704    8.7755
    7.5000  -30.0000   22.5000 2850.7097    8.9509
   -7.5000  -22.5000   22.5000 2849.3745    8.7370
    0.0000  -22.5000   22.5000 2867.8171    8.6732
    7.5000  -22.5000   22.5000 2853.3984    8.8602
   -7.5000  -15.0000   22.5000 2856.3777    8.6803
    0.0000  -15.0000   22.5000 2874.9258    8.6006
    7.5000  -15.0000   22.5000 2862.8528    8.7810
   -7.5000   -7.5000   22.5000 2869.7192    8.6550
    0.0000   -7.5000   22.5000 2885.1653    8.5705
    7.5000   -7.5000   22.5000 2874.8262    8.7357
   -7.5000    0.0000   22.5000 2891.7168    8.7160
    0.0000    0.0000   22.5000 2904.5305    8.6210
    7.5000    0.0000   22.5000 2893.7642    8.7683
   -7.5000    7.5000   22.5000 2912.7964    8.8256
    0.0000    7.5000   22.5000 2931.1404    8.7480
    7.5000    7.5000   22.5000 2917.0881    8.8613
   -7.5000   15.0000   22.5000 2915.2000    8.9751
    0.0000   15.0000   22.5000 2943.7305    8.8455
    7.5000   15.0000   22.5000 2921.9131    8.9890
   -7.5000   22.5000   22.5000 2900.9238    9.1937
    0.0000   22.5000   22.5000 2921.4153    8.9865
    7.5000   22.5000   22.5000 2905.4919    9.1705
   -7.5000   30.0000   22.5000 2850.9341    9.5487
    0.0000   30.0000   22.5000 2878.8962    9.3963
    7.5000   30.0000   22.5000 2866.7576    9.5116
   -7.5000   37.5000   22.5000 2788.4888   10.0614
    0.0000   37.5000   22.5000 2815.6016    9.9005
    7.5000   37.5000   22.5000 2797.0530   10.0006
   -7.5000   45.0000   22.5000 2697.1272   10.7078
    0.0000   45.0000   22.5000 2718.2476   10.5307
    7.5000   45.0000   22.5000 2703.7175   10.6247
   -7.5000  -45.0000   30.0000 2814.1211    9.3618
    0.0000  -45.0000   30.0000 2827.9910    9.3233
    7.5000  -45.0000   30.0000 2812.2620    9.4657
   -7.5000  -37.5000   30.0000 2824.6057    9.2477
    0.0000  -37.5000   30.0000 2842.7322    9.1905
    7.5000  -37.5000   30.0000 2823.0457    9.3357
   -7.5000  -30.0000   30.0000 2824.0061    9.1317
    0.0000  -30.0000   30.0000 2840.4976    9.0481
    7.5000  -30.0000   30.0000 2823.6074    9.2172
   -7.5000  -22.5000   30.0000 2822.9358    9.0374
    0.0000  -22.5000   30.0000 2841.3357    8.9406
    7.5000  -22.5000   30.0000 2823.7527    9.1191
   -7.5000  -15.0000   30.0000 2825.2380    8.9807
    0.0000  -15.0000   30.0000 2843.2229    8.8790
    7.5000  -15.0000   30.0000 2830.8884    9.0655
   -7.5000   -7.5000   30.0000 2836.4807    8.9749
    0.0000   -7.5000   30.0000 2851.7346    8.8695
    7.5000   -7.5000   30.0000 2839.8875    9.0344
   -7.5000    0.0000   30.0000 2852.6157    9.0583
    0.0000    0.0000   30.0000 2868.9121    8.9554
    7.5000    0.0000   30.0000 2855.4304    9.0954
   -7.5000    7.5000   30.0000 2861.7922    9.1947
    0.0000    7.5000   30.0000 2882.2864    9.0936
    7.5000    7.5000   30.0000 2867.6130    9.2124
   -7.5000   15.0000   30.0000 2857.6509    9.3844
    0.0000   15.0000   30.0000 2880.8621    9.2083
    7.5000   15.0000   30.0000 2864.9658    9.3714
   -7.5000   22.5000   30.0000 2838.1013    9.6333
    0.0000   22.5000   30.0000 2856.9587    9.4693
    7.5000   22.5000   30.0000 2843.6113    9.6024
   -7.5000   30.0000   30.0000 2786.3584   10.0218
    0.0000   30.0000   30.0000 2814.5547    9.8789
    7.5000   30.0000   30.0000 2801.5022    9.9749
   -7.5000   37.5000   30.0000 2721.2847   10.5373
    0.0000   37.5000   30.0000 2745.9460   10.3864
    7.5000   37.5000   30.0000 2732.1768   10.4712
   -7.5000   45.0000   30.0000 2634.8293   11.1966
    0.0000   45.0000   30.0000 2657.9519   11.0209
    7.5000   45.0000   30.0000 2643.5461   11.1089
   -7.5000  -45.0000   37.5000 2783.5742    9.7723
    0.0000  -45.0000   37.5000 2791.2112    9.6896
    7.5000  -45.0000   37.5000 2779.7017    9.8721
   -7.5000  -37.5000   37.5000 2791.5857    9.6280
    0.0000  -37.5000   37.5000 2800.6470    9.5476
    7.5000  -37.5000   37.5000 2787.5259    9.7174
   -7.5000  -30.0000   37.5000 2792.1814    9.5085
    0.0000  -30.0000   37.5000 2803.8684    9.3964
    7.5000  -30.0000   37.5000 2788.6074    9.5759
   -7.5000  -22.5000   37.5000 2791.2849    9.4230
    0.0000  -22.5000   37.5000 2807.8752    9.3047
    7.5000  -22.5000   37.5000 2792.3438    9.4882
   -7.5000  -15.0000   37.5000 2793.9375    9.3752
    0.0000  -15.0000   37.5000 2809.6506    9.2611
    7.5000  -15.0000   37.5000 2796.4380    9.4416
   -7.5000   -7.5000   37.5000 2801.3723    9.3860
    0.0000   -7.5000   37.5000 2817.8958    9.2719
    7.5000   -7.5000   37.5000 2805.2661    9.4418
   -7.5000    0.0000   37.5000 2807.8347    9.4708
    0.0000    0.0000   37.5000 2824.5701    9.3777
    7.5000    0.0000   37.5000 2810.7800    9.5230
   -7.5000    7.5000   37.5000 2805.3149    9.6389
    0.0000    7.5000   37.5000 2830.5291    9.5224
    7.5000    7.5000   37.5000 2813.3477    9.6482
   -7.5000   15.0000   37.5000 2794.0737    9.8480
    0.0000   15.0000   37.5000 2816.3853    9.6980
    7.5000   15.0000   37.5000 2800.3997    9.8370
   -7.5000   22.5000   37.5000 2764.3162   10.1778
    0.0000   22.5000   37.5000 2787.5125   10.0368
    7.5000   22.5000   37.5000 2775.5549   10.1431
   -7.5000   30.0000   37.5000 2710.2864   10.5982
    0.0000   30.0000   37.5000 2744.4995   10.4690
    7.5000   30.0000   37.5000 2729.7039   10.5340
   -7.5000   37.5000   37.5000 2649.0100   11.1193
    0.0000   37.5000   37.5000 2678.3506   10.9749
    7.5000   37.5000   37.5000 2665.0796   11.0323
   -7.5000   45.0000   37.5000 2569.8413   11.7722
    0.0000   45.0000   37.5000 2598.1057   11.6010
    7.5000   45.0000   37.5000 2581.9644   11.6667
   -7.5000  -45.0000   45.0000 2738.9109   10.2809
    0.0000  -45.0000   45.0000 2743.9912   10.1683
    7.5000  -45.0000   45.0000 2735.3972   10.3579
   -7.5000  -37.5000   45.0000 2741.3811   10.1194
    0.0000  -37.5000   45.0000 2751.2175    9.9937
    7.5000  -37.5000   45.0000 2739.4683   10.1791
   -7.5000  -30.0000   45.0000 2740.9736    9.9865
    0.0000  -30.0000   45.0000 2753.6182    9.8518
    7.5000  -30.0000   45.0000 2743.1956   10.0310
   -7.5000  -22.5000   45.0000 2740.7522    9.8995
    0.0000  -22.5000   45.0000 2756.5454    9.7732
    7.5000  -22.5000   45.0000 2744.5005    9.9441
   -7.5000  -15.0000   45.0000 2741.1621    9.8580
    0.0000  -15.0000   45.0000 2758.9373    9.7352
    7.5000  -15.0000   45.0000 2746.0137    9.8952
   -7.5000   -7.5000   45.0000 2746.5674    9.8943
    0.0000   -7.5000   45.0000 2768.1638    9.7773
    7.5000   -7.5000   45.0000 2752.7375    9.9327
   -7.5000    0.0000   45.0000 2745.1714    9.9905
    0.0000    0.0000   45.0000 2770.5859    9.8870
    7.5000    0.0000   45.0000 2753.8542   10.0182
   -7.5000    7.5000   45.0000 2734.9480   10.1711
    0.0000    7.5000   45.0000 2765.7844   10.0452
    7.5000    7.5000   45.0000 2748.2483   10.1918
   -7.5000   15.0000   45.0000 2716.6345   10.4035
    0.0000   15.0000   45.0000 2740.0471   10.2876
    7.5000   15.0000   45.0000 2727.9946   10.4047
   -7.5000   22.5000   45.0000 2683.7793   10.8011
    0.0000   22.5000   45.0000 2710.5352   10.6824
    7.5000   22.5000   45.0000 2702.6099   10.7678
   -7.5000   30.0000   45.0000 2633.2185   11.2582
    0.0000   30.0000   45.0000 2665.8162   11.1626
    7.5000   30.0000   45.0000 2651.8989   11.2008
   -7.5000   37.5000   45.0000 2570.1213   11.8173
    0.0000   37.5000   45.0000 2601.6743   11.7004
    7.5000   37.5000   45.0000 2586.6147   11.7278
   -7.5000   45.0000   45.0000 2494.4082   12.4794
    0.0000   45.0000   45.0000 2527.4658   12.3161
    7.5000   45.0000   45.0000 2510.6426   12.3680

---------------------------------------------------------------------
imgreg_4dfp /opt/freesurfer/average/711-2C_as_mni_average_305 /opt/freesurfer/average/711-2B_as_mni_average_305_mask talsrcimg_g11 none talsrcimg_to_711-2C_as_mni_average_305_t4 1283
---------------------------------------------------------------------

freesurfer imgreg_4dfp.c
/opt/freesurfer/average/711-2C_as_mni_average_305.4dfp.img
       256       256       256         1
  1.000000  1.000000  1.000000
orientation T byte_order littleendian
Reading image: /opt/freesurfer/average/711-2C_as_mni_average_305.4dfp.img
dimensions:      256       256       256
mmppix:       1.0000   -1.0000   -1.0000
center:     128.0000 -129.0000 -129.0000
/opt/freesurfer/average/711-2B_as_mni_average_305_mask.4dfp.img
       256       256       256         1
  1.000000  1.000000  1.000000
orientation T byte_order littleendian
Reading mask: /opt/freesurfer/average/711-2B_as_mni_average_305_mask.4dfp.img (2306576 pixels)
talsrcimg_g11.4dfp.img
       256       256       256         1
  1.000000  1.000000  1.000000
orientation T byte_order littleendian
Reading image: talsrcimg_g11.4dfp.img
dimensions:      256       256       256
mmppix:       1.0000   -1.0000   -1.0000
center:     128.0000 -129.0000 -129.0000
rotation matrix determinant  1.000000
fimgreg.f
image alignment mode   1283 decimal      503 hex
parameters
    0.0000   15.0000    0.0000    0.0000    0.0000    0.0000
eta,q 0.95214  8.47453
niter,ni,del,rscale     5    3   12.0000    1.2000
parameter  4  0.859785 ->  0.500000 qaram    1.1500
parameters
    1.0631   17.4382    2.0943   -3.4500    0.1265   -0.4429
eta,q 0.95798  8.43822
  0.0607  0.0568  0.0507  0.0418  0.0474  0.0461
  0.0558  0.0528  0.0494  0.0420  0.0453  0.0438
  0.0514  0.0496  0.0474  0.0427  0.0436  0.0424
  0.0479  0.0470  0.0450  0.0441  0.0421  0.0421
  0.0469  0.0453  0.0442  0.0470  0.0423  0.0426
  0.0498  0.0459  0.0452  0.0508  0.0446  0.0446
  0.0552  0.0484  0.0469  0.0543  0.0477  0.0477
niter,ni,del,rscale     5    3   12.0000    1.2000
parameter  4  0.637024 ->  0.500000 qaram    1.3225
parameters
    0.9823   17.9220   -0.0663   -7.4175   -0.0790   -0.2024
eta,q 0.96035  8.41912
  0.0535  0.0511  0.0430  0.0401  0.0450  0.0445
  0.0486  0.0469  0.0417  0.0397  0.0422  0.0427
  0.0440  0.0439  0.0412  0.0400  0.0402  0.0407
  0.0420  0.0420  0.0419  0.0412  0.0396  0.0397
  0.0438  0.0424  0.0433  0.0436  0.0406  0.0399
  0.0489  0.0447  0.0455  0.0469  0.0428  0.0416
  0.0543  0.0491  0.0482  0.0510  0.0456  0.0443
niter,ni,del,rscale     5    3   12.0000    1.2000
parameter  4  0.736203 ->  0.500000 qaram    1.5209
parameters
    1.0953   19.5778   -2.6572  -11.9801   -0.0196   -0.5586
eta,q 0.96505  8.50262
  0.0533  0.0495  0.0396  0.0355  0.0413  0.0392
  0.0468  0.0455  0.0381  0.0350  0.0386  0.0371
  0.0415  0.0420  0.0378  0.0357  0.0366  0.0356
  0.0397  0.0396  0.0389  0.0378  0.0350  0.0350
  0.0411  0.0388  0.0409  0.0405  0.0348  0.0354
  0.0463  0.0397  0.0439  0.0447  0.0374  0.0376
  0.0523  0.0430  0.0478  0.0493  0.0423  0.0408
niter,ni,del,rscale     5    3   12.0000    1.2000
parameter  4  0.544825 ->  0.500000 qaram    1.7490
parameters
    1.0094   21.2999   -4.8449  -17.2272    0.1829   -0.5730
eta,q 0.96849  8.54429
  0.0482  0.0465  0.0358  0.0333  0.0389  0.0373
  0.0416  0.0421  0.0337  0.0315  0.0359  0.0347
  0.0366  0.0377  0.0331  0.0323  0.0335  0.0324
  0.0350  0.0350  0.0341  0.0331  0.0316  0.0315
  0.0367  0.0340  0.0362  0.0369  0.0319  0.0323
  0.0420  0.0352  0.0393  0.0420  0.0347  0.0345
  0.0491  0.0387  0.0429  0.0471  0.0388  0.0376
niter,ni,del,rscale     5    3   12.0000    1.2000
parameters
    0.8302   22.7237   -6.3323  -18.5137    0.3538   -0.4130
eta,q 0.97039  8.54203
  0.0479  0.0448  0.0345  0.0385  0.0379  0.0360
  0.0391  0.0392  0.0310  0.0346  0.0345  0.0332
  0.0330  0.0340  0.0300  0.0306  0.0317  0.0309
  0.0315  0.0315  0.0310  0.0301  0.0297  0.0296
  0.0343  0.0310  0.0332  0.0322  0.0301  0.0303
  0.0412  0.0326  0.0360  0.0375  0.0332  0.0325
  0.0491  0.0366  0.0393  0.0449  0.0379  0.0357
niter,ni,del,rscale     4    3   12.0000    1.2000
parameters
    0.6740   22.8173   -6.3868  -18.8379    0.4337   -0.4327
eta,q 0.97043  8.53510
  0.0466  0.0410  0.0375  0.0399  0.0379  0.0356
  0.0376  0.0354  0.0331  0.0361  0.0345  0.0329
  0.0314  0.0313  0.0304  0.0316  0.0316  0.0307
  0.0296  0.0296  0.0296  0.0296  0.0296  0.0296
  0.0323  0.0308  0.0309  0.0313  0.0302  0.0305
  0.0396  0.0347  0.0338  0.0354  0.0335  0.0327
  0.0478  0.0406  0.0373  0.0427  0.0384  0.0360
niter,ni,del,rscale     3    3   12.0000    1.2000
parameters
    0.6323   22.8680   -6.4138  -18.9277    0.4677   -0.4468
eta,q 0.97043  8.53359
  0.0475  0.0410  0.0375  0.0402  0.0379  0.0356
  0.0383  0.0354  0.0332  0.0365  0.0345  0.0329
  0.0317  0.0312  0.0304  0.0319  0.0315  0.0307
  0.0296  0.0296  0.0296  0.0296  0.0296  0.0296
  0.0320  0.0309  0.0307  0.0310  0.0303  0.0304
  0.0392  0.0348  0.0336  0.0350  0.0337  0.0327
  0.0475  0.0409  0.0373  0.0421  0.0386  0.0360
registration optimization eta report
parameter search radius
    6.0000    6.0000    6.0000   10.4940    6.0000    6.0000
100000*second partial in parameter space
       49.       31.       21.       10.       23.       17.
  0.0475  0.0410  0.0375  0.0402  0.0379  0.0356
  0.0383  0.0354  0.0332  0.0365  0.0345  0.0329
  0.0317  0.0312  0.0304  0.0319  0.0315  0.0307
  0.0296  0.0296  0.0296  0.0296  0.0296  0.0296
  0.0320  0.0309  0.0307  0.0310  0.0303  0.0304
  0.0392  0.0348  0.0336  0.0350  0.0337  0.0327
  0.0475  0.0409  0.0373  0.0421  0.0386  0.0360
    0.6323   22.8680   -6.4138  -18.9277    0.4677   -0.4468
eta,q 0.97043  8.53359

---------------------------------------------------------------------
imgreg_4dfp /opt/freesurfer/average/711-2C_as_mni_average_305 /opt/freesurfer/average/711-2B_as_mni_average_305_mask talsrcimg_g11 none talsrcimg_to_711-2C_as_mni_average_305_t4 3335
---------------------------------------------------------------------

freesurfer imgreg_4dfp.c
/opt/freesurfer/average/711-2C_as_mni_average_305.4dfp.img
       256       256       256         1
  1.000000  1.000000  1.000000
orientation T byte_order littleendian
Reading image: /opt/freesurfer/average/711-2C_as_mni_average_305.4dfp.img
dimensions:      256       256       256
mmppix:       1.0000   -1.0000   -1.0000
center:     128.0000 -129.0000 -129.0000
/opt/freesurfer/average/711-2B_as_mni_average_305_mask.4dfp.img
       256       256       256         1
  1.000000  1.000000  1.000000
orientation T byte_order littleendian
Reading mask: /opt/freesurfer/average/711-2B_as_mni_average_305_mask.4dfp.img (2306576 pixels)
talsrcimg_g11.4dfp.img
       256       256       256         1
  1.000000  1.000000  1.000000
orientation T byte_order littleendian
Reading image: talsrcimg_g11.4dfp.img
dimensions:      256       256       256
mmppix:       1.0000   -1.0000   -1.0000
center:     128.0000 -129.0000 -129.0000
fimgreg.f
image alignment mode   3335 decimal      D07 hex
parameters
    0.6323   22.8680   -6.4138   -0.0064   -5.4121   -5.4103
    1.0024   -0.5192   -0.7798   32.4426    0.8163  -32.4364
eta,q 0.97142  8.58865
niter,ni,del,rscale     5    3    5.0000    1.2000
parameter  4  0.779012 ->  0.500000 qaram    1.1500
parameter  5  1.162059 ->  0.500000 qaram    1.1500
parameter  6 -0.771748 -> -0.500000 qaram    1.1500
parameter 12 -0.535470 -> -0.500000 qaram    1.1500
parameters
    0.5653   23.1574   -6.4760   -4.1464   -9.5521   -1.2703
    2.1775    0.1408   -0.9698   34.6887   -1.0714  -28.2964
eta,q 0.97661  8.59453
  0.0319  0.0311  0.0297  0.0270  0.0245  0.0281  0.0275  0.0291  0.0261  0.0286  0.0243  0.0266
  0.0301  0.0299  0.0290  0.0269  0.0246  0.0266  0.0260  0.0265  0.0249  0.0265  0.0239  0.0253
  0.0289  0.0291  0.0286  0.0273  0.0254  0.0255  0.0248  0.0248  0.0242  0.0249  0.0237  0.0243
  0.0286  0.0286  0.0285  0.0285  0.0269  0.0248  0.0242  0.0241  0.0240  0.0240  0.0238  0.0237
  0.0291  0.0286  0.0287  0.0310  0.0290  0.0244  0.0241  0.0242  0.0243  0.0238  0.0241  0.0234
  0.0304  0.0292  0.0291  0.0339  0.0313  0.0240  0.0248  0.0254  0.0251  0.0242  0.0246  0.0234
  0.0322  0.0302  0.0298  0.0369  0.0335  0.0240  0.0259  0.0276  0.0263  0.0251  0.0253  0.0236
niter,ni,del,rscale     7    3    5.0000    1.2000
parameters
    0.5544   23.6887   -5.3878   -5.4199  -12.3275   -0.1415
    2.3023    0.1645   -1.1323   34.8794   -1.6398  -28.2396
eta,q 0.97752  8.51038
  0.0268  0.0269  0.0256  0.0258  0.0242  0.0259  0.0249  0.0264  0.0243  0.0253  0.0230  0.0240
  0.0249  0.0253  0.0245  0.0243  0.0231  0.0242  0.0236  0.0242  0.0233  0.0238  0.0227  0.0232
  0.0238  0.0241  0.0238  0.0232  0.0227  0.0232  0.0228  0.0229  0.0227  0.0228  0.0225  0.0227
  0.0234  0.0234  0.0232  0.0230  0.0230  0.0227  0.0225  0.0225  0.0225  0.0225  0.0225  0.0225
  0.0238  0.0233  0.0230  0.0235  0.0242  0.0222  0.0227  0.0229  0.0227  0.0228  0.0226  0.0226
  0.0249  0.0237  0.0230  0.0257  0.0264  0.0226  0.0235  0.0241  0.0234  0.0236  0.0228  0.0231
  0.0269  0.0248  0.0234  0.0290  0.0291  0.0249  0.0248  0.0263  0.0244  0.0250  0.0232  0.0240
niter,ni,del,rscale     6    3    5.0000    1.2000
parameters
    0.6118   23.8637   -5.2433   -5.2616  -12.6806   -0.2556
    2.3233    0.2354   -1.2196   34.9871   -1.7120  -28.1956
eta,q 0.97753  8.50140
  0.0260  0.0254  0.0240  0.0262  0.0254  0.0253  0.0248  0.0264  0.0243  0.0251  0.0231  0.0239
  0.0241  0.0239  0.0231  0.0246  0.0239  0.0238  0.0236  0.0242  0.0233  0.0237  0.0227  0.0232
  0.0229  0.0229  0.0226  0.0232  0.0229  0.0229  0.0228  0.0229  0.0227  0.0228  0.0225  0.0227
  0.0225  0.0225  0.0225  0.0225  0.0224  0.0224  0.0225  0.0225  0.0225  0.0225  0.0225  0.0225
  0.0228  0.0226  0.0226  0.0225  0.0228  0.0222  0.0227  0.0229  0.0227  0.0228  0.0225  0.0226
  0.0239  0.0234  0.0230  0.0237  0.0241  0.0232  0.0236  0.0241  0.0233  0.0236  0.0228  0.0231
  0.0257  0.0247  0.0236  0.0265  0.0263  0.0262  0.0248  0.0262  0.0244  0.0250  0.0231  0.0240
niter,ni,del,rscale     5    3    5.0000    1.2000
parameters
    0.6187   23.9057   -5.2426   -5.2574  -12.7187   -0.2489
    2.3282    0.2474   -1.2228   35.0262   -1.7128  -28.2285
eta,q 0.97753  8.50198
  0.0258  0.0251  0.0238  0.0261  0.0257  0.0253  0.0248  0.0263  0.0243  0.0251  0.0232  0.0239
  0.0240  0.0237  0.0231  0.0245  0.0241  0.0239  0.0236  0.0241  0.0233  0.0237  0.0227  0.0232
  0.0229  0.0228  0.0226  0.0232  0.0230  0.0230  0.0228  0.0228  0.0227  0.0228  0.0225  0.0227
  0.0225  0.0225  0.0225  0.0225  0.0225  0.0225  0.0225  0.0225  0.0225  0.0225  0.0225  0.0225
  0.0228  0.0227  0.0226  0.0226  0.0227  0.0222  0.0227  0.0229  0.0227  0.0228  0.0225  0.0226
  0.0240  0.0236  0.0231  0.0238  0.0239  0.0232  0.0236  0.0241  0.0233  0.0236  0.0228  0.0231
  0.0258  0.0249  0.0238  0.0267  0.0260  0.0260  0.0248  0.0263  0.0243  0.0250  0.0231  0.0240
niter,ni,del,rscale     4    3    5.0000    1.2000
parameters
    0.6192   23.9116   -5.2471   -5.2524  -12.7382   -0.2480
    2.3264    0.2481   -1.2213   35.0423   -1.7067  -28.2464
eta,q 0.97753  8.50206
  0.0258  0.0250  0.0238  0.0261  0.0257  0.0253  0.0248  0.0263  0.0243  0.0251  0.0232  0.0239
  0.0240  0.0236  0.0230  0.0245  0.0241  0.0239  0.0236  0.0241  0.0233  0.0237  0.0227  0.0232
  0.0229  0.0228  0.0226  0.0232  0.0230  0.0230  0.0228  0.0228  0.0227  0.0228  0.0225  0.0227
  0.0225  0.0225  0.0225  0.0225  0.0225  0.0225  0.0225  0.0225  0.0225  0.0225  0.0225  0.0225
  0.0228  0.0227  0.0226  0.0226  0.0227  0.0222  0.0227  0.0229  0.0227  0.0228  0.0225  0.0226
  0.0240  0.0236  0.0231  0.0238  0.0239  0.0232  0.0236  0.0241  0.0233  0.0236  0.0228  0.0231
  0.0258  0.0250  0.0238  0.0267  0.0260  0.0261  0.0248  0.0263  0.0243  0.0251  0.0231  0.0240
registration optimization eta report
parameter search radius
    2.4000    2.4000    2.4000    8.2800    8.2800    8.2800
    7.2000    7.2000    7.2000    7.2000    7.2000    8.2800
100000*second partial in parameter space
       58.       44.       24.        6.        5.        5.
        4.        7.        4.        5.        1.        2.
  0.0258  0.0250  0.0238  0.0261  0.0257  0.0253  0.0248  0.0263  0.0243  0.0251  0.0232  0.0239
  0.0240  0.0236  0.0230  0.0245  0.0241  0.0239  0.0236  0.0241  0.0233  0.0237  0.0227  0.0232
  0.0229  0.0228  0.0226  0.0232  0.0230  0.0230  0.0228  0.0228  0.0227  0.0228  0.0225  0.0227
  0.0225  0.0225  0.0225  0.0225  0.0225  0.0225  0.0225  0.0225  0.0225  0.0225  0.0225  0.0225
  0.0228  0.0227  0.0226  0.0226  0.0227  0.0222  0.0227  0.0229  0.0227  0.0228  0.0225  0.0226
  0.0240  0.0236  0.0231  0.0238  0.0239  0.0232  0.0236  0.0241  0.0233  0.0236  0.0228  0.0231
  0.0258  0.0250  0.0238  0.0267  0.0260  0.0261  0.0248  0.0263  0.0243  0.0251  0.0231  0.0240
    0.6192   23.9116   -5.2471   -5.2524  -12.7382   -0.2480
    2.3264    0.2481   -1.2213   35.0423   -1.7067  -28.2464
eta,q 0.97753  8.50206

---------------------------------------------------------------------
imgreg_4dfp /opt/freesurfer/average/711-2C_as_mni_average_305 /opt/freesurfer/average/711-2B_as_mni_average_305_mask talsrcimg_g11 none talsrcimg_to_711-2C_as_mni_average_305_t4 2311
---------------------------------------------------------------------

freesurfer imgreg_4dfp.c
/opt/freesurfer/average/711-2C_as_mni_average_305.4dfp.img
       256       256       256         1
  1.000000  1.000000  1.000000
orientation T byte_order littleendian
Reading image: /opt/freesurfer/average/711-2C_as_mni_average_305.4dfp.img
dimensions:      256       256       256
mmppix:       1.0000   -1.0000   -1.0000
center:     128.0000 -129.0000 -129.0000
/opt/freesurfer/average/711-2B_as_mni_average_305_mask.4dfp.img
       256       256       256         1
  1.000000  1.000000  1.000000
orientation T byte_order littleendian
Reading mask: /opt/freesurfer/average/711-2B_as_mni_average_305_mask.4dfp.img (2306576 pixels)
talsrcimg_g11.4dfp.img
       256       256       256         1
  1.000000  1.000000  1.000000
orientation T byte_order littleendian
Reading image: talsrcimg_g11.4dfp.img
dimensions:      256       256       256
mmppix:       1.0000   -1.0000   -1.0000
center:     128.0000 -129.0000 -129.0000
fimgreg.f
image alignment mode   2311 decimal      907 hex
parameters
    0.6192   23.9116   -5.2471   -5.2524  -12.7382   -0.2480
    2.3264    0.2481   -1.2213   35.0423   -1.7067  -28.2464
eta,q 0.97753  8.50206
niter,ni,del,rscale     5    3    5.0000    0.8000
parameters
    0.6275   23.9236   -5.2841   -4.3912  -12.3648    1.3754
    2.3142    0.3395   -1.1386   35.1255   -1.6822  -28.5743
eta,q 0.97788  8.59716
  0.0240  0.0236  0.0231  0.0241  0.0238  0.0236  0.0232  0.0242  0.0230  0.0235  0.0225  0.0226
  0.0232  0.0230  0.0227  0.0233  0.0231  0.0231  0.0226  0.0231  0.0225  0.0228  0.0223  0.0223
  0.0227  0.0226  0.0225  0.0228  0.0227  0.0227  0.0222  0.0223  0.0222  0.0223  0.0222  0.0221
  0.0225  0.0225  0.0225  0.0225  0.0224  0.0224  0.0221  0.0221  0.0221  0.0221  0.0221  0.0221
  0.0226  0.0226  0.0226  0.0224  0.0225  0.0221  0.0222  0.0223  0.0222  0.0223  0.0222  0.0222
  0.0231  0.0230  0.0228  0.0226  0.0228  0.0221  0.0226  0.0230  0.0225  0.0227  0.0223  0.0224
  0.0240  0.0236  0.0231  0.0233  0.0235  0.0227  0.0233  0.0241  0.0230  0.0234  0.0225  0.0227
niter,ni,del,rscale     4    3    5.0000    0.7000
parameters
    0.6067   23.8819   -5.3996   -4.2849  -12.3955    1.1478
    2.2877    0.3182   -1.1143   35.1789   -1.5974  -28.7101
eta,q 0.97787  8.59517
  0.0233  0.0230  0.0226  0.0233  0.0230  0.0230  0.0230  0.0237  0.0228  0.0232  0.0224  0.0225
  0.0226  0.0225  0.0223  0.0227  0.0226  0.0227  0.0225  0.0228  0.0224  0.0226  0.0223  0.0223
  0.0222  0.0222  0.0221  0.0223  0.0222  0.0224  0.0222  0.0223  0.0222  0.0223  0.0222  0.0222
  0.0221  0.0221  0.0221  0.0221  0.0221  0.0221  0.0221  0.0221  0.0221  0.0221  0.0221  0.0221
  0.0223  0.0222  0.0222  0.0221  0.0222  0.0221  0.0222  0.0223  0.0222  0.0223  0.0222  0.0222
  0.0227  0.0226  0.0225  0.0225  0.0225  0.0226  0.0225  0.0228  0.0224  0.0226  0.0222  0.0223
  0.0234  0.0231  0.0228  0.0233  0.0231  0.0235  0.0230  0.0237  0.0228  0.0231  0.0224  0.0226
niter,ni,del,rscale     3    3    5.0000    0.6000
parameters
    0.6024   23.8883   -5.4859   -4.1612  -12.3754    1.3454
    2.2874    0.3295   -1.1017   35.2059   -1.5242  -28.9052
eta,q 0.97790  8.60674
  0.0230  0.0228  0.0225  0.0230  0.0228  0.0229  0.0227  0.0233  0.0226  0.0229  0.0223  0.0224
  0.0225  0.0224  0.0223  0.0225  0.0225  0.0226  0.0224  0.0226  0.0223  0.0224  0.0222  0.0222
  0.0222  0.0222  0.0221  0.0222  0.0222  0.0224  0.0222  0.0222  0.0222  0.0222  0.0221  0.0221
  0.0221  0.0221  0.0221  0.0221  0.0221  0.0221  0.0221  0.0221  0.0221  0.0221  0.0221  0.0221
  0.0222  0.0222  0.0222  0.0222  0.0222  0.0221  0.0222  0.0222  0.0222  0.0222  0.0221  0.0222
  0.0225  0.0224  0.0224  0.0224  0.0224  0.0223  0.0224  0.0226  0.0223  0.0224  0.0222  0.0223
  0.0230  0.0228  0.0226  0.0229  0.0229  0.0229  0.0227  0.0233  0.0226  0.0228  0.0223  0.0225
niter,ni,del,rscale     2    3    5.0000    0.5000
parameters
    0.5917   23.8844   -5.5012   -4.0741  -12.3833    1.5598
    2.3013    0.3152   -1.0968   35.2047   -1.4042  -28.9903
eta,q 0.97793  8.61462
  0.0227  0.0226  0.0224  0.0227  0.0226  0.0227  0.0225  0.0229  0.0224  0.0226  0.0223  0.0223
  0.0224  0.0223  0.0222  0.0224  0.0223  0.0225  0.0223  0.0224  0.0222  0.0223  0.0222  0.0222
  0.0222  0.0222  0.0221  0.0222  0.0222  0.0223  0.0221  0.0222  0.0221  0.0221  0.0221  0.0221
  0.0221  0.0221  0.0221  0.0221  0.0221  0.0221  0.0221  0.0221  0.0221  0.0221  0.0221  0.0221
  0.0222  0.0221  0.0221  0.0221  0.0221  0.0221  0.0221  0.0222  0.0221  0.0221  0.0221  0.0221
  0.0224  0.0223  0.0222  0.0223  0.0223  0.0223  0.0223  0.0225  0.0222  0.0223  0.0221  0.0222
  0.0227  0.0226  0.0224  0.0227  0.0226  0.0227  0.0225  0.0229  0.0224  0.0226  0.0222  0.0223
niter,ni,del,rscale     1    3    5.0000    0.4000
parameters
    0.5846   23.8868   -5.4792   -4.0237  -12.3761    1.7446
    2.3165    0.3016   -1.0918   35.1875   -1.3925  -29.0002
eta,q 0.97795  8.62000
  0.0225  0.0224  0.0223  0.0224  0.0224  0.0226  0.0223  0.0226  0.0223  0.0224  0.0222  0.0222
  0.0222  0.0222  0.0222  0.0222  0.0222  0.0224  0.0222  0.0223  0.0222  0.0222  0.0221  0.0221
  0.0221  0.0221  0.0221  0.0221  0.0221  0.0222  0.0221  0.0221  0.0221  0.0221  0.0221  0.0221
  0.0221  0.0221  0.0221  0.0221  0.0221  0.0221  0.0221  0.0221  0.0221  0.0221  0.0221  0.0221
  0.0221  0.0221  0.0221  0.0221  0.0221  0.0221  0.0221  0.0221  0.0221  0.0221  0.0221  0.0221
  0.0222  0.0222  0.0222  0.0222  0.0222  0.0222  0.0222  0.0223  0.0222  0.0222  0.0221  0.0221
  0.0225  0.0224  0.0223  0.0224  0.0224  0.0225  0.0223  0.0226  0.0223  0.0224  0.0222  0.0222
registration optimization eta report
parameter search radius
    0.8000    0.8000    0.8000    2.4000    2.4000    2.4000
    2.4000    2.4000    2.4000    2.4000    2.4000    2.4000
100000*second partial in parameter space
       63.       47.       32.        6.        6.        8.
        5.       10.        4.        6.        2.        3.
  0.0225  0.0224  0.0223  0.0224  0.0224  0.0226  0.0223  0.0226  0.0223  0.0224  0.0222  0.0222
  0.0222  0.0222  0.0222  0.0222  0.0222  0.0224  0.0222  0.0223  0.0222  0.0222  0.0221  0.0221
  0.0221  0.0221  0.0221  0.0221  0.0221  0.0222  0.0221  0.0221  0.0221  0.0221  0.0221  0.0221
  0.0221  0.0221  0.0221  0.0221  0.0221  0.0221  0.0221  0.0221  0.0221  0.0221  0.0221  0.0221
  0.0221  0.0221  0.0221  0.0221  0.0221  0.0221  0.0221  0.0221  0.0221  0.0221  0.0221  0.0221
  0.0222  0.0222  0.0222  0.0222  0.0222  0.0222  0.0222  0.0223  0.0222  0.0222  0.0221  0.0221
  0.0225  0.0224  0.0223  0.0224  0.0224  0.0225  0.0223  0.0226  0.0223  0.0224  0.0222  0.0222
    0.5846   23.8868   -5.4792   -4.0237  -12.3761    1.7446
    2.3165    0.3016   -1.0918   35.1875   -1.3925  -29.0002
eta,q 0.97795  8.62000

---------------------------------------------------------------------
imgreg_4dfp /opt/freesurfer/average/711-2C_as_mni_average_305 /opt/freesurfer/average/711-2B_as_mni_average_305_mask talsrcimg_g11 none talsrcimg_to_711-2C_as_mni_average_305_t4 2311
---------------------------------------------------------------------

freesurfer imgreg_4dfp.c
/opt/freesurfer/average/711-2C_as_mni_average_305.4dfp.img
       256       256       256         1
  1.000000  1.000000  1.000000
orientation T byte_order littleendian
Reading image: /opt/freesurfer/average/711-2C_as_mni_average_305.4dfp.img
dimensions:      256       256       256
mmppix:       1.0000   -1.0000   -1.0000
center:     128.0000 -129.0000 -129.0000
/opt/freesurfer/average/711-2B_as_mni_average_305_mask.4dfp.img
       256       256       256         1
  1.000000  1.000000  1.000000
orientation T byte_order littleendian
Reading mask: /opt/freesurfer/average/711-2B_as_mni_average_305_mask.4dfp.img (2306576 pixels)
talsrcimg_g11.4dfp.img
       256       256       256         1
  1.000000  1.000000  1.000000
orientation T byte_order littleendian
Reading image: talsrcimg_g11.4dfp.img
dimensions:      256       256       256
mmppix:       1.0000   -1.0000   -1.0000
center:     128.0000 -129.0000 -129.0000
fimgreg.f
image alignment mode   2311 decimal      907 hex
parameters
    0.5846   23.8868   -5.4792   -4.0237  -12.3761    1.7446
    2.3165    0.3016   -1.0918   35.1875   -1.3925  -29.0002
eta,q 0.97795  8.62000
niter,ni,del,rscale     5    3    5.0000    0.8000
parameters
    0.5774   23.8606   -5.4016   -4.4155  -12.5378    1.0424
    2.2941    0.2760   -1.0907   35.2518   -1.6067  -28.7470
eta,q 0.97783  8.58502
  0.0237  0.0232  0.0230  0.0234  0.0232  0.0231  0.0233  0.0241  0.0230  0.0235  0.0225  0.0228
  0.0228  0.0226  0.0225  0.0227  0.0226  0.0227  0.0226  0.0230  0.0225  0.0228  0.0223  0.0224
  0.0222  0.0222  0.0222  0.0222  0.0222  0.0224  0.0223  0.0224  0.0223  0.0223  0.0222  0.0223
  0.0221  0.0221  0.0221  0.0221  0.0221  0.0221  0.0222  0.0222  0.0222  0.0222  0.0222  0.0222
  0.0222  0.0222  0.0221  0.0222  0.0222  0.0222  0.0223  0.0224  0.0223  0.0223  0.0222  0.0222
  0.0228  0.0226  0.0224  0.0228  0.0227  0.0230  0.0227  0.0231  0.0226  0.0227  0.0223  0.0224
  0.0237  0.0233  0.0228  0.0242  0.0235  0.0244  0.0233  0.0241  0.0230  0.0234  0.0226  0.0226
niter,ni,del,rscale     4    3    5.0000    0.7000
parameters
    0.6034   23.8945   -5.4801   -4.2453  -12.4377    1.1192
    2.2854    0.3148   -1.1095   35.2409   -1.5596  -28.8701
eta,q 0.97787  8.59695
  0.0234  0.0231  0.0227  0.0233  0.0231  0.0231  0.0230  0.0237  0.0228  0.0231  0.0224  0.0225
  0.0227  0.0226  0.0224  0.0227  0.0226  0.0228  0.0225  0.0228  0.0224  0.0226  0.0223  0.0223
  0.0223  0.0223  0.0222  0.0223  0.0223  0.0224  0.0222  0.0223  0.0222  0.0222  0.0222  0.0222
  0.0222  0.0222  0.0222  0.0222  0.0221  0.0221  0.0221  0.0221  0.0221  0.0221  0.0221  0.0221
  0.0223  0.0222  0.0223  0.0222  0.0222  0.0221  0.0222  0.0223  0.0222  0.0223  0.0222  0.0222
  0.0227  0.0225  0.0225  0.0225  0.0225  0.0224  0.0225  0.0228  0.0224  0.0226  0.0223  0.0223
  0.0233  0.0230  0.0228  0.0233  0.0231  0.0233  0.0230  0.0237  0.0228  0.0231  0.0224  0.0226
niter,ni,del,rscale     3    3    5.0000    0.6000
parameters
    0.6003   23.8899   -5.5188   -4.1528  -12.4087    1.3445
    2.2939    0.3240   -1.0956   35.2403   -1.4885  -28.9707
eta,q 0.97790  8.60703
  0.0230  0.0228  0.0225  0.0230  0.0229  0.0229  0.0227  0.0233  0.0226  0.0229  0.0223  0.0224
  0.0225  0.0224  0.0223  0.0225  0.0225  0.0227  0.0224  0.0226  0.0223  0.0224  0.0222  0.0222
  0.0222  0.0222  0.0222  0.0222  0.0222  0.0224  0.0222  0.0222  0.0222  0.0222  0.0221  0.0221
  0.0221  0.0221  0.0221  0.0221  0.0221  0.0221  0.0221  0.0221  0.0221  0.0221  0.0221  0.0221
  0.0222  0.0222  0.0222  0.0222  0.0222  0.0221  0.0222  0.0222  0.0222  0.0222  0.0221  0.0221
  0.0225  0.0224  0.0224  0.0224  0.0224  0.0223  0.0224  0.0226  0.0223  0.0224  0.0222  0.0223
  0.0230  0.0228  0.0226  0.0230  0.0229  0.0229  0.0227  0.0233  0.0226  0.0228  0.0223  0.0224
niter,ni,del,rscale     2    3    5.0000    0.5000
parameters
    0.5897   23.8866   -5.5142   -4.0766  -12.4035    1.5656
    2.2996    0.3157   -1.0962   35.2230   -1.3975  -29.0146
eta,q 0.97793  8.61453
  0.0227  0.0226  0.0224  0.0227  0.0226  0.0227  0.0225  0.0229  0.0224  0.0226  0.0222  0.0223
  0.0224  0.0223  0.0222  0.0224  0.0223  0.0225  0.0223  0.0225  0.0222  0.0223  0.0222  0.0222
  0.0222  0.0222  0.0221  0.0222  0.0222  0.0223  0.0221  0.0222  0.0221  0.0221  0.0221  0.0221
  0.0221  0.0221  0.0221  0.0221  0.0221  0.0221  0.0221  0.0221  0.0221  0.0221  0.0221  0.0221
  0.0222  0.0221  0.0221  0.0221  0.0221  0.0221  0.0221  0.0222  0.0221  0.0221  0.0221  0.0221
  0.0224  0.0223  0.0222  0.0223  0.0223  0.0223  0.0223  0.0225  0.0222  0.0223  0.0221  0.0222
  0.0227  0.0226  0.0224  0.0227  0.0226  0.0227  0.0225  0.0229  0.0224  0.0226  0.0222  0.0223
niter,ni,del,rscale     1    3    5.0000    0.4000
parameters
    0.5836   23.8871   -5.4818   -4.0261  -12.3924    1.7524
    2.3133    0.2995   -1.1014   35.1995   -1.3904  -29.0255
eta,q 0.97795  8.61994
  0.0225  0.0224  0.0223  0.0224  0.0224  0.0226  0.0223  0.0226  0.0223  0.0224  0.0222  0.0222
  0.0222  0.0222  0.0222  0.0222  0.0222  0.0224  0.0222  0.0223  0.0222  0.0222  0.0221  0.0221
  0.0221  0.0221  0.0221  0.0221  0.0221  0.0222  0.0221  0.0221  0.0221  0.0221  0.0221  0.0221
  0.0221  0.0221  0.0221  0.0221  0.0221  0.0221  0.0221  0.0221  0.0221  0.0221  0.0220  0.0220
  0.0221  0.0221  0.0221  0.0221  0.0221  0.0221  0.0221  0.0221  0.0221  0.0221  0.0221  0.0221
  0.0222  0.0222  0.0222  0.0222  0.0222  0.0222  0.0222  0.0223  0.0222  0.0222  0.0221  0.0221
  0.0225  0.0224  0.0223  0.0224  0.0224  0.0225  0.0223  0.0226  0.0223  0.0224  0.0222  0.0222
registration optimization eta report
parameter search radius
    0.8000    0.8000    0.8000    2.4000    2.4000    2.4000
    2.4000    2.4000    2.4000    2.4000    2.4000    2.4000
100000*second partial in parameter space
       63.       47.       33.        6.        6.        8.
        5.       10.        4.        6.        2.        3.
  0.0225  0.0224  0.0223  0.0224  0.0224  0.0226  0.0223  0.0226  0.0223  0.0224  0.0222  0.0222
  0.0222  0.0222  0.0222  0.0222  0.0222  0.0224  0.0222  0.0223  0.0222  0.0222  0.0221  0.0221
  0.0221  0.0221  0.0221  0.0221  0.0221  0.0222  0.0221  0.0221  0.0221  0.0221  0.0221  0.0221
  0.0221  0.0221  0.0221  0.0221  0.0221  0.0221  0.0221  0.0221  0.0221  0.0221  0.0220  0.0220
  0.0221  0.0221  0.0221  0.0221  0.0221  0.0221  0.0221  0.0221  0.0221  0.0221  0.0221  0.0221
  0.0222  0.0222  0.0222  0.0222  0.0222  0.0222  0.0222  0.0223  0.0222  0.0222  0.0221  0.0221
  0.0225  0.0224  0.0223  0.0224  0.0224  0.0225  0.0223  0.0226  0.0223  0.0224  0.0222  0.0222
    0.5836   23.8871   -5.4818   -4.0261  -12.3924    1.7524
    2.3133    0.2995   -1.1014   35.1995   -1.3904  -29.0255
eta,q 0.97795  8.61994

---------------------------------------------------------------------
compute_vox2vox talsrcimg talsrcimg_to_711-2C_as_mni_average_305_t4 /opt/freesurfer/average/711-2C_as_mni_average_305
---------------------------------------------------------------------

freesurfer compute_vox2vox.c
Reading: talsrcimg.4dfp.ifh
Reading: talsrcimg_to_711-2C_as_mni_average_305_t4
Reading: /opt/freesurfer/average/711-2C_as_mni_average_305.4dfp.ifh
Writing: talsrcimg_to_711-2C_as_mni_average_305_t4_vox2vox.txt

start time Sun Nov 24 06:24:52 UTC 2024
end		time Sun Nov 24 06:25:32 UTC 2024

mpr2mni305 success

avi2talxfm orig_nu.mgz /opt/freesurfer/average/mni305.cor.mgz talsrcimg_to_711-2C_as_mni_average_305_t4_vox2vox.txt transforms/talairach.auto.xfm
avi2talxfm done
mv -f /scratch/tmp/fs_mp2rage_tests2/sourcedata/freesurfer_memprage/sub-fsm99tc/mri/talsrcimg_to_711-2C_as_mni_average_305_t4_vox2vox.txt /scratch/tmp/fs_mp2rage_tests2/sourcedata/freesurfer_memprage/sub-fsm99tc/mri/transforms/talsrcimg_to_711-2C_as_mni_average_305_t4_vox2vox.txt
lta_convert --src orig_nu.mgz --trg /opt/freesurfer/average/mni305.cor.mgz --inxfm transforms/talairach.auto.xfm --outlta transforms/talairach.auto.xfm.lta --subject fsaverage
7.3.2

--src: orig_nu.mgz src image (geometry).
--trg: /opt/freesurfer/average/mni305.cor.mgz trg image (geometry).
--inmni: transforms/talairach.auto.xfm input MNI/XFM transform.
--outlta: transforms/talairach.auto.xfm.lta output LTA.
--s: fsaverage subject name
 LTA read, type : 1
 1.04174   0.00579  -0.02559  -2.07109;
 0.01612   0.88181   0.29173  -25.34591;
 0.00662  -0.35423   1.02392   36.71208;
 0.00000   0.00000   0.00000   1.00000;
setting subject to fsaverage
Writing  LTA to file transforms/talairach.auto.xfm.lta...
lta_convert successful.
 
 
Started at Sun Nov 24 06:24:49 UTC 2024
Ended   at Sun Nov 24 06:25:33 UTC 2024
talairach_avi done
