Log file for defect2seg
Sun Nov 24 13:40:11 UTC 2024

setenv SUBJECTS_DIR /scratch/tmp/fs_mp2rage_tests/sourcedata/freesurfer_mp2rage
cd /scratch/tmp/fs_mp2rage_tests/sourcedata/freesurfer_mp2rage/sub-fsm50ww/scripts
/opt/freesurfer/bin/defect2seg --s sub-fsm50ww --rh-only --cortex

freesurfer-linux-ubuntu22_x86_64-7.3.2-20220804-6354275
defect2seg 7.3.2
Linux elm.criugm.qc.ca 5.15.0-113-generic #123-Ubuntu SMP Mon Jun 10 08:16:17 UTC 2024 x86_64 x86_64 x86_64 GNU/Linux
pid 1970841
mri_label2label --label-cortex /scratch/tmp/fs_mp2rage_tests/sourcedata/freesurfer_mp2rage/sub-fsm50ww/surf/rh.orig.nofix /scratch/tmp/fs_mp2rage_tests/sourcedata/freesurfer_mp2rage/sub-fsm50ww/mri/aseg.presurf.mgz 0 /scratch/tmp/fs_mp2rage_tests/sourcedata/freesurfer_mp2rage/sub-fsm50ww/label/rh.nofix.cortex.label

 Generating cortex label... RemoveHipAmgy=0
 NucAccIsMedialWall=0
 mris->useRealRAS=0
11 non-cortical segments detected
only using segment with 7247 vertices
erasing segment 1 (vno[0] = 42296)
erasing segment 2 (vno[0] = 69157)
erasing segment 3 (vno[0] = 81909)
erasing segment 4 (vno[0] = 86446)
erasing segment 5 (vno[0] = 87501)
erasing segment 6 (vno[0] = 89560)
erasing segment 7 (vno[0] = 90410)
erasing segment 8 (vno[0] = 91412)
erasing segment 9 (vno[0] = 92410)
erasing segment 10 (vno[0] = 109929)
mri_label2vol --defects /scratch/tmp/fs_mp2rage_tests/sourcedata/freesurfer_mp2rage/sub-fsm50ww/surf/rh.orig.nofix /scratch/tmp/fs_mp2rage_tests/sourcedata/freesurfer_mp2rage/sub-fsm50ww/surf/rh.defect_labels /scratch/tmp/fs_mp2rage_tests/sourcedata/freesurfer_mp2rage/sub-fsm50ww/mri/orig.mgz 2000 0 /scratch/tmp/fs_mp2rage_tests/sourcedata/freesurfer_mp2rage/sub-fsm50ww/mri/rh.surface.defects.mgz /scratch/tmp/fs_mp2rage_tests/sourcedata/freesurfer_mp2rage/sub-fsm50ww/label/rh.nofix.cortex.label
mri_label2vol supposed to be reproducible but seed not set
Contraining to label /scratch/tmp/fs_mp2rage_tests/sourcedata/freesurfer_mp2rage/sub-fsm50ww/label/rh.nofix.cortex.label
Changing input type 0 to MRI_INT
Converting defects to volume: offset=2000, merge=0
Writing to /scratch/tmp/fs_mp2rage_tests/sourcedata/freesurfer_mp2rage/sub-fsm50ww/mri/rh.surface.defects.mgz
mris_defects_pointset -s /scratch/tmp/fs_mp2rage_tests/sourcedata/freesurfer_mp2rage/sub-fsm50ww/surf/rh.orig.nofix -d /scratch/tmp/fs_mp2rage_tests/sourcedata/freesurfer_mp2rage/sub-fsm50ww/surf/rh.defect_labels -o /scratch/tmp/fs_mp2rage_tests/sourcedata/freesurfer_mp2rage/sub-fsm50ww/surf/rh.defects.pointset --label /scratch/tmp/fs_mp2rage_tests/sourcedata/freesurfer_mp2rage/sub-fsm50ww/label/rh.nofix.cortex.label
Reading in surface /scratch/tmp/fs_mp2rage_tests/sourcedata/freesurfer_mp2rage/sub-fsm50ww/surf/rh.orig.nofix
Reading in defect segmentation /scratch/tmp/fs_mp2rage_tests/sourcedata/freesurfer_mp2rage/sub-fsm50ww/surf/rh.defect_labels
Reading in label /scratch/tmp/fs_mp2rage_tests/sourcedata/freesurfer_mp2rage/sub-fsm50ww/label/rh.nofix.cortex.label
#VMPC# mris_defects_pointset 672232
mris_defects_pointset done
 
Started at Sun Nov 24 13:40:10 UTC 2024 
Ended   at Sun Nov 24 13:40:58 UTC 2024
Defect2seg-Run-Time-Sec 48
Defect2seg-Run-Time-Min 0.96
Defect2seg-Run-Time-Hours 0.01
 
defect2seg Done
