status file for recon-all
Sun Nov 24 13:34:10 UTC 2024
#@# Tessellate rh Sun Nov 24 13:34:10 UTC 2024
#@# Smooth1 rh Sun Nov 24 13:34:25 UTC 2024
#@# Inflation1 rh Sun Nov 24 13:34:32 UTC 2024
#@# QSphere rh Sun Nov 24 13:35:04 UTC 2024
#@# Fix Topology rh Sun Nov 24 13:38:14 UTC 2024
#@# Smooth2 rh Sun Nov 24 13:56:24 UTC 2024
#@# Inflation2 rh Sun Nov 24 13:56:33 UTC 2024
#@# Curv .H and .K rh Sun Nov 24 13:57:13 UTC 2024
#@# Sphere rh Sun Nov 24 13:58:58 UTC 2024
#@# Surf Reg rh Sun Nov 24 14:06:44 UTC 2024
#@# Jacobian white rh Sun Nov 24 14:19:25 UTC 2024
#@# AvgCurv rh Sun Nov 24 14:19:28 UTC 2024
#@# Cortical Parc rh Sun Nov 24 14:19:30 UTC 2024
#@# white curv rh Sun Nov 24 14:35:43 UTC 2024
#@# white area rh Sun Nov 24 14:35:47 UTC 2024
#@# pial curv rh Sun Nov 24 14:35:49 UTC 2024
#@# pial area rh Sun Nov 24 14:35:53 UTC 2024
#@# thickness rh Sun Nov 24 14:35:55 UTC 2024
#@# area and vertex vol rh Sun Nov 24 14:36:58 UTC 2024
#@# Curvature Stats rh Sun Nov 24 14:37:01 UTC 2024
#@# Cortical Parc 2 rh Sun Nov 24 14:37:07 UTC 2024
#@# Cortical Parc 3 rh Sun Nov 24 14:37:41 UTC 2024
#@# WM/GM Contrast rh Sun Nov 24 14:38:07 UTC 2024
recon-all -s sub-fsm50ww finished without error at Sun Nov 24 14:38:14 UTC 2024



#New# invocation of recon-all 



status file for recon-all
Sun Nov 24 19:56:41 UTC 2024
#@# white curv rh Sun Nov 24 19:56:41 UTC 2024
#@# white area rh Sun Nov 24 19:56:41 UTC 2024
#@# pial curv rh Sun Nov 24 19:56:41 UTC 2024
#@# pial area rh Sun Nov 24 19:56:41 UTC 2024
#@# thickness rh Sun Nov 24 19:56:42 UTC 2024
#@# area and vertex vol rh Sun Nov 24 19:56:42 UTC 2024
#@# Parcellation Stats rh Sun Nov 24 19:56:42 UTC 2024
#@# Parcellation Stats 2 rh Sun Nov 24 19:57:59 UTC 2024
#@# Parcellation Stats 3 rh Sun Nov 24 19:58:38 UTC 2024
#@# BA_exvivo Labels rh Sun Nov 24 19:59:19 UTC 2024
recon-all -s sub-fsm50ww finished without error at Sun Nov 24 20:06:44 UTC 2024
