status file for recon-all
Sun Nov 24 04:50:31 UTC 2024
#@# MotionCor Sun Nov 24 04:50:38 UTC 2024
#@# Talairach Sun Nov 24 04:50:56 UTC 2024
#@# Talairach Failure Detection Sun Nov 24 04:59:09 UTC 2024
#@# Nu Intensity Correction Sun Nov 24 04:59:10 UTC 2024
#@# Intensity Normalization Sun Nov 24 05:07:15 UTC 2024
recon-all -s sub-fsm10cv finished without error at Sun Nov 24 05:11:07 UTC 2024



#New# invocation of recon-all 



status file for recon-all
Sun Nov 24 08:13:02 UTC 2024
#@# EM Registration Sun Nov 24 08:13:02 UTC 2024
recon-all -s sub-fsm10cv finished without error at Sun Nov 24 08:21:23 UTC 2024



#New# invocation of recon-all 



status file for recon-all
Sun Nov 24 08:48:00 UTC 2024
#@# CA Normalize Sun Nov 24 08:48:00 UTC 2024
#@# CA Reg Sun Nov 24 08:50:45 UTC 2024
#@# SubCort Seg Sun Nov 24 10:52:06 UTC 2024
#@# CC Seg Sun Nov 24 12:11:01 UTC 2024
#@# Merge ASeg Sun Nov 24 12:12:04 UTC 2024
#@# Intensity Normalization2 Sun Nov 24 12:12:04 UTC 2024
#@# Mask BFS Sun Nov 24 12:17:23 UTC 2024
#@# WM Segmentation Sun Nov 24 12:17:25 UTC 2024
#@# Fill Sun Nov 24 12:23:08 UTC 2024
recon-all -s sub-fsm10cv finished without error at Sun Nov 24 12:25:36 UTC 2024



#New# invocation of recon-all 



status file for recon-all
Mon Nov 25 05:37:30 UTC 2024
#@# white curv lh Mon Nov 25 05:37:30 UTC 2024
#@# white area lh Mon Nov 25 05:37:30 UTC 2024
#@# pial curv lh Mon Nov 25 05:37:30 UTC 2024
#@# pial area lh Mon Nov 25 05:37:30 UTC 2024
#@# thickness lh Mon Nov 25 05:37:30 UTC 2024
#@# area and vertex vol lh Mon Nov 25 05:37:30 UTC 2024
#@# white curv rh Mon Nov 25 05:37:30 UTC 2024
#@# white area rh Mon Nov 25 05:37:30 UTC 2024
#@# pial curv rh Mon Nov 25 05:37:31 UTC 2024
#@# pial area rh Mon Nov 25 05:37:31 UTC 2024
#@# thickness rh Mon Nov 25 05:37:31 UTC 2024
#@# area and vertex vol rh Mon Nov 25 05:37:31 UTC 2024
#@# Cortical ribbon mask Mon Nov 25 05:37:31 UTC 2024
recon-all -s sub-fsm10cv finished without error at Mon Nov 25 05:57:32 UTC 2024



#New# invocation of recon-all 



status file for recon-all
Mon Nov 25 16:46:32 UTC 2024
#@# white curv lh Mon Nov 25 16:46:33 UTC 2024
#@# white area lh Mon Nov 25 16:46:33 UTC 2024
#@# pial curv lh Mon Nov 25 16:46:33 UTC 2024
#@# pial area lh Mon Nov 25 16:46:33 UTC 2024
#@# thickness lh Mon Nov 25 16:46:33 UTC 2024
#@# area and vertex vol lh Mon Nov 25 16:46:33 UTC 2024
#@# white curv rh Mon Nov 25 16:46:33 UTC 2024
#@# white area rh Mon Nov 25 16:46:33 UTC 2024
#@# pial curv rh Mon Nov 25 16:46:33 UTC 2024
#@# pial area rh Mon Nov 25 16:46:33 UTC 2024
#@# thickness rh Mon Nov 25 16:46:33 UTC 2024
#@# area and vertex vol rh Mon Nov 25 16:46:33 UTC 2024
#@# Curvature Stats lh Mon Nov 25 16:46:33 UTC 2024
#@# Curvature Stats rh Mon Nov 25 16:46:39 UTC 2024
#@# Relabel Hypointensities Mon Nov 25 16:46:44 UTC 2024
#@# APas-to-ASeg Mon Nov 25 16:47:17 UTC 2024
#@# AParc-to-ASeg aparc Mon Nov 25 16:47:37 UTC 2024
#@# AParc-to-ASeg aparc.a2009s Mon Nov 25 16:48:59 UTC 2024
#@# AParc-to-ASeg aparc.DKTatlas Mon Nov 25 16:50:13 UTC 2024
#@# WMParc Mon Nov 25 16:51:24 UTC 2024
#@# ASeg Stats Mon Nov 25 16:57:21 UTC 2024
recon-all -s sub-fsm10cv finished without error at Mon Nov 25 16:58:48 UTC 2024
