status file for recon-all
Sun Nov 24 09:46:51 UTC 2024
#@# Tessellate lh Sun Nov 24 09:46:51 UTC 2024
#@# Smooth1 lh Sun Nov 24 09:47:05 UTC 2024
#@# Inflation1 lh Sun Nov 24 09:47:13 UTC 2024
#@# QSphere lh Sun Nov 24 09:47:40 UTC 2024
#@# Fix Topology lh Sun Nov 24 09:51:59 UTC 2024
#@# Smooth2 lh Sun Nov 24 10:08:52 UTC 2024
#@# Inflation2 lh Sun Nov 24 10:09:00 UTC 2024
#@# Curv .H and .K lh Sun Nov 24 10:09:35 UTC 2024
#@# Sphere lh Sun Nov 24 10:11:25 UTC 2024
#@# Surf Reg lh Sun Nov 24 10:18:08 UTC 2024
#@# Jacobian white lh Sun Nov 24 10:28:08 UTC 2024
#@# AvgCurv lh Sun Nov 24 10:28:10 UTC 2024
#@# Cortical Parc lh Sun Nov 24 10:28:12 UTC 2024
#@# white curv lh Sun Nov 24 10:47:04 UTC 2024
#@# white area lh Sun Nov 24 10:47:10 UTC 2024
#@# pial curv lh Sun Nov 24 10:47:12 UTC 2024
#@# pial area lh Sun Nov 24 10:47:17 UTC 2024
#@# thickness lh Sun Nov 24 10:47:19 UTC 2024
#@# area and vertex vol lh Sun Nov 24 10:48:37 UTC 2024
#@# Curvature Stats lh Sun Nov 24 10:48:42 UTC 2024
#@# Cortical Parc 2 lh Sun Nov 24 10:48:49 UTC 2024
#@# Cortical Parc 3 lh Sun Nov 24 10:49:25 UTC 2024
#@# WM/GM Contrast lh Sun Nov 24 10:49:52 UTC 2024
recon-all -s sub-fsm22db finished without error at Sun Nov 24 10:49:59 UTC 2024



#New# invocation of recon-all 



status file for recon-all
Sun Nov 24 18:39:10 UTC 2024
#@# white curv lh Sun Nov 24 18:39:10 UTC 2024
#@# white area lh Sun Nov 24 18:39:10 UTC 2024
#@# pial curv lh Sun Nov 24 18:39:10 UTC 2024
#@# pial area lh Sun Nov 24 18:39:10 UTC 2024
#@# thickness lh Sun Nov 24 18:39:10 UTC 2024
#@# area and vertex vol lh Sun Nov 24 18:39:10 UTC 2024
#@# Parcellation Stats lh Sun Nov 24 18:39:10 UTC 2024
#@# Parcellation Stats 2 lh Sun Nov 24 18:40:41 UTC 2024
#@# Parcellation Stats 3 lh Sun Nov 24 18:41:27 UTC 2024
#@# BA_exvivo Labels lh Sun Nov 24 18:42:12 UTC 2024
recon-all -s sub-fsm22db finished without error at Sun Nov 24 18:49:35 UTC 2024
