status file for recon-all
Sun Nov 24 04:51:34 UTC 2024
#@# MotionCor Sun Nov 24 04:51:41 UTC 2024
#@# Talairach Sun Nov 24 04:51:58 UTC 2024
#@# Talairach Failure Detection Sun Nov 24 05:00:09 UTC 2024
#@# Nu Intensity Correction Sun Nov 24 05:00:09 UTC 2024
#@# Intensity Normalization Sun Nov 24 05:08:08 UTC 2024
recon-all -s sub-fsm14pu finished without error at Sun Nov 24 05:12:10 UTC 2024



#New# invocation of recon-all 



status file for recon-all
Sun Nov 24 08:13:04 UTC 2024
#@# EM Registration Sun Nov 24 08:13:04 UTC 2024
recon-all -s sub-fsm14pu finished without error at Sun Nov 24 08:21:13 UTC 2024



#New# invocation of recon-all 



status file for recon-all
Sun Nov 24 08:51:27 UTC 2024
#@# CA Normalize Sun Nov 24 08:51:27 UTC 2024
#@# CA Reg Sun Nov 24 08:54:03 UTC 2024
#@# SubCort Seg Sun Nov 24 10:37:59 UTC 2024
#@# CC Seg Sun Nov 24 12:00:17 UTC 2024
#@# Merge ASeg Sun Nov 24 12:01:50 UTC 2024
#@# Intensity Normalization2 Sun Nov 24 12:01:50 UTC 2024
#@# Mask BFS Sun Nov 24 12:07:14 UTC 2024
#@# WM Segmentation Sun Nov 24 12:07:16 UTC 2024
#@# Fill Sun Nov 24 12:13:14 UTC 2024
recon-all -s sub-fsm14pu finished without error at Sun Nov 24 12:15:31 UTC 2024



#New# invocation of recon-all 



status file for recon-all
Mon Nov 25 05:04:27 UTC 2024
#@# white curv lh Mon Nov 25 05:04:28 UTC 2024
#@# white area lh Mon Nov 25 05:04:28 UTC 2024
#@# pial curv lh Mon Nov 25 05:04:28 UTC 2024
#@# pial area lh Mon Nov 25 05:04:28 UTC 2024
#@# thickness lh Mon Nov 25 05:04:28 UTC 2024
#@# area and vertex vol lh Mon Nov 25 05:04:29 UTC 2024
#@# white curv rh Mon Nov 25 05:04:29 UTC 2024
#@# white area rh Mon Nov 25 05:04:29 UTC 2024
#@# pial curv rh Mon Nov 25 05:04:29 UTC 2024
#@# pial area rh Mon Nov 25 05:04:29 UTC 2024
#@# thickness rh Mon Nov 25 05:04:29 UTC 2024
#@# area and vertex vol rh Mon Nov 25 05:04:29 UTC 2024
#@# Cortical ribbon mask Mon Nov 25 05:04:30 UTC 2024
recon-all -s sub-fsm14pu finished without error at Mon Nov 25 05:25:44 UTC 2024



#New# invocation of recon-all 



status file for recon-all
Mon Nov 25 16:23:25 UTC 2024
#@# white curv lh Mon Nov 25 16:23:25 UTC 2024
#@# white area lh Mon Nov 25 16:23:25 UTC 2024
#@# pial curv lh Mon Nov 25 16:23:25 UTC 2024
#@# pial area lh Mon Nov 25 16:23:25 UTC 2024
#@# thickness lh Mon Nov 25 16:23:25 UTC 2024
#@# area and vertex vol lh Mon Nov 25 16:23:25 UTC 2024
#@# white curv rh Mon Nov 25 16:23:25 UTC 2024
#@# white area rh Mon Nov 25 16:23:25 UTC 2024
#@# pial curv rh Mon Nov 25 16:23:25 UTC 2024
#@# pial area rh Mon Nov 25 16:23:25 UTC 2024
#@# thickness rh Mon Nov 25 16:23:25 UTC 2024
#@# area and vertex vol rh Mon Nov 25 16:23:25 UTC 2024
#@# Curvature Stats lh Mon Nov 25 16:23:26 UTC 2024
#@# Curvature Stats rh Mon Nov 25 16:23:32 UTC 2024
#@# Relabel Hypointensities Mon Nov 25 16:23:38 UTC 2024
#@# APas-to-ASeg Mon Nov 25 16:24:16 UTC 2024
#@# AParc-to-ASeg aparc Mon Nov 25 16:24:35 UTC 2024
#@# AParc-to-ASeg aparc.a2009s Mon Nov 25 16:26:43 UTC 2024
#@# AParc-to-ASeg aparc.DKTatlas Mon Nov 25 16:28:57 UTC 2024
#@# WMParc Mon Nov 25 16:31:19 UTC 2024
#@# ASeg Stats Mon Nov 25 16:37:07 UTC 2024
recon-all -s sub-fsm14pu finished without error at Mon Nov 25 16:38:35 UTC 2024
