status file for recon-all
Mon Nov 25 02:47:02 UTC 2024
#@# Tessellate lh Mon Nov 25 02:47:02 UTC 2024
#@# Smooth1 lh Mon Nov 25 02:47:17 UTC 2024
#@# Inflation1 lh Mon Nov 25 02:47:26 UTC 2024
#@# QSphere lh Mon Nov 25 02:47:55 UTC 2024
#@# Fix Topology lh Mon Nov 25 02:50:52 UTC 2024
#@# Smooth2 lh Mon Nov 25 03:12:12 UTC 2024
#@# Inflation2 lh Mon Nov 25 03:12:22 UTC 2024
#@# Curv .H and .K lh Mon Nov 25 03:12:57 UTC 2024
#@# Sphere lh Mon Nov 25 03:14:58 UTC 2024
#@# Surf Reg lh Mon Nov 25 03:23:00 UTC 2024
#@# Jacobian white lh Mon Nov 25 03:36:44 UTC 2024
#@# AvgCurv lh Mon Nov 25 03:36:46 UTC 2024
#@# Cortical Parc lh Mon Nov 25 03:36:49 UTC 2024
#@# white curv lh Mon Nov 25 04:05:28 UTC 2024
#@# white area lh Mon Nov 25 04:05:36 UTC 2024
#@# pial curv lh Mon Nov 25 04:05:39 UTC 2024
#@# pial area lh Mon Nov 25 04:05:47 UTC 2024
#@# thickness lh Mon Nov 25 04:05:50 UTC 2024
#@# area and vertex vol lh Mon Nov 25 04:07:28 UTC 2024
#@# Curvature Stats lh Mon Nov 25 04:07:34 UTC 2024
#@# Cortical Parc 2 lh Mon Nov 25 04:07:44 UTC 2024
#@# Cortical Parc 3 lh Mon Nov 25 04:08:39 UTC 2024
#@# WM/GM Contrast lh Mon Nov 25 04:09:15 UTC 2024
recon-all -s sub-fsm14pu finished without error at Mon Nov 25 04:09:26 UTC 2024



#New# invocation of recon-all 



status file for recon-all
Mon Nov 25 16:08:59 UTC 2024
#@# white curv lh Mon Nov 25 16:08:59 UTC 2024
#@# white area lh Mon Nov 25 16:08:59 UTC 2024
#@# pial curv lh Mon Nov 25 16:08:59 UTC 2024
#@# pial area lh Mon Nov 25 16:08:59 UTC 2024
#@# thickness lh Mon Nov 25 16:08:59 UTC 2024
#@# area and vertex vol lh Mon Nov 25 16:08:59 UTC 2024
#@# Parcellation Stats lh Mon Nov 25 16:08:59 UTC 2024
#@# Parcellation Stats 2 lh Mon Nov 25 16:10:33 UTC 2024
#@# Parcellation Stats 3 lh Mon Nov 25 16:11:19 UTC 2024
#@# BA_exvivo Labels lh Mon Nov 25 16:12:06 UTC 2024
recon-all -s sub-fsm14pu finished without error at Mon Nov 25 16:18:59 UTC 2024
