/scratch/tmp/fs_mp2rage_tests2/sourcedata/freesurfer_memprage/sub-fsm39ap/mri
/opt/freesurfer/bin/talairach_avi
--i orig_nu.mgz --xfm transforms/talairach.auto.xfm
talairach_avi 7.3.2
Linux elm.criugm.qc.ca 5.15.0-113-generic #123-Ubuntu SMP Mon Jun 10 08:16:17 UTC 2024 x86_64 x86_64 x86_64 GNU/Linux
Sun Nov 24 05:22:20 UTC 2024
mri_convert orig_nu.mgz talsrcimg.img 
reading from orig_nu.mgz...
TR=0.00, TE=0.00, TI=0.00, flip angle=0.00
i_ras = (-1, -1.86265e-09, 0)
j_ras = (-7.45058e-09, 7.45058e-09, -1)
k_ras = (0, 1, 0)
writing to talsrcimg.img...
Analyze Output Matrix
-1.00000  -0.00000   0.00000   129.62892;
-0.00000   0.00000   1.00000  -88.70624;
 0.00000  -1.00000   0.00000   112.53276;
 0.00000   0.00000   0.00000   1.00000;
--------------------
INFO: set hdr.hist.orient to -1
mpr2mni305 talsrcimg
Sun Nov 24 05:22:24 UTC 2024
/opt/freesurfer/bin/mpr2mni305 talsrcimg
mpr2mni305 7.3.2
target=711-2C_as_mni_average_305

---------------------------------------------------------------------
analyzeto4dfp talsrcimg -O0 -y
---------------------------------------------------------------------

freesurfer ifh2hdr.c
Sun Nov 24 05:22:25 2024
Writing: talsrcimg.4dfp.hdr
freesurfer analyzeto4dfp.c
Reading: talsrcimg.hdr
header size 348 bytes
hdr.dime.datatype	offset=70	value=2
hdr.dime.bitpix		offset=72	value=8
hdr.hist.orient		offset=252	value=-1
dimensionality     4
dimensions       256       256       256         1
Reading: talsrcimg.img
Writing: talsrcimg.4dfp.img
Writing: talsrcimg.4dfp.ifh
ifh2hdr talsrcimg -r0to255
ori=2

---------------------------------------------------------------------
gauss_4dfp talsrcimg 1.1
---------------------------------------------------------------------

freesurfer gauss_4dfp.c
Reading: talsrcimg.4dfp.img
Writing: talsrcimg_g11.4dfp.img
image dimensions 256 256 256 padded to 288 288 288
processing volume 1freesurfer ifh2hdr.c
Sun Nov 24 05:22:36 2024
Writing: talsrcimg_g11.4dfp.hdr

Writing: talsrcimg_g11.4dfp.ifh
including: talsrcimg.4dfp.img.rec in talsrcimg_g11.4dfp.img.rec

---------------------------------------------------------------------
imgreg_4dfp /opt/freesurfer/average/711-2C_as_mni_average_305 none talsrcimg_g11 none talsrcimg_to_711-2C_as_mni_average_305_t4 4355
---------------------------------------------------------------------

freesurfer imgreg_4dfp.c
/opt/freesurfer/average/711-2C_as_mni_average_305.4dfp.img
       256       256       256         1
  1.000000  1.000000  1.000000
orientation T byte_order littleendian
Reading image: /opt/freesurfer/average/711-2C_as_mni_average_305.4dfp.img
dimensions:      256       256       256
mmppix:       1.0000   -1.0000   -1.0000
center:     128.0000 -129.0000 -129.0000
talsrcimg_g11.4dfp.img
       256       256       256         1
  1.000000  1.000000  1.000000
orientation T byte_order littleendian
Reading image: talsrcimg_g11.4dfp.img
dimensions:      256       256       256
mmppix:       1.0000   -1.0000   -1.0000
center:     128.0000 -129.0000 -129.0000
t4_read: open error in t4_sub.f l:  41 t4_file(1:l)talsrcimg_to_711-2C_as_mni_average_305_t4 
t4_read: transform initialized to I4
rotation matrix determinant  1.000000
image alignment mode   4355 decimal     1103 hex
   -7.5000  -45.0000  -45.000010753.0059    7.7218
    0.0000  -45.0000  -45.000011212.4805    7.7204
    7.5000  -45.0000  -45.000010755.1689    7.7236
   -7.5000  -37.5000  -45.000010900.8076    7.7810
    0.0000  -37.5000  -45.000011366.9375    7.7792
    7.5000  -37.5000  -45.000010879.8662    7.7831
   -7.5000  -30.0000  -45.000011312.8916    7.6250
    0.0000  -30.0000  -45.000011790.2041    7.6232
    7.5000  -30.0000  -45.000011262.6104    7.6266
   -7.5000  -22.5000  -45.000011733.6084    7.5206
    0.0000  -22.5000  -45.000012228.9062    7.5203
    7.5000  -22.5000  -45.000011663.2637    7.5233
   -7.5000  -15.0000  -45.000012143.6074    7.4703
    0.0000  -15.0000  -45.000012653.4805    7.4712
    7.5000  -15.0000  -45.000012040.5342    7.4739
   -7.5000   -7.5000  -45.000012519.7617    7.4385
    0.0000   -7.5000  -45.000013060.5801    7.4391
    7.5000   -7.5000  -45.000012430.1826    7.4417
   -7.5000    0.0000  -45.000012849.1836    7.4344
    0.0000    0.0000  -45.000013401.1025    7.4337
    7.5000    0.0000  -45.000012741.1826    7.4367
   -7.5000    7.5000  -45.000012254.2949    7.6059
    0.0000    7.5000  -45.000012783.0781    7.6042
    7.5000    7.5000  -45.000012129.2617    7.6074
   -7.5000   15.0000  -45.000011727.2480    7.8794
    0.0000   15.0000  -45.000012241.1582    7.8782
    7.5000   15.0000  -45.000011593.5176    7.8814
   -7.5000   22.5000  -45.000011144.2412    8.1709
    0.0000   22.5000  -45.000011639.4717    8.1729
    7.5000   22.5000  -45.000011025.7773    8.1769
   -7.5000   30.0000  -45.000010510.1328    8.3576
    0.0000   30.0000  -45.000010987.2559    8.3601
    7.5000   30.0000  -45.000010399.6279    8.3635
   -7.5000   37.5000  -45.000010266.6992    8.6732
    0.0000   37.5000  -45.000010728.5820    8.6734
    7.5000   37.5000  -45.000010143.9717    8.6765
   -7.5000   45.0000  -45.0000 9650.2842    8.7778
    0.0000   45.0000  -45.000010075.8516    8.7745
    7.5000   45.0000  -45.0000 9515.5488    8.7775
   -7.5000  -45.0000  -37.500011204.8916    7.6889
    0.0000  -45.0000  -37.500011679.4912    7.6872
    7.5000  -45.0000  -37.500011201.3994    7.6895
   -7.5000  -37.5000  -37.500011392.4648    7.7469
    0.0000  -37.5000  -37.500011870.0498    7.7452
    7.5000  -37.5000  -37.500011349.9463    7.7479
   -7.5000  -30.0000  -37.500011829.9111    7.5932
    0.0000  -30.0000  -37.500012315.2295    7.5923
    7.5000  -30.0000  -37.500011754.2490    7.5948
   -7.5000  -22.5000  -37.500012263.4814    7.4909
    0.0000  -22.5000  -37.500012775.2783    7.4918
    7.5000  -22.5000  -37.500012172.4678    7.4943
   -7.5000  -15.0000  -37.500012680.8740    7.4416
    0.0000  -15.0000  -37.500013204.4844    7.4435
    7.5000  -15.0000  -37.500012548.8281    7.4456
   -7.5000   -7.5000  -37.500013069.3223    7.4089
    0.0000   -7.5000  -37.500013612.8750    7.4098
    7.5000   -7.5000  -37.500012948.5059    7.4118
   -7.5000    0.0000  -37.500013408.5420    7.4034
    0.0000    0.0000  -37.500013964.1133    7.4024
    7.5000    0.0000  -37.500013289.0000    7.4045
   -7.5000    7.5000  -37.500012795.8711    7.5728
    0.0000    7.5000  -37.500013346.5947    7.5712
    7.5000    7.5000  -37.500012665.0381    7.5733
   -7.5000   15.0000  -37.500012256.2207    7.8465
    0.0000   15.0000  -37.500012772.6631    7.8464
    7.5000   15.0000  -37.500012095.3467    7.8488
   -7.5000   22.5000  -37.500011624.6709    8.1397
    0.0000   22.5000  -37.500012123.6475    8.1437
    7.5000   22.5000  -37.500011497.7930    8.1472
   -7.5000   30.0000  -37.500010959.7646    8.3272
    0.0000   30.0000  -37.500011437.4238    8.3316
    7.5000   30.0000  -37.500010854.5811    8.3349
   -7.5000   37.5000  -37.500010688.2881    8.6389
    0.0000   37.5000  -37.500011162.2041    8.6402
    7.5000   37.5000  -37.500010588.3115    8.6429
   -7.5000   45.0000  -37.500010052.5586    8.7417
    0.0000   45.0000  -37.500010479.7412    8.7384
    7.5000   45.0000  -37.5000 9935.2393    8.7403
   -7.5000  -45.0000  -30.000011884.3564    7.9825
    0.0000  -45.0000  -30.000012371.8418    7.9788
    7.5000  -45.0000  -30.000011872.0020    7.9803
   -7.5000  -37.5000  -30.000012111.1230    8.0409
    0.0000  -37.5000  -30.000012583.5391    8.0378
    7.5000  -37.5000  -30.000012030.3877    8.0396
   -7.5000  -30.0000  -30.000012560.3887    7.8793
    0.0000  -30.0000  -30.000013042.9482    7.8775
    7.5000  -30.0000  -30.000012451.9561    7.8796
   -7.5000  -22.5000  -30.000013030.7275    7.7723
    0.0000  -22.5000  -30.000013542.5908    7.7722
    7.5000  -22.5000  -30.000012904.7939    7.7744
   -7.5000  -15.0000  -30.000013481.3379    7.7220
    0.0000  -15.0000  -30.000014015.5078    7.7223
    7.5000  -15.0000  -30.000013335.6680    7.7241
   -7.5000   -7.5000  -30.000013899.0342    7.6902
    0.0000   -7.5000  -30.000014447.6982    7.6889
    7.5000   -7.5000  -30.000013754.2656    7.6904
   -7.5000    0.0000  -30.000014306.2129    7.6853
    0.0000    0.0000  -30.000014875.2188    7.6824
    7.5000    0.0000  -30.000014156.3408    7.6838
   -7.5000    7.5000  -30.000013679.9707    7.8595
    0.0000    7.5000  -30.000014243.4727    7.8565
    7.5000    7.5000  -30.000013519.2500    7.8577
   -7.5000   15.0000  -30.000013071.5527    8.1417
    0.0000   15.0000  -30.000013584.2871    8.1407
    7.5000   15.0000  -30.000012900.6523    8.1427
   -7.5000   22.5000  -30.000012374.0898    8.4457
    0.0000   22.5000  -30.000012859.7822    8.4485
    7.5000   22.5000  -30.000012243.2588    8.4515
   -7.5000   30.0000  -30.000011661.3398    8.6436
    0.0000   30.0000  -30.000012132.9326    8.6463
    7.5000   30.0000  -30.000011550.7373    8.6491
   -7.5000   37.5000  -30.000011363.3193    8.9661
    0.0000   37.5000  -30.000011837.5137    8.9651
    7.5000   37.5000  -30.000011257.1846    8.9671
   -7.5000   45.0000  -30.000010665.0459    9.0781
    0.0000   45.0000  -30.000011107.7881    9.0721
    7.5000   45.0000  -30.000010543.1084    9.0724
   -7.5000  -45.0000  -22.500012516.0586    8.2432
    0.0000  -45.0000  -22.500013029.5488    8.2389
    7.5000  -45.0000  -22.500012508.7441    8.2411
   -7.5000  -37.5000  -22.500012749.1025    8.3027
    0.0000  -37.5000  -22.500013246.7852    8.2994
    7.5000  -37.5000  -22.500012672.8584    8.3021
   -7.5000  -30.0000  -22.500013221.8291    8.1325
    0.0000  -30.0000  -22.500013739.9766    8.1300
    7.5000  -30.0000  -22.500013108.8145    8.1328
   -7.5000  -22.5000  -22.500013708.3203    8.0194
    0.0000  -22.5000  -22.500014254.8535    8.0176
    7.5000  -22.5000  -22.500013578.4873    8.0204
   -7.5000  -15.0000  -22.500014192.7930    7.9673
    0.0000  -15.0000  -22.500014752.8027    7.9655
    7.5000  -15.0000  -22.500014053.1123    7.9679
   -7.5000   -7.5000  -22.500014702.8652    7.9371
    0.0000   -7.5000  -22.500015283.8711    7.9344
    7.5000   -7.5000  -22.500014547.7275    7.9365
   -7.5000    0.0000  -22.500015199.8340    7.9346
    0.0000    0.0000  -22.500015791.1035    7.9311
    7.5000    0.0000  -22.500015023.1660    7.9333
   -7.5000    7.5000  -22.500014607.7129    8.1141
    0.0000    7.5000  -22.500015204.9219    8.1109
    7.5000    7.5000  -22.500014425.0186    8.1131
   -7.5000   15.0000  -22.500013937.7832    8.4026
    0.0000   15.0000  -22.500014485.5967    8.4007
    7.5000   15.0000  -22.500013771.1748    8.4035
   -7.5000   22.5000  -22.500013159.3008    8.7143
    0.0000   22.5000  -22.500013652.8223    8.7149
    7.5000   22.5000  -22.500013032.5664    8.7183
   -7.5000   30.0000  -22.500012399.9873    8.9216
    0.0000   30.0000  -22.500012905.7324    8.9213
    7.5000   30.0000  -22.500012266.4512    8.9240
   -7.5000   37.5000  -22.500012081.2646    9.2565
    0.0000   37.5000  -22.500012627.1738    9.2532
    7.5000   37.5000  -22.500011931.3047    9.2552
   -7.5000   45.0000  -22.500011328.8945    9.3799
    0.0000   45.0000  -22.500011845.7549    9.3725
    7.5000   45.0000  -22.500011167.6143    9.3726
   -7.5000  -45.0000  -15.000013087.4443    8.4247
    0.0000  -45.0000  -15.000013660.8779    8.4212
    7.5000  -45.0000  -15.000013118.6025    8.4255
   -7.5000  -37.5000  -15.000013326.0469    8.4865
    0.0000  -37.5000  -15.000013876.7383    8.4838
    7.5000  -37.5000  -15.000013293.9844    8.4887
   -7.5000  -30.0000  -15.000013820.9805    8.3115
    0.0000  -30.0000  -15.000014398.8135    8.3087
    7.5000  -30.0000  -15.000013769.4160    8.3130
   -7.5000  -22.5000  -15.000014366.7344    8.1942
    0.0000  -22.5000  -15.000014958.0840    8.1913
    7.5000  -22.5000  -15.000014288.7051    8.1952
   -7.5000  -15.0000  -15.000014894.4209    8.1394
    0.0000  -15.0000  -15.000015503.8359    8.1367
    7.5000  -15.0000  -15.000014815.4609    8.1403
   -7.5000   -7.5000  -15.000015449.5488    8.1090
    0.0000   -7.5000  -15.000016098.2656    8.1063
    7.5000   -7.5000  -15.000015363.1045    8.1101
   -7.5000    0.0000  -15.000015996.6064    8.1081
    0.0000    0.0000  -15.000016754.0117    8.1053
    7.5000    0.0000  -15.000015912.9473    8.1096
   -7.5000    7.5000  -15.000015486.6494    8.2926
    0.0000    7.5000  -15.000016372.6162    8.2900
    7.5000    7.5000  -15.000015373.1523    8.2942
   -7.5000   15.0000  -15.000014925.7344    8.5864
    0.0000   15.0000  -15.000015776.2119    8.5839
    7.5000   15.0000  -15.000014786.1436    8.5882
   -7.5000   22.5000  -15.000014066.8135    8.9029
    0.0000   22.5000  -15.000014805.9219    8.9018
    7.5000   22.5000  -15.000013905.8242    8.9064
   -7.5000   30.0000  -15.000013179.0820    9.1160
    0.0000   30.0000  -15.000013872.6377    9.1139
    7.5000   30.0000  -15.000012986.3105    9.1173
   -7.5000   37.5000  -15.000012752.8262    9.4611
    0.0000   37.5000  -15.000013433.0068    9.4571
    7.5000   37.5000  -15.000012553.6514    9.4604
   -7.5000   45.0000  -15.000011930.7695    9.5946
    0.0000   45.0000  -15.000012536.9707    9.5877
    7.5000   45.0000  -15.000011728.6387    9.5899
   -7.5000  -45.0000   -7.500013695.7090    8.4920
    0.0000  -45.0000   -7.500014329.7402    8.4902
    7.5000  -45.0000   -7.500013819.1816    8.4959
   -7.5000  -37.5000   -7.500013948.1650    8.5552
    0.0000  -37.5000   -7.500014590.2344    8.5536
    7.5000  -37.5000   -7.500014036.3857    8.5599
   -7.5000  -30.0000   -7.500014459.9961    8.3820
    0.0000  -30.0000   -7.500015172.0547    8.3798
    7.5000  -30.0000   -7.500014543.3301    8.3849
   -7.5000  -22.5000   -7.500015040.4268    8.2651
    0.0000  -22.5000   -7.500015823.0576    8.2633
    7.5000  -22.5000   -7.500015097.4814    8.2680
   -7.5000  -15.0000   -7.500015638.1465    8.2089
    0.0000  -15.0000   -7.500016509.4102    8.2079
    7.5000  -15.0000   -7.500015682.7148    8.2123
   -7.5000   -7.5000   -7.500016223.7305    8.1757
    0.0000   -7.5000   -7.500017144.1016    8.1750
    7.5000   -7.5000   -7.500016244.7158    8.1797
   -7.5000    0.0000   -7.500016766.6699    8.1735
    0.0000    0.0000   -7.500017749.0098    8.1723
    7.5000    0.0000   -7.500016780.4023    8.1778
   -7.5000    7.5000   -7.500016252.2969    8.3600
    0.0000    7.5000   -7.500017422.2969    8.3585
    7.5000    7.5000   -7.500016203.4707    8.3640
   -7.5000   15.0000   -7.500015742.8242    8.6581
    0.0000   15.0000   -7.500017025.9355    8.6562
    7.5000   15.0000   -7.500015638.7412    8.6613
   -7.5000   22.5000   -7.500014838.1670    8.9770
    0.0000   22.5000   -7.500015966.2373    8.9770
    7.5000   22.5000   -7.500014704.5518    8.9826
   -7.5000   30.0000   -7.500013787.1553    9.1918
    0.0000   30.0000   -7.500014731.1797    9.1914
    7.5000   30.0000   -7.500013625.1250    9.1960
   -7.5000   37.5000   -7.500013288.9482    9.5417
    0.0000   37.5000   -7.500014122.0068    9.5398
    7.5000   37.5000   -7.500013109.5352    9.5445
   -7.5000   45.0000   -7.500012399.2178    9.6797
    0.0000   45.0000   -7.500013122.4902    9.6751
    7.5000   45.0000   -7.500012247.9062    9.6797
   -7.5000  -45.0000    0.000014079.1963    8.4731
    0.0000  -45.0000    0.000014874.3105    8.4719
    7.5000  -45.0000    0.000014357.7852    8.4772
   -7.5000  -37.5000    0.000014363.0674    8.5361
    0.0000  -37.5000    0.000015221.6680    8.5344
    7.5000  -37.5000    0.000014610.7441    8.5402
   -7.5000  -30.0000    0.000014930.2725    8.3669
    0.0000  -30.0000    0.000015877.6172    8.3653
    7.5000  -30.0000    0.000015171.8760    8.3702
   -7.5000  -22.5000    0.000015578.4424    8.2531
    0.0000  -22.5000    0.000016599.3184    8.2530
    7.5000  -22.5000    0.000015784.1270    8.2575
   -7.5000  -15.0000    0.000016234.9746    8.1972
    0.0000  -15.0000    0.000017325.7871    8.1985
    7.5000  -15.0000    0.000016426.1016    8.2027
   -7.5000   -7.5000    0.000016840.4219    8.1614
    0.0000   -7.5000    0.000017913.9375    8.1624
    7.5000   -7.5000    0.000016992.2832    8.1668
   -7.5000    0.0000    0.000017388.2852    8.1565
    0.0000    0.0000    0.000018462.1055    8.1560
    7.5000    0.0000    0.000017506.8086    8.1609
   -7.5000    7.5000    0.000016826.8848    8.3419
    0.0000    7.5000    0.000018042.7266    8.3404
    7.5000    7.5000    0.000016835.3984    8.3453
   -7.5000   15.0000    0.000016189.8105    8.6421
    0.0000   15.0000    0.000017386.0234    8.6409
    7.5000   15.0000    0.000016161.0547    8.6459
   -7.5000   22.5000    0.000015193.0527    8.9653
    0.0000   22.5000    0.000016203.3994    8.9677
    7.5000   22.5000    0.000015185.5107    8.9734
   -7.5000   30.0000    0.000014172.1289    9.1810
    0.0000   30.0000    0.000015058.9541    9.1837
    7.5000   30.0000    0.000014122.0938    9.1890
   -7.5000   37.5000    0.000013717.5049    9.5301
    0.0000   37.5000    0.000014548.2607    9.5304
    7.5000   37.5000    0.000013639.4072    9.5355
   -7.5000   45.0000    0.000012806.8154    9.6678
    0.0000   45.0000    0.000013562.9756    9.6641
    7.5000   45.0000    0.000012733.1191    9.6692
   -7.5000  -45.0000    7.500013401.8438    8.4863
    0.0000  -45.0000    7.500014203.9531    8.4840
    7.5000  -45.0000    7.500013633.9268    8.4874
   -7.5000  -37.5000    7.500013712.7686    8.5485
    0.0000  -37.5000    7.500014558.7490    8.5462
    7.5000  -37.5000    7.500013927.3760    8.5498
   -7.5000  -30.0000    7.500014300.4648    8.3798
    0.0000  -30.0000    7.500015182.6582    8.3783
    7.5000  -30.0000    7.500014492.3672    8.3818
   -7.5000  -22.5000    7.500014901.8135    8.2671
    0.0000  -22.5000    7.500015813.1895    8.2677
    7.5000  -22.5000    7.500015065.0205    8.2712
   -7.5000  -15.0000    7.500015484.9619    8.2123
    0.0000  -15.0000    7.500016424.7715    8.2141
    7.5000  -15.0000    7.500015639.2510    8.2172
   -7.5000   -7.5000    7.500015983.6885    8.1762
    0.0000   -7.5000    7.500016961.0215    8.1768
    7.5000   -7.5000    7.500016142.3955    8.1796
   -7.5000    0.0000    7.500016431.3633    8.1700
    0.0000    0.0000    7.500017489.3105    8.1685
    7.5000    0.0000    7.500016585.3516    8.1715
   -7.5000    7.5000    7.500015813.1836    8.3547
    0.0000    7.5000    7.500016957.0801    8.3524
    7.5000    7.5000    7.500015903.3037    8.3554
   -7.5000   15.0000    7.500015080.3604    8.6568
    0.0000   15.0000    7.500016062.1270    8.6560
    7.5000   15.0000    7.500015182.6416    8.6594
   -7.5000   22.5000    7.500014167.2861    8.9827
    0.0000   22.5000    7.500014995.2891    8.9864
    7.5000   22.5000    7.500014256.8447    8.9910
   -7.5000   30.0000    7.500013324.0449    9.2008
    0.0000   30.0000    7.500014084.6729    9.2050
    7.5000   30.0000    7.500013360.6367    9.2094
   -7.5000   37.5000    7.500012959.5186    9.5491
    0.0000   37.5000    7.500013735.2607    9.5496
    7.5000   37.5000    7.500012955.3301    9.5534
   -7.5000   45.0000    7.500012120.2090    9.6858
    0.0000   45.0000    7.500012827.2822    9.6812
    7.5000   45.0000    7.500012096.8018    9.6840
   -7.5000  -45.0000   15.000012671.3691    8.5805
    0.0000  -45.0000   15.000013374.5293    8.5765
    7.5000  -45.0000   15.000012817.4775    8.5781
   -7.5000  -37.5000   15.000012967.7959    8.6431
    0.0000  -37.5000   15.000013685.2793    8.6397
    7.5000  -37.5000   15.000013086.7197    8.6417
   -7.5000  -30.0000   15.000013501.2080    8.4688
    0.0000  -30.0000   15.000014240.4150    8.4669
    7.5000  -30.0000   15.000013609.7041    8.4693
   -7.5000  -22.5000   15.000014011.9141    8.3532
    0.0000  -22.5000   15.000014790.2344    8.3532
    7.5000  -22.5000   15.000014109.3154    8.3557
   -7.5000  -15.0000   15.000014490.3340    8.2986
    0.0000  -15.0000   15.000015312.8008    8.2991
    7.5000  -15.0000   15.000014594.4443    8.3012
   -7.5000   -7.5000   15.000014898.0625    8.2640
    0.0000   -7.5000   15.000015756.4102    8.2628
    7.5000   -7.5000   15.000015003.1045    8.2645
   -7.5000    0.0000   15.000015299.0029    8.2586
    0.0000    0.0000   15.000016243.5195    8.2555
    7.5000    0.0000   15.000015419.2129    8.2571
   -7.5000    7.5000   15.000014695.9443    8.4460
    0.0000    7.5000   15.000015641.2471    8.4427
    7.5000    7.5000   15.000014782.9873    8.4442
   -7.5000   15.0000   15.000014002.1768    8.7525
    0.0000   15.0000   15.000014793.4629    8.7514
    7.5000   15.0000   15.000014100.4238    8.7537
   -7.5000   22.5000   15.000013224.2578    9.0849
    0.0000   22.5000   15.000013925.8975    9.0880
    7.5000   22.5000   15.000013301.4023    9.0914
   -7.5000   30.0000   15.000012477.3135    9.3102
    0.0000   30.0000   15.000013185.3018    9.3132
    7.5000   30.0000   15.000012513.2559    9.3162
   -7.5000   37.5000   15.000012146.2100    9.6645
    0.0000   37.5000   15.000012853.3623    9.6633
    7.5000   37.5000   15.000012168.7246    9.6653
   -7.5000   45.0000   15.000011368.6904    9.8056
    0.0000   45.0000   15.000011998.9102    9.7989
    7.5000   45.0000   15.000011362.0957    9.7989
   -7.5000  -45.0000   22.500011870.1982    8.7577
    0.0000  -45.0000   22.500012490.3545    8.7532
    7.5000  -45.0000   22.500011979.4307    8.7557
   -7.5000  -37.5000   22.500012097.0645    8.8122
    0.0000  -37.5000   22.500012726.7930    8.8087
    7.5000  -37.5000   22.500012182.6084    8.8118
   -7.5000  -30.0000   22.500012575.7285    8.6303
    0.0000  -30.0000   22.500013214.2705    8.6277
    7.5000  -30.0000   22.500012639.0391    8.6310
   -7.5000  -22.5000   22.500013033.2129    8.5104
    0.0000  -22.5000   22.500013700.6094    8.5085
    7.5000  -22.5000   22.500013079.4551    8.5118
   -7.5000  -15.0000   22.500013464.3232    8.4567
    0.0000  -15.0000   22.500014153.0195    8.4549
    7.5000  -15.0000   22.500013502.5889    8.4578
   -7.5000   -7.5000   22.500013849.7373    8.4263
    0.0000   -7.5000   22.500014583.4248    8.4235
    7.5000   -7.5000   22.500013908.2979    8.4261
   -7.5000    0.0000   22.500014234.9551    8.4241
    0.0000    0.0000   22.500015027.8193    8.4204
    7.5000    0.0000   22.500014303.9863    8.4230
   -7.5000    7.5000   22.500013632.4873    8.6086
    0.0000    7.5000   22.500014376.7646    8.6053
    7.5000    7.5000   22.500013685.7324    8.6078
   -7.5000   15.0000   22.500012984.0879    8.9161
    0.0000   15.0000   22.500013612.9346    8.9141
    7.5000   15.0000   22.500013037.8691    8.9175
   -7.5000   22.5000   22.500012288.5068    9.2545
    0.0000   22.5000   22.500012888.5371    9.2551
    7.5000   22.5000   22.500012318.2578    9.2593
   -7.5000   30.0000   22.500011577.0205    9.4878
    0.0000   30.0000   22.500012172.1445    9.4876
    7.5000   30.0000   22.500011592.3076    9.4908
   -7.5000   37.5000   22.500011281.4775    9.8548
    0.0000   37.5000   22.500011853.3672    9.8513
    7.5000   37.5000   22.500011281.0303    9.8537
   -7.5000   45.0000   22.500010563.1055   10.0054
    0.0000   45.0000   22.500011085.0010    9.9974
    7.5000   45.0000   22.500010532.6387    9.9977
   -7.5000  -45.0000   30.000011023.4795    9.0022
    0.0000  -45.0000   30.000011551.6768    8.9987
    7.5000  -45.0000   30.000011094.3594    9.0030
   -7.5000  -37.5000   30.000011206.6484    9.0455
    0.0000  -37.5000   30.000011741.7363    9.0430
    7.5000  -37.5000   30.000011260.4980    9.0480
   -7.5000  -30.0000   30.000011652.6553    8.8573
    0.0000  -30.0000   30.000012209.5088    8.8548
    7.5000  -30.0000   30.000011689.2031    8.8593
   -7.5000  -22.5000   30.000012069.4365    8.7336
    0.0000  -22.5000   30.000012649.1152    8.7310
    7.5000  -22.5000   30.000012094.9131    8.7354
   -7.5000  -15.0000   30.000012466.0869    8.6799
    0.0000  -15.0000   30.000013071.8125    8.6774
    7.5000  -15.0000   30.000012488.2744    8.6816
   -7.5000   -7.5000   30.000012850.9170    8.6518
    0.0000   -7.5000   30.000013479.2578    8.6491
    7.5000   -7.5000   30.000012888.1650    8.6533
   -7.5000    0.0000   30.000013193.4980    8.6520
    0.0000    0.0000   30.000013864.1240    8.6492
    7.5000    0.0000   30.000013230.3867    8.6536
   -7.5000    7.5000   30.000012577.5029    8.8325
    0.0000    7.5000   30.000013170.6016    8.8301
    7.5000    7.5000   30.000012602.6738    8.8344
   -7.5000   15.0000   30.000011950.8555    9.1383
    0.0000   15.0000   30.000012491.3770    9.1361
    7.5000   15.0000   30.000011970.0791    9.1407
   -7.5000   22.5000   30.000011320.7998    9.4827
    0.0000   22.5000   30.000011838.4619    9.4820
    7.5000   22.5000   30.000011316.9990    9.4874
   -7.5000   30.0000   30.000010648.6631    9.7257
    0.0000   30.0000   30.000011142.0029    9.7236
    7.5000   30.0000   30.000010628.4766    9.7279
   -7.5000   37.5000   30.000010388.8926   10.1109
    0.0000   37.5000   30.000010859.6973   10.1066
    7.5000   37.5000   30.000010362.2227   10.1105
   -7.5000   45.0000   30.0000 9727.5400   10.2753
    0.0000   45.0000   30.000010169.3066   10.2678
    7.5000   45.0000   30.0000 9697.5059   10.2700
   -7.5000  -45.0000   37.500010692.7451    9.2940
    0.0000  -45.0000   37.500011171.9004    9.2917
    7.5000  -45.0000   37.500010732.5420    9.2959
   -7.5000  -37.5000   37.500010878.9756    9.3222
    0.0000  -37.5000   37.500011359.2471    9.3206
    7.5000  -37.5000   37.500010898.3633    9.3259
   -7.5000  -30.0000   37.500011289.6768    9.1319
    0.0000  -30.0000   37.500011810.2881    9.1299
    7.5000  -30.0000   37.500011311.5947    9.1342
   -7.5000  -22.5000   37.500011675.9434    9.0083
    0.0000  -22.5000   37.500012220.4170    9.0070
    7.5000  -22.5000   37.500011685.3271    9.0110
   -7.5000  -15.0000   37.500012065.6025    8.9558
    0.0000  -15.0000   37.500012623.6953    8.9552
    7.5000  -15.0000   37.500012064.2158    8.9588
   -7.5000   -7.5000   37.500012419.7432    8.9257
    0.0000   -7.5000   37.500013012.3711    8.9251
    7.5000   -7.5000   37.500012432.2051    8.9287
   -7.5000    0.0000   37.500012706.7061    8.9237
    0.0000    0.0000   37.500013328.8340    8.9221
    7.5000    0.0000   37.500012735.2686    8.9264
   -7.5000    7.5000   37.500012058.5615    9.0978
    0.0000    7.5000   37.500012623.2266    9.0962
    7.5000    7.5000   37.500012088.7529    9.1007
   -7.5000   15.0000   37.500011422.9434    9.4035
    0.0000   15.0000   37.500011953.7041    9.4020
    7.5000   15.0000   37.500011440.6992    9.4064
   -7.5000   22.5000   37.500010831.7041    9.7552
    0.0000   22.5000   37.500011326.7041    9.7560
    7.5000   22.5000   37.500010812.1523    9.7614
   -7.5000   30.0000   37.500010185.2275   10.0091
    0.0000   30.0000   37.500010638.9023   10.0093
    7.5000   30.0000   37.500010136.3057   10.0134
   -7.5000   37.5000   37.5000 9934.8281   10.4176
    0.0000   37.5000   37.500010370.0088   10.4153
    7.5000   37.5000   37.5000 9895.5352   10.4188
   -7.5000   45.0000   37.5000 9318.6309   10.5989
    0.0000   45.0000   37.5000 9741.9893   10.5929
    7.5000   45.0000   37.5000 9285.7539   10.5957
   -7.5000  -45.0000   45.0000 9970.0039    9.6400
    0.0000  -45.0000   45.000010439.7021    9.6362
    7.5000  -45.0000   45.000010031.4395    9.6403
   -7.5000  -37.5000   45.000010123.5068    9.6565
    0.0000  -37.5000   45.000010603.4551    9.6524
    7.5000  -37.5000   45.000010154.7422    9.6579
   -7.5000  -30.0000   45.000010509.6611    9.4619
    0.0000  -30.0000   45.000011004.0596    9.4581
    7.5000  -30.0000   45.000010528.3594    9.4626
   -7.5000  -22.5000   45.000010862.2695    9.3372
    0.0000  -22.5000   45.000011369.2783    9.3356
    7.5000  -22.5000   45.000010859.7197    9.3397
   -7.5000  -15.0000   45.000011202.9990    9.2850
    0.0000  -15.0000   45.000011721.5068    9.2852
    7.5000  -15.0000   45.000011195.7773    9.2888
   -7.5000   -7.5000   45.000011518.2871    9.2526
    0.0000   -7.5000   45.000012072.3184    9.2520
    7.5000   -7.5000   45.000011528.4316    9.2554
   -7.5000    0.0000   45.000011744.1592    9.2477
    0.0000    0.0000   45.000012309.3057    9.2449
    7.5000    0.0000   45.000011759.2773    9.2488
   -7.5000    7.5000   45.000011124.6250    9.4160
    0.0000    7.5000   45.000011620.8164    9.4122
    7.5000    7.5000   45.000011123.2363    9.4167
   -7.5000   15.0000   45.000010530.8096    9.7217
    0.0000   15.0000   45.000011006.1816    9.7186
    7.5000   15.0000   45.000010509.6191    9.7234
   -7.5000   22.5000   45.0000 9968.1084   10.0773
    0.0000   22.5000   45.000010418.1504   10.0786
    7.5000   22.5000   45.0000 9924.5039   10.0847
   -7.5000   30.0000   45.0000 9350.7598   10.3350
    0.0000   30.0000   45.0000 9778.5566   10.3367
    7.5000   30.0000   45.0000 9307.7490   10.3425
   -7.5000   37.5000   45.0000 9109.7178   10.7642
    0.0000   37.5000   45.0000 9519.3398   10.7617
    7.5000   37.5000   45.0000 9073.0430   10.7670
   -7.5000   45.0000   45.0000 8561.5615   10.9704
    0.0000   45.0000   45.0000 8969.6816   10.9621
    7.5000   45.0000   45.0000 8528.5000   10.9668

---------------------------------------------------------------------
imgreg_4dfp /opt/freesurfer/average/711-2C_as_mni_average_305 /opt/freesurfer/average/711-2B_as_mni_average_305_mask talsrcimg_g11 none talsrcimg_to_711-2C_as_mni_average_305_t4 4355
---------------------------------------------------------------------

freesurfer imgreg_4dfp.c
/opt/freesurfer/average/711-2C_as_mni_average_305.4dfp.img
       256       256       256         1
  1.000000  1.000000  1.000000
orientation T byte_order littleendian
Reading image: /opt/freesurfer/average/711-2C_as_mni_average_305.4dfp.img
dimensions:      256       256       256
mmppix:       1.0000   -1.0000   -1.0000
center:     128.0000 -129.0000 -129.0000
/opt/freesurfer/average/711-2B_as_mni_average_305_mask.4dfp.img
       256       256       256         1
  1.000000  1.000000  1.000000
orientation T byte_order littleendian
Reading mask: /opt/freesurfer/average/711-2B_as_mni_average_305_mask.4dfp.img (2306576 pixels)
talsrcimg_g11.4dfp.img
       256       256       256         1
  1.000000  1.000000  1.000000
orientation T byte_order littleendian
Reading image: talsrcimg_g11.4dfp.img
dimensions:      256       256       256
mmppix:       1.0000   -1.0000   -1.0000
center:     128.0000 -129.0000 -129.0000
rotation matrix determinant  1.000000
image alignment mode   4355 decimal     1103 hex
   -7.5000  -45.0000  -45.0000 2530.4758   11.1177
    0.0000  -45.0000  -45.0000 2549.5330   11.0257
    7.5000  -45.0000  -45.0000 2539.1252   11.0449
   -7.5000  -37.5000  -45.0000 2552.8394   11.0702
    0.0000  -37.5000  -45.0000 2574.0938   10.9961
    7.5000  -37.5000  -45.0000 2560.7820   11.0291
   -7.5000  -30.0000  -45.0000 2582.2585   10.9692
    0.0000  -30.0000  -45.0000 2605.7927   10.8889
    7.5000  -30.0000  -45.0000 2586.9951   10.9463
   -7.5000  -22.5000  -45.0000 2611.0093   10.8420
    0.0000  -22.5000  -45.0000 2633.4229   10.7619
    7.5000  -22.5000  -45.0000 2615.1665   10.8362
   -7.5000  -15.0000  -45.0000 2634.6956   10.7261
    0.0000  -15.0000  -45.0000 2654.3596   10.6397
    7.5000  -15.0000  -45.0000 2634.8975   10.7197
   -7.5000   -7.5000  -45.0000 2652.6973   10.6608
    0.0000   -7.5000  -45.0000 2670.4417   10.5693
    7.5000   -7.5000  -45.0000 2657.2375   10.6286
   -7.5000    0.0000  -45.0000 2665.6042   10.6189
    0.0000    0.0000  -45.0000 2679.3430   10.5519
    7.5000    0.0000  -45.0000 2667.9417   10.6197
   -7.5000    7.5000  -45.0000 2672.0969   10.6460
    0.0000    7.5000  -45.0000 2686.0762   10.5699
    7.5000    7.5000  -45.0000 2670.2603   10.6652
   -7.5000   15.0000  -45.0000 2669.7627   10.7464
    0.0000   15.0000  -45.0000 2680.1387   10.6849
    7.5000   15.0000  -45.0000 2664.7166   10.7970
   -7.5000   22.5000  -45.0000 2662.2581   10.9341
    0.0000   22.5000  -45.0000 2667.8958   10.8852
    7.5000   22.5000  -45.0000 2653.5286   11.0237
   -7.5000   30.0000  -45.0000 2636.1975   11.2821
    0.0000   30.0000  -45.0000 2644.4949   11.2453
    7.5000   30.0000  -45.0000 2627.7100   11.3789
   -7.5000   37.5000  -45.0000 2594.3406   11.8039
    0.0000   37.5000  -45.0000 2603.8384   11.7556
    7.5000   37.5000  -45.0000 2586.8394   11.9073
   -7.5000   45.0000  -45.0000 2529.4675   12.5073
    0.0000   45.0000  -45.0000 2535.0801   12.4478
    7.5000   45.0000  -45.0000 2524.0396   12.5939
   -7.5000  -45.0000  -37.5000 2606.1895   10.4603
    0.0000  -45.0000  -37.5000 2627.7632   10.3570
    7.5000  -45.0000  -37.5000 2613.7512   10.3935
   -7.5000  -37.5000  -37.5000 2627.4429   10.4163
    0.0000  -37.5000  -37.5000 2649.4846   10.3311
    7.5000  -37.5000  -37.5000 2634.2654   10.3803
   -7.5000  -30.0000  -37.5000 2654.1653   10.3291
    0.0000  -30.0000  -37.5000 2677.0022   10.2502
    7.5000  -30.0000  -37.5000 2660.2607   10.3059
   -7.5000  -22.5000  -37.5000 2677.4275   10.2027
    0.0000  -22.5000  -37.5000 2701.8718   10.1368
    7.5000  -22.5000  -37.5000 2686.4465   10.2140
   -7.5000  -15.0000  -37.5000 2696.8660   10.1173
    0.0000  -15.0000  -37.5000 2721.1858   10.0287
    7.5000  -15.0000  -37.5000 2702.0708   10.1185
   -7.5000   -7.5000  -37.5000 2712.9746   10.0360
    0.0000   -7.5000  -37.5000 2734.2627    9.9494
    7.5000   -7.5000  -37.5000 2721.3667   10.0357
   -7.5000    0.0000  -37.5000 2723.8206   10.0003
    0.0000    0.0000  -37.5000 2742.0320    9.9211
    7.5000    0.0000  -37.5000 2731.9478   10.0227
   -7.5000    7.5000  -37.5000 2734.3599   10.0339
    0.0000    7.5000  -37.5000 2749.8330    9.9337
    7.5000    7.5000  -37.5000 2735.8232   10.0620
   -7.5000   15.0000  -37.5000 2739.7539   10.1206
    0.0000   15.0000  -37.5000 2748.8171   10.0355
    7.5000   15.0000  -37.5000 2729.9238   10.1701
   -7.5000   22.5000  -37.5000 2731.6692   10.2965
    0.0000   22.5000  -37.5000 2736.9045   10.2212
    7.5000   22.5000  -37.5000 2724.6980   10.3724
   -7.5000   30.0000  -37.5000 2706.7664   10.6240
    0.0000   30.0000  -37.5000 2716.5486   10.5663
    7.5000   30.0000  -37.5000 2702.9031   10.7142
   -7.5000   37.5000  -37.5000 2668.5913   11.1277
    0.0000   37.5000  -37.5000 2675.6680   11.0542
    7.5000   37.5000  -37.5000 2664.6914   11.2192
   -7.5000   45.0000  -37.5000 2603.3408   11.8055
    0.0000   45.0000  -37.5000 2609.5669   11.7203
    7.5000   45.0000  -37.5000 2598.5254   11.8711
   -7.5000  -45.0000  -30.0000 2719.2759   10.2816
    0.0000  -45.0000  -30.0000 2743.2065   10.1470
    7.5000  -45.0000  -30.0000 2731.4631   10.1957
   -7.5000  -37.5000  -30.0000 2738.0366   10.2192
    0.0000  -37.5000  -30.0000 2764.2905   10.1023
    7.5000  -37.5000  -30.0000 2745.7349   10.1674
   -7.5000  -30.0000  -30.0000 2761.2908   10.1238
    0.0000  -30.0000  -30.0000 2788.3657   10.0117
    7.5000  -30.0000  -30.0000 2771.4331   10.0975
   -7.5000  -22.5000  -30.0000 2784.0024   10.0094
    0.0000  -22.5000  -30.0000 2808.6438    9.8900
    7.5000  -22.5000  -30.0000 2793.6731    9.9923
   -7.5000  -15.0000  -30.0000 2800.3892    9.9114
    0.0000  -15.0000  -30.0000 2824.5928    9.7909
    7.5000  -15.0000  -30.0000 2812.2722    9.8944
   -7.5000   -7.5000  -30.0000 2818.4919    9.8315
    0.0000   -7.5000  -30.0000 2839.6252    9.7031
    7.5000   -7.5000  -30.0000 2827.9822    9.8308
   -7.5000    0.0000  -30.0000 2833.9705    9.7902
    0.0000    0.0000  -30.0000 2850.7256    9.6654
    7.5000    0.0000  -30.0000 2840.8518    9.8101
   -7.5000    7.5000  -30.0000 2851.8699    9.8084
    0.0000    7.5000  -30.0000 2863.4841    9.6790
    7.5000    7.5000  -30.0000 2848.0259    9.8387
   -7.5000   15.0000  -30.0000 2859.0349    9.8861
    0.0000   15.0000  -30.0000 2867.5691    9.7438
    7.5000   15.0000  -30.0000 2847.8240    9.9233
   -7.5000   22.5000  -30.0000 2855.1924   10.0234
    0.0000   22.5000  -30.0000 2858.4697    9.9050
    7.5000   22.5000  -30.0000 2844.3313   10.1286
   -7.5000   30.0000  -30.0000 2830.0620   10.3665
    0.0000   30.0000  -30.0000 2840.0813   10.2559
    7.5000   30.0000  -30.0000 2826.0750   10.4731
   -7.5000   37.5000  -30.0000 2790.4548   10.8747
    0.0000   37.5000  -30.0000 2799.6165   10.7657
    7.5000   37.5000  -30.0000 2789.8921   10.9721
   -7.5000   45.0000  -30.0000 2724.0027   11.5505
    0.0000   45.0000  -30.0000 2729.9529   11.4335
    7.5000   45.0000  -30.0000 2718.8611   11.6190
   -7.5000  -45.0000  -22.5000 2793.5535   10.1397
    0.0000  -45.0000  -22.5000 2814.3340    9.9600
    7.5000  -45.0000  -22.5000 2802.7886   10.0156
   -7.5000  -37.5000  -22.5000 2806.9211   10.0754
    0.0000  -37.5000  -22.5000 2830.9734    9.8957
    7.5000  -37.5000  -22.5000 2816.8015    9.9686
   -7.5000  -30.0000  -22.5000 2823.8723    9.9485
    0.0000  -30.0000  -22.5000 2850.4023    9.7840
    7.5000  -30.0000  -22.5000 2838.7104    9.8858
   -7.5000  -22.5000  -22.5000 2843.5933    9.8294
    0.0000  -22.5000  -22.5000 2866.9951    9.6791
    7.5000  -22.5000  -22.5000 2856.9468    9.7790
   -7.5000  -15.0000  -22.5000 2859.5129    9.7383
    0.0000  -15.0000  -22.5000 2875.5066    9.5929
    7.5000  -15.0000  -22.5000 2870.9734    9.7024
   -7.5000   -7.5000  -22.5000 2882.3640    9.6757
    0.0000   -7.5000  -22.5000 2890.3250    9.5246
    7.5000   -7.5000  -22.5000 2884.8330    9.6672
   -7.5000    0.0000  -22.5000 2899.6318    9.6598
    0.0000    0.0000  -22.5000 2902.9819    9.5026
    7.5000    0.0000  -22.5000 2897.7991    9.6524
   -7.5000    7.5000  -22.5000 2921.2798    9.6954
    0.0000    7.5000  -22.5000 2923.2017    9.5398
    7.5000    7.5000  -22.5000 2915.1929    9.7018
   -7.5000   15.0000  -22.5000 2936.0898    9.7345
    0.0000   15.0000  -22.5000 2940.9761    9.5824
    7.5000   15.0000  -22.5000 2924.9021    9.7944
   -7.5000   22.5000  -22.5000 2935.6812    9.8062
    0.0000   22.5000  -22.5000 2937.9106    9.6494
    7.5000   22.5000  -22.5000 2924.3503    9.9463
   -7.5000   30.0000  -22.5000 2915.3704   10.1525
    0.0000   30.0000  -22.5000 2921.1118   10.0292
    7.5000   30.0000  -22.5000 2906.8499   10.2746
   -7.5000   37.5000  -22.5000 2874.4080   10.6680
    0.0000   37.5000  -22.5000 2888.5454   10.5664
    7.5000   37.5000  -22.5000 2871.2234   10.7416
   -7.5000   45.0000  -22.5000 2802.8892   11.3218
    0.0000   45.0000  -22.5000 2815.9797   11.2282
    7.5000   45.0000  -22.5000 2800.9714   11.3725
   -7.5000  -45.0000  -15.0000 2822.8198   10.0064
    0.0000  -45.0000  -15.0000 2838.8008    9.8064
    7.5000  -45.0000  -15.0000 2836.4104    9.8445
   -7.5000  -37.5000  -15.0000 2828.9600    9.9108
    0.0000  -37.5000  -15.0000 2846.7400    9.7197
    7.5000  -37.5000  -15.0000 2844.4600    9.7764
   -7.5000  -30.0000  -15.0000 2840.5457    9.7971
    0.0000  -30.0000  -15.0000 2862.9976    9.6137
    7.5000  -30.0000  -15.0000 2857.9233    9.7047
   -7.5000  -22.5000  -15.0000 2861.9858    9.6962
    0.0000  -22.5000  -15.0000 2876.1565    9.5275
    7.5000  -22.5000  -15.0000 2874.4456    9.6282
   -7.5000  -15.0000  -15.0000 2880.6023    9.6257
    0.0000  -15.0000  -15.0000 2885.5471    9.4811
    7.5000  -15.0000  -15.0000 2889.2275    9.5884
   -7.5000   -7.5000  -15.0000 2906.0686    9.6108
    0.0000   -7.5000  -15.0000 2901.7339    9.4771
    7.5000   -7.5000  -15.0000 2903.3074    9.5986
   -7.5000    0.0000  -15.0000 2930.7229    9.6425
    0.0000    0.0000  -15.0000 2926.4966    9.5350
    7.5000    0.0000  -15.0000 2928.1343    9.6476
   -7.5000    7.5000  -15.0000 2956.7727    9.7308
    0.0000    7.5000  -15.0000 2961.5664    9.6733
    7.5000    7.5000  -15.0000 2960.1394    9.7301
   -7.5000   15.0000  -15.0000 2981.0508    9.8233
    0.0000   15.0000  -15.0000 3002.6450    9.7960
    7.5000   15.0000  -15.0000 2978.1960    9.8311
   -7.5000   22.5000  -15.0000 2983.4619    9.7734
    0.0000   22.5000  -15.0000 2999.9309    9.7245
    7.5000   22.5000  -15.0000 2971.7175    9.8967
   -7.5000   30.0000  -15.0000 2962.6785   10.0022
    0.0000   30.0000  -15.0000 2975.4490    9.9305
    7.5000   30.0000  -15.0000 2945.4685   10.0936
   -7.5000   37.5000  -15.0000 2917.0798   10.4662
    0.0000   37.5000  -15.0000 2930.4807   10.3987
    7.5000   37.5000  -15.0000 2909.2612   10.5191
   -7.5000   45.0000  -15.0000 2843.9436   11.1152
    0.0000   45.0000  -15.0000 2854.8523   11.0350
    7.5000   45.0000  -15.0000 2840.0798   11.1557
   -7.5000  -45.0000   -7.5000 2841.5752    9.8730
    0.0000  -45.0000   -7.5000 2847.2090    9.6696
    7.5000  -45.0000   -7.5000 2852.7959    9.7386
   -7.5000  -37.5000   -7.5000 2842.7808    9.7862
    0.0000  -37.5000   -7.5000 2849.1191    9.5891
    7.5000  -37.5000   -7.5000 2854.2998    9.6670
   -7.5000  -30.0000   -7.5000 2849.6462    9.6718
    0.0000  -30.0000   -7.5000 2859.7615    9.5066
    7.5000  -30.0000   -7.5000 2861.6519    9.6019
   -7.5000  -22.5000   -7.5000 2865.8447    9.6007
    0.0000  -22.5000   -7.5000 2869.7415    9.4826
    7.5000  -22.5000   -7.5000 2870.8933    9.5673
   -7.5000  -15.0000   -7.5000 2882.0640    9.6151
    0.0000  -15.0000   -7.5000 2884.4653    9.5300
    7.5000  -15.0000   -7.5000 2885.9631    9.6148
   -7.5000   -7.5000   -7.5000 2910.1470    9.6498
    0.0000   -7.5000   -7.5000 2915.2349    9.5898
    7.5000   -7.5000   -7.5000 2909.7017    9.6757
   -7.5000    0.0000   -7.5000 2940.9121    9.6955
    0.0000    0.0000   -7.5000 2956.5554    9.6627
    7.5000    0.0000   -7.5000 2945.0005    9.7387
   -7.5000    7.5000   -7.5000 2976.2102    9.7687
    0.0000    7.5000   -7.5000 2997.0630    9.7973
    7.5000    7.5000   -7.5000 2979.7051    9.8111
   -7.5000   15.0000   -7.5000 3003.9187    9.8760
    0.0000   15.0000   -7.5000 3035.6558    9.9544
    7.5000   15.0000   -7.5000 2999.1443    9.9088
   -7.5000   22.5000   -7.5000 3001.1726    9.8754
    0.0000   22.5000   -7.5000 3031.5002    9.9366
    7.5000   22.5000   -7.5000 2987.3730    9.9492
   -7.5000   30.0000   -7.5000 2972.8855    9.9948
    0.0000   30.0000   -7.5000 2996.5020    9.9935
    7.5000   30.0000   -7.5000 2954.4709   10.0641
   -7.5000   37.5000   -7.5000 2932.3423   10.3467
    0.0000   37.5000   -7.5000 2946.6252   10.3002
    7.5000   37.5000   -7.5000 2913.8435   10.4129
   -7.5000   45.0000   -7.5000 2856.6099   10.9781
    0.0000   45.0000   -7.5000 2867.6882   10.8735
    7.5000   45.0000   -7.5000 2851.6157   11.0216
   -7.5000  -45.0000    0.0000 2840.0237    9.7641
    0.0000  -45.0000    0.0000 2850.8667    9.6274
    7.5000  -45.0000    0.0000 2859.7812    9.7245
   -7.5000  -37.5000    0.0000 2843.2551    9.7182
    0.0000  -37.5000    0.0000 2854.6133    9.6075
    7.5000  -37.5000    0.0000 2857.8655    9.6830
   -7.5000  -30.0000    0.0000 2845.8357    9.6754
    0.0000  -30.0000    0.0000 2863.2488    9.5986
    7.5000  -30.0000    0.0000 2861.2922    9.6820
   -7.5000  -22.5000    0.0000 2862.2341    9.7059
    0.0000  -22.5000    0.0000 2873.5078    9.6517
    7.5000  -22.5000    0.0000 2867.7864    9.7298
   -7.5000  -15.0000    0.0000 2885.3767    9.7470
    0.0000  -15.0000    0.0000 2892.2476    9.7200
    7.5000  -15.0000    0.0000 2885.0403    9.8043
   -7.5000   -7.5000    0.0000 2913.0984    9.7698
    0.0000   -7.5000    0.0000 2927.4961    9.7549
    7.5000   -7.5000    0.0000 2913.7893    9.8405
   -7.5000    0.0000    0.0000 2945.4644    9.7868
    0.0000    0.0000    0.0000 2964.0190    9.7471
    7.5000    0.0000    0.0000 2948.2253    9.8412
   -7.5000    7.5000    0.0000 2984.6221    9.8507
    0.0000    7.5000    0.0000 3004.2014    9.8280
    7.5000    7.5000    0.0000 2984.7920    9.8742
   -7.5000   15.0000    0.0000 3012.3542    9.9283
    0.0000   15.0000    0.0000 3042.8538    9.9358
    7.5000   15.0000    0.0000 3009.1492    9.9515
   -7.5000   22.5000    0.0000 3006.8906    9.9030
    0.0000   22.5000    0.0000 3031.0386    9.8757
    7.5000   22.5000    0.0000 2997.2451    9.9739
   -7.5000   30.0000    0.0000 2969.9302   10.0694
    0.0000   30.0000    0.0000 2990.1704    9.9733
    7.5000   30.0000    0.0000 2955.1851   10.1560
   -7.5000   37.5000    0.0000 2925.4241   10.4656
    0.0000   37.5000    0.0000 2939.9456   10.3558
    7.5000   37.5000    0.0000 2909.4731   10.5454
   -7.5000   45.0000    0.0000 2846.9287   11.0983
    0.0000   45.0000    0.0000 2861.3384   10.9883
    7.5000   45.0000    0.0000 2841.5332   11.1461
   -7.5000  -45.0000    7.5000 2839.6160    9.8524
    0.0000  -45.0000    7.5000 2852.7446    9.7505
    7.5000  -45.0000    7.5000 2853.7341    9.8385
   -7.5000  -37.5000    7.5000 2847.2896    9.8819
    0.0000  -37.5000    7.5000 2862.0579    9.7932
    7.5000  -37.5000    7.5000 2855.4995    9.8688
   -7.5000  -30.0000    7.5000 2853.9934    9.8959
    0.0000  -30.0000    7.5000 2869.7969    9.8154
    7.5000  -30.0000    7.5000 2861.2263    9.9301
   -7.5000  -22.5000    7.5000 2868.1123    9.9163
    0.0000  -22.5000    7.5000 2881.7290    9.8643
    7.5000  -22.5000    7.5000 2870.1052    9.9751
   -7.5000  -15.0000    7.5000 2885.0129    9.9402
    0.0000  -15.0000    7.5000 2899.1716    9.8984
    7.5000  -15.0000    7.5000 2885.9248   10.0175
   -7.5000   -7.5000    7.5000 2908.9321    9.9235
    0.0000   -7.5000    7.5000 2927.2000    9.8874
    7.5000   -7.5000    7.5000 2909.1416   10.0077
   -7.5000    0.0000    7.5000 2937.6160    9.9178
    0.0000    0.0000    7.5000 2953.6123    9.8889
    7.5000    0.0000    7.5000 2938.1177   10.0117
   -7.5000    7.5000    7.5000 2973.1646    9.9614
    0.0000    7.5000    7.5000 2988.7927    9.9589
    7.5000    7.5000    7.5000 2970.8267   10.0319
   -7.5000   15.0000    7.5000 2991.0398    9.9747
    0.0000   15.0000    7.5000 3014.4836    9.9694
    7.5000   15.0000    7.5000 2988.0557   10.0638
   -7.5000   22.5000    7.5000 2979.4736    9.9583
    0.0000   22.5000    7.5000 2992.0745    9.8556
    7.5000   22.5000    7.5000 2971.8469   10.1114
   -7.5000   30.0000    7.5000 2951.4839   10.2282
    0.0000   30.0000    7.5000 2967.2903   10.0681
    7.5000   30.0000    7.5000 2941.1716   10.3535
   -7.5000   37.5000    7.5000 2905.5674   10.7114
    0.0000   37.5000    7.5000 2923.0464   10.5693
    7.5000   37.5000    7.5000 2893.3875   10.7833
   -7.5000   45.0000    7.5000 2823.6348   11.3762
    0.0000   45.0000    7.5000 2836.4409   11.2426
    7.5000   45.0000    7.5000 2819.7461   11.4053
   -7.5000  -45.0000   15.0000 2837.1384   10.1272
    0.0000  -45.0000   15.0000 2847.1477   10.0060
    7.5000  -45.0000   15.0000 2843.1270   10.0952
   -7.5000  -37.5000   15.0000 2849.6106   10.1574
    0.0000  -37.5000   15.0000 2862.2009   10.0646
    7.5000  -37.5000   15.0000 2850.8486   10.1683
   -7.5000  -30.0000   15.0000 2857.5701   10.1666
    0.0000  -30.0000   15.0000 2874.0938   10.0690
    7.5000  -30.0000   15.0000 2860.4827   10.1926
   -7.5000  -22.5000   15.0000 2863.4092   10.1523
    0.0000  -22.5000   15.0000 2880.7627   10.0526
    7.5000  -22.5000   15.0000 2865.0833   10.1946
   -7.5000  -15.0000   15.0000 2872.5076   10.1540
    0.0000  -15.0000   15.0000 2890.8660   10.0735
    7.5000  -15.0000   15.0000 2876.6260   10.2290
   -7.5000   -7.5000   15.0000 2893.8789   10.1410
    0.0000   -7.5000   15.0000 2908.9656   10.0709
    7.5000   -7.5000   15.0000 2890.2815   10.2282
   -7.5000    0.0000   15.0000 2914.4644   10.1487
    0.0000    0.0000   15.0000 2927.0806   10.1133
    7.5000    0.0000   15.0000 2909.4407   10.2524
   -7.5000    7.5000   15.0000 2943.8364   10.2227
    0.0000    7.5000   15.0000 2956.1665   10.1926
    7.5000    7.5000   15.0000 2936.6592   10.3138
   -7.5000   15.0000   15.0000 2952.3328   10.2155
    0.0000   15.0000   15.0000 2968.5847   10.1497
    7.5000   15.0000   15.0000 2944.3301   10.3323
   -7.5000   22.5000   15.0000 2943.8257   10.3028
    0.0000   22.5000   15.0000 2948.6326   10.1572
    7.5000   22.5000   15.0000 2933.3110   10.4511
   -7.5000   30.0000   15.0000 2914.0278   10.6315
    0.0000   30.0000   15.0000 2931.0723   10.5022
    7.5000   30.0000   15.0000 2907.5168   10.7267
   -7.5000   37.5000   15.0000 2869.0576   11.1455
    0.0000   37.5000   15.0000 2883.5420   11.0219
    7.5000   37.5000   15.0000 2859.0408   11.2083
   -7.5000   45.0000   15.0000 2789.7888   11.8018
    0.0000   45.0000   15.0000 2799.9053   11.6682
    7.5000   45.0000   15.0000 2784.1091   11.8263
   -7.5000  -45.0000   22.5000 2824.1929   10.4972
    0.0000  -45.0000   22.5000 2840.4385   10.3462
    7.5000  -45.0000   22.5000 2836.0630   10.4221
   -7.5000  -37.5000   22.5000 2832.2639   10.4903
    0.0000  -37.5000   22.5000 2849.5820   10.3401
    7.5000  -37.5000   22.5000 2840.4954   10.4540
   -7.5000  -30.0000   22.5000 2837.4248   10.4607
    0.0000  -30.0000   22.5000 2855.3816   10.3109
    7.5000  -30.0000   22.5000 2846.0349   10.4442
   -7.5000  -22.5000   22.5000 2843.3115   10.4303
    0.0000  -22.5000   22.5000 2861.2908   10.2875
    7.5000  -22.5000   22.5000 2850.0659   10.4478
   -7.5000  -15.0000   22.5000 2853.7825   10.4285
    0.0000  -15.0000   22.5000 2869.4741   10.3031
    7.5000  -15.0000   22.5000 2856.3281   10.4757
   -7.5000   -7.5000   22.5000 2867.3752   10.4549
    0.0000   -7.5000   22.5000 2879.9614   10.3648
    7.5000   -7.5000   22.5000 2864.5645   10.5289
   -7.5000    0.0000   22.5000 2883.1824   10.5322
    0.0000    0.0000   22.5000 2892.1133   10.4562
    7.5000    0.0000   22.5000 2879.8442   10.5938
   -7.5000    7.5000   22.5000 2904.1167   10.6092
    0.0000    7.5000   22.5000 2913.5115   10.5136
    7.5000    7.5000   22.5000 2898.5183   10.6527
   -7.5000   15.0000   22.5000 2904.0415   10.6156
    0.0000   15.0000   22.5000 2913.2070   10.4583
    7.5000   15.0000   22.5000 2897.8208   10.6959
   -7.5000   22.5000   22.5000 2897.3323   10.7919
    0.0000   22.5000   22.5000 2900.7151   10.6467
    7.5000   22.5000   22.5000 2884.0657   10.9005
   -7.5000   30.0000   22.5000 2862.7153   11.1669
    0.0000   30.0000   22.5000 2877.3608   11.0339
    7.5000   30.0000   22.5000 2856.9702   11.2449
   -7.5000   37.5000   22.5000 2814.9221   11.7111
    0.0000   37.5000   22.5000 2826.5901   11.5845
    7.5000   37.5000   22.5000 2806.0251   11.7761
   -7.5000   45.0000   22.5000 2740.2905   12.3738
    0.0000   45.0000   22.5000 2752.7832   12.2271
    7.5000   45.0000   22.5000 2732.8967   12.4078
   -7.5000  -45.0000   30.0000 2790.8979   10.9023
    0.0000  -45.0000   30.0000 2806.7170   10.6979
    7.5000  -45.0000   30.0000 2801.9624   10.7823
   -7.5000  -37.5000   30.0000 2799.2949   10.8621
    0.0000  -37.5000   30.0000 2817.5173   10.6492
    7.5000  -37.5000   30.0000 2807.5217   10.7590
   -7.5000  -30.0000   30.0000 2805.6873   10.8204
    0.0000  -30.0000   30.0000 2822.4939   10.6154
    7.5000  -30.0000   30.0000 2815.9592   10.7530
   -7.5000  -22.5000   30.0000 2813.7976   10.7981
    0.0000  -22.5000   30.0000 2826.5491   10.6095
    7.5000  -22.5000   30.0000 2821.6697   10.7631
   -7.5000  -15.0000   30.0000 2821.3965   10.8023
    0.0000  -15.0000   30.0000 2837.4470   10.6389
    7.5000  -15.0000   30.0000 2827.6145   10.8182
   -7.5000   -7.5000   30.0000 2831.8816   10.8608
    0.0000   -7.5000   30.0000 2844.7927   10.7224
    7.5000   -7.5000   30.0000 2834.9014   10.8866
   -7.5000    0.0000   30.0000 2839.6069   10.9619
    0.0000    0.0000   30.0000 2854.6494   10.8314
    7.5000    0.0000   30.0000 2843.5239   10.9850
   -7.5000    7.5000   30.0000 2848.3296   11.0538
    0.0000    7.5000   30.0000 2861.6147   10.8931
    7.5000    7.5000   30.0000 2850.6641   11.0928
   -7.5000   15.0000   30.0000 2844.8547   11.1154
    0.0000   15.0000   30.0000 2855.8374   10.9395
    7.5000   15.0000   30.0000 2839.8572   11.1766
   -7.5000   22.5000   30.0000 2831.8228   11.3882
    0.0000   22.5000   30.0000 2841.3501   11.2277
    7.5000   22.5000   30.0000 2823.5281   11.4499
   -7.5000   30.0000   30.0000 2794.9290   11.7902
    0.0000   30.0000   30.0000 2811.1990   11.6420
    7.5000   30.0000   30.0000 2789.6282   11.8251
   -7.5000   37.5000   30.0000 2747.9797   12.3491
    0.0000   37.5000   30.0000 2761.9604   12.2073
    7.5000   37.5000   30.0000 2738.8374   12.3946
   -7.5000   45.0000   30.0000 2674.0586   13.0296
    0.0000   45.0000   30.0000 2689.7244   12.8688
    7.5000   45.0000   30.0000 2666.0852   13.0695
   -7.5000  -45.0000   37.5000 2747.6179   11.3683
    0.0000  -45.0000   37.5000 2758.5867   11.1088
    7.5000  -45.0000   37.5000 2754.3020   11.1820
   -7.5000  -37.5000   37.5000 2759.1611   11.3139
    0.0000  -37.5000   37.5000 2768.3394   11.0643
    7.5000  -37.5000   37.5000 2763.6741   11.1616
   -7.5000  -30.0000   37.5000 2765.1621   11.2783
    0.0000  -30.0000   37.5000 2777.3042   11.0288
    7.5000  -30.0000   37.5000 2773.0967   11.1716
   -7.5000  -22.5000   37.5000 2772.1509   11.2471
    0.0000  -22.5000   37.5000 2782.8489   11.0129
    7.5000  -22.5000   37.5000 2776.0420   11.1810
   -7.5000  -15.0000   37.5000 2783.4255   11.2295
    0.0000  -15.0000   37.5000 2794.5508   11.0151
    7.5000  -15.0000   37.5000 2785.0979   11.2158
   -7.5000   -7.5000   37.5000 2791.7722   11.3098
    0.0000   -7.5000   37.5000 2804.2266   11.1222
    7.5000   -7.5000   37.5000 2796.6125   11.3116
   -7.5000    0.0000   37.5000 2792.1743   11.4480
    0.0000    0.0000   37.5000 2809.4543   11.2687
    7.5000    0.0000   37.5000 2800.2495   11.4392
   -7.5000    7.5000   37.5000 2788.6328   11.5731
    0.0000    7.5000   37.5000 2803.7517   11.3931
    7.5000    7.5000   37.5000 2793.2495   11.6044
   -7.5000   15.0000   37.5000 2776.8247   11.7228
    0.0000   15.0000   37.5000 2787.9795   11.5579
    7.5000   15.0000   37.5000 2771.7600   11.7719
   -7.5000   22.5000   37.5000 2762.5769   12.0943
    0.0000   22.5000   37.5000 2776.2551   11.9001
    7.5000   22.5000   37.5000 2757.4080   12.0967
   -7.5000   30.0000   37.5000 2726.1284   12.5154
    0.0000   30.0000   37.5000 2742.9495   12.3378
    7.5000   30.0000   37.5000 2722.5632   12.5090
   -7.5000   37.5000   37.5000 2675.3406   13.0779
    0.0000   37.5000   37.5000 2691.0564   12.9136
    7.5000   37.5000   37.5000 2672.0334   13.0976
   -7.5000   45.0000   37.5000 2602.5020   13.7498
    0.0000   45.0000   37.5000 2619.0862   13.5934
    7.5000   45.0000   37.5000 2595.0066   13.7801
   -7.5000  -45.0000   45.0000 2685.2302   11.9192
    0.0000  -45.0000   45.0000 2698.0178   11.6423
    7.5000  -45.0000   45.0000 2700.0249   11.7174
   -7.5000  -37.5000   45.0000 2694.7537   11.8650
    0.0000  -37.5000   45.0000 2706.1382   11.6099
    7.5000  -37.5000   45.0000 2703.9502   11.6979
   -7.5000  -30.0000   45.0000 2706.2148   11.8060
    0.0000  -30.0000   45.0000 2713.2314   11.5809
    7.5000  -30.0000   45.0000 2712.2173   11.6899
   -7.5000  -22.5000   45.0000 2716.1436   11.7892
    0.0000  -22.5000   45.0000 2722.3132   11.5516
    7.5000  -22.5000   45.0000 2716.8669   11.6928
   -7.5000  -15.0000   45.0000 2724.4231   11.7951
    0.0000  -15.0000   45.0000 2734.4380   11.5669
    7.5000  -15.0000   45.0000 2725.0732   11.7340
   -7.5000   -7.5000   45.0000 2732.0969   11.8710
    0.0000   -7.5000   45.0000 2747.9160   11.6620
    7.5000   -7.5000   45.0000 2734.7302   11.8262
   -7.5000    0.0000   45.0000 2727.9534   12.0052
    0.0000    0.0000   45.0000 2745.5100   11.8006
    7.5000    0.0000   45.0000 2734.9963   11.9818
   -7.5000    7.5000   45.0000 2719.4309   12.1881
    0.0000    7.5000   45.0000 2733.0496   12.0006
    7.5000    7.5000   45.0000 2724.6611   12.2091
   -7.5000   15.0000   45.0000 2704.8796   12.4401
    0.0000   15.0000   45.0000 2714.5017   12.2953
    7.5000   15.0000   45.0000 2703.2400   12.4592
   -7.5000   22.5000   45.0000 2686.4248   12.8887
    0.0000   22.5000   45.0000 2702.2395   12.7148
    7.5000   22.5000   45.0000 2682.1658   12.8702
   -7.5000   30.0000   45.0000 2646.9517   13.3429
    0.0000   30.0000   45.0000 2664.5476   13.1932
    7.5000   30.0000   45.0000 2645.7686   13.3367
   -7.5000   37.5000   45.0000 2590.1602   13.9066
    0.0000   37.5000   45.0000 2605.0283   13.7529
    7.5000   37.5000   45.0000 2587.2964   13.9241
   -7.5000   45.0000   45.0000 2520.1077   14.5904
    0.0000   45.0000   45.0000 2542.4897   14.4374
    7.5000   45.0000   45.0000 2515.0059   14.6214

---------------------------------------------------------------------
imgreg_4dfp /opt/freesurfer/average/711-2C_as_mni_average_305 /opt/freesurfer/average/711-2B_as_mni_average_305_mask talsrcimg_g11 none talsrcimg_to_711-2C_as_mni_average_305_t4 1283
---------------------------------------------------------------------

freesurfer imgreg_4dfp.c
/opt/freesurfer/average/711-2C_as_mni_average_305.4dfp.img
       256       256       256         1
  1.000000  1.000000  1.000000
orientation T byte_order littleendian
Reading image: /opt/freesurfer/average/711-2C_as_mni_average_305.4dfp.img
dimensions:      256       256       256
mmppix:       1.0000   -1.0000   -1.0000
center:     128.0000 -129.0000 -129.0000
/opt/freesurfer/average/711-2B_as_mni_average_305_mask.4dfp.img
       256       256       256         1
  1.000000  1.000000  1.000000
orientation T byte_order littleendian
Reading mask: /opt/freesurfer/average/711-2B_as_mni_average_305_mask.4dfp.img (2306576 pixels)
talsrcimg_g11.4dfp.img
       256       256       256         1
  1.000000  1.000000  1.000000
orientation T byte_order littleendian
Reading image: talsrcimg_g11.4dfp.img
dimensions:      256       256       256
mmppix:       1.0000   -1.0000   -1.0000
center:     128.0000 -129.0000 -129.0000
rotation matrix determinant  1.000000
fimgreg.f
image alignment mode   1283 decimal      503 hex
parameters
    0.0000   15.0000    0.0000    0.0000    0.0000    0.0000
eta,q 0.95407 10.02380
niter,ni,del,rscale     5    3   12.0000    1.2000
parameter  2 -0.511703 -> -0.500000 qaram    1.1500
parameter  4  1.033402 ->  0.500000 qaram    1.1500
parameter  5 -0.574033 -> -0.500000 qaram    1.1500
parameter  6 -1.404733 -> -0.500000 qaram    1.1500
parameters
   -0.6338   18.4500   -2.5095   -3.4500    3.4500    3.4500
eta,q 0.96014  9.94874
  0.0517  0.0570  0.0474  0.0427  0.0491  0.0464
  0.0499  0.0536  0.0459  0.0429  0.0473  0.0447
  0.0497  0.0513  0.0451  0.0435  0.0455  0.0432
  0.0489  0.0489  0.0458  0.0450  0.0430  0.0418
  0.0488  0.0465  0.0487  0.0481  0.0419  0.0405
  0.0502  0.0462  0.0526  0.0508  0.0420  0.0397
  0.0548  0.0492  0.0554  0.0534  0.0433  0.0396
niter,ni,del,rscale     7    3   12.0000    1.2000
parameter  4  0.967994 ->  0.500000 qaram    1.3225
parameters
   -1.6742   19.3928   -4.3842   -7.4175    2.4696    4.0899
eta,q 0.96526  9.93395
  0.0466  0.0519  0.0405  0.0357  0.0400  0.0413
  0.0422  0.0475  0.0388  0.0348  0.0373  0.0386
  0.0395  0.0426  0.0383  0.0357  0.0355  0.0364
  0.0399  0.0392  0.0388  0.0383  0.0348  0.0349
  0.0431  0.0398  0.0401  0.0416  0.0363  0.0351
  0.0469  0.0435  0.0430  0.0452  0.0398  0.0371
  0.0526  0.0472  0.0468  0.0479  0.0442  0.0396
niter,ni,del,rscale     7    3   12.0000    1.2000
parameters
   -1.2331   20.7500   -5.5255  -10.8680    1.8120    4.7816
eta,q 0.96654  9.95299
  0.0483  0.0509  0.0389  0.0352  0.0388  0.0398
  0.0416  0.0449  0.0359  0.0339  0.0358  0.0373
  0.0373  0.0386  0.0341  0.0334  0.0342  0.0349
  0.0347  0.0346  0.0342  0.0340  0.0335  0.0336
  0.0359  0.0351  0.0361  0.0369  0.0342  0.0338
  0.0398  0.0387  0.0397  0.0417  0.0373  0.0357
  0.0447  0.0423  0.0444  0.0462  0.0420  0.0380
niter,ni,del,rscale     6    3   12.0000    1.2000
parameters
   -1.0988   22.0981   -7.4694  -14.0208    1.3937    4.8567
eta,q 0.96965  9.93887
  0.0461  0.0483  0.0356  0.0336  0.0380  0.0374
  0.0394  0.0429  0.0326  0.0314  0.0344  0.0342
  0.0355  0.0371  0.0319  0.0302  0.0317  0.0316
  0.0335  0.0334  0.0331  0.0319  0.0303  0.0303
  0.0348  0.0336  0.0354  0.0351  0.0317  0.0315
  0.0390  0.0363  0.0386  0.0391  0.0357  0.0340
  0.0449  0.0408  0.0429  0.0442  0.0405  0.0372
niter,ni,del,rscale     5    3   12.0000    1.2000
parameters
   -1.2133   22.8177   -8.4251  -15.1538    1.2584    4.8772
eta,q 0.97045  9.91604
  0.0436  0.0461  0.0361  0.0358  0.0380  0.0367
  0.0366  0.0408  0.0318  0.0326  0.0341  0.0333
  0.0326  0.0347  0.0295  0.0302  0.0312  0.0308
  0.0303  0.0304  0.0301  0.0294  0.0295  0.0296
  0.0322  0.0313  0.0328  0.0315  0.0305  0.0306
  0.0375  0.0359  0.0363  0.0361  0.0342  0.0332
  0.0447  0.0420  0.0397  0.0406  0.0392  0.0367
niter,ni,del,rscale     4    3   12.0000    1.2000
parameters
   -1.1342   23.1505   -8.7201  -15.7935    1.1817    4.8803
eta,q 0.97043  9.90704
  0.0443  0.0449  0.0378  0.0360  0.0381  0.0364
  0.0367  0.0390  0.0334  0.0336  0.0342  0.0332
  0.0321  0.0327  0.0301  0.0307  0.0312  0.0308
  0.0296  0.0295  0.0295  0.0294  0.0296  0.0296
  0.0312  0.0315  0.0317  0.0305  0.0306  0.0305
  0.0365  0.0365  0.0352  0.0346  0.0341  0.0331
  0.0437  0.0428  0.0387  0.0396  0.0390  0.0366
niter,ni,del,rscale     3    3   12.0000    1.2000
parameters
   -1.0834   23.3534   -8.9216  -16.1889    1.1410    4.8933
eta,q 0.97037  9.90177
  0.0445  0.0444  0.0381  0.0360  0.0383  0.0364
  0.0368  0.0381  0.0338  0.0341  0.0343  0.0332
  0.0322  0.0321  0.0305  0.0310  0.0313  0.0308
  0.0296  0.0295  0.0296  0.0295  0.0296  0.0296
  0.0313  0.0319  0.0317  0.0301  0.0307  0.0304
  0.0368  0.0369  0.0351  0.0337  0.0342  0.0330
  0.0441  0.0429  0.0386  0.0389  0.0390  0.0366
niter,ni,del,rscale     2    3   12.0000    1.2000
parameters
   -1.0602   23.4909   -9.0571  -16.4484    1.1212    4.9100
eta,q 0.97030  9.90021
  0.0447  0.0441  0.0384  0.0359  0.0385  0.0364
  0.0369  0.0377  0.0341  0.0342  0.0344  0.0332
  0.0322  0.0319  0.0308  0.0313  0.0313  0.0309
  0.0296  0.0296  0.0296  0.0296  0.0297  0.0297
  0.0315  0.0321  0.0316  0.0300  0.0308  0.0304
  0.0371  0.0370  0.0351  0.0332  0.0342  0.0330
  0.0444  0.0428  0.0385  0.0385  0.0389  0.0366
niter,ni,del,rscale     1    3   12.0000    1.2000
parameters
   -1.0468   23.5807   -9.1426  -16.6198    1.1105    4.9308
eta,q 0.97025  9.89956
  0.0448  0.0439  0.0385  0.0358  0.0385  0.0364
  0.0371  0.0374  0.0342  0.0343  0.0345  0.0333
  0.0322  0.0318  0.0309  0.0315  0.0314  0.0310
  0.0297  0.0297  0.0297  0.0297  0.0297  0.0297
  0.0316  0.0323  0.0316  0.0299  0.0308  0.0305
  0.0373  0.0372  0.0351  0.0330  0.0343  0.0330
  0.0447  0.0427  0.0385  0.0382  0.0389  0.0366
registration optimization eta report
parameter search radius
    6.0000    6.9000    6.0000    7.9350    6.9000    6.9000
100000*second partial in parameter space
       41.       27.       23.       12.       18.       14.
  0.0448  0.0439  0.0385  0.0358  0.0385  0.0364
  0.0371  0.0374  0.0342  0.0343  0.0345  0.0333
  0.0322  0.0318  0.0309  0.0315  0.0314  0.0310
  0.0297  0.0297  0.0297  0.0297  0.0297  0.0297
  0.0316  0.0323  0.0316  0.0299  0.0308  0.0305
  0.0373  0.0372  0.0351  0.0330  0.0343  0.0330
  0.0447  0.0427  0.0385  0.0382  0.0389  0.0366
   -1.0468   23.5807   -9.1426  -16.6198    1.1105    4.9308
eta,q 0.97025  9.89956

---------------------------------------------------------------------
imgreg_4dfp /opt/freesurfer/average/711-2C_as_mni_average_305 /opt/freesurfer/average/711-2B_as_mni_average_305_mask talsrcimg_g11 none talsrcimg_to_711-2C_as_mni_average_305_t4 3335
---------------------------------------------------------------------

freesurfer imgreg_4dfp.c
/opt/freesurfer/average/711-2C_as_mni_average_305.4dfp.img
       256       256       256         1
  1.000000  1.000000  1.000000
orientation T byte_order littleendian
Reading image: /opt/freesurfer/average/711-2C_as_mni_average_305.4dfp.img
dimensions:      256       256       256
mmppix:       1.0000   -1.0000   -1.0000
center:     128.0000 -129.0000 -129.0000
/opt/freesurfer/average/711-2B_as_mni_average_305_mask.4dfp.img
       256       256       256         1
  1.000000  1.000000  1.000000
orientation T byte_order littleendian
Reading mask: /opt/freesurfer/average/711-2B_as_mni_average_305_mask.4dfp.img (2306576 pixels)
talsrcimg_g11.4dfp.img
       256       256       256         1
  1.000000  1.000000  1.000000
orientation T byte_order littleendian
Reading image: talsrcimg_g11.4dfp.img
dimensions:      256       256       256
mmppix:       1.0000   -1.0000   -1.0000
center:     128.0000 -129.0000 -129.0000
fimgreg.f
image alignment mode   3335 decimal      D07 hex
parameters
   -1.0468   23.5807   -9.1426   -0.3888   -4.4846   -4.1956
   -7.6838   -4.3087    8.5936   28.3364    1.9381  -28.5965
eta,q 0.97175 10.01555
niter,ni,del,rscale     5    3    5.0000    1.2000
parameter  4  0.857548 ->  0.500000 qaram    1.1500
parameter  5  0.575934 ->  0.500000 qaram    1.1500
parameter 10  0.530464 ->  0.500000 qaram    1.1500
parameters
   -1.0731   23.7037   -9.3659   -4.5288   -8.6246   -0.8198
   -6.7824   -3.8188    7.9239   24.1964    2.7748  -30.4359
eta,q 0.97776 10.02199
  0.0313  0.0307  0.0291  0.0258  0.0253  0.0279  0.0269  0.0303  0.0247  0.0234  0.0238  0.0232
  0.0296  0.0294  0.0285  0.0255  0.0247  0.0268  0.0251  0.0270  0.0240  0.0225  0.0231  0.0225
  0.0286  0.0286  0.0283  0.0263  0.0248  0.0257  0.0240  0.0245  0.0235  0.0225  0.0227  0.0222
  0.0282  0.0282  0.0282  0.0282  0.0256  0.0247  0.0235  0.0234  0.0234  0.0234  0.0224  0.0224
  0.0286  0.0284  0.0284  0.0310  0.0276  0.0237  0.0236  0.0239  0.0237  0.0250  0.0225  0.0229
  0.0297  0.0291  0.0288  0.0347  0.0303  0.0236  0.0243  0.0258  0.0243  0.0271  0.0228  0.0237
  0.0314  0.0303  0.0294  0.0383  0.0333  0.0251  0.0255  0.0288  0.0254  0.0296  0.0233  0.0246
niter,ni,del,rscale     7    3    5.0000    1.2000
parameters
   -1.2501   24.4299   -8.7189   -5.7097   -9.3672   -0.3715
   -6.5211   -3.8931    8.1887   25.8591    2.4355  -31.3251
eta,q 0.97841 10.03250
  0.0254  0.0258  0.0245  0.0260  0.0261  0.0253  0.0251  0.0269  0.0240  0.0276  0.0225  0.0229
  0.0236  0.0242  0.0232  0.0241  0.0243  0.0243  0.0233  0.0240  0.0229  0.0251  0.0220  0.0219
  0.0225  0.0230  0.0224  0.0225  0.0228  0.0234  0.0223  0.0224  0.0222  0.0231  0.0217  0.0216
  0.0222  0.0222  0.0220  0.0219  0.0220  0.0221  0.0219  0.0219  0.0219  0.0219  0.0217  0.0217
  0.0229  0.0220  0.0219  0.0230  0.0223  0.0215  0.0222  0.0225  0.0221  0.0217  0.0218  0.0220
  0.0243  0.0222  0.0222  0.0258  0.0248  0.0227  0.0231  0.0242  0.0227  0.0226  0.0221  0.0226
  0.0264  0.0232  0.0226  0.0299  0.0290  0.0257  0.0246  0.0271  0.0237  0.0245  0.0228  0.0235
niter,ni,del,rscale     6    3    5.0000    1.2000
parameters
   -1.3110   24.7802   -8.7043   -5.8805   -9.9961   -0.3590
   -6.5557   -3.9998    8.2880   26.5612    2.4044  -31.8078
eta,q 0.97843 10.02706
  0.0248  0.0245  0.0231  0.0265  0.0258  0.0251  0.0245  0.0266  0.0236  0.0265  0.0226  0.0231
  0.0230  0.0231  0.0222  0.0245  0.0239  0.0241  0.0229  0.0237  0.0226  0.0242  0.0220  0.0220
  0.0219  0.0221  0.0216  0.0227  0.0224  0.0230  0.0220  0.0221  0.0219  0.0225  0.0217  0.0216
  0.0216  0.0216  0.0215  0.0215  0.0216  0.0217  0.0217  0.0217  0.0217  0.0217  0.0216  0.0216
  0.0220  0.0216  0.0217  0.0219  0.0218  0.0214  0.0220  0.0223  0.0218  0.0218  0.0217  0.0219
  0.0233  0.0221  0.0223  0.0241  0.0242  0.0230  0.0230  0.0240  0.0225  0.0231  0.0220  0.0225
  0.0252  0.0232  0.0230  0.0278  0.0283  0.0264  0.0245  0.0269  0.0235  0.0253  0.0226  0.0233
niter,ni,del,rscale     5    3    5.0000    1.2000
parameters
   -1.3416   24.9440   -8.7784   -5.8740  -10.3461   -0.4878
   -6.5381   -4.0697    8.3200   26.9716    2.3966  -32.1476
eta,q 0.97839 10.02180
  0.0248  0.0241  0.0230  0.0267  0.0259  0.0251  0.0245  0.0267  0.0235  0.0261  0.0226  0.0232
  0.0231  0.0228  0.0221  0.0247  0.0240  0.0241  0.0229  0.0238  0.0225  0.0239  0.0221  0.0221
  0.0219  0.0220  0.0216  0.0228  0.0224  0.0229  0.0220  0.0221  0.0219  0.0224  0.0217  0.0216
  0.0216  0.0216  0.0216  0.0215  0.0215  0.0216  0.0217  0.0217  0.0217  0.0217  0.0216  0.0216
  0.0220  0.0217  0.0218  0.0218  0.0217  0.0214  0.0220  0.0223  0.0219  0.0219  0.0217  0.0220
  0.0232  0.0223  0.0224  0.0239  0.0238  0.0232  0.0230  0.0240  0.0225  0.0232  0.0220  0.0225
  0.0250  0.0235  0.0231  0.0275  0.0277  0.0267  0.0244  0.0268  0.0235  0.0255  0.0226  0.0233
niter,ni,del,rscale     4    3    5.0000    1.2000
parameters
   -1.3634   25.0443   -8.8781   -5.8593  -10.5415   -0.6494
   -6.5157   -4.1144    8.3458   27.2607    2.3939  -32.4016
eta,q 0.97834 10.01746
  0.0249  0.0240  0.0230  0.0267  0.0260  0.0251  0.0245  0.0267  0.0235  0.0260  0.0227  0.0233
  0.0231  0.0227  0.0222  0.0247  0.0241  0.0241  0.0229  0.0238  0.0225  0.0239  0.0221  0.0222
  0.0220  0.0219  0.0217  0.0228  0.0225  0.0230  0.0220  0.0222  0.0219  0.0224  0.0218  0.0217
  0.0216  0.0216  0.0216  0.0216  0.0216  0.0216  0.0217  0.0217  0.0217  0.0217  0.0217  0.0217
  0.0220  0.0218  0.0219  0.0218  0.0216  0.0215  0.0220  0.0223  0.0219  0.0220  0.0218  0.0220
  0.0232  0.0224  0.0224  0.0239  0.0236  0.0232  0.0230  0.0240  0.0225  0.0233  0.0221  0.0225
  0.0250  0.0237  0.0232  0.0275  0.0274  0.0268  0.0244  0.0268  0.0235  0.0256  0.0227  0.0233
niter,ni,del,rscale     3    3    5.0000    1.2000
parameters
   -1.3773   25.1148   -8.9760   -5.8560  -10.6665   -0.8038
   -6.4953   -4.1473    8.3550   27.4853    2.3907  -32.6068
eta,q 0.97829 10.01374
  0.0250  0.0239  0.0231  0.0267  0.0261  0.0251  0.0245  0.0267  0.0236  0.0259  0.0227  0.0233
  0.0232  0.0227  0.0222  0.0248  0.0242  0.0241  0.0230  0.0239  0.0226  0.0238  0.0221  0.0223
  0.0221  0.0220  0.0217  0.0229  0.0226  0.0230  0.0220  0.0222  0.0220  0.0224  0.0218  0.0217
  0.0217  0.0217  0.0217  0.0216  0.0216  0.0217  0.0217  0.0217  0.0217  0.0217  0.0217  0.0217
  0.0220  0.0218  0.0219  0.0219  0.0216  0.0215  0.0221  0.0223  0.0219  0.0220  0.0218  0.0220
  0.0232  0.0225  0.0225  0.0240  0.0235  0.0233  0.0230  0.0240  0.0225  0.0234  0.0221  0.0226
  0.0251  0.0238  0.0232  0.0276  0.0273  0.0268  0.0244  0.0268  0.0236  0.0257  0.0227  0.0233
niter,ni,del,rscale     2    3    5.0000    1.2000
parameters
   -1.3876   25.1723   -9.0633   -5.8574  -10.7620   -0.9439
   -6.4799   -4.1706    8.3600   27.6725    2.3821  -32.7727
eta,q 0.97824 10.01041
  0.0250  0.0240  0.0231  0.0268  0.0261  0.0252  0.0246  0.0268  0.0236  0.0259  0.0227  0.0234
  0.0232  0.0228  0.0223  0.0248  0.0242  0.0241  0.0230  0.0239  0.0226  0.0238  0.0222  0.0223
  0.0221  0.0220  0.0218  0.0229  0.0227  0.0230  0.0221  0.0222  0.0220  0.0224  0.0219  0.0218
  0.0217  0.0217  0.0217  0.0217  0.0217  0.0217  0.0218  0.0218  0.0218  0.0218  0.0218  0.0218
  0.0221  0.0219  0.0220  0.0219  0.0217  0.0215  0.0221  0.0224  0.0220  0.0221  0.0219  0.0221
  0.0232  0.0226  0.0225  0.0241  0.0235  0.0233  0.0230  0.0240  0.0226  0.0234  0.0222  0.0226
  0.0251  0.0238  0.0232  0.0276  0.0273  0.0267  0.0245  0.0268  0.0236  0.0257  0.0227  0.0233
niter,ni,del,rscale     1    3    5.0000    1.2000
parameters
   -1.3946   25.2209   -9.1427   -5.8627  -10.8379   -1.0698
   -6.4627   -4.1877    8.3730   27.8326    2.3523  -32.9086
eta,q 0.97821 10.00734
  0.0250  0.0240  0.0232  0.0268  0.0262  0.0252  0.0246  0.0268  0.0236  0.0258  0.0228  0.0234
  0.0233  0.0228  0.0223  0.0248  0.0243  0.0242  0.0230  0.0239  0.0226  0.0239  0.0222  0.0224
  0.0221  0.0221  0.0218  0.0230  0.0227  0.0231  0.0221  0.0223  0.0220  0.0225  0.0219  0.0218
  0.0218  0.0218  0.0218  0.0217  0.0217  0.0218  0.0218  0.0218  0.0218  0.0218  0.0218  0.0218
  0.0221  0.0219  0.0220  0.0220  0.0217  0.0215  0.0221  0.0224  0.0220  0.0221  0.0219  0.0221
  0.0233  0.0226  0.0225  0.0241  0.0236  0.0233  0.0231  0.0240  0.0226  0.0235  0.0222  0.0226
  0.0251  0.0239  0.0233  0.0276  0.0273  0.0267  0.0245  0.0268  0.0236  0.0257  0.0228  0.0234
registration optimization eta report
parameter search radius
    2.4000    2.4000    2.4000    8.2800    8.2800    7.2000
    7.2000    7.2000    7.2000    8.2800    7.2000    7.2000
100000*second partial in parameter space
       58.       37.       25.        8.        7.        8.
        5.       10.        4.        6.        2.        3.
  0.0250  0.0240  0.0232  0.0268  0.0262  0.0252  0.0246  0.0268  0.0236  0.0258  0.0228  0.0234
  0.0233  0.0228  0.0223  0.0248  0.0243  0.0242  0.0230  0.0239  0.0226  0.0239  0.0222  0.0224
  0.0221  0.0221  0.0218  0.0230  0.0227  0.0231  0.0221  0.0223  0.0220  0.0225  0.0219  0.0218
  0.0218  0.0218  0.0218  0.0217  0.0217  0.0218  0.0218  0.0218  0.0218  0.0218  0.0218  0.0218
  0.0221  0.0219  0.0220  0.0220  0.0217  0.0215  0.0221  0.0224  0.0220  0.0221  0.0219  0.0221
  0.0233  0.0226  0.0225  0.0241  0.0236  0.0233  0.0231  0.0240  0.0226  0.0235  0.0222  0.0226
  0.0251  0.0239  0.0233  0.0276  0.0273  0.0267  0.0245  0.0268  0.0236  0.0257  0.0228  0.0234
   -1.3946   25.2209   -9.1427   -5.8627  -10.8379   -1.0698
   -6.4627   -4.1877    8.3730   27.8326    2.3523  -32.9086
eta,q 0.97821 10.00734

---------------------------------------------------------------------
imgreg_4dfp /opt/freesurfer/average/711-2C_as_mni_average_305 /opt/freesurfer/average/711-2B_as_mni_average_305_mask talsrcimg_g11 none talsrcimg_to_711-2C_as_mni_average_305_t4 2311
---------------------------------------------------------------------

freesurfer imgreg_4dfp.c
/opt/freesurfer/average/711-2C_as_mni_average_305.4dfp.img
       256       256       256         1
  1.000000  1.000000  1.000000
orientation T byte_order littleendian
Reading image: /opt/freesurfer/average/711-2C_as_mni_average_305.4dfp.img
dimensions:      256       256       256
mmppix:       1.0000   -1.0000   -1.0000
center:     128.0000 -129.0000 -129.0000
/opt/freesurfer/average/711-2B_as_mni_average_305_mask.4dfp.img
       256       256       256         1
  1.000000  1.000000  1.000000
orientation T byte_order littleendian
Reading mask: /opt/freesurfer/average/711-2B_as_mni_average_305_mask.4dfp.img (2306576 pixels)
talsrcimg_g11.4dfp.img
       256       256       256         1
  1.000000  1.000000  1.000000
orientation T byte_order littleendian
Reading image: talsrcimg_g11.4dfp.img
dimensions:      256       256       256
mmppix:       1.0000   -1.0000   -1.0000
center:     128.0000 -129.0000 -129.0000
fimgreg.f
image alignment mode   2311 decimal      907 hex
parameters
   -1.3946   25.2209   -9.1427   -5.8627  -10.8379   -1.0698
   -6.4627   -4.1877    8.3730   27.8326    2.3523  -32.9086
eta,q 0.97821 10.00734
niter,ni,del,rscale     5    3    5.0000    0.8000
parameters
   -1.3871   25.3007   -9.2967   -5.1966  -10.1570   -0.6190
   -6.5421   -4.1481    8.1415   27.9407    2.2681  -32.9023
eta,q 0.97858 10.03884
  0.0233  0.0228  0.0223  0.0244  0.0237  0.0239  0.0228  0.0243  0.0223  0.0232  0.0220  0.0224
  0.0225  0.0223  0.0220  0.0233  0.0228  0.0232  0.0220  0.0227  0.0218  0.0223  0.0217  0.0218
  0.0220  0.0219  0.0218  0.0224  0.0221  0.0223  0.0216  0.0217  0.0215  0.0217  0.0215  0.0215
  0.0218  0.0218  0.0218  0.0218  0.0217  0.0216  0.0214  0.0214  0.0214  0.0214  0.0214  0.0214
  0.0219  0.0219  0.0219  0.0217  0.0215  0.0214  0.0216  0.0217  0.0216  0.0216  0.0215  0.0216
  0.0225  0.0221  0.0222  0.0222  0.0219  0.0220  0.0221  0.0227  0.0219  0.0221  0.0217  0.0219
  0.0233  0.0227  0.0226  0.0235  0.0230  0.0237  0.0229  0.0241  0.0225  0.0231  0.0221  0.0223
niter,ni,del,rscale     4    3    5.0000    0.7000
parameters
   -1.3956   25.2443   -9.0305   -5.2290  -10.0854   -0.0907
   -6.4772   -4.1506    8.0773   27.7419    2.2647  -32.7145
eta,q 0.97873 10.04866
  0.0227  0.0222  0.0223  0.0232  0.0228  0.0235  0.0224  0.0235  0.0220  0.0225  0.0218  0.0221
  0.0220  0.0217  0.0219  0.0224  0.0221  0.0228  0.0218  0.0223  0.0216  0.0218  0.0215  0.0216
  0.0216  0.0215  0.0216  0.0217  0.0217  0.0220  0.0214  0.0215  0.0214  0.0214  0.0213  0.0213
  0.0214  0.0214  0.0214  0.0214  0.0214  0.0214  0.0213  0.0213  0.0213  0.0213  0.0213  0.0213
  0.0216  0.0215  0.0214  0.0215  0.0214  0.0213  0.0214  0.0215  0.0214  0.0215  0.0213  0.0214
  0.0220  0.0218  0.0215  0.0222  0.0219  0.0218  0.0218  0.0223  0.0216  0.0220  0.0215  0.0216
  0.0227  0.0223  0.0218  0.0234  0.0229  0.0230  0.0223  0.0235  0.0220  0.0228  0.0218  0.0219
niter,ni,del,rscale     3    3    5.0000    0.6000
parameters
   -1.3924   25.1874   -8.7918   -5.1845   -9.9615    0.3651
   -6.4882   -4.1469    8.0338   27.4581    2.2773  -32.4546
eta,q 0.97884 10.05798
  0.0223  0.0218  0.0220  0.0227  0.0223  0.0231  0.0220  0.0229  0.0217  0.0221  0.0216  0.0218
  0.0217  0.0215  0.0216  0.0220  0.0218  0.0224  0.0215  0.0219  0.0214  0.0215  0.0213  0.0214
  0.0214  0.0213  0.0214  0.0215  0.0215  0.0217  0.0213  0.0214  0.0212  0.0212  0.0212  0.0212
  0.0213  0.0213  0.0213  0.0213  0.0213  0.0212  0.0212  0.0212  0.0212  0.0212  0.0212  0.0212
  0.0214  0.0214  0.0213  0.0214  0.0213  0.0212  0.0213  0.0214  0.0212  0.0213  0.0212  0.0212
  0.0217  0.0216  0.0214  0.0219  0.0216  0.0216  0.0215  0.0220  0.0214  0.0218  0.0213  0.0214
  0.0222  0.0219  0.0216  0.0227  0.0223  0.0226  0.0220  0.0229  0.0217  0.0224  0.0216  0.0216
niter,ni,del,rscale     2    3    5.0000    0.5000
parameters
   -1.3907   25.1150   -8.5721   -5.1422   -9.7906    0.7593
   -6.5147   -4.1475    8.0084   27.1324    2.3092  -32.1650
eta,q 0.97892 10.06651
  0.0219  0.0215  0.0217  0.0222  0.0219  0.0226  0.0217  0.0224  0.0215  0.0217  0.0214  0.0216
  0.0215  0.0213  0.0214  0.0217  0.0215  0.0220  0.0213  0.0216  0.0213  0.0213  0.0212  0.0213
  0.0213  0.0212  0.0213  0.0213  0.0213  0.0215  0.0212  0.0212  0.0211  0.0211  0.0211  0.0211
  0.0212  0.0212  0.0212  0.0212  0.0212  0.0211  0.0211  0.0211  0.0211  0.0211  0.0211  0.0211
  0.0212  0.0212  0.0212  0.0212  0.0211  0.0211  0.0212  0.0212  0.0211  0.0212  0.0211  0.0211
  0.0215  0.0214  0.0212  0.0216  0.0214  0.0214  0.0214  0.0217  0.0213  0.0215  0.0212  0.0212
  0.0219  0.0217  0.0214  0.0222  0.0218  0.0221  0.0217  0.0223  0.0215  0.0220  0.0214  0.0214
niter,ni,del,rscale     1    3    5.0000    0.4000
parameters
   -1.3832   25.0382   -8.3773   -5.1065   -9.6193    1.0806
   -6.5327   -4.1426    8.0040   26.8178    2.3590  -31.8949
eta,q 0.97898 10.07372
  0.0215  0.0213  0.0214  0.0218  0.0216  0.0221  0.0214  0.0219  0.0213  0.0214  0.0212  0.0213
  0.0213  0.0212  0.0213  0.0214  0.0213  0.0216  0.0212  0.0214  0.0211  0.0212  0.0211  0.0212
  0.0211  0.0211  0.0212  0.0212  0.0212  0.0213  0.0211  0.0211  0.0211  0.0210  0.0211  0.0211
  0.0211  0.0211  0.0211  0.0211  0.0211  0.0211  0.0210  0.0210  0.0210  0.0210  0.0210  0.0210
  0.0211  0.0211  0.0211  0.0211  0.0211  0.0211  0.0211  0.0211  0.0211  0.0211  0.0210  0.0210
  0.0213  0.0212  0.0211  0.0214  0.0212  0.0213  0.0212  0.0214  0.0211  0.0213  0.0211  0.0211
  0.0215  0.0214  0.0212  0.0218  0.0215  0.0217  0.0214  0.0219  0.0213  0.0217  0.0212  0.0212
registration optimization eta report
parameter search radius
    0.8000    0.8000    0.8000    2.4000    2.4000    2.4000
    2.4000    2.4000    2.4000    2.4000    2.4000    2.4000
100000*second partial in parameter space
       71.       43.       35.       12.        8.       14.
        6.       14.        4.        9.        3.        4.
  0.0215  0.0213  0.0214  0.0218  0.0216  0.0221  0.0214  0.0219  0.0213  0.0214  0.0212  0.0213
  0.0213  0.0212  0.0213  0.0214  0.0213  0.0216  0.0212  0.0214  0.0211  0.0212  0.0211  0.0212
  0.0211  0.0211  0.0212  0.0212  0.0212  0.0213  0.0211  0.0211  0.0211  0.0210  0.0211  0.0211
  0.0211  0.0211  0.0211  0.0211  0.0211  0.0211  0.0210  0.0210  0.0210  0.0210  0.0210  0.0210
  0.0211  0.0211  0.0211  0.0211  0.0211  0.0211  0.0211  0.0211  0.0211  0.0211  0.0210  0.0210
  0.0213  0.0212  0.0211  0.0214  0.0212  0.0213  0.0212  0.0214  0.0211  0.0213  0.0211  0.0211
  0.0215  0.0214  0.0212  0.0218  0.0215  0.0217  0.0214  0.0219  0.0213  0.0217  0.0212  0.0212
   -1.3832   25.0382   -8.3773   -5.1065   -9.6193    1.0806
   -6.5327   -4.1426    8.0040   26.8178    2.3590  -31.8949
eta,q 0.97898 10.07372

---------------------------------------------------------------------
imgreg_4dfp /opt/freesurfer/average/711-2C_as_mni_average_305 /opt/freesurfer/average/711-2B_as_mni_average_305_mask talsrcimg_g11 none talsrcimg_to_711-2C_as_mni_average_305_t4 2311
---------------------------------------------------------------------

freesurfer imgreg_4dfp.c
/opt/freesurfer/average/711-2C_as_mni_average_305.4dfp.img
       256       256       256         1
  1.000000  1.000000  1.000000
orientation T byte_order littleendian
Reading image: /opt/freesurfer/average/711-2C_as_mni_average_305.4dfp.img
dimensions:      256       256       256
mmppix:       1.0000   -1.0000   -1.0000
center:     128.0000 -129.0000 -129.0000
/opt/freesurfer/average/711-2B_as_mni_average_305_mask.4dfp.img
       256       256       256         1
  1.000000  1.000000  1.000000
orientation T byte_order littleendian
Reading mask: /opt/freesurfer/average/711-2B_as_mni_average_305_mask.4dfp.img (2306576 pixels)
talsrcimg_g11.4dfp.img
       256       256       256         1
  1.000000  1.000000  1.000000
orientation T byte_order littleendian
Reading image: talsrcimg_g11.4dfp.img
dimensions:      256       256       256
mmppix:       1.0000   -1.0000   -1.0000
center:     128.0000 -129.0000 -129.0000
fimgreg.f
image alignment mode   2311 decimal      907 hex
parameters
   -1.3832   25.0382   -8.3773   -5.1065   -9.6193    1.0806
   -6.5327   -4.1426    8.0040   26.8178    2.3590  -31.8949
eta,q 0.97897 10.07372
niter,ni,del,rscale     5    3    5.0000    0.8000
parameters
   -1.3876   24.9293   -8.1737   -5.4193   -9.9432    0.9183
   -6.5133   -4.1110    8.1282   26.6916    2.3263  -31.7062
eta,q 0.97890 10.06387
  0.0228  0.0220  0.0222  0.0231  0.0226  0.0235  0.0225  0.0240  0.0221  0.0228  0.0217  0.0221
  0.0218  0.0214  0.0216  0.0221  0.0218  0.0226  0.0217  0.0224  0.0216  0.0218  0.0214  0.0215
  0.0212  0.0211  0.0212  0.0214  0.0213  0.0217  0.0212  0.0214  0.0212  0.0213  0.0212  0.0212
  0.0210  0.0210  0.0210  0.0210  0.0210  0.0211  0.0211  0.0211  0.0211  0.0211  0.0211  0.0211
  0.0212  0.0212  0.0211  0.0213  0.0212  0.0212  0.0213  0.0214  0.0212  0.0213  0.0212  0.0212
  0.0218  0.0216  0.0213  0.0224  0.0219  0.0223  0.0217  0.0224  0.0215  0.0220  0.0214  0.0215
  0.0228  0.0223  0.0217  0.0240  0.0234  0.0244  0.0225  0.0239  0.0220  0.0230  0.0217  0.0218
niter,ni,del,rscale     4    3    5.0000    0.7000
parameters
   -1.3684   24.9526   -8.2887   -5.2770   -9.7766    0.9581
   -6.5827   -4.0880    8.1114   26.6209    2.3231  -31.6678
eta,q 0.97894 10.06749
  0.0224  0.0219  0.0216  0.0230  0.0225  0.0232  0.0221  0.0234  0.0218  0.0224  0.0215  0.0218
  0.0217  0.0215  0.0213  0.0222  0.0218  0.0224  0.0215  0.0221  0.0214  0.0217  0.0213  0.0213
  0.0213  0.0212  0.0211  0.0215  0.0213  0.0216  0.0212  0.0213  0.0211  0.0212  0.0211  0.0211
  0.0211  0.0211  0.0211  0.0211  0.0211  0.0211  0.0211  0.0211  0.0210  0.0210  0.0211  0.0211
  0.0212  0.0212  0.0212  0.0212  0.0211  0.0211  0.0212  0.0213  0.0211  0.0212  0.0211  0.0212
  0.0217  0.0214  0.0215  0.0218  0.0215  0.0219  0.0216  0.0221  0.0214  0.0217  0.0213  0.0214
  0.0224  0.0219  0.0218  0.0230  0.0225  0.0235  0.0222  0.0233  0.0218  0.0225  0.0215  0.0217
niter,ni,del,rscale     3    3    5.0000    0.6000
parameters
   -1.3634   24.9351   -8.2622   -5.2149   -9.6389    1.1225
   -6.5925   -4.0890    8.0937   26.5284    2.3474  -31.5942
eta,q 0.97899 10.07215
  0.0220  0.0216  0.0216  0.0225  0.0221  0.0228  0.0218  0.0228  0.0216  0.0220  0.0214  0.0216
  0.0215  0.0213  0.0213  0.0218  0.0216  0.0221  0.0214  0.0218  0.0213  0.0215  0.0212  0.0212
  0.0212  0.0211  0.0211  0.0213  0.0212  0.0214  0.0211  0.0212  0.0211  0.0211  0.0211  0.0211
  0.0211  0.0211  0.0211  0.0211  0.0210  0.0210  0.0210  0.0210  0.0210  0.0210  0.0210  0.0210
  0.0212  0.0211  0.0211  0.0211  0.0211  0.0211  0.0211  0.0212  0.0211  0.0212  0.0210  0.0211
  0.0215  0.0213  0.0213  0.0217  0.0214  0.0216  0.0214  0.0218  0.0213  0.0215  0.0212  0.0212
  0.0220  0.0217  0.0215  0.0225  0.0221  0.0227  0.0218  0.0228  0.0216  0.0222  0.0214  0.0215
niter,ni,del,rscale     2    3    5.0000    0.5000
parameters
   -1.3622   24.9106   -8.1804   -5.1695   -9.5232    1.3208
   -6.5961   -4.1011    8.0607   26.4069    2.3857  -31.4791
eta,q 0.97901 10.07688
  0.0217  0.0214  0.0214  0.0221  0.0217  0.0224  0.0216  0.0222  0.0214  0.0217  0.0213  0.0214
  0.0213  0.0212  0.0212  0.0216  0.0214  0.0218  0.0212  0.0215  0.0212  0.0213  0.0211  0.0212
  0.0211  0.0211  0.0211  0.0212  0.0211  0.0213  0.0211  0.0211  0.0210  0.0211  0.0210  0.0210
  0.0210  0.0210  0.0210  0.0210  0.0210  0.0210  0.0210  0.0210  0.0210  0.0210  0.0210  0.0210
  0.0211  0.0211  0.0210  0.0211  0.0210  0.0211  0.0211  0.0211  0.0210  0.0211  0.0210  0.0210
  0.0213  0.0212  0.0211  0.0214  0.0212  0.0214  0.0213  0.0216  0.0212  0.0214  0.0211  0.0211
  0.0217  0.0215  0.0213  0.0221  0.0217  0.0222  0.0216  0.0222  0.0214  0.0218  0.0213  0.0213
niter,ni,del,rscale     1    3    5.0000    0.4000
parameters
   -1.3598   24.8880   -8.0915   -5.1423   -9.4169    1.4939
   -6.6002   -4.1099    8.0437   26.2712    2.4281  -31.3626
eta,q 0.97903 10.08097
  0.0214  0.0213  0.0213  0.0217  0.0215  0.0219  0.0213  0.0218  0.0212  0.0214  0.0212  0.0212
  0.0212  0.0211  0.0211  0.0213  0.0212  0.0215  0.0211  0.0213  0.0211  0.0212  0.0211  0.0211
  0.0210  0.0210  0.0210  0.0211  0.0211  0.0211  0.0210  0.0210  0.0210  0.0210  0.0210  0.0210
  0.0210  0.0210  0.0210  0.0210  0.0210  0.0210  0.0210  0.0210  0.0210  0.0210  0.0210  0.0210
  0.0210  0.0210  0.0210  0.0210  0.0210  0.0210  0.0210  0.0211  0.0210  0.0210  0.0210  0.0210
  0.0212  0.0211  0.0211  0.0213  0.0211  0.0213  0.0211  0.0213  0.0211  0.0212  0.0210  0.0211
  0.0214  0.0213  0.0212  0.0217  0.0214  0.0217  0.0213  0.0218  0.0212  0.0215  0.0211  0.0212
registration optimization eta report
parameter search radius
    0.8000    0.8000    0.8000    2.4000    2.4000    2.4000
    2.4000    2.4000    2.4000    2.4000    2.4000    2.4000
100000*second partial in parameter space
       71.       44.       35.       12.        8.       15.
        7.       14.        4.        9.        3.        4.
  0.0214  0.0213  0.0213  0.0217  0.0215  0.0219  0.0213  0.0218  0.0212  0.0214  0.0212  0.0212
  0.0212  0.0211  0.0211  0.0213  0.0212  0.0215  0.0211  0.0213  0.0211  0.0212  0.0211  0.0211
  0.0210  0.0210  0.0210  0.0211  0.0211  0.0211  0.0210  0.0210  0.0210  0.0210  0.0210  0.0210
  0.0210  0.0210  0.0210  0.0210  0.0210  0.0210  0.0210  0.0210  0.0210  0.0210  0.0210  0.0210
  0.0210  0.0210  0.0210  0.0210  0.0210  0.0210  0.0210  0.0211  0.0210  0.0210  0.0210  0.0210
  0.0212  0.0211  0.0211  0.0213  0.0211  0.0213  0.0211  0.0213  0.0211  0.0212  0.0210  0.0211
  0.0214  0.0213  0.0212  0.0217  0.0214  0.0217  0.0213  0.0218  0.0212  0.0215  0.0211  0.0212
   -1.3598   24.8880   -8.0915   -5.1423   -9.4169    1.4939
   -6.6002   -4.1099    8.0437   26.2712    2.4281  -31.3626
eta,q 0.97903 10.08097

---------------------------------------------------------------------
compute_vox2vox talsrcimg talsrcimg_to_711-2C_as_mni_average_305_t4 /opt/freesurfer/average/711-2C_as_mni_average_305
---------------------------------------------------------------------

freesurfer compute_vox2vox.c
Reading: talsrcimg.4dfp.ifh
Reading: talsrcimg_to_711-2C_as_mni_average_305_t4
Reading: /opt/freesurfer/average/711-2C_as_mni_average_305.4dfp.ifh
Writing: talsrcimg_to_711-2C_as_mni_average_305_t4_vox2vox.txt

start time Sun Nov 24 05:22:24 UTC 2024
end		time Sun Nov 24 05:23:22 UTC 2024

mpr2mni305 success

avi2talxfm orig_nu.mgz /opt/freesurfer/average/mni305.cor.mgz talsrcimg_to_711-2C_as_mni_average_305_t4_vox2vox.txt transforms/talairach.auto.xfm
avi2talxfm done
mv -f /scratch/tmp/fs_mp2rage_tests2/sourcedata/freesurfer_memprage/sub-fsm39ap/mri/talsrcimg_to_711-2C_as_mni_average_305_t4_vox2vox.txt /scratch/tmp/fs_mp2rage_tests2/sourcedata/freesurfer_memprage/sub-fsm39ap/mri/transforms/talsrcimg_to_711-2C_as_mni_average_305_t4_vox2vox.txt
lta_convert --src orig_nu.mgz --trg /opt/freesurfer/average/mni305.cor.mgz --inxfm transforms/talairach.auto.xfm --outlta transforms/talairach.auto.xfm.lta --subject fsaverage
7.3.2

--src: orig_nu.mgz src image (geometry).
--trg: /opt/freesurfer/average/mni305.cor.mgz trg image (geometry).
--inmni: transforms/talairach.auto.xfm input MNI/XFM transform.
--outlta: transforms/talairach.auto.xfm.lta output LTA.
--s: fsaverage subject name
 LTA read, type : 1
 1.04660   0.02078   0.08345  -0.58623;
-0.04934   0.90326   0.30914  -31.82314;
-0.07863  -0.26381   1.00689  -0.30472;
 0.00000   0.00000   0.00000   1.00000;
setting subject to fsaverage
Writing  LTA to file transforms/talairach.auto.xfm.lta...
lta_convert successful.
 
 
Started at Sun Nov 24 05:22:20 UTC 2024
Ended   at Sun Nov 24 05:23:24 UTC 2024
talairach_avi done
