/scratch/tmp/fs_mp2rage_tests2/sourcedata/freesurfer_memprage/sub-fsm27uz/mri
/opt/freesurfer/bin/talairach_avi
--i orig_nu.mgz --xfm transforms/talairach.auto.xfm
talairach_avi 7.3.2
Linux elm.criugm.qc.ca 5.15.0-113-generic #123-Ubuntu SMP Mon Jun 10 08:16:17 UTC 2024 x86_64 x86_64 x86_64 GNU/Linux
Sun Nov 24 05:20:12 UTC 2024
mri_convert orig_nu.mgz talsrcimg.img 
reading from orig_nu.mgz...
TR=0.00, TE=0.00, TI=0.00, flip angle=0.00
i_ras = (-1, -2.32831e-10, 0)
j_ras = (0, 0, -1)
k_ras = (2.32831e-10, 1, 0)
writing to talsrcimg.img...
Analyze Output Matrix
-1.00000   0.00000   0.00000   130.59264;
-0.00000   0.00000   1.00000  -105.54466;
 0.00000  -1.00000   0.00000   118.27750;
 0.00000   0.00000   0.00000   1.00000;
--------------------
INFO: set hdr.hist.orient to -1
mpr2mni305 talsrcimg
Sun Nov 24 05:20:15 UTC 2024
/opt/freesurfer/bin/mpr2mni305 talsrcimg
mpr2mni305 7.3.2
target=711-2C_as_mni_average_305

---------------------------------------------------------------------
analyzeto4dfp talsrcimg -O0 -y
---------------------------------------------------------------------

freesurfer ifh2hdr.c
Sun Nov 24 05:20:16 2024
Writing: talsrcimg.4dfp.hdr
freesurfer analyzeto4dfp.c
Reading: talsrcimg.hdr
header size 348 bytes
hdr.dime.datatype	offset=70	value=2
hdr.dime.bitpix		offset=72	value=8
hdr.hist.orient		offset=252	value=-1
dimensionality     4
dimensions       256       256       256         1
Reading: talsrcimg.img
Writing: talsrcimg.4dfp.img
Writing: talsrcimg.4dfp.ifh
ifh2hdr talsrcimg -r0to255
ori=2

---------------------------------------------------------------------
gauss_4dfp talsrcimg 1.1
---------------------------------------------------------------------

freesurfer gauss_4dfp.c
Reading: talsrcimg.4dfp.img
Writing: talsrcimg_g11.4dfp.img
image dimensions 256 256 256 padded to 288 288 288
processing volume 1freesurfer ifh2hdr.c
Sun Nov 24 05:20:26 2024
Writing: talsrcimg_g11.4dfp.hdr

Writing: talsrcimg_g11.4dfp.ifh
including: talsrcimg.4dfp.img.rec in talsrcimg_g11.4dfp.img.rec

---------------------------------------------------------------------
imgreg_4dfp /opt/freesurfer/average/711-2C_as_mni_average_305 none talsrcimg_g11 none talsrcimg_to_711-2C_as_mni_average_305_t4 4355
---------------------------------------------------------------------

freesurfer imgreg_4dfp.c
/opt/freesurfer/average/711-2C_as_mni_average_305.4dfp.img
       256       256       256         1
  1.000000  1.000000  1.000000
orientation T byte_order littleendian
Reading image: /opt/freesurfer/average/711-2C_as_mni_average_305.4dfp.img
dimensions:      256       256       256
mmppix:       1.0000   -1.0000   -1.0000
center:     128.0000 -129.0000 -129.0000
talsrcimg_g11.4dfp.img
       256       256       256         1
  1.000000  1.000000  1.000000
orientation T byte_order littleendian
Reading image: talsrcimg_g11.4dfp.img
dimensions:      256       256       256
mmppix:       1.0000   -1.0000   -1.0000
center:     128.0000 -129.0000 -129.0000
t4_read: open error in t4_sub.f l:  41 t4_file(1:l)talsrcimg_to_711-2C_as_mni_average_305_t4 
t4_read: transform initialized to I4
rotation matrix determinant  1.000000
image alignment mode   4355 decimal     1103 hex
   -7.5000  -45.0000  -45.0000 9565.2500    7.6541
    0.0000  -45.0000  -45.0000 9947.7617    7.6615
    7.5000  -45.0000  -45.0000 9627.0820    7.6634
   -7.5000  -37.5000  -45.0000 9701.5869    7.6235
    0.0000  -37.5000  -45.000010075.2031    7.6294
    7.5000  -37.5000  -45.0000 9751.5391    7.6315
   -7.5000  -30.0000  -45.000010041.4395    7.4812
    0.0000  -30.0000  -45.000010432.6250    7.4854
    7.5000  -30.0000  -45.000010063.1514    7.4890
   -7.5000  -22.5000  -45.000010401.9355    7.3769
    0.0000  -22.5000  -45.000010825.4297    7.3802
    7.5000  -22.5000  -45.000010408.0527    7.3849
   -7.5000  -15.0000  -45.000010834.7119    7.3219
    0.0000  -15.0000  -45.000011305.0146    7.3264
    7.5000  -15.0000  -45.000010811.4111    7.3312
   -7.5000   -7.5000  -45.000011255.4941    7.2985
    0.0000   -7.5000  -45.000011743.0791    7.3051
    7.5000   -7.5000  -45.000011213.1006    7.3089
   -7.5000    0.0000  -45.000011627.2783    7.2969
    0.0000    0.0000  -45.000012139.0244    7.3043
    7.5000    0.0000  -45.000011560.1299    7.3067
   -7.5000    7.5000  -45.000011150.3643    7.4080
    0.0000    7.5000  -45.000011637.9229    7.4141
    7.5000    7.5000  -45.000011065.3828    7.4165
   -7.5000   15.0000  -45.000010721.3467    7.6667
    0.0000   15.0000  -45.000011194.1924    7.6704
    7.5000   15.0000  -45.000010614.6387    7.6747
   -7.5000   22.5000  -45.000010226.4629    7.9319
    0.0000   22.5000  -45.000010692.1797    7.9349
    7.5000   22.5000  -45.000010105.8750    7.9410
   -7.5000   30.0000  -45.0000 9714.5420    8.0855
    0.0000   30.0000  -45.000010161.9141    8.0900
    7.5000   30.0000  -45.0000 9587.0859    8.0964
   -7.5000   37.5000  -45.0000 9515.0586    8.3554
    0.0000   37.5000  -45.0000 9947.7578    8.3621
    7.5000   37.5000  -45.0000 9385.5635    8.3664
   -7.5000   45.0000  -45.0000 9005.8008    8.4271
    0.0000   45.0000  -45.0000 9408.1738    8.4349
    7.5000   45.0000  -45.0000 8858.7891    8.4348
   -7.5000  -45.0000  -37.500010037.0312    7.5893
    0.0000  -45.0000  -37.500010429.4805    7.5929
    7.5000  -45.0000  -37.500010101.0176    7.5940
   -7.5000  -37.5000  -37.500010177.3857    7.5598
    0.0000  -37.5000  -37.500010565.9941    7.5623
    7.5000  -37.5000  -37.500010222.2607    7.5642
   -7.5000  -30.0000  -37.500010552.1396    7.4191
    0.0000  -30.0000  -37.500010970.6445    7.4207
    7.5000  -30.0000  -37.500010568.8301    7.4243
   -7.5000  -22.5000  -37.500010966.8604    7.3166
    0.0000  -22.5000  -37.500011424.4434    7.3177
    7.5000  -22.5000  -37.500010956.8359    7.3219
   -7.5000  -15.0000  -37.500011446.9697    7.2629
    0.0000  -15.0000  -37.500011944.3604    7.2646
    7.5000  -15.0000  -37.500011413.5254    7.2684
   -7.5000   -7.5000  -37.500011918.3584    7.2396
    0.0000   -7.5000  -37.500012439.9648    7.2429
    7.5000   -7.5000  -37.500011861.6641    7.2454
   -7.5000    0.0000  -37.500012331.4648    7.2375
    0.0000    0.0000  -37.500012872.7305    7.2415
    7.5000    0.0000  -37.500012242.2158    7.2430
   -7.5000    7.5000  -37.500011818.4805    7.3469
    0.0000    7.5000  -37.500012351.5693    7.3499
    7.5000    7.5000  -37.500011720.5801    7.3522
   -7.5000   15.0000  -37.500011347.3555    7.6008
    0.0000   15.0000  -37.500011861.9404    7.6019
    7.5000   15.0000  -37.500011226.4854    7.6062
   -7.5000   22.5000  -37.500010845.1787    7.8626
    0.0000   22.5000  -37.500011329.5322    7.8631
    7.5000   22.5000  -37.500010706.8564    7.8686
   -7.5000   30.0000  -37.500010285.6924    8.0124
    0.0000   30.0000  -37.500010736.5635    8.0135
    7.5000   30.0000  -37.500010132.0342    8.0187
   -7.5000   37.5000  -37.500010048.0137    8.2765
    0.0000   37.5000  -37.500010485.6523    8.2790
    7.5000   37.5000  -37.5000 9895.9727    8.2818
   -7.5000   45.0000  -37.5000 9500.5254    8.3439
    0.0000   45.0000  -37.5000 9921.5244    8.3472
    7.5000   45.0000  -37.5000 9343.8965    8.3465
   -7.5000  -45.0000  -30.000010711.0459    7.8644
    0.0000  -45.0000  -30.000011146.0742    7.8644
    7.5000  -45.0000  -30.000010772.3145    7.8637
   -7.5000  -37.5000  -30.000010858.6025    7.8345
    0.0000  -37.5000  -30.000011292.6611    7.8334
    7.5000  -37.5000  -30.000010899.8887    7.8341
   -7.5000  -30.0000  -30.000011299.6250    7.6880
    0.0000  -30.0000  -30.000011758.0498    7.6856
    7.5000  -30.0000  -30.000011308.8525    7.6879
   -7.5000  -22.5000  -30.000011780.5146    7.5823
    0.0000  -22.5000  -30.000012272.5361    7.5793
    7.5000  -22.5000  -30.000011771.9014    7.5814
   -7.5000  -15.0000  -30.000012321.3955    7.5276
    0.0000  -15.0000  -30.000012848.0264    7.5251
    7.5000  -15.0000  -30.000012283.3896    7.5263
   -7.5000   -7.5000  -30.000012828.7715    7.5037
    0.0000   -7.5000  -30.000013380.9609    7.5032
    7.5000   -7.5000  -30.000012754.3340    7.5034
   -7.5000    0.0000  -30.000013279.2871    7.5008
    0.0000    0.0000  -30.000013842.4863    7.5015
    7.5000    0.0000  -30.000013176.3779    7.5015
   -7.5000    7.5000  -30.000012738.2773    7.6140
    0.0000    7.5000  -30.000013275.3301    7.6135
    7.5000    7.5000  -30.000012621.0020    7.6148
   -7.5000   15.0000  -30.000012232.8896    7.8767
    0.0000   15.0000  -30.000012748.8418    7.8736
    7.5000   15.0000  -30.000012096.2100    7.8765
   -7.5000   22.5000  -30.000011707.2822    8.1487
    0.0000   22.5000  -30.000012194.3281    8.1442
    7.5000   22.5000  -30.000011539.9951    8.1473
   -7.5000   30.0000  -30.000011070.3242    8.3075
    0.0000   30.0000  -30.000011546.5781    8.3031
    7.5000   30.0000  -30.000010893.7803    8.3053
   -7.5000   37.5000  -30.000010791.7754    8.5815
    0.0000   37.5000  -30.000011249.5127    8.5788
    7.5000   37.5000  -30.000010618.8984    8.5792
   -7.5000   45.0000  -30.000010183.8857    8.6552
    0.0000   45.0000  -30.000010618.9639    8.6540
    7.5000   45.0000  -30.000010013.2383    8.6516
   -7.5000  -45.0000  -22.500011420.3906    8.1079
    0.0000  -45.0000  -22.500011885.3613    8.1078
    7.5000  -45.0000  -22.500011481.2803    8.1055
   -7.5000  -37.5000  -22.500011586.8770    8.0778
    0.0000  -37.5000  -22.500012064.2891    8.0762
    7.5000  -37.5000  -22.500011629.2393    8.0753
   -7.5000  -30.0000  -22.500012089.3916    7.9256
    0.0000  -30.0000  -22.500012588.8057    7.9220
    7.5000  -30.0000  -22.500012088.2568    7.9223
   -7.5000  -22.5000  -22.500012633.9600    7.8167
    0.0000  -22.5000  -22.500013154.0898    7.8120
    7.5000  -22.5000  -22.500012620.9600    7.8119
   -7.5000  -15.0000  -22.500013229.8135    7.7605
    0.0000  -15.0000  -22.500013772.3564    7.7569
    7.5000  -15.0000  -22.500013184.8750    7.7559
   -7.5000   -7.5000  -22.500013780.8281    7.7361
    0.0000   -7.5000  -22.500014344.3965    7.7350
    7.5000   -7.5000  -22.500013708.7891    7.7335
   -7.5000    0.0000  -22.500014269.3477    7.7325
    0.0000    0.0000  -22.500014864.7109    7.7332
    7.5000    0.0000  -22.500014178.5234    7.7319
   -7.5000    7.5000  -22.500013700.6240    7.8500
    0.0000    7.5000  -22.500014278.0049    7.8492
    7.5000    7.5000  -22.500013592.6152    7.8490
   -7.5000   15.0000  -22.500013163.1992    8.1215
    0.0000   15.0000  -22.500013716.1553    8.1171
    7.5000   15.0000  -22.500013026.2832    8.1180
   -7.5000   22.5000  -22.500012585.5352    8.4026
    0.0000   22.5000  -22.500013120.9736    8.3960
    7.5000   22.5000  -22.500012408.5674    8.3966
   -7.5000   30.0000  -22.500011872.8750    8.5718
    0.0000   30.0000  -22.500012398.6416    8.5653
    7.5000   30.0000  -22.500011683.5596    8.5650
   -7.5000   37.5000  -22.500011576.3506    8.8570
    0.0000   37.5000  -22.500012077.6445    8.8529
    7.5000   37.5000  -22.500011394.9238    8.8516
   -7.5000   45.0000  -22.500010927.0400    8.9385
    0.0000   45.0000  -22.500011379.1309    8.9363
    7.5000   45.0000  -22.500010722.3535    8.9326
   -7.5000  -45.0000  -15.000012128.9980    8.2753
    0.0000  -45.0000  -15.000012635.0410    8.2786
    7.5000  -45.0000  -15.000012190.9600    8.2761
   -7.5000  -37.5000  -15.000012326.5684    8.2452
    0.0000  -37.5000  -15.000012835.6221    8.2462
    7.5000  -37.5000  -15.000012350.0195    8.2449
   -7.5000  -30.0000  -15.000012886.2227    8.0889
    0.0000  -30.0000  -15.000013418.1426    8.0872
    7.5000  -30.0000  -15.000012877.9102    8.0868
   -7.5000  -22.5000  -15.000013492.1172    7.9772
    0.0000  -22.5000  -15.000014045.8955    7.9744
    7.5000  -22.5000  -15.000013457.6602    7.9740
   -7.5000  -15.0000  -15.000014121.6904    7.9199
    0.0000  -15.0000  -15.000014694.1064    7.9187
    7.5000  -15.0000  -15.000014071.6670    7.9178
   -7.5000   -7.5000  -15.000014737.1123    7.8951
    0.0000   -7.5000  -15.000015329.7832    7.8971
    7.5000   -7.5000  -15.000014664.1289    7.8959
   -7.5000    0.0000  -15.000015298.6699    7.8916
    0.0000    0.0000  -15.000015923.3604    7.8953
    7.5000    0.0000  -15.000015181.4355    7.8940
   -7.5000    7.5000  -15.000014738.1436    8.0126
    0.0000    7.5000  -15.000015336.3916    8.0142
    7.5000    7.5000  -15.000014586.1240    8.0135
   -7.5000   15.0000  -15.000014150.3730    8.2907
    0.0000   15.0000  -15.000014738.1416    8.2883
    7.5000   15.0000  -15.000013985.2021    8.2885
   -7.5000   22.5000  -15.000013501.8320    8.5782
    0.0000   22.5000  -15.000014083.6494    8.5734
    7.5000   22.5000  -15.000013305.4248    8.5739
   -7.5000   30.0000  -15.000012738.3086    8.7559
    0.0000   30.0000  -15.000013297.0693    8.7521
    7.5000   30.0000  -15.000012528.9062    8.7522
   -7.5000   37.5000  -15.000012428.6543    9.0509
    0.0000   37.5000  -15.000012972.5625    9.0505
    7.5000   37.5000  -15.000012216.5312    9.0496
   -7.5000   45.0000  -15.000011704.1719    9.1409
    0.0000   45.0000  -15.000012186.0830    9.1424
    7.5000   45.0000  -15.000011474.2520    9.1383
   -7.5000  -45.0000   -7.500012855.6318    8.3419
    0.0000  -45.0000   -7.500013391.2754    8.3489
    7.5000  -45.0000   -7.500012932.6318    8.3478
   -7.5000  -37.5000   -7.500013061.0889    8.3131
    0.0000  -37.5000   -7.500013601.4170    8.3178
    7.5000  -37.5000   -7.500013106.1562    8.3173
   -7.5000  -30.0000   -7.500013687.7686    8.1560
    0.0000  -30.0000   -7.500014273.2100    8.1578
    7.5000  -30.0000   -7.500013700.7041    8.1586
   -7.5000  -22.5000   -7.500014376.3389    8.0425
    0.0000  -22.5000   -7.500014969.0156    8.0434
    7.5000  -22.5000   -7.500014339.9531    8.0450
   -7.5000  -15.0000   -7.500015043.5713    7.9837
    0.0000  -15.0000   -7.500015661.7637    7.9865
    7.5000  -15.0000   -7.500014991.5010    7.9881
   -7.5000   -7.5000   -7.500015706.7539    7.9582
    0.0000   -7.5000   -7.500016346.7959    7.9642
    7.5000   -7.5000   -7.500015616.2109    7.9652
   -7.5000    0.0000   -7.500016338.7734    7.9554
    0.0000    0.0000   -7.500016979.9883    7.9625
    7.5000    0.0000   -7.500016169.7432    7.9625
   -7.5000    7.5000   -7.500015788.0996    8.0790
    0.0000    7.5000   -7.500016415.6348    8.0839
    7.5000    7.5000   -7.500015595.8896    8.0839
   -7.5000   15.0000   -7.500015192.9736    8.3613
    0.0000   15.0000   -7.500015799.2451    8.3624
    7.5000   15.0000   -7.500014991.2959    8.3639
   -7.5000   22.5000   -7.500014459.2441    8.6506
    0.0000   22.5000   -7.500015087.3027    8.6502
    7.5000   22.5000   -7.500014240.0918    8.6531
   -7.5000   30.0000   -7.500013649.1221    8.8311
    0.0000   30.0000   -7.500014243.6143    8.8327
    7.5000   30.0000   -7.500013413.9287    8.8357
   -7.5000   37.5000   -7.500013345.7852    9.1315
    0.0000   37.5000   -7.500013914.0615    9.1364
    7.5000   37.5000   -7.500013082.4805    9.1378
   -7.5000   45.0000   -7.500012546.7539    9.2283
    0.0000   45.0000   -7.500013073.9482    9.2345
    7.5000   45.0000   -7.500012281.6406    9.2316
   -7.5000  -45.0000    0.000013506.2295    8.3462
    0.0000  -45.0000    0.000014085.8291    8.3542
    7.5000  -45.0000    0.000013581.3838    8.3547
   -7.5000  -37.5000    0.000013714.6104    8.3184
    0.0000  -37.5000    0.000014317.8701    8.3245
    7.5000  -37.5000    0.000013761.4531    8.3254
   -7.5000  -30.0000    0.000014407.8750    8.1619
    0.0000  -30.0000    0.000015044.9053    8.1660
    7.5000  -30.0000    0.000014419.0312    8.1686
   -7.5000  -22.5000    0.000015149.8926    8.0478
    0.0000  -22.5000    0.000015791.4082    8.0511
    7.5000  -22.5000    0.000015109.4717    8.0550
   -7.5000  -15.0000    0.000015881.8389    7.9877
    0.0000  -15.0000    0.000016532.0195    7.9925
    7.5000  -15.0000    0.000015787.3418    7.9965
   -7.5000   -7.5000    0.000016583.3457    7.9618
    0.0000   -7.5000    0.000017230.3320    7.9690
    7.5000   -7.5000    0.000016439.9336    7.9718
   -7.5000    0.0000    0.000017208.5293    7.9597
    0.0000    0.0000    0.000017846.2891    7.9677
    7.5000    0.0000    0.000017019.6660    7.9689
   -7.5000    7.5000    0.000016673.8340    8.0840
    0.0000    7.5000    0.000017291.2012    8.0903
    7.5000    7.5000    0.000016460.0117    8.0916
   -7.5000   15.0000    0.000016201.7842    8.3673
    0.0000   15.0000    0.000016888.1836    8.3709
    7.5000   15.0000    0.000015959.4043    8.3743
   -7.5000   22.5000    0.000015509.6455    8.6566
    0.0000   22.5000    0.000016226.0928    8.6594
    7.5000   22.5000    0.000015222.9023    8.6649
   -7.5000   30.0000    0.000014632.9482    8.8353
    0.0000   30.0000    0.000015263.4062    8.8398
    7.5000   30.0000    0.000014309.0898    8.8455
   -7.5000   37.5000    0.000014281.3496    9.1351
    0.0000   37.5000    0.000014872.4072    9.1420
    7.5000   37.5000    0.000013912.6357    9.1452
   -7.5000   45.0000    0.000013367.4814    9.2340
    0.0000   45.0000    0.000013961.7139    9.2419
    7.5000   45.0000    0.000013021.1709    9.2401
   -7.5000  -45.0000    7.500013070.8516    8.3562
    0.0000  -45.0000    7.500013614.6631    8.3610
    7.5000  -45.0000    7.500013100.7734    8.3618
   -7.5000  -37.5000    7.500013300.8779    8.3290
    0.0000  -37.5000    7.500013858.9678    8.3324
    7.5000  -37.5000    7.500013299.9258    8.3342
   -7.5000  -30.0000    7.500014001.2061    8.1726
    0.0000  -30.0000    7.500014564.2158    8.1748
    7.5000  -30.0000    7.500013964.0840    8.1785
   -7.5000  -22.5000    7.500014744.9912    8.0584
    0.0000  -22.5000    7.500015304.6250    8.0600
    7.5000  -22.5000    7.500014668.0811    8.0644
   -7.5000  -15.0000    7.500015517.8809    7.9982
    0.0000  -15.0000    7.500016063.8086    8.0006
    7.5000  -15.0000    7.500015386.5654    8.0045
   -7.5000   -7.5000    7.500016225.9268    7.9719
    0.0000   -7.5000    7.500016787.9336    7.9762
    7.5000   -7.5000    7.500016071.5693    7.9787
   -7.5000    0.0000    7.500016804.9082    7.9698
    0.0000    0.0000    7.500017389.5137    7.9748
    7.5000    0.0000    7.500016643.2539    7.9762
   -7.5000    7.5000    7.500016219.3662    8.0942
    0.0000    7.5000    7.500016868.3184    8.0980
    7.5000    7.5000    7.500016068.7871    8.1003
   -7.5000   15.0000    7.500015929.3359    8.3769
    0.0000   15.0000    7.500016804.6055    8.3785
    7.5000   15.0000    7.500015674.7129    8.3830
   -7.5000   22.5000    7.500015517.5244    8.6660
    0.0000   22.5000    7.500016506.2598    8.6668
    7.5000   22.5000    7.500015087.9014    8.6728
   -7.5000   30.0000    7.500014703.4365    8.8422
    0.0000   30.0000    7.500015540.2910    8.8438
    7.5000   30.0000    7.500014193.0303    8.8493
   -7.5000   37.5000    7.500014152.6592    9.1393
    0.0000   37.5000    7.500014887.6387    9.1425
    7.5000   37.5000    7.500013673.5137    9.1454
   -7.5000   45.0000    7.500013075.7773    9.2365
    0.0000   45.0000    7.500013731.0889    9.2406
    7.5000   45.0000    7.500012682.7852    9.2394
   -7.5000  -45.0000   15.000012574.4521    8.3727
    0.0000  -45.0000   15.000013033.6865    8.3734
    7.5000  -45.0000   15.000012540.7666    8.3730
   -7.5000  -37.5000   15.000012822.7148    8.3453
    0.0000  -37.5000   15.000013298.5596    8.3447
    7.5000  -37.5000   15.000012775.4492    8.3458
   -7.5000  -30.0000   15.000013506.3311    8.1886
    0.0000  -30.0000   15.000014008.3955    8.1868
    7.5000  -30.0000   15.000013439.3291    8.1895
   -7.5000  -22.5000   15.000014218.7822    8.0751
    0.0000  -22.5000   15.000014729.2139    8.0726
    7.5000  -22.5000   15.000014139.9697    8.0752
   -7.5000  -15.0000   15.000014925.2588    8.0157
    0.0000  -15.0000   15.000015474.9033    8.0138
    7.5000  -15.0000   15.000014850.4180    8.0154
   -7.5000   -7.5000   15.000015582.8086    7.9894
    0.0000   -7.5000   15.000016198.8574    7.9895
    7.5000   -7.5000   15.000015517.8965    7.9900
   -7.5000    0.0000   15.000016136.9150    7.9865
    0.0000    0.0000   15.000016821.0742    7.9877
    7.5000    0.0000   15.000016084.0400    7.9881
   -7.5000    7.5000   15.000015602.2217    8.1105
    0.0000    7.5000   15.000016337.1113    8.1106
    7.5000    7.5000   15.000015521.7119    8.1124
   -7.5000   15.0000   15.000015334.1973    8.3925
    0.0000   15.0000   15.000016202.0664    8.3899
    7.5000   15.0000   15.000015072.5146    8.3933
   -7.5000   22.5000   15.000014895.7314    8.6823
    0.0000   22.5000   15.000015799.1738    8.6782
    7.5000   22.5000   15.000014496.1279    8.6820
   -7.5000   30.0000   15.000014070.3662    8.8586
    0.0000   30.0000   15.000014879.6064    8.8544
    7.5000   30.0000   15.000013687.4150    8.8572
   -7.5000   37.5000   15.000013500.6084    9.1542
    0.0000   37.5000   15.000014214.9375    9.1517
    7.5000   37.5000   15.000013172.8193    9.1526
   -7.5000   45.0000   15.000012445.9746    9.2485
    0.0000   45.0000   15.000013083.1543    9.2473
    7.5000   45.0000   15.000012179.9961    9.2453
   -7.5000  -45.0000   22.500011973.4990    8.3947
    0.0000  -45.0000   22.500012457.3223    8.3952
    7.5000  -45.0000   22.500011971.5020    8.3931
   -7.5000  -37.5000   22.500012197.2383    8.3659
    0.0000  -37.5000   22.500012710.6113    8.3648
    7.5000  -37.5000   22.500012180.3613    8.3642
   -7.5000  -30.0000   22.500012823.7051    8.2082
    0.0000  -30.0000   22.500013384.3506    8.2049
    7.5000  -30.0000   22.500012819.6787    8.2056
   -7.5000  -22.5000   22.500013508.4258    8.0951
    0.0000  -22.5000   22.500014089.7783    8.0908
    7.5000  -22.5000   22.500013495.2861    8.0910
   -7.5000  -15.0000   22.500014166.4883    8.0366
    0.0000  -15.0000   22.500014755.8799    8.0334
    7.5000  -15.0000   22.500014142.3232    8.0326
   -7.5000   -7.5000   22.500014732.1035    8.0109
    0.0000   -7.5000   22.500015358.9902    8.0104
    7.5000   -7.5000   22.500014705.0059    8.0091
   -7.5000    0.0000   22.500015248.2109    8.0075
    0.0000    0.0000   22.500015889.3525    8.0086
    7.5000    0.0000   22.500015213.2900    8.0075
   -7.5000    7.5000   22.500014783.6416    8.1311
    0.0000    7.5000   22.500015428.0791    8.1307
    7.5000    7.5000   22.500014698.5625    8.1308
   -7.5000   15.0000   22.500014406.9805    8.4117
    0.0000   15.0000   22.500015111.5879    8.4075
    7.5000   15.0000   22.500014247.3086    8.4088
   -7.5000   22.5000   22.500013738.4199    8.7011
    0.0000   22.5000   22.500014407.1680    8.6946
    7.5000   22.5000   22.500013610.9609    8.6956
   -7.5000   30.0000   22.500012945.2363    8.8791
    0.0000   30.0000   22.500013528.4980    8.8727
    7.5000   30.0000   22.500012832.6826    8.8728
   -7.5000   37.5000   22.500012553.9160    9.1760
    0.0000   37.5000   22.500013109.9414    9.1720
    7.5000   37.5000   22.500012413.1885    9.1709
   -7.5000   45.0000   22.500011685.9609    9.2687
    0.0000   45.0000   22.500012215.3076    9.2664
    7.5000   45.0000   22.500011531.6523    9.2628
   -7.5000  -45.0000   30.000011231.9326    8.4534
    0.0000  -45.0000   30.000011736.9678    8.4574
    7.5000  -45.0000   30.000011279.1104    8.4550
   -7.5000  -37.5000   30.000011420.9375    8.4231
    0.0000  -37.5000   30.000011925.0234    8.4247
    7.5000  -37.5000   30.000011436.7949    8.4236
   -7.5000  -30.0000   30.000012011.9961    8.2630
    0.0000  -30.0000   30.000012531.8516    8.2617
    7.5000  -30.0000   30.000012012.8174    8.2615
   -7.5000  -22.5000   30.000012639.1777    8.1485
    0.0000  -22.5000   30.000013170.0322    8.1461
    7.5000  -22.5000   30.000012623.1279    8.1459
   -7.5000  -15.0000   30.000013231.7324    8.0901
    0.0000  -15.0000   30.000013776.9395    8.0893
    7.5000  -15.0000   30.000013196.1660    8.0886
   -7.5000   -7.5000   30.000013737.7178    8.0650
    0.0000   -7.5000   30.000014308.4326    8.0675
    7.5000   -7.5000   30.000013705.5449    8.0665
   -7.5000    0.0000   30.000014221.0215    8.0618
    0.0000    0.0000   30.000014802.0977    8.0661
    7.5000    0.0000   30.000014162.4355    8.0650
   -7.5000    7.5000   30.000013781.9189    8.1865
    0.0000    7.5000   30.000014380.1660    8.1886
    7.5000    7.5000   30.000013679.9766    8.1881
   -7.5000   15.0000   30.000013341.7930    8.4679
    0.0000   15.0000   30.000013944.0820    8.4657
    7.5000   15.0000   30.000013223.3496    8.4662
   -7.5000   22.5000   30.000012646.5557    8.7579
    0.0000   22.5000   30.000013186.9971    8.7533
    7.5000   22.5000   30.000012591.5254    8.7541
   -7.5000   30.0000   30.000011933.1465    8.9389
    0.0000   30.0000   30.000012411.9883    8.9352
    7.5000   30.0000   30.000011879.4316    8.9356
   -7.5000   37.5000   30.000011652.5068    9.2407
    0.0000   37.5000   30.000012119.5918    9.2405
    7.5000   37.5000   30.000011555.9502    9.2397
   -7.5000   45.0000   30.000010904.1875    9.3361
    0.0000   45.0000   30.000011343.2217    9.3376
    7.5000   45.0000   30.000010787.4385    9.3336
   -7.5000  -45.0000   37.500010881.3564    8.5373
    0.0000  -45.0000   37.500011358.7715    8.5453
    7.5000  -45.0000   37.500010920.2373    8.5444
   -7.5000  -37.5000   37.500011057.6934    8.5065
    0.0000  -37.5000   37.500011521.2539    8.5119
    7.5000  -37.5000   37.500011059.2285    8.5117
   -7.5000  -30.0000   37.500011621.8379    8.3441
    0.0000  -30.0000   37.500012087.6699    8.3466
    7.5000  -30.0000   37.500011603.7451    8.3477
   -7.5000  -22.5000   37.500012192.3027    8.2269
    0.0000  -22.5000   37.500012674.2207    8.2284
    7.5000  -22.5000   37.500012164.6816    8.2304
   -7.5000  -15.0000   37.500012744.7881    8.1665
    0.0000  -15.0000   37.500013248.1094    8.1700
    7.5000  -15.0000   37.500012690.6338    8.1720
   -7.5000   -7.5000   37.500013239.8213    8.1409
    0.0000   -7.5000   37.500013780.4590    8.1476
    7.5000   -7.5000   37.500013186.0352    8.1490
   -7.5000    0.0000   37.500013722.3848    8.1388
    0.0000    0.0000   37.500014284.0469    8.1468
    7.5000    0.0000   37.500013639.2900    8.1470
   -7.5000    7.5000   37.500013278.4473    8.2662
    0.0000    7.5000   37.500013843.0820    8.2719
    7.5000    7.5000   37.500013166.3018    8.2722
   -7.5000   15.0000   37.500012790.3408    8.5514
    0.0000   15.0000   37.500013301.4717    8.5531
    7.5000   15.0000   37.500012692.0098    8.5549
   -7.5000   22.5000   37.500012114.1465    8.8436
    0.0000   22.5000   37.500012564.1221    8.8435
    7.5000   22.5000   37.500012053.7979    8.8469
   -7.5000   30.0000   37.500011439.1553    9.0260
    0.0000   30.0000   37.500011858.9092    9.0278
    7.5000   30.0000   37.500011369.0693    9.0313
   -7.5000   37.5000   37.500011193.3027    9.3335
    0.0000   37.5000   37.500011604.8018    9.3387
    7.5000   37.5000   37.500011095.8115    9.3403
   -7.5000   45.0000   37.500010509.1260    9.4346
    0.0000   45.0000   37.500010891.7803    9.4411
    7.5000   45.0000   37.500010385.3760    9.4380
   -7.5000  -45.0000   45.000010075.5244    8.6472
    0.0000  -45.0000   45.000010505.5762    8.6556
    7.5000  -45.0000   45.000010088.6006    8.6564
   -7.5000  -37.5000   45.000010231.2100    8.6158
    0.0000  -37.5000   45.000010650.2500    8.6223
    7.5000  -37.5000   45.000010224.3154    8.6236
   -7.5000  -30.0000   45.000010732.5146    8.4497
    0.0000  -30.0000   45.000011161.3408    8.4542
    7.5000  -30.0000   45.000010717.3965    8.4576
   -7.5000  -22.5000   45.000011254.7559    8.3290
    0.0000  -22.5000   45.000011704.9688    8.3326
    7.5000  -22.5000   45.000011217.9863    8.3372
   -7.5000  -15.0000   45.000011759.2334    8.2663
    0.0000  -15.0000   45.000012224.1855    8.2712
    7.5000  -15.0000   45.000011697.3730    8.2759
   -7.5000   -7.5000   45.000012235.5742    8.2400
    0.0000   -7.5000   45.000012709.7773    8.2475
    7.5000   -7.5000   45.000012158.4531    8.2507
   -7.5000    0.0000   45.000012669.9795    8.2389
    0.0000    0.0000   45.000013158.8828    8.2473
    7.5000    0.0000   45.000012573.3906    8.2488
   -7.5000    7.5000   45.000012205.9053    8.3700
    0.0000    7.5000   45.000012681.9795    8.3767
    7.5000    7.5000   45.000012101.1006    8.3785
   -7.5000   15.0000   45.000011708.3447    8.6582
    0.0000   15.0000   45.000012129.2568    8.6619
    7.5000   15.0000   45.000011619.5830    8.6661
   -7.5000   22.5000   45.000011099.8926    8.9525
    0.0000   22.5000   45.000011479.7480    8.9551
    7.5000   22.5000   45.000011015.1504    8.9614
   -7.5000   30.0000   45.000010497.6826    9.1355
    0.0000   30.0000   45.000010871.7539    9.1396
    7.5000   30.0000   45.000010401.5312    9.1459
   -7.5000   37.5000   45.000010291.5439    9.4514
    0.0000   37.5000   45.000010654.0225    9.4577
    7.5000   37.5000   45.000010180.6670    9.4611
   -7.5000   45.0000   45.0000 9656.3506    9.5664
    0.0000   45.0000   45.000010001.6875    9.5737
    7.5000   45.0000   45.0000 9538.4170    9.5717

---------------------------------------------------------------------
imgreg_4dfp /opt/freesurfer/average/711-2C_as_mni_average_305 /opt/freesurfer/average/711-2B_as_mni_average_305_mask talsrcimg_g11 none talsrcimg_to_711-2C_as_mni_average_305_t4 4355
---------------------------------------------------------------------

freesurfer imgreg_4dfp.c
/opt/freesurfer/average/711-2C_as_mni_average_305.4dfp.img
       256       256       256         1
  1.000000  1.000000  1.000000
orientation T byte_order littleendian
Reading image: /opt/freesurfer/average/711-2C_as_mni_average_305.4dfp.img
dimensions:      256       256       256
mmppix:       1.0000   -1.0000   -1.0000
center:     128.0000 -129.0000 -129.0000
/opt/freesurfer/average/711-2B_as_mni_average_305_mask.4dfp.img
       256       256       256         1
  1.000000  1.000000  1.000000
orientation T byte_order littleendian
Reading mask: /opt/freesurfer/average/711-2B_as_mni_average_305_mask.4dfp.img (2306576 pixels)
talsrcimg_g11.4dfp.img
       256       256       256         1
  1.000000  1.000000  1.000000
orientation T byte_order littleendian
Reading image: talsrcimg_g11.4dfp.img
dimensions:      256       256       256
mmppix:       1.0000   -1.0000   -1.0000
center:     128.0000 -129.0000 -129.0000
rotation matrix determinant  1.000000
image alignment mode   4355 decimal     1103 hex
   -7.5000  -45.0000  -45.0000 2326.1387   12.2117
    0.0000  -45.0000  -45.0000 2350.3733   12.0990
    7.5000  -45.0000  -45.0000 2345.7764   12.2112
   -7.5000  -37.5000  -45.0000 2331.4641   12.1137
    0.0000  -37.5000  -45.0000 2350.5398   12.0236
    7.5000  -37.5000  -45.0000 2349.6487   12.1134
   -7.5000  -30.0000  -45.0000 2339.2183   12.0046
    0.0000  -30.0000  -45.0000 2357.2839   11.9394
    7.5000  -30.0000  -45.0000 2355.8193   11.9972
   -7.5000  -22.5000  -45.0000 2353.1448   11.8491
    0.0000  -22.5000  -45.0000 2372.3950   11.8024
    7.5000  -22.5000  -45.0000 2368.7446   11.8620
   -7.5000  -15.0000  -45.0000 2377.5542   11.6890
    0.0000  -15.0000  -45.0000 2395.2920   11.6776
    7.5000  -15.0000  -45.0000 2383.7378   11.7021
   -7.5000   -7.5000  -45.0000 2401.0437   11.5571
    0.0000   -7.5000  -45.0000 2411.5615   11.5777
    7.5000   -7.5000  -45.0000 2398.7634   11.6124
   -7.5000    0.0000  -45.0000 2412.1377   11.4976
    0.0000    0.0000  -45.0000 2423.4470   11.5215
    7.5000    0.0000  -45.0000 2407.5928   11.5435
   -7.5000    7.5000  -45.0000 2412.6802   11.4910
    0.0000    7.5000  -45.0000 2425.9973   11.4984
    7.5000    7.5000  -45.0000 2405.1868   11.5570
   -7.5000   15.0000  -45.0000 2404.9548   11.5101
    0.0000   15.0000  -45.0000 2419.5742   11.5058
    7.5000   15.0000  -45.0000 2396.2371   11.5884
   -7.5000   22.5000  -45.0000 2389.2229   11.6289
    0.0000   22.5000  -45.0000 2404.2310   11.6024
    7.5000   22.5000  -45.0000 2381.7244   11.6962
   -7.5000   30.0000  -45.0000 2375.0417   11.8525
    0.0000   30.0000  -45.0000 2390.0305   11.8264
    7.5000   30.0000  -45.0000 2370.2073   11.9142
   -7.5000   37.5000  -45.0000 2350.6733   12.2424
    0.0000   37.5000  -45.0000 2363.1951   12.2333
    7.5000   37.5000  -45.0000 2339.1472   12.3448
   -7.5000   45.0000  -45.0000 2311.6160   12.8908
    0.0000   45.0000  -45.0000 2322.2517   12.8726
    7.5000   45.0000  -45.0000 2297.5371   12.9940
   -7.5000  -45.0000  -37.5000 2410.9565   11.2917
    0.0000  -45.0000  -37.5000 2436.3025   11.1918
    7.5000  -45.0000  -37.5000 2430.2812   11.2996
   -7.5000  -37.5000  -37.5000 2420.6047   11.1622
    0.0000  -37.5000  -37.5000 2436.6101   11.0887
    7.5000  -37.5000  -37.5000 2432.6587   11.1681
   -7.5000  -30.0000  -37.5000 2429.6211   11.0364
    0.0000  -30.0000  -37.5000 2449.3264   10.9828
    7.5000  -30.0000  -37.5000 2443.5161   11.0512
   -7.5000  -22.5000  -37.5000 2446.6553   10.9059
    0.0000  -22.5000  -37.5000 2469.1394   10.8705
    7.5000  -22.5000  -37.5000 2461.8213   10.9204
   -7.5000  -15.0000  -37.5000 2474.6167   10.7868
    0.0000  -15.0000  -37.5000 2496.7959   10.7727
    7.5000  -15.0000  -37.5000 2483.3330   10.7876
   -7.5000   -7.5000  -37.5000 2495.9167   10.6698
    0.0000   -7.5000  -37.5000 2513.7922   10.6738
    7.5000   -7.5000  -37.5000 2501.8796   10.6812
   -7.5000    0.0000  -37.5000 2512.3110   10.5874
    0.0000    0.0000  -37.5000 2528.1848   10.6037
    7.5000    0.0000  -37.5000 2512.2739   10.6124
   -7.5000    7.5000  -37.5000 2512.2354   10.5873
    0.0000    7.5000  -37.5000 2530.6409   10.5904
    7.5000    7.5000  -37.5000 2510.1003   10.6367
   -7.5000   15.0000  -37.5000 2507.4360   10.6095
    0.0000   15.0000  -37.5000 2524.3281   10.6269
    7.5000   15.0000  -37.5000 2499.3313   10.6944
   -7.5000   22.5000  -37.5000 2497.9268   10.7186
    0.0000   22.5000  -37.5000 2512.6865   10.7131
    7.5000   22.5000  -37.5000 2490.1455   10.8103
   -7.5000   30.0000  -37.5000 2480.4587   10.9460
    0.0000   30.0000  -37.5000 2491.6040   10.9383
    7.5000   30.0000  -37.5000 2470.3540   11.0532
   -7.5000   37.5000  -37.5000 2450.0327   11.2842
    0.0000   37.5000  -37.5000 2462.6714   11.2799
    7.5000   37.5000  -37.5000 2438.9685   11.4146
   -7.5000   45.0000  -37.5000 2408.1321   11.8555
    0.0000   45.0000  -37.5000 2418.7932   11.8592
    7.5000   45.0000  -37.5000 2393.9397   11.9811
   -7.5000  -45.0000  -30.0000 2545.3677   10.8247
    0.0000  -45.0000  -30.0000 2568.1409   10.7532
    7.5000  -45.0000  -30.0000 2561.8950   10.8347
   -7.5000  -37.5000  -30.0000 2553.8772   10.6931
    0.0000  -37.5000  -30.0000 2573.1221   10.6420
    7.5000  -37.5000  -30.0000 2565.3455   10.7010
   -7.5000  -30.0000  -30.0000 2568.4951   10.5631
    0.0000  -30.0000  -30.0000 2590.7114   10.5180
    7.5000  -30.0000  -30.0000 2579.0308   10.5642
   -7.5000  -22.5000  -30.0000 2589.3625   10.4373
    0.0000  -22.5000  -30.0000 2613.1118   10.3905
    7.5000  -22.5000  -30.0000 2601.1499   10.4346
   -7.5000  -15.0000  -30.0000 2616.2483   10.3102
    0.0000  -15.0000  -30.0000 2642.7815   10.2746
    7.5000  -15.0000  -30.0000 2626.8364   10.3273
   -7.5000   -7.5000  -30.0000 2636.1887   10.2035
    0.0000   -7.5000  -30.0000 2660.8154   10.1833
    7.5000   -7.5000  -30.0000 2642.5134   10.2281
   -7.5000    0.0000  -30.0000 2649.9136   10.1125
    0.0000    0.0000  -30.0000 2669.9573   10.1145
    7.5000    0.0000  -30.0000 2651.6438   10.1422
   -7.5000    7.5000  -30.0000 2655.0181   10.0839
    0.0000    7.5000  -30.0000 2672.1406   10.0781
    7.5000    7.5000  -30.0000 2654.0039   10.1412
   -7.5000   15.0000  -30.0000 2654.6221   10.1228
    0.0000   15.0000  -30.0000 2673.9624   10.1026
    7.5000   15.0000  -30.0000 2652.6265   10.2033
   -7.5000   22.5000  -30.0000 2650.5161   10.2267
    0.0000   22.5000  -30.0000 2665.7571   10.2183
    7.5000   22.5000  -30.0000 2644.7593   10.3402
   -7.5000   30.0000  -30.0000 2631.4519   10.4404
    0.0000   30.0000  -30.0000 2642.8047   10.4372
    7.5000   30.0000  -30.0000 2622.8738   10.5718
   -7.5000   37.5000  -30.0000 2596.2336   10.7836
    0.0000   37.5000  -30.0000 2608.7512   10.7662
    7.5000   37.5000  -30.0000 2588.8926   10.9052
   -7.5000   45.0000  -30.0000 2548.5652   11.3205
    0.0000   45.0000  -30.0000 2560.4089   11.3095
    7.5000   45.0000  -30.0000 2538.3892   11.4417
   -7.5000  -45.0000  -22.5000 2652.2197   10.3478
    0.0000  -45.0000  -22.5000 2673.3445   10.2638
    7.5000  -45.0000  -22.5000 2668.3909   10.3470
   -7.5000  -37.5000  -22.5000 2660.5059   10.2247
    0.0000  -37.5000  -22.5000 2682.2783   10.1462
    7.5000  -37.5000  -22.5000 2673.8674   10.2095
   -7.5000  -30.0000  -22.5000 2674.7134   10.0882
    0.0000  -30.0000  -22.5000 2696.6028   10.0166
    7.5000  -30.0000  -22.5000 2685.7988   10.0734
   -7.5000  -22.5000  -22.5000 2695.4302    9.9539
    0.0000  -22.5000  -22.5000 2718.9998    9.8833
    7.5000  -22.5000  -22.5000 2705.9780    9.9355
   -7.5000  -15.0000  -22.5000 2719.0759    9.8102
    0.0000  -15.0000  -22.5000 2743.4377    9.7498
    7.5000  -15.0000  -22.5000 2726.8896    9.8337
   -7.5000   -7.5000  -22.5000 2737.3977    9.6764
    0.0000   -7.5000  -22.5000 2763.1401    9.6191
    7.5000   -7.5000  -22.5000 2747.2031    9.7066
   -7.5000    0.0000  -22.5000 2749.4146    9.5839
    0.0000    0.0000  -22.5000 2774.0874    9.5402
    7.5000    0.0000  -22.5000 2758.2297    9.6271
   -7.5000    7.5000  -22.5000 2758.1382    9.5530
    0.0000    7.5000  -22.5000 2777.5889    9.5149
    7.5000    7.5000  -22.5000 2764.6917    9.5997
   -7.5000   15.0000  -22.5000 2769.1045    9.5653
    0.0000   15.0000  -22.5000 2789.7227    9.5262
    7.5000   15.0000  -22.5000 2768.9160    9.6297
   -7.5000   22.5000  -22.5000 2770.7993    9.6818
    0.0000   22.5000  -22.5000 2786.8525    9.6475
    7.5000   22.5000  -22.5000 2764.4500    9.7797
   -7.5000   30.0000  -22.5000 2755.1614    9.8842
    0.0000   30.0000  -22.5000 2766.2827    9.8631
    7.5000   30.0000  -22.5000 2743.8464   10.0037
   -7.5000   37.5000  -22.5000 2721.4270   10.2228
    0.0000   37.5000  -22.5000 2732.8220   10.1962
    7.5000   37.5000  -22.5000 2713.1465   10.3447
   -7.5000   45.0000  -22.5000 2674.8914   10.7445
    0.0000   45.0000  -22.5000 2682.0591   10.7213
    7.5000   45.0000  -22.5000 2659.6562   10.8685
   -7.5000  -45.0000  -15.0000 2723.5535    9.8818
    0.0000  -45.0000  -15.0000 2746.7483    9.7840
    7.5000  -45.0000  -15.0000 2739.5979    9.8776
   -7.5000  -37.5000  -15.0000 2729.3032    9.7692
    0.0000  -37.5000  -15.0000 2753.8706    9.6733
    7.5000  -37.5000  -15.0000 2744.5911    9.7559
   -7.5000  -30.0000  -15.0000 2735.9038    9.6458
    0.0000  -30.0000  -15.0000 2762.8328    9.5459
    7.5000  -30.0000  -15.0000 2752.7717    9.6127
   -7.5000  -22.5000  -15.0000 2755.2959    9.5085
    0.0000  -22.5000  -15.0000 2783.6382    9.4012
    7.5000  -22.5000  -15.0000 2772.3215    9.4720
   -7.5000  -15.0000  -15.0000 2776.4436    9.3634
    0.0000  -15.0000  -15.0000 2804.5295    9.2709
    7.5000  -15.0000  -15.0000 2790.8850    9.3498
   -7.5000   -7.5000  -15.0000 2797.9109    9.2134
    0.0000   -7.5000  -15.0000 2822.2976    9.1229
    7.5000   -7.5000  -15.0000 2812.0959    9.2168
   -7.5000    0.0000  -15.0000 2817.1243    9.1065
    0.0000    0.0000  -15.0000 2838.4561    9.0249
    7.5000    0.0000  -15.0000 2826.6626    9.1247
   -7.5000    7.5000  -15.0000 2834.6470    9.0629
    0.0000    7.5000  -15.0000 2854.0813    8.9928
    7.5000    7.5000  -15.0000 2839.3699    9.0927
   -7.5000   15.0000  -15.0000 2849.2598    9.0729
    0.0000   15.0000  -15.0000 2867.6665    9.0001
    7.5000   15.0000  -15.0000 2845.8347    9.1304
   -7.5000   22.5000  -15.0000 2857.7363    9.1582
    0.0000   22.5000  -15.0000 2874.3525    9.0842
    7.5000   22.5000  -15.0000 2845.4150    9.2326
   -7.5000   30.0000  -15.0000 2847.1309    9.3423
    0.0000   30.0000  -15.0000 2858.9792    9.3008
    7.5000   30.0000  -15.0000 2827.9314    9.4599
   -7.5000   37.5000  -15.0000 2815.3337    9.6917
    0.0000   37.5000  -15.0000 2827.4011    9.6474
    7.5000   37.5000  -15.0000 2802.3369    9.8072
   -7.5000   45.0000  -15.0000 2761.3867   10.1956
    0.0000   45.0000  -15.0000 2766.7937   10.1683
    7.5000   45.0000  -15.0000 2744.2400   10.3268
   -7.5000  -45.0000   -7.5000 2767.7490    9.4686
    0.0000  -45.0000   -7.5000 2792.8120    9.3555
    7.5000  -45.0000   -7.5000 2794.7046    9.4503
   -7.5000  -37.5000   -7.5000 2768.0828    9.3661
    0.0000  -37.5000   -7.5000 2795.9265    9.2393
    7.5000  -37.5000   -7.5000 2795.1846    9.3320
   -7.5000  -30.0000   -7.5000 2774.6062    9.2464
    0.0000  -30.0000   -7.5000 2806.2380    9.1069
    7.5000  -30.0000   -7.5000 2798.6443    9.1943
   -7.5000  -22.5000   -7.5000 2792.9167    9.1225
    0.0000  -22.5000   -7.5000 2822.3972    8.9650
    7.5000  -22.5000   -7.5000 2813.7681    9.0668
   -7.5000  -15.0000   -7.5000 2810.8286    8.9703
    0.0000  -15.0000   -7.5000 2839.0627    8.8290
    7.5000  -15.0000   -7.5000 2829.9668    8.9285
   -7.5000   -7.5000   -7.5000 2833.4890    8.8138
    0.0000   -7.5000   -7.5000 2858.8494    8.6905
    7.5000   -7.5000   -7.5000 2849.6736    8.7946
   -7.5000    0.0000   -7.5000 2861.2690    8.6890
    0.0000    0.0000   -7.5000 2878.1768    8.5869
    7.5000    0.0000   -7.5000 2867.9397    8.6928
   -7.5000    7.5000   -7.5000 2888.7119    8.6373
    0.0000    7.5000   -7.5000 2902.8416    8.5465
    7.5000    7.5000   -7.5000 2891.1416    8.6543
   -7.5000   15.0000   -7.5000 2905.5774    8.6802
    0.0000   15.0000   -7.5000 2918.6074    8.5821
    7.5000   15.0000   -7.5000 2902.8201    8.7102
   -7.5000   22.5000   -7.5000 2922.6069    8.7511
    0.0000   22.5000   -7.5000 2938.8455    8.6579
    7.5000   22.5000   -7.5000 2907.6494    8.8037
   -7.5000   30.0000   -7.5000 2917.8423    8.8905
    0.0000   30.0000   -7.5000 2928.1472    8.8204
    7.5000   30.0000   -7.5000 2893.9888    9.0043
   -7.5000   37.5000   -7.5000 2885.4119    9.2314
    0.0000   37.5000   -7.5000 2890.3772    9.1622
    7.5000   37.5000   -7.5000 2864.4058    9.3450
   -7.5000   45.0000   -7.5000 2824.1033    9.7158
    0.0000   45.0000   -7.5000 2829.3416    9.6598
    7.5000   45.0000   -7.5000 2804.1873    9.8429
   -7.5000  -45.0000    0.0000 2802.5864    9.1484
    0.0000  -45.0000    0.0000 2831.3630    9.0092
    7.5000  -45.0000    0.0000 2837.0190    9.1209
   -7.5000  -37.5000    0.0000 2800.2717    9.0517
    0.0000  -37.5000    0.0000 2832.9216    8.9078
    7.5000  -37.5000    0.0000 2833.0007    9.0039
   -7.5000  -30.0000    0.0000 2805.7603    8.9351
    0.0000  -30.0000    0.0000 2836.5986    8.7935
    7.5000  -30.0000    0.0000 2833.9912    8.8863
   -7.5000  -22.5000    0.0000 2814.8645    8.8204
    0.0000  -22.5000    0.0000 2839.9944    8.6688
    7.5000  -22.5000    0.0000 2839.3638    8.7746
   -7.5000  -15.0000    0.0000 2829.6709    8.6797
    0.0000  -15.0000    0.0000 2849.3025    8.5348
    7.5000  -15.0000    0.0000 2846.7368    8.6343
   -7.5000   -7.5000    0.0000 2853.2092    8.5306
    0.0000   -7.5000    0.0000 2870.5171    8.3912
    7.5000   -7.5000    0.0000 2865.0283    8.4863
   -7.5000    0.0000    0.0000 2881.6938    8.3917
    0.0000    0.0000    0.0000 2892.2898    8.2720
    7.5000    0.0000    0.0000 2886.0244    8.3832
   -7.5000    7.5000    0.0000 2915.0989    8.3760
    0.0000    7.5000    0.0000 2924.1853    8.2506
    7.5000    7.5000    0.0000 2917.3455    8.3826
   -7.5000   15.0000    0.0000 2943.0659    8.4837
    0.0000   15.0000    0.0000 2956.2717    8.3673
    7.5000   15.0000    0.0000 2943.1289    8.4788
   -7.5000   22.5000    0.0000 2975.8677    8.5882
    0.0000   22.5000    0.0000 2995.5286    8.5056
    7.5000   22.5000    0.0000 2962.2739    8.5914
   -7.5000   30.0000    0.0000 2978.5747    8.6651
    0.0000   30.0000    0.0000 2989.9104    8.5959
    7.5000   30.0000    0.0000 2944.5159    8.7526
   -7.5000   37.5000    0.0000 2934.9695    8.9768
    0.0000   37.5000    0.0000 2936.1597    8.9099
    7.5000   37.5000    0.0000 2903.8489    9.0473
   -7.5000   45.0000    0.0000 2865.1328    9.4195
    0.0000   45.0000    0.0000 2873.0903    9.3512
    7.5000   45.0000    0.0000 2840.7869    9.4917
   -7.5000  -45.0000    7.5000 2817.7969    8.9332
    0.0000  -45.0000    7.5000 2850.2007    8.7737
    7.5000  -45.0000    7.5000 2851.2710    8.8850
   -7.5000  -37.5000    7.5000 2820.6348    8.8456
    0.0000  -37.5000    7.5000 2857.8816    8.6787
    7.5000  -37.5000    7.5000 2851.0872    8.7918
   -7.5000  -30.0000    7.5000 2825.7869    8.7520
    0.0000  -30.0000    7.5000 2856.9031    8.5869
    7.5000  -30.0000    7.5000 2848.8523    8.7003
   -7.5000  -22.5000    7.5000 2830.5398    8.6405
    0.0000  -22.5000    7.5000 2854.0503    8.4742
    7.5000  -22.5000    7.5000 2847.4973    8.6037
   -7.5000  -15.0000    7.5000 2846.1233    8.5292
    0.0000  -15.0000    7.5000 2858.9155    8.3594
    7.5000  -15.0000    7.5000 2850.6460    8.5040
   -7.5000   -7.5000    7.5000 2869.3362    8.3948
    0.0000   -7.5000    7.5000 2875.7756    8.2399
    7.5000   -7.5000    7.5000 2867.5415    8.3772
   -7.5000    0.0000    7.5000 2899.1719    8.2673
    0.0000    0.0000    7.5000 2903.0020    8.1501
    7.5000    0.0000    7.5000 2892.0532    8.2848
   -7.5000    7.5000    7.5000 2932.5715    8.2521
    0.0000    7.5000    7.5000 2940.1743    8.1480
    7.5000    7.5000    7.5000 2922.4932    8.2859
   -7.5000   15.0000    7.5000 2973.5654    8.3824
    0.0000   15.0000    7.5000 2990.8728    8.3208
    7.5000   15.0000    7.5000 2964.8555    8.4004
   -7.5000   22.5000    7.5000 3014.3293    8.6043
    0.0000   22.5000    7.5000 3042.5684    8.5969
    7.5000   22.5000    7.5000 2998.0635    8.5631
   -7.5000   30.0000    7.5000 3019.9968    8.7100
    0.0000   30.0000    7.5000 3042.7100    8.7154
    7.5000   30.0000    7.5000 2983.4954    8.7137
   -7.5000   37.5000    7.5000 2966.4822    8.8811
    0.0000   37.5000    7.5000 2975.9133    8.8526
    7.5000   37.5000    7.5000 2930.4768    8.8909
   -7.5000   45.0000    7.5000 2888.2405    9.1935
    0.0000   45.0000    7.5000 2898.1921    9.1452
    7.5000   45.0000    7.5000 2862.9072    9.2526
   -7.5000  -45.0000   15.0000 2819.7197    8.9262
    0.0000  -45.0000   15.0000 2843.7820    8.7179
    7.5000  -45.0000   15.0000 2844.7966    8.8239
   -7.5000  -37.5000   15.0000 2831.7644    8.8401
    0.0000  -37.5000   15.0000 2856.9531    8.6540
    7.5000  -37.5000   15.0000 2851.7810    8.7646
   -7.5000  -30.0000   15.0000 2837.8259    8.7516
    0.0000  -30.0000   15.0000 2861.9753    8.5681
    7.5000  -30.0000   15.0000 2849.1829    8.6923
   -7.5000  -22.5000   15.0000 2843.5007    8.6341
    0.0000  -22.5000   15.0000 2859.1545    8.4680
    7.5000  -22.5000   15.0000 2846.9126    8.6139
   -7.5000  -15.0000   15.0000 2851.7375    8.5277
    0.0000  -15.0000   15.0000 2861.2510    8.3810
    7.5000  -15.0000   15.0000 2850.7224    8.5543
   -7.5000   -7.5000   15.0000 2872.9551    8.4052
    0.0000   -7.5000   15.0000 2875.2410    8.3044
    7.5000   -7.5000   15.0000 2863.3557    8.4589
   -7.5000    0.0000   15.0000 2900.5083    8.3071
    0.0000    0.0000   15.0000 2901.8164    8.2401
    7.5000    0.0000   15.0000 2889.7454    8.3931
   -7.5000    7.5000   15.0000 2934.8167    8.2893
    0.0000    7.5000   15.0000 2943.3943    8.2470
    7.5000    7.5000   15.0000 2919.9250    8.3934
   -7.5000   15.0000   15.0000 2984.6060    8.3959
    0.0000   15.0000   15.0000 2996.0090    8.3950
    7.5000   15.0000   15.0000 2963.5959    8.4829
   -7.5000   22.5000   15.0000 3026.7490    8.5800
    0.0000   22.5000   15.0000 3045.1450    8.6080
    7.5000   22.5000   15.0000 2994.4524    8.6126
   -7.5000   30.0000   15.0000 3028.2991    8.7046
    0.0000   30.0000   15.0000 3044.5554    8.7278
    7.5000   30.0000   15.0000 2981.4631    8.7861
   -7.5000   37.5000   15.0000 2963.0432    8.8575
    0.0000   37.5000   15.0000 2973.9485    8.8444
    7.5000   37.5000   15.0000 2929.5066    8.9766
   -7.5000   45.0000   15.0000 2882.2795    9.2091
    0.0000   45.0000   15.0000 2894.3074    9.1786
    7.5000   45.0000   15.0000 2859.8701    9.3212
   -7.5000  -45.0000   22.5000 2805.9807    9.0784
    0.0000  -45.0000   22.5000 2828.8235    8.8766
    7.5000  -45.0000   22.5000 2825.7825    8.9791
   -7.5000  -37.5000   22.5000 2822.0046    8.9991
    0.0000  -37.5000   22.5000 2844.3755    8.8103
    7.5000  -37.5000   22.5000 2834.2058    8.9332
   -7.5000  -30.0000   22.5000 2829.8792    8.8903
    0.0000  -30.0000   22.5000 2852.4807    8.7292
    7.5000  -30.0000   22.5000 2838.2778    8.8542
   -7.5000  -22.5000   22.5000 2841.3049    8.7709
    0.0000  -22.5000   22.5000 2858.4888    8.6405
    7.5000  -22.5000   22.5000 2842.6272    8.7929
   -7.5000  -15.0000   22.5000 2846.5005    8.6807
    0.0000  -15.0000   22.5000 2856.7783    8.5749
    7.5000  -15.0000   22.5000 2841.8506    8.7354
   -7.5000   -7.5000   22.5000 2862.0759    8.5707
    0.0000   -7.5000   22.5000 2866.8374    8.4856
    7.5000   -7.5000   22.5000 2850.9661    8.6568
   -7.5000    0.0000   22.5000 2893.2576    8.4660
    0.0000    0.0000   22.5000 2892.4131    8.4172
    7.5000    0.0000   22.5000 2877.6094    8.5791
   -7.5000    7.5000   22.5000 2931.7544    8.4404
    0.0000    7.5000   22.5000 2935.4136    8.3965
    7.5000    7.5000   22.5000 2913.8806    8.5689
   -7.5000   15.0000   22.5000 2970.9209    8.5312
    0.0000   15.0000   22.5000 2979.6057    8.5035
    7.5000   15.0000   22.5000 2953.1831    8.6373
   -7.5000   22.5000   22.5000 2998.1318    8.5973
    0.0000   22.5000   22.5000 3008.5737    8.5884
    7.5000   22.5000   22.5000 2968.0310    8.7227
   -7.5000   30.0000   22.5000 2988.3311    8.6710
    0.0000   30.0000   22.5000 2993.0054    8.6448
    7.5000   30.0000   22.5000 2951.4646    8.8732
   -7.5000   37.5000   22.5000 2936.4209    8.9327
    0.0000   37.5000   22.5000 2946.6497    8.8771
    7.5000   37.5000   22.5000 2908.6829    9.1117
   -7.5000   45.0000   22.5000 2859.5527    9.3941
    0.0000   45.0000   22.5000 2875.6809    9.3426
    7.5000   45.0000   22.5000 2840.5508    9.5195
   -7.5000  -45.0000   30.0000 2776.4602    9.3558
    0.0000  -45.0000   30.0000 2798.0020    9.1748
    7.5000  -45.0000   30.0000 2791.2524    9.2951
   -7.5000  -37.5000   30.0000 2793.6553    9.2423
    0.0000  -37.5000   30.0000 2816.5986    9.0625
    7.5000  -37.5000   30.0000 2801.6738    9.1969
   -7.5000  -30.0000   30.0000 2804.0244    9.1255
    0.0000  -30.0000   30.0000 2826.0613    8.9572
    7.5000  -30.0000   30.0000 2808.4937    9.1059
   -7.5000  -22.5000   30.0000 2819.6887    9.0026
    0.0000  -22.5000   30.0000 2836.3867    8.8634
    7.5000  -22.5000   30.0000 2820.9211    9.0354
   -7.5000  -15.0000   30.0000 2829.9299    8.9081
    0.0000  -15.0000   30.0000 2842.0879    8.7922
    7.5000  -15.0000   30.0000 2826.0215    8.9679
   -7.5000   -7.5000   30.0000 2843.2031    8.8012
    0.0000   -7.5000   30.0000 2852.1172    8.7057
    7.5000   -7.5000   30.0000 2833.9399    8.8774
   -7.5000    0.0000   30.0000 2870.1187    8.7038
    0.0000    0.0000   30.0000 2874.9600    8.6304
    7.5000    0.0000   30.0000 2855.7285    8.8053
   -7.5000    7.5000   30.0000 2908.0898    8.6902
    0.0000    7.5000   30.0000 2912.7615    8.6298
    7.5000    7.5000   30.0000 2889.7568    8.7976
   -7.5000   15.0000   30.0000 2936.8560    8.7871
    0.0000   15.0000   30.0000 2941.6802    8.7386
    7.5000   15.0000   30.0000 2915.0391    8.8836
   -7.5000   22.5000   30.0000 2945.3708    8.7909
    0.0000   22.5000   30.0000 2951.4182    8.7506
    7.5000   22.5000   30.0000 2919.9663    8.9676
   -7.5000   30.0000   30.0000 2928.7114    8.9059
    0.0000   30.0000   30.0000 2932.8508    8.8596
    7.5000   30.0000   30.0000 2899.9346    9.1344
   -7.5000   37.5000   30.0000 2896.0676    9.2233
    0.0000   37.5000   30.0000 2904.6577    9.1765
    7.5000   37.5000   30.0000 2866.2837    9.3964
   -7.5000   45.0000   30.0000 2824.4072    9.7235
    0.0000   45.0000   30.0000 2832.8425    9.6710
    7.5000   45.0000   30.0000 2803.3662    9.8439
   -7.5000  -45.0000   37.5000 2732.9414    9.7252
    0.0000  -45.0000   37.5000 2757.4934    9.5534
    7.5000  -45.0000   37.5000 2749.9470    9.6650
   -7.5000  -37.5000   37.5000 2754.8477    9.5771
    0.0000  -37.5000   37.5000 2775.1763    9.4119
    7.5000  -37.5000   37.5000 2761.7571    9.5375
   -7.5000  -30.0000   37.5000 2767.0896    9.4462
    0.0000  -30.0000   37.5000 2786.0955    9.2850
    7.5000  -30.0000   37.5000 2772.8774    9.4262
   -7.5000  -22.5000   37.5000 2786.0823    9.3107
    0.0000  -22.5000   37.5000 2802.8591    9.1553
    7.5000  -22.5000   37.5000 2787.9541    9.3362
   -7.5000  -15.0000   37.5000 2801.2021    9.1888
    0.0000  -15.0000   37.5000 2815.4553    9.0641
    7.5000  -15.0000   37.5000 2796.2556    9.2599
   -7.5000   -7.5000   37.5000 2814.5979    9.1038
    0.0000   -7.5000   37.5000 2830.1233    8.9975
    7.5000   -7.5000   37.5000 2809.8347    9.1840
   -7.5000    0.0000   37.5000 2841.4744    9.0359
    0.0000    0.0000   37.5000 2852.6248    8.9563
    7.5000    0.0000   37.5000 2827.3552    9.1351
   -7.5000    7.5000   37.5000 2872.3003    9.0636
    0.0000    7.5000   37.5000 2879.9495    8.9944
    7.5000    7.5000   37.5000 2854.2410    9.1622
   -7.5000   15.0000   37.5000 2889.1807    9.1370
    0.0000   15.0000   37.5000 2893.8508    9.0589
    7.5000   15.0000   37.5000 2869.6699    9.2483
   -7.5000   22.5000   37.5000 2890.6287    9.1231
    0.0000   22.5000   37.5000 2893.8633    9.0451
    7.5000   22.5000   37.5000 2866.3401    9.3223
   -7.5000   30.0000   37.5000 2867.2769    9.3178
    0.0000   30.0000   37.5000 2869.3813    9.2702
    7.5000   30.0000   37.5000 2842.2144    9.5220
   -7.5000   37.5000   37.5000 2829.9963    9.6718
    0.0000   37.5000   37.5000 2838.3667    9.6171
    7.5000   37.5000   37.5000 2806.5562    9.8362
   -7.5000   45.0000   37.5000 2762.3184   10.1784
    0.0000   45.0000   37.5000 2770.2966   10.1198
    7.5000   45.0000   37.5000 2742.0889   10.2947
   -7.5000  -45.0000   45.0000 2681.0481   10.1724
    0.0000  -45.0000   45.0000 2702.7515   10.0244
    7.5000  -45.0000   45.0000 2696.2510   10.1400
   -7.5000  -37.5000   45.0000 2701.7966   10.0160
    0.0000  -37.5000   45.0000 2723.7253    9.8531
    7.5000  -37.5000   45.0000 2710.2939    9.9867
   -7.5000  -30.0000   45.0000 2714.1423    9.8600
    0.0000  -30.0000   45.0000 2735.6885    9.7031
    7.5000  -30.0000   45.0000 2727.2246    9.8462
   -7.5000  -22.5000   45.0000 2735.5320    9.7210
    0.0000  -22.5000   45.0000 2757.3623    9.5675
    7.5000  -22.5000   45.0000 2742.1021    9.7336
   -7.5000  -15.0000   45.0000 2757.1396    9.5860
    0.0000  -15.0000   45.0000 2777.8950    9.4603
    7.5000  -15.0000   45.0000 2755.5251    9.6490
   -7.5000   -7.5000   45.0000 2777.4041    9.5078
    0.0000   -7.5000   45.0000 2790.7393    9.4086
    7.5000   -7.5000   45.0000 2772.2173    9.5998
   -7.5000    0.0000   45.0000 2797.9382    9.4742
    0.0000    0.0000   45.0000 2805.4995    9.3953
    7.5000    0.0000   45.0000 2784.8438    9.5724
   -7.5000    7.5000   45.0000 2818.6042    9.5037
    0.0000    7.5000   45.0000 2822.8694    9.4295
    7.5000    7.5000   45.0000 2799.4478    9.6222
   -7.5000   15.0000   45.0000 2827.2915    9.5621
    0.0000   15.0000   45.0000 2831.6714    9.4765
    7.5000   15.0000   45.0000 2804.3567    9.7044
   -7.5000   22.5000   45.0000 2822.8518    9.6056
    0.0000   22.5000   45.0000 2827.3730    9.5275
    7.5000   22.5000   45.0000 2798.8867    9.8044
   -7.5000   30.0000   45.0000 2794.4495    9.8684
    0.0000   30.0000   45.0000 2799.7808    9.8065
    7.5000   30.0000   45.0000 2772.8127   10.0497
   -7.5000   37.5000   45.0000 2751.6814   10.2484
    0.0000   37.5000   45.0000 2758.2073   10.1933
    7.5000   37.5000   45.0000 2730.0178   10.4168
   -7.5000   45.0000   45.0000 2684.2146   10.7402
    0.0000   45.0000   45.0000 2688.6667   10.6956
    7.5000   45.0000   45.0000 2665.7078   10.8782

---------------------------------------------------------------------
imgreg_4dfp /opt/freesurfer/average/711-2C_as_mni_average_305 /opt/freesurfer/average/711-2B_as_mni_average_305_mask talsrcimg_g11 none talsrcimg_to_711-2C_as_mni_average_305_t4 1283
---------------------------------------------------------------------

freesurfer imgreg_4dfp.c
/opt/freesurfer/average/711-2C_as_mni_average_305.4dfp.img
       256       256       256         1
  1.000000  1.000000  1.000000
orientation T byte_order littleendian
Reading image: /opt/freesurfer/average/711-2C_as_mni_average_305.4dfp.img
dimensions:      256       256       256
mmppix:       1.0000   -1.0000   -1.0000
center:     128.0000 -129.0000 -129.0000
/opt/freesurfer/average/711-2B_as_mni_average_305_mask.4dfp.img
       256       256       256         1
  1.000000  1.000000  1.000000
orientation T byte_order littleendian
Reading mask: /opt/freesurfer/average/711-2B_as_mni_average_305_mask.4dfp.img (2306576 pixels)
talsrcimg_g11.4dfp.img
       256       256       256         1
  1.000000  1.000000  1.000000
orientation T byte_order littleendian
Reading image: talsrcimg_g11.4dfp.img
dimensions:      256       256       256
mmppix:       1.0000   -1.0000   -1.0000
center:     128.0000 -129.0000 -129.0000
rotation matrix determinant  1.000000
fimgreg.f
image alignment mode   1283 decimal      503 hex
parameters
    0.0000   22.5000   15.0000    0.0000    0.0000    0.0000
eta,q 0.95549  8.64094
niter,ni,del,rscale     5    3   12.0000    1.2000
parameter  2 -0.790381 -> -0.500000 qaram    1.1500
parameter  3  0.907258 ->  0.500000 qaram    1.1500
parameter  5 -0.861237 -> -0.500000 qaram    1.1500
parameters
   -2.0436   25.9500   11.5500   -2.6861    3.4500    1.7492
eta,q 0.96534  8.65153
  0.0501  0.0611  0.0394  0.0403  0.0503  0.0440
  0.0477  0.0571  0.0395  0.0391  0.0464  0.0407
  0.0470  0.0521  0.0409  0.0387  0.0423  0.0375
  0.0474  0.0469  0.0430  0.0396  0.0387  0.0352
  0.0501  0.0435  0.0458  0.0416  0.0360  0.0347
  0.0552  0.0430  0.0499  0.0440  0.0352  0.0357
  0.0607  0.0447  0.0549  0.0465  0.0359  0.0380
niter,ni,del,rscale     7    3   12.0000    1.2000
parameters
   -2.6016   27.2330   10.6549   -4.2347    4.0552    1.9949
eta,q 0.96656  8.65119
  0.0473  0.0518  0.0415  0.0358  0.0445  0.0397
  0.0400  0.0450  0.0359  0.0341  0.0392  0.0367
  0.0353  0.0381  0.0336  0.0336  0.0354  0.0343
  0.0347  0.0344  0.0344  0.0338  0.0336  0.0334
  0.0378  0.0352  0.0369  0.0347  0.0337  0.0340
  0.0447  0.0382  0.0399  0.0374  0.0363  0.0361
  0.0520  0.0429  0.0450  0.0409  0.0418  0.0388
niter,ni,del,rscale     6    3   12.0000    1.2000
parameters
   -2.7037   27.6618   10.5458   -4.6729    4.0974    2.0878
eta,q 0.96655  8.65469
  0.0490  0.0486  0.0436  0.0370  0.0431  0.0391
  0.0410  0.0414  0.0367  0.0347  0.0381  0.0364
  0.0352  0.0355  0.0336  0.0335  0.0350  0.0343
  0.0334  0.0334  0.0336  0.0336  0.0335  0.0335
  0.0357  0.0357  0.0355  0.0340  0.0340  0.0341
  0.0422  0.0393  0.0383  0.0352  0.0375  0.0361
  0.0497  0.0449  0.0429  0.0384  0.0435  0.0388
niter,ni,del,rscale     5    3   12.0000    1.2000
parameters
   -2.7235   27.8084   10.4935   -4.7947    4.0985    2.1326
eta,q 0.96652  8.65563
  0.0498  0.0476  0.0438  0.0373  0.0430  0.0389
  0.0415  0.0405  0.0368  0.0350  0.0381  0.0363
  0.0355  0.0350  0.0337  0.0336  0.0350  0.0343
  0.0334  0.0334  0.0335  0.0335  0.0335  0.0335
  0.0356  0.0362  0.0354  0.0340  0.0340  0.0341
  0.0421  0.0399  0.0382  0.0349  0.0376  0.0362
  0.0497  0.0459  0.0429  0.0378  0.0437  0.0389
niter,ni,del,rscale     4    3   12.0000    1.2000
parameters
   -2.7287   27.8504   10.4803   -4.8313    4.0969    2.1468
eta,q 0.96650  8.65600
  0.0500  0.0472  0.0440  0.0374  0.0430  0.0389
  0.0417  0.0402  0.0369  0.0351  0.0381  0.0363
  0.0356  0.0348  0.0338  0.0336  0.0350  0.0343
  0.0335  0.0335  0.0335  0.0335  0.0335  0.0335
  0.0356  0.0364  0.0353  0.0340  0.0340  0.0341
  0.0421  0.0401  0.0381  0.0348  0.0376  0.0362
  0.0498  0.0463  0.0428  0.0376  0.0437  0.0389
registration optimization eta report
parameter search radius
    6.0000    6.9000    6.9000    6.0000    6.9000    6.0000
100000*second partial in parameter space
       45.       27.       21.       11.       21.       15.
  0.0500  0.0472  0.0440  0.0374  0.0430  0.0389
  0.0417  0.0402  0.0369  0.0351  0.0381  0.0363
  0.0356  0.0348  0.0338  0.0336  0.0350  0.0343
  0.0335  0.0335  0.0335  0.0335  0.0335  0.0335
  0.0356  0.0364  0.0353  0.0340  0.0340  0.0341
  0.0421  0.0401  0.0381  0.0348  0.0376  0.0362
  0.0498  0.0463  0.0428  0.0376  0.0437  0.0389
   -2.7287   27.8504   10.4803   -4.8313    4.0969    2.1468
eta,q 0.96650  8.65600

---------------------------------------------------------------------
imgreg_4dfp /opt/freesurfer/average/711-2C_as_mni_average_305 /opt/freesurfer/average/711-2B_as_mni_average_305_mask talsrcimg_g11 none talsrcimg_to_711-2C_as_mni_average_305_t4 3335
---------------------------------------------------------------------

freesurfer imgreg_4dfp.c
/opt/freesurfer/average/711-2C_as_mni_average_305.4dfp.img
       256       256       256         1
  1.000000  1.000000  1.000000
orientation T byte_order littleendian
Reading image: /opt/freesurfer/average/711-2C_as_mni_average_305.4dfp.img
dimensions:      256       256       256
mmppix:       1.0000   -1.0000   -1.0000
center:     128.0000 -129.0000 -129.0000
/opt/freesurfer/average/711-2B_as_mni_average_305_mask.4dfp.img
       256       256       256         1
  1.000000  1.000000  1.000000
orientation T byte_order littleendian
Reading mask: /opt/freesurfer/average/711-2B_as_mni_average_305_mask.4dfp.img (2306576 pixels)
talsrcimg_g11.4dfp.img
       256       256       256         1
  1.000000  1.000000  1.000000
orientation T byte_order littleendian
Reading image: talsrcimg_g11.4dfp.img
dimensions:      256       256       256
mmppix:       1.0000   -1.0000   -1.0000
center:     128.0000 -129.0000 -129.0000
fimgreg.f
image alignment mode   3335 decimal      D07 hex
parameters
   -2.7287   27.8504   10.4803   -0.3255   -0.4027   -0.6099
   -3.1314   -7.4295    3.7364    8.1496    7.1444   -8.4006
eta,q 0.96826  8.74873
niter,ni,del,rscale     5    3    5.0000    1.2000
parameter  4  1.080010 ->  0.500000 qaram    1.1500
parameter  5  1.422828 ->  0.500000 qaram    1.1500
parameters
   -2.5915   28.0585   10.3464   -4.4655   -4.5427    0.5799
   -2.8831   -6.3110    3.7510    5.6113    6.8209  -10.2321
eta,q 0.97489  8.68115
  0.0349  0.0342  0.0331  0.0287  0.0254  0.0290  0.0286  0.0317  0.0275  0.0268  0.0263  0.0259
  0.0333  0.0329  0.0322  0.0288  0.0259  0.0282  0.0272  0.0291  0.0266  0.0256  0.0257  0.0253
  0.0322  0.0321  0.0318  0.0295  0.0271  0.0272  0.0262  0.0270  0.0260  0.0252  0.0253  0.0251
  0.0317  0.0317  0.0317  0.0317  0.0289  0.0262  0.0259  0.0259  0.0257  0.0257  0.0252  0.0252
  0.0319  0.0318  0.0320  0.0344  0.0312  0.0257  0.0261  0.0259  0.0259  0.0269  0.0254  0.0256
  0.0328  0.0324  0.0325  0.0370  0.0338  0.0263  0.0269  0.0271  0.0265  0.0286  0.0258  0.0263
  0.0343  0.0335  0.0333  0.0402  0.0364  0.0282  0.0283  0.0291  0.0276  0.0306  0.0265  0.0272
niter,ni,del,rscale     6    3    5.0000    1.2000
parameters
   -2.5838   28.3832   10.4431   -6.7705   -7.4901    2.0612
   -2.6894   -6.2933    4.2479    6.4641    6.0189  -10.7840
eta,q 0.97582  8.59219
  0.0288  0.0288  0.0268  0.0270  0.0264  0.0273  0.0268  0.0287  0.0265  0.0284  0.0250  0.0253
  0.0268  0.0270  0.0259  0.0259  0.0254  0.0266  0.0255  0.0262  0.0254  0.0265  0.0245  0.0247
  0.0255  0.0258  0.0252  0.0252  0.0248  0.0259  0.0246  0.0247  0.0246  0.0250  0.0243  0.0243
  0.0251  0.0251  0.0250  0.0250  0.0251  0.0249  0.0243  0.0243  0.0243  0.0243  0.0242  0.0242
  0.0255  0.0251  0.0252  0.0262  0.0267  0.0241  0.0245  0.0249  0.0244  0.0244  0.0244  0.0244
  0.0268  0.0259  0.0257  0.0291  0.0292  0.0244  0.0253  0.0263  0.0250  0.0253  0.0249  0.0249
  0.0287  0.0273  0.0265  0.0321  0.0322  0.0266  0.0266  0.0285  0.0260  0.0269  0.0255  0.0257
niter,ni,del,rscale     5    3    5.0000    1.2000
parameters
   -2.5304   28.4975   10.8644   -6.9554   -8.0223    2.1195
   -2.6940   -6.2779    4.3318    6.7638    5.7419  -10.3389
eta,q 0.97584  8.57095
  0.0276  0.0273  0.0265  0.0272  0.0274  0.0269  0.0265  0.0286  0.0261  0.0276  0.0251  0.0255
  0.0257  0.0257  0.0253  0.0260  0.0258  0.0262  0.0253  0.0261  0.0251  0.0259  0.0246  0.0248
  0.0246  0.0246  0.0246  0.0249  0.0247  0.0253  0.0245  0.0245  0.0245  0.0247  0.0243  0.0244
  0.0242  0.0242  0.0242  0.0241  0.0241  0.0242  0.0242  0.0242  0.0242  0.0242  0.0242  0.0242
  0.0245  0.0244  0.0242  0.0240  0.0245  0.0239  0.0244  0.0248  0.0244  0.0244  0.0243  0.0242
  0.0255  0.0253  0.0246  0.0255  0.0262  0.0251  0.0253  0.0262  0.0250  0.0255  0.0247  0.0246
  0.0273  0.0268  0.0253  0.0284  0.0288  0.0280  0.0266  0.0284  0.0261  0.0271  0.0253  0.0252
niter,ni,del,rscale     4    3    5.0000    1.2000
parameters
   -2.5354   28.4528   11.0084   -7.0271   -8.1746    2.1203
   -2.7481   -6.2612    4.3059    6.7434    5.7339  -10.0434
eta,q 0.97582  8.56091
  0.0274  0.0268  0.0261  0.0272  0.0276  0.0269  0.0265  0.0286  0.0261  0.0273  0.0252  0.0254
  0.0256  0.0253  0.0250  0.0261  0.0260  0.0262  0.0253  0.0261  0.0251  0.0257  0.0246  0.0248
  0.0245  0.0244  0.0244  0.0249  0.0248  0.0252  0.0245  0.0246  0.0244  0.0247  0.0243  0.0244
  0.0242  0.0242  0.0242  0.0242  0.0242  0.0242  0.0242  0.0242  0.0242  0.0242  0.0242  0.0242
  0.0245  0.0245  0.0243  0.0240  0.0244  0.0239  0.0245  0.0248  0.0244  0.0245  0.0243  0.0243
  0.0256  0.0255  0.0248  0.0253  0.0258  0.0252  0.0253  0.0262  0.0250  0.0257  0.0246  0.0246
  0.0274  0.0270  0.0256  0.0282  0.0283  0.0280  0.0266  0.0284  0.0261  0.0274  0.0252  0.0253
niter,ni,del,rscale     3    3    5.0000    1.2000
parameters
   -2.5416   28.4089   11.0719   -7.0607   -8.2222    2.1100
   -2.7811   -6.2516    4.2781    6.7034    5.7532   -9.8771
eta,q 0.97581  8.55594
  0.0274  0.0268  0.0259  0.0272  0.0277  0.0270  0.0265  0.0286  0.0261  0.0273  0.0252  0.0254
  0.0256  0.0253  0.0250  0.0261  0.0260  0.0262  0.0253  0.0261  0.0251  0.0257  0.0246  0.0248
  0.0245  0.0244  0.0244  0.0249  0.0248  0.0252  0.0245  0.0246  0.0244  0.0247  0.0243  0.0244
  0.0242  0.0242  0.0242  0.0242  0.0242  0.0242  0.0242  0.0242  0.0242  0.0242  0.0242  0.0242
  0.0245  0.0245  0.0244  0.0240  0.0244  0.0240  0.0245  0.0248  0.0244  0.0245  0.0243  0.0243
  0.0256  0.0255  0.0249  0.0253  0.0257  0.0252  0.0253  0.0262  0.0250  0.0257  0.0246  0.0246
  0.0274  0.0270  0.0257  0.0281  0.0281  0.0281  0.0266  0.0284  0.0261  0.0274  0.0252  0.0253
niter,ni,del,rscale     2    3    5.0000    1.2000
parameters
   -2.5457   28.3828   11.1009   -7.0789   -8.2431    2.0977
   -2.8015   -6.2487    4.2600    6.6869    5.7752   -9.7836
eta,q 0.97580  8.55320
  0.0274  0.0269  0.0259  0.0272  0.0277  0.0270  0.0265  0.0286  0.0261  0.0273  0.0252  0.0254
  0.0256  0.0254  0.0249  0.0261  0.0260  0.0262  0.0253  0.0261  0.0251  0.0258  0.0246  0.0248
  0.0245  0.0245  0.0244  0.0249  0.0248  0.0252  0.0245  0.0246  0.0244  0.0247  0.0243  0.0244
  0.0242  0.0242  0.0242  0.0242  0.0242  0.0242  0.0242  0.0242  0.0242  0.0242  0.0242  0.0242
  0.0245  0.0245  0.0244  0.0240  0.0244  0.0240  0.0245  0.0248  0.0244  0.0245  0.0243  0.0243
  0.0256  0.0255  0.0249  0.0253  0.0257  0.0252  0.0253  0.0262  0.0250  0.0257  0.0246  0.0246
  0.0274  0.0270  0.0258  0.0281  0.0281  0.0281  0.0266  0.0284  0.0261  0.0274  0.0252  0.0254
niter,ni,del,rscale     1    3    5.0000    1.2000
parameters
   -2.5480   28.3697   11.1182   -7.0883   -8.2569    2.0929
   -2.8115   -6.2449    4.2445    6.6718    5.7767   -9.7358
eta,q 0.97580  8.55162
  0.0274  0.0269  0.0259  0.0272  0.0277  0.0270  0.0265  0.0286  0.0261  0.0273  0.0252  0.0253
  0.0256  0.0254  0.0249  0.0261  0.0260  0.0262  0.0253  0.0261  0.0251  0.0258  0.0246  0.0247
  0.0246  0.0245  0.0244  0.0250  0.0248  0.0252  0.0245  0.0246  0.0244  0.0247  0.0243  0.0244
  0.0242  0.0242  0.0242  0.0242  0.0242  0.0242  0.0242  0.0242  0.0242  0.0242  0.0242  0.0242
  0.0246  0.0245  0.0244  0.0240  0.0244  0.0240  0.0245  0.0248  0.0244  0.0245  0.0243  0.0243
  0.0256  0.0255  0.0250  0.0253  0.0257  0.0252  0.0253  0.0262  0.0250  0.0257  0.0246  0.0247
  0.0274  0.0269  0.0258  0.0281  0.0281  0.0280  0.0266  0.0284  0.0261  0.0274  0.0252  0.0254
registration optimization eta report
parameter search radius
    2.4000    2.4000    2.4000    8.2800    8.2800    7.2000
    7.2000    7.2000    7.2000    7.2000    7.2000    7.2000
100000*second partial in parameter space
       56.       47.       29.        5.        5.        6.
        4.        8.        4.        6.        2.        2.
  0.0274  0.0269  0.0259  0.0272  0.0277  0.0270  0.0265  0.0286  0.0261  0.0273  0.0252  0.0253
  0.0256  0.0254  0.0249  0.0261  0.0260  0.0262  0.0253  0.0261  0.0251  0.0258  0.0246  0.0247
  0.0246  0.0245  0.0244  0.0250  0.0248  0.0252  0.0245  0.0246  0.0244  0.0247  0.0243  0.0244
  0.0242  0.0242  0.0242  0.0242  0.0242  0.0242  0.0242  0.0242  0.0242  0.0242  0.0242  0.0242
  0.0246  0.0245  0.0244  0.0240  0.0244  0.0240  0.0245  0.0248  0.0244  0.0245  0.0243  0.0243
  0.0256  0.0255  0.0250  0.0253  0.0257  0.0252  0.0253  0.0262  0.0250  0.0257  0.0246  0.0247
  0.0274  0.0269  0.0258  0.0281  0.0281  0.0280  0.0266  0.0284  0.0261  0.0274  0.0252  0.0254
   -2.5480   28.3697   11.1182   -7.0883   -8.2569    2.0929
   -2.8115   -6.2449    4.2445    6.6718    5.7767   -9.7358
eta,q 0.97580  8.55162

---------------------------------------------------------------------
imgreg_4dfp /opt/freesurfer/average/711-2C_as_mni_average_305 /opt/freesurfer/average/711-2B_as_mni_average_305_mask talsrcimg_g11 none talsrcimg_to_711-2C_as_mni_average_305_t4 2311
---------------------------------------------------------------------

freesurfer imgreg_4dfp.c
/opt/freesurfer/average/711-2C_as_mni_average_305.4dfp.img
       256       256       256         1
  1.000000  1.000000  1.000000
orientation T byte_order littleendian
Reading image: /opt/freesurfer/average/711-2C_as_mni_average_305.4dfp.img
dimensions:      256       256       256
mmppix:       1.0000   -1.0000   -1.0000
center:     128.0000 -129.0000 -129.0000
/opt/freesurfer/average/711-2B_as_mni_average_305_mask.4dfp.img
       256       256       256         1
  1.000000  1.000000  1.000000
orientation T byte_order littleendian
Reading mask: /opt/freesurfer/average/711-2B_as_mni_average_305_mask.4dfp.img (2306576 pixels)
talsrcimg_g11.4dfp.img
       256       256       256         1
  1.000000  1.000000  1.000000
orientation T byte_order littleendian
Reading image: talsrcimg_g11.4dfp.img
dimensions:      256       256       256
mmppix:       1.0000   -1.0000   -1.0000
center:     128.0000 -129.0000 -129.0000
fimgreg.f
image alignment mode   2311 decimal      907 hex
parameters
   -2.5480   28.3697   11.1182   -7.0883   -8.2569    2.0929
   -2.8115   -6.2449    4.2445    6.6718    5.7767   -9.7358
eta,q 0.97580  8.55162
niter,ni,del,rscale     5    3    5.0000    0.8000
parameters
   -2.5460   28.3464   11.1010   -5.7213   -7.8678    3.0267
   -2.6987   -6.2600    4.3943    6.2854    6.1307  -10.4706
eta,q 0.97619  8.63878
  0.0256  0.0254  0.0249  0.0258  0.0255  0.0262  0.0251  0.0262  0.0248  0.0253  0.0245  0.0242
  0.0248  0.0247  0.0245  0.0251  0.0248  0.0255  0.0244  0.0249  0.0243  0.0245  0.0242  0.0240
  0.0244  0.0243  0.0243  0.0246  0.0243  0.0246  0.0240  0.0241  0.0240  0.0240  0.0240  0.0238
  0.0242  0.0242  0.0242  0.0242  0.0240  0.0240  0.0239  0.0238  0.0238  0.0238  0.0238  0.0238
  0.0244  0.0244  0.0243  0.0240  0.0241  0.0238  0.0240  0.0242  0.0239  0.0242  0.0239  0.0240
  0.0248  0.0248  0.0246  0.0241  0.0244  0.0242  0.0243  0.0250  0.0242  0.0248  0.0241  0.0242
  0.0256  0.0255  0.0250  0.0247  0.0252  0.0253  0.0250  0.0262  0.0247  0.0258  0.0244  0.0246
niter,ni,del,rscale     4    3    5.0000    0.7000
parameters
   -2.5836   28.4774   11.0082   -5.8275   -7.5908    3.3034
   -2.7495   -6.3451    4.3620    6.3147    6.2355  -10.9774
eta,q 0.97627  8.65631
  0.0249  0.0250  0.0244  0.0249  0.0250  0.0256  0.0247  0.0256  0.0245  0.0252  0.0243  0.0241
  0.0243  0.0244  0.0240  0.0243  0.0245  0.0248  0.0242  0.0245  0.0241  0.0244  0.0240  0.0239
  0.0239  0.0240  0.0238  0.0240  0.0240  0.0242  0.0238  0.0239  0.0238  0.0239  0.0238  0.0238
  0.0238  0.0238  0.0238  0.0238  0.0238  0.0238  0.0237  0.0237  0.0237  0.0237  0.0237  0.0237
  0.0240  0.0239  0.0239  0.0238  0.0238  0.0238  0.0239  0.0240  0.0238  0.0239  0.0238  0.0238
  0.0244  0.0241  0.0242  0.0242  0.0242  0.0242  0.0242  0.0247  0.0241  0.0244  0.0240  0.0241
  0.0251  0.0246  0.0245  0.0252  0.0248  0.0254  0.0247  0.0257  0.0245  0.0251  0.0242  0.0244
niter,ni,del,rscale     3    3    5.0000    0.6000
parameters
   -2.6053   28.5265   10.9712   -5.7134   -7.4957    3.4845
   -2.7605   -6.3581    4.3147    6.3483    6.3160  -11.2114
eta,q 0.97631  8.66799
  0.0246  0.0246  0.0242  0.0246  0.0246  0.0251  0.0244  0.0251  0.0242  0.0248  0.0241  0.0240
  0.0241  0.0241  0.0239  0.0242  0.0242  0.0245  0.0240  0.0243  0.0239  0.0242  0.0239  0.0238
  0.0238  0.0238  0.0238  0.0239  0.0239  0.0240  0.0238  0.0238  0.0238  0.0238  0.0238  0.0237
  0.0237  0.0237  0.0237  0.0237  0.0237  0.0237  0.0237  0.0237  0.0237  0.0237  0.0237  0.0237
  0.0238  0.0238  0.0238  0.0237  0.0238  0.0237  0.0238  0.0239  0.0238  0.0238  0.0237  0.0238
  0.0241  0.0240  0.0240  0.0240  0.0241  0.0241  0.0240  0.0244  0.0240  0.0242  0.0239  0.0239
  0.0246  0.0244  0.0243  0.0246  0.0246  0.0251  0.0244  0.0251  0.0243  0.0248  0.0241  0.0241
niter,ni,del,rscale     2    3    5.0000    0.5000
parameters
   -2.6230   28.5588   10.9597   -5.6029   -7.4362    3.6107
   -2.7790   -6.3647    4.2766    6.3624    6.3975  -11.3610
eta,q 0.97633  8.67653
  0.0243  0.0243  0.0241  0.0243  0.0243  0.0247  0.0242  0.0247  0.0241  0.0245  0.0240  0.0239
  0.0240  0.0240  0.0238  0.0240  0.0240  0.0242  0.0239  0.0241  0.0238  0.0240  0.0238  0.0238
  0.0237  0.0238  0.0237  0.0238  0.0238  0.0239  0.0237  0.0238  0.0237  0.0238  0.0237  0.0237
  0.0237  0.0237  0.0237  0.0237  0.0237  0.0237  0.0237  0.0237  0.0237  0.0237  0.0237  0.0237
  0.0238  0.0237  0.0237  0.0237  0.0237  0.0237  0.0237  0.0238  0.0237  0.0238  0.0237  0.0237
  0.0240  0.0239  0.0239  0.0239  0.0239  0.0240  0.0239  0.0241  0.0239  0.0240  0.0238  0.0238
  0.0243  0.0242  0.0241  0.0243  0.0243  0.0247  0.0242  0.0247  0.0241  0.0245  0.0239  0.0240
niter,ni,del,rscale     1    3    5.0000    0.4000
parameters
   -2.6391   28.5782   10.9578   -5.5004   -7.3952    3.7098
   -2.8014   -6.3738    4.2497    6.3611    6.4506  -11.4470
eta,q 0.97635  8.68296
  0.0241  0.0240  0.0239  0.0241  0.0241  0.0244  0.0240  0.0243  0.0239  0.0242  0.0238  0.0238
  0.0238  0.0238  0.0238  0.0239  0.0239  0.0240  0.0238  0.0240  0.0238  0.0239  0.0237  0.0237
  0.0237  0.0237  0.0237  0.0237  0.0237  0.0238  0.0237  0.0237  0.0237  0.0237  0.0237  0.0237
  0.0237  0.0237  0.0237  0.0237  0.0237  0.0237  0.0237  0.0237  0.0237  0.0237  0.0237  0.0237
  0.0237  0.0237  0.0237  0.0237  0.0237  0.0237  0.0237  0.0237  0.0237  0.0237  0.0237  0.0237
  0.0239  0.0238  0.0238  0.0238  0.0238  0.0239  0.0238  0.0240  0.0238  0.0239  0.0237  0.0238
  0.0241  0.0240  0.0239  0.0240  0.0241  0.0243  0.0240  0.0243  0.0239  0.0242  0.0238  0.0239
registration optimization eta report
parameter search radius
    0.8000    0.8000    0.8000    2.4000    2.4000    2.4000
    2.4000    2.4000    2.4000    2.4000    2.4000    2.4000
100000*second partial in parameter space
       64.       55.       37.        7.        8.       12.
        6.       12.        5.        9.        3.        3.
  0.0241  0.0240  0.0239  0.0241  0.0241  0.0244  0.0240  0.0243  0.0239  0.0242  0.0238  0.0238
  0.0238  0.0238  0.0238  0.0239  0.0239  0.0240  0.0238  0.0240  0.0238  0.0239  0.0237  0.0237
  0.0237  0.0237  0.0237  0.0237  0.0237  0.0238  0.0237  0.0237  0.0237  0.0237  0.0237  0.0237
  0.0237  0.0237  0.0237  0.0237  0.0237  0.0237  0.0237  0.0237  0.0237  0.0237  0.0237  0.0237
  0.0237  0.0237  0.0237  0.0237  0.0237  0.0237  0.0237  0.0237  0.0237  0.0237  0.0237  0.0237
  0.0239  0.0238  0.0238  0.0238  0.0238  0.0239  0.0238  0.0240  0.0238  0.0239  0.0237  0.0238
  0.0241  0.0240  0.0239  0.0240  0.0241  0.0243  0.0240  0.0243  0.0239  0.0242  0.0238  0.0239
   -2.6391   28.5782   10.9578   -5.5004   -7.3952    3.7098
   -2.8014   -6.3738    4.2497    6.3611    6.4506  -11.4470
eta,q 0.97635  8.68296

---------------------------------------------------------------------
imgreg_4dfp /opt/freesurfer/average/711-2C_as_mni_average_305 /opt/freesurfer/average/711-2B_as_mni_average_305_mask talsrcimg_g11 none talsrcimg_to_711-2C_as_mni_average_305_t4 2311
---------------------------------------------------------------------

freesurfer imgreg_4dfp.c
/opt/freesurfer/average/711-2C_as_mni_average_305.4dfp.img
       256       256       256         1
  1.000000  1.000000  1.000000
orientation T byte_order littleendian
Reading image: /opt/freesurfer/average/711-2C_as_mni_average_305.4dfp.img
dimensions:      256       256       256
mmppix:       1.0000   -1.0000   -1.0000
center:     128.0000 -129.0000 -129.0000
/opt/freesurfer/average/711-2B_as_mni_average_305_mask.4dfp.img
       256       256       256         1
  1.000000  1.000000  1.000000
orientation T byte_order littleendian
Reading mask: /opt/freesurfer/average/711-2B_as_mni_average_305_mask.4dfp.img (2306576 pixels)
talsrcimg_g11.4dfp.img
       256       256       256         1
  1.000000  1.000000  1.000000
orientation T byte_order littleendian
Reading image: talsrcimg_g11.4dfp.img
dimensions:      256       256       256
mmppix:       1.0000   -1.0000   -1.0000
center:     128.0000 -129.0000 -129.0000
fimgreg.f
image alignment mode   2311 decimal      907 hex
parameters
   -2.6391   28.5782   10.9578   -5.5004   -7.3952    3.7098
   -2.8014   -6.3738    4.2497    6.3611    6.4506  -11.4470
eta,q 0.97635  8.68296
niter,ni,del,rscale     5    3    5.0000    0.8000
parameters
   -2.6405   28.5832   11.0035   -6.0468   -7.6659    3.3464
   -2.7050   -6.4165    4.2663    6.5656    6.1666  -11.1563
eta,q 0.97626  8.65236
  0.0253  0.0251  0.0247  0.0249  0.0251  0.0256  0.0250  0.0261  0.0247  0.0257  0.0243  0.0245
  0.0244  0.0243  0.0241  0.0243  0.0244  0.0248  0.0243  0.0248  0.0242  0.0247  0.0240  0.0241
  0.0238  0.0238  0.0238  0.0238  0.0239  0.0241  0.0239  0.0240  0.0239  0.0240  0.0238  0.0238
  0.0237  0.0237  0.0237  0.0237  0.0237  0.0237  0.0237  0.0237  0.0237  0.0237  0.0237  0.0237
  0.0239  0.0238  0.0238  0.0238  0.0239  0.0239  0.0239  0.0241  0.0239  0.0239  0.0238  0.0238
  0.0244  0.0243  0.0241  0.0246  0.0245  0.0249  0.0243  0.0249  0.0242  0.0245  0.0241  0.0240
  0.0253  0.0250  0.0246  0.0261  0.0256  0.0268  0.0249  0.0261  0.0247  0.0254  0.0245  0.0243
niter,ni,del,rscale     4    3    5.0000    0.7000
parameters
   -2.6092   28.5561   10.9830   -5.8778   -7.6257    3.3638
   -2.6931   -6.3736    4.3260    6.4855    6.2186  -11.1647
eta,q 0.97627  8.65749
  0.0250  0.0247  0.0244  0.0249  0.0249  0.0255  0.0247  0.0257  0.0245  0.0251  0.0242  0.0242
  0.0243  0.0242  0.0240  0.0243  0.0243  0.0247  0.0242  0.0246  0.0241  0.0243  0.0240  0.0239
  0.0239  0.0238  0.0238  0.0239  0.0239  0.0241  0.0238  0.0239  0.0238  0.0239  0.0238  0.0238
  0.0237  0.0237  0.0237  0.0237  0.0237  0.0237  0.0237  0.0237  0.0237  0.0237  0.0237  0.0237
  0.0239  0.0239  0.0238  0.0237  0.0238  0.0238  0.0238  0.0239  0.0238  0.0239  0.0238  0.0238
  0.0242  0.0242  0.0241  0.0240  0.0242  0.0244  0.0241  0.0246  0.0240  0.0244  0.0239  0.0240
  0.0249  0.0248  0.0244  0.0249  0.0249  0.0257  0.0247  0.0256  0.0245  0.0252  0.0242  0.0242
niter,ni,del,rscale     3    3    5.0000    0.6000
parameters
   -2.6103   28.5564   10.9717   -5.7280   -7.5336    3.4902
   -2.7348   -6.3659    4.3041    6.4207    6.3016  -11.2670
eta,q 0.97631  8.66740
  0.0246  0.0245  0.0242  0.0246  0.0246  0.0251  0.0244  0.0252  0.0243  0.0247  0.0241  0.0241
  0.0241  0.0241  0.0239  0.0242  0.0242  0.0245  0.0240  0.0243  0.0240  0.0242  0.0239  0.0239
  0.0238  0.0238  0.0238  0.0239  0.0239  0.0240  0.0238  0.0238  0.0238  0.0238  0.0237  0.0237
  0.0237  0.0237  0.0237  0.0237  0.0237  0.0237  0.0237  0.0237  0.0237  0.0237  0.0237  0.0237
  0.0238  0.0238  0.0238  0.0237  0.0238  0.0237  0.0238  0.0239  0.0238  0.0238  0.0237  0.0238
  0.0241  0.0241  0.0240  0.0239  0.0241  0.0242  0.0240  0.0244  0.0240  0.0242  0.0239  0.0239
  0.0246  0.0245  0.0242  0.0246  0.0246  0.0251  0.0244  0.0251  0.0243  0.0248  0.0241  0.0241
niter,ni,del,rscale     2    3    5.0000    0.5000
parameters
   -2.6249   28.5686   10.9605   -5.6100   -7.4516    3.6100
   -2.7688   -6.3675    4.2769    6.3856    6.3847  -11.3749
eta,q 0.97633  8.67609
  0.0243  0.0242  0.0241  0.0243  0.0243  0.0247  0.0242  0.0247  0.0241  0.0244  0.0240  0.0239
  0.0240  0.0239  0.0238  0.0240  0.0240  0.0242  0.0239  0.0241  0.0239  0.0240  0.0238  0.0238
  0.0237  0.0238  0.0237  0.0238  0.0238  0.0239  0.0237  0.0238  0.0237  0.0238  0.0237  0.0237
  0.0237  0.0237  0.0237  0.0237  0.0237  0.0237  0.0237  0.0237  0.0237  0.0237  0.0237  0.0237
  0.0238  0.0238  0.0237  0.0237  0.0237  0.0237  0.0237  0.0238  0.0237  0.0238  0.0237  0.0237
  0.0240  0.0239  0.0239  0.0239  0.0239  0.0240  0.0239  0.0241  0.0239  0.0240  0.0238  0.0238
  0.0243  0.0242  0.0241  0.0243  0.0243  0.0247  0.0242  0.0247  0.0241  0.0245  0.0239  0.0240
niter,ni,del,rscale     1    3    5.0000    0.4000
parameters
   -2.6393   28.5816   10.9596   -5.4966   -7.3994    3.7079
   -2.8002   -6.3729    4.2527    6.3675    6.4464  -11.4447
eta,q 0.97634  8.68302
  0.0241  0.0240  0.0239  0.0241  0.0241  0.0243  0.0240  0.0243  0.0239  0.0242  0.0238  0.0238
  0.0238  0.0238  0.0238  0.0239  0.0239  0.0240  0.0238  0.0240  0.0238  0.0239  0.0237  0.0237
  0.0237  0.0237  0.0237  0.0237  0.0237  0.0238  0.0237  0.0237  0.0237  0.0237  0.0237  0.0237
  0.0237  0.0237  0.0237  0.0237  0.0237  0.0237  0.0237  0.0237  0.0237  0.0237  0.0237  0.0237
  0.0237  0.0237  0.0237  0.0237  0.0237  0.0237  0.0237  0.0237  0.0237  0.0237  0.0237  0.0237
  0.0239  0.0238  0.0238  0.0238  0.0238  0.0239  0.0238  0.0240  0.0238  0.0239  0.0237  0.0238
  0.0241  0.0240  0.0239  0.0240  0.0241  0.0243  0.0240  0.0243  0.0239  0.0242  0.0238  0.0239
registration optimization eta report
parameter search radius
    0.8000    0.8000    0.8000    2.4000    2.4000    2.4000
    2.4000    2.4000    2.4000    2.4000    2.4000    2.4000
100000*second partial in parameter space
       64.       55.       37.        7.        8.       12.
        6.       12.        4.        9.        3.        3.
  0.0241  0.0240  0.0239  0.0241  0.0241  0.0243  0.0240  0.0243  0.0239  0.0242  0.0238  0.0238
  0.0238  0.0238  0.0238  0.0239  0.0239  0.0240  0.0238  0.0240  0.0238  0.0239  0.0237  0.0237
  0.0237  0.0237  0.0237  0.0237  0.0237  0.0238  0.0237  0.0237  0.0237  0.0237  0.0237  0.0237
  0.0237  0.0237  0.0237  0.0237  0.0237  0.0237  0.0237  0.0237  0.0237  0.0237  0.0237  0.0237
  0.0237  0.0237  0.0237  0.0237  0.0237  0.0237  0.0237  0.0237  0.0237  0.0237  0.0237  0.0237
  0.0239  0.0238  0.0238  0.0238  0.0238  0.0239  0.0238  0.0240  0.0238  0.0239  0.0237  0.0238
  0.0241  0.0240  0.0239  0.0240  0.0241  0.0243  0.0240  0.0243  0.0239  0.0242  0.0238  0.0239
   -2.6393   28.5816   10.9596   -5.4966   -7.3994    3.7079
   -2.8002   -6.3729    4.2527    6.3675    6.4464  -11.4447
eta,q 0.97634  8.68302

---------------------------------------------------------------------
compute_vox2vox talsrcimg talsrcimg_to_711-2C_as_mni_average_305_t4 /opt/freesurfer/average/711-2C_as_mni_average_305
---------------------------------------------------------------------

freesurfer compute_vox2vox.c
Reading: talsrcimg.4dfp.ifh
Reading: talsrcimg_to_711-2C_as_mni_average_305_t4
Reading: /opt/freesurfer/average/711-2C_as_mni_average_305.4dfp.ifh
Writing: talsrcimg_to_711-2C_as_mni_average_305_t4_vox2vox.txt

start time Sun Nov 24 05:20:15 UTC 2024
end		time Sun Nov 24 05:21:11 UTC 2024

mpr2mni305 success

avi2talxfm orig_nu.mgz /opt/freesurfer/average/mni305.cor.mgz talsrcimg_to_711-2C_as_mni_average_305_t4_vox2vox.txt transforms/talairach.auto.xfm
avi2talxfm done
mv -f /scratch/tmp/fs_mp2rage_tests2/sourcedata/freesurfer_memprage/sub-fsm27uz/mri/talsrcimg_to_711-2C_as_mni_average_305_t4_vox2vox.txt /scratch/tmp/fs_mp2rage_tests2/sourcedata/freesurfer_memprage/sub-fsm27uz/mri/transforms/talsrcimg_to_711-2C_as_mni_average_305_t4_vox2vox.txt
lta_convert --src orig_nu.mgz --trg /opt/freesurfer/average/mni305.cor.mgz --inxfm transforms/talairach.auto.xfm --outlta transforms/talairach.auto.xfm.lta --subject fsaverage
7.3.2

--src: orig_nu.mgz src image (geometry).
--trg: /opt/freesurfer/average/mni305.cor.mgz trg image (geometry).
--inmni: transforms/talairach.auto.xfm input MNI/XFM transform.
--outlta: transforms/talairach.auto.xfm.lta output LTA.
--s: fsaverage subject name
 LTA read, type : 1
 1.05214   0.06223   0.03951  -1.68372;
-0.07020   0.95283   0.11564  -34.97760;
-0.04349  -0.06838   1.07014  -16.87244;
 0.00000   0.00000   0.00000   1.00000;
setting subject to fsaverage
Writing  LTA to file transforms/talairach.auto.xfm.lta...
lta_convert successful.
 
 
Started at Sun Nov 24 05:20:12 UTC 2024
Ended   at Sun Nov 24 05:21:12 UTC 2024
talairach_avi done
