/scratch/tmp/fs_mp2rage_tests2/sourcedata/freesurfer_memprage/sub-fsm79bf/mri
/opt/freesurfer/bin/talairach_avi
--i orig_nu.mgz --xfm transforms/talairach.auto.xfm
talairach_avi 7.3.2
Linux elm.criugm.qc.ca 5.15.0-113-generic #123-Ubuntu SMP Mon Jun 10 08:16:17 UTC 2024 x86_64 x86_64 x86_64 GNU/Linux
Sun Nov 24 06:03:21 UTC 2024
mri_convert orig_nu.mgz talsrcimg.img 
reading from orig_nu.mgz...
TR=0.00, TE=0.00, TI=0.00, flip angle=0.00
i_ras = (-1, 0, 0)
j_ras = (0, 0, -1)
k_ras = (1.86265e-09, 1, 0)
writing to talsrcimg.img...
Analyze Output Matrix
-1.00000   0.00000   0.00000   130.00739;
 0.00000   0.00000   1.00000  -101.14384;
 0.00000  -1.00000   0.00000   116.11836;
 0.00000   0.00000   0.00000   1.00000;
--------------------
INFO: set hdr.hist.orient to -1
mpr2mni305 talsrcimg
Sun Nov 24 06:03:24 UTC 2024
/opt/freesurfer/bin/mpr2mni305 talsrcimg
mpr2mni305 7.3.2
target=711-2C_as_mni_average_305

---------------------------------------------------------------------
analyzeto4dfp talsrcimg -O0 -y
---------------------------------------------------------------------

freesurfer ifh2hdr.c
Sun Nov 24 06:03:24 2024
Writing: talsrcimg.4dfp.hdr
freesurfer analyzeto4dfp.c
Reading: talsrcimg.hdr
header size 348 bytes
hdr.dime.datatype	offset=70	value=2
hdr.dime.bitpix		offset=72	value=8
hdr.hist.orient		offset=252	value=-1
dimensionality     4
dimensions       256       256       256         1
Reading: talsrcimg.img
Writing: talsrcimg.4dfp.img
Writing: talsrcimg.4dfp.ifh
ifh2hdr talsrcimg -r0to223
ori=2

---------------------------------------------------------------------
gauss_4dfp talsrcimg 1.1
---------------------------------------------------------------------

freesurfer gauss_4dfp.c
Reading: talsrcimg.4dfp.img
Writing: talsrcimg_g11.4dfp.img
image dimensions 256 256 256 padded to 288 288 288
processing volume 1freesurfer ifh2hdr.c
Sun Nov 24 06:03:33 2024
Writing: talsrcimg_g11.4dfp.hdr

Writing: talsrcimg_g11.4dfp.ifh
including: talsrcimg.4dfp.img.rec in talsrcimg_g11.4dfp.img.rec

---------------------------------------------------------------------
imgreg_4dfp /opt/freesurfer/average/711-2C_as_mni_average_305 none talsrcimg_g11 none talsrcimg_to_711-2C_as_mni_average_305_t4 4355
---------------------------------------------------------------------

freesurfer imgreg_4dfp.c
/opt/freesurfer/average/711-2C_as_mni_average_305.4dfp.img
       256       256       256         1
  1.000000  1.000000  1.000000
orientation T byte_order littleendian
Reading image: /opt/freesurfer/average/711-2C_as_mni_average_305.4dfp.img
dimensions:      256       256       256
mmppix:       1.0000   -1.0000   -1.0000
center:     128.0000 -129.0000 -129.0000
talsrcimg_g11.4dfp.img
       256       256       256         1
  1.000000  1.000000  1.000000
orientation T byte_order littleendian
Reading image: talsrcimg_g11.4dfp.img
dimensions:      256       256       256
mmppix:       1.0000   -1.0000   -1.0000
center:     128.0000 -129.0000 -129.0000
t4_read: open error in t4_sub.f l:  41 t4_file(1:l)talsrcimg_to_711-2C_as_mni_average_305_t4 
t4_read: transform initialized to I4
rotation matrix determinant  1.000000
image alignment mode   4355 decimal     1103 hex
   -7.5000  -45.0000  -45.000010353.9658   12.0560
    0.0000  -45.0000  -45.000010905.7549   12.0447
    7.5000  -45.0000  -45.000010571.3340   12.0443
   -7.5000  -37.5000  -45.000010459.5762   12.2872
    0.0000  -37.5000  -45.000011005.8906   12.2699
    7.5000  -37.5000  -45.000010647.3076   12.2655
   -7.5000  -30.0000  -45.000010676.1406   12.1214
    0.0000  -30.0000  -45.000011202.9131   12.1051
    7.5000  -30.0000  -45.000010811.2773   12.1051
   -7.5000  -22.5000  -45.000010906.1533   12.0090
    0.0000  -22.5000  -45.000011442.6055   11.9983
    7.5000  -22.5000  -45.000011023.9482   12.0019
   -7.5000  -15.0000  -45.000011171.9678   11.9203
    0.0000  -15.0000  -45.000011714.2021   11.9141
    7.5000  -15.0000  -45.000011251.3379   11.9184
   -7.5000   -7.5000  -45.000011396.9131   11.8601
    0.0000   -7.5000  -45.000011931.2979   11.8535
    7.5000   -7.5000  -45.000011396.9717   11.8557
   -7.5000    0.0000  -45.000011605.0459   11.8483
    0.0000    0.0000  -45.000012109.1094   11.8370
    7.5000    0.0000  -45.000011549.1963   11.8368
   -7.5000    7.5000  -45.000011035.4326   12.1775
    0.0000    7.5000  -45.000011540.2764   12.1604
    7.5000    7.5000  -45.000010960.3076   12.1564
   -7.5000   15.0000  -45.000010609.1406   12.7094
    0.0000   15.0000  -45.000011114.1191   12.6908
    7.5000   15.0000  -45.000010509.0635   12.6845
   -7.5000   22.5000  -45.000010143.1895   13.3307
    0.0000   22.5000  -45.000010638.9102   13.3198
    7.5000   22.5000  -45.000010038.1377   13.3158
   -7.5000   30.0000  -45.0000 9609.0908   13.8071
    0.0000   30.0000  -45.000010084.4736   13.8022
    7.5000   30.0000  -45.0000 9488.1875   13.7969
   -7.5000   37.5000  -45.0000 9353.5840   14.4635
    0.0000   37.5000  -45.0000 9821.1689   14.4604
    7.5000   37.5000  -45.0000 9237.8066   14.4538
   -7.5000   45.0000  -45.0000 8730.9395   14.7667
    0.0000   45.0000  -45.0000 9182.5850   14.7574
    7.5000   45.0000  -45.0000 8626.6270   14.7476
   -7.5000  -45.0000  -37.500010820.1455   12.0199
    0.0000  -45.0000  -37.500011416.7617   12.0024
    7.5000  -45.0000  -37.500011051.8154   11.9995
   -7.5000  -37.5000  -37.500010982.7891   12.2469
    0.0000  -37.5000  -37.500011564.4365   12.2237
    7.5000  -37.5000  -37.500011178.2139   12.2174
   -7.5000  -30.0000  -37.500011245.4609   12.0784
    0.0000  -30.0000  -37.500011805.0303   12.0576
    7.5000  -30.0000  -37.500011404.0566   12.0567
   -7.5000  -22.5000  -37.500011536.3516   11.9661
    0.0000  -22.5000  -37.500012075.8066   11.9517
    7.5000  -22.5000  -37.500011631.5947   11.9552
   -7.5000  -15.0000  -37.500011808.6348   11.8800
    0.0000  -15.0000  -37.500012369.6270   11.8701
    7.5000  -15.0000  -37.500011884.7422   11.8740
   -7.5000   -7.5000  -37.500012035.9492   11.8229
    0.0000   -7.5000  -37.500012600.1973   11.8114
    7.5000   -7.5000  -37.500012024.1191   11.8122
   -7.5000    0.0000  -37.500012229.8779   11.8117
    0.0000    0.0000  -37.500012790.6348   11.7945
    7.5000    0.0000  -37.500012175.4619   11.7919
   -7.5000    7.5000  -37.500011593.5342   12.1362
    0.0000    7.5000  -37.500012165.4697   12.1132
    7.5000    7.5000  -37.500011537.8926   12.1073
   -7.5000   15.0000  -37.500011119.1455   12.6602
    0.0000   15.0000  -37.500011690.3164   12.6370
    7.5000   15.0000  -37.500011048.0391   12.6303
   -7.5000   22.5000  -37.500010628.6230   13.2772
    0.0000   22.5000  -37.500011189.1064   13.2622
    7.5000   22.5000  -37.500010537.9180   13.2588
   -7.5000   30.0000  -37.500010066.6006   13.7547
    0.0000   30.0000  -37.500010585.4492   13.7454
    7.5000   30.0000  -37.5000 9950.3086   13.7405
   -7.5000   37.5000  -37.5000 9778.4365   14.4161
    0.0000   37.5000  -37.500010295.2227   14.4061
    7.5000   37.5000  -37.5000 9677.9688   14.3975
   -7.5000   45.0000  -37.5000 9112.6992   14.7202
    0.0000   45.0000  -37.5000 9591.3154   14.7020
    7.5000   45.0000  -37.5000 9021.2070   14.6887
   -7.5000  -45.0000  -30.000011512.3867   12.4939
    0.0000  -45.0000  -30.000012133.8760   12.4698
    7.5000  -45.0000  -30.000011728.3828   12.4636
   -7.5000  -37.5000  -30.000011709.5762   12.7252
    0.0000  -37.5000  -30.000012314.6484   12.6954
    7.5000  -37.5000  -30.000011893.3516   12.6866
   -7.5000  -30.0000  -30.000012018.1611   12.5474
    0.0000  -30.0000  -30.000012614.7109   12.5207
    7.5000  -30.0000  -30.000012195.1211   12.5185
   -7.5000  -22.5000  -30.000012370.8760   12.4318
    0.0000  -22.5000  -30.000012934.3984   12.4120
    7.5000  -22.5000  -30.000012471.9980   12.4147
   -7.5000  -15.0000  -30.000012692.7070   12.3445
    0.0000  -15.0000  -30.000013250.0273   12.3297
    7.5000  -15.0000  -30.000012745.8916   12.3325
   -7.5000   -7.5000  -30.000012912.4414   12.2872
    0.0000   -7.5000  -30.000013493.9395   12.2703
    7.5000   -7.5000  -30.000012901.3662   12.2688
   -7.5000    0.0000  -30.000013045.1318   12.2755
    0.0000    0.0000  -30.000013653.3164   12.2520
    7.5000    0.0000  -30.000013012.4170   12.2463
   -7.5000    7.5000  -30.000012338.5957   12.6084
    0.0000    7.5000  -30.000012951.8760   12.5791
    7.5000    7.5000  -30.000012325.6416   12.5707
   -7.5000   15.0000  -30.000011808.8828   13.1466
    0.0000   15.0000  -30.000012423.6465   13.1168
    7.5000   15.0000  -30.000011786.3672   13.1088
   -7.5000   22.5000  -30.000011275.5557   13.7851
    0.0000   22.5000  -30.000011895.6777   13.7637
    7.5000   22.5000  -30.000011229.7510   13.7596
   -7.5000   30.0000  -30.000010683.2920   14.2865
    0.0000   30.0000  -30.000011255.7725   14.2717
    7.5000   30.0000  -30.000010604.1855   14.2661
   -7.5000   37.5000  -30.000010332.4473   14.9784
    0.0000   37.5000  -30.000010898.7412   14.9611
    7.5000   37.5000  -30.000010282.7402   14.9498
   -7.5000   45.0000  -30.0000 9597.4736   15.3080
    0.0000   45.0000  -30.000010115.8135   15.2808
    7.5000   45.0000  -30.0000 9527.4717   15.2633
   -7.5000  -45.0000  -22.500012207.2549   12.8859
    0.0000  -45.0000  -22.500012821.3623   12.8618
    7.5000  -45.0000  -22.500012398.3740   12.8549
   -7.5000  -37.5000  -22.500012433.4346   13.1228
    0.0000  -37.5000  -22.500013018.1377   13.0928
    7.5000  -37.5000  -22.500012580.6123   13.0837
   -7.5000  -30.0000  -22.500012792.3242   12.9417
    0.0000  -30.0000  -22.500013367.8174   12.9140
    7.5000  -30.0000  -22.500012924.6367   12.9115
   -7.5000  -22.5000  -22.500013153.8691   12.8242
    0.0000  -22.5000  -22.500013746.8555   12.8032
    7.5000  -22.5000  -22.500013272.7988   12.8055
   -7.5000  -15.0000  -22.500013528.7871   12.7336
    0.0000  -15.0000  -22.500014124.8203   12.7180
    7.5000  -15.0000  -22.500013583.1123   12.7204
   -7.5000   -7.5000  -22.500013803.1016   12.6729
    0.0000   -7.5000  -22.500014412.0146   12.6556
    7.5000   -7.5000  -22.500013784.4492   12.6535
   -7.5000    0.0000  -22.500013900.8457   12.6598
    0.0000    0.0000  -22.500014532.8906   12.6363
    7.5000    0.0000  -22.500013871.2344   12.6300
   -7.5000    7.5000  -22.500013144.4697   13.0019
    0.0000    7.5000  -22.500013758.0469   12.9724
    7.5000    7.5000  -22.500013138.3047   12.9637
   -7.5000   15.0000  -22.500012583.5303   13.5561
    0.0000   15.0000  -22.500013185.0752   13.5247
    7.5000   15.0000  -22.500012550.8174   13.5159
   -7.5000   22.5000  -22.500012016.9873   14.2138
    0.0000   22.5000  -22.500012626.1846   14.1907
    7.5000   22.5000  -22.500011968.0547   14.1857
   -7.5000   30.0000  -22.500011323.7803   14.7347
    0.0000   30.0000  -22.500011924.5117   14.7195
    7.5000   30.0000  -22.500011295.9805   14.7130
   -7.5000   37.5000  -22.500010920.8828   15.4464
    0.0000   37.5000  -22.500011520.8799   15.4289
    7.5000   37.5000  -22.500010912.9502   15.4171
   -7.5000   45.0000  -22.500010142.5537   15.7995
    0.0000   45.0000  -22.500010693.8184   15.7728
    7.5000   45.0000  -22.500010081.2549   15.7546
   -7.5000  -45.0000  -15.000012835.6533   13.1515
    0.0000  -45.0000  -15.000013529.7217   13.1329
    7.5000  -45.0000  -15.000013058.4209   13.1280
   -7.5000  -37.5000  -15.000013096.1230   13.3952
    0.0000  -37.5000  -15.000013757.2598   13.3702
    7.5000  -37.5000  -15.000013268.6426   13.3628
   -7.5000  -30.0000  -15.000013492.3076   13.2148
    0.0000  -30.0000  -15.000014159.4951   13.1908
    7.5000  -30.0000  -15.000013673.9209   13.1894
   -7.5000  -22.5000  -15.000013889.6172   13.0955
    0.0000  -22.5000  -15.000014559.1328   13.0777
    7.5000  -22.5000  -15.000014072.9570   13.0805
   -7.5000  -15.0000  -15.000014306.1035   13.0006
    0.0000  -15.0000  -15.000014969.4385   12.9883
    7.5000  -15.0000  -15.000014431.1484   12.9912
   -7.5000   -7.5000  -15.000014616.5449   12.9354
    0.0000   -7.5000  -15.000015307.9609   12.9225
    7.5000   -7.5000  -15.000014657.6992   12.9216
   -7.5000    0.0000  -15.000014778.0596   12.9212
    0.0000    0.0000  -15.000015467.6230   12.9029
    7.5000    0.0000  -15.000014770.2910   12.8983
   -7.5000    7.5000  -15.000013996.8047   13.2721
    0.0000    7.5000  -15.000014625.2031   13.2475
    7.5000    7.5000  -15.000013979.7588   13.2406
   -7.5000   15.0000  -15.000013352.8945   13.8404
    0.0000   15.0000  -15.000013911.9551   13.8127
    7.5000   15.0000  -15.000013332.5029   13.8044
   -7.5000   22.5000  -15.000012681.9873   14.5110
    0.0000   22.5000  -15.000013237.0107   14.4916
    7.5000   22.5000  -15.000012688.2676   14.4863
   -7.5000   30.0000  -15.000011936.4170   15.0446
    0.0000   30.0000  -15.000012489.9209   15.0331
    7.5000   30.0000  -15.000011961.3135   15.0262
   -7.5000   37.5000  -15.000011524.0391   15.7669
    0.0000   37.5000  -15.000012100.2217   15.7555
    7.5000   37.5000  -15.000011545.5049   15.7453
   -7.5000   45.0000  -15.000010704.4102   16.1375
    0.0000   45.0000  -15.000011265.0547   16.1187
    7.5000   45.0000  -15.000010666.1426   16.1033
   -7.5000  -45.0000   -7.500013464.5898   13.2673
    0.0000  -45.0000   -7.500014240.4492   13.2546
    7.5000  -45.0000   -7.500013762.5479   13.2528
   -7.5000  -37.5000   -7.500013718.0332   13.5155
    0.0000  -37.5000   -7.500014461.2402   13.4961
    7.5000  -37.5000   -7.500013949.2910   13.4909
   -7.5000  -30.0000   -7.500014135.6309   13.3359
    0.0000  -30.0000   -7.500014864.6865   13.3170
    7.5000  -30.0000   -7.500014339.7764   13.3169
   -7.5000  -22.5000   -7.500014540.8770   13.2142
    0.0000  -22.5000   -7.500015266.1260   13.2012
    7.5000  -22.5000   -7.500014746.8984   13.2050
   -7.5000  -15.0000   -7.500014979.0576   13.1166
    0.0000  -15.0000   -7.500015667.9785   13.1090
    7.5000  -15.0000   -7.500015153.1309   13.1131
   -7.5000   -7.5000   -7.500015321.4160   13.0494
    0.0000   -7.5000   -7.500016007.3379   13.0417
    7.5000   -7.5000   -7.500015422.0752   13.0430
   -7.5000    0.0000   -7.500015657.0107   13.0354
    0.0000    0.0000   -7.500016369.4346   13.0228
    7.5000    0.0000   -7.500015648.9434   13.0212
   -7.5000    7.5000   -7.500014920.5957   13.3917
    0.0000    7.5000   -7.500015504.0000   13.3725
    7.5000    7.5000   -7.500014895.5215   13.3677
   -7.5000   15.0000   -7.500014114.8975   13.9675
    0.0000   15.0000   -7.500014561.4072   13.9455
    7.5000   15.0000   -7.500014172.1963   13.9384
   -7.5000   22.5000   -7.500013333.6025   14.6401
    0.0000   22.5000   -7.500013809.2197   14.6265
    7.5000   22.5000   -7.500013425.9150   14.6220
   -7.5000   30.0000   -7.500012553.6865   15.1776
    0.0000   30.0000   -7.500013090.4678   15.1715
    7.5000   30.0000   -7.500012613.9912   15.1653
   -7.5000   37.5000   -7.500012112.8330   15.9062
    0.0000   37.5000   -7.500012720.1318   15.9020
    7.5000   37.5000   -7.500012157.0322   15.8944
   -7.5000   45.0000   -7.500011235.7607   16.2846
    0.0000   45.0000   -7.500011840.5293   16.2739
    7.5000   45.0000   -7.500011227.8486   16.2624
   -7.5000  -45.0000    0.000014011.1562   13.2698
    0.0000  -45.0000    0.000014793.1621   13.2576
    7.5000  -45.0000    0.000014277.9678   13.2571
   -7.5000  -37.5000    0.000014270.2578   13.5182
    0.0000  -37.5000    0.000015008.5664   13.4995
    7.5000  -37.5000    0.000014469.8271   13.4948
   -7.5000  -30.0000    0.000014696.6211   13.3374
    0.0000  -30.0000    0.000015385.1270   13.3200
    7.5000  -30.0000    0.000014860.8320   13.3202
   -7.5000  -22.5000    0.000015103.0527   13.2146
    0.0000  -22.5000    0.000015769.4541   13.2034
    7.5000  -22.5000    0.000015240.9971   13.2076
   -7.5000  -15.0000    0.000015532.7578   13.1176
    0.0000  -15.0000    0.000016135.1357   13.1113
    7.5000  -15.0000    0.000015644.5010   13.1162
   -7.5000   -7.5000    0.000015853.6982   13.0516
    0.0000   -7.5000    0.000016475.4297   13.0447
    7.5000   -7.5000    0.000015967.3037   13.0472
   -7.5000    0.0000    0.000016257.4365   13.0383
    0.0000    0.0000    0.000016962.4941   13.0261
    7.5000    0.0000    0.000016276.5166   13.0258
   -7.5000    7.5000    0.000015582.6406   13.3945
    0.0000    7.5000    0.000016298.5195   13.3761
    7.5000    7.5000    0.000015596.2734   13.3717
   -7.5000   15.0000    0.000014801.5703   13.9694
    0.0000   15.0000    0.000015464.2725   13.9495
    7.5000   15.0000    0.000014875.2148   13.9430
   -7.5000   22.5000    0.000013997.5264   14.6392
    0.0000   22.5000    0.000014655.9824   14.6280
    7.5000   22.5000    0.000014054.8574   14.6243
   -7.5000   30.0000    0.000013155.4229   15.1755
    0.0000   30.0000    0.000013808.9521   15.1708
    7.5000   30.0000    0.000013169.7412   15.1657
   -7.5000   37.5000    0.000012665.8350   15.9080
    0.0000   37.5000    0.000013298.6309   15.9050
    7.5000   37.5000    0.000012687.4326   15.8985
   -7.5000   45.0000    0.000011733.8633   16.2871
    0.0000   45.0000    0.000012322.6152   16.2771
    7.5000   45.0000    0.000011735.7764   16.2667
   -7.5000  -45.0000    7.500013447.0342   13.2920
    0.0000  -45.0000    7.500014104.5029   13.2730
    7.5000  -45.0000    7.500013596.6416   13.2698
   -7.5000  -37.5000    7.500013692.0732   13.5386
    0.0000  -37.5000    7.500014343.8662   13.5134
    7.5000  -37.5000    7.500013808.0967   13.5064
   -7.5000  -30.0000    7.500014107.0752   13.3536
    0.0000  -30.0000    7.500014748.1562   13.3310
    7.5000  -30.0000    7.500014191.6201   13.3301
   -7.5000  -22.5000    7.500014528.4482   13.2304
    0.0000  -22.5000    7.500015130.0293   13.2148
    7.5000  -22.5000    7.500014555.6748   13.2186
   -7.5000  -15.0000    7.500014949.6201   13.1359
    0.0000  -15.0000    7.500015526.2168   13.1252
    7.5000  -15.0000    7.500014957.8652   13.1295
   -7.5000   -7.5000    7.500015292.5967   13.0731
    0.0000   -7.5000    7.500015889.7959   13.0607
    7.5000   -7.5000    7.500015317.2393   13.0616
   -7.5000    0.0000    7.500015586.3486   13.0605
    0.0000    0.0000    7.500016277.7900   13.0419
    7.5000    0.0000    7.500015625.3125   13.0390
   -7.5000    7.5000    7.500014808.9932   13.4149
    0.0000    7.5000    7.500015504.7646   13.3899
    7.5000    7.5000    7.500014934.6543   13.3834
   -7.5000   15.0000    7.500014060.6689   13.9867
    0.0000   15.0000    7.500014739.6318   13.9615
    7.5000   15.0000    7.500014234.0928   13.9543
   -7.5000   22.5000    7.500013367.1123   14.6569
    0.0000   22.5000    7.500014051.5654   14.6408
    7.5000   22.5000    7.500013486.4805   14.6372
   -7.5000   30.0000    7.500012595.5547   15.1956
    0.0000   30.0000    7.500013228.2871   15.1858
    7.5000   30.0000    7.500012654.0732   15.1807
   -7.5000   37.5000    7.500012130.6309   15.9350
    0.0000   37.5000    7.500012720.9365   15.9243
    7.5000   37.5000    7.500012178.9746   15.9153
   -7.5000   45.0000    7.500011233.2812   16.3145
    0.0000   45.0000    7.500011770.6182   16.2947
    7.5000   45.0000    7.500011251.5234   16.2804
   -7.5000  -45.0000   15.000012788.4033   13.3218
    0.0000  -45.0000   15.000013351.9658   13.2963
    7.5000  -45.0000   15.000012835.0742   13.2897
   -7.5000  -37.5000   15.000013062.3838   13.5665
    0.0000  -37.5000   15.000013633.6465   13.5350
    7.5000  -37.5000   15.000013078.2061   13.5256
   -7.5000  -30.0000   15.000013486.3213   13.3782
    0.0000  -30.0000   15.000014079.2803   13.3499
    7.5000  -30.0000   15.000013495.8311   13.3476
   -7.5000  -22.5000   15.000013895.6543   13.2557
    0.0000  -22.5000   15.000014495.9980   13.2347
    7.5000  -22.5000   15.000013858.0967   13.2377
   -7.5000  -15.0000   15.000014252.2715   13.1632
    0.0000  -15.0000   15.000014864.8564   13.1475
    7.5000  -15.0000   15.000014198.1904   13.1506
   -7.5000   -7.5000   15.000014515.4102   13.1025
    0.0000   -7.5000   15.000015146.5420   13.0845
    7.5000   -7.5000   15.000014474.6260   13.0830
   -7.5000    0.0000   15.000014712.7041   13.0901
    0.0000    0.0000   15.000015403.7656   13.0652
    7.5000    0.0000   15.000014720.4961   13.0592
   -7.5000    7.5000   15.000013885.5156   13.4426
    0.0000    7.5000   15.000014546.7012   13.4115
    7.5000    7.5000   15.000014016.4482   13.4025
   -7.5000   15.0000   15.000013148.1221   14.0121
    0.0000   15.0000   15.000013767.9307   13.9805
    7.5000   15.0000   15.000013310.0107   13.9721
   -7.5000   22.5000   15.000012477.4473   14.6850
    0.0000   22.5000   15.000013054.5156   14.6624
    7.5000   22.5000   15.000012597.7285   14.6582
   -7.5000   30.0000   15.000011765.2080   15.2274
    0.0000   30.0000   15.000012281.5811   15.2119
    7.5000   30.0000   15.000011839.4531   15.2062
   -7.5000   37.5000   15.000011355.9834   15.9717
    0.0000   37.5000   15.000011837.1602   15.9533
    7.5000   37.5000   15.000011404.8447   15.9415
   -7.5000   45.0000   15.000010517.3906   16.3542
    0.0000   45.0000   15.000010945.1924   16.3253
    7.5000   45.0000   15.000010512.3623   16.3068
   -7.5000  -45.0000   22.500012111.0439   13.4125
    0.0000  -45.0000   22.500012642.8311   13.3875
    7.5000  -45.0000   22.500012113.3682   13.3804
   -7.5000  -37.5000   22.500012369.5420   13.6612
    0.0000  -37.5000   22.500012922.0205   13.6299
    7.5000  -37.5000   22.500012323.9121   13.6205
   -7.5000  -30.0000   22.500012750.4902   13.4731
    0.0000  -30.0000   22.500013357.0840   13.4442
    7.5000  -30.0000   22.500012739.9463   13.4417
   -7.5000  -22.5000   22.500013070.3506   13.3507
    0.0000  -22.5000   22.500013701.6738   13.3288
    7.5000  -22.5000   22.500013054.6680   13.3314
   -7.5000  -15.0000   22.500013328.2754   13.2560
    0.0000  -15.0000   22.500013959.7148   13.2397
    7.5000  -15.0000   22.500013287.7637   13.2423
   -7.5000   -7.5000   22.500013535.7539   13.1923
    0.0000   -7.5000   22.500014181.7471   13.1744
    7.5000   -7.5000   22.500013512.5352   13.1722
   -7.5000    0.0000   22.500013703.1650   13.1786
    0.0000    0.0000   22.500014361.9463   13.1541
    7.5000    0.0000   22.500013687.7158   13.1475
   -7.5000    7.5000   22.500012926.8447   13.5360
    0.0000    7.5000   22.500013539.2529   13.5052
    7.5000    7.5000   22.500012985.3760   13.4962
   -7.5000   15.0000   22.500012254.2344   14.1149
    0.0000   15.0000   22.500012806.0107   14.0821
    7.5000   15.0000   22.500012311.2412   14.0731
   -7.5000   22.5000   22.500011618.6152   14.8000
    0.0000   22.5000   22.500012121.2119   14.7761
    7.5000   22.5000   22.500011641.4492   14.7710
   -7.5000   30.0000   22.500010921.3945   15.3528
    0.0000   30.0000   22.500011379.1123   15.3369
    7.5000   30.0000   22.500010923.9092   15.3303
   -7.5000   37.5000   22.500010526.4004   16.1042
    0.0000   37.5000   22.500010938.5557   16.0860
    7.5000   37.5000   22.500010507.7705   16.0739
   -7.5000   45.0000   22.5000 9728.8252   16.4971
    0.0000   45.0000   22.500010110.8330   16.4690
    7.5000   45.0000   22.5000 9690.1338   16.4502
   -7.5000  -45.0000   30.000011240.3252   13.5504
    0.0000  -45.0000   30.000011774.9268   13.5312
    7.5000  -45.0000   30.000011276.4766   13.5264
   -7.5000  -37.5000   30.000011426.6650   13.8079
    0.0000  -37.5000   30.000011969.0928   13.7821
    7.5000  -37.5000   30.000011426.5732   13.7747
   -7.5000  -30.0000   30.000011768.5332   13.6207
    0.0000  -30.0000   30.000012352.2334   13.5959
    7.5000  -30.0000   30.000011787.7246   13.5948
   -7.5000  -22.5000   30.000012050.5645   13.4964
    0.0000  -22.5000   30.000012649.4219   13.4781
    7.5000  -22.5000   30.000012065.9121   13.4812
   -7.5000  -15.0000   30.000012251.3301   13.3967
    0.0000  -15.0000   30.000012871.5000   13.3841
    7.5000  -15.0000   30.000012247.7461   13.3873
   -7.5000   -7.5000   30.000012435.8828   13.3279
    0.0000   -7.5000   30.000013086.3789   13.3146
    7.5000   -7.5000   30.000012446.5645   13.3139
   -7.5000    0.0000   30.000012588.3799   13.3128
    0.0000    0.0000   30.000013213.3740   13.2939
    7.5000    0.0000   30.000012571.8340   13.2894
   -7.5000    7.5000   30.000011887.0518   13.6807
    0.0000    7.5000   30.000012462.7305   13.6552
    7.5000    7.5000   30.000011903.7949   13.6483
   -7.5000   15.0000   30.000011267.5586   14.2771
    0.0000   15.0000   30.000011787.6895   14.2484
    7.5000   15.0000   30.000011272.8730   14.2401
   -7.5000   22.5000   30.000010662.4453   14.9793
    0.0000   22.5000   30.000011121.1543   14.9592
    7.5000   22.5000   30.000010637.0947   14.9540
   -7.5000   30.0000   30.000010025.1123   15.5450
    0.0000   30.0000   30.000010432.7666   15.5332
    7.5000   30.0000   30.0000 9987.1201   15.5263
   -7.5000   37.5000   30.0000 9667.9365   16.3061
    0.0000   37.5000   30.000010043.8398   16.2943
    7.5000   37.5000   30.0000 9618.9424   16.2840
   -7.5000   45.0000   30.0000 8951.6787   16.7110
    0.0000   45.0000   30.0000 9301.0908   16.6912
    7.5000   45.0000   30.0000 8879.2666   16.6756
   -7.5000  -45.0000   37.500010757.9600   13.7610
    0.0000  -45.0000   37.500011242.8584   13.7474
    7.5000  -45.0000   37.500010829.4199   13.7463
   -7.5000  -37.5000   37.500010895.0469   14.0248
    0.0000  -37.5000   37.500011382.3301   14.0039
    7.5000  -37.5000   37.500010943.4512   13.9993
   -7.5000  -30.0000   37.500011229.6143   13.8363
    0.0000  -30.0000   37.500011743.5820   13.8160
    7.5000  -30.0000   37.500011265.8311   13.8169
   -7.5000  -22.5000   37.500011516.3125   13.7082
    0.0000  -22.5000   37.500012041.9609   13.6945
    7.5000  -22.5000   37.500011521.6182   13.6995
   -7.5000  -15.0000   37.500011724.3154   13.6045
    0.0000  -15.0000   37.500012283.3271   13.5966
    7.5000  -15.0000   37.500011708.4971   13.6018
   -7.5000   -7.5000   37.500011909.4863   13.5327
    0.0000   -7.5000   37.500012490.4922   13.5245
    7.5000   -7.5000   37.500011883.1875   13.5267
   -7.5000    0.0000   37.500012013.7080   13.5177
    0.0000    0.0000   37.500012582.5957   13.5040
    7.5000    0.0000   37.500011977.9570   13.5031
   -7.5000    7.5000   37.500011340.1318   13.8948
    0.0000    7.5000   37.500011869.4014   13.8740
    7.5000    7.5000   37.500011313.3701   13.8698
   -7.5000   15.0000   37.500010731.4297   14.5071
    0.0000   15.0000   37.500011202.3936   14.4834
    7.5000   15.0000   37.500010686.0420   14.4768
   -7.5000   22.5000   37.500010139.5771   15.2253
    0.0000   22.5000   37.500010573.8760   15.2108
    7.5000   22.5000   37.500010090.6279   15.2071
   -7.5000   30.0000   37.5000 9529.0215   15.8071
    0.0000   30.0000   37.5000 9920.2607   15.8007
    7.5000   30.0000   37.5000 9470.8359   15.7952
   -7.5000   37.5000   37.5000 9193.6367   16.5911
    0.0000   37.5000   37.5000 9555.3887   16.5866
    7.5000   37.5000   37.5000 9129.7832   16.5796
   -7.5000   45.0000   37.5000 8542.5283   17.0169
    0.0000   45.0000   37.5000 8860.4795   17.0049
    7.5000   45.0000   37.5000 8465.3154   16.9937
   -7.5000  -45.0000   45.0000 9935.9053   14.0914
    0.0000  -45.0000   45.000010352.0283   14.0773
    7.5000  -45.0000   45.000010013.0635   14.0772
   -7.5000  -37.5000   45.000010025.8789   14.3488
    0.0000  -37.5000   45.000010451.3574   14.3275
    7.5000  -37.5000   45.000010090.5322   14.3230
   -7.5000  -30.0000   45.000010320.1494   14.1539
    0.0000  -30.0000   45.000010767.5117   14.1343
    7.5000  -30.0000   45.000010375.4902   14.1354
   -7.5000  -22.5000   45.000010589.1348   14.0249
    0.0000  -22.5000   45.000011039.4883   14.0124
    7.5000  -22.5000   45.000010604.7520   14.0179
   -7.5000  -15.0000   45.000010794.5254   13.9233
    0.0000  -15.0000   45.000011259.2266   13.9161
    7.5000  -15.0000   45.000010788.1709   13.9222
   -7.5000   -7.5000   45.000010956.3281   13.8529
    0.0000   -7.5000   45.000011446.0605   13.8448
    7.5000   -7.5000   45.000010917.3330   13.8480
   -7.5000    0.0000   45.000011032.2256   13.8369
    0.0000    0.0000   45.000011521.4004   13.8227
    7.5000    0.0000   45.000010981.6816   13.8228
   -7.5000    7.5000   45.000010388.4580   14.2132
    0.0000    7.5000   45.000010861.3477   14.1922
    7.5000    7.5000   45.000010342.6797   14.1880
   -7.5000   15.0000   45.0000 9822.2402   14.8335
    0.0000   15.0000   45.000010249.8838   14.8110
    7.5000   15.0000   45.0000 9776.9727   14.8044
   -7.5000   22.5000   45.0000 9271.9678   15.5656
    0.0000   22.5000   45.0000 9660.7070   15.5529
    7.5000   22.5000   45.0000 9226.6797   15.5496
   -7.5000   30.0000   45.0000 8709.5400   16.1651
    0.0000   30.0000   45.0000 9062.5078   16.1595
    7.5000   30.0000   45.0000 8662.8027   16.1543
   -7.5000   37.5000   45.0000 8416.1719   16.9901
    0.0000   37.5000   45.0000 8731.3711   16.9859
    7.5000   37.5000   45.0000 8343.4160   16.9790
   -7.5000   45.0000   45.0000 7809.2520   17.4430
    0.0000   45.0000   45.0000 8091.5610   17.4302
    7.5000   45.0000   45.0000 7741.4551   17.4191

---------------------------------------------------------------------
imgreg_4dfp /opt/freesurfer/average/711-2C_as_mni_average_305 /opt/freesurfer/average/711-2B_as_mni_average_305_mask talsrcimg_g11 none talsrcimg_to_711-2C_as_mni_average_305_t4 4355
---------------------------------------------------------------------

freesurfer imgreg_4dfp.c
/opt/freesurfer/average/711-2C_as_mni_average_305.4dfp.img
       256       256       256         1
  1.000000  1.000000  1.000000
orientation T byte_order littleendian
Reading image: /opt/freesurfer/average/711-2C_as_mni_average_305.4dfp.img
dimensions:      256       256       256
mmppix:       1.0000   -1.0000   -1.0000
center:     128.0000 -129.0000 -129.0000
/opt/freesurfer/average/711-2B_as_mni_average_305_mask.4dfp.img
       256       256       256         1
  1.000000  1.000000  1.000000
orientation T byte_order littleendian
Reading mask: /opt/freesurfer/average/711-2B_as_mni_average_305_mask.4dfp.img (2306576 pixels)
talsrcimg_g11.4dfp.img
       256       256       256         1
  1.000000  1.000000  1.000000
orientation T byte_order littleendian
Reading image: talsrcimg_g11.4dfp.img
dimensions:      256       256       256
mmppix:       1.0000   -1.0000   -1.0000
center:     128.0000 -129.0000 -129.0000
rotation matrix determinant  1.000000
image alignment mode   4355 decimal     1103 hex
   -7.5000  -45.0000  -45.0000 2361.3992   17.6260
    0.0000  -45.0000  -45.0000 2383.5027   17.4673
    7.5000  -45.0000  -45.0000 2386.9663   17.5075
   -7.5000  -37.5000  -45.0000 2395.8286   17.5451
    0.0000  -37.5000  -45.0000 2414.5620   17.4082
    7.5000  -37.5000  -45.0000 2412.5015   17.4079
   -7.5000  -30.0000  -45.0000 2429.3203   17.4261
    0.0000  -30.0000  -45.0000 2444.7383   17.3248
    7.5000  -30.0000  -45.0000 2437.9348   17.3212
   -7.5000  -22.5000  -45.0000 2454.0564   17.2998
    0.0000  -22.5000  -45.0000 2472.2656   17.2131
    7.5000  -22.5000  -45.0000 2460.6794   17.2271
   -7.5000  -15.0000  -45.0000 2477.0720   17.1837
    0.0000  -15.0000  -45.0000 2498.7932   17.1491
    7.5000  -15.0000  -45.0000 2477.1697   17.1841
   -7.5000   -7.5000  -45.0000 2496.2971   17.2046
    0.0000   -7.5000  -45.0000 2514.9441   17.1893
    7.5000   -7.5000  -45.0000 2494.0562   17.2838
   -7.5000    0.0000  -45.0000 2508.3081   17.3426
    0.0000    0.0000  -45.0000 2518.8137   17.3148
    7.5000    0.0000  -45.0000 2495.0979   17.4305
   -7.5000    7.5000  -45.0000 2510.6418   17.5102
    0.0000    7.5000  -45.0000 2511.0925   17.5098
    7.5000    7.5000  -45.0000 2491.9949   17.6064
   -7.5000   15.0000  -45.0000 2494.5830   17.8604
    0.0000   15.0000  -45.0000 2500.8530   17.8323
    7.5000   15.0000  -45.0000 2475.7185   17.9595
   -7.5000   22.5000  -45.0000 2470.6865   18.3460
    0.0000   22.5000  -45.0000 2474.7322   18.3609
    7.5000   22.5000  -45.0000 2451.1130   18.5407
   -7.5000   30.0000  -45.0000 2427.6028   19.1656
    0.0000   30.0000  -45.0000 2432.4709   19.1724
    7.5000   30.0000  -45.0000 2403.2622   19.3521
   -7.5000   37.5000  -45.0000 2365.5430   20.2797
    0.0000   37.5000  -45.0000 2366.2988   20.2887
    7.5000   37.5000  -45.0000 2337.7583   20.4766
   -7.5000   45.0000  -45.0000 2278.0784   21.8369
    0.0000   45.0000  -45.0000 2279.3723   21.7531
    7.5000   45.0000  -45.0000 2252.5796   21.9829
   -7.5000  -45.0000  -37.5000 2444.6692   16.3559
    0.0000  -45.0000  -37.5000 2472.7410   16.1776
    7.5000  -45.0000  -37.5000 2475.1707   16.2236
   -7.5000  -37.5000  -37.5000 2481.9910   16.3034
    0.0000  -37.5000  -37.5000 2508.2495   16.1393
    7.5000  -37.5000  -37.5000 2504.7549   16.1693
   -7.5000  -30.0000  -37.5000 2511.8564   16.1769
    0.0000  -30.0000  -37.5000 2537.7971   16.0316
    7.5000  -30.0000  -37.5000 2526.7175   16.0917
   -7.5000  -22.5000  -37.5000 2537.4121   16.0263
    0.0000  -22.5000  -37.5000 2560.1489   15.9163
    7.5000  -22.5000  -37.5000 2547.6997   15.9854
   -7.5000  -15.0000  -37.5000 2553.4519   15.9782
    0.0000  -15.0000  -37.5000 2580.2373   15.9064
    7.5000  -15.0000  -37.5000 2563.4668   15.9694
   -7.5000   -7.5000  -37.5000 2578.3301   16.0060
    0.0000   -7.5000  -37.5000 2598.9563   15.9582
    7.5000   -7.5000  -37.5000 2578.6897   16.0645
   -7.5000    0.0000  -37.5000 2595.6450   16.0640
    0.0000    0.0000  -37.5000 2607.4175   16.0382
    7.5000    0.0000  -37.5000 2584.3181   16.1506
   -7.5000    7.5000  -37.5000 2598.3848   16.2289
    0.0000    7.5000  -37.5000 2601.5518   16.2761
    7.5000    7.5000  -37.5000 2580.7290   16.3278
   -7.5000   15.0000  -37.5000 2586.6423   16.6067
    0.0000   15.0000  -37.5000 2591.4487   16.6217
    7.5000   15.0000  -37.5000 2568.3840   16.6846
   -7.5000   22.5000  -37.5000 2565.6123   17.0838
    0.0000   22.5000  -37.5000 2571.4475   17.1258
    7.5000   22.5000  -37.5000 2544.9622   17.2384
   -7.5000   30.0000  -37.5000 2519.3188   17.8486
    0.0000   30.0000  -37.5000 2526.7805   17.8552
    7.5000   30.0000  -37.5000 2495.7053   18.0378
   -7.5000   37.5000  -37.5000 2451.5537   18.9119
    0.0000   37.5000  -37.5000 2455.1313   18.8810
    7.5000   37.5000  -37.5000 2430.3079   19.0608
   -7.5000   45.0000  -37.5000 2360.8325   20.3217
    0.0000   45.0000  -37.5000 2366.4124   20.2247
    7.5000   45.0000  -37.5000 2344.9507   20.4658
   -7.5000  -45.0000  -30.0000 2575.1086   15.7956
    0.0000  -45.0000  -30.0000 2609.0122   15.5829
    7.5000  -45.0000  -30.0000 2609.1802   15.6025
   -7.5000  -37.5000  -30.0000 2607.0664   15.7561
    0.0000  -37.5000  -30.0000 2638.0027   15.5419
    7.5000  -37.5000  -30.0000 2636.6287   15.5877
   -7.5000  -30.0000  -30.0000 2634.9727   15.6470
    0.0000  -30.0000  -30.0000 2663.0469   15.4596
    7.5000  -30.0000  -30.0000 2658.0032   15.5446
   -7.5000  -22.5000  -30.0000 2659.3638   15.5023
    0.0000  -22.5000  -30.0000 2683.2249   15.3326
    7.5000  -22.5000  -30.0000 2675.1145   15.4283
   -7.5000  -15.0000  -30.0000 2681.8379   15.4405
    0.0000  -15.0000  -30.0000 2700.7551   15.3297
    7.5000  -15.0000  -30.0000 2691.6592   15.4296
   -7.5000   -7.5000  -30.0000 2705.3301   15.4594
    0.0000   -7.5000  -30.0000 2719.3274   15.3883
    7.5000   -7.5000  -30.0000 2701.6948   15.4908
   -7.5000    0.0000  -30.0000 2724.3267   15.4788
    0.0000    0.0000  -30.0000 2737.3367   15.4139
    7.5000    0.0000  -30.0000 2710.3176   15.5394
   -7.5000    7.5000  -30.0000 2731.9336   15.5925
    0.0000    7.5000  -30.0000 2738.0215   15.5995
    7.5000    7.5000  -30.0000 2711.4700   15.6858
   -7.5000   15.0000  -30.0000 2726.5178   15.9684
    0.0000   15.0000  -30.0000 2733.2200   15.9724
    7.5000   15.0000  -30.0000 2707.1904   16.0588
   -7.5000   22.5000  -30.0000 2709.0154   16.4785
    0.0000   22.5000  -30.0000 2719.5732   16.5187
    7.5000   22.5000  -30.0000 2686.9507   16.6173
   -7.5000   30.0000  -30.0000 2661.4077   17.2779
    0.0000   30.0000  -30.0000 2671.9661   17.2284
    7.5000   30.0000  -30.0000 2633.5300   17.4039
   -7.5000   37.5000  -30.0000 2586.8201   18.3092
    0.0000   37.5000  -30.0000 2590.4854   18.2306
    7.5000   37.5000  -30.0000 2564.1897   18.4455
   -7.5000   45.0000  -30.0000 2485.4438   19.7045
    0.0000   45.0000  -30.0000 2493.0757   19.5903
    7.5000   45.0000  -30.0000 2464.9700   19.8056
   -7.5000  -45.0000  -22.5000 2673.6025   15.2209
    0.0000  -45.0000  -22.5000 2708.2209   14.9772
    7.5000  -45.0000  -22.5000 2709.6233   15.0232
   -7.5000  -37.5000  -22.5000 2696.3088   15.1919
    0.0000  -37.5000  -22.5000 2727.7117   14.9339
    7.5000  -37.5000  -22.5000 2727.7708   15.0020
   -7.5000  -30.0000  -22.5000 2720.9290   15.0790
    0.0000  -30.0000  -22.5000 2745.8740   14.8340
    7.5000  -30.0000  -22.5000 2744.8569   14.9426
   -7.5000  -22.5000  -22.5000 2743.1531   14.8968
    0.0000  -22.5000  -22.5000 2768.7217   14.6822
    7.5000  -22.5000  -22.5000 2763.8591   14.8001
   -7.5000  -15.0000  -22.5000 2765.0544   14.8361
    0.0000  -15.0000  -22.5000 2788.2466   14.6715
    7.5000  -15.0000  -22.5000 2776.3562   14.8017
   -7.5000   -7.5000  -22.5000 2794.0586   14.8406
    0.0000   -7.5000  -22.5000 2810.9258   14.7255
    7.5000   -7.5000  -22.5000 2794.9490   14.8637
   -7.5000    0.0000  -22.5000 2819.0869   14.8651
    0.0000    0.0000  -22.5000 2832.8503   14.7428
    7.5000    0.0000  -22.5000 2801.9758   14.9109
   -7.5000    7.5000  -22.5000 2837.7317   14.9274
    0.0000    7.5000  -22.5000 2853.2197   14.8428
    7.5000    7.5000  -22.5000 2808.8826   15.0403
   -7.5000   15.0000  -22.5000 2844.4062   15.2941
    0.0000   15.0000  -22.5000 2847.7024   15.1995
    7.5000   15.0000  -22.5000 2810.4214   15.4161
   -7.5000   22.5000  -22.5000 2827.2207   15.8576
    0.0000   22.5000  -22.5000 2834.6006   15.7994
    7.5000   22.5000  -22.5000 2792.5896   15.9768
   -7.5000   30.0000  -22.5000 2774.7051   16.6510
    0.0000   30.0000  -22.5000 2778.3545   16.5753
    7.5000   30.0000  -22.5000 2742.5325   16.7709
   -7.5000   37.5000  -22.5000 2689.0125   17.6785
    0.0000   37.5000  -22.5000 2694.8401   17.5917
    7.5000   37.5000  -22.5000 2662.1309   17.8472
   -7.5000   45.0000  -22.5000 2583.7163   19.1209
    0.0000   45.0000  -22.5000 2589.9729   18.9309
    7.5000   45.0000  -22.5000 2554.3230   19.2224
   -7.5000  -45.0000  -15.0000 2732.0347   14.6518
    0.0000  -45.0000  -15.0000 2769.7117   14.4144
    7.5000  -45.0000  -15.0000 2769.3286   14.4372
   -7.5000  -37.5000  -15.0000 2749.7930   14.6495
    0.0000  -37.5000  -15.0000 2787.3835   14.3469
    7.5000  -37.5000  -15.0000 2783.7024   14.4137
   -7.5000  -30.0000  -15.0000 2769.0981   14.5335
    0.0000  -30.0000  -15.0000 2800.3081   14.2488
    7.5000  -30.0000  -15.0000 2797.5032   14.3547
   -7.5000  -22.5000  -15.0000 2790.0549   14.3467
    0.0000  -22.5000  -15.0000 2818.8481   14.0919
    7.5000  -22.5000  -15.0000 2816.3076   14.2344
   -7.5000  -15.0000  -15.0000 2815.2561   14.2647
    0.0000  -15.0000  -15.0000 2839.3784   14.0370
    7.5000  -15.0000  -15.0000 2827.9895   14.2111
   -7.5000   -7.5000  -15.0000 2844.8843   14.2769
    0.0000   -7.5000  -15.0000 2862.8513   14.0619
    7.5000   -7.5000  -15.0000 2847.9985   14.2602
   -7.5000    0.0000  -15.0000 2874.4402   14.3790
    0.0000    0.0000  -15.0000 2891.5789   14.1657
    7.5000    0.0000  -15.0000 2862.2170   14.3594
   -7.5000    7.5000  -15.0000 2906.8079   14.4285
    0.0000    7.5000  -15.0000 2922.0818   14.1951
    7.5000    7.5000  -15.0000 2874.2576   14.4975
   -7.5000   15.0000  -15.0000 2920.0000   14.7289
    0.0000   15.0000  -15.0000 2919.1453   14.4964
    7.5000   15.0000  -15.0000 2875.1699   14.8828
   -7.5000   22.5000  -15.0000 2903.8958   15.3032
    0.0000   22.5000  -15.0000 2904.3313   15.1235
    7.5000   22.5000  -15.0000 2854.5312   15.4844
   -7.5000   30.0000  -15.0000 2843.9539   16.0642
    0.0000   30.0000  -15.0000 2850.7351   15.9361
    7.5000   30.0000  -15.0000 2802.1636   16.2921
   -7.5000   37.5000  -15.0000 2751.9534   17.1820
    0.0000   37.5000  -15.0000 2759.9900   16.9902
    7.5000   37.5000  -15.0000 2716.3157   17.3708
   -7.5000   45.0000  -15.0000 2632.6418   18.6088
    0.0000   45.0000  -15.0000 2637.7886   18.4001
    7.5000   45.0000  -15.0000 2601.6331   18.7447
   -7.5000  -45.0000   -7.5000 2766.9460   14.1621
    0.0000  -45.0000   -7.5000 2809.4155   13.8681
    7.5000  -45.0000   -7.5000 2811.1399   13.9119
   -7.5000  -37.5000   -7.5000 2779.0859   14.1281
    0.0000  -37.5000   -7.5000 2820.6267   13.7786
    7.5000  -37.5000   -7.5000 2820.6470   13.8381
   -7.5000  -30.0000   -7.5000 2794.5178   13.9834
    0.0000  -30.0000   -7.5000 2827.0188   13.6597
    7.5000  -30.0000   -7.5000 2828.6799   13.7497
   -7.5000  -22.5000   -7.5000 2808.5837   13.8383
    0.0000  -22.5000   -7.5000 2839.1860   13.5169
    7.5000  -22.5000   -7.5000 2837.9141   13.6502
   -7.5000  -15.0000   -7.5000 2837.1975   13.7811
    0.0000  -15.0000   -7.5000 2856.8286   13.4569
    7.5000  -15.0000   -7.5000 2851.6118   13.6574
   -7.5000   -7.5000   -7.5000 2869.4644   13.7927
    0.0000   -7.5000   -7.5000 2885.4851   13.4742
    7.5000   -7.5000   -7.5000 2874.9536   13.7499
   -7.5000    0.0000   -7.5000 2901.9036   13.9945
    0.0000    0.0000   -7.5000 2914.1252   13.6524
    7.5000    0.0000   -7.5000 2897.1023   13.9282
   -7.5000    7.5000   -7.5000 2938.3281   14.2719
    0.0000    7.5000   -7.5000 2949.6865   13.9190
    7.5000    7.5000   -7.5000 2915.9956   14.2262
   -7.5000   15.0000   -7.5000 2956.3906   14.4424
    0.0000   15.0000   -7.5000 2954.2424   14.1135
    7.5000   15.0000   -7.5000 2916.8801   14.6138
   -7.5000   22.5000   -7.5000 2930.6694   14.8391
    0.0000   22.5000   -7.5000 2934.2695   14.5994
    7.5000   22.5000   -7.5000 2886.6814   15.1123
   -7.5000   30.0000   -7.5000 2865.4495   15.6430
    0.0000   30.0000   -7.5000 2880.3340   15.4393
    7.5000   30.0000   -7.5000 2829.9739   15.8769
   -7.5000   37.5000   -7.5000 2767.9077   16.7658
    0.0000   37.5000   -7.5000 2782.0112   16.6460
    7.5000   37.5000   -7.5000 2740.9148   16.9641
   -7.5000   45.0000   -7.5000 2644.9363   18.2420
    0.0000   45.0000   -7.5000 2653.9385   18.1192
    7.5000   45.0000   -7.5000 2621.8904   18.3841
   -7.5000  -45.0000    0.0000 2792.7275   13.8585
    0.0000  -45.0000    0.0000 2835.7083   13.5255
    7.5000  -45.0000    0.0000 2838.3516   13.5242
   -7.5000  -37.5000    0.0000 2803.1443   13.8235
    0.0000  -37.5000    0.0000 2843.5942   13.4228
    7.5000  -37.5000    0.0000 2841.1682   13.4506
   -7.5000  -30.0000    0.0000 2812.1638   13.6731
    0.0000  -30.0000    0.0000 2842.0449   13.2432
    7.5000  -30.0000    0.0000 2843.6594   13.3462
   -7.5000  -22.5000    0.0000 2822.5103   13.5437
    0.0000  -22.5000    0.0000 2845.3643   13.1146
    7.5000  -22.5000    0.0000 2845.0803   13.3047
   -7.5000  -15.0000    0.0000 2844.5786   13.5046
    0.0000  -15.0000    0.0000 2857.4434   13.0753
    7.5000  -15.0000    0.0000 2852.2344   13.3195
   -7.5000   -7.5000    0.0000 2872.0852   13.5815
    0.0000   -7.5000    0.0000 2878.0288   13.1922
    7.5000   -7.5000    0.0000 2873.7776   13.4846
   -7.5000    0.0000    0.0000 2907.8118   13.8483
    0.0000    0.0000    0.0000 2912.3792   13.4786
    7.5000    0.0000    0.0000 2902.7532   13.8064
   -7.5000    7.5000    0.0000 2943.9158   14.2512
    0.0000    7.5000    0.0000 2956.3362   13.9591
    7.5000    7.5000    0.0000 2928.9561   14.2286
   -7.5000   15.0000    0.0000 2957.0842   14.4833
    0.0000   15.0000    0.0000 2967.0310   14.2454
    7.5000   15.0000    0.0000 2927.9370   14.6067
   -7.5000   22.5000    0.0000 2933.6030   14.8612
    0.0000   22.5000    0.0000 2943.3733   14.6705
    7.5000   22.5000    0.0000 2900.6558   15.0880
   -7.5000   30.0000    0.0000 2866.5271   15.6597
    0.0000   30.0000    0.0000 2882.1614   15.4922
    7.5000   30.0000    0.0000 2837.7014   15.8231
   -7.5000   37.5000    0.0000 2764.5916   16.7915
    0.0000   37.5000    0.0000 2779.5273   16.5932
    7.5000   37.5000    0.0000 2742.4011   16.9180
   -7.5000   45.0000    0.0000 2641.4614   18.2628
    0.0000   45.0000    0.0000 2651.3564   18.0614
    7.5000   45.0000    0.0000 2624.7590   18.3411
   -7.5000  -45.0000    7.5000 2803.3694   13.7525
    0.0000  -45.0000    7.5000 2843.5442   13.3287
    7.5000  -45.0000    7.5000 2847.9961   13.3165
   -7.5000  -37.5000    7.5000 2814.6282   13.7578
    0.0000  -37.5000    7.5000 2851.1958   13.2983
    7.5000  -37.5000    7.5000 2845.0281   13.3068
   -7.5000  -30.0000    7.5000 2818.3835   13.6522
    0.0000  -30.0000    7.5000 2848.5569   13.1751
    7.5000  -30.0000    7.5000 2840.6443   13.2604
   -7.5000  -22.5000    7.5000 2827.5339   13.5991
    0.0000  -22.5000    7.5000 2841.2625   13.1368
    7.5000  -22.5000    7.5000 2837.6765   13.2986
   -7.5000  -15.0000    7.5000 2846.4089   13.5989
    0.0000  -15.0000    7.5000 2849.5227   13.1924
    7.5000  -15.0000    7.5000 2840.4548   13.3991
   -7.5000   -7.5000    7.5000 2869.0208   13.7301
    0.0000   -7.5000    7.5000 2867.1440   13.3735
    7.5000   -7.5000    7.5000 2862.1301   13.6024
   -7.5000    0.0000    7.5000 2896.8071   13.9958
    0.0000    0.0000    7.5000 2900.5547   13.6760
    7.5000    0.0000    7.5000 2890.5969   13.9414
   -7.5000    7.5000    7.5000 2925.3472   14.3553
    0.0000    7.5000    7.5000 2936.1902   14.0809
    7.5000    7.5000    7.5000 2912.2358   14.3715
   -7.5000   15.0000    7.5000 2931.3882   14.6647
    0.0000   15.0000    7.5000 2935.1316   14.4021
    7.5000   15.0000    7.5000 2911.5364   14.8320
   -7.5000   22.5000    7.5000 2906.6338   15.2422
    0.0000   22.5000    7.5000 2911.3018   15.0580
    7.5000   22.5000    7.5000 2881.4126   15.4151
   -7.5000   30.0000    7.5000 2838.3738   16.1148
    0.0000   30.0000    7.5000 2847.8799   15.9610
    7.5000   30.0000    7.5000 2812.7527   16.2656
   -7.5000   37.5000    7.5000 2733.9099   17.2800
    0.0000   37.5000    7.5000 2745.5596   17.1037
    7.5000   37.5000    7.5000 2714.7590   17.3836
   -7.5000   45.0000    7.5000 2618.0327   18.6912
    0.0000   45.0000    7.5000 2626.7515   18.4811
    7.5000   45.0000    7.5000 2599.9041   18.7258
   -7.5000  -45.0000   15.0000 2801.6187   13.9577
    0.0000  -45.0000   15.0000 2830.5623   13.4505
    7.5000  -45.0000   15.0000 2836.9438   13.3704
   -7.5000  -37.5000   15.0000 2816.2212   14.0400
    0.0000  -37.5000   15.0000 2840.5552   13.5295
    7.5000  -37.5000   15.0000 2837.1055   13.4571
   -7.5000  -30.0000   15.0000 2820.5771   13.9889
    0.0000  -30.0000   15.0000 2842.0442   13.5008
    7.5000  -30.0000   15.0000 2832.7227   13.5114
   -7.5000  -22.5000   15.0000 2824.6973   13.9285
    0.0000  -22.5000   15.0000 2836.3164   13.5005
    7.5000  -22.5000   15.0000 2826.9219   13.5721
   -7.5000  -15.0000   15.0000 2833.1646   13.9678
    0.0000  -15.0000   15.0000 2844.0481   13.5961
    7.5000  -15.0000   15.0000 2828.6116   13.7043
   -7.5000   -7.5000   15.0000 2847.4409   14.0733
    0.0000   -7.5000   15.0000 2855.5330   13.7414
    7.5000   -7.5000   15.0000 2840.8267   13.9001
   -7.5000    0.0000   15.0000 2871.8359   14.3219
    0.0000    0.0000   15.0000 2870.2068   14.0259
    7.5000    0.0000   15.0000 2857.9187   14.2416
   -7.5000    7.5000   15.0000 2880.9851   14.6643
    0.0000    7.5000   15.0000 2885.5994   14.3923
    7.5000    7.5000   15.0000 2870.3838   14.7014
   -7.5000   15.0000   15.0000 2878.2607   15.0365
    0.0000   15.0000   15.0000 2878.4795   14.8043
    7.5000   15.0000   15.0000 2861.8560   15.1829
   -7.5000   22.5000   15.0000 2849.7925   15.7073
    0.0000   22.5000   15.0000 2851.7356   15.4934
    7.5000   22.5000   15.0000 2826.0310   15.8727
   -7.5000   30.0000   15.0000 2782.3088   16.6770
    0.0000   30.0000   15.0000 2785.0923   16.4412
    7.5000   30.0000   15.0000 2761.1387   16.8333
   -7.5000   37.5000   15.0000 2681.5596   17.9016
    0.0000   37.5000   15.0000 2689.6350   17.6796
    7.5000   37.5000   15.0000 2673.3992   18.0611
   -7.5000   45.0000   15.0000 2571.9841   19.3653
    0.0000   45.0000   15.0000 2580.6531   19.1528
    7.5000   45.0000   15.0000 2554.4944   19.4371
   -7.5000  -45.0000   22.5000 2790.4988   14.3602
    0.0000  -45.0000   22.5000 2817.2686   13.8627
    7.5000  -45.0000   22.5000 2818.4719   13.7018
   -7.5000  -37.5000   22.5000 2805.4324   14.4797
    0.0000  -37.5000   22.5000 2829.0059   14.0026
    7.5000  -37.5000   22.5000 2820.8528   13.8725
   -7.5000  -30.0000   22.5000 2801.7556   14.4508
    0.0000  -30.0000   22.5000 2826.9187   14.0294
    7.5000  -30.0000   22.5000 2817.3479   13.9552
   -7.5000  -22.5000   22.5000 2801.0403   14.3947
    0.0000  -22.5000   22.5000 2820.9561   14.0198
    7.5000  -22.5000   22.5000 2808.1650   14.0156
   -7.5000  -15.0000   22.5000 2800.0024   14.3965
    0.0000  -15.0000   22.5000 2821.2473   14.0797
    7.5000  -15.0000   22.5000 2802.3269   14.1512
   -7.5000   -7.5000   22.5000 2810.4241   14.5516
    0.0000   -7.5000   22.5000 2823.5896   14.2511
    7.5000   -7.5000   22.5000 2809.1128   14.3683
   -7.5000    0.0000   22.5000 2826.4160   14.8692
    0.0000    0.0000   22.5000 2834.1467   14.5958
    7.5000    0.0000   22.5000 2816.9995   14.7521
   -7.5000    7.5000   22.5000 2826.1714   15.2106
    0.0000    7.5000   22.5000 2833.7695   14.9766
    7.5000    7.5000   22.5000 2814.8489   15.2451
   -7.5000   15.0000   22.5000 2814.7727   15.6709
    0.0000   15.0000   22.5000 2816.1067   15.4743
    7.5000   15.0000   22.5000 2796.7412   15.7765
   -7.5000   22.5000   22.5000 2780.5298   16.3822
    0.0000   22.5000   22.5000 2783.5190   16.2043
    7.5000   22.5000   22.5000 2759.3340   16.5126
   -7.5000   30.0000   22.5000 2712.9487   17.3960
    0.0000   30.0000   22.5000 2715.0327   17.2018
    7.5000   30.0000   22.5000 2698.7690   17.5473
   -7.5000   37.5000   22.5000 2626.3008   18.6460
    0.0000   37.5000   22.5000 2634.1567   18.4327
    7.5000   37.5000   22.5000 2616.8276   18.7664
   -7.5000   45.0000   22.5000 2525.5881   20.0846
    0.0000   45.0000   22.5000 2535.8015   19.8873
    7.5000   45.0000   22.5000 2508.1702   20.1920
   -7.5000  -45.0000   30.0000 2758.1243   14.8719
    0.0000  -45.0000   30.0000 2788.4065   14.4250
    7.5000  -45.0000   30.0000 2777.2249   14.2327
   -7.5000  -37.5000   30.0000 2763.2490   14.9519
    0.0000  -37.5000   30.0000 2794.3806   14.5207
    7.5000  -37.5000   30.0000 2782.9294   14.3540
   -7.5000  -30.0000   30.0000 2759.4163   14.9665
    0.0000  -30.0000   30.0000 2788.6609   14.5636
    7.5000  -30.0000   30.0000 2780.7759   14.4613
   -7.5000  -22.5000   30.0000 2756.0190   14.9433
    0.0000  -22.5000   30.0000 2778.1143   14.5916
    7.5000  -22.5000   30.0000 2768.8784   14.5609
   -7.5000  -15.0000   30.0000 2753.5493   15.0059
    0.0000  -15.0000   30.0000 2775.9792   14.7011
    7.5000  -15.0000   30.0000 2760.8921   14.7342
   -7.5000   -7.5000   30.0000 2755.9270   15.2069
    0.0000   -7.5000   30.0000 2780.2239   14.9260
    7.5000   -7.5000   30.0000 2761.8020   15.0344
   -7.5000    0.0000   30.0000 2763.2344   15.5310
    0.0000    0.0000   30.0000 2779.4153   15.2886
    7.5000    0.0000   30.0000 2756.8701   15.4522
   -7.5000    7.5000   30.0000 2754.9343   15.9752
    0.0000    7.5000   30.0000 2769.7732   15.7629
    7.5000    7.5000   30.0000 2749.9382   15.9662
   -7.5000   15.0000   30.0000 2734.6494   16.5154
    0.0000   15.0000   30.0000 2742.8728   16.3330
    7.5000   15.0000   30.0000 2723.8979   16.5787
   -7.5000   22.5000   30.0000 2694.9395   17.2821
    0.0000   22.5000   30.0000 2702.9849   17.1299
    7.5000   22.5000   30.0000 2678.1499   17.3915
   -7.5000   30.0000   30.0000 2633.8740   18.3170
    0.0000   30.0000   30.0000 2639.9961   18.1446
    7.5000   30.0000   30.0000 2622.1914   18.4344
   -7.5000   37.5000   30.0000 2558.3169   19.5704
    0.0000   37.5000   30.0000 2565.8892   19.3704
    7.5000   37.5000   30.0000 2550.4338   19.6415
   -7.5000   45.0000   30.0000 2471.5198   20.9991
    0.0000   45.0000   30.0000 2479.6833   20.7993
    7.5000   45.0000   30.0000 2451.7839   21.0809
   -7.5000  -45.0000   37.5000 2706.6753   15.4746
    0.0000  -45.0000   37.5000 2730.1912   15.0051
    7.5000  -45.0000   37.5000 2725.8025   14.8631
   -7.5000  -37.5000   37.5000 2707.5659   15.5414
    0.0000  -37.5000   37.5000 2733.2102   15.0942
    7.5000  -37.5000   37.5000 2733.1636   14.9570
   -7.5000  -30.0000   37.5000 2703.6001   15.5980
    0.0000  -30.0000   37.5000 2726.6335   15.2013
    7.5000  -30.0000   37.5000 2726.5291   15.1022
   -7.5000  -22.5000   37.5000 2701.6443   15.6718
    0.0000  -22.5000   37.5000 2720.9321   15.3285
    7.5000  -22.5000   37.5000 2712.7939   15.2732
   -7.5000  -15.0000   37.5000 2698.3120   15.7855
    0.0000  -15.0000   37.5000 2717.7158   15.4989
    7.5000  -15.0000   37.5000 2704.0122   15.5187
   -7.5000   -7.5000   37.5000 2696.1021   16.0446
    0.0000   -7.5000   37.5000 2718.8030   15.8045
    7.5000   -7.5000   37.5000 2702.2092   15.8442
   -7.5000    0.0000   37.5000 2691.9333   16.4234
    0.0000    0.0000   37.5000 2709.3521   16.1932
    7.5000    0.0000   37.5000 2689.8884   16.3140
   -7.5000    7.5000   37.5000 2678.0376   16.9001
    0.0000    7.5000   37.5000 2694.8616   16.6993
    7.5000    7.5000   37.5000 2674.9170   16.8706
   -7.5000   15.0000   37.5000 2646.9478   17.5318
    0.0000   15.0000   37.5000 2662.5017   17.3645
    7.5000   15.0000   37.5000 2641.1333   17.6073
   -7.5000   22.5000   37.5000 2607.2581   18.3796
    0.0000   22.5000   37.5000 2621.4707   18.2325
    7.5000   22.5000   37.5000 2599.2610   18.4879
   -7.5000   30.0000   37.5000 2553.8806   19.4301
    0.0000   30.0000   37.5000 2562.4233   19.3438
    7.5000   30.0000   37.5000 2543.0195   19.5641
   -7.5000   37.5000   37.5000 2485.3220   20.7227
    0.0000   37.5000   37.5000 2489.2026   20.6044
    7.5000   37.5000   37.5000 2469.2595   20.8520
   -7.5000   45.0000   37.5000 2404.5786   22.2040
    0.0000   45.0000   37.5000 2407.8833   22.0261
    7.5000   45.0000   37.5000 2383.5505   22.3236
   -7.5000  -45.0000   45.0000 2645.3909   16.3061
    0.0000  -45.0000   45.0000 2667.6379   15.7906
    7.5000  -45.0000   45.0000 2669.4622   15.6765
   -7.5000  -37.5000   45.0000 2642.5593   16.3609
    0.0000  -37.5000   45.0000 2663.9346   15.8915
    7.5000  -37.5000   45.0000 2668.8594   15.7862
   -7.5000  -30.0000   45.0000 2635.2268   16.4347
    0.0000  -30.0000   45.0000 2657.9072   16.0017
    7.5000  -30.0000   45.0000 2661.3201   15.9580
   -7.5000  -22.5000   45.0000 2632.9441   16.5739
    0.0000  -22.5000   45.0000 2649.1084   16.2019
    7.5000  -22.5000   45.0000 2648.2209   16.1845
   -7.5000  -15.0000   45.0000 2629.7378   16.7490
    0.0000  -15.0000   45.0000 2644.7927   16.4649
    7.5000  -15.0000   45.0000 2639.5215   16.4976
   -7.5000   -7.5000   45.0000 2627.5161   17.1115
    0.0000   -7.5000   45.0000 2644.1099   16.8531
    7.5000   -7.5000   45.0000 2629.3433   16.8922
   -7.5000    0.0000   45.0000 2614.0769   17.5414
    0.0000    0.0000   45.0000 2627.7844   17.3149
    7.5000    0.0000   45.0000 2613.6487   17.3937
   -7.5000    7.5000   45.0000 2595.2139   18.0911
    0.0000    7.5000   45.0000 2607.1355   17.8855
    7.5000    7.5000   45.0000 2591.4790   18.0192
   -7.5000   15.0000   45.0000 2556.7012   18.8095
    0.0000   15.0000   45.0000 2570.6750   18.6064
    7.5000   15.0000   45.0000 2558.4148   18.8401
   -7.5000   22.5000   45.0000 2514.5044   19.6998
    0.0000   22.5000   45.0000 2524.7478   19.5760
    7.5000   22.5000   45.0000 2514.3447   19.8219
   -7.5000   30.0000   45.0000 2462.3320   20.7990
    0.0000   30.0000   45.0000 2469.1196   20.7320
    7.5000   30.0000   45.0000 2458.8096   20.9921
   -7.5000   37.5000   45.0000 2402.0938   22.1812
    0.0000   37.5000   45.0000 2400.7849   22.1043
    7.5000   37.5000   45.0000 2387.3889   22.3676
   -7.5000   45.0000   45.0000 2324.3250   23.7793
    0.0000   45.0000   45.0000 2324.0400   23.5928
    7.5000   45.0000   45.0000 2309.4028   23.9012

---------------------------------------------------------------------
imgreg_4dfp /opt/freesurfer/average/711-2C_as_mni_average_305 /opt/freesurfer/average/711-2B_as_mni_average_305_mask talsrcimg_g11 none talsrcimg_to_711-2C_as_mni_average_305_t4 1283
---------------------------------------------------------------------

freesurfer imgreg_4dfp.c
/opt/freesurfer/average/711-2C_as_mni_average_305.4dfp.img
       256       256       256         1
  1.000000  1.000000  1.000000
orientation T byte_order littleendian
Reading image: /opt/freesurfer/average/711-2C_as_mni_average_305.4dfp.img
dimensions:      256       256       256
mmppix:       1.0000   -1.0000   -1.0000
center:     128.0000 -129.0000 -129.0000
/opt/freesurfer/average/711-2B_as_mni_average_305_mask.4dfp.img
       256       256       256         1
  1.000000  1.000000  1.000000
orientation T byte_order littleendian
Reading mask: /opt/freesurfer/average/711-2B_as_mni_average_305_mask.4dfp.img (2306576 pixels)
talsrcimg_g11.4dfp.img
       256       256       256         1
  1.000000  1.000000  1.000000
orientation T byte_order littleendian
Reading image: talsrcimg_g11.4dfp.img
dimensions:      256       256       256
mmppix:       1.0000   -1.0000   -1.0000
center:     128.0000 -129.0000 -129.0000
rotation matrix determinant  1.000000
fimgreg.f
image alignment mode   1283 decimal      503 hex
parameters
    0.0000   15.0000    0.0000    0.0000    0.0000    0.0000
eta,q 0.93048 14.33612
niter,ni,del,rscale     5    3   12.0000    1.2000
parameter  4  0.984582 ->  0.500000 qaram    1.1500
parameter  6 -1.851471 -> -0.500000 qaram    1.1500
parameters
   -2.3909   13.5583   -1.0193   -3.4500    0.9090    3.4500
eta,q 0.93922 14.00815
  0.0701  0.0712  0.0715  0.0632  0.0683  0.0705
  0.0688  0.0684  0.0683  0.0630  0.0655  0.0682
  0.0676  0.0665  0.0659  0.0642  0.0641  0.0657
  0.0679  0.0673  0.0662  0.0657  0.0633  0.0634
  0.0717  0.0698  0.0683  0.0683  0.0635  0.0617
  0.0770  0.0733  0.0719  0.0718  0.0643  0.0604
  0.0818  0.0765  0.0765  0.0745  0.0658  0.0595
niter,ni,del,rscale     6    3   12.0000    1.2000
parameter  4  0.681882 ->  0.500000 qaram    1.3225
parameter  6 -0.503648 -> -0.500000 qaram    1.3225
parameters
   -2.2950   15.1911   -1.6863   -7.4175    1.0208    7.4175
eta,q 0.94410 14.05540
  0.0717  0.0698  0.0659  0.0584  0.0624  0.0674
  0.0664  0.0662  0.0630  0.0574  0.0595  0.0639
  0.0623  0.0630  0.0600  0.0577  0.0579  0.0600
  0.0608  0.0608  0.0604  0.0599  0.0573  0.0573
  0.0620  0.0605  0.0621  0.0621  0.0577  0.0559
  0.0660  0.0618  0.0644  0.0656  0.0591  0.0561
  0.0710  0.0637  0.0693  0.0693  0.0622  0.0577
niter,ni,del,rscale     7    3   12.0000    1.2000
parameters
   -2.3563   16.5126   -3.1824   -9.7881    0.9476    6.5819
eta,q 0.94526 14.00744
  0.0686  0.0686  0.0592  0.0571  0.0599  0.0613
  0.0626  0.0639  0.0565  0.0563  0.0575  0.0572
  0.0574  0.0592  0.0549  0.0551  0.0558  0.0548
  0.0559  0.0559  0.0552  0.0547  0.0551  0.0551
  0.0586  0.0553  0.0578  0.0565  0.0558  0.0569
  0.0633  0.0576  0.0615  0.0607  0.0576  0.0598
  0.0685  0.0617  0.0663  0.0650  0.0602  0.0638
niter,ni,del,rscale     6    3   12.0000    1.2000
parameters
   -2.5805   17.3119   -4.4220  -12.2602    1.0026    5.9866
eta,q 0.94596 14.00892
  0.0681  0.0659  0.0582  0.0560  0.0596  0.0608
  0.0612  0.0612  0.0560  0.0549  0.0564  0.0576
  0.0560  0.0570  0.0548  0.0543  0.0547  0.0547
  0.0547  0.0547  0.0546  0.0545  0.0543  0.0542
  0.0572  0.0552  0.0563  0.0554  0.0546  0.0565
  0.0631  0.0581  0.0594  0.0587  0.0564  0.0592
  0.0697  0.0613  0.0630  0.0631  0.0594  0.0623
niter,ni,del,rscale     5    3   12.0000    1.2000
parameters
   -2.8672   18.1583   -5.3915  -14.8103    1.2623    5.1719
eta,q 0.94646 13.94149
  0.0684  0.0660  0.0580  0.0554  0.0595  0.0599
  0.0605  0.0614  0.0556  0.0539  0.0558  0.0573
  0.0549  0.0566  0.0543  0.0537  0.0542  0.0544
  0.0540  0.0539  0.0541  0.0541  0.0537  0.0537
  0.0568  0.0553  0.0551  0.0553  0.0538  0.0560
  0.0632  0.0582  0.0581  0.0570  0.0554  0.0593
  0.0705  0.0608  0.0619  0.0610  0.0584  0.0626
niter,ni,del,rscale     4    3   12.0000    1.2000
parameters
   -3.1833   19.2254   -6.3511  -18.2200    1.8204    4.6049
eta,q 0.94740 13.80401
  0.0684  0.0668  0.0578  0.0544  0.0601  0.0594
  0.0597  0.0615  0.0553  0.0527  0.0556  0.0564
  0.0542  0.0562  0.0542  0.0530  0.0534  0.0540
  0.0535  0.0534  0.0538  0.0538  0.0527  0.0525
  0.0560  0.0548  0.0550  0.0551  0.0525  0.0544
  0.0630  0.0578  0.0578  0.0572  0.0541  0.0578
  0.0710  0.0596  0.0617  0.0598  0.0577  0.0617
niter,ni,del,rscale     3    3   12.0000    1.2000
parameter  4  0.551301 ->  0.500000 qaram    1.5209
parameters
   -3.2989   20.8344   -7.6073  -22.7826    1.3852    5.0549
eta,q 0.94861 13.71456
  0.0688  0.0659  0.0577  0.0526  0.0579  0.0594
  0.0598  0.0609  0.0548  0.0520  0.0536  0.0560
  0.0542  0.0558  0.0529  0.0510  0.0519  0.0539
  0.0526  0.0526  0.0529  0.0526  0.0516  0.0516
  0.0538  0.0533  0.0559  0.0552  0.0526  0.0513
  0.0611  0.0552  0.0594  0.0565  0.0555  0.0540
  0.0701  0.0569  0.0625  0.0593  0.0596  0.0589
niter,ni,del,rscale     3    3   12.0000    1.2000
parameters
   -3.0145   22.4978   -9.0829  -24.0013    0.9610    5.5456
eta,q 0.94885 13.74890
  0.0697  0.0658  0.0547  0.0551  0.0569  0.0598
  0.0607  0.0602  0.0532  0.0520  0.0532  0.0562
  0.0542  0.0547  0.0515  0.0517  0.0516  0.0536
  0.0514  0.0512  0.0508  0.0510  0.0513  0.0513
  0.0517  0.0510  0.0534  0.0520  0.0520  0.0516
  0.0582  0.0531  0.0577  0.0544  0.0547  0.0544
  0.0671  0.0558  0.0618  0.0578  0.0588  0.0587
niter,ni,del,rscale     2    3   12.0000    1.2000
parameters
   -2.9487   22.9149   -9.6811  -23.8942    0.8873    5.7359
eta,q 0.94841 13.77401
  0.0688  0.0621  0.0555  0.0566  0.0575  0.0597
  0.0587  0.0561  0.0537  0.0532  0.0539  0.0563
  0.0526  0.0522  0.0528  0.0524  0.0520  0.0535
  0.0512  0.0511  0.0512  0.0517  0.0516  0.0516
  0.0527  0.0525  0.0513  0.0517  0.0519  0.0525
  0.0592  0.0552  0.0545  0.0531  0.0540  0.0553
  0.0673  0.0586  0.0590  0.0565  0.0580  0.0595
niter,ni,del,rscale     1    3   12.0000    1.2000
parameters
   -2.9454   22.9381   -9.6919  -23.8736    0.8472    5.7584
eta,q 0.94840 13.77565
  0.0684  0.0607  0.0565  0.0565  0.0576  0.0594
  0.0585  0.0550  0.0540  0.0531  0.0539  0.0561
  0.0528  0.0520  0.0531  0.0523  0.0519  0.0534
  0.0516  0.0516  0.0516  0.0516  0.0516  0.0516
  0.0533  0.0530  0.0510  0.0517  0.0519  0.0527
  0.0597  0.0560  0.0534  0.0532  0.0538  0.0555
  0.0674  0.0595  0.0577  0.0566  0.0579  0.0599
registration optimization eta report
parameter search radius
    6.0000    6.0000    6.0000    9.1253    6.0000    7.9350
100000*second partial in parameter space
       46.       24.       16.        6.       18.       12.
  0.0684  0.0607  0.0565  0.0565  0.0576  0.0594
  0.0585  0.0550  0.0540  0.0531  0.0539  0.0561
  0.0528  0.0520  0.0531  0.0523  0.0519  0.0534
  0.0516  0.0516  0.0516  0.0516  0.0516  0.0516
  0.0533  0.0530  0.0510  0.0517  0.0519  0.0527
  0.0597  0.0560  0.0534  0.0532  0.0538  0.0555
  0.0674  0.0595  0.0577  0.0566  0.0579  0.0599
   -2.9454   22.9381   -9.6919  -23.8736    0.8472    5.7584
eta,q 0.94840 13.77565

---------------------------------------------------------------------
imgreg_4dfp /opt/freesurfer/average/711-2C_as_mni_average_305 /opt/freesurfer/average/711-2B_as_mni_average_305_mask talsrcimg_g11 none talsrcimg_to_711-2C_as_mni_average_305_t4 3335
---------------------------------------------------------------------

freesurfer imgreg_4dfp.c
/opt/freesurfer/average/711-2C_as_mni_average_305.4dfp.img
       256       256       256         1
  1.000000  1.000000  1.000000
orientation T byte_order littleendian
Reading image: /opt/freesurfer/average/711-2C_as_mni_average_305.4dfp.img
dimensions:      256       256       256
mmppix:       1.0000   -1.0000   -1.0000
center:     128.0000 -129.0000 -129.0000
/opt/freesurfer/average/711-2B_as_mni_average_305_mask.4dfp.img
       256       256       256         1
  1.000000  1.000000  1.000000
orientation T byte_order littleendian
Reading mask: /opt/freesurfer/average/711-2B_as_mni_average_305_mask.4dfp.img (2306576 pixels)
talsrcimg_g11.4dfp.img
       256       256       256         1
  1.000000  1.000000  1.000000
orientation T byte_order littleendian
Reading image: talsrcimg_g11.4dfp.img
dimensions:      256       256       256
mmppix:       1.0000   -1.0000   -1.0000
center:     128.0000 -129.0000 -129.0000
fimgreg.f
image alignment mode   3335 decimal      D07 hex
parameters
   -2.9454   22.9381   -9.6919   -0.5155   -8.9573   -8.5659
   -8.5795   -5.4060   10.0322   40.1321    1.4786  -40.4676
eta,q 0.94982 13.90418
niter,ni,del,rscale     5    3    5.0000    1.2000
parameter  4  4.167981 ->  0.500000 qaram    1.1500
parameter  5  7.191051 ->  0.500000 qaram    1.1500
parameter  6  1.068094 ->  0.500000 qaram    1.1500
parameter 12 -1.569175 -> -0.500000 qaram    1.1500
parameters
   -2.8467   23.0909  -10.5213   -4.6555  -13.0973  -12.7059
   -9.5627   -4.7166    8.6599   37.0621    1.6054  -36.3276
eta,q 0.97068 14.05487
  0.0525  0.0515  0.0504  0.0404  0.0350  0.0336  0.0355  0.0412  0.0348  0.0338  0.0343  0.0379
  0.0513  0.0508  0.0501  0.0424  0.0372  0.0328  0.0340  0.0377  0.0335  0.0323  0.0330  0.0359
  0.0505  0.0504  0.0500  0.0458  0.0402  0.0346  0.0331  0.0347  0.0329  0.0318  0.0321  0.0338
  0.0502  0.0502  0.0502  0.0500  0.0433  0.0380  0.0331  0.0330  0.0329  0.0328  0.0318  0.0318
  0.0503  0.0502  0.0504  0.0545  0.0464  0.0418  0.0338  0.0334  0.0336  0.0351  0.0320  0.0301
  0.0510  0.0506  0.0509  0.0586  0.0497  0.0457  0.0352  0.0357  0.0350  0.0384  0.0329  0.0291
  0.0522  0.0513  0.0516  0.0623  0.0528  0.0505  0.0372  0.0389  0.0370  0.0422  0.0342  0.0287
niter,ni,del,rscale     7    3    5.0000    1.2000
parameters
   -2.7052   23.5582  -11.2087   -7.6322  -16.8854  -12.2291
   -9.3647   -4.4194    9.8329   36.5944    0.7268  -33.0428
eta,q 0.97364 13.99851
  0.0348  0.0339  0.0305  0.0314  0.0289  0.0351  0.0300  0.0339  0.0305  0.0312  0.0286  0.0325
  0.0319  0.0317  0.0294  0.0294  0.0275  0.0327  0.0284  0.0305  0.0288  0.0291  0.0274  0.0300
  0.0301  0.0302  0.0289  0.0282  0.0271  0.0299  0.0273  0.0279  0.0276  0.0274  0.0268  0.0280
  0.0293  0.0293  0.0292  0.0289  0.0282  0.0271  0.0269  0.0269  0.0269  0.0267  0.0268  0.0267
  0.0297  0.0292  0.0301  0.0321  0.0306  0.0272  0.0272  0.0276  0.0268  0.0275  0.0273  0.0263
  0.0312  0.0299  0.0317  0.0370  0.0334  0.0304  0.0281  0.0298  0.0275  0.0297  0.0283  0.0267
  0.0336  0.0314  0.0338  0.0420  0.0367  0.0348  0.0297  0.0328  0.0288  0.0329  0.0296  0.0274
niter,ni,del,rscale     6    3    5.0000    1.2000
parameters
   -2.7253   23.9379  -11.5156   -7.5180  -16.7584  -12.3126
   -9.8735   -4.1801    9.9340   36.0224    0.5522  -32.3601
eta,q 0.97380 14.00971
  0.0306  0.0305  0.0283  0.0325  0.0311  0.0338  0.0289  0.0332  0.0290  0.0303  0.0283  0.0300
  0.0283  0.0285  0.0270  0.0303  0.0290  0.0313  0.0273  0.0298  0.0276  0.0283  0.0271  0.0279
  0.0269  0.0271  0.0263  0.0280  0.0272  0.0286  0.0264  0.0272  0.0266  0.0268  0.0264  0.0265
  0.0264  0.0264  0.0263  0.0262  0.0262  0.0261  0.0262  0.0261  0.0261  0.0261  0.0262  0.0262
  0.0269  0.0263  0.0268  0.0263  0.0264  0.0268  0.0267  0.0270  0.0264  0.0269  0.0265  0.0266
  0.0284  0.0271  0.0280  0.0289  0.0284  0.0306  0.0279  0.0292  0.0273  0.0291  0.0273  0.0274
  0.0308  0.0286  0.0297  0.0334  0.0312  0.0353  0.0297  0.0323  0.0289  0.0322  0.0284  0.0287
niter,ni,del,rscale     5    3    5.0000    1.2000
parameters
   -2.7245   23.8780  -11.5230   -7.4269  -16.4432  -12.3238
   -9.9905   -4.0857    9.9800   35.6999    0.4739  -32.0502
eta,q 0.97384 14.01451
  0.0306  0.0292  0.0289  0.0325  0.0312  0.0337  0.0292  0.0329  0.0289  0.0305  0.0283  0.0296
  0.0282  0.0276  0.0274  0.0302  0.0291  0.0312  0.0275  0.0296  0.0275  0.0285  0.0271  0.0276
  0.0267  0.0265  0.0265  0.0280  0.0273  0.0286  0.0264  0.0270  0.0265  0.0269  0.0263  0.0264
  0.0262  0.0262  0.0262  0.0262  0.0262  0.0261  0.0261  0.0261  0.0261  0.0261  0.0261  0.0261
  0.0267  0.0266  0.0266  0.0263  0.0264  0.0266  0.0265  0.0270  0.0264  0.0268  0.0264  0.0266
  0.0282  0.0277  0.0275  0.0290  0.0282  0.0303  0.0276  0.0294  0.0273  0.0288  0.0272  0.0276
  0.0307  0.0296  0.0289  0.0335  0.0309  0.0351  0.0294  0.0325  0.0290  0.0318  0.0283  0.0289
niter,ni,del,rscale     4    3    5.0000    1.2000
parameters
   -2.7121   23.8245  -11.5094   -7.4245  -16.2542  -12.3035
  -10.0373   -4.0402   10.0140   35.5197    0.4357  -31.8817
eta,q 0.97385 14.01615
  0.0307  0.0292  0.0289  0.0324  0.0311  0.0336  0.0292  0.0328  0.0289  0.0307  0.0283  0.0295
  0.0283  0.0276  0.0274  0.0302  0.0290  0.0312  0.0276  0.0295  0.0275  0.0286  0.0271  0.0275
  0.0267  0.0265  0.0264  0.0279  0.0273  0.0287  0.0265  0.0270  0.0265  0.0270  0.0263  0.0263
  0.0262  0.0262  0.0262  0.0262  0.0262  0.0261  0.0261  0.0261  0.0261  0.0261  0.0261  0.0261
  0.0267  0.0266  0.0265  0.0264  0.0264  0.0265  0.0265  0.0271  0.0264  0.0267  0.0264  0.0267
  0.0282  0.0277  0.0274  0.0291  0.0284  0.0301  0.0276  0.0294  0.0274  0.0286  0.0271  0.0276
  0.0306  0.0295  0.0288  0.0336  0.0311  0.0350  0.0293  0.0326  0.0290  0.0316  0.0283  0.0290
niter,ni,del,rscale     3    3    5.0000    1.2000
parameters
   -2.7043   23.7935  -11.4940   -7.4395  -16.1480  -12.2843
  -10.0606   -4.0167   10.0323   35.4185    0.4144  -31.7925
eta,q 0.97385 14.01676
  0.0307  0.0293  0.0289  0.0324  0.0310  0.0336  0.0293  0.0328  0.0289  0.0308  0.0283  0.0295
  0.0282  0.0276  0.0274  0.0301  0.0289  0.0312  0.0276  0.0295  0.0275  0.0287  0.0271  0.0274
  0.0267  0.0265  0.0264  0.0279  0.0272  0.0287  0.0265  0.0270  0.0265  0.0270  0.0264  0.0263
  0.0262  0.0262  0.0262  0.0262  0.0262  0.0261  0.0261  0.0261  0.0261  0.0261  0.0261  0.0261
  0.0267  0.0265  0.0265  0.0263  0.0265  0.0265  0.0265  0.0271  0.0264  0.0266  0.0264  0.0267
  0.0282  0.0276  0.0274  0.0291  0.0285  0.0301  0.0276  0.0294  0.0274  0.0285  0.0271  0.0276
  0.0306  0.0295  0.0288  0.0336  0.0312  0.0349  0.0293  0.0326  0.0290  0.0315  0.0283  0.0290
niter,ni,del,rscale     2    3    5.0000    1.2000
parameters
   -2.6996   23.7763  -11.4828   -7.4523  -16.0913  -12.2682
  -10.0761   -4.0029   10.0465   35.3632    0.3996  -31.7375
eta,q 0.97385 14.01706
  0.0306  0.0293  0.0289  0.0324  0.0310  0.0336  0.0293  0.0328  0.0289  0.0309  0.0283  0.0294
  0.0282  0.0276  0.0273  0.0301  0.0289  0.0312  0.0276  0.0294  0.0275  0.0287  0.0271  0.0274
  0.0267  0.0265  0.0264  0.0279  0.0272  0.0287  0.0265  0.0270  0.0265  0.0271  0.0264  0.0263
  0.0262  0.0262  0.0262  0.0262  0.0262  0.0262  0.0261  0.0261  0.0261  0.0261  0.0261  0.0261
  0.0267  0.0265  0.0265  0.0263  0.0265  0.0265  0.0265  0.0271  0.0264  0.0266  0.0264  0.0267
  0.0282  0.0276  0.0274  0.0291  0.0285  0.0301  0.0276  0.0295  0.0274  0.0285  0.0271  0.0277
  0.0306  0.0294  0.0288  0.0336  0.0312  0.0349  0.0293  0.0326  0.0290  0.0314  0.0283  0.0290
registration optimization eta report
parameter search radius
    2.4000    2.4000    2.4000    8.2800    8.2800    8.2800
    7.2000    7.2000    7.2000    7.2000    7.2000    8.2800
100000*second partial in parameter space
       77.       56.       46.       10.        7.       11.
        6.       12.        5.        9.        4.        4.
  0.0306  0.0293  0.0289  0.0324  0.0310  0.0336  0.0293  0.0328  0.0289  0.0309  0.0283  0.0294
  0.0282  0.0276  0.0273  0.0301  0.0289  0.0312  0.0276  0.0294  0.0275  0.0287  0.0271  0.0274
  0.0267  0.0265  0.0264  0.0279  0.0272  0.0287  0.0265  0.0270  0.0265  0.0271  0.0264  0.0263
  0.0262  0.0262  0.0262  0.0262  0.0262  0.0262  0.0261  0.0261  0.0261  0.0261  0.0261  0.0261
  0.0267  0.0265  0.0265  0.0263  0.0265  0.0265  0.0265  0.0271  0.0264  0.0266  0.0264  0.0267
  0.0282  0.0276  0.0274  0.0291  0.0285  0.0301  0.0276  0.0295  0.0274  0.0285  0.0271  0.0277
  0.0306  0.0294  0.0288  0.0336  0.0312  0.0349  0.0293  0.0326  0.0290  0.0314  0.0283  0.0290
   -2.6996   23.7763  -11.4828   -7.4523  -16.0913  -12.2682
  -10.0761   -4.0029   10.0465   35.3632    0.3996  -31.7375
eta,q 0.97385 14.01706

---------------------------------------------------------------------
imgreg_4dfp /opt/freesurfer/average/711-2C_as_mni_average_305 /opt/freesurfer/average/711-2B_as_mni_average_305_mask talsrcimg_g11 none talsrcimg_to_711-2C_as_mni_average_305_t4 2311
---------------------------------------------------------------------

freesurfer imgreg_4dfp.c
/opt/freesurfer/average/711-2C_as_mni_average_305.4dfp.img
       256       256       256         1
  1.000000  1.000000  1.000000
orientation T byte_order littleendian
Reading image: /opt/freesurfer/average/711-2C_as_mni_average_305.4dfp.img
dimensions:      256       256       256
mmppix:       1.0000   -1.0000   -1.0000
center:     128.0000 -129.0000 -129.0000
/opt/freesurfer/average/711-2B_as_mni_average_305_mask.4dfp.img
       256       256       256         1
  1.000000  1.000000  1.000000
orientation T byte_order littleendian
Reading mask: /opt/freesurfer/average/711-2B_as_mni_average_305_mask.4dfp.img (2306576 pixels)
talsrcimg_g11.4dfp.img
       256       256       256         1
  1.000000  1.000000  1.000000
orientation T byte_order littleendian
Reading image: talsrcimg_g11.4dfp.img
dimensions:      256       256       256
mmppix:       1.0000   -1.0000   -1.0000
center:     128.0000 -129.0000 -129.0000
fimgreg.f
image alignment mode   2311 decimal      907 hex
parameters
   -2.6996   23.7763  -11.4828   -7.4523  -16.0913  -12.2682
  -10.0761   -4.0029   10.0465   35.3632    0.3996  -31.7375
eta,q 0.97385 14.01705
niter,ni,del,rscale     5    3    5.0000    0.8000
parameters
   -2.6909   23.7877  -11.5097   -6.6317  -15.8833  -11.7015
  -10.0017   -3.9263    9.9569   35.2813    0.5091  -32.0023
eta,q 0.97425 14.04157
  0.0282  0.0276  0.0273  0.0296  0.0281  0.0303  0.0275  0.0296  0.0271  0.0283  0.0270  0.0269
  0.0271  0.0268  0.0267  0.0283  0.0271  0.0288  0.0266  0.0277  0.0264  0.0271  0.0263  0.0262
  0.0264  0.0263  0.0263  0.0270  0.0264  0.0271  0.0260  0.0263  0.0259  0.0261  0.0259  0.0258
  0.0262  0.0262  0.0261  0.0262  0.0260  0.0259  0.0258  0.0258  0.0258  0.0258  0.0258  0.0258
  0.0264  0.0263  0.0263  0.0260  0.0260  0.0259  0.0259  0.0262  0.0259  0.0261  0.0259  0.0260
  0.0270  0.0268  0.0267  0.0266  0.0267  0.0270  0.0265  0.0275  0.0264  0.0271  0.0263  0.0265
  0.0282  0.0276  0.0274  0.0282  0.0279  0.0292  0.0274  0.0294  0.0273  0.0286  0.0269  0.0271
niter,ni,del,rscale     4    3    5.0000    0.7000
parameters
   -2.7066   23.7955  -11.2632   -6.6955  -15.9422  -11.3514
   -9.9482   -3.9561    9.9790   35.2866    0.5475  -32.0469
eta,q 0.97433 14.04579
  0.0275  0.0270  0.0272  0.0281  0.0273  0.0294  0.0270  0.0286  0.0268  0.0278  0.0266  0.0266
  0.0265  0.0263  0.0265  0.0270  0.0266  0.0280  0.0263  0.0271  0.0262  0.0267  0.0261  0.0260
  0.0259  0.0259  0.0260  0.0261  0.0260  0.0266  0.0258  0.0260  0.0258  0.0260  0.0258  0.0257
  0.0258  0.0258  0.0258  0.0257  0.0257  0.0257  0.0257  0.0257  0.0257  0.0257  0.0257  0.0257
  0.0260  0.0259  0.0257  0.0260  0.0259  0.0259  0.0258  0.0261  0.0258  0.0259  0.0258  0.0258
  0.0266  0.0263  0.0260  0.0269  0.0265  0.0269  0.0262  0.0272  0.0262  0.0266  0.0261  0.0261
  0.0275  0.0270  0.0265  0.0284  0.0275  0.0287  0.0269  0.0287  0.0268  0.0279  0.0266  0.0266
niter,ni,del,rscale     3    3    5.0000    0.6000
parameters
   -2.7083   23.8017  -11.1496   -6.7012  -15.9813  -11.1731
   -9.9409   -3.9746   10.0083   35.2772    0.5734  -32.0960
eta,q 0.97436 14.04766
  0.0270  0.0266  0.0266  0.0275  0.0269  0.0286  0.0266  0.0279  0.0265  0.0273  0.0264  0.0264
  0.0262  0.0261  0.0261  0.0266  0.0263  0.0273  0.0261  0.0267  0.0260  0.0264  0.0260  0.0259
  0.0258  0.0258  0.0258  0.0260  0.0259  0.0262  0.0258  0.0259  0.0257  0.0259  0.0257  0.0257
  0.0257  0.0257  0.0257  0.0257  0.0257  0.0257  0.0256  0.0256  0.0256  0.0256  0.0256  0.0256
  0.0258  0.0258  0.0257  0.0258  0.0258  0.0259  0.0258  0.0259  0.0257  0.0258  0.0257  0.0258
  0.0263  0.0261  0.0259  0.0265  0.0262  0.0267  0.0261  0.0268  0.0260  0.0264  0.0260  0.0260
  0.0270  0.0266  0.0263  0.0277  0.0270  0.0282  0.0266  0.0280  0.0265  0.0273  0.0263  0.0263
niter,ni,del,rscale     2    3    5.0000    0.5000
parameters
   -2.7104   23.8032  -11.0922   -6.6788  -15.9841  -11.0766
   -9.9368   -3.9857   10.0190   35.2832    0.5894  -32.1472
eta,q 0.97437 14.04901
  0.0265  0.0263  0.0263  0.0270  0.0265  0.0278  0.0263  0.0273  0.0262  0.0268  0.0261  0.0261
  0.0260  0.0259  0.0259  0.0263  0.0261  0.0267  0.0259  0.0264  0.0259  0.0262  0.0259  0.0258
  0.0257  0.0257  0.0257  0.0258  0.0258  0.0260  0.0257  0.0258  0.0257  0.0258  0.0257  0.0257
  0.0256  0.0256  0.0256  0.0256  0.0256  0.0256  0.0256  0.0256  0.0256  0.0256  0.0256  0.0256
  0.0257  0.0257  0.0257  0.0258  0.0257  0.0258  0.0257  0.0258  0.0257  0.0258  0.0257  0.0257
  0.0261  0.0259  0.0259  0.0262  0.0260  0.0265  0.0259  0.0264  0.0259  0.0262  0.0259  0.0259
  0.0266  0.0263  0.0262  0.0270  0.0266  0.0276  0.0263  0.0273  0.0262  0.0268  0.0261  0.0261
niter,ni,del,rscale     1    3    5.0000    0.4000
parameters
   -2.7136   23.8074  -11.0618   -6.6574  -15.9718  -11.0320
   -9.9357   -3.9966   10.0332   35.2974    0.5920  -32.1958
eta,q 0.97437 14.05019
  0.0262  0.0260  0.0260  0.0265  0.0262  0.0271  0.0261  0.0267  0.0260  0.0264  0.0260  0.0259
  0.0259  0.0258  0.0258  0.0261  0.0259  0.0263  0.0258  0.0261  0.0258  0.0260  0.0258  0.0258
  0.0257  0.0257  0.0257  0.0258  0.0257  0.0258  0.0257  0.0258  0.0257  0.0257  0.0257  0.0257
  0.0256  0.0256  0.0256  0.0256  0.0256  0.0256  0.0256  0.0256  0.0256  0.0256  0.0256  0.0256
  0.0257  0.0257  0.0257  0.0257  0.0257  0.0258  0.0257  0.0258  0.0257  0.0257  0.0257  0.0257
  0.0259  0.0258  0.0258  0.0260  0.0259  0.0262  0.0258  0.0261  0.0258  0.0260  0.0258  0.0258
  0.0262  0.0260  0.0260  0.0266  0.0262  0.0270  0.0261  0.0267  0.0260  0.0264  0.0260  0.0260
registration optimization eta report
parameter search radius
    0.8000    0.8000    0.8000    2.4000    2.4000    2.4000
    2.4000    2.4000    2.4000    2.4000    2.4000    2.4000
100000*second partial in parameter space
       92.       63.       58.       16.       11.       24.
        7.       19.        7.       14.        6.        6.
  0.0262  0.0260  0.0260  0.0265  0.0262  0.0271  0.0261  0.0267  0.0260  0.0264  0.0260  0.0259
  0.0259  0.0258  0.0258  0.0261  0.0259  0.0263  0.0258  0.0261  0.0258  0.0260  0.0258  0.0258
  0.0257  0.0257  0.0257  0.0258  0.0257  0.0258  0.0257  0.0258  0.0257  0.0257  0.0257  0.0257
  0.0256  0.0256  0.0256  0.0256  0.0256  0.0256  0.0256  0.0256  0.0256  0.0256  0.0256  0.0256
  0.0257  0.0257  0.0257  0.0257  0.0257  0.0258  0.0257  0.0258  0.0257  0.0257  0.0257  0.0257
  0.0259  0.0258  0.0258  0.0260  0.0259  0.0262  0.0258  0.0261  0.0258  0.0260  0.0258  0.0258
  0.0262  0.0260  0.0260  0.0266  0.0262  0.0270  0.0261  0.0267  0.0260  0.0264  0.0260  0.0260
   -2.7136   23.8074  -11.0618   -6.6574  -15.9718  -11.0320
   -9.9357   -3.9966   10.0332   35.2974    0.5920  -32.1958
eta,q 0.97437 14.05019

---------------------------------------------------------------------
imgreg_4dfp /opt/freesurfer/average/711-2C_as_mni_average_305 /opt/freesurfer/average/711-2B_as_mni_average_305_mask talsrcimg_g11 none talsrcimg_to_711-2C_as_mni_average_305_t4 2311
---------------------------------------------------------------------

freesurfer imgreg_4dfp.c
/opt/freesurfer/average/711-2C_as_mni_average_305.4dfp.img
       256       256       256         1
  1.000000  1.000000  1.000000
orientation T byte_order littleendian
Reading image: /opt/freesurfer/average/711-2C_as_mni_average_305.4dfp.img
dimensions:      256       256       256
mmppix:       1.0000   -1.0000   -1.0000
center:     128.0000 -129.0000 -129.0000
/opt/freesurfer/average/711-2B_as_mni_average_305_mask.4dfp.img
       256       256       256         1
  1.000000  1.000000  1.000000
orientation T byte_order littleendian
Reading mask: /opt/freesurfer/average/711-2B_as_mni_average_305_mask.4dfp.img (2306576 pixels)
talsrcimg_g11.4dfp.img
       256       256       256         1
  1.000000  1.000000  1.000000
orientation T byte_order littleendian
Reading image: talsrcimg_g11.4dfp.img
dimensions:      256       256       256
mmppix:       1.0000   -1.0000   -1.0000
center:     128.0000 -129.0000 -129.0000
fimgreg.f
image alignment mode   2311 decimal      907 hex
parameters
   -2.7136   23.8074  -11.0618   -6.6574  -15.9718  -11.0320
   -9.9357   -3.9966   10.0332   35.2974    0.5920  -32.1958
eta,q 0.97437 14.05019
niter,ni,del,rscale     5    3    5.0000    0.8000
parameters
   -2.7122   23.7898  -11.0536   -6.9704  -16.1902  -11.1684
   -9.9777   -4.0079   10.0436   35.2976    0.5584  -32.0539
eta,q 0.97432 14.04164
  0.0279  0.0272  0.0271  0.0283  0.0275  0.0296  0.0272  0.0294  0.0271  0.0283  0.0269  0.0270
  0.0267  0.0263  0.0263  0.0271  0.0266  0.0280  0.0264  0.0274  0.0263  0.0271  0.0262  0.0262
  0.0259  0.0258  0.0258  0.0261  0.0260  0.0264  0.0259  0.0261  0.0259  0.0261  0.0258  0.0258
  0.0256  0.0256  0.0256  0.0256  0.0257  0.0257  0.0257  0.0257  0.0257  0.0257  0.0257  0.0257
  0.0259  0.0258  0.0258  0.0260  0.0259  0.0262  0.0259  0.0262  0.0258  0.0259  0.0258  0.0258
  0.0267  0.0264  0.0263  0.0274  0.0267  0.0279  0.0264  0.0275  0.0263  0.0269  0.0262  0.0262
  0.0279  0.0273  0.0271  0.0295  0.0281  0.0305  0.0273  0.0294  0.0271  0.0285  0.0269  0.0268
niter,ni,del,rscale     4    3    5.0000    0.7000
parameters
   -2.7071   23.8058  -11.1148   -6.8182  -16.1097  -11.1749
   -9.9681   -3.9868   10.0204   35.2837    0.5715  -32.0766
eta,q 0.97435 14.04468
  0.0274  0.0269  0.0267  0.0282  0.0273  0.0291  0.0269  0.0287  0.0267  0.0278  0.0266  0.0266
  0.0265  0.0263  0.0261  0.0271  0.0266  0.0276  0.0262  0.0271  0.0262  0.0267  0.0261  0.0260
  0.0259  0.0258  0.0258  0.0262  0.0260  0.0263  0.0258  0.0260  0.0258  0.0260  0.0258  0.0257
  0.0257  0.0257  0.0257  0.0257  0.0257  0.0257  0.0257  0.0257  0.0257  0.0257  0.0257  0.0257
  0.0259  0.0258  0.0258  0.0258  0.0258  0.0260  0.0258  0.0260  0.0258  0.0259  0.0258  0.0258
  0.0264  0.0262  0.0262  0.0266  0.0263  0.0273  0.0262  0.0271  0.0262  0.0266  0.0261  0.0261
  0.0274  0.0269  0.0269  0.0281  0.0273  0.0294  0.0269  0.0286  0.0268  0.0279  0.0266  0.0266
niter,ni,del,rscale     3    3    5.0000    0.6000
parameters
   -2.7088   23.8077  -11.1046   -6.7338  -16.0434  -11.1189
   -9.9518   -3.9862   10.0240   35.2831    0.5880  -32.1179
eta,q 0.97436 14.04726
  0.0269  0.0266  0.0265  0.0276  0.0269  0.0284  0.0266  0.0279  0.0265  0.0273  0.0264  0.0264
  0.0262  0.0261  0.0260  0.0267  0.0263  0.0272  0.0261  0.0267  0.0260  0.0264  0.0260  0.0259
  0.0258  0.0258  0.0258  0.0260  0.0259  0.0261  0.0258  0.0259  0.0257  0.0259  0.0257  0.0257
  0.0257  0.0257  0.0257  0.0257  0.0256  0.0256  0.0256  0.0256  0.0256  0.0256  0.0256  0.0256
  0.0258  0.0258  0.0257  0.0258  0.0257  0.0259  0.0257  0.0259  0.0257  0.0258  0.0257  0.0257
  0.0262  0.0260  0.0260  0.0264  0.0262  0.0269  0.0261  0.0267  0.0260  0.0264  0.0260  0.0260
  0.0269  0.0266  0.0265  0.0276  0.0269  0.0284  0.0266  0.0279  0.0265  0.0273  0.0263  0.0263
niter,ni,del,rscale     2    3    5.0000    0.5000
parameters
   -2.7110   23.8052  -11.0819   -6.6902  -16.0051  -11.0624
   -9.9413   -3.9928   10.0282   35.2877    0.5929  -32.1575
eta,q 0.97436 14.04879
  0.0265  0.0263  0.0262  0.0270  0.0265  0.0277  0.0263  0.0273  0.0262  0.0268  0.0261  0.0261
  0.0260  0.0259  0.0259  0.0264  0.0261  0.0267  0.0259  0.0264  0.0259  0.0262  0.0259  0.0258
  0.0257  0.0257  0.0257  0.0259  0.0258  0.0259  0.0257  0.0258  0.0257  0.0258  0.0257  0.0257
  0.0256  0.0256  0.0256  0.0256  0.0256  0.0256  0.0256  0.0256  0.0256  0.0256  0.0256  0.0256
  0.0257  0.0257  0.0257  0.0257  0.0257  0.0258  0.0257  0.0258  0.0257  0.0258  0.0257  0.0257
  0.0260  0.0259  0.0259  0.0262  0.0260  0.0265  0.0259  0.0264  0.0259  0.0262  0.0259  0.0259
  0.0266  0.0263  0.0262  0.0270  0.0266  0.0276  0.0263  0.0273  0.0262  0.0268  0.0261  0.0261
niter,ni,del,rscale     1    3    5.0000    0.4000
parameters
   -2.7130   23.8080  -11.0566   -6.6617  -15.9809  -11.0274
   -9.9345   -4.0009   10.0327   35.2999    0.6013  -32.1961
eta,q 0.97437 14.05015
  0.0262  0.0260  0.0260  0.0265  0.0262  0.0271  0.0261  0.0267  0.0260  0.0264  0.0260  0.0259
  0.0259  0.0258  0.0258  0.0261  0.0259  0.0263  0.0258  0.0261  0.0258  0.0260  0.0258  0.0258
  0.0257  0.0257  0.0257  0.0258  0.0257  0.0258  0.0257  0.0258  0.0257  0.0257  0.0257  0.0257
  0.0256  0.0256  0.0256  0.0256  0.0256  0.0256  0.0256  0.0256  0.0256  0.0256  0.0256  0.0256
  0.0257  0.0257  0.0257  0.0257  0.0257  0.0258  0.0257  0.0258  0.0257  0.0257  0.0257  0.0257
  0.0259  0.0258  0.0258  0.0260  0.0259  0.0262  0.0258  0.0261  0.0258  0.0260  0.0258  0.0258
  0.0262  0.0260  0.0260  0.0266  0.0262  0.0270  0.0261  0.0267  0.0260  0.0264  0.0259  0.0260
registration optimization eta report
parameter search radius
    0.8000    0.8000    0.8000    2.4000    2.4000    2.4000
    2.4000    2.4000    2.4000    2.4000    2.4000    2.4000
100000*second partial in parameter space
       92.       63.       58.       16.       10.       24.
        7.       19.        7.       13.        6.        6.
  0.0262  0.0260  0.0260  0.0265  0.0262  0.0271  0.0261  0.0267  0.0260  0.0264  0.0260  0.0259
  0.0259  0.0258  0.0258  0.0261  0.0259  0.0263  0.0258  0.0261  0.0258  0.0260  0.0258  0.0258
  0.0257  0.0257  0.0257  0.0258  0.0257  0.0258  0.0257  0.0258  0.0257  0.0257  0.0257  0.0257
  0.0256  0.0256  0.0256  0.0256  0.0256  0.0256  0.0256  0.0256  0.0256  0.0256  0.0256  0.0256
  0.0257  0.0257  0.0257  0.0257  0.0257  0.0258  0.0257  0.0258  0.0257  0.0257  0.0257  0.0257
  0.0259  0.0258  0.0258  0.0260  0.0259  0.0262  0.0258  0.0261  0.0258  0.0260  0.0258  0.0258
  0.0262  0.0260  0.0260  0.0266  0.0262  0.0270  0.0261  0.0267  0.0260  0.0264  0.0259  0.0260
   -2.7130   23.8080  -11.0566   -6.6617  -15.9809  -11.0274
   -9.9345   -4.0009   10.0327   35.2999    0.6013  -32.1961
eta,q 0.97437 14.05015

---------------------------------------------------------------------
compute_vox2vox talsrcimg talsrcimg_to_711-2C_as_mni_average_305_t4 /opt/freesurfer/average/711-2C_as_mni_average_305
---------------------------------------------------------------------

freesurfer compute_vox2vox.c
Reading: talsrcimg.4dfp.ifh
Reading: talsrcimg_to_711-2C_as_mni_average_305_t4
Reading: /opt/freesurfer/average/711-2C_as_mni_average_305.4dfp.ifh
Writing: talsrcimg_to_711-2C_as_mni_average_305_t4_vox2vox.txt

start time Sun Nov 24 06:03:24 UTC 2024
end		time Sun Nov 24 06:04:14 UTC 2024

mpr2mni305 success

avi2talxfm orig_nu.mgz /opt/freesurfer/average/mni305.cor.mgz talsrcimg_to_711-2C_as_mni_average_305_t4_vox2vox.txt transforms/talairach.auto.xfm
avi2talxfm done
mv -f /scratch/tmp/fs_mp2rage_tests2/sourcedata/freesurfer_memprage/sub-fsm79bf/mri/talsrcimg_to_711-2C_as_mni_average_305_t4_vox2vox.txt /scratch/tmp/fs_mp2rage_tests2/sourcedata/freesurfer_memprage/sub-fsm79bf/mri/transforms/talsrcimg_to_711-2C_as_mni_average_305_t4_vox2vox.txt
lta_convert --src orig_nu.mgz --trg /opt/freesurfer/average/mni305.cor.mgz --inxfm transforms/talairach.auto.xfm --outlta transforms/talairach.auto.xfm.lta --subject fsaverage
7.3.2

--src: orig_nu.mgz src image (geometry).
--trg: /opt/freesurfer/average/mni305.cor.mgz trg image (geometry).
--inmni: transforms/talairach.auto.xfm input MNI/XFM transform.
--outlta: transforms/talairach.auto.xfm.lta output LTA.
--s: fsaverage subject name
 LTA read, type : 1
 1.05801  -0.00179   0.12442   0.47334;
-0.04589   0.97569   0.36846  -20.51971;
-0.10706  -0.40971   1.02054  -4.86008;
 0.00000   0.00000   0.00000   1.00000;
setting subject to fsaverage
Writing  LTA to file transforms/talairach.auto.xfm.lta...
lta_convert successful.
 
 
Started at Sun Nov 24 06:03:21 UTC 2024
Ended   at Sun Nov 24 06:04:15 UTC 2024
talairach_avi done
