/scratch/tmp/fs_mp2rage_tests2/sourcedata/freesurfer_memprage/sub-fsm85fp/mri
/opt/freesurfer/bin/talairach_avi
--i orig_nu.mgz --xfm transforms/talairach.auto.xfm
talairach_avi 7.3.2
Linux elm.criugm.qc.ca 5.15.0-113-generic #123-Ubuntu SMP Mon Jun 10 08:16:17 UTC 2024 x86_64 x86_64 x86_64 GNU/Linux
Sun Nov 24 06:19:28 UTC 2024
mri_convert orig_nu.mgz talsrcimg.img 
reading from orig_nu.mgz...
TR=0.00, TE=0.00, TI=0.00, flip angle=0.00
i_ras = (-1, -3.7835e-10, -4.65661e-10)
j_ras = (0, 0, -1)
k_ras = (2.24099e-09, 1, 0)
writing to talsrcimg.img...
Analyze Output Matrix
-1.00000   0.00000   0.00000   131.95865;
-0.00000   0.00000   1.00000  -108.03831;
-0.00000  -1.00000   0.00000   104.83121;
 0.00000   0.00000   0.00000   1.00000;
--------------------
INFO: set hdr.hist.orient to -1
mpr2mni305 talsrcimg
Sun Nov 24 06:19:31 UTC 2024
/opt/freesurfer/bin/mpr2mni305 talsrcimg
mpr2mni305 7.3.2
target=711-2C_as_mni_average_305

---------------------------------------------------------------------
analyzeto4dfp talsrcimg -O0 -y
---------------------------------------------------------------------

freesurfer ifh2hdr.c
Sun Nov 24 06:19:31 2024
Writing: talsrcimg.4dfp.hdr
freesurfer analyzeto4dfp.c
Reading: talsrcimg.hdr
header size 348 bytes
hdr.dime.datatype	offset=70	value=2
hdr.dime.bitpix		offset=72	value=8
hdr.hist.orient		offset=252	value=-1
dimensionality     4
dimensions       256       256       256         1
Reading: talsrcimg.img
Writing: talsrcimg.4dfp.img
Writing: talsrcimg.4dfp.ifh
ifh2hdr talsrcimg -r0to255
ori=2

---------------------------------------------------------------------
gauss_4dfp talsrcimg 1.1
---------------------------------------------------------------------

freesurfer gauss_4dfp.c
Reading: talsrcimg.4dfp.img
Writing: talsrcimg_g11.4dfp.img
image dimensions 256 256 256 padded to 288 288 288
processing volume 1freesurfer ifh2hdr.c
Sun Nov 24 06:19:40 2024
Writing: talsrcimg_g11.4dfp.hdr

Writing: talsrcimg_g11.4dfp.ifh
including: talsrcimg.4dfp.img.rec in talsrcimg_g11.4dfp.img.rec

---------------------------------------------------------------------
imgreg_4dfp /opt/freesurfer/average/711-2C_as_mni_average_305 none talsrcimg_g11 none talsrcimg_to_711-2C_as_mni_average_305_t4 4355
---------------------------------------------------------------------

freesurfer imgreg_4dfp.c
/opt/freesurfer/average/711-2C_as_mni_average_305.4dfp.img
       256       256       256         1
  1.000000  1.000000  1.000000
orientation T byte_order littleendian
Reading image: /opt/freesurfer/average/711-2C_as_mni_average_305.4dfp.img
dimensions:      256       256       256
mmppix:       1.0000   -1.0000   -1.0000
center:     128.0000 -129.0000 -129.0000
talsrcimg_g11.4dfp.img
       256       256       256         1
  1.000000  1.000000  1.000000
orientation T byte_order littleendian
Reading image: talsrcimg_g11.4dfp.img
dimensions:      256       256       256
mmppix:       1.0000   -1.0000   -1.0000
center:     128.0000 -129.0000 -129.0000
t4_read: open error in t4_sub.f l:  41 t4_file(1:l)talsrcimg_to_711-2C_as_mni_average_305_t4 
t4_read: transform initialized to I4
rotation matrix determinant  1.000000
image alignment mode   4355 decimal     1103 hex
   -7.5000  -45.0000  -45.0000 9630.5068    7.8995
    0.0000  -45.0000  -45.0000 9982.0449    7.9149
    7.5000  -45.0000  -45.0000 9581.3545    7.9219
   -7.5000  -37.5000  -45.0000 9679.2129    7.8796
    0.0000  -37.5000  -45.000010048.4561    7.8933
    7.5000  -37.5000  -45.0000 9620.6895    7.9003
   -7.5000  -30.0000  -45.000010038.8203    7.6845
    0.0000  -30.0000  -45.000010428.7822    7.6983
    7.5000  -30.0000  -45.0000 9958.1484    7.7046
   -7.5000  -22.5000  -45.000010437.2725    7.5267
    0.0000  -22.5000  -45.000010856.6152    7.5393
    7.5000  -22.5000  -45.000010327.6895    7.5441
   -7.5000  -15.0000  -45.000010837.9834    7.3945
    0.0000  -15.0000  -45.000011270.1406    7.4065
    7.5000  -15.0000  -45.000010734.4697    7.4113
   -7.5000   -7.5000  -45.000011298.9727    7.3619
    0.0000   -7.5000  -45.000011751.8271    7.3747
    7.5000   -7.5000  -45.000011186.2119    7.3813
   -7.5000    0.0000  -45.000011732.5156    7.3727
    0.0000    0.0000  -45.000012220.5977    7.3865
    7.5000    0.0000  -45.000011621.1758    7.3949
   -7.5000    7.5000  -45.000011344.5742    7.5193
    0.0000    7.5000  -45.000011829.4160    7.5327
    7.5000    7.5000  -45.000011227.0781    7.5404
   -7.5000   15.0000  -45.000010965.2520    7.7661
    0.0000   15.0000  -45.000011433.0479    7.7774
    7.5000   15.0000  -45.000010841.7373    7.7815
   -7.5000   22.5000  -45.000010493.7559    8.0079
    0.0000   22.5000  -45.000010949.2705    8.0169
    7.5000   22.5000  -45.000010361.9414    8.0176
   -7.5000   30.0000  -45.0000 9975.0684    8.1486
    0.0000   30.0000  -45.000010419.2637    8.1566
    7.5000   30.0000  -45.0000 9865.2109    8.1556
   -7.5000   37.5000  -45.0000 9802.6094    8.4027
    0.0000   37.5000  -45.000010252.3750    8.4123
    7.5000   37.5000  -45.0000 9687.7480    8.4125
   -7.5000   45.0000  -45.0000 9277.6875    8.4600
    0.0000   45.0000  -45.0000 9707.3887    8.4721
    7.5000   45.0000  -45.0000 9164.0723    8.4735
   -7.5000  -45.0000  -37.500010069.5664    7.8144
    0.0000  -45.0000  -37.500010424.8604    7.8275
    7.5000  -45.0000  -37.5000 9999.1025    7.8316
   -7.5000  -37.5000  -37.500010141.3076    7.7976
    0.0000  -37.5000  -37.500010506.3730    7.8093
    7.5000  -37.5000  -37.500010052.8418    7.8140
   -7.5000  -30.0000  -37.500010520.7168    7.6059
    0.0000  -30.0000  -37.500010913.8457    7.6184
    7.5000  -30.0000  -37.500010412.0566    7.6225
   -7.5000  -22.5000  -37.500010967.2373    7.4504
    0.0000  -22.5000  -37.500011390.6885    7.4616
    7.5000  -22.5000  -37.500010855.1680    7.4643
   -7.5000  -15.0000  -37.500011427.5996    7.3199
    0.0000  -15.0000  -37.500011870.0713    7.3299
    7.5000  -15.0000  -37.500011305.7090    7.3324
   -7.5000   -7.5000  -37.500011939.8994    7.2872
    0.0000   -7.5000  -37.500012425.5322    7.2977
    7.5000   -7.5000  -37.500011822.8818    7.3017
   -7.5000    0.0000  -37.500012399.9941    7.2982
    0.0000    0.0000  -37.500012928.1348    7.3098
    7.5000    0.0000  -37.500012287.4873    7.3155
   -7.5000    7.5000  -37.500011974.4346    7.4441
    0.0000    7.5000  -37.500012510.5068    7.4557
    7.5000    7.5000  -37.500011875.1113    7.4610
   -7.5000   15.0000  -37.500011582.4746    7.6860
    0.0000   15.0000  -37.500012090.6631    7.6960
    7.5000   15.0000  -37.500011456.9023    7.6978
   -7.5000   22.5000  -37.500011075.9365    7.9234
    0.0000   22.5000  -37.500011561.2158    7.9309
    7.5000   22.5000  -37.500010946.2256    7.9286
   -7.5000   30.0000  -37.500010509.6348    8.0599
    0.0000   30.0000  -37.500010983.8994    8.0656
    7.5000   30.0000  -37.500010405.9629    8.0615
   -7.5000   37.5000  -37.500010310.6514    8.3123
    0.0000   37.5000  -37.500010782.9375    8.3184
    7.5000   37.5000  -37.500010200.7217    8.3152
   -7.5000   45.0000  -37.5000 9786.7090    8.3692
    0.0000   45.0000  -37.500010227.3066    8.3779
    7.5000   45.0000  -37.5000 9672.3984    8.3761
   -7.5000  -45.0000  -30.000010719.7910    8.0714
    0.0000  -45.0000  -30.000011101.2012    8.0823
    7.5000  -45.0000  -30.000010629.8271    8.0850
   -7.5000  -37.5000  -30.000010831.9404    8.0584
    0.0000  -37.5000  -30.000011220.2793    8.0686
    7.5000  -37.5000  -30.000010728.1787    8.0720
   -7.5000  -30.0000  -30.000011256.9033    7.8629
    0.0000  -30.0000  -30.000011680.0488    7.8746
    7.5000  -30.0000  -30.000011149.8242    7.8774
   -7.5000  -22.5000  -30.000011763.0850    7.7015
    0.0000  -22.5000  -30.000012217.2783    7.7119
    7.5000  -22.5000  -30.000011650.5410    7.7129
   -7.5000  -15.0000  -30.000012267.2119    7.5643
    0.0000  -15.0000  -30.000012740.1885    7.5729
    7.5000  -15.0000  -30.000012144.3613    7.5736
   -7.5000   -7.5000  -30.000012819.0801    7.5291
    0.0000   -7.5000  -30.000013342.2188    7.5377
    7.5000   -7.5000  -30.000012715.1777    7.5401
   -7.5000    0.0000  -30.000013300.9014    7.5416
    0.0000    0.0000  -30.000013875.0283    7.5513
    7.5000    0.0000  -30.000013208.8721    7.5558
   -7.5000    7.5000  -30.000012848.1289    7.6958
    0.0000    7.5000  -30.000013416.3281    7.7061
    7.5000    7.5000  -30.000012759.7490    7.7102
   -7.5000   15.0000  -30.000012421.8457    7.9473
    0.0000   15.0000  -30.000012977.9639    7.9562
    7.5000   15.0000  -30.000012299.5625    7.9563
   -7.5000   22.5000  -30.000011883.5967    8.1912
    0.0000   22.5000  -30.000012419.9316    8.1975
    7.5000   22.5000  -30.000011764.8047    8.1927
   -7.5000   30.0000  -30.000011250.5850    8.3310
    0.0000   30.0000  -30.000011769.8945    8.3350
    7.5000   30.0000  -30.000011169.4854    8.3281
   -7.5000   37.5000  -30.000011028.6973    8.5912
    0.0000   37.5000  -30.000011531.8975    8.5946
    7.5000   37.5000  -30.000010931.7080    8.5886
   -7.5000   45.0000  -30.000010475.5459    8.6577
    0.0000   45.0000  -30.000010945.0996    8.6638
    7.5000   45.0000  -30.000010376.2695    8.6598
   -7.5000  -45.0000  -22.500011404.9971    8.3056
    0.0000  -45.0000  -22.500011785.6221    8.3162
    7.5000  -45.0000  -22.500011296.3252    8.3190
   -7.5000  -37.5000  -22.500011547.8164    8.2947
    0.0000  -37.5000  -22.500011953.2705    8.3045
    7.5000  -37.5000  -22.500011437.9062    8.3075
   -7.5000  -30.0000  -22.500012045.0107    8.0960
    0.0000  -30.0000  -22.500012491.7734    8.1073
    7.5000  -30.0000  -22.500011936.7119    8.1093
   -7.5000  -22.5000  -22.500012615.9873    7.9296
    0.0000  -22.5000  -22.500013089.7754    7.9399
    7.5000  -22.5000  -22.500012508.7764    7.9399
   -7.5000  -15.0000  -22.500013151.6230    7.7864
    0.0000  -15.0000  -22.500013648.7861    7.7952
    7.5000  -15.0000  -22.500013038.3125    7.7951
   -7.5000   -7.5000  -22.500013724.3691    7.7484
    0.0000   -7.5000  -22.500014257.5264    7.7571
    7.5000   -7.5000  -22.500013617.7422    7.7594
   -7.5000    0.0000  -22.500014234.3965    7.7613
    0.0000    0.0000  -22.500014825.0723    7.7710
    7.5000    0.0000  -22.500014138.0488    7.7755
   -7.5000    7.5000  -22.500013785.6807    7.9229
    0.0000    7.5000  -22.500014371.5811    7.9328
    7.5000    7.5000  -22.500013686.4717    7.9367
   -7.5000   15.0000  -22.500013350.2383    8.1840
    0.0000   15.0000  -22.500013947.2441    8.1922
    7.5000   15.0000  -22.500013215.4102    8.1915
   -7.5000   22.5000  -22.500012773.1416    8.4349
    0.0000   22.5000  -22.500013357.9521    8.4408
    7.5000   22.5000  -22.500012662.3555    8.4348
   -7.5000   30.0000  -22.500012070.6396    8.5796
    0.0000   30.0000  -22.500012642.8477    8.5837
    7.5000   30.0000  -22.500011992.2090    8.5758
   -7.5000   37.5000  -22.500011800.0645    8.8468
    0.0000   37.5000  -22.500012354.1729    8.8507
    7.5000   37.5000  -22.500011721.6318    8.8441
   -7.5000   45.0000  -22.500011184.2949    8.9231
    0.0000   45.0000  -22.500011701.2178    8.9292
    7.5000   45.0000  -22.500011099.3809    8.9252
   -7.5000  -45.0000  -15.000012104.1533    8.4704
    0.0000  -45.0000  -15.000012519.0352    8.4824
    7.5000  -45.0000  -15.000011987.9111    8.4865
   -7.5000  -37.5000  -15.000012282.9473    8.4596
    0.0000  -37.5000  -15.000012721.8711    8.4706
    7.5000  -37.5000  -15.000012161.8379    8.4746
   -7.5000  -30.0000  -15.000012840.7002    8.2569
    0.0000  -30.0000  -15.000013321.5352    8.2690
    7.5000  -30.0000  -15.000012721.7930    8.2717
   -7.5000  -22.5000  -15.000013465.6045    8.0871
    0.0000  -22.5000  -15.000013979.0352    8.0980
    7.5000  -22.5000  -15.000013356.2236    8.0986
   -7.5000  -15.0000  -15.000014040.1621    7.9413
    0.0000  -15.0000  -15.000014588.5244    7.9509
    7.5000  -15.0000  -15.000013930.9355    7.9514
   -7.5000   -7.5000  -15.000014641.7852    7.9025
    0.0000   -7.5000  -15.000015218.8643    7.9126
    7.5000   -7.5000  -15.000014537.9297    7.9157
   -7.5000    0.0000  -15.000015206.3945    7.9156
    0.0000    0.0000  -15.000015829.4648    7.9267
    7.5000    0.0000  -15.000015102.1475    7.9323
   -7.5000    7.5000  -15.000014758.4697    8.0808
    0.0000    7.5000  -15.000015388.4639    8.0919
    7.5000    7.5000  -15.000014649.8867    8.0969
   -7.5000   15.0000  -15.000014330.0732    8.3477
    0.0000   15.0000  -15.000014969.7568    8.3566
    7.5000   15.0000  -15.000014196.4941    8.3571
   -7.5000   22.5000  -15.000013710.9453    8.6033
    0.0000   22.5000  -15.000014364.0742    8.6096
    7.5000   22.5000  -15.000013623.6445    8.6050
   -7.5000   30.0000  -15.000012923.9756    8.7537
    0.0000   30.0000  -15.000013536.1543    8.7588
    7.5000   30.0000  -15.000012876.2764    8.7521
   -7.5000   37.5000  -15.000012595.0811    9.0277
    0.0000   37.5000  -15.000013189.4980    9.0339
    7.5000   37.5000  -15.000012550.6689    9.0286
   -7.5000   45.0000  -15.000011894.2422    9.1123
    0.0000   45.0000  -15.000012470.0088    9.1205
    7.5000   45.0000  -15.000011842.0312    9.1178
   -7.5000  -45.0000   -7.500012831.7393    8.5458
    0.0000  -45.0000   -7.500013299.9014    8.5608
    7.5000  -45.0000   -7.500012731.8945    8.5668
   -7.5000  -37.5000   -7.500013039.7520    8.5339
    0.0000  -37.5000   -7.500013518.2344    8.5475
    7.5000  -37.5000   -7.500012923.8174    8.5534
   -7.5000  -30.0000   -7.500013662.2207    8.3273
    0.0000  -30.0000   -7.500014195.8223    8.3414
    7.5000  -30.0000   -7.500013555.4854    8.3462
   -7.5000  -22.5000   -7.500014352.6309    8.1563
    0.0000  -22.5000   -7.500014922.7148    8.1690
    7.5000  -22.5000   -7.500014252.5381    8.1719
   -7.5000  -15.0000   -7.500014973.9824    8.0114
    0.0000  -15.0000   -7.500015562.3789    8.0231
    7.5000  -15.0000   -7.500014868.7002    8.0259
   -7.5000   -7.5000   -7.500015628.2148    7.9738
    0.0000   -7.5000   -7.500016235.3564    7.9863
    7.5000   -7.5000   -7.500015516.7812    7.9913
   -7.5000    0.0000   -7.500016248.6758    7.9866
    0.0000    0.0000   -7.500016901.5098    8.0002
    7.5000    0.0000   -7.500016136.8027    8.0076
   -7.5000    7.5000   -7.500015777.8389    8.1514
    0.0000    7.5000   -7.500016438.3809    8.1649
    7.5000    7.5000   -7.500015662.0723    8.1717
   -7.5000   15.0000   -7.500015365.6172    8.4208
    0.0000   15.0000   -7.500016056.0703    8.4320
    7.5000   15.0000   -7.500015251.6943    8.4348
   -7.5000   22.5000   -7.500014743.8193    8.6792
    0.0000   22.5000   -7.500015495.7236    8.6878
    7.5000   22.5000   -7.500014705.2139    8.6861
   -7.5000   30.0000   -7.500013872.6514    8.8355
    0.0000   30.0000   -7.500014580.1416    8.8429
    7.5000   30.0000   -7.500013887.1943    8.8393
   -7.5000   37.5000   -7.500013483.1016    9.1146
    0.0000   37.5000   -7.500014152.0566    9.1239
    7.5000   37.5000   -7.500013476.9658    9.1219
   -7.5000   45.0000   -7.500012712.6152    9.2022
    0.0000   45.0000   -7.500013354.1396    9.2139
    7.5000   45.0000   -7.500012668.2031    9.2140
   -7.5000  -45.0000    0.000013501.7031    8.5622
    0.0000  -45.0000    0.000014036.4814    8.5788
    7.5000  -45.0000    0.000013426.3887    8.5852
   -7.5000  -37.5000    0.000013709.6445    8.5480
    0.0000  -37.5000    0.000014261.6875    8.5631
    7.5000  -37.5000    0.000013627.2695    8.5696
   -7.5000  -30.0000    0.000014384.0293    8.3390
    0.0000  -30.0000    0.000014992.6406    8.3543
    7.5000  -30.0000    0.000014318.7520    8.3601
   -7.5000  -22.5000    0.000015122.3701    8.1686
    0.0000  -22.5000    0.000015774.7529    8.1823
    7.5000  -22.5000    0.000015065.6074    8.1866
   -7.5000  -15.0000    0.000015775.8428    8.0258
    0.0000  -15.0000    0.000016439.3496    8.0387
    7.5000  -15.0000    0.000015739.7354    8.0429
   -7.5000   -7.5000    0.000016472.1934    7.9895
    0.0000   -7.5000    0.000017186.1211    8.0032
    7.5000   -7.5000    0.000016452.4121    8.0092
   -7.5000    0.0000    0.000017116.6406    8.0019
    0.0000    0.0000    0.000017865.6836    8.0168
    7.5000    0.0000    0.000017097.9824    8.0247
   -7.5000    7.5000    0.000016650.0547    8.1640
    0.0000    7.5000    0.000017381.6973    8.1787
    7.5000    7.5000    0.000016579.2910    8.1860
   -7.5000   15.0000    0.000016319.5352    8.4330
    0.0000   15.0000    0.000017144.5137    8.4455
    7.5000   15.0000    0.000016206.8164    8.4493
   -7.5000   22.5000    0.000015836.5723    8.6931
    0.0000   22.5000    0.000016806.2832    8.7031
    7.5000   22.5000    0.000015798.7627    8.7030
   -7.5000   30.0000    0.000014974.8584    8.8526
    0.0000   30.0000    0.000015926.9023    8.8612
    7.5000   30.0000    0.000014979.6582    8.8594
   -7.5000   37.5000    0.000014470.1670    9.1336
    0.0000   37.5000    0.000015294.9902    9.1439
    7.5000   37.5000    0.000014399.6826    9.1433
   -7.5000   45.0000    0.000013532.6650    9.2194
    0.0000   45.0000    0.000014276.4873    9.2325
    7.5000   45.0000    0.000013400.8350    9.2335
   -7.5000  -45.0000    7.500013125.3711    8.5746
    0.0000  -45.0000    7.500013681.9795    8.5897
    7.5000  -45.0000    7.500013069.1807    8.5943
   -7.5000  -37.5000    7.500013325.4561    8.5618
    0.0000  -37.5000    7.500013915.1475    8.5754
    7.5000  -37.5000    7.500013296.5596    8.5806
   -7.5000  -30.0000    7.500013981.6318    8.3525
    0.0000  -30.0000    7.500014603.2812    8.3668
    7.5000  -30.0000    7.500013986.4141    8.3714
   -7.5000  -22.5000    7.500014712.7188    8.1817
    0.0000  -22.5000    7.500015361.0938    8.1946
    7.5000  -22.5000    7.500014750.3164    8.1976
   -7.5000  -15.0000    7.500015380.8848    8.0382
    0.0000  -15.0000    7.500016060.8867    8.0498
    7.5000  -15.0000    7.500015441.4727    8.0526
   -7.5000   -7.5000    7.500016126.1064    8.0014
    0.0000   -7.5000    7.500016874.7266    8.0134
    7.5000   -7.5000    7.500016168.4609    8.0179
   -7.5000    0.0000    7.500016783.7168    8.0139
    0.0000    0.0000    7.500017626.1445    8.0271
    7.5000    0.0000    7.500016799.6484    8.0335
   -7.5000    7.5000    7.500016303.7295    8.1771
    0.0000    7.5000    7.500017181.1348    8.1904
    7.5000    7.5000    7.500016196.9404    8.1963
   -7.5000   15.0000    7.500015990.8535    8.4452
    0.0000   15.0000    7.500017059.6406    8.4569
    7.5000   15.0000    7.500015845.8301    8.4590
   -7.5000   22.5000    7.500015589.4072    8.7055
    0.0000   22.5000    7.500016934.9844    8.7144
    7.5000   22.5000    7.500015542.4404    8.7123
   -7.5000   30.0000    7.500014843.4854    8.8644
    0.0000   30.0000    7.500016153.6299    8.8713
    7.5000   30.0000    7.500014800.1865    8.8673
   -7.5000   37.5000    7.500014306.4756    9.1458
    0.0000   37.5000    7.500015359.5889    9.1533
    7.5000   37.5000    7.500014192.9043    9.1504
   -7.5000   45.0000    7.500013261.6709    9.2314
    0.0000   45.0000    7.500014100.9346    9.2418
    7.5000   45.0000    7.500013120.1055    9.2405
   -7.5000  -45.0000   15.000012591.0967    8.5840
    0.0000  -45.0000   15.000013100.5449    8.5960
    7.5000  -45.0000   15.000012552.9814    8.5988
   -7.5000  -37.5000   15.000012799.4785    8.5741
    0.0000  -37.5000   15.000013333.6074    8.5852
    7.5000  -37.5000   15.000012806.1055    8.5886
   -7.5000  -30.0000   15.000013451.5146    8.3669
    0.0000  -30.0000   15.000014030.5332    8.3794
    7.5000  -30.0000   15.000013500.4395    8.3819
   -7.5000  -22.5000   15.000014192.8057    8.1955
    0.0000  -22.5000   15.000014832.5635    8.2068
    7.5000  -22.5000   15.000014245.7363    8.2074
   -7.5000  -15.0000   15.000014871.5654    8.0494
    0.0000  -15.0000   15.000015586.1943    8.0590
    7.5000  -15.0000   15.000014901.9951    8.0594
   -7.5000   -7.5000   15.000015617.1191    8.0107
    0.0000   -7.5000   15.000016425.6816    8.0203
    7.5000   -7.5000   15.000015610.4688    8.0228
   -7.5000    0.0000   15.000016260.9014    8.0236
    0.0000    0.0000   15.000017145.9375    8.0343
    7.5000    0.0000   15.000016200.7051    8.0389
   -7.5000    7.5000   15.000015761.7441    8.1902
    0.0000    7.5000   15.000016685.3320    8.2013
    7.5000    7.5000   15.000015634.2324    8.2054
   -7.5000   15.0000   15.000015363.7451    8.4589
    0.0000   15.0000   15.000016493.3887    8.4685
    7.5000   15.0000   15.000015301.2217    8.4682
   -7.5000   22.5000   15.000014862.5088    8.7183
    0.0000   22.5000   15.000016185.7363    8.7252
    7.5000   22.5000   15.000014953.0830    8.7200
   -7.5000   30.0000   15.000014104.7529    8.8742
    0.0000   30.0000   15.000015259.3633    8.8789
    7.5000   30.0000   15.000014145.2441    8.8716
   -7.5000   37.5000   15.000013622.9932    9.1545
    0.0000   37.5000   15.000014579.7705    9.1587
    7.5000   37.5000   15.000013593.5303    9.1527
   -7.5000   45.0000   15.000012654.5273    9.2415
    0.0000   45.0000   15.000013485.8330    9.2484
    7.5000   45.0000   15.000012636.1660    9.2447
   -7.5000  -45.0000   22.500012020.1523    8.5967
    0.0000  -45.0000   22.500012475.3145    8.6075
    7.5000  -45.0000   22.500011969.0293    8.6097
   -7.5000  -37.5000   22.500012241.6357    8.5885
    0.0000  -37.5000   22.500012749.2598    8.5984
    7.5000  -37.5000   22.500012212.8125    8.6007
   -7.5000  -30.0000   22.500012879.4121    8.3834
    0.0000  -30.0000   22.500013476.0615    8.3948
    7.5000  -30.0000   22.500012866.2002    8.3961
   -7.5000  -22.5000   22.500013574.3750    8.2114
    0.0000  -22.5000   22.500014223.8936    8.2219
    7.5000  -22.5000   22.500013548.9160    8.2211
   -7.5000  -15.0000   22.500014177.5342    8.0630
    0.0000  -15.0000   22.500014870.9961    8.0718
    7.5000  -15.0000   22.500014152.4150    8.0710
   -7.5000   -7.5000   22.500014800.7656    8.0226
    0.0000   -7.5000   22.500015536.5781    8.0314
    7.5000   -7.5000   22.500014765.4814    8.0329
   -7.5000    0.0000   22.500015365.2412    8.0354
    0.0000    0.0000   22.500016131.0029    8.0452
    7.5000    0.0000   22.500015302.0625    8.0492
   -7.5000    7.5000   22.500014880.1895    8.2049
    0.0000    7.5000   22.500015659.4395    8.2150
    7.5000    7.5000   22.500014814.4521    8.2183
   -7.5000   15.0000   22.500014481.9590    8.4737
    0.0000   15.0000   22.500015403.4727    8.4819
    7.5000   15.0000   22.500014502.7461    8.4806
   -7.5000   22.5000   22.500013933.4424    8.7313
    0.0000   22.5000   22.500014852.3730    8.7370
    7.5000   22.5000   22.500014025.5117    8.7303
   -7.5000   30.0000   22.500013140.8955    8.8837
    0.0000   30.0000   22.500013883.4629    8.8877
    7.5000   30.0000   22.500013163.5723    8.8791
   -7.5000   37.5000   22.500012712.6172    9.1620
    0.0000   37.5000   22.500013409.6094    9.1658
    7.5000   37.5000   22.500012716.8203    9.1585
   -7.5000   45.0000   22.500011867.3320    9.2504
    0.0000   45.0000   22.500012527.0693    9.2565
    7.5000   45.0000   22.500011897.3682    9.2519
   -7.5000  -45.0000   30.000011374.3701    8.6829
    0.0000  -45.0000   30.000011859.7363    8.6949
    7.5000  -45.0000   30.000011318.6191    8.6982
   -7.5000  -37.5000   30.000011546.9277    8.6740
    0.0000  -37.5000   30.000012060.6250    8.6849
    7.5000  -37.5000   30.000011510.1855    8.6881
   -7.5000  -30.0000   30.000012112.9873    8.4656
    0.0000  -30.0000   30.000012657.0820    8.4776
    7.5000  -30.0000   30.000012100.0967    8.4795
   -7.5000  -22.5000   30.000012726.7432    8.2907
    0.0000  -22.5000   30.000013275.4551    8.3014
    7.5000  -22.5000   30.000012708.3076    8.3011
   -7.5000  -15.0000   30.000013242.0078    8.1396
    0.0000  -15.0000   30.000013822.2080    8.1491
    7.5000  -15.0000   30.000013222.5977    8.1488
   -7.5000   -7.5000   30.000013783.3945    8.0983
    0.0000   -7.5000   30.000014398.6768    8.1083
    7.5000   -7.5000   30.000013751.3125    8.1106
   -7.5000    0.0000   30.000014309.2930    8.1111
    0.0000    0.0000   30.000014936.8594    8.1221
    7.5000    0.0000   30.000014245.0830    8.1271
   -7.5000    7.5000   30.000013866.1982    8.2837
    0.0000    7.5000   30.000014514.2686    8.2947
    7.5000    7.5000   30.000013830.4346    8.2990
   -7.5000   15.0000   30.000013499.8701    8.5548
    0.0000   15.0000   30.000014229.2949    8.5635
    7.5000   15.0000   30.000013523.0635    8.5632
   -7.5000   22.5000   30.000012943.7041    8.8138
    0.0000   22.5000   30.000013618.1562    8.8198
    7.5000   22.5000   30.000012966.9277    8.8143
   -7.5000   30.0000   30.000012195.1396    8.9678
    0.0000   30.0000   30.000012740.2969    8.9726
    7.5000   30.0000   30.000012168.8398    8.9651
   -7.5000   37.5000   30.000011821.2676    9.2498
    0.0000   37.5000   30.000012385.9619    9.2557
    7.5000   37.5000   30.000011822.4785    9.2497
   -7.5000   45.0000   30.000011077.4785    9.3420
    0.0000   45.0000   30.000011596.4941    9.3500
    7.5000   45.0000   30.000011080.5332    9.3466
   -7.5000  -45.0000   37.500011028.2920    8.8016
    0.0000  -45.0000   37.500011476.2227    8.8168
    7.5000  -45.0000   37.500011011.8232    8.8222
   -7.5000  -37.5000   37.500011183.1309    8.7896
    0.0000  -37.5000   37.500011630.1270    8.8034
    7.5000  -37.5000   37.500011170.7080    8.8085
   -7.5000  -30.0000   37.500011718.2871    8.5745
    0.0000  -30.0000   37.500012191.9404    8.5888
    7.5000  -30.0000   37.500011707.1064    8.5927
   -7.5000  -22.5000   37.500012286.9375    8.3962
    0.0000  -22.5000   37.500012782.7158    8.4089
    7.5000  -22.5000   37.500012262.1943    8.4109
   -7.5000  -15.0000   37.500012776.8721    8.2439
    0.0000  -15.0000   37.500013302.1348    8.2556
    7.5000  -15.0000   37.500012734.8604    8.2576
   -7.5000   -7.5000   37.500013312.5801    8.2028
    0.0000   -7.5000   37.500013856.8926    8.2153
    7.5000   -7.5000   37.500013235.6641    8.2197
   -7.5000    0.0000   37.500013793.9941    8.2151
    0.0000    0.0000   37.500014387.1758    8.2288
    7.5000    0.0000   37.500013719.3877    8.2357
   -7.5000    7.5000   37.500013352.4473    8.3889
    0.0000    7.5000   37.500013973.5869    8.4024
    7.5000    7.5000   37.500013315.6201    8.4085
   -7.5000   15.0000   37.500012969.6162    8.6633
    0.0000   15.0000   37.500013610.7119    8.6744
    7.5000   15.0000   37.500012965.4551    8.6763
   -7.5000   22.5000   37.500012403.1475    8.9266
    0.0000   22.5000   37.500012943.7969    8.9349
    7.5000   22.5000   37.500012367.5137    8.9324
   -7.5000   30.0000   37.500011678.4736    9.0862
    0.0000   30.0000   37.500012135.8770    9.0933
    7.5000   30.0000   37.500011632.1035    9.0889
   -7.5000   37.5000   37.500011360.4141    9.3746
    0.0000   37.5000   37.500011850.8916    9.3837
    7.5000   37.5000   37.500011341.0898    9.3810
   -7.5000   45.0000   37.500010674.8555    9.4690
    0.0000   45.0000   37.500011124.2559    9.4807
    7.5000   45.0000   37.500010642.9902    9.4802
   -7.5000  -45.0000   45.000010214.9209    8.9281
    0.0000  -45.0000   45.000010621.2617    8.9440
    7.5000  -45.0000   45.000010211.1377    8.9489
   -7.5000  -37.5000   45.000010364.4600    8.9186
    0.0000  -37.5000   45.000010759.5703    8.9328
    7.5000  -37.5000   45.000010347.5742    8.9378
   -7.5000  -30.0000   45.000010849.4424    8.6943
    0.0000  -30.0000   45.000011266.7100    8.7088
    7.5000  -30.0000   45.000010829.5283    8.7130
   -7.5000  -22.5000   45.000011357.0859    8.5113
    0.0000  -22.5000   45.000011801.7617    8.5240
    7.5000  -22.5000   45.000011319.3232    8.5266
   -7.5000  -15.0000   45.000011798.5527    8.3569
    0.0000  -15.0000   45.000012274.8125    8.3688
    7.5000  -15.0000   45.000011752.4160    8.3712
   -7.5000   -7.5000   45.000012295.5195    8.3165
    0.0000   -7.5000   45.000012795.6787    8.3293
    7.5000   -7.5000   45.000012231.7725    8.3338
   -7.5000    0.0000   45.000012733.8564    8.3288
    0.0000    0.0000   45.000013279.9775    8.3429
    7.5000    0.0000   45.000012680.3428    8.3495
   -7.5000    7.5000   45.000012288.5439    8.5048
    0.0000    7.5000   45.000012848.1621    8.5188
    7.5000    7.5000   45.000012269.6123    8.5247
   -7.5000   15.0000   45.000011871.2168    8.7846
    0.0000   15.0000   45.000012434.2432    8.7960
    7.5000   15.0000   45.000011867.0176    8.7981
   -7.5000   22.5000   45.000011335.8867    9.0557
    0.0000   22.5000   45.000011822.5391    9.0642
    7.5000   22.5000   45.000011291.7891    9.0621
   -7.5000   30.0000   45.000010696.3535    9.2234
    0.0000   30.0000   45.000011120.2979    9.2303
    7.5000   30.0000   45.000010644.2832    9.2264
   -7.5000   37.5000   45.000010441.3203    9.5228
    0.0000   37.5000   45.000010869.9248    9.5314
    7.5000   37.5000   45.000010413.6699    9.5290
   -7.5000   45.0000   45.0000 9826.6318    9.6275
    0.0000   45.0000   45.000010230.5498    9.6394
    7.5000   45.0000   45.0000 9794.0703    9.6387

---------------------------------------------------------------------
imgreg_4dfp /opt/freesurfer/average/711-2C_as_mni_average_305 /opt/freesurfer/average/711-2B_as_mni_average_305_mask talsrcimg_g11 none talsrcimg_to_711-2C_as_mni_average_305_t4 4355
---------------------------------------------------------------------

freesurfer imgreg_4dfp.c
/opt/freesurfer/average/711-2C_as_mni_average_305.4dfp.img
       256       256       256         1
  1.000000  1.000000  1.000000
orientation T byte_order littleendian
Reading image: /opt/freesurfer/average/711-2C_as_mni_average_305.4dfp.img
dimensions:      256       256       256
mmppix:       1.0000   -1.0000   -1.0000
center:     128.0000 -129.0000 -129.0000
/opt/freesurfer/average/711-2B_as_mni_average_305_mask.4dfp.img
       256       256       256         1
  1.000000  1.000000  1.000000
orientation T byte_order littleendian
Reading mask: /opt/freesurfer/average/711-2B_as_mni_average_305_mask.4dfp.img (2306576 pixels)
talsrcimg_g11.4dfp.img
       256       256       256         1
  1.000000  1.000000  1.000000
orientation T byte_order littleendian
Reading image: talsrcimg_g11.4dfp.img
dimensions:      256       256       256
mmppix:       1.0000   -1.0000   -1.0000
center:     128.0000 -129.0000 -129.0000
rotation matrix determinant  1.000000
image alignment mode   4355 decimal     1103 hex
   -7.5000  -45.0000  -45.0000 2341.5051   12.9112
    0.0000  -45.0000  -45.0000 2352.5063   12.8370
    7.5000  -45.0000  -45.0000 2345.3638   12.9509
   -7.5000  -37.5000  -45.0000 2345.6641   12.6786
    0.0000  -37.5000  -45.0000 2358.0671   12.6287
    7.5000  -37.5000  -45.0000 2350.4751   12.7371
   -7.5000  -30.0000  -45.0000 2359.5452   12.4498
    0.0000  -30.0000  -45.0000 2370.4209   12.4376
    7.5000  -30.0000  -45.0000 2358.9175   12.5119
   -7.5000  -22.5000  -45.0000 2379.5789   12.2394
    0.0000  -22.5000  -45.0000 2388.4485   12.2396
    7.5000  -22.5000  -45.0000 2371.6514   12.2995
   -7.5000  -15.0000  -45.0000 2400.9111   12.0599
    0.0000  -15.0000  -45.0000 2409.1465   12.0814
    7.5000  -15.0000  -45.0000 2394.5178   12.1362
   -7.5000   -7.5000  -45.0000 2421.5081   11.9159
    0.0000   -7.5000  -45.0000 2428.7725   11.9365
    7.5000   -7.5000  -45.0000 2412.9707   12.0068
   -7.5000    0.0000  -45.0000 2435.2434   11.8017
    0.0000    0.0000  -45.0000 2443.6287   11.8160
    7.5000    0.0000  -45.0000 2424.3220   11.8833
   -7.5000    7.5000  -45.0000 2440.0669   11.7111
    0.0000    7.5000  -45.0000 2454.4482   11.7092
    7.5000    7.5000  -45.0000 2426.8779   11.7907
   -7.5000   15.0000  -45.0000 2439.6340   11.6891
    0.0000   15.0000  -45.0000 2457.1260   11.6675
    7.5000   15.0000  -45.0000 2429.6409   11.7571
   -7.5000   22.5000  -45.0000 2434.6438   11.7172
    0.0000   22.5000  -45.0000 2451.1628   11.7055
    7.5000   22.5000  -45.0000 2427.2966   11.7631
   -7.5000   30.0000  -45.0000 2430.8521   11.8753
    0.0000   30.0000  -45.0000 2448.9490   11.8585
    7.5000   30.0000  -45.0000 2425.9832   11.9299
   -7.5000   37.5000  -45.0000 2412.5535   12.2554
    0.0000   37.5000  -45.0000 2433.7986   12.2473
    7.5000   37.5000  -45.0000 2409.2769   12.3073
   -7.5000   45.0000  -45.0000 2375.7607   12.7834
    0.0000   45.0000  -45.0000 2394.8076   12.7953
    7.5000   45.0000  -45.0000 2373.7075   12.8435
   -7.5000  -45.0000  -37.5000 2421.7437   11.9930
    0.0000  -45.0000  -37.5000 2437.0869   11.9310
    7.5000  -45.0000  -37.5000 2427.3110   12.0045
   -7.5000  -37.5000  -37.5000 2428.0281   11.7573
    0.0000  -37.5000  -37.5000 2441.7029   11.7234
    7.5000  -37.5000  -37.5000 2431.3750   11.7833
   -7.5000  -30.0000  -37.5000 2443.2825   11.5300
    0.0000  -30.0000  -37.5000 2457.4609   11.5072
    7.5000  -30.0000  -37.5000 2440.4480   11.5610
   -7.5000  -22.5000  -37.5000 2470.2981   11.3389
    0.0000  -22.5000  -37.5000 2485.7944   11.3258
    7.5000  -22.5000  -37.5000 2465.0374   11.3752
   -7.5000  -15.0000  -37.5000 2500.5864   11.1851
    0.0000  -15.0000  -37.5000 2511.9836   11.1803
    7.5000  -15.0000  -37.5000 2493.5745   11.2232
   -7.5000   -7.5000  -37.5000 2525.3079   11.0524
    0.0000   -7.5000  -37.5000 2536.7061   11.0597
    7.5000   -7.5000  -37.5000 2516.7751   11.1098
   -7.5000    0.0000  -37.5000 2534.8545   10.9438
    0.0000    0.0000  -37.5000 2548.6951   10.9306
    7.5000    0.0000  -37.5000 2528.4529   10.9842
   -7.5000    7.5000  -37.5000 2537.5562   10.8647
    0.0000    7.5000  -37.5000 2555.6641   10.8356
    7.5000    7.5000  -37.5000 2534.4983   10.8899
   -7.5000   15.0000  -37.5000 2540.0049   10.8390
    0.0000   15.0000  -37.5000 2557.2056   10.7986
    7.5000   15.0000  -37.5000 2536.1829   10.8600
   -7.5000   22.5000  -37.5000 2535.6082   10.8738
    0.0000   22.5000  -37.5000 2552.2693   10.8493
    7.5000   22.5000  -37.5000 2531.5771   10.9082
   -7.5000   30.0000  -37.5000 2529.9197   10.9914
    0.0000   30.0000  -37.5000 2547.5198   10.9642
    7.5000   30.0000  -37.5000 2526.5796   11.0659
   -7.5000   37.5000  -37.5000 2508.1870   11.3209
    0.0000   37.5000  -37.5000 2529.9241   11.3106
    7.5000   37.5000  -37.5000 2507.8423   11.3881
   -7.5000   45.0000  -37.5000 2471.7859   11.8040
    0.0000   45.0000  -37.5000 2495.5923   11.7889
    7.5000   45.0000  -37.5000 2474.6704   11.8602
   -7.5000  -45.0000  -30.0000 2550.3259   11.5136
    0.0000  -45.0000  -30.0000 2569.3696   11.4471
    7.5000  -45.0000  -30.0000 2555.0498   11.5183
   -7.5000  -37.5000  -30.0000 2563.1621   11.3107
    0.0000  -37.5000  -30.0000 2577.8057   11.2634
    7.5000  -37.5000  -30.0000 2562.5464   11.3273
   -7.5000  -30.0000  -30.0000 2580.3982   11.0979
    0.0000  -30.0000  -30.0000 2598.4050   11.0684
    7.5000  -30.0000  -30.0000 2577.1577   11.1296
   -7.5000  -22.5000  -30.0000 2609.6082   10.9087
    0.0000  -22.5000  -30.0000 2628.4778   10.8694
    7.5000  -22.5000  -30.0000 2605.2688   10.9487
   -7.5000  -15.0000  -30.0000 2643.0608   10.7508
    0.0000  -15.0000  -30.0000 2659.3772   10.6973
    7.5000  -15.0000  -30.0000 2635.9998   10.7845
   -7.5000   -7.5000  -30.0000 2666.0007   10.6122
    0.0000   -7.5000  -30.0000 2681.7212   10.5674
    7.5000   -7.5000  -30.0000 2661.0396   10.6612
   -7.5000    0.0000  -30.0000 2672.8176   10.5156
    0.0000    0.0000  -30.0000 2690.3364   10.4774
    7.5000    0.0000  -30.0000 2670.1790   10.5246
   -7.5000    7.5000  -30.0000 2675.6711   10.4468
    0.0000    7.5000  -30.0000 2694.4106   10.4100
    7.5000    7.5000  -30.0000 2676.3088   10.4516
   -7.5000   15.0000  -30.0000 2677.3889   10.3973
    0.0000   15.0000  -30.0000 2698.6096   10.3578
    7.5000   15.0000  -30.0000 2681.2007   10.3986
   -7.5000   22.5000  -30.0000 2677.0039   10.4265
    0.0000   22.5000  -30.0000 2698.0825   10.3903
    7.5000   22.5000  -30.0000 2680.1343   10.4486
   -7.5000   30.0000  -30.0000 2669.4954   10.5180
    0.0000   30.0000  -30.0000 2689.6687   10.4821
    7.5000   30.0000  -30.0000 2672.5647   10.5848
   -7.5000   37.5000  -30.0000 2649.4988   10.8179
    0.0000   37.5000  -30.0000 2672.6519   10.7730
    7.5000   37.5000  -30.0000 2654.3801   10.8552
   -7.5000   45.0000  -30.0000 2614.7632   11.2812
    0.0000   45.0000  -30.0000 2639.1787   11.2324
    7.5000   45.0000  -30.0000 2622.4224   11.3145
   -7.5000  -45.0000  -22.5000 2656.0291   10.9928
    0.0000  -45.0000  -22.5000 2669.0901   10.9159
    7.5000  -45.0000  -22.5000 2658.3994   10.9828
   -7.5000  -37.5000  -22.5000 2671.2427   10.8171
    0.0000  -37.5000  -22.5000 2682.3569   10.7610
    7.5000  -37.5000  -22.5000 2667.2852   10.8064
   -7.5000  -30.0000  -22.5000 2693.2637   10.6150
    0.0000  -30.0000  -22.5000 2705.6528   10.5759
    7.5000  -30.0000  -22.5000 2684.9426   10.6308
   -7.5000  -22.5000  -22.5000 2725.2493   10.4234
    0.0000  -22.5000  -22.5000 2738.7671   10.3851
    7.5000  -22.5000  -22.5000 2717.9880   10.4716
   -7.5000  -15.0000  -22.5000 2750.0549   10.2434
    0.0000  -15.0000  -22.5000 2767.1250   10.1988
    7.5000  -15.0000  -22.5000 2745.4900   10.3162
   -7.5000   -7.5000  -22.5000 2764.6199   10.0916
    0.0000   -7.5000  -22.5000 2783.4648   10.0381
    7.5000   -7.5000  -22.5000 2764.4319   10.1635
   -7.5000    0.0000  -22.5000 2773.5449    9.9834
    0.0000    0.0000  -22.5000 2792.9585    9.9298
    7.5000    0.0000  -22.5000 2774.5562   10.0107
   -7.5000    7.5000  -22.5000 2781.4829    9.9125
    0.0000    7.5000  -22.5000 2800.4961    9.8611
    7.5000    7.5000  -22.5000 2784.7561    9.9178
   -7.5000   15.0000  -22.5000 2788.0474    9.8881
    0.0000   15.0000  -22.5000 2809.5442    9.8428
    7.5000   15.0000  -22.5000 2789.3369    9.8843
   -7.5000   22.5000  -22.5000 2792.9314    9.9257
    0.0000   22.5000  -22.5000 2814.8274    9.8826
    7.5000   22.5000  -22.5000 2796.7524    9.9424
   -7.5000   30.0000  -22.5000 2785.5869    9.9902
    0.0000   30.0000  -22.5000 2809.7502    9.9373
    7.5000   30.0000  -22.5000 2791.1345   10.0326
   -7.5000   37.5000  -22.5000 2768.2708   10.2574
    0.0000   37.5000  -22.5000 2790.6921   10.1855
    7.5000   37.5000  -22.5000 2774.5835   10.2786
   -7.5000   45.0000  -22.5000 2729.4004   10.7241
    0.0000   45.0000  -22.5000 2753.0989   10.6358
    7.5000   45.0000  -22.5000 2738.9966   10.7272
   -7.5000  -45.0000  -15.0000 2725.6875   10.5157
    0.0000  -45.0000  -15.0000 2739.2571   10.4264
    7.5000  -45.0000  -15.0000 2727.1619   10.5275
   -7.5000  -37.5000  -15.0000 2739.3130   10.3448
    0.0000  -37.5000  -15.0000 2751.8657   10.2756
    7.5000  -37.5000  -15.0000 2735.1360   10.3579
   -7.5000  -30.0000  -15.0000 2756.4148   10.1384
    0.0000  -30.0000  -15.0000 2769.4795   10.0987
    7.5000  -30.0000  -15.0000 2748.2949   10.1803
   -7.5000  -22.5000  -15.0000 2784.9182    9.9386
    0.0000  -22.5000  -15.0000 2801.7615    9.9100
    7.5000  -22.5000  -15.0000 2780.2395   10.0068
   -7.5000  -15.0000  -15.0000 2808.0593    9.7524
    0.0000  -15.0000  -15.0000 2827.9434    9.7168
    7.5000  -15.0000  -15.0000 2805.6929    9.8351
   -7.5000   -7.5000  -15.0000 2824.3325    9.5851
    0.0000   -7.5000  -15.0000 2840.9202    9.5491
    7.5000   -7.5000  -15.0000 2823.4988    9.6739
   -7.5000    0.0000  -15.0000 2836.4856    9.4766
    0.0000    0.0000  -15.0000 2853.9031    9.4377
    7.5000    0.0000  -15.0000 2834.2954    9.5425
   -7.5000    7.5000  -15.0000 2851.5759    9.4166
    0.0000    7.5000  -15.0000 2867.3823    9.3658
    7.5000    7.5000  -15.0000 2852.8555    9.4581
   -7.5000   15.0000  -15.0000 2864.6609    9.4119
    0.0000   15.0000  -15.0000 2882.1084    9.3573
    7.5000   15.0000  -15.0000 2865.0156    9.4336
   -7.5000   22.5000  -15.0000 2872.3660    9.4517
    0.0000   22.5000  -15.0000 2898.1743    9.4148
    7.5000   22.5000  -15.0000 2877.4351    9.4918
   -7.5000   30.0000  -15.0000 2866.4978    9.5137
    0.0000   30.0000  -15.0000 2888.6926    9.4468
    7.5000   30.0000  -15.0000 2872.3193    9.5569
   -7.5000   37.5000  -15.0000 2846.3687    9.7682
    0.0000   37.5000  -15.0000 2868.1812    9.6670
    7.5000   37.5000  -15.0000 2854.7634    9.7962
   -7.5000   45.0000  -15.0000 2804.1001   10.2118
    0.0000   45.0000  -15.0000 2827.8145   10.1133
    7.5000   45.0000  -15.0000 2818.5559   10.2309
   -7.5000  -45.0000   -7.5000 2772.8823   10.0895
    0.0000  -45.0000   -7.5000 2788.7800   10.0177
    7.5000  -45.0000   -7.5000 2775.7354   10.1205
   -7.5000  -37.5000   -7.5000 2782.3972    9.9373
    0.0000  -37.5000   -7.5000 2798.9973    9.8641
    7.5000  -37.5000   -7.5000 2778.0989    9.9603
   -7.5000  -30.0000   -7.5000 2796.1709    9.7466
    0.0000  -30.0000   -7.5000 2814.7998    9.6825
    7.5000  -30.0000   -7.5000 2791.0845    9.7869
   -7.5000  -22.5000   -7.5000 2821.4307    9.5584
    0.0000  -22.5000   -7.5000 2840.6074    9.4989
    7.5000  -22.5000   -7.5000 2817.3669    9.6174
   -7.5000  -15.0000   -7.5000 2842.3560    9.3890
    0.0000  -15.0000   -7.5000 2858.6497    9.3172
    7.5000  -15.0000   -7.5000 2839.6499    9.4549
   -7.5000   -7.5000   -7.5000 2858.6501    9.2199
    0.0000   -7.5000   -7.5000 2869.4695    9.1405
    7.5000   -7.5000   -7.5000 2855.3701    9.2853
   -7.5000    0.0000   -7.5000 2875.3081    9.0942
    0.0000    0.0000   -7.5000 2883.5330    9.0197
    7.5000    0.0000   -7.5000 2871.8521    9.1444
   -7.5000    7.5000   -7.5000 2896.1787    9.0387
    0.0000    7.5000   -7.5000 2905.9167    8.9632
    7.5000    7.5000   -7.5000 2896.8655    9.0771
   -7.5000   15.0000   -7.5000 2910.6338    9.0610
    0.0000   15.0000   -7.5000 2926.0015    8.9998
    7.5000   15.0000   -7.5000 2915.7925    9.1027
   -7.5000   22.5000   -7.5000 2926.9390    9.1271
    0.0000   22.5000   -7.5000 2953.3977    9.0662
    7.5000   22.5000   -7.5000 2935.8350    9.1876
   -7.5000   30.0000   -7.5000 2920.7625    9.1900
    0.0000   30.0000   -7.5000 2945.1365    9.0947
    7.5000   30.0000   -7.5000 2931.0659    9.2720
   -7.5000   37.5000   -7.5000 2903.0774    9.3745
    0.0000   37.5000   -7.5000 2920.9597    9.2595
    7.5000   37.5000   -7.5000 2911.5154    9.4529
   -7.5000   45.0000   -7.5000 2854.5828    9.7913
    0.0000   45.0000   -7.5000 2876.6448    9.6848
    7.5000   45.0000   -7.5000 2869.0955    9.8406
   -7.5000  -45.0000    0.0000 2808.6575    9.8045
    0.0000  -45.0000    0.0000 2824.8826    9.7172
    7.5000  -45.0000    0.0000 2808.6301    9.8170
   -7.5000  -37.5000    0.0000 2815.1042    9.6453
    0.0000  -37.5000    0.0000 2827.9146    9.5458
    7.5000  -37.5000    0.0000 2808.0476    9.6555
   -7.5000  -30.0000    0.0000 2821.7158    9.4684
    0.0000  -30.0000    0.0000 2837.0928    9.3726
    7.5000  -30.0000    0.0000 2814.7957    9.4879
   -7.5000  -22.5000    0.0000 2837.9600    9.3087
    0.0000  -22.5000    0.0000 2853.5972    9.2125
    7.5000  -22.5000    0.0000 2833.2256    9.3387
   -7.5000  -15.0000    0.0000 2852.6038    9.1549
    0.0000  -15.0000    0.0000 2863.4277    9.0589
    7.5000  -15.0000    0.0000 2850.8330    9.2021
   -7.5000   -7.5000    0.0000 2869.2620    9.0104
    0.0000   -7.5000    0.0000 2879.8723    8.8986
    7.5000   -7.5000    0.0000 2869.7715    9.0494
   -7.5000    0.0000    0.0000 2884.2644    8.8966
    0.0000    0.0000    0.0000 2894.8276    8.7941
    7.5000    0.0000    0.0000 2890.1462    8.9347
   -7.5000    7.5000    0.0000 2916.1157    8.8616
    0.0000    7.5000    0.0000 2927.2324    8.7721
    7.5000    7.5000    0.0000 2926.4395    8.8871
   -7.5000   15.0000    0.0000 2944.1255    8.9170
    0.0000   15.0000    0.0000 2960.1975    8.8593
    7.5000   15.0000    0.0000 2956.4465    8.9386
   -7.5000   22.5000    0.0000 2970.4568    9.0481
    0.0000   22.5000    0.0000 3000.9641    9.0301
    7.5000   22.5000    0.0000 2983.6704    9.0770
   -7.5000   30.0000    0.0000 2966.9961    9.1190
    0.0000   30.0000    0.0000 3004.2556    9.0934
    7.5000   30.0000    0.0000 2980.4468    9.1667
   -7.5000   37.5000    0.0000 2939.2117    9.1978
    0.0000   37.5000    0.0000 2961.5205    9.1390
    7.5000   37.5000    0.0000 2946.3289    9.2504
   -7.5000   45.0000    0.0000 2887.6113    9.5051
    0.0000   45.0000    0.0000 2913.8889    9.4097
    7.5000   45.0000    0.0000 2899.5869    9.5184
   -7.5000  -45.0000    7.5000 2828.4678    9.5985
    0.0000  -45.0000    7.5000 2843.1211    9.5078
    7.5000  -45.0000    7.5000 2821.1411    9.6125
   -7.5000  -37.5000    7.5000 2830.1516    9.4521
    0.0000  -37.5000    7.5000 2842.8931    9.3470
    7.5000  -37.5000    7.5000 2821.6479    9.4628
   -7.5000  -30.0000    7.5000 2832.6082    9.2921
    0.0000  -30.0000    7.5000 2845.2039    9.1943
    7.5000  -30.0000    7.5000 2826.7197    9.3276
   -7.5000  -22.5000    7.5000 2841.7151    9.1585
    0.0000  -22.5000    7.5000 2853.0586    9.0417
    7.5000  -22.5000    7.5000 2842.0203    9.2092
   -7.5000  -15.0000    7.5000 2853.9722    9.0495
    0.0000  -15.0000    7.5000 2854.4932    8.9292
    7.5000  -15.0000    7.5000 2854.1926    9.1075
   -7.5000   -7.5000    7.5000 2873.2114    8.9455
    0.0000   -7.5000    7.5000 2873.0654    8.8323
    7.5000   -7.5000    7.5000 2875.2446    8.9808
   -7.5000    0.0000    7.5000 2893.5393    8.8720
    0.0000    0.0000    7.5000 2902.2883    8.7869
    7.5000    0.0000    7.5000 2904.4177    8.8895
   -7.5000    7.5000    7.5000 2929.5774    8.8414
    0.0000    7.5000    7.5000 2946.8777    8.8011
    7.5000    7.5000    7.5000 2940.2734    8.8275
   -7.5000   15.0000    7.5000 2969.8418    8.8900
    0.0000   15.0000    7.5000 2999.3926    8.9156
    7.5000   15.0000    7.5000 2980.0408    8.8698
   -7.5000   22.5000    7.5000 3005.1848    9.0383
    0.0000   22.5000    7.5000 3057.3643    9.1347
    7.5000   22.5000    7.5000 3018.3123    9.0353
   -7.5000   30.0000    7.5000 3001.1074    9.1309
    0.0000   30.0000    7.5000 3060.9976    9.2483
    7.5000   30.0000    7.5000 3011.9526    9.1422
   -7.5000   37.5000    7.5000 2960.8708    9.1912
    0.0000   37.5000    7.5000 2996.9265    9.2283
    7.5000   37.5000    7.5000 2966.4993    9.1913
   -7.5000   45.0000    7.5000 2905.4348    9.4046
    0.0000   45.0000    7.5000 2929.2163    9.3469
    7.5000   45.0000    7.5000 2910.5249    9.3896
   -7.5000  -45.0000   15.0000 2831.9939    9.5264
    0.0000  -45.0000   15.0000 2838.6780    9.4005
    7.5000  -45.0000   15.0000 2822.1633    9.5489
   -7.5000  -37.5000   15.0000 2832.0886    9.3891
    0.0000  -37.5000   15.0000 2838.2449    9.2629
    7.5000  -37.5000   15.0000 2825.1123    9.4293
   -7.5000  -30.0000   15.0000 2834.9360    9.2737
    0.0000  -30.0000   15.0000 2841.8870    9.1612
    7.5000  -30.0000   15.0000 2831.9380    9.3346
   -7.5000  -22.5000   15.0000 2846.6558    9.1802
    0.0000  -22.5000   15.0000 2854.9072    9.0774
    7.5000  -22.5000   15.0000 2844.1938    9.2433
   -7.5000  -15.0000   15.0000 2856.2319    9.1150
    0.0000  -15.0000   15.0000 2863.3403    9.0300
    7.5000  -15.0000   15.0000 2851.1533    9.1620
   -7.5000   -7.5000   15.0000 2875.4731    9.0294
    0.0000   -7.5000   15.0000 2884.8999    8.9743
    7.5000   -7.5000   15.0000 2872.8875    9.0625
   -7.5000    0.0000   15.0000 2897.5762    8.9649
    0.0000    0.0000   15.0000 2911.6833    8.9297
    7.5000    0.0000   15.0000 2899.7996    8.9823
   -7.5000    7.5000   15.0000 2933.1655    8.9221
    0.0000    7.5000   15.0000 2952.2441    8.9048
    7.5000    7.5000   15.0000 2934.4875    8.9155
   -7.5000   15.0000   15.0000 2975.3774    8.9540
    0.0000   15.0000   15.0000 3005.6809    8.9934
    7.5000   15.0000   15.0000 2978.6543    8.9522
   -7.5000   22.5000   15.0000 3013.7449    9.0419
    0.0000   22.5000   15.0000 3064.4104    9.1454
    7.5000   22.5000   15.0000 3021.9260    9.0907
   -7.5000   30.0000   15.0000 3005.9275    9.0963
    0.0000   30.0000   15.0000 3065.3574    9.1604
    7.5000   30.0000   15.0000 3015.0491    9.1417
   -7.5000   37.5000   15.0000 2961.5972    9.2249
    0.0000   37.5000   15.0000 2999.0830    9.1584
    7.5000   37.5000   15.0000 2963.4043    9.2128
   -7.5000   45.0000   15.0000 2901.5056    9.5023
    0.0000   45.0000   15.0000 2928.1157    9.3922
    7.5000   45.0000   15.0000 2907.1089    9.4609
   -7.5000  -45.0000   22.5000 2829.0198    9.6344
    0.0000  -45.0000   22.5000 2828.6235    9.4690
    7.5000  -45.0000   22.5000 2819.1157    9.6217
   -7.5000  -37.5000   22.5000 2832.9707    9.5390
    0.0000  -37.5000   22.5000 2836.3809    9.4168
    7.5000  -37.5000   22.5000 2822.0579    9.5582
   -7.5000  -30.0000   22.5000 2838.9453    9.4430
    0.0000  -30.0000   22.5000 2848.8003    9.3723
    7.5000  -30.0000   22.5000 2827.4373    9.4965
   -7.5000  -22.5000   22.5000 2848.3984    9.3608
    0.0000  -22.5000   22.5000 2862.0889    9.2950
    7.5000  -22.5000   22.5000 2840.3289    9.4014
   -7.5000  -15.0000   22.5000 2857.0588    9.2881
    0.0000  -15.0000   22.5000 2867.2708    9.2289
    7.5000  -15.0000   22.5000 2850.1370    9.3225
   -7.5000   -7.5000   22.5000 2870.5078    9.2011
    0.0000   -7.5000   22.5000 2881.7656    9.1314
    7.5000   -7.5000   22.5000 2869.3577    9.2235
   -7.5000    0.0000   22.5000 2893.0652    9.1171
    0.0000    0.0000   22.5000 2905.8096    9.0476
    7.5000    0.0000   22.5000 2894.5737    9.1351
   -7.5000    7.5000   22.5000 2925.5430    9.0796
    0.0000    7.5000   22.5000 2940.2139    9.0120
    7.5000    7.5000   22.5000 2926.7776    9.0804
   -7.5000   15.0000   22.5000 2964.2654    9.1070
    0.0000   15.0000   22.5000 2992.0857    9.0735
    7.5000   15.0000   22.5000 2970.9983    9.1191
   -7.5000   22.5000   22.5000 2989.7375    9.1381
    0.0000   22.5000   22.5000 3028.7075    9.1297
    7.5000   22.5000   22.5000 3001.6772    9.1981
   -7.5000   30.0000   22.5000 2976.5449    9.1732
    0.0000   30.0000   22.5000 3016.1123    9.0531
    7.5000   30.0000   22.5000 2985.2637    9.1851
   -7.5000   37.5000   22.5000 2939.2859    9.3424
    0.0000   37.5000   22.5000 2970.5466    9.1442
    7.5000   37.5000   22.5000 2944.0830    9.3000
   -7.5000   45.0000   22.5000 2881.7090    9.6822
    0.0000   45.0000   22.5000 2911.4309    9.5558
    7.5000   45.0000   22.5000 2894.8745    9.6629
   -7.5000  -45.0000   30.0000 2816.6396    9.9113
    0.0000  -45.0000   30.0000 2821.9827    9.7431
    7.5000  -45.0000   30.0000 2804.5732    9.8715
   -7.5000  -37.5000   30.0000 2822.3530    9.7984
    0.0000  -37.5000   30.0000 2827.8547    9.6578
    7.5000  -37.5000   30.0000 2811.1328    9.8046
   -7.5000  -30.0000   30.0000 2824.5554    9.6994
    0.0000  -30.0000   30.0000 2834.8452    9.5947
    7.5000  -30.0000   30.0000 2817.9834    9.7235
   -7.5000  -22.5000   30.0000 2835.3962    9.5984
    0.0000  -22.5000   30.0000 2847.7864    9.4942
    7.5000  -22.5000   30.0000 2830.6111    9.6207
   -7.5000  -15.0000   30.0000 2841.5210    9.5216
    0.0000  -15.0000   30.0000 2854.1675    9.4134
    7.5000  -15.0000   30.0000 2838.5884    9.5306
   -7.5000   -7.5000   30.0000 2852.1812    9.4486
    0.0000   -7.5000   30.0000 2868.2188    9.3376
    7.5000   -7.5000   30.0000 2854.3716    9.4494
   -7.5000    0.0000   30.0000 2873.7078    9.3895
    0.0000    0.0000   30.0000 2887.8909    9.2817
    7.5000    0.0000   30.0000 2875.4153    9.3808
   -7.5000    7.5000   30.0000 2902.5071    9.3733
    0.0000    7.5000   30.0000 2916.9167    9.2786
    7.5000    7.5000   30.0000 2909.0701    9.3668
   -7.5000   15.0000   30.0000 2934.7043    9.3897
    0.0000   15.0000   30.0000 2954.9741    9.3229
    7.5000   15.0000   30.0000 2943.5613    9.4096
   -7.5000   22.5000   30.0000 2944.7090    9.4239
    0.0000   22.5000   30.0000 2968.2771    9.3427
    7.5000   22.5000   30.0000 2954.1699    9.4584
   -7.5000   30.0000   30.0000 2927.5964    9.4590
    0.0000   30.0000   30.0000 2948.4246    9.2669
    7.5000   30.0000   30.0000 2931.7007    9.4169
   -7.5000   37.5000   30.0000 2897.3298    9.6520
    0.0000   37.5000   30.0000 2925.2947    9.4820
    7.5000   37.5000   30.0000 2907.4062    9.6143
   -7.5000   45.0000   30.0000 2843.8022   10.0458
    0.0000   45.0000   30.0000 2873.0933    9.9254
    7.5000   45.0000   30.0000 2859.7061   10.0287
   -7.5000  -45.0000   37.5000 2786.5654   10.2522
    0.0000  -45.0000   37.5000 2791.5793   10.0513
    7.5000  -45.0000   37.5000 2779.3914   10.2152
   -7.5000  -37.5000   37.5000 2790.2485   10.1395
    0.0000  -37.5000   37.5000 2798.1685    9.9317
    7.5000  -37.5000   37.5000 2787.4761   10.0966
   -7.5000  -30.0000   37.5000 2796.4292   10.0119
    0.0000  -30.0000   37.5000 2811.6418    9.8296
    7.5000  -30.0000   37.5000 2795.2122    9.9799
   -7.5000  -22.5000   37.5000 2806.9148    9.8926
    0.0000  -22.5000   37.5000 2822.7141    9.7274
    7.5000  -22.5000   37.5000 2806.6165    9.8677
   -7.5000  -15.0000   37.5000 2815.7568    9.8153
    0.0000  -15.0000   37.5000 2835.7720    9.6580
    7.5000  -15.0000   37.5000 2819.9529    9.7800
   -7.5000   -7.5000   37.5000 2828.2031    9.7627
    0.0000   -7.5000   37.5000 2847.6885    9.6080
    7.5000   -7.5000   37.5000 2831.5520    9.7272
   -7.5000    0.0000   37.5000 2843.7490    9.7282
    0.0000    0.0000   37.5000 2863.9575    9.5968
    7.5000    0.0000   37.5000 2849.2476    9.7024
   -7.5000    7.5000   37.5000 2866.3560    9.7328
    0.0000    7.5000   37.5000 2885.1165    9.6305
    7.5000    7.5000   37.5000 2871.9731    9.7185
   -7.5000   15.0000   37.5000 2888.1646    9.7845
    0.0000   15.0000   37.5000 2909.3494    9.6890
    7.5000   15.0000   37.5000 2894.1824    9.7771
   -7.5000   22.5000   37.5000 2891.4761    9.8336
    0.0000   22.5000   37.5000 2910.3545    9.6787
    7.5000   22.5000   37.5000 2894.5103    9.8001
   -7.5000   30.0000   37.5000 2870.8655    9.8813
    0.0000   30.0000   37.5000 2891.2324    9.6902
    7.5000   30.0000   37.5000 2873.9011    9.8347
   -7.5000   37.5000   37.5000 2841.7893   10.1307
    0.0000   37.5000   37.5000 2869.5259    9.9841
    7.5000   37.5000   37.5000 2850.9958   10.0996
   -7.5000   45.0000   37.5000 2787.7971   10.5650
    0.0000   45.0000   37.5000 2815.3950   10.4406
    7.5000   45.0000   37.5000 2800.3711   10.5365
   -7.5000  -45.0000   45.0000 2741.3162   10.7045
    0.0000  -45.0000   45.0000 2747.6770   10.4758
    7.5000  -45.0000   45.0000 2740.0598   10.6499
   -7.5000  -37.5000   45.0000 2749.5071   10.5568
    0.0000  -37.5000   45.0000 2757.7935   10.3118
    7.5000  -37.5000   45.0000 2747.3313   10.5080
   -7.5000  -30.0000   45.0000 2757.2595   10.4100
    0.0000  -30.0000   45.0000 2768.3486   10.1959
    7.5000  -30.0000   45.0000 2757.0972   10.3619
   -7.5000  -22.5000   45.0000 2769.3687   10.2842
    0.0000  -22.5000   45.0000 2785.7844   10.0930
    7.5000  -22.5000   45.0000 2770.7449   10.2362
   -7.5000  -15.0000   45.0000 2780.3711   10.1856
    0.0000  -15.0000   45.0000 2802.8037   10.0076
    7.5000  -15.0000   45.0000 2785.1394   10.1393
   -7.5000   -7.5000   45.0000 2795.8867   10.1437
    0.0000   -7.5000   45.0000 2818.0750    9.9769
    7.5000   -7.5000   45.0000 2801.2478   10.1022
   -7.5000    0.0000   45.0000 2807.0254   10.1308
    0.0000    0.0000   45.0000 2828.5813    9.9940
    7.5000    0.0000   45.0000 2812.8438   10.1141
   -7.5000    7.5000   45.0000 2819.9839   10.1806
    0.0000    7.5000   45.0000 2844.3730   10.0609
    7.5000    7.5000   45.0000 2826.1621   10.1514
   -7.5000   15.0000   45.0000 2828.0735   10.2526
    0.0000   15.0000   45.0000 2852.3225   10.1130
    7.5000   15.0000   45.0000 2835.0405   10.2140
   -7.5000   22.5000   45.0000 2823.9766   10.3137
    0.0000   22.5000   45.0000 2848.6562   10.1443
    7.5000   22.5000   45.0000 2829.7300   10.2501
   -7.5000   30.0000   45.0000 2805.0701   10.4210
    0.0000   30.0000   45.0000 2825.9460   10.2597
    7.5000   30.0000   45.0000 2805.9568   10.3718
   -7.5000   37.5000   45.0000 2775.6521   10.7259
    0.0000   37.5000   45.0000 2802.5388   10.5902
    7.5000   37.5000   45.0000 2783.6562   10.6783
   -7.5000   45.0000   45.0000 2718.9019   11.1626
    0.0000   45.0000   45.0000 2746.1736   11.0376
    7.5000   45.0000   45.0000 2728.8813   11.1227

---------------------------------------------------------------------
imgreg_4dfp /opt/freesurfer/average/711-2C_as_mni_average_305 /opt/freesurfer/average/711-2B_as_mni_average_305_mask talsrcimg_g11 none talsrcimg_to_711-2C_as_mni_average_305_t4 1283
---------------------------------------------------------------------

freesurfer imgreg_4dfp.c
/opt/freesurfer/average/711-2C_as_mni_average_305.4dfp.img
       256       256       256         1
  1.000000  1.000000  1.000000
orientation T byte_order littleendian
Reading image: /opt/freesurfer/average/711-2C_as_mni_average_305.4dfp.img
dimensions:      256       256       256
mmppix:       1.0000   -1.0000   -1.0000
center:     128.0000 -129.0000 -129.0000
/opt/freesurfer/average/711-2B_as_mni_average_305_mask.4dfp.img
       256       256       256         1
  1.000000  1.000000  1.000000
orientation T byte_order littleendian
Reading mask: /opt/freesurfer/average/711-2B_as_mni_average_305_mask.4dfp.img (2306576 pixels)
talsrcimg_g11.4dfp.img
       256       256       256         1
  1.000000  1.000000  1.000000
orientation T byte_order littleendian
Reading image: talsrcimg_g11.4dfp.img
dimensions:      256       256       256
mmppix:       1.0000   -1.0000   -1.0000
center:     128.0000 -129.0000 -129.0000
rotation matrix determinant  1.000000
fimgreg.f
image alignment mode   1283 decimal      503 hex
parameters
    0.0000   30.0000   15.0000    0.0000    0.0000    0.0000
eta,q 0.96040  9.20073
niter,ni,del,rscale     5    3   12.0000    1.2000
parameter  2  0.560644 ->  0.500000 qaram    1.1500
parameter  3  0.618119 ->  0.500000 qaram    1.1500
parameter  4  0.856740 ->  0.500000 qaram    1.1500
parameters
    0.3974   26.5500   11.5500   -3.4500   -0.5382   -1.0505
eta,q 0.96830  9.20025
  0.0553  0.0392  0.0359  0.0322  0.0388  0.0357
  0.0488  0.0372  0.0344  0.0320  0.0351  0.0331
  0.0440  0.0373  0.0348  0.0325  0.0326  0.0318
  0.0407  0.0402  0.0368  0.0342  0.0321  0.0320
  0.0414  0.0438  0.0403  0.0371  0.0339  0.0336
  0.0463  0.0486  0.0448  0.0400  0.0369  0.0360
  0.0526  0.0557  0.0494  0.0431  0.0416  0.0387
niter,ni,del,rscale     7    3   12.0000    1.2000
parameters
    0.6807   27.4416   10.6685   -5.0522   -0.7117   -0.8785
eta,q 0.96935  9.21697
  0.0480  0.0464  0.0384  0.0343  0.0379  0.0366
  0.0417  0.0404  0.0333  0.0320  0.0340  0.0335
  0.0348  0.0351  0.0312  0.0306  0.0315  0.0313
  0.0317  0.0317  0.0312  0.0309  0.0306  0.0306
  0.0337  0.0313  0.0336  0.0323  0.0313  0.0315
  0.0390  0.0349  0.0371  0.0362  0.0341  0.0333
  0.0459  0.0415  0.0422  0.0402  0.0394  0.0357
niter,ni,del,rscale     6    3   12.0000    1.2000
parameters
    0.7872   27.9894   10.3429   -5.6525   -0.9060   -0.8179
eta,q 0.96965  9.23082
  0.0465  0.0454  0.0395  0.0354  0.0376  0.0362
  0.0398  0.0389  0.0333  0.0329  0.0335  0.0331
  0.0330  0.0336  0.0307  0.0310  0.0311  0.0308
  0.0306  0.0307  0.0304  0.0303  0.0303  0.0303
  0.0330  0.0311  0.0323  0.0313  0.0310  0.0314
  0.0384  0.0354  0.0354  0.0338  0.0337  0.0331
  0.0458  0.0422  0.0403  0.0382  0.0391  0.0357
niter,ni,del,rscale     5    3   12.0000    1.2000
parameters
    0.8495   28.2031   10.2325   -5.8479   -0.9885   -0.7922
eta,q 0.96971  9.23638
  0.0464  0.0443  0.0400  0.0360  0.0378  0.0361
  0.0393  0.0379  0.0335  0.0332  0.0336  0.0330
  0.0326  0.0329  0.0307  0.0313  0.0310  0.0307
  0.0304  0.0304  0.0303  0.0303  0.0303  0.0303
  0.0328  0.0315  0.0319  0.0310  0.0309  0.0314
  0.0384  0.0362  0.0348  0.0331  0.0334  0.0331
  0.0459  0.0433  0.0397  0.0374  0.0386  0.0357
niter,ni,del,rscale     4    3   12.0000    1.2000
parameters
    0.8758   28.2724   10.1976   -5.9081   -1.0202   -0.7803
eta,q 0.96972  9.23849
  0.0463  0.0438  0.0403  0.0363  0.0379  0.0361
  0.0392  0.0375  0.0336  0.0333  0.0337  0.0330
  0.0325  0.0326  0.0307  0.0313  0.0311  0.0307
  0.0303  0.0303  0.0303  0.0303  0.0303  0.0303
  0.0328  0.0316  0.0318  0.0310  0.0309  0.0314
  0.0385  0.0367  0.0346  0.0329  0.0333  0.0331
  0.0462  0.0438  0.0395  0.0371  0.0385  0.0357
niter,ni,del,rscale     3    3   12.0000    1.2000
parameters
    0.8861   28.2954   10.1864   -5.9264   -1.0320   -0.7755
eta,q 0.96972  9.23924
  0.0463  0.0436  0.0403  0.0364  0.0380  0.0361
  0.0391  0.0374  0.0336  0.0334  0.0337  0.0330
  0.0324  0.0325  0.0307  0.0314  0.0311  0.0307
  0.0303  0.0303  0.0303  0.0303  0.0303  0.0303
  0.0328  0.0317  0.0318  0.0309  0.0308  0.0314
  0.0386  0.0368  0.0346  0.0328  0.0333  0.0331
  0.0463  0.0440  0.0395  0.0370  0.0384  0.0357
registration optimization eta report
parameter search radius
    6.0000    6.9000    6.9000    6.9000    6.0000    6.0000
100000*second partial in parameter space
       43.       28.       20.       13.       22.       15.
  0.0463  0.0436  0.0403  0.0364  0.0380  0.0361
  0.0391  0.0374  0.0336  0.0334  0.0337  0.0330
  0.0324  0.0325  0.0307  0.0314  0.0311  0.0307
  0.0303  0.0303  0.0303  0.0303  0.0303  0.0303
  0.0328  0.0317  0.0318  0.0309  0.0308  0.0314
  0.0386  0.0368  0.0346  0.0328  0.0333  0.0331
  0.0463  0.0440  0.0395  0.0370  0.0384  0.0357
    0.8861   28.2954   10.1864   -5.9264   -1.0320   -0.7755
eta,q 0.96972  9.23924

---------------------------------------------------------------------
imgreg_4dfp /opt/freesurfer/average/711-2C_as_mni_average_305 /opt/freesurfer/average/711-2B_as_mni_average_305_mask talsrcimg_g11 none talsrcimg_to_711-2C_as_mni_average_305_t4 3335
---------------------------------------------------------------------

freesurfer imgreg_4dfp.c
/opt/freesurfer/average/711-2C_as_mni_average_305.4dfp.img
       256       256       256         1
  1.000000  1.000000  1.000000
orientation T byte_order littleendian
Reading image: /opt/freesurfer/average/711-2C_as_mni_average_305.4dfp.img
dimensions:      256       256       256
mmppix:       1.0000   -1.0000   -1.0000
center:     128.0000 -129.0000 -129.0000
/opt/freesurfer/average/711-2B_as_mni_average_305_mask.4dfp.img
       256       256       256         1
  1.000000  1.000000  1.000000
orientation T byte_order littleendian
Reading mask: /opt/freesurfer/average/711-2B_as_mni_average_305_mask.4dfp.img (2306576 pixels)
talsrcimg_g11.4dfp.img
       256       256       256         1
  1.000000  1.000000  1.000000
orientation T byte_order littleendian
Reading image: talsrcimg_g11.4dfp.img
dimensions:      256       256       256
mmppix:       1.0000   -1.0000   -1.0000
center:     128.0000 -129.0000 -129.0000
fimgreg.f
image alignment mode   3335 decimal      D07 hex
parameters
    0.8861   28.2954   10.1864   -0.0254   -0.5411   -0.5506
    1.1604    1.9311   -1.3533   10.2998   -1.8011  -10.3233
eta,q 0.97162  9.26541
niter,ni,del,rscale     5    3    5.0000    1.2000
parameter  4  1.141246 ->  0.500000 qaram    1.1500
parameter  5  0.689936 ->  0.500000 qaram    1.1500
parameters
    0.7682   28.7151   10.4246   -4.1654   -4.6811    0.2752
    1.9771    2.8928    1.6704    9.5604   -0.2186  -12.3373
eta,q 0.97710  9.14470
  0.0311  0.0313  0.0301  0.0245  0.0239  0.0263  0.0271  0.0296  0.0264  0.0256  0.0247  0.0237
  0.0296  0.0299  0.0292  0.0247  0.0237  0.0252  0.0253  0.0267  0.0251  0.0242  0.0239  0.0231
  0.0286  0.0289  0.0285  0.0259  0.0240  0.0243  0.0241  0.0246  0.0241  0.0233  0.0234  0.0229
  0.0284  0.0284  0.0283  0.0283  0.0249  0.0237  0.0236  0.0236  0.0234  0.0231  0.0231  0.0230
  0.0288  0.0283  0.0284  0.0312  0.0266  0.0234  0.0237  0.0236  0.0231  0.0237  0.0230  0.0235
  0.0300  0.0288  0.0288  0.0346  0.0289  0.0238  0.0245  0.0248  0.0232  0.0250  0.0232  0.0243
  0.0318  0.0298  0.0295  0.0382  0.0315  0.0258  0.0258  0.0272  0.0237  0.0269  0.0237  0.0253
niter,ni,del,rscale     6    3    5.0000    1.2000
parameters
    0.6249   29.1298   10.5404   -7.2357   -5.3786    1.3561
    1.5222    2.3968    1.5482   10.4933   -0.4640  -13.1200
eta,q 0.97766  9.08417
  0.0262  0.0261  0.0244  0.0240  0.0257  0.0250  0.0249  0.0259  0.0243  0.0261  0.0232  0.0235
  0.0243  0.0245  0.0236  0.0232  0.0240  0.0239  0.0235  0.0238  0.0233  0.0244  0.0228  0.0228
  0.0232  0.0234  0.0230  0.0226  0.0229  0.0231  0.0227  0.0228  0.0227  0.0232  0.0225  0.0224
  0.0229  0.0229  0.0228  0.0228  0.0226  0.0226  0.0225  0.0225  0.0225  0.0225  0.0224  0.0224
  0.0235  0.0229  0.0229  0.0245  0.0232  0.0223  0.0229  0.0230  0.0227  0.0224  0.0225  0.0226
  0.0249  0.0234  0.0234  0.0276  0.0247  0.0226  0.0240  0.0245  0.0234  0.0232  0.0228  0.0233
  0.0270  0.0244  0.0241  0.0313  0.0271  0.0242  0.0256  0.0272  0.0244  0.0247  0.0234  0.0242
niter,ni,del,rscale     5    3    5.0000    1.2000
parameters
    0.6950   29.2219   10.7363   -7.9467   -5.5538    1.4151
    1.5014    2.4356    1.5760   10.6760   -0.6329  -13.1905
eta,q 0.97758  9.05110
  0.0258  0.0250  0.0240  0.0250  0.0260  0.0246  0.0251  0.0262  0.0244  0.0255  0.0233  0.0239
  0.0239  0.0236  0.0231  0.0239  0.0242  0.0236  0.0237  0.0241  0.0234  0.0240  0.0228  0.0231
  0.0228  0.0227  0.0226  0.0230  0.0229  0.0229  0.0228  0.0228  0.0227  0.0229  0.0225  0.0226
  0.0223  0.0223  0.0223  0.0223  0.0224  0.0225  0.0224  0.0224  0.0224  0.0224  0.0224  0.0224
  0.0226  0.0226  0.0224  0.0224  0.0229  0.0222  0.0228  0.0227  0.0227  0.0226  0.0225  0.0226
  0.0237  0.0234  0.0228  0.0240  0.0242  0.0230  0.0237  0.0240  0.0234  0.0236  0.0229  0.0231
  0.0254  0.0246  0.0235  0.0271  0.0265  0.0251  0.0252  0.0262  0.0244  0.0253  0.0234  0.0240
niter,ni,del,rscale     4    3    5.0000    1.2000
parameters
    0.7424   29.2569   10.7924   -7.9897   -5.5994    1.4694
    1.4686    2.4848    1.5945   10.7100   -0.6794  -13.1961
eta,q 0.97758  9.04982
  0.0257  0.0250  0.0239  0.0253  0.0261  0.0246  0.0251  0.0262  0.0244  0.0253  0.0233  0.0239
  0.0239  0.0236  0.0231  0.0241  0.0243  0.0236  0.0237  0.0241  0.0233  0.0239  0.0228  0.0231
  0.0228  0.0227  0.0226  0.0232  0.0230  0.0229  0.0228  0.0228  0.0227  0.0229  0.0225  0.0226
  0.0224  0.0224  0.0224  0.0224  0.0224  0.0224  0.0224  0.0224  0.0224  0.0224  0.0224  0.0224
  0.0227  0.0227  0.0226  0.0223  0.0228  0.0222  0.0228  0.0227  0.0227  0.0227  0.0225  0.0226
  0.0237  0.0235  0.0230  0.0234  0.0241  0.0230  0.0237  0.0240  0.0233  0.0237  0.0228  0.0231
  0.0255  0.0248  0.0238  0.0262  0.0264  0.0251  0.0252  0.0262  0.0244  0.0254  0.0234  0.0239
niter,ni,del,rscale     3    3    5.0000    1.2000
parameters
    0.7514   29.2623   10.7969   -7.9840   -5.6138    1.4712
    1.4581    2.4928    1.6043   10.7156   -0.6810  -13.2024
eta,q 0.97758  9.04968
  0.0256  0.0249  0.0238  0.0253  0.0262  0.0246  0.0251  0.0262  0.0244  0.0253  0.0233  0.0239
  0.0239  0.0235  0.0231  0.0241  0.0243  0.0236  0.0237  0.0240  0.0233  0.0239  0.0229  0.0231
  0.0228  0.0227  0.0226  0.0232  0.0230  0.0229  0.0228  0.0228  0.0227  0.0229  0.0225  0.0226
  0.0224  0.0224  0.0224  0.0224  0.0224  0.0224  0.0224  0.0224  0.0224  0.0224  0.0224  0.0224
  0.0228  0.0227  0.0226  0.0223  0.0228  0.0222  0.0227  0.0227  0.0227  0.0227  0.0225  0.0226
  0.0238  0.0236  0.0231  0.0234  0.0241  0.0230  0.0237  0.0240  0.0233  0.0237  0.0228  0.0231
  0.0256  0.0249  0.0238  0.0261  0.0264  0.0252  0.0252  0.0262  0.0244  0.0254  0.0234  0.0239
registration optimization eta report
parameter search radius
    2.4000    2.4000    2.4000    8.2800    8.2800    7.2000
    7.2000    7.2000    7.2000    7.2000    7.2000    7.2000
100000*second partial in parameter space
       55.       43.       25.        5.        6.        5.
        5.        7.        4.        6.        2.        3.
  0.0256  0.0249  0.0238  0.0253  0.0262  0.0246  0.0251  0.0262  0.0244  0.0253  0.0233  0.0239
  0.0239  0.0235  0.0231  0.0241  0.0243  0.0236  0.0237  0.0240  0.0233  0.0239  0.0229  0.0231
  0.0228  0.0227  0.0226  0.0232  0.0230  0.0229  0.0228  0.0228  0.0227  0.0229  0.0225  0.0226
  0.0224  0.0224  0.0224  0.0224  0.0224  0.0224  0.0224  0.0224  0.0224  0.0224  0.0224  0.0224
  0.0228  0.0227  0.0226  0.0223  0.0228  0.0222  0.0227  0.0227  0.0227  0.0227  0.0225  0.0226
  0.0238  0.0236  0.0231  0.0234  0.0241  0.0230  0.0237  0.0240  0.0233  0.0237  0.0228  0.0231
  0.0256  0.0249  0.0238  0.0261  0.0264  0.0252  0.0252  0.0262  0.0244  0.0254  0.0234  0.0239
    0.7514   29.2623   10.7969   -7.9840   -5.6138    1.4712
    1.4581    2.4928    1.6043   10.7156   -0.6810  -13.2024
eta,q 0.97758  9.04968

---------------------------------------------------------------------
imgreg_4dfp /opt/freesurfer/average/711-2C_as_mni_average_305 /opt/freesurfer/average/711-2B_as_mni_average_305_mask talsrcimg_g11 none talsrcimg_to_711-2C_as_mni_average_305_t4 2311
---------------------------------------------------------------------

freesurfer imgreg_4dfp.c
/opt/freesurfer/average/711-2C_as_mni_average_305.4dfp.img
       256       256       256         1
  1.000000  1.000000  1.000000
orientation T byte_order littleendian
Reading image: /opt/freesurfer/average/711-2C_as_mni_average_305.4dfp.img
dimensions:      256       256       256
mmppix:       1.0000   -1.0000   -1.0000
center:     128.0000 -129.0000 -129.0000
/opt/freesurfer/average/711-2B_as_mni_average_305_mask.4dfp.img
       256       256       256         1
  1.000000  1.000000  1.000000
orientation T byte_order littleendian
Reading mask: /opt/freesurfer/average/711-2B_as_mni_average_305_mask.4dfp.img (2306576 pixels)
talsrcimg_g11.4dfp.img
       256       256       256         1
  1.000000  1.000000  1.000000
orientation T byte_order littleendian
Reading image: talsrcimg_g11.4dfp.img
dimensions:      256       256       256
mmppix:       1.0000   -1.0000   -1.0000
center:     128.0000 -129.0000 -129.0000
fimgreg.f
image alignment mode   2311 decimal      907 hex
parameters
    0.7514   29.2623   10.7969   -7.9840   -5.6138    1.4711
    1.4581    2.4928    1.6043   10.7156   -0.6810  -13.2024
eta,q 0.97758  9.04969
niter,ni,del,rscale     5    3    5.0000    0.8000
parameters
    0.7599   29.2470   10.7949   -6.5309   -5.5721    2.4638
    1.4517    2.6986    1.6442   11.0170   -0.5537  -13.4020
eta,q 0.97798  9.14833
  0.0239  0.0235  0.0231  0.0239  0.0236  0.0235  0.0234  0.0242  0.0230  0.0238  0.0226  0.0227
  0.0231  0.0229  0.0227  0.0234  0.0229  0.0230  0.0227  0.0230  0.0225  0.0229  0.0223  0.0223
  0.0226  0.0225  0.0225  0.0228  0.0224  0.0226  0.0222  0.0223  0.0222  0.0223  0.0221  0.0221
  0.0224  0.0224  0.0224  0.0224  0.0222  0.0222  0.0220  0.0220  0.0220  0.0220  0.0220  0.0220
  0.0226  0.0226  0.0225  0.0222  0.0224  0.0220  0.0222  0.0222  0.0221  0.0221  0.0221  0.0221
  0.0230  0.0230  0.0227  0.0223  0.0228  0.0221  0.0227  0.0228  0.0224  0.0226  0.0222  0.0224
  0.0238  0.0236  0.0231  0.0229  0.0236  0.0229  0.0234  0.0239  0.0230  0.0234  0.0225  0.0228
niter,ni,del,rscale     4    3    5.0000    0.7000
parameters
    0.6789   29.2291   10.6850   -6.5636   -5.7184    2.4817
    1.4638    2.6477    1.6765   11.1405   -0.5169  -13.5617
eta,q 0.97800  9.14468
  0.0231  0.0229  0.0225  0.0231  0.0230  0.0230  0.0231  0.0235  0.0227  0.0233  0.0224  0.0225
  0.0225  0.0224  0.0222  0.0226  0.0225  0.0226  0.0225  0.0227  0.0223  0.0227  0.0222  0.0222
  0.0221  0.0221  0.0220  0.0222  0.0221  0.0223  0.0221  0.0222  0.0221  0.0222  0.0221  0.0221
  0.0220  0.0220  0.0220  0.0220  0.0220  0.0220  0.0220  0.0220  0.0220  0.0220  0.0220  0.0220
  0.0222  0.0221  0.0221  0.0220  0.0222  0.0220  0.0221  0.0222  0.0221  0.0221  0.0220  0.0221
  0.0227  0.0224  0.0223  0.0225  0.0226  0.0224  0.0225  0.0227  0.0223  0.0225  0.0222  0.0223
  0.0234  0.0229  0.0227  0.0234  0.0232  0.0232  0.0231  0.0236  0.0227  0.0232  0.0224  0.0226
niter,ni,del,rscale     3    3    5.0000    0.6000
parameters
    0.6711   29.2440   10.6738   -6.3871   -5.7751    2.6997
    1.4459    2.6580    1.6817   11.2315   -0.5599  -13.6883
eta,q 0.97804  9.15792
  0.0229  0.0227  0.0224  0.0229  0.0228  0.0228  0.0228  0.0232  0.0225  0.0229  0.0223  0.0223
  0.0224  0.0223  0.0222  0.0225  0.0223  0.0225  0.0223  0.0225  0.0222  0.0224  0.0221  0.0221
  0.0221  0.0221  0.0220  0.0222  0.0221  0.0222  0.0221  0.0221  0.0220  0.0221  0.0220  0.0220
  0.0220  0.0220  0.0220  0.0220  0.0220  0.0220  0.0220  0.0220  0.0220  0.0220  0.0220  0.0220
  0.0221  0.0221  0.0221  0.0220  0.0221  0.0219  0.0221  0.0221  0.0220  0.0220  0.0220  0.0220
  0.0224  0.0223  0.0222  0.0223  0.0224  0.0222  0.0223  0.0225  0.0222  0.0223  0.0221  0.0222
  0.0229  0.0227  0.0224  0.0229  0.0228  0.0228  0.0228  0.0232  0.0225  0.0229  0.0223  0.0224
niter,ni,del,rscale     2    3    5.0000    0.5000
parameters
    0.6620   29.2458   10.6720   -6.2629   -5.8631    2.8960
    1.4337    2.6721    1.6964   11.2934   -0.5768  -13.7856
eta,q 0.97807  9.16648
  0.0226  0.0224  0.0223  0.0226  0.0225  0.0226  0.0225  0.0228  0.0223  0.0226  0.0221  0.0222
  0.0222  0.0222  0.0221  0.0223  0.0222  0.0224  0.0222  0.0223  0.0221  0.0223  0.0220  0.0220
  0.0220  0.0220  0.0220  0.0221  0.0220  0.0221  0.0220  0.0220  0.0220  0.0220  0.0220  0.0220
  0.0220  0.0220  0.0220  0.0220  0.0220  0.0219  0.0219  0.0219  0.0219  0.0219  0.0219  0.0219
  0.0220  0.0220  0.0220  0.0220  0.0220  0.0219  0.0220  0.0220  0.0220  0.0220  0.0220  0.0220
  0.0223  0.0222  0.0221  0.0222  0.0222  0.0221  0.0222  0.0223  0.0221  0.0222  0.0220  0.0221
  0.0226  0.0224  0.0223  0.0226  0.0226  0.0226  0.0225  0.0228  0.0223  0.0226  0.0222  0.0222
niter,ni,del,rscale     1    3    5.0000    0.4000
parameters
    0.6555   29.2513   10.6842   -6.1635   -5.9426    3.0822
    1.4294    2.6800    1.7113   11.3335   -0.6047  -13.8525
eta,q 0.97809  9.17368
  0.0223  0.0222  0.0221  0.0224  0.0223  0.0224  0.0223  0.0225  0.0222  0.0224  0.0221  0.0221
  0.0221  0.0221  0.0220  0.0222  0.0221  0.0222  0.0221  0.0222  0.0220  0.0221  0.0220  0.0220
  0.0220  0.0220  0.0220  0.0220  0.0220  0.0220  0.0220  0.0220  0.0219  0.0220  0.0219  0.0219
  0.0219  0.0219  0.0219  0.0219  0.0219  0.0219  0.0219  0.0219  0.0219  0.0219  0.0219  0.0219
  0.0220  0.0220  0.0220  0.0219  0.0220  0.0219  0.0220  0.0220  0.0219  0.0220  0.0219  0.0219
  0.0221  0.0221  0.0220  0.0221  0.0221  0.0220  0.0221  0.0222  0.0220  0.0221  0.0220  0.0220
  0.0224  0.0222  0.0221  0.0223  0.0223  0.0224  0.0223  0.0225  0.0222  0.0224  0.0221  0.0221
registration optimization eta report
parameter search radius
    0.8000    0.8000    0.8000    2.4000    2.4000    2.4000
    2.4000    2.4000    2.4000    2.4000    2.4000    2.4000
100000*second partial in parameter space
       65.       48.       33.        8.        6.        8.
        6.       10.        4.        8.        2.        3.
  0.0223  0.0222  0.0221  0.0224  0.0223  0.0224  0.0223  0.0225  0.0222  0.0224  0.0221  0.0221
  0.0221  0.0221  0.0220  0.0222  0.0221  0.0222  0.0221  0.0222  0.0220  0.0221  0.0220  0.0220
  0.0220  0.0220  0.0220  0.0220  0.0220  0.0220  0.0220  0.0220  0.0219  0.0220  0.0219  0.0219
  0.0219  0.0219  0.0219  0.0219  0.0219  0.0219  0.0219  0.0219  0.0219  0.0219  0.0219  0.0219
  0.0220  0.0220  0.0220  0.0219  0.0220  0.0219  0.0220  0.0220  0.0219  0.0220  0.0219  0.0219
  0.0221  0.0221  0.0220  0.0221  0.0221  0.0220  0.0221  0.0222  0.0220  0.0221  0.0220  0.0220
  0.0224  0.0222  0.0221  0.0223  0.0223  0.0224  0.0223  0.0225  0.0222  0.0224  0.0221  0.0221
    0.6555   29.2513   10.6842   -6.1635   -5.9426    3.0822
    1.4294    2.6800    1.7113   11.3335   -0.6047  -13.8525
eta,q 0.97809  9.17368

---------------------------------------------------------------------
imgreg_4dfp /opt/freesurfer/average/711-2C_as_mni_average_305 /opt/freesurfer/average/711-2B_as_mni_average_305_mask talsrcimg_g11 none talsrcimg_to_711-2C_as_mni_average_305_t4 2311
---------------------------------------------------------------------

freesurfer imgreg_4dfp.c
/opt/freesurfer/average/711-2C_as_mni_average_305.4dfp.img
       256       256       256         1
  1.000000  1.000000  1.000000
orientation T byte_order littleendian
Reading image: /opt/freesurfer/average/711-2C_as_mni_average_305.4dfp.img
dimensions:      256       256       256
mmppix:       1.0000   -1.0000   -1.0000
center:     128.0000 -129.0000 -129.0000
/opt/freesurfer/average/711-2B_as_mni_average_305_mask.4dfp.img
       256       256       256         1
  1.000000  1.000000  1.000000
orientation T byte_order littleendian
Reading mask: /opt/freesurfer/average/711-2B_as_mni_average_305_mask.4dfp.img (2306576 pixels)
talsrcimg_g11.4dfp.img
       256       256       256         1
  1.000000  1.000000  1.000000
orientation T byte_order littleendian
Reading image: talsrcimg_g11.4dfp.img
dimensions:      256       256       256
mmppix:       1.0000   -1.0000   -1.0000
center:     128.0000 -129.0000 -129.0000
fimgreg.f
image alignment mode   2311 decimal      907 hex
parameters
    0.6555   29.2513   10.6842   -6.1635   -5.9426    3.0823
    1.4294    2.6800    1.7113   11.3335   -0.6047  -13.8525
eta,q 0.97809  9.17368
niter,ni,del,rscale     5    3    5.0000    0.8000
parameters
    0.6592   29.2669   10.7186   -6.6975   -5.8879    2.4406
    1.4368    2.6287    1.6724   11.2481   -0.5454  -13.5914
eta,q 0.97798  9.13324
  0.0236  0.0231  0.0228  0.0232  0.0234  0.0230  0.0234  0.0240  0.0229  0.0235  0.0225  0.0228
  0.0227  0.0225  0.0223  0.0226  0.0226  0.0226  0.0227  0.0229  0.0224  0.0228  0.0223  0.0224
  0.0221  0.0220  0.0220  0.0221  0.0221  0.0222  0.0222  0.0222  0.0221  0.0222  0.0221  0.0221
  0.0219  0.0219  0.0219  0.0219  0.0219  0.0219  0.0220  0.0220  0.0220  0.0220  0.0220  0.0220
  0.0221  0.0220  0.0220  0.0221  0.0221  0.0221  0.0222  0.0222  0.0221  0.0222  0.0221  0.0221
  0.0227  0.0224  0.0223  0.0228  0.0226  0.0229  0.0227  0.0229  0.0225  0.0228  0.0222  0.0223
  0.0236  0.0231  0.0227  0.0243  0.0234  0.0243  0.0234  0.0241  0.0230  0.0237  0.0225  0.0227
niter,ni,del,rscale     4    3    5.0000    0.7000
parameters
    0.6802   29.2574   10.6798   -6.5254   -5.7700    2.5054
    1.4445    2.6576    1.6855   11.2173   -0.5367  -13.6233
eta,q 0.97801  9.14614
  0.0233  0.0229  0.0226  0.0232  0.0232  0.0230  0.0231  0.0236  0.0227  0.0232  0.0224  0.0225
  0.0226  0.0224  0.0223  0.0227  0.0225  0.0226  0.0225  0.0227  0.0223  0.0226  0.0222  0.0222
  0.0222  0.0221  0.0221  0.0223  0.0221  0.0223  0.0221  0.0222  0.0221  0.0222  0.0220  0.0221
  0.0220  0.0220  0.0220  0.0220  0.0220  0.0220  0.0220  0.0220  0.0220  0.0220  0.0220  0.0220
  0.0221  0.0221  0.0221  0.0220  0.0221  0.0219  0.0221  0.0221  0.0221  0.0221  0.0220  0.0221
  0.0225  0.0224  0.0223  0.0224  0.0225  0.0223  0.0225  0.0226  0.0223  0.0226  0.0222  0.0223
  0.0232  0.0229  0.0226  0.0232  0.0230  0.0232  0.0231  0.0236  0.0227  0.0233  0.0224  0.0226
niter,ni,del,rscale     3    3    5.0000    0.6000
parameters
    0.6708   29.2506   10.6643   -6.3829   -5.7984    2.6971
    1.4417    2.6641    1.6985   11.2554   -0.5660  -13.7162
eta,q 0.97804  9.15755
  0.0229  0.0227  0.0224  0.0229  0.0228  0.0228  0.0228  0.0231  0.0225  0.0229  0.0223  0.0224
  0.0224  0.0223  0.0222  0.0225  0.0223  0.0225  0.0223  0.0225  0.0222  0.0224  0.0221  0.0221
  0.0221  0.0221  0.0220  0.0222  0.0221  0.0222  0.0220  0.0221  0.0220  0.0221  0.0220  0.0220
  0.0220  0.0220  0.0220  0.0220  0.0220  0.0220  0.0220  0.0220  0.0220  0.0220  0.0220  0.0220
  0.0221  0.0221  0.0221  0.0220  0.0221  0.0219  0.0221  0.0221  0.0220  0.0220  0.0220  0.0220
  0.0224  0.0223  0.0222  0.0223  0.0224  0.0222  0.0223  0.0225  0.0222  0.0224  0.0221  0.0222
  0.0229  0.0227  0.0224  0.0229  0.0228  0.0228  0.0228  0.0232  0.0225  0.0229  0.0223  0.0224
niter,ni,del,rscale     2    3    5.0000    0.5000
parameters
    0.6626   29.2526   10.6664   -6.2590   -5.8618    2.9003
    1.4309    2.6726    1.7061   11.3023   -0.5829  -13.8096
eta,q 0.97807  9.16712
  0.0226  0.0224  0.0223  0.0226  0.0225  0.0226  0.0225  0.0228  0.0223  0.0226  0.0221  0.0222
  0.0222  0.0222  0.0221  0.0223  0.0222  0.0224  0.0222  0.0223  0.0221  0.0223  0.0220  0.0220
  0.0220  0.0220  0.0220  0.0221  0.0220  0.0221  0.0220  0.0220  0.0220  0.0220  0.0220  0.0220
  0.0220  0.0220  0.0220  0.0220  0.0220  0.0219  0.0219  0.0219  0.0219  0.0219  0.0219  0.0219
  0.0220  0.0220  0.0220  0.0220  0.0220  0.0219  0.0220  0.0220  0.0220  0.0220  0.0220  0.0220
  0.0223  0.0222  0.0221  0.0222  0.0222  0.0221  0.0222  0.0223  0.0221  0.0222  0.0220  0.0221
  0.0226  0.0224  0.0223  0.0226  0.0225  0.0226  0.0225  0.0228  0.0223  0.0226  0.0221  0.0222
niter,ni,del,rscale     1    3    5.0000    0.4000
parameters
    0.6541   29.2519   10.6827   -6.1588   -5.9447    3.0895
    1.4269    2.6777    1.7057   11.3418   -0.5996  -13.8769
eta,q 0.97809  9.17415
  0.0223  0.0222  0.0221  0.0224  0.0223  0.0224  0.0223  0.0225  0.0222  0.0224  0.0221  0.0221
  0.0221  0.0221  0.0220  0.0222  0.0221  0.0222  0.0221  0.0222  0.0220  0.0221  0.0220  0.0220
  0.0220  0.0220  0.0220  0.0220  0.0220  0.0220  0.0220  0.0220  0.0219  0.0220  0.0219  0.0219
  0.0219  0.0219  0.0219  0.0219  0.0219  0.0219  0.0219  0.0219  0.0219  0.0219  0.0219  0.0219
  0.0220  0.0220  0.0219  0.0219  0.0220  0.0219  0.0220  0.0220  0.0219  0.0220  0.0219  0.0219
  0.0221  0.0221  0.0220  0.0221  0.0221  0.0220  0.0221  0.0222  0.0220  0.0221  0.0220  0.0220
  0.0224  0.0222  0.0221  0.0223  0.0223  0.0224  0.0223  0.0225  0.0222  0.0224  0.0221  0.0221
registration optimization eta report
parameter search radius
    0.8000    0.8000    0.8000    2.4000    2.4000    2.4000
    2.4000    2.4000    2.4000    2.4000    2.4000    2.4000
100000*second partial in parameter space
       66.       47.       33.        8.        6.        8.
        7.       10.        4.        8.        3.        3.
  0.0223  0.0222  0.0221  0.0224  0.0223  0.0224  0.0223  0.0225  0.0222  0.0224  0.0221  0.0221
  0.0221  0.0221  0.0220  0.0222  0.0221  0.0222  0.0221  0.0222  0.0220  0.0221  0.0220  0.0220
  0.0220  0.0220  0.0220  0.0220  0.0220  0.0220  0.0220  0.0220  0.0219  0.0220  0.0219  0.0219
  0.0219  0.0219  0.0219  0.0219  0.0219  0.0219  0.0219  0.0219  0.0219  0.0219  0.0219  0.0219
  0.0220  0.0220  0.0219  0.0219  0.0220  0.0219  0.0220  0.0220  0.0219  0.0220  0.0219  0.0219
  0.0221  0.0221  0.0220  0.0221  0.0221  0.0220  0.0221  0.0222  0.0220  0.0221  0.0220  0.0220
  0.0224  0.0222  0.0221  0.0223  0.0223  0.0224  0.0223  0.0225  0.0222  0.0224  0.0221  0.0221
    0.6541   29.2519   10.6827   -6.1588   -5.9447    3.0895
    1.4269    2.6777    1.7057   11.3418   -0.5996  -13.8769
eta,q 0.97809  9.17415

---------------------------------------------------------------------
compute_vox2vox talsrcimg talsrcimg_to_711-2C_as_mni_average_305_t4 /opt/freesurfer/average/711-2C_as_mni_average_305
---------------------------------------------------------------------

freesurfer compute_vox2vox.c
Reading: talsrcimg.4dfp.ifh
Reading: talsrcimg_to_711-2C_as_mni_average_305_t4
Reading: /opt/freesurfer/average/711-2C_as_mni_average_305.4dfp.ifh
Writing: talsrcimg_to_711-2C_as_mni_average_305_t4_vox2vox.txt

start time Sun Nov 24 06:19:31 UTC 2024
end		time Sun Nov 24 06:20:12 UTC 2024

mpr2mni305 success

avi2talxfm orig_nu.mgz /opt/freesurfer/average/mni305.cor.mgz talsrcimg_to_711-2C_as_mni_average_305_t4_vox2vox.txt transforms/talairach.auto.xfm
avi2talxfm done
mv -f /scratch/tmp/fs_mp2rage_tests2/sourcedata/freesurfer_memprage/sub-fsm85fp/mri/talsrcimg_to_711-2C_as_mni_average_305_t4_vox2vox.txt /scratch/tmp/fs_mp2rage_tests2/sourcedata/freesurfer_memprage/sub-fsm85fp/mri/transforms/talsrcimg_to_711-2C_as_mni_average_305_t4_vox2vox.txt
lta_convert --src orig_nu.mgz --trg /opt/freesurfer/average/mni305.cor.mgz --inxfm transforms/talairach.auto.xfm --outlta transforms/talairach.auto.xfm.lta --subject fsaverage
7.3.2

--src: orig_nu.mgz src image (geometry).
--trg: /opt/freesurfer/average/mni305.cor.mgz trg image (geometry).
--inmni: transforms/talairach.auto.xfm input MNI/XFM transform.
--outlta: transforms/talairach.auto.xfm.lta output LTA.
--s: fsaverage subject name
 LTA read, type : 1
 1.06583  -0.02549  -0.01993  -2.96809;
 0.00354   0.95445   0.14077  -30.97690;
-0.01976  -0.11463   1.04659  -1.73576;
 0.00000   0.00000   0.00000   1.00000;
setting subject to fsaverage
Writing  LTA to file transforms/talairach.auto.xfm.lta...
lta_convert successful.
 
 
Started at Sun Nov 24 06:19:28 UTC 2024
Ended   at Sun Nov 24 06:20:13 UTC 2024
talairach_avi done
