status file for recon-all
Sun Nov 24 05:33:11 UTC 2024
#@# MotionCor Sun Nov 24 05:33:18 UTC 2024
#@# Talairach Sun Nov 24 05:33:37 UTC 2024
#@# Talairach Failure Detection Sun Nov 24 05:41:37 UTC 2024
#@# Nu Intensity Correction Sun Nov 24 05:41:37 UTC 2024
#@# Intensity Normalization Sun Nov 24 05:49:13 UTC 2024
recon-all -s sub-fsm42wk finished without error at Sun Nov 24 05:53:32 UTC 2024



#New# invocation of recon-all 



status file for recon-all
Sun Nov 24 08:26:52 UTC 2024
#@# EM Registration Sun Nov 24 08:26:52 UTC 2024
recon-all -s sub-fsm42wk finished without error at Sun Nov 24 08:38:36 UTC 2024



#New# invocation of recon-all 



status file for recon-all
Sun Nov 24 15:50:45 UTC 2024
#@# CA Normalize Sun Nov 24 15:50:45 UTC 2024
#@# CA Reg Sun Nov 24 15:53:10 UTC 2024
#@# SubCort Seg Sun Nov 24 18:01:50 UTC 2024
#@# CC Seg Sun Nov 24 19:17:21 UTC 2024
#@# Merge ASeg Sun Nov 24 19:18:26 UTC 2024
#@# Intensity Normalization2 Sun Nov 24 19:18:26 UTC 2024
#@# Mask BFS Sun Nov 24 19:23:51 UTC 2024
#@# WM Segmentation Sun Nov 24 19:23:54 UTC 2024
#@# Fill Sun Nov 24 19:29:17 UTC 2024
recon-all -s sub-fsm42wk finished without error at Sun Nov 24 19:31:36 UTC 2024



#New# invocation of recon-all 



status file for recon-all
Mon Nov 25 11:26:55 UTC 2024
#@# white curv lh Mon Nov 25 11:26:55 UTC 2024
#@# white area lh Mon Nov 25 11:26:55 UTC 2024
#@# pial curv lh Mon Nov 25 11:26:55 UTC 2024
#@# pial area lh Mon Nov 25 11:26:55 UTC 2024
#@# thickness lh Mon Nov 25 11:26:55 UTC 2024
#@# area and vertex vol lh Mon Nov 25 11:26:55 UTC 2024
#@# white curv rh Mon Nov 25 11:26:56 UTC 2024
#@# white area rh Mon Nov 25 11:26:56 UTC 2024
#@# pial curv rh Mon Nov 25 11:26:56 UTC 2024
#@# pial area rh Mon Nov 25 11:26:56 UTC 2024
#@# thickness rh Mon Nov 25 11:26:56 UTC 2024
#@# area and vertex vol rh Mon Nov 25 11:26:56 UTC 2024
#@# Cortical ribbon mask Mon Nov 25 11:26:56 UTC 2024
recon-all -s sub-fsm42wk finished without error at Mon Nov 25 11:41:18 UTC 2024



#New# invocation of recon-all 



status file for recon-all
Mon Nov 25 17:43:48 UTC 2024
#@# white curv lh Mon Nov 25 17:43:49 UTC 2024
#@# white area lh Mon Nov 25 17:43:49 UTC 2024
#@# pial curv lh Mon Nov 25 17:43:49 UTC 2024
#@# pial area lh Mon Nov 25 17:43:49 UTC 2024
#@# thickness lh Mon Nov 25 17:43:49 UTC 2024
#@# area and vertex vol lh Mon Nov 25 17:43:49 UTC 2024
#@# white curv rh Mon Nov 25 17:43:49 UTC 2024
#@# white area rh Mon Nov 25 17:43:49 UTC 2024
#@# pial curv rh Mon Nov 25 17:43:49 UTC 2024
#@# pial area rh Mon Nov 25 17:43:49 UTC 2024
#@# thickness rh Mon Nov 25 17:43:49 UTC 2024
#@# area and vertex vol rh Mon Nov 25 17:43:49 UTC 2024
#@# Curvature Stats lh Mon Nov 25 17:43:49 UTC 2024
#@# Curvature Stats rh Mon Nov 25 17:43:54 UTC 2024
#@# Relabel Hypointensities Mon Nov 25 17:43:59 UTC 2024
#@# APas-to-ASeg Mon Nov 25 17:44:31 UTC 2024
#@# AParc-to-ASeg aparc Mon Nov 25 17:44:48 UTC 2024
#@# AParc-to-ASeg aparc.a2009s Mon Nov 25 17:46:02 UTC 2024
#@# AParc-to-ASeg aparc.DKTatlas Mon Nov 25 17:47:16 UTC 2024
#@# WMParc Mon Nov 25 17:48:22 UTC 2024
#@# ASeg Stats Mon Nov 25 17:53:42 UTC 2024
recon-all -s sub-fsm42wk finished without error at Mon Nov 25 17:55:12 UTC 2024
