status file for recon-all
Mon Nov 25 09:58:55 UTC 2024
#@# Tessellate lh Mon Nov 25 09:58:55 UTC 2024
#@# Smooth1 lh Mon Nov 25 09:59:11 UTC 2024
#@# Inflation1 lh Mon Nov 25 09:59:20 UTC 2024
#@# QSphere lh Mon Nov 25 09:59:49 UTC 2024
#@# Fix Topology lh Mon Nov 25 10:02:56 UTC 2024
#@# Smooth2 lh Mon Nov 25 10:25:06 UTC 2024
#@# Inflation2 lh Mon Nov 25 10:25:14 UTC 2024
#@# Curv .H and .K lh Mon Nov 25 10:25:50 UTC 2024
#@# Sphere lh Mon Nov 25 10:27:52 UTC 2024
#@# Surf Reg lh Mon Nov 25 10:36:46 UTC 2024
#@# Jacobian white lh Mon Nov 25 10:48:26 UTC 2024
#@# AvgCurv lh Mon Nov 25 10:48:29 UTC 2024
#@# Cortical Parc lh Mon Nov 25 10:48:31 UTC 2024
#@# white curv lh Mon Nov 25 11:23:28 UTC 2024
#@# white area lh Mon Nov 25 11:23:34 UTC 2024
#@# pial curv lh Mon Nov 25 11:23:36 UTC 2024
#@# pial area lh Mon Nov 25 11:23:40 UTC 2024
#@# thickness lh Mon Nov 25 11:23:42 UTC 2024
#@# area and vertex vol lh Mon Nov 25 11:25:03 UTC 2024
#@# Curvature Stats lh Mon Nov 25 11:25:07 UTC 2024
#@# Cortical Parc 2 lh Mon Nov 25 11:25:13 UTC 2024
#@# Cortical Parc 3 lh Mon Nov 25 11:25:57 UTC 2024
#@# WM/GM Contrast lh Mon Nov 25 11:26:33 UTC 2024
recon-all -s sub-fsm42wk finished without error at Mon Nov 25 11:26:41 UTC 2024



#New# invocation of recon-all 



status file for recon-all
Mon Nov 25 17:33:56 UTC 2024
#@# white curv lh Mon Nov 25 17:33:56 UTC 2024
#@# white area lh Mon Nov 25 17:33:56 UTC 2024
#@# pial curv lh Mon Nov 25 17:33:56 UTC 2024
#@# pial area lh Mon Nov 25 17:33:56 UTC 2024
#@# thickness lh Mon Nov 25 17:33:56 UTC 2024
#@# area and vertex vol lh Mon Nov 25 17:33:56 UTC 2024
#@# Parcellation Stats lh Mon Nov 25 17:33:56 UTC 2024
#@# Parcellation Stats 2 lh Mon Nov 25 17:34:55 UTC 2024
#@# Parcellation Stats 3 lh Mon Nov 25 17:35:24 UTC 2024
#@# BA_exvivo Labels lh Mon Nov 25 17:35:54 UTC 2024
recon-all -s sub-fsm42wk finished without error at Mon Nov 25 17:41:24 UTC 2024
