status file for recon-all
Sun Nov 24 14:48:58 UTC 2024
#@# Tessellate lh Sun Nov 24 14:48:58 UTC 2024
#@# Smooth1 lh Sun Nov 24 14:49:10 UTC 2024
#@# Inflation1 lh Sun Nov 24 14:49:16 UTC 2024
#@# QSphere lh Sun Nov 24 14:49:34 UTC 2024
#@# Fix Topology lh Sun Nov 24 14:51:54 UTC 2024
#@# Smooth2 lh Sun Nov 24 15:10:15 UTC 2024
#@# Inflation2 lh Sun Nov 24 15:10:21 UTC 2024
#@# Curv .H and .K lh Sun Nov 24 15:10:51 UTC 2024
#@# Sphere lh Sun Nov 24 15:12:22 UTC 2024
#@# Surf Reg lh Sun Nov 24 15:21:30 UTC 2024
#@# Jacobian white lh Sun Nov 24 15:31:28 UTC 2024
#@# AvgCurv lh Sun Nov 24 15:31:30 UTC 2024
#@# Cortical Parc lh Sun Nov 24 15:31:31 UTC 2024
#@# white curv lh Sun Nov 24 15:46:39 UTC 2024
#@# white area lh Sun Nov 24 15:46:44 UTC 2024
#@# pial curv lh Sun Nov 24 15:46:45 UTC 2024
#@# pial area lh Sun Nov 24 15:46:50 UTC 2024
#@# thickness lh Sun Nov 24 15:46:52 UTC 2024
#@# area and vertex vol lh Sun Nov 24 15:47:59 UTC 2024
#@# Curvature Stats lh Sun Nov 24 15:48:03 UTC 2024
#@# Cortical Parc 2 lh Sun Nov 24 15:48:09 UTC 2024
#@# Cortical Parc 3 lh Sun Nov 24 15:48:41 UTC 2024
#@# WM/GM Contrast lh Sun Nov 24 15:49:04 UTC 2024
recon-all -s sub-fsm57hp finished without error at Sun Nov 24 15:49:11 UTC 2024



#New# invocation of recon-all 



status file for recon-all
Sun Nov 24 20:19:58 UTC 2024
#@# white curv lh Sun Nov 24 20:19:59 UTC 2024
#@# white area lh Sun Nov 24 20:19:59 UTC 2024
#@# pial curv lh Sun Nov 24 20:19:59 UTC 2024
#@# pial area lh Sun Nov 24 20:19:59 UTC 2024
#@# thickness lh Sun Nov 24 20:19:59 UTC 2024
#@# area and vertex vol lh Sun Nov 24 20:19:59 UTC 2024
#@# Parcellation Stats lh Sun Nov 24 20:19:59 UTC 2024
#@# Parcellation Stats 2 lh Sun Nov 24 20:21:34 UTC 2024
#@# Parcellation Stats 3 lh Sun Nov 24 20:22:21 UTC 2024
#@# BA_exvivo Labels lh Sun Nov 24 20:23:06 UTC 2024
recon-all -s sub-fsm57hp finished without error at Sun Nov 24 20:31:04 UTC 2024
