/scratch/tmp/fs_mp2rage_tests2/sourcedata/freesurfer_memprage/sub-fsm23qf/mri
/opt/freesurfer/bin/mri_nu_correct.mni
--i orig.mgz --o nu.mgz --uchar transforms/talairach.xfm --n 2 --ants-n4
nIters 2
mri_nu_correct.mni 7.3.2
Linux elm.criugm.qc.ca 5.15.0-113-generic #123-Ubuntu SMP Mon Jun 10 08:16:17 UTC 2024 x86_64 x86_64 x86_64 GNU/Linux
Sun Nov 24 05:20:17 UTC 2024
tmpdir is ./tmp.mri_nu_correct.mni.1882903
cd /scratch/tmp/fs_mp2rage_tests2/sourcedata/freesurfer_memprage/sub-fsm23qf/mri
AntsN4BiasFieldCorrectionFs -i orig.mgz -o ./tmp.mri_nu_correct.mni.1882903/nu0.mgz --dtype uchar
AntsN4BiasFieldCorrectionFs done
mri_binarize --i ./tmp.mri_nu_correct.mni.1882903/nu0.mgz --min -1 --o ./tmp.mri_nu_correct.mni.1882903/ones.mgz

7.3.2
cwd /scratch/tmp/fs_mp2rage_tests2/sourcedata/freesurfer_memprage/sub-fsm23qf/mri
cmdline mri_binarize --i ./tmp.mri_nu_correct.mni.1882903/nu0.mgz --min -1 --o ./tmp.mri_nu_correct.mni.1882903/ones.mgz 
sysname  Linux
hostname elm.criugm.qc.ca
machine  x86_64
user     bpinsard

input      ./tmp.mri_nu_correct.mni.1882903/nu0.mgz
frame      0
nErode3d   0
nErode2d   0
output     ./tmp.mri_nu_correct.mni.1882903/ones.mgz
Binarizing based on threshold
min        -1
max        +infinity
binval        1
binvalnot     0
fstart = 0, fend = 0, nframes = 1
Starting parallel 1
Found 16777216 values in range
Counting number of voxels in first frame
Found 16777215 voxels in final mask
Writing output to ./tmp.mri_nu_correct.mni.1882903/ones.mgz
Count: 16777215 16777215.000000 16777216 99.999994
mri_binarize done
mri_segstats --id 1 --seg ./tmp.mri_nu_correct.mni.1882903/ones.mgz --i orig.mgz --sum ./tmp.mri_nu_correct.mni.1882903/sum.junk --avgwf ./tmp.mri_nu_correct.mni.1882903/input.mean.dat

7.3.2
cwd 
cmdline mri_segstats --id 1 --seg ./tmp.mri_nu_correct.mni.1882903/ones.mgz --i orig.mgz --sum ./tmp.mri_nu_correct.mni.1882903/sum.junk --avgwf ./tmp.mri_nu_correct.mni.1882903/input.mean.dat 
sysname  Linux
hostname elm.criugm.qc.ca
machine  x86_64
user     bpinsard
whitesurfname  white
UseRobust  0
Loading ./tmp.mri_nu_correct.mni.1882903/ones.mgz
Loading orig.mgz
Voxel Volume is 1 mm^3
Generating list of segmentation ids
Found   1 segmentations
Computing statistics for each segmentation

Reporting on   1 segmentations
Using PrintSegStat
Computing spatial average of each frame

Writing to ./tmp.mri_nu_correct.mni.1882903/input.mean.dat
mri_segstats done
mri_segstats --id 1 --seg ./tmp.mri_nu_correct.mni.1882903/ones.mgz --i ./tmp.mri_nu_correct.mni.1882903/nu0.mgz --sum ./tmp.mri_nu_correct.mni.1882903/sum.junk --avgwf ./tmp.mri_nu_correct.mni.1882903/output.mean.dat

7.3.2
cwd 
cmdline mri_segstats --id 1 --seg ./tmp.mri_nu_correct.mni.1882903/ones.mgz --i ./tmp.mri_nu_correct.mni.1882903/nu0.mgz --sum ./tmp.mri_nu_correct.mni.1882903/sum.junk --avgwf ./tmp.mri_nu_correct.mni.1882903/output.mean.dat 
sysname  Linux
hostname elm.criugm.qc.ca
machine  x86_64
user     bpinsard
whitesurfname  white
UseRobust  0
Loading ./tmp.mri_nu_correct.mni.1882903/ones.mgz
Loading ./tmp.mri_nu_correct.mni.1882903/nu0.mgz
Voxel Volume is 1 mm^3
Generating list of segmentation ids
Found   1 segmentations
Computing statistics for each segmentation

Reporting on   1 segmentations
Using PrintSegStat
Computing spatial average of each frame

Writing to ./tmp.mri_nu_correct.mni.1882903/output.mean.dat
mri_segstats done
mris_calc -o ./tmp.mri_nu_correct.mni.1882903/nu0.mgz ./tmp.mri_nu_correct.mni.1882903/nu0.mgz mul 1.26021954887968212554
mri_convert ./tmp.mri_nu_correct.mni.1882903/nu0.mgz nu.mgz --like orig.mgz
mri_convert ./tmp.mri_nu_correct.mni.1882903/nu0.mgz nu.mgz --like orig.mgz 
reading from ./tmp.mri_nu_correct.mni.1882903/nu0.mgz...
TR=0.00, TE=0.00, TI=0.00, flip angle=0.00
i_ras = (-1, 7.567e-10, -4.65661e-10)
j_ras = (0, -1.49012e-08, -1)
k_ras = (5.82077e-11, 1, 1.49012e-08)
INFO: transform src into the like-volume: orig.mgz
writing to nu.mgz...
mri_make_uchar nu.mgz transforms/talairach.xfm nu.mgz
type change took 0 minutes and 14 seconds.
FIRST_PERCENTILE 0.010000
WM_PERCENTILE    0.900000
MAX_R 50.000000
i1 = 6, i2 = 72
#mri_make_uchar# mapping 14 164 to  3 110  :  b -7.21818 m 0.713164 : thresh 10.1214 maxsat 367.683 : nzero 12876162 nsat 0
 
 
Sun Nov 24 05:28:10 UTC 2024
mri_nu_correct.mni done
