Log file for defect2seg
Mon Nov 25 06:35:57 UTC 2024

setenv SUBJECTS_DIR /scratch/tmp/fs_mp2rage_tests2/sourcedata/freesurfer_memprage
cd /scratch/tmp/fs_mp2rage_tests2/sourcedata/freesurfer_memprage/sub-fsm27uz/scripts
/opt/freesurfer/bin/defect2seg --s sub-fsm27uz --rh-only --cortex

freesurfer-linux-ubuntu22_x86_64-7.3.2-20220804-6354275
defect2seg 7.3.2
Linux elm.criugm.qc.ca 5.15.0-113-generic #123-Ubuntu SMP Mon Jun 10 08:16:17 UTC 2024 x86_64 x86_64 x86_64 GNU/Linux
pid 2217113
mri_label2label --label-cortex /scratch/tmp/fs_mp2rage_tests2/sourcedata/freesurfer_memprage/sub-fsm27uz/surf/rh.orig.nofix /scratch/tmp/fs_mp2rage_tests2/sourcedata/freesurfer_memprage/sub-fsm27uz/mri/aseg.presurf.mgz 0 /scratch/tmp/fs_mp2rage_tests2/sourcedata/freesurfer_memprage/sub-fsm27uz/label/rh.nofix.cortex.label

 Generating cortex label... RemoveHipAmgy=0
 NucAccIsMedialWall=0
 mris->useRealRAS=0
15 non-cortical segments detected
only using segment with 7872 vertices
erasing segment 1 (vno[0] = 60639)
erasing segment 2 (vno[0] = 80357)
erasing segment 3 (vno[0] = 83714)
erasing segment 4 (vno[0] = 84201)
erasing segment 5 (vno[0] = 85893)
erasing segment 6 (vno[0] = 97740)
erasing segment 7 (vno[0] = 101094)
erasing segment 8 (vno[0] = 101234)
erasing segment 9 (vno[0] = 102193)
erasing segment 10 (vno[0] = 104237)
erasing segment 11 (vno[0] = 110835)
erasing segment 12 (vno[0] = 127427)
erasing segment 13 (vno[0] = 128292)
erasing segment 14 (vno[0] = 130634)
mri_label2vol --defects /scratch/tmp/fs_mp2rage_tests2/sourcedata/freesurfer_memprage/sub-fsm27uz/surf/rh.orig.nofix /scratch/tmp/fs_mp2rage_tests2/sourcedata/freesurfer_memprage/sub-fsm27uz/surf/rh.defect_labels /scratch/tmp/fs_mp2rage_tests2/sourcedata/freesurfer_memprage/sub-fsm27uz/mri/orig.mgz 2000 0 /scratch/tmp/fs_mp2rage_tests2/sourcedata/freesurfer_memprage/sub-fsm27uz/mri/rh.surface.defects.mgz /scratch/tmp/fs_mp2rage_tests2/sourcedata/freesurfer_memprage/sub-fsm27uz/label/rh.nofix.cortex.label
mri_label2vol supposed to be reproducible but seed not set
Contraining to label /scratch/tmp/fs_mp2rage_tests2/sourcedata/freesurfer_memprage/sub-fsm27uz/label/rh.nofix.cortex.label
Changing input type 0 to MRI_INT
Converting defects to volume: offset=2000, merge=0
Writing to /scratch/tmp/fs_mp2rage_tests2/sourcedata/freesurfer_memprage/sub-fsm27uz/mri/rh.surface.defects.mgz
mris_defects_pointset -s /scratch/tmp/fs_mp2rage_tests2/sourcedata/freesurfer_memprage/sub-fsm27uz/surf/rh.orig.nofix -d /scratch/tmp/fs_mp2rage_tests2/sourcedata/freesurfer_memprage/sub-fsm27uz/surf/rh.defect_labels -o /scratch/tmp/fs_mp2rage_tests2/sourcedata/freesurfer_memprage/sub-fsm27uz/surf/rh.defects.pointset --label /scratch/tmp/fs_mp2rage_tests2/sourcedata/freesurfer_memprage/sub-fsm27uz/label/rh.nofix.cortex.label
Reading in surface /scratch/tmp/fs_mp2rage_tests2/sourcedata/freesurfer_memprage/sub-fsm27uz/surf/rh.orig.nofix
Reading in defect segmentation /scratch/tmp/fs_mp2rage_tests2/sourcedata/freesurfer_memprage/sub-fsm27uz/surf/rh.defect_labels
Reading in label /scratch/tmp/fs_mp2rage_tests2/sourcedata/freesurfer_memprage/sub-fsm27uz/label/rh.nofix.cortex.label
#VMPC# mris_defects_pointset 719728
mris_defects_pointset done
 
Started at Mon Nov 25 06:35:57 UTC 2024 
Ended   at Mon Nov 25 06:36:53 UTC 2024
Defect2seg-Run-Time-Sec 56
Defect2seg-Run-Time-Min 1.12
Defect2seg-Run-Time-Hours 0.02
 
defect2seg Done
