status file for recon-all
Sun Nov 24 05:12:50 UTC 2024
#@# MotionCor Sun Nov 24 05:12:57 UTC 2024
#@# Talairach Sun Nov 24 05:13:14 UTC 2024
#@# Talairach Failure Detection Sun Nov 24 05:21:14 UTC 2024
#@# Nu Intensity Correction Sun Nov 24 05:21:15 UTC 2024
#@# Intensity Normalization Sun Nov 24 05:29:13 UTC 2024
recon-all -s sub-fsm27uz finished without error at Sun Nov 24 05:33:07 UTC 2024



#New# invocation of recon-all 



status file for recon-all
Sun Nov 24 08:21:24 UTC 2024
#@# EM Registration Sun Nov 24 08:21:24 UTC 2024
recon-all -s sub-fsm27uz finished without error at Sun Nov 24 08:29:58 UTC 2024



#New# invocation of recon-all 



status file for recon-all
Sun Nov 24 12:25:48 UTC 2024
#@# CA Normalize Sun Nov 24 12:25:48 UTC 2024
#@# CA Reg Sun Nov 24 12:28:19 UTC 2024
#@# SubCort Seg Sun Nov 24 14:19:27 UTC 2024
#@# CC Seg Sun Nov 24 15:34:51 UTC 2024
#@# Merge ASeg Sun Nov 24 15:36:55 UTC 2024
#@# Intensity Normalization2 Sun Nov 24 15:36:55 UTC 2024
#@# Mask BFS Sun Nov 24 15:42:19 UTC 2024
#@# WM Segmentation Sun Nov 24 15:42:22 UTC 2024
#@# Fill Sun Nov 24 15:48:12 UTC 2024
recon-all -s sub-fsm27uz finished without error at Sun Nov 24 15:50:35 UTC 2024



#New# invocation of recon-all 



status file for recon-all
Mon Nov 25 08:14:31 UTC 2024
#@# white curv lh Mon Nov 25 08:14:31 UTC 2024
#@# white area lh Mon Nov 25 08:14:31 UTC 2024
#@# pial curv lh Mon Nov 25 08:14:31 UTC 2024
#@# pial area lh Mon Nov 25 08:14:31 UTC 2024
#@# thickness lh Mon Nov 25 08:14:31 UTC 2024
#@# area and vertex vol lh Mon Nov 25 08:14:31 UTC 2024
#@# white curv rh Mon Nov 25 08:14:31 UTC 2024
#@# white area rh Mon Nov 25 08:14:31 UTC 2024
#@# pial curv rh Mon Nov 25 08:14:31 UTC 2024
#@# pial area rh Mon Nov 25 08:14:31 UTC 2024
#@# thickness rh Mon Nov 25 08:14:31 UTC 2024
#@# area and vertex vol rh Mon Nov 25 08:14:31 UTC 2024
#@# Cortical ribbon mask Mon Nov 25 08:14:31 UTC 2024
recon-all -s sub-fsm27uz finished without error at Mon Nov 25 08:35:34 UTC 2024



#New# invocation of recon-all 



status file for recon-all
Mon Nov 25 17:13:36 UTC 2024
#@# white curv lh Mon Nov 25 17:13:36 UTC 2024
#@# white area lh Mon Nov 25 17:13:36 UTC 2024
#@# pial curv lh Mon Nov 25 17:13:36 UTC 2024
#@# pial area lh Mon Nov 25 17:13:36 UTC 2024
#@# thickness lh Mon Nov 25 17:13:36 UTC 2024
#@# area and vertex vol lh Mon Nov 25 17:13:36 UTC 2024
#@# white curv rh Mon Nov 25 17:13:36 UTC 2024
#@# white area rh Mon Nov 25 17:13:36 UTC 2024
#@# pial curv rh Mon Nov 25 17:13:36 UTC 2024
#@# pial area rh Mon Nov 25 17:13:36 UTC 2024
#@# thickness rh Mon Nov 25 17:13:36 UTC 2024
#@# area and vertex vol rh Mon Nov 25 17:13:36 UTC 2024
#@# Curvature Stats lh Mon Nov 25 17:13:37 UTC 2024
#@# Curvature Stats rh Mon Nov 25 17:13:42 UTC 2024
#@# Relabel Hypointensities Mon Nov 25 17:13:48 UTC 2024
#@# APas-to-ASeg Mon Nov 25 17:14:24 UTC 2024
#@# AParc-to-ASeg aparc Mon Nov 25 17:14:44 UTC 2024
#@# AParc-to-ASeg aparc.a2009s Mon Nov 25 17:16:36 UTC 2024
#@# AParc-to-ASeg aparc.DKTatlas Mon Nov 25 17:18:43 UTC 2024
#@# WMParc Mon Nov 25 17:20:43 UTC 2024
#@# ASeg Stats Mon Nov 25 17:26:34 UTC 2024
recon-all -s sub-fsm27uz finished without error at Mon Nov 25 17:27:57 UTC 2024
