status file for recon-all
Mon Nov 25 06:08:43 UTC 2024
#@# Tessellate lh Mon Nov 25 06:08:43 UTC 2024
#@# Smooth1 lh Mon Nov 25 06:09:01 UTC 2024
#@# Inflation1 lh Mon Nov 25 06:09:11 UTC 2024
#@# QSphere lh Mon Nov 25 06:09:54 UTC 2024
#@# Fix Topology lh Mon Nov 25 06:15:02 UTC 2024
#@# Smooth2 lh Mon Nov 25 06:38:54 UTC 2024
#@# Inflation2 lh Mon Nov 25 06:39:03 UTC 2024
#@# Curv .H and .K lh Mon Nov 25 06:39:44 UTC 2024
#@# Sphere lh Mon Nov 25 06:41:45 UTC 2024
#@# Surf Reg lh Mon Nov 25 06:49:57 UTC 2024
#@# Jacobian white lh Mon Nov 25 07:02:27 UTC 2024
#@# AvgCurv lh Mon Nov 25 07:02:30 UTC 2024
#@# Cortical Parc lh Mon Nov 25 07:02:32 UTC 2024
#@# white curv lh Mon Nov 25 07:42:02 UTC 2024
#@# white area lh Mon Nov 25 07:42:10 UTC 2024
#@# pial curv lh Mon Nov 25 07:42:13 UTC 2024
#@# pial area lh Mon Nov 25 07:42:18 UTC 2024
#@# thickness lh Mon Nov 25 07:42:21 UTC 2024
#@# area and vertex vol lh Mon Nov 25 07:44:08 UTC 2024
#@# Curvature Stats lh Mon Nov 25 07:44:14 UTC 2024
#@# Cortical Parc 2 lh Mon Nov 25 07:44:22 UTC 2024
#@# Cortical Parc 3 lh Mon Nov 25 07:45:19 UTC 2024
#@# WM/GM Contrast lh Mon Nov 25 07:45:51 UTC 2024
recon-all -s sub-fsm27uz finished without error at Mon Nov 25 07:46:03 UTC 2024



#New# invocation of recon-all 



status file for recon-all
Mon Nov 25 17:02:00 UTC 2024
#@# white curv lh Mon Nov 25 17:02:00 UTC 2024
#@# white area lh Mon Nov 25 17:02:00 UTC 2024
#@# pial curv lh Mon Nov 25 17:02:01 UTC 2024
#@# pial area lh Mon Nov 25 17:02:01 UTC 2024
#@# thickness lh Mon Nov 25 17:02:01 UTC 2024
#@# area and vertex vol lh Mon Nov 25 17:02:01 UTC 2024
#@# Parcellation Stats lh Mon Nov 25 17:02:01 UTC 2024
#@# Parcellation Stats 2 lh Mon Nov 25 17:03:24 UTC 2024
#@# Parcellation Stats 3 lh Mon Nov 25 17:04:06 UTC 2024
#@# BA_exvivo Labels lh Mon Nov 25 17:04:48 UTC 2024
recon-all -s sub-fsm27uz finished without error at Mon Nov 25 17:11:15 UTC 2024
