/scratch/tmp/fs_mp2rage_tests2/sourcedata/freesurfer_memprage/sub-fsm96ry/mri
/opt/freesurfer/bin/talairach_avi
--i orig_nu.mgz --xfm transforms/talairach.auto.xfm
talairach_avi 7.3.2
Linux elm.criugm.qc.ca 5.15.0-113-generic #123-Ubuntu SMP Mon Jun 10 08:16:17 UTC 2024 x86_64 x86_64 x86_64 GNU/Linux
Sun Nov 24 06:23:04 UTC 2024
mri_convert orig_nu.mgz talsrcimg.img 
reading from orig_nu.mgz...
TR=0.00, TE=0.00, TI=0.00, flip angle=0.00
i_ras = (-1, -2.79397e-09, 0)
j_ras = (0, -1.49012e-08, -1)
k_ras = (-2.79397e-09, 1, -1.49012e-08)
writing to talsrcimg.img...
Analyze Output Matrix
-1.00000   0.00000  -0.00000   127.77733;
-0.00000  -0.00000   1.00000  -95.53004;
 0.00000  -1.00000  -0.00000   108.62964;
 0.00000   0.00000   0.00000   1.00000;
--------------------
INFO: set hdr.hist.orient to -1
mpr2mni305 talsrcimg
Sun Nov 24 06:23:07 UTC 2024
/opt/freesurfer/bin/mpr2mni305 talsrcimg
mpr2mni305 7.3.2
target=711-2C_as_mni_average_305

---------------------------------------------------------------------
analyzeto4dfp talsrcimg -O0 -y
---------------------------------------------------------------------

freesurfer ifh2hdr.c
Sun Nov 24 06:23:08 2024
Writing: talsrcimg.4dfp.hdr
freesurfer analyzeto4dfp.c
Reading: talsrcimg.hdr
header size 348 bytes
hdr.dime.datatype	offset=70	value=2
hdr.dime.bitpix		offset=72	value=8
hdr.hist.orient		offset=252	value=-1
dimensionality     4
dimensions       256       256       256         1
Reading: talsrcimg.img
Writing: talsrcimg.4dfp.img
Writing: talsrcimg.4dfp.ifh
ifh2hdr talsrcimg -r0to223
ori=2

---------------------------------------------------------------------
gauss_4dfp talsrcimg 1.1
---------------------------------------------------------------------

freesurfer gauss_4dfp.c
Reading: talsrcimg.4dfp.img
Writing: talsrcimg_g11.4dfp.img
image dimensions 256 256 256 padded to 288 288 288
processing volume 1freesurfer ifh2hdr.c
Sun Nov 24 06:23:16 2024
Writing: talsrcimg_g11.4dfp.hdr

Writing: talsrcimg_g11.4dfp.ifh
including: talsrcimg.4dfp.img.rec in talsrcimg_g11.4dfp.img.rec

---------------------------------------------------------------------
imgreg_4dfp /opt/freesurfer/average/711-2C_as_mni_average_305 none talsrcimg_g11 none talsrcimg_to_711-2C_as_mni_average_305_t4 4355
---------------------------------------------------------------------

freesurfer imgreg_4dfp.c
/opt/freesurfer/average/711-2C_as_mni_average_305.4dfp.img
       256       256       256         1
  1.000000  1.000000  1.000000
orientation T byte_order littleendian
Reading image: /opt/freesurfer/average/711-2C_as_mni_average_305.4dfp.img
dimensions:      256       256       256
mmppix:       1.0000   -1.0000   -1.0000
center:     128.0000 -129.0000 -129.0000
talsrcimg_g11.4dfp.img
       256       256       256         1
  1.000000  1.000000  1.000000
orientation T byte_order littleendian
Reading image: talsrcimg_g11.4dfp.img
dimensions:      256       256       256
mmppix:       1.0000   -1.0000   -1.0000
center:     128.0000 -129.0000 -129.0000
t4_read: open error in t4_sub.f l:  41 t4_file(1:l)talsrcimg_to_711-2C_as_mni_average_305_t4 
t4_read: transform initialized to I4
rotation matrix determinant  1.000000
image alignment mode   4355 decimal     1103 hex
   -7.5000  -45.0000  -45.000010531.7188    8.7649
    0.0000  -45.0000  -45.000011134.0059    8.7619
    7.5000  -45.0000  -45.000010783.2988    8.7643
   -7.5000  -37.5000  -45.000010615.6621    8.7957
    0.0000  -37.5000  -45.000011214.1260    8.7903
    7.5000  -37.5000  -45.000010859.0439    8.7915
   -7.5000  -30.0000  -45.000010971.0303    8.6125
    0.0000  -30.0000  -45.000011571.7900    8.6098
    7.5000  -30.0000  -45.000011177.5107    8.6146
   -7.5000  -22.5000  -45.000011351.5967    8.4847
    0.0000  -22.5000  -45.000011954.8604    8.4852
    7.5000  -22.5000  -45.000011505.9658    8.4919
   -7.5000  -15.0000  -45.000011742.9229    8.4343
    0.0000  -15.0000  -45.000012345.6611    8.4360
    7.5000  -15.0000  -45.000011852.9512    8.4428
   -7.5000   -7.5000  -45.000012072.1016    8.4086
    0.0000   -7.5000  -45.000012676.5156    8.4085
    7.5000   -7.5000  -45.000012151.2744    8.4132
   -7.5000    0.0000  -45.000012350.1016    8.4085
    0.0000    0.0000  -45.000012888.3818    8.4057
    7.5000    0.0000  -45.000012387.0742    8.4085
   -7.5000    7.5000  -45.000011704.3896    8.5830
    0.0000    7.5000  -45.000012192.8164    8.5782
    7.5000    7.5000  -45.000011690.7793    8.5799
   -7.5000   15.0000  -45.000011107.1406    8.8619
    0.0000   15.0000  -45.000011510.4912    8.8586
    7.5000   15.0000  -45.000011057.2119    8.8617
   -7.5000   22.5000  -45.000010536.1729    9.1988
    0.0000   22.5000  -45.000010896.8018    9.1991
    7.5000   22.5000  -45.000010479.5889    9.2029
   -7.5000   30.0000  -45.0000 9989.4561    9.4429
    0.0000   30.0000  -45.000010313.2314    9.4443
    7.5000   30.0000  -45.0000 9926.3789    9.4476
   -7.5000   37.5000  -45.0000 9832.2471    9.8321
    0.0000   37.5000  -45.000010104.8438    9.8304
    7.5000   37.5000  -45.0000 9744.5996    9.8310
   -7.5000   45.0000  -45.0000 9328.9736   10.0014
    0.0000   45.0000  -45.0000 9568.7041    9.9959
    7.5000   45.0000  -45.0000 9230.1445    9.9933
   -7.5000  -45.0000  -37.500010967.7061    8.7088
    0.0000  -45.0000  -37.500011572.0508    8.7057
    7.5000  -45.0000  -37.500011204.2354    8.7074
   -7.5000  -37.5000  -37.500011069.7627    8.7394
    0.0000  -37.5000  -37.500011674.0732    8.7345
    7.5000  -37.5000  -37.500011293.1211    8.7360
   -7.5000  -30.0000  -37.500011459.9766    8.5590
    0.0000  -30.0000  -37.500012075.6807    8.5571
    7.5000  -30.0000  -37.500011652.8779    8.5631
   -7.5000  -22.5000  -37.500011873.2109    8.4334
    0.0000  -22.5000  -37.500012491.3076    8.4346
    7.5000  -22.5000  -37.500012018.5996    8.4421
   -7.5000  -15.0000  -37.500012283.5215    8.3832
    0.0000  -15.0000  -37.500012911.3154    8.3853
    7.5000  -15.0000  -37.500012396.7793    8.3920
   -7.5000   -7.5000  -37.500012678.4463    8.3567
    0.0000   -7.5000  -37.500013298.9561    8.3566
    7.5000   -7.5000  -37.500012750.2207    8.3607
   -7.5000    0.0000  -37.500013007.8389    8.3557
    0.0000    0.0000  -37.500013602.5352    8.3531
    7.5000    0.0000  -37.500013023.3516    8.3554
   -7.5000    7.5000  -37.500012309.5684    8.5286
    0.0000    7.5000  -37.500012844.7861    8.5243
    7.5000    7.5000  -37.500012261.9434    8.5264
   -7.5000   15.0000  -37.500011671.6787    8.8055
    0.0000   15.0000  -37.500012115.8779    8.8030
    7.5000   15.0000  -37.500011592.3555    8.8070
   -7.5000   22.5000  -37.500011071.3457    9.1387
    0.0000   22.5000  -37.500011451.6016    9.1393
    7.5000   22.5000  -37.500010961.9355    9.1438
   -7.5000   30.0000  -37.500010493.6260    9.3796
    0.0000   30.0000  -37.500010844.9980    9.3807
    7.5000   30.0000  -37.500010401.8789    9.3838
   -7.5000   37.5000  -37.500010319.3809    9.7661
    0.0000   37.5000  -37.500010621.3613    9.7641
    7.5000   37.5000  -37.500010203.0801    9.7635
   -7.5000   45.0000  -37.5000 9778.2305    9.9370
    0.0000   45.0000  -37.500010054.9980    9.9308
    7.5000   45.0000  -37.5000 9675.3984    9.9269
   -7.5000  -45.0000  -30.000011583.4492    9.0140
    0.0000  -45.0000  -30.000012208.4053    9.0110
    7.5000  -45.0000  -30.000011804.8721    9.0155
   -7.5000  -37.5000  -30.000011716.0918    9.0437
    0.0000  -37.5000  -30.000012346.9492    9.0389
    7.5000  -37.5000  -30.000011914.7900    9.0438
   -7.5000  -30.0000  -30.000012175.9170    8.8593
    0.0000  -30.0000  -30.000012828.5869    8.8571
    7.5000  -30.0000  -30.000012343.1338    8.8659
   -7.5000  -22.5000  -30.000012627.0723    8.7322
    0.0000  -22.5000  -30.000013283.7959    8.7325
    7.5000  -22.5000  -30.000012738.9414    8.7419
   -7.5000  -15.0000  -30.000013088.1084    8.6814
    0.0000  -15.0000  -30.000013737.0020    8.6826
    7.5000  -15.0000  -30.000013149.8525    8.6905
   -7.5000   -7.5000  -30.000013544.5791    8.6522
    0.0000   -7.5000  -30.000014203.8340    8.6519
    7.5000   -7.5000  -30.000013556.6221    8.6578
   -7.5000    0.0000  -30.000013967.5654    8.6487
    0.0000    0.0000  -30.000014619.9082    8.6460
    7.5000    0.0000  -30.000013900.7607    8.6509
   -7.5000    7.5000  -30.000013263.0381    8.8256
    0.0000    7.5000  -30.000013857.2139    8.8215
    7.5000    7.5000  -30.000013137.8721    8.8268
   -7.5000   15.0000  -30.000012527.0635    9.1122
    0.0000   15.0000  -30.000013037.3887    9.1096
    7.5000   15.0000  -30.000012382.8750    9.1164
   -7.5000   22.5000  -30.000011854.1953    9.4556
    0.0000   22.5000  -30.000012281.2354    9.4553
    7.5000   22.5000  -30.000011672.1992    9.4617
   -7.5000   30.0000  -30.000011238.6074    9.7065
    0.0000   30.0000  -30.000011610.7383    9.7067
    7.5000   30.0000  -30.000011077.2822    9.7112
   -7.5000   37.5000  -30.000011030.5635   10.1030
    0.0000   37.5000  -30.000011388.4053   10.1009
    7.5000   37.5000  -30.000010870.8857   10.1027
   -7.5000   45.0000  -30.000010426.7578   10.2840
    0.0000   45.0000  -30.000010759.7246   10.2781
    7.5000   45.0000  -30.000010288.0371   10.2777
   -7.5000  -45.0000  -22.500012222.0488    9.2927
    0.0000  -45.0000  -22.500012862.6641    9.2884
    7.5000  -45.0000  -22.500012389.4551    9.2950
   -7.5000  -37.5000  -22.500012392.4561    9.3211
    0.0000  -37.5000  -22.500013042.3330    9.3150
    7.5000  -37.5000  -22.500012523.3682    9.3214
   -7.5000  -30.0000  -22.500012892.9219    9.1318
    0.0000  -30.0000  -22.500013574.6562    9.1278
    7.5000  -30.0000  -22.500013000.4014    9.1368
   -7.5000  -22.5000  -22.500013363.5146    9.0022
    0.0000  -22.5000  -22.500014062.8105    9.0001
    7.5000  -22.5000  -22.500013439.5254    9.0087
   -7.5000  -15.0000  -22.500013843.3506    8.9510
    0.0000  -15.0000  -22.500014549.4775    8.9498
    7.5000  -15.0000  -22.500013873.1143    8.9571
   -7.5000   -7.5000  -22.500014364.4648    8.9206
    0.0000   -7.5000  -22.500015064.1289    8.9185
    7.5000   -7.5000  -22.500014315.8545    8.9250
   -7.5000    0.0000  -22.500014876.4863    8.9152
    0.0000    0.0000  -22.500015609.1133    8.9114
    7.5000    0.0000  -22.500014738.4727    8.9181
   -7.5000    7.5000  -22.500014226.1943    9.0956
    0.0000    7.5000  -22.500014956.0986    9.0903
    7.5000    7.5000  -22.500014031.3467    9.0970
   -7.5000   15.0000  -22.500013435.8389    9.3908
    0.0000   15.0000  -22.500014071.9814    9.3865
    7.5000   15.0000  -22.500013207.4814    9.3937
   -7.5000   22.5000  -22.500012668.5107    9.7458
    0.0000   22.5000  -22.500013199.7480    9.7430
    7.5000   22.5000  -22.500012419.3730    9.7488
   -7.5000   30.0000  -22.500012001.5156   10.0095
    0.0000   30.0000  -22.500012475.4395   10.0073
    7.5000   30.0000  -22.500011751.8838   10.0113
   -7.5000   37.5000  -22.500011749.6211   10.4161
    0.0000   37.5000  -22.500012225.8760   10.4125
    7.5000   37.5000  -22.500011530.8438   10.4157
   -7.5000   45.0000  -22.500011094.0430   10.6083
    0.0000   45.0000  -22.500011537.5918   10.6017
    7.5000   45.0000  -22.500010889.8145   10.6041
   -7.5000  -45.0000  -15.000012869.9521    9.4964
    0.0000  -45.0000  -15.000013542.5977    9.4914
    7.5000  -45.0000  -15.000012994.5781    9.4983
   -7.5000  -37.5000  -15.000013036.2295    9.5243
    0.0000  -37.5000  -15.000013730.8691    9.5171
    7.5000  -37.5000  -15.000013143.5000    9.5230
   -7.5000  -30.0000  -15.000013540.1299    9.3304
    0.0000  -30.0000  -15.000014272.7266    9.3250
    7.5000  -30.0000  -15.000013637.7715    9.3327
   -7.5000  -22.5000  -15.000014036.0957    9.1974
    0.0000  -22.5000  -15.000014799.9131    9.1941
    7.5000  -22.5000  -15.000014119.9697    9.2016
   -7.5000  -15.0000  -15.000014543.3320    9.1456
    0.0000  -15.0000  -15.000015322.7588    9.1433
    7.5000  -15.0000  -15.000014572.8467    9.1502
   -7.5000   -7.5000  -15.000015073.3750    9.1156
    0.0000   -7.5000  -15.000015876.0176    9.1126
    7.5000   -7.5000  -15.000015053.8555    9.1193
   -7.5000    0.0000  -15.000015642.8584    9.1104
    0.0000    0.0000  -15.000016511.5684    9.1057
    7.5000    0.0000  -15.000015570.1484    9.1127
   -7.5000    7.5000  -15.000015128.8525    9.2936
    0.0000    7.5000  -15.000016092.9209    9.2871
    7.5000    7.5000  -15.000014954.6719    9.2933
   -7.5000   15.0000  -15.000014478.6621    9.5940
    0.0000   15.0000  -15.000015432.2803    9.5883
    7.5000   15.0000  -15.000014212.8350    9.5946
   -7.5000   22.5000  -15.000013632.7412    9.9586
    0.0000   22.5000  -15.000014473.7363    9.9548
    7.5000   22.5000  -15.000013330.0547    9.9596
   -7.5000   30.0000  -15.000012814.7197   10.2338
    0.0000   30.0000  -15.000013526.8301   10.2309
    7.5000   30.0000  -15.000012509.3770   10.2344
   -7.5000   37.5000  -15.000012473.8877   10.6505
    0.0000   37.5000  -15.000013111.5830   10.6459
    7.5000   37.5000  -15.000012189.9893   10.6496
   -7.5000   45.0000  -15.000011729.2705   10.8528
    0.0000   45.0000  -15.000012274.0713   10.8456
    7.5000   45.0000  -15.000011485.2432   10.8488
   -7.5000  -45.0000   -7.500013564.9434    9.5858
    0.0000  -45.0000   -7.500014277.0381    9.5804
    7.5000  -45.0000   -7.500013686.1035    9.5851
   -7.5000  -37.5000   -7.500013751.8506    9.6153
    0.0000  -37.5000   -7.500014482.9414    9.6074
    7.5000  -37.5000   -7.500013882.0039    9.6105
   -7.5000  -30.0000   -7.500014270.8770    9.4185
    0.0000  -30.0000   -7.500015023.8867    9.4130
    7.5000  -30.0000   -7.500014389.5059    9.4188
   -7.5000  -22.5000   -7.500014780.1406    9.2821
    0.0000  -22.5000   -7.500015598.1875    9.2796
    7.5000  -22.5000   -7.500014914.4844    9.2867
   -7.5000  -15.0000   -7.500015298.0684    9.2287
    0.0000  -15.0000   -7.500016193.9570    9.2277
    7.5000  -15.0000   -7.500015406.8008    9.2345
   -7.5000   -7.5000   -7.500015798.8281    9.2000
    0.0000   -7.5000   -7.500016759.7988    9.1974
    7.5000   -7.5000   -7.500015869.6436    9.2033
   -7.5000    0.0000   -7.500016373.6904    9.1972
    0.0000    0.0000   -7.500017461.4746    9.1922
    7.5000    0.0000   -7.500016418.3105    9.1971
   -7.5000    7.5000   -7.500015974.5332    9.3828
    0.0000    7.5000   -7.500017127.2617    9.3755
    7.5000    7.5000   -7.500015849.0205    9.3791
   -7.5000   15.0000   -7.500015462.4209    9.6842
    0.0000   15.0000   -7.500016632.5234    9.6781
    7.5000   15.0000   -7.500015187.8818    9.6824
   -7.5000   22.5000   -7.500014592.6084   10.0511
    0.0000   22.5000   -7.500015589.4209   10.0483
    7.5000   22.5000   -7.500014242.5146   10.0524
   -7.5000   30.0000   -7.500013588.5234   10.3315
    0.0000   30.0000   -7.500014392.6250   10.3301
    7.5000   30.0000   -7.500013259.8760   10.3334
   -7.5000   37.5000   -7.500013139.5488   10.7577
    0.0000   37.5000   -7.500013847.8154   10.7533
    7.5000   37.5000   -7.500012843.2598   10.7555
   -7.5000   45.0000   -7.500012307.7500   10.9678
    0.0000   45.0000   -7.500012894.8740   10.9597
    7.5000   45.0000   -7.500012047.2969   10.9597
   -7.5000  -45.0000    0.000014106.2285    9.5646
    0.0000  -45.0000    0.000014927.5605    9.5600
    7.5000  -45.0000    0.000014351.4160    9.5622
   -7.5000  -37.5000    0.000014330.3096    9.5962
    0.0000  -37.5000    0.000015182.7598    9.5889
    7.5000  -37.5000    0.000014581.2178    9.5901
   -7.5000  -30.0000    0.000014861.8408    9.3999
    0.0000  -30.0000    0.000015756.6992    9.3957
    7.5000  -30.0000    0.000015120.9854    9.4009
   -7.5000  -22.5000    0.000015384.8086    9.2621
    0.0000  -22.5000    0.000016369.5137    9.2617
    7.5000  -22.5000    0.000015639.3623    9.2692
   -7.5000  -15.0000    0.000015913.2041    9.2071
    0.0000  -15.0000    0.000016951.1348    9.2082
    7.5000  -15.0000    0.000016123.1230    9.2154
   -7.5000   -7.5000    0.000016401.6133    9.1789
    0.0000   -7.5000    0.000017454.8828    9.1778
    7.5000   -7.5000    0.000016571.1152    9.1827
   -7.5000    0.0000    0.000017025.3281    9.1785
    0.0000    0.0000    0.000018091.4863    9.1743
    7.5000    0.0000    0.000017068.4219    9.1770
   -7.5000    7.5000    0.000016649.7422    9.3649
    0.0000    7.5000    0.000017690.2812    9.3582
    7.5000    7.5000    0.000016416.6250    9.3600
   -7.5000   15.0000    0.000016111.5459    9.6640
    0.0000   15.0000    0.000017041.9199    9.6591
    7.5000   15.0000    0.000015667.1299    9.6624
   -7.5000   22.5000    0.000015021.4824   10.0277
    0.0000   22.5000    0.000015817.3545   10.0268
    7.5000   22.5000    0.000014662.2490   10.0310
   -7.5000   30.0000    0.000013951.2637   10.3072
    0.0000   30.0000    0.000014660.5098   10.3078
    7.5000   30.0000    0.000013671.0459   10.3110
   -7.5000   37.5000    0.000013547.4531   10.7387
    0.0000   37.5000    0.000014242.9248   10.7356
    7.5000   37.5000    0.000013312.0117   10.7356
   -7.5000   45.0000    0.000012742.8740   10.9571
    0.0000   45.0000    0.000013357.8555   10.9494
    7.5000   45.0000    0.000012501.2549   10.9459
   -7.5000  -45.0000    7.500013448.4150    9.5780
    0.0000  -45.0000    7.500014307.6611    9.5745
    7.5000  -45.0000    7.500013770.4170    9.5769
   -7.5000  -37.5000    7.500013694.2969    9.6103
    0.0000  -37.5000    7.500014547.9111    9.6045
    7.5000  -37.5000    7.500013986.4102    9.6069
   -7.5000  -30.0000    7.500014203.4170    9.4145
    0.0000  -30.0000    7.500015082.4775    9.4120
    7.5000  -30.0000    7.500014504.3994    9.4192
   -7.5000  -22.5000    7.500014705.0449    9.2775
    0.0000  -22.5000    7.500015616.5566    9.2785
    7.5000  -22.5000    7.500014952.4863    9.2875
   -7.5000  -15.0000    7.500015165.3652    9.2222
    0.0000  -15.0000    7.500016113.2129    9.2243
    7.5000  -15.0000    7.500015381.4004    9.2324
   -7.5000   -7.5000    7.500015644.2471    9.1928
    0.0000   -7.5000    7.500016583.2676    9.1926
    7.5000   -7.5000    7.500015806.0508    9.1977
   -7.5000    0.0000    7.500016249.2891    9.1916
    0.0000    0.0000    7.500017155.4688    9.1884
    7.5000    0.0000    7.500016267.8975    9.1915
   -7.5000    7.5000    7.500015827.1123    9.3789
    0.0000    7.5000    7.500016683.0039    9.3738
    7.5000    7.5000    7.500015604.7363    9.3767
   -7.5000   15.0000    7.500015116.3223    9.6798
    0.0000   15.0000    7.500015925.4619    9.6766
    7.5000   15.0000    7.500014833.4834    9.6816
   -7.5000   22.5000    7.500014003.5146   10.0434
    0.0000   22.5000    7.500014751.9297   10.0438
    7.5000   22.5000    7.500013855.7832   10.0495
   -7.5000   30.0000    7.500013056.4854   10.3219
    0.0000   30.0000    7.500013738.6328   10.3231
    7.5000   30.0000    7.500012939.6514   10.3273
   -7.5000   37.5000    7.500012767.1250   10.7535
    0.0000   37.5000    7.500013445.6631   10.7514
    7.5000   37.5000    7.500012631.5225   10.7514
   -7.5000   45.0000    7.500012062.7070   10.9708
    0.0000   45.0000    7.500012663.0693   10.9639
    7.5000   45.0000    7.500011884.8066   10.9603
   -7.5000  -45.0000   15.000012622.3906    9.6643
    0.0000  -45.0000   15.000013354.3457    9.6603
    7.5000  -45.0000   15.000012887.5420    9.6647
   -7.5000  -37.5000   15.000012880.8447    9.6957
    0.0000  -37.5000   15.000013607.7441    9.6898
    7.5000  -37.5000   15.000013115.7939    9.6948
   -7.5000  -30.0000   15.000013395.4912    9.4978
    0.0000  -30.0000   15.000014133.1758    9.4949
    7.5000  -30.0000   15.000013634.0674    9.5041
   -7.5000  -22.5000   15.000013887.4512    9.3614
    0.0000  -22.5000   15.000014624.2578    9.3613
    7.5000  -22.5000   15.000014042.4609    9.3711
   -7.5000  -15.0000   15.000014338.9336    9.3069
    0.0000  -15.0000   15.000015108.3115    9.3077
    7.5000  -15.0000   15.000014468.3975    9.3158
   -7.5000   -7.5000   15.000014814.4541    9.2755
    0.0000   -7.5000   15.000015572.3398    9.2746
    7.5000   -7.5000   15.000014883.9414    9.2805
   -7.5000    0.0000   15.000015330.4766    9.2717
    0.0000    0.0000   15.000016090.9688    9.2681
    7.5000    0.0000   15.000015316.3438    9.2730
   -7.5000    7.5000   15.000014791.2412    9.4609
    0.0000    7.5000   15.000015516.9209    9.4558
    7.5000    7.5000   15.000014655.4141    9.4612
   -7.5000   15.0000   15.000014041.1572    9.7683
    0.0000   15.0000   15.000014774.8877    9.7648
    7.5000   15.0000   15.000013919.5234    9.7718
   -7.5000   22.5000   15.000013080.1338   10.1394
    0.0000   22.5000   15.000013749.2695   10.1384
    7.5000   22.5000   15.000013059.4805   10.1450
   -7.5000   30.0000   15.000012293.9814   10.4246
    0.0000   30.0000   15.000012917.3809   10.4242
    7.5000   30.0000   15.000012228.6143   10.4285
   -7.5000   37.5000   15.000012041.7529   10.8612
    0.0000   37.5000   15.000012655.4668   10.8584
    7.5000   37.5000   15.000011930.7988   10.8596
   -7.5000   45.0000   15.000011349.9805   11.0819
    0.0000   45.0000   15.000011936.2793   11.0748
    7.5000   45.0000   15.000011222.2412   11.0736
   -7.5000  -45.0000   22.500011765.9570    9.8501
    0.0000  -45.0000   22.500012388.9756    9.8451
    7.5000  -45.0000   22.500011966.2910    9.8525
   -7.5000  -37.5000   22.500012026.6914    9.8771
    0.0000  -37.5000   22.500012623.3066    9.8702
    7.5000  -37.5000   22.500012188.7100    9.8773
   -7.5000  -30.0000   22.500012524.6719    9.6742
    0.0000  -30.0000   22.500013116.6660    9.6695
    7.5000  -30.0000   22.500012674.6426    9.6793
   -7.5000  -22.5000   22.500013001.5273    9.5354
    0.0000  -22.5000   22.500013590.8330    9.5328
    7.5000  -22.5000   22.500013082.5645    9.5424
   -7.5000  -15.0000   22.500013469.1836    9.4811
    0.0000  -15.0000   22.500014079.2949    9.4794
    7.5000  -15.0000   22.500013517.2744    9.4877
   -7.5000   -7.5000   22.500013889.3672    9.4491
    0.0000   -7.5000   22.500014500.7686    9.4465
    7.5000   -7.5000   22.500013898.8027    9.4539
   -7.5000    0.0000   22.500014309.1670    9.4438
    0.0000    0.0000   22.500014908.1895    9.4391
    7.5000    0.0000   22.500014249.4824    9.4467
   -7.5000    7.5000   22.500013723.9502    9.6345
    0.0000    7.5000   22.500014320.6348    9.6284
    7.5000    7.5000   22.500013589.0215    9.6358
   -7.5000   15.0000   22.500013003.6504    9.9478
    0.0000   15.0000   22.500013607.1865    9.9428
    7.5000   15.0000   22.500012926.7832    9.9508
   -7.5000   22.5000   22.500012189.5127   10.3286
    0.0000   22.5000   22.500012757.5352   10.3253
    7.5000   22.5000   22.500012177.3975   10.3319
   -7.5000   30.0000   22.500011500.5781   10.6244
    0.0000   30.0000   22.500012024.6250   10.6217
    7.5000   30.0000   22.500011421.3809   10.6266
   -7.5000   37.5000   22.500011237.6289   11.0672
    0.0000   37.5000   22.500011774.6826   11.0631
    7.5000   37.5000   22.500011137.3760   11.0672
   -7.5000   45.0000   22.500010577.5469   11.2901
    0.0000   45.0000   22.500011102.5195   11.2827
    7.5000   45.0000   22.500010468.1201   11.2858
   -7.5000  -45.0000   30.000011085.7568   10.2211
    0.0000  -45.0000   30.000011653.0566   10.2146
    7.5000  -45.0000   30.000011229.6123   10.2231
   -7.5000  -37.5000   30.000011315.2812   10.2324
    0.0000  -37.5000   30.000011838.5186   10.2239
    7.5000  -37.5000   30.000011403.1396   10.2310
   -7.5000  -30.0000   30.000011798.8486   10.0192
    0.0000  -30.0000   30.000012297.2441   10.0127
    7.5000  -30.0000   30.000011852.8350   10.0214
   -7.5000  -22.5000   30.000012250.0762    9.8743
    0.0000  -22.5000   30.000012734.2168    9.8699
    7.5000  -22.5000   30.000012251.1172    9.8783
   -7.5000  -15.0000   30.000012677.0449    9.8206
    0.0000  -15.0000   30.000013180.3076    9.8172
    7.5000  -15.0000   30.000012651.8965    9.8252
   -7.5000   -7.5000   30.000013040.6719    9.7905
    0.0000   -7.5000   30.000013551.2627    9.7863
    7.5000   -7.5000   30.000013008.5225    9.7944
   -7.5000    0.0000   30.000013389.2188    9.7861
    0.0000    0.0000   30.000013899.3477    9.7801
    7.5000    0.0000   30.000013318.0430    9.7885
   -7.5000    7.5000   30.000012789.0615    9.9734
    0.0000    7.5000   30.000013273.9746    9.9658
    7.5000    7.5000   30.000012656.3105    9.9731
   -7.5000   15.0000   30.000012117.8994   10.2844
    0.0000   15.0000   30.000012581.0898   10.2778
    7.5000   15.0000   30.000012007.6387   10.2848
   -7.5000   22.5000   30.000011382.5186   10.6669
    0.0000   22.5000   30.000011836.7764   10.6624
    7.5000   22.5000   30.000011324.8760   10.6680
   -7.5000   30.0000   30.000010741.5518   10.9675
    0.0000   30.0000   30.000011150.0312   10.9638
    7.5000   30.0000   30.000010644.4170   10.9684
   -7.5000   37.5000   30.000010463.1963   11.4228
    0.0000   37.5000   30.000010895.0332   11.4174
    7.5000   37.5000   30.000010362.9580   11.4226
   -7.5000   45.0000   30.0000 9829.8027   11.6512
    0.0000   45.0000   30.000010253.7754   11.6430
    7.5000   45.0000   30.0000 9726.3506   11.6476
   -7.5000  -45.0000   37.500010899.5508   10.6136
    0.0000  -45.0000   37.500011450.6992   10.6077
    7.5000  -45.0000   37.500011018.1143   10.6132
   -7.5000  -37.5000   37.500011087.3652   10.6112
    0.0000  -37.5000   37.500011600.6006   10.6028
    7.5000  -37.5000   37.500011161.3223   10.6066
   -7.5000  -30.0000   37.500011573.1455   10.3885
    0.0000  -30.0000   37.500012060.9785   10.3828
    7.5000  -30.0000   37.500011604.1172   10.3893
   -7.5000  -22.5000   37.500011972.8115   10.2352
    0.0000  -22.5000   37.500012447.7949   10.2328
    7.5000  -22.5000   37.500011966.0342   10.2407
   -7.5000  -15.0000   37.500012350.9473   10.1787
    0.0000  -15.0000   37.500012828.3457   10.1778
    7.5000  -15.0000   37.500012311.3633   10.1858
   -7.5000   -7.5000   37.500012688.2998   10.1498
    0.0000   -7.5000   37.500013169.9736   10.1473
    7.5000   -7.5000   37.500012644.7441   10.1543
   -7.5000    0.0000   37.500013006.0576   10.1490
    0.0000    0.0000   37.500013495.7529   10.1436
    7.5000    0.0000   37.500012929.6943   10.1494
   -7.5000    7.5000   37.500012368.4443   10.3342
    0.0000    7.5000   37.500012820.0244   10.3267
    7.5000    7.5000   37.500012259.2646   10.3310
   -7.5000   15.0000   37.500011705.2012   10.6425
    0.0000   15.0000   37.500012118.8760   10.6365
    7.5000   15.0000   37.500011611.7383   10.6415
   -7.5000   22.5000   37.500011006.3662   11.0227
    0.0000   22.5000   37.500011396.5303   11.0210
    7.5000   22.5000   37.500010926.8232   11.0263
   -7.5000   30.0000   37.500010355.6221   11.3255
    0.0000   30.0000   37.500010705.1445   11.3257
    7.5000   30.0000   37.500010253.8262   11.3304
   -7.5000   37.5000   37.500010076.1992   11.8000
    0.0000   37.5000   37.500010446.8506   11.7975
    7.5000   37.5000   37.5000 9976.9424   11.8013
   -7.5000   45.0000   37.5000 9456.4014   12.0445
    0.0000   45.0000   37.5000 9819.0332   12.0378
    7.5000   45.0000   37.5000 9350.4473   12.0393
   -7.5000  -45.0000   45.000010279.7783   11.0404
    0.0000  -45.0000   45.000010802.1143   11.0329
    7.5000  -45.0000   45.000010413.7246   11.0381
   -7.5000  -37.5000   45.000010424.0557   11.0301
    0.0000  -37.5000   45.000010919.3291   11.0205
    7.5000  -37.5000   45.000010524.5371   11.0251
   -7.5000  -30.0000   45.000010865.0908   10.7937
    0.0000  -30.0000   45.000011342.0635   10.7881
    7.5000  -30.0000   45.000010908.0352   10.7973
   -7.5000  -22.5000   45.000011215.4697   10.6317
    0.0000  -22.5000   45.000011680.8887   10.6302
    7.5000  -22.5000   45.000011229.0635   10.6417
   -7.5000  -15.0000   45.000011537.6943   10.5740
    0.0000  -15.0000   45.000011993.7373   10.5737
    7.5000  -15.0000   45.000011513.9551   10.5846
   -7.5000   -7.5000   45.000011854.8311   10.5461
    0.0000   -7.5000   45.000012319.2803   10.5430
    7.5000   -7.5000   45.000011807.3877   10.5511
   -7.5000    0.0000   45.000012135.0068   10.5470
    0.0000    0.0000   45.000012603.8730   10.5401
    7.5000    0.0000   45.000012054.8193   10.5457
   -7.5000    7.5000   45.000011485.2744   10.7309
    0.0000    7.5000   45.000011911.7061   10.7224
    7.5000    7.5000   45.000011397.9658   10.7275
   -7.5000   15.0000   45.000010825.0732   11.0373
    0.0000   15.0000   45.000011201.0518   11.0313
    7.5000   15.0000   45.000010739.1152   11.0387
   -7.5000   22.5000   45.000010161.4336   11.4170
    0.0000   22.5000   45.000010504.6055   11.4162
    7.5000   22.5000   45.000010065.2910   11.4254
   -7.5000   30.0000   45.0000 9540.8389   11.7173
    0.0000   30.0000   45.0000 9856.3164   11.7181
    7.5000   30.0000   45.0000 9432.2295   11.7268
   -7.5000   37.5000   45.0000 9282.7861   12.2095
    0.0000   37.5000   45.0000 9614.9141   12.2058
    7.5000   37.5000   45.0000 9171.9834   12.2108
   -7.5000   45.0000   45.0000 8698.1953   12.4680
    0.0000   45.0000   45.0000 9024.5732   12.4594
    7.5000   45.0000   45.0000 8591.6777   12.4603

---------------------------------------------------------------------
imgreg_4dfp /opt/freesurfer/average/711-2C_as_mni_average_305 /opt/freesurfer/average/711-2B_as_mni_average_305_mask talsrcimg_g11 none talsrcimg_to_711-2C_as_mni_average_305_t4 4355
---------------------------------------------------------------------

freesurfer imgreg_4dfp.c
/opt/freesurfer/average/711-2C_as_mni_average_305.4dfp.img
       256       256       256         1
  1.000000  1.000000  1.000000
orientation T byte_order littleendian
Reading image: /opt/freesurfer/average/711-2C_as_mni_average_305.4dfp.img
dimensions:      256       256       256
mmppix:       1.0000   -1.0000   -1.0000
center:     128.0000 -129.0000 -129.0000
/opt/freesurfer/average/711-2B_as_mni_average_305_mask.4dfp.img
       256       256       256         1
  1.000000  1.000000  1.000000
orientation T byte_order littleendian
Reading mask: /opt/freesurfer/average/711-2B_as_mni_average_305_mask.4dfp.img (2306576 pixels)
talsrcimg_g11.4dfp.img
       256       256       256         1
  1.000000  1.000000  1.000000
orientation T byte_order littleendian
Reading image: talsrcimg_g11.4dfp.img
dimensions:      256       256       256
mmppix:       1.0000   -1.0000   -1.0000
center:     128.0000 -129.0000 -129.0000
rotation matrix determinant  1.000000
image alignment mode   4355 decimal     1103 hex
   -7.5000  -45.0000  -45.0000 2527.0601   13.4409
    0.0000  -45.0000  -45.0000 2563.9565   13.1960
    7.5000  -45.0000  -45.0000 2571.0813   13.0724
   -7.5000  -37.5000  -45.0000 2544.0891   13.4513
    0.0000  -37.5000  -45.0000 2577.2671   13.1994
    7.5000  -37.5000  -45.0000 2581.8403   13.1015
   -7.5000  -30.0000  -45.0000 2561.9900   13.4691
    0.0000  -30.0000  -45.0000 2590.5330   13.2038
    7.5000  -30.0000  -45.0000 2591.5095   13.1361
   -7.5000  -22.5000  -45.0000 2583.8364   13.5141
    0.0000  -22.5000  -45.0000 2605.6028   13.2612
    7.5000  -22.5000  -45.0000 2601.4368   13.2575
   -7.5000  -15.0000  -45.0000 2598.8911   13.5623
    0.0000  -15.0000  -45.0000 2617.3247   13.3223
    7.5000  -15.0000  -45.0000 2612.0166   13.3520
   -7.5000   -7.5000  -45.0000 2612.1130   13.5817
    0.0000   -7.5000  -45.0000 2630.2668   13.3559
    7.5000   -7.5000  -45.0000 2626.3784   13.4107
   -7.5000    0.0000  -45.0000 2620.5662   13.5974
    0.0000    0.0000  -45.0000 2633.5850   13.3729
    7.5000    0.0000  -45.0000 2629.3381   13.4612
   -7.5000    7.5000  -45.0000 2624.0515   13.4878
    0.0000    7.5000  -45.0000 2629.0667   13.2883
    7.5000    7.5000  -45.0000 2625.7368   13.4277
   -7.5000   15.0000  -45.0000 2621.5979   13.4710
    0.0000   15.0000  -45.0000 2622.2720   13.3051
    7.5000   15.0000  -45.0000 2617.9463   13.5459
   -7.5000   22.5000  -45.0000 2621.2729   13.6790
    0.0000   22.5000  -45.0000 2622.1555   13.5361
    7.5000   22.5000  -45.0000 2614.7383   13.7824
   -7.5000   30.0000  -45.0000 2596.3440   14.0418
    0.0000   30.0000  -45.0000 2599.9451   13.9554
    7.5000   30.0000  -45.0000 2589.4663   14.1927
   -7.5000   37.5000  -45.0000 2569.4277   14.6846
    0.0000   37.5000  -45.0000 2567.9673   14.5860
    7.5000   37.5000  -45.0000 2557.8269   14.8099
   -7.5000   45.0000  -45.0000 2506.4578   15.5579
    0.0000   45.0000  -45.0000 2505.4185   15.4118
    7.5000   45.0000  -45.0000 2497.2388   15.6506
   -7.5000  -45.0000  -37.5000 2599.0129   12.6307
    0.0000  -45.0000  -37.5000 2638.1396   12.3764
    7.5000  -45.0000  -37.5000 2644.4702   12.2713
   -7.5000  -37.5000  -37.5000 2613.4241   12.6456
    0.0000  -37.5000  -37.5000 2649.1855   12.4188
    7.5000  -37.5000  -37.5000 2655.4775   12.3575
   -7.5000  -30.0000  -37.5000 2629.9377   12.6935
    0.0000  -30.0000  -37.5000 2660.5967   12.4587
    7.5000  -30.0000  -37.5000 2667.2903   12.4091
   -7.5000  -22.5000  -37.5000 2650.8879   12.7262
    0.0000  -22.5000  -37.5000 2673.2170   12.5282
    7.5000  -22.5000  -37.5000 2673.5581   12.4923
   -7.5000  -15.0000  -37.5000 2664.5872   12.7987
    0.0000  -15.0000  -37.5000 2681.4866   12.5963
    7.5000  -15.0000  -37.5000 2681.1812   12.5923
   -7.5000   -7.5000  -37.5000 2678.1895   12.8511
    0.0000   -7.5000  -37.5000 2691.4116   12.6532
    7.5000   -7.5000  -37.5000 2692.1821   12.6674
   -7.5000    0.0000  -37.5000 2689.8254   12.8595
    0.0000    0.0000  -37.5000 2699.1829   12.6329
    7.5000    0.0000  -37.5000 2695.7861   12.6977
   -7.5000    7.5000  -37.5000 2693.2397   12.7690
    0.0000    7.5000  -37.5000 2698.1001   12.5799
    7.5000    7.5000  -37.5000 2690.2803   12.6797
   -7.5000   15.0000  -37.5000 2689.1541   12.7388
    0.0000   15.0000  -37.5000 2689.7073   12.5387
    7.5000   15.0000  -37.5000 2681.8486   12.7518
   -7.5000   22.5000  -37.5000 2690.8997   12.9077
    0.0000   22.5000  -37.5000 2689.0381   12.7300
    7.5000   22.5000  -37.5000 2678.0703   12.9630
   -7.5000   30.0000  -37.5000 2669.1426   13.2272
    0.0000   30.0000  -37.5000 2676.3350   13.0973
    7.5000   30.0000  -37.5000 2662.5242   13.3215
   -7.5000   37.5000  -37.5000 2643.7346   13.7872
    0.0000   37.5000  -37.5000 2640.0647   13.6642
    7.5000   37.5000  -37.5000 2628.0510   13.8839
   -7.5000   45.0000  -37.5000 2581.8899   14.5944
    0.0000   45.0000  -37.5000 2583.1782   14.4434
    7.5000   45.0000  -37.5000 2568.4729   14.6728
   -7.5000  -45.0000  -30.0000 2699.3508   12.3301
    0.0000  -45.0000  -30.0000 2738.6086   12.0433
    7.5000  -45.0000  -30.0000 2751.1824   11.9535
   -7.5000  -37.5000  -30.0000 2713.7471   12.3497
    0.0000  -37.5000  -30.0000 2750.5537   12.1104
    7.5000  -37.5000  -30.0000 2759.3005   12.0337
   -7.5000  -30.0000  -30.0000 2734.4312   12.4090
    0.0000  -30.0000  -30.0000 2769.3254   12.1999
    7.5000  -30.0000  -30.0000 2774.5710   12.1387
   -7.5000  -22.5000  -30.0000 2753.9695   12.4399
    0.0000  -22.5000  -30.0000 2779.5750   12.2320
    7.5000  -22.5000  -30.0000 2781.4207   12.1903
   -7.5000  -15.0000  -30.0000 2769.2012   12.5090
    0.0000  -15.0000  -30.0000 2785.0911   12.3082
    7.5000  -15.0000  -30.0000 2787.1997   12.2823
   -7.5000   -7.5000  -30.0000 2787.2822   12.5890
    0.0000   -7.5000  -30.0000 2798.0059   12.4060
    7.5000   -7.5000  -30.0000 2798.0127   12.3744
   -7.5000    0.0000  -30.0000 2803.7744   12.6155
    0.0000    0.0000  -30.0000 2810.6831   12.4312
    7.5000    0.0000  -30.0000 2803.1523   12.4299
   -7.5000    7.5000  -30.0000 2820.1841   12.5533
    0.0000    7.5000  -30.0000 2819.7205   12.3792
    7.5000    7.5000  -30.0000 2806.5447   12.4224
   -7.5000   15.0000  -30.0000 2814.3860   12.4553
    0.0000   15.0000  -30.0000 2814.0967   12.2550
    7.5000   15.0000  -30.0000 2800.6248   12.4349
   -7.5000   22.5000  -30.0000 2807.0256   12.5739
    0.0000   22.5000  -30.0000 2808.6877   12.3869
    7.5000   22.5000  -30.0000 2786.8311   12.6173
   -7.5000   30.0000  -30.0000 2784.6289   12.8860
    0.0000   30.0000  -30.0000 2792.0435   12.7438
    7.5000   30.0000  -30.0000 2771.1956   12.9766
   -7.5000   37.5000  -30.0000 2760.3508   13.4176
    0.0000   37.5000  -30.0000 2763.3782   13.2835
    7.5000   37.5000  -30.0000 2746.7847   13.5015
   -7.5000   45.0000  -30.0000 2697.1816   14.1510
    0.0000   45.0000  -30.0000 2703.1602   13.9998
    7.5000   45.0000  -30.0000 2686.8574   14.2343
   -7.5000  -45.0000  -22.5000 2763.1555   12.0777
    0.0000  -45.0000  -22.5000 2798.8613   11.7425
    7.5000  -45.0000  -22.5000 2811.5779   11.6226
   -7.5000  -37.5000  -22.5000 2777.0796   12.0983
    0.0000  -37.5000  -22.5000 2804.7500   11.8020
    7.5000  -37.5000  -22.5000 2816.3352   11.7039
   -7.5000  -30.0000  -22.5000 2799.7090   12.1256
    0.0000  -30.0000  -22.5000 2824.1633   11.8940
    7.5000  -30.0000  -22.5000 2831.1543   11.8085
   -7.5000  -22.5000  -22.5000 2813.9734   12.1548
    0.0000  -22.5000  -22.5000 2832.5161   11.9314
    7.5000  -22.5000  -22.5000 2838.2905   11.8803
   -7.5000  -15.0000  -22.5000 2829.0051   12.2224
    0.0000  -15.0000  -22.5000 2838.2715   12.0381
    7.5000  -15.0000  -22.5000 2838.8271   11.9750
   -7.5000   -7.5000  -22.5000 2852.6475   12.3097
    0.0000   -7.5000  -22.5000 2854.4839   12.1679
    7.5000   -7.5000  -22.5000 2850.5339   12.0939
   -7.5000    0.0000  -22.5000 2872.8879   12.3695
    0.0000    0.0000  -22.5000 2875.5251   12.2601
    7.5000    0.0000  -22.5000 2862.3821   12.1669
   -7.5000    7.5000  -22.5000 2894.3250   12.3760
    0.0000    7.5000  -22.5000 2895.5127   12.2713
    7.5000    7.5000  -22.5000 2875.8879   12.1963
   -7.5000   15.0000  -22.5000 2891.9912   12.2782
    0.0000   15.0000  -22.5000 2892.4114   12.1865
    7.5000   15.0000  -22.5000 2869.5564   12.2106
   -7.5000   22.5000  -22.5000 2883.8362   12.2412
    0.0000   22.5000  -22.5000 2885.2036   12.1683
    7.5000   22.5000  -22.5000 2854.2947   12.3261
   -7.5000   30.0000  -22.5000 2862.5767   12.5528
    0.0000   30.0000  -22.5000 2869.5798   12.4879
    7.5000   30.0000  -22.5000 2841.1179   12.6662
   -7.5000   37.5000  -22.5000 2830.3672   13.0552
    0.0000   37.5000  -22.5000 2841.4124   13.0027
    7.5000   37.5000  -22.5000 2816.6812   13.1601
   -7.5000   45.0000  -22.5000 2771.2012   13.7392
    0.0000   45.0000  -22.5000 2784.6311   13.6504
    7.5000   45.0000  -22.5000 2763.5063   13.8305
   -7.5000  -45.0000  -15.0000 2805.3601   11.8908
    0.0000  -45.0000  -15.0000 2832.0259   11.5393
    7.5000  -45.0000  -15.0000 2839.6975   11.3560
   -7.5000  -37.5000  -15.0000 2806.0117   11.8951
    0.0000  -37.5000  -15.0000 2828.1941   11.5975
    7.5000  -37.5000  -15.0000 2834.4800   11.4339
   -7.5000  -30.0000  -15.0000 2817.1763   11.8996
    0.0000  -30.0000  -15.0000 2838.9233   11.6492
    7.5000  -30.0000  -15.0000 2840.1768   11.5224
   -7.5000  -22.5000  -15.0000 2833.8025   11.9193
    0.0000  -22.5000  -15.0000 2844.2629   11.7189
    7.5000  -22.5000  -15.0000 2847.5642   11.6240
   -7.5000  -15.0000  -15.0000 2855.6196   11.9581
    0.0000  -15.0000  -15.0000 2855.6917   11.8294
    7.5000  -15.0000  -15.0000 2854.4612   11.7395
   -7.5000   -7.5000  -15.0000 2883.3069   12.0777
    0.0000   -7.5000  -15.0000 2879.6042   12.0125
    7.5000   -7.5000  -15.0000 2872.2681   11.9003
   -7.5000    0.0000  -15.0000 2906.4829   12.2117
    0.0000    0.0000  -15.0000 2904.7063   12.2215
    7.5000    0.0000  -15.0000 2895.4324   12.0482
   -7.5000    7.5000  -15.0000 2930.7803   12.3383
    0.0000    7.5000  -15.0000 2941.3003   12.3849
    7.5000    7.5000  -15.0000 2917.4094   12.1778
   -7.5000   15.0000  -15.0000 2947.4524   12.4043
    0.0000   15.0000  -15.0000 2961.3196   12.5187
    7.5000   15.0000  -15.0000 2918.4526   12.3058
   -7.5000   22.5000  -15.0000 2930.8523   12.2353
    0.0000   22.5000  -15.0000 2945.4871   12.3729
    7.5000   22.5000  -15.0000 2897.5491   12.3062
   -7.5000   30.0000  -15.0000 2905.5967   12.3333
    0.0000   30.0000  -15.0000 2914.2427   12.4088
    7.5000   30.0000  -15.0000 2876.2412   12.4628
   -7.5000   37.5000  -15.0000 2867.4812   12.7671
    0.0000   37.5000  -15.0000 2873.1433   12.7778
    7.5000   37.5000  -15.0000 2849.9832   12.8911
   -7.5000   45.0000  -15.0000 2805.0596   13.4750
    0.0000   45.0000  -15.0000 2813.8220   13.4239
    7.5000   45.0000  -15.0000 2796.6067   13.5892
   -7.5000  -45.0000   -7.5000 2834.1799   11.7607
    0.0000  -45.0000   -7.5000 2850.0051   11.4201
    7.5000  -45.0000   -7.5000 2850.9941   11.2191
   -7.5000  -37.5000   -7.5000 2830.8440   11.7842
    0.0000  -37.5000   -7.5000 2841.8462   11.4656
    7.5000  -37.5000   -7.5000 2844.1360   11.3051
   -7.5000  -30.0000   -7.5000 2835.8213   11.7737
    0.0000  -30.0000   -7.5000 2841.9473   11.5146
    7.5000  -30.0000   -7.5000 2841.1001   11.3953
   -7.5000  -22.5000   -7.5000 2848.4089   11.7931
    0.0000  -22.5000   -7.5000 2850.5300   11.6101
    7.5000  -22.5000   -7.5000 2850.4004   11.5214
   -7.5000  -15.0000   -7.5000 2869.4302   11.8428
    0.0000  -15.0000   -7.5000 2864.7915   11.7661
    7.5000  -15.0000   -7.5000 2862.4272   11.6830
   -7.5000   -7.5000   -7.5000 2896.2236   11.9566
    0.0000   -7.5000   -7.5000 2894.9714   11.9827
    7.5000   -7.5000   -7.5000 2884.4092   11.8506
   -7.5000    0.0000   -7.5000 2919.8396   12.1511
    0.0000    0.0000   -7.5000 2931.7146   12.2462
    7.5000    0.0000   -7.5000 2916.7488   12.0699
   -7.5000    7.5000   -7.5000 2955.2222   12.3740
    0.0000    7.5000   -7.5000 2979.0308   12.5675
    7.5000    7.5000   -7.5000 2947.2522   12.2948
   -7.5000   15.0000   -7.5000 2978.8860   12.5335
    0.0000   15.0000   -7.5000 3004.0701   12.7389
    7.5000   15.0000   -7.5000 2951.8325   12.4650
   -7.5000   22.5000   -7.5000 2959.1987   12.3583
    0.0000   22.5000   -7.5000 2971.8274   12.5498
    7.5000   22.5000   -7.5000 2923.2712   12.4368
   -7.5000   30.0000   -7.5000 2923.6465   12.3836
    0.0000   30.0000   -7.5000 2926.3125   12.4593
    7.5000   30.0000   -7.5000 2890.4021   12.5155
   -7.5000   37.5000   -7.5000 2886.6760   12.7114
    0.0000   37.5000   -7.5000 2886.7004   12.7127
    7.5000   37.5000   -7.5000 2859.7715   12.8677
   -7.5000   45.0000   -7.5000 2818.9836   13.3587
    0.0000   45.0000   -7.5000 2823.3354   13.2892
    7.5000   45.0000   -7.5000 2802.9495   13.5095
   -7.5000  -45.0000    0.0000 2854.5991   11.7041
    0.0000  -45.0000    0.0000 2868.6040   11.4268
    7.5000  -45.0000    0.0000 2861.0874   11.2684
   -7.5000  -37.5000    0.0000 2851.1521   11.7552
    0.0000  -37.5000    0.0000 2858.9580   11.5010
    7.5000  -37.5000    0.0000 2855.0381   11.3850
   -7.5000  -30.0000    0.0000 2847.1428   11.7646
    0.0000  -30.0000    0.0000 2848.6675   11.5787
    7.5000  -30.0000    0.0000 2847.5315   11.4971
   -7.5000  -22.5000    0.0000 2854.5029   11.8015
    0.0000  -22.5000    0.0000 2860.0295   11.7043
    7.5000  -22.5000    0.0000 2856.1882   11.6350
   -7.5000  -15.0000    0.0000 2873.9331   11.8915
    0.0000  -15.0000    0.0000 2878.2036   11.8643
    7.5000  -15.0000    0.0000 2871.3276   11.8078
   -7.5000   -7.5000    0.0000 2898.3582   12.0082
    0.0000   -7.5000    0.0000 2904.7053   12.0454
    7.5000   -7.5000    0.0000 2897.5925   11.9560
   -7.5000    0.0000    0.0000 2930.8816   12.2115
    0.0000    0.0000    0.0000 2937.4592   12.2320
    7.5000    0.0000    0.0000 2930.7603   12.1479
   -7.5000    7.5000    0.0000 2967.1226   12.4500
    0.0000    7.5000    0.0000 2987.4512   12.4958
    7.5000    7.5000    0.0000 2957.2251   12.3249
   -7.5000   15.0000    0.0000 2992.9465   12.5648
    0.0000   15.0000    0.0000 3008.7090   12.6294
    7.5000   15.0000    0.0000 2963.9329   12.4482
   -7.5000   22.5000    0.0000 2965.4060   12.3591
    0.0000   22.5000    0.0000 2974.9290   12.4201
    7.5000   22.5000    0.0000 2932.0222   12.4522
   -7.5000   30.0000    0.0000 2924.1665   12.3879
    0.0000   30.0000    0.0000 2927.4978   12.3884
    7.5000   30.0000    0.0000 2889.5376   12.5914
   -7.5000   37.5000    0.0000 2885.9062   12.7858
    0.0000   37.5000    0.0000 2888.8459   12.7994
    7.5000   37.5000    0.0000 2859.6035   13.0412
   -7.5000   45.0000    0.0000 2816.6345   13.5329
    0.0000   45.0000    0.0000 2817.1875   13.5286
    7.5000   45.0000    0.0000 2799.6079   13.7875
   -7.5000  -45.0000    7.5000 2856.7607   11.7129
    0.0000  -45.0000    7.5000 2874.6548   11.4875
    7.5000  -45.0000    7.5000 2870.2195   11.4219
   -7.5000  -37.5000    7.5000 2858.7910   11.7635
    0.0000  -37.5000    7.5000 2868.9575   11.6010
    7.5000  -37.5000    7.5000 2866.6313   11.5459
   -7.5000  -30.0000    7.5000 2854.3196   11.7679
    0.0000  -30.0000    7.5000 2859.4612   11.6615
    7.5000  -30.0000    7.5000 2859.9707   11.6364
   -7.5000  -22.5000    7.5000 2860.3691   11.8287
    0.0000  -22.5000    7.5000 2869.4602   11.7465
    7.5000  -22.5000    7.5000 2862.1372   11.7502
   -7.5000  -15.0000    7.5000 2870.8386   11.9238
    0.0000  -15.0000    7.5000 2875.8101   11.9072
    7.5000  -15.0000    7.5000 2872.7729   11.8793
   -7.5000   -7.5000    7.5000 2890.3943   12.0418
    0.0000   -7.5000    7.5000 2895.1228   12.0300
    7.5000   -7.5000    7.5000 2896.6406   12.0300
   -7.5000    0.0000    7.5000 2926.1108   12.2365
    0.0000    0.0000    7.5000 2927.3967   12.2063
    7.5000    0.0000    7.5000 2925.4429   12.1888
   -7.5000    7.5000    7.5000 2964.6975   12.4814
    0.0000    7.5000    7.5000 2971.6948   12.4424
    7.5000    7.5000    7.5000 2953.7544   12.3518
   -7.5000   15.0000    7.5000 2978.4456   12.5050
    0.0000   15.0000    7.5000 2984.3145   12.5029
    7.5000   15.0000    7.5000 2959.3674   12.4905
   -7.5000   22.5000    7.5000 2947.1235   12.2532
    0.0000   22.5000    7.5000 2949.8386   12.3013
    7.5000   22.5000    7.5000 2920.4177   12.5072
   -7.5000   30.0000    7.5000 2909.0442   12.3646
    0.0000   30.0000    7.5000 2912.6472   12.4271
    7.5000   30.0000    7.5000 2879.9067   12.7343
   -7.5000   37.5000    7.5000 2877.1260   12.9327
    0.0000   37.5000    7.5000 2878.8284   12.9820
    7.5000   37.5000    7.5000 2846.5928   13.2672
   -7.5000   45.0000    7.5000 2809.0945   13.7942
    0.0000   45.0000    7.5000 2807.0037   13.7701
    7.5000   45.0000    7.5000 2785.6365   14.0491
   -7.5000  -45.0000   15.0000 2850.2544   11.7815
    0.0000  -45.0000   15.0000 2863.3738   11.5380
    7.5000  -45.0000   15.0000 2860.9644   11.5488
   -7.5000  -37.5000   15.0000 2853.5806   11.8239
    0.0000  -37.5000   15.0000 2865.0044   11.6341
    7.5000  -37.5000   15.0000 2862.7932   11.6747
   -7.5000  -30.0000   15.0000 2851.7993   11.8498
    0.0000  -30.0000   15.0000 2857.5322   11.7118
    7.5000  -30.0000   15.0000 2862.2192   11.7808
   -7.5000  -22.5000   15.0000 2860.7949   11.9247
    0.0000  -22.5000   15.0000 2867.6655   11.8180
    7.5000  -22.5000   15.0000 2862.7673   11.8874
   -7.5000  -15.0000   15.0000 2867.5911   12.0298
    0.0000  -15.0000   15.0000 2873.9897   11.9509
    7.5000  -15.0000   15.0000 2872.4783   12.0060
   -7.5000   -7.5000   15.0000 2884.9094   12.1661
    0.0000   -7.5000   15.0000 2884.4924   12.0900
    7.5000   -7.5000   15.0000 2888.3694   12.1658
   -7.5000    0.0000   15.0000 2915.1582   12.3777
    0.0000    0.0000   15.0000 2910.4412   12.2946
    7.5000    0.0000   15.0000 2910.7063   12.3338
   -7.5000    7.5000   15.0000 2934.3662   12.5283
    0.0000    7.5000   15.0000 2933.8628   12.4520
    7.5000    7.5000   15.0000 2929.0857   12.5050
   -7.5000   15.0000   15.0000 2944.4316   12.5520
    0.0000   15.0000   15.0000 2941.0447   12.5225
    7.5000   15.0000   15.0000 2924.6650   12.6631
   -7.5000   22.5000   15.0000 2919.7139   12.3735
    0.0000   22.5000   15.0000 2916.6445   12.4608
    7.5000   22.5000   15.0000 2895.4468   12.7736
   -7.5000   30.0000   15.0000 2893.5237   12.7090
    0.0000   30.0000   15.0000 2891.6699   12.7478
    7.5000   30.0000   15.0000 2862.8191   13.0820
   -7.5000   37.5000   15.0000 2857.8010   13.3706
    0.0000   37.5000   15.0000 2858.2185   13.3642
    7.5000   37.5000   15.0000 2823.1646   13.6643
   -7.5000   45.0000   15.0000 2784.8286   14.2553
    0.0000   45.0000   15.0000 2781.6831   14.2077
    7.5000   45.0000   15.0000 2759.1812   14.4729
   -7.5000  -45.0000   22.5000 2840.5979   11.9264
    0.0000  -45.0000   22.5000 2855.7080   11.6268
    7.5000  -45.0000   22.5000 2857.6531   11.6880
   -7.5000  -37.5000   22.5000 2846.4158   11.9819
    0.0000  -37.5000   22.5000 2856.3447   11.7325
    7.5000  -37.5000   22.5000 2859.6599   11.8284
   -7.5000  -30.0000   22.5000 2845.7268   12.0399
    0.0000  -30.0000   22.5000 2848.8967   11.8300
    7.5000  -30.0000   22.5000 2855.1631   11.9760
   -7.5000  -22.5000   22.5000 2851.9763   12.1471
    0.0000  -22.5000   22.5000 2856.8772   11.9631
    7.5000  -22.5000   22.5000 2854.6169   12.0835
   -7.5000  -15.0000   22.5000 2858.6042   12.2706
    0.0000  -15.0000   22.5000 2866.5356   12.1215
    7.5000  -15.0000   22.5000 2863.7881   12.2422
   -7.5000   -7.5000   22.5000 2865.8191   12.4287
    0.0000   -7.5000   22.5000 2869.7549   12.3104
    7.5000   -7.5000   22.5000 2873.6680   12.4472
   -7.5000    0.0000   22.5000 2887.6050   12.6079
    0.0000    0.0000   22.5000 2884.4148   12.5004
    7.5000    0.0000   22.5000 2884.2197   12.6014
   -7.5000    7.5000   22.5000 2897.7017   12.7382
    0.0000    7.5000   22.5000 2894.5361   12.6141
    7.5000    7.5000   22.5000 2889.0039   12.7815
   -7.5000   15.0000   22.5000 2900.9712   12.7678
    0.0000   15.0000   22.5000 2889.0325   12.7195
    7.5000   15.0000   22.5000 2877.7297   12.9769
   -7.5000   22.5000   22.5000 2884.1821   12.7775
    0.0000   22.5000   22.5000 2872.5835   12.8448
    7.5000   22.5000   22.5000 2855.7468   13.1818
   -7.5000   30.0000   22.5000 2861.0298   13.2404
    0.0000   30.0000   22.5000 2850.6941   13.2628
    7.5000   30.0000   22.5000 2823.8440   13.5938
   -7.5000   37.5000   22.5000 2816.6040   13.9413
    0.0000   37.5000   22.5000 2812.0051   13.9348
    7.5000   37.5000   22.5000 2781.1218   14.2196
   -7.5000   45.0000   22.5000 2745.2551   14.8435
    0.0000   45.0000   22.5000 2744.8633   14.8075
    7.5000   45.0000   22.5000 2715.4353   15.0891
   -7.5000  -45.0000   30.0000 2824.6194   12.2141
    0.0000  -45.0000   30.0000 2844.1875   11.8780
    7.5000  -45.0000   30.0000 2843.9983   11.9350
   -7.5000  -37.5000   30.0000 2832.3337   12.2836
    0.0000  -37.5000   30.0000 2844.7434   11.9523
    7.5000  -37.5000   30.0000 2844.9993   12.0568
   -7.5000  -30.0000   30.0000 2834.0945   12.3698
    0.0000  -30.0000   30.0000 2837.0359   12.0603
    7.5000  -30.0000   30.0000 2837.5083   12.2233
   -7.5000  -22.5000   30.0000 2831.4636   12.4917
    0.0000  -22.5000   30.0000 2835.2014   12.2225
    7.5000  -22.5000   30.0000 2836.6423   12.3825
   -7.5000  -15.0000   30.0000 2834.5811   12.6275
    0.0000  -15.0000   30.0000 2842.8691   12.3933
    7.5000  -15.0000   30.0000 2840.5378   12.5531
   -7.5000   -7.5000   30.0000 2837.7944   12.7891
    0.0000   -7.5000   30.0000 2840.8892   12.6041
    7.5000   -7.5000   30.0000 2842.2805   12.7600
   -7.5000    0.0000   30.0000 2841.0840   12.9294
    0.0000    0.0000   30.0000 2840.8645   12.7788
    7.5000    0.0000   30.0000 2840.4746   12.9432
   -7.5000    7.5000   30.0000 2853.0522   13.0651
    0.0000    7.5000   30.0000 2847.1553   12.9284
    7.5000    7.5000   30.0000 2840.7480   13.1359
   -7.5000   15.0000   30.0000 2850.0115   13.1488
    0.0000   15.0000   30.0000 2834.4712   13.1008
    7.5000   15.0000   30.0000 2822.0271   13.3868
   -7.5000   22.5000   30.0000 2832.7947   13.3486
    0.0000   22.5000   30.0000 2815.6235   13.3807
    7.5000   22.5000   30.0000 2803.3228   13.7120
   -7.5000   30.0000   30.0000 2810.2332   13.9308
    0.0000   30.0000   30.0000 2794.4268   13.9100
    7.5000   30.0000   30.0000 2772.7102   14.2214
   -7.5000   37.5000   30.0000 2762.1367   14.6333
    0.0000   37.5000   30.0000 2756.6174   14.6149
    7.5000   37.5000   30.0000 2727.4348   14.8825
   -7.5000   45.0000   30.0000 2699.8984   15.5222
    0.0000   45.0000   30.0000 2697.0400   15.4885
    7.5000   45.0000   30.0000 2664.6018   15.7711
   -7.5000  -45.0000   37.5000 2803.8677   12.6213
    0.0000  -45.0000   37.5000 2818.6689   12.2582
    7.5000  -45.0000   37.5000 2811.9199   12.3149
   -7.5000  -37.5000   37.5000 2811.7390   12.6584
    0.0000  -37.5000   37.5000 2824.2739   12.3048
    7.5000  -37.5000   37.5000 2817.2144   12.4147
   -7.5000  -30.0000   37.5000 2809.8992   12.7555
    0.0000  -30.0000   37.5000 2818.5549   12.4044
    7.5000  -30.0000   37.5000 2815.5615   12.5653
   -7.5000  -22.5000   37.5000 2804.2041   12.8929
    0.0000  -22.5000   37.5000 2812.4302   12.5914
    7.5000  -22.5000   37.5000 2812.6702   12.7782
   -7.5000  -15.0000   37.5000 2800.1555   13.0315
    0.0000  -15.0000   37.5000 2810.8909   12.7604
    7.5000  -15.0000   37.5000 2804.6582   12.9579
   -7.5000   -7.5000   37.5000 2800.8218   13.1833
    0.0000   -7.5000   37.5000 2807.0515   12.9568
    7.5000   -7.5000   37.5000 2804.4998   13.1699
   -7.5000    0.0000   37.5000 2801.7397   13.3520
    0.0000    0.0000   37.5000 2804.4993   13.1391
    7.5000    0.0000   37.5000 2797.3867   13.3733
   -7.5000    7.5000   37.5000 2804.3201   13.4810
    0.0000    7.5000   37.5000 2793.3879   13.3647
    7.5000    7.5000   37.5000 2788.4780   13.6160
   -7.5000   15.0000   37.5000 2791.5554   13.7064
    0.0000   15.0000   37.5000 2775.4224   13.6543
    7.5000   15.0000   37.5000 2764.8457   13.9799
   -7.5000   22.5000   37.5000 2771.9023   14.0968
    0.0000   22.5000   37.5000 2754.1123   14.0890
    7.5000   22.5000   37.5000 2742.2698   14.4409
   -7.5000   30.0000   37.5000 2748.3037   14.7173
    0.0000   30.0000   37.5000 2731.3945   14.6629
    7.5000   30.0000   37.5000 2711.6313   15.0039
   -7.5000   37.5000   37.5000 2709.3984   15.4257
    0.0000   37.5000   37.5000 2700.8979   15.4057
    7.5000   37.5000   37.5000 2671.7527   15.7052
   -7.5000   45.0000   37.5000 2643.8164   16.3315
    0.0000   45.0000   37.5000 2642.8667   16.2610
    7.5000   45.0000   37.5000 2607.2673   16.5663
   -7.5000  -45.0000   45.0000 2760.3562   13.1783
    0.0000  -45.0000   45.0000 2776.3125   12.7830
    7.5000  -45.0000   45.0000 2774.6511   12.8325
   -7.5000  -37.5000   45.0000 2767.3579   13.1684
    0.0000  -37.5000   45.0000 2779.7241   12.7810
    7.5000  -37.5000   45.0000 2779.6885   12.8843
   -7.5000  -30.0000   45.0000 2768.4795   13.2428
    0.0000  -30.0000   45.0000 2776.9055   12.8655
    7.5000  -30.0000   45.0000 2773.6675   13.0223
   -7.5000  -22.5000   45.0000 2760.3433   13.3766
    0.0000  -22.5000   45.0000 2769.9060   13.0588
    7.5000  -22.5000   45.0000 2769.4526   13.2607
   -7.5000  -15.0000   45.0000 2758.3145   13.5257
    0.0000  -15.0000   45.0000 2765.0344   13.2396
    7.5000  -15.0000   45.0000 2756.1616   13.4816
   -7.5000   -7.5000   45.0000 2754.1016   13.6605
    0.0000   -7.5000   45.0000 2762.5801   13.4244
    7.5000   -7.5000   45.0000 2752.5098   13.6982
   -7.5000    0.0000   45.0000 2746.7520   13.8629
    0.0000    0.0000   45.0000 2752.5623   13.6452
    7.5000    0.0000   45.0000 2737.9492   13.8962
   -7.5000    7.5000   45.0000 2736.3264   14.0946
    0.0000    7.5000   45.0000 2733.6541   13.9657
    7.5000    7.5000   45.0000 2721.1746   14.2235
   -7.5000   15.0000   45.0000 2717.8171   14.4444
    0.0000   15.0000   45.0000 2705.5784   14.3576
    7.5000   15.0000   45.0000 2692.9290   14.6839
   -7.5000   22.5000   45.0000 2699.4277   14.9488
    0.0000   22.5000   45.0000 2682.5491   14.8931
    7.5000   22.5000   45.0000 2667.1648   15.2594
   -7.5000   30.0000   45.0000 2674.9221   15.6276
    0.0000   30.0000   45.0000 2660.2285   15.5440
    7.5000   30.0000   45.0000 2633.5928   15.9179
   -7.5000   37.5000   45.0000 2638.6584   16.3929
    0.0000   37.5000   45.0000 2630.6360   16.3425
    7.5000   37.5000   45.0000 2596.4788   16.6826
   -7.5000   45.0000   45.0000 2572.0654   17.2635
    0.0000   45.0000   45.0000 2567.7637   17.1763
    7.5000   45.0000   45.0000 2530.8965   17.5364

---------------------------------------------------------------------
imgreg_4dfp /opt/freesurfer/average/711-2C_as_mni_average_305 /opt/freesurfer/average/711-2B_as_mni_average_305_mask talsrcimg_g11 none talsrcimg_to_711-2C_as_mni_average_305_t4 1283
---------------------------------------------------------------------

freesurfer imgreg_4dfp.c
/opt/freesurfer/average/711-2C_as_mni_average_305.4dfp.img
       256       256       256         1
  1.000000  1.000000  1.000000
orientation T byte_order littleendian
Reading image: /opt/freesurfer/average/711-2C_as_mni_average_305.4dfp.img
dimensions:      256       256       256
mmppix:       1.0000   -1.0000   -1.0000
center:     128.0000 -129.0000 -129.0000
/opt/freesurfer/average/711-2B_as_mni_average_305_mask.4dfp.img
       256       256       256         1
  1.000000  1.000000  1.000000
orientation T byte_order littleendian
Reading mask: /opt/freesurfer/average/711-2B_as_mni_average_305_mask.4dfp.img (2306576 pixels)
talsrcimg_g11.4dfp.img
       256       256       256         1
  1.000000  1.000000  1.000000
orientation T byte_order littleendian
Reading image: talsrcimg_g11.4dfp.img
dimensions:      256       256       256
mmppix:       1.0000   -1.0000   -1.0000
center:     128.0000 -129.0000 -129.0000
rotation matrix determinant  1.000000
fimgreg.f
image alignment mode   1283 decimal      503 hex
parameters
    0.0000   15.0000    0.0000    0.0000    0.0000    0.0000
eta,q 0.94330 12.66430
niter,ni,del,rscale     5    3   12.0000    1.2000
parameter  4  2.868149 ->  0.500000 qaram    1.1500
parameter  6 -0.949927 -> -0.500000 qaram    1.1500
parameters
   -2.5805   16.0478   -0.7894   -3.4500    2.2162    3.4500
eta,q 0.95125 12.72356
  0.0612  0.0639  0.0583  0.0514  0.0591  0.0631
  0.0567  0.0602  0.0568  0.0521  0.0567  0.0584
  0.0566  0.0570  0.0560  0.0538  0.0548  0.0545
  0.0593  0.0559  0.0559  0.0557  0.0526  0.0517
  0.0629  0.0565  0.0567  0.0578  0.0518  0.0497
  0.0679  0.0579  0.0577  0.0601  0.0522  0.0485
  0.0723  0.0595  0.0601  0.0619  0.0541  0.0482
niter,ni,del,rscale     6    3   12.0000    1.2000
parameter  4  1.434592 ->  0.500000 qaram    1.3225
parameters
   -2.1527   16.9353   -1.9158   -7.4175    1.5417    6.0030
eta,q 0.95694 12.68161
  0.0619  0.0595  0.0505  0.0441  0.0472  0.0569
  0.0555  0.0532  0.0489  0.0436  0.0456  0.0516
  0.0504  0.0497  0.0486  0.0448  0.0443  0.0467
  0.0488  0.0488  0.0489  0.0487  0.0438  0.0438
  0.0496  0.0496  0.0493  0.0528  0.0447  0.0430
  0.0525  0.0513  0.0502  0.0559  0.0465  0.0438
  0.0590  0.0536  0.0528  0.0587  0.0496  0.0460
niter,ni,del,rscale     6    3   12.0000    1.2000
parameter  4  0.710749 ->  0.500000 qaram    1.5209
parameters
   -1.8151   18.2628   -4.2581  -11.9801    1.5151    5.6090
eta,q 0.95994 12.84349
  0.0589  0.0598  0.0438  0.0406  0.0448  0.0457
  0.0509  0.0523  0.0423  0.0399  0.0416  0.0426
  0.0449  0.0459  0.0420  0.0404  0.0404  0.0407
  0.0431  0.0430  0.0428  0.0419  0.0400  0.0400
  0.0438  0.0431  0.0446  0.0466  0.0401  0.0406
  0.0484  0.0457  0.0471  0.0515  0.0414  0.0434
  0.0559  0.0494  0.0511  0.0557  0.0452  0.0476
niter,ni,del,rscale     6    3   12.0000    1.2000
parameters
   -1.8045   20.0617   -6.3439  -15.5701    1.8490    5.8549
eta,q 0.96422 12.82306
  0.0549  0.0546  0.0415  0.0401  0.0439  0.0435
  0.0469  0.0480  0.0382  0.0367  0.0396  0.0397
  0.0412  0.0428  0.0375  0.0360  0.0369  0.0374
  0.0401  0.0401  0.0393  0.0375  0.0358  0.0358
  0.0415  0.0393  0.0418  0.0412  0.0365  0.0361
  0.0466  0.0403  0.0452  0.0472  0.0384  0.0387
  0.0549  0.0438  0.0503  0.0521  0.0423  0.0429
niter,ni,del,rscale     5    3   12.0000    1.2000
parameters
   -2.1707   20.9062   -7.7074  -17.2434    1.9718    5.9677
eta,q 0.96625 12.79745
  0.0508  0.0501  0.0409  0.0411  0.0415  0.0416
  0.0422  0.0436  0.0359  0.0370  0.0370  0.0377
  0.0369  0.0385  0.0341  0.0341  0.0347  0.0349
  0.0358  0.0357  0.0353  0.0343  0.0338  0.0338
  0.0382  0.0354  0.0383  0.0372  0.0342  0.0341
  0.0453  0.0383  0.0427  0.0423  0.0366  0.0369
  0.0547  0.0445  0.0478  0.0482  0.0410  0.0416
niter,ni,del,rscale     4    3   12.0000    1.2000
parameters
   -2.3152   21.3104   -8.2298  -18.0662    2.1573    6.0650
eta,q 0.96696 12.79672
  0.0515  0.0481  0.0429  0.0419  0.0409  0.0409
  0.0420  0.0416  0.0368  0.0384  0.0368  0.0370
  0.0354  0.0368  0.0336  0.0338  0.0344  0.0341
  0.0337  0.0337  0.0334  0.0332  0.0331  0.0331
  0.0359  0.0337  0.0357  0.0354  0.0332  0.0334
  0.0430  0.0380  0.0402  0.0405  0.0358  0.0362
  0.0534  0.0459  0.0458  0.0459  0.0405  0.0410
niter,ni,del,rscale     3    3   12.0000    1.2000
parameters
   -2.3812   21.5395   -8.5202  -18.4851    2.2533    6.1113
eta,q 0.96734 12.79365
  0.0520  0.0476  0.0436  0.0427  0.0404  0.0405
  0.0419  0.0408  0.0373  0.0389  0.0366  0.0366
  0.0348  0.0360  0.0335  0.0341  0.0342  0.0338
  0.0330  0.0330  0.0328  0.0328  0.0327  0.0327
  0.0352  0.0331  0.0350  0.0347  0.0328  0.0331
  0.0424  0.0382  0.0394  0.0397  0.0357  0.0360
  0.0530  0.0469  0.0452  0.0450  0.0407  0.0408
niter,ni,del,rscale     2    3   12.0000    1.2000
parameters
   -2.4029   21.6659   -8.6638  -18.6846    2.2978    6.1388
eta,q 0.96752 12.79202
  0.0524  0.0473  0.0442  0.0432  0.0402  0.0404
  0.0420  0.0404  0.0377  0.0392  0.0365  0.0365
  0.0346  0.0355  0.0335  0.0344  0.0341  0.0336
  0.0327  0.0327  0.0326  0.0325  0.0325  0.0325
  0.0348  0.0332  0.0346  0.0343  0.0326  0.0330
  0.0421  0.0386  0.0390  0.0393  0.0357  0.0360
  0.0528  0.0474  0.0447  0.0446  0.0409  0.0407
niter,ni,del,rscale     1    3   12.0000    1.2000
parameters
   -2.4117   21.7276   -8.7300  -18.7799    2.3161    6.1517
eta,q 0.96759 12.79106
  0.0526  0.0471  0.0445  0.0434  0.0401  0.0403
  0.0420  0.0402  0.0379  0.0393  0.0364  0.0364
  0.0345  0.0353  0.0336  0.0345  0.0340  0.0335
  0.0325  0.0325  0.0324  0.0324  0.0324  0.0324
  0.0346  0.0333  0.0344  0.0342  0.0326  0.0330
  0.0420  0.0390  0.0388  0.0390  0.0357  0.0360
  0.0527  0.0477  0.0445  0.0444  0.0409  0.0407
registration optimization eta report
parameter search radius
    6.0000    6.0000    6.0000    9.1253    6.0000    6.9000
100000*second partial in parameter space
       56.       41.       33.       13.       23.       17.
  0.0526  0.0471  0.0445  0.0434  0.0401  0.0403
  0.0420  0.0402  0.0379  0.0393  0.0364  0.0364
  0.0345  0.0353  0.0336  0.0345  0.0340  0.0335
  0.0325  0.0325  0.0324  0.0324  0.0324  0.0324
  0.0346  0.0333  0.0344  0.0342  0.0326  0.0330
  0.0420  0.0390  0.0388  0.0390  0.0357  0.0360
  0.0527  0.0477  0.0445  0.0444  0.0409  0.0407
   -2.4117   21.7276   -8.7300  -18.7799    2.3161    6.1517
eta,q 0.96759 12.79106

---------------------------------------------------------------------
imgreg_4dfp /opt/freesurfer/average/711-2C_as_mni_average_305 /opt/freesurfer/average/711-2B_as_mni_average_305_mask talsrcimg_g11 none talsrcimg_to_711-2C_as_mni_average_305_t4 3335
---------------------------------------------------------------------

freesurfer imgreg_4dfp.c
/opt/freesurfer/average/711-2C_as_mni_average_305.4dfp.img
       256       256       256         1
  1.000000  1.000000  1.000000
orientation T byte_order littleendian
Reading image: /opt/freesurfer/average/711-2C_as_mni_average_305.4dfp.img
dimensions:      256       256       256
mmppix:       1.0000   -1.0000   -1.0000
center:     128.0000 -129.0000 -129.0000
/opt/freesurfer/average/711-2B_as_mni_average_305_mask.4dfp.img
       256       256       256         1
  1.000000  1.000000  1.000000
orientation T byte_order littleendian
Reading mask: /opt/freesurfer/average/711-2B_as_mni_average_305_mask.4dfp.img (2306576 pixels)
talsrcimg_g11.4dfp.img
       256       256       256         1
  1.000000  1.000000  1.000000
orientation T byte_order littleendian
Reading image: talsrcimg_g11.4dfp.img
dimensions:      256       256       256
mmppix:       1.0000   -1.0000   -1.0000
center:     128.0000 -129.0000 -129.0000
fimgreg.f
image alignment mode   3335 decimal      D07 hex
parameters
   -2.4117   21.7276   -8.7300   -0.6571   -5.7295   -5.4011
   -8.8521   -7.2539   10.7074   31.5979    4.0412  -32.1670
eta,q 0.96778 12.79663
niter,ni,del,rscale     5    3    5.0000    1.2000
parameter  5  1.245082 ->  0.500000 qaram    1.1500
parameters
   -2.6115   22.2617   -8.5338   -0.6835   -9.8695   -5.0740
   -7.1207   -7.5364    9.9940   30.9053    2.1393  -32.0437
eta,q 0.97201 12.79053
  0.0351  0.0357  0.0341  0.0357  0.0271  0.0327  0.0327  0.0332  0.0305  0.0317  0.0289  0.0298
  0.0334  0.0341  0.0330  0.0342  0.0281  0.0312  0.0307  0.0302  0.0291  0.0298  0.0283  0.0289
  0.0324  0.0329  0.0323  0.0329  0.0298  0.0297  0.0292  0.0286  0.0283  0.0285  0.0280  0.0282
  0.0322  0.0322  0.0320  0.0320  0.0320  0.0285  0.0284  0.0282  0.0282  0.0281  0.0281  0.0280
  0.0328  0.0320  0.0321  0.0321  0.0349  0.0283  0.0282  0.0290  0.0287  0.0289  0.0286  0.0282
  0.0342  0.0325  0.0326  0.0335  0.0387  0.0298  0.0287  0.0310  0.0299  0.0308  0.0294  0.0288
  0.0362  0.0336  0.0335  0.0365  0.0434  0.0329  0.0300  0.0338  0.0316  0.0336  0.0305  0.0297
niter,ni,del,rscale     5    3    5.0000    1.2000
parameter  5  0.543166 ->  0.500000 qaram    1.3225
parameters
   -2.6838   22.2980   -8.4052    0.1794  -14.6305   -3.9452
   -6.7980   -7.1242    9.9522   31.4974    1.8794  -32.9549
eta,q 0.97449 12.79562
  0.0314  0.0311  0.0301  0.0327  0.0274  0.0309  0.0294  0.0322  0.0288  0.0310  0.0272  0.0270
  0.0295  0.0294  0.0290  0.0309  0.0262  0.0292  0.0274  0.0288  0.0271  0.0287  0.0263  0.0261
  0.0284  0.0284  0.0282  0.0292  0.0264  0.0276  0.0261  0.0265  0.0260  0.0268  0.0257  0.0256
  0.0280  0.0280  0.0280  0.0280  0.0277  0.0261  0.0256  0.0256  0.0256  0.0257  0.0255  0.0255
  0.0285  0.0283  0.0282  0.0277  0.0300  0.0255  0.0260  0.0262  0.0261  0.0257  0.0258  0.0260
  0.0298  0.0293  0.0287  0.0288  0.0330  0.0265  0.0271  0.0280  0.0272  0.0272  0.0265  0.0268
  0.0319  0.0309  0.0297  0.0315  0.0371  0.0294  0.0288  0.0307  0.0289  0.0299  0.0275  0.0280
niter,ni,del,rscale     5    3    5.0000    1.2000
parameters
   -2.6642   22.6017   -8.1739    0.7995  -15.0171   -3.9500
   -6.7465   -7.0366    9.8095   31.8777    1.6338  -33.1043
eta,q 0.97483 12.80235
  0.0296  0.0299  0.0280  0.0308  0.0313  0.0298  0.0288  0.0314  0.0284  0.0305  0.0269  0.0270
  0.0274  0.0277  0.0267  0.0287  0.0282  0.0281  0.0269  0.0281  0.0267  0.0282  0.0260  0.0261
  0.0260  0.0262  0.0258  0.0268  0.0259  0.0265  0.0257  0.0259  0.0256  0.0263  0.0254  0.0254
  0.0255  0.0255  0.0254  0.0254  0.0253  0.0252  0.0252  0.0252  0.0252  0.0252  0.0252  0.0252
  0.0259  0.0256  0.0256  0.0253  0.0264  0.0253  0.0256  0.0260  0.0257  0.0255  0.0255  0.0254
  0.0273  0.0265  0.0262  0.0268  0.0289  0.0271  0.0269  0.0280  0.0269  0.0271  0.0261  0.0261
  0.0295  0.0282  0.0272  0.0300  0.0323  0.0308  0.0287  0.0310  0.0286  0.0299  0.0272  0.0272
niter,ni,del,rscale     4    3    5.0000    1.2000
parameters
   -2.6888   22.6679   -8.1824    0.8639  -15.1811   -3.9924
   -6.6732   -7.0007    9.7866   31.9867    1.5770  -33.1929
eta,q 0.97485 12.80127
  0.0293  0.0290  0.0274  0.0303  0.0315  0.0297  0.0288  0.0313  0.0285  0.0301  0.0270  0.0270
  0.0271  0.0270  0.0262  0.0282  0.0284  0.0280  0.0269  0.0280  0.0267  0.0279  0.0260  0.0261
  0.0256  0.0257  0.0254  0.0263  0.0260  0.0264  0.0256  0.0258  0.0255  0.0261  0.0254  0.0254
  0.0252  0.0252  0.0252  0.0252  0.0252  0.0252  0.0252  0.0252  0.0252  0.0252  0.0252  0.0252
  0.0257  0.0255  0.0255  0.0254  0.0262  0.0253  0.0256  0.0260  0.0256  0.0256  0.0254  0.0254
  0.0272  0.0267  0.0262  0.0273  0.0286  0.0272  0.0268  0.0280  0.0267  0.0273  0.0261  0.0261
  0.0295  0.0286  0.0274  0.0308  0.0320  0.0308  0.0286  0.0311  0.0285  0.0302  0.0271  0.0272
niter,ni,del,rscale     3    3    5.0000    1.2000
parameters
   -2.6919   22.6935   -8.1980    0.9028  -15.2340   -4.0184
   -6.6559   -6.9890    9.7778   32.0335    1.5604  -33.2383
eta,q 0.97486 12.80101
  0.0294  0.0289  0.0273  0.0302  0.0317  0.0298  0.0287  0.0313  0.0285  0.0301  0.0270  0.0271
  0.0271  0.0269  0.0261  0.0282  0.0285  0.0280  0.0268  0.0280  0.0267  0.0278  0.0260  0.0261
  0.0257  0.0256  0.0254  0.0263  0.0261  0.0264  0.0256  0.0258  0.0255  0.0260  0.0254  0.0254
  0.0252  0.0252  0.0252  0.0252  0.0251  0.0251  0.0252  0.0251  0.0251  0.0251  0.0251  0.0251
  0.0257  0.0255  0.0254  0.0254  0.0261  0.0253  0.0256  0.0260  0.0256  0.0256  0.0254  0.0254
  0.0271  0.0268  0.0262  0.0273  0.0285  0.0272  0.0268  0.0280  0.0267  0.0274  0.0260  0.0261
  0.0294  0.0287  0.0274  0.0309  0.0318  0.0308  0.0287  0.0311  0.0285  0.0303  0.0270  0.0271
niter,ni,del,rscale     2    3    5.0000    1.2000
parameters
   -2.6920   22.7028   -8.2075    0.9165  -15.2529   -4.0338
   -6.6465   -6.9862    9.7770   32.0564    1.5554  -33.2597
eta,q 0.97486 12.80083
  0.0294  0.0288  0.0273  0.0302  0.0317  0.0298  0.0287  0.0313  0.0285  0.0300  0.0270  0.0271
  0.0271  0.0269  0.0261  0.0281  0.0285  0.0281  0.0268  0.0280  0.0267  0.0278  0.0260  0.0261
  0.0256  0.0256  0.0254  0.0263  0.0261  0.0264  0.0256  0.0258  0.0255  0.0260  0.0254  0.0254
  0.0251  0.0251  0.0251  0.0251  0.0251  0.0251  0.0251  0.0251  0.0251  0.0251  0.0251  0.0251
  0.0256  0.0256  0.0254  0.0254  0.0261  0.0253  0.0256  0.0260  0.0255  0.0256  0.0254  0.0254
  0.0271  0.0268  0.0262  0.0274  0.0285  0.0271  0.0268  0.0280  0.0267  0.0274  0.0260  0.0261
  0.0294  0.0288  0.0273  0.0309  0.0318  0.0308  0.0287  0.0312  0.0285  0.0303  0.0270  0.0271
registration optimization eta report
parameter search radius
    2.4000    2.4000    2.4000    7.2000    9.5220    7.2000
    7.2000    7.2000    7.2000    7.2000    7.2000    7.2000
100000*second partial in parameter space
       74.       63.       38.       10.        7.       10.
        7.       12.        6.       10.        4.        4.
  0.0294  0.0288  0.0273  0.0302  0.0317  0.0298  0.0287  0.0313  0.0285  0.0300  0.0270  0.0271
  0.0271  0.0269  0.0261  0.0281  0.0285  0.0281  0.0268  0.0280  0.0267  0.0278  0.0260  0.0261
  0.0256  0.0256  0.0254  0.0263  0.0261  0.0264  0.0256  0.0258  0.0255  0.0260  0.0254  0.0254
  0.0251  0.0251  0.0251  0.0251  0.0251  0.0251  0.0251  0.0251  0.0251  0.0251  0.0251  0.0251
  0.0256  0.0256  0.0254  0.0254  0.0261  0.0253  0.0256  0.0260  0.0255  0.0256  0.0254  0.0254
  0.0271  0.0268  0.0262  0.0274  0.0285  0.0271  0.0268  0.0280  0.0267  0.0274  0.0260  0.0261
  0.0294  0.0288  0.0273  0.0309  0.0318  0.0308  0.0287  0.0312  0.0285  0.0303  0.0270  0.0271
   -2.6920   22.7028   -8.2075    0.9165  -15.2529   -4.0338
   -6.6465   -6.9862    9.7770   32.0564    1.5554  -33.2597
eta,q 0.97486 12.80083

---------------------------------------------------------------------
imgreg_4dfp /opt/freesurfer/average/711-2C_as_mni_average_305 /opt/freesurfer/average/711-2B_as_mni_average_305_mask talsrcimg_g11 none talsrcimg_to_711-2C_as_mni_average_305_t4 2311
---------------------------------------------------------------------

freesurfer imgreg_4dfp.c
/opt/freesurfer/average/711-2C_as_mni_average_305.4dfp.img
       256       256       256         1
  1.000000  1.000000  1.000000
orientation T byte_order littleendian
Reading image: /opt/freesurfer/average/711-2C_as_mni_average_305.4dfp.img
dimensions:      256       256       256
mmppix:       1.0000   -1.0000   -1.0000
center:     128.0000 -129.0000 -129.0000
/opt/freesurfer/average/711-2B_as_mni_average_305_mask.4dfp.img
       256       256       256         1
  1.000000  1.000000  1.000000
orientation T byte_order littleendian
Reading mask: /opt/freesurfer/average/711-2B_as_mni_average_305_mask.4dfp.img (2306576 pixels)
talsrcimg_g11.4dfp.img
       256       256       256         1
  1.000000  1.000000  1.000000
orientation T byte_order littleendian
Reading image: talsrcimg_g11.4dfp.img
dimensions:      256       256       256
mmppix:       1.0000   -1.0000   -1.0000
center:     128.0000 -129.0000 -129.0000
fimgreg.f
image alignment mode   2311 decimal      907 hex
parameters
   -2.6920   22.7028   -8.2075    0.9165  -15.2529   -4.0338
   -6.6465   -6.9862    9.7770   32.0564    1.5554  -33.2597
eta,q 0.97486 12.80083
niter,ni,del,rscale     5    3    5.0000    0.8000
parameters
   -2.6917   22.7121   -8.2306    1.3861  -15.3764   -3.5286
   -6.6278   -6.9702    9.7267   32.1601    1.5730  -33.3057
eta,q 0.97502 12.81552
  0.0271  0.0268  0.0261  0.0281  0.0271  0.0279  0.0267  0.0282  0.0265  0.0276  0.0259  0.0259
  0.0260  0.0259  0.0256  0.0269  0.0260  0.0268  0.0258  0.0264  0.0257  0.0263  0.0254  0.0254
  0.0254  0.0253  0.0252  0.0258  0.0253  0.0258  0.0252  0.0253  0.0251  0.0254  0.0251  0.0251
  0.0251  0.0251  0.0251  0.0251  0.0251  0.0251  0.0250  0.0250  0.0250  0.0250  0.0250  0.0250
  0.0254  0.0253  0.0253  0.0252  0.0254  0.0250  0.0252  0.0254  0.0252  0.0252  0.0251  0.0251
  0.0260  0.0259  0.0256  0.0259  0.0261  0.0258  0.0258  0.0264  0.0257  0.0261  0.0254  0.0254
  0.0271  0.0268  0.0262  0.0274  0.0272  0.0273  0.0267  0.0281  0.0266  0.0275  0.0259  0.0259
niter,ni,del,rscale     4    3    5.0000    0.7000
parameters
   -2.7176   22.7265   -8.1092    1.3709  -15.5397   -3.2891
   -6.5840   -7.0015    9.7026   32.1856    1.5802  -33.3547
eta,q 0.97506 12.81784
  0.0265  0.0263  0.0259  0.0271  0.0265  0.0272  0.0263  0.0274  0.0262  0.0269  0.0257  0.0257
  0.0256  0.0256  0.0254  0.0261  0.0256  0.0262  0.0256  0.0260  0.0255  0.0259  0.0253  0.0253
  0.0251  0.0251  0.0251  0.0253  0.0251  0.0254  0.0251  0.0252  0.0251  0.0252  0.0250  0.0250
  0.0250  0.0250  0.0250  0.0250  0.0250  0.0250  0.0249  0.0249  0.0249  0.0249  0.0249  0.0249
  0.0252  0.0251  0.0250  0.0252  0.0252  0.0251  0.0251  0.0253  0.0251  0.0251  0.0250  0.0250
  0.0257  0.0255  0.0253  0.0259  0.0258  0.0257  0.0255  0.0261  0.0255  0.0258  0.0253  0.0253
  0.0266  0.0263  0.0256  0.0273  0.0267  0.0269  0.0263  0.0274  0.0262  0.0270  0.0257  0.0257
niter,ni,del,rscale     3    3    5.0000    0.6000
parameters
   -2.7299   22.7411   -8.0499    1.4078  -15.6363   -3.1367
   -6.5581   -7.0218    9.6827   32.1998    1.5865  -33.3839
eta,q 0.97507 12.81951
  0.0261  0.0259  0.0256  0.0266  0.0261  0.0266  0.0259  0.0268  0.0258  0.0264  0.0255  0.0255
  0.0254  0.0254  0.0253  0.0258  0.0255  0.0259  0.0254  0.0257  0.0253  0.0257  0.0252  0.0252
  0.0251  0.0251  0.0250  0.0252  0.0251  0.0252  0.0250  0.0251  0.0250  0.0251  0.0250  0.0250
  0.0249  0.0249  0.0249  0.0249  0.0249  0.0249  0.0249  0.0249  0.0249  0.0249  0.0249  0.0249
  0.0251  0.0250  0.0250  0.0251  0.0251  0.0250  0.0250  0.0252  0.0250  0.0251  0.0250  0.0250
  0.0255  0.0254  0.0252  0.0256  0.0256  0.0255  0.0254  0.0258  0.0253  0.0256  0.0252  0.0252
  0.0261  0.0259  0.0255  0.0266  0.0262  0.0265  0.0259  0.0268  0.0259  0.0264  0.0255  0.0255
niter,ni,del,rscale     2    3    5.0000    0.5000
parameters
   -2.7391   22.7511   -8.0099    1.4386  -15.7007   -3.0294
   -6.5398   -7.0410    9.6680   32.2095    1.5920  -33.4077
eta,q 0.97508 12.82081
  0.0257  0.0256  0.0254  0.0261  0.0258  0.0262  0.0256  0.0262  0.0256  0.0260  0.0253  0.0253
  0.0253  0.0252  0.0251  0.0255  0.0253  0.0256  0.0252  0.0255  0.0252  0.0254  0.0251  0.0251
  0.0250  0.0250  0.0250  0.0251  0.0250  0.0251  0.0250  0.0250  0.0250  0.0251  0.0250  0.0250
  0.0249  0.0249  0.0249  0.0249  0.0249  0.0249  0.0249  0.0249  0.0249  0.0249  0.0249  0.0249
  0.0250  0.0250  0.0250  0.0250  0.0250  0.0250  0.0250  0.0251  0.0250  0.0250  0.0250  0.0250
  0.0253  0.0252  0.0251  0.0254  0.0253  0.0254  0.0252  0.0255  0.0252  0.0254  0.0251  0.0251
  0.0258  0.0256  0.0253  0.0261  0.0258  0.0260  0.0256  0.0262  0.0256  0.0260  0.0253  0.0253
niter,ni,del,rscale     1    3    5.0000    0.4000
parameters
   -2.7492   22.7585   -7.9835    1.4583  -15.7412   -2.9625
   -6.5214   -7.0630    9.6527   32.2194    1.6038  -33.4274
eta,q 0.97508 12.82159
  0.0254  0.0254  0.0252  0.0257  0.0255  0.0257  0.0254  0.0258  0.0253  0.0256  0.0252  0.0252
  0.0251  0.0251  0.0251  0.0253  0.0252  0.0253  0.0251  0.0253  0.0251  0.0252  0.0250  0.0250
  0.0250  0.0250  0.0250  0.0250  0.0250  0.0250  0.0250  0.0250  0.0250  0.0250  0.0249  0.0249
  0.0249  0.0249  0.0249  0.0249  0.0249  0.0249  0.0249  0.0249  0.0249  0.0249  0.0249  0.0249
  0.0250  0.0250  0.0249  0.0250  0.0250  0.0250  0.0250  0.0250  0.0250  0.0250  0.0249  0.0249
  0.0252  0.0251  0.0250  0.0252  0.0252  0.0252  0.0251  0.0253  0.0251  0.0252  0.0250  0.0250
  0.0255  0.0253  0.0252  0.0257  0.0255  0.0257  0.0254  0.0258  0.0253  0.0256  0.0252  0.0252
registration optimization eta report
parameter search radius
    0.8000    0.8000    0.8000    2.4000    2.4000    2.4000
    2.4000    2.4000    2.4000    2.4000    2.4000    2.4000
100000*second partial in parameter space
       82.       68.       42.       13.       10.       13.
        8.       15.        7.       12.        4.        4.
  0.0254  0.0254  0.0252  0.0257  0.0255  0.0257  0.0254  0.0258  0.0253  0.0256  0.0252  0.0252
  0.0251  0.0251  0.0251  0.0253  0.0252  0.0253  0.0251  0.0253  0.0251  0.0252  0.0250  0.0250
  0.0250  0.0250  0.0250  0.0250  0.0250  0.0250  0.0250  0.0250  0.0250  0.0250  0.0249  0.0249
  0.0249  0.0249  0.0249  0.0249  0.0249  0.0249  0.0249  0.0249  0.0249  0.0249  0.0249  0.0249
  0.0250  0.0250  0.0249  0.0250  0.0250  0.0250  0.0250  0.0250  0.0250  0.0250  0.0249  0.0249
  0.0252  0.0251  0.0250  0.0252  0.0252  0.0252  0.0251  0.0253  0.0251  0.0252  0.0250  0.0250
  0.0255  0.0253  0.0252  0.0257  0.0255  0.0257  0.0254  0.0258  0.0253  0.0256  0.0252  0.0252
   -2.7492   22.7585   -7.9835    1.4583  -15.7412   -2.9625
   -6.5214   -7.0630    9.6527   32.2194    1.6038  -33.4274
eta,q 0.97508 12.82159

---------------------------------------------------------------------
imgreg_4dfp /opt/freesurfer/average/711-2C_as_mni_average_305 /opt/freesurfer/average/711-2B_as_mni_average_305_mask talsrcimg_g11 none talsrcimg_to_711-2C_as_mni_average_305_t4 2311
---------------------------------------------------------------------

freesurfer imgreg_4dfp.c
/opt/freesurfer/average/711-2C_as_mni_average_305.4dfp.img
       256       256       256         1
  1.000000  1.000000  1.000000
orientation T byte_order littleendian
Reading image: /opt/freesurfer/average/711-2C_as_mni_average_305.4dfp.img
dimensions:      256       256       256
mmppix:       1.0000   -1.0000   -1.0000
center:     128.0000 -129.0000 -129.0000
/opt/freesurfer/average/711-2B_as_mni_average_305_mask.4dfp.img
       256       256       256         1
  1.000000  1.000000  1.000000
orientation T byte_order littleendian
Reading mask: /opt/freesurfer/average/711-2B_as_mni_average_305_mask.4dfp.img (2306576 pixels)
talsrcimg_g11.4dfp.img
       256       256       256         1
  1.000000  1.000000  1.000000
orientation T byte_order littleendian
Reading image: talsrcimg_g11.4dfp.img
dimensions:      256       256       256
mmppix:       1.0000   -1.0000   -1.0000
center:     128.0000 -129.0000 -129.0000
fimgreg.f
image alignment mode   2311 decimal      907 hex
parameters
   -2.7492   22.7585   -7.9835    1.4583  -15.7412   -2.9625
   -6.5214   -7.0630    9.6527   32.2194    1.6038  -33.4274
eta,q 0.97508 12.82158
niter,ni,del,rscale     5    3    5.0000    0.8000
parameters
   -2.7473   22.7608   -7.9536    1.2190  -15.6980   -3.1862
   -6.5478   -7.0434    9.6911   32.2035    1.5540  -33.4083
eta,q 0.97506 12.81612
  0.0270  0.0266  0.0260  0.0274  0.0271  0.0273  0.0266  0.0281  0.0266  0.0274  0.0259  0.0259
  0.0258  0.0257  0.0254  0.0262  0.0259  0.0262  0.0257  0.0264  0.0257  0.0262  0.0254  0.0254
  0.0251  0.0251  0.0250  0.0253  0.0252  0.0253  0.0251  0.0253  0.0251  0.0253  0.0250  0.0251
  0.0249  0.0249  0.0249  0.0249  0.0249  0.0249  0.0249  0.0249  0.0249  0.0249  0.0249  0.0249
  0.0252  0.0251  0.0250  0.0253  0.0252  0.0252  0.0251  0.0253  0.0251  0.0252  0.0251  0.0250
  0.0258  0.0257  0.0254  0.0263  0.0259  0.0263  0.0257  0.0264  0.0256  0.0261  0.0254  0.0254
  0.0270  0.0266  0.0259  0.0282  0.0270  0.0282  0.0267  0.0280  0.0265  0.0275  0.0259  0.0259
niter,ni,del,rscale     4    3    5.0000    0.7000
parameters
   -2.7331   22.7572   -8.0229    1.3343  -15.6673   -3.1811
   -6.5689   -7.0199    9.6918   32.2173    1.5539  -33.4057
eta,q 0.97507 12.81791
  0.0265  0.0263  0.0257  0.0272  0.0266  0.0270  0.0263  0.0274  0.0262  0.0269  0.0257  0.0257
  0.0257  0.0255  0.0252  0.0261  0.0257  0.0261  0.0255  0.0261  0.0255  0.0259  0.0253  0.0253
  0.0251  0.0251  0.0250  0.0253  0.0251  0.0253  0.0251  0.0252  0.0251  0.0252  0.0250  0.0250
  0.0249  0.0249  0.0249  0.0249  0.0249  0.0249  0.0249  0.0249  0.0249  0.0249  0.0249  0.0249
  0.0251  0.0251  0.0251  0.0251  0.0251  0.0251  0.0251  0.0252  0.0251  0.0251  0.0250  0.0250
  0.0256  0.0255  0.0254  0.0258  0.0257  0.0258  0.0255  0.0261  0.0255  0.0258  0.0253  0.0253
  0.0265  0.0263  0.0258  0.0271  0.0266  0.0272  0.0263  0.0273  0.0262  0.0269  0.0257  0.0257
niter,ni,del,rscale     3    3    5.0000    0.6000
parameters
   -2.7348   22.7544   -8.0206    1.4012  -15.6824   -3.1038
   -6.5544   -7.0231    9.6774   32.2183    1.5698  -33.4078
eta,q 0.97508 12.81961
  0.0261  0.0259  0.0255  0.0266  0.0262  0.0266  0.0259  0.0268  0.0258  0.0264  0.0255  0.0255
  0.0254  0.0254  0.0252  0.0258  0.0255  0.0258  0.0254  0.0257  0.0253  0.0256  0.0252  0.0252
  0.0251  0.0250  0.0250  0.0252  0.0251  0.0252  0.0250  0.0251  0.0250  0.0251  0.0250  0.0250
  0.0249  0.0249  0.0249  0.0249  0.0249  0.0249  0.0249  0.0249  0.0249  0.0249  0.0249  0.0249
  0.0251  0.0250  0.0250  0.0251  0.0251  0.0251  0.0250  0.0252  0.0250  0.0251  0.0250  0.0250
  0.0255  0.0254  0.0252  0.0256  0.0255  0.0256  0.0254  0.0258  0.0253  0.0256  0.0252  0.0252
  0.0261  0.0259  0.0255  0.0266  0.0262  0.0266  0.0259  0.0268  0.0258  0.0264  0.0255  0.0255
niter,ni,del,rscale     2    3    5.0000    0.5000
parameters
   -2.7411   22.7558   -8.0011    1.4398  -15.7187   -3.0216
   -6.5390   -7.0382    9.6676   32.2163    1.5757  -33.4259
eta,q 0.97508 12.82084
  0.0257  0.0256  0.0254  0.0261  0.0258  0.0261  0.0256  0.0262  0.0256  0.0260  0.0253  0.0253
  0.0253  0.0252  0.0251  0.0255  0.0253  0.0255  0.0252  0.0255  0.0252  0.0254  0.0251  0.0251
  0.0250  0.0250  0.0250  0.0251  0.0250  0.0251  0.0250  0.0250  0.0250  0.0251  0.0250  0.0250
  0.0249  0.0249  0.0249  0.0249  0.0249  0.0249  0.0249  0.0249  0.0249  0.0249  0.0249  0.0249
  0.0250  0.0250  0.0250  0.0250  0.0250  0.0250  0.0250  0.0251  0.0250  0.0250  0.0250  0.0250
  0.0253  0.0252  0.0251  0.0254  0.0253  0.0254  0.0252  0.0255  0.0252  0.0254  0.0251  0.0251
  0.0257  0.0256  0.0253  0.0261  0.0258  0.0261  0.0256  0.0262  0.0256  0.0260  0.0253  0.0253
niter,ni,del,rscale     1    3    5.0000    0.4000
parameters
   -2.7500   22.7611   -7.9807    1.4601  -15.7520   -2.9585
   -6.5293   -7.0604    9.6596   32.2231    1.5886  -33.4333
eta,q 0.97508 12.82159
  0.0254  0.0254  0.0252  0.0257  0.0255  0.0257  0.0254  0.0258  0.0253  0.0256  0.0252  0.0252
  0.0251  0.0251  0.0251  0.0253  0.0252  0.0253  0.0251  0.0253  0.0251  0.0252  0.0250  0.0250
  0.0250  0.0250  0.0250  0.0250  0.0250  0.0250  0.0250  0.0250  0.0250  0.0250  0.0249  0.0249
  0.0249  0.0249  0.0249  0.0249  0.0249  0.0249  0.0249  0.0249  0.0249  0.0249  0.0249  0.0249
  0.0250  0.0250  0.0249  0.0250  0.0250  0.0250  0.0250  0.0250  0.0250  0.0250  0.0249  0.0249
  0.0252  0.0251  0.0250  0.0252  0.0252  0.0252  0.0251  0.0253  0.0251  0.0252  0.0250  0.0250
  0.0255  0.0254  0.0252  0.0257  0.0255  0.0257  0.0254  0.0258  0.0253  0.0256  0.0252  0.0252
registration optimization eta report
parameter search radius
    0.8000    0.8000    0.8000    2.4000    2.4000    2.4000
    2.4000    2.4000    2.4000    2.4000    2.4000    2.4000
100000*second partial in parameter space
       82.       68.       43.       13.       10.       13.
        8.       15.        7.       12.        4.        4.
  0.0254  0.0254  0.0252  0.0257  0.0255  0.0257  0.0254  0.0258  0.0253  0.0256  0.0252  0.0252
  0.0251  0.0251  0.0251  0.0253  0.0252  0.0253  0.0251  0.0253  0.0251  0.0252  0.0250  0.0250
  0.0250  0.0250  0.0250  0.0250  0.0250  0.0250  0.0250  0.0250  0.0250  0.0250  0.0249  0.0249
  0.0249  0.0249  0.0249  0.0249  0.0249  0.0249  0.0249  0.0249  0.0249  0.0249  0.0249  0.0249
  0.0250  0.0250  0.0249  0.0250  0.0250  0.0250  0.0250  0.0250  0.0250  0.0250  0.0249  0.0249
  0.0252  0.0251  0.0250  0.0252  0.0252  0.0252  0.0251  0.0253  0.0251  0.0252  0.0250  0.0250
  0.0255  0.0254  0.0252  0.0257  0.0255  0.0257  0.0254  0.0258  0.0253  0.0256  0.0252  0.0252
   -2.7500   22.7611   -7.9807    1.4601  -15.7520   -2.9585
   -6.5293   -7.0604    9.6596   32.2231    1.5886  -33.4333
eta,q 0.97508 12.82159

---------------------------------------------------------------------
compute_vox2vox talsrcimg talsrcimg_to_711-2C_as_mni_average_305_t4 /opt/freesurfer/average/711-2C_as_mni_average_305
---------------------------------------------------------------------

freesurfer compute_vox2vox.c
Reading: talsrcimg.4dfp.ifh
Reading: talsrcimg_to_711-2C_as_mni_average_305_t4
Reading: /opt/freesurfer/average/711-2C_as_mni_average_305.4dfp.ifh
Writing: talsrcimg_to_711-2C_as_mni_average_305_t4_vox2vox.txt

start time Sun Nov 24 06:23:07 UTC 2024
end		time Sun Nov 24 06:23:52 UTC 2024

mpr2mni305 success

avi2talxfm orig_nu.mgz /opt/freesurfer/average/mni305.cor.mgz talsrcimg_to_711-2C_as_mni_average_305_t4_vox2vox.txt transforms/talairach.auto.xfm
avi2talxfm done
mv -f /scratch/tmp/fs_mp2rage_tests2/sourcedata/freesurfer_memprage/sub-fsm96ry/mri/talsrcimg_to_711-2C_as_mni_average_305_t4_vox2vox.txt /scratch/tmp/fs_mp2rage_tests2/sourcedata/freesurfer_memprage/sub-fsm96ry/mri/transforms/talsrcimg_to_711-2C_as_mni_average_305_t4_vox2vox.txt
lta_convert --src orig_nu.mgz --trg /opt/freesurfer/average/mni305.cor.mgz --inxfm transforms/talairach.auto.xfm --outlta transforms/talairach.auto.xfm.lta --subject fsaverage
7.3.2

--src: orig_nu.mgz src image (geometry).
--trg: /opt/freesurfer/average/mni305.cor.mgz trg image (geometry).
--inmni: transforms/talairach.auto.xfm input MNI/XFM transform.
--outlta: transforms/talairach.auto.xfm.lta output LTA.
--s: fsaverage subject name
 LTA read, type : 1
 0.97624   0.04056   0.09176   2.66565;
-0.04819   0.90850   0.35680  -24.29308;
-0.09350  -0.35213   1.03998   5.76572;
 0.00000   0.00000   0.00000   1.00000;
setting subject to fsaverage
Writing  LTA to file transforms/talairach.auto.xfm.lta...
lta_convert successful.
 
 
Started at Sun Nov 24 06:23:04 UTC 2024
Ended   at Sun Nov 24 06:23:53 UTC 2024
talairach_avi done
